{
    "rows_returned": 100,
    "query_name": "WITH UserPostStats AS (\n    SELECT \n        u.Id AS UserId,\n        u.DisplayName,\n        COUNT(p.Id) AS PostCount,\n        SUM(COALESCE(p.ViewCount, 0)) AS TotalViews,\n        SUM(CASE WHEN p.Score IS NOT NULL THEN p.Score ELSE 0 END) AS TotalScore\n    FROM \n        Users u\n    LEFT JOIN \n        Posts p ON u.Id = p.OwnerUserId\n    GROUP BY \n        u.Id, u.DisplayName\n), \nPostHistoryDetails AS (\n    SELECT \n        ph.PostId,\n        ph.PostHistoryTypeId,\n        COUNT(*) AS ChangeCount\n    FROM \n        PostHistory ph\n    WHERE \n        ph.CreationDate >= cast('2024-10-01 12:34:56' as timestamp) - INTERVAL '1 year'\n    GROUP BY \n        ph.PostId, ph.PostHistoryTypeId\n), \nRecentVotes AS (\n    SELECT \n        v.PostId,\n        COUNT(v.Id) AS VoteCount,\n        SUM(CASE WHEN vt.Name = 'UpMod' THEN 1 ELSE 0 END) AS UpVotes,\n        SUM(CASE WHEN vt.Name = 'DownMod' THEN 1 ELSE 0 END) AS DownVotes\n    FROM \n        Votes v\n    JOIN \n        VoteTypes vt ON v.VoteTypeId = vt.Id\n    WHERE \n        v.CreationDate >= cast('2024-10-01 12:34:56' as timestamp) - INTERVAL '6 months'\n    GROUP BY \n        v.PostId\n),\nMergedDetails AS (\n    SELECT \n        p.Id AS PostId,\n        p.Title,\n        p.CreationDate,\n        COALESCE(up.PostCount, 0) AS UserPosts,\n        COALESCE(up.TotalViews, 0) AS UserViews,\n        COALESCE(up.TotalScore, 0) AS UserScore,\n        COALESCE(phd.ChangeCount, 0) AS HistoryCount,\n        COALESCE(rv.VoteCount, 0) AS RecentVoteCount,\n        RV.UpVotes,\n        RV.DownVotes\n    FROM \n        Posts p\n    LEFT JOIN \n        UserPostStats up ON p.OwnerUserId = up.UserId\n    LEFT JOIN \n        PostHistoryDetails phd ON p.Id = phd.PostId\n    LEFT JOIN \n        RecentVotes rv ON p.Id = rv.PostId\n    WHERE \n        p.CreationDate >= '2023-01-01'\n)\nSELECT \n    md.PostId,\n    md.Title,\n    md.CreationDate,\n    md.UserPosts,\n    md.UserViews,\n    md.UserScore,\n    md.HistoryCount,\n    md.RecentVoteCount,\n    md.UpVotes,\n    md.DownVotes,\n    CASE \n        WHEN md.RecentVoteCount > 50 THEN 'Very Active'\n        WHEN md.RecentVoteCount > 20 THEN 'Active'\n        ELSE 'Inactive' \n    END AS ActivityLevel\nFROM \n    MergedDetails md\nORDER BY \n    md.UserScore DESC, \n    md.RecentVoteCount DESC \nLIMIT 100;",
    "blocked_thread_time": 0.0,
    "cpu_time": 4.526797288999999,
    "extra_info": {},
    "cumulative_cardinality": 23869944,
    "cumulative_rows_scanned": 33500294,
    "result_set_size": 13200,
    "latency": 5.143054226,
    "children": [
        {
            "operator_name": "STREAMING_LIMIT",
            "cpu_time": 4.526797288999999,
            "extra_info": {},
            "cumulative_cardinality": 23869944,
            "operator_type": "STREAMING_LIMIT",
            "operator_cardinality": 100,
            "cumulative_rows_scanned": 33500294,
            "operator_rows_scanned": 0,
            "operator_timing": 0.000002545,
            "result_set_size": 13200,
            "children": [
                {
                    "operator_name": "PROJECTION",
                    "cpu_time": 4.526794743999999,
                    "extra_info": {
                        "Projections": [
                            "#0",
                            "#1",
                            "#2",
                            "#3",
                            "#4",
                            "#5",
                            "#6",
                            "#7",
                            "#8",
                            "#9",
                            "__internal_decompress_string(#10)"
                        ],
                        "Estimated Cardinality": "1274409"
                    },
                    "cumulative_cardinality": 23869844,
                    "operator_type": "PROJECTION",
                    "operator_cardinality": 4096,
                    "cumulative_rows_scanned": 33500294,
                    "operator_rows_scanned": 0,
                    "operator_timing": 0.000124112,
                    "result_set_size": 540672,
                    "children": [
                        {
                            "operator_name": "ORDER_BY",
                            "cpu_time": 4.526670631999999,
                            "extra_info": {
                                "Order By": [
                                    "md.UserScore DESC",
                                    "md.RecentVoteCount DESC"
                                ]
                            },
                            "cumulative_cardinality": 23865748,
                            "operator_type": "ORDER_BY",
                            "operator_cardinality": 4096,
                            "cumulative_rows_scanned": 33500294,
                            "operator_rows_scanned": 0,
                            "operator_timing": 0.14095459199999993,
                            "result_set_size": 540672,
                            "children": [
                                {
                                    "operator_name": "PROJECTION",
                                    "cpu_time": 4.385716039999999,
                                    "extra_info": {
                                        "Projections": [
                                            "#0",
                                            "#1",
                                            "#2",
                                            "#3",
                                            "#4",
                                            "#5",
                                            "#6",
                                            "#7",
                                            "#8",
                                            "#9",
                                            "__internal_compress_string_hugeint(#10)"
                                        ],
                                        "Estimated Cardinality": "1274409"
                                    },
                                    "cumulative_cardinality": 23861652,
                                    "operator_type": "PROJECTION",
                                    "operator_cardinality": 535166,
                                    "cumulative_rows_scanned": 33500294,
                                    "operator_rows_scanned": 0,
                                    "operator_timing": 0.002048123,
                                    "result_set_size": 70641912,
                                    "children": [
                                        {
                                            "operator_name": "PROJECTION",
                                            "cpu_time": 4.3836679169999995,
                                            "extra_info": {
                                                "Projections": [
                                                    "PostId",
                                                    "title",
                                                    "creationdate",
                                                    "UserPosts",
                                                    "UserViews",
                                                    "UserScore",
                                                    "HistoryCount",
                                                    "RecentVoteCount",
                                                    "UpVotes",
                                                    "DownVotes",
                                                    "ActivityLevel"
                                                ],
                                                "Estimated Cardinality": "1274409"
                                            },
                                            "cumulative_cardinality": 23326486,
                                            "operator_type": "PROJECTION",
                                            "operator_cardinality": 535166,
                                            "cumulative_rows_scanned": 33500294,
                                            "operator_rows_scanned": 0,
                                            "operator_timing": 0.0035741830000000003,
                                            "result_set_size": 70641912,
                                            "children": [
                                                {
                                                    "operator_name": "PROJECTION",
                                                    "cpu_time": 4.380093734,
                                                    "extra_info": {
                                                        "Projections": [
                                                            "PostId",
                                                            "title",
                                                            "creationdate",
                                                            "UserPosts",
                                                            "UserViews",
                                                            "UserScore",
                                                            "HistoryCount",
                                                            "RecentVoteCount",
                                                            "UpVotes",
                                                            "DownVotes"
                                                        ],
                                                        "Estimated Cardinality": "1274409"
                                                    },
                                                    "cumulative_cardinality": 22791320,
                                                    "operator_type": "PROJECTION",
                                                    "operator_cardinality": 535166,
                                                    "cumulative_rows_scanned": 33500294,
                                                    "operator_rows_scanned": 0,
                                                    "operator_timing": 0.04196593900000005,
                                                    "result_set_size": 62079256,
                                                    "children": [
                                                        {
                                                            "operator_name": "HASH_JOIN",
                                                            "cpu_time": 4.338127795,
                                                            "extra_info": {
                                                                "Join Type": "LEFT",
                                                                "Conditions": "id = postid",
                                                                "Estimated Cardinality": "1274409"
                                                            },
                                                            "cumulative_cardinality": 22256154,
                                                            "operator_type": "HASH_JOIN",
                                                            "operator_cardinality": 535166,
                                                            "cumulative_rows_scanned": 33500294,
                                                            "operator_rows_scanned": 0,
                                                            "operator_timing": 0.037840735999999923,
                                                            "result_set_size": 62079256,
                                                            "children": [
                                                                {
                                                                    "operator_name": "HASH_JOIN",
                                                                    "cpu_time": 3.0977929890000007,
                                                                    "extra_info": {
                                                                        "Join Type": "LEFT",
                                                                        "Conditions": "id = postid",
                                                                        "Estimated Cardinality": "1260710"
                                                                    },
                                                                    "cumulative_cardinality": 20557715,
                                                                    "operator_type": "HASH_JOIN",
                                                                    "operator_cardinality": 535166,
                                                                    "cumulative_rows_scanned": 20756186,
                                                                    "operator_rows_scanned": 0,
                                                                    "operator_timing": 0.12172179199999993,
                                                                    "result_set_size": 40672616,
                                                                    "children": [
                                                                        {
                                                                            "operator_name": "HASH_JOIN",
                                                                            "cpu_time": 2.1879206810000005,
                                                                            "extra_info": {
                                                                                "Join Type": "RIGHT",
                                                                                "Conditions": "UserId = owneruserid",
                                                                                "Estimated Cardinality": "1260710"
                                                                            },
                                                                            "cumulative_cardinality": 17147046,
                                                                            "operator_type": "HASH_JOIN",
                                                                            "operator_cardinality": 265255,
                                                                            "cumulative_rows_scanned": 8960942,
                                                                            "operator_rows_scanned": 0,
                                                                            "operator_timing": 0.06575258199999998,
                                                                            "result_set_size": 18037340,
                                                                            "children": [
                                                                                {
                                                                                    "operator_name": "PROJECTION",
                                                                                    "cpu_time": 2.0305073160000005,
                                                                                    "extra_info": {
                                                                                        "Projections": [
                                                                                            "UserId",
                                                                                            "PostCount",
                                                                                            "TotalViews",
                                                                                            "TotalScore"
                                                                                        ],
                                                                                        "Estimated Cardinality": "1260710"
                                                                                    },
                                                                                    "cumulative_cardinality": 16616536,
                                                                                    "operator_type": "PROJECTION",
                                                                                    "operator_cardinality": 1260710,
                                                                                    "cumulative_rows_scanned": 5110826,
                                                                                    "operator_rows_scanned": 0,
                                                                                    "operator_timing": 0.00026128199999999967,
                                                                                    "result_set_size": 55471240,
                                                                                    "children": [
                                                                                        {
                                                                                            "operator_name": "HASH_GROUP_BY",
                                                                                            "cpu_time": 2.0302460340000006,
                                                                                            "extra_info": {
                                                                                                "Groups": [
                                                                                                    "#0",
                                                                                                    "#1"
                                                                                                ],
                                                                                                "Aggregates": [
                                                                                                    "count(#2)",
                                                                                                    "sum(#3)",
                                                                                                    "sum(#4)"
                                                                                                ],
                                                                                                "Estimated Cardinality": "1260710"
                                                                                            },
                                                                                            "cumulative_cardinality": 15355826,
                                                                                            "operator_type": "HASH_GROUP_BY",
                                                                                            "operator_cardinality": 1260710,
                                                                                            "cumulative_rows_scanned": 5110826,
                                                                                            "operator_rows_scanned": 0,
                                                                                            "operator_timing": 0.6398967379999992,
                                                                                            "result_set_size": 75642600,
                                                                                            "children": [
                                                                                                {
                                                                                                    "operator_name": "PROJECTION",
                                                                                                    "cpu_time": 1.3903492960000012,
                                                                                                    "extra_info": {
                                                                                                        "Projections": [
                                                                                                            "id",
                                                                                                            "displayname",
                                                                                                            "id",
                                                                                                            "COALESCE(viewcount, 0)",
                                                                                                            "CASE  WHEN ((score IS NOT NULL)) THEN (score) ELSE 0 END"
                                                                                                        ],
                                                                                                        "Estimated Cardinality": "3850116"
                                                                                                    },
                                                                                                    "cumulative_cardinality": 14095116,
                                                                                                    "operator_type": "PROJECTION",
                                                                                                    "operator_cardinality": 4574495,
                                                                                                    "cumulative_rows_scanned": 5110826,
                                                                                                    "operator_rows_scanned": 0,
                                                                                                    "operator_timing": 0.074380502,
                                                                                                    "result_set_size": 146383840,
                                                                                                    "children": [
                                                                                                        {
                                                                                                            "operator_name": "HASH_JOIN",
                                                                                                            "cpu_time": 1.3159687940000013,
                                                                                                            "extra_info": {
                                                                                                                "Join Type": "RIGHT",
                                                                                                                "Conditions": "owneruserid = id",
                                                                                                                "Estimated Cardinality": "3850116"
                                                                                                            },
                                                                                                            "cumulative_cardinality": 9520621,
                                                                                                            "operator_type": "HASH_JOIN",
                                                                                                            "operator_cardinality": 4574495,
                                                                                                            "cumulative_rows_scanned": 5110826,
                                                                                                            "operator_rows_scanned": 0,
                                                                                                            "operator_timing": 0.30972207400000007,
                                                                                                            "result_set_size": 146383840,
                                                                                                            "children": [
                                                                                                                {
                                                                                                                    "operator_name": "READ_PARQUET ",
                                                                                                                    "cpu_time": 0.24802085400000026,
                                                                                                                    "extra_info": {
                                                                                                                        "Function": "READ_PARQUET",
                                                                                                                        "Projections": [
                                                                                                                            "id",
                                                                                                                            "score",
                                                                                                                            "viewcount",
                                                                                                                            "owneruserid"
                                                                                                                        ],
                                                                                                                        "Estimated Cardinality": "3850116"
                                                                                                                    },
                                                                                                                    "cumulative_cardinality": 3685416,
                                                                                                                    "operator_type": "TABLE_SCAN",
                                                                                                                    "operator_cardinality": 3685416,
                                                                                                                    "cumulative_rows_scanned": 3850116,
                                                                                                                    "operator_rows_scanned": 3850116,
                                                                                                                    "operator_timing": 0.24802085400000026,
                                                                                                                    "result_set_size": 58966656,
                                                                                                                    "children": []
                                                                                                                },
                                                                                                                {
                                                                                                                    "operator_name": "READ_PARQUET ",
                                                                                                                    "cpu_time": 0.758225866000001,
                                                                                                                    "extra_info": {
                                                                                                                        "Function": "READ_PARQUET",
                                                                                                                        "Projections": [
                                                                                                                            "id",
                                                                                                                            "displayname"
                                                                                                                        ],
                                                                                                                        "Estimated Cardinality": "1260710"
                                                                                                                    },
                                                                                                                    "cumulative_cardinality": 1260710,
                                                                                                                    "operator_type": "TABLE_SCAN",
                                                                                                                    "operator_cardinality": 1260710,
                                                                                                                    "cumulative_rows_scanned": 1260710,
                                                                                                                    "operator_rows_scanned": 1260710,
                                                                                                                    "operator_timing": 0.758225866000001,
                                                                                                                    "result_set_size": 25214200,
                                                                                                                    "children": []
                                                                                                                }
                                                                                                            ]
                                                                                                        }
                                                                                                    ]
                                                                                                }
                                                                                            ]
                                                                                        }
                                                                                    ]
                                                                                },
                                                                                {
                                                                                    "operator_name": "READ_PARQUET ",
                                                                                    "cpu_time": 0.09166078299999993,
                                                                                    "extra_info": {
                                                                                        "Function": "READ_PARQUET",
                                                                                        "Projections": [
                                                                                            "id",
                                                                                            "creationdate",
                                                                                            "owneruserid",
                                                                                            "title"
                                                                                        ],
                                                                                        "Filters": "creationdate>='2023-01-01 00:00:00'::TIMESTAMP",
                                                                                        "Estimated Cardinality": "770023"
                                                                                    },
                                                                                    "cumulative_cardinality": 265255,
                                                                                    "operator_type": "TABLE_SCAN",
                                                                                    "operator_cardinality": 265255,
                                                                                    "cumulative_rows_scanned": 3850116,
                                                                                    "operator_rows_scanned": 3850116,
                                                                                    "operator_timing": 0.09166078299999993,
                                                                                    "result_set_size": 8488160,
                                                                                    "children": []
                                                                                }
                                                                            ]
                                                                        },
                                                                        {
                                                                            "operator_name": "PROJECTION",
                                                                            "cpu_time": 0.7881505160000005,
                                                                            "extra_info": {
                                                                                "Projections": [
                                                                                    "postid",
                                                                                    "ChangeCount"
                                                                                ],
                                                                                "Estimated Cardinality": "1179524"
                                                                            },
                                                                            "cumulative_cardinality": 2875503,
                                                                            "operator_type": "PROJECTION",
                                                                            "operator_cardinality": 439515,
                                                                            "cumulative_rows_scanned": 11795244,
                                                                            "operator_rows_scanned": 0,
                                                                            "operator_timing": 0.00004159600000000001,
                                                                            "result_set_size": 5274180,
                                                                            "children": [
                                                                                {
                                                                                    "operator_name": "PROJECTION",
                                                                                    "cpu_time": 0.7881089200000005,
                                                                                    "extra_info": {
                                                                                        "Projections": [
                                                                                            "#0",
                                                                                            "__internal_decompress_integral_smallint(#1, 1)",
                                                                                            "#2"
                                                                                        ],
                                                                                        "Estimated Cardinality": "1179524"
                                                                                    },
                                                                                    "cumulative_cardinality": 2435988,
                                                                                    "operator_type": "PROJECTION",
                                                                                    "operator_cardinality": 439515,
                                                                                    "cumulative_rows_scanned": 11795244,
                                                                                    "operator_rows_scanned": 0,
                                                                                    "operator_timing": 0.00014009300000000004,
                                                                                    "result_set_size": 6153210,
                                                                                    "children": [
                                                                                        {
                                                                                            "operator_name": "HASH_GROUP_BY",
                                                                                            "cpu_time": 0.7879688270000006,
                                                                                            "extra_info": {
                                                                                                "Groups": [
                                                                                                    "#0",
                                                                                                    "#1"
                                                                                                ],
                                                                                                "Aggregates": "count_star()",
                                                                                                "Estimated Cardinality": "1179524"
                                                                                            },
                                                                                            "cumulative_cardinality": 1996473,
                                                                                            "operator_type": "HASH_GROUP_BY",
                                                                                            "operator_cardinality": 439515,
                                                                                            "cumulative_rows_scanned": 11795244,
                                                                                            "operator_rows_scanned": 0,
                                                                                            "operator_timing": 0.04119535800000001,
                                                                                            "result_set_size": 5713695,
                                                                                            "children": [
                                                                                                {
                                                                                                    "operator_name": "PROJECTION",
                                                                                                    "cpu_time": 0.7467734690000006,
                                                                                                    "extra_info": {
                                                                                                        "Projections": [
                                                                                                            "postid",
                                                                                                            "posthistorytypeid"
                                                                                                        ],
                                                                                                        "Estimated Cardinality": "2359048"
                                                                                                    },
                                                                                                    "cumulative_cardinality": 1556958,
                                                                                                    "operator_type": "PROJECTION",
                                                                                                    "operator_cardinality": 518986,
                                                                                                    "cumulative_rows_scanned": 11795244,
                                                                                                    "operator_rows_scanned": 0,
                                                                                                    "operator_timing": 0.00006919600000000007,
                                                                                                    "result_set_size": 2594930,
                                                                                                    "children": [
                                                                                                        {
                                                                                                            "operator_name": "PROJECTION",
                                                                                                            "cpu_time": 0.7467042730000006,
                                                                                                            "extra_info": {
                                                                                                                "Projections": [
                                                                                                                    "__internal_compress_integral_utinyint(#0, 1)",
                                                                                                                    "#1"
                                                                                                                ],
                                                                                                                "Estimated Cardinality": "2359048"
                                                                                                            },
                                                                                                            "cumulative_cardinality": 1037972,
                                                                                                            "operator_type": "PROJECTION",
                                                                                                            "operator_cardinality": 518986,
                                                                                                            "cumulative_rows_scanned": 11795244,
                                                                                                            "operator_rows_scanned": 0,
                                                                                                            "operator_timing": 0.0002598250000000002,
                                                                                                            "result_set_size": 2594930,
                                                                                                            "children": [
                                                                                                                {
                                                                                                                    "operator_name": "READ_PARQUET ",
                                                                                                                    "cpu_time": 0.7464444480000006,
                                                                                                                    "extra_info": {
                                                                                                                        "Function": "READ_PARQUET",
                                                                                                                        "Projections": [
                                                                                                                            "posthistorytypeid",
                                                                                                                            "postid"
                                                                                                                        ],
                                                                                                                        "Filters": "creationdate>='2023-10-01 12:34:56'::TIMESTAMP",
                                                                                                                        "Estimated Cardinality": "2359048"
                                                                                                                    },
                                                                                                                    "cumulative_cardinality": 518986,
                                                                                                                    "operator_type": "TABLE_SCAN",
                                                                                                                    "operator_cardinality": 518986,
                                                                                                                    "cumulative_rows_scanned": 11795244,
                                                                                                                    "operator_rows_scanned": 11795244,
                                                                                                                    "operator_timing": 0.7464444480000006,
                                                                                                                    "result_set_size": 3113916,
                                                                                                                    "children": []
                                                                                                                }
                                                                                                            ]
                                                                                                        }
                                                                                                    ]
                                                                                                }
                                                                                            ]
                                                                                        }
                                                                                    ]
                                                                                }
                                                                            ]
                                                                        }
                                                                    ]
                                                                },
                                                                {
                                                                    "operator_name": "HASH_GROUP_BY",
                                                                    "cpu_time": 1.2024940699999993,
                                                                    "extra_info": {
                                                                        "Groups": "#0",
                                                                        "Aggregates": [
                                                                            "count_star()",
                                                                            "sum(#1)",
                                                                            "sum(#2)"
                                                                        ],
                                                                        "Estimated Cardinality": "1274409"
                                                                    },
                                                                    "cumulative_cardinality": 1163273,
                                                                    "operator_type": "HASH_GROUP_BY",
                                                                    "operator_cardinality": 172643,
                                                                    "cumulative_rows_scanned": 12744108,
                                                                    "operator_rows_scanned": 0,
                                                                    "operator_timing": 0.02317307499999998,
                                                                    "result_set_size": 7596292,
                                                                    "children": [
                                                                        {
                                                                            "operator_name": "PROJECTION",
                                                                            "cpu_time": 1.1793209949999994,
                                                                            "extra_info": {
                                                                                "Projections": [
                                                                                    "postid",
                                                                                    "CASE  WHEN ((name = 'UpMod')) THEN (1) ELSE 0 END",
                                                                                    "CASE  WHEN ((name = 'DownMod')) THEN (1) ELSE 0 END"
                                                                                ],
                                                                                "Estimated Cardinality": "2548818"
                                                                            },
                                                                            "cumulative_cardinality": 990630,
                                                                            "operator_type": "PROJECTION",
                                                                            "operator_cardinality": 330205,
                                                                            "cumulative_rows_scanned": 12744108,
                                                                            "operator_rows_scanned": 0,
                                                                            "operator_timing": 0.004236986000000001,
                                                                            "result_set_size": 3962460,
                                                                            "children": [
                                                                                {
                                                                                    "operator_name": "HASH_JOIN",
                                                                                    "cpu_time": 1.1750840089999994,
                                                                                    "extra_info": {
                                                                                        "Join Type": "INNER",
                                                                                        "Conditions": "votetypeid = id",
                                                                                        "Estimated Cardinality": "2548818"
                                                                                    },
                                                                                    "cumulative_cardinality": 660425,
                                                                                    "operator_type": "HASH_JOIN",
                                                                                    "operator_cardinality": 330205,
                                                                                    "cumulative_rows_scanned": 12744108,
                                                                                    "operator_rows_scanned": 0,
                                                                                    "operator_timing": 0.012087783999999947,
                                                                                    "result_set_size": 6604100,
                                                                                    "children": [
                                                                                        {
                                                                                            "operator_name": "READ_PARQUET ",
                                                                                            "cpu_time": 1.1625785239999995,
                                                                                            "extra_info": {
                                                                                                "Function": "READ_PARQUET",
                                                                                                "Projections": [
                                                                                                    "id",
                                                                                                    "postid",
                                                                                                    "votetypeid"
                                                                                                ],
                                                                                                "Filters": "creationdate>='2024-04-01 12:34:56'::TIMESTAMP",
                                                                                                "Estimated Cardinality": "2548818"
                                                                                            },
                                                                                            "cumulative_cardinality": 330205,
                                                                                            "operator_type": "TABLE_SCAN",
                                                                                            "operator_cardinality": 330205,
                                                                                            "cumulative_rows_scanned": 12744093,
                                                                                            "operator_rows_scanned": 12744093,
                                                                                            "operator_timing": 1.1625785239999995,
                                                                                            "result_set_size": 3302050,
                                                                                            "children": []
                                                                                        },
                                                                                        {
                                                                                            "operator_name": "READ_PARQUET ",
                                                                                            "cpu_time": 0.00041770100000000003,
                                                                                            "extra_info": {
                                                                                                "Function": "READ_PARQUET",
                                                                                                "Projections": [
                                                                                                    "id",
                                                                                                    "name"
                                                                                                ],
                                                                                                "Estimated Cardinality": "15"
                                                                                            },
                                                                                            "cumulative_cardinality": 15,
                                                                                            "operator_type": "TABLE_SCAN",
                                                                                            "operator_cardinality": 15,
                                                                                            "cumulative_rows_scanned": 15,
                                                                                            "operator_rows_scanned": 15,
                                                                                            "operator_timing": 0.00041770100000000003,
                                                                                            "result_set_size": 270,
                                                                                            "children": []
                                                                                        }
                                                                                    ]
                                                                                }
                                                                            ]
                                                                        }
                                                                    ]
                                                                }
                                                            ]
                                                        }
                                                    ]
                                                }
                                            ]
                                        }
                                    ]
                                }
                            ]
                        }
                    ]
                }
            ]
        }
    ]
}