{
    "rows_returned": 1331091,
    "query_name": "\nWITH UserVoteCounts AS (\n    SELECT \n        u.Id AS UserId,\n        u.DisplayName,\n        COALESCE(SUM(CASE WHEN v.VoteTypeId = 2 THEN 1 ELSE 0 END), 0) AS UpVoteCount,\n        COALESCE(SUM(CASE WHEN v.VoteTypeId = 3 THEN 1 ELSE 0 END), 0) AS DownVoteCount,\n        COALESCE(SUM(CASE WHEN v.VoteTypeId = 2 THEN 1 ELSE 0 END) - SUM(CASE WHEN v.VoteTypeId = 3 THEN 1 ELSE 0 END), 0) AS NetVoteCount\n    FROM \n        Users u\n    LEFT JOIN \n        Votes v ON u.Id = v.UserId\n    GROUP BY \n        u.Id, u.DisplayName\n),\nPostStatistics AS (\n    SELECT \n        p.Id AS PostId,\n        p.Title,\n        p.OwnerUserId,\n        COALESCE(SUM(CASE WHEN c.PostId IS NOT NULL THEN 1 ELSE 0 END), 0) AS CommentCount,\n        COALESCE(SUM(CASE WHEN v.VoteTypeId = 2 THEN 1 ELSE 0 END), 0) AS UpVoteCount,\n        COALESCE(SUM(CASE WHEN v.VoteTypeId = 3 THEN 1 ELSE 0 END), 0) AS DownVoteCount\n    FROM \n        Posts p\n    LEFT JOIN \n        Comments c ON p.Id = c.PostId\n    LEFT JOIN \n        Votes v ON p.Id = v.PostId\n    GROUP BY \n        p.Id, p.Title, p.OwnerUserId\n),\nPostHistoryDetails AS (\n    SELECT \n        ph.PostId,\n        ph.PostHistoryTypeId,\n        ph.CreationDate,\n        ph.Comment,\n        ROW_NUMBER() OVER (PARTITION BY ph.PostId ORDER BY ph.CreationDate DESC) AS HistoryRank\n    FROM \n        PostHistory ph\n    WHERE \n        ph.PostHistoryTypeId IN (10, 11, 12)\n),\nLatestPostHistory AS (\n    SELECT \n        postId,\n        MAX(CreationDate) AS LastChangedDate\n    FROM \n        PostHistoryDetails\n    GROUP BY \n        postId\n),\nFullPostDetails AS (\n    SELECT \n        ps.PostId,\n        ps.Title,\n        ps.OwnerUserId,\n        ps.CommentCount,\n        ps.UpVoteCount,\n        ps.DownVoteCount,\n        u.DisplayName AS OwnerDisplayName,\n        upc.UpVoteCount AS OwnerUpVoteCount,\n        downc.DownVoteCount AS OwnerDownVoteCount,\n        lp.LastChangedDate,\n        CASE \n            WHEN lp.LastChangedDate IS NULL THEN 'No History'\n            ELSE 'History Exists'\n        END AS HistoryStatus\n    FROM \n        PostStatistics ps\n    JOIN \n        Users u ON ps.OwnerUserId = u.Id\n    LEFT JOIN \n        UserVoteCounts upc ON ps.OwnerUserId = upc.UserId\n    LEFT JOIN \n        UserVoteCounts downc ON ps.OwnerUserId = downc.UserId\n    LEFT JOIN \n        LatestPostHistory lp ON ps.PostId = lp.PostId\n)\nSELECT \n    fpd.PostId,\n    fpd.Title,\n    fpd.OwnerDisplayName,\n    fpd.CommentCount,\n    fpd.UpVoteCount,\n    fpd.DownVoteCount,\n    fpd.OwnerUpVoteCount,\n    fpd.OwnerDownVoteCount,\n    fpd.LastChangedDate,\n    fpd.HistoryStatus\nFROM \n    FullPostDetails fpd\nWHERE \n    fpd.CommentCount > 3 \n    OR fpd.UpVoteCount - fpd.DownVoteCount > 10\nORDER BY \n    fpd.CommentCount DESC, fpd.UpVoteCount DESC;\n",
    "blocked_thread_time": 0.0,
    "cpu_time": 10.286871300999987,
    "extra_info": {},
    "cumulative_cardinality": 152119361,
    "cumulative_rows_scanned": 50896788,
    "result_set_size": 186352740,
    "latency": 15.799512396,
    "children": [
        {
            "operator_name": "PROJECTION",
            "cpu_time": 10.286871300999987,
            "extra_info": {
                "Projections": [
                    "#0",
                    "#1",
                    "#2",
                    "#3",
                    "#4",
                    "#5",
                    "#6",
                    "#7",
                    "#8",
                    "__internal_decompress_string(#9)"
                ],
                "Estimated Cardinality": "3850116"
            },
            "cumulative_cardinality": 152119361,
            "operator_type": "PROJECTION",
            "operator_cardinality": 1331091,
            "cumulative_rows_scanned": 50896788,
            "operator_rows_scanned": 0,
            "operator_timing": 0.013155954000000006,
            "result_set_size": 186352740,
            "children": [
                {
                    "operator_name": "ORDER_BY",
                    "cpu_time": 10.273715346999987,
                    "extra_info": {
                        "Order By": [
                            "fpd.CommentCount DESC",
                            "fpd.UpVoteCount DESC"
                        ]
                    },
                    "cumulative_cardinality": 150788270,
                    "operator_type": "ORDER_BY",
                    "operator_cardinality": 1331091,
                    "cumulative_rows_scanned": 50896788,
                    "operator_rows_scanned": 0,
                    "operator_timing": 0.20869807800000031,
                    "result_set_size": 186352740,
                    "children": [
                        {
                            "operator_name": "PROJECTION",
                            "cpu_time": 10.065017268999986,
                            "extra_info": {
                                "Projections": [
                                    "#0",
                                    "#1",
                                    "#2",
                                    "#3",
                                    "#4",
                                    "#5",
                                    "#6",
                                    "#7",
                                    "#8",
                                    "__internal_compress_string_hugeint(#9)"
                                ],
                                "Estimated Cardinality": "3850116"
                            },
                            "cumulative_cardinality": 149457179,
                            "operator_type": "PROJECTION",
                            "operator_cardinality": 1331091,
                            "cumulative_rows_scanned": 50896788,
                            "operator_rows_scanned": 0,
                            "operator_timing": 0.0023343890000000023,
                            "result_set_size": 186352740,
                            "children": [
                                {
                                    "operator_name": "PROJECTION",
                                    "cpu_time": 10.062682879999986,
                                    "extra_info": {
                                        "Projections": [
                                            "PostId",
                                            "title",
                                            "OwnerDisplayName",
                                            "CommentCount",
                                            "UpVoteCount",
                                            "DownVoteCount",
                                            "OwnerUpVoteCount",
                                            "OwnerDownVoteCount",
                                            "LastChangedDate",
                                            "HistoryStatus"
                                        ],
                                        "Estimated Cardinality": "3850116"
                                    },
                                    "cumulative_cardinality": 148126088,
                                    "operator_type": "PROJECTION",
                                    "operator_cardinality": 1331091,
                                    "cumulative_rows_scanned": 50896788,
                                    "operator_rows_scanned": 0,
                                    "operator_timing": 0.0011131860000000056,
                                    "result_set_size": 186352740,
                                    "children": [
                                        {
                                            "operator_name": "FILTER",
                                            "cpu_time": 10.061569693999987,
                                            "extra_info": {
                                                "Expression": "((CommentCount > 3) OR ((UpVoteCount - DownVoteCount) > 10))",
                                                "Estimated Cardinality": "3850116"
                                            },
                                            "cumulative_cardinality": 146794997,
                                            "operator_type": "FILTER",
                                            "operator_cardinality": 1331091,
                                            "cumulative_rows_scanned": 50896788,
                                            "operator_rows_scanned": 0,
                                            "operator_timing": 0.08339038599999984,
                                            "result_set_size": 186352740,
                                            "children": [
                                                {
                                                    "operator_name": "PROJECTION",
                                                    "cpu_time": 9.978179307999987,
                                                    "extra_info": {
                                                        "Projections": [
                                                            "PostId",
                                                            "title",
                                                            "CommentCount",
                                                            "UpVoteCount",
                                                            "DownVoteCount",
                                                            "OwnerDisplayName",
                                                            "OwnerUpVoteCount",
                                                            "OwnerDownVoteCount",
                                                            "LastChangedDate",
                                                            "HistoryStatus"
                                                        ],
                                                        "Estimated Cardinality": "3850116"
                                                    },
                                                    "cumulative_cardinality": 145463906,
                                                    "operator_type": "PROJECTION",
                                                    "operator_cardinality": 3685416,
                                                    "cumulative_rows_scanned": 50896788,
                                                    "operator_rows_scanned": 0,
                                                    "operator_timing": 0.008153292999999997,
                                                    "result_set_size": 515958240,
                                                    "children": [
                                                        {
                                                            "operator_name": "CTE",
                                                            "cpu_time": 9.970026014999988,
                                                            "extra_info": {
                                                                "CTE Name": "UserVoteCounts",
                                                                "Table Index": "0"
                                                            },
                                                            "cumulative_cardinality": 141778490,
                                                            "operator_type": "CTE",
                                                            "operator_cardinality": 0,
                                                            "cumulative_rows_scanned": 50896788,
                                                            "operator_rows_scanned": 0,
                                                            "operator_timing": 0.020463358000000022,
                                                            "result_set_size": 0,
                                                            "children": [
                                                                {
                                                                    "operator_name": "PROJECTION",
                                                                    "cpu_time": 0.6567791170000005,
                                                                    "extra_info": {
                                                                        "Projections": [
                                                                            "UserId",
                                                                            "displayname",
                                                                            "UpVoteCount",
                                                                            "DownVoteCount",
                                                                            "NetVoteCount"
                                                                        ],
                                                                        "Estimated Cardinality": "1260710"
                                                                    },
                                                                    "cumulative_cardinality": 6400127,
                                                                    "operator_type": "PROJECTION",
                                                                    "operator_cardinality": 1260710,
                                                                    "cumulative_rows_scanned": 14004803,
                                                                    "operator_rows_scanned": 0,
                                                                    "operator_timing": 0.030678469999999982,
                                                                    "result_set_size": 85728280,
                                                                    "children": [
                                                                        {
                                                                            "operator_name": "HASH_GROUP_BY",
                                                                            "cpu_time": 0.6261006470000005,
                                                                            "extra_info": {
                                                                                "Groups": [
                                                                                    "#0",
                                                                                    "#1"
                                                                                ],
                                                                                "Aggregates": [
                                                                                    "sum(#2)",
                                                                                    "sum(#3)"
                                                                                ],
                                                                                "Estimated Cardinality": "1260710"
                                                                            },
                                                                            "cumulative_cardinality": 5139417,
                                                                            "operator_type": "HASH_GROUP_BY",
                                                                            "operator_cardinality": 1260710,
                                                                            "cumulative_rows_scanned": 14004803,
                                                                            "operator_rows_scanned": 0,
                                                                            "operator_timing": 0.2975377100000002,
                                                                            "result_set_size": 65556920,
                                                                            "children": [
                                                                                {
                                                                                    "operator_name": "PROJECTION",
                                                                                    "cpu_time": 0.3285629370000003,
                                                                                    "extra_info": {
                                                                                        "Projections": [
                                                                                            "id",
                                                                                            "displayname",
                                                                                            "CASE  WHEN ((votetypeid = 2)) THEN (1) ELSE 0 END",
                                                                                            "CASE  WHEN ((votetypeid = 3)) THEN (1) ELSE 0 END"
                                                                                        ],
                                                                                        "Estimated Cardinality": "12744093"
                                                                                    },
                                                                                    "cumulative_cardinality": 3878707,
                                                                                    "operator_type": "PROJECTION",
                                                                                    "operator_cardinality": 1288855,
                                                                                    "cumulative_rows_scanned": 14004803,
                                                                                    "operator_rows_scanned": 0,
                                                                                    "operator_timing": 0.0023126430000000022,
                                                                                    "result_set_size": 36087940,
                                                                                    "children": [
                                                                                        {
                                                                                            "operator_name": "HASH_JOIN",
                                                                                            "cpu_time": 0.3262502940000003,
                                                                                            "extra_info": {
                                                                                                "Join Type": "RIGHT",
                                                                                                "Conditions": "userid = id",
                                                                                                "Estimated Cardinality": "12744093"
                                                                                            },
                                                                                            "cumulative_cardinality": 2589852,
                                                                                            "operator_type": "HASH_JOIN",
                                                                                            "operator_cardinality": 1288855,
                                                                                            "cumulative_rows_scanned": 14004803,
                                                                                            "operator_rows_scanned": 0,
                                                                                            "operator_timing": 0.1112799580000001,
                                                                                            "result_set_size": 28354810,
                                                                                            "children": [
                                                                                                {
                                                                                                    "operator_name": "READ_PARQUET ",
                                                                                                    "cpu_time": 0.13663437500000017,
                                                                                                    "extra_info": {
                                                                                                        "Function": "READ_PARQUET",
                                                                                                        "Projections": [
                                                                                                            "votetypeid",
                                                                                                            "userid"
                                                                                                        ],
                                                                                                        "Estimated Cardinality": "12744093"
                                                                                                    },
                                                                                                    "cumulative_cardinality": 40287,
                                                                                                    "operator_type": "TABLE_SCAN",
                                                                                                    "operator_cardinality": 40287,
                                                                                                    "cumulative_rows_scanned": 12744093,
                                                                                                    "operator_rows_scanned": 12744093,
                                                                                                    "operator_timing": 0.13663437500000017,
                                                                                                    "result_set_size": 241722,
                                                                                                    "children": []
                                                                                                },
                                                                                                {
                                                                                                    "operator_name": "READ_PARQUET ",
                                                                                                    "cpu_time": 0.078335961,
                                                                                                    "extra_info": {
                                                                                                        "Function": "READ_PARQUET",
                                                                                                        "Projections": [
                                                                                                            "id",
                                                                                                            "displayname"
                                                                                                        ],
                                                                                                        "Estimated Cardinality": "1260710"
                                                                                                    },
                                                                                                    "cumulative_cardinality": 1260710,
                                                                                                    "operator_type": "TABLE_SCAN",
                                                                                                    "operator_cardinality": 1260710,
                                                                                                    "cumulative_rows_scanned": 1260710,
                                                                                                    "operator_rows_scanned": 1260710,
                                                                                                    "operator_timing": 0.078335961,
                                                                                                    "result_set_size": 25214200,
                                                                                                    "children": []
                                                                                                }
                                                                                            ]
                                                                                        }
                                                                                    ]
                                                                                }
                                                                            ]
                                                                        }
                                                                    ]
                                                                },
                                                                {
                                                                    "operator_name": "HASH_JOIN",
                                                                    "cpu_time": 9.292783539999988,
                                                                    "extra_info": {
                                                                        "Join Type": "LEFT",
                                                                        "Conditions": "PostId = postid",
                                                                        "Estimated Cardinality": "3850116"
                                                                    },
                                                                    "cumulative_cardinality": 135378363,
                                                                    "operator_type": "HASH_JOIN",
                                                                    "operator_cardinality": 3685416,
                                                                    "cumulative_rows_scanned": 36891985,
                                                                    "operator_rows_scanned": 0,
                                                                    "operator_timing": 0.13569658400000012,
                                                                    "result_set_size": 1253041440,
                                                                    "children": [
                                                                        {
                                                                            "operator_name": "HASH_JOIN",
                                                                            "cpu_time": 8.790404450999986,
                                                                            "extra_info": {
                                                                                "Join Type": "LEFT",
                                                                                "Conditions": "owneruserid = UserId",
                                                                                "Estimated Cardinality": "3850116"
                                                                            },
                                                                            "cumulative_cardinality": 130508151,
                                                                            "operator_type": "HASH_JOIN",
                                                                            "operator_cardinality": 3685416,
                                                                            "cumulative_rows_scanned": 25096741,
                                                                            "operator_rows_scanned": 0,
                                                                            "operator_timing": 0.35325233500000025,
                                                                            "result_set_size": 1208816448,
                                                                            "children": [
                                                                                {
                                                                                    "operator_name": "HASH_JOIN",
                                                                                    "cpu_time": 8.429989584999985,
                                                                                    "extra_info": {
                                                                                        "Join Type": "LEFT",
                                                                                        "Conditions": "owneruserid = UserId",
                                                                                        "Estimated Cardinality": "3850116"
                                                                                    },
                                                                                    "cumulative_cardinality": 125562025,
                                                                                    "operator_type": "HASH_JOIN",
                                                                                    "operator_cardinality": 3685416,
                                                                                    "cumulative_rows_scanned": 25096741,
                                                                                    "operator_rows_scanned": 0,
                                                                                    "operator_timing": 0.361524642000001,
                                                                                    "result_set_size": 958208160,
                                                                                    "children": [
                                                                                        {
                                                                                            "operator_name": "PROJECTION",
                                                                                            "cpu_time": 8.063398293999985,
                                                                                            "extra_info": {
                                                                                                "Projections": [
                                                                                                    "#0",
                                                                                                    "#1",
                                                                                                    "#2",
                                                                                                    "#3",
                                                                                                    "#4",
                                                                                                    "#5",
                                                                                                    "#6",
                                                                                                    "#7",
                                                                                                    "#8",
                                                                                                    "#9",
                                                                                                    "#10",
                                                                                                    "#11",
                                                                                                    "#12",
                                                                                                    "#13",
                                                                                                    "#14",
                                                                                                    "#15",
                                                                                                    "__internal_decompress_integral_integer(#16, 0)",
                                                                                                    "#17",
                                                                                                    "#18"
                                                                                                ],
                                                                                                "Estimated Cardinality": "3850116"
                                                                                            },
                                                                                            "cumulative_cardinality": 120615899,
                                                                                            "operator_type": "PROJECTION",
                                                                                            "operator_cardinality": 3685416,
                                                                                            "cumulative_rows_scanned": 25096741,
                                                                                            "operator_rows_scanned": 0,
                                                                                            "operator_timing": 0.0033191430000000027,
                                                                                            "result_set_size": 707599872,
                                                                                            "children": [
                                                                                                {
                                                                                                    "operator_name": "HASH_JOIN",
                                                                                                    "cpu_time": 8.060079150999984,
                                                                                                    "extra_info": {
                                                                                                        "Join Type": "INNER",
                                                                                                        "Conditions": "owneruserid = id",
                                                                                                        "Estimated Cardinality": "3850116"
                                                                                                    },
                                                                                                    "cumulative_cardinality": 116930483,
                                                                                                    "operator_type": "HASH_JOIN",
                                                                                                    "operator_cardinality": 3685416,
                                                                                                    "cumulative_rows_scanned": 25096741,
                                                                                                    "operator_rows_scanned": 0,
                                                                                                    "operator_timing": 0.5993790489999997,
                                                                                                    "result_set_size": 700229040,
                                                                                                    "children": [
                                                                                                        {
                                                                                                            "operator_name": "PROJECTION",
                                                                                                            "cpu_time": 7.169004349999985,
                                                                                                            "extra_info": {
                                                                                                                "Projections": [
                                                                                                                    "PostId",
                                                                                                                    "title",
                                                                                                                    "owneruserid",
                                                                                                                    "CommentCount",
                                                                                                                    "UpVoteCount",
                                                                                                                    "DownVoteCount"
                                                                                                                ],
                                                                                                                "Estimated Cardinality": "3850116"
                                                                                                            },
                                                                                                            "cumulative_cardinality": 110723709,
                                                                                                            "operator_type": "PROJECTION",
                                                                                                            "operator_cardinality": 3850116,
                                                                                                            "cumulative_rows_scanned": 23836031,
                                                                                                            "operator_rows_scanned": 0,
                                                                                                            "operator_timing": 0.08571857499999995,
                                                                                                            "result_set_size": 277208352,
                                                                                                            "children": [
                                                                                                                {
                                                                                                                    "operator_name": "HASH_GROUP_BY",
                                                                                                                    "cpu_time": 7.083285774999985,
                                                                                                                    "extra_info": {
                                                                                                                        "Groups": [
                                                                                                                            "#0",
                                                                                                                            "#1",
                                                                                                                            "#2"
                                                                                                                        ],
                                                                                                                        "Aggregates": [
                                                                                                                            "sum(#3)",
                                                                                                                            "sum(#4)",
                                                                                                                            "sum(#5)"
                                                                                                                        ],
                                                                                                                        "Estimated Cardinality": "3850116"
                                                                                                                    },
                                                                                                                    "cumulative_cardinality": 106873593,
                                                                                                                    "operator_type": "HASH_GROUP_BY",
                                                                                                                    "operator_cardinality": 3850116,
                                                                                                                    "cumulative_rows_scanned": 23836031,
                                                                                                                    "operator_rows_scanned": 0,
                                                                                                                    "operator_timing": 3.120928551999995,
                                                                                                                    "result_set_size": 277208352,
                                                                                                                    "children": [
                                                                                                                        {
                                                                                                                            "operator_name": "PROJECTION",
                                                                                                                            "cpu_time": 3.96235722299999,
                                                                                                                            "extra_info": {
                                                                                                                                "Projections": [
                                                                                                                                    "id",
                                                                                                                                    "title",
                                                                                                                                    "owneruserid",
                                                                                                                                    "CASE  WHEN ((postid IS NOT NULL)) THEN (1) ELSE 0 END",
                                                                                                                                    "CASE  WHEN ((votetypeid = 2)) THEN (1) ELSE 0 END",
                                                                                                                                    "CASE  WHEN ((votetypeid = 3)) THEN (1) ELSE 0 END"
                                                                                                                                ],
                                                                                                                                "Estimated Cardinality": "12744093"
                                                                                                                            },
                                                                                                                            "cumulative_cardinality": 103023477,
                                                                                                                            "operator_type": "PROJECTION",
                                                                                                                            "operator_cardinality": 35129590,
                                                                                                                            "cumulative_rows_scanned": 23836031,
                                                                                                                            "operator_rows_scanned": 0,
                                                                                                                            "operator_timing": 0.3204640369999997,
                                                                                                                            "result_set_size": 1264665240,
                                                                                                                            "children": [
                                                                                                                                {
                                                                                                                                    "operator_name": "HASH_JOIN",
                                                                                                                                    "cpu_time": 3.64189318599999,
                                                                                                                                    "extra_info": {
                                                                                                                                        "Join Type": "RIGHT",
                                                                                                                                        "Conditions": "postid = id",
                                                                                                                                        "Estimated Cardinality": "12744093"
                                                                                                                                    },
                                                                                                                                    "cumulative_cardinality": 67893887,
                                                                                                                                    "operator_type": "HASH_JOIN",
                                                                                                                                    "operator_cardinality": 35129590,
                                                                                                                                    "cumulative_rows_scanned": 23836031,
                                                                                                                                    "operator_rows_scanned": 0,
                                                                                                                                    "operator_timing": 2.1168165619999924,
                                                                                                                                    "result_set_size": 1053887700,
                                                                                                                                    "children": [
                                                                                                                                        {
                                                                                                                                            "operator_name": "READ_PARQUET ",
                                                                                                                                            "cpu_time": 0.25803807899999953,
                                                                                                                                            "extra_info": {
                                                                                                                                                "Function": "READ_PARQUET",
                                                                                                                                                "Projections": [
                                                                                                                                                    "postid",
                                                                                                                                                    "votetypeid"
                                                                                                                                                ],
                                                                                                                                                "Estimated Cardinality": "12744093"
                                                                                                                                            },
                                                                                                                                            "cumulative_cardinality": 12744093,
                                                                                                                                            "operator_type": "TABLE_SCAN",
                                                                                                                                            "operator_cardinality": 12744093,
                                                                                                                                            "cumulative_rows_scanned": 12744093,
                                                                                                                                            "operator_rows_scanned": 12744093,
                                                                                                                                            "operator_timing": 0.25803807899999953,
                                                                                                                                            "result_set_size": 76464558,
                                                                                                                                            "children": []
                                                                                                                                        },
                                                                                                                                        {
                                                                                                                                            "operator_name": "HASH_JOIN",
                                                                                                                                            "cpu_time": 1.2670385449999986,
                                                                                                                                            "extra_info": {
                                                                                                                                                "Join Type": "RIGHT",
                                                                                                                                                "Conditions": "postid = id",
                                                                                                                                                "Estimated Cardinality": "7241822"
                                                                                                                                            },
                                                                                                                                            "cumulative_cardinality": 20020204,
                                                                                                                                            "operator_type": "HASH_JOIN",
                                                                                                                                            "operator_cardinality": 8928266,
                                                                                                                                            "cumulative_rows_scanned": 11091938,
                                                                                                                                            "operator_rows_scanned": 0,
                                                                                                                                            "operator_timing": 0.7936219259999987,
                                                                                                                                            "result_set_size": 249991448,
                                                                                                                                            "children": [
                                                                                                                                                {
                                                                                                                                                    "operator_name": "READ_PARQUET ",
                                                                                                                                                    "cpu_time": 0.09792277699999997,
                                                                                                                                                    "extra_info": {
                                                                                                                                                        "Function": "READ_PARQUET",
                                                                                                                                                        "Projections": "postid",
                                                                                                                                                        "Estimated Cardinality": "7241822"
                                                                                                                                                    },
                                                                                                                                                    "cumulative_cardinality": 7241822,
                                                                                                                                                    "operator_type": "TABLE_SCAN",
                                                                                                                                                    "operator_cardinality": 7241822,
                                                                                                                                                    "cumulative_rows_scanned": 7241822,
                                                                                                                                                    "operator_rows_scanned": 7241822,
                                                                                                                                                    "operator_timing": 0.09792277699999997,
                                                                                                                                                    "result_set_size": 28967288,
                                                                                                                                                    "children": []
                                                                                                                                                },
                                                                                                                                                {
                                                                                                                                                    "operator_name": "READ_PARQUET ",
                                                                                                                                                    "cpu_time": 0.37549384199999986,
                                                                                                                                                    "extra_info": {
                                                                                                                                                        "Function": "READ_PARQUET",
                                                                                                                                                        "Projections": [
                                                                                                                                                            "id",
                                                                                                                                                            "owneruserid",
                                                                                                                                                            "title"
                                                                                                                                                        ],
                                                                                                                                                        "Estimated Cardinality": "3850116"
                                                                                                                                                    },
                                                                                                                                                    "cumulative_cardinality": 3850116,
                                                                                                                                                    "operator_type": "TABLE_SCAN",
                                                                                                                                                    "operator_cardinality": 3850116,
                                                                                                                                                    "cumulative_rows_scanned": 3850116,
                                                                                                                                                    "operator_rows_scanned": 3850116,
                                                                                                                                                    "operator_timing": 0.37549384199999986,
                                                                                                                                                    "result_set_size": 92402784,
                                                                                                                                                    "children": []
                                                                                                                                                }
                                                                                                                                            ]
                                                                                                                                        }
                                                                                                                                    ]
                                                                                                                                }
                                                                                                                            ]
                                                                                                                        }
                                                                                                                    ]
                                                                                                                }
                                                                                                            ]
                                                                                                        },
                                                                                                        {
                                                                                                            "operator_name": "PROJECTION",
                                                                                                            "cpu_time": 0.29169575200000025,
                                                                                                            "extra_info": {
                                                                                                                "Projections": [
                                                                                                                    "#0",
                                                                                                                    "#1",
                                                                                                                    "#2",
                                                                                                                    "#3",
                                                                                                                    "#4",
                                                                                                                    "#5",
                                                                                                                    "#6",
                                                                                                                    "#7",
                                                                                                                    "#8",
                                                                                                                    "#9",
                                                                                                                    "__internal_compress_integral_usmallint(#10, 0)",
                                                                                                                    "#11",
                                                                                                                    "#12"
                                                                                                                ],
                                                                                                                "Estimated Cardinality": "1260710"
                                                                                                            },
                                                                                                            "cumulative_cardinality": 2521358,
                                                                                                            "operator_type": "PROJECTION",
                                                                                                            "operator_cardinality": 1260679,
                                                                                                            "cumulative_rows_scanned": 1260710,
                                                                                                            "operator_rows_scanned": 0,
                                                                                                            "operator_timing": 0.0010750719999999998,
                                                                                                            "result_set_size": 148760122,
                                                                                                            "children": [
                                                                                                                {
                                                                                                                    "operator_name": "READ_PARQUET ",
                                                                                                                    "cpu_time": 0.29062068000000024,
                                                                                                                    "extra_info": {
                                                                                                                        "Function": "READ_PARQUET",
                                                                                                                        "Projections": [
                                                                                                                            "id",
                                                                                                                            "reputation",
                                                                                                                            "creationdate",
                                                                                                                            "displayname",
                                                                                                                            "lastaccessdate",
                                                                                                                            "websiteurl",
                                                                                                                            "location",
                                                                                                                            "aboutme",
                                                                                                                            "views",
                                                                                                                            "upvotes",
                                                                                                                            "downvotes",
                                                                                                                            "profileimageurl",
                                                                                                                            "accountid"
                                                                                                                        ],
                                                                                                                        "Filters": "id<=1416539",
                                                                                                                        "Estimated Cardinality": "1260710"
                                                                                                                    },
                                                                                                                    "cumulative_cardinality": 1260679,
                                                                                                                    "operator_type": "TABLE_SCAN",
                                                                                                                    "operator_cardinality": 1260679,
                                                                                                                    "cumulative_rows_scanned": 1260710,
                                                                                                                    "operator_rows_scanned": 1260710,
                                                                                                                    "operator_timing": 0.29062068000000024,
                                                                                                                    "result_set_size": 151281480,
                                                                                                                    "children": []
                                                                                                                }
                                                                                                            ]
                                                                                                        }
                                                                                                    ]
                                                                                                }
                                                                                            ]
                                                                                        },
                                                                                        {
                                                                                            "operator_name": "CTE_SCAN",
                                                                                            "cpu_time": 0.005066649000000002,
                                                                                            "extra_info": {
                                                                                                "CTE Index": "0",
                                                                                                "Estimated Cardinality": "1260710"
                                                                                            },
                                                                                            "cumulative_cardinality": 1260710,
                                                                                            "operator_type": "CTE_SCAN",
                                                                                            "operator_cardinality": 1260710,
                                                                                            "cumulative_rows_scanned": 0,
                                                                                            "operator_rows_scanned": 0,
                                                                                            "operator_timing": 0.005066649000000002,
                                                                                            "result_set_size": 85728280,
                                                                                            "children": []
                                                                                        }
                                                                                    ]
                                                                                },
                                                                                {
                                                                                    "operator_name": "CTE_SCAN",
                                                                                    "cpu_time": 0.007162530999999997,
                                                                                    "extra_info": {
                                                                                        "CTE Index": "0",
                                                                                        "Estimated Cardinality": "1260710"
                                                                                    },
                                                                                    "cumulative_cardinality": 1260710,
                                                                                    "operator_type": "CTE_SCAN",
                                                                                    "operator_cardinality": 1260710,
                                                                                    "cumulative_rows_scanned": 0,
                                                                                    "operator_rows_scanned": 0,
                                                                                    "operator_timing": 0.007162530999999997,
                                                                                    "result_set_size": 85728280,
                                                                                    "children": []
                                                                                }
                                                                            ]
                                                                        },
                                                                        {
                                                                            "operator_name": "HASH_GROUP_BY",
                                                                            "cpu_time": 0.36668250500000127,
                                                                            "extra_info": {
                                                                                "Groups": "#0",
                                                                                "Aggregates": "max(#1)",
                                                                                "Estimated Cardinality": "1179524"
                                                                            },
                                                                            "cumulative_cardinality": 1184796,
                                                                            "operator_type": "HASH_GROUP_BY",
                                                                            "operator_cardinality": 181011,
                                                                            "cumulative_rows_scanned": 11795244,
                                                                            "operator_rows_scanned": 0,
                                                                            "operator_timing": 0.009991624000000006,
                                                                            "result_set_size": 2172132,
                                                                            "children": [
                                                                                {
                                                                                    "operator_name": "PROJECTION",
                                                                                    "cpu_time": 0.35669088100000124,
                                                                                    "extra_info": {
                                                                                        "Projections": [
                                                                                            "postid",
                                                                                            "creationdate"
                                                                                        ],
                                                                                        "Estimated Cardinality": "2359048"
                                                                                    },
                                                                                    "cumulative_cardinality": 1003785,
                                                                                    "operator_type": "PROJECTION",
                                                                                    "operator_cardinality": 200757,
                                                                                    "cumulative_rows_scanned": 11795244,
                                                                                    "operator_rows_scanned": 0,
                                                                                    "operator_timing": 0.000020105999999999997,
                                                                                    "result_set_size": 2409084,
                                                                                    "children": [
                                                                                        {
                                                                                            "operator_name": "PROJECTION",
                                                                                            "cpu_time": 0.3566707750000012,
                                                                                            "extra_info": {
                                                                                                "Projections": [
                                                                                                    "postid",
                                                                                                    "creationdate"
                                                                                                ],
                                                                                                "Estimated Cardinality": "2359048"
                                                                                            },
                                                                                            "cumulative_cardinality": 803028,
                                                                                            "operator_type": "PROJECTION",
                                                                                            "operator_cardinality": 200757,
                                                                                            "cumulative_rows_scanned": 11795244,
                                                                                            "operator_rows_scanned": 0,
                                                                                            "operator_timing": 0.000016984000000000002,
                                                                                            "result_set_size": 2409084,
                                                                                            "children": [
                                                                                                {
                                                                                                    "operator_name": "PROJECTION",
                                                                                                    "cpu_time": 0.3566537910000012,
                                                                                                    "extra_info": {
                                                                                                        "Projections": [
                                                                                                            "#0",
                                                                                                            "#1",
                                                                                                            "#2"
                                                                                                        ],
                                                                                                        "Estimated Cardinality": "2359048"
                                                                                                    },
                                                                                                    "cumulative_cardinality": 602271,
                                                                                                    "operator_type": "PROJECTION",
                                                                                                    "operator_cardinality": 200757,
                                                                                                    "cumulative_rows_scanned": 11795244,
                                                                                                    "operator_rows_scanned": 0,
                                                                                                    "operator_timing": 0.00002413200000000001,
                                                                                                    "result_set_size": 4015140,
                                                                                                    "children": [
                                                                                                        {
                                                                                                            "operator_name": "WINDOW",
                                                                                                            "cpu_time": 0.3566296590000012,
                                                                                                            "extra_info": {
                                                                                                                "Projections": "ROW_NUMBER() OVER (PARTITION BY postid ORDER BY creationdate DESC NULLS LAST)"
                                                                                                            },
                                                                                                            "cumulative_cardinality": 401514,
                                                                                                            "operator_type": "WINDOW",
                                                                                                            "operator_cardinality": 200757,
                                                                                                            "cumulative_rows_scanned": 11795244,
                                                                                                            "operator_rows_scanned": 0,
                                                                                                            "operator_timing": 0.04390686499999999,
                                                                                                            "result_set_size": 4015140,
                                                                                                            "children": [
                                                                                                                {
                                                                                                                    "operator_name": "READ_PARQUET ",
                                                                                                                    "cpu_time": 0.31272279400000125,
                                                                                                                    "extra_info": {
                                                                                                                        "Function": "READ_PARQUET",
                                                                                                                        "Projections": [
                                                                                                                            "postid",
                                                                                                                            "creationdate"
                                                                                                                        ],
                                                                                                                        "Filters": "posthistorytypeid>=10 AND posthistorytypeid<=12",
                                                                                                                        "Estimated Cardinality": "2359048"
                                                                                                                    },
                                                                                                                    "cumulative_cardinality": 200757,
                                                                                                                    "operator_type": "TABLE_SCAN",
                                                                                                                    "operator_cardinality": 200757,
                                                                                                                    "cumulative_rows_scanned": 11795244,
                                                                                                                    "operator_rows_scanned": 11795244,
                                                                                                                    "operator_timing": 0.31272279400000125,
                                                                                                                    "result_set_size": 2409084,
                                                                                                                    "children": []
                                                                                                                }
                                                                                                            ]
                                                                                                        }
                                                                                                    ]
                                                                                                }
                                                                                            ]
                                                                                        }
                                                                                    ]
                                                                                }
                                                                            ]
                                                                        }
                                                                    ]
                                                                }
                                                            ]
                                                        }
                                                    ]
                                                }
                                            ]
                                        }
                                    ]
                                }
                            ]
                        }
                    ]
                }
            ]
        }
    ]
}