{
    "rows_returned": 10,
    "query_name": "\nWITH RankedPosts AS (\n    SELECT \n        p.Id AS PostId,\n        p.Title,\n        p.CreationDate,\n        p.PostTypeId,\n        ROW_NUMBER() OVER (PARTITION BY p.PostTypeId ORDER BY p.CreationDate DESC) AS rn\n    FROM \n        Posts p\n    WHERE \n        p.CreationDate >= TIMESTAMP '2024-10-01 12:34:56' - INTERVAL '30 days'\n        AND p.ViewCount IS NOT NULL\n),\nPostScore AS (\n    SELECT \n        rp.PostId,\n        rp.Title,\n        rp.CreationDate,\n        rp.PostTypeId,\n        COALESCE(SUM(v.BountyAmount), 0) AS TotalBounty,\n        COALESCE(SUM(CASE WHEN v.VoteTypeId = 2 THEN 1 ELSE 0 END), 0) AS TotalUpvotes,\n        COALESCE(SUM(CASE WHEN v.VoteTypeId = 3 THEN 1 ELSE 0 END), 0) AS TotalDownvotes\n    FROM \n        RankedPosts rp\n    LEFT JOIN \n        Votes v ON v.PostId = rp.PostId\n    GROUP BY \n        rp.PostId, rp.Title, rp.CreationDate, rp.PostTypeId\n),\nPostHistoryDetails AS (\n    SELECT \n        ph.PostId,\n        ph.PostHistoryTypeId,\n        COUNT(*) AS VersionCount,\n        STRING_AGG(CONCAT(CAST(ph.CreationDate AS DATE), ' ', ph.UserDisplayName, ': ', ph.Comment), '; ') AS EditComments\n    FROM \n        PostHistory ph\n    GROUP BY \n        ph.PostId, ph.PostHistoryTypeId\n    HAVING \n        COUNT(*) > 1\n),\nFinalResults AS (\n    SELECT \n        ps.PostId,\n        ps.Title,\n        ps.CreationDate,\n        ps.TotalBounty,\n        ps.TotalUpvotes,\n        ps.TotalDownvotes,\n        COALESCE(pht.VersionCount, 0) AS EditVersionCount,\n        COALESCE(pht.EditComments, 'No edits') AS EditComments\n    FROM \n        PostScore ps\n    LEFT JOIN \n        PostHistoryDetails pht ON ps.PostId = pht.PostId\n    WHERE \n        ps.PostTypeId IN (1, 2) \n)\n\nSELECT \n    fr.*,\n    CASE \n        WHEN fr.EditVersionCount > 0 THEN 'Edited'\n        ELSE 'Not Edited'\n    END AS EditStatus,\n    (fr.TotalUpvotes - fr.TotalDownvotes) AS NetVotes,\n    CASE \n        WHEN fr.TotalBounty > 0 THEN 'Has Bounty'\n        ELSE 'No Bounty'\n    END AS BountyStatus\nFROM \n    FinalResults fr\nORDER BY \n    fr.TotalUpvotes DESC,\n    fr.CreationDate DESC\nLIMIT 10;\n",
    "blocked_thread_time": 0.0,
    "cpu_time": 6.651173546000003,
    "extra_info": {},
    "cumulative_cardinality": 57673071,
    "cumulative_rows_scanned": 28389453,
    "result_set_size": 1480,
    "latency": 7.060457169,
    "children": [
        {
            "operator_name": "STREAMING_LIMIT",
            "cpu_time": 6.651173546000003,
            "extra_info": {},
            "cumulative_cardinality": 57673071,
            "operator_type": "STREAMING_LIMIT",
            "operator_cardinality": 10,
            "cumulative_rows_scanned": 28389453,
            "operator_rows_scanned": 0,
            "operator_timing": 0.000001333,
            "result_set_size": 1480,
            "children": [
                {
                    "operator_name": "PROJECTION",
                    "cpu_time": 6.651172213000003,
                    "extra_info": {
                        "Projections": [
                            "#0",
                            "#1",
                            "#2",
                            "#3",
                            "#4",
                            "#5",
                            "#6",
                            "#7",
                            "__internal_decompress_string(#8)",
                            "#9",
                            "__internal_decompress_string(#10)"
                        ],
                        "Estimated Cardinality": "3850116"
                    },
                    "cumulative_cardinality": 57673061,
                    "operator_type": "PROJECTION",
                    "operator_cardinality": 4096,
                    "cumulative_rows_scanned": 28389453,
                    "operator_rows_scanned": 0,
                    "operator_timing": 0.000157002,
                    "result_set_size": 606208,
                    "children": [
                        {
                            "operator_name": "ORDER_BY",
                            "cpu_time": 6.651015211000003,
                            "extra_info": {
                                "Order By": [
                                    "fr.TotalUpvotes DESC",
                                    "fr.creationdate DESC"
                                ]
                            },
                            "cumulative_cardinality": 57668965,
                            "operator_type": "ORDER_BY",
                            "operator_cardinality": 4096,
                            "cumulative_rows_scanned": 28389453,
                            "operator_rows_scanned": 0,
                            "operator_timing": 0.0008436580000000001,
                            "result_set_size": 606208,
                            "children": [
                                {
                                    "operator_name": "PROJECTION",
                                    "cpu_time": 6.650171553000003,
                                    "extra_info": {
                                        "Projections": [
                                            "#0",
                                            "#1",
                                            "#2",
                                            "#3",
                                            "#4",
                                            "#5",
                                            "#6",
                                            "#7",
                                            "__internal_compress_string_hugeint(#8)",
                                            "#9",
                                            "__internal_compress_string_hugeint(#10)"
                                        ],
                                        "Estimated Cardinality": "3850116"
                                    },
                                    "cumulative_cardinality": 57664869,
                                    "operator_type": "PROJECTION",
                                    "operator_cardinality": 5385,
                                    "cumulative_rows_scanned": 28389453,
                                    "operator_rows_scanned": 0,
                                    "operator_timing": 0.000063298,
                                    "result_set_size": 796980,
                                    "children": [
                                        {
                                            "operator_name": "PROJECTION",
                                            "cpu_time": 6.650108255000004,
                                            "extra_info": {
                                                "Projections": [
                                                    "PostId",
                                                    "title",
                                                    "creationdate",
                                                    "TotalBounty",
                                                    "TotalUpvotes",
                                                    "TotalDownvotes",
                                                    "EditVersionCount",
                                                    "EditComments",
                                                    "EditStatus",
                                                    "NetVotes",
                                                    "BountyStatus"
                                                ],
                                                "Estimated Cardinality": "3850116"
                                            },
                                            "cumulative_cardinality": 57659484,
                                            "operator_type": "PROJECTION",
                                            "operator_cardinality": 5385,
                                            "cumulative_rows_scanned": 28389453,
                                            "operator_rows_scanned": 0,
                                            "operator_timing": 0.00013141500000000001,
                                            "result_set_size": 796980,
                                            "children": [
                                                {
                                                    "operator_name": "PROJECTION",
                                                    "cpu_time": 6.649976840000003,
                                                    "extra_info": {
                                                        "Projections": [
                                                            "PostId",
                                                            "title",
                                                            "creationdate",
                                                            "TotalBounty",
                                                            "TotalUpvotes",
                                                            "TotalDownvotes",
                                                            "EditVersionCount",
                                                            "EditComments"
                                                        ],
                                                        "Estimated Cardinality": "3850116"
                                                    },
                                                    "cumulative_cardinality": 57654099,
                                                    "operator_type": "PROJECTION",
                                                    "operator_cardinality": 5385,
                                                    "cumulative_rows_scanned": 28389453,
                                                    "operator_rows_scanned": 0,
                                                    "operator_timing": 0.000162564,
                                                    "result_set_size": 538500,
                                                    "children": [
                                                        {
                                                            "operator_name": "HASH_JOIN",
                                                            "cpu_time": 6.649814276000003,
                                                            "extra_info": {
                                                                "Join Type": "LEFT",
                                                                "Conditions": "PostId = postid",
                                                                "Estimated Cardinality": "3850116"
                                                            },
                                                            "cumulative_cardinality": 57648714,
                                                            "operator_type": "HASH_JOIN",
                                                            "operator_cardinality": 5385,
                                                            "cumulative_rows_scanned": 28389453,
                                                            "operator_rows_scanned": 0,
                                                            "operator_timing": 0.16192016699999967,
                                                            "result_set_size": 538500,
                                                            "children": [
                                                                {
                                                                    "operator_name": "PROJECTION",
                                                                    "cpu_time": 0.41151288900000005,
                                                                    "extra_info": {
                                                                        "Projections": [
                                                                            "PostId",
                                                                            "title",
                                                                            "creationdate",
                                                                            "TotalBounty",
                                                                            "TotalUpvotes",
                                                                            "TotalDownvotes"
                                                                        ],
                                                                        "Estimated Cardinality": "3850116"
                                                                    },
                                                                    "cumulative_cardinality": 114115,
                                                                    "operator_type": "PROJECTION",
                                                                    "operator_cardinality": 5096,
                                                                    "cumulative_rows_scanned": 16594209,
                                                                    "operator_rows_scanned": 0,
                                                                    "operator_timing": 0.0001502,
                                                                    "result_set_size": 387296,
                                                                    "children": [
                                                                        {
                                                                            "operator_name": "PROJECTION",
                                                                            "cpu_time": 0.41136268900000006,
                                                                            "extra_info": {
                                                                                "Projections": [
                                                                                    "#0",
                                                                                    "#1",
                                                                                    "#2",
                                                                                    "__internal_decompress_integral_smallint(#3, 1)",
                                                                                    "#4",
                                                                                    "#5",
                                                                                    "#6"
                                                                                ],
                                                                                "Estimated Cardinality": "3850116"
                                                                            },
                                                                            "cumulative_cardinality": 109019,
                                                                            "operator_type": "PROJECTION",
                                                                            "operator_cardinality": 5096,
                                                                            "cumulative_rows_scanned": 16594209,
                                                                            "operator_rows_scanned": 0,
                                                                            "operator_timing": 0.00000522,
                                                                            "result_set_size": 397488,
                                                                            "children": [
                                                                                {
                                                                                    "operator_name": "HASH_GROUP_BY",
                                                                                    "cpu_time": 0.4113574690000001,
                                                                                    "extra_info": {
                                                                                        "Groups": [
                                                                                            "#0",
                                                                                            "#1",
                                                                                            "#2",
                                                                                            "#3"
                                                                                        ],
                                                                                        "Aggregates": [
                                                                                            "sum(#4)",
                                                                                            "sum(#5)",
                                                                                            "sum(#6)"
                                                                                        ],
                                                                                        "Estimated Cardinality": "3850116"
                                                                                    },
                                                                                    "cumulative_cardinality": 103923,
                                                                                    "operator_type": "HASH_GROUP_BY",
                                                                                    "operator_cardinality": 5096,
                                                                                    "cumulative_rows_scanned": 16594209,
                                                                                    "operator_rows_scanned": 0,
                                                                                    "operator_timing": 0.002853905,
                                                                                    "result_set_size": 392392,
                                                                                    "children": [
                                                                                        {
                                                                                            "operator_name": "PROJECTION",
                                                                                            "cpu_time": 0.4085035640000001,
                                                                                            "extra_info": {
                                                                                                "Projections": [
                                                                                                    "PostId",
                                                                                                    "title",
                                                                                                    "creationdate",
                                                                                                    "posttypeid",
                                                                                                    "bountyamount",
                                                                                                    "CASE  WHEN ((votetypeid = 2)) THEN (1) ELSE 0 END",
                                                                                                    "CASE  WHEN ((votetypeid = 3)) THEN (1) ELSE 0 END"
                                                                                                ],
                                                                                                "Estimated Cardinality": "12744093"
                                                                                            },
                                                                                            "cumulative_cardinality": 98827,
                                                                                            "operator_type": "PROJECTION",
                                                                                            "operator_cardinality": 11513,
                                                                                            "cumulative_rows_scanned": 16594209,
                                                                                            "operator_rows_scanned": 0,
                                                                                            "operator_timing": 0.000260001,
                                                                                            "result_set_size": 472033,
                                                                                            "children": [
                                                                                                {
                                                                                                    "operator_name": "PROJECTION",
                                                                                                    "cpu_time": 0.4082435630000001,
                                                                                                    "extra_info": {
                                                                                                        "Projections": [
                                                                                                            "#0",
                                                                                                            "#1",
                                                                                                            "#2",
                                                                                                            "#3",
                                                                                                            "#4",
                                                                                                            "__internal_compress_integral_utinyint(#5, 1)"
                                                                                                        ],
                                                                                                        "Estimated Cardinality": "12744093"
                                                                                                    },
                                                                                                    "cumulative_cardinality": 87314,
                                                                                                    "operator_type": "PROJECTION",
                                                                                                    "operator_cardinality": 11513,
                                                                                                    "cumulative_rows_scanned": 16594209,
                                                                                                    "operator_rows_scanned": 0,
                                                                                                    "operator_timing": 0.00005302999999999998,
                                                                                                    "result_set_size": 402955,
                                                                                                    "children": [
                                                                                                        {
                                                                                                            "operator_name": "HASH_JOIN",
                                                                                                            "cpu_time": 0.4081905330000001,
                                                                                                            "extra_info": {
                                                                                                                "Join Type": "RIGHT",
                                                                                                                "Conditions": "postid = PostId",
                                                                                                                "Estimated Cardinality": "12744093"
                                                                                                            },
                                                                                                            "cumulative_cardinality": 75801,
                                                                                                            "operator_type": "HASH_JOIN",
                                                                                                            "operator_cardinality": 11513,
                                                                                                            "cumulative_rows_scanned": 16594209,
                                                                                                            "operator_rows_scanned": 0,
                                                                                                            "operator_timing": 0.0015733799999999997,
                                                                                                            "result_set_size": 414468,
                                                                                                            "children": [
                                                                                                                {
                                                                                                                    "operator_name": "READ_PARQUET ",
                                                                                                                    "cpu_time": 0.3370257570000001,
                                                                                                                    "extra_info": {
                                                                                                                        "Function": "READ_PARQUET",
                                                                                                                        "Projections": [
                                                                                                                            "postid",
                                                                                                                            "votetypeid",
                                                                                                                            "bountyamount"
                                                                                                                        ],
                                                                                                                        "Estimated Cardinality": "12744093"
                                                                                                                    },
                                                                                                                    "cumulative_cardinality": 28891,
                                                                                                                    "operator_type": "TABLE_SCAN",
                                                                                                                    "operator_cardinality": 28891,
                                                                                                                    "cumulative_rows_scanned": 12744093,
                                                                                                                    "operator_rows_scanned": 12744093,
                                                                                                                    "operator_timing": 0.3370257570000001,
                                                                                                                    "result_set_size": 288910,
                                                                                                                    "children": []
                                                                                                                },
                                                                                                                {
                                                                                                                    "operator_name": "PROJECTION",
                                                                                                                    "cpu_time": 0.069591396,
                                                                                                                    "extra_info": {
                                                                                                                        "Projections": [
                                                                                                                            "PostId",
                                                                                                                            "title",
                                                                                                                            "creationdate",
                                                                                                                            "posttypeid"
                                                                                                                        ],
                                                                                                                        "Estimated Cardinality": "154004"
                                                                                                                    },
                                                                                                                    "cumulative_cardinality": 35397,
                                                                                                                    "operator_type": "PROJECTION",
                                                                                                                    "operator_cardinality": 5096,
                                                                                                                    "cumulative_rows_scanned": 3850116,
                                                                                                                    "operator_rows_scanned": 0,
                                                                                                                    "operator_timing": 7.62e-7,
                                                                                                                    "result_set_size": 152880,
                                                                                                                    "children": [
                                                                                                                        {
                                                                                                                            "operator_name": "PROJECTION",
                                                                                                                            "cpu_time": 0.069590634,
                                                                                                                            "extra_info": {
                                                                                                                                "Projections": [
                                                                                                                                    "#0",
                                                                                                                                    "#1",
                                                                                                                                    "#2",
                                                                                                                                    "#3",
                                                                                                                                    "#4"
                                                                                                                                ],
                                                                                                                                "Estimated Cardinality": "154004"
                                                                                                                            },
                                                                                                                            "cumulative_cardinality": 30301,
                                                                                                                            "operator_type": "PROJECTION",
                                                                                                                            "operator_cardinality": 5096,
                                                                                                                            "cumulative_rows_scanned": 3850116,
                                                                                                                            "operator_rows_scanned": 0,
                                                                                                                            "operator_timing": 0.0000012019999999999999,
                                                                                                                            "result_set_size": 193648,
                                                                                                                            "children": [
                                                                                                                                {
                                                                                                                                    "operator_name": "WINDOW",
                                                                                                                                    "cpu_time": 0.06958943199999999,
                                                                                                                                    "extra_info": {
                                                                                                                                        "Projections": "ROW_NUMBER() OVER (PARTITION BY posttypeid ORDER BY creationdate DESC NULLS LAST)"
                                                                                                                                    },
                                                                                                                                    "cumulative_cardinality": 25205,
                                                                                                                                    "operator_type": "WINDOW",
                                                                                                                                    "operator_cardinality": 5096,
                                                                                                                                    "cumulative_rows_scanned": 3850116,
                                                                                                                                    "operator_rows_scanned": 0,
                                                                                                                                    "operator_timing": 0.001441772,
                                                                                                                                    "result_set_size": 193648,
                                                                                                                                    "children": [
                                                                                                                                        {
                                                                                                                                            "operator_name": "PROJECTION",
                                                                                                                                            "cpu_time": 0.06814766,
                                                                                                                                            "extra_info": {
                                                                                                                                                "Projections": [
                                                                                                                                                    "#0",
                                                                                                                                                    "#1",
                                                                                                                                                    "#2",
                                                                                                                                                    "#4"
                                                                                                                                                ],
                                                                                                                                                "Estimated Cardinality": "154004"
                                                                                                                                            },
                                                                                                                                            "cumulative_cardinality": 20109,
                                                                                                                                            "operator_type": "PROJECTION",
                                                                                                                                            "operator_cardinality": 5096,
                                                                                                                                            "cumulative_rows_scanned": 3850116,
                                                                                                                                            "operator_rows_scanned": 0,
                                                                                                                                            "operator_timing": 0.000002125,
                                                                                                                                            "result_set_size": 152880,
                                                                                                                                            "children": [
                                                                                                                                                {
                                                                                                                                                    "operator_name": "FILTER",
                                                                                                                                                    "cpu_time": 0.068145535,
                                                                                                                                                    "extra_info": {
                                                                                                                                                        "Expression": "(viewcount IS NOT NULL)",
                                                                                                                                                        "Estimated Cardinality": "154004"
                                                                                                                                                    },
                                                                                                                                                    "cumulative_cardinality": 15013,
                                                                                                                                                    "operator_type": "FILTER",
                                                                                                                                                    "operator_cardinality": 5096,
                                                                                                                                                    "cumulative_rows_scanned": 3850116,
                                                                                                                                                    "operator_rows_scanned": 0,
                                                                                                                                                    "operator_timing": 0.00010807099999999999,
                                                                                                                                                    "result_set_size": 173264,
                                                                                                                                                    "children": [
                                                                                                                                                        {
                                                                                                                                                            "operator_name": "READ_PARQUET ",
                                                                                                                                                            "cpu_time": 0.06803746399999999,
                                                                                                                                                            "extra_info": {
                                                                                                                                                                "Function": "READ_PARQUET",
                                                                                                                                                                "Projections": [
                                                                                                                                                                    "id",
                                                                                                                                                                    "posttypeid",
                                                                                                                                                                    "creationdate",
                                                                                                                                                                    "viewcount",
                                                                                                                                                                    "title"
                                                                                                                                                                ],
                                                                                                                                                                "Filters": [
                                                                                                                                                                    "creationdate>='2024-09-01 12:34:56'::TIMESTAMP",
                                                                                                                                                                    "posttypeid>=1 AND posttypeid<=2"
                                                                                                                                                                ],
                                                                                                                                                                "Estimated Cardinality": "770023"
                                                                                                                                                            },
                                                                                                                                                            "cumulative_cardinality": 9917,
                                                                                                                                                            "operator_type": "TABLE_SCAN",
                                                                                                                                                            "operator_cardinality": 9917,
                                                                                                                                                            "cumulative_rows_scanned": 3850116,
                                                                                                                                                            "operator_rows_scanned": 3850116,
                                                                                                                                                            "operator_timing": 0.06803746399999999,
                                                                                                                                                            "result_set_size": 337178,
                                                                                                                                                            "children": []
                                                                                                                                                        }
                                                                                                                                                    ]
                                                                                                                                                }
                                                                                                                                            ]
                                                                                                                                        }
                                                                                                                                    ]
                                                                                                                                }
                                                                                                                            ]
                                                                                                                        }
                                                                                                                    ]
                                                                                                                }
                                                                                                            ]
                                                                                                        }
                                                                                                    ]
                                                                                                }
                                                                                            ]
                                                                                        }
                                                                                    ]
                                                                                }
                                                                            ]
                                                                        }
                                                                    ]
                                                                },
                                                                {
                                                                    "operator_name": "PROJECTION",
                                                                    "cpu_time": 6.076381220000004,
                                                                    "extra_info": {
                                                                        "Projections": [
                                                                            "#0",
                                                                            "#2",
                                                                            "#3"
                                                                        ],
                                                                        "Estimated Cardinality": "1179524"
                                                                    },
                                                                    "cumulative_cardinality": 57529214,
                                                                    "operator_type": "PROJECTION",
                                                                    "operator_cardinality": 838966,
                                                                    "cumulative_rows_scanned": 11795244,
                                                                    "operator_rows_scanned": 0,
                                                                    "operator_timing": 0.0013361840000000018,
                                                                    "result_set_size": 23491048,
                                                                    "children": [
                                                                        {
                                                                            "operator_name": "FILTER",
                                                                            "cpu_time": 6.075045036000003,
                                                                            "extra_info": {
                                                                                "Expression": "(count_star() > 1)",
                                                                                "Estimated Cardinality": "1179524"
                                                                            },
                                                                            "cumulative_cardinality": 56690248,
                                                                            "operator_type": "FILTER",
                                                                            "operator_cardinality": 838966,
                                                                            "cumulative_rows_scanned": 11795244,
                                                                            "operator_rows_scanned": 0,
                                                                            "operator_timing": 0.01859351900000029,
                                                                            "result_set_size": 25168980,
                                                                            "children": [
                                                                                {
                                                                                    "operator_name": "PROJECTION",
                                                                                    "cpu_time": 6.056451517000003,
                                                                                    "extra_info": {
                                                                                        "Projections": [
                                                                                            "#0",
                                                                                            "__internal_decompress_integral_smallint(#1, 1)",
                                                                                            "#2",
                                                                                            "#3"
                                                                                        ],
                                                                                        "Estimated Cardinality": "5897622"
                                                                                    },
                                                                                    "cumulative_cardinality": 55851282,
                                                                                    "operator_type": "PROJECTION",
                                                                                    "operator_cardinality": 10232775,
                                                                                    "cumulative_rows_scanned": 11795244,
                                                                                    "operator_rows_scanned": 0,
                                                                                    "operator_timing": 0.0038582239999999978,
                                                                                    "result_set_size": 306983250,
                                                                                    "children": [
                                                                                        {
                                                                                            "operator_name": "HASH_GROUP_BY",
                                                                                            "cpu_time": 6.052593293000003,
                                                                                            "extra_info": {
                                                                                                "Groups": [
                                                                                                    "#0",
                                                                                                    "#1"
                                                                                                ],
                                                                                                "Aggregates": [
                                                                                                    "count_star()",
                                                                                                    "string_agg(#2)"
                                                                                                ],
                                                                                                "Estimated Cardinality": "5897622"
                                                                                            },
                                                                                            "cumulative_cardinality": 45618507,
                                                                                            "operator_type": "HASH_GROUP_BY",
                                                                                            "operator_cardinality": 10232775,
                                                                                            "cumulative_rows_scanned": 11795244,
                                                                                            "operator_rows_scanned": 0,
                                                                                            "operator_timing": 2.322175706000005,
                                                                                            "result_set_size": 296750475,
                                                                                            "children": [
                                                                                                {
                                                                                                    "operator_name": "PROJECTION",
                                                                                                    "cpu_time": 3.730417586999998,
                                                                                                    "extra_info": {
                                                                                                        "Projections": [
                                                                                                            "postid",
                                                                                                            "posthistorytypeid",
                                                                                                            "concat(CAST(CAST(creationdate AS DATE) AS VARCHAR), ' ', userdisplayname, ': ', comment)"
                                                                                                        ],
                                                                                                        "Estimated Cardinality": "11795244"
                                                                                                    },
                                                                                                    "cumulative_cardinality": 35385732,
                                                                                                    "operator_type": "PROJECTION",
                                                                                                    "operator_cardinality": 11795244,
                                                                                                    "cumulative_rows_scanned": 11795244,
                                                                                                    "operator_rows_scanned": 0,
                                                                                                    "operator_timing": 1.0237667910000028,
                                                                                                    "result_set_size": 247700124,
                                                                                                    "children": [
                                                                                                        {
                                                                                                            "operator_name": "PROJECTION",
                                                                                                            "cpu_time": 2.706650795999995,
                                                                                                            "extra_info": {
                                                                                                                "Projections": [
                                                                                                                    "__internal_compress_integral_utinyint(#0, 1)",
                                                                                                                    "#1",
                                                                                                                    "#2",
                                                                                                                    "#3",
                                                                                                                    "#4"
                                                                                                                ],
                                                                                                                "Estimated Cardinality": "11795244"
                                                                                                            },
                                                                                                            "cumulative_cardinality": 23590488,
                                                                                                            "operator_type": "PROJECTION",
                                                                                                            "operator_cardinality": 11795244,
                                                                                                            "cumulative_rows_scanned": 11795244,
                                                                                                            "operator_rows_scanned": 0,
                                                                                                            "operator_timing": 0.007892130000000004,
                                                                                                            "result_set_size": 530785980,
                                                                                                            "children": [
                                                                                                                {
                                                                                                                    "operator_name": "READ_PARQUET ",
                                                                                                                    "cpu_time": 2.698758665999995,
                                                                                                                    "extra_info": {
                                                                                                                        "Function": "READ_PARQUET",
                                                                                                                        "Projections": [
                                                                                                                            "posthistorytypeid",
                                                                                                                            "postid",
                                                                                                                            "creationdate",
                                                                                                                            "userdisplayname",
                                                                                                                            "comment"
                                                                                                                        ],
                                                                                                                        "Estimated Cardinality": "11795244"
                                                                                                                    },
                                                                                                                    "cumulative_cardinality": 11795244,
                                                                                                                    "operator_type": "TABLE_SCAN",
                                                                                                                    "operator_cardinality": 11795244,
                                                                                                                    "cumulative_rows_scanned": 11795244,
                                                                                                                    "operator_rows_scanned": 11795244,
                                                                                                                    "operator_timing": 2.698758665999995,
                                                                                                                    "result_set_size": 542581224,
                                                                                                                    "children": []
                                                                                                                }
                                                                                                            ]
                                                                                                        }
                                                                                                    ]
                                                                                                }
                                                                                            ]
                                                                                        }
                                                                                    ]
                                                                                }
                                                                            ]
                                                                        }
                                                                    ]
                                                                }
                                                            ]
                                                        }
                                                    ]
                                                }
                                            ]
                                        }
                                    ]
                                }
                            ]
                        }
                    ]
                }
            ]
        }
    ]
}