{
    "rows_returned": 10,
    "query_name": "\nWITH RankedPosts AS (\n    SELECT \n        p.Id AS PostId,\n        p.Title,\n        p.CreationDate,\n        p.Score,\n        p.ViewCount,\n        u.DisplayName AS OwnerDisplayName,\n        COUNT(c.Id) AS CommentCount,\n        ROW_NUMBER() OVER (PARTITION BY p.PostTypeId ORDER BY p.Score DESC) AS RowNum\n    FROM \n        Posts p\n    LEFT JOIN \n        Users u ON p.OwnerUserId = u.Id\n    LEFT JOIN \n        Comments c ON p.Id = c.PostId\n    GROUP BY \n        p.Id, p.Title, p.CreationDate, p.Score, p.ViewCount, u.DisplayName, p.PostTypeId\n),\nFilteredComments AS (\n    SELECT \n        PostId,\n        COUNT(*) AS TotalComments,\n        AVG(Score) AS AverageCommentScore\n    FROM \n        Comments \n    GROUP BY \n        PostId\n),\nOuterJoinResults AS (\n    SELECT \n        rp.PostId,\n        rp.Title,\n        rp.CreationDate,\n        rp.Score,\n        rp.ViewCount,\n        rp.OwnerDisplayName,\n        COALESCE(fc.TotalComments, 0) AS TotalComments,\n        COALESCE(fc.AverageCommentScore, 0) AS AverageCommentScore\n    FROM \n        RankedPosts rp\n    LEFT JOIN \n        FilteredComments fc ON rp.PostId = fc.PostId\n)\nSELECT \n    ojr.PostId,\n    ojr.Title,\n    ojr.CreationDate,\n    ojr.Score,\n    ojr.ViewCount,\n    ojr.OwnerDisplayName,\n    ojr.TotalComments,\n    ojr.AverageCommentScore\nFROM \n    OuterJoinResults ojr\nWHERE \n    ojr.TotalComments > 5 \n    OR (ojr.AverageCommentScore > 1 AND ojr.Score > 100)\nORDER BY \n    ojr.Score DESC, ojr.ViewCount DESC\nFETCH FIRST 10 ROWS ONLY;\n",
    "blocked_thread_time": 0.0,
    "cpu_time": 6.867365906000007,
    "extra_info": {},
    "cumulative_cardinality": 85950563,
    "cumulative_rows_scanned": 19594470,
    "result_set_size": 680,
    "latency": 7.471543145,
    "children": [
        {
            "operator_name": "STREAMING_LIMIT",
            "cpu_time": 6.867365906000007,
            "extra_info": {},
            "cumulative_cardinality": 85950563,
            "operator_type": "STREAMING_LIMIT",
            "operator_cardinality": 10,
            "cumulative_rows_scanned": 19594470,
            "operator_rows_scanned": 0,
            "operator_timing": 0.0000020840000000000003,
            "result_set_size": 680,
            "children": [
                {
                    "operator_name": "PROJECTION",
                    "cpu_time": 6.867363822000007,
                    "extra_info": {
                        "Projections": [
                            "#0",
                            "#1",
                            "#2",
                            "__internal_decompress_integral_integer(#3, -72)",
                            "#4",
                            "#5",
                            "#6",
                            "#7"
                        ],
                        "Estimated Cardinality": "3620911"
                    },
                    "cumulative_cardinality": 85950553,
                    "operator_type": "PROJECTION",
                    "operator_cardinality": 4096,
                    "cumulative_rows_scanned": 19594470,
                    "operator_rows_scanned": 0,
                    "operator_timing": 0.000009307,
                    "result_set_size": 278528,
                    "children": [
                        {
                            "operator_name": "ORDER_BY",
                            "cpu_time": 6.867354515000007,
                            "extra_info": {
                                "Order By": [
                                    "ojr.Score DESC",
                                    "ojr.ViewCount DESC"
                                ]
                            },
                            "cumulative_cardinality": 85946457,
                            "operator_type": "ORDER_BY",
                            "operator_cardinality": 4096,
                            "cumulative_rows_scanned": 19594470,
                            "operator_rows_scanned": 0,
                            "operator_timing": 0.04360660099999992,
                            "result_set_size": 270336,
                            "children": [
                                {
                                    "operator_name": "PROJECTION",
                                    "cpu_time": 6.823747914000007,
                                    "extra_info": {
                                        "Projections": [
                                            "#0",
                                            "#1",
                                            "#2",
                                            "__internal_compress_integral_usmallint(#3, -72)",
                                            "#4",
                                            "#5",
                                            "#6",
                                            "#7"
                                        ],
                                        "Estimated Cardinality": "3620911"
                                    },
                                    "cumulative_cardinality": 85942361,
                                    "operator_type": "PROJECTION",
                                    "operator_cardinality": 347707,
                                    "cumulative_rows_scanned": 19594470,
                                    "operator_rows_scanned": 0,
                                    "operator_timing": 0.002228929999999996,
                                    "result_set_size": 22948662,
                                    "children": [
                                        {
                                            "operator_name": "PROJECTION",
                                            "cpu_time": 6.821518984000007,
                                            "extra_info": {
                                                "Projections": [
                                                    "PostId",
                                                    "title",
                                                    "creationdate",
                                                    "score",
                                                    "viewcount",
                                                    "OwnerDisplayName",
                                                    "TotalComments",
                                                    "AverageCommentScore"
                                                ],
                                                "Estimated Cardinality": "3620911"
                                            },
                                            "cumulative_cardinality": 85594654,
                                            "operator_type": "PROJECTION",
                                            "operator_cardinality": 347707,
                                            "cumulative_rows_scanned": 19594470,
                                            "operator_rows_scanned": 0,
                                            "operator_timing": 0.019191329000000003,
                                            "result_set_size": 23644076,
                                            "children": [
                                                {
                                                    "operator_name": "FILTER",
                                                    "cpu_time": 6.802327655000007,
                                                    "extra_info": {
                                                        "Expression": "((COALESCE(TotalComments, 0) > 5) OR ((score > 100) AND (COALESCE(AverageCommentScore, 0.0) > 1.0)))",
                                                        "Estimated Cardinality": "3620911"
                                                    },
                                                    "cumulative_cardinality": 85246947,
                                                    "operator_type": "FILTER",
                                                    "operator_cardinality": 347707,
                                                    "cumulative_rows_scanned": 19594470,
                                                    "operator_rows_scanned": 0,
                                                    "operator_timing": 0.05910014699999998,
                                                    "result_set_size": 23644076,
                                                    "children": [
                                                        {
                                                            "operator_name": "HASH_JOIN",
                                                            "cpu_time": 6.7432275080000075,
                                                            "extra_info": {
                                                                "Join Type": "INNER",
                                                                "Conditions": "PostId = postid",
                                                                "Estimated Cardinality": "3620911"
                                                            },
                                                            "cumulative_cardinality": 84899240,
                                                            "operator_type": "HASH_JOIN",
                                                            "operator_cardinality": 2163672,
                                                            "cumulative_rows_scanned": 19594470,
                                                            "operator_rows_scanned": 0,
                                                            "operator_timing": 0.33452658800000046,
                                                            "result_set_size": 147129696,
                                                            "children": [
                                                                {
                                                                    "operator_name": "PROJECTION",
                                                                    "cpu_time": 5.023573857000009,
                                                                    "extra_info": {
                                                                        "Projections": [
                                                                            "#0",
                                                                            "#1",
                                                                            "#2",
                                                                            "#3",
                                                                            "#4",
                                                                            "#5"
                                                                        ],
                                                                        "Estimated Cardinality": "3850116"
                                                                    },
                                                                    "cumulative_cardinality": 66088252,
                                                                    "operator_type": "PROJECTION",
                                                                    "operator_cardinality": 3850113,
                                                                    "cumulative_rows_scanned": 12352648,
                                                                    "operator_rows_scanned": 0,
                                                                    "operator_timing": 0.0008225460000000001,
                                                                    "result_set_size": 200205876,
                                                                    "children": [
                                                                        {
                                                                            "operator_name": "FILTER",
                                                                            "cpu_time": 5.022751311000008,
                                                                            "extra_info": {
                                                                                "Expression": "(PostId <= 4978525)",
                                                                                "Estimated Cardinality": "3850116"
                                                                            },
                                                                            "cumulative_cardinality": 62238139,
                                                                            "operator_type": "FILTER",
                                                                            "operator_cardinality": 3850113,
                                                                            "cumulative_rows_scanned": 12352648,
                                                                            "operator_rows_scanned": 0,
                                                                            "operator_timing": 0.00526805400000003,
                                                                            "result_set_size": 238707006,
                                                                            "children": [
                                                                                {
                                                                                    "operator_name": "PROJECTION",
                                                                                    "cpu_time": 5.017483257000008,
                                                                                    "extra_info": {
                                                                                        "Projections": [
                                                                                            "#0",
                                                                                            "#1",
                                                                                            "#2",
                                                                                            "#3",
                                                                                            "#4",
                                                                                            "#5",
                                                                                            "#6",
                                                                                            "#7"
                                                                                        ],
                                                                                        "Estimated Cardinality": "3850116"
                                                                                    },
                                                                                    "cumulative_cardinality": 58388026,
                                                                                    "operator_type": "PROJECTION",
                                                                                    "operator_cardinality": 3850116,
                                                                                    "cumulative_rows_scanned": 12352648,
                                                                                    "operator_rows_scanned": 0,
                                                                                    "operator_timing": 0.001093283999999999,
                                                                                    "result_set_size": 238707192,
                                                                                    "children": [
                                                                                        {
                                                                                            "operator_name": "WINDOW",
                                                                                            "cpu_time": 5.016389973000008,
                                                                                            "extra_info": {
                                                                                                "Projections": "ROW_NUMBER() OVER (PARTITION BY posttypeid ORDER BY score DESC NULLS LAST)"
                                                                                            },
                                                                                            "cumulative_cardinality": 54537910,
                                                                                            "operator_type": "WINDOW",
                                                                                            "operator_cardinality": 3850116,
                                                                                            "cumulative_rows_scanned": 12352648,
                                                                                            "operator_rows_scanned": 0,
                                                                                            "operator_timing": 1.0722865619999997,
                                                                                            "result_set_size": 238707192,
                                                                                            "children": [
                                                                                                {
                                                                                                    "operator_name": "PROJECTION",
                                                                                                    "cpu_time": 3.944103411000008,
                                                                                                    "extra_info": {
                                                                                                        "Projections": [
                                                                                                            "#0",
                                                                                                            "#1",
                                                                                                            "#2",
                                                                                                            "__internal_decompress_integral_integer(#3, -72)",
                                                                                                            "#4",
                                                                                                            "#5",
                                                                                                            "__internal_decompress_integral_smallint(#6, 1)"
                                                                                                        ],
                                                                                                        "Estimated Cardinality": "3850116"
                                                                                                    },
                                                                                                    "cumulative_cardinality": 50687794,
                                                                                                    "operator_type": "PROJECTION",
                                                                                                    "operator_cardinality": 3850116,
                                                                                                    "cumulative_rows_scanned": 12352648,
                                                                                                    "operator_rows_scanned": 0,
                                                                                                    "operator_timing": 0.0025794060000000067,
                                                                                                    "result_set_size": 207906264,
                                                                                                    "children": [
                                                                                                        {
                                                                                                            "operator_name": "HASH_GROUP_BY",
                                                                                                            "cpu_time": 3.9415240050000078,
                                                                                                            "extra_info": {
                                                                                                                "Groups": [
                                                                                                                    "#0",
                                                                                                                    "#1",
                                                                                                                    "#2",
                                                                                                                    "#3",
                                                                                                                    "#4",
                                                                                                                    "#5",
                                                                                                                    "#6"
                                                                                                                ],
                                                                                                                "Aggregates": "",
                                                                                                                "Estimated Cardinality": "3850116"
                                                                                                            },
                                                                                                            "cumulative_cardinality": 46837678,
                                                                                                            "operator_type": "HASH_GROUP_BY",
                                                                                                            "operator_cardinality": 3850116,
                                                                                                            "cumulative_rows_scanned": 12352648,
                                                                                                            "operator_rows_scanned": 0,
                                                                                                            "operator_timing": 1.6893635680000052,
                                                                                                            "result_set_size": 196355916,
                                                                                                            "children": [
                                                                                                                {
                                                                                                                    "operator_name": "PROJECTION",
                                                                                                                    "cpu_time": 2.2521604370000023,
                                                                                                                    "extra_info": {
                                                                                                                        "Projections": [
                                                                                                                            "id",
                                                                                                                            "title",
                                                                                                                            "creationdate",
                                                                                                                            "score",
                                                                                                                            "viewcount",
                                                                                                                            "displayname",
                                                                                                                            "posttypeid"
                                                                                                                        ],
                                                                                                                        "Estimated Cardinality": "7241822"
                                                                                                                    },
                                                                                                                    "cumulative_cardinality": 42987562,
                                                                                                                    "operator_type": "PROJECTION",
                                                                                                                    "operator_cardinality": 8928266,
                                                                                                                    "cumulative_rows_scanned": 12352648,
                                                                                                                    "operator_rows_scanned": 0,
                                                                                                                    "operator_timing": 0.0036749390000000567,
                                                                                                                    "result_set_size": 455341566,
                                                                                                                    "children": [
                                                                                                                        {
                                                                                                                            "operator_name": "PROJECTION",
                                                                                                                            "cpu_time": 2.248485498000002,
                                                                                                                            "extra_info": {
                                                                                                                                "Projections": [
                                                                                                                                    "#0",
                                                                                                                                    "__internal_compress_integral_utinyint(#1, 1)",
                                                                                                                                    "#2",
                                                                                                                                    "__internal_compress_integral_usmallint(#3, -72)",
                                                                                                                                    "#4",
                                                                                                                                    "#5",
                                                                                                                                    "#6",
                                                                                                                                    "#7"
                                                                                                                                ],
                                                                                                                                "Estimated Cardinality": "7241822"
                                                                                                                            },
                                                                                                                            "cumulative_cardinality": 34059296,
                                                                                                                            "operator_type": "PROJECTION",
                                                                                                                            "operator_cardinality": 8928266,
                                                                                                                            "cumulative_rows_scanned": 12352648,
                                                                                                                            "operator_rows_scanned": 0,
                                                                                                                            "operator_timing": 0.01926398599999984,
                                                                                                                            "result_set_size": 491054630,
                                                                                                                            "children": [
                                                                                                                                {
                                                                                                                                    "operator_name": "HASH_JOIN",
                                                                                                                                    "cpu_time": 2.2292215120000023,
                                                                                                                                    "extra_info": {
                                                                                                                                        "Join Type": "LEFT",
                                                                                                                                        "Conditions": "id = postid",
                                                                                                                                        "Estimated Cardinality": "7241822"
                                                                                                                                    },
                                                                                                                                    "cumulative_cardinality": 25131030,
                                                                                                                                    "operator_type": "HASH_JOIN",
                                                                                                                                    "operator_cardinality": 8928266,
                                                                                                                                    "cumulative_rows_scanned": 12352648,
                                                                                                                                    "operator_rows_scanned": 0,
                                                                                                                                    "operator_timing": 0.7546727720000014,
                                                                                                                                    "result_set_size": 517839428,
                                                                                                                                    "children": [
                                                                                                                                        {
                                                                                                                                            "operator_name": "HASH_JOIN",
                                                                                                                                            "cpu_time": 1.4223579520000011,
                                                                                                                                            "extra_info": {
                                                                                                                                                "Join Type": "LEFT",
                                                                                                                                                "Conditions": "owneruserid = id",
                                                                                                                                                "Estimated Cardinality": "3850116"
                                                                                                                                            },
                                                                                                                                            "cumulative_cardinality": 8960942,
                                                                                                                                            "operator_type": "HASH_JOIN",
                                                                                                                                            "operator_cardinality": 3850116,
                                                                                                                                            "cumulative_rows_scanned": 5110826,
                                                                                                                                            "operator_rows_scanned": 0,
                                                                                                                                            "operator_timing": 0.3046859130000004,
                                                                                                                                            "result_set_size": 207906264,
                                                                                                                                            "children": [
                                                                                                                                                {
                                                                                                                                                    "operator_name": "READ_PARQUET ",
                                                                                                                                                    "cpu_time": 0.5216950900000003,
                                                                                                                                                    "extra_info": {
                                                                                                                                                        "Function": "READ_PARQUET",
                                                                                                                                                        "Projections": [
                                                                                                                                                            "id",
                                                                                                                                                            "posttypeid",
                                                                                                                                                            "creationdate",
                                                                                                                                                            "score",
                                                                                                                                                            "viewcount",
                                                                                                                                                            "owneruserid",
                                                                                                                                                            "title"
                                                                                                                                                        ],
                                                                                                                                                        "Estimated Cardinality": "3850116"
                                                                                                                                                    },
                                                                                                                                                    "cumulative_cardinality": 3850116,
                                                                                                                                                    "operator_type": "TABLE_SCAN",
                                                                                                                                                    "operator_cardinality": 3850116,
                                                                                                                                                    "cumulative_rows_scanned": 3850116,
                                                                                                                                                    "operator_rows_scanned": 3850116,
                                                                                                                                                    "operator_timing": 0.5216950900000003,
                                                                                                                                                    "result_set_size": 161704872,
                                                                                                                                                    "children": []
                                                                                                                                                },
                                                                                                                                                {
                                                                                                                                                    "operator_name": "READ_PARQUET ",
                                                                                                                                                    "cpu_time": 0.5959769490000004,
                                                                                                                                                    "extra_info": {
                                                                                                                                                        "Function": "READ_PARQUET",
                                                                                                                                                        "Projections": [
                                                                                                                                                            "id",
                                                                                                                                                            "displayname"
                                                                                                                                                        ],
                                                                                                                                                        "Estimated Cardinality": "1260710"
                                                                                                                                                    },
                                                                                                                                                    "cumulative_cardinality": 1260710,
                                                                                                                                                    "operator_type": "TABLE_SCAN",
                                                                                                                                                    "operator_cardinality": 1260710,
                                                                                                                                                    "cumulative_rows_scanned": 1260710,
                                                                                                                                                    "operator_rows_scanned": 1260710,
                                                                                                                                                    "operator_timing": 0.5959769490000004,
                                                                                                                                                    "result_set_size": 25214200,
                                                                                                                                                    "children": []
                                                                                                                                                }
                                                                                                                                            ]
                                                                                                                                        },
                                                                                                                                        {
                                                                                                                                            "operator_name": "READ_PARQUET ",
                                                                                                                                            "cpu_time": 0.052190787999999856,
                                                                                                                                            "extra_info": {
                                                                                                                                                "Function": "READ_PARQUET",
                                                                                                                                                "Projections": "postid",
                                                                                                                                                "Estimated Cardinality": "7241822"
                                                                                                                                            },
                                                                                                                                            "cumulative_cardinality": 7241822,
                                                                                                                                            "operator_type": "TABLE_SCAN",
                                                                                                                                            "operator_cardinality": 7241822,
                                                                                                                                            "cumulative_rows_scanned": 7241822,
                                                                                                                                            "operator_rows_scanned": 7241822,
                                                                                                                                            "operator_timing": 0.052190787999999856,
                                                                                                                                            "result_set_size": 28967288,
                                                                                                                                            "children": []
                                                                                                                                        }
                                                                                                                                    ]
                                                                                                                                }
                                                                                                                            ]
                                                                                                                        }
                                                                                                                    ]
                                                                                                                }
                                                                                                            ]
                                                                                                        }
                                                                                                    ]
                                                                                                }
                                                                                            ]
                                                                                        }
                                                                                    ]
                                                                                }
                                                                            ]
                                                                        }
                                                                    ]
                                                                },
                                                                {
                                                                    "operator_name": "HASH_GROUP_BY",
                                                                    "cpu_time": 1.3851270629999983,
                                                                    "extra_info": {
                                                                        "Groups": "#0",
                                                                        "Aggregates": [
                                                                            "count_star()",
                                                                            "avg(#1)"
                                                                        ],
                                                                        "Estimated Cardinality": "3620911"
                                                                    },
                                                                    "cumulative_cardinality": 16647316,
                                                                    "operator_type": "HASH_GROUP_BY",
                                                                    "operator_cardinality": 2163672,
                                                                    "cumulative_rows_scanned": 7241822,
                                                                    "operator_rows_scanned": 0,
                                                                    "operator_timing": 0.43885955299999924,
                                                                    "result_set_size": 43273440,
                                                                    "children": [
                                                                        {
                                                                            "operator_name": "PROJECTION",
                                                                            "cpu_time": 0.946267509999999,
                                                                            "extra_info": {
                                                                                "Projections": [
                                                                                    "postid",
                                                                                    "score"
                                                                                ],
                                                                                "Estimated Cardinality": "7241822"
                                                                            },
                                                                            "cumulative_cardinality": 14483644,
                                                                            "operator_type": "PROJECTION",
                                                                            "operator_cardinality": 7241822,
                                                                            "cumulative_rows_scanned": 7241822,
                                                                            "operator_rows_scanned": 0,
                                                                            "operator_timing": 0.0007172570000000036,
                                                                            "result_set_size": 57934576,
                                                                            "children": [
                                                                                {
                                                                                    "operator_name": "READ_PARQUET ",
                                                                                    "cpu_time": 0.945550252999999,
                                                                                    "extra_info": {
                                                                                        "Function": "READ_PARQUET",
                                                                                        "Projections": [
                                                                                            "postid",
                                                                                            "score"
                                                                                        ],
                                                                                        "Estimated Cardinality": "7241822"
                                                                                    },
                                                                                    "cumulative_cardinality": 7241822,
                                                                                    "operator_type": "TABLE_SCAN",
                                                                                    "operator_cardinality": 7241822,
                                                                                    "cumulative_rows_scanned": 7241822,
                                                                                    "operator_rows_scanned": 7241822,
                                                                                    "operator_timing": 0.945550252999999,
                                                                                    "result_set_size": 57934576,
                                                                                    "children": []
                                                                                }
                                                                            ]
                                                                        }
                                                                    ]
                                                                }
                                                            ]
                                                        }
                                                    ]
                                                }
                                            ]
                                        }
                                    ]
                                }
                            ]
                        }
                    ]
                }
            ]
        }
    ]
}