{
    "rows_returned": 10,
    "query_name": "\nWITH UserReputationCTE AS (\n    SELECT \n        u.Id AS UserId,\n        u.DisplayName,\n        u.Reputation,\n        ROW_NUMBER() OVER (PARTITION BY CASE WHEN u.Reputation > 1000 THEN 'High' \n                                             WHEN u.Reputation > 500 THEN 'Medium' \n                                             ELSE 'Low' END \n                           ORDER BY u.Reputation DESC) AS ReputationRank\n    FROM \n        Users u\n    WHERE \n        u.Reputation IS NOT NULL\n),\nPostDetails AS (\n    SELECT \n        p.Id AS PostId,\n        p.Title,\n        p.ViewCount,\n        COALESCE(NULLIF(p.Score, 0), NULL) AS PostScore,\n        u.DisplayName AS OwnerDisplayName,\n        COALESCE(ah.AcceptedAnswerId, 0) AS AcceptedAnswerId,\n        COUNT(c.Id) AS CommentCount,\n        SUM(CASE WHEN v.VoteTypeId = 2 THEN 1 ELSE 0 END) AS UpVotes,\n        SUM(CASE WHEN v.VoteTypeId = 3 THEN 1 ELSE 0 END) AS DownVotes\n    FROM \n        Posts p\n    LEFT JOIN \n        Users u ON p.OwnerUserId = u.Id\n    LEFT JOIN \n        Comments c ON p.Id = c.PostId\n    LEFT JOIN \n        Votes v ON p.Id = v.PostId\n    LEFT JOIN \n        Posts ah ON p.AcceptedAnswerId = ah.Id\n    GROUP BY \n        p.Id, p.Title, p.ViewCount, p.Score, u.DisplayName, ah.AcceptedAnswerId\n),\nReputationStatus AS (\n    SELECT \n        ur.UserId,\n        ur.DisplayName,\n        CASE \n            WHEN ur.Reputation > (SELECT AVG(Reputation) FROM Users) THEN 'Above Average'\n            ELSE 'Below Average'\n        END AS ReputationGroup\n    FROM \n        UserReputationCTE ur\n)\nSELECT \n    pd.PostId,\n    pd.Title,\n    pd.ViewCount,\n    pd.PostScore,\n    pd.OwnerDisplayName,\n    rs.ReputationGroup,\n    pd.CommentCount,\n    pd.UpVotes,\n    pd.DownVotes,\n    COUNT(pl.RelatedPostId) AS RelatedPostsCount\nFROM \n    PostDetails pd\nLEFT JOIN \n    PostLinks pl ON pd.PostId = pl.PostId\nJOIN \n    ReputationStatus rs ON pd.OwnerDisplayName = rs.DisplayName\nWHERE \n    pd.ViewCount > 50 \n    AND (pd.PostScore < 5 OR pd.PostScore IS NULL)\nGROUP BY \n    pd.PostId, pd.Title, pd.ViewCount, pd.PostScore, pd.OwnerDisplayName, \n    rs.ReputationGroup, pd.CommentCount, pd.UpVotes, pd.DownVotes\nHAVING \n    COUNT(pl.RelatedPostId) > 0\nORDER BY \n    pd.ViewCount DESC,\n    pd.PostScore DESC  \nOFFSET 10 ROWS FETCH NEXT 10 ROWS ONLY;\n",
    "blocked_thread_time": 0.0,
    "cpu_time": 16.422754363000006,
    "extra_info": {},
    "cumulative_cardinality": 202134766,
    "cumulative_rows_scanned": 31881268,
    "result_set_size": 1080,
    "latency": 17.784188537,
    "children": [
        {
            "operator_name": "STREAMING_LIMIT",
            "cpu_time": 16.422754363000006,
            "extra_info": {},
            "cumulative_cardinality": 202134766,
            "operator_type": "STREAMING_LIMIT",
            "operator_cardinality": 10,
            "cumulative_rows_scanned": 31881268,
            "operator_rows_scanned": 0,
            "operator_timing": 0.000024355,
            "result_set_size": 1080,
            "children": [
                {
                    "operator_name": "PROJECTION",
                    "cpu_time": 16.422730008000006,
                    "extra_info": {
                        "Projections": [
                            "#0",
                            "#1",
                            "#2",
                            "#3",
                            "#4",
                            "__internal_decompress_string(#5)",
                            "#6",
                            "#7",
                            "#8",
                            "#9"
                        ],
                        "Estimated Cardinality": "77002"
                    },
                    "cumulative_cardinality": 202134756,
                    "operator_type": "PROJECTION",
                    "operator_cardinality": 4096,
                    "cumulative_rows_scanned": 31881268,
                    "operator_rows_scanned": 0,
                    "operator_timing": 0.000089777,
                    "result_set_size": 442368,
                    "children": [
                        {
                            "operator_name": "ORDER_BY",
                            "cpu_time": 16.422640231000006,
                            "extra_info": {
                                "Order By": [
                                    "pd.ViewCount DESC",
                                    "pd.PostScore DESC"
                                ]
                            },
                            "cumulative_cardinality": 202130660,
                            "operator_type": "ORDER_BY",
                            "operator_cardinality": 4096,
                            "cumulative_rows_scanned": 31881268,
                            "operator_rows_scanned": 0,
                            "operator_timing": 0.021542086000000005,
                            "result_set_size": 442368,
                            "children": [
                                {
                                    "operator_name": "PROJECTION",
                                    "cpu_time": 16.401098145000006,
                                    "extra_info": {
                                        "Projections": [
                                            "#0",
                                            "#1",
                                            "#2",
                                            "#3",
                                            "#4",
                                            "__internal_compress_string_hugeint(#5)",
                                            "#6",
                                            "#7",
                                            "#8",
                                            "#9"
                                        ],
                                        "Estimated Cardinality": "77002"
                                    },
                                    "cumulative_cardinality": 202126564,
                                    "operator_type": "PROJECTION",
                                    "operator_cardinality": 244472,
                                    "cumulative_rows_scanned": 31881268,
                                    "operator_rows_scanned": 0,
                                    "operator_timing": 0.004486327,
                                    "result_set_size": 26402976,
                                    "children": [
                                        {
                                            "operator_name": "FILTER",
                                            "cpu_time": 16.396611818000007,
                                            "extra_info": {
                                                "Expression": "(count(relatedpostid) > 0)",
                                                "Estimated Cardinality": "77002"
                                            },
                                            "cumulative_cardinality": 201882092,
                                            "operator_type": "FILTER",
                                            "operator_cardinality": 244472,
                                            "cumulative_rows_scanned": 31881268,
                                            "operator_rows_scanned": 0,
                                            "operator_timing": 0.005943647999999997,
                                            "result_set_size": 26402976,
                                            "children": [
                                                {
                                                    "operator_name": "PROJECTION",
                                                    "cpu_time": 16.39066817000001,
                                                    "extra_info": {
                                                        "Projections": [
                                                            "#0",
                                                            "#1",
                                                            "#2",
                                                            "#3",
                                                            "#4",
                                                            "__internal_decompress_string(#5)",
                                                            "#6",
                                                            "#7",
                                                            "#8",
                                                            "#9"
                                                        ],
                                                        "Estimated Cardinality": "385011"
                                                    },
                                                    "cumulative_cardinality": 201637620,
                                                    "operator_type": "PROJECTION",
                                                    "operator_cardinality": 1536822,
                                                    "cumulative_rows_scanned": 31881268,
                                                    "operator_rows_scanned": 0,
                                                    "operator_timing": 0.024559636999999978,
                                                    "result_set_size": 165976776,
                                                    "children": [
                                                        {
                                                            "operator_name": "HASH_GROUP_BY",
                                                            "cpu_time": 16.36610853300001,
                                                            "extra_info": {
                                                                "Groups": [
                                                                    "#0",
                                                                    "#1",
                                                                    "#2",
                                                                    "#3",
                                                                    "#4",
                                                                    "#5",
                                                                    "#6",
                                                                    "#7",
                                                                    "#8"
                                                                ],
                                                                "Aggregates": "count(#9)",
                                                                "Estimated Cardinality": "385011"
                                                            },
                                                            "cumulative_cardinality": 200100798,
                                                            "operator_type": "HASH_GROUP_BY",
                                                            "operator_cardinality": 1536822,
                                                            "cumulative_rows_scanned": 31881268,
                                                            "operator_rows_scanned": 0,
                                                            "operator_timing": 2.9452266030000103,
                                                            "result_set_size": 165976776,
                                                            "children": [
                                                                {
                                                                    "operator_name": "PROJECTION",
                                                                    "cpu_time": 13.42088193,
                                                                    "extra_info": {
                                                                        "Projections": [
                                                                            "PostId",
                                                                            "title",
                                                                            "viewcount",
                                                                            "PostScore",
                                                                            "OwnerDisplayName",
                                                                            "ReputationGroup",
                                                                            "CommentCount",
                                                                            "UpVotes",
                                                                            "DownVotes",
                                                                            "relatedpostid"
                                                                        ],
                                                                        "Estimated Cardinality": "770023"
                                                                    },
                                                                    "cumulative_cardinality": 198563976,
                                                                    "operator_type": "PROJECTION",
                                                                    "operator_cardinality": 31500892,
                                                                    "cumulative_rows_scanned": 31881268,
                                                                    "operator_rows_scanned": 0,
                                                                    "operator_timing": 0.010241270000000144,
                                                                    "result_set_size": 3276092768,
                                                                    "children": [
                                                                        {
                                                                            "operator_name": "PROJECTION",
                                                                            "cpu_time": 13.41064066,
                                                                            "extra_info": {
                                                                                "Projections": [
                                                                                    "#0",
                                                                                    "#1",
                                                                                    "#2",
                                                                                    "#3",
                                                                                    "#4",
                                                                                    "#5",
                                                                                    "#6",
                                                                                    "#7",
                                                                                    "#8",
                                                                                    "__internal_compress_string_hugeint(#9)"
                                                                                ],
                                                                                "Estimated Cardinality": "770023"
                                                                            },
                                                                            "cumulative_cardinality": 167063084,
                                                                            "operator_type": "PROJECTION",
                                                                            "operator_cardinality": 31500892,
                                                                            "cumulative_rows_scanned": 31881268,
                                                                            "operator_rows_scanned": 0,
                                                                            "operator_timing": 0.7630582120000039,
                                                                            "result_set_size": 3276092768,
                                                                            "children": [
                                                                                {
                                                                                    "operator_name": "HASH_JOIN",
                                                                                    "cpu_time": 12.647582447999996,
                                                                                    "extra_info": {
                                                                                        "Join Type": "INNER",
                                                                                        "Conditions": "OwnerDisplayName = displayname",
                                                                                        "Estimated Cardinality": "770023"
                                                                                    },
                                                                                    "cumulative_cardinality": 135562192,
                                                                                    "operator_type": "HASH_JOIN",
                                                                                    "operator_cardinality": 31500892,
                                                                                    "cumulative_rows_scanned": 31881268,
                                                                                    "operator_rows_scanned": 0,
                                                                                    "operator_timing": 0.9482965190000006,
                                                                                    "result_set_size": 3276092768,
                                                                                    "children": [
                                                                                        {
                                                                                            "operator_name": "HASH_JOIN",
                                                                                            "cpu_time": 10.511820546999996,
                                                                                            "extra_info": {
                                                                                                "Join Type": "LEFT",
                                                                                                "Conditions": "PostId = postid",
                                                                                                "Estimated Cardinality": "3850116"
                                                                                            },
                                                                                            "cumulative_cardinality": 93975616,
                                                                                            "operator_type": "HASH_JOIN",
                                                                                            "operator_cardinality": 1381347,
                                                                                            "cumulative_rows_scanned": 29359848,
                                                                                            "operator_rows_scanned": 0,
                                                                                            "operator_timing": 0.08336280499999996,
                                                                                            "result_set_size": 121558536,
                                                                                            "children": [
                                                                                                {
                                                                                                    "operator_name": "PROJECTION",
                                                                                                    "cpu_time": 10.396127659999996,
                                                                                                    "extra_info": {
                                                                                                        "Projections": [
                                                                                                            "PostId",
                                                                                                            "title",
                                                                                                            "viewcount",
                                                                                                            "CASE  WHEN ((Score = 0)) THEN (NULL) ELSE Score END",
                                                                                                            "OwnerDisplayName",
                                                                                                            "CommentCount",
                                                                                                            "UpVotes",
                                                                                                            "DownVotes"
                                                                                                        ],
                                                                                                        "Estimated Cardinality": "3850116"
                                                                                                    },
                                                                                                    "cumulative_cardinality": 92181278,
                                                                                                    "operator_type": "PROJECTION",
                                                                                                    "operator_cardinality": 1278486,
                                                                                                    "cumulative_rows_scanned": 28946857,
                                                                                                    "operator_rows_scanned": 0,
                                                                                                    "operator_timing": 0.005917056999999995,
                                                                                                    "result_set_size": 107392824,
                                                                                                    "children": [
                                                                                                        {
                                                                                                            "operator_name": "PROJECTION",
                                                                                                            "cpu_time": 10.390210602999996,
                                                                                                            "extra_info": {
                                                                                                                "Projections": [
                                                                                                                    "#0",
                                                                                                                    "#1",
                                                                                                                    "#2",
                                                                                                                    "__internal_decompress_integral_integer(#3, -72)",
                                                                                                                    "#4",
                                                                                                                    "#5",
                                                                                                                    "#6",
                                                                                                                    "#7",
                                                                                                                    "#8"
                                                                                                                ],
                                                                                                                "Estimated Cardinality": "3850116"
                                                                                                            },
                                                                                                            "cumulative_cardinality": 90902792,
                                                                                                            "operator_type": "PROJECTION",
                                                                                                            "operator_cardinality": 1278486,
                                                                                                            "cumulative_rows_scanned": 28946857,
                                                                                                            "operator_rows_scanned": 0,
                                                                                                            "operator_timing": 0.0010052000000000008,
                                                                                                            "result_set_size": 112506768,
                                                                                                            "children": [
                                                                                                                {
                                                                                                                    "operator_name": "HASH_GROUP_BY",
                                                                                                                    "cpu_time": 10.389205402999997,
                                                                                                                    "extra_info": {
                                                                                                                        "Groups": [
                                                                                                                            "#0",
                                                                                                                            "#1",
                                                                                                                            "#2",
                                                                                                                            "#3",
                                                                                                                            "#4",
                                                                                                                            "#5"
                                                                                                                        ],
                                                                                                                        "Aggregates": [
                                                                                                                            "count(#6)",
                                                                                                                            "sum(#7)",
                                                                                                                            "sum(#8)"
                                                                                                                        ],
                                                                                                                        "Estimated Cardinality": "3850116"
                                                                                                                    },
                                                                                                                    "cumulative_cardinality": 89624306,
                                                                                                                    "operator_type": "HASH_GROUP_BY",
                                                                                                                    "operator_cardinality": 1278486,
                                                                                                                    "cumulative_rows_scanned": 28946857,
                                                                                                                    "operator_rows_scanned": 0,
                                                                                                                    "operator_timing": 1.5725541200000008,
                                                                                                                    "result_set_size": 109949796,
                                                                                                                    "children": [
                                                                                                                        {
                                                                                                                            "operator_name": "PROJECTION",
                                                                                                                            "cpu_time": 8.816651282999995,
                                                                                                                            "extra_info": {
                                                                                                                                "Projections": [
                                                                                                                                    "id",
                                                                                                                                    "title",
                                                                                                                                    "viewcount",
                                                                                                                                    "score",
                                                                                                                                    "displayname",
                                                                                                                                    "acceptedanswerid",
                                                                                                                                    "id",
                                                                                                                                    "CASE  WHEN ((votetypeid = 2)) THEN (1) ELSE 0 END",
                                                                                                                                    "CASE  WHEN ((votetypeid = 3)) THEN (1) ELSE 0 END"
                                                                                                                                ],
                                                                                                                                "Estimated Cardinality": "12744093"
                                                                                                                            },
                                                                                                                            "cumulative_cardinality": 88345820,
                                                                                                                            "operator_type": "PROJECTION",
                                                                                                                            "operator_cardinality": 7617890,
                                                                                                                            "cumulative_rows_scanned": 28946857,
                                                                                                                            "operator_rows_scanned": 0,
                                                                                                                            "operator_timing": 0.09326615699999985,
                                                                                                                            "result_set_size": 441837620,
                                                                                                                            "children": [
                                                                                                                                {
                                                                                                                                    "operator_name": "PROJECTION",
                                                                                                                                    "cpu_time": 8.723385125999995,
                                                                                                                                    "extra_info": {
                                                                                                                                        "Projections": [
                                                                                                                                            "#2",
                                                                                                                                            "__internal_compress_integral_usmallint(#3, -72)",
                                                                                                                                            "#4",
                                                                                                                                            "#5",
                                                                                                                                            "#1",
                                                                                                                                            "#0",
                                                                                                                                            "#6",
                                                                                                                                            "#7"
                                                                                                                                        ],
                                                                                                                                        "Estimated Cardinality": "12744093"
                                                                                                                                    },
                                                                                                                                    "cumulative_cardinality": 80727930,
                                                                                                                                    "operator_type": "PROJECTION",
                                                                                                                                    "operator_cardinality": 7617890,
                                                                                                                                    "cumulative_rows_scanned": 28946857,
                                                                                                                                    "operator_rows_scanned": 0,
                                                                                                                                    "operator_timing": 0.028033119000000214,
                                                                                                                                    "result_set_size": 396130280,
                                                                                                                                    "children": [
                                                                                                                                        {
                                                                                                                                            "operator_name": "HASH_JOIN",
                                                                                                                                            "cpu_time": 8.695352006999995,
                                                                                                                                            "extra_info": {
                                                                                                                                                "Join Type": "LEFT",
                                                                                                                                                "Conditions": "acceptedanswerid = id",
                                                                                                                                                "Estimated Cardinality": "12744093"
                                                                                                                                            },
                                                                                                                                            "cumulative_cardinality": 73110040,
                                                                                                                                            "operator_type": "HASH_JOIN",
                                                                                                                                            "operator_cardinality": 7617890,
                                                                                                                                            "cumulative_rows_scanned": 28946857,
                                                                                                                                            "operator_rows_scanned": 0,
                                                                                                                                            "operator_timing": 0.560377330999997,
                                                                                                                                            "result_set_size": 411366060,
                                                                                                                                            "children": [
                                                                                                                                                {
                                                                                                                                                    "operator_name": "PROJECTION",
                                                                                                                                                    "cpu_time": 8.080671686999999,
                                                                                                                                                    "extra_info": {
                                                                                                                                                        "Projections": [
                                                                                                                                                            "#0",
                                                                                                                                                            "#1",
                                                                                                                                                            "#2",
                                                                                                                                                            "#3",
                                                                                                                                                            "#4",
                                                                                                                                                            "#5",
                                                                                                                                                            "#6",
                                                                                                                                                            "__internal_decompress_integral_smallint(#7, 1)"
                                                                                                                                                        ],
                                                                                                                                                        "Estimated Cardinality": "12744093"
                                                                                                                                                    },
                                                                                                                                                    "cumulative_cardinality": 61642034,
                                                                                                                                                    "operator_type": "PROJECTION",
                                                                                                                                                    "operator_cardinality": 7617890,
                                                                                                                                                    "cumulative_rows_scanned": 25096741,
                                                                                                                                                    "operator_rows_scanned": 0,
                                                                                                                                                    "operator_timing": 0.011811274999999939,
                                                                                                                                                    "result_set_size": 411366060,
                                                                                                                                                    "children": [
                                                                                                                                                        {
                                                                                                                                                            "operator_name": "HASH_JOIN",
                                                                                                                                                            "cpu_time": 8.068860412,
                                                                                                                                                            "extra_info": {
                                                                                                                                                                "Join Type": "LEFT",
                                                                                                                                                                "Conditions": "id = postid",
                                                                                                                                                                "Estimated Cardinality": "12744093"
                                                                                                                                                            },
                                                                                                                                                            "cumulative_cardinality": 54024144,
                                                                                                                                                            "operator_type": "HASH_JOIN",
                                                                                                                                                            "operator_cardinality": 7617890,
                                                                                                                                                            "cumulative_rows_scanned": 25096741,
                                                                                                                                                            "operator_rows_scanned": 0,
                                                                                                                                                            "operator_timing": 0.9771612039999992,
                                                                                                                                                            "result_set_size": 403748170,
                                                                                                                                                            "children": [
                                                                                                                                                                {
                                                                                                                                                                    "operator_name": "PROJECTION",
                                                                                                                                                                    "cpu_time": 4.550072107999998,
                                                                                                                                                                    "extra_info": {
                                                                                                                                                                        "Projections": [
                                                                                                                                                                            "#0",
                                                                                                                                                                            "#1",
                                                                                                                                                                            "#2",
                                                                                                                                                                            "#3",
                                                                                                                                                                            "__internal_decompress_integral_integer(#4, -72)",
                                                                                                                                                                            "#5",
                                                                                                                                                                            "#6"
                                                                                                                                                                        ],
                                                                                                                                                                        "Estimated Cardinality": "7241822"
                                                                                                                                                                    },
                                                                                                                                                                    "cumulative_cardinality": 20918068,
                                                                                                                                                                    "operator_type": "PROJECTION",
                                                                                                                                                                    "operator_cardinality": 3573934,
                                                                                                                                                                    "cumulative_rows_scanned": 12352648,
                                                                                                                                                                    "operator_rows_scanned": 0,
                                                                                                                                                                    "operator_timing": 0.011337495000000012,
                                                                                                                                                                    "result_set_size": 185844568,
                                                                                                                                                                    "children": [
                                                                                                                                                                        {
                                                                                                                                                                            "operator_name": "HASH_JOIN",
                                                                                                                                                                            "cpu_time": 4.538734612999998,
                                                                                                                                                                            "extra_info": {
                                                                                                                                                                                "Join Type": "RIGHT",
                                                                                                                                                                                "Conditions": "postid = id",
                                                                                                                                                                                "Estimated Cardinality": "7241822"
                                                                                                                                                                            },
                                                                                                                                                                            "cumulative_cardinality": 17344134,
                                                                                                                                                                            "operator_type": "HASH_JOIN",
                                                                                                                                                                            "operator_cardinality": 3573934,
                                                                                                                                                                            "cumulative_rows_scanned": 12352648,
                                                                                                                                                                            "operator_rows_scanned": 0,
                                                                                                                                                                            "operator_timing": 0.5815605660000016,
                                                                                                                                                                            "result_set_size": 178696700,
                                                                                                                                                                            "children": [
                                                                                                                                                                                {
                                                                                                                                                                                    "operator_name": "READ_PARQUET ",
                                                                                                                                                                                    "cpu_time": 2.739311660999997,
                                                                                                                                                                                    "extra_info": {
                                                                                                                                                                                        "Function": "READ_PARQUET",
                                                                                                                                                                                        "Projections": [
                                                                                                                                                                                            "id",
                                                                                                                                                                                            "postid"
                                                                                                                                                                                        ],
                                                                                                                                                                                        "Estimated Cardinality": "7241822"
                                                                                                                                                                                    },
                                                                                                                                                                                    "cumulative_cardinality": 7241327,
                                                                                                                                                                                    "operator_type": "TABLE_SCAN",
                                                                                                                                                                                    "operator_cardinality": 7241327,
                                                                                                                                                                                    "cumulative_rows_scanned": 7241822,
                                                                                                                                                                                    "operator_rows_scanned": 7241822,
                                                                                                                                                                                    "operator_timing": 2.739311660999997,
                                                                                                                                                                                    "result_set_size": 57930616,
                                                                                                                                                                                    "children": []
                                                                                                                                                                                },
                                                                                                                                                                                {
                                                                                                                                                                                    "operator_name": "PROJECTION",
                                                                                                                                                                                    "cpu_time": 1.217862386,
                                                                                                                                                                                    "extra_info": {
                                                                                                                                                                                        "Projections": [
                                                                                                                                                                                            "#0",
                                                                                                                                                                                            "#1",
                                                                                                                                                                                            "#2",
                                                                                                                                                                                            "__internal_compress_integral_usmallint(#3, -72)",
                                                                                                                                                                                            "#4",
                                                                                                                                                                                            "#5"
                                                                                                                                                                                        ],
                                                                                                                                                                                        "Estimated Cardinality": "1260710"
                                                                                                                                                                                    },
                                                                                                                                                                                    "cumulative_cardinality": 6528873,
                                                                                                                                                                                    "operator_type": "PROJECTION",
                                                                                                                                                                                    "operator_cardinality": 1278486,
                                                                                                                                                                                    "cumulative_rows_scanned": 5110826,
                                                                                                                                                                                    "operator_rows_scanned": 0,
                                                                                                                                                                                    "operator_timing": 0.0035715460000000014,
                                                                                                                                                                                    "result_set_size": 58810356,
                                                                                                                                                                                    "children": [
                                                                                                                                                                                        {
                                                                                                                                                                                            "operator_name": "HASH_JOIN",
                                                                                                                                                                                            "cpu_time": 1.2142908399999999,
                                                                                                                                                                                            "extra_info": {
                                                                                                                                                                                                "Join Type": "RIGHT",
                                                                                                                                                                                                "Conditions": "id = owneruserid",
                                                                                                                                                                                                "Estimated Cardinality": "1260710"
                                                                                                                                                                                            },
                                                                                                                                                                                            "cumulative_cardinality": 5250387,
                                                                                                                                                                                            "operator_type": "HASH_JOIN",
                                                                                                                                                                                            "operator_cardinality": 1278486,
                                                                                                                                                                                            "cumulative_rows_scanned": 5110826,
                                                                                                                                                                                            "operator_rows_scanned": 0,
                                                                                                                                                                                            "operator_timing": 0.32658855099999956,
                                                                                                                                                                                            "result_set_size": 61367328,
                                                                                                                                                                                            "children": [
                                                                                                                                                                                                {
                                                                                                                                                                                                    "operator_name": "READ_PARQUET ",
                                                                                                                                                                                                    "cpu_time": 0.15139861699999999,
                                                                                                                                                                                                    "extra_info": {
                                                                                                                                                                                                        "Function": "READ_PARQUET",
                                                                                                                                                                                                        "Projections": [
                                                                                                                                                                                                            "id",
                                                                                                                                                                                                            "displayname"
                                                                                                                                                                                                        ],
                                                                                                                                                                                                        "Estimated Cardinality": "1260710"
                                                                                                                                                                                                    },
                                                                                                                                                                                                    "cumulative_cardinality": 1260612,
                                                                                                                                                                                                    "operator_type": "TABLE_SCAN",
                                                                                                                                                                                                    "operator_cardinality": 1260612,
                                                                                                                                                                                                    "cumulative_rows_scanned": 1260710,
                                                                                                                                                                                                    "operator_rows_scanned": 1260710,
                                                                                                                                                                                                    "operator_timing": 0.15139861699999999,
                                                                                                                                                                                                    "result_set_size": 25212240,
                                                                                                                                                                                                    "children": []
                                                                                                                                                                                                },
                                                                                                                                                                                                {
                                                                                                                                                                                                    "operator_name": "FILTER",
                                                                                                                                                                                                    "cpu_time": 0.7363036720000005,
                                                                                                                                                                                                    "extra_info": {
                                                                                                                                                                                                        "Expression": "((CASE  WHEN ((score = 0)) THEN (NULL) ELSE score END IS NULL) OR (CASE  WHEN ((score = 0)) THEN (NULL) ELSE score END < 5))",
                                                                                                                                                                                                        "Estimated Cardinality": "154004"
                                                                                                                                                                                                    },
                                                                                                                                                                                                    "cumulative_cardinality": 2711289,
                                                                                                                                                                                                    "operator_type": "FILTER",
                                                                                                                                                                                                    "operator_cardinality": 1278486,
                                                                                                                                                                                                    "cumulative_rows_scanned": 3850116,
                                                                                                                                                                                                    "operator_rows_scanned": 0,
                                                                                                                                                                                                    "operator_timing": 0.05352858300000002,
                                                                                                                                                                                                    "result_set_size": 46025496,
                                                                                                                                                                                                    "children": [
                                                                                                                                                                                                        {
                                                                                                                                                                                                            "operator_name": "READ_PARQUET ",
                                                                                                                                                                                                            "cpu_time": 0.6827750890000004,
                                                                                                                                                                                                            "extra_info": {
                                                                                                                                                                                                                "Function": "READ_PARQUET",
                                                                                                                                                                                                                "Projections": [
                                                                                                                                                                                                                    "id",
                                                                                                                                                                                                                    "acceptedanswerid",
                                                                                                                                                                                                                    "score",
                                                                                                                                                                                                                    "viewcount",
                                                                                                                                                                                                                    "owneruserid",
                                                                                                                                                                                                                    "title"
                                                                                                                                                                                                                ],
                                                                                                                                                                                                                "Filters": "viewcount>50",
                                                                                                                                                                                                                "Estimated Cardinality": "770023"
                                                                                                                                                                                                            },
                                                                                                                                                                                                            "cumulative_cardinality": 1432803,
                                                                                                                                                                                                            "operator_type": "TABLE_SCAN",
                                                                                                                                                                                                            "operator_cardinality": 1432803,
                                                                                                                                                                                                            "cumulative_rows_scanned": 3850116,
                                                                                                                                                                                                            "operator_rows_scanned": 3850116,
                                                                                                                                                                                                            "operator_timing": 0.6827750890000004,
                                                                                                                                                                                                            "result_set_size": 51580908,
                                                                                                                                                                                                            "children": []
                                                                                                                                                                                                        }
                                                                                                                                                                                                    ]
                                                                                                                                                                                                }
                                                                                                                                                                                            ]
                                                                                                                                                                                        }
                                                                                                                                                                                    ]
                                                                                                                                                                                }
                                                                                                                                                                            ]
                                                                                                                                                                        }
                                                                                                                                                                    ]
                                                                                                                                                                },
                                                                                                                                                                {
                                                                                                                                                                    "operator_name": "PROJECTION",
                                                                                                                                                                    "cpu_time": 2.5416271000000026,
                                                                                                                                                                    "extra_info": {
                                                                                                                                                                        "Projections": [
                                                                                                                                                                            "#0",
                                                                                                                                                                            "__internal_compress_integral_utinyint(#1, 1)"
                                                                                                                                                                        ],
                                                                                                                                                                        "Estimated Cardinality": "12744093"
                                                                                                                                                                    },
                                                                                                                                                                    "cumulative_cardinality": 25488186,
                                                                                                                                                                    "operator_type": "PROJECTION",
                                                                                                                                                                    "operator_cardinality": 12744093,
                                                                                                                                                                    "cumulative_rows_scanned": 12744093,
                                                                                                                                                                    "operator_rows_scanned": 0,
                                                                                                                                                                    "operator_timing": 0.0043977530000000155,
                                                                                                                                                                    "result_set_size": 63720465,
                                                                                                                                                                    "children": [
                                                                                                                                                                        {
                                                                                                                                                                            "operator_name": "READ_PARQUET ",
                                                                                                                                                                            "cpu_time": 2.5372293470000025,
                                                                                                                                                                            "extra_info": {
                                                                                                                                                                                "Function": "READ_PARQUET",
                                                                                                                                                                                "Projections": [
                                                                                                                                                                                    "postid",
                                                                                                                                                                                    "votetypeid"
                                                                                                                                                                                ],
                                                                                                                                                                                "Estimated Cardinality": "12744093"
                                                                                                                                                                            },
                                                                                                                                                                            "cumulative_cardinality": 12744093,
                                                                                                                                                                            "operator_type": "TABLE_SCAN",
                                                                                                                                                                            "operator_cardinality": 12744093,
                                                                                                                                                                            "cumulative_rows_scanned": 12744093,
                                                                                                                                                                            "operator_rows_scanned": 12744093,
                                                                                                                                                                            "operator_timing": 2.5372293470000025,
                                                                                                                                                                            "result_set_size": 76464558,
                                                                                                                                                                            "children": []
                                                                                                                                                                        }
                                                                                                                                                                    ]
                                                                                                                                                                }
                                                                                                                                                            ]
                                                                                                                                                        }
                                                                                                                                                    ]
                                                                                                                                                },
                                                                                                                                                {
                                                                                                                                                    "operator_name": "READ_PARQUET ",
                                                                                                                                                    "cpu_time": 0.054302989,
                                                                                                                                                    "extra_info": {
                                                                                                                                                        "Function": "READ_PARQUET",
                                                                                                                                                        "Projections": [
                                                                                                                                                            "id",
                                                                                                                                                            "acceptedanswerid"
                                                                                                                                                        ],
                                                                                                                                                        "Estimated Cardinality": "3850116"
                                                                                                                                                    },
                                                                                                                                                    "cumulative_cardinality": 3850116,
                                                                                                                                                    "operator_type": "TABLE_SCAN",
                                                                                                                                                    "operator_cardinality": 3850116,
                                                                                                                                                    "cumulative_rows_scanned": 3850116,
                                                                                                                                                    "operator_rows_scanned": 3850116,
                                                                                                                                                    "operator_timing": 0.054302989,
                                                                                                                                                    "result_set_size": 30800928,
                                                                                                                                                    "children": []
                                                                                                                                                }
                                                                                                                                            ]
                                                                                                                                        }
                                                                                                                                    ]
                                                                                                                                }
                                                                                                                            ]
                                                                                                                        }
                                                                                                                    ]
                                                                                                                }
                                                                                                            ]
                                                                                                        }
                                                                                                    ]
                                                                                                },
                                                                                                {
                                                                                                    "operator_name": "READ_PARQUET ",
                                                                                                    "cpu_time": 0.03233008199999998,
                                                                                                    "extra_info": {
                                                                                                        "Function": "READ_PARQUET",
                                                                                                        "Projections": [
                                                                                                            "postid",
                                                                                                            "relatedpostid"
                                                                                                        ],
                                                                                                        "Estimated Cardinality": "412991"
                                                                                                    },
                                                                                                    "cumulative_cardinality": 412991,
                                                                                                    "operator_type": "TABLE_SCAN",
                                                                                                    "operator_cardinality": 412991,
                                                                                                    "cumulative_rows_scanned": 412991,
                                                                                                    "operator_rows_scanned": 412991,
                                                                                                    "operator_timing": 0.03233008199999998,
                                                                                                    "result_set_size": 3303928,
                                                                                                    "children": []
                                                                                                }
                                                                                            ]
                                                                                        },
                                                                                        {
                                                                                            "operator_name": "PROJECTION",
                                                                                            "cpu_time": 1.1874653819999994,
                                                                                            "extra_info": {
                                                                                                "Projections": [
                                                                                                    "displayname",
                                                                                                    "ReputationGroup"
                                                                                                ],
                                                                                                "Estimated Cardinality": "252142"
                                                                                            },
                                                                                            "cumulative_cardinality": 10085684,
                                                                                            "operator_type": "PROJECTION",
                                                                                            "operator_cardinality": 1260710,
                                                                                            "cumulative_rows_scanned": 2521420,
                                                                                            "operator_rows_scanned": 0,
                                                                                            "operator_timing": 0.00934552600000002,
                                                                                            "result_set_size": 40342720,
                                                                                            "children": [
                                                                                                {
                                                                                                    "operator_name": "CROSS_PRODUCT",
                                                                                                    "cpu_time": 1.1781198559999995,
                                                                                                    "extra_info": {},
                                                                                                    "cumulative_cardinality": 8824974,
                                                                                                    "operator_type": "CROSS_PRODUCT",
                                                                                                    "operator_cardinality": 1260710,
                                                                                                    "cumulative_rows_scanned": 2521420,
                                                                                                    "operator_rows_scanned": 0,
                                                                                                    "operator_timing": 0.0010496190000000008,
                                                                                                    "result_set_size": 35299880,
                                                                                                    "children": [
                                                                                                        {
                                                                                                            "operator_name": "PROJECTION",
                                                                                                            "cpu_time": 0.7752770539999999,
                                                                                                            "extra_info": {
                                                                                                                "Projections": [
                                                                                                                    "displayname",
                                                                                                                    "reputation"
                                                                                                                ],
                                                                                                                "Estimated Cardinality": "252142"
                                                                                                            },
                                                                                                            "cumulative_cardinality": 5042840,
                                                                                                            "operator_type": "PROJECTION",
                                                                                                            "operator_cardinality": 1260710,
                                                                                                            "cumulative_rows_scanned": 1260710,
                                                                                                            "operator_rows_scanned": 0,
                                                                                                            "operator_timing": 0.00010897599999999974,
                                                                                                            "result_set_size": 25214200,
                                                                                                            "children": [
                                                                                                                {
                                                                                                                    "operator_name": "PROJECTION",
                                                                                                                    "cpu_time": 0.7751680779999999,
                                                                                                                    "extra_info": {
                                                                                                                        "Projections": [
                                                                                                                            "#0",
                                                                                                                            "#1",
                                                                                                                            "#2"
                                                                                                                        ],
                                                                                                                        "Estimated Cardinality": "252142"
                                                                                                                    },
                                                                                                                    "cumulative_cardinality": 3782130,
                                                                                                                    "operator_type": "PROJECTION",
                                                                                                                    "operator_cardinality": 1260710,
                                                                                                                    "cumulative_rows_scanned": 1260710,
                                                                                                                    "operator_rows_scanned": 0,
                                                                                                                    "operator_timing": 0.0001761170000000002,
                                                                                                                    "result_set_size": 35299880,
                                                                                                                    "children": [
                                                                                                                        {
                                                                                                                            "operator_name": "WINDOW",
                                                                                                                            "cpu_time": 0.7749919609999999,
                                                                                                                            "extra_info": {
                                                                                                                                "Projections": "ROW_NUMBER() OVER (PARTITION BY CASE  WHEN ((reputation > 1000)) THEN ('High') WHEN ((reputation > 500)) THEN ('Medium') ELSE 'Low' END ORDER BY reputation DESC NULLS LAST)"
                                                                                                                            },
                                                                                                                            "cumulative_cardinality": 2521420,
                                                                                                                            "operator_type": "WINDOW",
                                                                                                                            "operator_cardinality": 1260710,
                                                                                                                            "cumulative_rows_scanned": 1260710,
                                                                                                                            "operator_rows_scanned": 0,
                                                                                                                            "operator_timing": 0.32486653899999995,
                                                                                                                            "result_set_size": 35299880,
                                                                                                                            "children": [
                                                                                                                                {
                                                                                                                                    "operator_name": "READ_PARQUET ",
                                                                                                                                    "cpu_time": 0.45012542199999994,
                                                                                                                                    "extra_info": {
                                                                                                                                        "Function": "READ_PARQUET",
                                                                                                                                        "Projections": [
                                                                                                                                            "reputation",
                                                                                                                                            "displayname"
                                                                                                                                        ],
                                                                                                                                        "Estimated Cardinality": "252142"
                                                                                                                                    },
                                                                                                                                    "cumulative_cardinality": 1260710,
                                                                                                                                    "operator_type": "TABLE_SCAN",
                                                                                                                                    "operator_cardinality": 1260710,
                                                                                                                                    "cumulative_rows_scanned": 1260710,
                                                                                                                                    "operator_rows_scanned": 1260710,
                                                                                                                                    "operator_timing": 0.45012542199999994,
                                                                                                                                    "result_set_size": 25214200,
                                                                                                                                    "children": []
                                                                                                                                }
                                                                                                                            ]
                                                                                                                        }
                                                                                                                    ]
                                                                                                                }
                                                                                                            ]
                                                                                                        },
                                                                                                        {
                                                                                                            "operator_name": "PROJECTION",
                                                                                                            "cpu_time": 0.4017931829999996,
                                                                                                            "extra_info": {
                                                                                                                "Projections": [
                                                                                                                    "CASE  WHEN ((#1 > 1)) THEN (error('More than one row returned by a subquery used as an expression - scalar subqueries can only return a single row.",
                                                                                                                    "Use \"SET scalar_subquery_error_on_multiple_rows=false\" to revert to previous behavior of returning a random row.')) ELSE #0 END"
                                                                                                                ],
                                                                                                                "Estimated Cardinality": "1"
                                                                                                            },
                                                                                                            "cumulative_cardinality": 2521424,
                                                                                                            "operator_type": "PROJECTION",
                                                                                                            "operator_cardinality": 1,
                                                                                                            "cumulative_rows_scanned": 1260710,
                                                                                                            "operator_rows_scanned": 0,
                                                                                                            "operator_timing": 0.000004138,
                                                                                                            "result_set_size": 8,
                                                                                                            "children": [
                                                                                                                {
                                                                                                                    "operator_name": "UNGROUPED_AGGREGATE",
                                                                                                                    "cpu_time": 0.4017890449999996,
                                                                                                                    "extra_info": {
                                                                                                                        "Aggregates": [
                                                                                                                            "\"first\"(#0)",
                                                                                                                            "count_star()"
                                                                                                                        ]
                                                                                                                    },
                                                                                                                    "cumulative_cardinality": 2521423,
                                                                                                                    "operator_type": "UNGROUPED_AGGREGATE",
                                                                                                                    "operator_cardinality": 1,
                                                                                                                    "cumulative_rows_scanned": 1260710,
                                                                                                                    "operator_rows_scanned": 0,
                                                                                                                    "operator_timing": 0.0000069329999999999995,
                                                                                                                    "result_set_size": 16,
                                                                                                                    "children": [
                                                                                                                        {
                                                                                                                            "operator_name": "PROJECTION",
                                                                                                                            "cpu_time": 0.40178211199999964,
                                                                                                                            "extra_info": {
                                                                                                                                "Projections": "#0",
                                                                                                                                "Estimated Cardinality": "1"
                                                                                                                            },
                                                                                                                            "cumulative_cardinality": 2521422,
                                                                                                                            "operator_type": "PROJECTION",
                                                                                                                            "operator_cardinality": 1,
                                                                                                                            "cumulative_rows_scanned": 1260710,
                                                                                                                            "operator_rows_scanned": 0,
                                                                                                                            "operator_timing": 0.000001142,
                                                                                                                            "result_set_size": 8,
                                                                                                                            "children": [
                                                                                                                                {
                                                                                                                                    "operator_name": "UNGROUPED_AGGREGATE",
                                                                                                                                    "cpu_time": 0.4017809699999996,
                                                                                                                                    "extra_info": {
                                                                                                                                        "Aggregates": "avg(#0)"
                                                                                                                                    },
                                                                                                                                    "cumulative_cardinality": 2521421,
                                                                                                                                    "operator_type": "UNGROUPED_AGGREGATE",
                                                                                                                                    "operator_cardinality": 1,
                                                                                                                                    "cumulative_rows_scanned": 1260710,
                                                                                                                                    "operator_rows_scanned": 0,
                                                                                                                                    "operator_timing": 0.006565392999999973,
                                                                                                                                    "result_set_size": 8,
                                                                                                                                    "children": [
                                                                                                                                        {
                                                                                                                                            "operator_name": "PROJECTION",
                                                                                                                                            "cpu_time": 0.39521557699999965,
                                                                                                                                            "extra_info": {
                                                                                                                                                "Projections": "reputation",
                                                                                                                                                "Estimated Cardinality": "1260710"
                                                                                                                                            },
                                                                                                                                            "cumulative_cardinality": 2521420,
                                                                                                                                            "operator_type": "PROJECTION",
                                                                                                                                            "operator_cardinality": 1260710,
                                                                                                                                            "cumulative_rows_scanned": 1260710,
                                                                                                                                            "operator_rows_scanned": 0,
                                                                                                                                            "operator_timing": 0.00006790999999999995,
                                                                                                                                            "result_set_size": 5042840,
                                                                                                                                            "children": [
                                                                                                                                                {
                                                                                                                                                    "operator_name": "READ_PARQUET ",
                                                                                                                                                    "cpu_time": 0.39514766699999965,
                                                                                                                                                    "extra_info": {
                                                                                                                                                        "Function": "READ_PARQUET",
                                                                                                                                                        "Projections": "reputation",
                                                                                                                                                        "Estimated Cardinality": "1260710"
                                                                                                                                                    },
                                                                                                                                                    "cumulative_cardinality": 1260710,
                                                                                                                                                    "operator_type": "TABLE_SCAN",
                                                                                                                                                    "operator_cardinality": 1260710,
                                                                                                                                                    "cumulative_rows_scanned": 1260710,
                                                                                                                                                    "operator_rows_scanned": 1260710,
                                                                                                                                                    "operator_timing": 0.39514766699999965,
                                                                                                                                                    "result_set_size": 5042840,
                                                                                                                                                    "children": []
                                                                                                                                                }
                                                                                                                                            ]
                                                                                                                                        }
                                                                                                                                    ]
                                                                                                                                }
                                                                                                                            ]
                                                                                                                        }
                                                                                                                    ]
                                                                                                                }
                                                                                                            ]
                                                                                                        }
                                                                                                    ]
                                                                                                }
                                                                                            ]
                                                                                        }
                                                                                    ]
                                                                                }
                                                                            ]
                                                                        }
                                                                    ]
                                                                }
                                                            ]
                                                        }
                                                    ]
                                                }
                                            ]
                                        }
                                    ]
                                }
                            ]
                        }
                    ]
                }
            ]
        }
    ]
}