{
    "rows_returned": 100,
    "query_name": "\nWITH RankedPosts AS (\n    SELECT \n        p.Id AS PostId,\n        p.Title,\n        p.CreationDate,\n        p.ViewCount,\n        p.Score,\n        ROW_NUMBER() OVER (PARTITION BY p.PostTypeId ORDER BY p.CreationDate DESC) AS Rank\n    FROM \n        Posts p \n    WHERE \n        p.CreationDate >= CAST('2024-10-01 12:34:56' AS TIMESTAMP) - INTERVAL '1 year'\n),\nPostsWithVotes AS (\n    SELECT \n        rp.PostId,\n        rp.Title,\n        rp.CreationDate,\n        rp.ViewCount,\n        rp.Score,\n        COALESCE(SUM(CASE WHEN v.VoteTypeId = 2 THEN 1 ELSE 0 END), 0) AS UpVotes,\n        COALESCE(SUM(CASE WHEN v.VoteTypeId = 3 THEN 1 ELSE 0 END), 0) AS DownVotes,\n        COUNT(DISTINCT CASE WHEN v.UserId IS NOT NULL THEN v.UserId END) AS UniqueVoterCount\n    FROM \n        RankedPosts rp\n    LEFT JOIN \n        Votes v ON rp.PostId = v.PostId\n    GROUP BY \n        rp.PostId, rp.Title, rp.CreationDate, rp.ViewCount, rp.Score\n),\nPostsWithComments AS (\n    SELECT \n        pwv.PostId,\n        pwv.Title,\n        pwv.CreationDate,\n        pwv.ViewCount,\n        pwv.Score,\n        pwv.UpVotes,\n        pwv.DownVotes,\n        pwv.UniqueVoterCount,\n        COALESCE(COUNT(c.Id), 0) AS CommentCount\n    FROM \n        PostsWithVotes pwv\n    LEFT JOIN \n        Comments c ON pwv.PostId = c.PostId\n    GROUP BY \n        pwv.PostId, pwv.Title, pwv.CreationDate, pwv.ViewCount, pwv.Score, pwv.UpVotes, pwv.DownVotes, pwv.UniqueVoterCount\n), \nClosedPosts AS (\n    SELECT DISTINCT \n        p.Id AS ClosedPostId,\n        ph.Comment AS CloseReason\n    FROM \n        Posts p\n    JOIN \n        PostHistory ph ON p.Id = ph.PostId\n    WHERE \n        ph.PostHistoryTypeId = 10 AND ph.Comment IS NOT NULL\n)\nSELECT \n    pwc.PostId,\n    pwc.Title,\n    pwc.CreationDate,\n    pwc.ViewCount,\n    pwc.Score,\n    pwc.UpVotes,\n    pwc.DownVotes,\n    pwc.UniqueVoterCount,\n    pwc.CommentCount,\n    cp.CloseReason\nFROM \n    PostsWithComments pwc\nLEFT JOIN \n    ClosedPosts cp ON pwc.PostId = cp.ClosedPostId\nWHERE \n    (pwc.CommentCount > 0 OR cp.CloseReason IS NOT NULL)\nORDER BY \n    pwc.Score DESC,\n    pwc.CreationDate ASC\nLIMIT 100;\n",
    "blocked_thread_time": 0.0,
    "cpu_time": 6.262292050000003,
    "extra_info": {},
    "cumulative_cardinality": 15986201,
    "cumulative_rows_scanned": 39481391,
    "result_set_size": 10000,
    "latency": 6.517569108,
    "children": [
        {
            "operator_name": "STREAMING_LIMIT",
            "cpu_time": 6.262292050000003,
            "extra_info": {},
            "cumulative_cardinality": 15986201,
            "operator_type": "STREAMING_LIMIT",
            "operator_cardinality": 100,
            "cumulative_rows_scanned": 39481391,
            "operator_rows_scanned": 0,
            "operator_timing": 0.000001383,
            "result_set_size": 10000,
            "children": [
                {
                    "operator_name": "PROJECTION",
                    "cpu_time": 6.262290667000003,
                    "extra_info": {
                        "Projections": [
                            "#0",
                            "#1",
                            "#2",
                            "#3",
                            "__internal_decompress_integral_integer(#4, -72)",
                            "#5",
                            "#6",
                            "#7",
                            "#8",
                            "#9"
                        ],
                        "Estimated Cardinality": "770023"
                    },
                    "cumulative_cardinality": 15986101,
                    "operator_type": "PROJECTION",
                    "operator_cardinality": 4096,
                    "cumulative_rows_scanned": 39481391,
                    "operator_rows_scanned": 0,
                    "operator_timing": 0.000005549999999999999,
                    "result_set_size": 409600,
                    "children": [
                        {
                            "operator_name": "ORDER_BY",
                            "cpu_time": 6.262285117000003,
                            "extra_info": {
                                "Order By": [
                                    "pwc.Score DESC",
                                    "pwc.CreationDate ASC"
                                ]
                            },
                            "cumulative_cardinality": 15982005,
                            "operator_type": "ORDER_BY",
                            "operator_cardinality": 4096,
                            "cumulative_rows_scanned": 39481391,
                            "operator_rows_scanned": 0,
                            "operator_timing": 0.008189716000000007,
                            "result_set_size": 401408,
                            "children": [
                                {
                                    "operator_name": "PROJECTION",
                                    "cpu_time": 6.2540954010000025,
                                    "extra_info": {
                                        "Projections": [
                                            "#0",
                                            "#1",
                                            "#2",
                                            "#3",
                                            "__internal_compress_integral_usmallint(#4, -72)",
                                            "#5",
                                            "#6",
                                            "#7",
                                            "#8",
                                            "#9"
                                        ],
                                        "Estimated Cardinality": "770023"
                                    },
                                    "cumulative_cardinality": 15977909,
                                    "operator_type": "PROJECTION",
                                    "operator_cardinality": 84472,
                                    "cumulative_rows_scanned": 39481391,
                                    "operator_rows_scanned": 0,
                                    "operator_timing": 0.000243903,
                                    "result_set_size": 8278256,
                                    "children": [
                                        {
                                            "operator_name": "FILTER",
                                            "cpu_time": 6.253851498000002,
                                            "extra_info": {
                                                "Expression": "((CommentCount > 0) OR (CloseReason IS NOT NULL))",
                                                "Estimated Cardinality": "770023"
                                            },
                                            "cumulative_cardinality": 15893437,
                                            "operator_type": "FILTER",
                                            "operator_cardinality": 84472,
                                            "cumulative_rows_scanned": 39481391,
                                            "operator_rows_scanned": 0,
                                            "operator_timing": 0.001847034,
                                            "result_set_size": 8447200,
                                            "children": [
                                                {
                                                    "operator_name": "HASH_JOIN",
                                                    "cpu_time": 6.252004464000002,
                                                    "extra_info": {
                                                        "Join Type": "LEFT",
                                                        "Conditions": "PostId = ClosedPostId",
                                                        "Estimated Cardinality": "3850116"
                                                    },
                                                    "cumulative_cardinality": 15808965,
                                                    "operator_type": "HASH_JOIN",
                                                    "operator_cardinality": 145567,
                                                    "cumulative_rows_scanned": 39481391,
                                                    "operator_rows_scanned": 0,
                                                    "operator_timing": 0.012140364000000002,
                                                    "result_set_size": 14556700,
                                                    "children": [
                                                        {
                                                            "operator_name": "PROJECTION",
                                                            "cpu_time": 2.815535651,
                                                            "extra_info": {
                                                                "Projections": [
                                                                    "PostId",
                                                                    "title",
                                                                    "creationdate",
                                                                    "viewcount",
                                                                    "score",
                                                                    "UpVotes",
                                                                    "DownVotes",
                                                                    "UniqueVoterCount",
                                                                    "CommentCount"
                                                                ],
                                                                "Estimated Cardinality": "3850116"
                                                            },
                                                            "cumulative_cardinality": 11206555,
                                                            "operator_type": "PROJECTION",
                                                            "operator_cardinality": 145542,
                                                            "cumulative_rows_scanned": 23836031,
                                                            "operator_rows_scanned": 0,
                                                            "operator_timing": 0.0014033599999999993,
                                                            "result_set_size": 12225528,
                                                            "children": [
                                                                {
                                                                    "operator_name": "PROJECTION",
                                                                    "cpu_time": 2.814132291,
                                                                    "extra_info": {
                                                                        "Projections": [
                                                                            "#0",
                                                                            "#1",
                                                                            "#2",
                                                                            "#3",
                                                                            "__internal_decompress_integral_integer(#4, -72)",
                                                                            "#5",
                                                                            "#6",
                                                                            "#7",
                                                                            "#8"
                                                                        ],
                                                                        "Estimated Cardinality": "3850116"
                                                                    },
                                                                    "cumulative_cardinality": 11061013,
                                                                    "operator_type": "PROJECTION",
                                                                    "operator_cardinality": 145542,
                                                                    "cumulative_rows_scanned": 23836031,
                                                                    "operator_rows_scanned": 0,
                                                                    "operator_timing": 0.000096494,
                                                                    "result_set_size": 12225528,
                                                                    "children": [
                                                                        {
                                                                            "operator_name": "HASH_GROUP_BY",
                                                                            "cpu_time": 2.814035797,
                                                                            "extra_info": {
                                                                                "Groups": [
                                                                                    "#0",
                                                                                    "#1",
                                                                                    "#2",
                                                                                    "#3",
                                                                                    "#4",
                                                                                    "#5",
                                                                                    "#6",
                                                                                    "#7"
                                                                                ],
                                                                                "Aggregates": "count(#8)",
                                                                                "Estimated Cardinality": "3850116"
                                                                            },
                                                                            "cumulative_cardinality": 10915471,
                                                                            "operator_type": "HASH_GROUP_BY",
                                                                            "operator_cardinality": 145542,
                                                                            "cumulative_rows_scanned": 23836031,
                                                                            "operator_rows_scanned": 0,
                                                                            "operator_timing": 0.053431131,
                                                                            "result_set_size": 11934444,
                                                                            "children": [
                                                                                {
                                                                                    "operator_name": "PROJECTION",
                                                                                    "cpu_time": 2.760604666,
                                                                                    "extra_info": {
                                                                                        "Projections": [
                                                                                            "PostId",
                                                                                            "title",
                                                                                            "creationdate",
                                                                                            "viewcount",
                                                                                            "score",
                                                                                            "UpVotes",
                                                                                            "DownVotes",
                                                                                            "UniqueVoterCount",
                                                                                            "id"
                                                                                        ],
                                                                                        "Estimated Cardinality": "7241822"
                                                                                    },
                                                                                    "cumulative_cardinality": 10769929,
                                                                                    "operator_type": "PROJECTION",
                                                                                    "operator_cardinality": 349210,
                                                                                    "cumulative_rows_scanned": 23836031,
                                                                                    "operator_rows_scanned": 0,
                                                                                    "operator_timing": 0.00015786799999999992,
                                                                                    "result_set_size": 27238380,
                                                                                    "children": [
                                                                                        {
                                                                                            "operator_name": "PROJECTION",
                                                                                            "cpu_time": 2.760446798,
                                                                                            "extra_info": {
                                                                                                "Projections": [
                                                                                                    "#0",
                                                                                                    "#1",
                                                                                                    "#2",
                                                                                                    "#3",
                                                                                                    "__internal_compress_integral_usmallint(#4, -72)",
                                                                                                    "#5",
                                                                                                    "#6",
                                                                                                    "#7",
                                                                                                    "#8"
                                                                                                ],
                                                                                                "Estimated Cardinality": "7241822"
                                                                                            },
                                                                                            "cumulative_cardinality": 10420719,
                                                                                            "operator_type": "PROJECTION",
                                                                                            "operator_cardinality": 349210,
                                                                                            "cumulative_rows_scanned": 23836031,
                                                                                            "operator_rows_scanned": 0,
                                                                                            "operator_timing": 0.0006534140000000001,
                                                                                            "result_set_size": 27238380,
                                                                                            "children": [
                                                                                                {
                                                                                                    "operator_name": "HASH_JOIN",
                                                                                                    "cpu_time": 2.759793384,
                                                                                                    "extra_info": {
                                                                                                        "Join Type": "LEFT",
                                                                                                        "Conditions": "PostId = postid",
                                                                                                        "Estimated Cardinality": "7241822"
                                                                                                    },
                                                                                                    "cumulative_cardinality": 10071509,
                                                                                                    "operator_type": "HASH_JOIN",
                                                                                                    "operator_cardinality": 349210,
                                                                                                    "cumulative_rows_scanned": 23836031,
                                                                                                    "operator_rows_scanned": 0,
                                                                                                    "operator_timing": 0.4267566299999999,
                                                                                                    "result_set_size": 27936800,
                                                                                                    "children": [
                                                                                                        {
                                                                                                            "operator_name": "PROJECTION",
                                                                                                            "cpu_time": 0.5760923480000001,
                                                                                                            "extra_info": {
                                                                                                                "Projections": [
                                                                                                                    "PostId",
                                                                                                                    "title",
                                                                                                                    "creationdate",
                                                                                                                    "viewcount",
                                                                                                                    "score",
                                                                                                                    "UpVotes",
                                                                                                                    "DownVotes",
                                                                                                                    "UniqueVoterCount"
                                                                                                                ],
                                                                                                                "Estimated Cardinality": "3850116"
                                                                                                            },
                                                                                                            "cumulative_cardinality": 2480477,
                                                                                                            "operator_type": "PROJECTION",
                                                                                                            "operator_cardinality": 145542,
                                                                                                            "cumulative_rows_scanned": 16594209,
                                                                                                            "operator_rows_scanned": 0,
                                                                                                            "operator_timing": 0.0023729969999999995,
                                                                                                            "result_set_size": 11061192,
                                                                                                            "children": [
                                                                                                                {
                                                                                                                    "operator_name": "PROJECTION",
                                                                                                                    "cpu_time": 0.573719351,
                                                                                                                    "extra_info": {
                                                                                                                        "Projections": [
                                                                                                                            "#0",
                                                                                                                            "#1",
                                                                                                                            "#2",
                                                                                                                            "#3",
                                                                                                                            "__internal_decompress_integral_integer(#4, -72)",
                                                                                                                            "#5",
                                                                                                                            "#6",
                                                                                                                            "#7"
                                                                                                                        ],
                                                                                                                        "Estimated Cardinality": "3850116"
                                                                                                                    },
                                                                                                                    "cumulative_cardinality": 2334935,
                                                                                                                    "operator_type": "PROJECTION",
                                                                                                                    "operator_cardinality": 145542,
                                                                                                                    "cumulative_rows_scanned": 16594209,
                                                                                                                    "operator_rows_scanned": 0,
                                                                                                                    "operator_timing": 0.00011310700000000001,
                                                                                                                    "result_set_size": 11061192,
                                                                                                                    "children": [
                                                                                                                        {
                                                                                                                            "operator_name": "HASH_GROUP_BY",
                                                                                                                            "cpu_time": 0.573606244,
                                                                                                                            "extra_info": {
                                                                                                                                "Groups": [
                                                                                                                                    "#0",
                                                                                                                                    "#1",
                                                                                                                                    "#2",
                                                                                                                                    "#3",
                                                                                                                                    "#4"
                                                                                                                                ],
                                                                                                                                "Aggregates": [
                                                                                                                                    "sum(#5)",
                                                                                                                                    "sum(#6)",
                                                                                                                                    "count(DISTINCT #7)"
                                                                                                                                ],
                                                                                                                                "Estimated Cardinality": "3850116"
                                                                                                                            },
                                                                                                                            "cumulative_cardinality": 2189393,
                                                                                                                            "operator_type": "HASH_GROUP_BY",
                                                                                                                            "operator_cardinality": 145542,
                                                                                                                            "cumulative_rows_scanned": 16594209,
                                                                                                                            "operator_rows_scanned": 0,
                                                                                                                            "operator_timing": 0.18380603000000012,
                                                                                                                            "result_set_size": 10770108,
                                                                                                                            "children": [
                                                                                                                                {
                                                                                                                                    "operator_name": "PROJECTION",
                                                                                                                                    "cpu_time": 0.38980021399999987,
                                                                                                                                    "extra_info": {
                                                                                                                                        "Projections": [
                                                                                                                                            "PostId",
                                                                                                                                            "title",
                                                                                                                                            "creationdate",
                                                                                                                                            "viewcount",
                                                                                                                                            "score",
                                                                                                                                            "CASE  WHEN ((votetypeid = 2)) THEN (1) ELSE 0 END",
                                                                                                                                            "CASE  WHEN ((votetypeid = 3)) THEN (1) ELSE 0 END",
                                                                                                                                            "CASE  WHEN ((userid IS NOT NULL)) THEN (userid) ELSE NULL END"
                                                                                                                                        ],
                                                                                                                                        "Estimated Cardinality": "12744093"
                                                                                                                                    },
                                                                                                                                    "cumulative_cardinality": 2043851,
                                                                                                                                    "operator_type": "PROJECTION",
                                                                                                                                    "operator_cardinality": 339719,
                                                                                                                                    "cumulative_rows_scanned": 16594209,
                                                                                                                                    "operator_rows_scanned": 0,
                                                                                                                                    "operator_timing": 0.005601747999999998,
                                                                                                                                    "result_set_size": 15627074,
                                                                                                                                    "children": [
                                                                                                                                        {
                                                                                                                                            "operator_name": "PROJECTION",
                                                                                                                                            "cpu_time": 0.38419846599999985,
                                                                                                                                            "extra_info": {
                                                                                                                                                "Projections": [
                                                                                                                                                    "#0",
                                                                                                                                                    "#1",
                                                                                                                                                    "#2",
                                                                                                                                                    "#3",
                                                                                                                                                    "#4",
                                                                                                                                                    "#5",
                                                                                                                                                    "__internal_compress_integral_usmallint(#6, -72)"
                                                                                                                                                ],
                                                                                                                                                "Estimated Cardinality": "12744093"
                                                                                                                                            },
                                                                                                                                            "cumulative_cardinality": 1704132,
                                                                                                                                            "operator_type": "PROJECTION",
                                                                                                                                            "operator_cardinality": 339719,
                                                                                                                                            "cumulative_rows_scanned": 16594209,
                                                                                                                                            "operator_rows_scanned": 0,
                                                                                                                                            "operator_timing": 0.0004216279999999999,
                                                                                                                                            "result_set_size": 13588760,
                                                                                                                                            "children": [
                                                                                                                                                {
                                                                                                                                                    "operator_name": "HASH_JOIN",
                                                                                                                                                    "cpu_time": 0.38377683799999984,
                                                                                                                                                    "extra_info": {
                                                                                                                                                        "Join Type": "RIGHT",
                                                                                                                                                        "Conditions": "postid = PostId",
                                                                                                                                                        "Estimated Cardinality": "12744093"
                                                                                                                                                    },
                                                                                                                                                    "cumulative_cardinality": 1364413,
                                                                                                                                                    "operator_type": "HASH_JOIN",
                                                                                                                                                    "operator_cardinality": 339719,
                                                                                                                                                    "cumulative_rows_scanned": 16594209,
                                                                                                                                                    "operator_rows_scanned": 0,
                                                                                                                                                    "operator_timing": 0.03412807399999996,
                                                                                                                                                    "result_set_size": 14268198,
                                                                                                                                                    "children": [
                                                                                                                                                        {
                                                                                                                                                            "operator_name": "READ_PARQUET ",
                                                                                                                                                            "cpu_time": 0.2138288789999999,
                                                                                                                                                            "extra_info": {
                                                                                                                                                                "Function": "READ_PARQUET",
                                                                                                                                                                "Projections": [
                                                                                                                                                                    "postid",
                                                                                                                                                                    "votetypeid",
                                                                                                                                                                    "userid"
                                                                                                                                                                ],
                                                                                                                                                                "Estimated Cardinality": "12744093"
                                                                                                                                                            },
                                                                                                                                                            "cumulative_cardinality": 442526,
                                                                                                                                                            "operator_type": "TABLE_SCAN",
                                                                                                                                                            "operator_cardinality": 442526,
                                                                                                                                                            "cumulative_rows_scanned": 12744093,
                                                                                                                                                            "operator_rows_scanned": 12744093,
                                                                                                                                                            "operator_timing": 0.2138288789999999,
                                                                                                                                                            "result_set_size": 4425260,
                                                                                                                                                            "children": []
                                                                                                                                                        },
                                                                                                                                                        {
                                                                                                                                                            "operator_name": "PROJECTION",
                                                                                                                                                            "cpu_time": 0.13581988500000003,
                                                                                                                                                            "extra_info": {
                                                                                                                                                                "Projections": [
                                                                                                                                                                    "PostId",
                                                                                                                                                                    "title",
                                                                                                                                                                    "creationdate",
                                                                                                                                                                    "viewcount",
                                                                                                                                                                    "score"
                                                                                                                                                                ],
                                                                                                                                                                "Estimated Cardinality": "770023"
                                                                                                                                                            },
                                                                                                                                                            "cumulative_cardinality": 582168,
                                                                                                                                                            "operator_type": "PROJECTION",
                                                                                                                                                            "operator_cardinality": 145542,
                                                                                                                                                            "cumulative_rows_scanned": 3850116,
                                                                                                                                                            "operator_rows_scanned": 0,
                                                                                                                                                            "operator_timing": 0.000021888000000000005,
                                                                                                                                                            "result_set_size": 5239512,
                                                                                                                                                            "children": [
                                                                                                                                                                {
                                                                                                                                                                    "operator_name": "PROJECTION",
                                                                                                                                                                    "cpu_time": 0.13579799700000003,
                                                                                                                                                                    "extra_info": {
                                                                                                                                                                        "Projections": [
                                                                                                                                                                            "#0",
                                                                                                                                                                            "#1",
                                                                                                                                                                            "#2",
                                                                                                                                                                            "#3",
                                                                                                                                                                            "#4",
                                                                                                                                                                            "#5",
                                                                                                                                                                            "#6"
                                                                                                                                                                        ],
                                                                                                                                                                        "Estimated Cardinality": "770023"
                                                                                                                                                                    },
                                                                                                                                                                    "cumulative_cardinality": 436626,
                                                                                                                                                                    "operator_type": "PROJECTION",
                                                                                                                                                                    "operator_cardinality": 145542,
                                                                                                                                                                    "cumulative_rows_scanned": 3850116,
                                                                                                                                                                    "operator_rows_scanned": 0,
                                                                                                                                                                    "operator_timing": 0.000034043,
                                                                                                                                                                    "result_set_size": 6694932,
                                                                                                                                                                    "children": [
                                                                                                                                                                        {
                                                                                                                                                                            "operator_name": "WINDOW",
                                                                                                                                                                            "cpu_time": 0.13576395400000002,
                                                                                                                                                                            "extra_info": {
                                                                                                                                                                                "Projections": "ROW_NUMBER() OVER (PARTITION BY posttypeid ORDER BY creationdate DESC NULLS LAST)"
                                                                                                                                                                            },
                                                                                                                                                                            "cumulative_cardinality": 291084,
                                                                                                                                                                            "operator_type": "WINDOW",
                                                                                                                                                                            "operator_cardinality": 145542,
                                                                                                                                                                            "cumulative_rows_scanned": 3850116,
                                                                                                                                                                            "operator_rows_scanned": 0,
                                                                                                                                                                            "operator_timing": 0.040908006000000004,
                                                                                                                                                                            "result_set_size": 6694932,
                                                                                                                                                                            "children": [
                                                                                                                                                                                {
                                                                                                                                                                                    "operator_name": "READ_PARQUET ",
                                                                                                                                                                                    "cpu_time": 0.09485594800000001,
                                                                                                                                                                                    "extra_info": {
                                                                                                                                                                                        "Function": "READ_PARQUET",
                                                                                                                                                                                        "Projections": [
                                                                                                                                                                                            "id",
                                                                                                                                                                                            "posttypeid",
                                                                                                                                                                                            "creationdate",
                                                                                                                                                                                            "score",
                                                                                                                                                                                            "viewcount",
                                                                                                                                                                                            "title"
                                                                                                                                                                                        ],
                                                                                                                                                                                        "Filters": "creationdate>='2023-10-01 12:34:56'::TIMESTAMP",
                                                                                                                                                                                        "Estimated Cardinality": "770023"
                                                                                                                                                                                    },
                                                                                                                                                                                    "cumulative_cardinality": 145542,
                                                                                                                                                                                    "operator_type": "TABLE_SCAN",
                                                                                                                                                                                    "operator_cardinality": 145542,
                                                                                                                                                                                    "cumulative_rows_scanned": 3850116,
                                                                                                                                                                                    "operator_rows_scanned": 3850116,
                                                                                                                                                                                    "operator_timing": 0.09485594800000001,
                                                                                                                                                                                    "result_set_size": 5530596,
                                                                                                                                                                                    "children": []
                                                                                                                                                                                }
                                                                                                                                                                            ]
                                                                                                                                                                        }
                                                                                                                                                                    ]
                                                                                                                                                                }
                                                                                                                                                            ]
                                                                                                                                                        }
                                                                                                                                                    ]
                                                                                                                                                }
                                                                                                                                            ]
                                                                                                                                        }
                                                                                                                                    ]
                                                                                                                                }
                                                                                                                            ]
                                                                                                                        }
                                                                                                                    ]
                                                                                                                }
                                                                                                            ]
                                                                                                        },
                                                                                                        {
                                                                                                            "operator_name": "READ_PARQUET ",
                                                                                                            "cpu_time": 1.756944406,
                                                                                                            "extra_info": {
                                                                                                                "Function": "READ_PARQUET",
                                                                                                                "Projections": [
                                                                                                                    "id",
                                                                                                                    "postid"
                                                                                                                ],
                                                                                                                "Estimated Cardinality": "7241822"
                                                                                                            },
                                                                                                            "cumulative_cardinality": 7241822,
                                                                                                            "operator_type": "TABLE_SCAN",
                                                                                                            "operator_cardinality": 7241822,
                                                                                                            "cumulative_rows_scanned": 7241822,
                                                                                                            "operator_rows_scanned": 7241822,
                                                                                                            "operator_timing": 1.756944406,
                                                                                                            "result_set_size": 57934576,
                                                                                                            "children": []
                                                                                                        }
                                                                                                    ]
                                                                                                }
                                                                                            ]
                                                                                        }
                                                                                    ]
                                                                                }
                                                                            ]
                                                                        }
                                                                    ]
                                                                }
                                                            ]
                                                        },
                                                        {
                                                            "operator_name": "HASH_GROUP_BY",
                                                            "cpu_time": 3.424328449000003,
                                                            "extra_info": {
                                                                "Groups": [
                                                                    "#0",
                                                                    "#1"
                                                                ],
                                                                "Aggregates": "",
                                                                "Estimated Cardinality": "471809"
                                                            },
                                                            "cumulative_cardinality": 4456843,
                                                            "operator_type": "HASH_GROUP_BY",
                                                            "operator_cardinality": 120898,
                                                            "cumulative_rows_scanned": 15645360,
                                                            "operator_rows_scanned": 0,
                                                            "operator_timing": 0.015996397000000002,
                                                            "result_set_size": 2417960,
                                                            "children": [
                                                                {
                                                                    "operator_name": "PROJECTION",
                                                                    "cpu_time": 3.408332052000003,
                                                                    "extra_info": {
                                                                        "Projections": [
                                                                            "ClosedPostId",
                                                                            "CloseReason"
                                                                        ],
                                                                        "Estimated Cardinality": "471809"
                                                                    },
                                                                    "cumulative_cardinality": 4335945,
                                                                    "operator_type": "PROJECTION",
                                                                    "operator_cardinality": 121464,
                                                                    "cumulative_rows_scanned": 15645360,
                                                                    "operator_rows_scanned": 0,
                                                                    "operator_timing": 0.00021750499999999965,
                                                                    "result_set_size": 2429280,
                                                                    "children": [
                                                                        {
                                                                            "operator_name": "HASH_JOIN",
                                                                            "cpu_time": 3.408114547000003,
                                                                            "extra_info": {
                                                                                "Join Type": "INNER",
                                                                                "Conditions": "id = postid",
                                                                                "Estimated Cardinality": "471809"
                                                                            },
                                                                            "cumulative_cardinality": 4214481,
                                                                            "operator_type": "HASH_JOIN",
                                                                            "operator_cardinality": 121464,
                                                                            "cumulative_rows_scanned": 15645360,
                                                                            "operator_rows_scanned": 0,
                                                                            "operator_timing": 0.08304582799999985,
                                                                            "result_set_size": 2429280,
                                                                            "children": [
                                                                                {
                                                                                    "operator_name": "READ_PARQUET ",
                                                                                    "cpu_time": 0.04815417700000009,
                                                                                    "extra_info": {
                                                                                        "Function": "READ_PARQUET",
                                                                                        "Projections": "id",
                                                                                        "Estimated Cardinality": "3850116"
                                                                                    },
                                                                                    "cumulative_cardinality": 3850089,
                                                                                    "operator_type": "TABLE_SCAN",
                                                                                    "operator_cardinality": 3850089,
                                                                                    "cumulative_rows_scanned": 3850116,
                                                                                    "operator_rows_scanned": 3850116,
                                                                                    "operator_timing": 0.04815417700000009,
                                                                                    "result_set_size": 15400356,
                                                                                    "children": []
                                                                                },
                                                                                {
                                                                                    "operator_name": "FILTER",
                                                                                    "cpu_time": 3.276914542000003,
                                                                                    "extra_info": {
                                                                                        "Expression": "(comment IS NOT NULL)",
                                                                                        "Estimated Cardinality": "471809"
                                                                                    },
                                                                                    "cumulative_cardinality": 242928,
                                                                                    "operator_type": "FILTER",
                                                                                    "operator_cardinality": 121464,
                                                                                    "cumulative_rows_scanned": 11795244,
                                                                                    "operator_rows_scanned": 0,
                                                                                    "operator_timing": 0.007622696999999973,
                                                                                    "result_set_size": 2429280,
                                                                                    "children": [
                                                                                        {
                                                                                            "operator_name": "READ_PARQUET ",
                                                                                            "cpu_time": 3.2692918450000032,
                                                                                            "extra_info": {
                                                                                                "Function": "READ_PARQUET",
                                                                                                "Projections": [
                                                                                                    "postid",
                                                                                                    "comment"
                                                                                                ],
                                                                                                "Filters": "posthistorytypeid=10",
                                                                                                "Estimated Cardinality": "2359048"
                                                                                            },
                                                                                            "cumulative_cardinality": 121464,
                                                                                            "operator_type": "TABLE_SCAN",
                                                                                            "operator_cardinality": 121464,
                                                                                            "cumulative_rows_scanned": 11795244,
                                                                                            "operator_rows_scanned": 11795244,
                                                                                            "operator_timing": 3.2692918450000032,
                                                                                            "result_set_size": 2429280,
                                                                                            "children": []
                                                                                        }
                                                                                    ]
                                                                                }
                                                                            ]
                                                                        }
                                                                    ]
                                                                }
                                                            ]
                                                        }
                                                    ]
                                                }
                                            ]
                                        }
                                    ]
                                }
                            ]
                        }
                    ]
                }
            ]
        }
    ]
}