{
    "rows_returned": 1589663,
    "query_name": "WITH RankedPosts AS (\n    SELECT \n        p.Id AS PostId,\n        p.OwnerUserId,\n        p.Title,\n        p.CreationDate,\n        p.ViewCount,\n        p.Score,\n        ROW_NUMBER() OVER (PARTITION BY p.OwnerUserId ORDER BY p.CreationDate DESC) AS UserPostRank\n    FROM \n        Posts p\n    WHERE \n        p.PostTypeId IN (1, 2) \n),\nUserVoteStats AS (\n    SELECT \n        u.Id AS UserId,\n        COUNT(v.Id) AS TotalVotes,\n        SUM(CASE WHEN v.VoteTypeId = 2 THEN 1 ELSE 0 END) AS Upvotes,\n        SUM(CASE WHEN v.VoteTypeId = 3 THEN 1 ELSE 0 END) AS Downvotes\n    FROM \n        Users u\n    LEFT JOIN \n        Votes v ON u.Id = v.UserId\n    GROUP BY \n        u.Id\n),\nPostHistoryStats AS (\n    SELECT \n        ph.PostId,\n        COUNT(CASE WHEN ph.PostHistoryTypeId IN (10, 11) THEN 1 END) AS CloseReopenCount,\n        COUNT(CASE WHEN ph.PostHistoryTypeId = 12 THEN 1 END) AS DeleteCount,\n        COUNT(CASE WHEN ph.PostHistoryTypeId = 13 THEN 1 END) AS UndeleteCount\n    FROM \n        PostHistory ph\n    GROUP BY \n        ph.PostId\n),\nCombinedStats AS (\n    SELECT \n        rp.PostId,\n        rp.OwnerUserId,\n        rp.Title,\n        rp.CreationDate,\n        rp.ViewCount,\n        rp.Score,\n        ups.TotalVotes AS UserTotalVotes,\n        ups.Upvotes AS UserUpvotes,\n        ups.Downvotes AS UserDownvotes,\n        phs.CloseReopenCount,\n        phs.DeleteCount,\n        phs.UndeleteCount\n    FROM \n        RankedPosts rp\n    JOIN \n        UserVoteStats ups ON rp.OwnerUserId = ups.UserId\n    LEFT JOIN \n        PostHistoryStats phs ON rp.PostId = phs.PostId\n)\n\nSELECT \n    cs.PostId,\n    cs.OwnerUserId,\n    cs.Title,\n    cs.CreationDate,\n    cs.ViewCount,\n    COALESCE(cs.UserTotalVotes, 0) AS UserTotalVotes,\n    COALESCE(cs.UserUpvotes, 0) AS UserUpvotes,\n    COALESCE(cs.UserDownvotes, 0) AS UserDownvotes,\n    COALESCE(cs.CloseReopenCount, 0) AS CloseReopenCount,\n    COALESCE(cs.DeleteCount, 0) AS DeleteCount,\n    COALESCE(cs.UndeleteCount, 0) AS UndeleteCount,\n    CASE \n        WHEN cs.Score > 0 THEN 'Positive' \n        WHEN cs.Score < 0 THEN 'Negative' \n        ELSE 'Neutral' \n    END AS ScoreType,\n    CASE \n        WHEN cs.CloseReopenCount > 0 THEN 'Has been closed/reopened'\n        ELSE 'Not closed/reopened'\n    END AS ClosureStatus\nFROM \n    CombinedStats cs\nWHERE \n    cs.UserTotalVotes IS NOT NULL\n    AND cs.ViewCount > 0\nORDER BY \n    cs.ViewCount DESC, \n    cs.Score DESC;",
    "blocked_thread_time": 0.0,
    "cpu_time": 7.645857247999998,
    "extra_info": {},
    "cumulative_cardinality": 62797966,
    "cumulative_rows_scanned": 29650163,
    "result_set_size": 209835516,
    "latency": 17.689249692,
    "children": [
        {
            "operator_name": "PROJECTION",
            "cpu_time": 7.645857247999998,
            "extra_info": {
                "Projections": [
                    "#0",
                    "#1",
                    "#2",
                    "#3",
                    "#4",
                    "#5",
                    "#6",
                    "#7",
                    "#8",
                    "#9",
                    "#10",
                    "__internal_decompress_string(#11)",
                    "#12"
                ],
                "Estimated Cardinality": "5897622"
            },
            "cumulative_cardinality": 62797966,
            "operator_type": "PROJECTION",
            "operator_cardinality": 1589663,
            "cumulative_rows_scanned": 29650163,
            "operator_rows_scanned": 0,
            "operator_timing": 0.01683024499999997,
            "result_set_size": 209835516,
            "children": [
                {
                    "operator_name": "ORDER_BY",
                    "cpu_time": 7.629027002999997,
                    "extra_info": {
                        "Order By": [
                            "cs.ViewCount DESC",
                            "score DESC"
                        ]
                    },
                    "cumulative_cardinality": 61208303,
                    "operator_type": "ORDER_BY",
                    "operator_cardinality": 1589663,
                    "cumulative_rows_scanned": 29650163,
                    "operator_rows_scanned": 0,
                    "operator_timing": 0.3216777829999997,
                    "result_set_size": 209835516,
                    "children": [
                        {
                            "operator_name": "PROJECTION",
                            "cpu_time": 7.307349219999997,
                            "extra_info": {
                                "Projections": [
                                    "#0",
                                    "#1",
                                    "#2",
                                    "#3",
                                    "#4",
                                    "#5",
                                    "#6",
                                    "#7",
                                    "#8",
                                    "#9",
                                    "#10",
                                    "__internal_compress_string_hugeint(#11)",
                                    "#12",
                                    "__internal_compress_integral_usmallint(#13, -72)"
                                ],
                                "Estimated Cardinality": "5897622"
                            },
                            "cumulative_cardinality": 59618640,
                            "operator_type": "PROJECTION",
                            "operator_cardinality": 1589663,
                            "cumulative_rows_scanned": 29650163,
                            "operator_rows_scanned": 0,
                            "operator_timing": 0.01882324799999999,
                            "result_set_size": 213014842,
                            "children": [
                                {
                                    "operator_name": "PROJECTION",
                                    "cpu_time": 7.288525971999997,
                                    "extra_info": {
                                        "Projections": [
                                            "PostId",
                                            "owneruserid",
                                            "title",
                                            "creationdate",
                                            "viewcount",
                                            "UserTotalVotes",
                                            "UserUpvotes",
                                            "UserDownvotes",
                                            "CloseReopenCount",
                                            "DeleteCount",
                                            "UndeleteCount",
                                            "ScoreType",
                                            "ClosureStatus",
                                            "score"
                                        ],
                                        "Estimated Cardinality": "5897622"
                                    },
                                    "cumulative_cardinality": 58028977,
                                    "operator_type": "PROJECTION",
                                    "operator_cardinality": 1589663,
                                    "cumulative_rows_scanned": 29650163,
                                    "operator_rows_scanned": 0,
                                    "operator_timing": 0.13348995500000005,
                                    "result_set_size": 216194168,
                                    "children": [
                                        {
                                            "operator_name": "PROJECTION",
                                            "cpu_time": 7.155036016999997,
                                            "extra_info": {
                                                "Projections": [
                                                    "PostId",
                                                    "owneruserid",
                                                    "title",
                                                    "creationdate",
                                                    "viewcount",
                                                    "score",
                                                    "UserTotalVotes",
                                                    "UserUpvotes",
                                                    "UserDownvotes",
                                                    "CloseReopenCount",
                                                    "DeleteCount",
                                                    "UndeleteCount"
                                                ],
                                                "Estimated Cardinality": "5897622"
                                            },
                                            "cumulative_cardinality": 56439314,
                                            "operator_type": "PROJECTION",
                                            "operator_cardinality": 1589663,
                                            "cumulative_rows_scanned": 29650163,
                                            "operator_rows_scanned": 0,
                                            "operator_timing": 0.0015200980000000077,
                                            "result_set_size": 165324952,
                                            "children": [
                                                {
                                                    "operator_name": "HASH_JOIN",
                                                    "cpu_time": 7.153515918999997,
                                                    "extra_info": {
                                                        "Join Type": "RIGHT",
                                                        "Conditions": "postid = PostId",
                                                        "Estimated Cardinality": "5897622"
                                                    },
                                                    "cumulative_cardinality": 54849651,
                                                    "operator_type": "HASH_JOIN",
                                                    "operator_cardinality": 1589663,
                                                    "cumulative_rows_scanned": 29650163,
                                                    "operator_rows_scanned": 0,
                                                    "operator_timing": 0.5040661949999999,
                                                    "result_set_size": 165324952,
                                                    "children": [
                                                        {
                                                            "operator_name": "HASH_GROUP_BY",
                                                            "cpu_time": 1.3312319540000002,
                                                            "extra_info": {
                                                                "Groups": "#0",
                                                                "Aggregates": [
                                                                    "count(#1)",
                                                                    "count(#2)",
                                                                    "count(#3)"
                                                                ],
                                                                "Estimated Cardinality": "5897622"
                                                            },
                                                            "cumulative_cardinality": 27440604,
                                                            "operator_type": "HASH_GROUP_BY",
                                                            "operator_cardinality": 3850116,
                                                            "cumulative_rows_scanned": 11795244,
                                                            "operator_rows_scanned": 0,
                                                            "operator_timing": 0.8952570460000008,
                                                            "result_set_size": 107803248,
                                                            "children": [
                                                                {
                                                                    "operator_name": "PROJECTION",
                                                                    "cpu_time": 0.4359749079999995,
                                                                    "extra_info": {
                                                                        "Projections": [
                                                                            "postid",
                                                                            "CASE  WHEN ((posthistorytypeid IN (10, 11))) THEN (1) ELSE NULL END",
                                                                            "CASE  WHEN ((posthistorytypeid = 12)) THEN (1) ELSE NULL END",
                                                                            "CASE  WHEN ((posthistorytypeid = 13)) THEN (1) ELSE NULL END"
                                                                        ],
                                                                        "Estimated Cardinality": "11795244"
                                                                    },
                                                                    "cumulative_cardinality": 23590488,
                                                                    "operator_type": "PROJECTION",
                                                                    "operator_cardinality": 11795244,
                                                                    "cumulative_rows_scanned": 11795244,
                                                                    "operator_rows_scanned": 0,
                                                                    "operator_timing": 0.27178783099999926,
                                                                    "result_set_size": 188723904,
                                                                    "children": [
                                                                        {
                                                                            "operator_name": "READ_PARQUET ",
                                                                            "cpu_time": 0.16418707700000026,
                                                                            "extra_info": {
                                                                                "Function": "READ_PARQUET",
                                                                                "Projections": [
                                                                                    "posthistorytypeid",
                                                                                    "postid"
                                                                                ],
                                                                                "Estimated Cardinality": "11795244"
                                                                            },
                                                                            "cumulative_cardinality": 11795244,
                                                                            "operator_type": "TABLE_SCAN",
                                                                            "operator_cardinality": 11795244,
                                                                            "cumulative_rows_scanned": 11795244,
                                                                            "operator_rows_scanned": 11795244,
                                                                            "operator_timing": 0.16418707700000026,
                                                                            "result_set_size": 70771464,
                                                                            "children": []
                                                                        }
                                                                    ]
                                                                }
                                                            ]
                                                        },
                                                        {
                                                            "operator_name": "HASH_JOIN",
                                                            "cpu_time": 5.318217769999997,
                                                            "extra_info": {
                                                                "Join Type": "INNER",
                                                                "Conditions": "UserId = owneruserid",
                                                                "Estimated Cardinality": "30800"
                                                            },
                                                            "cumulative_cardinality": 25819384,
                                                            "operator_type": "HASH_JOIN",
                                                            "operator_cardinality": 1589663,
                                                            "cumulative_rows_scanned": 17854919,
                                                            "operator_rows_scanned": 0,
                                                            "operator_timing": 0.2522124100000003,
                                                            "result_set_size": 127173040,
                                                            "children": [
                                                                {
                                                                    "operator_name": "FILTER",
                                                                    "cpu_time": 2.6387661159999976,
                                                                    "extra_info": {
                                                                        "Expression": "(TotalVotes IS NOT NULL)",
                                                                        "Estimated Cardinality": "252142"
                                                                    },
                                                                    "cumulative_cardinality": 7688858,
                                                                    "operator_type": "FILTER",
                                                                    "operator_cardinality": 1260679,
                                                                    "cumulative_rows_scanned": 14004803,
                                                                    "operator_rows_scanned": 0,
                                                                    "operator_timing": 0.0033472669999999993,
                                                                    "result_set_size": 55469876,
                                                                    "children": [
                                                                        {
                                                                            "operator_name": "HASH_GROUP_BY",
                                                                            "cpu_time": 2.6354188489999975,
                                                                            "extra_info": {
                                                                                "Groups": "#0",
                                                                                "Aggregates": [
                                                                                    "count(#1)",
                                                                                    "sum(#2)",
                                                                                    "sum(#3)"
                                                                                ],
                                                                                "Estimated Cardinality": "1260710"
                                                                            },
                                                                            "cumulative_cardinality": 6428179,
                                                                            "operator_type": "HASH_GROUP_BY",
                                                                            "operator_cardinality": 1260679,
                                                                            "cumulative_rows_scanned": 14004803,
                                                                            "operator_rows_scanned": 0,
                                                                            "operator_timing": 0.3187647509999999,
                                                                            "result_set_size": 55469876,
                                                                            "children": [
                                                                                {
                                                                                    "operator_name": "PROJECTION",
                                                                                    "cpu_time": 2.3166540979999977,
                                                                                    "extra_info": {
                                                                                        "Projections": [
                                                                                            "id",
                                                                                            "id",
                                                                                            "CASE  WHEN ((votetypeid = 2)) THEN (1) ELSE 0 END",
                                                                                            "CASE  WHEN ((votetypeid = 3)) THEN (1) ELSE 0 END"
                                                                                        ],
                                                                                        "Estimated Cardinality": "12744093"
                                                                                    },
                                                                                    "cumulative_cardinality": 5167500,
                                                                                    "operator_type": "PROJECTION",
                                                                                    "operator_cardinality": 1288824,
                                                                                    "cumulative_rows_scanned": 14004803,
                                                                                    "operator_rows_scanned": 0,
                                                                                    "operator_timing": 0.0030077699999999973,
                                                                                    "result_set_size": 20621184,
                                                                                    "children": [
                                                                                        {
                                                                                            "operator_name": "FILTER",
                                                                                            "cpu_time": 2.3136463279999977,
                                                                                            "extra_info": {
                                                                                                "Expression": "(id <= 1416539)",
                                                                                                "Estimated Cardinality": "12744093"
                                                                                            },
                                                                                            "cumulative_cardinality": 3878676,
                                                                                            "operator_type": "FILTER",
                                                                                            "operator_cardinality": 1288824,
                                                                                            "cumulative_rows_scanned": 14004803,
                                                                                            "operator_rows_scanned": 0,
                                                                                            "operator_timing": 0.0021217789999999994,
                                                                                            "result_set_size": 12888240,
                                                                                            "children": [
                                                                                                {
                                                                                                    "operator_name": "HASH_JOIN",
                                                                                                    "cpu_time": 2.311524548999998,
                                                                                                    "extra_info": {
                                                                                                        "Join Type": "RIGHT",
                                                                                                        "Conditions": "userid = id",
                                                                                                        "Estimated Cardinality": "12744093"
                                                                                                    },
                                                                                                    "cumulative_cardinality": 2589852,
                                                                                                    "operator_type": "HASH_JOIN",
                                                                                                    "operator_cardinality": 1288855,
                                                                                                    "cumulative_rows_scanned": 14004803,
                                                                                                    "operator_rows_scanned": 0,
                                                                                                    "operator_timing": 0.10319174500000064,
                                                                                                    "result_set_size": 12888550,
                                                                                                    "children": [
                                                                                                        {
                                                                                                            "operator_name": "READ_PARQUET ",
                                                                                                            "cpu_time": 1.910902401999998,
                                                                                                            "extra_info": {
                                                                                                                "Function": "READ_PARQUET",
                                                                                                                "Projections": [
                                                                                                                    "id",
                                                                                                                    "votetypeid",
                                                                                                                    "userid"
                                                                                                                ],
                                                                                                                "Estimated Cardinality": "12744093"
                                                                                                            },
                                                                                                            "cumulative_cardinality": 40287,
                                                                                                            "operator_type": "TABLE_SCAN",
                                                                                                            "operator_cardinality": 40287,
                                                                                                            "cumulative_rows_scanned": 12744093,
                                                                                                            "operator_rows_scanned": 12744093,
                                                                                                            "operator_timing": 1.910902401999998,
                                                                                                            "result_set_size": 402870,
                                                                                                            "children": []
                                                                                                        },
                                                                                                        {
                                                                                                            "operator_name": "READ_PARQUET ",
                                                                                                            "cpu_time": 0.297430401999999,
                                                                                                            "extra_info": {
                                                                                                                "Function": "READ_PARQUET",
                                                                                                                "Projections": "id",
                                                                                                                "Estimated Cardinality": "1260710"
                                                                                                            },
                                                                                                            "cumulative_cardinality": 1260710,
                                                                                                            "operator_type": "TABLE_SCAN",
                                                                                                            "operator_cardinality": 1260710,
                                                                                                            "cumulative_rows_scanned": 1260710,
                                                                                                            "operator_rows_scanned": 1260710,
                                                                                                            "operator_timing": 0.297430401999999,
                                                                                                            "result_set_size": 5042840,
                                                                                                            "children": []
                                                                                                        }
                                                                                                    ]
                                                                                                }
                                                                                            ]
                                                                                        }
                                                                                    ]
                                                                                }
                                                                            ]
                                                                        }
                                                                    ]
                                                                },
                                                                {
                                                                    "operator_name": "PROJECTION",
                                                                    "cpu_time": 2.4272392439999995,
                                                                    "extra_info": {
                                                                        "Projections": [
                                                                            "PostId",
                                                                            "owneruserid",
                                                                            "title",
                                                                            "creationdate",
                                                                            "viewcount",
                                                                            "score"
                                                                        ],
                                                                        "Estimated Cardinality": "154004"
                                                                    },
                                                                    "cumulative_cardinality": 16540863,
                                                                    "operator_type": "PROJECTION",
                                                                    "operator_cardinality": 1668164,
                                                                    "cumulative_rows_scanned": 3850116,
                                                                    "operator_rows_scanned": 0,
                                                                    "operator_timing": 0.0005647919999999999,
                                                                    "result_set_size": 66726560,
                                                                    "children": [
                                                                        {
                                                                            "operator_name": "PROJECTION",
                                                                            "cpu_time": 2.4266744519999994,
                                                                            "extra_info": {
                                                                                "Projections": [
                                                                                    "#0",
                                                                                    "#1",
                                                                                    "#2",
                                                                                    "#3",
                                                                                    "#4",
                                                                                    "#5"
                                                                                ],
                                                                                "Estimated Cardinality": "154004"
                                                                            },
                                                                            "cumulative_cardinality": 14872699,
                                                                            "operator_type": "PROJECTION",
                                                                            "operator_cardinality": 1668164,
                                                                            "cumulative_rows_scanned": 3850116,
                                                                            "operator_rows_scanned": 0,
                                                                            "operator_timing": 0.0006127249999999997,
                                                                            "result_set_size": 66726560,
                                                                            "children": [
                                                                                {
                                                                                    "operator_name": "FILTER",
                                                                                    "cpu_time": 2.4260617269999996,
                                                                                    "extra_info": {
                                                                                        "Expression": "constant_or_null(true, viewcount, 0)",
                                                                                        "Estimated Cardinality": "154004"
                                                                                    },
                                                                                    "cumulative_cardinality": 13204535,
                                                                                    "operator_type": "FILTER",
                                                                                    "operator_cardinality": 1668164,
                                                                                    "cumulative_rows_scanned": 3850116,
                                                                                    "operator_rows_scanned": 0,
                                                                                    "operator_timing": 0.024599560000000003,
                                                                                    "result_set_size": 80071872,
                                                                                    "children": [
                                                                                        {
                                                                                            "operator_name": "PROJECTION",
                                                                                            "cpu_time": 2.4014621669999996,
                                                                                            "extra_info": {
                                                                                                "Projections": [
                                                                                                    "#0",
                                                                                                    "#1",
                                                                                                    "#2",
                                                                                                    "#3",
                                                                                                    "#4",
                                                                                                    "#5",
                                                                                                    "#6"
                                                                                                ],
                                                                                                "Estimated Cardinality": "770023"
                                                                                            },
                                                                                            "cumulative_cardinality": 11536371,
                                                                                            "operator_type": "PROJECTION",
                                                                                            "operator_cardinality": 3845457,
                                                                                            "cumulative_rows_scanned": 3850116,
                                                                                            "operator_rows_scanned": 0,
                                                                                            "operator_timing": 0.0007632400000000022,
                                                                                            "result_set_size": 184581936,
                                                                                            "children": [
                                                                                                {
                                                                                                    "operator_name": "WINDOW",
                                                                                                    "cpu_time": 2.4006989269999996,
                                                                                                    "extra_info": {
                                                                                                        "Projections": "ROW_NUMBER() OVER (PARTITION BY owneruserid ORDER BY creationdate DESC NULLS LAST)"
                                                                                                    },
                                                                                                    "cumulative_cardinality": 7690914,
                                                                                                    "operator_type": "WINDOW",
                                                                                                    "operator_cardinality": 3845457,
                                                                                                    "cumulative_rows_scanned": 3850116,
                                                                                                    "operator_rows_scanned": 0,
                                                                                                    "operator_timing": 1.5116401569999995,
                                                                                                    "result_set_size": 184581936,
                                                                                                    "children": [
                                                                                                        {
                                                                                                            "operator_name": "READ_PARQUET ",
                                                                                                            "cpu_time": 0.8890587700000003,
                                                                                                            "extra_info": {
                                                                                                                "Function": "READ_PARQUET",
                                                                                                                "Projections": [
                                                                                                                    "id",
                                                                                                                    "creationdate",
                                                                                                                    "score",
                                                                                                                    "viewcount",
                                                                                                                    "owneruserid",
                                                                                                                    "title"
                                                                                                                ],
                                                                                                                "Filters": "posttypeid>=1 AND posttypeid<=2",
                                                                                                                "Estimated Cardinality": "770023"
                                                                                                            },
                                                                                                            "cumulative_cardinality": 3845457,
                                                                                                            "operator_type": "TABLE_SCAN",
                                                                                                            "operator_cardinality": 3845457,
                                                                                                            "cumulative_rows_scanned": 3850116,
                                                                                                            "operator_rows_scanned": 3850116,
                                                                                                            "operator_timing": 0.8890587700000003,
                                                                                                            "result_set_size": 153818280,
                                                                                                            "children": []
                                                                                                        }
                                                                                                    ]
                                                                                                }
                                                                                            ]
                                                                                        }
                                                                                    ]
                                                                                }
                                                                            ]
                                                                        }
                                                                    ]
                                                                }
                                                            ]
                                                        }
                                                    ]
                                                }
                                            ]
                                        }
                                    ]
                                }
                            ]
                        }
                    ]
                }
            ]
        }
    ]
}