{
    "rows_returned": 164801,
    "query_name": "WITH RankedPosts AS (\n    SELECT \n        p.Id AS PostId,\n        p.Title,\n        p.CreationDate,\n        p.OwnerUserId,\n        p.PostTypeId,\n        p.Score,\n        COUNT(c.Id) AS CommentCount,\n        RANK() OVER (PARTITION BY p.PostTypeId ORDER BY p.Score DESC) AS ScoreRank\n    FROM \n        Posts p \n    LEFT JOIN \n        Comments c ON p.Id = c.PostId\n    WHERE \n        p.CreationDate >= cast('2024-10-01 12:34:56' as timestamp) - INTERVAL '1 year' \n        AND p.Score IS NOT NULL \n    GROUP BY \n        p.Id, p.Title, p.CreationDate, p.OwnerUserId, p.PostTypeId, p.Score\n),\nUserStatistics AS (\n    SELECT \n        u.Id AS UserId,\n        u.DisplayName,\n        SUM(CASE WHEN b.Class = 1 THEN 1 ELSE 0 END) AS GoldBadges,\n        SUM(CASE WHEN b.Class = 2 THEN 1 ELSE 0 END) AS SilverBadges,\n        SUM(CASE WHEN b.Class = 3 THEN 1 ELSE 0 END) AS BronzeBadges,\n        COALESCE(SUM(v.BountyAmount), 0) AS TotalBounty,\n        COALESCE(SUM(p.ViewCount), 0) AS TotalViews,\n        COALESCE(SUM(p.Score), 0) AS TotalScore\n    FROM \n        Users u\n    LEFT JOIN \n        Badges b ON u.Id = b.UserId\n    LEFT JOIN \n        Votes v ON u.Id = v.UserId\n    LEFT JOIN \n        Posts p ON u.Id = p.OwnerUserId\n    GROUP BY \n        u.Id, u.DisplayName\n),\nPostHistoryDetails AS (\n    SELECT \n        ph.PostId,\n        ph.UserId AS HistoryUserId,\n        ph.CreationDate AS HistoryDate,\n        ph.Comment AS ChangeComment,\n        ph.PostHistoryTypeId,\n        CASE \n            WHEN ph.PostHistoryTypeId = 10 THEN 'Closed' \n            WHEN ph.PostHistoryTypeId = 11 THEN 'Reopened' \n            ELSE 'Other Change' \n        END AS ChangeType\n    FROM \n        PostHistory ph\n    WHERE \n        ph.CreationDate >= cast('2024-10-01 12:34:56' as timestamp) - INTERVAL '2 months'\n)\nSELECT \n    rp.PostId,\n    rp.Title,\n    u.DisplayName AS OwnerDisplayName,\n    us.GoldBadges, us.SilverBadges, us.BronzeBadges,\n    us.TotalBounty,\n    us.TotalViews,\n    us.TotalScore,\n    phd.ChangeComment,\n    phd.HistoryDate,\n    phd.ChangeType\nFROM \n    RankedPosts rp\nJOIN \n    Users u ON rp.OwnerUserId = u.Id\nJOIN \n    UserStatistics us ON u.Id = us.UserId\nLEFT JOIN \n    PostHistoryDetails phd ON rp.PostId = phd.PostId\nWHERE \n    (phd.ChangeType = 'Closed' OR phd.ChangeType = 'Reopened' OR phd.ChangeComment IS NULL)\nORDER BY \n    rp.Score DESC, rp.CreationDate DESC;",
    "blocked_thread_time": 0.0,
    "cpu_time": 297.7400961549935,
    "extra_info": {},
    "cumulative_cardinality": 16519689124,
    "cumulative_rows_scanned": 44324535,
    "result_set_size": 28345772,
    "latency": 352.586461268,
    "children": [
        {
            "operator_name": "PROJECTION",
            "cpu_time": 297.7400961549935,
            "extra_info": {
                "Projections": [
                    "#0",
                    "#1",
                    "#2",
                    "#3",
                    "#4",
                    "#5",
                    "#6",
                    "#7",
                    "#8",
                    "#9",
                    "#10",
                    "__internal_decompress_string(#11)"
                ],
                "Estimated Cardinality": "770023"
            },
            "cumulative_cardinality": 16519689124,
            "operator_type": "PROJECTION",
            "operator_cardinality": 164801,
            "cumulative_rows_scanned": 44324535,
            "operator_rows_scanned": 0,
            "operator_timing": 0.0005652409999999996,
            "result_set_size": 28345772,
            "children": [
                {
                    "operator_name": "ORDER_BY",
                    "cpu_time": 297.7395309139935,
                    "extra_info": {
                        "Order By": [
                            "score DESC",
                            "creationdate DESC"
                        ]
                    },
                    "cumulative_cardinality": 16519524323,
                    "operator_type": "ORDER_BY",
                    "operator_cardinality": 164801,
                    "cumulative_rows_scanned": 44324535,
                    "operator_rows_scanned": 0,
                    "operator_timing": 0.027515973000000006,
                    "result_set_size": 28345772,
                    "children": [
                        {
                            "operator_name": "PROJECTION",
                            "cpu_time": 297.7120149409935,
                            "extra_info": {
                                "Projections": [
                                    "#0",
                                    "#1",
                                    "#2",
                                    "#3",
                                    "#4",
                                    "#5",
                                    "#6",
                                    "#7",
                                    "#8",
                                    "#9",
                                    "#10",
                                    "__internal_compress_string_hugeint(#11)",
                                    "__internal_compress_integral_usmallint(#12, -72)",
                                    "#13"
                                ],
                                "Estimated Cardinality": "770023"
                            },
                            "cumulative_cardinality": 16519359522,
                            "operator_type": "PROJECTION",
                            "operator_cardinality": 164801,
                            "cumulative_rows_scanned": 44324535,
                            "operator_rows_scanned": 0,
                            "operator_timing": 0.0008429639999999999,
                            "result_set_size": 29993782,
                            "children": [
                                {
                                    "operator_name": "PROJECTION",
                                    "cpu_time": 297.7111719769935,
                                    "extra_info": {
                                        "Projections": [
                                            "PostId",
                                            "title",
                                            "OwnerDisplayName",
                                            "GoldBadges",
                                            "SilverBadges",
                                            "BronzeBadges",
                                            "TotalBounty",
                                            "TotalViews",
                                            "TotalScore",
                                            "ChangeComment",
                                            "HistoryDate",
                                            "ChangeType",
                                            "score",
                                            "creationdate"
                                        ],
                                        "Estimated Cardinality": "770023"
                                    },
                                    "cumulative_cardinality": 16519194721,
                                    "operator_type": "PROJECTION",
                                    "operator_cardinality": 164801,
                                    "cumulative_rows_scanned": 44324535,
                                    "operator_rows_scanned": 0,
                                    "operator_timing": 0.00012252099999999997,
                                    "result_set_size": 30323384,
                                    "children": [
                                        {
                                            "operator_name": "FILTER",
                                            "cpu_time": 297.71104945599353,
                                            "extra_info": {
                                                "Expression": "((ChangeComment IS NULL) OR (ChangeType = 'Closed') OR (ChangeType = 'Reopened'))",
                                                "Estimated Cardinality": "770023"
                                            },
                                            "cumulative_cardinality": 16519029920,
                                            "operator_type": "FILTER",
                                            "operator_cardinality": 164801,
                                            "cumulative_rows_scanned": 44324535,
                                            "operator_rows_scanned": 0,
                                            "operator_timing": 0.002182586999999999,
                                            "result_set_size": 30323384,
                                            "children": [
                                                {
                                                    "operator_name": "PROJECTION",
                                                    "cpu_time": 297.70886686899354,
                                                    "extra_info": {
                                                        "Projections": [
                                                            "#0",
                                                            "#1",
                                                            "#2",
                                                            "#3",
                                                            "#10",
                                                            "#4",
                                                            "#5",
                                                            "#6",
                                                            "#7",
                                                            "#8",
                                                            "#9",
                                                            "#11",
                                                            "#12",
                                                            "__internal_decompress_string(#13)"
                                                        ],
                                                        "Estimated Cardinality": "3850116"
                                                    },
                                                    "cumulative_cardinality": 16518865119,
                                                    "operator_type": "PROJECTION",
                                                    "operator_cardinality": 189995,
                                                    "cumulative_rows_scanned": 44324535,
                                                    "operator_rows_scanned": 0,
                                                    "operator_timing": 0.0010890210000000003,
                                                    "result_set_size": 34959080,
                                                    "children": [
                                                        {
                                                            "operator_name": "HASH_JOIN",
                                                            "cpu_time": 297.70777784799355,
                                                            "extra_info": {
                                                                "Join Type": "LEFT",
                                                                "Conditions": "PostId = postid",
                                                                "Estimated Cardinality": "3850116"
                                                            },
                                                            "cumulative_cardinality": 16518675124,
                                                            "operator_type": "HASH_JOIN",
                                                            "operator_cardinality": 189995,
                                                            "cumulative_rows_scanned": 44324535,
                                                            "operator_rows_scanned": 0,
                                                            "operator_timing": 0.016234507000000002,
                                                            "result_set_size": 34959080,
                                                            "children": [
                                                                {
                                                                    "operator_name": "HASH_JOIN",
                                                                    "cpu_time": 297.3520689579936,
                                                                    "extra_info": {
                                                                        "Join Type": "INNER",
                                                                        "Conditions": "owneruserid = UserId",
                                                                        "Estimated Cardinality": "3850116"
                                                                    },
                                                                    "cumulative_cardinality": 16518269642,
                                                                    "operator_type": "HASH_JOIN",
                                                                    "operator_cardinality": 143650,
                                                                    "cumulative_rows_scanned": 32529291,
                                                                    "operator_rows_scanned": 0,
                                                                    "operator_timing": 0.14089653300000007,
                                                                    "result_set_size": 20685600,
                                                                    "children": [
                                                                        {
                                                                            "operator_name": "PROJECTION",
                                                                            "cpu_time": 0.39455729400000017,
                                                                            "extra_info": {
                                                                                "Projections": [
                                                                                    "PostId",
                                                                                    "title",
                                                                                    "creationdate",
                                                                                    "owneruserid",
                                                                                    "score"
                                                                                ],
                                                                                "Estimated Cardinality": "3850116"
                                                                            },
                                                                            "cumulative_cardinality": 2207946,
                                                                            "operator_type": "PROJECTION",
                                                                            "operator_cardinality": 145542,
                                                                            "cumulative_rows_scanned": 11091938,
                                                                            "operator_rows_scanned": 0,
                                                                            "operator_timing": 0.000033334,
                                                                            "result_set_size": 5239512,
                                                                            "children": [
                                                                                {
                                                                                    "operator_name": "PROJECTION",
                                                                                    "cpu_time": 0.3945239600000002,
                                                                                    "extra_info": {
                                                                                        "Projections": [
                                                                                            "#0",
                                                                                            "#1",
                                                                                            "#2",
                                                                                            "#3",
                                                                                            "#4",
                                                                                            "#5",
                                                                                            "#6"
                                                                                        ],
                                                                                        "Estimated Cardinality": "3850116"
                                                                                    },
                                                                                    "cumulative_cardinality": 2062404,
                                                                                    "operator_type": "PROJECTION",
                                                                                    "operator_cardinality": 145542,
                                                                                    "cumulative_rows_scanned": 11091938,
                                                                                    "operator_rows_scanned": 0,
                                                                                    "operator_timing": 0.000044352000000000005,
                                                                                    "result_set_size": 6694932,
                                                                                    "children": [
                                                                                        {
                                                                                            "operator_name": "WINDOW",
                                                                                            "cpu_time": 0.39447960800000015,
                                                                                            "extra_info": {
                                                                                                "Projections": "RANK() OVER (PARTITION BY posttypeid ORDER BY score DESC NULLS LAST)"
                                                                                            },
                                                                                            "cumulative_cardinality": 1916862,
                                                                                            "operator_type": "WINDOW",
                                                                                            "operator_cardinality": 145542,
                                                                                            "cumulative_rows_scanned": 11091938,
                                                                                            "operator_rows_scanned": 0,
                                                                                            "operator_timing": 0.026582651,
                                                                                            "result_set_size": 6694932,
                                                                                            "children": [
                                                                                                {
                                                                                                    "operator_name": "PROJECTION",
                                                                                                    "cpu_time": 0.36789695700000014,
                                                                                                    "extra_info": {
                                                                                                        "Projections": [
                                                                                                            "#0",
                                                                                                            "#1",
                                                                                                            "#2",
                                                                                                            "#3",
                                                                                                            "__internal_decompress_integral_smallint(#4, 1)",
                                                                                                            "__internal_decompress_integral_integer(#5, -72)"
                                                                                                        ],
                                                                                                        "Estimated Cardinality": "3850116"
                                                                                                    },
                                                                                                    "cumulative_cardinality": 1771320,
                                                                                                    "operator_type": "PROJECTION",
                                                                                                    "operator_cardinality": 145542,
                                                                                                    "cumulative_rows_scanned": 11091938,
                                                                                                    "operator_rows_scanned": 0,
                                                                                                    "operator_timing": 0.00011205199999999999,
                                                                                                    "result_set_size": 5530596,
                                                                                                    "children": [
                                                                                                        {
                                                                                                            "operator_name": "HASH_GROUP_BY",
                                                                                                            "cpu_time": 0.36778490500000016,
                                                                                                            "extra_info": {
                                                                                                                "Groups": [
                                                                                                                    "#0",
                                                                                                                    "#1",
                                                                                                                    "#2",
                                                                                                                    "#3",
                                                                                                                    "#4",
                                                                                                                    "#5"
                                                                                                                ],
                                                                                                                "Aggregates": "",
                                                                                                                "Estimated Cardinality": "3850116"
                                                                                                            },
                                                                                                            "cumulative_cardinality": 1625778,
                                                                                                            "operator_type": "HASH_GROUP_BY",
                                                                                                            "operator_cardinality": 145542,
                                                                                                            "cumulative_rows_scanned": 11091938,
                                                                                                            "operator_rows_scanned": 0,
                                                                                                            "operator_timing": 0.04182095000000001,
                                                                                                            "result_set_size": 5093970,
                                                                                                            "children": [
                                                                                                                {
                                                                                                                    "operator_name": "PROJECTION",
                                                                                                                    "cpu_time": 0.32596395500000014,
                                                                                                                    "extra_info": {
                                                                                                                        "Projections": [
                                                                                                                            "id",
                                                                                                                            "title",
                                                                                                                            "creationdate",
                                                                                                                            "owneruserid",
                                                                                                                            "posttypeid",
                                                                                                                            "score"
                                                                                                                        ],
                                                                                                                        "Estimated Cardinality": "7241822"
                                                                                                                    },
                                                                                                                    "cumulative_cardinality": 1480236,
                                                                                                                    "operator_type": "PROJECTION",
                                                                                                                    "operator_cardinality": 349210,
                                                                                                                    "cumulative_rows_scanned": 11091938,
                                                                                                                    "operator_rows_scanned": 0,
                                                                                                                    "operator_timing": 0.00006485599999999998,
                                                                                                                    "result_set_size": 12222350,
                                                                                                                    "children": [
                                                                                                                        {
                                                                                                                            "operator_name": "PROJECTION",
                                                                                                                            "cpu_time": 0.32589909900000014,
                                                                                                                            "extra_info": {
                                                                                                                                "Projections": [
                                                                                                                                    "#0",
                                                                                                                                    "#1",
                                                                                                                                    "__internal_compress_integral_utinyint(#2, 1)",
                                                                                                                                    "#3",
                                                                                                                                    "__internal_compress_integral_usmallint(#4, -72)",
                                                                                                                                    "#5",
                                                                                                                                    "#6"
                                                                                                                                ],
                                                                                                                                "Estimated Cardinality": "7241822"
                                                                                                                            },
                                                                                                                            "cumulative_cardinality": 1131026,
                                                                                                                            "operator_type": "PROJECTION",
                                                                                                                            "operator_cardinality": 349210,
                                                                                                                            "cumulative_rows_scanned": 11091938,
                                                                                                                            "operator_rows_scanned": 0,
                                                                                                                            "operator_timing": 0.0003067819999999999,
                                                                                                                            "result_set_size": 13619190,
                                                                                                                            "children": [
                                                                                                                                {
                                                                                                                                    "operator_name": "HASH_JOIN",
                                                                                                                                    "cpu_time": 0.32559231700000013,
                                                                                                                                    "extra_info": {
                                                                                                                                        "Join Type": "RIGHT",
                                                                                                                                        "Conditions": "postid = id",
                                                                                                                                        "Estimated Cardinality": "7241822"
                                                                                                                                    },
                                                                                                                                    "cumulative_cardinality": 781816,
                                                                                                                                    "operator_type": "HASH_JOIN",
                                                                                                                                    "operator_cardinality": 349210,
                                                                                                                                    "cumulative_rows_scanned": 11091938,
                                                                                                                                    "operator_rows_scanned": 0,
                                                                                                                                    "operator_timing": 0.02990250900000001,
                                                                                                                                    "result_set_size": 14666820,
                                                                                                                                    "children": [
                                                                                                                                        {
                                                                                                                                            "operator_name": "READ_PARQUET ",
                                                                                                                                            "cpu_time": 0.20330883100000008,
                                                                                                                                            "extra_info": {
                                                                                                                                                "Function": "READ_PARQUET",
                                                                                                                                                "Projections": "postid",
                                                                                                                                                "Estimated Cardinality": "7241822"
                                                                                                                                            },
                                                                                                                                            "cumulative_cardinality": 287064,
                                                                                                                                            "operator_type": "TABLE_SCAN",
                                                                                                                                            "operator_cardinality": 287064,
                                                                                                                                            "cumulative_rows_scanned": 7241822,
                                                                                                                                            "operator_rows_scanned": 7241822,
                                                                                                                                            "operator_timing": 0.20330883100000008,
                                                                                                                                            "result_set_size": 1148256,
                                                                                                                                            "children": []
                                                                                                                                        },
                                                                                                                                        {
                                                                                                                                            "operator_name": "READ_PARQUET ",
                                                                                                                                            "cpu_time": 0.09238097700000002,
                                                                                                                                            "extra_info": {
                                                                                                                                                "Function": "READ_PARQUET",
                                                                                                                                                "Projections": [
                                                                                                                                                    "id",
                                                                                                                                                    "posttypeid",
                                                                                                                                                    "creationdate",
                                                                                                                                                    "score",
                                                                                                                                                    "owneruserid",
                                                                                                                                                    "title"
                                                                                                                                                ],
                                                                                                                                                "Filters": "creationdate>='2023-10-01 12:34:56'::TIMESTAMP",
                                                                                                                                                "Estimated Cardinality": "154004"
                                                                                                                                            },
                                                                                                                                            "cumulative_cardinality": 145542,
                                                                                                                                            "operator_type": "TABLE_SCAN",
                                                                                                                                            "operator_cardinality": 145542,
                                                                                                                                            "cumulative_rows_scanned": 3850116,
                                                                                                                                            "operator_rows_scanned": 3850116,
                                                                                                                                            "operator_timing": 0.09238097700000002,
                                                                                                                                            "result_set_size": 5530596,
                                                                                                                                            "children": []
                                                                                                                                        }
                                                                                                                                    ]
                                                                                                                                }
                                                                                                                            ]
                                                                                                                        }
                                                                                                                    ]
                                                                                                                }
                                                                                                            ]
                                                                                                        }
                                                                                                    ]
                                                                                                }
                                                                                            ]
                                                                                        }
                                                                                    ]
                                                                                }
                                                                            ]
                                                                        },
                                                                        {
                                                                            "operator_name": "FILTER",
                                                                            "cpu_time": 296.81661513099357,
                                                                            "extra_info": {
                                                                                "Expression": "(UserId <= 1416539)",
                                                                                "Estimated Cardinality": "1260710"
                                                                            },
                                                                            "cumulative_cardinality": 16515918046,
                                                                            "operator_type": "FILTER",
                                                                            "operator_cardinality": 1260679,
                                                                            "cumulative_rows_scanned": 21437353,
                                                                            "operator_rows_scanned": 0,
                                                                            "operator_timing": 0.0021626839999999985,
                                                                            "result_set_size": 146238764,
                                                                            "children": [
                                                                                {
                                                                                    "operator_name": "HASH_JOIN",
                                                                                    "cpu_time": 296.8144524469936,
                                                                                    "extra_info": {
                                                                                        "Join Type": "INNER",
                                                                                        "Conditions": "UserId = id",
                                                                                        "Estimated Cardinality": "1260710"
                                                                                    },
                                                                                    "cumulative_cardinality": 16514657367,
                                                                                    "operator_type": "HASH_JOIN",
                                                                                    "operator_cardinality": 1260710,
                                                                                    "cumulative_rows_scanned": 21437353,
                                                                                    "operator_rows_scanned": 0,
                                                                                    "operator_timing": 0.15081856100000005,
                                                                                    "result_set_size": 146242360,
                                                                                    "children": [
                                                                                        {
                                                                                            "operator_name": "PROJECTION",
                                                                                            "cpu_time": 296.24235946499357,
                                                                                            "extra_info": {
                                                                                                "Projections": [
                                                                                                    "UserId",
                                                                                                    "GoldBadges",
                                                                                                    "SilverBadges",
                                                                                                    "BronzeBadges",
                                                                                                    "TotalBounty",
                                                                                                    "TotalViews",
                                                                                                    "TotalScore"
                                                                                                ],
                                                                                                "Estimated Cardinality": "1260710"
                                                                                            },
                                                                                            "cumulative_cardinality": 16512135947,
                                                                                            "operator_type": "PROJECTION",
                                                                                            "operator_cardinality": 1260710,
                                                                                            "cumulative_rows_scanned": 20176643,
                                                                                            "operator_rows_scanned": 0,
                                                                                            "operator_timing": 0.024804986999999987,
                                                                                            "result_set_size": 126071000,
                                                                                            "children": [
                                                                                                {
                                                                                                    "operator_name": "HASH_GROUP_BY",
                                                                                                    "cpu_time": 296.2175544779936,
                                                                                                    "extra_info": {
                                                                                                        "Groups": [
                                                                                                            "#0",
                                                                                                            "#1"
                                                                                                        ],
                                                                                                        "Aggregates": [
                                                                                                            "sum(#2)",
                                                                                                            "sum(#3)",
                                                                                                            "sum(#4)",
                                                                                                            "sum(#5)",
                                                                                                            "sum(#6)",
                                                                                                            "sum(#7)"
                                                                                                        ],
                                                                                                        "Estimated Cardinality": "1260710"
                                                                                                    },
                                                                                                    "cumulative_cardinality": 16510875237,
                                                                                                    "operator_type": "HASH_GROUP_BY",
                                                                                                    "operator_cardinality": 1260710,
                                                                                                    "cumulative_rows_scanned": 20176643,
                                                                                                    "operator_rows_scanned": 0,
                                                                                                    "operator_timing": 191.91064404596764,
                                                                                                    "result_set_size": 146242360,
                                                                                                    "children": [
                                                                                                        {
                                                                                                            "operator_name": "PROJECTION",
                                                                                                            "cpu_time": 104.30691043202594,
                                                                                                            "extra_info": {
                                                                                                                "Projections": [
                                                                                                                    "id",
                                                                                                                    "displayname",
                                                                                                                    "CASE  WHEN ((class = 1)) THEN (1) ELSE 0 END",
                                                                                                                    "CASE  WHEN ((class = 2)) THEN (1) ELSE 0 END",
                                                                                                                    "CASE  WHEN ((class = 3)) THEN (1) ELSE 0 END",
                                                                                                                    "bountyamount",
                                                                                                                    "viewcount",
                                                                                                                    "score"
                                                                                                                ],
                                                                                                                "Estimated Cardinality": "12744093"
                                                                                                            },
                                                                                                            "cumulative_cardinality": 16509614527,
                                                                                                            "operator_type": "PROJECTION",
                                                                                                            "operator_cardinality": 5493340482,
                                                                                                            "cumulative_rows_scanned": 20176643,
                                                                                                            "operator_rows_scanned": 0,
                                                                                                            "operator_timing": 43.42583802100777,
                                                                                                            "result_set_size": 241706981208,
                                                                                                            "children": [
                                                                                                                {
                                                                                                                    "operator_name": "PROJECTION",
                                                                                                                    "cpu_time": 60.881072411018174,
                                                                                                                    "extra_info": {
                                                                                                                        "Projections": [
                                                                                                                            "#0",
                                                                                                                            "#1",
                                                                                                                            "#2",
                                                                                                                            "#3",
                                                                                                                            "__internal_decompress_integral_integer(#4, -72)",
                                                                                                                            "#5"
                                                                                                                        ],
                                                                                                                        "Estimated Cardinality": "12744093"
                                                                                                                    },
                                                                                                                    "cumulative_cardinality": 11016274045,
                                                                                                                    "operator_type": "PROJECTION",
                                                                                                                    "operator_cardinality": 5493340482,
                                                                                                                    "cumulative_rows_scanned": 20176643,
                                                                                                                    "operator_rows_scanned": 0,
                                                                                                                    "operator_timing": 2.3101222440081894,
                                                                                                                    "result_set_size": 186773576388,
                                                                                                                    "children": [
                                                                                                                        {
                                                                                                                            "operator_name": "HASH_JOIN",
                                                                                                                            "cpu_time": 58.57095016700998,
                                                                                                                            "extra_info": {
                                                                                                                                "Join Type": "LEFT",
                                                                                                                                "Conditions": "id = owneruserid",
                                                                                                                                "Estimated Cardinality": "12744093"
                                                                                                                            },
                                                                                                                            "cumulative_cardinality": 5522933563,
                                                                                                                            "operator_type": "HASH_JOIN",
                                                                                                                            "operator_cardinality": 5493340482,
                                                                                                                            "cumulative_rows_scanned": 20176643,
                                                                                                                            "operator_rows_scanned": 0,
                                                                                                                            "operator_timing": 56.02024813300998,
                                                                                                                            "result_set_size": 175786895424,
                                                                                                                            "children": [
                                                                                                                                {
                                                                                                                                    "operator_name": "PROJECTION",
                                                                                                                                    "cpu_time": 2.4547059880000006,
                                                                                                                                    "extra_info": {
                                                                                                                                        "Projections": [
                                                                                                                                            "#0",
                                                                                                                                            "__internal_decompress_integral_smallint(#1, 1)",
                                                                                                                                            "#2",
                                                                                                                                            "#3"
                                                                                                                                        ],
                                                                                                                                        "Estimated Cardinality": "12744093"
                                                                                                                                    },
                                                                                                                                    "cumulative_cardinality": 21892849,
                                                                                                                                    "operator_type": "PROJECTION",
                                                                                                                                    "operator_cardinality": 6101651,
                                                                                                                                    "cumulative_rows_scanned": 16326527,
                                                                                                                                    "operator_rows_scanned": 0,
                                                                                                                                    "operator_timing": 0.006256269999999987,
                                                                                                                                    "result_set_size": 158642926,
                                                                                                                                    "children": [
                                                                                                                                        {
                                                                                                                                            "operator_name": "HASH_JOIN",
                                                                                                                                            "cpu_time": 2.4484497180000004,
                                                                                                                                            "extra_info": {
                                                                                                                                                "Join Type": "RIGHT",
                                                                                                                                                "Conditions": "userid = id",
                                                                                                                                                "Estimated Cardinality": "12744093"
                                                                                                                                            },
                                                                                                                                            "cumulative_cardinality": 15791198,
                                                                                                                                            "operator_type": "HASH_JOIN",
                                                                                                                                            "operator_cardinality": 6101651,
                                                                                                                                            "cumulative_rows_scanned": 16326527,
                                                                                                                                            "operator_rows_scanned": 0,
                                                                                                                                            "operator_timing": 0.600729217999999,
                                                                                                                                            "result_set_size": 152541275,
                                                                                                                                            "children": [
                                                                                                                                                {
                                                                                                                                                    "operator_name": "READ_PARQUET ",
                                                                                                                                                    "cpu_time": 1.0142467090000016,
                                                                                                                                                    "extra_info": {
                                                                                                                                                        "Function": "READ_PARQUET",
                                                                                                                                                        "Projections": [
                                                                                                                                                            "userid",
                                                                                                                                                            "bountyamount"
                                                                                                                                                        ],
                                                                                                                                                        "Estimated Cardinality": "12744093"
                                                                                                                                                    },
                                                                                                                                                    "cumulative_cardinality": 40287,
                                                                                                                                                    "operator_type": "TABLE_SCAN",
                                                                                                                                                    "operator_cardinality": 40287,
                                                                                                                                                    "cumulative_rows_scanned": 12744093,
                                                                                                                                                    "operator_rows_scanned": 12744093,
                                                                                                                                                    "operator_timing": 1.0142467090000016,
                                                                                                                                                    "result_set_size": 322296,
                                                                                                                                                    "children": []
                                                                                                                                                },
                                                                                                                                                {
                                                                                                                                                    "operator_name": "PROJECTION",
                                                                                                                                                    "cpu_time": 0.8334737909999997,
                                                                                                                                                    "extra_info": {
                                                                                                                                                        "Projections": [
                                                                                                                                                            "__internal_compress_integral_utinyint(#0, 1)",
                                                                                                                                                            "#1",
                                                                                                                                                            "#2"
                                                                                                                                                        ],
                                                                                                                                                        "Estimated Cardinality": "2321724"
                                                                                                                                                    },
                                                                                                                                                    "cumulative_cardinality": 9649260,
                                                                                                                                                    "operator_type": "PROJECTION",
                                                                                                                                                    "operator_cardinality": 3033413,
                                                                                                                                                    "cumulative_rows_scanned": 3582434,
                                                                                                                                                    "operator_rows_scanned": 0,
                                                                                                                                                    "operator_timing": 0.001549947000000002,
                                                                                                                                                    "result_set_size": 63701673,
                                                                                                                                                    "children": [
                                                                                                                                                        {
                                                                                                                                                            "operator_name": "HASH_JOIN",
                                                                                                                                                            "cpu_time": 0.8319238439999997,
                                                                                                                                                            "extra_info": {
                                                                                                                                                                "Join Type": "RIGHT",
                                                                                                                                                                "Conditions": "userid = id",
                                                                                                                                                                "Estimated Cardinality": "2321724"
                                                                                                                                                            },
                                                                                                                                                            "cumulative_cardinality": 6615847,
                                                                                                                                                            "operator_type": "HASH_JOIN",
                                                                                                                                                            "operator_cardinality": 3033413,
                                                                                                                                                            "cumulative_rows_scanned": 3582434,
                                                                                                                                                            "operator_rows_scanned": 0,
                                                                                                                                                            "operator_timing": 0.2515803680000001,
                                                                                                                                                            "result_set_size": 66735086,
                                                                                                                                                            "children": [
                                                                                                                                                                {
                                                                                                                                                                    "operator_name": "READ_PARQUET ",
                                                                                                                                                                    "cpu_time": 0.47543398399999964,
                                                                                                                                                                    "extra_info": {
                                                                                                                                                                        "Function": "READ_PARQUET",
                                                                                                                                                                        "Projections": [
                                                                                                                                                                            "userid",
                                                                                                                                                                            "class"
                                                                                                                                                                        ],
                                                                                                                                                                        "Estimated Cardinality": "2321724"
                                                                                                                                                                    },
                                                                                                                                                                    "cumulative_cardinality": 2321724,
                                                                                                                                                                    "operator_type": "TABLE_SCAN",
                                                                                                                                                                    "operator_cardinality": 2321724,
                                                                                                                                                                    "cumulative_rows_scanned": 2321724,
                                                                                                                                                                    "operator_rows_scanned": 2321724,
                                                                                                                                                                    "operator_timing": 0.47543398399999964,
                                                                                                                                                                    "result_set_size": 13930344,
                                                                                                                                                                    "children": []
                                                                                                                                                                },
                                                                                                                                                                {
                                                                                                                                                                    "operator_name": "READ_PARQUET ",
                                                                                                                                                                    "cpu_time": 0.10490949199999998,
                                                                                                                                                                    "extra_info": {
                                                                                                                                                                        "Function": "READ_PARQUET",
                                                                                                                                                                        "Projections": [
                                                                                                                                                                            "id",
                                                                                                                                                                            "displayname"
                                                                                                                                                                        ],
                                                                                                                                                                        "Estimated Cardinality": "1260710"
                                                                                                                                                                    },
                                                                                                                                                                    "cumulative_cardinality": 1260710,
                                                                                                                                                                    "operator_type": "TABLE_SCAN",
                                                                                                                                                                    "operator_cardinality": 1260710,
                                                                                                                                                                    "cumulative_rows_scanned": 1260710,
                                                                                                                                                                    "operator_rows_scanned": 1260710,
                                                                                                                                                                    "operator_timing": 0.10490949199999998,
                                                                                                                                                                    "result_set_size": 25214200,
                                                                                                                                                                    "children": []
                                                                                                                                                                }
                                                                                                                                                            ]
                                                                                                                                                        }
                                                                                                                                                    ]
                                                                                                                                                }
                                                                                                                                            ]
                                                                                                                                        }
                                                                                                                                    ]
                                                                                                                                },
                                                                                                                                {
                                                                                                                                    "operator_name": "PROJECTION",
                                                                                                                                    "cpu_time": 0.09599604600000007,
                                                                                                                                    "extra_info": {
                                                                                                                                        "Projections": [
                                                                                                                                            "__internal_compress_integral_usmallint(#0, -72)",
                                                                                                                                            "#1",
                                                                                                                                            "#2"
                                                                                                                                        ],
                                                                                                                                        "Estimated Cardinality": "3850116"
                                                                                                                                    },
                                                                                                                                    "cumulative_cardinality": 7700232,
                                                                                                                                    "operator_type": "PROJECTION",
                                                                                                                                    "operator_cardinality": 3850116,
                                                                                                                                    "cumulative_rows_scanned": 3850116,
                                                                                                                                    "operator_rows_scanned": 0,
                                                                                                                                    "operator_timing": 0.0017626330000000089,
                                                                                                                                    "result_set_size": 38501160,
                                                                                                                                    "children": [
                                                                                                                                        {
                                                                                                                                            "operator_name": "READ_PARQUET ",
                                                                                                                                            "cpu_time": 0.09423341300000006,
                                                                                                                                            "extra_info": {
                                                                                                                                                "Function": "READ_PARQUET",
                                                                                                                                                "Projections": [
                                                                                                                                                    "score",
                                                                                                                                                    "viewcount",
                                                                                                                                                    "owneruserid"
                                                                                                                                                ],
                                                                                                                                                "Estimated Cardinality": "3850116"
                                                                                                                                            },
                                                                                                                                            "cumulative_cardinality": 3850116,
                                                                                                                                            "operator_type": "TABLE_SCAN",
                                                                                                                                            "operator_cardinality": 3850116,
                                                                                                                                            "cumulative_rows_scanned": 3850116,
                                                                                                                                            "operator_rows_scanned": 3850116,
                                                                                                                                            "operator_timing": 0.09423341300000006,
                                                                                                                                            "result_set_size": 46201392,
                                                                                                                                            "children": []
                                                                                                                                        }
                                                                                                                                    ]
                                                                                                                                }
                                                                                                                            ]
                                                                                                                        }
                                                                                                                    ]
                                                                                                                }
                                                                                                            ]
                                                                                                        }
                                                                                                    ]
                                                                                                }
                                                                                            ]
                                                                                        },
                                                                                        {
                                                                                            "operator_name": "READ_PARQUET ",
                                                                                            "cpu_time": 0.42127442100000023,
                                                                                            "extra_info": {
                                                                                                "Function": "READ_PARQUET",
                                                                                                "Projections": [
                                                                                                    "id",
                                                                                                    "displayname"
                                                                                                ],
                                                                                                "Estimated Cardinality": "1260710"
                                                                                            },
                                                                                            "cumulative_cardinality": 1260710,
                                                                                            "operator_type": "TABLE_SCAN",
                                                                                            "operator_cardinality": 1260710,
                                                                                            "cumulative_rows_scanned": 1260710,
                                                                                            "operator_rows_scanned": 1260710,
                                                                                            "operator_timing": 0.42127442100000023,
                                                                                            "result_set_size": 25214200,
                                                                                            "children": []
                                                                                        }
                                                                                    ]
                                                                                }
                                                                            ]
                                                                        }
                                                                    ]
                                                                },
                                                                {
                                                                    "operator_name": "PROJECTION",
                                                                    "cpu_time": 0.33947438300000005,
                                                                    "extra_info": {
                                                                        "Projections": [
                                                                            "#0",
                                                                            "#1",
                                                                            "#2",
                                                                            "__internal_compress_string_hugeint(#3)"
                                                                        ],
                                                                        "Estimated Cardinality": "2359048"
                                                                    },
                                                                    "cumulative_cardinality": 215487,
                                                                    "operator_type": "PROJECTION",
                                                                    "operator_cardinality": 71829,
                                                                    "cumulative_rows_scanned": 11795244,
                                                                    "operator_rows_scanned": 0,
                                                                    "operator_timing": 0.0009306900000000003,
                                                                    "result_set_size": 3160476,
                                                                    "children": [
                                                                        {
                                                                            "operator_name": "PROJECTION",
                                                                            "cpu_time": 0.33854369300000003,
                                                                            "extra_info": {
                                                                                "Projections": [
                                                                                    "postid",
                                                                                    "HistoryDate",
                                                                                    "ChangeComment",
                                                                                    "ChangeType"
                                                                                ],
                                                                                "Estimated Cardinality": "2359048"
                                                                            },
                                                                            "cumulative_cardinality": 143658,
                                                                            "operator_type": "PROJECTION",
                                                                            "operator_cardinality": 71829,
                                                                            "cumulative_rows_scanned": 11795244,
                                                                            "operator_rows_scanned": 0,
                                                                            "operator_timing": 0.000690906,
                                                                            "result_set_size": 3160476,
                                                                            "children": [
                                                                                {
                                                                                    "operator_name": "READ_PARQUET ",
                                                                                    "cpu_time": 0.33785278700000004,
                                                                                    "extra_info": {
                                                                                        "Function": "READ_PARQUET",
                                                                                        "Projections": [
                                                                                            "posthistorytypeid",
                                                                                            "postid",
                                                                                            "creationdate",
                                                                                            "comment"
                                                                                        ],
                                                                                        "Filters": "creationdate>='2024-08-01 12:34:56'::TIMESTAMP",
                                                                                        "Estimated Cardinality": "2359048"
                                                                                    },
                                                                                    "cumulative_cardinality": 71829,
                                                                                    "operator_type": "TABLE_SCAN",
                                                                                    "operator_cardinality": 71829,
                                                                                    "cumulative_rows_scanned": 11795244,
                                                                                    "operator_rows_scanned": 11795244,
                                                                                    "operator_timing": 0.33785278700000004,
                                                                                    "result_set_size": 2154870,
                                                                                    "children": []
                                                                                }
                                                                            ]
                                                                        }
                                                                    ]
                                                                }
                                                            ]
                                                        }
                                                    ]
                                                }
                                            ]
                                        }
                                    ]
                                }
                            ]
                        }
                    ]
                }
            ]
        }
    ]
}