{
    "rows_returned": 1,
    "query_name": "WITH UserBadgeStats AS (\n    SELECT \n        u.Id AS UserId,\n        u.DisplayName,\n        COUNT(b.Id) AS BadgeCount,\n        SUM(CASE WHEN b.Class = 1 THEN 1 ELSE 0 END) AS GoldBadges,\n        SUM(CASE WHEN b.Class = 2 THEN 1 ELSE 0 END) AS SilverBadges,\n        SUM(CASE WHEN b.Class = 3 THEN 1 ELSE 0 END) AS BronzeBadges\n    FROM Users u\n    LEFT JOIN Badges b ON u.Id = b.UserId\n    GROUP BY u.Id, u.DisplayName\n),\nPostAggregates AS (\n    SELECT \n        p.OwnerUserId,\n        COUNT(p.Id) AS TotalPosts,\n        COUNT(DISTINCT p.ParentId) AS AnsweredQuestions,\n        SUM(CASE WHEN p.PostTypeId = 1 THEN 1 ELSE 0 END) AS Questions,\n        SUM(CASE WHEN p.ViewCount > 100 THEN 1 ELSE 0 END) AS PopularPosts\n    FROM Posts p\n    GROUP BY p.OwnerUserId\n),\nUserActivity AS (\n    SELECT \n        u.Id AS UserId,\n        u.DisplayName,\n        COALESCE(ps.TotalPosts, 0) AS TotalPosts,\n        COALESCE(ps.AnsweredQuestions, 0) AS AnsweredQuestions,\n        COALESCE(ps.Questions, 0) AS QuestionsPosted,\n        COALESCE(bs.BadgeCount, 0) AS BadgeCount,\n        COALESCE(bs.GoldBadges, 0) AS GoldBadges,\n        COALESCE(bs.SilverBadges, 0) AS SilverBadges,\n        COALESCE(bs.BronzeBadges, 0) AS BronzeBadges\n    FROM Users u\n    LEFT JOIN PostAggregates ps ON u.Id = ps.OwnerUserId\n    LEFT JOIN UserBadgeStats bs ON u.Id = bs.UserId\n    WHERE u.Reputation > (SELECT AVG(Reputation) FROM Users) \n      AND u.LastAccessDate = (SELECT MAX(LastAccessDate) FROM Users) \n)\n\nSELECT \n    ua.UserId,\n    ua.DisplayName,\n    ua.TotalPosts,\n    ua.AnsweredQuestions,\n    ua.QuestionsPosted,\n    ua.BadgeCount,\n    ua.GoldBadges,\n    ua.SilverBadges,\n    ua.BronzeBadges,\n    CASE WHEN ua.AnsweredQuestions > 0 THEN 'Active Contributor' ELSE 'Lurker' END AS UserStatus,\n    CASE \n        WHEN ua.BadgeCount = 0 THEN 'No Badges'\n        WHEN ua.BadgeCount BETWEEN 1 AND 3 THEN 'Novice'\n        WHEN ua.BadgeCount BETWEEN 4 AND 10 THEN 'Intermediate'\n        ELSE 'Expert'\n    END AS BadgeLevel\nFROM UserActivity ua\nORDER BY ua.TotalPosts DESC\nLIMIT 10\nOFFSET 0;",
    "blocked_thread_time": 0.0,
    "cpu_time": 1.9835688699999994,
    "extra_info": {},
    "cumulative_cardinality": 29067530,
    "cumulative_rows_scanned": 11214680,
    "result_set_size": 140,
    "latency": 2.221080079,
    "children": [
        {
            "operator_name": "STREAMING_LIMIT",
            "cpu_time": 1.9835688699999994,
            "extra_info": {},
            "cumulative_cardinality": 29067530,
            "operator_type": "STREAMING_LIMIT",
            "operator_cardinality": 1,
            "cumulative_rows_scanned": 11214680,
            "operator_rows_scanned": 0,
            "operator_timing": 0.000001603,
            "result_set_size": 140,
            "children": [
                {
                    "operator_name": "PROJECTION",
                    "cpu_time": 1.9835672669999993,
                    "extra_info": {
                        "Projections": [
                            "#0",
                            "#1",
                            "#2",
                            "#3",
                            "#4",
                            "#5",
                            "#6",
                            "#7",
                            "#8",
                            "#9",
                            "__internal_decompress_string(#10)"
                        ],
                        "Estimated Cardinality": "0"
                    },
                    "cumulative_cardinality": 29067529,
                    "operator_type": "PROJECTION",
                    "operator_cardinality": 1,
                    "cumulative_rows_scanned": 11214680,
                    "operator_rows_scanned": 0,
                    "operator_timing": 0.000003627,
                    "result_set_size": 140,
                    "children": [
                        {
                            "operator_name": "ORDER_BY",
                            "cpu_time": 1.9835636399999994,
                            "extra_info": {
                                "Order By": "ua.TotalPosts DESC"
                            },
                            "cumulative_cardinality": 29067528,
                            "operator_type": "ORDER_BY",
                            "operator_cardinality": 1,
                            "cumulative_rows_scanned": 11214680,
                            "operator_rows_scanned": 0,
                            "operator_timing": 0.000051616,
                            "result_set_size": 140,
                            "children": [
                                {
                                    "operator_name": "PROJECTION",
                                    "cpu_time": 1.9835120239999995,
                                    "extra_info": {
                                        "Projections": [
                                            "#0",
                                            "#1",
                                            "#2",
                                            "#3",
                                            "#4",
                                            "#5",
                                            "#6",
                                            "#7",
                                            "#8",
                                            "#9",
                                            "__internal_compress_string_hugeint(#10)"
                                        ],
                                        "Estimated Cardinality": "0"
                                    },
                                    "cumulative_cardinality": 29067527,
                                    "operator_type": "PROJECTION",
                                    "operator_cardinality": 1,
                                    "cumulative_rows_scanned": 11214680,
                                    "operator_rows_scanned": 0,
                                    "operator_timing": 0.000006222,
                                    "result_set_size": 140,
                                    "children": [
                                        {
                                            "operator_name": "PROJECTION",
                                            "cpu_time": 1.9835058019999996,
                                            "extra_info": {
                                                "Projections": [
                                                    "UserId",
                                                    "displayname",
                                                    "TotalPosts",
                                                    "AnsweredQuestions",
                                                    "QuestionsPosted",
                                                    "BadgeCount",
                                                    "GoldBadges",
                                                    "SilverBadges",
                                                    "BronzeBadges",
                                                    "UserStatus",
                                                    "BadgeLevel"
                                                ],
                                                "Estimated Cardinality": "0"
                                            },
                                            "cumulative_cardinality": 29067526,
                                            "operator_type": "PROJECTION",
                                            "operator_cardinality": 1,
                                            "cumulative_rows_scanned": 11214680,
                                            "operator_rows_scanned": 0,
                                            "operator_timing": 0.000049943,
                                            "result_set_size": 140,
                                            "children": [
                                                {
                                                    "operator_name": "PROJECTION",
                                                    "cpu_time": 1.9834558589999995,
                                                    "extra_info": {
                                                        "Projections": [
                                                            "UserId",
                                                            "displayname",
                                                            "TotalPosts",
                                                            "AnsweredQuestions",
                                                            "QuestionsPosted",
                                                            "BadgeCount",
                                                            "GoldBadges",
                                                            "SilverBadges",
                                                            "BronzeBadges"
                                                        ],
                                                        "Estimated Cardinality": "0"
                                                    },
                                                    "cumulative_cardinality": 29067525,
                                                    "operator_type": "PROJECTION",
                                                    "operator_cardinality": 1,
                                                    "cumulative_rows_scanned": 11214680,
                                                    "operator_rows_scanned": 0,
                                                    "operator_timing": 0.000107771,
                                                    "result_set_size": 108,
                                                    "children": [
                                                        {
                                                            "operator_name": "NESTED_LOOP_JOIN",
                                                            "cpu_time": 1.9833480879999996,
                                                            "extra_info": {
                                                                "Join Type": "INNER",
                                                                "Conditions": "CAST(reputation AS DOUBLE) > SUBQUERY",
                                                                "Estimated Cardinality": "0"
                                                            },
                                                            "cumulative_cardinality": 29067524,
                                                            "operator_type": "NESTED_LOOP_JOIN",
                                                            "operator_cardinality": 1,
                                                            "cumulative_rows_scanned": 11214680,
                                                            "operator_rows_scanned": 0,
                                                            "operator_timing": 0.000113852,
                                                            "result_set_size": 144,
                                                            "children": [
                                                                {
                                                                    "operator_name": "HASH_JOIN",
                                                                    "cpu_time": 1.9712707919999997,
                                                                    "extra_info": {
                                                                        "Join Type": "INNER",
                                                                        "Conditions": "lastaccessdate = SUBQUERY",
                                                                        "Estimated Cardinality": "1"
                                                                    },
                                                                    "cumulative_cardinality": 26546099,
                                                                    "operator_type": "HASH_JOIN",
                                                                    "operator_cardinality": 1,
                                                                    "cumulative_rows_scanned": 9953970,
                                                                    "operator_rows_scanned": 0,
                                                                    "operator_timing": 0.006658663999999996,
                                                                    "result_set_size": 136,
                                                                    "children": [
                                                                        {
                                                                            "operator_name": "HASH_JOIN",
                                                                            "cpu_time": 1.9515655029999999,
                                                                            "extra_info": {
                                                                                "Join Type": "LEFT",
                                                                                "Conditions": "id = UserId",
                                                                                "Estimated Cardinality": "1925058"
                                                                            },
                                                                            "cumulative_cardinality": 24024674,
                                                                            "operator_type": "HASH_JOIN",
                                                                            "operator_cardinality": 1260710,
                                                                            "cumulative_rows_scanned": 8693260,
                                                                            "operator_rows_scanned": 0,
                                                                            "operator_timing": 0.15431226800000003,
                                                                            "result_set_size": 161370880,
                                                                            "children": [
                                                                                {
                                                                                    "operator_name": "HASH_JOIN",
                                                                                    "cpu_time": 0.8298469959999994,
                                                                                    "extra_info": {
                                                                                        "Join Type": "RIGHT",
                                                                                        "Conditions": "owneruserid = id",
                                                                                        "Estimated Cardinality": "1925058"
                                                                                    },
                                                                                    "cumulative_cardinality": 10593284,
                                                                                    "operator_type": "HASH_JOIN",
                                                                                    "operator_cardinality": 1260710,
                                                                                    "cumulative_rows_scanned": 5110826,
                                                                                    "operator_rows_scanned": 0,
                                                                                    "operator_timing": 0.12653710399999996,
                                                                                    "result_set_size": 85728280,
                                                                                    "children": [
                                                                                        {
                                                                                            "operator_name": "HASH_GROUP_BY",
                                                                                            "cpu_time": 0.6055982769999995,
                                                                                            "extra_info": {
                                                                                                "Groups": "#0",
                                                                                                "Aggregates": [
                                                                                                    "count_star()",
                                                                                                    "count(DISTINCT #1)",
                                                                                                    "sum(#2)"
                                                                                                ],
                                                                                                "Estimated Cardinality": "1925058"
                                                                                            },
                                                                                            "cumulative_cardinality": 8071864,
                                                                                            "operator_type": "HASH_GROUP_BY",
                                                                                            "operator_cardinality": 371632,
                                                                                            "cumulative_rows_scanned": 3850116,
                                                                                            "operator_rows_scanned": 0,
                                                                                            "operator_timing": 0.4855121729999995,
                                                                                            "result_set_size": 13378752,
                                                                                            "children": [
                                                                                                {
                                                                                                    "operator_name": "PROJECTION",
                                                                                                    "cpu_time": 0.12008610399999994,
                                                                                                    "extra_info": {
                                                                                                        "Projections": [
                                                                                                            "owneruserid",
                                                                                                            "parentid",
                                                                                                            "CASE  WHEN ((posttypeid = 1)) THEN (1) ELSE 0 END"
                                                                                                        ],
                                                                                                        "Estimated Cardinality": "3850116"
                                                                                                    },
                                                                                                    "cumulative_cardinality": 7700232,
                                                                                                    "operator_type": "PROJECTION",
                                                                                                    "operator_cardinality": 3850116,
                                                                                                    "cumulative_rows_scanned": 3850116,
                                                                                                    "operator_rows_scanned": 0,
                                                                                                    "operator_timing": 0.02509356000000002,
                                                                                                    "result_set_size": 46201392,
                                                                                                    "children": [
                                                                                                        {
                                                                                                            "operator_name": "READ_PARQUET ",
                                                                                                            "cpu_time": 0.09499254399999993,
                                                                                                            "extra_info": {
                                                                                                                "Function": "READ_PARQUET",
                                                                                                                "Projections": [
                                                                                                                    "id",
                                                                                                                    "posttypeid",
                                                                                                                    "parentid",
                                                                                                                    "owneruserid"
                                                                                                                ],
                                                                                                                "Estimated Cardinality": "3850116"
                                                                                                            },
                                                                                                            "cumulative_cardinality": 3850116,
                                                                                                            "operator_type": "TABLE_SCAN",
                                                                                                            "operator_cardinality": 3850116,
                                                                                                            "cumulative_rows_scanned": 3850116,
                                                                                                            "operator_rows_scanned": 3850116,
                                                                                                            "operator_timing": 0.09499254399999993,
                                                                                                            "result_set_size": 53901624,
                                                                                                            "children": []
                                                                                                        }
                                                                                                    ]
                                                                                                }
                                                                                            ]
                                                                                        },
                                                                                        {
                                                                                            "operator_name": "READ_PARQUET ",
                                                                                            "cpu_time": 0.09771161499999999,
                                                                                            "extra_info": {
                                                                                                "Function": "READ_PARQUET",
                                                                                                "Projections": [
                                                                                                    "id",
                                                                                                    "reputation",
                                                                                                    "displayname",
                                                                                                    "lastaccessdate"
                                                                                                ],
                                                                                                "Estimated Cardinality": "1260710"
                                                                                            },
                                                                                            "cumulative_cardinality": 1260710,
                                                                                            "operator_type": "TABLE_SCAN",
                                                                                            "operator_cardinality": 1260710,
                                                                                            "cumulative_rows_scanned": 1260710,
                                                                                            "operator_rows_scanned": 1260710,
                                                                                            "operator_timing": 0.09771161499999999,
                                                                                            "result_set_size": 40342720,
                                                                                            "children": []
                                                                                        }
                                                                                    ]
                                                                                },
                                                                                {
                                                                                    "operator_name": "PROJECTION",
                                                                                    "cpu_time": 0.9674062390000006,
                                                                                    "extra_info": {
                                                                                        "Projections": [
                                                                                            "UserId",
                                                                                            "BadgeCount",
                                                                                            "GoldBadges",
                                                                                            "SilverBadges",
                                                                                            "BronzeBadges"
                                                                                        ],
                                                                                        "Estimated Cardinality": "1260710"
                                                                                    },
                                                                                    "cumulative_cardinality": 12170680,
                                                                                    "operator_type": "PROJECTION",
                                                                                    "operator_cardinality": 1260710,
                                                                                    "cumulative_rows_scanned": 3582434,
                                                                                    "operator_rows_scanned": 0,
                                                                                    "operator_timing": 0.00016171400000000022,
                                                                                    "result_set_size": 75642600,
                                                                                    "children": [
                                                                                        {
                                                                                            "operator_name": "HASH_GROUP_BY",
                                                                                            "cpu_time": 0.9672445250000006,
                                                                                            "extra_info": {
                                                                                                "Groups": [
                                                                                                    "#0",
                                                                                                    "#1"
                                                                                                ],
                                                                                                "Aggregates": [
                                                                                                    "count(#2)",
                                                                                                    "sum(#3)",
                                                                                                    "sum(#4)",
                                                                                                    "sum(#5)"
                                                                                                ],
                                                                                                "Estimated Cardinality": "1260710"
                                                                                            },
                                                                                            "cumulative_cardinality": 10909970,
                                                                                            "operator_type": "HASH_GROUP_BY",
                                                                                            "operator_cardinality": 1260710,
                                                                                            "cumulative_rows_scanned": 3582434,
                                                                                            "operator_rows_scanned": 0,
                                                                                            "operator_timing": 0.583974159,
                                                                                            "result_set_size": 95813960,
                                                                                            "children": [
                                                                                                {
                                                                                                    "operator_name": "PROJECTION",
                                                                                                    "cpu_time": 0.3832703660000005,
                                                                                                    "extra_info": {
                                                                                                        "Projections": [
                                                                                                            "id",
                                                                                                            "displayname",
                                                                                                            "id",
                                                                                                            "CASE  WHEN ((class = 1)) THEN (1) ELSE 0 END",
                                                                                                            "CASE  WHEN ((class = 2)) THEN (1) ELSE 0 END",
                                                                                                            "CASE  WHEN ((class = 3)) THEN (1) ELSE 0 END"
                                                                                                        ],
                                                                                                        "Estimated Cardinality": "2321724"
                                                                                                    },
                                                                                                    "cumulative_cardinality": 9649260,
                                                                                                    "operator_type": "PROJECTION",
                                                                                                    "operator_cardinality": 3033413,
                                                                                                    "cumulative_rows_scanned": 3582434,
                                                                                                    "operator_rows_scanned": 0,
                                                                                                    "operator_timing": 0.017830045000000003,
                                                                                                    "result_set_size": 109202868,
                                                                                                    "children": [
                                                                                                        {
                                                                                                            "operator_name": "HASH_JOIN",
                                                                                                            "cpu_time": 0.36544032100000046,
                                                                                                            "extra_info": {
                                                                                                                "Join Type": "RIGHT",
                                                                                                                "Conditions": "userid = id",
                                                                                                                "Estimated Cardinality": "2321724"
                                                                                                            },
                                                                                                            "cumulative_cardinality": 6615847,
                                                                                                            "operator_type": "HASH_JOIN",
                                                                                                            "operator_cardinality": 3033413,
                                                                                                            "cumulative_rows_scanned": 3582434,
                                                                                                            "operator_rows_scanned": 0,
                                                                                                            "operator_timing": 0.2271074860000004,
                                                                                                            "result_set_size": 91002390,
                                                                                                            "children": [
                                                                                                                {
                                                                                                                    "operator_name": "READ_PARQUET ",
                                                                                                                    "cpu_time": 0.06054184900000005,
                                                                                                                    "extra_info": {
                                                                                                                        "Function": "READ_PARQUET",
                                                                                                                        "Projections": [
                                                                                                                            "id",
                                                                                                                            "userid",
                                                                                                                            "class"
                                                                                                                        ],
                                                                                                                        "Estimated Cardinality": "2321724"
                                                                                                                    },
                                                                                                                    "cumulative_cardinality": 2321724,
                                                                                                                    "operator_type": "TABLE_SCAN",
                                                                                                                    "operator_cardinality": 2321724,
                                                                                                                    "cumulative_rows_scanned": 2321724,
                                                                                                                    "operator_rows_scanned": 2321724,
                                                                                                                    "operator_timing": 0.06054184900000005,
                                                                                                                    "result_set_size": 23217240,
                                                                                                                    "children": []
                                                                                                                },
                                                                                                                {
                                                                                                                    "operator_name": "READ_PARQUET ",
                                                                                                                    "cpu_time": 0.07779098600000003,
                                                                                                                    "extra_info": {
                                                                                                                        "Function": "READ_PARQUET",
                                                                                                                        "Projections": [
                                                                                                                            "id",
                                                                                                                            "displayname"
                                                                                                                        ],
                                                                                                                        "Estimated Cardinality": "1260710"
                                                                                                                    },
                                                                                                                    "cumulative_cardinality": 1260710,
                                                                                                                    "operator_type": "TABLE_SCAN",
                                                                                                                    "operator_cardinality": 1260710,
                                                                                                                    "cumulative_rows_scanned": 1260710,
                                                                                                                    "operator_rows_scanned": 1260710,
                                                                                                                    "operator_timing": 0.07779098600000003,
                                                                                                                    "result_set_size": 25214200,
                                                                                                                    "children": []
                                                                                                                }
                                                                                                            ]
                                                                                                        }
                                                                                                    ]
                                                                                                }
                                                                                            ]
                                                                                        }
                                                                                    ]
                                                                                }
                                                                            ]
                                                                        },
                                                                        {
                                                                            "operator_name": "PROJECTION",
                                                                            "cpu_time": 0.013046624999999945,
                                                                            "extra_info": {
                                                                                "Projections": [
                                                                                    "CASE  WHEN ((#1 > 1)) THEN (error('More than one row returned by a subquery used as an expression - scalar subqueries can only return a single row.",
                                                                                    "Use \"SET scalar_subquery_error_on_multiple_rows=false\" to revert to previous behavior of returning a random row.')) ELSE #0 END"
                                                                                ],
                                                                                "Estimated Cardinality": "1"
                                                                            },
                                                                            "cumulative_cardinality": 2521424,
                                                                            "operator_type": "PROJECTION",
                                                                            "operator_cardinality": 1,
                                                                            "cumulative_rows_scanned": 1260710,
                                                                            "operator_rows_scanned": 0,
                                                                            "operator_timing": 0.000001503,
                                                                            "result_set_size": 8,
                                                                            "children": [
                                                                                {
                                                                                    "operator_name": "UNGROUPED_AGGREGATE",
                                                                                    "cpu_time": 0.013045121999999945,
                                                                                    "extra_info": {
                                                                                        "Aggregates": [
                                                                                            "\"first\"(#0)",
                                                                                            "count_star()"
                                                                                        ]
                                                                                    },
                                                                                    "cumulative_cardinality": 2521423,
                                                                                    "operator_type": "UNGROUPED_AGGREGATE",
                                                                                    "operator_cardinality": 1,
                                                                                    "cumulative_rows_scanned": 1260710,
                                                                                    "operator_rows_scanned": 0,
                                                                                    "operator_timing": 0.000001773,
                                                                                    "result_set_size": 16,
                                                                                    "children": [
                                                                                        {
                                                                                            "operator_name": "PROJECTION",
                                                                                            "cpu_time": 0.013043348999999945,
                                                                                            "extra_info": {
                                                                                                "Projections": "#0",
                                                                                                "Estimated Cardinality": "1"
                                                                                            },
                                                                                            "cumulative_cardinality": 2521422,
                                                                                            "operator_type": "PROJECTION",
                                                                                            "operator_cardinality": 1,
                                                                                            "cumulative_rows_scanned": 1260710,
                                                                                            "operator_rows_scanned": 0,
                                                                                            "operator_timing": 2.2e-7,
                                                                                            "result_set_size": 8,
                                                                                            "children": [
                                                                                                {
                                                                                                    "operator_name": "UNGROUPED_AGGREGATE",
                                                                                                    "cpu_time": 0.013043128999999945,
                                                                                                    "extra_info": {
                                                                                                        "Aggregates": "max(#0)"
                                                                                                    },
                                                                                                    "cumulative_cardinality": 2521421,
                                                                                                    "operator_type": "UNGROUPED_AGGREGATE",
                                                                                                    "operator_cardinality": 1,
                                                                                                    "cumulative_rows_scanned": 1260710,
                                                                                                    "operator_rows_scanned": 0,
                                                                                                    "operator_timing": 0.001000845999999998,
                                                                                                    "result_set_size": 8,
                                                                                                    "children": [
                                                                                                        {
                                                                                                            "operator_name": "PROJECTION",
                                                                                                            "cpu_time": 0.012042282999999947,
                                                                                                            "extra_info": {
                                                                                                                "Projections": "lastaccessdate",
                                                                                                                "Estimated Cardinality": "1260710"
                                                                                                            },
                                                                                                            "cumulative_cardinality": 2521420,
                                                                                                            "operator_type": "PROJECTION",
                                                                                                            "operator_cardinality": 1260710,
                                                                                                            "cumulative_rows_scanned": 1260710,
                                                                                                            "operator_rows_scanned": 0,
                                                                                                            "operator_timing": 0.000048915999999999746,
                                                                                                            "result_set_size": 10085680,
                                                                                                            "children": [
                                                                                                                {
                                                                                                                    "operator_name": "READ_PARQUET ",
                                                                                                                    "cpu_time": 0.011993366999999948,
                                                                                                                    "extra_info": {
                                                                                                                        "Function": "READ_PARQUET",
                                                                                                                        "Projections": "lastaccessdate",
                                                                                                                        "Estimated Cardinality": "1260710"
                                                                                                                    },
                                                                                                                    "cumulative_cardinality": 1260710,
                                                                                                                    "operator_type": "TABLE_SCAN",
                                                                                                                    "operator_cardinality": 1260710,
                                                                                                                    "cumulative_rows_scanned": 1260710,
                                                                                                                    "operator_rows_scanned": 1260710,
                                                                                                                    "operator_timing": 0.011993366999999948,
                                                                                                                    "result_set_size": 10085680,
                                                                                                                    "children": []
                                                                                                                }
                                                                                                            ]
                                                                                                        }
                                                                                                    ]
                                                                                                }
                                                                                            ]
                                                                                        }
                                                                                    ]
                                                                                }
                                                                            ]
                                                                        }
                                                                    ]
                                                                },
                                                                {
                                                                    "operator_name": "PROJECTION",
                                                                    "cpu_time": 0.011963443999999988,
                                                                    "extra_info": {
                                                                        "Projections": [
                                                                            "CASE  WHEN ((#1 > 1)) THEN (error('More than one row returned by a subquery used as an expression - scalar subqueries can only return a single row.",
                                                                            "Use \"SET scalar_subquery_error_on_multiple_rows=false\" to revert to previous behavior of returning a random row.')) ELSE #0 END"
                                                                        ],
                                                                        "Estimated Cardinality": "1"
                                                                    },
                                                                    "cumulative_cardinality": 2521424,
                                                                    "operator_type": "PROJECTION",
                                                                    "operator_cardinality": 1,
                                                                    "cumulative_rows_scanned": 1260710,
                                                                    "operator_rows_scanned": 0,
                                                                    "operator_timing": 0.000002594,
                                                                    "result_set_size": 8,
                                                                    "children": [
                                                                        {
                                                                            "operator_name": "UNGROUPED_AGGREGATE",
                                                                            "cpu_time": 0.011960849999999988,
                                                                            "extra_info": {
                                                                                "Aggregates": [
                                                                                    "\"first\"(#0)",
                                                                                    "count_star()"
                                                                                ]
                                                                            },
                                                                            "cumulative_cardinality": 2521423,
                                                                            "operator_type": "UNGROUPED_AGGREGATE",
                                                                            "operator_cardinality": 1,
                                                                            "cumulative_rows_scanned": 1260710,
                                                                            "operator_rows_scanned": 0,
                                                                            "operator_timing": 0.000001735,
                                                                            "result_set_size": 16,
                                                                            "children": [
                                                                                {
                                                                                    "operator_name": "PROJECTION",
                                                                                    "cpu_time": 0.011959114999999989,
                                                                                    "extra_info": {
                                                                                        "Projections": "#0",
                                                                                        "Estimated Cardinality": "1"
                                                                                    },
                                                                                    "cumulative_cardinality": 2521422,
                                                                                    "operator_type": "PROJECTION",
                                                                                    "operator_cardinality": 1,
                                                                                    "cumulative_rows_scanned": 1260710,
                                                                                    "operator_rows_scanned": 0,
                                                                                    "operator_timing": 2e-7,
                                                                                    "result_set_size": 8,
                                                                                    "children": [
                                                                                        {
                                                                                            "operator_name": "UNGROUPED_AGGREGATE",
                                                                                            "cpu_time": 0.011958914999999988,
                                                                                            "extra_info": {
                                                                                                "Aggregates": "avg(#0)"
                                                                                            },
                                                                                            "cumulative_cardinality": 2521421,
                                                                                            "operator_type": "UNGROUPED_AGGREGATE",
                                                                                            "operator_cardinality": 1,
                                                                                            "cumulative_rows_scanned": 1260710,
                                                                                            "operator_rows_scanned": 0,
                                                                                            "operator_timing": 0.004829036999999991,
                                                                                            "result_set_size": 8,
                                                                                            "children": [
                                                                                                {
                                                                                                    "operator_name": "PROJECTION",
                                                                                                    "cpu_time": 0.0071298779999999975,
                                                                                                    "extra_info": {
                                                                                                        "Projections": "reputation",
                                                                                                        "Estimated Cardinality": "1260710"
                                                                                                    },
                                                                                                    "cumulative_cardinality": 2521420,
                                                                                                    "operator_type": "PROJECTION",
                                                                                                    "operator_cardinality": 1260710,
                                                                                                    "cumulative_rows_scanned": 1260710,
                                                                                                    "operator_rows_scanned": 0,
                                                                                                    "operator_timing": 0.00004958299999999978,
                                                                                                    "result_set_size": 5042840,
                                                                                                    "children": [
                                                                                                        {
                                                                                                            "operator_name": "READ_PARQUET ",
                                                                                                            "cpu_time": 0.007080294999999998,
                                                                                                            "extra_info": {
                                                                                                                "Function": "READ_PARQUET",
                                                                                                                "Projections": "reputation",
                                                                                                                "Estimated Cardinality": "1260710"
                                                                                                            },
                                                                                                            "cumulative_cardinality": 1260710,
                                                                                                            "operator_type": "TABLE_SCAN",
                                                                                                            "operator_cardinality": 1260710,
                                                                                                            "cumulative_rows_scanned": 1260710,
                                                                                                            "operator_rows_scanned": 1260710,
                                                                                                            "operator_timing": 0.007080294999999998,
                                                                                                            "result_set_size": 5042840,
                                                                                                            "children": []
                                                                                                        }
                                                                                                    ]
                                                                                                }
                                                                                            ]
                                                                                        }
                                                                                    ]
                                                                                }
                                                                            ]
                                                                        }
                                                                    ]
                                                                }
                                                            ]
                                                        }
                                                    ]
                                                }
                                            ]
                                        }
                                    ]
                                }
                            ]
                        }
                    ]
                }
            ]
        }
    ]
}