{
    "rows_returned": 50,
    "query_name": "WITH RankedPosts AS (\n    SELECT \n        p.Id AS PostId,\n        p.Title,\n        p.Body,\n        p.CreationDate,\n        p.ViewCount,\n        p.Score,\n        ARRAY_LENGTH(string_to_array(substring(p.Tags, 2, length(p.Tags)-2), '>'), 1) AS TagCount,\n        ROW_NUMBER() OVER (PARTITION BY p.OwnerUserId ORDER BY p.Score DESC) AS UserPostRank,\n        u.DisplayName AS AuthorDisplayName,\n        u.Reputation\n    FROM \n        Posts p\n    JOIN \n        Users u ON p.OwnerUserId = u.Id\n    WHERE \n        p.PostTypeId = 1  \n        AND p.CreationDate >= cast('2024-10-01 12:34:56' as timestamp) - INTERVAL '30 days'  \n),\nPostStats AS (\n    SELECT \n        rp.PostId,\n        rp.Title,\n        rp.Body,\n        rp.CreationDate,\n        rp.ViewCount,\n        rp.Score,\n        rp.TagCount,\n        rp.AuthorDisplayName,\n        rp.Reputation,\n        COALESCE(COUNT(c.Id), 0) AS CommentCount,\n        COALESCE(SUM(v.vote_count), 0) AS TotalVotes\n    FROM \n        RankedPosts rp\n    LEFT JOIN \n        Comments c ON c.PostId = rp.PostId\n    LEFT JOIN (\n        SELECT PostId, COUNT(*) AS vote_count \n        FROM Votes \n        GROUP BY PostId\n    ) v ON v.PostId = rp.PostId\n    GROUP BY \n        rp.PostId, rp.Title, rp.Body, rp.CreationDate, rp.ViewCount, rp.Score, rp.TagCount, rp.AuthorDisplayName, rp.Reputation\n)\nSELECT \n    ps.PostId,\n    ps.Title,\n    ps.CreationDate,\n    ps.ViewCount,\n    ps.Score,\n    ps.TagCount,\n    ps.AuthorDisplayName,\n    ps.Reputation,\n    ps.CommentCount,\n    ps.TotalVotes,\n    CASE \n        WHEN ps.Score >= 10 THEN 'High Score'\n        WHEN ps.Score BETWEEN 5 AND 9 THEN 'Medium Score'\n        ELSE 'Low Score'\n    END AS ScoreCategory,\n    CASE \n        WHEN ps.TagCount > 5 THEN 'Diverse Tags'\n        ELSE 'Limited Tags'\n    END AS TagDiversity\nFROM \n    PostStats ps\nORDER BY \n    ps.Score DESC, ps.ViewCount DESC\nLIMIT 50;",
    "blocked_thread_time": 0.0,
    "cpu_time": 2.3163306080000003,
    "extra_info": {},
    "cumulative_cardinality": 30854301,
    "cumulative_rows_scanned": 25096741,
    "result_set_size": 6000,
    "latency": 2.411471208,
    "children": [
        {
            "operator_name": "STREAMING_LIMIT",
            "cpu_time": 2.3163306080000003,
            "extra_info": {},
            "cumulative_cardinality": 30854301,
            "operator_type": "STREAMING_LIMIT",
            "operator_cardinality": 50,
            "cumulative_rows_scanned": 25096741,
            "operator_rows_scanned": 0,
            "operator_timing": 0.000001342,
            "result_set_size": 6000,
            "children": [
                {
                    "operator_name": "PROJECTION",
                    "cpu_time": 2.3163292660000003,
                    "extra_info": {
                        "Projections": [
                            "#0",
                            "#1",
                            "#2",
                            "#3",
                            "__internal_decompress_integral_integer(#4, -72)",
                            "#5",
                            "#6",
                            "#7",
                            "#8",
                            "#9",
                            "__internal_decompress_string(#10)",
                            "__internal_decompress_string(#11)"
                        ],
                        "Estimated Cardinality": "3850116"
                    },
                    "cumulative_cardinality": 30854251,
                    "operator_type": "PROJECTION",
                    "operator_cardinality": 4096,
                    "cumulative_rows_scanned": 25096741,
                    "operator_rows_scanned": 0,
                    "operator_timing": 0.00007905799999999999,
                    "result_set_size": 491520,
                    "children": [
                        {
                            "operator_name": "ORDER_BY",
                            "cpu_time": 2.3162502080000005,
                            "extra_info": {
                                "Order By": [
                                    "ps.Score DESC",
                                    "ps.ViewCount DESC"
                                ]
                            },
                            "cumulative_cardinality": 30850155,
                            "operator_type": "ORDER_BY",
                            "operator_cardinality": 4096,
                            "cumulative_rows_scanned": 25096741,
                            "operator_rows_scanned": 0,
                            "operator_timing": 0.000475338,
                            "result_set_size": 483328,
                            "children": [
                                {
                                    "operator_name": "PROJECTION",
                                    "cpu_time": 2.3157748700000003,
                                    "extra_info": {
                                        "Projections": [
                                            "#0",
                                            "#1",
                                            "#2",
                                            "#3",
                                            "__internal_compress_integral_usmallint(#4, -72)",
                                            "#5",
                                            "#6",
                                            "#7",
                                            "#8",
                                            "#9",
                                            "__internal_compress_string_hugeint(#10)",
                                            "__internal_compress_string_hugeint(#11)"
                                        ],
                                        "Estimated Cardinality": "3850116"
                                    },
                                    "cumulative_cardinality": 30846059,
                                    "operator_type": "PROJECTION",
                                    "operator_cardinality": 5081,
                                    "cumulative_rows_scanned": 25096741,
                                    "operator_rows_scanned": 0,
                                    "operator_timing": 0.000055474,
                                    "result_set_size": 599558,
                                    "children": [
                                        {
                                            "operator_name": "PROJECTION",
                                            "cpu_time": 2.3157193960000004,
                                            "extra_info": {
                                                "Projections": [
                                                    "PostId",
                                                    "title",
                                                    "creationdate",
                                                    "viewcount",
                                                    "score",
                                                    "TagCount",
                                                    "AuthorDisplayName",
                                                    "reputation",
                                                    "CommentCount",
                                                    "TotalVotes",
                                                    "ScoreCategory",
                                                    "TagDiversity"
                                                ],
                                                "Estimated Cardinality": "3850116"
                                            },
                                            "cumulative_cardinality": 30840978,
                                            "operator_type": "PROJECTION",
                                            "operator_cardinality": 5081,
                                            "cumulative_rows_scanned": 25096741,
                                            "operator_rows_scanned": 0,
                                            "operator_timing": 0.000073467,
                                            "result_set_size": 609720,
                                            "children": [
                                                {
                                                    "operator_name": "PROJECTION",
                                                    "cpu_time": 2.3156459290000004,
                                                    "extra_info": {
                                                        "Projections": [
                                                            "PostId",
                                                            "title",
                                                            "creationdate",
                                                            "viewcount",
                                                            "score",
                                                            "TagCount",
                                                            "AuthorDisplayName",
                                                            "reputation",
                                                            "CommentCount",
                                                            "TotalVotes"
                                                        ],
                                                        "Estimated Cardinality": "3850116"
                                                    },
                                                    "cumulative_cardinality": 30835897,
                                                    "operator_type": "PROJECTION",
                                                    "operator_cardinality": 5081,
                                                    "cumulative_rows_scanned": 25096741,
                                                    "operator_rows_scanned": 0,
                                                    "operator_timing": 0.000100467,
                                                    "result_set_size": 447128,
                                                    "children": [
                                                        {
                                                            "operator_name": "PROJECTION",
                                                            "cpu_time": 2.315545462,
                                                            "extra_info": {
                                                                "Projections": [
                                                                    "#0",
                                                                    "#1",
                                                                    "#2",
                                                                    "#3",
                                                                    "#4",
                                                                    "__internal_decompress_integral_integer(#5, -72)",
                                                                    "#6",
                                                                    "#7",
                                                                    "#8",
                                                                    "#9",
                                                                    "#10"
                                                                ],
                                                                "Estimated Cardinality": "3850116"
                                                            },
                                                            "cumulative_cardinality": 30830816,
                                                            "operator_type": "PROJECTION",
                                                            "operator_cardinality": 5081,
                                                            "cumulative_rows_scanned": 25096741,
                                                            "operator_rows_scanned": 0,
                                                            "operator_timing": 0.0000073020000000000006,
                                                            "result_set_size": 528424,
                                                            "children": [
                                                                {
                                                                    "operator_name": "HASH_GROUP_BY",
                                                                    "cpu_time": 2.31553816,
                                                                    "extra_info": {
                                                                        "Groups": [
                                                                            "#0",
                                                                            "#1",
                                                                            "#2",
                                                                            "#3",
                                                                            "#4",
                                                                            "#5",
                                                                            "#6",
                                                                            "#7",
                                                                            "#8"
                                                                        ],
                                                                        "Aggregates": [
                                                                            "count(#9)",
                                                                            "sum(#10)"
                                                                        ],
                                                                        "Estimated Cardinality": "3850116"
                                                                    },
                                                                    "cumulative_cardinality": 30825735,
                                                                    "operator_type": "HASH_GROUP_BY",
                                                                    "operator_cardinality": 5081,
                                                                    "cumulative_rows_scanned": 25096741,
                                                                    "operator_rows_scanned": 0,
                                                                    "operator_timing": 0.015149894,
                                                                    "result_set_size": 518262,
                                                                    "children": [
                                                                        {
                                                                            "operator_name": "PROJECTION",
                                                                            "cpu_time": 2.300388266,
                                                                            "extra_info": {
                                                                                "Projections": [
                                                                                    "PostId",
                                                                                    "title",
                                                                                    "body",
                                                                                    "creationdate",
                                                                                    "viewcount",
                                                                                    "score",
                                                                                    "TagCount",
                                                                                    "AuthorDisplayName",
                                                                                    "reputation",
                                                                                    "id",
                                                                                    "vote_count"
                                                                                ],
                                                                                "Estimated Cardinality": "7241822"
                                                                            },
                                                                            "cumulative_cardinality": 30820654,
                                                                            "operator_type": "PROJECTION",
                                                                            "operator_cardinality": 15418,
                                                                            "cumulative_rows_scanned": 25096741,
                                                                            "operator_rows_scanned": 0,
                                                                            "operator_timing": 0.000024555999999999997,
                                                                            "result_set_size": 1387620,
                                                                            "children": [
                                                                                {
                                                                                    "operator_name": "PROJECTION",
                                                                                    "cpu_time": 2.30036371,
                                                                                    "extra_info": {
                                                                                        "Projections": [
                                                                                            "#0",
                                                                                            "#1",
                                                                                            "#2",
                                                                                            "#3",
                                                                                            "#4",
                                                                                            "#5",
                                                                                            "__internal_compress_integral_usmallint(#6, -72)",
                                                                                            "#7",
                                                                                            "#8",
                                                                                            "#9",
                                                                                            "#10"
                                                                                        ],
                                                                                        "Estimated Cardinality": "7241822"
                                                                                    },
                                                                                    "cumulative_cardinality": 30805236,
                                                                                    "operator_type": "PROJECTION",
                                                                                    "operator_cardinality": 15418,
                                                                                    "cumulative_rows_scanned": 25096741,
                                                                                    "operator_rows_scanned": 0,
                                                                                    "operator_timing": 0.00006193700000000001,
                                                                                    "result_set_size": 1387620,
                                                                                    "children": [
                                                                                        {
                                                                                            "operator_name": "HASH_JOIN",
                                                                                            "cpu_time": 2.300301773,
                                                                                            "extra_info": {
                                                                                                "Join Type": "LEFT",
                                                                                                "Conditions": "PostId = postid",
                                                                                                "Estimated Cardinality": "7241822"
                                                                                            },
                                                                                            "cumulative_cardinality": 30789818,
                                                                                            "operator_type": "HASH_JOIN",
                                                                                            "operator_cardinality": 15418,
                                                                                            "cumulative_rows_scanned": 25096741,
                                                                                            "operator_rows_scanned": 0,
                                                                                            "operator_timing": 0.20133738899999992,
                                                                                            "result_set_size": 1418456,
                                                                                            "children": [
                                                                                                {
                                                                                                    "operator_name": "HASH_JOIN",
                                                                                                    "cpu_time": 1.4693192450000003,
                                                                                                    "extra_info": {
                                                                                                        "Join Type": "RIGHT",
                                                                                                        "Conditions": "postid = PostId",
                                                                                                        "Estimated Cardinality": "7241822"
                                                                                                    },
                                                                                                    "cumulative_cardinality": 1320987,
                                                                                                    "operator_type": "HASH_JOIN",
                                                                                                    "operator_cardinality": 15418,
                                                                                                    "cumulative_rows_scanned": 12352648,
                                                                                                    "operator_rows_scanned": 0,
                                                                                                    "operator_timing": 0.0034257320000000003,
                                                                                                    "result_set_size": 1295112,
                                                                                                    "children": [
                                                                                                        {
                                                                                                            "operator_name": "READ_PARQUET ",
                                                                                                            "cpu_time": 0.013183882,
                                                                                                            "extra_info": {
                                                                                                                "Function": "READ_PARQUET",
                                                                                                                "Projections": [
                                                                                                                    "id",
                                                                                                                    "postid"
                                                                                                                ],
                                                                                                                "Estimated Cardinality": "7241822"
                                                                                                            },
                                                                                                            "cumulative_cardinality": 19485,
                                                                                                            "operator_type": "TABLE_SCAN",
                                                                                                            "operator_cardinality": 19485,
                                                                                                            "cumulative_rows_scanned": 7241822,
                                                                                                            "operator_rows_scanned": 7241822,
                                                                                                            "operator_timing": 0.013183882,
                                                                                                            "result_set_size": 155880,
                                                                                                            "children": []
                                                                                                        },
                                                                                                        {
                                                                                                            "operator_name": "PROJECTION",
                                                                                                            "cpu_time": 1.4527096310000003,
                                                                                                            "extra_info": {
                                                                                                                "Projections": [
                                                                                                                    "PostId",
                                                                                                                    "title",
                                                                                                                    "body",
                                                                                                                    "creationdate",
                                                                                                                    "viewcount",
                                                                                                                    "score",
                                                                                                                    "TagCount",
                                                                                                                    "AuthorDisplayName",
                                                                                                                    "reputation"
                                                                                                                ],
                                                                                                                "Estimated Cardinality": "770023"
                                                                                                            },
                                                                                                            "cumulative_cardinality": 1286084,
                                                                                                            "operator_type": "PROJECTION",
                                                                                                            "operator_cardinality": 5081,
                                                                                                            "cumulative_rows_scanned": 5110826,
                                                                                                            "operator_rows_scanned": 0,
                                                                                                            "operator_timing": 0.000911813,
                                                                                                            "result_set_size": 406480,
                                                                                                            "children": [
                                                                                                                {
                                                                                                                    "operator_name": "PROJECTION",
                                                                                                                    "cpu_time": 1.4517978180000002,
                                                                                                                    "extra_info": {
                                                                                                                        "Projections": [
                                                                                                                            "#0",
                                                                                                                            "#1",
                                                                                                                            "#2",
                                                                                                                            "#3",
                                                                                                                            "#4",
                                                                                                                            "#5",
                                                                                                                            "#6",
                                                                                                                            "#7",
                                                                                                                            "#8",
                                                                                                                            "#9",
                                                                                                                            "#10"
                                                                                                                        ],
                                                                                                                        "Estimated Cardinality": "770023"
                                                                                                                    },
                                                                                                                    "cumulative_cardinality": 1281003,
                                                                                                                    "operator_type": "PROJECTION",
                                                                                                                    "operator_cardinality": 5081,
                                                                                                                    "cumulative_rows_scanned": 5110826,
                                                                                                                    "operator_rows_scanned": 0,
                                                                                                                    "operator_timing": 0.000009265999999999999,
                                                                                                                    "result_set_size": 508100,
                                                                                                                    "children": [
                                                                                                                        {
                                                                                                                            "operator_name": "WINDOW",
                                                                                                                            "cpu_time": 1.4517885520000002,
                                                                                                                            "extra_info": {
                                                                                                                                "Projections": "ROW_NUMBER() OVER (PARTITION BY owneruserid ORDER BY score DESC NULLS LAST)"
                                                                                                                            },
                                                                                                                            "cumulative_cardinality": 1275922,
                                                                                                                            "operator_type": "WINDOW",
                                                                                                                            "operator_cardinality": 5081,
                                                                                                                            "cumulative_rows_scanned": 5110826,
                                                                                                                            "operator_rows_scanned": 0,
                                                                                                                            "operator_timing": 0.005313117,
                                                                                                                            "result_set_size": 508100,
                                                                                                                            "children": [
                                                                                                                                {
                                                                                                                                    "operator_name": "HASH_JOIN",
                                                                                                                                    "cpu_time": 1.4464754350000002,
                                                                                                                                    "extra_info": {
                                                                                                                                        "Join Type": "INNER",
                                                                                                                                        "Conditions": "owneruserid = id",
                                                                                                                                        "Estimated Cardinality": "770023"
                                                                                                                                    },
                                                                                                                                    "cumulative_cardinality": 1270841,
                                                                                                                                    "operator_type": "HASH_JOIN",
                                                                                                                                    "operator_cardinality": 5081,
                                                                                                                                    "cumulative_rows_scanned": 5110826,
                                                                                                                                    "operator_rows_scanned": 0,
                                                                                                                                    "operator_timing": 0.08465469999999996,
                                                                                                                                    "result_set_size": 467452,
                                                                                                                                    "children": [
                                                                                                                                        {
                                                                                                                                            "operator_name": "READ_PARQUET ",
                                                                                                                                            "cpu_time": 1.2690771940000003,
                                                                                                                                            "extra_info": {
                                                                                                                                                "Function": "READ_PARQUET",
                                                                                                                                                "Projections": [
                                                                                                                                                    "id",
                                                                                                                                                    "creationdate",
                                                                                                                                                    "score",
                                                                                                                                                    "viewcount",
                                                                                                                                                    "body",
                                                                                                                                                    "owneruserid",
                                                                                                                                                    "title",
                                                                                                                                                    "tags"
                                                                                                                                                ],
                                                                                                                                                "Filters": [
                                                                                                                                                    "posttypeid=1",
                                                                                                                                                    "creationdate>='2024-09-01 12:34:56'::TIMESTAMP"
                                                                                                                                                ],
                                                                                                                                                "Estimated Cardinality": "770023"
                                                                                                                                            },
                                                                                                                                            "cumulative_cardinality": 5081,
                                                                                                                                            "operator_type": "TABLE_SCAN",
                                                                                                                                            "operator_cardinality": 5081,
                                                                                                                                            "cumulative_rows_scanned": 3850116,
                                                                                                                                            "operator_rows_scanned": 3850116,
                                                                                                                                            "operator_timing": 1.2690771940000003,
                                                                                                                                            "result_set_size": 365832,
                                                                                                                                            "children": []
                                                                                                                                        },
                                                                                                                                        {
                                                                                                                                            "operator_name": "READ_PARQUET ",
                                                                                                                                            "cpu_time": 0.09274354099999997,
                                                                                                                                            "extra_info": {
                                                                                                                                                "Function": "READ_PARQUET",
                                                                                                                                                "Projections": [
                                                                                                                                                    "id",
                                                                                                                                                    "reputation",
                                                                                                                                                    "displayname"
                                                                                                                                                ],
                                                                                                                                                "Filters": "id<=1416539",
                                                                                                                                                "Estimated Cardinality": "1260710"
                                                                                                                                            },
                                                                                                                                            "cumulative_cardinality": 1260679,
                                                                                                                                            "operator_type": "TABLE_SCAN",
                                                                                                                                            "operator_cardinality": 1260679,
                                                                                                                                            "cumulative_rows_scanned": 1260710,
                                                                                                                                            "operator_rows_scanned": 1260710,
                                                                                                                                            "operator_timing": 0.09274354099999997,
                                                                                                                                            "result_set_size": 30256296,
                                                                                                                                            "children": []
                                                                                                                                        }
                                                                                                                                    ]
                                                                                                                                }
                                                                                                                            ]
                                                                                                                        }
                                                                                                                    ]
                                                                                                                }
                                                                                                            ]
                                                                                                        }
                                                                                                    ]
                                                                                                },
                                                                                                {
                                                                                                    "operator_name": "HASH_GROUP_BY",
                                                                                                    "cpu_time": 0.6296451389999999,
                                                                                                    "extra_info": {
                                                                                                        "Groups": "#0",
                                                                                                        "Aggregates": "count_star()",
                                                                                                        "Estimated Cardinality": "6372046"
                                                                                                    },
                                                                                                    "cumulative_cardinality": 29453413,
                                                                                                    "operator_type": "HASH_GROUP_BY",
                                                                                                    "operator_cardinality": 3965227,
                                                                                                    "cumulative_rows_scanned": 12744093,
                                                                                                    "operator_rows_scanned": 0,
                                                                                                    "operator_timing": 0.5473957489999994,
                                                                                                    "result_set_size": 47582724,
                                                                                                    "children": [
                                                                                                        {
                                                                                                            "operator_name": "PROJECTION",
                                                                                                            "cpu_time": 0.08224939000000042,
                                                                                                            "extra_info": {
                                                                                                                "Projections": "postid",
                                                                                                                "Estimated Cardinality": "12744093"
                                                                                                            },
                                                                                                            "cumulative_cardinality": 25488186,
                                                                                                            "operator_type": "PROJECTION",
                                                                                                            "operator_cardinality": 12744093,
                                                                                                            "cumulative_rows_scanned": 12744093,
                                                                                                            "operator_rows_scanned": 0,
                                                                                                            "operator_timing": 0.0006755869999999925,
                                                                                                            "result_set_size": 50976372,
                                                                                                            "children": [
                                                                                                                {
                                                                                                                    "operator_name": "READ_PARQUET ",
                                                                                                                    "cpu_time": 0.08157380300000043,
                                                                                                                    "extra_info": {
                                                                                                                        "Function": "READ_PARQUET",
                                                                                                                        "Projections": "postid",
                                                                                                                        "Estimated Cardinality": "12744093"
                                                                                                                    },
                                                                                                                    "cumulative_cardinality": 12744093,
                                                                                                                    "operator_type": "TABLE_SCAN",
                                                                                                                    "operator_cardinality": 12744093,
                                                                                                                    "cumulative_rows_scanned": 12744093,
                                                                                                                    "operator_rows_scanned": 12744093,
                                                                                                                    "operator_timing": 0.08157380300000043,
                                                                                                                    "result_set_size": 50976372,
                                                                                                                    "children": []
                                                                                                                }
                                                                                                            ]
                                                                                                        }
                                                                                                    ]
                                                                                                }
                                                                                            ]
                                                                                        }
                                                                                    ]
                                                                                }
                                                                            ]
                                                                        }
                                                                    ]
                                                                }
                                                            ]
                                                        }
                                                    ]
                                                }
                                            ]
                                        }
                                    ]
                                }
                            ]
                        }
                    ]
                }
            ]
        }
    ]
}