{
    "rows_returned": 871,
    "query_name": "\nWITH FilteredPosts AS (\n    SELECT \n        p.Id AS PostId,\n        p.Title,\n        p.Body,\n        p.Tags,\n        p.CreationDate,\n        u.DisplayName AS OwnerName,\n        u.Reputation,\n        COUNT(DISTINCT c.Id) AS CommentCount,\n        COUNT(DISTINCT a.Id) AS AnswerCount,\n        pt.Name AS PostTypeName\n    FROM \n        Posts p\n    JOIN \n        Users u ON p.OwnerUserId = u.Id\n    LEFT JOIN \n        Comments c ON c.PostId = p.Id\n    LEFT JOIN \n        Posts a ON a.ParentId = p.Id AND a.PostTypeId = 2\n    JOIN \n        PostTypes pt ON p.PostTypeId = pt.Id\n    WHERE \n        p.CreationDate >= TIMESTAMP '2024-10-01 12:34:56' - INTERVAL '1 year'\n    GROUP BY \n        p.Id, p.Title, p.Body, p.Tags, p.CreationDate, u.DisplayName, u.Reputation, pt.Name\n)\n\nSELECT \n    fp.PostId,\n    fp.Title,\n    fp.Body,\n    fp.Tags,\n    fp.CreationDate,\n    fp.OwnerName,\n    fp.Reputation,\n    fp.CommentCount,\n    fp.AnswerCount,\n    CASE \n        WHEN fp.Reputation > 1000 THEN 'High Reputation'\n        WHEN fp.Reputation BETWEEN 500 AND 1000 THEN 'Medium Reputation'\n        ELSE 'Low Reputation'\n    END AS ReputationCategory,\n    STRING_AGG(DISTINCT fp.PostTypeName, ', ') AS PostTypeNames\nFROM \n    FilteredPosts fp\nJOIN \n    PostHistory ph ON ph.PostId = fp.PostId\nWHERE \n    ph.CreationDate >= TIMESTAMP '2024-10-01 12:34:56' - INTERVAL '30 days'\n    AND ph.PostHistoryTypeId IN (10, 11)  \nGROUP BY \n    fp.PostId, fp.Title, fp.Body, fp.Tags, fp.CreationDate, fp.OwnerName, fp.Reputation, fp.CommentCount, fp.AnswerCount\nORDER BY \n    fp.CreationDate DESC, fp.Reputation DESC;\n",
    "blocked_thread_time": 0.0,
    "cpu_time": 2.843242741000001,
    "extra_info": {},
    "cumulative_cardinality": 5864316,
    "cumulative_rows_scanned": 27998016,
    "result_set_size": 111488,
    "latency": 3.556143708,
    "children": [
        {
            "operator_name": "ORDER_BY",
            "cpu_time": 2.843242741000001,
            "extra_info": {
                "Order By": [
                    "fp.CreationDate DESC",
                    "fp.Reputation DESC"
                ]
            },
            "cumulative_cardinality": 5864316,
            "operator_type": "ORDER_BY",
            "operator_cardinality": 871,
            "cumulative_rows_scanned": 27998016,
            "operator_rows_scanned": 0,
            "operator_timing": 0.00020529400000000002,
            "result_set_size": 111488,
            "children": [
                {
                    "operator_name": "PROJECTION",
                    "cpu_time": 2.843037447000001,
                    "extra_info": {
                        "Projections": [
                            "PostId",
                            "title",
                            "body",
                            "tags",
                            "creationdate",
                            "OwnerName",
                            "reputation",
                            "CommentCount",
                            "AnswerCount",
                            "ReputationCategory",
                            "PostTypeNames"
                        ],
                        "Estimated Cardinality": "1179524"
                    },
                    "cumulative_cardinality": 5863445,
                    "operator_type": "PROJECTION",
                    "operator_cardinality": 871,
                    "cumulative_rows_scanned": 27998016,
                    "operator_rows_scanned": 0,
                    "operator_timing": 0.000030437,
                    "result_set_size": 111488,
                    "children": [
                        {
                            "operator_name": "HASH_GROUP_BY",
                            "cpu_time": 2.843007010000001,
                            "extra_info": {
                                "Groups": [
                                    "#0",
                                    "#1",
                                    "#2",
                                    "#3",
                                    "#4",
                                    "#5",
                                    "#6",
                                    "#7",
                                    "#8"
                                ],
                                "Aggregates": "string_agg(DISTINCT #9)",
                                "Estimated Cardinality": "1179524"
                            },
                            "cumulative_cardinality": 5862574,
                            "operator_type": "HASH_GROUP_BY",
                            "operator_cardinality": 871,
                            "cumulative_rows_scanned": 27998016,
                            "operator_rows_scanned": 0,
                            "operator_timing": 0.001083693,
                            "result_set_size": 97552,
                            "children": [
                                {
                                    "operator_name": "PROJECTION",
                                    "cpu_time": 2.841923317000001,
                                    "extra_info": {
                                        "Projections": [
                                            "PostId",
                                            "title",
                                            "body",
                                            "tags",
                                            "creationdate",
                                            "OwnerName",
                                            "reputation",
                                            "CommentCount",
                                            "AnswerCount",
                                            "PostTypeName"
                                        ],
                                        "Estimated Cardinality": "2359048"
                                    },
                                    "cumulative_cardinality": 5861703,
                                    "operator_type": "PROJECTION",
                                    "operator_cardinality": 964,
                                    "cumulative_rows_scanned": 27998016,
                                    "operator_rows_scanned": 0,
                                    "operator_timing": 0.000006132,
                                    "result_set_size": 107968,
                                    "children": [
                                        {
                                            "operator_name": "HASH_JOIN",
                                            "cpu_time": 2.8419171850000007,
                                            "extra_info": {
                                                "Join Type": "INNER",
                                                "Conditions": "PostId = postid",
                                                "Estimated Cardinality": "2359048"
                                            },
                                            "cumulative_cardinality": 5860739,
                                            "operator_type": "HASH_JOIN",
                                            "operator_cardinality": 964,
                                            "cumulative_rows_scanned": 27998016,
                                            "operator_rows_scanned": 0,
                                            "operator_timing": 0.001853683,
                                            "result_set_size": 111824,
                                            "children": [
                                                {
                                                    "operator_name": "PROJECTION",
                                                    "cpu_time": 2.8330743140000005,
                                                    "extra_info": {
                                                        "Projections": [
                                                            "PostId",
                                                            "title",
                                                            "body",
                                                            "tags",
                                                            "creationdate",
                                                            "OwnerName",
                                                            "reputation",
                                                            "CommentCount",
                                                            "AnswerCount",
                                                            "PostTypeName"
                                                        ],
                                                        "Estimated Cardinality": "3850116"
                                                    },
                                                    "cumulative_cardinality": 5858618,
                                                    "operator_type": "PROJECTION",
                                                    "operator_cardinality": 143650,
                                                    "cumulative_rows_scanned": 16202772,
                                                    "operator_rows_scanned": 0,
                                                    "operator_timing": 0.000032329,
                                                    "result_set_size": 16088800,
                                                    "children": [
                                                        {
                                                            "operator_name": "HASH_GROUP_BY",
                                                            "cpu_time": 2.8330419850000004,
                                                            "extra_info": {
                                                                "Groups": [
                                                                    "#0",
                                                                    "#1",
                                                                    "#2",
                                                                    "#3",
                                                                    "#4",
                                                                    "#5",
                                                                    "#6",
                                                                    "#7"
                                                                ],
                                                                "Aggregates": [
                                                                    "count(DISTINCT #8)",
                                                                    "count(DISTINCT #9)"
                                                                ],
                                                                "Estimated Cardinality": "3850116"
                                                            },
                                                            "cumulative_cardinality": 5714968,
                                                            "operator_type": "HASH_GROUP_BY",
                                                            "operator_cardinality": 143650,
                                                            "cumulative_rows_scanned": 16202772,
                                                            "operator_rows_scanned": 0,
                                                            "operator_timing": 0.893656476,
                                                            "result_set_size": 16088800,
                                                            "children": [
                                                                {
                                                                    "operator_name": "PROJECTION",
                                                                    "cpu_time": 1.9393855090000005,
                                                                    "extra_info": {
                                                                        "Projections": [
                                                                            "id",
                                                                            "title",
                                                                            "body",
                                                                            "tags",
                                                                            "creationdate",
                                                                            "displayname",
                                                                            "reputation",
                                                                            "name",
                                                                            "id",
                                                                            "id"
                                                                        ],
                                                                        "Estimated Cardinality": "7241822"
                                                                    },
                                                                    "cumulative_cardinality": 5571318,
                                                                    "operator_type": "PROJECTION",
                                                                    "operator_cardinality": 405050,
                                                                    "cumulative_rows_scanned": 16202772,
                                                                    "operator_rows_scanned": 0,
                                                                    "operator_timing": 0.00022973399999999997,
                                                                    "result_set_size": 42125200,
                                                                    "children": [
                                                                        {
                                                                            "operator_name": "HASH_JOIN",
                                                                            "cpu_time": 1.9391557750000006,
                                                                            "extra_info": {
                                                                                "Join Type": "INNER",
                                                                                "Conditions": "posttypeid = id",
                                                                                "Estimated Cardinality": "7241822"
                                                                            },
                                                                            "cumulative_cardinality": 5166268,
                                                                            "operator_type": "HASH_JOIN",
                                                                            "operator_cardinality": 405050,
                                                                            "cumulative_rows_scanned": 16202772,
                                                                            "operator_rows_scanned": 0,
                                                                            "operator_timing": 0.0013051470000000002,
                                                                            "result_set_size": 42125200,
                                                                            "children": [
                                                                                {
                                                                                    "operator_name": "HASH_JOIN",
                                                                                    "cpu_time": 1.9375418100000006,
                                                                                    "extra_info": {
                                                                                        "Join Type": "LEFT",
                                                                                        "Conditions": "id = parentid",
                                                                                        "Estimated Cardinality": "7241822"
                                                                                    },
                                                                                    "cumulative_cardinality": 4761211,
                                                                                    "operator_type": "HASH_JOIN",
                                                                                    "operator_cardinality": 405050,
                                                                                    "cumulative_rows_scanned": 16202764,
                                                                                    "operator_rows_scanned": 0,
                                                                                    "operator_timing": 0.13250159599999997,
                                                                                    "result_set_size": 36454500,
                                                                                    "children": [
                                                                                        {
                                                                                            "operator_name": "HASH_JOIN",
                                                                                            "cpu_time": 1.676348270000001,
                                                                                            "extra_info": {
                                                                                                "Join Type": "RIGHT",
                                                                                                "Conditions": "postid = id",
                                                                                                "Estimated Cardinality": "7241822"
                                                                                            },
                                                                                            "cumulative_cardinality": 2178868,
                                                                                            "operator_type": "HASH_JOIN",
                                                                                            "operator_cardinality": 343825,
                                                                                            "cumulative_rows_scanned": 12352648,
                                                                                            "operator_rows_scanned": 0,
                                                                                            "operator_timing": 0.07470404000000001,
                                                                                            "result_set_size": 29568950,
                                                                                            "children": [
                                                                                                {
                                                                                                    "operator_name": "READ_PARQUET ",
                                                                                                    "cpu_time": 0.015774118,
                                                                                                    "extra_info": {
                                                                                                        "Function": "READ_PARQUET",
                                                                                                        "Projections": [
                                                                                                            "id",
                                                                                                            "postid"
                                                                                                        ],
                                                                                                        "Estimated Cardinality": "7241822"
                                                                                                    },
                                                                                                    "cumulative_cardinality": 287064,
                                                                                                    "operator_type": "TABLE_SCAN",
                                                                                                    "operator_cardinality": 287064,
                                                                                                    "cumulative_rows_scanned": 7241822,
                                                                                                    "operator_rows_scanned": 7241822,
                                                                                                    "operator_timing": 0.015774118,
                                                                                                    "result_set_size": 2296512,
                                                                                                    "children": []
                                                                                                },
                                                                                                {
                                                                                                    "operator_name": "HASH_JOIN",
                                                                                                    "cpu_time": 1.585870112000001,
                                                                                                    "extra_info": {
                                                                                                        "Join Type": "INNER",
                                                                                                        "Conditions": "owneruserid = id",
                                                                                                        "Estimated Cardinality": "770023"
                                                                                                    },
                                                                                                    "cumulative_cardinality": 1547979,
                                                                                                    "operator_type": "HASH_JOIN",
                                                                                                    "operator_cardinality": 143650,
                                                                                                    "cumulative_rows_scanned": 5110826,
                                                                                                    "operator_rows_scanned": 0,
                                                                                                    "operator_timing": 0.09595963600000006,
                                                                                                    "result_set_size": 11779300,
                                                                                                    "children": [
                                                                                                        {
                                                                                                            "operator_name": "READ_PARQUET ",
                                                                                                            "cpu_time": 1.3972710420000007,
                                                                                                            "extra_info": {
                                                                                                                "Function": "READ_PARQUET",
                                                                                                                "Projections": [
                                                                                                                    "id",
                                                                                                                    "posttypeid",
                                                                                                                    "creationdate",
                                                                                                                    "body",
                                                                                                                    "owneruserid",
                                                                                                                    "title",
                                                                                                                    "tags"
                                                                                                                ],
                                                                                                                "Filters": "creationdate>='2023-10-01 12:34:56'::TIMESTAMP",
                                                                                                                "Estimated Cardinality": "770023"
                                                                                                            },
                                                                                                            "cumulative_cardinality": 143650,
                                                                                                            "operator_type": "TABLE_SCAN",
                                                                                                            "operator_cardinality": 143650,
                                                                                                            "cumulative_rows_scanned": 3850116,
                                                                                                            "operator_rows_scanned": 3850116,
                                                                                                            "operator_timing": 1.3972710420000007,
                                                                                                            "result_set_size": 9480900,
                                                                                                            "children": []
                                                                                                        },
                                                                                                        {
                                                                                                            "operator_name": "READ_PARQUET ",
                                                                                                            "cpu_time": 0.09263943400000003,
                                                                                                            "extra_info": {
                                                                                                                "Function": "READ_PARQUET",
                                                                                                                "Projections": [
                                                                                                                    "id",
                                                                                                                    "reputation",
                                                                                                                    "displayname"
                                                                                                                ],
                                                                                                                "Filters": "id<=1416539",
                                                                                                                "Estimated Cardinality": "1260710"
                                                                                                            },
                                                                                                            "cumulative_cardinality": 1260679,
                                                                                                            "operator_type": "TABLE_SCAN",
                                                                                                            "operator_cardinality": 1260679,
                                                                                                            "cumulative_rows_scanned": 1260710,
                                                                                                            "operator_rows_scanned": 1260710,
                                                                                                            "operator_timing": 0.09263943400000003,
                                                                                                            "result_set_size": 30256296,
                                                                                                            "children": []
                                                                                                        }
                                                                                                    ]
                                                                                                }
                                                                                            ]
                                                                                        },
                                                                                        {
                                                                                            "operator_name": "READ_PARQUET ",
                                                                                            "cpu_time": 0.1286919439999996,
                                                                                            "extra_info": {
                                                                                                "Function": "READ_PARQUET",
                                                                                                "Projections": [
                                                                                                    "id",
                                                                                                    "parentid"
                                                                                                ],
                                                                                                "Filters": "posttypeid=2",
                                                                                                "Estimated Cardinality": "770023"
                                                                                            },
                                                                                            "cumulative_cardinality": 2177293,
                                                                                            "operator_type": "TABLE_SCAN",
                                                                                            "operator_cardinality": 2177293,
                                                                                            "cumulative_rows_scanned": 3850116,
                                                                                            "operator_rows_scanned": 3850116,
                                                                                            "operator_timing": 0.1286919439999996,
                                                                                            "result_set_size": 17418344,
                                                                                            "children": []
                                                                                        }
                                                                                    ]
                                                                                },
                                                                                {
                                                                                    "operator_name": "READ_PARQUET ",
                                                                                    "cpu_time": 0.000308818,
                                                                                    "extra_info": {
                                                                                        "Function": "READ_PARQUET",
                                                                                        "Projections": [
                                                                                            "id",
                                                                                            "name"
                                                                                        ],
                                                                                        "Filters": "id<=7",
                                                                                        "Estimated Cardinality": "8"
                                                                                    },
                                                                                    "cumulative_cardinality": 7,
                                                                                    "operator_type": "TABLE_SCAN",
                                                                                    "operator_cardinality": 7,
                                                                                    "cumulative_rows_scanned": 8,
                                                                                    "operator_rows_scanned": 8,
                                                                                    "operator_timing": 0.000308818,
                                                                                    "result_set_size": 126,
                                                                                    "children": []
                                                                                }
                                                                            ]
                                                                        }
                                                                    ]
                                                                }
                                                            ]
                                                        }
                                                    ]
                                                },
                                                {
                                                    "operator_name": "READ_PARQUET ",
                                                    "cpu_time": 0.0069891879999999995,
                                                    "extra_info": {
                                                        "Function": "READ_PARQUET",
                                                        "Projections": "postid",
                                                        "Filters": [
                                                            "creationdate>='2024-09-01 12:34:56'::TIMESTAMP",
                                                            "posthistorytypeid>=10 AND posthistorytypeid<=11"
                                                        ],
                                                        "Estimated Cardinality": "2359048"
                                                    },
                                                    "cumulative_cardinality": 1157,
                                                    "operator_type": "TABLE_SCAN",
                                                    "operator_cardinality": 1157,
                                                    "cumulative_rows_scanned": 11795244,
                                                    "operator_rows_scanned": 11795244,
                                                    "operator_timing": 0.0069891879999999995,
                                                    "result_set_size": 4628,
                                                    "children": []
                                                }
                                            ]
                                        }
                                    ]
                                }
                            ]
                        }
                    ]
                }
            ]
        }
    ]
}