{
    "rows_returned": 110130,
    "query_name": "WITH TagCounts AS (\n    SELECT \n        t.Id AS TagId, \n        t.TagName, \n        COUNT(p.Id) AS PostCount\n    FROM \n        Tags t\n    LEFT JOIN \n        Posts p ON p.Tags LIKE '%' || t.TagName || '%'\n    GROUP BY \n        t.Id, t.TagName\n),\nMostActiveUsers AS (\n    SELECT \n        u.Id AS UserId, \n        u.DisplayName, \n        COUNT(p.Id) AS PostsCount,\n        SUM(COALESCE(CommentsCount, 0)) AS TotalComments,\n        SUM(u.UpVotes) AS TotalUpVotes,\n        SUM(u.DownVotes) AS TotalDownVotes\n    FROM \n        Users u\n    LEFT JOIN \n        Posts p ON p.OwnerUserId = u.Id \n    LEFT JOIN \n        (SELECT PostId, COUNT(Id) AS CommentsCount \n         FROM Comments \n         GROUP BY PostId) c ON c.PostId = p.Id\n    WHERE \n        u.Reputation > 1000 \n    GROUP BY \n        u.Id, u.DisplayName\n),\nTopTags AS (\n    SELECT \n        TagId, \n        TagName, \n        PostCount\n    FROM \n        TagCounts\n    WHERE \n        PostCount > 0\n    ORDER BY \n        PostCount DESC \n    LIMIT 10\n)\nSELECT \n    u.DisplayName AS ActiveUser,\n    u.PostsCount,\n    u.TotalComments,\n    u.TotalUpVotes,\n    u.TotalDownVotes,\n    t.TagName,\n    t.PostCount\nFROM \n    MostActiveUsers u\nJOIN \n    TopTags t ON u.PostsCount > 5\nORDER BY \n    u.TotalUpVotes DESC, \n    t.PostCount DESC;\n",
    "blocked_thread_time": 0.0,
    "cpu_time": 500.5319003170012,
    "extra_info": {},
    "cumulative_cardinality": 47053735,
    "cumulative_rows_scanned": 16204740,
    "result_set_size": 10572480,
    "latency": 510.433854395,
    "children": [
        {
            "operator_name": "ORDER_BY",
            "cpu_time": 500.5319003170012,
            "extra_info": {
                "Order By": [
                    "u.TotalUpVotes DESC",
                    "t.PostCount DESC"
                ]
            },
            "cumulative_cardinality": 47053735,
            "operator_type": "ORDER_BY",
            "operator_cardinality": 110130,
            "cumulative_rows_scanned": 16204740,
            "operator_rows_scanned": 0,
            "operator_timing": 0.007814602999999998,
            "result_set_size": 10572480,
            "children": [
                {
                    "operator_name": "CROSS_PRODUCT",
                    "cpu_time": 500.5240857140012,
                    "extra_info": {},
                    "cumulative_cardinality": 46943605,
                    "operator_type": "CROSS_PRODUCT",
                    "operator_cardinality": 110130,
                    "cumulative_rows_scanned": 16204740,
                    "operator_rows_scanned": 0,
                    "operator_timing": 0.00011194199999999998,
                    "result_set_size": 10572480,
                    "children": [
                        {
                            "operator_name": "PROJECTION",
                            "cpu_time": 1.0904213429999994,
                            "extra_info": {
                                "Projections": [
                                    "#1",
                                    "#2",
                                    "#3",
                                    "#4",
                                    "#5"
                                ],
                                "Estimated Cardinality": "252142"
                            },
                            "cumulative_cardinality": 27564603,
                            "operator_type": "PROJECTION",
                            "operator_cardinality": 11013,
                            "cumulative_rows_scanned": 12352648,
                            "operator_rows_scanned": 0,
                            "operator_timing": 0.0000021039999999999997,
                            "result_set_size": 792936,
                            "children": [
                                {
                                    "operator_name": "FILTER",
                                    "cpu_time": 1.0904192389999994,
                                    "extra_info": {
                                        "Expression": "(PostsCount > 5)",
                                        "Estimated Cardinality": "252142"
                                    },
                                    "cumulative_cardinality": 27553590,
                                    "operator_type": "FILTER",
                                    "operator_cardinality": 11013,
                                    "cumulative_rows_scanned": 12352648,
                                    "operator_rows_scanned": 0,
                                    "operator_timing": 0.000028163999999999997,
                                    "result_set_size": 836988,
                                    "children": [
                                        {
                                            "operator_name": "HASH_GROUP_BY",
                                            "cpu_time": 1.0903910749999994,
                                            "extra_info": {
                                                "Groups": [
                                                    "#0",
                                                    "#1"
                                                ],
                                                "Aggregates": [
                                                    "count(#2)",
                                                    "sum(#3)",
                                                    "sum(#4)",
                                                    "sum(#5)"
                                                ],
                                                "Estimated Cardinality": "1260710"
                                            },
                                            "cumulative_cardinality": 27542577,
                                            "operator_type": "HASH_GROUP_BY",
                                            "operator_cardinality": 11215,
                                            "cumulative_rows_scanned": 12352648,
                                            "operator_rows_scanned": 0,
                                            "operator_timing": 0.11065903900000025,
                                            "result_set_size": 852340,
                                            "children": [
                                                {
                                                    "operator_name": "PROJECTION",
                                                    "cpu_time": 0.9797320359999993,
                                                    "extra_info": {
                                                        "Projections": [
                                                            "id",
                                                            "displayname",
                                                            "id",
                                                            "COALESCE(CommentsCount, 0)",
                                                            "upvotes",
                                                            "downvotes"
                                                        ],
                                                        "Estimated Cardinality": "3850116"
                                                    },
                                                    "cumulative_cardinality": 27531362,
                                                    "operator_type": "PROJECTION",
                                                    "operator_cardinality": 2396486,
                                                    "cumulative_rows_scanned": 12352648,
                                                    "operator_rows_scanned": 0,
                                                    "operator_timing": 0.04113149299999999,
                                                    "result_set_size": 95859440,
                                                    "children": [
                                                        {
                                                            "operator_name": "HASH_JOIN",
                                                            "cpu_time": 0.9386005429999993,
                                                            "extra_info": {
                                                                "Join Type": "LEFT",
                                                                "Conditions": "id = postid",
                                                                "Estimated Cardinality": "3850116"
                                                            },
                                                            "cumulative_cardinality": 25134876,
                                                            "operator_type": "HASH_JOIN",
                                                            "operator_cardinality": 2396486,
                                                            "cumulative_rows_scanned": 12352648,
                                                            "operator_rows_scanned": 0,
                                                            "operator_timing": 0.21636346799999978,
                                                            "result_set_size": 95859440,
                                                            "children": [
                                                                {
                                                                    "operator_name": "HASH_JOIN",
                                                                    "cpu_time": 0.38324985600000033,
                                                                    "extra_info": {
                                                                        "Join Type": "RIGHT",
                                                                        "Conditions": "owneruserid = id",
                                                                        "Estimated Cardinality": "3850116"
                                                                    },
                                                                    "cumulative_cardinality": 6091074,
                                                                    "operator_type": "HASH_JOIN",
                                                                    "operator_cardinality": 2396486,
                                                                    "cumulative_rows_scanned": 5110826,
                                                                    "operator_rows_scanned": 0,
                                                                    "operator_timing": 0.09685233099999987,
                                                                    "result_set_size": 76687552,
                                                                    "children": [
                                                                        {
                                                                            "operator_name": "READ_PARQUET ",
                                                                            "cpu_time": 0.2092615110000005,
                                                                            "extra_info": {
                                                                                "Function": "READ_PARQUET",
                                                                                "Projections": [
                                                                                    "id",
                                                                                    "owneruserid"
                                                                                ],
                                                                                "Estimated Cardinality": "3850116"
                                                                            },
                                                                            "cumulative_cardinality": 3683373,
                                                                            "operator_type": "TABLE_SCAN",
                                                                            "operator_cardinality": 3683373,
                                                                            "cumulative_rows_scanned": 3850116,
                                                                            "operator_rows_scanned": 3850116,
                                                                            "operator_timing": 0.2092615110000005,
                                                                            "result_set_size": 29466984,
                                                                            "children": []
                                                                        },
                                                                        {
                                                                            "operator_name": "READ_PARQUET ",
                                                                            "cpu_time": 0.07713601399999996,
                                                                            "extra_info": {
                                                                                "Function": "READ_PARQUET",
                                                                                "Projections": [
                                                                                    "id",
                                                                                    "displayname",
                                                                                    "upvotes",
                                                                                    "downvotes"
                                                                                ],
                                                                                "Filters": "reputation>1000",
                                                                                "Estimated Cardinality": "252142"
                                                                            },
                                                                            "cumulative_cardinality": 11215,
                                                                            "operator_type": "TABLE_SCAN",
                                                                            "operator_cardinality": 11215,
                                                                            "cumulative_rows_scanned": 1260710,
                                                                            "operator_rows_scanned": 1260710,
                                                                            "operator_timing": 0.07713601399999996,
                                                                            "result_set_size": 314020,
                                                                            "children": []
                                                                        }
                                                                    ]
                                                                },
                                                                {
                                                                    "operator_name": "HASH_GROUP_BY",
                                                                    "cpu_time": 0.3389872189999991,
                                                                    "extra_info": {
                                                                        "Groups": "#0",
                                                                        "Aggregates": "count_star()",
                                                                        "Estimated Cardinality": "3620911"
                                                                    },
                                                                    "cumulative_cardinality": 16647316,
                                                                    "operator_type": "HASH_GROUP_BY",
                                                                    "operator_cardinality": 2163672,
                                                                    "cumulative_rows_scanned": 7241822,
                                                                    "operator_rows_scanned": 0,
                                                                    "operator_timing": 0.2561536929999995,
                                                                    "result_set_size": 25964064,
                                                                    "children": [
                                                                        {
                                                                            "operator_name": "PROJECTION",
                                                                            "cpu_time": 0.0828335259999996,
                                                                            "extra_info": {
                                                                                "Projections": "postid",
                                                                                "Estimated Cardinality": "7241822"
                                                                            },
                                                                            "cumulative_cardinality": 14483644,
                                                                            "operator_type": "PROJECTION",
                                                                            "operator_cardinality": 7241822,
                                                                            "cumulative_rows_scanned": 7241822,
                                                                            "operator_rows_scanned": 0,
                                                                            "operator_timing": 0.00041201799999999696,
                                                                            "result_set_size": 28967288,
                                                                            "children": [
                                                                                {
                                                                                    "operator_name": "READ_PARQUET ",
                                                                                    "cpu_time": 0.0824215079999996,
                                                                                    "extra_info": {
                                                                                        "Function": "READ_PARQUET",
                                                                                        "Projections": [
                                                                                            "id",
                                                                                            "postid"
                                                                                        ],
                                                                                        "Estimated Cardinality": "7241822"
                                                                                    },
                                                                                    "cumulative_cardinality": 7241822,
                                                                                    "operator_type": "TABLE_SCAN",
                                                                                    "operator_cardinality": 7241822,
                                                                                    "cumulative_rows_scanned": 7241822,
                                                                                    "operator_rows_scanned": 7241822,
                                                                                    "operator_timing": 0.0824215079999996,
                                                                                    "result_set_size": 57934576,
                                                                                    "children": []
                                                                                }
                                                                            ]
                                                                        }
                                                                    ]
                                                                }
                                                            ]
                                                        }
                                                    ]
                                                }
                                            ]
                                        }
                                    ]
                                }
                            ]
                        },
                        {
                            "operator_name": "STREAMING_LIMIT",
                            "cpu_time": 499.4335524290012,
                            "extra_info": {},
                            "cumulative_cardinality": 19268872,
                            "operator_type": "STREAMING_LIMIT",
                            "operator_cardinality": 10,
                            "cumulative_rows_scanned": 3852092,
                            "operator_rows_scanned": 0,
                            "operator_timing": 9.62e-7,
                            "result_set_size": 240,
                            "children": [
                                {
                                    "operator_name": "ORDER_BY",
                                    "cpu_time": 499.4335514670012,
                                    "extra_info": {
                                        "Order By": "TagCounts.PostCount DESC"
                                    },
                                    "cumulative_cardinality": 19268862,
                                    "operator_type": "ORDER_BY",
                                    "operator_cardinality": 1976,
                                    "cumulative_rows_scanned": 3852092,
                                    "operator_rows_scanned": 0,
                                    "operator_timing": 0.000114385,
                                    "result_set_size": 47424,
                                    "children": [
                                        {
                                            "operator_name": "PROJECTION",
                                            "cpu_time": 499.4334370820012,
                                            "extra_info": {
                                                "Projections": [
                                                    "#1",
                                                    "#2"
                                                ],
                                                "Estimated Cardinality": "395"
                                            },
                                            "cumulative_cardinality": 19266886,
                                            "operator_type": "PROJECTION",
                                            "operator_cardinality": 1976,
                                            "cumulative_rows_scanned": 3852092,
                                            "operator_rows_scanned": 0,
                                            "operator_timing": 1.91e-7,
                                            "result_set_size": 47424,
                                            "children": [
                                                {
                                                    "operator_name": "FILTER",
                                                    "cpu_time": 499.4334368910012,
                                                    "extra_info": {
                                                        "Expression": "(PostCount > 0)",
                                                        "Estimated Cardinality": "395"
                                                    },
                                                    "cumulative_cardinality": 19264910,
                                                    "operator_type": "FILTER",
                                                    "operator_cardinality": 1976,
                                                    "cumulative_rows_scanned": 3852092,
                                                    "operator_rows_scanned": 0,
                                                    "operator_timing": 0.000005531,
                                                    "result_set_size": 55328,
                                                    "children": [
                                                        {
                                                            "operator_name": "PROJECTION",
                                                            "cpu_time": 499.4334313600012,
                                                            "extra_info": {
                                                                "Projections": [
                                                                    "__internal_decompress_integral_integer(#0, 1)",
                                                                    "#1",
                                                                    "#2"
                                                                ],
                                                                "Estimated Cardinality": "1976"
                                                            },
                                                            "cumulative_cardinality": 19262934,
                                                            "operator_type": "PROJECTION",
                                                            "operator_cardinality": 1976,
                                                            "cumulative_rows_scanned": 3852092,
                                                            "operator_rows_scanned": 0,
                                                            "operator_timing": 0.000004438,
                                                            "result_set_size": 55328,
                                                            "children": [
                                                                {
                                                                    "operator_name": "HASH_GROUP_BY",
                                                                    "cpu_time": 499.43342692200116,
                                                                    "extra_info": {
                                                                        "Groups": [
                                                                            "#0",
                                                                            "#1"
                                                                        ],
                                                                        "Aggregates": "count(#2)",
                                                                        "Estimated Cardinality": "1976"
                                                                    },
                                                                    "cumulative_cardinality": 19260958,
                                                                    "operator_type": "HASH_GROUP_BY",
                                                                    "operator_cardinality": 1976,
                                                                    "cumulative_rows_scanned": 3852092,
                                                                    "operator_rows_scanned": 0,
                                                                    "operator_timing": 0.18161802899999982,
                                                                    "result_set_size": 51376,
                                                                    "children": [
                                                                        {
                                                                            "operator_name": "PROJECTION",
                                                                            "cpu_time": 499.25180889300117,
                                                                            "extra_info": {
                                                                                "Projections": [
                                                                                    "id",
                                                                                    "tagname",
                                                                                    "id"
                                                                                ],
                                                                                "Estimated Cardinality": "3850116"
                                                                            },
                                                                            "cumulative_cardinality": 19258982,
                                                                            "operator_type": "PROJECTION",
                                                                            "operator_cardinality": 5135630,
                                                                            "cumulative_rows_scanned": 3852092,
                                                                            "operator_rows_scanned": 0,
                                                                            "operator_timing": 0.002313308999999956,
                                                                            "result_set_size": 112983860,
                                                                            "children": [
                                                                                {
                                                                                    "operator_name": "PROJECTION",
                                                                                    "cpu_time": 499.2494955840012,
                                                                                    "extra_info": {
                                                                                        "Projections": [
                                                                                            "#0",
                                                                                            "#1",
                                                                                            "__internal_compress_integral_usmallint(#2, 1)",
                                                                                            "#3"
                                                                                        ],
                                                                                        "Estimated Cardinality": "3850116"
                                                                                    },
                                                                                    "cumulative_cardinality": 14123352,
                                                                                    "operator_type": "PROJECTION",
                                                                                    "operator_cardinality": 5135630,
                                                                                    "cumulative_rows_scanned": 3852092,
                                                                                    "operator_rows_scanned": 0,
                                                                                    "operator_timing": 0.0072985460000001435,
                                                                                    "result_set_size": 195153940,
                                                                                    "children": [
                                                                                        {
                                                                                            "operator_name": "BLOCKWISE_NL_JOIN",
                                                                                            "cpu_time": 499.24219703800117,
                                                                                            "extra_info": {
                                                                                                "Join Type": "RIGHT",
                                                                                                "Condition": "(tags ~~ (('%' || tagname) || '%'))"
                                                                                            },
                                                                                            "cumulative_cardinality": 8987722,
                                                                                            "operator_type": "BLOCKWISE_NL_JOIN",
                                                                                            "operator_cardinality": 5135630,
                                                                                            "cumulative_rows_scanned": 3852092,
                                                                                            "operator_rows_scanned": 0,
                                                                                            "operator_timing": 499.03743945200114,
                                                                                            "result_set_size": 205425200,
                                                                                            "children": [
                                                                                                {
                                                                                                    "operator_name": "READ_PARQUET ",
                                                                                                    "cpu_time": 0.20425876500000012,
                                                                                                    "extra_info": {
                                                                                                        "Function": "READ_PARQUET",
                                                                                                        "Projections": [
                                                                                                            "id",
                                                                                                            "tags"
                                                                                                        ],
                                                                                                        "Estimated Cardinality": "3850116"
                                                                                                    },
                                                                                                    "cumulative_cardinality": 3850116,
                                                                                                    "operator_type": "TABLE_SCAN",
                                                                                                    "operator_cardinality": 3850116,
                                                                                                    "cumulative_rows_scanned": 3850116,
                                                                                                    "operator_rows_scanned": 3850116,
                                                                                                    "operator_timing": 0.20425876500000012,
                                                                                                    "result_set_size": 77002320,
                                                                                                    "children": []
                                                                                                },
                                                                                                {
                                                                                                    "operator_name": "READ_PARQUET ",
                                                                                                    "cpu_time": 0.000498821,
                                                                                                    "extra_info": {
                                                                                                        "Function": "READ_PARQUET",
                                                                                                        "Projections": [
                                                                                                            "id",
                                                                                                            "tagname"
                                                                                                        ],
                                                                                                        "Estimated Cardinality": "1976"
                                                                                                    },
                                                                                                    "cumulative_cardinality": 1976,
                                                                                                    "operator_type": "TABLE_SCAN",
                                                                                                    "operator_cardinality": 1976,
                                                                                                    "cumulative_rows_scanned": 1976,
                                                                                                    "operator_rows_scanned": 1976,
                                                                                                    "operator_timing": 0.000498821,
                                                                                                    "result_set_size": 39520,
                                                                                                    "children": []
                                                                                                }
                                                                                            ]
                                                                                        }
                                                                                    ]
                                                                                }
                                                                            ]
                                                                        }
                                                                    ]
                                                                }
                                                            ]
                                                        }
                                                    ]
                                                }
                                            ]
                                        }
                                    ]
                                }
                            ]
                        }
                    ]
                }
            ]
        }
    ]
}