{
    "rows_returned": 6352,
    "query_name": "WITH RecentPosts AS (\n    SELECT \n        p.Id,\n        p.Title,\n        p.CreationDate,\n        p.ViewCount,\n        p.OwnerUserId,\n        RANK() OVER (PARTITION BY p.OwnerUserId ORDER BY p.CreationDate DESC) AS PostRank\n    FROM \n        Posts p\n    WHERE \n        p.CreationDate >= cast('2024-10-01 12:34:56' as timestamp) - INTERVAL '30 days'\n),\nUserReputation AS (\n    SELECT \n        u.Id AS UserId,\n        u.Reputation,\n        COUNT(DISTINCT r.Id) AS RecentPostCount\n    FROM \n        Users u\n    LEFT JOIN \n        RecentPosts r ON u.Id = r.OwnerUserId\n    GROUP BY \n        u.Id, u.Reputation\n),\nUpvotedPosts AS (\n    SELECT \n        v.PostId, \n        COUNT(v.Id) AS UpvoteCount\n    FROM \n        Votes v\n    WHERE \n        v.VoteTypeId = 2  \n    GROUP BY \n        v.PostId\n),\nPostDetails AS (\n    SELECT \n        rp.Id,\n        rp.Title,\n        rp.CreationDate,\n        rp.ViewCount,\n        ur.Reputation,\n        ur.RecentPostCount,\n        COALESCE(up.UpvoteCount, 0) AS UpvoteCount\n    FROM \n        RecentPosts rp\n    JOIN \n        UserReputation ur ON rp.OwnerUserId = ur.UserId\n    LEFT JOIN \n        UpvotedPosts up ON rp.Id = up.PostId\n)\nSELECT \n    pd.Title,\n    pd.CreationDate,\n    pd.ViewCount,\n    pd.Reputation,\n    pd.RecentPostCount,\n    pd.UpvoteCount,\n    CASE \n        WHEN pd.RecentPostCount >= 5 THEN 'Active User'\n        ELSE 'New User'\n    END AS UserStatus\nFROM \n    PostDetails pd\nWHERE \n    pd.UpvoteCount > 0\nORDER BY \n    pd.Reputation DESC, pd.UpvoteCount DESC;",
    "blocked_thread_time": 0.0,
    "cpu_time": 1.161187181999999,
    "extra_info": {},
    "cumulative_cardinality": 31308025,
    "cumulative_rows_scanned": 21705035,
    "result_set_size": 406528,
    "latency": 1.380005731,
    "children": [
        {
            "operator_name": "PROJECTION",
            "cpu_time": 1.161187181999999,
            "extra_info": {
                "Projections": [
                    "#0",
                    "#1",
                    "#2",
                    "#3",
                    "#4",
                    "#5",
                    "__internal_decompress_string(#6)"
                ],
                "Estimated Cardinality": "25488"
            },
            "cumulative_cardinality": 31308025,
            "operator_type": "PROJECTION",
            "operator_cardinality": 6352,
            "cumulative_rows_scanned": 21705035,
            "operator_rows_scanned": 0,
            "operator_timing": 0.000060253,
            "result_set_size": 406528,
            "children": [
                {
                    "operator_name": "ORDER_BY",
                    "cpu_time": 1.161126928999999,
                    "extra_info": {
                        "Order By": [
                            "pd.Reputation DESC",
                            "pd.UpvoteCount DESC"
                        ]
                    },
                    "cumulative_cardinality": 31301673,
                    "operator_type": "ORDER_BY",
                    "operator_cardinality": 6352,
                    "cumulative_rows_scanned": 21705035,
                    "operator_rows_scanned": 0,
                    "operator_timing": 0.000590413,
                    "result_set_size": 406528,
                    "children": [
                        {
                            "operator_name": "PROJECTION",
                            "cpu_time": 1.160536515999999,
                            "extra_info": {
                                "Projections": [
                                    "#0",
                                    "#1",
                                    "#2",
                                    "#3",
                                    "#4",
                                    "#5",
                                    "__internal_compress_string_hugeint(#6)"
                                ],
                                "Estimated Cardinality": "25488"
                            },
                            "cumulative_cardinality": 31295321,
                            "operator_type": "PROJECTION",
                            "operator_cardinality": 6352,
                            "cumulative_rows_scanned": 21705035,
                            "operator_rows_scanned": 0,
                            "operator_timing": 0.000066163,
                            "result_set_size": 406528,
                            "children": [
                                {
                                    "operator_name": "PROJECTION",
                                    "cpu_time": 1.160470352999999,
                                    "extra_info": {
                                        "Projections": [
                                            "title",
                                            "creationdate",
                                            "viewcount",
                                            "reputation",
                                            "RecentPostCount",
                                            "UpvoteCount",
                                            "UserStatus"
                                        ],
                                        "Estimated Cardinality": "25488"
                                    },
                                    "cumulative_cardinality": 31288969,
                                    "operator_type": "PROJECTION",
                                    "operator_cardinality": 6352,
                                    "cumulative_rows_scanned": 21705035,
                                    "operator_rows_scanned": 0,
                                    "operator_timing": 0.000057004,
                                    "result_set_size": 406528,
                                    "children": [
                                        {
                                            "operator_name": "PROJECTION",
                                            "cpu_time": 1.1604133489999988,
                                            "extra_info": {
                                                "Projections": [
                                                    "title",
                                                    "creationdate",
                                                    "viewcount",
                                                    "reputation",
                                                    "RecentPostCount",
                                                    "UpvoteCount"
                                                ],
                                                "Estimated Cardinality": "25488"
                                            },
                                            "cumulative_cardinality": 31282617,
                                            "operator_type": "PROJECTION",
                                            "operator_cardinality": 6352,
                                            "cumulative_rows_scanned": 21705035,
                                            "operator_rows_scanned": 0,
                                            "operator_timing": 0.00025638799999999997,
                                            "result_set_size": 304896,
                                            "children": [
                                                {
                                                    "operator_name": "HASH_JOIN",
                                                    "cpu_time": 1.1601569609999989,
                                                    "extra_info": {
                                                        "Join Type": "INNER",
                                                        "Conditions": "UserId = owneruserid",
                                                        "Estimated Cardinality": "25488"
                                                    },
                                                    "cumulative_cardinality": 31276265,
                                                    "operator_type": "HASH_JOIN",
                                                    "operator_cardinality": 6352,
                                                    "cumulative_rows_scanned": 21705035,
                                                    "operator_rows_scanned": 0,
                                                    "operator_timing": 0.008630275999999994,
                                                    "result_set_size": 304896,
                                                    "children": [
                                                        {
                                                            "operator_name": "HASH_GROUP_BY",
                                                            "cpu_time": 0.18536255999999998,
                                                            "extra_info": {
                                                                "Groups": [
                                                                    "#0",
                                                                    "#1"
                                                                ],
                                                                "Aggregates": "count(DISTINCT #2)",
                                                                "Estimated Cardinality": "630355"
                                                            },
                                                            "cumulative_cardinality": 6358784,
                                                            "operator_type": "HASH_GROUP_BY",
                                                            "operator_cardinality": 1260589,
                                                            "cumulative_rows_scanned": 5110826,
                                                            "operator_rows_scanned": 0,
                                                            "operator_timing": 0.12058217499999992,
                                                            "result_set_size": 20169424,
                                                            "children": [
                                                                {
                                                                    "operator_name": "PROJECTION",
                                                                    "cpu_time": 0.06478038500000007,
                                                                    "extra_info": {
                                                                        "Projections": [
                                                                            "id",
                                                                            "reputation",
                                                                            "id"
                                                                        ],
                                                                        "Estimated Cardinality": "1260710"
                                                                    },
                                                                    "cumulative_cardinality": 5098195,
                                                                    "operator_type": "PROJECTION",
                                                                    "operator_cardinality": 1265966,
                                                                    "cumulative_rows_scanned": 5110826,
                                                                    "operator_rows_scanned": 0,
                                                                    "operator_timing": 0.00017095100000000024,
                                                                    "result_set_size": 15191592,
                                                                    "children": [
                                                                        {
                                                                            "operator_name": "FILTER",
                                                                            "cpu_time": 0.06460943400000006,
                                                                            "extra_info": {
                                                                                "Expression": "(id <= 1416539)",
                                                                                "Estimated Cardinality": "1260710"
                                                                            },
                                                                            "cumulative_cardinality": 3832229,
                                                                            "operator_type": "FILTER",
                                                                            "operator_cardinality": 1265966,
                                                                            "cumulative_rows_scanned": 5110826,
                                                                            "operator_rows_scanned": 0,
                                                                            "operator_timing": 0.0022240709999999998,
                                                                            "result_set_size": 15191592,
                                                                            "children": [
                                                                                {
                                                                                    "operator_name": "HASH_JOIN",
                                                                                    "cpu_time": 0.06238536300000006,
                                                                                    "extra_info": {
                                                                                        "Join Type": "LEFT",
                                                                                        "Conditions": "id = owneruserid",
                                                                                        "Estimated Cardinality": "1260710"
                                                                                    },
                                                                                    "cumulative_cardinality": 2566263,
                                                                                    "operator_type": "HASH_JOIN",
                                                                                    "operator_cardinality": 1265966,
                                                                                    "cumulative_rows_scanned": 5110826,
                                                                                    "operator_rows_scanned": 0,
                                                                                    "operator_timing": 0.014695379000000043,
                                                                                    "result_set_size": 15191592,
                                                                                    "children": [
                                                                                        {
                                                                                            "operator_name": "READ_PARQUET ",
                                                                                            "cpu_time": 0.025925268000000026,
                                                                                            "extra_info": {
                                                                                                "Function": "READ_PARQUET",
                                                                                                "Projections": [
                                                                                                    "id",
                                                                                                    "reputation"
                                                                                                ],
                                                                                                "Estimated Cardinality": "1260710"
                                                                                            },
                                                                                            "cumulative_cardinality": 1260589,
                                                                                            "operator_type": "TABLE_SCAN",
                                                                                            "operator_cardinality": 1260589,
                                                                                            "cumulative_rows_scanned": 1260710,
                                                                                            "operator_rows_scanned": 1260710,
                                                                                            "operator_timing": 0.025925268000000026,
                                                                                            "result_set_size": 10084712,
                                                                                            "children": []
                                                                                        },
                                                                                        {
                                                                                            "operator_name": "PROJECTION",
                                                                                            "cpu_time": 0.021764715999999996,
                                                                                            "extra_info": {
                                                                                                "Projections": [
                                                                                                    "id",
                                                                                                    "owneruserid"
                                                                                                ],
                                                                                                "Estimated Cardinality": "770023"
                                                                                            },
                                                                                            "cumulative_cardinality": 39708,
                                                                                            "operator_type": "PROJECTION",
                                                                                            "operator_cardinality": 9927,
                                                                                            "cumulative_rows_scanned": 3850116,
                                                                                            "operator_rows_scanned": 0,
                                                                                            "operator_timing": 0.0000022839999999999996,
                                                                                            "result_set_size": 79416,
                                                                                            "children": [
                                                                                                {
                                                                                                    "operator_name": "PROJECTION",
                                                                                                    "cpu_time": 0.021762431999999995,
                                                                                                    "extra_info": {
                                                                                                        "Projections": [
                                                                                                            "#0",
                                                                                                            "#1",
                                                                                                            "#2",
                                                                                                            "#3"
                                                                                                        ],
                                                                                                        "Estimated Cardinality": "770023"
                                                                                                    },
                                                                                                    "cumulative_cardinality": 29781,
                                                                                                    "operator_type": "PROJECTION",
                                                                                                    "operator_cardinality": 9927,
                                                                                                    "cumulative_rows_scanned": 3850116,
                                                                                                    "operator_rows_scanned": 0,
                                                                                                    "operator_timing": 0.0000035850000000000004,
                                                                                                    "result_set_size": 238248,
                                                                                                    "children": [
                                                                                                        {
                                                                                                            "operator_name": "WINDOW",
                                                                                                            "cpu_time": 0.021758846999999994,
                                                                                                            "extra_info": {
                                                                                                                "Projections": "RANK() OVER (PARTITION BY owneruserid ORDER BY creationdate DESC NULLS LAST)"
                                                                                                            },
                                                                                                            "cumulative_cardinality": 19854,
                                                                                                            "operator_type": "WINDOW",
                                                                                                            "operator_cardinality": 9927,
                                                                                                            "cumulative_rows_scanned": 3850116,
                                                                                                            "operator_rows_scanned": 0,
                                                                                                            "operator_timing": 0.002539502,
                                                                                                            "result_set_size": 238248,
                                                                                                            "children": [
                                                                                                                {
                                                                                                                    "operator_name": "READ_PARQUET ",
                                                                                                                    "cpu_time": 0.019219344999999995,
                                                                                                                    "extra_info": {
                                                                                                                        "Function": "READ_PARQUET",
                                                                                                                        "Projections": [
                                                                                                                            "id",
                                                                                                                            "creationdate",
                                                                                                                            "owneruserid"
                                                                                                                        ],
                                                                                                                        "Filters": "creationdate>='2024-09-01 12:34:56'::TIMESTAMP",
                                                                                                                        "Estimated Cardinality": "770023"
                                                                                                                    },
                                                                                                                    "cumulative_cardinality": 9927,
                                                                                                                    "operator_type": "TABLE_SCAN",
                                                                                                                    "operator_cardinality": 9927,
                                                                                                                    "cumulative_rows_scanned": 3850116,
                                                                                                                    "operator_rows_scanned": 3850116,
                                                                                                                    "operator_timing": 0.019219344999999995,
                                                                                                                    "result_set_size": 158832,
                                                                                                                    "children": []
                                                                                                                }
                                                                                                            ]
                                                                                                        }
                                                                                                    ]
                                                                                                }
                                                                                            ]
                                                                                        }
                                                                                    ]
                                                                                }
                                                                            ]
                                                                        }
                                                                    ]
                                                                }
                                                            ]
                                                        },
                                                        {
                                                            "operator_name": "HASH_JOIN",
                                                            "cpu_time": 0.9661641249999989,
                                                            "extra_info": {
                                                                "Join Type": "INNER",
                                                                "Conditions": "id = postid",
                                                                "Estimated Cardinality": "50976"
                                                            },
                                                            "cumulative_cardinality": 24911129,
                                                            "operator_type": "HASH_JOIN",
                                                            "operator_cardinality": 6366,
                                                            "cumulative_rows_scanned": 16594209,
                                                            "operator_rows_scanned": 0,
                                                            "operator_timing": 0.15490112000000011,
                                                            "result_set_size": 254640,
                                                            "children": [
                                                                {
                                                                    "operator_name": "PROJECTION",
                                                                    "cpu_time": 0.068341821,
                                                                    "extra_info": {
                                                                        "Projections": [
                                                                            "id",
                                                                            "title",
                                                                            "creationdate",
                                                                            "viewcount",
                                                                            "owneruserid"
                                                                        ],
                                                                        "Estimated Cardinality": "770023"
                                                                    },
                                                                    "cumulative_cardinality": 59553,
                                                                    "operator_type": "PROJECTION",
                                                                    "operator_cardinality": 9924,
                                                                    "cumulative_rows_scanned": 3850116,
                                                                    "operator_rows_scanned": 0,
                                                                    "operator_timing": 0.00000533,
                                                                    "result_set_size": 357264,
                                                                    "children": [
                                                                        {
                                                                            "operator_name": "PROJECTION",
                                                                            "cpu_time": 0.068336491,
                                                                            "extra_info": {
                                                                                "Projections": [
                                                                                    "#0",
                                                                                    "#1",
                                                                                    "#2",
                                                                                    "#3",
                                                                                    "#4"
                                                                                ],
                                                                                "Estimated Cardinality": "770023"
                                                                            },
                                                                            "cumulative_cardinality": 49629,
                                                                            "operator_type": "PROJECTION",
                                                                            "operator_cardinality": 9924,
                                                                            "cumulative_rows_scanned": 3850116,
                                                                            "operator_rows_scanned": 0,
                                                                            "operator_timing": 0.000005313000000000001,
                                                                            "result_set_size": 357264,
                                                                            "children": [
                                                                                {
                                                                                    "operator_name": "FILTER",
                                                                                    "cpu_time": 0.06833117799999999,
                                                                                    "extra_info": {
                                                                                        "Expression": "(id <= 4978525)",
                                                                                        "Estimated Cardinality": "770023"
                                                                                    },
                                                                                    "cumulative_cardinality": 39705,
                                                                                    "operator_type": "FILTER",
                                                                                    "operator_cardinality": 9924,
                                                                                    "cumulative_rows_scanned": 3850116,
                                                                                    "operator_rows_scanned": 0,
                                                                                    "operator_timing": 0.000027198999999999998,
                                                                                    "result_set_size": 436656,
                                                                                    "children": [
                                                                                        {
                                                                                            "operator_name": "PROJECTION",
                                                                                            "cpu_time": 0.06830397899999999,
                                                                                            "extra_info": {
                                                                                                "Projections": [
                                                                                                    "#0",
                                                                                                    "#1",
                                                                                                    "#2",
                                                                                                    "#3",
                                                                                                    "#4",
                                                                                                    "#5"
                                                                                                ],
                                                                                                "Estimated Cardinality": "770023"
                                                                                            },
                                                                                            "cumulative_cardinality": 29781,
                                                                                            "operator_type": "PROJECTION",
                                                                                            "operator_cardinality": 9927,
                                                                                            "cumulative_rows_scanned": 3850116,
                                                                                            "operator_rows_scanned": 0,
                                                                                            "operator_timing": 0.000005893000000000001,
                                                                                            "result_set_size": 436788,
                                                                                            "children": [
                                                                                                {
                                                                                                    "operator_name": "WINDOW",
                                                                                                    "cpu_time": 0.06829808599999998,
                                                                                                    "extra_info": {
                                                                                                        "Projections": "RANK() OVER (PARTITION BY owneruserid ORDER BY creationdate DESC NULLS LAST)"
                                                                                                    },
                                                                                                    "cumulative_cardinality": 19854,
                                                                                                    "operator_type": "WINDOW",
                                                                                                    "operator_cardinality": 9927,
                                                                                                    "cumulative_rows_scanned": 3850116,
                                                                                                    "operator_rows_scanned": 0,
                                                                                                    "operator_timing": 0.003841238,
                                                                                                    "result_set_size": 436788,
                                                                                                    "children": [
                                                                                                        {
                                                                                                            "operator_name": "READ_PARQUET ",
                                                                                                            "cpu_time": 0.06445684799999998,
                                                                                                            "extra_info": {
                                                                                                                "Function": "READ_PARQUET",
                                                                                                                "Projections": [
                                                                                                                    "id",
                                                                                                                    "creationdate",
                                                                                                                    "viewcount",
                                                                                                                    "owneruserid",
                                                                                                                    "title"
                                                                                                                ],
                                                                                                                "Filters": "creationdate>='2024-09-01 12:34:56'::TIMESTAMP",
                                                                                                                "Estimated Cardinality": "770023"
                                                                                                            },
                                                                                                            "cumulative_cardinality": 9927,
                                                                                                            "operator_type": "TABLE_SCAN",
                                                                                                            "operator_cardinality": 9927,
                                                                                                            "cumulative_rows_scanned": 3850116,
                                                                                                            "operator_rows_scanned": 3850116,
                                                                                                            "operator_timing": 0.06445684799999998,
                                                                                                            "result_set_size": 357372,
                                                                                                            "children": []
                                                                                                        }
                                                                                                    ]
                                                                                                }
                                                                                            ]
                                                                                        }
                                                                                    ]
                                                                                }
                                                                            ]
                                                                        }
                                                                    ]
                                                                },
                                                                {
                                                                    "operator_name": "FILTER",
                                                                    "cpu_time": 0.7429211839999988,
                                                                    "extra_info": {
                                                                        "Expression": "(COALESCE(UpvoteCount, 0) > 0)",
                                                                        "Estimated Cardinality": "254881"
                                                                    },
                                                                    "cumulative_cardinality": 24845210,
                                                                    "operator_type": "FILTER",
                                                                    "operator_cardinality": 3138638,
                                                                    "cumulative_rows_scanned": 12744093,
                                                                    "operator_rows_scanned": 0,
                                                                    "operator_timing": 0.026060867999999963,
                                                                    "result_set_size": 37663656,
                                                                    "children": [
                                                                        {
                                                                            "operator_name": "HASH_GROUP_BY",
                                                                            "cpu_time": 0.7168603159999989,
                                                                            "extra_info": {
                                                                                "Groups": "#0",
                                                                                "Aggregates": "count_star()",
                                                                                "Estimated Cardinality": "1274409"
                                                                            },
                                                                            "cumulative_cardinality": 21706572,
                                                                            "operator_type": "HASH_GROUP_BY",
                                                                            "operator_cardinality": 3138638,
                                                                            "cumulative_rows_scanned": 12744093,
                                                                            "operator_rows_scanned": 0,
                                                                            "operator_timing": 0.3409322579999989,
                                                                            "result_set_size": 37663656,
                                                                            "children": [
                                                                                {
                                                                                    "operator_name": "PROJECTION",
                                                                                    "cpu_time": 0.37592805800000006,
                                                                                    "extra_info": {
                                                                                        "Projections": "postid",
                                                                                        "Estimated Cardinality": "2548818"
                                                                                    },
                                                                                    "cumulative_cardinality": 18567934,
                                                                                    "operator_type": "PROJECTION",
                                                                                    "operator_cardinality": 9283967,
                                                                                    "cumulative_rows_scanned": 12744093,
                                                                                    "operator_rows_scanned": 0,
                                                                                    "operator_timing": 0.0009797669999999975,
                                                                                    "result_set_size": 37135868,
                                                                                    "children": [
                                                                                        {
                                                                                            "operator_name": "READ_PARQUET ",
                                                                                            "cpu_time": 0.37494829100000004,
                                                                                            "extra_info": {
                                                                                                "Function": "READ_PARQUET",
                                                                                                "Projections": [
                                                                                                    "id",
                                                                                                    "postid"
                                                                                                ],
                                                                                                "Filters": "votetypeid=2",
                                                                                                "Estimated Cardinality": "2548818"
                                                                                            },
                                                                                            "cumulative_cardinality": 9283967,
                                                                                            "operator_type": "TABLE_SCAN",
                                                                                            "operator_cardinality": 9283967,
                                                                                            "cumulative_rows_scanned": 12744093,
                                                                                            "operator_rows_scanned": 12744093,
                                                                                            "operator_timing": 0.37494829100000004,
                                                                                            "result_set_size": 74271736,
                                                                                            "children": []
                                                                                        }
                                                                                    ]
                                                                                }
                                                                            ]
                                                                        }
                                                                    ]
                                                                }
                                                            ]
                                                        }
                                                    ]
                                                }
                                            ]
                                        }
                                    ]
                                }
                            ]
                        }
                    ]
                }
            ]
        }
    ]
}