{
    "rows_returned": 10,
    "query_name": "\nWITH UserBadgeStats AS (\n    SELECT \n        u.Id AS UserId,\n        u.DisplayName,\n        COUNT(b.Id) AS BadgeCount,\n        SUM(CASE WHEN b.Class = 1 THEN 1 ELSE 0 END) AS GoldBadges,\n        SUM(CASE WHEN b.Class = 2 THEN 1 ELSE 0 END) AS SilverBadges,\n        SUM(CASE WHEN b.Class = 3 THEN 1 ELSE 0 END) AS BronzeBadges\n    FROM \n        Users u\n    LEFT JOIN \n        Badges b ON u.Id = b.UserId\n    GROUP BY \n        u.Id, u.DisplayName\n),\nPopularPosts AS (\n    SELECT \n        p.Id AS PostId,\n        p.Title,\n        COUNT(c.Id) AS CommentCount,\n        SUM(p.Score) AS TotalScore\n    FROM \n        Posts p\n    LEFT JOIN \n        Comments c ON p.Id = c.PostId\n    WHERE \n        p.CreationDate >= '2022-01-01'  \n    GROUP BY \n        p.Id, p.Title\n    ORDER BY \n        TotalScore DESC\n    LIMIT 10  \n),\nBadgeAwardedPosts AS (\n    SELECT \n        p.Id AS PostId,\n        p.Title,\n        ub.UserId,\n        ub.DisplayName,\n        ub.BadgeCount\n    FROM \n        PopularPosts pp\n    JOIN \n        Posts p ON p.Id = pp.PostId\n    JOIN \n        UserBadgeStats ub ON ub.UserId = p.OwnerUserId\n)\nSELECT \n    bp.PostId,\n    bp.Title,\n    bp.DisplayName AS UserDisplayName,\n    bp.BadgeCount,\n    pp.CommentCount AS PostCommentCount,\n    pp.TotalScore AS PostTotalScore\nFROM \n    BadgeAwardedPosts bp\nJOIN \n    PopularPosts pp ON bp.PostId = pp.PostId\nORDER BY \n    bp.BadgeCount DESC, pp.TotalScore DESC;\n",
    "blocked_thread_time": 0.0,
    "cpu_time": 5.012370505,
    "extra_info": {},
    "cumulative_cardinality": 18267458,
    "cumulative_rows_scanned": 18524488,
    "result_set_size": 680,
    "latency": 5.14590761,
    "children": [
        {
            "operator_name": "ORDER_BY",
            "cpu_time": 5.012370505,
            "extra_info": {
                "Order By": [
                    "bp.BadgeCount DESC",
                    "pp.TotalScore DESC"
                ]
            },
            "cumulative_cardinality": 18267458,
            "operator_type": "ORDER_BY",
            "operator_cardinality": 10,
            "cumulative_rows_scanned": 18524488,
            "operator_rows_scanned": 0,
            "operator_timing": 0.000035346,
            "result_set_size": 680,
            "children": [
                {
                    "operator_name": "PROJECTION",
                    "cpu_time": 5.012335159,
                    "extra_info": {
                        "Projections": [
                            "PostId",
                            "title",
                            "UserDisplayName",
                            "BadgeCount",
                            "PostCommentCount",
                            "PostTotalScore"
                        ],
                        "Estimated Cardinality": "10"
                    },
                    "cumulative_cardinality": 18267448,
                    "operator_type": "PROJECTION",
                    "operator_cardinality": 10,
                    "cumulative_rows_scanned": 18524488,
                    "operator_rows_scanned": 0,
                    "operator_timing": 0.000001092,
                    "result_set_size": 680,
                    "children": [
                        {
                            "operator_name": "CTE",
                            "cpu_time": 5.012334067,
                            "extra_info": {
                                "CTE Name": "PopularPosts",
                                "Table Index": "0"
                            },
                            "cumulative_cardinality": 18267438,
                            "operator_type": "CTE",
                            "operator_cardinality": 0,
                            "cumulative_rows_scanned": 18524488,
                            "operator_rows_scanned": 0,
                            "operator_timing": 0.000009057,
                            "result_set_size": 0,
                            "children": [
                                {
                                    "operator_name": "STREAMING_LIMIT",
                                    "cpu_time": 1.1739717169999997,
                                    "extra_info": {},
                                    "cumulative_cardinality": 4051786,
                                    "operator_type": "STREAMING_LIMIT",
                                    "operator_cardinality": 10,
                                    "cumulative_rows_scanned": 11091938,
                                    "operator_rows_scanned": 0,
                                    "operator_timing": 0.000002724,
                                    "result_set_size": 440,
                                    "children": [
                                        {
                                            "operator_name": "ORDER_BY",
                                            "cpu_time": 1.1739689929999997,
                                            "extra_info": {
                                                "Order By": "sum(p.Score) DESC"
                                            },
                                            "cumulative_cardinality": 4051776,
                                            "operator_type": "ORDER_BY",
                                            "operator_cardinality": 4096,
                                            "cumulative_rows_scanned": 11091938,
                                            "operator_rows_scanned": 0,
                                            "operator_timing": 0.03748227899999998,
                                            "result_set_size": 180224,
                                            "children": [
                                                {
                                                    "operator_name": "HASH_GROUP_BY",
                                                    "cpu_time": 1.1364867139999997,
                                                    "extra_info": {
                                                        "Groups": [
                                                            "#0",
                                                            "#1"
                                                        ],
                                                        "Aggregates": [
                                                            "count(#2)",
                                                            "sum(#3)"
                                                        ],
                                                        "Estimated Cardinality": "3850116"
                                                    },
                                                    "cumulative_cardinality": 4047680,
                                                    "operator_type": "HASH_GROUP_BY",
                                                    "operator_cardinality": 449512,
                                                    "cumulative_rows_scanned": 11091938,
                                                    "operator_rows_scanned": 0,
                                                    "operator_timing": 0.24083506900000023,
                                                    "result_set_size": 19778528,
                                                    "children": [
                                                        {
                                                            "operator_name": "PROJECTION",
                                                            "cpu_time": 0.8956516449999995,
                                                            "extra_info": {
                                                                "Projections": [
                                                                    "id",
                                                                    "title",
                                                                    "id",
                                                                    "score"
                                                                ],
                                                                "Estimated Cardinality": "7241822"
                                                            },
                                                            "cumulative_cardinality": 3598168,
                                                            "operator_type": "PROJECTION",
                                                            "operator_cardinality": 1111027,
                                                            "cumulative_rows_scanned": 11091938,
                                                            "operator_rows_scanned": 0,
                                                            "operator_timing": 0.0003170750000000001,
                                                            "result_set_size": 31108756,
                                                            "children": [
                                                                {
                                                                    "operator_name": "HASH_JOIN",
                                                                    "cpu_time": 0.8953345699999995,
                                                                    "extra_info": {
                                                                        "Join Type": "RIGHT",
                                                                        "Conditions": "postid = id",
                                                                        "Estimated Cardinality": "7241822"
                                                                    },
                                                                    "cumulative_cardinality": 2487141,
                                                                    "operator_type": "HASH_JOIN",
                                                                    "operator_cardinality": 1111027,
                                                                    "cumulative_rows_scanned": 11091938,
                                                                    "operator_rows_scanned": 0,
                                                                    "operator_timing": 0.13119080700000002,
                                                                    "result_set_size": 31108756,
                                                                    "children": [
                                                                        {
                                                                            "operator_name": "READ_PARQUET ",
                                                                            "cpu_time": 0.05686457999999998,
                                                                            "extra_info": {
                                                                                "Function": "READ_PARQUET",
                                                                                "Projections": [
                                                                                    "id",
                                                                                    "postid"
                                                                                ],
                                                                                "Estimated Cardinality": "7241822"
                                                                            },
                                                                            "cumulative_cardinality": 926602,
                                                                            "operator_type": "TABLE_SCAN",
                                                                            "operator_cardinality": 926602,
                                                                            "cumulative_rows_scanned": 7241822,
                                                                            "operator_rows_scanned": 7241822,
                                                                            "operator_timing": 0.05686457999999998,
                                                                            "result_set_size": 7412816,
                                                                            "children": []
                                                                        },
                                                                        {
                                                                            "operator_name": "READ_PARQUET ",
                                                                            "cpu_time": 0.7072791829999995,
                                                                            "extra_info": {
                                                                                "Function": "READ_PARQUET",
                                                                                "Projections": [
                                                                                    "id",
                                                                                    "score",
                                                                                    "title"
                                                                                ],
                                                                                "Filters": "creationdate>='2022-01-01 00:00:00'::TIMESTAMP",
                                                                                "Estimated Cardinality": "770023"
                                                                            },
                                                                            "cumulative_cardinality": 449512,
                                                                            "operator_type": "TABLE_SCAN",
                                                                            "operator_cardinality": 449512,
                                                                            "cumulative_rows_scanned": 3850116,
                                                                            "operator_rows_scanned": 3850116,
                                                                            "operator_timing": 0.7072791829999995,
                                                                            "result_set_size": 10788288,
                                                                            "children": []
                                                                        }
                                                                    ]
                                                                }
                                                            ]
                                                        }
                                                    ]
                                                }
                                            ]
                                        }
                                    ]
                                },
                                {
                                    "operator_name": "HASH_JOIN",
                                    "cpu_time": 3.8383532930000004,
                                    "extra_info": {
                                        "Join Type": "INNER",
                                        "Conditions": "PostId = PostId",
                                        "Estimated Cardinality": "0"
                                    },
                                    "cumulative_cardinality": 14215652,
                                    "operator_type": "HASH_JOIN",
                                    "operator_cardinality": 10,
                                    "cumulative_rows_scanned": 7432550,
                                    "operator_rows_scanned": 0,
                                    "operator_timing": 0.00016192300000000001,
                                    "result_set_size": 920,
                                    "children": [
                                        {
                                            "operator_name": "CTE_SCAN",
                                            "cpu_time": 0.000012543,
                                            "extra_info": {
                                                "CTE Index": "0",
                                                "Estimated Cardinality": "10"
                                            },
                                            "cumulative_cardinality": 10,
                                            "operator_type": "CTE_SCAN",
                                            "operator_cardinality": 10,
                                            "cumulative_rows_scanned": 0,
                                            "operator_rows_scanned": 0,
                                            "operator_timing": 0.000012543,
                                            "result_set_size": 440,
                                            "children": []
                                        },
                                        {
                                            "operator_name": "PROJECTION",
                                            "cpu_time": 3.8381788270000006,
                                            "extra_info": {
                                                "Projections": [
                                                    "PostId",
                                                    "title",
                                                    "UserId",
                                                    "displayname",
                                                    "BadgeCount"
                                                ],
                                                "Estimated Cardinality": "10"
                                            },
                                            "cumulative_cardinality": 14215632,
                                            "operator_type": "PROJECTION",
                                            "operator_cardinality": 10,
                                            "cumulative_rows_scanned": 7432550,
                                            "operator_rows_scanned": 0,
                                            "operator_timing": 0.000003166,
                                            "result_set_size": 480,
                                            "children": [
                                                {
                                                    "operator_name": "HASH_JOIN",
                                                    "cpu_time": 3.8381756610000006,
                                                    "extra_info": {
                                                        "Join Type": "INNER",
                                                        "Conditions": "UserId = owneruserid",
                                                        "Estimated Cardinality": "10"
                                                    },
                                                    "cumulative_cardinality": 14215622,
                                                    "operator_type": "HASH_JOIN",
                                                    "operator_cardinality": 10,
                                                    "cumulative_rows_scanned": 7432550,
                                                    "operator_rows_scanned": 0,
                                                    "operator_timing": 0.004707869000000003,
                                                    "result_set_size": 480,
                                                    "children": [
                                                        {
                                                            "operator_name": "HASH_GROUP_BY",
                                                            "cpu_time": 0.9880968510000004,
                                                            "extra_info": {
                                                                "Groups": [
                                                                    "#0",
                                                                    "#1"
                                                                ],
                                                                "Aggregates": [
                                                                    "count(#2)",
                                                                    "sum(#3)",
                                                                    "sum(#4)",
                                                                    "sum(#5)"
                                                                ],
                                                                "Estimated Cardinality": "1260710"
                                                            },
                                                            "cumulative_cardinality": 13943290,
                                                            "operator_type": "HASH_GROUP_BY",
                                                            "operator_cardinality": 1260679,
                                                            "cumulative_rows_scanned": 3582434,
                                                            "operator_rows_scanned": 0,
                                                            "operator_timing": 0.5991979920000002,
                                                            "result_set_size": 95811604,
                                                            "children": [
                                                                {
                                                                    "operator_name": "PROJECTION",
                                                                    "cpu_time": 0.3888988590000002,
                                                                    "extra_info": {
                                                                        "Projections": [
                                                                            "id",
                                                                            "displayname",
                                                                            "id",
                                                                            "CASE  WHEN ((class = 1)) THEN (1) ELSE 0 END",
                                                                            "CASE  WHEN ((class = 2)) THEN (1) ELSE 0 END",
                                                                            "CASE  WHEN ((class = 3)) THEN (1) ELSE 0 END"
                                                                        ],
                                                                        "Estimated Cardinality": "2321724"
                                                                    },
                                                                    "cumulative_cardinality": 12682611,
                                                                    "operator_type": "PROJECTION",
                                                                    "operator_cardinality": 3033382,
                                                                    "cumulative_rows_scanned": 3582434,
                                                                    "operator_rows_scanned": 0,
                                                                    "operator_timing": 0.01609052700000004,
                                                                    "result_set_size": 109201752,
                                                                    "children": [
                                                                        {
                                                                            "operator_name": "FILTER",
                                                                            "cpu_time": 0.3728083320000002,
                                                                            "extra_info": {
                                                                                "Expression": "(id <= 1416539)",
                                                                                "Estimated Cardinality": "2321724"
                                                                            },
                                                                            "cumulative_cardinality": 9649229,
                                                                            "operator_type": "FILTER",
                                                                            "operator_cardinality": 3033382,
                                                                            "cumulative_rows_scanned": 3582434,
                                                                            "operator_rows_scanned": 0,
                                                                            "operator_timing": 0.004014854999999993,
                                                                            "result_set_size": 78867932,
                                                                            "children": [
                                                                                {
                                                                                    "operator_name": "HASH_JOIN",
                                                                                    "cpu_time": 0.3687934770000002,
                                                                                    "extra_info": {
                                                                                        "Join Type": "RIGHT",
                                                                                        "Conditions": "userid = id",
                                                                                        "Estimated Cardinality": "2321724"
                                                                                    },
                                                                                    "cumulative_cardinality": 6615847,
                                                                                    "operator_type": "HASH_JOIN",
                                                                                    "operator_cardinality": 3033413,
                                                                                    "cumulative_rows_scanned": 3582434,
                                                                                    "operator_rows_scanned": 0,
                                                                                    "operator_timing": 0.22295352200000043,
                                                                                    "result_set_size": 78868738,
                                                                                    "children": [
                                                                                        {
                                                                                            "operator_name": "READ_PARQUET ",
                                                                                            "cpu_time": 0.05953124399999987,
                                                                                            "extra_info": {
                                                                                                "Function": "READ_PARQUET",
                                                                                                "Projections": [
                                                                                                    "id",
                                                                                                    "userid",
                                                                                                    "class"
                                                                                                ],
                                                                                                "Estimated Cardinality": "2321724"
                                                                                            },
                                                                                            "cumulative_cardinality": 2321724,
                                                                                            "operator_type": "TABLE_SCAN",
                                                                                            "operator_cardinality": 2321724,
                                                                                            "cumulative_rows_scanned": 2321724,
                                                                                            "operator_rows_scanned": 2321724,
                                                                                            "operator_timing": 0.05953124399999987,
                                                                                            "result_set_size": 23217240,
                                                                                            "children": []
                                                                                        },
                                                                                        {
                                                                                            "operator_name": "READ_PARQUET ",
                                                                                            "cpu_time": 0.08630871099999991,
                                                                                            "extra_info": {
                                                                                                "Function": "READ_PARQUET",
                                                                                                "Projections": [
                                                                                                    "id",
                                                                                                    "displayname"
                                                                                                ],
                                                                                                "Estimated Cardinality": "1260710"
                                                                                            },
                                                                                            "cumulative_cardinality": 1260710,
                                                                                            "operator_type": "TABLE_SCAN",
                                                                                            "operator_cardinality": 1260710,
                                                                                            "cumulative_rows_scanned": 1260710,
                                                                                            "operator_rows_scanned": 1260710,
                                                                                            "operator_timing": 0.08630871099999991,
                                                                                            "result_set_size": 25214200,
                                                                                            "children": []
                                                                                        }
                                                                                    ]
                                                                                }
                                                                            ]
                                                                        }
                                                                    ]
                                                                }
                                                            ]
                                                        },
                                                        {
                                                            "operator_name": "HASH_JOIN",
                                                            "cpu_time": 2.845370941,
                                                            "extra_info": {
                                                                "Join Type": "INNER",
                                                                "Conditions": "id = PostId",
                                                                "Estimated Cardinality": "10"
                                                            },
                                                            "cumulative_cardinality": 272322,
                                                            "operator_type": "HASH_JOIN",
                                                            "operator_cardinality": 10,
                                                            "cumulative_rows_scanned": 3850116,
                                                            "operator_rows_scanned": 0,
                                                            "operator_timing": 0.0011662280000000005,
                                                            "result_set_size": 240,
                                                            "children": [
                                                                {
                                                                    "operator_name": "READ_PARQUET ",
                                                                    "cpu_time": 2.844198051,
                                                                    "extra_info": {
                                                                        "Function": "READ_PARQUET",
                                                                        "Projections": [
                                                                            "id",
                                                                            "posttypeid",
                                                                            "acceptedanswerid",
                                                                            "parentid",
                                                                            "creationdate",
                                                                            "score",
                                                                            "viewcount",
                                                                            "body",
                                                                            "owneruserid",
                                                                            "ownerdisplayname",
                                                                            "lasteditoruserid",
                                                                            "lasteditordisplayname",
                                                                            "lasteditdate",
                                                                            "lastactivitydate",
                                                                            "title",
                                                                            "tags",
                                                                            "answercount",
                                                                            "commentcount",
                                                                            "favoritecount",
                                                                            "closeddate",
                                                                            "communityowneddate",
                                                                            "contentlicense"
                                                                        ],
                                                                        "Estimated Cardinality": "3850116"
                                                                    },
                                                                    "cumulative_cardinality": 272302,
                                                                    "operator_type": "TABLE_SCAN",
                                                                    "operator_cardinality": 272302,
                                                                    "cumulative_rows_scanned": 3850116,
                                                                    "operator_rows_scanned": 3850116,
                                                                    "operator_timing": 2.844198051,
                                                                    "result_set_size": 48469756,
                                                                    "children": []
                                                                },
                                                                {
                                                                    "operator_name": "CTE_SCAN",
                                                                    "cpu_time": 0.000006662,
                                                                    "extra_info": {
                                                                        "CTE Index": "0",
                                                                        "Estimated Cardinality": "10"
                                                                    },
                                                                    "cumulative_cardinality": 10,
                                                                    "operator_type": "CTE_SCAN",
                                                                    "operator_cardinality": 10,
                                                                    "cumulative_rows_scanned": 0,
                                                                    "operator_rows_scanned": 0,
                                                                    "operator_timing": 0.000006662,
                                                                    "result_set_size": 440,
                                                                    "children": []
                                                                }
                                                            ]
                                                        }
                                                    ]
                                                }
                                            ]
                                        }
                                    ]
                                }
                            ]
                        }
                    ]
                }
            ]
        }
    ]
}