{
    "rows_returned": 0,
    "query_name": "\nWITH RecursiveTags AS (\n    SELECT \n        P.Id AS PostId,\n        P.Title,\n        P.Tags,\n        unnest(string_to_array(substring(P.Tags, 2, length(P.Tags) - 2), '><')) AS TagName,\n        P.CreationDate\n    FROM \n        Posts P\n    WHERE \n        P.PostTypeId = 1\n),\nTagCounts AS (\n    SELECT \n        TagName,\n        COUNT(PostId) AS PostCount,\n        MIN(CreationDate) AS FirstUsage\n    FROM \n        RecursiveTags\n    GROUP BY \n        TagName\n),\nTopTags AS (\n    SELECT \n        TagName, \n        PostCount,\n        FirstUsage\n    FROM \n        TagCounts\n    ORDER BY \n        PostCount DESC\n    LIMIT 10\n),\nUserPostCounts AS (\n    SELECT \n        U.Id AS UserId,\n        U.DisplayName,\n        COUNT(P.Id) AS PostCount,\n        SUM(CASE WHEN P.Score > 0 THEN 1 ELSE 0 END) AS PositiveScoreCount\n    FROM \n        Users U\n    LEFT JOIN \n        Posts P ON U.Id = P.OwnerUserId\n    WHERE \n        P.PostTypeId IN (1, 2)\n    GROUP BY \n        U.Id, U.DisplayName\n),\nUserTopContributors AS (\n    SELECT \n        UserId,\n        DisplayName,\n        PostCount,\n        PositiveScoreCount\n    FROM \n        UserPostCounts\n    WHERE \n        PostCount > 0\n    ORDER BY \n        PositiveScoreCount DESC\n    LIMIT 5\n),\nFinalOutput AS (\n    SELECT \n        T.TagName,\n        T.PostCount AS TagPostCount,\n        U.DisplayName AS TopUser,\n        U.PositiveScoreCount AS TopUserScores\n    FROM \n        TopTags T\n    JOIN \n        UserTopContributors U ON U.PostCount > T.PostCount\n)\nSELECT \n    TagName, \n    TagPostCount, \n    TopUser, \n    TopUserScores\nFROM \n    FinalOutput\nORDER BY \n    TagPostCount DESC, \n    TopUserScores DESC;\n",
    "blocked_thread_time": 0.0,
    "cpu_time": 3.664109902002493,
    "extra_info": {},
    "cumulative_cardinality": 27393486,
    "cumulative_rows_scanned": 8960942,
    "result_set_size": 0,
    "latency": 9.094960402,
    "children": [
        {
            "operator_name": "ORDER_BY",
            "cpu_time": 3.664109902002493,
            "extra_info": {
                "Order By": [
                    "FinalOutput.TagPostCount DESC",
                    "FinalOutput.TopUserScores DESC"
                ]
            },
            "cumulative_cardinality": 27393486,
            "operator_type": "ORDER_BY",
            "operator_cardinality": 0,
            "cumulative_rows_scanned": 8960942,
            "operator_rows_scanned": 0,
            "operator_timing": 9.1e-8,
            "result_set_size": 0,
            "children": [
                {
                    "operator_name": "PROJECTION",
                    "cpu_time": 3.664109811002493,
                    "extra_info": {
                        "Projections": [
                            "TagName",
                            "TagPostCount",
                            "TopUser",
                            "TopUserScores"
                        ],
                        "Estimated Cardinality": "0"
                    },
                    "cumulative_cardinality": 27393486,
                    "operator_type": "PROJECTION",
                    "operator_cardinality": 0,
                    "cumulative_rows_scanned": 8960942,
                    "operator_rows_scanned": 0,
                    "operator_timing": 0.0,
                    "result_set_size": 0,
                    "children": [
                        {
                            "operator_name": "NESTED_LOOP_JOIN",
                            "cpu_time": 3.664109811002493,
                            "extra_info": {
                                "Join Type": "INNER",
                                "Conditions": "PostCount < PostCount",
                                "Estimated Cardinality": "0"
                            },
                            "cumulative_cardinality": 27393486,
                            "operator_type": "NESTED_LOOP_JOIN",
                            "operator_cardinality": 0,
                            "cumulative_rows_scanned": 8960942,
                            "operator_rows_scanned": 0,
                            "operator_timing": 0.00011148000000000001,
                            "result_set_size": 0,
                            "children": [
                                {
                                    "operator_name": "STREAMING_LIMIT",
                                    "cpu_time": 2.860281048002494,
                                    "extra_info": {},
                                    "cumulative_cardinality": 13806421,
                                    "operator_type": "STREAMING_LIMIT",
                                    "operator_cardinality": 10,
                                    "cumulative_rows_scanned": 3850116,
                                    "operator_rows_scanned": 0,
                                    "operator_timing": 9.22e-7,
                                    "result_set_size": 240,
                                    "children": [
                                        {
                                            "operator_name": "ORDER_BY",
                                            "cpu_time": 2.860280126002494,
                                            "extra_info": {
                                                "Order By": "TagCounts.PostCount DESC"
                                            },
                                            "cumulative_cardinality": 13806411,
                                            "operator_type": "ORDER_BY",
                                            "operator_cardinality": 1976,
                                            "cumulative_rows_scanned": 3850116,
                                            "operator_rows_scanned": 0,
                                            "operator_timing": 0.00009371499999999999,
                                            "result_set_size": 47424,
                                            "children": [
                                                {
                                                    "operator_name": "HASH_GROUP_BY",
                                                    "cpu_time": 2.860186411002494,
                                                    "extra_info": {
                                                        "Groups": "#0",
                                                        "Aggregates": "count_star()",
                                                        "Estimated Cardinality": "385011"
                                                    },
                                                    "cumulative_cardinality": 13804435,
                                                    "operator_type": "HASH_GROUP_BY",
                                                    "operator_cardinality": 1976,
                                                    "cumulative_rows_scanned": 3850116,
                                                    "operator_rows_scanned": 0,
                                                    "operator_timing": 0.9860575179997261,
                                                    "result_set_size": 47424,
                                                    "children": [
                                                        {
                                                            "operator_name": "PROJECTION",
                                                            "cpu_time": 1.8741288930027677,
                                                            "extra_info": {
                                                                "Projections": "TagName",
                                                                "Estimated Cardinality": "770023"
                                                            },
                                                            "cumulative_cardinality": 13802459,
                                                            "operator_type": "PROJECTION",
                                                            "operator_cardinality": 4044765,
                                                            "cumulative_rows_scanned": 3850116,
                                                            "operator_rows_scanned": 0,
                                                            "operator_timing": 0.14090199900025333,
                                                            "result_set_size": 64716240,
                                                            "children": [
                                                                {
                                                                    "operator_name": "PROJECTION",
                                                                    "cpu_time": 1.7332268940025144,
                                                                    "extra_info": {
                                                                        "Projections": [
                                                                            "PostId",
                                                                            "TagName"
                                                                        ],
                                                                        "Estimated Cardinality": "770023"
                                                                    },
                                                                    "cumulative_cardinality": 9757694,
                                                                    "operator_type": "PROJECTION",
                                                                    "operator_cardinality": 4044765,
                                                                    "cumulative_rows_scanned": 3850116,
                                                                    "operator_rows_scanned": 0,
                                                                    "operator_timing": 0.18055324599939476,
                                                                    "result_set_size": 80895300,
                                                                    "children": [
                                                                        {
                                                                            "operator_name": "UNNEST",
                                                                            "cpu_time": 1.5526736480031196,
                                                                            "extra_info": {},
                                                                            "cumulative_cardinality": 5712929,
                                                                            "operator_type": "UNNEST",
                                                                            "operator_cardinality": 4044765,
                                                                            "cumulative_rows_scanned": 3850116,
                                                                            "operator_rows_scanned": 0,
                                                                            "operator_timing": 1.1871562110031182,
                                                                            "result_set_size": 145611540,
                                                                            "children": [
                                                                                {
                                                                                    "operator_name": "READ_PARQUET ",
                                                                                    "cpu_time": 0.3655174370000015,
                                                                                    "extra_info": {
                                                                                        "Function": "READ_PARQUET",
                                                                                        "Projections": [
                                                                                            "id",
                                                                                            "tags"
                                                                                        ],
                                                                                        "Filters": "posttypeid=1",
                                                                                        "Estimated Cardinality": "770023"
                                                                                    },
                                                                                    "cumulative_cardinality": 1668164,
                                                                                    "operator_type": "TABLE_SCAN",
                                                                                    "operator_cardinality": 1668164,
                                                                                    "cumulative_rows_scanned": 3850116,
                                                                                    "operator_rows_scanned": 3850116,
                                                                                    "operator_timing": 0.3655174370000015,
                                                                                    "result_set_size": 33363280,
                                                                                    "children": []
                                                                                }
                                                                            ]
                                                                        }
                                                                    ]
                                                                }
                                                            ]
                                                        }
                                                    ]
                                                }
                                            ]
                                        }
                                    ]
                                },
                                {
                                    "operator_name": "STREAMING_LIMIT",
                                    "cpu_time": 0.8037172829999988,
                                    "extra_info": {},
                                    "cumulative_cardinality": 13587065,
                                    "operator_type": "STREAMING_LIMIT",
                                    "operator_cardinality": 5,
                                    "cumulative_rows_scanned": 5110826,
                                    "operator_rows_scanned": 0,
                                    "operator_timing": 0.000001725,
                                    "result_set_size": 200,
                                    "children": [
                                        {
                                            "operator_name": "ORDER_BY",
                                            "cpu_time": 0.8037155579999988,
                                            "extra_info": {
                                                "Order By": "UserPostCounts.PositiveScoreCount DESC"
                                            },
                                            "cumulative_cardinality": 13587060,
                                            "operator_type": "ORDER_BY",
                                            "operator_cardinality": 4096,
                                            "cumulative_rows_scanned": 5110826,
                                            "operator_rows_scanned": 0,
                                            "operator_timing": 0.012888797000000006,
                                            "result_set_size": 163840,
                                            "children": [
                                                {
                                                    "operator_name": "PROJECTION",
                                                    "cpu_time": 0.7908267609999988,
                                                    "extra_info": {
                                                        "Projections": [
                                                            "displayname",
                                                            "PostCount",
                                                            "PositiveScoreCount"
                                                        ],
                                                        "Estimated Cardinality": "77002"
                                                    },
                                                    "cumulative_cardinality": 13582964,
                                                    "operator_type": "PROJECTION",
                                                    "operator_cardinality": 371624,
                                                    "cumulative_rows_scanned": 5110826,
                                                    "operator_rows_scanned": 0,
                                                    "operator_timing": 0.000028441999999999983,
                                                    "result_set_size": 14864960,
                                                    "children": [
                                                        {
                                                            "operator_name": "FILTER",
                                                            "cpu_time": 0.7907983189999989,
                                                            "extra_info": {
                                                                "Expression": "(PostCount > 0)",
                                                                "Estimated Cardinality": "77002"
                                                            },
                                                            "cumulative_cardinality": 13211340,
                                                            "operator_type": "FILTER",
                                                            "operator_cardinality": 371624,
                                                            "cumulative_rows_scanned": 5110826,
                                                            "operator_rows_scanned": 0,
                                                            "operator_timing": 0.0004338799999999998,
                                                            "result_set_size": 16351456,
                                                            "children": [
                                                                {
                                                                    "operator_name": "HASH_GROUP_BY",
                                                                    "cpu_time": 0.7903644389999989,
                                                                    "extra_info": {
                                                                        "Groups": [
                                                                            "#0",
                                                                            "#1"
                                                                        ],
                                                                        "Aggregates": [
                                                                            "count_star()",
                                                                            "sum(#2)"
                                                                        ],
                                                                        "Estimated Cardinality": "385011"
                                                                    },
                                                                    "cumulative_cardinality": 12839716,
                                                                    "operator_type": "HASH_GROUP_BY",
                                                                    "operator_cardinality": 371624,
                                                                    "cumulative_rows_scanned": 5110826,
                                                                    "operator_rows_scanned": 0,
                                                                    "operator_timing": 0.15366695599999985,
                                                                    "result_set_size": 16351456,
                                                                    "children": [
                                                                        {
                                                                            "operator_name": "PROJECTION",
                                                                            "cpu_time": 0.636697482999999,
                                                                            "extra_info": {
                                                                                "Projections": [
                                                                                    "id",
                                                                                    "displayname",
                                                                                    "CASE  WHEN ((score > 0)) THEN (1) ELSE 0 END"
                                                                                ],
                                                                                "Estimated Cardinality": "770023"
                                                                            },
                                                                            "cumulative_cardinality": 12468092,
                                                                            "operator_type": "PROJECTION",
                                                                            "operator_cardinality": 3680979,
                                                                            "cumulative_rows_scanned": 5110826,
                                                                            "operator_rows_scanned": 0,
                                                                            "operator_timing": 0.007810433,
                                                                            "result_set_size": 88343496,
                                                                            "children": [
                                                                                {
                                                                                    "operator_name": "HASH_JOIN",
                                                                                    "cpu_time": 0.628887049999999,
                                                                                    "extra_info": {
                                                                                        "Join Type": "INNER",
                                                                                        "Conditions": "id = owneruserid",
                                                                                        "Estimated Cardinality": "770023"
                                                                                    },
                                                                                    "cumulative_cardinality": 8787113,
                                                                                    "operator_type": "HASH_JOIN",
                                                                                    "operator_cardinality": 3680979,
                                                                                    "cumulative_rows_scanned": 5110826,
                                                                                    "operator_rows_scanned": 0,
                                                                                    "operator_timing": 0.3626386439999997,
                                                                                    "result_set_size": 117791328,
                                                                                    "children": [
                                                                                        {
                                                                                            "operator_name": "READ_PARQUET ",
                                                                                            "cpu_time": 0.0862797069999999,
                                                                                            "extra_info": {
                                                                                                "Function": "READ_PARQUET",
                                                                                                "Projections": [
                                                                                                    "id",
                                                                                                    "displayname"
                                                                                                ],
                                                                                                "Filters": "id<=1416539",
                                                                                                "Estimated Cardinality": "1260710"
                                                                                            },
                                                                                            "cumulative_cardinality": 1260677,
                                                                                            "operator_type": "TABLE_SCAN",
                                                                                            "operator_cardinality": 1260677,
                                                                                            "cumulative_rows_scanned": 1260710,
                                                                                            "operator_rows_scanned": 1260710,
                                                                                            "operator_timing": 0.0862797069999999,
                                                                                            "result_set_size": 25213540,
                                                                                            "children": []
                                                                                        },
                                                                                        {
                                                                                            "operator_name": "READ_PARQUET ",
                                                                                            "cpu_time": 0.1799686989999995,
                                                                                            "extra_info": {
                                                                                                "Function": "READ_PARQUET",
                                                                                                "Projections": [
                                                                                                    "id",
                                                                                                    "score",
                                                                                                    "owneruserid"
                                                                                                ],
                                                                                                "Filters": "posttypeid>=1 AND posttypeid<=2",
                                                                                                "Estimated Cardinality": "770023"
                                                                                            },
                                                                                            "cumulative_cardinality": 3845457,
                                                                                            "operator_type": "TABLE_SCAN",
                                                                                            "operator_cardinality": 3845457,
                                                                                            "cumulative_rows_scanned": 3850116,
                                                                                            "operator_rows_scanned": 3850116,
                                                                                            "operator_timing": 0.1799686989999995,
                                                                                            "result_set_size": 46145484,
                                                                                            "children": []
                                                                                        }
                                                                                    ]
                                                                                }
                                                                            ]
                                                                        }
                                                                    ]
                                                                }
                                                            ]
                                                        }
                                                    ]
                                                }
                                            ]
                                        }
                                    ]
                                }
                            ]
                        }
                    ]
                }
            ]
        }
    ]
}