{
    "rows_returned": 1260088,
    "query_name": "WITH RankedPosts AS (\n    SELECT \n        p.Id AS PostId, \n        p.Title, \n        p.CreationDate,\n        p.Score,\n        p.AnswerCount,\n        ROW_NUMBER() OVER (PARTITION BY p.OwnerUserId ORDER BY p.Score DESC) AS UserPostRank\n    FROM \n        Posts p\n    WHERE \n        p.PostTypeId = 1 AND  \n        p.CreationDate >= cast('2024-10-01' as date) - INTERVAL '1 year'\n),\nUserActivity AS (\n    SELECT \n        u.Id AS UserId,\n        u.DisplayName,\n        u.UpVotes,\n        u.DownVotes,\n        (u.UpVotes - u.DownVotes) AS NetVotes,\n        COUNT(DISTINCT p.Id) AS QuestionsAsked\n    FROM \n        Users u\n    LEFT JOIN \n        Posts p ON u.Id = p.OwnerUserId AND p.PostTypeId = 1  \n    GROUP BY \n        u.Id, u.DisplayName, u.UpVotes, u.DownVotes\n),\nBadgeStats AS (\n    SELECT \n        b.UserId,\n        COUNT(b.Id) AS BadgeCount,\n        MAX(b.Class) AS HighestBadgeClass  \n    FROM \n        Badges b\n    WHERE \n        b.Date >= cast('2024-10-01' as date) - INTERVAL '1 year'\n    GROUP BY \n        b.UserId\n)\nSELECT \n    ua.DisplayName,\n    ua.NetVotes,\n    ua.QuestionsAsked,\n    COALESCE(bs.BadgeCount, 0) AS BadgeCount,\n    COALESCE(bs.HighestBadgeClass, 0) AS HighestBadgeClass,\n    rp.Title,\n    rp.Score,\n    rp.CreationDate\nFROM \n    UserActivity ua\nLEFT JOIN \n    BadgeStats bs ON ua.UserId = bs.UserId\nLEFT JOIN \n    RankedPosts rp ON ua.UserId = rp.PostId  \nWHERE \n    ua.NetVotes >= 0  \nORDER BY \n    ua.NetVotes DESC,\n    ua.QuestionsAsked DESC,\n    rp.Score DESC;",
    "blocked_thread_time": 0.0,
    "cpu_time": 2.261136754999999,
    "extra_info": {},
    "cumulative_cardinality": 23774184,
    "cumulative_rows_scanned": 11282666,
    "result_set_size": 83165808,
    "latency": 3.70282054,
    "children": [
        {
            "operator_name": "PROJECTION",
            "cpu_time": 2.261136754999999,
            "extra_info": {
                "Projections": [
                    "#0",
                    "#1",
                    "#2",
                    "#3",
                    "#4",
                    "#5",
                    "__internal_decompress_integral_integer(#6, -72)",
                    "#7"
                ],
                "Estimated Cardinality": "770023"
            },
            "cumulative_cardinality": 23774184,
            "operator_type": "PROJECTION",
            "operator_cardinality": 1260088,
            "cumulative_rows_scanned": 11282666,
            "operator_rows_scanned": 0,
            "operator_timing": 0.0005272850000000005,
            "result_set_size": 83165808,
            "children": [
                {
                    "operator_name": "ORDER_BY",
                    "cpu_time": 2.260609469999999,
                    "extra_info": {
                        "Order By": [
                            "ua.NetVotes DESC",
                            "ua.QuestionsAsked DESC",
                            "rp.Score DESC"
                        ]
                    },
                    "cumulative_cardinality": 22514096,
                    "operator_type": "ORDER_BY",
                    "operator_cardinality": 1260088,
                    "cumulative_rows_scanned": 11282666,
                    "operator_rows_scanned": 0,
                    "operator_timing": 0.10855227,
                    "result_set_size": 80645632,
                    "children": [
                        {
                            "operator_name": "PROJECTION",
                            "cpu_time": 2.152057199999999,
                            "extra_info": {
                                "Projections": [
                                    "#0",
                                    "#1",
                                    "#2",
                                    "#3",
                                    "#4",
                                    "#5",
                                    "__internal_compress_integral_usmallint(#6, -72)",
                                    "#7"
                                ],
                                "Estimated Cardinality": "770023"
                            },
                            "cumulative_cardinality": 21254008,
                            "operator_type": "PROJECTION",
                            "operator_cardinality": 1260088,
                            "cumulative_rows_scanned": 11282666,
                            "operator_rows_scanned": 0,
                            "operator_timing": 0.000501834,
                            "result_set_size": 80645632,
                            "children": [
                                {
                                    "operator_name": "PROJECTION",
                                    "cpu_time": 2.151555365999999,
                                    "extra_info": {
                                        "Projections": [
                                            "displayname",
                                            "NetVotes",
                                            "QuestionsAsked",
                                            "BadgeCount",
                                            "HighestBadgeClass",
                                            "title",
                                            "score",
                                            "creationdate"
                                        ],
                                        "Estimated Cardinality": "770023"
                                    },
                                    "cumulative_cardinality": 19993920,
                                    "operator_type": "PROJECTION",
                                    "operator_cardinality": 1260088,
                                    "cumulative_rows_scanned": 11282666,
                                    "operator_rows_scanned": 0,
                                    "operator_timing": 0.021965960999999996,
                                    "result_set_size": 83165808,
                                    "children": [
                                        {
                                            "operator_name": "HASH_JOIN",
                                            "cpu_time": 2.129589404999999,
                                            "extra_info": {
                                                "Join Type": "RIGHT",
                                                "Conditions": "PostId = UserId",
                                                "Estimated Cardinality": "770023"
                                            },
                                            "cumulative_cardinality": 18733832,
                                            "operator_type": "HASH_JOIN",
                                            "operator_cardinality": 1260088,
                                            "cumulative_rows_scanned": 11282666,
                                            "operator_rows_scanned": 0,
                                            "operator_timing": 0.15017294199999998,
                                            "result_set_size": 83165808,
                                            "children": [
                                                {
                                                    "operator_name": "PROJECTION",
                                                    "cpu_time": 0.187158532,
                                                    "extra_info": {
                                                        "Projections": [
                                                            "PostId",
                                                            "title",
                                                            "creationdate",
                                                            "score"
                                                        ],
                                                        "Estimated Cardinality": "770023"
                                                    },
                                                    "cumulative_cardinality": 297716,
                                                    "operator_type": "PROJECTION",
                                                    "operator_cardinality": 74429,
                                                    "cumulative_rows_scanned": 3850116,
                                                    "operator_rows_scanned": 0,
                                                    "operator_timing": 0.000014749,
                                                    "result_set_size": 2381728,
                                                    "children": [
                                                        {
                                                            "operator_name": "PROJECTION",
                                                            "cpu_time": 0.18714378299999998,
                                                            "extra_info": {
                                                                "Projections": [
                                                                    "#0",
                                                                    "#1",
                                                                    "#2",
                                                                    "#3",
                                                                    "#4",
                                                                    "#5"
                                                                ],
                                                                "Estimated Cardinality": "770023"
                                                            },
                                                            "cumulative_cardinality": 223287,
                                                            "operator_type": "PROJECTION",
                                                            "operator_cardinality": 74429,
                                                            "cumulative_rows_scanned": 3850116,
                                                            "operator_rows_scanned": 0,
                                                            "operator_timing": 0.000021591,
                                                            "result_set_size": 3274876,
                                                            "children": [
                                                                {
                                                                    "operator_name": "WINDOW",
                                                                    "cpu_time": 0.187122192,
                                                                    "extra_info": {
                                                                        "Projections": "ROW_NUMBER() OVER (PARTITION BY owneruserid ORDER BY score DESC NULLS LAST)"
                                                                    },
                                                                    "cumulative_cardinality": 148858,
                                                                    "operator_type": "WINDOW",
                                                                    "operator_cardinality": 74429,
                                                                    "cumulative_rows_scanned": 3850116,
                                                                    "operator_rows_scanned": 0,
                                                                    "operator_timing": 0.019869420999999998,
                                                                    "result_set_size": 3274876,
                                                                    "children": [
                                                                        {
                                                                            "operator_name": "READ_PARQUET ",
                                                                            "cpu_time": 0.167252771,
                                                                            "extra_info": {
                                                                                "Function": "READ_PARQUET",
                                                                                "Projections": [
                                                                                    "id",
                                                                                    "creationdate",
                                                                                    "score",
                                                                                    "owneruserid",
                                                                                    "title"
                                                                                ],
                                                                                "Filters": [
                                                                                    "posttypeid=1",
                                                                                    "creationdate>='2023-10-01 00:00:00'::TIMESTAMP"
                                                                                ],
                                                                                "Estimated Cardinality": "770023"
                                                                            },
                                                                            "cumulative_cardinality": 74429,
                                                                            "operator_type": "TABLE_SCAN",
                                                                            "operator_cardinality": 74429,
                                                                            "cumulative_rows_scanned": 3850116,
                                                                            "operator_rows_scanned": 3850116,
                                                                            "operator_timing": 0.167252771,
                                                                            "result_set_size": 2679444,
                                                                            "children": []
                                                                        }
                                                                    ]
                                                                }
                                                            ]
                                                        }
                                                    ]
                                                },
                                                {
                                                    "operator_name": "HASH_JOIN",
                                                    "cpu_time": 1.7922579309999993,
                                                    "extra_info": {
                                                        "Join Type": "LEFT",
                                                        "Conditions": "UserId = userid",
                                                        "Estimated Cardinality": "630355"
                                                    },
                                                    "cumulative_cardinality": 17176028,
                                                    "operator_type": "HASH_JOIN",
                                                    "operator_cardinality": 1260088,
                                                    "cumulative_rows_scanned": 7432550,
                                                    "operator_rows_scanned": 0,
                                                    "operator_timing": 0.03255127899999994,
                                                    "result_set_size": 52923696,
                                                    "children": [
                                                        {
                                                            "operator_name": "PROJECTION",
                                                            "cpu_time": 1.3468985599999992,
                                                            "extra_info": {
                                                                "Projections": [
                                                                    "UserId",
                                                                    "displayname",
                                                                    "NetVotes",
                                                                    "QuestionsAsked"
                                                                ],
                                                                "Estimated Cardinality": "630355"
                                                            },
                                                            "cumulative_cardinality": 15506093,
                                                            "operator_type": "PROJECTION",
                                                            "operator_cardinality": 1260088,
                                                            "cumulative_rows_scanned": 5110826,
                                                            "operator_rows_scanned": 0,
                                                            "operator_timing": 0.0006670369999999998,
                                                            "result_set_size": 40322816,
                                                            "children": [
                                                                {
                                                                    "operator_name": "PROJECTION",
                                                                    "cpu_time": 1.3462315229999993,
                                                                    "extra_info": {
                                                                        "Projections": [
                                                                            "#0",
                                                                            "#1",
                                                                            "#2",
                                                                            "__internal_decompress_integral_integer(#3, 0)",
                                                                            "#4"
                                                                        ],
                                                                        "Estimated Cardinality": "630355"
                                                                    },
                                                                    "cumulative_cardinality": 14246005,
                                                                    "operator_type": "PROJECTION",
                                                                    "operator_cardinality": 1260088,
                                                                    "cumulative_rows_scanned": 5110826,
                                                                    "operator_rows_scanned": 0,
                                                                    "operator_timing": 0.0006624389999999997,
                                                                    "result_set_size": 45363168,
                                                                    "children": [
                                                                        {
                                                                            "operator_name": "HASH_GROUP_BY",
                                                                            "cpu_time": 1.3455690839999992,
                                                                            "extra_info": {
                                                                                "Groups": [
                                                                                    "#0",
                                                                                    "#1",
                                                                                    "#2",
                                                                                    "#3"
                                                                                ],
                                                                                "Aggregates": "count(DISTINCT #4)",
                                                                                "Estimated Cardinality": "630355"
                                                                            },
                                                                            "cumulative_cardinality": 12985917,
                                                                            "operator_type": "HASH_GROUP_BY",
                                                                            "operator_cardinality": 1260088,
                                                                            "cumulative_rows_scanned": 5110826,
                                                                            "operator_rows_scanned": 0,
                                                                            "operator_timing": 0.5158092549999995,
                                                                            "result_set_size": 42842992,
                                                                            "children": [
                                                                                {
                                                                                    "operator_name": "PROJECTION",
                                                                                    "cpu_time": 0.8297598289999996,
                                                                                    "extra_info": {
                                                                                        "Projections": [
                                                                                            "id",
                                                                                            "displayname",
                                                                                            "upvotes",
                                                                                            "downvotes",
                                                                                            "id"
                                                                                        ],
                                                                                        "Estimated Cardinality": "1260710"
                                                                                    },
                                                                                    "cumulative_cardinality": 11725829,
                                                                                    "operator_type": "PROJECTION",
                                                                                    "operator_cardinality": 2512289,
                                                                                    "cumulative_rows_scanned": 5110826,
                                                                                    "operator_rows_scanned": 0,
                                                                                    "operator_timing": 0.001122572999999999,
                                                                                    "result_set_size": 75368670,
                                                                                    "children": [
                                                                                        {
                                                                                            "operator_name": "PROJECTION",
                                                                                            "cpu_time": 0.8286372559999996,
                                                                                            "extra_info": {
                                                                                                "Projections": [
                                                                                                    "#0",
                                                                                                    "#1",
                                                                                                    "#2",
                                                                                                    "__internal_compress_integral_usmallint(#3, 0)",
                                                                                                    "#4"
                                                                                                ],
                                                                                                "Estimated Cardinality": "1260710"
                                                                                            },
                                                                                            "cumulative_cardinality": 9213540,
                                                                                            "operator_type": "PROJECTION",
                                                                                            "operator_cardinality": 2512289,
                                                                                            "cumulative_rows_scanned": 5110826,
                                                                                            "operator_rows_scanned": 0,
                                                                                            "operator_timing": 0.004318131000000003,
                                                                                            "result_set_size": 75368670,
                                                                                            "children": [
                                                                                                {
                                                                                                    "operator_name": "HASH_JOIN",
                                                                                                    "cpu_time": 0.8243191249999996,
                                                                                                    "extra_info": {
                                                                                                        "Join Type": "LEFT",
                                                                                                        "Conditions": "id = owneruserid",
                                                                                                        "Estimated Cardinality": "1260710"
                                                                                                    },
                                                                                                    "cumulative_cardinality": 6701251,
                                                                                                    "operator_type": "HASH_JOIN",
                                                                                                    "operator_cardinality": 2512289,
                                                                                                    "cumulative_rows_scanned": 5110826,
                                                                                                    "operator_rows_scanned": 0,
                                                                                                    "operator_timing": 0.2838115109999997,
                                                                                                    "result_set_size": 80393248,
                                                                                                    "children": [
                                                                                                        {
                                                                                                            "operator_name": "FILTER",
                                                                                                            "cpu_time": 0.29910800099999985,
                                                                                                            "extra_info": {
                                                                                                                "Expression": "((upvotes - downvotes) >= 0)",
                                                                                                                "Estimated Cardinality": "1260710"
                                                                                                            },
                                                                                                            "cumulative_cardinality": 2520798,
                                                                                                            "operator_type": "FILTER",
                                                                                                            "operator_cardinality": 1260088,
                                                                                                            "cumulative_rows_scanned": 1260710,
                                                                                                            "operator_rows_scanned": 0,
                                                                                                            "operator_timing": 0.01639946999999999,
                                                                                                            "result_set_size": 35282464,
                                                                                                            "children": [
                                                                                                                {
                                                                                                                    "operator_name": "READ_PARQUET ",
                                                                                                                    "cpu_time": 0.2827085309999999,
                                                                                                                    "extra_info": {
                                                                                                                        "Function": "READ_PARQUET",
                                                                                                                        "Projections": [
                                                                                                                            "id",
                                                                                                                            "displayname",
                                                                                                                            "upvotes",
                                                                                                                            "downvotes"
                                                                                                                        ],
                                                                                                                        "Estimated Cardinality": "1260710"
                                                                                                                    },
                                                                                                                    "cumulative_cardinality": 1260710,
                                                                                                                    "operator_type": "TABLE_SCAN",
                                                                                                                    "operator_cardinality": 1260710,
                                                                                                                    "cumulative_rows_scanned": 1260710,
                                                                                                                    "operator_rows_scanned": 1260710,
                                                                                                                    "operator_timing": 0.2827085309999999,
                                                                                                                    "result_set_size": 35299880,
                                                                                                                    "children": []
                                                                                                                }
                                                                                                            ]
                                                                                                        },
                                                                                                        {
                                                                                                            "operator_name": "READ_PARQUET ",
                                                                                                            "cpu_time": 0.2413996130000001,
                                                                                                            "extra_info": {
                                                                                                                "Function": "READ_PARQUET",
                                                                                                                "Projections": [
                                                                                                                    "id",
                                                                                                                    "owneruserid"
                                                                                                                ],
                                                                                                                "Filters": "posttypeid=1",
                                                                                                                "Estimated Cardinality": "770023"
                                                                                                            },
                                                                                                            "cumulative_cardinality": 1668164,
                                                                                                            "operator_type": "TABLE_SCAN",
                                                                                                            "operator_cardinality": 1668164,
                                                                                                            "cumulative_rows_scanned": 3850116,
                                                                                                            "operator_rows_scanned": 3850116,
                                                                                                            "operator_timing": 0.2413996130000001,
                                                                                                            "result_set_size": 13345312,
                                                                                                            "children": []
                                                                                                        }
                                                                                                    ]
                                                                                                }
                                                                                            ]
                                                                                        }
                                                                                    ]
                                                                                }
                                                                            ]
                                                                        }
                                                                    ]
                                                                }
                                                            ]
                                                        },
                                                        {
                                                            "operator_name": "HASH_GROUP_BY",
                                                            "cpu_time": 0.41280809200000007,
                                                            "extra_info": {
                                                                "Groups": "#0",
                                                                "Aggregates": [
                                                                    "count_star()",
                                                                    "max(#1)"
                                                                ],
                                                                "Estimated Cardinality": "232172"
                                                            },
                                                            "cumulative_cardinality": 409847,
                                                            "operator_type": "HASH_GROUP_BY",
                                                            "operator_cardinality": 82551,
                                                            "cumulative_rows_scanned": 2321724,
                                                            "operator_rows_scanned": 0,
                                                            "operator_timing": 0.014132402999999995,
                                                            "result_set_size": 1155714,
                                                            "children": [
                                                                {
                                                                    "operator_name": "PROJECTION",
                                                                    "cpu_time": 0.39867568900000006,
                                                                    "extra_info": {
                                                                        "Projections": [
                                                                            "userid",
                                                                            "class"
                                                                        ],
                                                                        "Estimated Cardinality": "464344"
                                                                    },
                                                                    "cumulative_cardinality": 327296,
                                                                    "operator_type": "PROJECTION",
                                                                    "operator_cardinality": 163648,
                                                                    "cumulative_rows_scanned": 2321724,
                                                                    "operator_rows_scanned": 0,
                                                                    "operator_timing": 0.00005791700000000003,
                                                                    "result_set_size": 981888,
                                                                    "children": [
                                                                        {
                                                                            "operator_name": "READ_PARQUET ",
                                                                            "cpu_time": 0.39861777200000004,
                                                                            "extra_info": {
                                                                                "Function": "READ_PARQUET",
                                                                                "Projections": [
                                                                                    "id",
                                                                                    "userid",
                                                                                    "class"
                                                                                ],
                                                                                "Filters": "date>='2023-10-01 00:00:00'::TIMESTAMP",
                                                                                "Estimated Cardinality": "464344"
                                                                            },
                                                                            "cumulative_cardinality": 163648,
                                                                            "operator_type": "TABLE_SCAN",
                                                                            "operator_cardinality": 163648,
                                                                            "cumulative_rows_scanned": 2321724,
                                                                            "operator_rows_scanned": 2321724,
                                                                            "operator_timing": 0.39861777200000004,
                                                                            "result_set_size": 1636480,
                                                                            "children": []
                                                                        }
                                                                    ]
                                                                }
                                                            ]
                                                        }
                                                    ]
                                                }
                                            ]
                                        }
                                    ]
                                }
                            ]
                        }
                    ]
                }
            ]
        }
    ]
}