{
    "rows_returned": 1260710,
    "query_name": "WITH UserStatistics AS (\n    SELECT \n        U.Id AS UserId,\n        U.DisplayName,\n        COUNT(DISTINCT P.Id) AS TotalPosts,\n        SUM(CASE WHEN P.PostTypeId = 1 THEN 1 ELSE 0 END) AS Questions,\n        SUM(CASE WHEN P.PostTypeId = 2 THEN 1 ELSE 0 END) AS Answers,\n        SUM(P.Score) AS TotalScore,\n        AVG(V.BountyAmount) AS AverageBounty \n    FROM \n        Users U\n    LEFT JOIN \n        Posts P ON U.Id = P.OwnerUserId\n    LEFT JOIN \n        Votes V ON P.Id = V.PostId AND V.VoteTypeId = 8 \n    GROUP BY \n        U.Id, U.DisplayName\n),\nClosedPostStatistics AS (\n    SELECT \n        PH.UserId,\n        COUNT(DISTINCT PH.PostId) AS TotalClosedPosts,\n        COUNT(DISTINCT CASE WHEN P.PostTypeId = 1 THEN PH.PostId END) AS TotalClosedQuestions,\n        COUNT(DISTINCT CASE WHEN P.PostTypeId = 2 THEN PH.PostId END) AS TotalClosedAnswers,\n        COUNT(DISTINCT PH.Comment) AS TotalCloseReasons\n    FROM \n        PostHistory PH\n    JOIN \n        Posts P ON PH.PostId = P.Id\n    WHERE \n        PH.PostHistoryTypeId IN (10, 11) \n    GROUP BY \n        PH.UserId\n)\nSELECT \n    US.UserId,\n    US.DisplayName,\n    US.TotalPosts,\n    US.Questions,\n    US.Answers,\n    US.TotalScore,\n    US.AverageBounty,\n    CPS.TotalClosedPosts,\n    CPS.TotalClosedQuestions,\n    CPS.TotalClosedAnswers,\n    CPS.TotalCloseReasons\nFROM \n    UserStatistics US\nLEFT JOIN \n    ClosedPostStatistics CPS ON US.UserId = CPS.UserId\nORDER BY \n    US.TotalScore DESC,\n    US.TotalPosts DESC;",
    "blocked_thread_time": 0.0,
    "cpu_time": 9.519254268999985,
    "extra_info": {},
    "cumulative_cardinality": 35337864,
    "cumulative_rows_scanned": 33500279,
    "result_set_size": 146242360,
    "latency": 13.105373215,
    "children": [
        {
            "operator_name": "ORDER_BY",
            "cpu_time": 9.519254268999985,
            "extra_info": {
                "Order By": [
                    "US.TotalScore DESC",
                    "US.TotalPosts DESC"
                ]
            },
            "cumulative_cardinality": 35337864,
            "operator_type": "ORDER_BY",
            "operator_cardinality": 1260710,
            "cumulative_rows_scanned": 33500279,
            "operator_rows_scanned": 0,
            "operator_timing": 0.14482027999999997,
            "result_set_size": 146242360,
            "children": [
                {
                    "operator_name": "HASH_JOIN",
                    "cpu_time": 9.374433988999986,
                    "extra_info": {
                        "Join Type": "LEFT",
                        "Conditions": "UserId = userid",
                        "Estimated Cardinality": "1260710"
                    },
                    "cumulative_cardinality": 34077154,
                    "operator_type": "HASH_JOIN",
                    "operator_cardinality": 1260710,
                    "cumulative_rows_scanned": 33500279,
                    "operator_rows_scanned": 0,
                    "operator_timing": 0.016950432999999904,
                    "result_set_size": 146242360,
                    "children": [
                        {
                            "operator_name": "HASH_GROUP_BY",
                            "cpu_time": 4.940520655000001,
                            "extra_info": {
                                "Groups": [
                                    "#0",
                                    "#1"
                                ],
                                "Aggregates": [
                                    "count(DISTINCT #2)",
                                    "sum(#3)",
                                    "sum(#4)",
                                    "sum(#5)",
                                    "avg(#6)"
                                ],
                                "Estimated Cardinality": "1260710"
                            },
                            "cumulative_cardinality": 24590146,
                            "operator_type": "HASH_GROUP_BY",
                            "operator_cardinality": 1260710,
                            "cumulative_rows_scanned": 17854919,
                            "operator_rows_scanned": 0,
                            "operator_timing": 1.9162725550000015,
                            "result_set_size": 105899640,
                            "children": [
                                {
                                    "operator_name": "PROJECTION",
                                    "cpu_time": 3.0242480999999994,
                                    "extra_info": {
                                        "Projections": [
                                            "id",
                                            "displayname",
                                            "id",
                                            "CASE  WHEN ((posttypeid = 1)) THEN (1) ELSE 0 END",
                                            "CASE  WHEN ((posttypeid = 2)) THEN (1) ELSE 0 END",
                                            "score",
                                            "bountyamount"
                                        ],
                                        "Estimated Cardinality": "3850116"
                                    },
                                    "cumulative_cardinality": 23329436,
                                    "operator_type": "PROJECTION",
                                    "operator_cardinality": 4576203,
                                    "cumulative_rows_scanned": 17854919,
                                    "operator_rows_scanned": 0,
                                    "operator_timing": 0.06589709100000009,
                                    "result_set_size": 183048120,
                                    "children": [
                                        {
                                            "operator_name": "PROJECTION",
                                            "cpu_time": 2.9583510089999994,
                                            "extra_info": {
                                                "Projections": [
                                                    "#0",
                                                    "#1",
                                                    "#2",
                                                    "#3",
                                                    "#4",
                                                    "__internal_decompress_integral_integer(#5, 0)"
                                                ],
                                                "Estimated Cardinality": "3850116"
                                            },
                                            "cumulative_cardinality": 18753233,
                                            "operator_type": "PROJECTION",
                                            "operator_cardinality": 4576203,
                                            "cumulative_rows_scanned": 17854919,
                                            "operator_rows_scanned": 0,
                                            "operator_timing": 0.005634861000000005,
                                            "result_set_size": 155590902,
                                            "children": [
                                                {
                                                    "operator_name": "HASH_JOIN",
                                                    "cpu_time": 2.9527161479999995,
                                                    "extra_info": {
                                                        "Join Type": "LEFT",
                                                        "Conditions": "id = postid",
                                                        "Estimated Cardinality": "3850116"
                                                    },
                                                    "cumulative_cardinality": 14177030,
                                                    "operator_type": "HASH_JOIN",
                                                    "operator_cardinality": 4576203,
                                                    "cumulative_rows_scanned": 17854919,
                                                    "operator_rows_scanned": 0,
                                                    "operator_timing": 0.13779173499999978,
                                                    "result_set_size": 146438496,
                                                    "children": [
                                                        {
                                                            "operator_name": "HASH_JOIN",
                                                            "cpu_time": 0.6322006709999999,
                                                            "extra_info": {
                                                                "Join Type": "RIGHT",
                                                                "Conditions": "owneruserid = id",
                                                                "Estimated Cardinality": "3850116"
                                                            },
                                                            "cumulative_cardinality": 9520621,
                                                            "operator_type": "HASH_JOIN",
                                                            "operator_cardinality": 4574495,
                                                            "cumulative_rows_scanned": 5110826,
                                                            "operator_rows_scanned": 0,
                                                            "operator_timing": 0.3371937939999997,
                                                            "result_set_size": 137234850,
                                                            "children": [
                                                                {
                                                                    "operator_name": "READ_PARQUET ",
                                                                    "cpu_time": 0.19097319400000023,
                                                                    "extra_info": {
                                                                        "Function": "READ_PARQUET",
                                                                        "Projections": [
                                                                            "id",
                                                                            "posttypeid",
                                                                            "score",
                                                                            "owneruserid"
                                                                        ],
                                                                        "Estimated Cardinality": "3850116"
                                                                    },
                                                                    "cumulative_cardinality": 3685416,
                                                                    "operator_type": "TABLE_SCAN",
                                                                    "operator_cardinality": 3685416,
                                                                    "cumulative_rows_scanned": 3850116,
                                                                    "operator_rows_scanned": 3850116,
                                                                    "operator_timing": 0.19097319400000023,
                                                                    "result_set_size": 51595824,
                                                                    "children": []
                                                                },
                                                                {
                                                                    "operator_name": "READ_PARQUET ",
                                                                    "cpu_time": 0.10403368299999999,
                                                                    "extra_info": {
                                                                        "Function": "READ_PARQUET",
                                                                        "Projections": [
                                                                            "id",
                                                                            "displayname"
                                                                        ],
                                                                        "Estimated Cardinality": "1260710"
                                                                    },
                                                                    "cumulative_cardinality": 1260710,
                                                                    "operator_type": "TABLE_SCAN",
                                                                    "operator_cardinality": 1260710,
                                                                    "cumulative_rows_scanned": 1260710,
                                                                    "operator_rows_scanned": 1260710,
                                                                    "operator_timing": 0.10403368299999999,
                                                                    "result_set_size": 25214200,
                                                                    "children": []
                                                                }
                                                            ]
                                                        },
                                                        {
                                                            "operator_name": "PROJECTION",
                                                            "cpu_time": 2.182723742,
                                                            "extra_info": {
                                                                "Projections": [
                                                                    "#0",
                                                                    "__internal_compress_integral_usmallint(#1, 0)"
                                                                ],
                                                                "Estimated Cardinality": "2548818"
                                                            },
                                                            "cumulative_cardinality": 80206,
                                                            "operator_type": "PROJECTION",
                                                            "operator_cardinality": 40103,
                                                            "cumulative_rows_scanned": 12744093,
                                                            "operator_rows_scanned": 0,
                                                            "operator_timing": 0.003658118000000005,
                                                            "result_set_size": 240618,
                                                            "children": [
                                                                {
                                                                    "operator_name": "READ_PARQUET ",
                                                                    "cpu_time": 2.1790656239999997,
                                                                    "extra_info": {
                                                                        "Function": "READ_PARQUET",
                                                                        "Projections": [
                                                                            "postid",
                                                                            "bountyamount"
                                                                        ],
                                                                        "Filters": "votetypeid=8",
                                                                        "Estimated Cardinality": "2548818"
                                                                    },
                                                                    "cumulative_cardinality": 40103,
                                                                    "operator_type": "TABLE_SCAN",
                                                                    "operator_cardinality": 40103,
                                                                    "cumulative_rows_scanned": 12744093,
                                                                    "operator_rows_scanned": 12744093,
                                                                    "operator_timing": 2.1790656239999997,
                                                                    "result_set_size": 320824,
                                                                    "children": []
                                                                }
                                                            ]
                                                        }
                                                    ]
                                                }
                                            ]
                                        }
                                    ]
                                }
                            ]
                        },
                        {
                            "operator_name": "HASH_GROUP_BY",
                            "cpu_time": 4.416962900999986,
                            "extra_info": {
                                "Groups": "#0",
                                "Aggregates": [
                                    "count(DISTINCT #1)",
                                    "count(DISTINCT #2)",
                                    "count(DISTINCT #3)",
                                    "count(DISTINCT #4)"
                                ],
                                "Estimated Cardinality": "1179524"
                            },
                            "cumulative_cardinality": 8226298,
                            "operator_type": "HASH_GROUP_BY",
                            "operator_cardinality": 170,
                            "cumulative_rows_scanned": 15645360,
                            "operator_rows_scanned": 0,
                            "operator_timing": 0.023831685000000002,
                            "result_set_size": 6120,
                            "children": [
                                {
                                    "operator_name": "PROJECTION",
                                    "cpu_time": 4.393131215999985,
                                    "extra_info": {
                                        "Projections": [
                                            "userid",
                                            "postid",
                                            "CASE  WHEN ((posttypeid = 1)) THEN (postid) ELSE NULL END",
                                            "CASE  WHEN ((posttypeid = 2)) THEN (postid) ELSE NULL END",
                                            "comment"
                                        ],
                                        "Estimated Cardinality": "2359048"
                                    },
                                    "cumulative_cardinality": 8226128,
                                    "operator_type": "PROJECTION",
                                    "operator_cardinality": 131474,
                                    "cumulative_rows_scanned": 15645360,
                                    "operator_rows_scanned": 0,
                                    "operator_timing": 0.0006710479999999998,
                                    "result_set_size": 4207168,
                                    "children": [
                                        {
                                            "operator_name": "PROJECTION",
                                            "cpu_time": 4.392460167999985,
                                            "extra_info": {
                                                "Projections": [
                                                    "#0",
                                                    "#1",
                                                    "#2",
                                                    "__internal_decompress_integral_smallint(#3, 1)"
                                                ],
                                                "Estimated Cardinality": "2359048"
                                            },
                                            "cumulative_cardinality": 8094654,
                                            "operator_type": "PROJECTION",
                                            "operator_cardinality": 131474,
                                            "cumulative_rows_scanned": 15645360,
                                            "operator_rows_scanned": 0,
                                            "operator_timing": 0.00015785000000000002,
                                            "result_set_size": 3418324,
                                            "children": [
                                                {
                                                    "operator_name": "HASH_JOIN",
                                                    "cpu_time": 4.392302317999985,
                                                    "extra_info": {
                                                        "Join Type": "INNER",
                                                        "Conditions": "postid = id",
                                                        "Estimated Cardinality": "2359048"
                                                    },
                                                    "cumulative_cardinality": 7963180,
                                                    "operator_type": "HASH_JOIN",
                                                    "operator_cardinality": 131474,
                                                    "cumulative_rows_scanned": 15645360,
                                                    "operator_rows_scanned": 0,
                                                    "operator_timing": 0.31816347800000094,
                                                    "result_set_size": 3286850,
                                                    "children": [
                                                        {
                                                            "operator_name": "READ_PARQUET ",
                                                            "cpu_time": 4.037527911999985,
                                                            "extra_info": {
                                                                "Function": "READ_PARQUET",
                                                                "Projections": [
                                                                    "postid",
                                                                    "userid",
                                                                    "comment"
                                                                ],
                                                                "Filters": "posthistorytypeid>=10 AND posthistorytypeid<=11",
                                                                "Estimated Cardinality": "2359048"
                                                            },
                                                            "cumulative_cardinality": 131474,
                                                            "operator_type": "TABLE_SCAN",
                                                            "operator_cardinality": 131474,
                                                            "cumulative_rows_scanned": 11795244,
                                                            "operator_rows_scanned": 11795244,
                                                            "operator_timing": 4.037527911999985,
                                                            "result_set_size": 3155376,
                                                            "children": []
                                                        },
                                                        {
                                                            "operator_name": "PROJECTION",
                                                            "cpu_time": 0.03661092800000006,
                                                            "extra_info": {
                                                                "Projections": [
                                                                    "#0",
                                                                    "__internal_compress_integral_utinyint(#1, 1)"
                                                                ],
                                                                "Estimated Cardinality": "3850116"
                                                            },
                                                            "cumulative_cardinality": 7700232,
                                                            "operator_type": "PROJECTION",
                                                            "operator_cardinality": 3850116,
                                                            "cumulative_rows_scanned": 3850116,
                                                            "operator_rows_scanned": 0,
                                                            "operator_timing": 0.0010816879999999984,
                                                            "result_set_size": 19250580,
                                                            "children": [
                                                                {
                                                                    "operator_name": "READ_PARQUET ",
                                                                    "cpu_time": 0.035529240000000066,
                                                                    "extra_info": {
                                                                        "Function": "READ_PARQUET",
                                                                        "Projections": [
                                                                            "id",
                                                                            "posttypeid"
                                                                        ],
                                                                        "Estimated Cardinality": "3850116"
                                                                    },
                                                                    "cumulative_cardinality": 3850116,
                                                                    "operator_type": "TABLE_SCAN",
                                                                    "operator_cardinality": 3850116,
                                                                    "cumulative_rows_scanned": 3850116,
                                                                    "operator_rows_scanned": 3850116,
                                                                    "operator_timing": 0.035529240000000066,
                                                                    "result_set_size": 23100696,
                                                                    "children": []
                                                                }
                                                            ]
                                                        }
                                                    ]
                                                }
                                            ]
                                        }
                                    ]
                                }
                            ]
                        }
                    ]
                }
            ]
        }
    ]
}