{
    "rows_returned": 1,
    "query_name": "WITH TitleStats AS (\n    SELECT \n        AVG(LENGTH(Title)) AS AvgTitleLength,\n        MIN(LENGTH(Title)) AS MinTitleLength,\n        MAX(LENGTH(Title)) AS MaxTitleLength,\n        COUNT(*) AS TitleCount\n    FROM \n        Posts\n    WHERE \n        PostTypeId = 1 \n),\nBodyStats AS (\n    SELECT \n        AVG(LENGTH(Body)) AS AvgBodyLength,\n        MIN(LENGTH(Body)) AS MinBodyLength,\n        MAX(LENGTH(Body)) AS MaxBodyLength,\n        COUNT(*) AS BodyCount\n    FROM \n        Posts\n    WHERE \n        PostTypeId IN (1, 2) \n),\nTagStats AS (\n    SELECT \n        COUNT(DISTINCT Tags) AS DistinctTagCount,\n        SUM(LENGTH(Tags) - LENGTH(REPLACE(Tags, '<', '')) / LENGTH('<')) AS TagCount\n        \n    FROM \n        Posts\n    WHERE \n        PostTypeId = 1 \n),\nCombinedStats AS (\n    SELECT \n        t.AvgTitleLength, \n        t.MinTitleLength, \n        t.MaxTitleLength,\n        b.AvgBodyLength, \n        b.MinBodyLength, \n        b.MaxBodyLength,\n        tg.DistinctTagCount,\n        tg.TagCount\n    FROM \n        TitleStats t, BodyStats b, TagStats tg\n)\n\nSELECT \n    AvgTitleLength, \n    MinTitleLength, \n    MaxTitleLength, \n    AvgBodyLength, \n    MinBodyLength, \n    MaxBodyLength, \n    DistinctTagCount, \n    TagCount \nFROM \n    CombinedStats;",
    "blocked_thread_time": 0.0,
    "cpu_time": 11.015808655000011,
    "extra_info": {},
    "cumulative_cardinality": 19877197,
    "cumulative_rows_scanned": 11550348,
    "result_set_size": 64,
    "latency": 11.094810548,
    "children": [
        {
            "operator_name": "PROJECTION",
            "cpu_time": 11.015808655000011,
            "extra_info": {
                "Projections": [
                    "AvgTitleLength",
                    "MinTitleLength",
                    "MaxTitleLength",
                    "AvgBodyLength",
                    "MinBodyLength",
                    "MaxBodyLength",
                    "DistinctTagCount",
                    "TagCount"
                ],
                "Estimated Cardinality": "1"
            },
            "cumulative_cardinality": 19877197,
            "operator_type": "PROJECTION",
            "operator_cardinality": 1,
            "cumulative_rows_scanned": 11550348,
            "operator_rows_scanned": 0,
            "operator_timing": 9.91e-7,
            "result_set_size": 64,
            "children": [
                {
                    "operator_name": "CROSS_PRODUCT",
                    "cpu_time": 11.015807664000011,
                    "extra_info": {},
                    "cumulative_cardinality": 19877196,
                    "operator_type": "CROSS_PRODUCT",
                    "operator_cardinality": 1,
                    "cumulative_rows_scanned": 11550348,
                    "operator_rows_scanned": 0,
                    "operator_timing": 0.000016261,
                    "result_set_size": 64,
                    "children": [
                        {
                            "operator_name": "CROSS_PRODUCT",
                            "cpu_time": 10.620371435000012,
                            "extra_info": {},
                            "cumulative_cardinality": 14872702,
                            "operator_type": "CROSS_PRODUCT",
                            "operator_cardinality": 1,
                            "cumulative_rows_scanned": 7700232,
                            "operator_rows_scanned": 0,
                            "operator_timing": 0.000022322000000000004,
                            "result_set_size": 40,
                            "children": [
                                {
                                    "operator_name": "UNGROUPED_AGGREGATE",
                                    "cpu_time": 9.925245732000011,
                                    "extra_info": {
                                        "Aggregates": [
                                            "avg(#0)",
                                            "min(#1)",
                                            "max(#2)"
                                        ]
                                    },
                                    "cumulative_cardinality": 11536372,
                                    "operator_type": "UNGROUPED_AGGREGATE",
                                    "operator_cardinality": 1,
                                    "cumulative_rows_scanned": 3850116,
                                    "operator_rows_scanned": 0,
                                    "operator_timing": 0.012179417999999968,
                                    "result_set_size": 24,
                                    "children": [
                                        {
                                            "operator_name": "PROJECTION",
                                            "cpu_time": 9.91306631400001,
                                            "extra_info": {
                                                "Projections": [
                                                    "#0",
                                                    "#0",
                                                    "#0"
                                                ],
                                                "Estimated Cardinality": "770023"
                                            },
                                            "cumulative_cardinality": 11536371,
                                            "operator_type": "PROJECTION",
                                            "operator_cardinality": 3845457,
                                            "cumulative_rows_scanned": 3850116,
                                            "operator_rows_scanned": 0,
                                            "operator_timing": 0.0005381639999999928,
                                            "result_set_size": 92290968,
                                            "children": [
                                                {
                                                    "operator_name": "PROJECTION",
                                                    "cpu_time": 9.91252815000001,
                                                    "extra_info": {
                                                        "Projections": "length(body)",
                                                        "Estimated Cardinality": "770023"
                                                    },
                                                    "cumulative_cardinality": 7690914,
                                                    "operator_type": "PROJECTION",
                                                    "operator_cardinality": 3845457,
                                                    "cumulative_rows_scanned": 3850116,
                                                    "operator_rows_scanned": 0,
                                                    "operator_timing": 0.8664993120000001,
                                                    "result_set_size": 30763656,
                                                    "children": [
                                                        {
                                                            "operator_name": "READ_PARQUET ",
                                                            "cpu_time": 9.04602883800001,
                                                            "extra_info": {
                                                                "Function": "READ_PARQUET",
                                                                "Projections": "body",
                                                                "Filters": "posttypeid>=1 AND posttypeid<=2",
                                                                "Estimated Cardinality": "770023"
                                                            },
                                                            "cumulative_cardinality": 3845457,
                                                            "operator_type": "TABLE_SCAN",
                                                            "operator_cardinality": 3845457,
                                                            "cumulative_rows_scanned": 3850116,
                                                            "operator_rows_scanned": 3850116,
                                                            "operator_timing": 9.04602883800001,
                                                            "result_set_size": 61527312,
                                                            "children": []
                                                        }
                                                    ]
                                                }
                                            ]
                                        }
                                    ]
                                },
                                {
                                    "operator_name": "UNGROUPED_AGGREGATE",
                                    "cpu_time": 0.6951033810000002,
                                    "extra_info": {
                                        "Aggregates": [
                                            "count(DISTINCT #0)",
                                            "sum(#1)"
                                        ]
                                    },
                                    "cumulative_cardinality": 3336329,
                                    "operator_type": "UNGROUPED_AGGREGATE",
                                    "operator_cardinality": 1,
                                    "cumulative_rows_scanned": 3850116,
                                    "operator_rows_scanned": 0,
                                    "operator_timing": 0.11188041100000021,
                                    "result_set_size": 16,
                                    "children": [
                                        {
                                            "operator_name": "PROJECTION",
                                            "cpu_time": 0.58322297,
                                            "extra_info": {
                                                "Projections": [
                                                    "tags",
                                                    "(CAST(length(tags) AS DOUBLE) - (CAST(length(\"replace\"(tags, '<', '')) AS DOUBLE) / 1.0))"
                                                ],
                                                "Estimated Cardinality": "770023"
                                            },
                                            "cumulative_cardinality": 3336328,
                                            "operator_type": "PROJECTION",
                                            "operator_cardinality": 1668164,
                                            "cumulative_rows_scanned": 3850116,
                                            "operator_rows_scanned": 0,
                                            "operator_timing": 0.3515282730000001,
                                            "result_set_size": 40035936,
                                            "children": [
                                                {
                                                    "operator_name": "READ_PARQUET ",
                                                    "cpu_time": 0.23169469699999992,
                                                    "extra_info": {
                                                        "Function": "READ_PARQUET",
                                                        "Projections": "tags",
                                                        "Filters": "posttypeid=1",
                                                        "Estimated Cardinality": "770023"
                                                    },
                                                    "cumulative_cardinality": 1668164,
                                                    "operator_type": "TABLE_SCAN",
                                                    "operator_cardinality": 1668164,
                                                    "cumulative_rows_scanned": 3850116,
                                                    "operator_rows_scanned": 3850116,
                                                    "operator_timing": 0.23169469699999992,
                                                    "result_set_size": 26690624,
                                                    "children": []
                                                }
                                            ]
                                        }
                                    ]
                                }
                            ]
                        },
                        {
                            "operator_name": "UNGROUPED_AGGREGATE",
                            "cpu_time": 0.3954199679999995,
                            "extra_info": {
                                "Aggregates": [
                                    "avg(#0)",
                                    "min(#1)",
                                    "max(#2)"
                                ]
                            },
                            "cumulative_cardinality": 5004493,
                            "operator_type": "UNGROUPED_AGGREGATE",
                            "operator_cardinality": 1,
                            "cumulative_rows_scanned": 3850116,
                            "operator_rows_scanned": 0,
                            "operator_timing": 0.004560167999999988,
                            "result_set_size": 24,
                            "children": [
                                {
                                    "operator_name": "PROJECTION",
                                    "cpu_time": 0.39085979999999954,
                                    "extra_info": {
                                        "Projections": [
                                            "#0",
                                            "#0",
                                            "#0"
                                        ],
                                        "Estimated Cardinality": "770023"
                                    },
                                    "cumulative_cardinality": 5004492,
                                    "operator_type": "PROJECTION",
                                    "operator_cardinality": 1668164,
                                    "cumulative_rows_scanned": 3850116,
                                    "operator_rows_scanned": 0,
                                    "operator_timing": 0.00029354999999999903,
                                    "result_set_size": 40035936,
                                    "children": [
                                        {
                                            "operator_name": "PROJECTION",
                                            "cpu_time": 0.39056624999999956,
                                            "extra_info": {
                                                "Projections": "length(title)",
                                                "Estimated Cardinality": "770023"
                                            },
                                            "cumulative_cardinality": 3336328,
                                            "operator_type": "PROJECTION",
                                            "operator_cardinality": 1668164,
                                            "cumulative_rows_scanned": 3850116,
                                            "operator_rows_scanned": 0,
                                            "operator_timing": 0.04723771299999993,
                                            "result_set_size": 13345312,
                                            "children": [
                                                {
                                                    "operator_name": "READ_PARQUET ",
                                                    "cpu_time": 0.34332853699999966,
                                                    "extra_info": {
                                                        "Function": "READ_PARQUET",
                                                        "Projections": "title",
                                                        "Filters": "posttypeid=1",
                                                        "Estimated Cardinality": "770023"
                                                    },
                                                    "cumulative_cardinality": 1668164,
                                                    "operator_type": "TABLE_SCAN",
                                                    "operator_cardinality": 1668164,
                                                    "cumulative_rows_scanned": 3850116,
                                                    "operator_rows_scanned": 3850116,
                                                    "operator_timing": 0.34332853699999966,
                                                    "result_set_size": 26690624,
                                                    "children": []
                                                }
                                            ]
                                        }
                                    ]
                                }
                            ]
                        }
                    ]
                }
            ]
        }
    ]
}