{
    "rows_returned": 10,
    "query_name": "\nWITH UserBadges AS (\n    SELECT \n        U.Id AS UserId,\n        U.DisplayName,\n        COUNT(B.Id) AS BadgeCount,\n        SUM(CASE WHEN B.Class = 1 THEN 1 ELSE 0 END) AS GoldBadges,\n        SUM(CASE WHEN B.Class = 2 THEN 1 ELSE 0 END) AS SilverBadges,\n        SUM(CASE WHEN B.Class = 3 THEN 1 ELSE 0 END) AS BronzeBadges\n    FROM \n        Users U\n    LEFT JOIN \n        Badges B ON U.Id = B.UserId\n    GROUP BY \n        U.Id, U.DisplayName\n),\nPostStats AS (\n    SELECT \n        P.OwnerUserId,\n        COUNT(P.Id) AS TotalPosts,\n        COUNT(CASE WHEN P.PostTypeId = 1 THEN 1 END) AS Questions,\n        COUNT(CASE WHEN P.PostTypeId = 2 THEN 1 END) AS Answers,\n        AVG(P.Score) AS AvgScore\n    FROM \n        Posts P\n    GROUP BY \n        P.OwnerUserId\n),\nCommentStats AS (\n    SELECT \n        C.UserId,\n        COUNT(C.Id) AS TotalComments\n    FROM \n        Comments C\n    GROUP BY \n        C.UserId\n),\nFinalStats AS (\n    SELECT \n        B.UserId,\n        B.DisplayName,\n        COALESCE(P.TotalPosts, 0) AS TotalPosts,\n        COALESCE(P.Questions, 0) AS TotalQuestions,\n        COALESCE(P.Answers, 0) AS TotalAnswers,\n        COALESCE(C.TotalComments, 0) AS TotalComments,\n        B.BadgeCount,\n        B.GoldBadges,\n        B.SilverBadges,\n        B.BronzeBadges,\n        P.AvgScore\n    FROM \n        UserBadges B\n    LEFT JOIN \n        PostStats P ON B.UserId = P.OwnerUserId\n    LEFT JOIN \n        CommentStats C ON B.UserId = C.UserId\n)\nSELECT \n    F.DisplayName,\n    F.TotalPosts,\n    F.TotalQuestions, \n    F.TotalAnswers,\n    F.TotalComments,\n    F.BadgeCount,\n    F.GoldBadges,\n    F.SilverBadges,\n    F.BronzeBadges,\n    ROUND(F.AvgScore, 2) AS AvgScore,\n    CASE \n        WHEN F.BadgeCount > 5 THEN 'Experienced User'\n        WHEN F.TotalPosts > 100 THEN 'Active Contributor'\n        ELSE 'Newbie'\n    END AS UserLevel\nFROM \n    FinalStats F \nORDER BY \n    F.TotalPosts DESC, F.BadgeCount DESC\nLIMIT 10;\n",
    "blocked_thread_time": 0.0,
    "cpu_time": 3.571921225999999,
    "extra_info": {},
    "cumulative_cardinality": 38765516,
    "cumulative_rows_scanned": 14674372,
    "result_set_size": 1280,
    "latency": 3.920316731,
    "children": [
        {
            "operator_name": "STREAMING_LIMIT",
            "cpu_time": 3.571921225999999,
            "extra_info": {},
            "cumulative_cardinality": 38765516,
            "operator_type": "STREAMING_LIMIT",
            "operator_cardinality": 10,
            "cumulative_rows_scanned": 14674372,
            "operator_rows_scanned": 0,
            "operator_timing": 0.000003437,
            "result_set_size": 1280,
            "children": [
                {
                    "operator_name": "ORDER_BY",
                    "cpu_time": 3.5719177889999987,
                    "extra_info": {
                        "Order By": [
                            "F.TotalPosts DESC",
                            "F.BadgeCount DESC"
                        ]
                    },
                    "cumulative_cardinality": 38765506,
                    "operator_type": "ORDER_BY",
                    "operator_cardinality": 4096,
                    "cumulative_rows_scanned": 14674372,
                    "operator_rows_scanned": 0,
                    "operator_timing": 0.17289549199999998,
                    "result_set_size": 524288,
                    "children": [
                        {
                            "operator_name": "PROJECTION",
                            "cpu_time": 3.399022296999999,
                            "extra_info": {
                                "Projections": [
                                    "displayname",
                                    "TotalPosts",
                                    "TotalQuestions",
                                    "TotalAnswers",
                                    "TotalComments",
                                    "BadgeCount",
                                    "GoldBadges",
                                    "SilverBadges",
                                    "BronzeBadges",
                                    "AvgScore",
                                    "UserLevel"
                                ],
                                "Estimated Cardinality": "3620911"
                            },
                            "cumulative_cardinality": 38761410,
                            "operator_type": "PROJECTION",
                            "operator_cardinality": 1260710,
                            "cumulative_rows_scanned": 14674372,
                            "operator_rows_scanned": 0,
                            "operator_timing": 0.024129512,
                            "result_set_size": 161370880,
                            "children": [
                                {
                                    "operator_name": "PROJECTION",
                                    "cpu_time": 3.374892784999999,
                                    "extra_info": {
                                        "Projections": [
                                            "displayname",
                                            "TotalPosts",
                                            "TotalQuestions",
                                            "TotalAnswers",
                                            "TotalComments",
                                            "BadgeCount",
                                            "GoldBadges",
                                            "SilverBadges",
                                            "BronzeBadges",
                                            "AvgScore"
                                        ],
                                        "Estimated Cardinality": "3620911"
                                    },
                                    "cumulative_cardinality": 37500700,
                                    "operator_type": "PROJECTION",
                                    "operator_cardinality": 1260710,
                                    "cumulative_rows_scanned": 14674372,
                                    "operator_rows_scanned": 0,
                                    "operator_timing": 0.04139742599999998,
                                    "result_set_size": 141199520,
                                    "children": [
                                        {
                                            "operator_name": "HASH_JOIN",
                                            "cpu_time": 3.3334953589999987,
                                            "extra_info": {
                                                "Join Type": "LEFT",
                                                "Conditions": "UserId = userid",
                                                "Estimated Cardinality": "3620911"
                                            },
                                            "cumulative_cardinality": 36239990,
                                            "operator_type": "HASH_JOIN",
                                            "operator_cardinality": 1260710,
                                            "cumulative_rows_scanned": 14674372,
                                            "operator_rows_scanned": 0,
                                            "operator_timing": 0.057223102999999935,
                                            "result_set_size": 141199520,
                                            "children": [
                                                {
                                                    "operator_name": "HASH_JOIN",
                                                    "cpu_time": 2.0225353120000005,
                                                    "extra_info": {
                                                        "Join Type": "RIGHT",
                                                        "Conditions": "owneruserid = UserId",
                                                        "Estimated Cardinality": "1925058"
                                                    },
                                                    "cumulative_cardinality": 20242544,
                                                    "operator_type": "HASH_JOIN",
                                                    "operator_cardinality": 1260710,
                                                    "cumulative_rows_scanned": 7432550,
                                                    "operator_rows_scanned": 0,
                                                    "operator_timing": 0.15381464499999997,
                                                    "result_set_size": 136156680,
                                                    "children": [
                                                        {
                                                            "operator_name": "HASH_GROUP_BY",
                                                            "cpu_time": 0.36488940799999997,
                                                            "extra_info": {
                                                                "Groups": "#0",
                                                                "Aggregates": [
                                                                    "count_star()",
                                                                    "count(#1)",
                                                                    "count(#2)",
                                                                    "avg(#3)"
                                                                ],
                                                                "Estimated Cardinality": "1925058"
                                                            },
                                                            "cumulative_cardinality": 8071864,
                                                            "operator_type": "HASH_GROUP_BY",
                                                            "operator_cardinality": 371632,
                                                            "cumulative_rows_scanned": 3850116,
                                                            "operator_rows_scanned": 0,
                                                            "operator_timing": 0.1958840229999999,
                                                            "result_set_size": 13378752,
                                                            "children": [
                                                                {
                                                                    "operator_name": "PROJECTION",
                                                                    "cpu_time": 0.16900538500000006,
                                                                    "extra_info": {
                                                                        "Projections": [
                                                                            "owneruserid",
                                                                            "CASE  WHEN ((posttypeid = 1)) THEN (1) ELSE NULL END",
                                                                            "CASE  WHEN ((posttypeid = 2)) THEN (1) ELSE NULL END",
                                                                            "score"
                                                                        ],
                                                                        "Estimated Cardinality": "3850116"
                                                                    },
                                                                    "cumulative_cardinality": 7700232,
                                                                    "operator_type": "PROJECTION",
                                                                    "operator_cardinality": 3850116,
                                                                    "cumulative_rows_scanned": 3850116,
                                                                    "operator_rows_scanned": 0,
                                                                    "operator_timing": 0.07221673100000005,
                                                                    "result_set_size": 61601856,
                                                                    "children": [
                                                                        {
                                                                            "operator_name": "READ_PARQUET ",
                                                                            "cpu_time": 0.096788654,
                                                                            "extra_info": {
                                                                                "Function": "READ_PARQUET",
                                                                                "Projections": [
                                                                                    "id",
                                                                                    "posttypeid",
                                                                                    "score",
                                                                                    "owneruserid"
                                                                                ],
                                                                                "Estimated Cardinality": "3850116"
                                                                            },
                                                                            "cumulative_cardinality": 3850116,
                                                                            "operator_type": "TABLE_SCAN",
                                                                            "operator_cardinality": 3850116,
                                                                            "cumulative_rows_scanned": 3850116,
                                                                            "operator_rows_scanned": 3850116,
                                                                            "operator_timing": 0.096788654,
                                                                            "result_set_size": 53901624,
                                                                            "children": []
                                                                        }
                                                                    ]
                                                                }
                                                            ]
                                                        },
                                                        {
                                                            "operator_name": "HASH_GROUP_BY",
                                                            "cpu_time": 1.5038312590000005,
                                                            "extra_info": {
                                                                "Groups": [
                                                                    "#0",
                                                                    "#1"
                                                                ],
                                                                "Aggregates": [
                                                                    "count(#2)",
                                                                    "sum(#3)",
                                                                    "sum(#4)",
                                                                    "sum(#5)"
                                                                ],
                                                                "Estimated Cardinality": "1260710"
                                                            },
                                                            "cumulative_cardinality": 10909970,
                                                            "operator_type": "HASH_GROUP_BY",
                                                            "operator_cardinality": 1260710,
                                                            "cumulative_rows_scanned": 3582434,
                                                            "operator_rows_scanned": 0,
                                                            "operator_timing": 0.6648876599999998,
                                                            "result_set_size": 95813960,
                                                            "children": [
                                                                {
                                                                    "operator_name": "PROJECTION",
                                                                    "cpu_time": 0.8389435990000007,
                                                                    "extra_info": {
                                                                        "Projections": [
                                                                            "id",
                                                                            "displayname",
                                                                            "id",
                                                                            "CASE  WHEN ((class = 1)) THEN (1) ELSE 0 END",
                                                                            "CASE  WHEN ((class = 2)) THEN (1) ELSE 0 END",
                                                                            "CASE  WHEN ((class = 3)) THEN (1) ELSE 0 END"
                                                                        ],
                                                                        "Estimated Cardinality": "2321724"
                                                                    },
                                                                    "cumulative_cardinality": 9649260,
                                                                    "operator_type": "PROJECTION",
                                                                    "operator_cardinality": 3033413,
                                                                    "cumulative_rows_scanned": 3582434,
                                                                    "operator_rows_scanned": 0,
                                                                    "operator_timing": 0.021703768000000012,
                                                                    "result_set_size": 109202868,
                                                                    "children": [
                                                                        {
                                                                            "operator_name": "HASH_JOIN",
                                                                            "cpu_time": 0.8172398310000006,
                                                                            "extra_info": {
                                                                                "Join Type": "RIGHT",
                                                                                "Conditions": "userid = id",
                                                                                "Estimated Cardinality": "2321724"
                                                                            },
                                                                            "cumulative_cardinality": 6615847,
                                                                            "operator_type": "HASH_JOIN",
                                                                            "operator_cardinality": 3033413,
                                                                            "cumulative_rows_scanned": 3582434,
                                                                            "operator_rows_scanned": 0,
                                                                            "operator_timing": 0.25266466800000026,
                                                                            "result_set_size": 78868738,
                                                                            "children": [
                                                                                {
                                                                                    "operator_name": "READ_PARQUET ",
                                                                                    "cpu_time": 0.0785052440000001,
                                                                                    "extra_info": {
                                                                                        "Function": "READ_PARQUET",
                                                                                        "Projections": [
                                                                                            "id",
                                                                                            "userid",
                                                                                            "class"
                                                                                        ],
                                                                                        "Estimated Cardinality": "2321724"
                                                                                    },
                                                                                    "cumulative_cardinality": 2321724,
                                                                                    "operator_type": "TABLE_SCAN",
                                                                                    "operator_cardinality": 2321724,
                                                                                    "cumulative_rows_scanned": 2321724,
                                                                                    "operator_rows_scanned": 2321724,
                                                                                    "operator_timing": 0.0785052440000001,
                                                                                    "result_set_size": 23217240,
                                                                                    "children": []
                                                                                },
                                                                                {
                                                                                    "operator_name": "READ_PARQUET ",
                                                                                    "cpu_time": 0.48606991900000024,
                                                                                    "extra_info": {
                                                                                        "Function": "READ_PARQUET",
                                                                                        "Projections": [
                                                                                            "id",
                                                                                            "displayname"
                                                                                        ],
                                                                                        "Estimated Cardinality": "1260710"
                                                                                    },
                                                                                    "cumulative_cardinality": 1260710,
                                                                                    "operator_type": "TABLE_SCAN",
                                                                                    "operator_cardinality": 1260710,
                                                                                    "cumulative_rows_scanned": 1260710,
                                                                                    "operator_rows_scanned": 1260710,
                                                                                    "operator_timing": 0.48606991900000024,
                                                                                    "result_set_size": 25214200,
                                                                                    "children": []
                                                                                }
                                                                            ]
                                                                        }
                                                                    ]
                                                                }
                                                            ]
                                                        }
                                                    ]
                                                },
                                                {
                                                    "operator_name": "HASH_GROUP_BY",
                                                    "cpu_time": 1.2537369439999984,
                                                    "extra_info": {
                                                        "Groups": "#0",
                                                        "Aggregates": "count_star()",
                                                        "Estimated Cardinality": "3620911"
                                                    },
                                                    "cumulative_cardinality": 14736736,
                                                    "operator_type": "HASH_GROUP_BY",
                                                    "operator_cardinality": 253092,
                                                    "cumulative_rows_scanned": 7241822,
                                                    "operator_rows_scanned": 0,
                                                    "operator_timing": 0.16761428599999997,
                                                    "result_set_size": 3037104,
                                                    "children": [
                                                        {
                                                            "operator_name": "PROJECTION",
                                                            "cpu_time": 1.0861226579999983,
                                                            "extra_info": {
                                                                "Projections": "userid",
                                                                "Estimated Cardinality": "7241822"
                                                            },
                                                            "cumulative_cardinality": 14483644,
                                                            "operator_type": "PROJECTION",
                                                            "operator_cardinality": 7241822,
                                                            "cumulative_rows_scanned": 7241822,
                                                            "operator_rows_scanned": 0,
                                                            "operator_timing": 0.0005157489999999871,
                                                            "result_set_size": 28967288,
                                                            "children": [
                                                                {
                                                                    "operator_name": "READ_PARQUET ",
                                                                    "cpu_time": 1.0856069089999982,
                                                                    "extra_info": {
                                                                        "Function": "READ_PARQUET",
                                                                        "Projections": [
                                                                            "id",
                                                                            "userid"
                                                                        ],
                                                                        "Estimated Cardinality": "7241822"
                                                                    },
                                                                    "cumulative_cardinality": 7241822,
                                                                    "operator_type": "TABLE_SCAN",
                                                                    "operator_cardinality": 7241822,
                                                                    "cumulative_rows_scanned": 7241822,
                                                                    "operator_rows_scanned": 7241822,
                                                                    "operator_timing": 1.0856069089999982,
                                                                    "result_set_size": 57934576,
                                                                    "children": []
                                                                }
                                                            ]
                                                        }
                                                    ]
                                                }
                                            ]
                                        }
                                    ]
                                }
                            ]
                        }
                    ]
                }
            ]
        }
    ]
}