{
    "rows_returned": 0,
    "query_name": "\nWITH TagStatistics AS (\n    SELECT\n        t.TagName,\n        COUNT(DISTINCT p.Id) AS PostCount,\n        SUM(p.ViewCount) AS TotalViews,\n        SUM(p.AnswerCount) AS TotalAnswers,\n        STRING_AGG(DISTINCT u.DisplayName, ', ') AS ActiveUsers,\n        AVG(p.Score) AS AverageScore\n    FROM Tags t\n    LEFT JOIN Posts p ON p.Tags LIKE '%' || '<' || t.TagName || '>' || '%'\n    LEFT JOIN Users u ON p.OwnerUserId = u.Id\n    WHERE t.Count > 0\n    GROUP BY t.TagName\n),\nUsersWithTopTags AS (\n    SELECT \n        u.Id AS UserId,\n        u.DisplayName,\n        COUNT(DISTINCT t.Id) AS TagCount,\n        SUM(p.ViewCount) AS TotalViews,\n        SUM(CASE WHEN p.PostTypeId = 2 THEN 1 ELSE 0 END) AS TotalAnswers,\n        SUM(CASE WHEN p.PostTypeId = 1 THEN 1 ELSE 0 END) AS TotalQuestions\n    FROM Users u\n    LEFT JOIN Posts p ON p.OwnerUserId = u.Id\n    LEFT JOIN LATERAL (\n        SELECT \n            unnest(string_to_array(p.Tags, '><')) AS TagName\n    ) AS tag ON true\n    LEFT JOIN Tags t ON t.TagName = tag.TagName\n    GROUP BY u.Id, u.DisplayName\n    HAVING COUNT(DISTINCT t.Id) >= 3 \n),\nBenchmarkResult AS (\n    SELECT\n        ts.TagName,\n        ts.PostCount,\n        ts.TotalViews,\n        ts.TotalAnswers,\n        ts.AverageScore,\n        u.DisplayName AS UserWithMostPosts\n    FROM TagStatistics ts\n    LEFT JOIN (\n        SELECT \n            p.Tags,\n            p.OwnerUserId,\n            COUNT(*) AS UserPostCount \n        FROM Posts p\n        WHERE p.Tags IS NOT NULL\n        GROUP BY p.Tags, p.OwnerUserId\n    ) user_post_count ON user_post_count.Tags = ts.TagName\n    JOIN Users u ON u.Id = user_post_count.OwnerUserId\n    ORDER BY ts.TotalViews DESC\n    LIMIT 10\n)\nSELECT \n    b.TagName,\n    b.PostCount,\n    b.TotalViews,\n    b.TotalAnswers,\n    b.AverageScore,\n    COALESCE(b.UserWithMostPosts, 'No Posts') AS UserWithMostPosts\nFROM BenchmarkResult b;\n",
    "blocked_thread_time": 0.0,
    "cpu_time": 538.5953144609987,
    "extra_info": {},
    "cumulative_cardinality": 25813339,
    "cumulative_rows_scanned": 10223628,
    "result_set_size": 0,
    "latency": 551.585723587,
    "children": [
        {
            "operator_name": "STREAMING_LIMIT",
            "cpu_time": 538.5953144609987,
            "extra_info": {},
            "cumulative_cardinality": 25813339,
            "operator_type": "STREAMING_LIMIT",
            "operator_cardinality": 0,
            "cumulative_rows_scanned": 10223628,
            "operator_rows_scanned": 0,
            "operator_timing": 0.0,
            "result_set_size": 0,
            "children": [
                {
                    "operator_name": "ORDER_BY",
                    "cpu_time": 538.5953144609987,
                    "extra_info": {
                        "Order By": "ts.TotalViews DESC"
                    },
                    "cumulative_cardinality": 25813339,
                    "operator_type": "ORDER_BY",
                    "operator_cardinality": 0,
                    "cumulative_rows_scanned": 10223628,
                    "operator_rows_scanned": 0,
                    "operator_timing": 3.61e-7,
                    "result_set_size": 0,
                    "children": [
                        {
                            "operator_name": "PROJECTION",
                            "cpu_time": 538.5953140999986,
                            "extra_info": {
                                "Projections": [
                                    "tagname",
                                    "PostCount",
                                    "TotalViews",
                                    "TotalAnswers",
                                    "AverageScore",
                                    "UserWithMostPosts"
                                ],
                                "Estimated Cardinality": "245641304"
                            },
                            "cumulative_cardinality": 25813339,
                            "operator_type": "PROJECTION",
                            "operator_cardinality": 0,
                            "cumulative_rows_scanned": 10223628,
                            "operator_rows_scanned": 0,
                            "operator_timing": 0.0,
                            "result_set_size": 0,
                            "children": [
                                {
                                    "operator_name": "HASH_JOIN",
                                    "cpu_time": 538.5953140999986,
                                    "extra_info": {
                                        "Join Type": "INNER",
                                        "Conditions": "id = owneruserid",
                                        "Estimated Cardinality": "245641304"
                                    },
                                    "cumulative_cardinality": 25813339,
                                    "operator_type": "HASH_JOIN",
                                    "operator_cardinality": 0,
                                    "cumulative_rows_scanned": 10223628,
                                    "operator_rows_scanned": 0,
                                    "operator_timing": 0.000038972,
                                    "result_set_size": 0,
                                    "children": [
                                        {
                                            "operator_name": "READ_PARQUET ",
                                            "cpu_time": 0.010674921,
                                            "extra_info": {
                                                "Function": "READ_PARQUET",
                                                "Projections": [
                                                    "id",
                                                    "displayname"
                                                ],
                                                "Filters": "id<=1416539",
                                                "Estimated Cardinality": "1260710"
                                            },
                                            "cumulative_cardinality": 2048,
                                            "operator_type": "TABLE_SCAN",
                                            "operator_cardinality": 2048,
                                            "cumulative_rows_scanned": 1260710,
                                            "operator_rows_scanned": 1260710,
                                            "operator_timing": 0.010674921,
                                            "result_set_size": 40960,
                                            "children": []
                                        },
                                        {
                                            "operator_name": "HASH_JOIN",
                                            "cpu_time": 538.5846002069986,
                                            "extra_info": {
                                                "Join Type": "RIGHT",
                                                "Conditions": "tags = tagname",
                                                "Estimated Cardinality": "385011"
                                            },
                                            "cumulative_cardinality": 25811291,
                                            "operator_type": "HASH_JOIN",
                                            "operator_cardinality": 1976,
                                            "cumulative_rows_scanned": 8962918,
                                            "operator_rows_scanned": 0,
                                            "operator_timing": 0.08392402199999992,
                                            "result_set_size": 134368,
                                            "children": [
                                                {
                                                    "operator_name": "HASH_GROUP_BY",
                                                    "cpu_time": 1.065310733,
                                                    "extra_info": {
                                                        "Groups": [
                                                            "#0",
                                                            "#1"
                                                        ],
                                                        "Aggregates": "",
                                                        "Estimated Cardinality": "385011"
                                                    },
                                                    "cumulative_cardinality": 8560242,
                                                    "operator_type": "HASH_GROUP_BY",
                                                    "operator_cardinality": 1373798,
                                                    "cumulative_rows_scanned": 3850116,
                                                    "operator_rows_scanned": 0,
                                                    "operator_timing": 0.287750038,
                                                    "result_set_size": 27475960,
                                                    "children": [
                                                        {
                                                            "operator_name": "PROJECTION",
                                                            "cpu_time": 0.777560695,
                                                            "extra_info": {
                                                                "Projections": [
                                                                    "tags",
                                                                    "owneruserid"
                                                                ],
                                                                "Estimated Cardinality": "770023"
                                                            },
                                                            "cumulative_cardinality": 7186444,
                                                            "operator_type": "PROJECTION",
                                                            "operator_cardinality": 1668164,
                                                            "cumulative_rows_scanned": 3850116,
                                                            "operator_rows_scanned": 0,
                                                            "operator_timing": 0.0005330399999999992,
                                                            "result_set_size": 33363280,
                                                            "children": [
                                                                {
                                                                    "operator_name": "FILTER",
                                                                    "cpu_time": 0.777027655,
                                                                    "extra_info": {
                                                                        "Expression": "(tags IS NOT NULL)",
                                                                        "Estimated Cardinality": "770023"
                                                                    },
                                                                    "cumulative_cardinality": 5518280,
                                                                    "operator_type": "FILTER",
                                                                    "operator_cardinality": 1668164,
                                                                    "cumulative_rows_scanned": 3850116,
                                                                    "operator_rows_scanned": 0,
                                                                    "operator_timing": 0.03741137999999999,
                                                                    "result_set_size": 33363280,
                                                                    "children": [
                                                                        {
                                                                            "operator_name": "READ_PARQUET ",
                                                                            "cpu_time": 0.739616275,
                                                                            "extra_info": {
                                                                                "Function": "READ_PARQUET",
                                                                                "Projections": [
                                                                                    "owneruserid",
                                                                                    "tags"
                                                                                ],
                                                                                "Estimated Cardinality": "3850116"
                                                                            },
                                                                            "cumulative_cardinality": 3850116,
                                                                            "operator_type": "TABLE_SCAN",
                                                                            "operator_cardinality": 3850116,
                                                                            "cumulative_rows_scanned": 3850116,
                                                                            "operator_rows_scanned": 3850116,
                                                                            "operator_timing": 0.739616275,
                                                                            "result_set_size": 77002320,
                                                                            "children": []
                                                                        }
                                                                    ]
                                                                }
                                                            ]
                                                        }
                                                    ]
                                                },
                                                {
                                                    "operator_name": "HASH_GROUP_BY",
                                                    "cpu_time": 537.4353654519987,
                                                    "extra_info": {
                                                        "Groups": "#0",
                                                        "Aggregates": [
                                                            "count(DISTINCT #1)",
                                                            "sum(#2)",
                                                            "sum(#3)",
                                                            "avg(#4)"
                                                        ],
                                                        "Estimated Cardinality": "1976"
                                                    },
                                                    "cumulative_cardinality": 17249073,
                                                    "operator_type": "HASH_GROUP_BY",
                                                    "operator_cardinality": 1976,
                                                    "cumulative_rows_scanned": 5112802,
                                                    "operator_rows_scanned": 0,
                                                    "operator_timing": 0.9993477530000027,
                                                    "result_set_size": 126464,
                                                    "children": [
                                                        {
                                                            "operator_name": "PROJECTION",
                                                            "cpu_time": 536.4360176989986,
                                                            "extra_info": {
                                                                "Projections": [
                                                                    "tagname",
                                                                    "id",
                                                                    "viewcount",
                                                                    "answercount",
                                                                    "score"
                                                                ],
                                                                "Estimated Cardinality": "3850116"
                                                            },
                                                            "cumulative_cardinality": 17247097,
                                                            "operator_type": "PROJECTION",
                                                            "operator_cardinality": 4044765,
                                                            "cumulative_rows_scanned": 5112802,
                                                            "operator_rows_scanned": 0,
                                                            "operator_timing": 0.003500724000000028,
                                                            "result_set_size": 129432480,
                                                            "children": [
                                                                {
                                                                    "operator_name": "HASH_JOIN",
                                                                    "cpu_time": 536.4325169749986,
                                                                    "extra_info": {
                                                                        "Join Type": "LEFT",
                                                                        "Conditions": "owneruserid = id",
                                                                        "Estimated Cardinality": "3850116"
                                                                    },
                                                                    "cumulative_cardinality": 13202332,
                                                                    "operator_type": "HASH_JOIN",
                                                                    "operator_cardinality": 4044765,
                                                                    "cumulative_rows_scanned": 5112802,
                                                                    "operator_rows_scanned": 0,
                                                                    "operator_timing": 0.35409791700000043,
                                                                    "result_set_size": 145611540,
                                                                    "children": [
                                                                        {
                                                                            "operator_name": "BLOCKWISE_NL_JOIN",
                                                                            "cpu_time": 536.0700141439986,
                                                                            "extra_info": {
                                                                                "Join Type": "RIGHT",
                                                                                "Condition": "(tags ~~ ((('%<' || tagname) || '>') || '%'))"
                                                                            },
                                                                            "cumulative_cardinality": 7896857,
                                                                            "operator_type": "BLOCKWISE_NL_JOIN",
                                                                            "operator_cardinality": 4044765,
                                                                            "cumulative_rows_scanned": 3852092,
                                                                            "operator_rows_scanned": 0,
                                                                            "operator_timing": 534.2194168449986,
                                                                            "result_set_size": 210327780,
                                                                            "children": [
                                                                                {
                                                                                    "operator_name": "READ_PARQUET ",
                                                                                    "cpu_time": 1.8499265060000016,
                                                                                    "extra_info": {
                                                                                        "Function": "READ_PARQUET",
                                                                                        "Projections": [
                                                                                            "id",
                                                                                            "score",
                                                                                            "viewcount",
                                                                                            "owneruserid",
                                                                                            "tags",
                                                                                            "answercount"
                                                                                        ],
                                                                                        "Estimated Cardinality": "3850116"
                                                                                    },
                                                                                    "cumulative_cardinality": 3850116,
                                                                                    "operator_type": "TABLE_SCAN",
                                                                                    "operator_cardinality": 3850116,
                                                                                    "cumulative_rows_scanned": 3850116,
                                                                                    "operator_rows_scanned": 3850116,
                                                                                    "operator_timing": 1.8499265060000016,
                                                                                    "result_set_size": 138604176,
                                                                                    "children": []
                                                                                },
                                                                                {
                                                                                    "operator_name": "READ_PARQUET ",
                                                                                    "cpu_time": 0.000670793,
                                                                                    "extra_info": {
                                                                                        "Function": "READ_PARQUET",
                                                                                        "Projections": "tagname",
                                                                                        "Estimated Cardinality": "395"
                                                                                    },
                                                                                    "cumulative_cardinality": 1976,
                                                                                    "operator_type": "TABLE_SCAN",
                                                                                    "operator_cardinality": 1976,
                                                                                    "cumulative_rows_scanned": 1976,
                                                                                    "operator_rows_scanned": 1976,
                                                                                    "operator_timing": 0.000670793,
                                                                                    "result_set_size": 31616,
                                                                                    "children": []
                                                                                }
                                                                            ]
                                                                        },
                                                                        {
                                                                            "operator_name": "READ_PARQUET ",
                                                                            "cpu_time": 0.008404913999999998,
                                                                            "extra_info": {
                                                                                "Function": "READ_PARQUET",
                                                                                "Projections": "id",
                                                                                "Estimated Cardinality": "1260710"
                                                                            },
                                                                            "cumulative_cardinality": 1260710,
                                                                            "operator_type": "TABLE_SCAN",
                                                                            "operator_cardinality": 1260710,
                                                                            "cumulative_rows_scanned": 1260710,
                                                                            "operator_rows_scanned": 1260710,
                                                                            "operator_timing": 0.008404913999999998,
                                                                            "result_set_size": 5042840,
                                                                            "children": []
                                                                        }
                                                                    ]
                                                                }
                                                            ]
                                                        }
                                                    ]
                                                }
                                            ]
                                        }
                                    ]
                                }
                            ]
                        }
                    ]
                }
            ]
        }
    ]
}