{
    "rows_returned": 0,
    "query_name": "WITH PostTagStatistics AS (\n    SELECT \n        p.Id AS PostId,\n        p.Title,\n        p.ViewCount,\n        p.AnswerCount,\n        p.CreationDate,\n        STRING_AGG(DISTINCT t.TagName, ', ') AS TagsList,\n        COUNT(DISTINCT mh.UserId) AS TotalModerationHistory,\n        COALESCE(SUM(CASE WHEN mh.PostHistoryTypeId = 10 THEN 1 ELSE 0 END), 0) AS TotalClosures,\n        COALESCE(SUM(CASE WHEN mh.PostHistoryTypeId = 11 THEN 1 ELSE 0 END), 0) AS TotalReopens\n    FROM \n        Posts p\n    LEFT JOIN \n        Tags t ON POSITION(t.TagName IN p.Tags) > 0  \n    LEFT JOIN \n        PostHistory mh ON mh.PostId = p.Id\n    WHERE \n        p.PostTypeId = 1  \n        AND p.CreationDate >= cast('2024-10-01 12:34:56' as timestamp) - INTERVAL '1 year'  \n    GROUP BY \n        p.Id, p.Title, p.ViewCount, p.AnswerCount, p.CreationDate\n),\nUserPostEngagement AS (\n    SELECT \n        u.Id AS UserId,\n        u.DisplayName,\n        COUNT(DISTINCT p.Id) AS TotalPosts,\n        SUM(p.ViewCount) AS TotalViews,\n        SUM(CASE WHEN p.AnswerCount > 0 THEN 1 ELSE 0 END) AS TotalAnswered,\n        SUM(CASE WHEN p.ViewCount > 100 THEN 1 ELSE 0 END) AS HighEngagementPosts\n    FROM \n        Users u\n    JOIN \n        Posts p ON u.Id = p.OwnerUserId\n    WHERE \n        p.CreationDate >= cast('2024-10-01 12:34:56' as timestamp) - INTERVAL '1 year'  \n    GROUP BY \n        u.Id, u.DisplayName\n),\nBenchmarkingResults AS (\n    SELECT \n        pts.PostId,\n        pts.Title,\n        pts.TagsList,\n        ups.DisplayName AS UserDisplayName,\n        ups.TotalPosts,\n        ups.TotalViews,\n        ups.TotalAnswered,\n        ups.HighEngagementPosts,\n        pts.TotalModerationHistory,\n        pts.TotalClosures,\n        pts.TotalReopens\n    FROM \n        PostTagStatistics pts\n    JOIN \n        UserPostEngagement ups ON pts.PostId = ups.TotalPosts\n    ORDER BY \n        pts.ViewCount DESC,  \n        ups.TotalPosts DESC   \n)\nSELECT \n    BenchmarkingResults.*\nFROM \n    BenchmarkingResults\nWHERE \n    TotalViews > 500  \nORDER BY \n    TotalAnswered DESC;",
    "blocked_thread_time": 0.0,
    "cpu_time": 7.300754690000036,
    "extra_info": {},
    "cumulative_cardinality": 6657855,
    "cumulative_rows_scanned": 20758162,
    "result_set_size": 0,
    "latency": 7.632534845,
    "children": [
        {
            "operator_name": "ORDER_BY",
            "cpu_time": 7.300754690000036,
            "extra_info": {
                "Order By": "BenchmarkingResults.TotalAnswered DESC"
            },
            "cumulative_cardinality": 6657855,
            "operator_type": "ORDER_BY",
            "operator_cardinality": 0,
            "cumulative_rows_scanned": 20758162,
            "operator_rows_scanned": 0,
            "operator_timing": 9e-8,
            "result_set_size": 0,
            "children": [
                {
                    "operator_name": "ORDER_BY",
                    "cpu_time": 7.300754600000036,
                    "extra_info": {
                        "Order By": [
                            "viewcount DESC",
                            "ups.TotalPosts DESC"
                        ]
                    },
                    "cumulative_cardinality": 6657855,
                    "operator_type": "ORDER_BY",
                    "operator_cardinality": 0,
                    "cumulative_rows_scanned": 20758162,
                    "operator_rows_scanned": 0,
                    "operator_timing": 3.91e-7,
                    "result_set_size": 0,
                    "children": [
                        {
                            "operator_name": "PROJECTION",
                            "cpu_time": 7.3007542090000355,
                            "extra_info": {
                                "Projections": [
                                    "PostId",
                                    "title",
                                    "TagsList",
                                    "UserDisplayName",
                                    "TotalPosts",
                                    "TotalViews",
                                    "TotalAnswered",
                                    "HighEngagementPosts",
                                    "TotalModerationHistory",
                                    "TotalClosures",
                                    "TotalReopens",
                                    "viewcount"
                                ],
                                "Estimated Cardinality": "235158"
                            },
                            "cumulative_cardinality": 6657855,
                            "operator_type": "PROJECTION",
                            "operator_cardinality": 0,
                            "cumulative_rows_scanned": 20758162,
                            "operator_rows_scanned": 0,
                            "operator_timing": 0.0,
                            "result_set_size": 0,
                            "children": [
                                {
                                    "operator_name": "HASH_JOIN",
                                    "cpu_time": 7.3007542090000355,
                                    "extra_info": {
                                        "Join Type": "INNER",
                                        "Conditions": "CAST(PostId AS BIGINT) = TotalPosts",
                                        "Estimated Cardinality": "235158"
                                    },
                                    "cumulative_cardinality": 6657855,
                                    "operator_type": "HASH_JOIN",
                                    "operator_cardinality": 0,
                                    "cumulative_rows_scanned": 20758162,
                                    "operator_rows_scanned": 0,
                                    "operator_timing": 0.0017402779999999998,
                                    "result_set_size": 0,
                                    "children": [
                                        {
                                            "operator_name": "PROJECTION",
                                            "cpu_time": 7.130647323000035,
                                            "extra_info": {
                                                "Projections": [
                                                    "PostId",
                                                    "title",
                                                    "viewcount",
                                                    "TagsList",
                                                    "TotalModerationHistory",
                                                    "TotalClosures",
                                                    "TotalReopens"
                                                ],
                                                "Estimated Cardinality": "3850116"
                                            },
                                            "cumulative_cardinality": 4926420,
                                            "operator_type": "PROJECTION",
                                            "operator_cardinality": 74334,
                                            "cumulative_rows_scanned": 15647336,
                                            "operator_rows_scanned": 0,
                                            "operator_timing": 0.0019188760000000003,
                                            "result_set_size": 5946720,
                                            "children": [
                                                {
                                                    "operator_name": "PROJECTION",
                                                    "cpu_time": 7.128728447000035,
                                                    "extra_info": {
                                                        "Projections": [
                                                            "#0",
                                                            "#1",
                                                            "#2",
                                                            "__internal_decompress_integral_integer(#3, 0)",
                                                            "#4",
                                                            "#5",
                                                            "#6",
                                                            "#7",
                                                            "#8"
                                                        ],
                                                        "Estimated Cardinality": "3850116"
                                                    },
                                                    "cumulative_cardinality": 4852086,
                                                    "operator_type": "PROJECTION",
                                                    "operator_cardinality": 74334,
                                                    "cumulative_rows_scanned": 15647336,
                                                    "operator_rows_scanned": 0,
                                                    "operator_timing": 0.00007518199999999997,
                                                    "result_set_size": 6838728,
                                                    "children": [
                                                        {
                                                            "operator_name": "HASH_GROUP_BY",
                                                            "cpu_time": 7.128653265000035,
                                                            "extra_info": {
                                                                "Groups": [
                                                                    "#0",
                                                                    "#1",
                                                                    "#2",
                                                                    "#3",
                                                                    "#4"
                                                                ],
                                                                "Aggregates": [
                                                                    "string_agg(DISTINCT #5)",
                                                                    "count(DISTINCT #6)",
                                                                    "sum(#7)",
                                                                    "sum(#8)"
                                                                ],
                                                                "Estimated Cardinality": "3850116"
                                                            },
                                                            "cumulative_cardinality": 4777752,
                                                            "operator_type": "HASH_GROUP_BY",
                                                            "operator_cardinality": 74334,
                                                            "cumulative_rows_scanned": 15647336,
                                                            "operator_rows_scanned": 0,
                                                            "operator_timing": 0.5762956860000003,
                                                            "result_set_size": 6615726,
                                                            "children": [
                                                                {
                                                                    "operator_name": "PROJECTION",
                                                                    "cpu_time": 6.552357579000035,
                                                                    "extra_info": {
                                                                        "Projections": [
                                                                            "id",
                                                                            "title",
                                                                            "viewcount",
                                                                            "answercount",
                                                                            "creationdate",
                                                                            "tagname",
                                                                            "userid",
                                                                            "CASE  WHEN ((posthistorytypeid = 10)) THEN (1) ELSE 0 END",
                                                                            "CASE  WHEN ((posthistorytypeid = 11)) THEN (1) ELSE 0 END"
                                                                        ],
                                                                        "Estimated Cardinality": "11795244"
                                                                    },
                                                                    "cumulative_cardinality": 4703418,
                                                                    "operator_type": "PROJECTION",
                                                                    "operator_cardinality": 1290925,
                                                                    "cumulative_rows_scanned": 15647336,
                                                                    "operator_rows_scanned": 0,
                                                                    "operator_timing": 0.014554476999999998,
                                                                    "result_set_size": 78746425,
                                                                    "children": [
                                                                        {
                                                                            "operator_name": "PROJECTION",
                                                                            "cpu_time": 6.537803102000035,
                                                                            "extra_info": {
                                                                                "Projections": [
                                                                                    "#0",
                                                                                    "#1",
                                                                                    "#2",
                                                                                    "#3",
                                                                                    "#4",
                                                                                    "#5",
                                                                                    "__internal_compress_integral_utinyint(#6, 0)",
                                                                                    "#7"
                                                                                ],
                                                                                "Estimated Cardinality": "11795244"
                                                                            },
                                                                            "cumulative_cardinality": 3412493,
                                                                            "operator_type": "PROJECTION",
                                                                            "operator_cardinality": 1290925,
                                                                            "cumulative_rows_scanned": 15647336,
                                                                            "operator_rows_scanned": 0,
                                                                            "operator_timing": 0.002006426999999997,
                                                                            "result_set_size": 71000875,
                                                                            "children": [
                                                                                {
                                                                                    "operator_name": "HASH_JOIN",
                                                                                    "cpu_time": 6.535796675000035,
                                                                                    "extra_info": {
                                                                                        "Join Type": "RIGHT",
                                                                                        "Conditions": "postid = id",
                                                                                        "Estimated Cardinality": "11795244"
                                                                                    },
                                                                                    "cumulative_cardinality": 2121568,
                                                                                    "operator_type": "HASH_JOIN",
                                                                                    "operator_cardinality": 1290925,
                                                                                    "cumulative_rows_scanned": 15647336,
                                                                                    "operator_rows_scanned": 0,
                                                                                    "operator_timing": 0.11446897700000007,
                                                                                    "result_set_size": 74873650,
                                                                                    "children": [
                                                                                        {
                                                                                            "operator_name": "READ_PARQUET ",
                                                                                            "cpu_time": 0.7524673639999998,
                                                                                            "extra_info": {
                                                                                                "Function": "READ_PARQUET",
                                                                                                "Projections": [
                                                                                                    "posthistorytypeid",
                                                                                                    "postid",
                                                                                                    "userid"
                                                                                                ],
                                                                                                "Estimated Cardinality": "11795244"
                                                                                            },
                                                                                            "cumulative_cardinality": 486756,
                                                                                            "operator_type": "TABLE_SCAN",
                                                                                            "operator_cardinality": 486756,
                                                                                            "cumulative_rows_scanned": 11795244,
                                                                                            "operator_rows_scanned": 11795244,
                                                                                            "operator_timing": 0.7524673639999998,
                                                                                            "result_set_size": 4867560,
                                                                                            "children": []
                                                                                        },
                                                                                        {
                                                                                            "operator_name": "BLOCKWISE_NL_JOIN",
                                                                                            "cpu_time": 5.668860334000035,
                                                                                            "extra_info": {
                                                                                                "Join Type": "LEFT",
                                                                                                "Condition": "(\"position\"(tags, tagname) > 0)"
                                                                                            },
                                                                                            "cumulative_cardinality": 343887,
                                                                                            "operator_type": "BLOCKWISE_NL_JOIN",
                                                                                            "operator_cardinality": 267577,
                                                                                            "cumulative_rows_scanned": 3852092,
                                                                                            "operator_rows_scanned": 0,
                                                                                            "operator_timing": 5.560935373000035,
                                                                                            "result_set_size": 18195236,
                                                                                            "children": [
                                                                                                {
                                                                                                    "operator_name": "READ_PARQUET ",
                                                                                                    "cpu_time": 0.10756459799999993,
                                                                                                    "extra_info": {
                                                                                                        "Function": "READ_PARQUET",
                                                                                                        "Projections": [
                                                                                                            "id",
                                                                                                            "creationdate",
                                                                                                            "viewcount",
                                                                                                            "title",
                                                                                                            "tags",
                                                                                                            "answercount"
                                                                                                        ],
                                                                                                        "Filters": [
                                                                                                            "posttypeid=1",
                                                                                                            "creationdate>='2023-10-01 12:34:56'::TIMESTAMP"
                                                                                                        ],
                                                                                                        "Estimated Cardinality": "770023"
                                                                                                    },
                                                                                                    "cumulative_cardinality": 74334,
                                                                                                    "operator_type": "TABLE_SCAN",
                                                                                                    "operator_cardinality": 74334,
                                                                                                    "cumulative_rows_scanned": 3850116,
                                                                                                    "operator_rows_scanned": 3850116,
                                                                                                    "operator_timing": 0.10756459799999993,
                                                                                                    "result_set_size": 3865368,
                                                                                                    "children": []
                                                                                                },
                                                                                                {
                                                                                                    "operator_name": "READ_PARQUET ",
                                                                                                    "cpu_time": 0.000360363,
                                                                                                    "extra_info": {
                                                                                                        "Function": "READ_PARQUET",
                                                                                                        "Projections": "tagname",
                                                                                                        "Estimated Cardinality": "1976"
                                                                                                    },
                                                                                                    "cumulative_cardinality": 1976,
                                                                                                    "operator_type": "TABLE_SCAN",
                                                                                                    "operator_cardinality": 1976,
                                                                                                    "cumulative_rows_scanned": 1976,
                                                                                                    "operator_rows_scanned": 1976,
                                                                                                    "operator_timing": 0.000360363,
                                                                                                    "result_set_size": 31616,
                                                                                                    "children": []
                                                                                                }
                                                                                            ]
                                                                                        }
                                                                                    ]
                                                                                }
                                                                            ]
                                                                        }
                                                                    ]
                                                                }
                                                            ]
                                                        }
                                                    ]
                                                }
                                            ]
                                        },
                                        {
                                            "operator_name": "PROJECTION",
                                            "cpu_time": 0.16836660800000008,
                                            "extra_info": {
                                                "Projections": [
                                                    "#1",
                                                    "#2",
                                                    "#3",
                                                    "#4",
                                                    "#5"
                                                ],
                                                "Estimated Cardinality": "77002"
                                            },
                                            "cumulative_cardinality": 1731435,
                                            "operator_type": "PROJECTION",
                                            "operator_cardinality": 2731,
                                            "cumulative_rows_scanned": 5110826,
                                            "operator_rows_scanned": 0,
                                            "operator_timing": 0.000004840000000000001,
                                            "result_set_size": 196632,
                                            "children": [
                                                {
                                                    "operator_name": "FILTER",
                                                    "cpu_time": 0.16836176800000008,
                                                    "extra_info": {
                                                        "Expression": "(TotalViews > 500)",
                                                        "Estimated Cardinality": "77002"
                                                    },
                                                    "cumulative_cardinality": 1728704,
                                                    "operator_type": "FILTER",
                                                    "operator_cardinality": 2731,
                                                    "cumulative_rows_scanned": 5110826,
                                                    "operator_rows_scanned": 0,
                                                    "operator_timing": 0.000119511,
                                                    "result_set_size": 207556,
                                                    "children": [
                                                        {
                                                            "operator_name": "HASH_GROUP_BY",
                                                            "cpu_time": 0.1682422570000001,
                                                            "extra_info": {
                                                                "Groups": [
                                                                    "#0",
                                                                    "#1"
                                                                ],
                                                                "Aggregates": [
                                                                    "count(DISTINCT #2)",
                                                                    "sum(#3)",
                                                                    "sum(#4)",
                                                                    "sum(#5)"
                                                                ],
                                                                "Estimated Cardinality": "385011"
                                                            },
                                                            "cumulative_cardinality": 1725973,
                                                            "operator_type": "HASH_GROUP_BY",
                                                            "operator_cardinality": 32452,
                                                            "cumulative_rows_scanned": 5110826,
                                                            "operator_rows_scanned": 0,
                                                            "operator_timing": 0.027058508,
                                                            "result_set_size": 2466352,
                                                            "children": [
                                                                {
                                                                    "operator_name": "PROJECTION",
                                                                    "cpu_time": 0.14118374900000008,
                                                                    "extra_info": {
                                                                        "Projections": [
                                                                            "id",
                                                                            "displayname",
                                                                            "id",
                                                                            "viewcount",
                                                                            "CASE  WHEN ((answercount > 0)) THEN (1) ELSE 0 END",
                                                                            "CASE  WHEN ((viewcount > 100)) THEN (1) ELSE 0 END"
                                                                        ],
                                                                        "Estimated Cardinality": "770023"
                                                                    },
                                                                    "cumulative_cardinality": 1693521,
                                                                    "operator_type": "PROJECTION",
                                                                    "operator_cardinality": 143650,
                                                                    "cumulative_rows_scanned": 5110826,
                                                                    "operator_rows_scanned": 0,
                                                                    "operator_timing": 0.0017679230000000007,
                                                                    "result_set_size": 5171400,
                                                                    "children": [
                                                                        {
                                                                            "operator_name": "HASH_JOIN",
                                                                            "cpu_time": 0.13941582600000008,
                                                                            "extra_info": {
                                                                                "Join Type": "INNER",
                                                                                "Conditions": "id = owneruserid",
                                                                                "Estimated Cardinality": "770023"
                                                                            },
                                                                            "cumulative_cardinality": 1549871,
                                                                            "operator_type": "HASH_JOIN",
                                                                            "operator_cardinality": 143650,
                                                                            "cumulative_rows_scanned": 5110826,
                                                                            "operator_rows_scanned": 0,
                                                                            "operator_timing": 0.02326193100000002,
                                                                            "result_set_size": 4596800,
                                                                            "children": [
                                                                                {
                                                                                    "operator_name": "READ_PARQUET ",
                                                                                    "cpu_time": 0.08605189500000004,
                                                                                    "extra_info": {
                                                                                        "Function": "READ_PARQUET",
                                                                                        "Projections": [
                                                                                            "id",
                                                                                            "displayname"
                                                                                        ],
                                                                                        "Filters": "id<=1416539",
                                                                                        "Estimated Cardinality": "1260710"
                                                                                    },
                                                                                    "cumulative_cardinality": 1260679,
                                                                                    "operator_type": "TABLE_SCAN",
                                                                                    "operator_cardinality": 1260679,
                                                                                    "cumulative_rows_scanned": 1260710,
                                                                                    "operator_rows_scanned": 1260710,
                                                                                    "operator_timing": 0.08605189500000004,
                                                                                    "result_set_size": 25213580,
                                                                                    "children": []
                                                                                },
                                                                                {
                                                                                    "operator_name": "READ_PARQUET ",
                                                                                    "cpu_time": 0.030102000000000007,
                                                                                    "extra_info": {
                                                                                        "Function": "READ_PARQUET",
                                                                                        "Projections": [
                                                                                            "id",
                                                                                            "viewcount",
                                                                                            "owneruserid",
                                                                                            "answercount"
                                                                                        ],
                                                                                        "Filters": "creationdate>='2023-10-01 12:34:56'::TIMESTAMP",
                                                                                        "Estimated Cardinality": "770023"
                                                                                    },
                                                                                    "cumulative_cardinality": 145542,
                                                                                    "operator_type": "TABLE_SCAN",
                                                                                    "operator_cardinality": 145542,
                                                                                    "cumulative_rows_scanned": 3850116,
                                                                                    "operator_rows_scanned": 3850116,
                                                                                    "operator_timing": 0.030102000000000007,
                                                                                    "result_set_size": 2328672,
                                                                                    "children": []
                                                                                }
                                                                            ]
                                                                        }
                                                                    ]
                                                                }
                                                            ]
                                                        }
                                                    ]
                                                }
                                            ]
                                        }
                                    ]
                                }
                            ]
                        }
                    ]
                }
            ]
        }
    ]
}