{
    "rows_returned": 1880,
    "query_name": "\nWITH ProcessedTags AS (\n    SELECT \n        p.Id AS PostId,\n        p.Title,\n        UNNEST(string_to_array(SUBSTRING(p.Tags FROM 2 FOR LENGTH(p.Tags) - 2), '><')) AS Tag\n    FROM \n        Posts p\n    WHERE \n        p.PostTypeId = 1  \n),\nUserReputation AS (\n    SELECT \n        u.Id AS UserId,\n        u.DisplayName,\n        u.Reputation,\n        COUNT(b.Id) AS BadgeCount\n    FROM \n        Users u\n    LEFT JOIN \n        Badges b ON u.Id = b.UserId\n    GROUP BY \n        u.Id, u.DisplayName, u.Reputation\n)\nSELECT \n    pt.Tag,\n    COUNT(DISTINCT pt.PostId) AS QuestionCount,\n    AVG(ur.Reputation) AS AverageReputation,\n    SUM(CASE WHEN b.Class = 1 THEN 1 ELSE 0 END) AS GoldBadges,\n    SUM(CASE WHEN b.Class = 2 THEN 1 ELSE 0 END) AS SilverBadges,\n    SUM(CASE WHEN b.Class = 3 THEN 1 ELSE 0 END) AS BronzeBadges\nFROM \n    ProcessedTags pt\nJOIN \n    Posts p ON pt.PostId = p.Id\nJOIN \n    UserReputation ur ON p.OwnerUserId = ur.UserId\nLEFT JOIN \n    Badges b ON ur.UserId = b.UserId\nWHERE \n    p.CreationDate >= '2023-01-01' AND\n    p.CreationDate < '2024-01-01'  \nGROUP BY \n    pt.Tag\nORDER BY \n    QuestionCount DESC, AverageReputation DESC;\n",
    "blocked_thread_time": 0.0,
    "cpu_time": 3.8533709150000153,
    "extra_info": {},
    "cumulative_cardinality": 31590315,
    "cumulative_rows_scanned": 13604390,
    "result_set_size": 150400,
    "latency": 4.372665549,
    "children": [
        {
            "operator_name": "ORDER_BY",
            "cpu_time": 3.8533709150000153,
            "extra_info": {
                "Order By": [
                    "count(DISTINCT pt.PostId) DESC",
                    "avg(ur.Reputation) DESC"
                ]
            },
            "cumulative_cardinality": 31590315,
            "operator_type": "ORDER_BY",
            "operator_cardinality": 1880,
            "cumulative_rows_scanned": 13604390,
            "operator_rows_scanned": 0,
            "operator_timing": 0.000220361,
            "result_set_size": 150400,
            "children": [
                {
                    "operator_name": "HASH_GROUP_BY",
                    "cpu_time": 3.8531505540000155,
                    "extra_info": {
                        "Groups": "#0",
                        "Aggregates": [
                            "count(DISTINCT #1)",
                            "avg(#2)",
                            "sum(#3)",
                            "sum(#4)",
                            "sum(#5)"
                        ],
                        "Estimated Cardinality": "1160862"
                    },
                    "cumulative_cardinality": 31588435,
                    "operator_type": "HASH_GROUP_BY",
                    "operator_cardinality": 1880,
                    "cumulative_rows_scanned": 13604390,
                    "operator_rows_scanned": 0,
                    "operator_timing": 0.7936437149999991,
                    "result_set_size": 150400,
                    "children": [
                        {
                            "operator_name": "PROJECTION",
                            "cpu_time": 3.0595068390000164,
                            "extra_info": {
                                "Projections": [
                                    "Tag",
                                    "PostId",
                                    "reputation",
                                    "CASE  WHEN ((class = 1)) THEN (1) ELSE 0 END",
                                    "CASE  WHEN ((class = 2)) THEN (1) ELSE 0 END",
                                    "CASE  WHEN ((class = 3)) THEN (1) ELSE 0 END"
                                ],
                                "Estimated Cardinality": "2321724"
                            },
                            "cumulative_cardinality": 31586555,
                            "operator_type": "PROJECTION",
                            "operator_cardinality": 4935939,
                            "cumulative_rows_scanned": 13604390,
                            "operator_rows_scanned": 0,
                            "operator_timing": 0.054988016,
                            "result_set_size": 177693804,
                            "children": [
                                {
                                    "operator_name": "HASH_JOIN",
                                    "cpu_time": 3.0045188230000166,
                                    "extra_info": {
                                        "Join Type": "RIGHT",
                                        "Conditions": "userid = UserId",
                                        "Estimated Cardinality": "2321724"
                                    },
                                    "cumulative_cardinality": 26650616,
                                    "operator_type": "HASH_JOIN",
                                    "operator_cardinality": 4935939,
                                    "cumulative_rows_scanned": 13604390,
                                    "operator_rows_scanned": 0,
                                    "operator_timing": 0.24707305899999996,
                                    "result_set_size": 128334414,
                                    "children": [
                                        {
                                            "operator_name": "READ_PARQUET ",
                                            "cpu_time": 0.06961713099999989,
                                            "extra_info": {
                                                "Function": "READ_PARQUET",
                                                "Projections": [
                                                    "userid",
                                                    "class"
                                                ],
                                                "Estimated Cardinality": "2321724"
                                            },
                                            "cumulative_cardinality": 2315750,
                                            "operator_type": "TABLE_SCAN",
                                            "operator_cardinality": 2315750,
                                            "cumulative_rows_scanned": 2321724,
                                            "operator_rows_scanned": 2321724,
                                            "operator_timing": 0.06961713099999989,
                                            "result_set_size": 13894500,
                                            "children": []
                                        },
                                        {
                                            "operator_name": "HASH_JOIN",
                                            "cpu_time": 2.6878286330000165,
                                            "extra_info": {
                                                "Join Type": "INNER",
                                                "Conditions": "UserId = owneruserid",
                                                "Estimated Cardinality": "154004"
                                            },
                                            "cumulative_cardinality": 19398927,
                                            "operator_type": "HASH_JOIN",
                                            "operator_cardinality": 221380,
                                            "cumulative_rows_scanned": 11282666,
                                            "operator_rows_scanned": 0,
                                            "operator_timing": 0.047069736000000056,
                                            "result_set_size": 6198640,
                                            "children": [
                                                {
                                                    "operator_name": "PROJECTION",
                                                    "cpu_time": 2.365249139999999,
                                                    "extra_info": {
                                                        "Projections": [
                                                            "UserId",
                                                            "reputation"
                                                        ],
                                                        "Estimated Cardinality": "1260710"
                                                    },
                                                    "cumulative_cardinality": 18237351,
                                                    "operator_type": "PROJECTION",
                                                    "operator_cardinality": 1260679,
                                                    "cumulative_rows_scanned": 3582434,
                                                    "operator_rows_scanned": 0,
                                                    "operator_timing": 0.00020362600000000002,
                                                    "result_set_size": 10085432,
                                                    "children": [
                                                        {
                                                            "operator_name": "HASH_GROUP_BY",
                                                            "cpu_time": 2.3650455139999993,
                                                            "extra_info": {
                                                                "Groups": [
                                                                    "#0",
                                                                    "#1",
                                                                    "#2"
                                                                ],
                                                                "Aggregates": "",
                                                                "Estimated Cardinality": "1260710"
                                                            },
                                                            "cumulative_cardinality": 16976672,
                                                            "operator_type": "HASH_GROUP_BY",
                                                            "operator_cardinality": 1260679,
                                                            "cumulative_rows_scanned": 3582434,
                                                            "operator_rows_scanned": 0,
                                                            "operator_timing": 0.5620647900000005,
                                                            "result_set_size": 30256296,
                                                            "children": [
                                                                {
                                                                    "operator_name": "PROJECTION",
                                                                    "cpu_time": 1.8029807239999986,
                                                                    "extra_info": {
                                                                        "Projections": [
                                                                            "id",
                                                                            "displayname",
                                                                            "reputation"
                                                                        ],
                                                                        "Estimated Cardinality": "2321724"
                                                                    },
                                                                    "cumulative_cardinality": 15715993,
                                                                    "operator_type": "PROJECTION",
                                                                    "operator_cardinality": 3033382,
                                                                    "cumulative_rows_scanned": 3582434,
                                                                    "operator_rows_scanned": 0,
                                                                    "operator_timing": 0.0006573650000000002,
                                                                    "result_set_size": 72801168,
                                                                    "children": [
                                                                        {
                                                                            "operator_name": "PROJECTION",
                                                                            "cpu_time": 1.8023233589999987,
                                                                            "extra_info": {
                                                                                "Projections": [
                                                                                    "#1",
                                                                                    "#2",
                                                                                    "#3"
                                                                                ],
                                                                                "Estimated Cardinality": "2321724"
                                                                            },
                                                                            "cumulative_cardinality": 12682611,
                                                                            "operator_type": "PROJECTION",
                                                                            "operator_cardinality": 3033382,
                                                                            "cumulative_rows_scanned": 3582434,
                                                                            "operator_rows_scanned": 0,
                                                                            "operator_timing": 0.0007486229999999969,
                                                                            "result_set_size": 72801168,
                                                                            "children": [
                                                                                {
                                                                                    "operator_name": "FILTER",
                                                                                    "cpu_time": 1.8015747359999987,
                                                                                    "extra_info": {
                                                                                        "Expression": "(id <= 1416539)",
                                                                                        "Estimated Cardinality": "2321724"
                                                                                    },
                                                                                    "cumulative_cardinality": 9649229,
                                                                                    "operator_type": "FILTER",
                                                                                    "operator_cardinality": 3033382,
                                                                                    "cumulative_rows_scanned": 3582434,
                                                                                    "operator_rows_scanned": 0,
                                                                                    "operator_timing": 0.0070936460000000055,
                                                                                    "result_set_size": 84934696,
                                                                                    "children": [
                                                                                        {
                                                                                            "operator_name": "HASH_JOIN",
                                                                                            "cpu_time": 1.7944810899999988,
                                                                                            "extra_info": {
                                                                                                "Join Type": "RIGHT",
                                                                                                "Conditions": "userid = id",
                                                                                                "Estimated Cardinality": "2321724"
                                                                                            },
                                                                                            "cumulative_cardinality": 6615847,
                                                                                            "operator_type": "HASH_JOIN",
                                                                                            "operator_cardinality": 3033413,
                                                                                            "cumulative_rows_scanned": 3582434,
                                                                                            "operator_rows_scanned": 0,
                                                                                            "operator_timing": 0.3260385499999999,
                                                                                            "result_set_size": 84935564,
                                                                                            "children": [
                                                                                                {
                                                                                                    "operator_name": "READ_PARQUET ",
                                                                                                    "cpu_time": 1.3435528969999988,
                                                                                                    "extra_info": {
                                                                                                        "Function": "READ_PARQUET",
                                                                                                        "Projections": "userid",
                                                                                                        "Estimated Cardinality": "2321724"
                                                                                                    },
                                                                                                    "cumulative_cardinality": 2321724,
                                                                                                    "operator_type": "TABLE_SCAN",
                                                                                                    "operator_cardinality": 2321724,
                                                                                                    "cumulative_rows_scanned": 2321724,
                                                                                                    "operator_rows_scanned": 2321724,
                                                                                                    "operator_timing": 1.3435528969999988,
                                                                                                    "result_set_size": 9286896,
                                                                                                    "children": []
                                                                                                },
                                                                                                {
                                                                                                    "operator_name": "READ_PARQUET ",
                                                                                                    "cpu_time": 0.12488964299999995,
                                                                                                    "extra_info": {
                                                                                                        "Function": "READ_PARQUET",
                                                                                                        "Projections": [
                                                                                                            "id",
                                                                                                            "reputation",
                                                                                                            "displayname"
                                                                                                        ],
                                                                                                        "Estimated Cardinality": "1260710"
                                                                                                    },
                                                                                                    "cumulative_cardinality": 1260710,
                                                                                                    "operator_type": "TABLE_SCAN",
                                                                                                    "operator_cardinality": 1260710,
                                                                                                    "cumulative_rows_scanned": 1260710,
                                                                                                    "operator_rows_scanned": 1260710,
                                                                                                    "operator_timing": 0.12488964299999995,
                                                                                                    "result_set_size": 30257040,
                                                                                                    "children": []
                                                                                                }
                                                                                            ]
                                                                                        }
                                                                                    ]
                                                                                }
                                                                            ]
                                                                        }
                                                                    ]
                                                                }
                                                            ]
                                                        }
                                                    ]
                                                },
                                                {
                                                    "operator_name": "HASH_JOIN",
                                                    "cpu_time": 0.27550975700001745,
                                                    "extra_info": {
                                                        "Join Type": "INNER",
                                                        "Conditions": "PostId = id",
                                                        "Estimated Cardinality": "154004"
                                                    },
                                                    "cumulative_cardinality": 940196,
                                                    "operator_type": "HASH_JOIN",
                                                    "operator_cardinality": 226012,
                                                    "cumulative_rows_scanned": 7700232,
                                                    "operator_rows_scanned": 0,
                                                    "operator_timing": 0.10151651500000138,
                                                    "result_set_size": 5424288,
                                                    "children": [
                                                        {
                                                            "operator_name": "PROJECTION",
                                                            "cpu_time": 0.14616386000001605,
                                                            "extra_info": {
                                                                "Projections": [
                                                                    "PostId",
                                                                    "Tag"
                                                                ],
                                                                "Estimated Cardinality": "770023"
                                                            },
                                                            "cumulative_cardinality": 552571,
                                                            "operator_type": "PROJECTION",
                                                            "operator_cardinality": 234383,
                                                            "cumulative_rows_scanned": 3850116,
                                                            "operator_rows_scanned": 0,
                                                            "operator_timing": 0.012783079000015723,
                                                            "result_set_size": 4687660,
                                                            "children": [
                                                                {
                                                                    "operator_name": "UNNEST",
                                                                    "cpu_time": 0.13338078100000034,
                                                                    "extra_info": {},
                                                                    "cumulative_cardinality": 318188,
                                                                    "operator_type": "UNNEST",
                                                                    "operator_cardinality": 234383,
                                                                    "cumulative_rows_scanned": 3850116,
                                                                    "operator_rows_scanned": 0,
                                                                    "operator_timing": 0.08420382600000031,
                                                                    "result_set_size": 8437788,
                                                                    "children": [
                                                                        {
                                                                            "operator_name": "READ_PARQUET ",
                                                                            "cpu_time": 0.04917695500000003,
                                                                            "extra_info": {
                                                                                "Function": "READ_PARQUET",
                                                                                "Projections": [
                                                                                    "id",
                                                                                    "tags"
                                                                                ],
                                                                                "Filters": "posttypeid=1",
                                                                                "Estimated Cardinality": "770023"
                                                                            },
                                                                            "cumulative_cardinality": 83805,
                                                                            "operator_type": "TABLE_SCAN",
                                                                            "operator_cardinality": 83805,
                                                                            "cumulative_rows_scanned": 3850116,
                                                                            "operator_rows_scanned": 3850116,
                                                                            "operator_timing": 0.04917695500000003,
                                                                            "result_set_size": 1676100,
                                                                            "children": []
                                                                        }
                                                                    ]
                                                                }
                                                            ]
                                                        },
                                                        {
                                                            "operator_name": "READ_PARQUET ",
                                                            "cpu_time": 0.02782938199999999,
                                                            "extra_info": {
                                                                "Function": "READ_PARQUET",
                                                                "Projections": [
                                                                    "id",
                                                                    "owneruserid"
                                                                ],
                                                                "Filters": "creationdate>='2023-01-01 00:00:00'::TIMESTAMP AND creationdate<'2024-01-01 00:00:00'::TIMESTAMP",
                                                                "Estimated Cardinality": "770023"
                                                            },
                                                            "cumulative_cardinality": 161613,
                                                            "operator_type": "TABLE_SCAN",
                                                            "operator_cardinality": 161613,
                                                            "cumulative_rows_scanned": 3850116,
                                                            "operator_rows_scanned": 3850116,
                                                            "operator_timing": 0.02782938199999999,
                                                            "result_set_size": 1292904,
                                                            "children": []
                                                        }
                                                    ]
                                                }
                                            ]
                                        }
                                    ]
                                }
                            ]
                        }
                    ]
                }
            ]
        }
    ]
}