{
    "rows_returned": 322,
    "query_name": "\nWITH UserReputation AS (\n    SELECT \n        u.Id AS UserId,\n        u.DisplayName,\n        u.Reputation,\n        COALESCE(b.badge_count, 0) AS BadgeCount,\n        COALESCE(p.post_count, 0) AS PostCount\n    FROM \n        Users u\n    LEFT JOIN (\n        SELECT \n            UserId, \n            COUNT(*) AS badge_count \n        FROM \n            Badges \n        GROUP BY \n            UserId\n    ) b ON u.Id = b.UserId\n    LEFT JOIN (\n        SELECT \n            OwnerUserId AS UserId,\n            COUNT(*) AS post_count \n        FROM \n            Posts \n        WHERE \n            PostTypeId = 1\n        GROUP BY \n            OwnerUserId\n    ) p ON u.Id = p.UserId\n),\nTopUsers AS (\n    SELECT \n        UserId,\n        DisplayName,\n        Reputation,\n        BadgeCount,\n        PostCount\n    FROM \n        UserReputation\n    ORDER BY \n        Reputation DESC, \n        BadgeCount DESC, \n        PostCount DESC\n    LIMIT 10\n),\nPostDetails AS (\n    SELECT \n        p.Id AS PostId,\n        p.Title,\n        p.ViewCount,\n        p.Score,\n        p.CreationDate,\n        u.DisplayName AS OwnerDisplayName,\n        p.OwnerUserId\n    FROM \n        Posts p\n    JOIN \n        Users u ON p.OwnerUserId = u.Id\n    WHERE \n        p.PostTypeId = 1 \n        AND p.ViewCount > 100 \n)\nSELECT \n    u.DisplayName,\n    u.Reputation,\n    u.BadgeCount,\n    u.PostCount,\n    pd.PostId,\n    pd.Title,\n    pd.ViewCount,\n    pd.Score,\n    pd.CreationDate\nFROM \n    TopUsers u\nJOIN \n    PostDetails pd ON u.UserId = pd.OwnerUserId\nORDER BY \n    u.Reputation DESC, \n    pd.ViewCount DESC;\n",
    "blocked_thread_time": 0.0,
    "cpu_time": 3.1952608199999992,
    "extra_info": {},
    "cumulative_cardinality": 17270321,
    "cumulative_rows_scanned": 12543376,
    "result_set_size": 23184,
    "latency": 3.739635368,
    "children": [
        {
            "operator_name": "PROJECTION",
            "cpu_time": 3.1952608199999992,
            "extra_info": {
                "Projections": [
                    "#0",
                    "#1",
                    "#2",
                    "#3",
                    "#4",
                    "#5",
                    "#6",
                    "__internal_decompress_integral_integer(#7, -72)",
                    "#8"
                ],
                "Estimated Cardinality": "6"
            },
            "cumulative_cardinality": 17270321,
            "operator_type": "PROJECTION",
            "operator_cardinality": 322,
            "cumulative_rows_scanned": 12543376,
            "operator_rows_scanned": 0,
            "operator_timing": 0.000003847,
            "result_set_size": 23184,
            "children": [
                {
                    "operator_name": "ORDER_BY",
                    "cpu_time": 3.1952569729999993,
                    "extra_info": {
                        "Order By": [
                            "u.Reputation DESC",
                            "pd.ViewCount DESC"
                        ]
                    },
                    "cumulative_cardinality": 17269999,
                    "operator_type": "ORDER_BY",
                    "operator_cardinality": 322,
                    "cumulative_rows_scanned": 12543376,
                    "operator_rows_scanned": 0,
                    "operator_timing": 0.000092792,
                    "result_set_size": 22540,
                    "children": [
                        {
                            "operator_name": "PROJECTION",
                            "cpu_time": 3.1951641809999995,
                            "extra_info": {
                                "Projections": [
                                    "#0",
                                    "#1",
                                    "#2",
                                    "#3",
                                    "#4",
                                    "#5",
                                    "#6",
                                    "__internal_compress_integral_usmallint(#7, -72)",
                                    "#8"
                                ],
                                "Estimated Cardinality": "6"
                            },
                            "cumulative_cardinality": 17269677,
                            "operator_type": "PROJECTION",
                            "operator_cardinality": 322,
                            "cumulative_rows_scanned": 12543376,
                            "operator_rows_scanned": 0,
                            "operator_timing": 0.0000049,
                            "result_set_size": 22540,
                            "children": [
                                {
                                    "operator_name": "PROJECTION",
                                    "cpu_time": 3.1951592809999996,
                                    "extra_info": {
                                        "Projections": [
                                            "displayname",
                                            "reputation",
                                            "BadgeCount",
                                            "PostCount",
                                            "PostId",
                                            "title",
                                            "viewcount",
                                            "score",
                                            "creationdate"
                                        ],
                                        "Estimated Cardinality": "6"
                                    },
                                    "cumulative_cardinality": 17269355,
                                    "operator_type": "PROJECTION",
                                    "operator_cardinality": 322,
                                    "cumulative_rows_scanned": 12543376,
                                    "operator_rows_scanned": 0,
                                    "operator_timing": 0.000003016,
                                    "result_set_size": 23184,
                                    "children": [
                                        {
                                            "operator_name": "HASH_JOIN",
                                            "cpu_time": 3.1951562649999996,
                                            "extra_info": {
                                                "Join Type": "INNER",
                                                "Conditions": "owneruserid = UserId",
                                                "Estimated Cardinality": "6"
                                            },
                                            "cumulative_cardinality": 17269033,
                                            "operator_type": "HASH_JOIN",
                                            "operator_cardinality": 322,
                                            "cumulative_rows_scanned": 12543376,
                                            "operator_rows_scanned": 0,
                                            "operator_timing": 0.018366996,
                                            "result_set_size": 23184,
                                            "children": [
                                                {
                                                    "operator_name": "PROJECTION",
                                                    "cpu_time": 1.6997920299999991,
                                                    "extra_info": {
                                                        "Projections": [
                                                            "PostId",
                                                            "title",
                                                            "viewcount",
                                                            "score",
                                                            "creationdate",
                                                            "owneruserid"
                                                        ],
                                                        "Estimated Cardinality": "770023"
                                                    },
                                                    "cumulative_cardinality": 3363484,
                                                    "operator_type": "PROJECTION",
                                                    "operator_cardinality": 700935,
                                                    "cumulative_rows_scanned": 5110826,
                                                    "operator_rows_scanned": 0,
                                                    "operator_timing": 0.0012109020000000026,
                                                    "result_set_size": 28037400,
                                                    "children": [
                                                        {
                                                            "operator_name": "HASH_JOIN",
                                                            "cpu_time": 1.6985811279999992,
                                                            "extra_info": {
                                                                "Join Type": "INNER",
                                                                "Conditions": "owneruserid = id",
                                                                "Estimated Cardinality": "770023"
                                                            },
                                                            "cumulative_cardinality": 2662549,
                                                            "operator_type": "HASH_JOIN",
                                                            "operator_cardinality": 700935,
                                                            "cumulative_rows_scanned": 5110826,
                                                            "operator_rows_scanned": 0,
                                                            "operator_timing": 0.13683296099999975,
                                                            "result_set_size": 30841140,
                                                            "children": [
                                                                {
                                                                    "operator_name": "READ_PARQUET ",
                                                                    "cpu_time": 1.5470423129999993,
                                                                    "extra_info": {
                                                                        "Function": "READ_PARQUET",
                                                                        "Projections": [
                                                                            "id",
                                                                            "creationdate",
                                                                            "score",
                                                                            "viewcount",
                                                                            "owneruserid",
                                                                            "title"
                                                                        ],
                                                                        "Filters": [
                                                                            "posttypeid=1",
                                                                            "viewcount>100"
                                                                        ],
                                                                        "Estimated Cardinality": "770023"
                                                                    },
                                                                    "cumulative_cardinality": 700935,
                                                                    "operator_type": "TABLE_SCAN",
                                                                    "operator_cardinality": 700935,
                                                                    "cumulative_rows_scanned": 3850116,
                                                                    "operator_rows_scanned": 3850116,
                                                                    "operator_timing": 1.5470423129999993,
                                                                    "result_set_size": 28037400,
                                                                    "children": []
                                                                },
                                                                {
                                                                    "operator_name": "READ_PARQUET ",
                                                                    "cpu_time": 0.014705853999999966,
                                                                    "extra_info": {
                                                                        "Function": "READ_PARQUET",
                                                                        "Projections": "id",
                                                                        "Filters": "id<=1416539",
                                                                        "Estimated Cardinality": "1260710"
                                                                    },
                                                                    "cumulative_cardinality": 1260679,
                                                                    "operator_type": "TABLE_SCAN",
                                                                    "operator_cardinality": 1260679,
                                                                    "cumulative_rows_scanned": 1260710,
                                                                    "operator_rows_scanned": 1260710,
                                                                    "operator_timing": 0.014705853999999966,
                                                                    "result_set_size": 5042716,
                                                                    "children": []
                                                                }
                                                            ]
                                                        }
                                                    ]
                                                },
                                                {
                                                    "operator_name": "FILTER",
                                                    "cpu_time": 1.4769972390000004,
                                                    "extra_info": {
                                                        "Expression": "(UserId <= 1416539)",
                                                        "Estimated Cardinality": "10"
                                                    },
                                                    "cumulative_cardinality": 13905227,
                                                    "operator_type": "FILTER",
                                                    "operator_cardinality": 10,
                                                    "cumulative_rows_scanned": 7432550,
                                                    "operator_rows_scanned": 0,
                                                    "operator_timing": 0.000004919,
                                                    "result_set_size": 400,
                                                    "children": [
                                                        {
                                                            "operator_name": "STREAMING_LIMIT",
                                                            "cpu_time": 1.4769923200000004,
                                                            "extra_info": {},
                                                            "cumulative_cardinality": 13905217,
                                                            "operator_type": "STREAMING_LIMIT",
                                                            "operator_cardinality": 10,
                                                            "cumulative_rows_scanned": 7432550,
                                                            "operator_rows_scanned": 0,
                                                            "operator_timing": 0.000002025,
                                                            "result_set_size": 400,
                                                            "children": [
                                                                {
                                                                    "operator_name": "ORDER_BY",
                                                                    "cpu_time": 1.4769902950000005,
                                                                    "extra_info": {
                                                                        "Order By": [
                                                                            "UserReputation.Reputation DESC",
                                                                            "UserReputation.BadgeCount DESC",
                                                                            "UserReputation.PostCount DESC"
                                                                        ]
                                                                    },
                                                                    "cumulative_cardinality": 13905207,
                                                                    "operator_type": "ORDER_BY",
                                                                    "operator_cardinality": 4096,
                                                                    "cumulative_rows_scanned": 7432550,
                                                                    "operator_rows_scanned": 0,
                                                                    "operator_timing": 0.20022306899999998,
                                                                    "result_set_size": 163840,
                                                                    "children": [
                                                                        {
                                                                            "operator_name": "PROJECTION",
                                                                            "cpu_time": 1.2767672260000005,
                                                                            "extra_info": {
                                                                                "Projections": [
                                                                                    "UserId",
                                                                                    "displayname",
                                                                                    "reputation",
                                                                                    "BadgeCount",
                                                                                    "PostCount"
                                                                                ],
                                                                                "Estimated Cardinality": "1260710"
                                                                            },
                                                                            "cumulative_cardinality": 13901111,
                                                                            "operator_type": "PROJECTION",
                                                                            "operator_cardinality": 1260710,
                                                                            "cumulative_rows_scanned": 7432550,
                                                                            "operator_rows_scanned": 0,
                                                                            "operator_timing": 0.042349408000000026,
                                                                            "result_set_size": 50428400,
                                                                            "children": [
                                                                                {
                                                                                    "operator_name": "HASH_JOIN",
                                                                                    "cpu_time": 1.2344178180000005,
                                                                                    "extra_info": {
                                                                                        "Join Type": "LEFT",
                                                                                        "Conditions": "id = UserId",
                                                                                        "Estimated Cardinality": "1260710"
                                                                                    },
                                                                                    "cumulative_cardinality": 12640401,
                                                                                    "operator_type": "HASH_JOIN",
                                                                                    "operator_cardinality": 1260710,
                                                                                    "cumulative_rows_scanned": 7432550,
                                                                                    "operator_rows_scanned": 0,
                                                                                    "operator_timing": 0.10603570400000009,
                                                                                    "result_set_size": 50428400,
                                                                                    "children": [
                                                                                        {
                                                                                            "operator_name": "HASH_JOIN",
                                                                                            "cpu_time": 0.862537734,
                                                                                            "extra_info": {
                                                                                                "Join Type": "LEFT",
                                                                                                "Conditions": "id = userid",
                                                                                                "Estimated Cardinality": "1260710"
                                                                                            },
                                                                                            "cumulative_cardinality": 7713889,
                                                                                            "operator_type": "HASH_JOIN",
                                                                                            "operator_cardinality": 1260710,
                                                                                            "cumulative_rows_scanned": 3582434,
                                                                                            "operator_rows_scanned": 0,
                                                                                            "operator_timing": 0.12104494300000007,
                                                                                            "result_set_size": 40342720,
                                                                                            "children": [
                                                                                                {
                                                                                                    "operator_name": "READ_PARQUET ",
                                                                                                    "cpu_time": 0.18183606100000008,
                                                                                                    "extra_info": {
                                                                                                        "Function": "READ_PARQUET",
                                                                                                        "Projections": [
                                                                                                            "id",
                                                                                                            "reputation",
                                                                                                            "displayname"
                                                                                                        ],
                                                                                                        "Estimated Cardinality": "1260710"
                                                                                                    },
                                                                                                    "cumulative_cardinality": 1260710,
                                                                                                    "operator_type": "TABLE_SCAN",
                                                                                                    "operator_cardinality": 1260710,
                                                                                                    "cumulative_rows_scanned": 1260710,
                                                                                                    "operator_rows_scanned": 1260710,
                                                                                                    "operator_timing": 0.18183606100000008,
                                                                                                    "result_set_size": 30257040,
                                                                                                    "children": []
                                                                                                },
                                                                                                {
                                                                                                    "operator_name": "HASH_GROUP_BY",
                                                                                                    "cpu_time": 0.5596567299999998,
                                                                                                    "extra_info": {
                                                                                                        "Groups": "#0",
                                                                                                        "Aggregates": "count_star()",
                                                                                                        "Estimated Cardinality": "1160862"
                                                                                                    },
                                                                                                    "cumulative_cardinality": 5192469,
                                                                                                    "operator_type": "HASH_GROUP_BY",
                                                                                                    "operator_cardinality": 549021,
                                                                                                    "cumulative_rows_scanned": 2321724,
                                                                                                    "operator_rows_scanned": 0,
                                                                                                    "operator_timing": 0.1974041009999999,
                                                                                                    "result_set_size": 6588252,
                                                                                                    "children": [
                                                                                                        {
                                                                                                            "operator_name": "PROJECTION",
                                                                                                            "cpu_time": 0.36225262899999994,
                                                                                                            "extra_info": {
                                                                                                                "Projections": "userid",
                                                                                                                "Estimated Cardinality": "2321724"
                                                                                                            },
                                                                                                            "cumulative_cardinality": 4643448,
                                                                                                            "operator_type": "PROJECTION",
                                                                                                            "operator_cardinality": 2321724,
                                                                                                            "cumulative_rows_scanned": 2321724,
                                                                                                            "operator_rows_scanned": 0,
                                                                                                            "operator_timing": 0.00032300499999999996,
                                                                                                            "result_set_size": 9286896,
                                                                                                            "children": [
                                                                                                                {
                                                                                                                    "operator_name": "READ_PARQUET ",
                                                                                                                    "cpu_time": 0.36192962399999995,
                                                                                                                    "extra_info": {
                                                                                                                        "Function": "READ_PARQUET",
                                                                                                                        "Projections": "userid",
                                                                                                                        "Estimated Cardinality": "2321724"
                                                                                                                    },
                                                                                                                    "cumulative_cardinality": 2321724,
                                                                                                                    "operator_type": "TABLE_SCAN",
                                                                                                                    "operator_cardinality": 2321724,
                                                                                                                    "cumulative_rows_scanned": 2321724,
                                                                                                                    "operator_rows_scanned": 2321724,
                                                                                                                    "operator_timing": 0.36192962399999995,
                                                                                                                    "result_set_size": 9286896,
                                                                                                                    "children": []
                                                                                                                }
                                                                                                            ]
                                                                                                        }
                                                                                                    ]
                                                                                                }
                                                                                            ]
                                                                                        },
                                                                                        {
                                                                                            "operator_name": "HASH_GROUP_BY",
                                                                                            "cpu_time": 0.2658443800000005,
                                                                                            "extra_info": {
                                                                                                "Groups": "#0",
                                                                                                "Aggregates": "count_star()",
                                                                                                "Estimated Cardinality": "385011"
                                                                                            },
                                                                                            "cumulative_cardinality": 3665802,
                                                                                            "operator_type": "HASH_GROUP_BY",
                                                                                            "operator_cardinality": 329474,
                                                                                            "cumulative_rows_scanned": 3850116,
                                                                                            "operator_rows_scanned": 0,
                                                                                            "operator_timing": 0.08760357500000025,
                                                                                            "result_set_size": 3953688,
                                                                                            "children": [
                                                                                                {
                                                                                                    "operator_name": "PROJECTION",
                                                                                                    "cpu_time": 0.17824080500000022,
                                                                                                    "extra_info": {
                                                                                                        "Projections": "owneruserid",
                                                                                                        "Estimated Cardinality": "770023"
                                                                                                    },
                                                                                                    "cumulative_cardinality": 3336328,
                                                                                                    "operator_type": "PROJECTION",
                                                                                                    "operator_cardinality": 1668164,
                                                                                                    "cumulative_rows_scanned": 3850116,
                                                                                                    "operator_rows_scanned": 0,
                                                                                                    "operator_timing": 0.0004564419999999987,
                                                                                                    "result_set_size": 6672656,
                                                                                                    "children": [
                                                                                                        {
                                                                                                            "operator_name": "READ_PARQUET ",
                                                                                                            "cpu_time": 0.17778436300000022,
                                                                                                            "extra_info": {
                                                                                                                "Function": "READ_PARQUET",
                                                                                                                "Projections": "owneruserid",
                                                                                                                "Filters": "posttypeid=1",
                                                                                                                "Estimated Cardinality": "770023"
                                                                                                            },
                                                                                                            "cumulative_cardinality": 1668164,
                                                                                                            "operator_type": "TABLE_SCAN",
                                                                                                            "operator_cardinality": 1668164,
                                                                                                            "cumulative_rows_scanned": 3850116,
                                                                                                            "operator_rows_scanned": 3850116,
                                                                                                            "operator_timing": 0.17778436300000022,
                                                                                                            "result_set_size": 6672656,
                                                                                                            "children": []
                                                                                                        }
                                                                                                    ]
                                                                                                }
                                                                                            ]
                                                                                        }
                                                                                    ]
                                                                                }
                                                                            ]
                                                                        }
                                                                    ]
                                                                }
                                                            ]
                                                        }
                                                    ]
                                                }
                                            ]
                                        }
                                    ]
                                }
                            ]
                        }
                    ]
                }
            ]
        }
    ]
}