{
    "rows_returned": 10,
    "query_name": "WITH UserBadgeCounts AS (\n    SELECT \n        U.Id AS UserId,\n        U.DisplayName,\n        COUNT(B.Id) AS BadgeCount,\n        SUM(CASE WHEN B.Class = 1 THEN 1 ELSE 0 END) AS GoldBadges,\n        SUM(CASE WHEN B.Class = 2 THEN 1 ELSE 0 END) AS SilverBadges,\n        SUM(CASE WHEN B.Class = 3 THEN 1 ELSE 0 END) AS BronzeBadges\n    FROM \n        Users U\n    LEFT JOIN \n        Badges B ON U.Id = B.UserId\n    GROUP BY \n        U.Id, U.DisplayName\n), \nPostStats AS (\n    SELECT \n        P.OwnerUserId,\n        COUNT(P.Id) AS TotalPosts,\n        SUM(CASE WHEN P.PostTypeId = 1 THEN 1 ELSE 0 END) AS Questions,\n        SUM(CASE WHEN P.PostTypeId = 2 THEN 1 ELSE 0 END) AS Answers,\n        SUM(CASE WHEN P.PostTypeId = 3 THEN 1 ELSE 0 END) AS Wikis\n    FROM \n        Posts P\n    GROUP BY \n        P.OwnerUserId\n),\nUserActivity AS (\n    SELECT\n        U.Id AS UserId,\n        U.DisplayName,\n        COALESCE(UB.BadgeCount, 0) AS BadgeCount,\n        COALESCE(PS.TotalPosts, 0) AS TotalPosts,\n        COALESCE(PS.Questions, 0) AS TotalQuestions,\n        COALESCE(PS.Answers, 0) AS TotalAnswers,\n        COALESCE(PS.Wikis, 0) AS TotalWikis,\n        SUM(Vs.Score) AS TotalVotes\n    FROM\n        Users U\n    LEFT JOIN UserBadgeCounts UB ON U.Id = UB.UserId\n    LEFT JOIN PostStats PS ON U.Id = PS.OwnerUserId\n    LEFT JOIN (\n        SELECT \n            UserId,\n            SUM(CASE WHEN VoteTypeId = 2 THEN 1 ELSE 0 END) AS Score\n        FROM \n            Votes\n        GROUP BY \n            UserId\n    ) Vs ON U.Id = Vs.UserId\n    GROUP BY \n        U.Id, U.DisplayName, BadgeCount, TotalPosts, TotalQuestions, TotalAnswers, TotalWikis\n)\nSELECT \n    UserId,\n    DisplayName,\n    BadgeCount,\n    TotalPosts,\n    TotalQuestions,\n    TotalAnswers,\n    TotalWikis,\n    CASE \n        WHEN BadgeCount > 10 THEN 'Expert'\n        WHEN TotalPosts > 100 THEN 'Active'\n        ELSE 'Newbie'\n    END AS UserCategory\nFROM \n    UserActivity\nORDER BY \n    BadgeCount DESC, TotalPosts DESC\nLIMIT 10;\n",
    "blocked_thread_time": 0.0,
    "cpu_time": 3.5736109120000004,
    "extra_info": {},
    "cumulative_cardinality": 57097465,
    "cumulative_rows_scanned": 21437353,
    "result_set_size": 1000,
    "latency": 4.011292309,
    "children": [
        {
            "operator_name": "STREAMING_LIMIT",
            "cpu_time": 3.5736109120000004,
            "extra_info": {},
            "cumulative_cardinality": 57097465,
            "operator_type": "STREAMING_LIMIT",
            "operator_cardinality": 10,
            "cumulative_rows_scanned": 21437353,
            "operator_rows_scanned": 0,
            "operator_timing": 0.000001533,
            "result_set_size": 1000,
            "children": [
                {
                    "operator_name": "PROJECTION",
                    "cpu_time": 3.5736093790000005,
                    "extra_info": {
                        "Projections": [
                            "#0",
                            "#1",
                            "#2",
                            "#3",
                            "#4",
                            "#5",
                            "#6",
                            "__internal_decompress_string(#7)"
                        ],
                        "Estimated Cardinality": "1260710"
                    },
                    "cumulative_cardinality": 57097455,
                    "operator_type": "PROJECTION",
                    "operator_cardinality": 4096,
                    "cumulative_rows_scanned": 21437353,
                    "operator_rows_scanned": 0,
                    "operator_timing": 0.000041006,
                    "result_set_size": 409600,
                    "children": [
                        {
                            "operator_name": "ORDER_BY",
                            "cpu_time": 3.5735683730000005,
                            "extra_info": {
                                "Order By": [
                                    "UserActivity.BadgeCount DESC",
                                    "UserActivity.TotalPosts DESC"
                                ]
                            },
                            "cumulative_cardinality": 57093359,
                            "operator_type": "ORDER_BY",
                            "operator_cardinality": 4096,
                            "cumulative_rows_scanned": 21437353,
                            "operator_rows_scanned": 0,
                            "operator_timing": 0.078148837,
                            "result_set_size": 376832,
                            "children": [
                                {
                                    "operator_name": "PROJECTION",
                                    "cpu_time": 3.4954195360000004,
                                    "extra_info": {
                                        "Projections": [
                                            "#0",
                                            "#1",
                                            "#2",
                                            "#3",
                                            "#4",
                                            "#5",
                                            "#6",
                                            "__internal_compress_string_ubigint(#7)"
                                        ],
                                        "Estimated Cardinality": "1260710"
                                    },
                                    "cumulative_cardinality": 57089263,
                                    "operator_type": "PROJECTION",
                                    "operator_cardinality": 1260710,
                                    "cumulative_rows_scanned": 21437353,
                                    "operator_rows_scanned": 0,
                                    "operator_timing": 0.003772072000000002,
                                    "result_set_size": 115985320,
                                    "children": [
                                        {
                                            "operator_name": "PROJECTION",
                                            "cpu_time": 3.4916474640000006,
                                            "extra_info": {
                                                "Projections": [
                                                    "UserId",
                                                    "displayname",
                                                    "BadgeCount",
                                                    "TotalPosts",
                                                    "TotalQuestions",
                                                    "TotalAnswers",
                                                    "TotalWikis",
                                                    "UserCategory"
                                                ],
                                                "Estimated Cardinality": "1260710"
                                            },
                                            "cumulative_cardinality": 55828553,
                                            "operator_type": "PROJECTION",
                                            "operator_cardinality": 1260710,
                                            "cumulative_rows_scanned": 21437353,
                                            "operator_rows_scanned": 0,
                                            "operator_timing": 0.004444780000000001,
                                            "result_set_size": 126071000,
                                            "children": [
                                                {
                                                    "operator_name": "PROJECTION",
                                                    "cpu_time": 3.4872026840000006,
                                                    "extra_info": {
                                                        "Projections": [
                                                            "UserId",
                                                            "displayname",
                                                            "BadgeCount",
                                                            "TotalPosts",
                                                            "4",
                                                            "5",
                                                            "6"
                                                        ],
                                                        "Estimated Cardinality": "1260710"
                                                    },
                                                    "cumulative_cardinality": 54567843,
                                                    "operator_type": "PROJECTION",
                                                    "operator_cardinality": 1260710,
                                                    "cumulative_rows_scanned": 21437353,
                                                    "operator_rows_scanned": 0,
                                                    "operator_timing": 0.016125775000000016,
                                                    "result_set_size": 105899640,
                                                    "children": [
                                                        {
                                                            "operator_name": "HASH_GROUP_BY",
                                                            "cpu_time": 3.4710769090000007,
                                                            "extra_info": {
                                                                "Groups": [
                                                                    "#0",
                                                                    "#1",
                                                                    "#2",
                                                                    "#3",
                                                                    "#4",
                                                                    "#5",
                                                                    "#6"
                                                                ],
                                                                "Aggregates": "",
                                                                "Estimated Cardinality": "1260710"
                                                            },
                                                            "cumulative_cardinality": 53307133,
                                                            "operator_type": "HASH_GROUP_BY",
                                                            "operator_cardinality": 1260710,
                                                            "cumulative_rows_scanned": 21437353,
                                                            "operator_rows_scanned": 0,
                                                            "operator_timing": 0.35353972300000025,
                                                            "result_set_size": 105899640,
                                                            "children": [
                                                                {
                                                                    "operator_name": "PROJECTION",
                                                                    "cpu_time": 3.1175371860000003,
                                                                    "extra_info": {
                                                                        "Projections": [
                                                                            "id",
                                                                            "displayname",
                                                                            "BadgeCount",
                                                                            "TotalPosts",
                                                                            "TotalQuestions",
                                                                            "TotalAnswers",
                                                                            "TotalWikis"
                                                                        ],
                                                                        "Estimated Cardinality": "6372046"
                                                                    },
                                                                    "cumulative_cardinality": 52046423,
                                                                    "operator_type": "PROJECTION",
                                                                    "operator_cardinality": 1260710,
                                                                    "cumulative_rows_scanned": 21437353,
                                                                    "operator_rows_scanned": 0,
                                                                    "operator_timing": 0.025884072999999966,
                                                                    "result_set_size": 105899640,
                                                                    "children": [
                                                                        {
                                                                            "operator_name": "HASH_JOIN",
                                                                            "cpu_time": 3.0916531130000005,
                                                                            "extra_info": {
                                                                                "Join Type": "RIGHT",
                                                                                "Conditions": "userid = id",
                                                                                "Estimated Cardinality": "6372046"
                                                                            },
                                                                            "cumulative_cardinality": 50785713,
                                                                            "operator_type": "HASH_JOIN",
                                                                            "operator_cardinality": 1260710,
                                                                            "cumulative_rows_scanned": 21437353,
                                                                            "operator_rows_scanned": 0,
                                                                            "operator_timing": 0.20557634299999988,
                                                                            "result_set_size": 110942480,
                                                                            "children": [
                                                                                {
                                                                                    "operator_name": "HASH_GROUP_BY",
                                                                                    "cpu_time": 0.07875937400000019,
                                                                                    "extra_info": {
                                                                                        "Groups": "#0",
                                                                                        "Aggregates": "",
                                                                                        "Estimated Cardinality": "6372046"
                                                                                    },
                                                                                    "cumulative_cardinality": 25500329,
                                                                                    "operator_type": "HASH_GROUP_BY",
                                                                                    "operator_cardinality": 12143,
                                                                                    "cumulative_rows_scanned": 12744093,
                                                                                    "operator_rows_scanned": 0,
                                                                                    "operator_timing": 0.043262436000000196,
                                                                                    "result_set_size": 48572,
                                                                                    "children": [
                                                                                        {
                                                                                            "operator_name": "PROJECTION",
                                                                                            "cpu_time": 0.035496938,
                                                                                            "extra_info": {
                                                                                                "Projections": "userid",
                                                                                                "Estimated Cardinality": "12744093"
                                                                                            },
                                                                                            "cumulative_cardinality": 25488186,
                                                                                            "operator_type": "PROJECTION",
                                                                                            "operator_cardinality": 12744093,
                                                                                            "cumulative_rows_scanned": 12744093,
                                                                                            "operator_rows_scanned": 0,
                                                                                            "operator_timing": 0.0006646239999999585,
                                                                                            "result_set_size": 50976372,
                                                                                            "children": [
                                                                                                {
                                                                                                    "operator_name": "READ_PARQUET ",
                                                                                                    "cpu_time": 0.03483231400000004,
                                                                                                    "extra_info": {
                                                                                                        "Function": "READ_PARQUET",
                                                                                                        "Projections": "userid",
                                                                                                        "Estimated Cardinality": "12744093"
                                                                                                    },
                                                                                                    "cumulative_cardinality": 12744093,
                                                                                                    "operator_type": "TABLE_SCAN",
                                                                                                    "operator_cardinality": 12744093,
                                                                                                    "cumulative_rows_scanned": 12744093,
                                                                                                    "operator_rows_scanned": 12744093,
                                                                                                    "operator_timing": 0.03483231400000004,
                                                                                                    "result_set_size": 50976372,
                                                                                                    "children": []
                                                                                                }
                                                                                            ]
                                                                                        }
                                                                                    ]
                                                                                },
                                                                                {
                                                                                    "operator_name": "HASH_JOIN",
                                                                                    "cpu_time": 2.807317396,
                                                                                    "extra_info": {
                                                                                        "Join Type": "RIGHT",
                                                                                        "Conditions": "owneruserid = id",
                                                                                        "Estimated Cardinality": "1925058"
                                                                                    },
                                                                                    "cumulative_cardinality": 24024674,
                                                                                    "operator_type": "HASH_JOIN",
                                                                                    "operator_cardinality": 1260710,
                                                                                    "cumulative_rows_scanned": 8693260,
                                                                                    "operator_rows_scanned": 0,
                                                                                    "operator_timing": 0.193349435,
                                                                                    "result_set_size": 105899640,
                                                                                    "children": [
                                                                                        {
                                                                                            "operator_name": "HASH_GROUP_BY",
                                                                                            "cpu_time": 0.46487575200000014,
                                                                                            "extra_info": {
                                                                                                "Groups": "#0",
                                                                                                "Aggregates": [
                                                                                                    "count_star()",
                                                                                                    "sum(#1)",
                                                                                                    "sum(#2)",
                                                                                                    "sum(#3)"
                                                                                                ],
                                                                                                "Estimated Cardinality": "1925058"
                                                                                            },
                                                                                            "cumulative_cardinality": 8071864,
                                                                                            "operator_type": "HASH_GROUP_BY",
                                                                                            "operator_cardinality": 371632,
                                                                                            "cumulative_rows_scanned": 3850116,
                                                                                            "operator_rows_scanned": 0,
                                                                                            "operator_timing": 0.2622543539999999,
                                                                                            "result_set_size": 22297920,
                                                                                            "children": [
                                                                                                {
                                                                                                    "operator_name": "PROJECTION",
                                                                                                    "cpu_time": 0.20262139800000023,
                                                                                                    "extra_info": {
                                                                                                        "Projections": [
                                                                                                            "owneruserid",
                                                                                                            "CASE  WHEN ((posttypeid = 1)) THEN (1) ELSE 0 END",
                                                                                                            "CASE  WHEN ((posttypeid = 2)) THEN (1) ELSE 0 END",
                                                                                                            "CASE  WHEN ((posttypeid = 3)) THEN (1) ELSE 0 END"
                                                                                                        ],
                                                                                                        "Estimated Cardinality": "3850116"
                                                                                                    },
                                                                                                    "cumulative_cardinality": 7700232,
                                                                                                    "operator_type": "PROJECTION",
                                                                                                    "operator_cardinality": 3850116,
                                                                                                    "cumulative_rows_scanned": 3850116,
                                                                                                    "operator_rows_scanned": 0,
                                                                                                    "operator_timing": 0.10198678300000008,
                                                                                                    "result_set_size": 61601856,
                                                                                                    "children": [
                                                                                                        {
                                                                                                            "operator_name": "READ_PARQUET ",
                                                                                                            "cpu_time": 0.10063461500000015,
                                                                                                            "extra_info": {
                                                                                                                "Function": "READ_PARQUET",
                                                                                                                "Projections": [
                                                                                                                    "id",
                                                                                                                    "posttypeid",
                                                                                                                    "owneruserid"
                                                                                                                ],
                                                                                                                "Estimated Cardinality": "3850116"
                                                                                                            },
                                                                                                            "cumulative_cardinality": 3850116,
                                                                                                            "operator_type": "TABLE_SCAN",
                                                                                                            "operator_cardinality": 3850116,
                                                                                                            "cumulative_rows_scanned": 3850116,
                                                                                                            "operator_rows_scanned": 3850116,
                                                                                                            "operator_timing": 0.10063461500000015,
                                                                                                            "result_set_size": 38501160,
                                                                                                            "children": []
                                                                                                        }
                                                                                                    ]
                                                                                                }
                                                                                            ]
                                                                                        },
                                                                                        {
                                                                                            "operator_name": "HASH_JOIN",
                                                                                            "cpu_time": 2.149092209,
                                                                                            "extra_info": {
                                                                                                "Join Type": "LEFT",
                                                                                                "Conditions": "id = UserId",
                                                                                                "Estimated Cardinality": "1260710"
                                                                                            },
                                                                                            "cumulative_cardinality": 14692100,
                                                                                            "operator_type": "HASH_JOIN",
                                                                                            "operator_cardinality": 1260710,
                                                                                            "cumulative_rows_scanned": 4843144,
                                                                                            "operator_rows_scanned": 0,
                                                                                            "operator_timing": 0.14814937799999997,
                                                                                            "result_set_size": 35299880,
                                                                                            "children": [
                                                                                                {
                                                                                                    "operator_name": "READ_PARQUET ",
                                                                                                    "cpu_time": 0.1488836349999999,
                                                                                                    "extra_info": {
                                                                                                        "Function": "READ_PARQUET",
                                                                                                        "Projections": [
                                                                                                            "id",
                                                                                                            "displayname"
                                                                                                        ],
                                                                                                        "Estimated Cardinality": "1260710"
                                                                                                    },
                                                                                                    "cumulative_cardinality": 1260710,
                                                                                                    "operator_type": "TABLE_SCAN",
                                                                                                    "operator_cardinality": 1260710,
                                                                                                    "cumulative_rows_scanned": 1260710,
                                                                                                    "operator_rows_scanned": 1260710,
                                                                                                    "operator_timing": 0.1488836349999999,
                                                                                                    "result_set_size": 25214200,
                                                                                                    "children": []
                                                                                                },
                                                                                                {
                                                                                                    "operator_name": "PROJECTION",
                                                                                                    "cpu_time": 1.8520591960000004,
                                                                                                    "extra_info": {
                                                                                                        "Projections": [
                                                                                                            "UserId",
                                                                                                            "BadgeCount"
                                                                                                        ],
                                                                                                        "Estimated Cardinality": "1260710"
                                                                                                    },
                                                                                                    "cumulative_cardinality": 12170680,
                                                                                                    "operator_type": "PROJECTION",
                                                                                                    "operator_cardinality": 1260710,
                                                                                                    "cumulative_rows_scanned": 3582434,
                                                                                                    "operator_rows_scanned": 0,
                                                                                                    "operator_timing": 0.00017331999999999992,
                                                                                                    "result_set_size": 15128520,
                                                                                                    "children": [
                                                                                                        {
                                                                                                            "operator_name": "HASH_GROUP_BY",
                                                                                                            "cpu_time": 1.8518858760000003,
                                                                                                            "extra_info": {
                                                                                                                "Groups": [
                                                                                                                    "#0",
                                                                                                                    "#1"
                                                                                                                ],
                                                                                                                "Aggregates": "count(#2)",
                                                                                                                "Estimated Cardinality": "1260710"
                                                                                                            },
                                                                                                            "cumulative_cardinality": 10909970,
                                                                                                            "operator_type": "HASH_GROUP_BY",
                                                                                                            "operator_cardinality": 1260710,
                                                                                                            "cumulative_rows_scanned": 3582434,
                                                                                                            "operator_rows_scanned": 0,
                                                                                                            "operator_timing": 0.5185621439999999,
                                                                                                            "result_set_size": 35299880,
                                                                                                            "children": [
                                                                                                                {
                                                                                                                    "operator_name": "PROJECTION",
                                                                                                                    "cpu_time": 1.3333237320000004,
                                                                                                                    "extra_info": {
                                                                                                                        "Projections": [
                                                                                                                            "id",
                                                                                                                            "displayname",
                                                                                                                            "id"
                                                                                                                        ],
                                                                                                                        "Estimated Cardinality": "2321724"
                                                                                                                    },
                                                                                                                    "cumulative_cardinality": 9649260,
                                                                                                                    "operator_type": "PROJECTION",
                                                                                                                    "operator_cardinality": 3033413,
                                                                                                                    "cumulative_rows_scanned": 3582434,
                                                                                                                    "operator_rows_scanned": 0,
                                                                                                                    "operator_timing": 0.0008937759999999997,
                                                                                                                    "result_set_size": 72801912,
                                                                                                                    "children": [
                                                                                                                        {
                                                                                                                            "operator_name": "HASH_JOIN",
                                                                                                                            "cpu_time": 1.3324299560000004,
                                                                                                                            "extra_info": {
                                                                                                                                "Join Type": "RIGHT",
                                                                                                                                "Conditions": "userid = id",
                                                                                                                                "Estimated Cardinality": "2321724"
                                                                                                                            },
                                                                                                                            "cumulative_cardinality": 6615847,
                                                                                                                            "operator_type": "HASH_JOIN",
                                                                                                                            "operator_cardinality": 3033413,
                                                                                                                            "cumulative_rows_scanned": 3582434,
                                                                                                                            "operator_rows_scanned": 0,
                                                                                                                            "operator_timing": 0.32613226099999976,
                                                                                                                            "result_set_size": 72801912,
                                                                                                                            "children": [
                                                                                                                                {
                                                                                                                                    "operator_name": "READ_PARQUET ",
                                                                                                                                    "cpu_time": 0.8603292890000004,
                                                                                                                                    "extra_info": {
                                                                                                                                        "Function": "READ_PARQUET",
                                                                                                                                        "Projections": [
                                                                                                                                            "id",
                                                                                                                                            "userid"
                                                                                                                                        ],
                                                                                                                                        "Estimated Cardinality": "2321724"
                                                                                                                                    },
                                                                                                                                    "cumulative_cardinality": 2321724,
                                                                                                                                    "operator_type": "TABLE_SCAN",
                                                                                                                                    "operator_cardinality": 2321724,
                                                                                                                                    "cumulative_rows_scanned": 2321724,
                                                                                                                                    "operator_rows_scanned": 2321724,
                                                                                                                                    "operator_timing": 0.8603292890000004,
                                                                                                                                    "result_set_size": 18573792,
                                                                                                                                    "children": []
                                                                                                                                },
                                                                                                                                {
                                                                                                                                    "operator_name": "READ_PARQUET ",
                                                                                                                                    "cpu_time": 0.1459684060000002,
                                                                                                                                    "extra_info": {
                                                                                                                                        "Function": "READ_PARQUET",
                                                                                                                                        "Projections": [
                                                                                                                                            "id",
                                                                                                                                            "displayname"
                                                                                                                                        ],
                                                                                                                                        "Estimated Cardinality": "1260710"
                                                                                                                                    },
                                                                                                                                    "cumulative_cardinality": 1260710,
                                                                                                                                    "operator_type": "TABLE_SCAN",
                                                                                                                                    "operator_cardinality": 1260710,
                                                                                                                                    "cumulative_rows_scanned": 1260710,
                                                                                                                                    "operator_rows_scanned": 1260710,
                                                                                                                                    "operator_timing": 0.1459684060000002,
                                                                                                                                    "result_set_size": 25214200,
                                                                                                                                    "children": []
                                                                                                                                }
                                                                                                                            ]
                                                                                                                        }
                                                                                                                    ]
                                                                                                                }
                                                                                                            ]
                                                                                                        }
                                                                                                    ]
                                                                                                }
                                                                                            ]
                                                                                        }
                                                                                    ]
                                                                                }
                                                                            ]
                                                                        }
                                                                    ]
                                                                }
                                                            ]
                                                        }
                                                    ]
                                                }
                                            ]
                                        }
                                    ]
                                }
                            ]
                        }
                    ]
                }
            ]
        }
    ]
}