{
    "rows_returned": 1976,
    "query_name": "WITH TagStats AS (\n    SELECT \n        t.TagName,\n        COUNT(p.Id) AS PostCount,\n        SUM(CASE WHEN p.PostTypeId = 1 THEN 1 ELSE 0 END) AS QuestionCount,\n        SUM(CASE WHEN p.PostTypeId = 2 THEN 1 ELSE 0 END) AS AnswerCount,\n        AVG(COALESCE(p.Score, 0)) AS AverageScore\n    FROM \n        Tags t\n    LEFT JOIN \n        Posts p ON p.Tags LIKE '%' || t.TagName || '%'\n    GROUP BY \n        t.TagName\n), \nUserReputation AS (\n    SELECT \n        u.Id AS UserId, \n        u.DisplayName, \n        SUM(b.Class) AS TotalBadgeClass,\n        AVG(u.Reputation) AS AverageReputation\n    FROM \n        Users u\n    LEFT JOIN \n        Badges b ON b.UserId = u.Id\n    GROUP BY \n        u.Id, u.DisplayName\n)\nSELECT \n    ts.TagName,\n    ts.PostCount,\n    ts.QuestionCount,\n    ts.AnswerCount,\n    ts.AverageScore,\n    ur.DisplayName AS TopUser,\n    ur.TotalBadgeClass,\n    ur.AverageReputation\nFROM \n    TagStats ts\nJOIN \n    UserReputation ur ON ur.AverageReputation = (SELECT MAX(AverageReputation) FROM UserReputation)\nWHERE \n    ts.PostCount > 0\nORDER BY \n    ts.PostCount DESC, ts.AverageScore DESC;\n",
    "blocked_thread_time": 0.0,
    "cpu_time": 532.506759291017,
    "extra_info": {},
    "cumulative_cardinality": 28825337,
    "cumulative_rows_scanned": 7434526,
    "result_set_size": 205504,
    "latency": 542.807146125,
    "children": [
        {
            "operator_name": "ORDER_BY",
            "cpu_time": 532.506759291017,
            "extra_info": {
                "Order By": [
                    "ts.PostCount DESC",
                    "ts.AverageScore DESC"
                ]
            },
            "cumulative_cardinality": 28825337,
            "operator_type": "ORDER_BY",
            "operator_cardinality": 1976,
            "cumulative_rows_scanned": 7434526,
            "operator_rows_scanned": 0,
            "operator_timing": 0.000249025,
            "result_set_size": 205504,
            "children": [
                {
                    "operator_name": "PROJECTION",
                    "cpu_time": 532.506510266017,
                    "extra_info": {
                        "Projections": [
                            "tagname",
                            "PostCount",
                            "QuestionCount",
                            "AnswerCount",
                            "AverageScore",
                            "TopUser",
                            "TotalBadgeClass",
                            "AverageReputation"
                        ],
                        "Estimated Cardinality": "1260710"
                    },
                    "cumulative_cardinality": 28823361,
                    "operator_type": "PROJECTION",
                    "operator_cardinality": 1976,
                    "cumulative_rows_scanned": 7434526,
                    "operator_rows_scanned": 0,
                    "operator_timing": 0.000001021,
                    "result_set_size": 205504,
                    "children": [
                        {
                            "operator_name": "CTE",
                            "cpu_time": 532.506509245017,
                            "extra_info": {
                                "CTE Name": "UserReputation",
                                "Table Index": "0"
                            },
                            "cumulative_cardinality": 28821385,
                            "operator_type": "CTE",
                            "operator_cardinality": 0,
                            "cumulative_rows_scanned": 7434526,
                            "operator_rows_scanned": 0,
                            "operator_timing": 0.025716233000000005,
                            "result_set_size": 0,
                            "children": [
                                {
                                    "operator_name": "HASH_GROUP_BY",
                                    "cpu_time": 2.316635945000001,
                                    "extra_info": {
                                        "Groups": [
                                            "#0",
                                            "#1"
                                        ],
                                        "Aggregates": [
                                            "sum(#2)",
                                            "avg(#3)"
                                        ],
                                        "Estimated Cardinality": "1260710"
                                    },
                                    "cumulative_cardinality": 10909970,
                                    "operator_type": "HASH_GROUP_BY",
                                    "operator_cardinality": 1260710,
                                    "cumulative_rows_scanned": 3582434,
                                    "operator_rows_scanned": 0,
                                    "operator_timing": 0.5991241940000004,
                                    "result_set_size": 55471240,
                                    "children": [
                                        {
                                            "operator_name": "PROJECTION",
                                            "cpu_time": 1.7175117510000009,
                                            "extra_info": {
                                                "Projections": [
                                                    "id",
                                                    "displayname",
                                                    "class",
                                                    "reputation"
                                                ],
                                                "Estimated Cardinality": "2321724"
                                            },
                                            "cumulative_cardinality": 9649260,
                                            "operator_type": "PROJECTION",
                                            "operator_cardinality": 3033413,
                                            "cumulative_rows_scanned": 3582434,
                                            "operator_rows_scanned": 0,
                                            "operator_timing": 0.0008215630000000002,
                                            "result_set_size": 78868738,
                                            "children": [
                                                {
                                                    "operator_name": "HASH_JOIN",
                                                    "cpu_time": 1.716690188000001,
                                                    "extra_info": {
                                                        "Join Type": "RIGHT",
                                                        "Conditions": "userid = id",
                                                        "Estimated Cardinality": "2321724"
                                                    },
                                                    "cumulative_cardinality": 6615847,
                                                    "operator_type": "HASH_JOIN",
                                                    "operator_cardinality": 3033413,
                                                    "cumulative_rows_scanned": 3582434,
                                                    "operator_rows_scanned": 0,
                                                    "operator_timing": 0.34143499600000005,
                                                    "result_set_size": 78868738,
                                                    "children": [
                                                        {
                                                            "operator_name": "READ_PARQUET ",
                                                            "cpu_time": 0.067178022,
                                                            "extra_info": {
                                                                "Function": "READ_PARQUET",
                                                                "Projections": [
                                                                    "userid",
                                                                    "class"
                                                                ],
                                                                "Estimated Cardinality": "2321724"
                                                            },
                                                            "cumulative_cardinality": 2321724,
                                                            "operator_type": "TABLE_SCAN",
                                                            "operator_cardinality": 2321724,
                                                            "cumulative_rows_scanned": 2321724,
                                                            "operator_rows_scanned": 2321724,
                                                            "operator_timing": 0.067178022,
                                                            "result_set_size": 13930344,
                                                            "children": []
                                                        },
                                                        {
                                                            "operator_name": "READ_PARQUET ",
                                                            "cpu_time": 1.308077170000001,
                                                            "extra_info": {
                                                                "Function": "READ_PARQUET",
                                                                "Projections": [
                                                                    "id",
                                                                    "reputation",
                                                                    "displayname"
                                                                ],
                                                                "Estimated Cardinality": "1260710"
                                                            },
                                                            "cumulative_cardinality": 1260710,
                                                            "operator_type": "TABLE_SCAN",
                                                            "operator_cardinality": 1260710,
                                                            "cumulative_rows_scanned": 1260710,
                                                            "operator_rows_scanned": 1260710,
                                                            "operator_timing": 1.308077170000001,
                                                            "result_set_size": 30257040,
                                                            "children": []
                                                        }
                                                    ]
                                                }
                                            ]
                                        }
                                    ]
                                },
                                {
                                    "operator_name": "CROSS_PRODUCT",
                                    "cpu_time": 530.164157067017,
                                    "extra_info": {},
                                    "cumulative_cardinality": 17911415,
                                    "operator_type": "CROSS_PRODUCT",
                                    "operator_cardinality": 1976,
                                    "cumulative_rows_scanned": 3852092,
                                    "operator_rows_scanned": 0,
                                    "operator_timing": 0.00004436300000000001,
                                    "result_set_size": 229216,
                                    "children": [
                                        {
                                            "operator_name": "FILTER",
                                            "cpu_time": 530.1332770350169,
                                            "extra_info": {
                                                "Expression": "(PostCount > 0)",
                                                "Estimated Cardinality": "395"
                                            },
                                            "cumulative_cardinality": 14127304,
                                            "operator_type": "FILTER",
                                            "operator_cardinality": 1976,
                                            "cumulative_rows_scanned": 3852092,
                                            "operator_rows_scanned": 0,
                                            "operator_timing": 0.00000594,
                                            "result_set_size": 126464,
                                            "children": [
                                                {
                                                    "operator_name": "HASH_GROUP_BY",
                                                    "cpu_time": 530.1332710950169,
                                                    "extra_info": {
                                                        "Groups": "#0",
                                                        "Aggregates": [
                                                            "count(#1)",
                                                            "sum(#2)",
                                                            "sum(#3)",
                                                            "avg(#4)"
                                                        ],
                                                        "Estimated Cardinality": "1976"
                                                    },
                                                    "cumulative_cardinality": 14125328,
                                                    "operator_type": "HASH_GROUP_BY",
                                                    "operator_cardinality": 1976,
                                                    "cumulative_rows_scanned": 3852092,
                                                    "operator_rows_scanned": 0,
                                                    "operator_timing": 0.19789498199999914,
                                                    "result_set_size": 126464,
                                                    "children": [
                                                        {
                                                            "operator_name": "PROJECTION",
                                                            "cpu_time": 529.9353761130169,
                                                            "extra_info": {
                                                                "Projections": [
                                                                    "tagname",
                                                                    "id",
                                                                    "CASE  WHEN ((posttypeid = 1)) THEN (1) ELSE 0 END",
                                                                    "CASE  WHEN ((posttypeid = 2)) THEN (1) ELSE 0 END",
                                                                    "COALESCE(score, 0)"
                                                                ],
                                                                "Estimated Cardinality": "3850116"
                                                            },
                                                            "cumulative_cardinality": 14123352,
                                                            "operator_type": "PROJECTION",
                                                            "operator_cardinality": 5135630,
                                                            "cumulative_rows_scanned": 3852092,
                                                            "operator_rows_scanned": 0,
                                                            "operator_timing": 0.11807058900000038,
                                                            "result_set_size": 164340160,
                                                            "children": [
                                                                {
                                                                    "operator_name": "BLOCKWISE_NL_JOIN",
                                                                    "cpu_time": 529.8173055240169,
                                                                    "extra_info": {
                                                                        "Join Type": "RIGHT",
                                                                        "Condition": "(tags ~~ (('%' || tagname) || '%'))"
                                                                    },
                                                                    "cumulative_cardinality": 8987722,
                                                                    "operator_type": "BLOCKWISE_NL_JOIN",
                                                                    "operator_cardinality": 5135630,
                                                                    "cumulative_rows_scanned": 3852092,
                                                                    "operator_rows_scanned": 0,
                                                                    "operator_timing": 526.921497098017,
                                                                    "result_set_size": 215696460,
                                                                    "children": [
                                                                        {
                                                                            "operator_name": "READ_PARQUET ",
                                                                            "cpu_time": 2.895260540999992,
                                                                            "extra_info": {
                                                                                "Function": "READ_PARQUET",
                                                                                "Projections": [
                                                                                    "id",
                                                                                    "posttypeid",
                                                                                    "score",
                                                                                    "tags"
                                                                                ],
                                                                                "Estimated Cardinality": "3850116"
                                                                            },
                                                                            "cumulative_cardinality": 3850116,
                                                                            "operator_type": "TABLE_SCAN",
                                                                            "operator_cardinality": 3850116,
                                                                            "cumulative_rows_scanned": 3850116,
                                                                            "operator_rows_scanned": 3850116,
                                                                            "operator_timing": 2.895260540999992,
                                                                            "result_set_size": 100103016,
                                                                            "children": []
                                                                        },
                                                                        {
                                                                            "operator_name": "READ_PARQUET ",
                                                                            "cpu_time": 0.000547885,
                                                                            "extra_info": {
                                                                                "Function": "READ_PARQUET",
                                                                                "Projections": "tagname",
                                                                                "Estimated Cardinality": "1976"
                                                                            },
                                                                            "cumulative_cardinality": 1976,
                                                                            "operator_type": "TABLE_SCAN",
                                                                            "operator_cardinality": 1976,
                                                                            "cumulative_rows_scanned": 1976,
                                                                            "operator_rows_scanned": 1976,
                                                                            "operator_timing": 0.000547885,
                                                                            "result_set_size": 31616,
                                                                            "children": []
                                                                        }
                                                                    ]
                                                                }
                                                            ]
                                                        }
                                                    ]
                                                }
                                            ]
                                        },
                                        {
                                            "operator_name": "HASH_JOIN",
                                            "cpu_time": 0.03083566899999999,
                                            "extra_info": {
                                                "Join Type": "INNER",
                                                "Conditions": "AverageReputation = SUBQUERY",
                                                "Estimated Cardinality": "1"
                                            },
                                            "cumulative_cardinality": 3782135,
                                            "operator_type": "HASH_JOIN",
                                            "operator_cardinality": 1,
                                            "cumulative_rows_scanned": 0,
                                            "operator_rows_scanned": 0,
                                            "operator_timing": 0.010771618999999991,
                                            "result_set_size": 52,
                                            "children": [
                                                {
                                                    "operator_name": "CTE_SCAN",
                                                    "cpu_time": 0.005185989999999996,
                                                    "extra_info": {
                                                        "CTE Index": "0",
                                                        "Estimated Cardinality": "1260710"
                                                    },
                                                    "cumulative_cardinality": 1260710,
                                                    "operator_type": "CTE_SCAN",
                                                    "operator_cardinality": 1260710,
                                                    "cumulative_rows_scanned": 0,
                                                    "operator_rows_scanned": 0,
                                                    "operator_timing": 0.005185989999999996,
                                                    "result_set_size": 55471240,
                                                    "children": []
                                                },
                                                {
                                                    "operator_name": "PROJECTION",
                                                    "cpu_time": 0.014878060000000004,
                                                    "extra_info": {
                                                        "Projections": [
                                                            "CASE  WHEN ((#1 > 1)) THEN (error('More than one row returned by a subquery used as an expression - scalar subqueries can only return a single row.",
                                                            "Use \"SET scalar_subquery_error_on_multiple_rows=false\" to revert to previous behavior of returning a random row.')) ELSE #0 END"
                                                        ],
                                                        "Estimated Cardinality": "1"
                                                    },
                                                    "cumulative_cardinality": 2521424,
                                                    "operator_type": "PROJECTION",
                                                    "operator_cardinality": 1,
                                                    "cumulative_rows_scanned": 0,
                                                    "operator_rows_scanned": 0,
                                                    "operator_timing": 0.00000491,
                                                    "result_set_size": 8,
                                                    "children": [
                                                        {
                                                            "operator_name": "UNGROUPED_AGGREGATE",
                                                            "cpu_time": 0.014873150000000003,
                                                            "extra_info": {
                                                                "Aggregates": [
                                                                    "\"first\"(#0)",
                                                                    "count_star()"
                                                                ]
                                                            },
                                                            "cumulative_cardinality": 2521423,
                                                            "operator_type": "UNGROUPED_AGGREGATE",
                                                            "operator_cardinality": 1,
                                                            "cumulative_rows_scanned": 0,
                                                            "operator_rows_scanned": 0,
                                                            "operator_timing": 0.0000025850000000000002,
                                                            "result_set_size": 16,
                                                            "children": [
                                                                {
                                                                    "operator_name": "PROJECTION",
                                                                    "cpu_time": 0.014870565000000004,
                                                                    "extra_info": {
                                                                        "Projections": "#0",
                                                                        "Estimated Cardinality": "1"
                                                                    },
                                                                    "cumulative_cardinality": 2521422,
                                                                    "operator_type": "PROJECTION",
                                                                    "operator_cardinality": 1,
                                                                    "cumulative_rows_scanned": 0,
                                                                    "operator_rows_scanned": 0,
                                                                    "operator_timing": 2.21e-7,
                                                                    "result_set_size": 8,
                                                                    "children": [
                                                                        {
                                                                            "operator_name": "UNGROUPED_AGGREGATE",
                                                                            "cpu_time": 0.014870344000000004,
                                                                            "extra_info": {
                                                                                "Aggregates": "max(#0)"
                                                                            },
                                                                            "cumulative_cardinality": 2521421,
                                                                            "operator_type": "UNGROUPED_AGGREGATE",
                                                                            "operator_cardinality": 1,
                                                                            "cumulative_rows_scanned": 0,
                                                                            "operator_rows_scanned": 0,
                                                                            "operator_timing": 0.009138779000000005,
                                                                            "result_set_size": 8,
                                                                            "children": [
                                                                                {
                                                                                    "operator_name": "PROJECTION",
                                                                                    "cpu_time": 0.005731564999999999,
                                                                                    "extra_info": {
                                                                                        "Projections": "AverageReputation",
                                                                                        "Estimated Cardinality": "1260710"
                                                                                    },
                                                                                    "cumulative_cardinality": 2521420,
                                                                                    "operator_type": "PROJECTION",
                                                                                    "operator_cardinality": 1260710,
                                                                                    "cumulative_rows_scanned": 0,
                                                                                    "operator_rows_scanned": 0,
                                                                                    "operator_timing": 0.00007540999999999963,
                                                                                    "result_set_size": 10085680,
                                                                                    "children": [
                                                                                        {
                                                                                            "operator_name": "CTE_SCAN",
                                                                                            "cpu_time": 0.0056561549999999995,
                                                                                            "extra_info": {
                                                                                                "CTE Index": "0",
                                                                                                "Estimated Cardinality": "1260710"
                                                                                            },
                                                                                            "cumulative_cardinality": 1260710,
                                                                                            "operator_type": "CTE_SCAN",
                                                                                            "operator_cardinality": 1260710,
                                                                                            "cumulative_rows_scanned": 0,
                                                                                            "operator_rows_scanned": 0,
                                                                                            "operator_timing": 0.0056561549999999995,
                                                                                            "result_set_size": 55471240,
                                                                                            "children": []
                                                                                        }
                                                                                    ]
                                                                                }
                                                                            ]
                                                                        }
                                                                    ]
                                                                }
                                                            ]
                                                        }
                                                    ]
                                                }
                                            ]
                                        }
                                    ]
                                }
                            ]
                        }
                    ]
                }
            ]
        }
    ]
}