{
    "rows_returned": 58191,
    "query_name": "\nWITH PostDetails AS (\n    SELECT \n        p.Id AS PostId,\n        p.Title,\n        p.CreationDate,\n        p.ViewCount,\n        p.Tags,\n        u.DisplayName AS OwnerDisplayName,\n        COALESCE(a.Id, -1) AS AcceptedAnswerId,\n        COALESCE(a.Title, 'No Accepted Answer') AS AcceptedAnswerTitle,\n        COUNT(c.Id) AS CommentCount,\n        COUNT(v.Id) AS VoteCount,\n        STRING_AGG(DISTINCT pt.Name, ', ') AS PostTypeName,\n        STRING_AGG(DISTINCT t.TagName, ', ') AS TagsList\n    FROM \n        Posts p\n    LEFT JOIN \n        Users u ON p.OwnerUserId = u.Id\n    LEFT JOIN \n        Posts a ON p.AcceptedAnswerId = a.Id\n    LEFT JOIN \n        Comments c ON p.Id = c.PostId\n    LEFT JOIN \n        Votes v ON p.Id = v.PostId\n    LEFT JOIN \n        PostTypes pt ON p.PostTypeId = pt.Id\n    LEFT JOIN \n        (SELECT Id, unnest(string_to_array(substring(Tags, 2, length(Tags)-2), '><')) AS TagName \n         FROM Posts) t \n    ON p.Id = t.Id\n    GROUP BY \n        p.Id, \n        p.Title, \n        p.CreationDate, \n        p.ViewCount, \n        p.Tags, \n        u.DisplayName, \n        a.Id, \n        a.Title\n),\nAggregatePostStats AS (\n    SELECT \n        OwnerDisplayName,\n        COUNT(PostId) AS TotalPosts,\n        SUM(ViewCount) AS TotalViews,\n        SUM(CommentCount) AS TotalComments,\n        AVG(ViewCount) AS AvgViewCount\n    FROM \n        PostDetails\n    GROUP BY \n        OwnerDisplayName\n    ORDER BY \n        TotalPosts DESC\n)\nSELECT \n    aps.OwnerDisplayName,\n    aps.TotalPosts,\n    aps.TotalViews,\n    aps.TotalComments,\n    aps.AvgViewCount\nFROM \n    AggregatePostStats aps\nWHERE \n    aps.TotalPosts > 5\nORDER BY \n    aps.TotalViews DESC;\n",
    "blocked_thread_time": 0.0,
    "cpu_time": 21.30328972900285,
    "extra_info": {},
    "cumulative_cardinality": 267104835,
    "cumulative_rows_scanned": 32796981,
    "result_set_size": 3724224,
    "latency": 27.215231334,
    "children": [
        {
            "operator_name": "ORDER_BY",
            "cpu_time": 21.30328972900285,
            "extra_info": {
                "Order By": "aps.TotalViews DESC"
            },
            "cumulative_cardinality": 267104835,
            "operator_type": "ORDER_BY",
            "operator_cardinality": 58191,
            "cumulative_rows_scanned": 32796981,
            "operator_rows_scanned": 0,
            "operator_timing": 0.002791914999999999,
            "result_set_size": 3724224,
            "children": [
                {
                    "operator_name": "ORDER_BY",
                    "cpu_time": 21.30049781400285,
                    "extra_info": {
                        "Order By": "count(PostDetails.PostId) DESC"
                    },
                    "cumulative_cardinality": 267046644,
                    "operator_type": "ORDER_BY",
                    "operator_cardinality": 58191,
                    "cumulative_rows_scanned": 32796981,
                    "operator_rows_scanned": 0,
                    "operator_timing": 0.00288661,
                    "result_set_size": 3724224,
                    "children": [
                        {
                            "operator_name": "FILTER",
                            "cpu_time": 21.29761120400285,
                            "extra_info": {
                                "Expression": "(TotalPosts > 5)",
                                "Estimated Cardinality": "385011"
                            },
                            "cumulative_cardinality": 266988453,
                            "operator_type": "FILTER",
                            "operator_cardinality": 58191,
                            "cumulative_rows_scanned": 32796981,
                            "operator_rows_scanned": 0,
                            "operator_timing": 0.00047685800000000014,
                            "result_set_size": 3724224,
                            "children": [
                                {
                                    "operator_name": "HASH_GROUP_BY",
                                    "cpu_time": 21.29713434600285,
                                    "extra_info": {
                                        "Groups": "#0",
                                        "Aggregates": [
                                            "count_star()",
                                            "sum(#1)",
                                            "sum(#2)",
                                            "avg(#3)"
                                        ],
                                        "Estimated Cardinality": "1925058"
                                    },
                                    "cumulative_cardinality": 266930262,
                                    "operator_type": "HASH_GROUP_BY",
                                    "operator_cardinality": 301139,
                                    "cumulative_rows_scanned": 32796981,
                                    "operator_rows_scanned": 0,
                                    "operator_timing": 0.2233630880000001,
                                    "result_set_size": 19272896,
                                    "children": [
                                        {
                                            "operator_name": "PROJECTION",
                                            "cpu_time": 21.07377125800285,
                                            "extra_info": {
                                                "Projections": [
                                                    "OwnerDisplayName",
                                                    "viewcount",
                                                    "CommentCount",
                                                    "viewcount"
                                                ],
                                                "Estimated Cardinality": "3850116"
                                            },
                                            "cumulative_cardinality": 266629123,
                                            "operator_type": "PROJECTION",
                                            "operator_cardinality": 3850116,
                                            "cumulative_rows_scanned": 32796981,
                                            "operator_rows_scanned": 0,
                                            "operator_timing": 0.0005103769999999999,
                                            "result_set_size": 123203712,
                                            "children": [
                                                {
                                                    "operator_name": "PROJECTION",
                                                    "cpu_time": 21.07326088100285,
                                                    "extra_info": {
                                                        "Projections": [
                                                            "PostId",
                                                            "viewcount",
                                                            "OwnerDisplayName",
                                                            "CommentCount"
                                                        ],
                                                        "Estimated Cardinality": "3850116"
                                                    },
                                                    "cumulative_cardinality": 262779007,
                                                    "operator_type": "PROJECTION",
                                                    "operator_cardinality": 3850116,
                                                    "cumulative_rows_scanned": 32796981,
                                                    "operator_rows_scanned": 0,
                                                    "operator_timing": 0.000552956999999999,
                                                    "result_set_size": 123203712,
                                                    "children": [
                                                        {
                                                            "operator_name": "HASH_GROUP_BY",
                                                            "cpu_time": 21.07270792400285,
                                                            "extra_info": {
                                                                "Groups": [
                                                                    "#0",
                                                                    "#1",
                                                                    "#2",
                                                                    "#3",
                                                                    "#4",
                                                                    "#5",
                                                                    "#6",
                                                                    "#7"
                                                                ],
                                                                "Aggregates": "count(#8)",
                                                                "Estimated Cardinality": "3850116"
                                                            },
                                                            "cumulative_cardinality": 258928891,
                                                            "operator_type": "HASH_GROUP_BY",
                                                            "operator_cardinality": 3850116,
                                                            "cumulative_rows_scanned": 32796981,
                                                            "operator_rows_scanned": 0,
                                                            "operator_timing": 7.05992548900002,
                                                            "result_set_size": 354210672,
                                                            "children": [
                                                                {
                                                                    "operator_name": "PROJECTION",
                                                                    "cpu_time": 14.01278243500283,
                                                                    "extra_info": {
                                                                        "Projections": [
                                                                            "id",
                                                                            "title",
                                                                            "creationdate",
                                                                            "viewcount",
                                                                            "tags",
                                                                            "displayname",
                                                                            "id",
                                                                            "title",
                                                                            "id"
                                                                        ],
                                                                        "Estimated Cardinality": "12744093"
                                                                    },
                                                                    "cumulative_cardinality": 255078775,
                                                                    "operator_type": "PROJECTION",
                                                                    "operator_cardinality": 63652293,
                                                                    "cumulative_rows_scanned": 32796981,
                                                                    "operator_rows_scanned": 0,
                                                                    "operator_timing": 0.02784669699999881,
                                                                    "result_set_size": 5601401784,
                                                                    "children": [
                                                                        {
                                                                            "operator_name": "HASH_JOIN",
                                                                            "cpu_time": 13.98493573800283,
                                                                            "extra_info": {
                                                                                "Join Type": "LEFT",
                                                                                "Conditions": "id = id",
                                                                                "Estimated Cardinality": "12744093"
                                                                            },
                                                                            "cumulative_cardinality": 191426482,
                                                                            "operator_type": "HASH_JOIN",
                                                                            "operator_cardinality": 63652293,
                                                                            "cumulative_rows_scanned": 32796981,
                                                                            "operator_rows_scanned": 0,
                                                                            "operator_timing": 3.5193377779988557,
                                                                            "result_set_size": 5856010956,
                                                                            "children": [
                                                                                {
                                                                                    "operator_name": "HASH_JOIN",
                                                                                    "cpu_time": 8.252021278000004,
                                                                                    "extra_info": {
                                                                                        "Join Type": "LEFT",
                                                                                        "Conditions": "posttypeid = id",
                                                                                        "Estimated Cardinality": "12744093"
                                                                                    },
                                                                                    "cumulative_cardinality": 115834543,
                                                                                    "operator_type": "HASH_JOIN",
                                                                                    "operator_cardinality": 35129590,
                                                                                    "cumulative_rows_scanned": 28946865,
                                                                                    "operator_rows_scanned": 0,
                                                                                    "operator_timing": 0.8498813330000063,
                                                                                    "result_set_size": 3161663100,
                                                                                    "children": [
                                                                                        {
                                                                                            "operator_name": "HASH_JOIN",
                                                                                            "cpu_time": 7.401943747999999,
                                                                                            "extra_info": {
                                                                                                "Join Type": "LEFT",
                                                                                                "Conditions": "id = postid",
                                                                                                "Estimated Cardinality": "12744093"
                                                                                            },
                                                                                            "cumulative_cardinality": 80704945,
                                                                                            "operator_type": "HASH_JOIN",
                                                                                            "operator_cardinality": 35129590,
                                                                                            "cumulative_rows_scanned": 28946857,
                                                                                            "operator_rows_scanned": 0,
                                                                                            "operator_timing": 1.4972808100000055,
                                                                                            "result_set_size": 3302181460,
                                                                                            "children": [
                                                                                                {
                                                                                                    "operator_name": "HASH_JOIN",
                                                                                                    "cpu_time": 5.816875628999993,
                                                                                                    "extra_info": {
                                                                                                        "Join Type": "LEFT",
                                                                                                        "Conditions": "id = postid",
                                                                                                        "Estimated Cardinality": "7241822"
                                                                                                    },
                                                                                                    "cumulative_cardinality": 32831262,
                                                                                                    "operator_type": "HASH_JOIN",
                                                                                                    "operator_cardinality": 8928266,
                                                                                                    "cumulative_rows_scanned": 16202764,
                                                                                                    "operator_rows_scanned": 0,
                                                                                                    "operator_timing": 0.8733051210000012,
                                                                                                    "result_set_size": 803543940,
                                                                                                    "children": [
                                                                                                        {
                                                                                                            "operator_name": "HASH_JOIN",
                                                                                                            "cpu_time": 3.054719822000001,
                                                                                                            "extra_info": {
                                                                                                                "Join Type": "LEFT",
                                                                                                                "Conditions": "acceptedanswerid = id",
                                                                                                                "Estimated Cardinality": "3850116"
                                                                                                            },
                                                                                                            "cumulative_cardinality": 16661174,
                                                                                                            "operator_type": "HASH_JOIN",
                                                                                                            "operator_cardinality": 3850116,
                                                                                                            "cumulative_rows_scanned": 8960942,
                                                                                                            "operator_rows_scanned": 0,
                                                                                                            "operator_timing": 0.6732915429999995,
                                                                                                            "result_set_size": 331109976,
                                                                                                            "children": [
                                                                                                                {
                                                                                                                    "operator_name": "HASH_JOIN",
                                                                                                                    "cpu_time": 1.7451307760000014,
                                                                                                                    "extra_info": {
                                                                                                                        "Join Type": "LEFT",
                                                                                                                        "Conditions": "owneruserid = id",
                                                                                                                        "Estimated Cardinality": "3850116"
                                                                                                                    },
                                                                                                                    "cumulative_cardinality": 8960942,
                                                                                                                    "operator_type": "HASH_JOIN",
                                                                                                                    "operator_cardinality": 3850116,
                                                                                                                    "cumulative_rows_scanned": 5110826,
                                                                                                                    "operator_rows_scanned": 0,
                                                                                                                    "operator_timing": 0.3255872269999996,
                                                                                                                    "result_set_size": 269508120,
                                                                                                                    "children": [
                                                                                                                        {
                                                                                                                            "operator_name": "READ_PARQUET ",
                                                                                                                            "cpu_time": 0.7644138440000018,
                                                                                                                            "extra_info": {
                                                                                                                                "Function": "READ_PARQUET",
                                                                                                                                "Projections": [
                                                                                                                                    "id",
                                                                                                                                    "posttypeid",
                                                                                                                                    "acceptedanswerid",
                                                                                                                                    "creationdate",
                                                                                                                                    "viewcount",
                                                                                                                                    "owneruserid",
                                                                                                                                    "title",
                                                                                                                                    "tags"
                                                                                                                                ],
                                                                                                                                "Estimated Cardinality": "3850116"
                                                                                                                            },
                                                                                                                            "cumulative_cardinality": 3850116,
                                                                                                                            "operator_type": "TABLE_SCAN",
                                                                                                                            "operator_cardinality": 3850116,
                                                                                                                            "cumulative_rows_scanned": 3850116,
                                                                                                                            "operator_rows_scanned": 3850116,
                                                                                                                            "operator_timing": 0.7644138440000018,
                                                                                                                            "result_set_size": 223306728,
                                                                                                                            "children": []
                                                                                                                        },
                                                                                                                        {
                                                                                                                            "operator_name": "READ_PARQUET ",
                                                                                                                            "cpu_time": 0.655129705,
                                                                                                                            "extra_info": {
                                                                                                                                "Function": "READ_PARQUET",
                                                                                                                                "Projections": [
                                                                                                                                    "id",
                                                                                                                                    "displayname"
                                                                                                                                ],
                                                                                                                                "Estimated Cardinality": "1260710"
                                                                                                                            },
                                                                                                                            "cumulative_cardinality": 1260710,
                                                                                                                            "operator_type": "TABLE_SCAN",
                                                                                                                            "operator_cardinality": 1260710,
                                                                                                                            "cumulative_rows_scanned": 1260710,
                                                                                                                            "operator_rows_scanned": 1260710,
                                                                                                                            "operator_timing": 0.655129705,
                                                                                                                            "result_set_size": 25214200,
                                                                                                                            "children": []
                                                                                                                        }
                                                                                                                    ]
                                                                                                                },
                                                                                                                {
                                                                                                                    "operator_name": "READ_PARQUET ",
                                                                                                                    "cpu_time": 0.6362975029999997,
                                                                                                                    "extra_info": {
                                                                                                                        "Function": "READ_PARQUET",
                                                                                                                        "Projections": [
                                                                                                                            "id",
                                                                                                                            "title"
                                                                                                                        ],
                                                                                                                        "Estimated Cardinality": "3850116"
                                                                                                                    },
                                                                                                                    "cumulative_cardinality": 3850116,
                                                                                                                    "operator_type": "TABLE_SCAN",
                                                                                                                    "operator_cardinality": 3850116,
                                                                                                                    "cumulative_rows_scanned": 3850116,
                                                                                                                    "operator_rows_scanned": 3850116,
                                                                                                                    "operator_timing": 0.6362975029999997,
                                                                                                                    "result_set_size": 77002320,
                                                                                                                    "children": []
                                                                                                                }
                                                                                                            ]
                                                                                                        },
                                                                                                        {
                                                                                                            "operator_name": "READ_PARQUET ",
                                                                                                            "cpu_time": 1.8888506859999903,
                                                                                                            "extra_info": {
                                                                                                                "Function": "READ_PARQUET",
                                                                                                                "Projections": [
                                                                                                                    "id",
                                                                                                                    "postid"
                                                                                                                ],
                                                                                                                "Estimated Cardinality": "7241822"
                                                                                                            },
                                                                                                            "cumulative_cardinality": 7241822,
                                                                                                            "operator_type": "TABLE_SCAN",
                                                                                                            "operator_cardinality": 7241822,
                                                                                                            "cumulative_rows_scanned": 7241822,
                                                                                                            "operator_rows_scanned": 7241822,
                                                                                                            "operator_timing": 1.8888506859999903,
                                                                                                            "result_set_size": 57934576,
                                                                                                            "children": []
                                                                                                        }
                                                                                                    ]
                                                                                                },
                                                                                                {
                                                                                                    "operator_name": "READ_PARQUET ",
                                                                                                    "cpu_time": 0.08778730900000066,
                                                                                                    "extra_info": {
                                                                                                        "Function": "READ_PARQUET",
                                                                                                        "Projections": "postid",
                                                                                                        "Estimated Cardinality": "12744093"
                                                                                                    },
                                                                                                    "cumulative_cardinality": 12744093,
                                                                                                    "operator_type": "TABLE_SCAN",
                                                                                                    "operator_cardinality": 12744093,
                                                                                                    "cumulative_rows_scanned": 12744093,
                                                                                                    "operator_rows_scanned": 12744093,
                                                                                                    "operator_timing": 0.08778730900000066,
                                                                                                    "result_set_size": 50976372,
                                                                                                    "children": []
                                                                                                }
                                                                                            ]
                                                                                        },
                                                                                        {
                                                                                            "operator_name": "READ_PARQUET ",
                                                                                            "cpu_time": 0.000196197,
                                                                                            "extra_info": {
                                                                                                "Function": "READ_PARQUET",
                                                                                                "Projections": "id",
                                                                                                "Estimated Cardinality": "8"
                                                                                            },
                                                                                            "cumulative_cardinality": 8,
                                                                                            "operator_type": "TABLE_SCAN",
                                                                                            "operator_cardinality": 8,
                                                                                            "cumulative_rows_scanned": 8,
                                                                                            "operator_rows_scanned": 8,
                                                                                            "operator_timing": 0.000196197,
                                                                                            "result_set_size": 16,
                                                                                            "children": []
                                                                                        }
                                                                                    ]
                                                                                },
                                                                                {
                                                                                    "operator_name": "PROJECTION",
                                                                                    "cpu_time": 2.2135766820039695,
                                                                                    "extra_info": {
                                                                                        "Projections": "id",
                                                                                        "Estimated Cardinality": "3850116"
                                                                                    },
                                                                                    "cumulative_cardinality": 11939646,
                                                                                    "operator_type": "PROJECTION",
                                                                                    "operator_cardinality": 4044765,
                                                                                    "cumulative_rows_scanned": 3850116,
                                                                                    "operator_rows_scanned": 0,
                                                                                    "operator_timing": 0.12977034900072293,
                                                                                    "result_set_size": 16179060,
                                                                                    "children": [
                                                                                        {
                                                                                            "operator_name": "UNNEST",
                                                                                            "cpu_time": 2.083806333003247,
                                                                                            "extra_info": {},
                                                                                            "cumulative_cardinality": 7894881,
                                                                                            "operator_type": "UNNEST",
                                                                                            "operator_cardinality": 4044765,
                                                                                            "cumulative_rows_scanned": 3850116,
                                                                                            "operator_rows_scanned": 0,
                                                                                            "operator_timing": 1.8889433820032466,
                                                                                            "result_set_size": 145611540,
                                                                                            "children": [
                                                                                                {
                                                                                                    "operator_name": "READ_PARQUET ",
                                                                                                    "cpu_time": 0.19486295100000006,
                                                                                                    "extra_info": {
                                                                                                        "Function": "READ_PARQUET",
                                                                                                        "Projections": [
                                                                                                            "id",
                                                                                                            "tags"
                                                                                                        ],
                                                                                                        "Estimated Cardinality": "3850116"
                                                                                                    },
                                                                                                    "cumulative_cardinality": 3850116,
                                                                                                    "operator_type": "TABLE_SCAN",
                                                                                                    "operator_cardinality": 3850116,
                                                                                                    "cumulative_rows_scanned": 3850116,
                                                                                                    "operator_rows_scanned": 3850116,
                                                                                                    "operator_timing": 0.19486295100000006,
                                                                                                    "result_set_size": 77002320,
                                                                                                    "children": []
                                                                                                }
                                                                                            ]
                                                                                        }
                                                                                    ]
                                                                                }
                                                                            ]
                                                                        }
                                                                    ]
                                                                }
                                                            ]
                                                        }
                                                    ]
                                                }
                                            ]
                                        }
                                    ]
                                }
                            ]
                        }
                    ]
                }
            ]
        }
    ]
}