{
    "rows_returned": 10,
    "query_name": "WITH UserBadges AS (\n    SELECT \n        U.Id AS UserId,\n        U.DisplayName,\n        COUNT(B.Id) AS BadgeCount,\n        SUM(CASE WHEN B.Class = 1 THEN 1 ELSE 0 END) AS GoldBadges,\n        SUM(CASE WHEN B.Class = 2 THEN 1 ELSE 0 END) AS SilverBadges,\n        SUM(CASE WHEN B.Class = 3 THEN 1 ELSE 0 END) AS BronzeBadges\n    FROM \n        Users U\n    LEFT JOIN \n        Badges B ON U.Id = B.UserId\n    GROUP BY \n        U.Id, U.DisplayName\n),\nPostStats AS (\n    SELECT \n        P.OwnerUserId,\n        COUNT(P.Id) AS PostCount,\n        SUM(P.ViewCount) AS TotalViews,\n        SUM(P.Score) AS TotalScore,\n        AVG(P.Score) AS AvgScore\n    FROM \n        Posts P\n    WHERE \n        P.OwnerUserId IS NOT NULL\n    GROUP BY \n        P.OwnerUserId\n),\nUserPostBadgeStats AS (\n    SELECT \n        U.DisplayName,\n        U.BadgeCount,\n        U.GoldBadges,\n        U.SilverBadges,\n        U.BronzeBadges,\n        P.PostCount,\n        P.TotalViews,\n        P.TotalScore,\n        P.AvgScore\n    FROM \n        UserBadges U\n    JOIN \n        PostStats P ON U.UserId = P.OwnerUserId\n)\n\nSELECT \n    DisplayName,\n    BadgeCount,\n    GoldBadges,\n    SilverBadges,\n    BronzeBadges,\n    PostCount,\n    TotalViews,\n    TotalScore,\n    AvgScore\nFROM \n    UserPostBadgeStats\nWHERE \n    BadgeCount > 0 AND PostCount > 10\nORDER BY \n    TotalScore DESC, TotalViews DESC\nLIMIT 10;\n",
    "blocked_thread_time": 0.0,
    "cpu_time": 1.2365360469999997,
    "extra_info": {},
    "cumulative_cardinality": 26162671,
    "cumulative_rows_scanned": 7432550,
    "result_set_size": 1200,
    "latency": 1.318955176,
    "children": [
        {
            "operator_name": "STREAMING_LIMIT",
            "cpu_time": 1.2365360469999997,
            "extra_info": {},
            "cumulative_cardinality": 26162671,
            "operator_type": "STREAMING_LIMIT",
            "operator_cardinality": 10,
            "cumulative_rows_scanned": 7432550,
            "operator_rows_scanned": 0,
            "operator_timing": 0.000001424,
            "result_set_size": 1200,
            "children": [
                {
                    "operator_name": "ORDER_BY",
                    "cpu_time": 1.2365346229999998,
                    "extra_info": {
                        "Order By": [
                            "UserPostBadgeStats.TotalScore DESC",
                            "UserPostBadgeStats.TotalViews DESC"
                        ]
                    },
                    "cumulative_cardinality": 26162661,
                    "operator_type": "ORDER_BY",
                    "operator_cardinality": 4096,
                    "cumulative_rows_scanned": 7432550,
                    "operator_rows_scanned": 0,
                    "operator_timing": 0.0029811259999999984,
                    "result_set_size": 491520,
                    "children": [
                        {
                            "operator_name": "HASH_JOIN",
                            "cpu_time": 1.233553497,
                            "extra_info": {
                                "Join Type": "INNER",
                                "Conditions": "UserId = owneruserid",
                                "Estimated Cardinality": "15400"
                            },
                            "cumulative_cardinality": 26158565,
                            "operator_type": "HASH_JOIN",
                            "operator_cardinality": 36837,
                            "cumulative_rows_scanned": 7432550,
                            "operator_rows_scanned": 0,
                            "operator_timing": 0.010985997000000003,
                            "result_set_size": 4420440,
                            "children": [
                                {
                                    "operator_name": "FILTER",
                                    "cpu_time": 0.9513605649999999,
                                    "extra_info": {
                                        "Expression": "(BadgeCount > 0)",
                                        "Estimated Cardinality": "252142"
                                    },
                                    "cumulative_cardinality": 14492311,
                                    "operator_type": "FILTER",
                                    "operator_cardinality": 549021,
                                    "cumulative_rows_scanned": 3582434,
                                    "operator_rows_scanned": 0,
                                    "operator_timing": 0.0018811119999999992,
                                    "result_set_size": 41725596,
                                    "children": [
                                        {
                                            "operator_name": "HASH_GROUP_BY",
                                            "cpu_time": 0.9494794529999999,
                                            "extra_info": {
                                                "Groups": [
                                                    "#0",
                                                    "#1"
                                                ],
                                                "Aggregates": [
                                                    "count(#2)",
                                                    "sum(#3)",
                                                    "sum(#4)",
                                                    "sum(#5)"
                                                ],
                                                "Estimated Cardinality": "1260710"
                                            },
                                            "cumulative_cardinality": 13943290,
                                            "operator_type": "HASH_GROUP_BY",
                                            "operator_cardinality": 1260679,
                                            "cumulative_rows_scanned": 3582434,
                                            "operator_rows_scanned": 0,
                                            "operator_timing": 0.5669603890000001,
                                            "result_set_size": 95811604,
                                            "children": [
                                                {
                                                    "operator_name": "PROJECTION",
                                                    "cpu_time": 0.38251906399999985,
                                                    "extra_info": {
                                                        "Projections": [
                                                            "id",
                                                            "displayname",
                                                            "id",
                                                            "CASE  WHEN ((class = 1)) THEN (1) ELSE 0 END",
                                                            "CASE  WHEN ((class = 2)) THEN (1) ELSE 0 END",
                                                            "CASE  WHEN ((class = 3)) THEN (1) ELSE 0 END"
                                                        ],
                                                        "Estimated Cardinality": "2321724"
                                                    },
                                                    "cumulative_cardinality": 12682611,
                                                    "operator_type": "PROJECTION",
                                                    "operator_cardinality": 3033382,
                                                    "cumulative_rows_scanned": 3582434,
                                                    "operator_rows_scanned": 0,
                                                    "operator_timing": 0.01635725499999998,
                                                    "result_set_size": 109201752,
                                                    "children": [
                                                        {
                                                            "operator_name": "FILTER",
                                                            "cpu_time": 0.3661618089999999,
                                                            "extra_info": {
                                                                "Expression": "(id <= 1416539)",
                                                                "Estimated Cardinality": "2321724"
                                                            },
                                                            "cumulative_cardinality": 9649229,
                                                            "operator_type": "FILTER",
                                                            "operator_cardinality": 3033382,
                                                            "cumulative_rows_scanned": 3582434,
                                                            "operator_rows_scanned": 0,
                                                            "operator_timing": 0.003939528999999998,
                                                            "result_set_size": 78867932,
                                                            "children": [
                                                                {
                                                                    "operator_name": "HASH_JOIN",
                                                                    "cpu_time": 0.3622222799999999,
                                                                    "extra_info": {
                                                                        "Join Type": "RIGHT",
                                                                        "Conditions": "userid = id",
                                                                        "Estimated Cardinality": "2321724"
                                                                    },
                                                                    "cumulative_cardinality": 6615847,
                                                                    "operator_type": "HASH_JOIN",
                                                                    "operator_cardinality": 3033413,
                                                                    "cumulative_rows_scanned": 3582434,
                                                                    "operator_rows_scanned": 0,
                                                                    "operator_timing": 0.22380881300000005,
                                                                    "result_set_size": 78868738,
                                                                    "children": [
                                                                        {
                                                                            "operator_name": "READ_PARQUET ",
                                                                            "cpu_time": 0.05679452699999989,
                                                                            "extra_info": {
                                                                                "Function": "READ_PARQUET",
                                                                                "Projections": [
                                                                                    "id",
                                                                                    "userid",
                                                                                    "class"
                                                                                ],
                                                                                "Estimated Cardinality": "2321724"
                                                                            },
                                                                            "cumulative_cardinality": 2321724,
                                                                            "operator_type": "TABLE_SCAN",
                                                                            "operator_cardinality": 2321724,
                                                                            "cumulative_rows_scanned": 2321724,
                                                                            "operator_rows_scanned": 2321724,
                                                                            "operator_timing": 0.05679452699999989,
                                                                            "result_set_size": 23217240,
                                                                            "children": []
                                                                        },
                                                                        {
                                                                            "operator_name": "READ_PARQUET ",
                                                                            "cpu_time": 0.08161893999999996,
                                                                            "extra_info": {
                                                                                "Function": "READ_PARQUET",
                                                                                "Projections": [
                                                                                    "id",
                                                                                    "displayname"
                                                                                ],
                                                                                "Estimated Cardinality": "1260710"
                                                                            },
                                                                            "cumulative_cardinality": 1260710,
                                                                            "operator_type": "TABLE_SCAN",
                                                                            "operator_cardinality": 1260710,
                                                                            "cumulative_rows_scanned": 1260710,
                                                                            "operator_rows_scanned": 1260710,
                                                                            "operator_timing": 0.08161893999999996,
                                                                            "result_set_size": 25214200,
                                                                            "children": []
                                                                        }
                                                                    ]
                                                                }
                                                            ]
                                                        }
                                                    ]
                                                }
                                            ]
                                        }
                                    ]
                                },
                                {
                                    "operator_name": "FILTER",
                                    "cpu_time": 0.27120693500000004,
                                    "extra_info": {
                                        "Expression": "(PostCount > 10)",
                                        "Estimated Cardinality": "77002"
                                    },
                                    "cumulative_cardinality": 11629417,
                                    "operator_type": "FILTER",
                                    "operator_cardinality": 36838,
                                    "cumulative_rows_scanned": 3850116,
                                    "operator_rows_scanned": 0,
                                    "operator_timing": 0.0005630849999999998,
                                    "result_set_size": 1915576,
                                    "children": [
                                        {
                                            "operator_name": "HASH_GROUP_BY",
                                            "cpu_time": 0.27064385,
                                            "extra_info": {
                                                "Groups": "#0",
                                                "Aggregates": [
                                                    "count_star()",
                                                    "sum(#1)",
                                                    "sum(#2)",
                                                    "avg(#3)"
                                                ],
                                                "Estimated Cardinality": "385011"
                                            },
                                            "cumulative_cardinality": 11592579,
                                            "operator_type": "HASH_GROUP_BY",
                                            "operator_cardinality": 371631,
                                            "cumulative_rows_scanned": 3850116,
                                            "operator_rows_scanned": 0,
                                            "operator_timing": 0.14999206400000006,
                                            "result_set_size": 19324812,
                                            "children": [
                                                {
                                                    "operator_name": "PROJECTION",
                                                    "cpu_time": 0.12065178599999996,
                                                    "extra_info": {
                                                        "Projections": [
                                                            "owneruserid",
                                                            "viewcount",
                                                            "score",
                                                            "score"
                                                        ],
                                                        "Estimated Cardinality": "770023"
                                                    },
                                                    "cumulative_cardinality": 11220948,
                                                    "operator_type": "PROJECTION",
                                                    "operator_cardinality": 3685416,
                                                    "cumulative_rows_scanned": 3850116,
                                                    "operator_rows_scanned": 0,
                                                    "operator_timing": 0.0005148600000000019,
                                                    "result_set_size": 58966656,
                                                    "children": [
                                                        {
                                                            "operator_name": "FILTER",
                                                            "cpu_time": 0.12013692599999995,
                                                            "extra_info": {
                                                                "Expression": "(owneruserid IS NOT NULL)",
                                                                "Estimated Cardinality": "770023"
                                                            },
                                                            "cumulative_cardinality": 7535532,
                                                            "operator_type": "FILTER",
                                                            "operator_cardinality": 3685416,
                                                            "cumulative_rows_scanned": 3850116,
                                                            "operator_rows_scanned": 0,
                                                            "operator_timing": 0.03394326399999997,
                                                            "result_set_size": 58966656,
                                                            "children": [
                                                                {
                                                                    "operator_name": "READ_PARQUET ",
                                                                    "cpu_time": 0.08619366199999998,
                                                                    "extra_info": {
                                                                        "Function": "READ_PARQUET",
                                                                        "Projections": [
                                                                            "id",
                                                                            "score",
                                                                            "viewcount",
                                                                            "owneruserid"
                                                                        ],
                                                                        "Estimated Cardinality": "3850116"
                                                                    },
                                                                    "cumulative_cardinality": 3850116,
                                                                    "operator_type": "TABLE_SCAN",
                                                                    "operator_cardinality": 3850116,
                                                                    "cumulative_rows_scanned": 3850116,
                                                                    "operator_rows_scanned": 3850116,
                                                                    "operator_timing": 0.08619366199999998,
                                                                    "result_set_size": 61601856,
                                                                    "children": []
                                                                }
                                                            ]
                                                        }
                                                    ]
                                                }
                                            ]
                                        }
                                    ]
                                }
                            ]
                        }
                    ]
                }
            ]
        }
    ]
}