{
    "rows_returned": 1976,
    "query_name": "\nWITH TagArray AS (\n    SELECT \n        p.Id AS PostId,\n        unnest(string_to_array(substring(p.Tags, 2, length(p.Tags)-2), '><')) AS Tag\n    FROM \n        Posts p\n    WHERE \n        p.PostTypeId = 1  \n),\nTagStats AS (\n    SELECT \n        t.Tag,\n        COUNT(DISTINCT t.PostId) AS QuestionCount,\n        SUM(\n            CASE \n                WHEN p.AcceptedAnswerId IS NOT NULL THEN 1 \n                ELSE 0 \n            END\n        ) AS AcceptedAnswerCount\n    FROM \n        TagArray t\n    JOIN \n        Posts p ON t.PostId = p.Id\n    GROUP BY \n        t.Tag\n),\nRelevantUsers AS (\n    SELECT \n        u.Id AS UserId,\n        u.DisplayName,\n        u.Reputation,\n        COUNT(DISTINCT p.Id) AS QuestionCount,\n        SUM(CASE WHEN v.VoteTypeId = 2 THEN 1 ELSE 0 END) AS Upvotes,  \n        SUM(CASE WHEN v.VoteTypeId = 3 THEN 1 ELSE 0 END) AS Downvotes  \n    FROM \n        Users u\n    JOIN \n        Posts p ON u.Id = p.OwnerUserId\n    LEFT JOIN \n        Votes v ON p.Id = v.PostId\n    WHERE \n        u.Reputation > 1000  \n    GROUP BY \n        u.Id, u.DisplayName, u.Reputation\n),\nBenchmarkData AS (\n    SELECT \n        ts.Tag,\n        ts.QuestionCount,\n        ts.AcceptedAnswerCount,\n        ru.UserId,\n        ru.DisplayName,\n        ru.QuestionCount AS UserQuestionCount,\n        ru.Upvotes,\n        ru.Downvotes\n    FROM \n        TagStats ts\n    JOIN \n        RelevantUsers ru ON true  \n)\nSELECT \n    Tag,\n    QuestionCount,\n    AcceptedAnswerCount,\n    COUNT(DISTINCT UserId) AS ActiveUserCount,\n    AVG(UserQuestionCount) AS AvgUserQuestions,\n    SUM(Upvotes) AS TotalUpvotes,\n    SUM(Downvotes) AS TotalDownvotes\nFROM \n    BenchmarkData\nGROUP BY \n    Tag,\n    QuestionCount,\n    AcceptedAnswerCount\nORDER BY \n    QuestionCount DESC, AcceptedAnswerCount DESC;\n",
    "blocked_thread_time": 0.0,
    "cpu_time": 12.980415952999694,
    "extra_info": {},
    "cumulative_cardinality": 122743235,
    "cumulative_rows_scanned": 25555151,
    "result_set_size": 173888,
    "latency": 20.200745063,
    "children": [
        {
            "operator_name": "ORDER_BY",
            "cpu_time": 12.980415952999694,
            "extra_info": {
                "Order By": [
                    "BenchmarkData.QuestionCount DESC",
                    "BenchmarkData.AcceptedAnswerCount DESC"
                ]
            },
            "cumulative_cardinality": 122743235,
            "operator_type": "ORDER_BY",
            "operator_cardinality": 1976,
            "cumulative_rows_scanned": 25555151,
            "operator_rows_scanned": 0,
            "operator_timing": 0.000268991,
            "result_set_size": 173888,
            "children": [
                {
                    "operator_name": "HASH_GROUP_BY",
                    "cpu_time": 12.980146961999694,
                    "extra_info": {
                        "Groups": [
                            "#0",
                            "#1",
                            "#2"
                        ],
                        "Aggregates": [
                            "count(DISTINCT #3)",
                            "avg(#4)",
                            "sum(#5)",
                            "sum(#6)"
                        ],
                        "Estimated Cardinality": "3850116"
                    },
                    "cumulative_cardinality": 122741259,
                    "operator_type": "HASH_GROUP_BY",
                    "operator_cardinality": 1976,
                    "cumulative_rows_scanned": 25555151,
                    "operator_rows_scanned": 0,
                    "operator_timing": 3.673241353999992,
                    "result_set_size": 173888,
                    "children": [
                        {
                            "operator_name": "PROJECTION",
                            "cpu_time": 9.306905607999703,
                            "extra_info": {
                                "Projections": [
                                    "Tag",
                                    "QuestionCount",
                                    "AcceptedAnswerCount",
                                    "UserId",
                                    "UserQuestionCount",
                                    "Upvotes",
                                    "Downvotes"
                                ],
                                "Estimated Cardinality": "485387217810"
                            },
                            "cumulative_cardinality": 122739283,
                            "operator_type": "PROJECTION",
                            "operator_cardinality": 22158864,
                            "cumulative_rows_scanned": 25555151,
                            "operator_rows_scanned": 0,
                            "operator_timing": 0.00407527300000005,
                            "result_set_size": 1861344576,
                            "children": [
                                {
                                    "operator_name": "PROJECTION",
                                    "cpu_time": 9.302830334999703,
                                    "extra_info": {
                                        "Projections": [
                                            "Tag",
                                            "QuestionCount",
                                            "AcceptedAnswerCount",
                                            "UserId",
                                            "UserQuestionCount",
                                            "Upvotes",
                                            "Downvotes"
                                        ],
                                        "Estimated Cardinality": "485387217810"
                                    },
                                    "cumulative_cardinality": 100580419,
                                    "operator_type": "PROJECTION",
                                    "operator_cardinality": 22158864,
                                    "cumulative_rows_scanned": 25555151,
                                    "operator_rows_scanned": 0,
                                    "operator_timing": 0.004681395999999898,
                                    "result_set_size": 1861344576,
                                    "children": [
                                        {
                                            "operator_name": "CROSS_PRODUCT",
                                            "cpu_time": 9.298148938999702,
                                            "extra_info": {},
                                            "cumulative_cardinality": 78421555,
                                            "operator_type": "CROSS_PRODUCT",
                                            "operator_cardinality": 22158864,
                                            "cumulative_rows_scanned": 25555151,
                                            "operator_rows_scanned": 0,
                                            "operator_timing": 0.04519604600000047,
                                            "result_set_size": 1861344576,
                                            "children": [
                                                {
                                                    "operator_name": "PROJECTION",
                                                    "cpu_time": 3.0058610249999944,
                                                    "extra_info": {
                                                        "Projections": [
                                                            "UserId",
                                                            "QuestionCount",
                                                            "Upvotes",
                                                            "Downvotes"
                                                        ],
                                                        "Estimated Cardinality": "1260710"
                                                    },
                                                    "cumulative_cardinality": 34563375,
                                                    "operator_type": "PROJECTION",
                                                    "operator_cardinality": 11214,
                                                    "cumulative_rows_scanned": 17854919,
                                                    "operator_rows_scanned": 0,
                                                    "operator_timing": 0.000009417,
                                                    "result_set_size": 493416,
                                                    "children": [
                                                        {
                                                            "operator_name": "HASH_GROUP_BY",
                                                            "cpu_time": 3.0058516079999946,
                                                            "extra_info": {
                                                                "Groups": [
                                                                    "#0",
                                                                    "#1",
                                                                    "#2"
                                                                ],
                                                                "Aggregates": [
                                                                    "count(DISTINCT #3)",
                                                                    "sum(#4)",
                                                                    "sum(#5)"
                                                                ],
                                                                "Estimated Cardinality": "1260710"
                                                            },
                                                            "cumulative_cardinality": 34552161,
                                                            "operator_type": "HASH_GROUP_BY",
                                                            "operator_cardinality": 11214,
                                                            "cumulative_rows_scanned": 17854919,
                                                            "operator_rows_scanned": 0,
                                                            "operator_timing": 0.7627418629999995,
                                                            "result_set_size": 717696,
                                                            "children": [
                                                                {
                                                                    "operator_name": "PROJECTION",
                                                                    "cpu_time": 2.243109744999995,
                                                                    "extra_info": {
                                                                        "Projections": [
                                                                            "id",
                                                                            "displayname",
                                                                            "reputation",
                                                                            "id",
                                                                            "CASE  WHEN ((votetypeid = 2)) THEN (1) ELSE 0 END",
                                                                            "CASE  WHEN ((votetypeid = 3)) THEN (1) ELSE 0 END"
                                                                        ],
                                                                        "Estimated Cardinality": "12744093"
                                                                    },
                                                                    "cumulative_cardinality": 34540947,
                                                                    "operator_type": "PROJECTION",
                                                                    "operator_cardinality": 7847283,
                                                                    "cumulative_rows_scanned": 17854919,
                                                                    "operator_rows_scanned": 0,
                                                                    "operator_timing": 0.056983050999999986,
                                                                    "result_set_size": 282502188,
                                                                    "children": [
                                                                        {
                                                                            "operator_name": "HASH_JOIN",
                                                                            "cpu_time": 2.186126693999995,
                                                                            "extra_info": {
                                                                                "Join Type": "RIGHT",
                                                                                "Conditions": "postid = id",
                                                                                "Estimated Cardinality": "12744093"
                                                                            },
                                                                            "cumulative_cardinality": 26693664,
                                                                            "operator_type": "HASH_JOIN",
                                                                            "operator_cardinality": 7847283,
                                                                            "cumulative_rows_scanned": 17854919,
                                                                            "operator_rows_scanned": 0,
                                                                            "operator_timing": 0.5821066229999945,
                                                                            "result_set_size": 235418490,
                                                                            "children": [
                                                                                {
                                                                                    "operator_name": "READ_PARQUET ",
                                                                                    "cpu_time": 0.2484136300000006,
                                                                                    "extra_info": {
                                                                                        "Function": "READ_PARQUET",
                                                                                        "Projections": [
                                                                                            "postid",
                                                                                            "votetypeid"
                                                                                        ],
                                                                                        "Estimated Cardinality": "12744093"
                                                                                    },
                                                                                    "cumulative_cardinality": 12744093,
                                                                                    "operator_type": "TABLE_SCAN",
                                                                                    "operator_cardinality": 12744093,
                                                                                    "cumulative_rows_scanned": 12744093,
                                                                                    "operator_rows_scanned": 12744093,
                                                                                    "operator_timing": 0.2484136300000006,
                                                                                    "result_set_size": 76464558,
                                                                                    "children": []
                                                                                },
                                                                                {
                                                                                    "operator_name": "HASH_JOIN",
                                                                                    "cpu_time": 1.3556064410000002,
                                                                                    "extra_info": {
                                                                                        "Join Type": "INNER",
                                                                                        "Conditions": "owneruserid = id",
                                                                                        "Estimated Cardinality": "770023"
                                                                                    },
                                                                                    "cumulative_cardinality": 6102288,
                                                                                    "operator_type": "HASH_JOIN",
                                                                                    "operator_cardinality": 2396485,
                                                                                    "cumulative_rows_scanned": 5110826,
                                                                                    "operator_rows_scanned": 0,
                                                                                    "operator_timing": 0.08238139500000001,
                                                                                    "result_set_size": 67101580,
                                                                                    "children": [
                                                                                        {
                                                                                            "operator_name": "READ_PARQUET ",
                                                                                            "cpu_time": 0.08799254999999996,
                                                                                            "extra_info": {
                                                                                                "Function": "READ_PARQUET",
                                                                                                "Projections": [
                                                                                                    "id",
                                                                                                    "owneruserid"
                                                                                                ],
                                                                                                "Estimated Cardinality": "3850116"
                                                                                            },
                                                                                            "cumulative_cardinality": 3683373,
                                                                                            "operator_type": "TABLE_SCAN",
                                                                                            "operator_cardinality": 3683373,
                                                                                            "cumulative_rows_scanned": 3850116,
                                                                                            "operator_rows_scanned": 3850116,
                                                                                            "operator_timing": 0.08799254999999996,
                                                                                            "result_set_size": 29466984,
                                                                                            "children": []
                                                                                        },
                                                                                        {
                                                                                            "operator_name": "FILTER",
                                                                                            "cpu_time": 1.1852324960000002,
                                                                                            "extra_info": {
                                                                                                "Expression": "(id <= 1416539)",
                                                                                                "Estimated Cardinality": "252142"
                                                                                            },
                                                                                            "cumulative_cardinality": 22430,
                                                                                            "operator_type": "FILTER",
                                                                                            "operator_cardinality": 11215,
                                                                                            "cumulative_rows_scanned": 1260710,
                                                                                            "operator_rows_scanned": 0,
                                                                                            "operator_timing": 0.0008194319999999994,
                                                                                            "result_set_size": 269160,
                                                                                            "children": [
                                                                                                {
                                                                                                    "operator_name": "READ_PARQUET ",
                                                                                                    "cpu_time": 1.1844130640000003,
                                                                                                    "extra_info": {
                                                                                                        "Function": "READ_PARQUET",
                                                                                                        "Projections": [
                                                                                                            "id",
                                                                                                            "reputation",
                                                                                                            "displayname"
                                                                                                        ],
                                                                                                        "Filters": "reputation>1000",
                                                                                                        "Estimated Cardinality": "252142"
                                                                                                    },
                                                                                                    "cumulative_cardinality": 11215,
                                                                                                    "operator_type": "TABLE_SCAN",
                                                                                                    "operator_cardinality": 11215,
                                                                                                    "cumulative_rows_scanned": 1260710,
                                                                                                    "operator_rows_scanned": 1260710,
                                                                                                    "operator_timing": 1.1844130640000003,
                                                                                                    "result_set_size": 269160,
                                                                                                    "children": []
                                                                                                }
                                                                                            ]
                                                                                        }
                                                                                    ]
                                                                                }
                                                                            ]
                                                                        }
                                                                    ]
                                                                }
                                                            ]
                                                        }
                                                    ]
                                                },
                                                {
                                                    "operator_name": "HASH_GROUP_BY",
                                                    "cpu_time": 6.247091867999708,
                                                    "extra_info": {
                                                        "Groups": "#0",
                                                        "Aggregates": [
                                                            "count(DISTINCT #1)",
                                                            "sum(#2)"
                                                        ],
                                                        "Estimated Cardinality": "385011"
                                                    },
                                                    "cumulative_cardinality": 21699316,
                                                    "operator_type": "HASH_GROUP_BY",
                                                    "operator_cardinality": 1976,
                                                    "cumulative_rows_scanned": 7700232,
                                                    "operator_rows_scanned": 0,
                                                    "operator_timing": 1.1192708080000002,
                                                    "result_set_size": 79040,
                                                    "children": [
                                                        {
                                                            "operator_name": "PROJECTION",
                                                            "cpu_time": 5.127821059999707,
                                                            "extra_info": {
                                                                "Projections": [
                                                                    "Tag",
                                                                    "PostId",
                                                                    "CASE  WHEN ((acceptedanswerid IS NOT NULL)) THEN (1) ELSE 0 END"
                                                                ],
                                                                "Estimated Cardinality": "770023"
                                                            },
                                                            "cumulative_cardinality": 21697340,
                                                            "operator_type": "PROJECTION",
                                                            "operator_cardinality": 4044765,
                                                            "cumulative_rows_scanned": 7700232,
                                                            "operator_rows_scanned": 0,
                                                            "operator_timing": 0.04199556099999998,
                                                            "result_set_size": 97074360,
                                                            "children": [
                                                                {
                                                                    "operator_name": "HASH_JOIN",
                                                                    "cpu_time": 5.085825498999707,
                                                                    "extra_info": {
                                                                        "Join Type": "INNER",
                                                                        "Conditions": "id = PostId",
                                                                        "Estimated Cardinality": "770023"
                                                                    },
                                                                    "cumulative_cardinality": 17652575,
                                                                    "operator_type": "HASH_JOIN",
                                                                    "operator_cardinality": 4044765,
                                                                    "cumulative_rows_scanned": 7700232,
                                                                    "operator_rows_scanned": 0,
                                                                    "operator_timing": 3.055722554999062,
                                                                    "result_set_size": 97074360,
                                                                    "children": [
                                                                        {
                                                                            "operator_name": "READ_PARQUET ",
                                                                            "cpu_time": 0.2668567580000001,
                                                                            "extra_info": {
                                                                                "Function": "READ_PARQUET",
                                                                                "Projections": [
                                                                                    "id",
                                                                                    "acceptedanswerid"
                                                                                ],
                                                                                "Estimated Cardinality": "3850116"
                                                                            },
                                                                            "cumulative_cardinality": 3850116,
                                                                            "operator_type": "TABLE_SCAN",
                                                                            "operator_cardinality": 3850116,
                                                                            "cumulative_rows_scanned": 3850116,
                                                                            "operator_rows_scanned": 3850116,
                                                                            "operator_timing": 0.2668567580000001,
                                                                            "result_set_size": 30800928,
                                                                            "children": []
                                                                        },
                                                                        {
                                                                            "operator_name": "PROJECTION",
                                                                            "cpu_time": 1.763246186000645,
                                                                            "extra_info": {
                                                                                "Projections": [
                                                                                    "PostId",
                                                                                    "Tag"
                                                                                ],
                                                                                "Estimated Cardinality": "770023"
                                                                            },
                                                                            "cumulative_cardinality": 9757694,
                                                                            "operator_type": "PROJECTION",
                                                                            "operator_cardinality": 4044765,
                                                                            "cumulative_rows_scanned": 3850116,
                                                                            "operator_rows_scanned": 0,
                                                                            "operator_timing": 0.18927707299794116,
                                                                            "result_set_size": 80895300,
                                                                            "children": [
                                                                                {
                                                                                    "operator_name": "UNNEST",
                                                                                    "cpu_time": 1.5739691130027038,
                                                                                    "extra_info": {},
                                                                                    "cumulative_cardinality": 5712929,
                                                                                    "operator_type": "UNNEST",
                                                                                    "operator_cardinality": 4044765,
                                                                                    "cumulative_rows_scanned": 3850116,
                                                                                    "operator_rows_scanned": 0,
                                                                                    "operator_timing": 1.2580792480027032,
                                                                                    "result_set_size": 145611540,
                                                                                    "children": [
                                                                                        {
                                                                                            "operator_name": "READ_PARQUET ",
                                                                                            "cpu_time": 0.31588986500000055,
                                                                                            "extra_info": {
                                                                                                "Function": "READ_PARQUET",
                                                                                                "Projections": [
                                                                                                    "id",
                                                                                                    "tags"
                                                                                                ],
                                                                                                "Filters": "posttypeid=1",
                                                                                                "Estimated Cardinality": "770023"
                                                                                            },
                                                                                            "cumulative_cardinality": 1668164,
                                                                                            "operator_type": "TABLE_SCAN",
                                                                                            "operator_cardinality": 1668164,
                                                                                            "cumulative_rows_scanned": 3850116,
                                                                                            "operator_rows_scanned": 3850116,
                                                                                            "operator_timing": 0.31588986500000055,
                                                                                            "result_set_size": 33363280,
                                                                                            "children": []
                                                                                        }
                                                                                    ]
                                                                                }
                                                                            ]
                                                                        }
                                                                    ]
                                                                }
                                                            ]
                                                        }
                                                    ]
                                                }
                                            ]
                                        }
                                    ]
                                }
                            ]
                        }
                    ]
                }
            ]
        }
    ]
}