{
    "rows_returned": 709036,
    "query_name": "\nWITH PostTagProcessing AS (\n    SELECT \n        p.Id AS PostId,\n        p.Title,\n        p.Body,\n        p.CreationDate,\n        p.OwnerUserId,\n        p.Tags,\n        ARRAY_LENGTH(string_to_array(substring(p.Tags, 2, length(p.Tags) - 2), '>'), 1) AS TagCount,\n        COALESCE(u.DisplayName, 'Community User') AS OwnerDisplayName,\n        COUNT(c.Id) AS CommentCount,\n        COALESCE(SUM(v.BountyAmount), 0) AS TotalBounty\n    FROM \n        Posts p\n    LEFT JOIN \n        Users u ON p.OwnerUserId = u.Id\n    LEFT JOIN \n        Comments c ON p.Id = c.PostId\n    LEFT JOIN \n        Votes v ON p.Id = v.PostId AND v.VoteTypeId IN (8, 9) \n    WHERE \n        p.PostTypeId = 1 \n    GROUP BY \n        p.Id, p.Title, p.Body, p.CreationDate, p.OwnerUserId, p.Tags, u.DisplayName\n),\nPostHistoryAnalysis AS (\n    SELECT \n        ph.PostId,\n        MAX(ph.CreationDate) AS LastEditDate,\n        COUNT(CASE WHEN ph.PostHistoryTypeId = 10 THEN 1 END) AS CloseCount,\n        COUNT(CASE WHEN ph.PostHistoryTypeId IN (24, 25) THEN 1 END) AS EditCount,\n        COUNT(DISTINCT ph.UserId) AS UniqueEditors\n    FROM \n        PostHistory ph\n    GROUP BY \n        ph.PostId\n),\nFinalBenchmarking AS (\n    SELECT \n        ptp.PostId,\n        ptp.Title,\n        ptp.TagCount,\n        ptp.CommentCount,\n        pha.LastEditDate,\n        pha.CloseCount,\n        pha.EditCount,\n        pha.UniqueEditors,\n        ptp.TotalBounty,\n        (COALESCE(ptp.CommentCount, 0) + COALESCE(pha.EditCount, 0))::float / NULLIF(ptp.TagCount, 0) AS InteractionToTagRatio \n    FROM \n        PostTagProcessing ptp\n    JOIN \n        PostHistoryAnalysis pha ON ptp.PostId = pha.PostId\n    ORDER BY \n        ptp.TagCount DESC, \n        ptp.CommentCount DESC\n)\nSELECT \n    *,\n    CASE \n        WHEN InteractionToTagRatio > 2 THEN 'Highly Interactive'\n        WHEN InteractionToTagRatio BETWEEN 1 AND 2 THEN 'Moderately Interactive'\n        ELSE 'Less Interactive'\n    END AS InteractionCategory\nFROM \n    FinalBenchmarking\nWHERE \n    TagCount >= 3\n",
    "blocked_thread_time": 0.0,
    "cpu_time": 54.10609021699998,
    "extra_info": {},
    "cumulative_cardinality": 51760042,
    "cumulative_rows_scanned": 36891985,
    "result_set_size": 73739744,
    "latency": 58.807499754,
    "children": [
        {
            "operator_name": "PROJECTION",
            "cpu_time": 54.10609021699998,
            "extra_info": {
                "Projections": [
                    "PostId",
                    "title",
                    "TagCount",
                    "CommentCount",
                    "LastEditDate",
                    "CloseCount",
                    "EditCount",
                    "UniqueEditors",
                    "TotalBounty",
                    "InteractionToTagRatio",
                    "InteractionCategory"
                ],
                "Estimated Cardinality": "5897622"
            },
            "cumulative_cardinality": 51760042,
            "operator_type": "PROJECTION",
            "operator_cardinality": 709036,
            "cumulative_rows_scanned": 36891985,
            "operator_rows_scanned": 0,
            "operator_timing": 0.011060751999999995,
            "result_set_size": 73739744,
            "children": [
                {
                    "operator_name": "ORDER_BY",
                    "cpu_time": 54.09502946499998,
                    "extra_info": {
                        "Order By": [
                            "ptp.TagCount DESC",
                            "ptp.CommentCount DESC"
                        ]
                    },
                    "cumulative_cardinality": 51051006,
                    "operator_type": "ORDER_BY",
                    "operator_cardinality": 709036,
                    "cumulative_rows_scanned": 36891985,
                    "operator_rows_scanned": 0,
                    "operator_timing": 0.08535090200000006,
                    "result_set_size": 62395168,
                    "children": [
                        {
                            "operator_name": "PROJECTION",
                            "cpu_time": 54.00967856299998,
                            "extra_info": {
                                "Projections": [
                                    "PostId",
                                    "title",
                                    "TagCount",
                                    "CommentCount",
                                    "LastEditDate",
                                    "CloseCount",
                                    "EditCount",
                                    "UniqueEditors",
                                    "TotalBounty",
                                    "InteractionToTagRatio"
                                ],
                                "Estimated Cardinality": "5897622"
                            },
                            "cumulative_cardinality": 50341970,
                            "operator_type": "PROJECTION",
                            "operator_cardinality": 709036,
                            "cumulative_rows_scanned": 36891985,
                            "operator_rows_scanned": 0,
                            "operator_timing": 0.04407326500000004,
                            "result_set_size": 62395168,
                            "children": [
                                {
                                    "operator_name": "HASH_JOIN",
                                    "cpu_time": 53.96560529799998,
                                    "extra_info": {
                                        "Join Type": "INNER",
                                        "Conditions": "postid = PostId",
                                        "Estimated Cardinality": "5897622"
                                    },
                                    "cumulative_cardinality": 49632934,
                                    "operator_type": "HASH_JOIN",
                                    "operator_cardinality": 709036,
                                    "cumulative_rows_scanned": 36891985,
                                    "operator_rows_scanned": 0,
                                    "operator_timing": 0.21437681900000044,
                                    "result_set_size": 59559024,
                                    "children": [
                                        {
                                            "operator_name": "HASH_GROUP_BY",
                                            "cpu_time": 10.437881088999989,
                                            "extra_info": {
                                                "Groups": "#0",
                                                "Aggregates": [
                                                    "max(#1)",
                                                    "count(#2)",
                                                    "count(#3)",
                                                    "count(DISTINCT #4)"
                                                ],
                                                "Estimated Cardinality": "5897622"
                                            },
                                            "cumulative_cardinality": 27440604,
                                            "operator_type": "HASH_GROUP_BY",
                                            "operator_cardinality": 3850116,
                                            "cumulative_rows_scanned": 11795244,
                                            "operator_rows_scanned": 0,
                                            "operator_timing": 3.045570927999996,
                                            "result_set_size": 138604176,
                                            "children": [
                                                {
                                                    "operator_name": "PROJECTION",
                                                    "cpu_time": 7.392310160999993,
                                                    "extra_info": {
                                                        "Projections": [
                                                            "postid",
                                                            "creationdate",
                                                            "CASE  WHEN ((posthistorytypeid = 10)) THEN (1) ELSE NULL END",
                                                            "CASE  WHEN ((posthistorytypeid IN (24, 25))) THEN (1) ELSE NULL END",
                                                            "userid"
                                                        ],
                                                        "Estimated Cardinality": "11795244"
                                                    },
                                                    "cumulative_cardinality": 23590488,
                                                    "operator_type": "PROJECTION",
                                                    "operator_cardinality": 11795244,
                                                    "cumulative_rows_scanned": 11795244,
                                                    "operator_rows_scanned": 0,
                                                    "operator_timing": 0.28847872500000027,
                                                    "result_set_size": 283085856,
                                                    "children": [
                                                        {
                                                            "operator_name": "READ_PARQUET ",
                                                            "cpu_time": 7.103831435999993,
                                                            "extra_info": {
                                                                "Function": "READ_PARQUET",
                                                                "Projections": [
                                                                    "posthistorytypeid",
                                                                    "postid",
                                                                    "creationdate",
                                                                    "userid"
                                                                ],
                                                                "Estimated Cardinality": "11795244"
                                                            },
                                                            "cumulative_cardinality": 11795244,
                                                            "operator_type": "TABLE_SCAN",
                                                            "operator_cardinality": 11795244,
                                                            "cumulative_rows_scanned": 11795244,
                                                            "operator_rows_scanned": 11795244,
                                                            "operator_timing": 7.103831435999993,
                                                            "result_set_size": 212314392,
                                                            "children": []
                                                        }
                                                    ]
                                                }
                                            ]
                                        },
                                        {
                                            "operator_name": "PROJECTION",
                                            "cpu_time": 43.31334738999999,
                                            "extra_info": {
                                                "Projections": [
                                                    "PostId",
                                                    "title",
                                                    "TagCount",
                                                    "CommentCount",
                                                    "TotalBounty"
                                                ],
                                                "Estimated Cardinality": "3850116"
                                            },
                                            "cumulative_cardinality": 21483294,
                                            "operator_type": "PROJECTION",
                                            "operator_cardinality": 709036,
                                            "cumulative_rows_scanned": 25096741,
                                            "operator_rows_scanned": 0,
                                            "operator_timing": 0.2937878799999998,
                                            "result_set_size": 36869872,
                                            "children": [
                                                {
                                                    "operator_name": "HASH_GROUP_BY",
                                                    "cpu_time": 43.01955950999999,
                                                    "extra_info": {
                                                        "Groups": [
                                                            "#0",
                                                            "#1",
                                                            "#2",
                                                            "#3",
                                                            "#4",
                                                            "#5",
                                                            "#6"
                                                        ],
                                                        "Aggregates": [
                                                            "count(#7)",
                                                            "sum(#8)"
                                                        ],
                                                        "Estimated Cardinality": "3850116"
                                                    },
                                                    "cumulative_cardinality": 20774258,
                                                    "operator_type": "HASH_GROUP_BY",
                                                    "operator_cardinality": 709036,
                                                    "cumulative_rows_scanned": 25096741,
                                                    "operator_rows_scanned": 0,
                                                    "operator_timing": 2.562510033999996,
                                                    "result_set_size": 73739744,
                                                    "children": [
                                                        {
                                                            "operator_name": "PROJECTION",
                                                            "cpu_time": 40.457049475999995,
                                                            "extra_info": {
                                                                "Projections": [
                                                                    "id",
                                                                    "title",
                                                                    "body",
                                                                    "creationdate",
                                                                    "owneruserid",
                                                                    "tags",
                                                                    "displayname",
                                                                    "id",
                                                                    "bountyamount"
                                                                ],
                                                                "Estimated Cardinality": "7241822"
                                                            },
                                                            "cumulative_cardinality": 20065222,
                                                            "operator_type": "PROJECTION",
                                                            "operator_cardinality": 2092861,
                                                            "cumulative_rows_scanned": 25096741,
                                                            "operator_rows_scanned": 0,
                                                            "operator_timing": 0.0034173469999999977,
                                                            "result_set_size": 184171768,
                                                            "children": [
                                                                {
                                                                    "operator_name": "PROJECTION",
                                                                    "cpu_time": 40.45363212899999,
                                                                    "extra_info": {
                                                                        "Projections": [
                                                                            "#0",
                                                                            "#1",
                                                                            "#2",
                                                                            "#3",
                                                                            "#4",
                                                                            "#5",
                                                                            "#6",
                                                                            "#7",
                                                                            "__internal_decompress_integral_integer(#8, 0)"
                                                                        ],
                                                                        "Estimated Cardinality": "7241822"
                                                                    },
                                                                    "cumulative_cardinality": 17972361,
                                                                    "operator_type": "PROJECTION",
                                                                    "operator_cardinality": 2092861,
                                                                    "cumulative_rows_scanned": 25096741,
                                                                    "operator_rows_scanned": 0,
                                                                    "operator_timing": 0.00890189699999999,
                                                                    "result_set_size": 184171768,
                                                                    "children": [
                                                                        {
                                                                            "operator_name": "HASH_JOIN",
                                                                            "cpu_time": 40.44473023199999,
                                                                            "extra_info": {
                                                                                "Join Type": "LEFT",
                                                                                "Conditions": "id = postid",
                                                                                "Estimated Cardinality": "7241822"
                                                                            },
                                                                            "cumulative_cardinality": 15879500,
                                                                            "operator_type": "HASH_JOIN",
                                                                            "operator_cardinality": 2092861,
                                                                            "cumulative_rows_scanned": 25096741,
                                                                            "operator_rows_scanned": 0,
                                                                            "operator_timing": 0.2999038260000002,
                                                                            "result_set_size": 179986046,
                                                                            "children": [
                                                                                {
                                                                                    "operator_name": "HASH_JOIN",
                                                                                    "cpu_time": 39.62580393699999,
                                                                                    "extra_info": {
                                                                                        "Join Type": "RIGHT",
                                                                                        "Conditions": "postid = id",
                                                                                        "Estimated Cardinality": "7241822"
                                                                                    },
                                                                                    "cumulative_cardinality": 13626543,
                                                                                    "operator_type": "HASH_JOIN",
                                                                                    "operator_cardinality": 2037775,
                                                                                    "cumulative_rows_scanned": 12352648,
                                                                                    "operator_rows_scanned": 0,
                                                                                    "operator_timing": 0.8550748559999989,
                                                                                    "result_set_size": 171173100,
                                                                                    "children": [
                                                                                        {
                                                                                            "operator_name": "READ_PARQUET ",
                                                                                            "cpu_time": 4.200148794000008,
                                                                                            "extra_info": {
                                                                                                "Function": "READ_PARQUET",
                                                                                                "Projections": [
                                                                                                    "id",
                                                                                                    "postid"
                                                                                                ],
                                                                                                "Estimated Cardinality": "7241822"
                                                                                            },
                                                                                            "cumulative_cardinality": 7241822,
                                                                                            "operator_type": "TABLE_SCAN",
                                                                                            "operator_cardinality": 7241822,
                                                                                            "cumulative_rows_scanned": 7241822,
                                                                                            "operator_rows_scanned": 7241822,
                                                                                            "operator_timing": 4.200148794000008,
                                                                                            "result_set_size": 57934576,
                                                                                            "children": []
                                                                                        },
                                                                                        {
                                                                                            "operator_name": "HASH_JOIN",
                                                                                            "cpu_time": 34.570580286999984,
                                                                                            "extra_info": {
                                                                                                "Join Type": "LEFT",
                                                                                                "Conditions": "owneruserid = id",
                                                                                                "Estimated Cardinality": "1260710"
                                                                                            },
                                                                                            "cumulative_cardinality": 4346946,
                                                                                            "operator_type": "HASH_JOIN",
                                                                                            "operator_cardinality": 709036,
                                                                                            "cumulative_rows_scanned": 5110826,
                                                                                            "operator_rows_scanned": 0,
                                                                                            "operator_timing": 0.25502697700000043,
                                                                                            "result_set_size": 56722880,
                                                                                            "children": [
                                                                                                {
                                                                                                    "operator_name": "FILTER",
                                                                                                    "cpu_time": 32.665376612999985,
                                                                                                    "extra_info": {
                                                                                                        "Expression": "(array_length(string_to_array(\"substring\"(tags, 2, (length(tags) - 2)), '>'), 1) >= 3)",
                                                                                                        "Estimated Cardinality": "770023"
                                                                                                    },
                                                                                                    "cumulative_cardinality": 2377200,
                                                                                                    "operator_type": "FILTER",
                                                                                                    "operator_cardinality": 709036,
                                                                                                    "cumulative_rows_scanned": 3850116,
                                                                                                    "operator_rows_scanned": 0,
                                                                                                    "operator_timing": 0.38890402899999943,
                                                                                                    "result_set_size": 45378304,
                                                                                                    "children": [
                                                                                                        {
                                                                                                            "operator_name": "READ_PARQUET ",
                                                                                                            "cpu_time": 32.27647258399998,
                                                                                                            "extra_info": {
                                                                                                                "Function": "READ_PARQUET",
                                                                                                                "Projections": [
                                                                                                                    "id",
                                                                                                                    "creationdate",
                                                                                                                    "body",
                                                                                                                    "owneruserid",
                                                                                                                    "title",
                                                                                                                    "tags"
                                                                                                                ],
                                                                                                                "Filters": "posttypeid=1",
                                                                                                                "Estimated Cardinality": "770023"
                                                                                                            },
                                                                                                            "cumulative_cardinality": 1668164,
                                                                                                            "operator_type": "TABLE_SCAN",
                                                                                                            "operator_cardinality": 1668164,
                                                                                                            "cumulative_rows_scanned": 3850116,
                                                                                                            "operator_rows_scanned": 3850116,
                                                                                                            "operator_timing": 32.27647258399998,
                                                                                                            "result_set_size": 106762496,
                                                                                                            "children": []
                                                                                                        }
                                                                                                    ]
                                                                                                },
                                                                                                {
                                                                                                    "operator_name": "READ_PARQUET ",
                                                                                                    "cpu_time": 1.6501766969999985,
                                                                                                    "extra_info": {
                                                                                                        "Function": "READ_PARQUET",
                                                                                                        "Projections": [
                                                                                                            "id",
                                                                                                            "displayname"
                                                                                                        ],
                                                                                                        "Estimated Cardinality": "1260710"
                                                                                                    },
                                                                                                    "cumulative_cardinality": 1260710,
                                                                                                    "operator_type": "TABLE_SCAN",
                                                                                                    "operator_cardinality": 1260710,
                                                                                                    "cumulative_rows_scanned": 1260710,
                                                                                                    "operator_rows_scanned": 1260710,
                                                                                                    "operator_timing": 1.6501766969999985,
                                                                                                    "result_set_size": 25214200,
                                                                                                    "children": []
                                                                                                }
                                                                                            ]
                                                                                        }
                                                                                    ]
                                                                                },
                                                                                {
                                                                                    "operator_name": "PROJECTION",
                                                                                    "cpu_time": 0.5190224690000008,
                                                                                    "extra_info": {
                                                                                        "Projections": [
                                                                                            "#0",
                                                                                            "__internal_compress_integral_usmallint(#1, 0)"
                                                                                        ],
                                                                                        "Estimated Cardinality": "2548818"
                                                                                    },
                                                                                    "cumulative_cardinality": 160096,
                                                                                    "operator_type": "PROJECTION",
                                                                                    "operator_cardinality": 80048,
                                                                                    "cumulative_rows_scanned": 12744093,
                                                                                    "operator_rows_scanned": 0,
                                                                                    "operator_timing": 0.006555606999999957,
                                                                                    "result_set_size": 480288,
                                                                                    "children": [
                                                                                        {
                                                                                            "operator_name": "READ_PARQUET ",
                                                                                            "cpu_time": 0.5124668620000009,
                                                                                            "extra_info": {
                                                                                                "Function": "READ_PARQUET",
                                                                                                "Projections": [
                                                                                                    "postid",
                                                                                                    "bountyamount"
                                                                                                ],
                                                                                                "Filters": "votetypeid>=8 AND votetypeid<=9",
                                                                                                "Estimated Cardinality": "2548818"
                                                                                            },
                                                                                            "cumulative_cardinality": 80048,
                                                                                            "operator_type": "TABLE_SCAN",
                                                                                            "operator_cardinality": 80048,
                                                                                            "cumulative_rows_scanned": 12744093,
                                                                                            "operator_rows_scanned": 12744093,
                                                                                            "operator_timing": 0.5124668620000009,
                                                                                            "result_set_size": 640384,
                                                                                            "children": []
                                                                                        }
                                                                                    ]
                                                                                }
                                                                            ]
                                                                        }
                                                                    ]
                                                                }
                                                            ]
                                                        }
                                                    ]
                                                }
                                            ]
                                        }
                                    ]
                                }
                            ]
                        }
                    ]
                }
            ]
        }
    ]
}