{
    "rows_returned": 1976,
    "query_name": "WITH PostTags AS (\n    SELECT \n        p.Id AS PostId,\n        UNNEST(string_to_array(substring(p.Tags, 2, length(p.Tags)-2), '><')) AS Tag\n    FROM \n        Posts p\n    WHERE \n        p.PostTypeId = 1 \n),\nUserPostStats AS (\n    SELECT\n        u.Id AS UserId,\n        u.DisplayName,\n        COUNT(DISTINCT p.Id) AS QuestionCount,\n        SUM(COALESCE(p.ViewCount, 0)) AS TotalViews,\n        SUM(COALESCE(p.AnswerCount, 0)) AS TotalAnswers,\n        SUM(COALESCE(p.CommentCount, 0)) AS TotalComments,\n        SUM(COALESCE(p.FavoriteCount, 0)) AS TotalFavorites\n    FROM \n        Users u\n    JOIN \n        Posts p ON u.Id = p.OwnerUserId\n    WHERE \n        u.Reputation > 1000 \n    GROUP BY \n        u.Id, u.DisplayName\n),\nTagPopularity AS (\n    SELECT \n        Tag,\n        COUNT(DISTINCT pt.PostId) AS PostCount,\n        SUM(COALESCE(up.TotalViews, 0)) AS TotalViewsPerTag,\n        SUM(COALESCE(up.TotalAnswers, 0)) AS TotalAnswersPerTag,\n        SUM(COALESCE(up.TotalComments, 0)) AS TotalCommentsPerTag,\n        SUM(COALESCE(up.TotalFavorites, 0)) AS TotalFavoritesPerTag\n    FROM \n        PostTags pt\n    LEFT JOIN \n        UserPostStats up ON pt.PostId = up.UserId\n    GROUP BY \n        Tag\n)\nSELECT \n    tp.Tag,\n    tp.PostCount,\n    tp.TotalViewsPerTag,\n    tp.TotalAnswersPerTag,\n    tp.TotalCommentsPerTag,\n    tp.TotalFavoritesPerTag,\n    CASE \n        WHEN tp.PostCount > 0 THEN ROUND(tp.TotalViewsPerTag * 1.0 / tp.PostCount, 2)\n        ELSE 0 \n    END AS AverageViewsPerPost,\n    CASE \n        WHEN tp.PostCount > 0 THEN ROUND(tp.TotalAnswersPerTag * 1.0 / tp.PostCount, 2)\n        ELSE 0 \n    END AS AverageAnswersPerPost,\n    CASE \n        WHEN tp.PostCount > 0 THEN ROUND(tp.TotalCommentsPerTag * 1.0 / tp.PostCount, 2)\n        ELSE 0 \n    END AS AverageCommentsPerPost,\n    CASE \n        WHEN tp.PostCount > 0 THEN ROUND(tp.TotalFavoritesPerTag * 1.0 / tp.PostCount, 2)\n        ELSE 0 \n    END AS AverageFavoritesPerPost\nFROM \n    TagPopularity tp\nORDER BY \n    tp.TotalViewsPerTag DESC, tp.Tag;",
    "blocked_thread_time": 0.0,
    "cpu_time": 9.445815157882459,
    "extra_info": {},
    "cumulative_cardinality": 26374353,
    "cumulative_rows_scanned": 8960942,
    "result_set_size": 237120,
    "latency": 16.540458985,
    "children": [
        {
            "operator_name": "ORDER_BY",
            "cpu_time": 9.445815157882459,
            "extra_info": {
                "Order By": [
                    "tp.TotalViewsPerTag DESC",
                    "tp.Tag ASC"
                ]
            },
            "cumulative_cardinality": 26374353,
            "operator_type": "ORDER_BY",
            "operator_cardinality": 1976,
            "cumulative_rows_scanned": 8960942,
            "operator_rows_scanned": 0,
            "operator_timing": 0.000288469,
            "result_set_size": 237120,
            "children": [
                {
                    "operator_name": "PROJECTION",
                    "cpu_time": 9.44552668888246,
                    "extra_info": {
                        "Projections": [
                            "Tag",
                            "PostCount",
                            "TotalViewsPerTag",
                            "TotalAnswersPerTag",
                            "TotalCommentsPerTag",
                            "TotalFavoritesPerTag",
                            "AverageViewsPerPost",
                            "AverageAnswersPerPost",
                            "AverageCommentsPerPost",
                            "AverageFavoritesPerPost"
                        ],
                        "Estimated Cardinality": "385011"
                    },
                    "cumulative_cardinality": 26372377,
                    "operator_type": "PROJECTION",
                    "operator_cardinality": 1976,
                    "cumulative_rows_scanned": 8960942,
                    "operator_rows_scanned": 0,
                    "operator_timing": 0.000536853,
                    "result_set_size": 237120,
                    "children": [
                        {
                            "operator_name": "HASH_GROUP_BY",
                            "cpu_time": 9.44498983588246,
                            "extra_info": {
                                "Groups": "#0",
                                "Aggregates": [
                                    "count(DISTINCT #1)",
                                    "sum(#2)",
                                    "sum(#3)",
                                    "sum(#4)",
                                    "sum(#5)"
                                ],
                                "Estimated Cardinality": "385011"
                            },
                            "cumulative_cardinality": 26370401,
                            "operator_type": "HASH_GROUP_BY",
                            "operator_cardinality": 1976,
                            "cumulative_rows_scanned": 8960942,
                            "operator_rows_scanned": 0,
                            "operator_timing": 0.8251720870000011,
                            "result_set_size": 173888,
                            "children": [
                                {
                                    "operator_name": "PROJECTION",
                                    "cpu_time": 8.61981774888246,
                                    "extra_info": {
                                        "Projections": [
                                            "Tag",
                                            "PostId",
                                            "COALESCE(TotalViews, 0)",
                                            "COALESCE(TotalAnswers, 0)",
                                            "COALESCE(TotalComments, 0)",
                                            "COALESCE(TotalFavorites, 0)"
                                        ],
                                        "Estimated Cardinality": "770023"
                                    },
                                    "cumulative_cardinality": 26368425,
                                    "operator_type": "PROJECTION",
                                    "operator_cardinality": 4044765,
                                    "cumulative_rows_scanned": 8960942,
                                    "operator_rows_scanned": 0,
                                    "operator_timing": 0.08594489399999998,
                                    "result_set_size": 339760260,
                                    "children": [
                                        {
                                            "operator_name": "HASH_JOIN",
                                            "cpu_time": 8.533872854882459,
                                            "extra_info": {
                                                "Join Type": "LEFT",
                                                "Conditions": "PostId = UserId",
                                                "Estimated Cardinality": "770023"
                                            },
                                            "cumulative_cardinality": 22323660,
                                            "operator_type": "HASH_JOIN",
                                            "operator_cardinality": 4044765,
                                            "cumulative_rows_scanned": 8960942,
                                            "operator_rows_scanned": 0,
                                            "operator_timing": 6.377356709876554,
                                            "result_set_size": 339760260,
                                            "children": [
                                                {
                                                    "operator_name": "PROJECTION",
                                                    "cpu_time": 1.7190540310059037,
                                                    "extra_info": {
                                                        "Projections": [
                                                            "PostId",
                                                            "Tag"
                                                        ],
                                                        "Estimated Cardinality": "770023"
                                                    },
                                                    "cumulative_cardinality": 9757694,
                                                    "operator_type": "PROJECTION",
                                                    "operator_cardinality": 4044765,
                                                    "cumulative_rows_scanned": 3850116,
                                                    "operator_rows_scanned": 0,
                                                    "operator_timing": 0.17197266400183944,
                                                    "result_set_size": 80895300,
                                                    "children": [
                                                        {
                                                            "operator_name": "UNNEST",
                                                            "cpu_time": 1.5470813670040642,
                                                            "extra_info": {},
                                                            "cumulative_cardinality": 5712929,
                                                            "operator_type": "UNNEST",
                                                            "operator_cardinality": 4044765,
                                                            "cumulative_rows_scanned": 3850116,
                                                            "operator_rows_scanned": 0,
                                                            "operator_timing": 1.232542418004064,
                                                            "result_set_size": 145611540,
                                                            "children": [
                                                                {
                                                                    "operator_name": "READ_PARQUET ",
                                                                    "cpu_time": 0.31453894900000007,
                                                                    "extra_info": {
                                                                        "Function": "READ_PARQUET",
                                                                        "Projections": [
                                                                            "id",
                                                                            "tags"
                                                                        ],
                                                                        "Filters": "posttypeid=1",
                                                                        "Estimated Cardinality": "770023"
                                                                    },
                                                                    "cumulative_cardinality": 1668164,
                                                                    "operator_type": "TABLE_SCAN",
                                                                    "operator_cardinality": 1668164,
                                                                    "cumulative_rows_scanned": 3850116,
                                                                    "operator_rows_scanned": 3850116,
                                                                    "operator_timing": 0.31453894900000007,
                                                                    "result_set_size": 33363280,
                                                                    "children": []
                                                                }
                                                            ]
                                                        }
                                                    ]
                                                },
                                                {
                                                    "operator_name": "PROJECTION",
                                                    "cpu_time": 0.4374621140000004,
                                                    "extra_info": {
                                                        "Projections": [
                                                            "UserId",
                                                            "TotalViews",
                                                            "TotalAnswers",
                                                            "TotalComments",
                                                            "TotalFavorites"
                                                        ],
                                                        "Estimated Cardinality": "385011"
                                                    },
                                                    "cumulative_cardinality": 8521201,
                                                    "operator_type": "PROJECTION",
                                                    "operator_cardinality": 11214,
                                                    "cumulative_rows_scanned": 5110826,
                                                    "operator_rows_scanned": 0,
                                                    "operator_timing": 0.000002324,
                                                    "result_set_size": 762552,
                                                    "children": [
                                                        {
                                                            "operator_name": "HASH_GROUP_BY",
                                                            "cpu_time": 0.4374597900000004,
                                                            "extra_info": {
                                                                "Groups": [
                                                                    "#0",
                                                                    "#1"
                                                                ],
                                                                "Aggregates": [
                                                                    "sum(#2)",
                                                                    "sum(#3)",
                                                                    "sum(#4)",
                                                                    "sum(#5)"
                                                                ],
                                                                "Estimated Cardinality": "385011"
                                                            },
                                                            "cumulative_cardinality": 8509987,
                                                            "operator_type": "HASH_GROUP_BY",
                                                            "operator_cardinality": 11214,
                                                            "cumulative_rows_scanned": 5110826,
                                                            "operator_rows_scanned": 0,
                                                            "operator_timing": 0.09907617200000012,
                                                            "result_set_size": 941976,
                                                            "children": [
                                                                {
                                                                    "operator_name": "PROJECTION",
                                                                    "cpu_time": 0.3383836180000003,
                                                                    "extra_info": {
                                                                        "Projections": [
                                                                            "id",
                                                                            "displayname",
                                                                            "COALESCE(viewcount, 0)",
                                                                            "COALESCE(answercount, 0)",
                                                                            "commentcount",
                                                                            "COALESCE(favoritecount, 0)"
                                                                        ],
                                                                        "Estimated Cardinality": "770023"
                                                                    },
                                                                    "cumulative_cardinality": 8498773,
                                                                    "operator_type": "PROJECTION",
                                                                    "operator_cardinality": 2396485,
                                                                    "cumulative_rows_scanned": 5110826,
                                                                    "operator_rows_scanned": 0,
                                                                    "operator_timing": 0.052038681999999815,
                                                                    "result_set_size": 86273460,
                                                                    "children": [
                                                                        {
                                                                            "operator_name": "HASH_JOIN",
                                                                            "cpu_time": 0.28634493600000044,
                                                                            "extra_info": {
                                                                                "Join Type": "INNER",
                                                                                "Conditions": "owneruserid = id",
                                                                                "Estimated Cardinality": "770023"
                                                                            },
                                                                            "cumulative_cardinality": 6102288,
                                                                            "operator_type": "HASH_JOIN",
                                                                            "operator_cardinality": 2396485,
                                                                            "cumulative_rows_scanned": 5110826,
                                                                            "operator_rows_scanned": 0,
                                                                            "operator_timing": 0.0886681440000004,
                                                                            "result_set_size": 86273460,
                                                                            "children": [
                                                                                {
                                                                                    "operator_name": "READ_PARQUET ",
                                                                                    "cpu_time": 0.14391524399999997,
                                                                                    "extra_info": {
                                                                                        "Function": "READ_PARQUET",
                                                                                        "Projections": [
                                                                                            "viewcount",
                                                                                            "owneruserid",
                                                                                            "answercount",
                                                                                            "commentcount",
                                                                                            "favoritecount"
                                                                                        ],
                                                                                        "Estimated Cardinality": "3850116"
                                                                                    },
                                                                                    "cumulative_cardinality": 3683373,
                                                                                    "operator_type": "TABLE_SCAN",
                                                                                    "operator_cardinality": 3683373,
                                                                                    "cumulative_rows_scanned": 3850116,
                                                                                    "operator_rows_scanned": 3850116,
                                                                                    "operator_timing": 0.14391524399999997,
                                                                                    "result_set_size": 73667460,
                                                                                    "children": []
                                                                                },
                                                                                {
                                                                                    "operator_name": "FILTER",
                                                                                    "cpu_time": 0.053761548000000055,
                                                                                    "extra_info": {
                                                                                        "Expression": "(id <= 1416539)",
                                                                                        "Estimated Cardinality": "252142"
                                                                                    },
                                                                                    "cumulative_cardinality": 22430,
                                                                                    "operator_type": "FILTER",
                                                                                    "operator_cardinality": 11215,
                                                                                    "cumulative_rows_scanned": 1260710,
                                                                                    "operator_rows_scanned": 0,
                                                                                    "operator_timing": 0.000564433,
                                                                                    "result_set_size": 224300,
                                                                                    "children": [
                                                                                        {
                                                                                            "operator_name": "READ_PARQUET ",
                                                                                            "cpu_time": 0.05319711500000005,
                                                                                            "extra_info": {
                                                                                                "Function": "READ_PARQUET",
                                                                                                "Projections": [
                                                                                                    "id",
                                                                                                    "displayname"
                                                                                                ],
                                                                                                "Filters": "reputation>1000",
                                                                                                "Estimated Cardinality": "252142"
                                                                                            },
                                                                                            "cumulative_cardinality": 11215,
                                                                                            "operator_type": "TABLE_SCAN",
                                                                                            "operator_cardinality": 11215,
                                                                                            "cumulative_rows_scanned": 1260710,
                                                                                            "operator_rows_scanned": 1260710,
                                                                                            "operator_timing": 0.05319711500000005,
                                                                                            "result_set_size": 224300,
                                                                                            "children": []
                                                                                        }
                                                                                    ]
                                                                                }
                                                                            ]
                                                                        }
                                                                    ]
                                                                }
                                                            ]
                                                        }
                                                    ]
                                                }
                                            ]
                                        }
                                    ]
                                }
                            ]
                        }
                    ]
                }
            ]
        }
    ]
}