{
    "rows_returned": 10,
    "query_name": "\nWITH TagSplit AS (\n    SELECT \n        p.Id AS PostId,\n        unnest(string_to_array(substring(p.Tags, 2, length(p.Tags)-2), '><')) AS Tag\n    FROM \n        Posts p\n    WHERE \n        p.PostTypeId = 1  \n),\nTagCount AS (\n    SELECT \n        Tag,\n        COUNT(DISTINCT PostId) AS PostCount\n    FROM \n        TagSplit\n    GROUP BY \n        Tag\n),\nUserEngagement AS (\n    SELECT \n        u.Id AS UserId,\n        COUNT(DISTINCT p.Id) AS QuestionCount,\n        SUM(CASE WHEN v.VoteTypeId = 2 THEN 1 ELSE 0 END) AS UpvotesReceived,\n        SUM(CASE WHEN v.VoteTypeId = 3 THEN 1 ELSE 0 END) AS DownvotesReceived,\n        AVG(EXTRACT(EPOCH FROM (v.CreationDate - u.CreationDate))/86400) AS AvgPostAge \n    FROM \n        Users u\n    LEFT JOIN \n        Posts p ON u.Id = p.OwnerUserId AND p.PostTypeId = 1  \n    LEFT JOIN \n        Votes v ON p.Id = v.PostId\n    WHERE \n        u.Reputation > 50  \n    GROUP BY \n        u.Id\n),\nActiveTags AS (\n    SELECT \n        ts.Tag,\n        SUM(ue.QuestionCount) AS TotalPosts,\n        AVG(ue.UpvotesReceived) AS AvgUpvotes,\n        AVG(ue.DownvotesReceived) AS AvgDownvotes\n    FROM \n        TagCount tc\n    JOIN \n        TagSplit ts ON tc.Tag = ts.Tag\n    JOIN \n        UserEngagement ue ON ts.PostId = ue.UserId\n    GROUP BY \n        ts.Tag\n    ORDER BY \n        TotalPosts DESC\n    LIMIT 10\n)\nSELECT \n    tc.Tag,\n    tc.PostCount,\n    ae.TotalPosts,\n    ae.AvgUpvotes,\n    ae.AvgDownvotes\nFROM \n    TagCount tc\nJOIN \n    ActiveTags ae ON tc.Tag = ae.Tag\nORDER BY \n    tc.PostCount DESC;\n",
    "blocked_thread_time": 0.0,
    "cpu_time": 11.438839825012822,
    "extra_info": {},
    "cumulative_cardinality": 56820889,
    "cumulative_rows_scanned": 25555151,
    "result_set_size": 560,
    "latency": 24.428967993,
    "children": [
        {
            "operator_name": "ORDER_BY",
            "cpu_time": 11.438839825012822,
            "extra_info": {
                "Order By": "tc.PostCount DESC"
            },
            "cumulative_cardinality": 56820889,
            "operator_type": "ORDER_BY",
            "operator_cardinality": 10,
            "cumulative_rows_scanned": 25555151,
            "operator_rows_scanned": 0,
            "operator_timing": 0.000028703,
            "result_set_size": 560,
            "children": [
                {
                    "operator_name": "PROJECTION",
                    "cpu_time": 11.438811122012822,
                    "extra_info": {
                        "Projections": [
                            "Tag",
                            "PostCount",
                            "TotalPosts",
                            "AvgUpvotes",
                            "AvgDownvotes"
                        ],
                        "Estimated Cardinality": "385011"
                    },
                    "cumulative_cardinality": 56820879,
                    "operator_type": "PROJECTION",
                    "operator_cardinality": 10,
                    "cumulative_rows_scanned": 25555151,
                    "operator_rows_scanned": 0,
                    "operator_timing": 9.02e-7,
                    "result_set_size": 560,
                    "children": [
                        {
                            "operator_name": "CTE",
                            "cpu_time": 11.438810220012822,
                            "extra_info": {
                                "CTE Name": "TagCount",
                                "Table Index": "0"
                            },
                            "cumulative_cardinality": 56820869,
                            "operator_type": "CTE",
                            "operator_cardinality": 0,
                            "cumulative_rows_scanned": 25555151,
                            "operator_rows_scanned": 0,
                            "operator_timing": 0.000028373,
                            "result_set_size": 0,
                            "children": [
                                {
                                    "operator_name": "HASH_GROUP_BY",
                                    "cpu_time": 5.089856833998706,
                                    "extra_info": {
                                        "Groups": "#0",
                                        "Aggregates": "count(DISTINCT #1)",
                                        "Estimated Cardinality": "385011"
                                    },
                                    "cumulative_cardinality": 13804435,
                                    "operator_type": "HASH_GROUP_BY",
                                    "operator_cardinality": 1976,
                                    "cumulative_rows_scanned": 3850116,
                                    "operator_rows_scanned": 0,
                                    "operator_timing": 3.052523954998808,
                                    "result_set_size": 47424,
                                    "children": [
                                        {
                                            "operator_name": "PROJECTION",
                                            "cpu_time": 2.037332878999898,
                                            "extra_info": {
                                                "Projections": [
                                                    "Tag",
                                                    "PostId"
                                                ],
                                                "Estimated Cardinality": "770023"
                                            },
                                            "cumulative_cardinality": 13802459,
                                            "operator_type": "PROJECTION",
                                            "operator_cardinality": 4044765,
                                            "cumulative_rows_scanned": 3850116,
                                            "operator_rows_scanned": 0,
                                            "operator_timing": 0.17291321400001758,
                                            "result_set_size": 80895300,
                                            "children": [
                                                {
                                                    "operator_name": "PROJECTION",
                                                    "cpu_time": 1.8644196649998803,
                                                    "extra_info": {
                                                        "Projections": [
                                                            "PostId",
                                                            "Tag"
                                                        ],
                                                        "Estimated Cardinality": "770023"
                                                    },
                                                    "cumulative_cardinality": 9757694,
                                                    "operator_type": "PROJECTION",
                                                    "operator_cardinality": 4044765,
                                                    "cumulative_rows_scanned": 3850116,
                                                    "operator_rows_scanned": 0,
                                                    "operator_timing": 0.19238976799847846,
                                                    "result_set_size": 80895300,
                                                    "children": [
                                                        {
                                                            "operator_name": "UNNEST",
                                                            "cpu_time": 1.6720298970014018,
                                                            "extra_info": {},
                                                            "cumulative_cardinality": 5712929,
                                                            "operator_type": "UNNEST",
                                                            "operator_cardinality": 4044765,
                                                            "cumulative_rows_scanned": 3850116,
                                                            "operator_rows_scanned": 0,
                                                            "operator_timing": 1.392296344001402,
                                                            "result_set_size": 145611540,
                                                            "children": [
                                                                {
                                                                    "operator_name": "READ_PARQUET ",
                                                                    "cpu_time": 0.2797335529999998,
                                                                    "extra_info": {
                                                                        "Function": "READ_PARQUET",
                                                                        "Projections": [
                                                                            "id",
                                                                            "tags"
                                                                        ],
                                                                        "Filters": "posttypeid=1",
                                                                        "Estimated Cardinality": "770023"
                                                                    },
                                                                    "cumulative_cardinality": 1668164,
                                                                    "operator_type": "TABLE_SCAN",
                                                                    "operator_cardinality": 1668164,
                                                                    "cumulative_rows_scanned": 3850116,
                                                                    "operator_rows_scanned": 3850116,
                                                                    "operator_timing": 0.2797335529999998,
                                                                    "result_set_size": 33363280,
                                                                    "children": []
                                                                }
                                                            ]
                                                        }
                                                    ]
                                                }
                                            ]
                                        }
                                    ]
                                },
                                {
                                    "operator_name": "HASH_JOIN",
                                    "cpu_time": 6.3489250130141155,
                                    "extra_info": {
                                        "Join Type": "INNER",
                                        "Conditions": "Tag = Tag",
                                        "Estimated Cardinality": "0"
                                    },
                                    "cumulative_cardinality": 43016434,
                                    "operator_type": "HASH_JOIN",
                                    "operator_cardinality": 10,
                                    "cumulative_rows_scanned": 21705035,
                                    "operator_rows_scanned": 0,
                                    "operator_timing": 0.00019069800000000002,
                                    "result_set_size": 720,
                                    "children": [
                                        {
                                            "operator_name": "CTE_SCAN",
                                            "cpu_time": 0.00007146500000000001,
                                            "extra_info": {
                                                "CTE Index": "0",
                                                "Estimated Cardinality": "385011"
                                            },
                                            "cumulative_cardinality": 1976,
                                            "operator_type": "CTE_SCAN",
                                            "operator_cardinality": 1976,
                                            "cumulative_rows_scanned": 0,
                                            "operator_rows_scanned": 0,
                                            "operator_timing": 0.00007146500000000001,
                                            "result_set_size": 47424,
                                            "children": []
                                        },
                                        {
                                            "operator_name": "STREAMING_LIMIT",
                                            "cpu_time": 6.348662850014115,
                                            "extra_info": {},
                                            "cumulative_cardinality": 43014448,
                                            "operator_type": "STREAMING_LIMIT",
                                            "operator_cardinality": 10,
                                            "cumulative_rows_scanned": 21705035,
                                            "operator_rows_scanned": 0,
                                            "operator_timing": 0.000001383,
                                            "result_set_size": 480,
                                            "children": [
                                                {
                                                    "operator_name": "ORDER_BY",
                                                    "cpu_time": 6.348661467014115,
                                                    "extra_info": {
                                                        "Order By": "sum(ue.QuestionCount) DESC"
                                                    },
                                                    "cumulative_cardinality": 43014438,
                                                    "operator_type": "ORDER_BY",
                                                    "operator_cardinality": 1384,
                                                    "cumulative_rows_scanned": 21705035,
                                                    "operator_rows_scanned": 0,
                                                    "operator_timing": 0.000104095,
                                                    "result_set_size": 66432,
                                                    "children": [
                                                        {
                                                            "operator_name": "HASH_GROUP_BY",
                                                            "cpu_time": 6.348557372014115,
                                                            "extra_info": {
                                                                "Groups": "#0",
                                                                "Aggregates": [
                                                                    "sum(#1)",
                                                                    "avg(#2)",
                                                                    "avg(#3)"
                                                                ],
                                                                "Estimated Cardinality": "38501"
                                                            },
                                                            "cumulative_cardinality": 43013054,
                                                            "operator_type": "HASH_GROUP_BY",
                                                            "operator_cardinality": 1384,
                                                            "cumulative_rows_scanned": 21705035,
                                                            "operator_rows_scanned": 0,
                                                            "operator_timing": 0.012465125000000002,
                                                            "result_set_size": 66432,
                                                            "children": [
                                                                {
                                                                    "operator_name": "PROJECTION",
                                                                    "cpu_time": 6.336092247014115,
                                                                    "extra_info": {
                                                                        "Projections": [
                                                                            "Tag",
                                                                            "QuestionCount",
                                                                            "UpvotesReceived",
                                                                            "DownvotesReceived"
                                                                        ],
                                                                        "Estimated Cardinality": "77002"
                                                                    },
                                                                    "cumulative_cardinality": 43011670,
                                                                    "operator_type": "PROJECTION",
                                                                    "operator_cardinality": 156227,
                                                                    "cumulative_rows_scanned": 21705035,
                                                                    "operator_rows_scanned": 0,
                                                                    "operator_timing": 0.00005133000000000001,
                                                                    "result_set_size": 8748712,
                                                                    "children": [
                                                                        {
                                                                            "operator_name": "HASH_JOIN",
                                                                            "cpu_time": 6.336040917014115,
                                                                            "extra_info": {
                                                                                "Join Type": "INNER",
                                                                                "Conditions": "UserId = PostId",
                                                                                "Estimated Cardinality": "77002"
                                                                            },
                                                                            "cumulative_cardinality": 42855443,
                                                                            "operator_type": "HASH_JOIN",
                                                                            "operator_cardinality": 156227,
                                                                            "cumulative_rows_scanned": 21705035,
                                                                            "operator_rows_scanned": 0,
                                                                            "operator_timing": 0.07514844800000003,
                                                                            "result_set_size": 8748712,
                                                                            "children": [
                                                                                {
                                                                                    "operator_name": "HASH_GROUP_BY",
                                                                                    "cpu_time": 2.9499899400000023,
                                                                                    "extra_info": {
                                                                                        "Groups": "#0",
                                                                                        "Aggregates": [
                                                                                            "count(DISTINCT #1)",
                                                                                            "sum(#2)",
                                                                                            "sum(#3)",
                                                                                            "avg(#4)"
                                                                                        ],
                                                                                        "Estimated Cardinality": "1260710"
                                                                                    },
                                                                                    "cumulative_cardinality": 27912168,
                                                                                    "operator_type": "HASH_GROUP_BY",
                                                                                    "operator_cardinality": 231254,
                                                                                    "cumulative_rows_scanned": 17854919,
                                                                                    "operator_rows_scanned": 0,
                                                                                    "operator_timing": 0.5503067989999998,
                                                                                    "result_set_size": 12025208,
                                                                                    "children": [
                                                                                        {
                                                                                            "operator_name": "PROJECTION",
                                                                                            "cpu_time": 2.3996831410000024,
                                                                                            "extra_info": {
                                                                                                "Projections": [
                                                                                                    "id",
                                                                                                    "id",
                                                                                                    "CASE  WHEN ((votetypeid = 2)) THEN (1) ELSE 0 END",
                                                                                                    "CASE  WHEN ((votetypeid = 3)) THEN (1) ELSE 0 END",
                                                                                                    "(epoch((creationdate - creationdate)) / 86400.0)"
                                                                                                ],
                                                                                                "Estimated Cardinality": "12744093"
                                                                                            },
                                                                                            "cumulative_cardinality": 27680914,
                                                                                            "operator_type": "PROJECTION",
                                                                                            "operator_cardinality": 3904661,
                                                                                            "cumulative_rows_scanned": 17854919,
                                                                                            "operator_rows_scanned": 0,
                                                                                            "operator_timing": 0.14031378999999958,
                                                                                            "result_set_size": 93711864,
                                                                                            "children": [
                                                                                                {
                                                                                                    "operator_name": "FILTER",
                                                                                                    "cpu_time": 2.259369351000003,
                                                                                                    "extra_info": {
                                                                                                        "Expression": "(id >= 1)",
                                                                                                        "Estimated Cardinality": "12744093"
                                                                                                    },
                                                                                                    "cumulative_cardinality": 23776253,
                                                                                                    "operator_type": "FILTER",
                                                                                                    "operator_cardinality": 3904661,
                                                                                                    "cumulative_rows_scanned": 17854919,
                                                                                                    "operator_rows_scanned": 0,
                                                                                                    "operator_timing": 0.012351394999999944,
                                                                                                    "result_set_size": 101521186,
                                                                                                    "children": [
                                                                                                        {
                                                                                                            "operator_name": "HASH_JOIN",
                                                                                                            "cpu_time": 2.2470179560000028,
                                                                                                            "extra_info": {
                                                                                                                "Join Type": "RIGHT",
                                                                                                                "Conditions": "postid = id",
                                                                                                                "Estimated Cardinality": "12744093"
                                                                                                            },
                                                                                                            "cumulative_cardinality": 19871592,
                                                                                                            "operator_type": "HASH_JOIN",
                                                                                                            "operator_cardinality": 3904661,
                                                                                                            "cumulative_rows_scanned": 17854919,
                                                                                                            "operator_rows_scanned": 0,
                                                                                                            "operator_timing": 0.5522132130000005,
                                                                                                            "result_set_size": 101521186,
                                                                                                            "children": [
                                                                                                                {
                                                                                                                    "operator_name": "READ_PARQUET ",
                                                                                                                    "cpu_time": 1.4278780220000025,
                                                                                                                    "extra_info": {
                                                                                                                        "Function": "READ_PARQUET",
                                                                                                                        "Projections": [
                                                                                                                            "postid",
                                                                                                                            "votetypeid",
                                                                                                                            "creationdate"
                                                                                                                        ],
                                                                                                                        "Estimated Cardinality": "12744093"
                                                                                                                    },
                                                                                                                    "cumulative_cardinality": 12744093,
                                                                                                                    "operator_type": "TABLE_SCAN",
                                                                                                                    "operator_cardinality": 12744093,
                                                                                                                    "cumulative_rows_scanned": 12744093,
                                                                                                                    "operator_rows_scanned": 12744093,
                                                                                                                    "operator_timing": 1.4278780220000025,
                                                                                                                    "result_set_size": 178417302,
                                                                                                                    "children": []
                                                                                                                },
                                                                                                                {
                                                                                                                    "operator_name": "HASH_JOIN",
                                                                                                                    "cpu_time": 0.26692672100000003,
                                                                                                                    "extra_info": {
                                                                                                                        "Join Type": "RIGHT",
                                                                                                                        "Conditions": "owneruserid = id",
                                                                                                                        "Estimated Cardinality": "770023"
                                                                                                                    },
                                                                                                                    "cumulative_cardinality": 3222838,
                                                                                                                    "operator_type": "HASH_JOIN",
                                                                                                                    "operator_cardinality": 1401925,
                                                                                                                    "cumulative_rows_scanned": 5110826,
                                                                                                                    "operator_rows_scanned": 0,
                                                                                                                    "operator_timing": 0.07507745899999993,
                                                                                                                    "result_set_size": 22430800,
                                                                                                                    "children": [
                                                                                                                        {
                                                                                                                            "operator_name": "READ_PARQUET ",
                                                                                                                            "cpu_time": 0.14849367700000016,
                                                                                                                            "extra_info": {
                                                                                                                                "Function": "READ_PARQUET",
                                                                                                                                "Projections": [
                                                                                                                                    "id",
                                                                                                                                    "owneruserid"
                                                                                                                                ],
                                                                                                                                "Filters": "posttypeid=1",
                                                                                                                                "Estimated Cardinality": "770023"
                                                                                                                            },
                                                                                                                            "cumulative_cardinality": 1589659,
                                                                                                                            "operator_type": "TABLE_SCAN",
                                                                                                                            "operator_cardinality": 1589659,
                                                                                                                            "cumulative_rows_scanned": 3850116,
                                                                                                                            "operator_rows_scanned": 3850116,
                                                                                                                            "operator_timing": 0.14849367700000016,
                                                                                                                            "result_set_size": 12717272,
                                                                                                                            "children": []
                                                                                                                        },
                                                                                                                        {
                                                                                                                            "operator_name": "READ_PARQUET ",
                                                                                                                            "cpu_time": 0.04335558499999997,
                                                                                                                            "extra_info": {
                                                                                                                                "Function": "READ_PARQUET",
                                                                                                                                "Projections": [
                                                                                                                                    "id",
                                                                                                                                    "creationdate"
                                                                                                                                ],
                                                                                                                                "Filters": "reputation>50",
                                                                                                                                "Estimated Cardinality": "252142"
                                                                                                                            },
                                                                                                                            "cumulative_cardinality": 231254,
                                                                                                                            "operator_type": "TABLE_SCAN",
                                                                                                                            "operator_cardinality": 231254,
                                                                                                                            "cumulative_rows_scanned": 1260710,
                                                                                                                            "operator_rows_scanned": 1260710,
                                                                                                                            "operator_timing": 0.04335558499999997,
                                                                                                                            "result_set_size": 2775048,
                                                                                                                            "children": []
                                                                                                                        }
                                                                                                                    ]
                                                                                                                }
                                                                                                            ]
                                                                                                        }
                                                                                                    ]
                                                                                                }
                                                                                            ]
                                                                                        }
                                                                                    ]
                                                                                },
                                                                                {
                                                                                    "operator_name": "FILTER",
                                                                                    "cpu_time": 3.310902529014112,
                                                                                    "extra_info": {
                                                                                        "Expression": "(PostId <= 1416570)",
                                                                                        "Estimated Cardinality": "77002"
                                                                                    },
                                                                                    "cumulative_cardinality": 14787048,
                                                                                    "operator_type": "FILTER",
                                                                                    "operator_cardinality": 982613,
                                                                                    "cumulative_rows_scanned": 3850116,
                                                                                    "operator_rows_scanned": 0,
                                                                                    "operator_timing": 0.006012073,
                                                                                    "result_set_size": 19652260,
                                                                                    "children": [
                                                                                        {
                                                                                            "operator_name": "HASH_JOIN",
                                                                                            "cpu_time": 3.304890456014112,
                                                                                            "extra_info": {
                                                                                                "Join Type": "INNER",
                                                                                                "Conditions": "Tag = Tag",
                                                                                                "Estimated Cardinality": "77002"
                                                                                            },
                                                                                            "cumulative_cardinality": 13804435,
                                                                                            "operator_type": "HASH_JOIN",
                                                                                            "operator_cardinality": 4044765,
                                                                                            "cumulative_rows_scanned": 3850116,
                                                                                            "operator_rows_scanned": 0,
                                                                                            "operator_timing": 1.6858703150114618,
                                                                                            "result_set_size": 80895300,
                                                                                            "children": [
                                                                                                {
                                                                                                    "operator_name": "PROJECTION",
                                                                                                    "cpu_time": 1.6189655580026503,
                                                                                                    "extra_info": {
                                                                                                        "Projections": [
                                                                                                            "PostId",
                                                                                                            "Tag"
                                                                                                        ],
                                                                                                        "Estimated Cardinality": "770023"
                                                                                                    },
                                                                                                    "cumulative_cardinality": 9757694,
                                                                                                    "operator_type": "PROJECTION",
                                                                                                    "operator_cardinality": 4044765,
                                                                                                    "cumulative_rows_scanned": 3850116,
                                                                                                    "operator_rows_scanned": 0,
                                                                                                    "operator_timing": 0.17431235900102307,
                                                                                                    "result_set_size": 80895300,
                                                                                                    "children": [
                                                                                                        {
                                                                                                            "operator_name": "UNNEST",
                                                                                                            "cpu_time": 1.4446531990016271,
                                                                                                            "extra_info": {},
                                                                                                            "cumulative_cardinality": 5712929,
                                                                                                            "operator_type": "UNNEST",
                                                                                                            "operator_cardinality": 4044765,
                                                                                                            "cumulative_rows_scanned": 3850116,
                                                                                                            "operator_rows_scanned": 0,
                                                                                                            "operator_timing": 1.1817298790016273,
                                                                                                            "result_set_size": 145611540,
                                                                                                            "children": [
                                                                                                                {
                                                                                                                    "operator_name": "READ_PARQUET ",
                                                                                                                    "cpu_time": 0.26292331999999985,
                                                                                                                    "extra_info": {
                                                                                                                        "Function": "READ_PARQUET",
                                                                                                                        "Projections": [
                                                                                                                            "id",
                                                                                                                            "tags"
                                                                                                                        ],
                                                                                                                        "Filters": "posttypeid=1",
                                                                                                                        "Estimated Cardinality": "770023"
                                                                                                                    },
                                                                                                                    "cumulative_cardinality": 1668164,
                                                                                                                    "operator_type": "TABLE_SCAN",
                                                                                                                    "operator_cardinality": 1668164,
                                                                                                                    "cumulative_rows_scanned": 3850116,
                                                                                                                    "operator_rows_scanned": 3850116,
                                                                                                                    "operator_timing": 0.26292331999999985,
                                                                                                                    "result_set_size": 33363280,
                                                                                                                    "children": []
                                                                                                                }
                                                                                                            ]
                                                                                                        }
                                                                                                    ]
                                                                                                },
                                                                                                {
                                                                                                    "operator_name": "CTE_SCAN",
                                                                                                    "cpu_time": 0.000054583,
                                                                                                    "extra_info": {
                                                                                                        "CTE Index": "0",
                                                                                                        "Estimated Cardinality": "385011"
                                                                                                    },
                                                                                                    "cumulative_cardinality": 1976,
                                                                                                    "operator_type": "CTE_SCAN",
                                                                                                    "operator_cardinality": 1976,
                                                                                                    "cumulative_rows_scanned": 0,
                                                                                                    "operator_rows_scanned": 0,
                                                                                                    "operator_timing": 0.000054583,
                                                                                                    "result_set_size": 47424,
                                                                                                    "children": []
                                                                                                }
                                                                                            ]
                                                                                        }
                                                                                    ]
                                                                                }
                                                                            ]
                                                                        }
                                                                    ]
                                                                }
                                                            ]
                                                        }
                                                    ]
                                                }
                                            ]
                                        }
                                    ]
                                }
                            ]
                        }
                    ]
                }
            ]
        }
    ]
}