{
    "rows_returned": 10,
    "query_name": "WITH UserReputation AS (\n    SELECT \n        U.Id AS UserId,\n        U.DisplayName,\n        U.Reputation,\n        COUNT(DISTINCT P.Id) AS TotalPosts,\n        COUNT(DISTINCT CASE WHEN P.PostTypeId = 1 THEN P.Id END) AS Questions,\n        COUNT(DISTINCT CASE WHEN P.PostTypeId = 2 THEN P.Id END) AS Answers,\n        SUM(COALESCE(P.Score, 0)) AS TotalScore\n    FROM \n        Users U\n    LEFT JOIN \n        Posts P ON U.Id = P.OwnerUserId\n    GROUP BY \n        U.Id, U.DisplayName, U.Reputation\n),\nBadgeSummary AS (\n    SELECT \n        B.UserId,\n        COUNT(CASE WHEN B.Class = 1 THEN 1 END) AS GoldBadges,\n        COUNT(CASE WHEN B.Class = 2 THEN 1 END) AS SilverBadges,\n        COUNT(CASE WHEN B.Class = 3 THEN 1 END) AS BronzeBadges\n    FROM \n        Badges B\n    GROUP BY \n        B.UserId\n),\nTopAnswers AS (\n    SELECT \n        P.OwnerUserId,\n        COUNT(A.Id) AS TotalAcceptedAnswers,\n        SUM(A.Score) AS AcceptedScore\n    FROM \n        Posts P\n    JOIN \n        Posts A ON P.AcceptedAnswerId = A.Id\n    WHERE \n        P.PostTypeId = 1  \n    GROUP BY \n        P.OwnerUserId\n)\nSELECT \n    UR.DisplayName AS UserName,\n    UR.Reputation,\n    UR.TotalPosts,\n    UR.Questions,\n    UR.Answers,\n    UR.TotalScore,\n    COALESCE(BS.GoldBadges, 0) AS GoldBadges,\n    COALESCE(BS.SilverBadges, 0) AS SilverBadges,\n    COALESCE(BS.BronzeBadges, 0) AS BronzeBadges,\n    COALESCE(TA.TotalAcceptedAnswers, 0) AS TotalAcceptedAnswers,\n    COALESCE(TA.AcceptedScore, 0) AS AcceptedScore\nFROM \n    UserReputation UR\nLEFT JOIN \n    BadgeSummary BS ON UR.UserId = BS.UserId\nLEFT JOIN \n    TopAnswers TA ON UR.UserId = TA.OwnerUserId\nWHERE \n    UR.Reputation > 1000 \nORDER BY \n    UR.TotalScore DESC, \n    UR.Reputation DESC\nLIMIT 10;",
    "blocked_thread_time": 0.0,
    "cpu_time": 8.181077602,
    "extra_info": {},
    "cumulative_cardinality": 21160081,
    "cumulative_rows_scanned": 15132782,
    "result_set_size": 1080,
    "latency": 9.19774759,
    "children": [
        {
            "operator_name": "STREAMING_LIMIT",
            "cpu_time": 8.181077602,
            "extra_info": {},
            "cumulative_cardinality": 21160081,
            "operator_type": "STREAMING_LIMIT",
            "operator_cardinality": 10,
            "cumulative_rows_scanned": 15132782,
            "operator_rows_scanned": 0,
            "operator_timing": 0.000001523,
            "result_set_size": 1080,
            "children": [
                {
                    "operator_name": "ORDER_BY",
                    "cpu_time": 8.181076079,
                    "extra_info": {
                        "Order By": [
                            "UR.TotalScore DESC",
                            "UR.Reputation DESC"
                        ]
                    },
                    "cumulative_cardinality": 21160071,
                    "operator_type": "ORDER_BY",
                    "operator_cardinality": 4096,
                    "cumulative_rows_scanned": 15132782,
                    "operator_rows_scanned": 0,
                    "operator_timing": 0.0010917989999999999,
                    "result_set_size": 442368,
                    "children": [
                        {
                            "operator_name": "PROJECTION",
                            "cpu_time": 8.179984280000001,
                            "extra_info": {
                                "Projections": [
                                    "UserName",
                                    "reputation",
                                    "TotalPosts",
                                    "Questions",
                                    "Answers",
                                    "TotalScore",
                                    "GoldBadges",
                                    "SilverBadges",
                                    "BronzeBadges",
                                    "TotalAcceptedAnswers",
                                    "AcceptedScore"
                                ],
                                "Estimated Cardinality": "1260710"
                            },
                            "cumulative_cardinality": 21155975,
                            "operator_type": "PROJECTION",
                            "operator_cardinality": 11215,
                            "cumulative_rows_scanned": 15132782,
                            "operator_rows_scanned": 0,
                            "operator_timing": 0.0005502570000000001,
                            "result_set_size": 1211220,
                            "children": [
                                {
                                    "operator_name": "HASH_JOIN",
                                    "cpu_time": 8.179434023,
                                    "extra_info": {
                                        "Join Type": "LEFT",
                                        "Conditions": "UserId = owneruserid",
                                        "Estimated Cardinality": "1260710"
                                    },
                                    "cumulative_cardinality": 21144760,
                                    "operator_type": "HASH_JOIN",
                                    "operator_cardinality": 11215,
                                    "cumulative_rows_scanned": 15132782,
                                    "operator_rows_scanned": 0,
                                    "operator_timing": 0.00926815,
                                    "result_set_size": 1345800,
                                    "children": [
                                        {
                                            "operator_name": "HASH_JOIN",
                                            "cpu_time": 4.160019955000002,
                                            "extra_info": {
                                                "Join Type": "LEFT",
                                                "Conditions": "UserId = userid",
                                                "Estimated Cardinality": "1260710"
                                            },
                                            "cumulative_cardinality": 13702459,
                                            "operator_type": "HASH_JOIN",
                                            "operator_cardinality": 11215,
                                            "cumulative_rows_scanned": 7432550,
                                            "operator_rows_scanned": 0,
                                            "operator_timing": 0.02919823499999999,
                                            "result_set_size": 1031780,
                                            "children": [
                                                {
                                                    "operator_name": "HASH_GROUP_BY",
                                                    "cpu_time": 3.663601572000002,
                                                    "extra_info": {
                                                        "Groups": [
                                                            "#0",
                                                            "#1",
                                                            "#2"
                                                        ],
                                                        "Aggregates": [
                                                            "count(DISTINCT #3)",
                                                            "count(DISTINCT #4)",
                                                            "count(DISTINCT #5)",
                                                            "sum(#6)"
                                                        ],
                                                        "Estimated Cardinality": "1260710"
                                                    },
                                                    "cumulative_cardinality": 8498775,
                                                    "operator_type": "HASH_GROUP_BY",
                                                    "operator_cardinality": 11215,
                                                    "cumulative_rows_scanned": 5110826,
                                                    "operator_rows_scanned": 0,
                                                    "operator_timing": 1.2610932890000015,
                                                    "result_set_size": 717760,
                                                    "children": [
                                                        {
                                                            "operator_name": "PROJECTION",
                                                            "cpu_time": 2.4025082830000004,
                                                            "extra_info": {
                                                                "Projections": [
                                                                    "id",
                                                                    "displayname",
                                                                    "reputation",
                                                                    "id",
                                                                    "CASE  WHEN ((posttypeid = 1)) THEN (id) ELSE NULL END",
                                                                    "CASE  WHEN ((posttypeid = 2)) THEN (id) ELSE NULL END",
                                                                    "COALESCE(score, 0)"
                                                                ],
                                                                "Estimated Cardinality": "3850116"
                                                            },
                                                            "cumulative_cardinality": 8487560,
                                                            "operator_type": "PROJECTION",
                                                            "operator_cardinality": 2396486,
                                                            "cumulative_rows_scanned": 5110826,
                                                            "operator_rows_scanned": 0,
                                                            "operator_timing": 0.09881807499999984,
                                                            "result_set_size": 95859440,
                                                            "children": [
                                                                {
                                                                    "operator_name": "HASH_JOIN",
                                                                    "cpu_time": 2.303690208000001,
                                                                    "extra_info": {
                                                                        "Join Type": "RIGHT",
                                                                        "Conditions": "owneruserid = id",
                                                                        "Estimated Cardinality": "3850116"
                                                                    },
                                                                    "cumulative_cardinality": 6091074,
                                                                    "operator_type": "HASH_JOIN",
                                                                    "operator_cardinality": 2396486,
                                                                    "cumulative_rows_scanned": 5110826,
                                                                    "operator_rows_scanned": 0,
                                                                    "operator_timing": 0.17386057300000018,
                                                                    "result_set_size": 81480524,
                                                                    "children": [
                                                                        {
                                                                            "operator_name": "READ_PARQUET ",
                                                                            "cpu_time": 0.21181182800000012,
                                                                            "extra_info": {
                                                                                "Function": "READ_PARQUET",
                                                                                "Projections": [
                                                                                    "id",
                                                                                    "posttypeid",
                                                                                    "score",
                                                                                    "owneruserid"
                                                                                ],
                                                                                "Estimated Cardinality": "3850116"
                                                                            },
                                                                            "cumulative_cardinality": 3683373,
                                                                            "operator_type": "TABLE_SCAN",
                                                                            "operator_cardinality": 3683373,
                                                                            "cumulative_rows_scanned": 3850116,
                                                                            "operator_rows_scanned": 3850116,
                                                                            "operator_timing": 0.21181182800000012,
                                                                            "result_set_size": 51567222,
                                                                            "children": []
                                                                        },
                                                                        {
                                                                            "operator_name": "READ_PARQUET ",
                                                                            "cpu_time": 1.9180178070000005,
                                                                            "extra_info": {
                                                                                "Function": "READ_PARQUET",
                                                                                "Projections": [
                                                                                    "id",
                                                                                    "reputation",
                                                                                    "displayname"
                                                                                ],
                                                                                "Filters": "reputation>1000",
                                                                                "Estimated Cardinality": "252142"
                                                                            },
                                                                            "cumulative_cardinality": 11215,
                                                                            "operator_type": "TABLE_SCAN",
                                                                            "operator_cardinality": 11215,
                                                                            "cumulative_rows_scanned": 1260710,
                                                                            "operator_rows_scanned": 1260710,
                                                                            "operator_timing": 1.9180178070000005,
                                                                            "result_set_size": 269160,
                                                                            "children": []
                                                                        }
                                                                    ]
                                                                }
                                                            ]
                                                        }
                                                    ]
                                                },
                                                {
                                                    "operator_name": "HASH_GROUP_BY",
                                                    "cpu_time": 0.4672201479999996,
                                                    "extra_info": {
                                                        "Groups": "#0",
                                                        "Aggregates": [
                                                            "count(#1)",
                                                            "count(#2)",
                                                            "count(#3)"
                                                        ],
                                                        "Estimated Cardinality": "1160862"
                                                    },
                                                    "cumulative_cardinality": 5192469,
                                                    "operator_type": "HASH_GROUP_BY",
                                                    "operator_cardinality": 549021,
                                                    "cumulative_rows_scanned": 2321724,
                                                    "operator_rows_scanned": 0,
                                                    "operator_timing": 0.14549999899999977,
                                                    "result_set_size": 15372588,
                                                    "children": [
                                                        {
                                                            "operator_name": "PROJECTION",
                                                            "cpu_time": 0.32172014899999984,
                                                            "extra_info": {
                                                                "Projections": [
                                                                    "userid",
                                                                    "CASE  WHEN ((class = 1)) THEN (1) ELSE NULL END",
                                                                    "CASE  WHEN ((class = 2)) THEN (1) ELSE NULL END",
                                                                    "CASE  WHEN ((class = 3)) THEN (1) ELSE NULL END"
                                                                ],
                                                                "Estimated Cardinality": "2321724"
                                                            },
                                                            "cumulative_cardinality": 4643448,
                                                            "operator_type": "PROJECTION",
                                                            "operator_cardinality": 2321724,
                                                            "cumulative_rows_scanned": 2321724,
                                                            "operator_rows_scanned": 0,
                                                            "operator_timing": 0.024604336999999973,
                                                            "result_set_size": 37147584,
                                                            "children": [
                                                                {
                                                                    "operator_name": "READ_PARQUET ",
                                                                    "cpu_time": 0.29711581199999987,
                                                                    "extra_info": {
                                                                        "Function": "READ_PARQUET",
                                                                        "Projections": [
                                                                            "userid",
                                                                            "class"
                                                                        ],
                                                                        "Estimated Cardinality": "2321724"
                                                                    },
                                                                    "cumulative_cardinality": 2321724,
                                                                    "operator_type": "TABLE_SCAN",
                                                                    "operator_cardinality": 2321724,
                                                                    "cumulative_rows_scanned": 2321724,
                                                                    "operator_rows_scanned": 2321724,
                                                                    "operator_timing": 0.29711581199999987,
                                                                    "result_set_size": 13930344,
                                                                    "children": []
                                                                }
                                                            ]
                                                        }
                                                    ]
                                                }
                                            ]
                                        },
                                        {
                                            "operator_name": "HASH_GROUP_BY",
                                            "cpu_time": 4.010145917999999,
                                            "extra_info": {
                                                "Groups": "#0",
                                                "Aggregates": [
                                                    "count_star()",
                                                    "sum(#1)"
                                                ],
                                                "Estimated Cardinality": "385011"
                                            },
                                            "cumulative_cardinality": 7431086,
                                            "operator_type": "HASH_GROUP_BY",
                                            "operator_cardinality": 171694,
                                            "cumulative_rows_scanned": 7700232,
                                            "operator_rows_scanned": 0,
                                            "operator_timing": 0.06303906399999998,
                                            "result_set_size": 4807432,
                                            "children": [
                                                {
                                                    "operator_name": "PROJECTION",
                                                    "cpu_time": 3.947106853999999,
                                                    "extra_info": {
                                                        "Projections": [
                                                            "owneruserid",
                                                            "score"
                                                        ],
                                                        "Estimated Cardinality": "770023"
                                                    },
                                                    "cumulative_cardinality": 7259392,
                                                    "operator_type": "PROJECTION",
                                                    "operator_cardinality": 870559,
                                                    "cumulative_rows_scanned": 7700232,
                                                    "operator_rows_scanned": 0,
                                                    "operator_timing": 0.0008331420000000037,
                                                    "result_set_size": 6964472,
                                                    "children": [
                                                        {
                                                            "operator_name": "HASH_JOIN",
                                                            "cpu_time": 3.946273711999999,
                                                            "extra_info": {
                                                                "Join Type": "INNER",
                                                                "Conditions": "id = acceptedanswerid",
                                                                "Estimated Cardinality": "770023"
                                                            },
                                                            "cumulative_cardinality": 6388833,
                                                            "operator_type": "HASH_JOIN",
                                                            "operator_cardinality": 870559,
                                                            "cumulative_rows_scanned": 7700232,
                                                            "operator_rows_scanned": 0,
                                                            "operator_timing": 0.2912819580000005,
                                                            "result_set_size": 6964472,
                                                            "children": [
                                                                {
                                                                    "operator_name": "READ_PARQUET ",
                                                                    "cpu_time": 1.939372253999998,
                                                                    "extra_info": {
                                                                        "Function": "READ_PARQUET",
                                                                        "Projections": [
                                                                            "id",
                                                                            "score"
                                                                        ],
                                                                        "Filters": "id>=7 AND id<=4978527",
                                                                        "Estimated Cardinality": "3850116"
                                                                    },
                                                                    "cumulative_cardinality": 3850110,
                                                                    "operator_type": "TABLE_SCAN",
                                                                    "operator_cardinality": 3850110,
                                                                    "cumulative_rows_scanned": 3850116,
                                                                    "operator_rows_scanned": 3850116,
                                                                    "operator_timing": 1.939372253999998,
                                                                    "result_set_size": 30800880,
                                                                    "children": []
                                                                },
                                                                {
                                                                    "operator_name": "READ_PARQUET ",
                                                                    "cpu_time": 1.7156195000000007,
                                                                    "extra_info": {
                                                                        "Function": "READ_PARQUET",
                                                                        "Projections": [
                                                                            "acceptedanswerid",
                                                                            "owneruserid"
                                                                        ],
                                                                        "Filters": "posttypeid=1",
                                                                        "Estimated Cardinality": "770023"
                                                                    },
                                                                    "cumulative_cardinality": 1668164,
                                                                    "operator_type": "TABLE_SCAN",
                                                                    "operator_cardinality": 1668164,
                                                                    "cumulative_rows_scanned": 3850116,
                                                                    "operator_rows_scanned": 3850116,
                                                                    "operator_timing": 1.7156195000000007,
                                                                    "result_set_size": 13345312,
                                                                    "children": []
                                                                }
                                                            ]
                                                        }
                                                    ]
                                                }
                                            ]
                                        }
                                    ]
                                }
                            ]
                        }
                    ]
                }
            ]
        }
    ]
}