{
    "rows_returned": 2286206,
    "query_name": "WITH PostTags AS (\n    SELECT \n        p.Id AS PostId, \n        unnest(string_to_array(substring(p.Tags, 2, length(p.Tags)-2), '><')) AS Tag\n    FROM \n        Posts p\n    WHERE \n        p.PostTypeId = 1 \n),\nUserPostStats AS (\n    SELECT \n        u.Id AS UserId,\n        COUNT(DISTINCT p.Id) AS QuestionCount,\n        SUM(COALESCE(p.ViewCount, 0)) AS TotalViews,\n        SUM(COALESCE(p.AnswerCount, 0)) AS TotalAnswers,\n        SUM(COALESCE(p.Score, 0)) AS TotalScore\n    FROM \n        Users u\n    LEFT JOIN \n        Posts p ON u.Id = p.OwnerUserId\n    GROUP BY \n        u.Id\n),\nTagPopularity AS (\n    SELECT \n        Tag, \n        COUNT(*) AS TagCount \n    FROM \n        PostTags \n    GROUP BY \n        Tag\n),\nTopTags AS (\n    SELECT \n        Tag, \n        TagCount \n    FROM \n        TagPopularity \n    ORDER BY \n        TagCount DESC \n    LIMIT 10\n),\nUserReputationStats AS (\n    SELECT \n        u.Id AS UserId,\n        u.DisplayName,\n        up.QuestionCount,\n        up.TotalViews,\n        up.TotalAnswers,\n        up.TotalScore,\n        u.Reputation,\n        COUNT(DISTINCT b.Id) AS BadgeCount\n    FROM \n        Users u\n    JOIN \n        UserPostStats up ON u.Id = up.UserId\n    LEFT JOIN \n        Badges b ON u.Id = b.UserId\n    GROUP BY \n        u.Id, up.QuestionCount, up.TotalViews, up.TotalAnswers, up.TotalScore, u.DisplayName, u.Reputation\n),\nOverallStats AS (\n    SELECT \n        AVG(QuestionCount) AS AvgQuestions,\n        AVG(TotalViews) AS AvgViews,\n        AVG(TotalAnswers) AS AvgAnswers,\n        AVG(TotalScore) AS AvgScore,\n        SUM(BadgeCount) AS TotalBadges\n    FROM \n        UserReputationStats\n)\nSELECT \n    u.DisplayName,\n    u.Reputation,\n    u.QuestionCount,\n    u.TotalViews,\n    u.TotalAnswers,\n    u.TotalScore,\n    (u.TotalScore - os.AvgScore) AS ScoreDifference,\n    (u.TotalViews - os.AvgViews) AS ViewDifference,\n    COALESCE(tt.Tag, 'General') AS PopularTag\nFROM \n    UserReputationStats u\nCROSS JOIN \n    OverallStats os\nLEFT JOIN \n    TopTags tt ON u.QuestionCount > os.AvgQuestions\nORDER BY \n    u.TotalScore DESC;",
    "blocked_thread_time": 0.0,
    "cpu_time": 10.719363207006982,
    "extra_info": {},
    "cumulative_cardinality": 54495096,
    "cumulative_rows_scanned": 12543376,
    "result_set_size": 246910248,
    "latency": 33.159527712,
    "children": [
        {
            "operator_name": "ORDER_BY",
            "cpu_time": 10.719363207006982,
            "extra_info": {
                "Order By": "u.TotalScore DESC"
            },
            "cumulative_cardinality": 54495096,
            "operator_type": "ORDER_BY",
            "operator_cardinality": 2286206,
            "cumulative_rows_scanned": 12543376,
            "operator_rows_scanned": 0,
            "operator_timing": 0.311279778,
            "result_set_size": 246910248,
            "children": [
                {
                    "operator_name": "PROJECTION",
                    "cpu_time": 10.408083429006982,
                    "extra_info": {
                        "Projections": [
                            "displayname",
                            "reputation",
                            "QuestionCount",
                            "TotalViews",
                            "TotalAnswers",
                            "TotalScore",
                            "ScoreDifference",
                            "ViewDifference",
                            "PopularTag"
                        ],
                        "Estimated Cardinality": "1260710"
                    },
                    "cumulative_cardinality": 52208890,
                    "operator_type": "PROJECTION",
                    "operator_cardinality": 2286206,
                    "cumulative_rows_scanned": 12543376,
                    "operator_rows_scanned": 0,
                    "operator_timing": 0.049525964000000075,
                    "result_set_size": 246910248,
                    "children": [
                        {
                            "operator_name": "CTE",
                            "cpu_time": 10.358557465006982,
                            "extra_info": {
                                "CTE Name": "UserReputationStats",
                                "Table Index": "0"
                            },
                            "cumulative_cardinality": 49922684,
                            "operator_type": "CTE",
                            "operator_cardinality": 0,
                            "cumulative_rows_scanned": 12543376,
                            "operator_rows_scanned": 0,
                            "operator_timing": 0.02789704999999998,
                            "result_set_size": 0,
                            "children": [
                                {
                                    "operator_name": "PROJECTION",
                                    "cpu_time": 3.0895131020000024,
                                    "extra_info": {
                                        "Projections": [
                                            "UserId",
                                            "displayname",
                                            "QuestionCount",
                                            "TotalViews",
                                            "TotalAnswers",
                                            "TotalScore",
                                            "reputation",
                                            "BadgeCount"
                                        ],
                                        "Estimated Cardinality": "1260710"
                                    },
                                    "cumulative_cardinality": 28787216,
                                    "operator_type": "PROJECTION",
                                    "operator_cardinality": 1260710,
                                    "cumulative_rows_scanned": 8693260,
                                    "operator_rows_scanned": 0,
                                    "operator_timing": 0.000219294,
                                    "result_set_size": 110942480,
                                    "children": [
                                        {
                                            "operator_name": "HASH_GROUP_BY",
                                            "cpu_time": 3.0892938080000025,
                                            "extra_info": {
                                                "Groups": [
                                                    "#0",
                                                    "#1",
                                                    "#2",
                                                    "#3",
                                                    "#4",
                                                    "#5",
                                                    "#6"
                                                ],
                                                "Aggregates": "count(DISTINCT #7)",
                                                "Estimated Cardinality": "1260710"
                                            },
                                            "cumulative_cardinality": 27526506,
                                            "operator_type": "HASH_GROUP_BY",
                                            "operator_cardinality": 1260710,
                                            "cumulative_rows_scanned": 8693260,
                                            "operator_rows_scanned": 0,
                                            "operator_timing": 0.544026833000002,
                                            "result_set_size": 110942480,
                                            "children": [
                                                {
                                                    "operator_name": "PROJECTION",
                                                    "cpu_time": 2.5452669750000005,
                                                    "extra_info": {
                                                        "Projections": [
                                                            "id",
                                                            "QuestionCount",
                                                            "TotalViews",
                                                            "TotalAnswers",
                                                            "TotalScore",
                                                            "displayname",
                                                            "reputation",
                                                            "id"
                                                        ],
                                                        "Estimated Cardinality": "2321724"
                                                    },
                                                    "cumulative_cardinality": 26265796,
                                                    "operator_type": "PROJECTION",
                                                    "operator_cardinality": 3033413,
                                                    "cumulative_rows_scanned": 8693260,
                                                    "operator_rows_scanned": 0,
                                                    "operator_timing": 0.0012056169999999993,
                                                    "result_set_size": 254806692,
                                                    "children": [
                                                        {
                                                            "operator_name": "HASH_JOIN",
                                                            "cpu_time": 2.5440613580000004,
                                                            "extra_info": {
                                                                "Join Type": "LEFT",
                                                                "Conditions": "id = userid",
                                                                "Estimated Cardinality": "2321724"
                                                            },
                                                            "cumulative_cardinality": 23232383,
                                                            "operator_type": "HASH_JOIN",
                                                            "operator_cardinality": 3033413,
                                                            "cumulative_rows_scanned": 8693260,
                                                            "operator_rows_scanned": 0,
                                                            "operator_timing": 0.21650536299999992,
                                                            "result_set_size": 254806692,
                                                            "children": [
                                                                {
                                                                    "operator_name": "HASH_JOIN",
                                                                    "cpu_time": 1.882694016,
                                                                    "extra_info": {
                                                                        "Join Type": "INNER",
                                                                        "Conditions": "UserId = id",
                                                                        "Estimated Cardinality": "1260710"
                                                                    },
                                                                    "cumulative_cardinality": 17877246,
                                                                    "operator_type": "HASH_JOIN",
                                                                    "operator_cardinality": 1260710,
                                                                    "cumulative_rows_scanned": 6371536,
                                                                    "operator_rows_scanned": 0,
                                                                    "operator_timing": 0.15421487200000014,
                                                                    "result_set_size": 100856800,
                                                                    "children": [
                                                                        {
                                                                            "operator_name": "HASH_GROUP_BY",
                                                                            "cpu_time": 1.626136432,
                                                                            "extra_info": {
                                                                                "Groups": "#0",
                                                                                "Aggregates": [
                                                                                    "count(DISTINCT #1)",
                                                                                    "sum(#2)",
                                                                                    "sum(#3)",
                                                                                    "sum(#4)"
                                                                                ],
                                                                                "Estimated Cardinality": "1260710"
                                                                            },
                                                                            "cumulative_cardinality": 15355826,
                                                                            "operator_type": "HASH_GROUP_BY",
                                                                            "operator_cardinality": 1260710,
                                                                            "cumulative_rows_scanned": 5110826,
                                                                            "operator_rows_scanned": 0,
                                                                            "operator_timing": 1.0806343449999998,
                                                                            "result_set_size": 75642600,
                                                                            "children": [
                                                                                {
                                                                                    "operator_name": "PROJECTION",
                                                                                    "cpu_time": 0.5455020870000002,
                                                                                    "extra_info": {
                                                                                        "Projections": [
                                                                                            "id",
                                                                                            "id",
                                                                                            "COALESCE(viewcount, 0)",
                                                                                            "COALESCE(answercount, 0)",
                                                                                            "COALESCE(score, 0)"
                                                                                        ],
                                                                                        "Estimated Cardinality": "3850116"
                                                                                    },
                                                                                    "cumulative_cardinality": 14095116,
                                                                                    "operator_type": "PROJECTION",
                                                                                    "operator_cardinality": 4574495,
                                                                                    "cumulative_rows_scanned": 5110826,
                                                                                    "operator_rows_scanned": 0,
                                                                                    "operator_timing": 0.09649838100000008,
                                                                                    "result_set_size": 91489900,
                                                                                    "children": [
                                                                                        {
                                                                                            "operator_name": "HASH_JOIN",
                                                                                            "cpu_time": 0.4490037060000001,
                                                                                            "extra_info": {
                                                                                                "Join Type": "RIGHT",
                                                                                                "Conditions": "owneruserid = id",
                                                                                                "Estimated Cardinality": "3850116"
                                                                                            },
                                                                                            "cumulative_cardinality": 9520621,
                                                                                            "operator_type": "HASH_JOIN",
                                                                                            "operator_cardinality": 4574495,
                                                                                            "cumulative_rows_scanned": 5110826,
                                                                                            "operator_rows_scanned": 0,
                                                                                            "operator_timing": 0.25351235499999986,
                                                                                            "result_set_size": 91489900,
                                                                                            "children": [
                                                                                                {
                                                                                                    "operator_name": "READ_PARQUET ",
                                                                                                    "cpu_time": 0.18479218000000025,
                                                                                                    "extra_info": {
                                                                                                        "Function": "READ_PARQUET",
                                                                                                        "Projections": [
                                                                                                            "id",
                                                                                                            "score",
                                                                                                            "viewcount",
                                                                                                            "owneruserid",
                                                                                                            "answercount"
                                                                                                        ],
                                                                                                        "Estimated Cardinality": "3850116"
                                                                                                    },
                                                                                                    "cumulative_cardinality": 3685416,
                                                                                                    "operator_type": "TABLE_SCAN",
                                                                                                    "operator_cardinality": 3685416,
                                                                                                    "cumulative_rows_scanned": 3850116,
                                                                                                    "operator_rows_scanned": 3850116,
                                                                                                    "operator_timing": 0.18479218000000025,
                                                                                                    "result_set_size": 73708320,
                                                                                                    "children": []
                                                                                                },
                                                                                                {
                                                                                                    "operator_name": "READ_PARQUET ",
                                                                                                    "cpu_time": 0.01069917100000001,
                                                                                                    "extra_info": {
                                                                                                        "Function": "READ_PARQUET",
                                                                                                        "Projections": "id",
                                                                                                        "Estimated Cardinality": "1260710"
                                                                                                    },
                                                                                                    "cumulative_cardinality": 1260710,
                                                                                                    "operator_type": "TABLE_SCAN",
                                                                                                    "operator_cardinality": 1260710,
                                                                                                    "cumulative_rows_scanned": 1260710,
                                                                                                    "operator_rows_scanned": 1260710,
                                                                                                    "operator_timing": 0.01069917100000001,
                                                                                                    "result_set_size": 5042840,
                                                                                                    "children": []
                                                                                                }
                                                                                            ]
                                                                                        }
                                                                                    ]
                                                                                }
                                                                            ]
                                                                        },
                                                                        {
                                                                            "operator_name": "READ_PARQUET ",
                                                                            "cpu_time": 0.10234271199999993,
                                                                            "extra_info": {
                                                                                "Function": "READ_PARQUET",
                                                                                "Projections": [
                                                                                    "id",
                                                                                    "reputation",
                                                                                    "displayname"
                                                                                ],
                                                                                "Estimated Cardinality": "1260710"
                                                                            },
                                                                            "cumulative_cardinality": 1260710,
                                                                            "operator_type": "TABLE_SCAN",
                                                                            "operator_cardinality": 1260710,
                                                                            "cumulative_rows_scanned": 1260710,
                                                                            "operator_rows_scanned": 1260710,
                                                                            "operator_timing": 0.10234271199999993,
                                                                            "result_set_size": 30257040,
                                                                            "children": []
                                                                        }
                                                                    ]
                                                                },
                                                                {
                                                                    "operator_name": "READ_PARQUET ",
                                                                    "cpu_time": 0.4448619790000008,
                                                                    "extra_info": {
                                                                        "Function": "READ_PARQUET",
                                                                        "Projections": [
                                                                            "id",
                                                                            "userid"
                                                                        ],
                                                                        "Estimated Cardinality": "2321724"
                                                                    },
                                                                    "cumulative_cardinality": 2321724,
                                                                    "operator_type": "TABLE_SCAN",
                                                                    "operator_cardinality": 2321724,
                                                                    "cumulative_rows_scanned": 2321724,
                                                                    "operator_rows_scanned": 2321724,
                                                                    "operator_timing": 0.4448619790000008,
                                                                    "result_set_size": 18573792,
                                                                    "children": []
                                                                }
                                                            ]
                                                        }
                                                    ]
                                                }
                                            ]
                                        }
                                    ]
                                },
                                {
                                    "operator_name": "BLOCKWISE_NL_JOIN",
                                    "cpu_time": 7.24114731300698,
                                    "extra_info": {
                                        "Join Type": "LEFT",
                                        "Condition": "(CAST(QuestionCount AS DOUBLE) > AvgQuestions)"
                                    },
                                    "cumulative_cardinality": 21135468,
                                    "operator_type": "BLOCKWISE_NL_JOIN",
                                    "operator_cardinality": 2286206,
                                    "cumulative_rows_scanned": 3850116,
                                    "operator_rows_scanned": 0,
                                    "operator_timing": 0.0913924899999998,
                                    "result_set_size": 365792960,
                                    "children": [
                                        {
                                            "operator_name": "CROSS_PRODUCT",
                                            "cpu_time": 0.056305081000000014,
                                            "extra_info": {},
                                            "cumulative_cardinality": 5042841,
                                            "operator_type": "CROSS_PRODUCT",
                                            "operator_cardinality": 1260710,
                                            "cumulative_rows_scanned": 0,
                                            "operator_rows_scanned": 0,
                                            "operator_timing": 0.003345025000000002,
                                            "result_set_size": 171456560,
                                            "children": [
                                                {
                                                    "operator_name": "CTE_SCAN",
                                                    "cpu_time": 0.005697896000000002,
                                                    "extra_info": {
                                                        "CTE Index": "0",
                                                        "Estimated Cardinality": "1260710"
                                                    },
                                                    "cumulative_cardinality": 1260710,
                                                    "operator_type": "CTE_SCAN",
                                                    "operator_cardinality": 1260710,
                                                    "cumulative_rows_scanned": 0,
                                                    "operator_rows_scanned": 0,
                                                    "operator_timing": 0.005697896000000002,
                                                    "result_set_size": 110942480,
                                                    "children": []
                                                },
                                                {
                                                    "operator_name": "UNGROUPED_AGGREGATE",
                                                    "cpu_time": 0.04726216000000001,
                                                    "extra_info": {
                                                        "Aggregates": [
                                                            "avg(#0)",
                                                            "avg(#1)",
                                                            "avg(#2)",
                                                            "avg(#3)",
                                                            "sum(#4)"
                                                        ]
                                                    },
                                                    "cumulative_cardinality": 2521421,
                                                    "operator_type": "UNGROUPED_AGGREGATE",
                                                    "operator_cardinality": 1,
                                                    "cumulative_rows_scanned": 0,
                                                    "operator_rows_scanned": 0,
                                                    "operator_timing": 0.04201825900000001,
                                                    "result_set_size": 48,
                                                    "children": [
                                                        {
                                                            "operator_name": "PROJECTION",
                                                            "cpu_time": 0.005243901000000006,
                                                            "extra_info": {
                                                                "Projections": [
                                                                    "QuestionCount",
                                                                    "TotalViews",
                                                                    "TotalAnswers",
                                                                    "TotalScore",
                                                                    "BadgeCount"
                                                                ],
                                                                "Estimated Cardinality": "1260710"
                                                            },
                                                            "cumulative_cardinality": 2521420,
                                                            "operator_type": "PROJECTION",
                                                            "operator_cardinality": 1260710,
                                                            "cumulative_rows_scanned": 0,
                                                            "operator_rows_scanned": 0,
                                                            "operator_timing": 0.00012439599999999998,
                                                            "result_set_size": 80685440,
                                                            "children": [
                                                                {
                                                                    "operator_name": "CTE_SCAN",
                                                                    "cpu_time": 0.005119505000000006,
                                                                    "extra_info": {
                                                                        "CTE Index": "0",
                                                                        "Estimated Cardinality": "1260710"
                                                                    },
                                                                    "cumulative_cardinality": 1260710,
                                                                    "operator_type": "CTE_SCAN",
                                                                    "operator_cardinality": 1260710,
                                                                    "cumulative_rows_scanned": 0,
                                                                    "operator_rows_scanned": 0,
                                                                    "operator_timing": 0.005119505000000006,
                                                                    "result_set_size": 110942480,
                                                                    "children": []
                                                                }
                                                            ]
                                                        }
                                                    ]
                                                }
                                            ]
                                        },
                                        {
                                            "operator_name": "STREAMING_LIMIT",
                                            "cpu_time": 7.09344974200698,
                                            "extra_info": {},
                                            "cumulative_cardinality": 13806421,
                                            "operator_type": "STREAMING_LIMIT",
                                            "operator_cardinality": 10,
                                            "cumulative_rows_scanned": 3850116,
                                            "operator_rows_scanned": 0,
                                            "operator_timing": 0.000001573,
                                            "result_set_size": 240,
                                            "children": [
                                                {
                                                    "operator_name": "ORDER_BY",
                                                    "cpu_time": 7.09344816900698,
                                                    "extra_info": {
                                                        "Order By": "TagPopularity.TagCount DESC"
                                                    },
                                                    "cumulative_cardinality": 13806411,
                                                    "operator_type": "ORDER_BY",
                                                    "operator_cardinality": 1976,
                                                    "cumulative_rows_scanned": 3850116,
                                                    "operator_rows_scanned": 0,
                                                    "operator_timing": 0.000310179,
                                                    "result_set_size": 47424,
                                                    "children": [
                                                        {
                                                            "operator_name": "HASH_GROUP_BY",
                                                            "cpu_time": 7.09313799000698,
                                                            "extra_info": {
                                                                "Groups": "#0",
                                                                "Aggregates": "count_star()",
                                                                "Estimated Cardinality": "385011"
                                                            },
                                                            "cumulative_cardinality": 13804435,
                                                            "operator_type": "HASH_GROUP_BY",
                                                            "operator_cardinality": 1976,
                                                            "cumulative_rows_scanned": 3850116,
                                                            "operator_rows_scanned": 0,
                                                            "operator_timing": 4.483378228000595,
                                                            "result_set_size": 47424,
                                                            "children": [
                                                                {
                                                                    "operator_name": "PROJECTION",
                                                                    "cpu_time": 2.609759762006384,
                                                                    "extra_info": {
                                                                        "Projections": "Tag",
                                                                        "Estimated Cardinality": "770023"
                                                                    },
                                                                    "cumulative_cardinality": 13802459,
                                                                    "operator_type": "PROJECTION",
                                                                    "operator_cardinality": 4044765,
                                                                    "cumulative_rows_scanned": 3850116,
                                                                    "operator_rows_scanned": 0,
                                                                    "operator_timing": 0.13900725100103414,
                                                                    "result_set_size": 64716240,
                                                                    "children": [
                                                                        {
                                                                            "operator_name": "PROJECTION",
                                                                            "cpu_time": 2.47075251100535,
                                                                            "extra_info": {
                                                                                "Projections": "Tag",
                                                                                "Estimated Cardinality": "770023"
                                                                            },
                                                                            "cumulative_cardinality": 9757694,
                                                                            "operator_type": "PROJECTION",
                                                                            "operator_cardinality": 4044765,
                                                                            "cumulative_rows_scanned": 3850116,
                                                                            "operator_rows_scanned": 0,
                                                                            "operator_timing": 0.14962616400204282,
                                                                            "result_set_size": 64716240,
                                                                            "children": [
                                                                                {
                                                                                    "operator_name": "UNNEST",
                                                                                    "cpu_time": 2.3211263470033074,
                                                                                    "extra_info": {},
                                                                                    "cumulative_cardinality": 5712929,
                                                                                    "operator_type": "UNNEST",
                                                                                    "operator_cardinality": 4044765,
                                                                                    "cumulative_rows_scanned": 3850116,
                                                                                    "operator_rows_scanned": 0,
                                                                                    "operator_timing": 1.1576716230033066,
                                                                                    "result_set_size": 129432480,
                                                                                    "children": [
                                                                                        {
                                                                                            "operator_name": "READ_PARQUET ",
                                                                                            "cpu_time": 1.1634547240000008,
                                                                                            "extra_info": {
                                                                                                "Function": "READ_PARQUET",
                                                                                                "Projections": "tags",
                                                                                                "Filters": "posttypeid=1",
                                                                                                "Estimated Cardinality": "770023"
                                                                                            },
                                                                                            "cumulative_cardinality": 1668164,
                                                                                            "operator_type": "TABLE_SCAN",
                                                                                            "operator_cardinality": 1668164,
                                                                                            "cumulative_rows_scanned": 3850116,
                                                                                            "operator_rows_scanned": 3850116,
                                                                                            "operator_timing": 1.1634547240000008,
                                                                                            "result_set_size": 26690624,
                                                                                            "children": []
                                                                                        }
                                                                                    ]
                                                                                }
                                                                            ]
                                                                        }
                                                                    ]
                                                                }
                                                            ]
                                                        }
                                                    ]
                                                }
                                            ]
                                        }
                                    ]
                                }
                            ]
                        }
                    ]
                }
            ]
        }
    ]
}