{
    "rows_returned": 21377,
    "query_name": "WITH UserVotes AS (\n    SELECT \n        U.Id AS UserId, \n        SUM(CASE WHEN V.VoteTypeId = 2 THEN 1 ELSE 0 END) AS Upvotes, \n        SUM(CASE WHEN V.VoteTypeId = 3 THEN 1 ELSE 0 END) AS Downvotes\n    FROM \n        Users U\n    LEFT JOIN \n        Votes V ON U.Id = V.UserId\n    GROUP BY \n        U.Id\n), \nPostStats AS (\n    SELECT \n        P.Id AS PostId, \n        P.OwnerUserId, \n        P.Title, \n        COUNT(CASE WHEN C.Id IS NOT NULL THEN 1 END) AS CommentCount, \n        COUNT(CASE WHEN PH.Id IS NOT NULL THEN 1 END) AS EditHistoryCount\n    FROM \n        Posts P\n    LEFT JOIN \n        Comments C ON P.Id = C.PostId\n    LEFT JOIN \n        PostHistory PH ON P.Id = PH.PostId \n    WHERE \n        P.CreationDate >= cast('2024-10-01 12:34:56' as timestamp) - INTERVAL '1 year'\n    GROUP BY \n        P.Id, P.OwnerUserId, P.Title\n), \nPostOwnerStats AS (\n    SELECT \n        P.OwnerUserId, \n        COUNT(P.Id) AS TotalPosts,\n        COUNT(CASE WHEN PS.EditHistoryCount > 0 THEN 1 END) AS PostsWithEditHistory,\n        SUM(CASE WHEN PS.CommentCount > 5 THEN 1 ELSE 0 END) AS PopularPosts\n    FROM \n        PostStats PS\n    JOIN \n        Posts P ON PS.PostId = P.Id\n    GROUP BY \n        P.OwnerUserId\n)\nSELECT \n    U.DisplayName, \n    U.Reputation, \n    COALESCE(UP.Upvotes, 0) AS UserUpvotes, \n    COALESCE(UP.Downvotes, 0) AS UserDownvotes,\n    POS.TotalPosts, \n    POS.PostsWithEditHistory,\n    POS.PopularPosts\nFROM \n    Users U\nLEFT JOIN \n    UserVotes UP ON U.Id = UP.UserId\nLEFT JOIN \n    PostOwnerStats POS ON U.Id = POS.OwnerUserId\nWHERE \n    U.Reputation > 500\nORDER BY \n    U.Reputation DESC, \n    UserUpvotes DESC;",
    "blocked_thread_time": 0.0,
    "cpu_time": 6.5914274100000005,
    "extra_info": {},
    "cumulative_cardinality": 13897953,
    "cumulative_rows_scanned": 42002811,
    "result_set_size": 1795668,
    "latency": 6.95549094,
    "children": [
        {
            "operator_name": "ORDER_BY",
            "cpu_time": 6.5914274100000005,
            "extra_info": {
                "Order By": [
                    "U.Reputation DESC",
                    "COALESCE(UP.Upvotes, 0) DESC"
                ]
            },
            "cumulative_cardinality": 13897953,
            "operator_type": "ORDER_BY",
            "operator_cardinality": 21377,
            "cumulative_rows_scanned": 42002811,
            "operator_rows_scanned": 0,
            "operator_timing": 0.011367486000000001,
            "result_set_size": 1795668,
            "children": [
                {
                    "operator_name": "PROJECTION",
                    "cpu_time": 6.580059924,
                    "extra_info": {
                        "Projections": [
                            "displayname",
                            "reputation",
                            "UserUpvotes",
                            "UserDownvotes",
                            "TotalPosts",
                            "PostsWithEditHistory",
                            "PopularPosts"
                        ],
                        "Estimated Cardinality": "1925058"
                    },
                    "cumulative_cardinality": 13876576,
                    "operator_type": "PROJECTION",
                    "operator_cardinality": 21377,
                    "cumulative_rows_scanned": 42002811,
                    "operator_rows_scanned": 0,
                    "operator_timing": 0.000832286,
                    "result_set_size": 1795668,
                    "children": [
                        {
                            "operator_name": "HASH_JOIN",
                            "cpu_time": 6.579227638000001,
                            "extra_info": {
                                "Join Type": "RIGHT",
                                "Conditions": "owneruserid = id",
                                "Estimated Cardinality": "1925058"
                            },
                            "cumulative_cardinality": 13855199,
                            "operator_type": "HASH_JOIN",
                            "operator_cardinality": 21377,
                            "cumulative_rows_scanned": 42002811,
                            "operator_rows_scanned": 0,
                            "operator_timing": 0.004580722999999999,
                            "result_set_size": 1795668,
                            "children": [
                                {
                                    "operator_name": "HASH_GROUP_BY",
                                    "cpu_time": 3.8356261910000007,
                                    "extra_info": {
                                        "Groups": "#0",
                                        "Aggregates": [
                                            "count_star()",
                                            "count(#1)",
                                            "sum(#2)"
                                        ],
                                        "Estimated Cardinality": "1925058"
                                    },
                                    "cumulative_cardinality": 8651651,
                                    "operator_type": "HASH_GROUP_BY",
                                    "operator_cardinality": 32453,
                                    "cumulative_rows_scanned": 26737298,
                                    "operator_rows_scanned": 0,
                                    "operator_timing": 0.008186294999999998,
                                    "result_set_size": 1168308,
                                    "children": [
                                        {
                                            "operator_name": "PROJECTION",
                                            "cpu_time": 3.827439896000001,
                                            "extra_info": {
                                                "Projections": [
                                                    "owneruserid",
                                                    "CASE  WHEN ((EditHistoryCount > 0)) THEN (1) ELSE NULL END",
                                                    "CASE  WHEN ((CommentCount > 5)) THEN (1) ELSE 0 END"
                                                ],
                                                "Estimated Cardinality": "3850116"
                                            },
                                            "cumulative_cardinality": 8619198,
                                            "operator_type": "PROJECTION",
                                            "operator_cardinality": 145542,
                                            "cumulative_rows_scanned": 26737298,
                                            "operator_rows_scanned": 0,
                                            "operator_timing": 0.0021355059999999997,
                                            "result_set_size": 1746504,
                                            "children": [
                                                {
                                                    "operator_name": "HASH_JOIN",
                                                    "cpu_time": 3.8253043900000008,
                                                    "extra_info": {
                                                        "Join Type": "INNER",
                                                        "Conditions": "PostId = id",
                                                        "Estimated Cardinality": "3850116"
                                                    },
                                                    "cumulative_cardinality": 8473656,
                                                    "operator_type": "HASH_JOIN",
                                                    "operator_cardinality": 145542,
                                                    "cumulative_rows_scanned": 26737298,
                                                    "operator_rows_scanned": 0,
                                                    "operator_timing": 0.2701624160000002,
                                                    "result_set_size": 2910840,
                                                    "children": [
                                                        {
                                                            "operator_name": "PROJECTION",
                                                            "cpu_time": 1.5184044989999994,
                                                            "extra_info": {
                                                                "Projections": [
                                                                    "PostId",
                                                                    "CommentCount",
                                                                    "EditHistoryCount"
                                                                ],
                                                                "Estimated Cardinality": "3850116"
                                                            },
                                                            "cumulative_cardinality": 4477998,
                                                            "operator_type": "PROJECTION",
                                                            "operator_cardinality": 145542,
                                                            "cumulative_rows_scanned": 22887182,
                                                            "operator_rows_scanned": 0,
                                                            "operator_timing": 0.000036671000000000015,
                                                            "result_set_size": 2910840,
                                                            "children": [
                                                                {
                                                                    "operator_name": "HASH_GROUP_BY",
                                                                    "cpu_time": 1.5183678279999995,
                                                                    "extra_info": {
                                                                        "Groups": [
                                                                            "#0",
                                                                            "#1",
                                                                            "#2"
                                                                        ],
                                                                        "Aggregates": [
                                                                            "count(#3)",
                                                                            "count(#4)"
                                                                        ],
                                                                        "Estimated Cardinality": "3850116"
                                                                    },
                                                                    "cumulative_cardinality": 4332456,
                                                                    "operator_type": "HASH_GROUP_BY",
                                                                    "operator_cardinality": 145542,
                                                                    "cumulative_rows_scanned": 22887182,
                                                                    "operator_rows_scanned": 0,
                                                                    "operator_timing": 0.25723128699999975,
                                                                    "result_set_size": 5821680,
                                                                    "children": [
                                                                        {
                                                                            "operator_name": "PROJECTION",
                                                                            "cpu_time": 1.2611365409999997,
                                                                            "extra_info": {
                                                                                "Projections": [
                                                                                    "id",
                                                                                    "owneruserid",
                                                                                    "title",
                                                                                    "CASE  WHEN ((id IS NOT NULL)) THEN (1) ELSE NULL END",
                                                                                    "CASE  WHEN ((id IS NOT NULL)) THEN (1) ELSE NULL END"
                                                                                ],
                                                                                "Estimated Cardinality": "11795244"
                                                                            },
                                                                            "cumulative_cardinality": 4186914,
                                                                            "operator_type": "PROJECTION",
                                                                            "operator_cardinality": 1459171,
                                                                            "cumulative_rows_scanned": 22887182,
                                                                            "operator_rows_scanned": 0,
                                                                            "operator_timing": 0.013864852000000016,
                                                                            "result_set_size": 46693472,
                                                                            "children": [
                                                                                {
                                                                                    "operator_name": "HASH_JOIN",
                                                                                    "cpu_time": 1.2472716889999997,
                                                                                    "extra_info": {
                                                                                        "Join Type": "RIGHT",
                                                                                        "Conditions": "postid = id",
                                                                                        "Estimated Cardinality": "11795244"
                                                                                    },
                                                                                    "cumulative_cardinality": 2727743,
                                                                                    "operator_type": "HASH_JOIN",
                                                                                    "operator_cardinality": 1459171,
                                                                                    "cumulative_rows_scanned": 22887182,
                                                                                    "operator_rows_scanned": 0,
                                                                                    "operator_timing": 0.12291246699999998,
                                                                                    "result_set_size": 46693472,
                                                                                    "children": [
                                                                                        {
                                                                                            "operator_name": "READ_PARQUET ",
                                                                                            "cpu_time": 0.28040301199999984,
                                                                                            "extra_info": {
                                                                                                "Function": "READ_PARQUET",
                                                                                                "Projections": [
                                                                                                    "id",
                                                                                                    "postid"
                                                                                                ],
                                                                                                "Estimated Cardinality": "11795244"
                                                                                            },
                                                                                            "cumulative_cardinality": 486756,
                                                                                            "operator_type": "TABLE_SCAN",
                                                                                            "operator_cardinality": 486756,
                                                                                            "cumulative_rows_scanned": 11795244,
                                                                                            "operator_rows_scanned": 11795244,
                                                                                            "operator_timing": 0.28040301199999984,
                                                                                            "result_set_size": 3894048,
                                                                                            "children": []
                                                                                        },
                                                                                        {
                                                                                            "operator_name": "HASH_JOIN",
                                                                                            "cpu_time": 0.84395621,
                                                                                            "extra_info": {
                                                                                                "Join Type": "RIGHT",
                                                                                                "Conditions": "postid = id",
                                                                                                "Estimated Cardinality": "7241822"
                                                                                            },
                                                                                            "cumulative_cardinality": 781816,
                                                                                            "operator_type": "HASH_JOIN",
                                                                                            "operator_cardinality": 349210,
                                                                                            "cumulative_rows_scanned": 11091938,
                                                                                            "operator_rows_scanned": 0,
                                                                                            "operator_timing": 0.036782951999999994,
                                                                                            "result_set_size": 9777880,
                                                                                            "children": [
                                                                                                {
                                                                                                    "operator_name": "READ_PARQUET ",
                                                                                                    "cpu_time": 0.3048196540000002,
                                                                                                    "extra_info": {
                                                                                                        "Function": "READ_PARQUET",
                                                                                                        "Projections": [
                                                                                                            "id",
                                                                                                            "postid"
                                                                                                        ],
                                                                                                        "Estimated Cardinality": "7241822"
                                                                                                    },
                                                                                                    "cumulative_cardinality": 287064,
                                                                                                    "operator_type": "TABLE_SCAN",
                                                                                                    "operator_cardinality": 287064,
                                                                                                    "cumulative_rows_scanned": 7241822,
                                                                                                    "operator_rows_scanned": 7241822,
                                                                                                    "operator_timing": 0.3048196540000002,
                                                                                                    "result_set_size": 2296512,
                                                                                                    "children": []
                                                                                                },
                                                                                                {
                                                                                                    "operator_name": "READ_PARQUET ",
                                                                                                    "cpu_time": 0.5023536039999998,
                                                                                                    "extra_info": {
                                                                                                        "Function": "READ_PARQUET",
                                                                                                        "Projections": [
                                                                                                            "id",
                                                                                                            "owneruserid",
                                                                                                            "title"
                                                                                                        ],
                                                                                                        "Filters": "creationdate>='2023-10-01 12:34:56'::TIMESTAMP",
                                                                                                        "Estimated Cardinality": "770023"
                                                                                                    },
                                                                                                    "cumulative_cardinality": 145542,
                                                                                                    "operator_type": "TABLE_SCAN",
                                                                                                    "operator_cardinality": 145542,
                                                                                                    "cumulative_rows_scanned": 3850116,
                                                                                                    "operator_rows_scanned": 3850116,
                                                                                                    "operator_timing": 0.5023536039999998,
                                                                                                    "result_set_size": 3493008,
                                                                                                    "children": []
                                                                                                }
                                                                                            ]
                                                                                        }
                                                                                    ]
                                                                                }
                                                                            ]
                                                                        }
                                                                    ]
                                                                }
                                                            ]
                                                        },
                                                        {
                                                            "operator_name": "READ_PARQUET ",
                                                            "cpu_time": 2.036737475000001,
                                                            "extra_info": {
                                                                "Function": "READ_PARQUET",
                                                                "Projections": [
                                                                    "id",
                                                                    "owneruserid"
                                                                ],
                                                                "Estimated Cardinality": "3850116"
                                                            },
                                                            "cumulative_cardinality": 3850116,
                                                            "operator_type": "TABLE_SCAN",
                                                            "operator_cardinality": 3850116,
                                                            "cumulative_rows_scanned": 3850116,
                                                            "operator_rows_scanned": 3850116,
                                                            "operator_timing": 2.036737475000001,
                                                            "result_set_size": 30800928,
                                                            "children": []
                                                        }
                                                    ]
                                                }
                                            ]
                                        }
                                    ]
                                },
                                {
                                    "operator_name": "HASH_JOIN",
                                    "cpu_time": 2.7390207239999995,
                                    "extra_info": {
                                        "Join Type": "RIGHT",
                                        "Conditions": "UserId = id",
                                        "Estimated Cardinality": "1260710"
                                    },
                                    "cumulative_cardinality": 5182171,
                                    "operator_type": "HASH_JOIN",
                                    "operator_cardinality": 21377,
                                    "cumulative_rows_scanned": 15265513,
                                    "operator_rows_scanned": 0,
                                    "operator_timing": 0.028904257000000003,
                                    "result_set_size": 1197112,
                                    "children": [
                                        {
                                            "operator_name": "HASH_GROUP_BY",
                                            "cpu_time": 1.3541564719999992,
                                            "extra_info": {
                                                "Groups": "#0",
                                                "Aggregates": [
                                                    "sum(#1)",
                                                    "sum(#2)"
                                                ],
                                                "Estimated Cardinality": "1260710"
                                            },
                                            "cumulative_cardinality": 5139417,
                                            "operator_type": "HASH_GROUP_BY",
                                            "operator_cardinality": 1260710,
                                            "cumulative_rows_scanned": 14004803,
                                            "operator_rows_scanned": 0,
                                            "operator_timing": 0.271410443,
                                            "result_set_size": 45385560,
                                            "children": [
                                                {
                                                    "operator_name": "PROJECTION",
                                                    "cpu_time": 1.0827460289999993,
                                                    "extra_info": {
                                                        "Projections": [
                                                            "id",
                                                            "CASE  WHEN ((votetypeid = 2)) THEN (1) ELSE 0 END",
                                                            "CASE  WHEN ((votetypeid = 3)) THEN (1) ELSE 0 END"
                                                        ],
                                                        "Estimated Cardinality": "12744093"
                                                    },
                                                    "cumulative_cardinality": 3878707,
                                                    "operator_type": "PROJECTION",
                                                    "operator_cardinality": 1288855,
                                                    "cumulative_rows_scanned": 14004803,
                                                    "operator_rows_scanned": 0,
                                                    "operator_timing": 0.003423887999999999,
                                                    "result_set_size": 15466260,
                                                    "children": [
                                                        {
                                                            "operator_name": "HASH_JOIN",
                                                            "cpu_time": 1.0793221409999993,
                                                            "extra_info": {
                                                                "Join Type": "RIGHT",
                                                                "Conditions": "userid = id",
                                                                "Estimated Cardinality": "12744093"
                                                            },
                                                            "cumulative_cardinality": 2589852,
                                                            "operator_type": "HASH_JOIN",
                                                            "operator_cardinality": 1288855,
                                                            "cumulative_rows_scanned": 14004803,
                                                            "operator_rows_scanned": 0,
                                                            "operator_timing": 0.13664284700000015,
                                                            "result_set_size": 7733130,
                                                            "children": [
                                                                {
                                                                    "operator_name": "READ_PARQUET ",
                                                                    "cpu_time": 0.9325257519999992,
                                                                    "extra_info": {
                                                                        "Function": "READ_PARQUET",
                                                                        "Projections": [
                                                                            "votetypeid",
                                                                            "userid"
                                                                        ],
                                                                        "Estimated Cardinality": "12744093"
                                                                    },
                                                                    "cumulative_cardinality": 40287,
                                                                    "operator_type": "TABLE_SCAN",
                                                                    "operator_cardinality": 40287,
                                                                    "cumulative_rows_scanned": 12744093,
                                                                    "operator_rows_scanned": 12744093,
                                                                    "operator_timing": 0.9325257519999992,
                                                                    "result_set_size": 241722,
                                                                    "children": []
                                                                },
                                                                {
                                                                    "operator_name": "READ_PARQUET ",
                                                                    "cpu_time": 0.01015354200000001,
                                                                    "extra_info": {
                                                                        "Function": "READ_PARQUET",
                                                                        "Projections": "id",
                                                                        "Estimated Cardinality": "1260710"
                                                                    },
                                                                    "cumulative_cardinality": 1260710,
                                                                    "operator_type": "TABLE_SCAN",
                                                                    "operator_cardinality": 1260710,
                                                                    "cumulative_rows_scanned": 1260710,
                                                                    "operator_rows_scanned": 1260710,
                                                                    "operator_timing": 0.01015354200000001,
                                                                    "result_set_size": 5042840,
                                                                    "children": []
                                                                }
                                                            ]
                                                        }
                                                    ]
                                                }
                                            ]
                                        },
                                        {
                                            "operator_name": "READ_PARQUET ",
                                            "cpu_time": 1.3559599950000003,
                                            "extra_info": {
                                                "Function": "READ_PARQUET",
                                                "Projections": [
                                                    "id",
                                                    "reputation",
                                                    "displayname"
                                                ],
                                                "Filters": "reputation>500",
                                                "Estimated Cardinality": "252142"
                                            },
                                            "cumulative_cardinality": 21377,
                                            "operator_type": "TABLE_SCAN",
                                            "operator_cardinality": 21377,
                                            "cumulative_rows_scanned": 1260710,
                                            "operator_rows_scanned": 1260710,
                                            "operator_timing": 1.3559599950000003,
                                            "result_set_size": 513048,
                                            "children": []
                                        }
                                    ]
                                }
                            ]
                        }
                    ]
                }
            ]
        }
    ]
}