{
    "rows_returned": 19760,
    "query_name": "WITH PostMetrics AS (\n    SELECT \n        p.Id AS PostId,\n        p.Title,\n        p.CreationDate,\n        p.Score,\n        p.ViewCount,\n        COALESCE(p.AnswerCount, 0) AS AnswerCount,\n        COALESCE(p.CommentCount, 0) AS CommentCount,\n        COALESCE(p.FavoriteCount, 0) AS FavoriteCount,\n        ARRAY_LENGTH(string_to_array(substring(p.Tags, 2, length(p.Tags)-2), '><'), 1) AS TagCount,\n        u.DisplayName AS OwnerDisplayName,\n        u.Reputation AS OwnerReputation\n    FROM \n        Posts p\n    INNER JOIN \n        Users u ON p.OwnerUserId = u.Id\n    WHERE \n        p.PostTypeId = 1 \n),\nTagDetails AS (\n    SELECT \n        t.TagName,\n        COUNT(p.Id) AS PostCount,\n        SUM(pm.ViewCount) AS TotalViews,\n        AVG(pm.Score) AS AverageScore\n    FROM \n        Tags t\n    LEFT JOIN \n        Posts p ON p.Tags LIKE '%<' || t.TagName || '>%'\n    LEFT JOIN \n        PostMetrics pm ON pm.PostId = p.Id\n    GROUP BY \n        t.TagName\n),\nTopPosts AS (\n    SELECT \n        pm.PostId,\n        pm.Title,\n        pm.OwnerDisplayName,\n        pm.OwnerReputation,\n        pm.ViewCount,\n        pm.AnswerCount,\n        pm.CommentCount,\n        pm.FavoriteCount,\n        pm.TagCount,\n        pm.CreationDate\n    FROM \n        PostMetrics pm\n    ORDER BY \n        pm.Score DESC, pm.ViewCount DESC\n    LIMIT 10\n)\nSELECT \n    td.TagName,\n    td.PostCount,\n    td.TotalViews,\n    td.AverageScore,\n    tp.Title AS TopPostTitle,\n    tp.OwnerDisplayName AS TopPostOwner,\n    tp.ViewCount AS TopPostViewCount,\n    tp.CreationDate AS TopPostCreationDate\nFROM \n    TagDetails td\nLEFT JOIN \n    TopPosts tp ON tp.TagCount > 0\nORDER BY \n    td.PostCount DESC, td.TotalViews DESC;",
    "blocked_thread_time": 0.0,
    "cpu_time": 525.7153864200196,
    "extra_info": {},
    "cumulative_cardinality": 31431765,
    "cumulative_rows_scanned": 14073744,
    "result_set_size": 1817920,
    "latency": 536.23084869,
    "children": [
        {
            "operator_name": "ORDER_BY",
            "cpu_time": 525.7153864200196,
            "extra_info": {
                "Order By": [
                    "td.PostCount DESC",
                    "td.TotalViews DESC"
                ]
            },
            "cumulative_cardinality": 31431765,
            "operator_type": "ORDER_BY",
            "operator_cardinality": 19760,
            "cumulative_rows_scanned": 14073744,
            "operator_rows_scanned": 0,
            "operator_timing": 0.002621698,
            "result_set_size": 1817920,
            "children": [
                {
                    "operator_name": "BLOCKWISE_NL_JOIN",
                    "cpu_time": 525.7127647220196,
                    "extra_info": {
                        "Join Type": "LEFT",
                        "Condition": "true"
                    },
                    "cumulative_cardinality": 31412005,
                    "operator_type": "BLOCKWISE_NL_JOIN",
                    "operator_cardinality": 19760,
                    "cumulative_rows_scanned": 14073744,
                    "operator_rows_scanned": 0,
                    "operator_timing": 0.00017304400000000002,
                    "result_set_size": 1817920,
                    "children": [
                        {
                            "operator_name": "HASH_GROUP_BY",
                            "cpu_time": 517.8109937030197,
                            "extra_info": {
                                "Groups": "#0",
                                "Aggregates": [
                                    "count(#1)",
                                    "sum(#2)",
                                    "avg(#3)"
                                ],
                                "Estimated Cardinality": "1976"
                            },
                            "cumulative_cardinality": 22096530,
                            "operator_type": "HASH_GROUP_BY",
                            "operator_cardinality": 1976,
                            "cumulative_rows_scanned": 8962918,
                            "operator_rows_scanned": 0,
                            "operator_timing": 0.20856747800000014,
                            "result_set_size": 94848,
                            "children": [
                                {
                                    "operator_name": "PROJECTION",
                                    "cpu_time": 517.6024262250197,
                                    "extra_info": {
                                        "Projections": [
                                            "tagname",
                                            "id",
                                            "viewcount",
                                            "score"
                                        ],
                                        "Estimated Cardinality": "3850116"
                                    },
                                    "cumulative_cardinality": 22094554,
                                    "operator_type": "PROJECTION",
                                    "operator_cardinality": 4044765,
                                    "cumulative_rows_scanned": 8962918,
                                    "operator_rows_scanned": 0,
                                    "operator_timing": 0.0026772890000000093,
                                    "result_set_size": 113253420,
                                    "children": [
                                        {
                                            "operator_name": "HASH_JOIN",
                                            "cpu_time": 517.5997489360198,
                                            "extra_info": {
                                                "Join Type": "LEFT",
                                                "Conditions": "id = PostId",
                                                "Estimated Cardinality": "3850116"
                                            },
                                            "cumulative_cardinality": 18049789,
                                            "operator_type": "HASH_JOIN",
                                            "operator_cardinality": 4044765,
                                            "cumulative_rows_scanned": 8962918,
                                            "operator_rows_scanned": 0,
                                            "operator_timing": 0.35782767999999965,
                                            "result_set_size": 113253420,
                                            "children": [
                                                {
                                                    "operator_name": "BLOCKWISE_NL_JOIN",
                                                    "cpu_time": 516.5633280090198,
                                                    "extra_info": {
                                                        "Join Type": "RIGHT",
                                                        "Condition": "(tags ~~ (('%<' || tagname) || '>%'))"
                                                    },
                                                    "cumulative_cardinality": 7896857,
                                                    "operator_type": "BLOCKWISE_NL_JOIN",
                                                    "operator_cardinality": 4044765,
                                                    "cumulative_rows_scanned": 3852092,
                                                    "operator_rows_scanned": 0,
                                                    "operator_timing": 516.3514137430197,
                                                    "result_set_size": 145611540,
                                                    "children": [
                                                        {
                                                            "operator_name": "READ_PARQUET ",
                                                            "cpu_time": 0.2112906109999998,
                                                            "extra_info": {
                                                                "Function": "READ_PARQUET",
                                                                "Projections": [
                                                                    "id",
                                                                    "tags"
                                                                ],
                                                                "Estimated Cardinality": "3850116"
                                                            },
                                                            "cumulative_cardinality": 3850116,
                                                            "operator_type": "TABLE_SCAN",
                                                            "operator_cardinality": 3850116,
                                                            "cumulative_rows_scanned": 3850116,
                                                            "operator_rows_scanned": 3850116,
                                                            "operator_timing": 0.2112906109999998,
                                                            "result_set_size": 77002320,
                                                            "children": []
                                                        },
                                                        {
                                                            "operator_name": "READ_PARQUET ",
                                                            "cpu_time": 0.000623655,
                                                            "extra_info": {
                                                                "Function": "READ_PARQUET",
                                                                "Projections": "tagname",
                                                                "Estimated Cardinality": "1976"
                                                            },
                                                            "cumulative_cardinality": 1976,
                                                            "operator_type": "TABLE_SCAN",
                                                            "operator_cardinality": 1976,
                                                            "cumulative_rows_scanned": 1976,
                                                            "operator_rows_scanned": 1976,
                                                            "operator_timing": 0.000623655,
                                                            "result_set_size": 31616,
                                                            "children": []
                                                        }
                                                    ]
                                                },
                                                {
                                                    "operator_name": "PROJECTION",
                                                    "cpu_time": 0.6785932470000001,
                                                    "extra_info": {
                                                        "Projections": [
                                                            "PostId",
                                                            "score",
                                                            "viewcount"
                                                        ],
                                                        "Estimated Cardinality": "770023"
                                                    },
                                                    "cumulative_cardinality": 6108167,
                                                    "operator_type": "PROJECTION",
                                                    "operator_cardinality": 1589663,
                                                    "cumulative_rows_scanned": 5110826,
                                                    "operator_rows_scanned": 0,
                                                    "operator_timing": 0.0006097839999999985,
                                                    "result_set_size": 19075956,
                                                    "children": [
                                                        {
                                                            "operator_name": "HASH_JOIN",
                                                            "cpu_time": 0.6779834630000001,
                                                            "extra_info": {
                                                                "Join Type": "INNER",
                                                                "Conditions": "id = owneruserid",
                                                                "Estimated Cardinality": "770023"
                                                            },
                                                            "cumulative_cardinality": 4518504,
                                                            "operator_type": "HASH_JOIN",
                                                            "operator_cardinality": 1589663,
                                                            "cumulative_rows_scanned": 5110826,
                                                            "operator_rows_scanned": 0,
                                                            "operator_timing": 0.2955417100000003,
                                                            "result_set_size": 25434608,
                                                            "children": [
                                                                {
                                                                    "operator_name": "READ_PARQUET ",
                                                                    "cpu_time": 0.03069311699999998,
                                                                    "extra_info": {
                                                                        "Function": "READ_PARQUET",
                                                                        "Projections": "id",
                                                                        "Filters": "id<=1416539",
                                                                        "Estimated Cardinality": "1260710"
                                                                    },
                                                                    "cumulative_cardinality": 1260677,
                                                                    "operator_type": "TABLE_SCAN",
                                                                    "operator_cardinality": 1260677,
                                                                    "cumulative_rows_scanned": 1260710,
                                                                    "operator_rows_scanned": 1260710,
                                                                    "operator_timing": 0.03069311699999998,
                                                                    "result_set_size": 5042708,
                                                                    "children": []
                                                                },
                                                                {
                                                                    "operator_name": "READ_PARQUET ",
                                                                    "cpu_time": 0.35174863599999984,
                                                                    "extra_info": {
                                                                        "Function": "READ_PARQUET",
                                                                        "Projections": [
                                                                            "id",
                                                                            "score",
                                                                            "viewcount",
                                                                            "owneruserid"
                                                                        ],
                                                                        "Filters": "posttypeid=1",
                                                                        "Estimated Cardinality": "770023"
                                                                    },
                                                                    "cumulative_cardinality": 1668164,
                                                                    "operator_type": "TABLE_SCAN",
                                                                    "operator_cardinality": 1668164,
                                                                    "cumulative_rows_scanned": 3850116,
                                                                    "operator_rows_scanned": 3850116,
                                                                    "operator_timing": 0.35174863599999984,
                                                                    "result_set_size": 26690624,
                                                                    "children": []
                                                                }
                                                            ]
                                                        }
                                                    ]
                                                }
                                            ]
                                        }
                                    ]
                                }
                            ]
                        },
                        {
                            "operator_name": "PROJECTION",
                            "cpu_time": 7.901597975000003,
                            "extra_info": {
                                "Projections": [
                                    "#0",
                                    "#1",
                                    "#2",
                                    "#4"
                                ],
                                "Estimated Cardinality": "10"
                            },
                            "cumulative_cardinality": 9295715,
                            "operator_type": "PROJECTION",
                            "operator_cardinality": 10,
                            "cumulative_rows_scanned": 5110826,
                            "operator_rows_scanned": 0,
                            "operator_timing": 5.81e-7,
                            "result_set_size": 440,
                            "children": [
                                {
                                    "operator_name": "FILTER",
                                    "cpu_time": 7.901597394000003,
                                    "extra_info": {
                                        "Expression": "(#3 > 0)",
                                        "Estimated Cardinality": "10"
                                    },
                                    "cumulative_cardinality": 9295705,
                                    "operator_type": "FILTER",
                                    "operator_cardinality": 10,
                                    "cumulative_rows_scanned": 5110826,
                                    "operator_rows_scanned": 0,
                                    "operator_timing": 0.000007604,
                                    "result_set_size": 560,
                                    "children": [
                                        {
                                            "operator_name": "STREAMING_LIMIT",
                                            "cpu_time": 7.901589790000003,
                                            "extra_info": {},
                                            "cumulative_cardinality": 9295695,
                                            "operator_type": "STREAMING_LIMIT",
                                            "operator_cardinality": 10,
                                            "cumulative_rows_scanned": 5110826,
                                            "operator_rows_scanned": 0,
                                            "operator_timing": 0.000002475,
                                            "result_set_size": 560,
                                            "children": [
                                                {
                                                    "operator_name": "PROJECTION",
                                                    "cpu_time": 7.901587315000003,
                                                    "extra_info": {
                                                        "Projections": [
                                                            "#0",
                                                            "#1",
                                                            "#2",
                                                            "#3",
                                                            "#4",
                                                            "__internal_decompress_integral_integer(#5, -72)"
                                                        ],
                                                        "Estimated Cardinality": "770023"
                                                    },
                                                    "cumulative_cardinality": 9295685,
                                                    "operator_type": "PROJECTION",
                                                    "operator_cardinality": 4096,
                                                    "cumulative_rows_scanned": 5110826,
                                                    "operator_rows_scanned": 0,
                                                    "operator_timing": 0.000011351,
                                                    "result_set_size": 229376,
                                                    "children": [
                                                        {
                                                            "operator_name": "ORDER_BY",
                                                            "cpu_time": 7.901575964000003,
                                                            "extra_info": {
                                                                "Order By": [
                                                                    "score DESC",
                                                                    "pm.ViewCount DESC"
                                                                ]
                                                            },
                                                            "cumulative_cardinality": 9291589,
                                                            "operator_type": "ORDER_BY",
                                                            "operator_cardinality": 4096,
                                                            "cumulative_rows_scanned": 5110826,
                                                            "operator_rows_scanned": 0,
                                                            "operator_timing": 0.39090686900000016,
                                                            "result_set_size": 221184,
                                                            "children": [
                                                                {
                                                                    "operator_name": "PROJECTION",
                                                                    "cpu_time": 7.510669095000003,
                                                                    "extra_info": {
                                                                        "Projections": [
                                                                            "#0",
                                                                            "#1",
                                                                            "#2",
                                                                            "#3",
                                                                            "#4",
                                                                            "__internal_compress_integral_usmallint(#5, -72)"
                                                                        ],
                                                                        "Estimated Cardinality": "770023"
                                                                    },
                                                                    "cumulative_cardinality": 9287493,
                                                                    "operator_type": "PROJECTION",
                                                                    "operator_cardinality": 1589663,
                                                                    "cumulative_rows_scanned": 5110826,
                                                                    "operator_rows_scanned": 0,
                                                                    "operator_timing": 0.001970413,
                                                                    "result_set_size": 85841802,
                                                                    "children": [
                                                                        {
                                                                            "operator_name": "PROJECTION",
                                                                            "cpu_time": 7.508698682000003,
                                                                            "extra_info": {
                                                                                "Projections": [
                                                                                    "title",
                                                                                    "OwnerDisplayName",
                                                                                    "viewcount",
                                                                                    "TagCount",
                                                                                    "creationdate",
                                                                                    "score"
                                                                                ],
                                                                                "Estimated Cardinality": "770023"
                                                                            },
                                                                            "cumulative_cardinality": 7697830,
                                                                            "operator_type": "PROJECTION",
                                                                            "operator_cardinality": 1589663,
                                                                            "cumulative_rows_scanned": 5110826,
                                                                            "operator_rows_scanned": 0,
                                                                            "operator_timing": 0.001008781999999999,
                                                                            "result_set_size": 89021128,
                                                                            "children": [
                                                                                {
                                                                                    "operator_name": "PROJECTION",
                                                                                    "cpu_time": 7.507689900000003,
                                                                                    "extra_info": {
                                                                                        "Projections": [
                                                                                            "title",
                                                                                            "creationdate",
                                                                                            "score",
                                                                                            "viewcount",
                                                                                            "TagCount",
                                                                                            "OwnerDisplayName"
                                                                                        ],
                                                                                        "Estimated Cardinality": "770023"
                                                                                    },
                                                                                    "cumulative_cardinality": 6108167,
                                                                                    "operator_type": "PROJECTION",
                                                                                    "operator_cardinality": 1589663,
                                                                                    "cumulative_rows_scanned": 5110826,
                                                                                    "operator_rows_scanned": 0,
                                                                                    "operator_timing": 0.6231329510000002,
                                                                                    "result_set_size": 89021128,
                                                                                    "children": [
                                                                                        {
                                                                                            "operator_name": "HASH_JOIN",
                                                                                            "cpu_time": 6.884556949000002,
                                                                                            "extra_info": {
                                                                                                "Join Type": "INNER",
                                                                                                "Conditions": "id = owneruserid",
                                                                                                "Estimated Cardinality": "770023"
                                                                                            },
                                                                                            "cumulative_cardinality": 4518504,
                                                                                            "operator_type": "HASH_JOIN",
                                                                                            "operator_cardinality": 1589663,
                                                                                            "cumulative_rows_scanned": 5110826,
                                                                                            "operator_rows_scanned": 0,
                                                                                            "operator_timing": 0.5496180540000002,
                                                                                            "result_set_size": 101738432,
                                                                                            "children": [
                                                                                                {
                                                                                                    "operator_name": "READ_PARQUET ",
                                                                                                    "cpu_time": 1.595878352000001,
                                                                                                    "extra_info": {
                                                                                                        "Function": "READ_PARQUET",
                                                                                                        "Projections": [
                                                                                                            "id",
                                                                                                            "displayname"
                                                                                                        ],
                                                                                                        "Filters": "id<=1416539",
                                                                                                        "Estimated Cardinality": "1260710"
                                                                                                    },
                                                                                                    "cumulative_cardinality": 1260677,
                                                                                                    "operator_type": "TABLE_SCAN",
                                                                                                    "operator_cardinality": 1260677,
                                                                                                    "cumulative_rows_scanned": 1260710,
                                                                                                    "operator_rows_scanned": 1260710,
                                                                                                    "operator_timing": 1.595878352000001,
                                                                                                    "result_set_size": 25213540,
                                                                                                    "children": []
                                                                                                },
                                                                                                {
                                                                                                    "operator_name": "READ_PARQUET ",
                                                                                                    "cpu_time": 4.739060543000001,
                                                                                                    "extra_info": {
                                                                                                        "Function": "READ_PARQUET",
                                                                                                        "Projections": [
                                                                                                            "creationdate",
                                                                                                            "score",
                                                                                                            "viewcount",
                                                                                                            "owneruserid",
                                                                                                            "title",
                                                                                                            "tags"
                                                                                                        ],
                                                                                                        "Filters": "posttypeid=1",
                                                                                                        "Estimated Cardinality": "770023"
                                                                                                    },
                                                                                                    "cumulative_cardinality": 1668164,
                                                                                                    "operator_type": "TABLE_SCAN",
                                                                                                    "operator_cardinality": 1668164,
                                                                                                    "cumulative_rows_scanned": 3850116,
                                                                                                    "operator_rows_scanned": 3850116,
                                                                                                    "operator_timing": 4.739060543000001,
                                                                                                    "result_set_size": 86744528,
                                                                                                    "children": []
                                                                                                }
                                                                                            ]
                                                                                        }
                                                                                    ]
                                                                                }
                                                                            ]
                                                                        }
                                                                    ]
                                                                }
                                                            ]
                                                        }
                                                    ]
                                                }
                                            ]
                                        }
                                    ]
                                }
                            ]
                        }
                    ]
                }
            ]
        }
    ]
}