{
    "rows_returned": 0,
    "query_name": "WITH TagStats AS (\n    SELECT\n        T.TagName,\n        COUNT(DISTINCT P.Id) AS PostCount,\n        SUM(P.ViewCount) AS TotalViews,\n        SUM(P.AnswerCount) AS TotalAnswers,\n        SUM(P.CommentCount) AS TotalComments\n    FROM\n        Tags T\n    LEFT JOIN\n        Posts P ON P.Tags LIKE '%' || T.TagName || '%'\n    WHERE\n        P.PostTypeId = 1 \n    GROUP BY\n        T.TagName\n),\nUserEngagement AS (\n    SELECT\n        U.Id AS UserId,\n        SUM(CASE WHEN V.VoteTypeId = 2 THEN 1 ELSE 0 END) AS UpVotesReceived,\n        SUM(CASE WHEN V.VoteTypeId = 3 THEN 1 ELSE 0 END) AS DownVotesReceived,\n        SUM(CASE WHEN C.Id IS NOT NULL THEN 1 ELSE 0 END) AS CommentsReceived\n    FROM\n        Users U\n    LEFT JOIN\n        Votes V ON V.UserId = U.Id\n    LEFT JOIN\n        Comments C ON C.UserId = U.Id\n    GROUP BY\n        U.Id\n),\nPostHistorySummary AS (\n    SELECT\n        PH.UserDisplayName,\n        COUNT(PH.Id) AS EditCount,\n        STRING_AGG(DISTINCT P.Title, ', ') AS EditedPostTitles,\n        STRING_AGG(DISTINCT PH.Comment, ', ') AS EditComments\n    FROM\n        PostHistory PH\n    JOIN\n        Posts P ON PH.PostId = P.Id\n    WHERE\n        PH.PostHistoryTypeId IN (4, 5, 6) \n    GROUP BY\n        PH.UserDisplayName\n)\nSELECT\n    TS.TagName,\n    TS.PostCount,\n    TS.TotalViews,\n    TS.TotalAnswers,\n    TS.TotalComments,\n    UE.UserId,\n    UE.UpVotesReceived,\n    UE.DownVotesReceived,\n    UE.CommentsReceived,\n    PHS.EditCount,\n    PHS.EditedPostTitles,\n    PHS.EditComments\nFROM\n    TagStats TS\nJOIN\n    UserEngagement UE ON UE.UpVotesReceived + UE.DownVotesReceived > 10\nJOIN\n    PostHistorySummary PHS ON PHS.EditCount > 5\nORDER BY\n    TS.TotalViews DESC, TS.PostCount DESC, UE.UpVotesReceived DESC;",
    "blocked_thread_time": 0.0,
    "cpu_time": 635.5696779430205,
    "extra_info": {},
    "cumulative_cardinality": 136249695,
    "cumulative_rows_scanned": 40744077,
    "result_set_size": 0,
    "latency": 642.093046148,
    "children": [
        {
            "operator_name": "ORDER_BY",
            "cpu_time": 635.5696779430205,
            "extra_info": {
                "Order By": [
                    "TS.TotalViews DESC",
                    "TS.PostCount DESC",
                    "UE.UpVotesReceived DESC"
                ]
            },
            "cumulative_cardinality": 136249695,
            "operator_type": "ORDER_BY",
            "operator_cardinality": 0,
            "cumulative_rows_scanned": 40744077,
            "operator_rows_scanned": 0,
            "operator_timing": 3.3e-7,
            "result_set_size": 0,
            "children": [
                {
                    "operator_name": "PROJECTION",
                    "cpu_time": 635.5696776130204,
                    "extra_info": {
                        "Projections": [
                            "tagname",
                            "PostCount",
                            "TotalViews",
                            "TotalAnswers",
                            "TotalComments",
                            "UserId",
                            "UpVotesReceived",
                            "DownVotesReceived",
                            "CommentsReceived",
                            "EditCount",
                            "EditedPostTitles",
                            "EditComments"
                        ],
                        "Estimated Cardinality": "587675306915840"
                    },
                    "cumulative_cardinality": 136249695,
                    "operator_type": "PROJECTION",
                    "operator_cardinality": 0,
                    "cumulative_rows_scanned": 40744077,
                    "operator_rows_scanned": 0,
                    "operator_timing": 0.0,
                    "result_set_size": 0,
                    "children": [
                        {
                            "operator_name": "CROSS_PRODUCT",
                            "cpu_time": 635.5696776130204,
                            "extra_info": {},
                            "cumulative_cardinality": 136249695,
                            "operator_type": "CROSS_PRODUCT",
                            "operator_cardinality": 0,
                            "cumulative_rows_scanned": 40744077,
                            "operator_rows_scanned": 0,
                            "operator_timing": 0.000053199,
                            "result_set_size": 0,
                            "children": [
                                {
                                    "operator_name": "CROSS_PRODUCT",
                                    "cpu_time": 631.5665002230204,
                                    "extra_info": {},
                                    "cumulative_cardinality": 27297281,
                                    "operator_type": "CROSS_PRODUCT",
                                    "operator_cardinality": 1976,
                                    "cumulative_rows_scanned": 19497452,
                                    "operator_rows_scanned": 0,
                                    "operator_timing": 0.08030905799999999,
                                    "result_set_size": 221312,
                                    "children": [
                                        {
                                            "operator_name": "PROJECTION",
                                            "cpu_time": 3.376273525999997,
                                            "extra_info": {
                                                "Projections": [
                                                    "#1",
                                                    "#2",
                                                    "#3"
                                                ],
                                                "Estimated Cardinality": "235904"
                                            },
                                            "cumulative_cardinality": 15351929,
                                            "operator_type": "PROJECTION",
                                            "operator_cardinality": 936,
                                            "cumulative_rows_scanned": 15645360,
                                            "operator_rows_scanned": 0,
                                            "operator_timing": 0.000001833,
                                            "result_set_size": 37440,
                                            "children": [
                                                {
                                                    "operator_name": "FILTER",
                                                    "cpu_time": 3.3762716929999974,
                                                    "extra_info": {
                                                        "Expression": "(EditCount > 5)",
                                                        "Estimated Cardinality": "235904"
                                                    },
                                                    "cumulative_cardinality": 15350993,
                                                    "operator_type": "FILTER",
                                                    "operator_cardinality": 936,
                                                    "cumulative_rows_scanned": 15645360,
                                                    "operator_rows_scanned": 0,
                                                    "operator_timing": 0.000015358,
                                                    "result_set_size": 52416,
                                                    "children": [
                                                        {
                                                            "operator_name": "HASH_GROUP_BY",
                                                            "cpu_time": 3.376256334999997,
                                                            "extra_info": {
                                                                "Groups": "#0",
                                                                "Aggregates": [
                                                                    "count_star()",
                                                                    "string_agg(DISTINCT #1)",
                                                                    "string_agg(DISTINCT #2)"
                                                                ],
                                                                "Estimated Cardinality": "1179524"
                                                            },
                                                            "cumulative_cardinality": 15350057,
                                                            "operator_type": "HASH_GROUP_BY",
                                                            "operator_cardinality": 2048,
                                                            "cumulative_rows_scanned": 15645360,
                                                            "operator_rows_scanned": 0,
                                                            "operator_timing": 0.9629206620000004,
                                                            "result_set_size": 114688,
                                                            "children": [
                                                                {
                                                                    "operator_name": "PROJECTION",
                                                                    "cpu_time": 2.4133356729999966,
                                                                    "extra_info": {
                                                                        "Projections": [
                                                                            "userdisplayname",
                                                                            "title",
                                                                            "comment"
                                                                        ],
                                                                        "Estimated Cardinality": "2359048"
                                                                    },
                                                                    "cumulative_cardinality": 15348009,
                                                                    "operator_type": "PROJECTION",
                                                                    "operator_cardinality": 3832632,
                                                                    "cumulative_rows_scanned": 15645360,
                                                                    "operator_rows_scanned": 0,
                                                                    "operator_timing": 0.001197226999999998,
                                                                    "result_set_size": 183966336,
                                                                    "children": [
                                                                        {
                                                                            "operator_name": "HASH_JOIN",
                                                                            "cpu_time": 2.4121384459999966,
                                                                            "extra_info": {
                                                                                "Join Type": "INNER",
                                                                                "Conditions": "id = postid",
                                                                                "Estimated Cardinality": "2359048"
                                                                            },
                                                                            "cumulative_cardinality": 11515377,
                                                                            "operator_type": "HASH_JOIN",
                                                                            "operator_cardinality": 3832632,
                                                                            "cumulative_rows_scanned": 15645360,
                                                                            "operator_rows_scanned": 0,
                                                                            "operator_timing": 0.7598018799999999,
                                                                            "result_set_size": 183966336,
                                                                            "children": [
                                                                                {
                                                                                    "operator_name": "READ_PARQUET ",
                                                                                    "cpu_time": 0.5006284609999994,
                                                                                    "extra_info": {
                                                                                        "Function": "READ_PARQUET",
                                                                                        "Projections": [
                                                                                            "id",
                                                                                            "title"
                                                                                        ],
                                                                                        "Estimated Cardinality": "3850116"
                                                                                    },
                                                                                    "cumulative_cardinality": 3850113,
                                                                                    "operator_type": "TABLE_SCAN",
                                                                                    "operator_cardinality": 3850113,
                                                                                    "cumulative_rows_scanned": 3850116,
                                                                                    "operator_rows_scanned": 3850116,
                                                                                    "operator_timing": 0.5006284609999994,
                                                                                    "result_set_size": 77002260,
                                                                                    "children": []
                                                                                },
                                                                                {
                                                                                    "operator_name": "READ_PARQUET ",
                                                                                    "cpu_time": 1.1517081049999973,
                                                                                    "extra_info": {
                                                                                        "Function": "READ_PARQUET",
                                                                                        "Projections": [
                                                                                            "id",
                                                                                            "postid",
                                                                                            "userdisplayname",
                                                                                            "comment"
                                                                                        ],
                                                                                        "Filters": "posthistorytypeid>=4 AND posthistorytypeid<=6",
                                                                                        "Estimated Cardinality": "2359048"
                                                                                    },
                                                                                    "cumulative_cardinality": 3832632,
                                                                                    "operator_type": "TABLE_SCAN",
                                                                                    "operator_cardinality": 3832632,
                                                                                    "cumulative_rows_scanned": 11795244,
                                                                                    "operator_rows_scanned": 11795244,
                                                                                    "operator_timing": 1.1517081049999973,
                                                                                    "result_set_size": 153305280,
                                                                                    "children": []
                                                                                }
                                                                            ]
                                                                        }
                                                                    ]
                                                                }
                                                            ]
                                                        }
                                                    ]
                                                }
                                            ]
                                        },
                                        {
                                            "operator_name": "HASH_GROUP_BY",
                                            "cpu_time": 628.1099176390204,
                                            "extra_info": {
                                                "Groups": "#0",
                                                "Aggregates": [
                                                    "count(DISTINCT #1)",
                                                    "sum(#2)",
                                                    "sum(#3)",
                                                    "sum(#4)"
                                                ],
                                                "Estimated Cardinality": "1976"
                                            },
                                            "cumulative_cardinality": 11943376,
                                            "operator_type": "HASH_GROUP_BY",
                                            "operator_cardinality": 1976,
                                            "cumulative_rows_scanned": 3852092,
                                            "operator_rows_scanned": 0,
                                            "operator_timing": 1.07680945,
                                            "result_set_size": 142272,
                                            "children": [
                                                {
                                                    "operator_name": "PROJECTION",
                                                    "cpu_time": 627.0331081890204,
                                                    "extra_info": {
                                                        "Projections": [
                                                            "tagname",
                                                            "id",
                                                            "viewcount",
                                                            "answercount",
                                                            "commentcount"
                                                        ],
                                                        "Estimated Cardinality": "770023"
                                                    },
                                                    "cumulative_cardinality": 11941400,
                                                    "operator_type": "PROJECTION",
                                                    "operator_cardinality": 5135630,
                                                    "cumulative_rows_scanned": 3852092,
                                                    "operator_rows_scanned": 0,
                                                    "operator_timing": 0.0014654769999999982,
                                                    "result_set_size": 164340160,
                                                    "children": [
                                                        {
                                                            "operator_name": "BLOCKWISE_NL_JOIN",
                                                            "cpu_time": 627.0316427120204,
                                                            "extra_info": {
                                                                "Join Type": "INNER",
                                                                "Condition": "(tags ~~ (('%' || tagname) || '%'))"
                                                            },
                                                            "cumulative_cardinality": 6805770,
                                                            "operator_type": "BLOCKWISE_NL_JOIN",
                                                            "operator_cardinality": 5135630,
                                                            "cumulative_rows_scanned": 3852092,
                                                            "operator_rows_scanned": 0,
                                                            "operator_timing": 625.6664572200203,
                                                            "result_set_size": 246510240,
                                                            "children": [
                                                                {
                                                                    "operator_name": "READ_PARQUET ",
                                                                    "cpu_time": 1.3645649319999993,
                                                                    "extra_info": {
                                                                        "Function": "READ_PARQUET",
                                                                        "Projections": [
                                                                            "id",
                                                                            "viewcount",
                                                                            "tags",
                                                                            "answercount",
                                                                            "commentcount"
                                                                        ],
                                                                        "Filters": "posttypeid=1",
                                                                        "Estimated Cardinality": "770023"
                                                                    },
                                                                    "cumulative_cardinality": 1668164,
                                                                    "operator_type": "TABLE_SCAN",
                                                                    "operator_cardinality": 1668164,
                                                                    "cumulative_rows_scanned": 3850116,
                                                                    "operator_rows_scanned": 3850116,
                                                                    "operator_timing": 1.3645649319999993,
                                                                    "result_set_size": 53381248,
                                                                    "children": []
                                                                },
                                                                {
                                                                    "operator_name": "READ_PARQUET ",
                                                                    "cpu_time": 0.0006205599999999999,
                                                                    "extra_info": {
                                                                        "Function": "READ_PARQUET",
                                                                        "Projections": "tagname",
                                                                        "Estimated Cardinality": "1976"
                                                                    },
                                                                    "cumulative_cardinality": 1976,
                                                                    "operator_type": "TABLE_SCAN",
                                                                    "operator_cardinality": 1976,
                                                                    "cumulative_rows_scanned": 1976,
                                                                    "operator_rows_scanned": 1976,
                                                                    "operator_timing": 0.0006205599999999999,
                                                                    "result_set_size": 31616,
                                                                    "children": []
                                                                }
                                                            ]
                                                        }
                                                    ]
                                                }
                                            ]
                                        }
                                    ]
                                },
                                {
                                    "operator_name": "FILTER",
                                    "cpu_time": 4.003124190999994,
                                    "extra_info": {
                                        "Expression": "((UpVotesReceived + DownVotesReceived) > 10)",
                                        "Estimated Cardinality": "1260710"
                                    },
                                    "cumulative_cardinality": 108952414,
                                    "operator_type": "FILTER",
                                    "operator_cardinality": 0,
                                    "cumulative_rows_scanned": 21246625,
                                    "operator_rows_scanned": 0,
                                    "operator_timing": 0.01612343799999997,
                                    "result_set_size": 0,
                                    "children": [
                                        {
                                            "operator_name": "HASH_GROUP_BY",
                                            "cpu_time": 3.9870007529999945,
                                            "extra_info": {
                                                "Groups": "#0",
                                                "Aggregates": [
                                                    "sum(#1)",
                                                    "sum(#2)",
                                                    "sum(#3)"
                                                ],
                                                "Estimated Cardinality": "1260710"
                                            },
                                            "cumulative_cardinality": 108952414,
                                            "operator_type": "HASH_GROUP_BY",
                                            "operator_cardinality": 1260710,
                                            "cumulative_rows_scanned": 21246625,
                                            "operator_rows_scanned": 0,
                                            "operator_timing": 1.1408453980000028,
                                            "result_set_size": 65556920,
                                            "children": [
                                                {
                                                    "operator_name": "PROJECTION",
                                                    "cpu_time": 2.8461553549999916,
                                                    "extra_info": {
                                                        "Projections": [
                                                            "id",
                                                            "CASE  WHEN ((votetypeid = 2)) THEN (1) ELSE 0 END",
                                                            "CASE  WHEN ((votetypeid = 3)) THEN (1) ELSE 0 END",
                                                            "CASE  WHEN ((id IS NOT NULL)) THEN (1) ELSE 0 END"
                                                        ],
                                                        "Estimated Cardinality": "12744093"
                                                    },
                                                    "cumulative_cardinality": 107691704,
                                                    "operator_type": "PROJECTION",
                                                    "operator_cardinality": 48930015,
                                                    "cumulative_rows_scanned": 21246625,
                                                    "operator_rows_scanned": 0,
                                                    "operator_timing": 0.2970118920000008,
                                                    "result_set_size": 782880240,
                                                    "children": [
                                                        {
                                                            "operator_name": "HASH_JOIN",
                                                            "cpu_time": 2.5491434629999907,
                                                            "extra_info": {
                                                                "Join Type": "LEFT",
                                                                "Conditions": "id = userid",
                                                                "Estimated Cardinality": "12744093"
                                                            },
                                                            "cumulative_cardinality": 58761689,
                                                            "operator_type": "HASH_JOIN",
                                                            "operator_cardinality": 48930015,
                                                            "cumulative_rows_scanned": 21246625,
                                                            "operator_rows_scanned": 0,
                                                            "operator_timing": 1.1820788169999945,
                                                            "result_set_size": 489300150,
                                                            "children": [
                                                                {
                                                                    "operator_name": "HASH_JOIN",
                                                                    "cpu_time": 0.3096883309999993,
                                                                    "extra_info": {
                                                                        "Join Type": "RIGHT",
                                                                        "Conditions": "userid = id",
                                                                        "Estimated Cardinality": "12744093"
                                                                    },
                                                                    "cumulative_cardinality": 2589852,
                                                                    "operator_type": "HASH_JOIN",
                                                                    "operator_cardinality": 1288855,
                                                                    "cumulative_rows_scanned": 14004803,
                                                                    "operator_rows_scanned": 0,
                                                                    "operator_timing": 0.11228923000000075,
                                                                    "result_set_size": 7733130,
                                                                    "children": [
                                                                        {
                                                                            "operator_name": "READ_PARQUET ",
                                                                            "cpu_time": 0.18552361099999856,
                                                                            "extra_info": {
                                                                                "Function": "READ_PARQUET",
                                                                                "Projections": [
                                                                                    "votetypeid",
                                                                                    "userid"
                                                                                ],
                                                                                "Estimated Cardinality": "12744093"
                                                                            },
                                                                            "cumulative_cardinality": 40287,
                                                                            "operator_type": "TABLE_SCAN",
                                                                            "operator_cardinality": 40287,
                                                                            "cumulative_rows_scanned": 12744093,
                                                                            "operator_rows_scanned": 12744093,
                                                                            "operator_timing": 0.18552361099999856,
                                                                            "result_set_size": 241722,
                                                                            "children": []
                                                                        },
                                                                        {
                                                                            "operator_name": "READ_PARQUET ",
                                                                            "cpu_time": 0.011875489999999973,
                                                                            "extra_info": {
                                                                                "Function": "READ_PARQUET",
                                                                                "Projections": "id",
                                                                                "Estimated Cardinality": "1260710"
                                                                            },
                                                                            "cumulative_cardinality": 1260710,
                                                                            "operator_type": "TABLE_SCAN",
                                                                            "operator_cardinality": 1260710,
                                                                            "cumulative_rows_scanned": 1260710,
                                                                            "operator_rows_scanned": 1260710,
                                                                            "operator_timing": 0.011875489999999973,
                                                                            "result_set_size": 5042840,
                                                                            "children": []
                                                                        }
                                                                    ]
                                                                },
                                                                {
                                                                    "operator_name": "READ_PARQUET ",
                                                                    "cpu_time": 1.0573763149999968,
                                                                    "extra_info": {
                                                                        "Function": "READ_PARQUET",
                                                                        "Projections": [
                                                                            "id",
                                                                            "userid"
                                                                        ],
                                                                        "Estimated Cardinality": "7241822"
                                                                    },
                                                                    "cumulative_cardinality": 7241822,
                                                                    "operator_type": "TABLE_SCAN",
                                                                    "operator_cardinality": 7241822,
                                                                    "cumulative_rows_scanned": 7241822,
                                                                    "operator_rows_scanned": 7241822,
                                                                    "operator_timing": 1.0573763149999968,
                                                                    "result_set_size": 57934576,
                                                                    "children": []
                                                                }
                                                            ]
                                                        }
                                                    ]
                                                }
                                            ]
                                        }
                                    ]
                                }
                            ]
                        }
                    ]
                }
            ]
        }
    ]
}