{
    "rows_returned": 50,
    "query_name": "\nWITH RankedPosts AS (\n    SELECT \n        p.Id AS PostId,\n        p.Title,\n        p.Body,\n        p.Tags,\n        COUNT(c.Id) AS CommentCount,\n        ROW_NUMBER() OVER (PARTITION BY p.Id ORDER BY p.CreationDate DESC) AS rn\n    FROM \n        Posts p\n    LEFT JOIN \n        Comments c ON p.Id = c.PostId\n    WHERE \n        p.PostTypeId = 1 \n    GROUP BY \n        p.Id, p.Title, p.Body, p.Tags, p.CreationDate\n),\nRecentVotes AS (\n    SELECT \n        v.PostId,\n        COUNT(v.Id) AS VoteCount\n    FROM \n        Votes v\n    WHERE \n        v.VoteTypeId IN (2, 3) \n    GROUP BY \n        v.PostId\n),\nCombinedData AS (\n    SELECT \n        rp.PostId,\n        rp.Title,\n        rp.Body,\n        rp.Tags,\n        COALESCE(rv.VoteCount, 0) AS VoteCount,\n        rp.CommentCount\n    FROM \n        RankedPosts rp\n    LEFT JOIN \n        RecentVotes rv ON rp.PostId = rv.PostId\n)\nSELECT \n    cd.PostId,\n    cd.Title,\n    cd.Body,\n    cd.Tags,\n    cd.VoteCount,\n    cd.CommentCount,\n    CASE \n        WHEN cd.VoteCount > 10 THEN 'Hot Topic'\n        WHEN cd.CommentCount > 5 THEN 'Engaging Question'\n        ELSE 'Needs Improvement'\n    END AS PostType\nFROM \n    CombinedData cd\nWHERE \n    cd.CommentCount > 0\nORDER BY \n    cd.VoteCount DESC, cd.CommentCount DESC\nLIMIT 50;\n",
    "blocked_thread_time": 0.0,
    "cpu_time": 40.423350043999996,
    "extra_info": {},
    "cumulative_cardinality": 53846520,
    "cumulative_rows_scanned": 23836031,
    "result_set_size": 4200,
    "latency": 40.955256877,
    "children": [
        {
            "operator_name": "STREAMING_LIMIT",
            "cpu_time": 40.423350043999996,
            "extra_info": {},
            "cumulative_cardinality": 53846520,
            "operator_type": "STREAMING_LIMIT",
            "operator_cardinality": 50,
            "cumulative_rows_scanned": 23836031,
            "operator_rows_scanned": 0,
            "operator_timing": 0.000002194,
            "result_set_size": 4200,
            "children": [
                {
                    "operator_name": "ORDER_BY",
                    "cpu_time": 40.42334785,
                    "extra_info": {
                        "Order By": [
                            "cd.VoteCount DESC",
                            "cd.CommentCount DESC"
                        ]
                    },
                    "cumulative_cardinality": 53846470,
                    "operator_type": "ORDER_BY",
                    "operator_cardinality": 4096,
                    "cumulative_rows_scanned": 23836031,
                    "operator_rows_scanned": 0,
                    "operator_timing": 0.4336173320000002,
                    "result_set_size": 344064,
                    "children": [
                        {
                            "operator_name": "PROJECTION",
                            "cpu_time": 39.989730518,
                            "extra_info": {
                                "Projections": [
                                    "PostId",
                                    "title",
                                    "body",
                                    "tags",
                                    "VoteCount",
                                    "CommentCount",
                                    "PostType"
                                ],
                                "Estimated Cardinality": "1274409"
                            },
                            "cumulative_cardinality": 53842374,
                            "operator_type": "PROJECTION",
                            "operator_cardinality": 1165300,
                            "cumulative_rows_scanned": 23836031,
                            "operator_rows_scanned": 0,
                            "operator_timing": 0.015213152000000008,
                            "result_set_size": 97885200,
                            "children": [
                                {
                                    "operator_name": "PROJECTION",
                                    "cpu_time": 39.974517366,
                                    "extra_info": {
                                        "Projections": [
                                            "PostId",
                                            "title",
                                            "body",
                                            "tags",
                                            "VoteCount",
                                            "CommentCount"
                                        ],
                                        "Estimated Cardinality": "1274409"
                                    },
                                    "cumulative_cardinality": 52677074,
                                    "operator_type": "PROJECTION",
                                    "operator_cardinality": 1165300,
                                    "cumulative_rows_scanned": 23836031,
                                    "operator_rows_scanned": 0,
                                    "operator_timing": 0.020599479000000014,
                                    "result_set_size": 79240400,
                                    "children": [
                                        {
                                            "operator_name": "HASH_JOIN",
                                            "cpu_time": 39.953917887,
                                            "extra_info": {
                                                "Join Type": "LEFT",
                                                "Conditions": "PostId = postid",
                                                "Estimated Cardinality": "1274409"
                                            },
                                            "cumulative_cardinality": 51511774,
                                            "operator_type": "HASH_JOIN",
                                            "operator_cardinality": 1165300,
                                            "cumulative_rows_scanned": 23836031,
                                            "operator_rows_scanned": 0,
                                            "operator_timing": 0.24291714999999997,
                                            "result_set_size": 79240400,
                                            "children": [
                                                {
                                                    "operator_name": "PROJECTION",
                                                    "cpu_time": 38.814474534000006,
                                                    "extra_info": {
                                                        "Projections": [
                                                            "#0",
                                                            "#1",
                                                            "#2",
                                                            "#3",
                                                            "#5"
                                                        ],
                                                        "Estimated Cardinality": "770023"
                                                    },
                                                    "cumulative_cardinality": 25600928,
                                                    "operator_type": "PROJECTION",
                                                    "operator_cardinality": 1165300,
                                                    "cumulative_rows_scanned": 11091938,
                                                    "operator_rows_scanned": 0,
                                                    "operator_timing": 0.00026390400000000035,
                                                    "result_set_size": 69918000,
                                                    "children": [
                                                        {
                                                            "operator_name": "FILTER",
                                                            "cpu_time": 38.814210630000005,
                                                            "extra_info": {
                                                                "Expression": "(CommentCount > 0)",
                                                                "Estimated Cardinality": "770023"
                                                            },
                                                            "cumulative_cardinality": 24435628,
                                                            "operator_type": "FILTER",
                                                            "operator_cardinality": 1165300,
                                                            "cumulative_rows_scanned": 11091938,
                                                            "operator_rows_scanned": 0,
                                                            "operator_timing": 0.0035995439999999953,
                                                            "result_set_size": 88562800,
                                                            "children": [
                                                                {
                                                                    "operator_name": "PROJECTION",
                                                                    "cpu_time": 38.81061108600001,
                                                                    "extra_info": {
                                                                        "Projections": [
                                                                            "#0",
                                                                            "#1",
                                                                            "#2",
                                                                            "#3",
                                                                            "#4",
                                                                            "#5",
                                                                            "#6"
                                                                        ],
                                                                        "Estimated Cardinality": "3850116"
                                                                    },
                                                                    "cumulative_cardinality": 23270328,
                                                                    "operator_type": "PROJECTION",
                                                                    "operator_cardinality": 1668164,
                                                                    "cumulative_rows_scanned": 11091938,
                                                                    "operator_rows_scanned": 0,
                                                                    "operator_timing": 0.00030650099999999906,
                                                                    "result_set_size": 126780464,
                                                                    "children": [
                                                                        {
                                                                            "operator_name": "WINDOW",
                                                                            "cpu_time": 38.81030458500001,
                                                                            "extra_info": {
                                                                                "Projections": "ROW_NUMBER() OVER (PARTITION BY id ORDER BY creationdate DESC NULLS LAST)"
                                                                            },
                                                                            "cumulative_cardinality": 21602164,
                                                                            "operator_type": "WINDOW",
                                                                            "operator_cardinality": 1668164,
                                                                            "cumulative_rows_scanned": 11091938,
                                                                            "operator_rows_scanned": 0,
                                                                            "operator_timing": 1.2242492500000002,
                                                                            "result_set_size": 126780464,
                                                                            "children": [
                                                                                {
                                                                                    "operator_name": "HASH_GROUP_BY",
                                                                                    "cpu_time": 37.58605533500001,
                                                                                    "extra_info": {
                                                                                        "Groups": [
                                                                                            "#0",
                                                                                            "#1",
                                                                                            "#2",
                                                                                            "#3",
                                                                                            "#4"
                                                                                        ],
                                                                                        "Aggregates": "count(#5)",
                                                                                        "Estimated Cardinality": "3850116"
                                                                                    },
                                                                                    "cumulative_cardinality": 19934000,
                                                                                    "operator_type": "HASH_GROUP_BY",
                                                                                    "operator_cardinality": 1668164,
                                                                                    "cumulative_rows_scanned": 11091938,
                                                                                    "operator_rows_scanned": 0,
                                                                                    "operator_timing": 4.741072799000005,
                                                                                    "result_set_size": 113435152,
                                                                                    "children": [
                                                                                        {
                                                                                            "operator_name": "PROJECTION",
                                                                                            "cpu_time": 32.844982536,
                                                                                            "extra_info": {
                                                                                                "Projections": [
                                                                                                    "id",
                                                                                                    "title",
                                                                                                    "body",
                                                                                                    "tags",
                                                                                                    "creationdate",
                                                                                                    "id"
                                                                                                ],
                                                                                                "Estimated Cardinality": "7241822"
                                                                                            },
                                                                                            "cumulative_cardinality": 18265836,
                                                                                            "operator_type": "PROJECTION",
                                                                                            "operator_cardinality": 4677925,
                                                                                            "cumulative_rows_scanned": 11091938,
                                                                                            "operator_rows_scanned": 0,
                                                                                            "operator_timing": 0.002631786000000008,
                                                                                            "result_set_size": 299387200,
                                                                                            "children": [
                                                                                                {
                                                                                                    "operator_name": "HASH_JOIN",
                                                                                                    "cpu_time": 32.84235075,
                                                                                                    "extra_info": {
                                                                                                        "Join Type": "RIGHT",
                                                                                                        "Conditions": "postid = id",
                                                                                                        "Estimated Cardinality": "7241822"
                                                                                                    },
                                                                                                    "cumulative_cardinality": 13587911,
                                                                                                    "operator_type": "HASH_JOIN",
                                                                                                    "operator_cardinality": 4677925,
                                                                                                    "cumulative_rows_scanned": 11091938,
                                                                                                    "operator_rows_scanned": 0,
                                                                                                    "operator_timing": 1.2450186399999996,
                                                                                                    "result_set_size": 299387200,
                                                                                                    "children": [
                                                                                                        {
                                                                                                            "operator_name": "READ_PARQUET ",
                                                                                                            "cpu_time": 3.628121629999992,
                                                                                                            "extra_info": {
                                                                                                                "Function": "READ_PARQUET",
                                                                                                                "Projections": [
                                                                                                                    "id",
                                                                                                                    "postid"
                                                                                                                ],
                                                                                                                "Estimated Cardinality": "7241822"
                                                                                                            },
                                                                                                            "cumulative_cardinality": 7241822,
                                                                                                            "operator_type": "TABLE_SCAN",
                                                                                                            "operator_cardinality": 7241822,
                                                                                                            "cumulative_rows_scanned": 7241822,
                                                                                                            "operator_rows_scanned": 7241822,
                                                                                                            "operator_timing": 3.628121629999992,
                                                                                                            "result_set_size": 57934576,
                                                                                                            "children": []
                                                                                                        },
                                                                                                        {
                                                                                                            "operator_name": "READ_PARQUET ",
                                                                                                            "cpu_time": 27.96921048000001,
                                                                                                            "extra_info": {
                                                                                                                "Function": "READ_PARQUET",
                                                                                                                "Projections": [
                                                                                                                    "id",
                                                                                                                    "creationdate",
                                                                                                                    "body",
                                                                                                                    "title",
                                                                                                                    "tags"
                                                                                                                ],
                                                                                                                "Filters": "posttypeid=1",
                                                                                                                "Estimated Cardinality": "770023"
                                                                                                            },
                                                                                                            "cumulative_cardinality": 1668164,
                                                                                                            "operator_type": "TABLE_SCAN",
                                                                                                            "operator_cardinality": 1668164,
                                                                                                            "cumulative_rows_scanned": 3850116,
                                                                                                            "operator_rows_scanned": 3850116,
                                                                                                            "operator_timing": 27.96921048000001,
                                                                                                            "result_set_size": 100089840,
                                                                                                            "children": []
                                                                                                        }
                                                                                                    ]
                                                                                                }
                                                                                            ]
                                                                                        }
                                                                                    ]
                                                                                }
                                                                            ]
                                                                        }
                                                                    ]
                                                                }
                                                            ]
                                                        }
                                                    ]
                                                },
                                                {
                                                    "operator_name": "HASH_GROUP_BY",
                                                    "cpu_time": 0.8965262029999994,
                                                    "extra_info": {
                                                        "Groups": "#0",
                                                        "Aggregates": "count_star()",
                                                        "Estimated Cardinality": "1274409"
                                                    },
                                                    "cumulative_cardinality": 24745546,
                                                    "operator_type": "HASH_GROUP_BY",
                                                    "operator_cardinality": 3489820,
                                                    "cumulative_rows_scanned": 12744093,
                                                    "operator_rows_scanned": 0,
                                                    "operator_timing": 0.5303816149999994,
                                                    "result_set_size": 41877840,
                                                    "children": [
                                                        {
                                                            "operator_name": "PROJECTION",
                                                            "cpu_time": 0.366144588,
                                                            "extra_info": {
                                                                "Projections": "postid",
                                                                "Estimated Cardinality": "2548818"
                                                            },
                                                            "cumulative_cardinality": 21255726,
                                                            "operator_type": "PROJECTION",
                                                            "operator_cardinality": 10627863,
                                                            "cumulative_rows_scanned": 12744093,
                                                            "operator_rows_scanned": 0,
                                                            "operator_timing": 0.0008370480000000058,
                                                            "result_set_size": 42511452,
                                                            "children": [
                                                                {
                                                                    "operator_name": "READ_PARQUET ",
                                                                    "cpu_time": 0.36530754,
                                                                    "extra_info": {
                                                                        "Function": "READ_PARQUET",
                                                                        "Projections": [
                                                                            "id",
                                                                            "postid"
                                                                        ],
                                                                        "Filters": "votetypeid>=2 AND votetypeid<=3",
                                                                        "Estimated Cardinality": "2548818"
                                                                    },
                                                                    "cumulative_cardinality": 10627863,
                                                                    "operator_type": "TABLE_SCAN",
                                                                    "operator_cardinality": 10627863,
                                                                    "cumulative_rows_scanned": 12744093,
                                                                    "operator_rows_scanned": 12744093,
                                                                    "operator_timing": 0.36530754,
                                                                    "result_set_size": 85022904,
                                                                    "children": []
                                                                }
                                                            ]
                                                        }
                                                    ]
                                                }
                                            ]
                                        }
                                    ]
                                }
                            ]
                        }
                    ]
                }
            ]
        }
    ]
}