{
    "rows_returned": 52607,
    "query_name": "\nWITH UserStats AS (\n    SELECT \n        u.Id AS UserId,\n        u.DisplayName,\n        u.Reputation,\n        COUNT(DISTINCT p.Id) AS PostCount,\n        SUM(CASE WHEN p.PostTypeId = 1 THEN 1 ELSE 0 END) AS QuestionCount,\n        SUM(CASE WHEN p.PostTypeId = 2 THEN 1 ELSE 0 END) AS AnswerCount,\n        SUM(CASE WHEN p.PostTypeId = 3 THEN 1 ELSE 0 END) AS WikiCount,\n        MAX(u.CreationDate) AS AccountCreated\n    FROM \n        Users u\n    LEFT JOIN \n        Posts p ON u.Id = p.OwnerUserId\n    GROUP BY \n        u.Id, u.DisplayName, u.Reputation\n),\nTopQuestions AS (\n    SELECT \n        p.Id AS PostId,\n        p.Title,\n        p.CreationDate,\n        p.Score,\n        u.DisplayName AS OwnerDisplayName\n    FROM \n        Posts p\n    JOIN \n        Users u ON p.OwnerUserId = u.Id\n    WHERE \n        p.PostTypeId = 1\n    ORDER BY \n        p.Score DESC\n    LIMIT 5\n),\nRecentEdits AS (\n    SELECT \n        ph.PostId,\n        ph.UserDisplayName,\n        ph.CreationDate AS EditDate,\n        ph.Comment,\n        ph.Text\n    FROM \n        PostHistory ph\n    WHERE \n        ph.PostHistoryTypeId IN (4, 5, 6)\n    ORDER BY \n        ph.CreationDate DESC\n    LIMIT 10\n)\nSELECT \n    us.UserId,\n    us.DisplayName,\n    us.Reputation,\n    us.PostCount,\n    us.QuestionCount,\n    us.AnswerCount,\n    us.WikiCount,\n    us.AccountCreated,\n    tq.Title AS TopQuestionTitle,\n    tq.Score AS TopQuestionScore,\n    tq.OwnerDisplayName AS TopQuestionOwner,\n    re.UserDisplayName AS EditorDisplayName,\n    re.EditDate,\n    re.Comment AS EditComment,\n    re.Text AS EditedText\nFROM \n    UserStats us\nLEFT JOIN \n    TopQuestions tq ON us.QuestionCount > 0\nLEFT JOIN \n    RecentEdits re ON us.UserId = CAST(re.UserDisplayName AS int)\nWHERE \n    us.Reputation > 1000\nORDER BY \n    us.PostCount DESC, \n    us.Reputation DESC;\n",
    "blocked_thread_time": 0.0,
    "cpu_time": 26.59683648500009,
    "extra_info": {},
    "cumulative_cardinality": 24137207,
    "cumulative_rows_scanned": 22016896,
    "result_set_size": 9469260,
    "latency": 28.569625921,
    "children": [
        {
            "operator_name": "PROJECTION",
            "cpu_time": 26.59683648500009,
            "extra_info": {
                "Projections": [
                    "#0",
                    "#1",
                    "#2",
                    "#3",
                    "#4",
                    "#5",
                    "#6",
                    "#7",
                    "#8",
                    "__internal_decompress_integral_integer(#9, -72)",
                    "#10",
                    "#11",
                    "#12",
                    "#13",
                    "#14"
                ],
                "Estimated Cardinality": "1260710"
            },
            "cumulative_cardinality": 24137207,
            "operator_type": "PROJECTION",
            "operator_cardinality": 52607,
            "cumulative_rows_scanned": 22016896,
            "operator_rows_scanned": 0,
            "operator_timing": 0.000110017,
            "result_set_size": 9469260,
            "children": [
                {
                    "operator_name": "ORDER_BY",
                    "cpu_time": 26.59672646800009,
                    "extra_info": {
                        "Order By": [
                            "us.PostCount DESC",
                            "us.Reputation DESC"
                        ]
                    },
                    "cumulative_cardinality": 24084600,
                    "operator_type": "ORDER_BY",
                    "operator_cardinality": 52607,
                    "cumulative_rows_scanned": 22016896,
                    "operator_rows_scanned": 0,
                    "operator_timing": 0.01192607,
                    "result_set_size": 9364046,
                    "children": [
                        {
                            "operator_name": "PROJECTION",
                            "cpu_time": 26.584800398000088,
                            "extra_info": {
                                "Projections": [
                                    "#0",
                                    "#1",
                                    "#2",
                                    "#3",
                                    "#4",
                                    "#5",
                                    "#6",
                                    "#7",
                                    "#8",
                                    "__internal_compress_integral_usmallint(#9, -72)",
                                    "#10",
                                    "#11",
                                    "#12",
                                    "#13",
                                    "#14"
                                ],
                                "Estimated Cardinality": "1260710"
                            },
                            "cumulative_cardinality": 24031993,
                            "operator_type": "PROJECTION",
                            "operator_cardinality": 52607,
                            "cumulative_rows_scanned": 22016896,
                            "operator_rows_scanned": 0,
                            "operator_timing": 0.000057026,
                            "result_set_size": 9364046,
                            "children": [
                                {
                                    "operator_name": "HASH_JOIN",
                                    "cpu_time": 26.584743372000087,
                                    "extra_info": {
                                        "Join Type": "LEFT",
                                        "Conditions": "UserId = CAST(userdisplayname AS INTEGER)",
                                        "Estimated Cardinality": "1260710"
                                    },
                                    "cumulative_cardinality": 23979386,
                                    "operator_type": "HASH_JOIN",
                                    "operator_cardinality": 52607,
                                    "cumulative_rows_scanned": 22016896,
                                    "operator_rows_scanned": 0,
                                    "operator_timing": 0.000140582,
                                    "result_set_size": 9469260,
                                    "children": [
                                        {
                                            "operator_name": "BLOCKWISE_NL_JOIN",
                                            "cpu_time": 6.953148665999996,
                                            "extra_info": {
                                                "Join Type": "LEFT",
                                                "Condition": "(QuestionCount > 0)"
                                            },
                                            "cumulative_cardinality": 16257409,
                                            "operator_type": "BLOCKWISE_NL_JOIN",
                                            "operator_cardinality": 52607,
                                            "cumulative_rows_scanned": 10221652,
                                            "operator_rows_scanned": 0,
                                            "operator_timing": 0.0006708260000000003,
                                            "result_set_size": 6523268,
                                            "children": [
                                                {
                                                    "operator_name": "HASH_GROUP_BY",
                                                    "cpu_time": 2.866894033,
                                                    "extra_info": {
                                                        "Groups": [
                                                            "#0",
                                                            "#1",
                                                            "#2"
                                                        ],
                                                        "Aggregates": [
                                                            "count(DISTINCT #3)",
                                                            "sum(#4)",
                                                            "sum(#5)",
                                                            "sum(#6)",
                                                            "max(#7)"
                                                        ],
                                                        "Estimated Cardinality": "1260710"
                                                    },
                                                    "cumulative_cardinality": 8498775,
                                                    "operator_type": "HASH_GROUP_BY",
                                                    "operator_cardinality": 11215,
                                                    "cumulative_rows_scanned": 5110826,
                                                    "operator_rows_scanned": 0,
                                                    "operator_timing": 0.7102522469999989,
                                                    "result_set_size": 986920,
                                                    "children": [
                                                        {
                                                            "operator_name": "PROJECTION",
                                                            "cpu_time": 2.156641786000001,
                                                            "extra_info": {
                                                                "Projections": [
                                                                    "id",
                                                                    "displayname",
                                                                    "reputation",
                                                                    "id",
                                                                    "CASE  WHEN ((posttypeid = 1)) THEN (1) ELSE 0 END",
                                                                    "CASE  WHEN ((posttypeid = 2)) THEN (1) ELSE 0 END",
                                                                    "CASE  WHEN ((posttypeid = 3)) THEN (1) ELSE 0 END",
                                                                    "creationdate"
                                                                ],
                                                                "Estimated Cardinality": "3850116"
                                                            },
                                                            "cumulative_cardinality": 8487560,
                                                            "operator_type": "PROJECTION",
                                                            "operator_cardinality": 2396486,
                                                            "cumulative_rows_scanned": 5110826,
                                                            "operator_rows_scanned": 0,
                                                            "operator_timing": 0.05822570100000005,
                                                            "result_set_size": 115031328,
                                                            "children": [
                                                                {
                                                                    "operator_name": "HASH_JOIN",
                                                                    "cpu_time": 2.098416085000001,
                                                                    "extra_info": {
                                                                        "Join Type": "RIGHT",
                                                                        "Conditions": "owneruserid = id",
                                                                        "Estimated Cardinality": "3850116"
                                                                    },
                                                                    "cumulative_cardinality": 6091074,
                                                                    "operator_type": "HASH_JOIN",
                                                                    "operator_cardinality": 2396486,
                                                                    "cumulative_rows_scanned": 5110826,
                                                                    "operator_rows_scanned": 0,
                                                                    "operator_timing": 0.19215133099999937,
                                                                    "result_set_size": 91066468,
                                                                    "children": [
                                                                        {
                                                                            "operator_name": "READ_PARQUET ",
                                                                            "cpu_time": 1.0349427100000022,
                                                                            "extra_info": {
                                                                                "Function": "READ_PARQUET",
                                                                                "Projections": [
                                                                                    "id",
                                                                                    "posttypeid",
                                                                                    "owneruserid"
                                                                                ],
                                                                                "Estimated Cardinality": "3850116"
                                                                            },
                                                                            "cumulative_cardinality": 3683373,
                                                                            "operator_type": "TABLE_SCAN",
                                                                            "operator_cardinality": 3683373,
                                                                            "cumulative_rows_scanned": 3850116,
                                                                            "operator_rows_scanned": 3850116,
                                                                            "operator_timing": 1.0349427100000022,
                                                                            "result_set_size": 36833730,
                                                                            "children": []
                                                                        },
                                                                        {
                                                                            "operator_name": "READ_PARQUET ",
                                                                            "cpu_time": 0.8713220439999997,
                                                                            "extra_info": {
                                                                                "Function": "READ_PARQUET",
                                                                                "Projections": [
                                                                                    "id",
                                                                                    "reputation",
                                                                                    "creationdate",
                                                                                    "displayname"
                                                                                ],
                                                                                "Filters": "reputation>1000",
                                                                                "Estimated Cardinality": "252142"
                                                                            },
                                                                            "cumulative_cardinality": 11215,
                                                                            "operator_type": "TABLE_SCAN",
                                                                            "operator_cardinality": 11215,
                                                                            "cumulative_rows_scanned": 1260710,
                                                                            "operator_rows_scanned": 1260710,
                                                                            "operator_timing": 0.8713220439999997,
                                                                            "result_set_size": 358880,
                                                                            "children": []
                                                                        }
                                                                    ]
                                                                }
                                                            ]
                                                        }
                                                    ]
                                                },
                                                {
                                                    "operator_name": "STREAMING_LIMIT",
                                                    "cpu_time": 4.085583806999996,
                                                    "extra_info": {},
                                                    "cumulative_cardinality": 7706027,
                                                    "operator_type": "STREAMING_LIMIT",
                                                    "operator_cardinality": 5,
                                                    "cumulative_rows_scanned": 5110826,
                                                    "operator_rows_scanned": 0,
                                                    "operator_timing": 0.000002295,
                                                    "result_set_size": 180,
                                                    "children": [
                                                        {
                                                            "operator_name": "PROJECTION",
                                                            "cpu_time": 4.0855815119999965,
                                                            "extra_info": {
                                                                "Projections": [
                                                                    "#0",
                                                                    "__internal_decompress_integral_integer(#1, -72)",
                                                                    "#2"
                                                                ],
                                                                "Estimated Cardinality": "770023"
                                                            },
                                                            "cumulative_cardinality": 7706022,
                                                            "operator_type": "PROJECTION",
                                                            "operator_cardinality": 4096,
                                                            "cumulative_rows_scanned": 5110826,
                                                            "operator_rows_scanned": 0,
                                                            "operator_timing": 0.000011241,
                                                            "result_set_size": 147456,
                                                            "children": [
                                                                {
                                                                    "operator_name": "ORDER_BY",
                                                                    "cpu_time": 4.085570270999996,
                                                                    "extra_info": {
                                                                        "Order By": "p.Score DESC"
                                                                    },
                                                                    "cumulative_cardinality": 7701926,
                                                                    "operator_type": "ORDER_BY",
                                                                    "operator_cardinality": 4096,
                                                                    "cumulative_rows_scanned": 5110826,
                                                                    "operator_rows_scanned": 0,
                                                                    "operator_timing": 0.22977957400000001,
                                                                    "result_set_size": 139264,
                                                                    "children": [
                                                                        {
                                                                            "operator_name": "PROJECTION",
                                                                            "cpu_time": 3.855790696999996,
                                                                            "extra_info": {
                                                                                "Projections": [
                                                                                    "#0",
                                                                                    "__internal_compress_integral_usmallint(#1, -72)",
                                                                                    "#2"
                                                                                ],
                                                                                "Estimated Cardinality": "770023"
                                                                            },
                                                                            "cumulative_cardinality": 7697830,
                                                                            "operator_type": "PROJECTION",
                                                                            "operator_cardinality": 1589663,
                                                                            "cumulative_rows_scanned": 5110826,
                                                                            "operator_rows_scanned": 0,
                                                                            "operator_timing": 0.0016172279999999996,
                                                                            "result_set_size": 54048542,
                                                                            "children": [
                                                                                {
                                                                                    "operator_name": "PROJECTION",
                                                                                    "cpu_time": 3.854173468999996,
                                                                                    "extra_info": {
                                                                                        "Projections": [
                                                                                            "title",
                                                                                            "score",
                                                                                            "OwnerDisplayName"
                                                                                        ],
                                                                                        "Estimated Cardinality": "770023"
                                                                                    },
                                                                                    "cumulative_cardinality": 6108167,
                                                                                    "operator_type": "PROJECTION",
                                                                                    "operator_cardinality": 1589663,
                                                                                    "cumulative_rows_scanned": 5110826,
                                                                                    "operator_rows_scanned": 0,
                                                                                    "operator_timing": 0.0006006730000000001,
                                                                                    "result_set_size": 57227868,
                                                                                    "children": [
                                                                                        {
                                                                                            "operator_name": "HASH_JOIN",
                                                                                            "cpu_time": 3.853572795999996,
                                                                                            "extra_info": {
                                                                                                "Join Type": "INNER",
                                                                                                "Conditions": "id = owneruserid",
                                                                                                "Estimated Cardinality": "770023"
                                                                                            },
                                                                                            "cumulative_cardinality": 4518504,
                                                                                            "operator_type": "HASH_JOIN",
                                                                                            "operator_cardinality": 1589663,
                                                                                            "cumulative_rows_scanned": 5110826,
                                                                                            "operator_rows_scanned": 0,
                                                                                            "operator_timing": 0.4157182119999998,
                                                                                            "result_set_size": 57227868,
                                                                                            "children": [
                                                                                                {
                                                                                                    "operator_name": "READ_PARQUET ",
                                                                                                    "cpu_time": 0.1759454559999999,
                                                                                                    "extra_info": {
                                                                                                        "Function": "READ_PARQUET",
                                                                                                        "Projections": [
                                                                                                            "id",
                                                                                                            "displayname"
                                                                                                        ],
                                                                                                        "Filters": "id<=1416539",
                                                                                                        "Estimated Cardinality": "1260710"
                                                                                                    },
                                                                                                    "cumulative_cardinality": 1260677,
                                                                                                    "operator_type": "TABLE_SCAN",
                                                                                                    "operator_cardinality": 1260677,
                                                                                                    "cumulative_rows_scanned": 1260710,
                                                                                                    "operator_rows_scanned": 1260710,
                                                                                                    "operator_timing": 0.1759454559999999,
                                                                                                    "result_set_size": 25213540,
                                                                                                    "children": []
                                                                                                },
                                                                                                {
                                                                                                    "operator_name": "READ_PARQUET ",
                                                                                                    "cpu_time": 3.261909127999996,
                                                                                                    "extra_info": {
                                                                                                        "Function": "READ_PARQUET",
                                                                                                        "Projections": [
                                                                                                            "score",
                                                                                                            "owneruserid",
                                                                                                            "title"
                                                                                                        ],
                                                                                                        "Filters": "posttypeid=1",
                                                                                                        "Estimated Cardinality": "770023"
                                                                                                    },
                                                                                                    "cumulative_cardinality": 1668164,
                                                                                                    "operator_type": "TABLE_SCAN",
                                                                                                    "operator_cardinality": 1668164,
                                                                                                    "cumulative_rows_scanned": 3850116,
                                                                                                    "operator_rows_scanned": 3850116,
                                                                                                    "operator_timing": 3.261909127999996,
                                                                                                    "result_set_size": 40035936,
                                                                                                    "children": []
                                                                                                }
                                                                                            ]
                                                                                        }
                                                                                    ]
                                                                                }
                                                                            ]
                                                                        }
                                                                    ]
                                                                }
                                                            ]
                                                        }
                                                    ]
                                                }
                                            ]
                                        },
                                        {
                                            "operator_name": "STREAMING_LIMIT",
                                            "cpu_time": 19.63145412400009,
                                            "extra_info": {},
                                            "cumulative_cardinality": 7669370,
                                            "operator_type": "STREAMING_LIMIT",
                                            "operator_cardinality": 10,
                                            "cumulative_rows_scanned": 11795244,
                                            "operator_rows_scanned": 0,
                                            "operator_timing": 0.0000023249999999999998,
                                            "result_set_size": 560,
                                            "children": [
                                                {
                                                    "operator_name": "ORDER_BY",
                                                    "cpu_time": 19.63145179900009,
                                                    "extra_info": {
                                                        "Order By": "ph.CreationDate DESC"
                                                    },
                                                    "cumulative_cardinality": 7669360,
                                                    "operator_type": "ORDER_BY",
                                                    "operator_cardinality": 4096,
                                                    "cumulative_rows_scanned": 11795244,
                                                    "operator_rows_scanned": 0,
                                                    "operator_timing": 1.249071457000002,
                                                    "result_set_size": 229376,
                                                    "children": [
                                                        {
                                                            "operator_name": "PROJECTION",
                                                            "cpu_time": 18.382380342000086,
                                                            "extra_info": {
                                                                "Projections": [
                                                                    "userdisplayname",
                                                                    "EditDate",
                                                                    "comment",
                                                                    "text"
                                                                ],
                                                                "Estimated Cardinality": "2359048"
                                                            },
                                                            "cumulative_cardinality": 7665264,
                                                            "operator_type": "PROJECTION",
                                                            "operator_cardinality": 3832632,
                                                            "cumulative_rows_scanned": 11795244,
                                                            "operator_rows_scanned": 0,
                                                            "operator_timing": 0.003153612000000014,
                                                            "result_set_size": 214627392,
                                                            "children": [
                                                                {
                                                                    "operator_name": "READ_PARQUET ",
                                                                    "cpu_time": 18.379226730000088,
                                                                    "extra_info": {
                                                                        "Function": "READ_PARQUET",
                                                                        "Projections": [
                                                                            "creationdate",
                                                                            "userdisplayname",
                                                                            "comment",
                                                                            "text"
                                                                        ],
                                                                        "Filters": "posthistorytypeid>=4 AND posthistorytypeid<=6",
                                                                        "Estimated Cardinality": "2359048"
                                                                    },
                                                                    "cumulative_cardinality": 3832632,
                                                                    "operator_type": "TABLE_SCAN",
                                                                    "operator_cardinality": 3832632,
                                                                    "cumulative_rows_scanned": 11795244,
                                                                    "operator_rows_scanned": 11795244,
                                                                    "operator_timing": 18.379226730000088,
                                                                    "result_set_size": 214627392,
                                                                    "children": []
                                                                }
                                                            ]
                                                        }
                                                    ]
                                                }
                                            ]
                                        }
                                    ]
                                }
                            ]
                        }
                    ]
                }
            ]
        }
    ]
}