{
    "rows_returned": 11424,
    "query_name": "WITH TagStats AS (\n    SELECT \n        T.TagName,\n        COUNT(DISTINCT P.Id) AS PostCount,\n        SUM(CASE WHEN P.ViewCount > 1000 THEN 1 ELSE 0 END) AS PopularPostsCount,\n        AVG(U.Reputation) AS AverageUserReputation\n    FROM \n        Tags T\n    LEFT JOIN \n        Posts P ON P.Tags LIKE '%' || T.TagName || '%'\n    LEFT JOIN \n        Users U ON P.OwnerUserId = U.Id\n    GROUP BY \n        T.TagName\n),\nPopularTags AS (\n    SELECT \n        TagName\n    FROM \n        TagStats\n    WHERE \n        PopularPostsCount > 5\n),\nMostActiveUsers AS (\n    SELECT \n        U.DisplayName,\n        COUNT(P.Id) AS PostCount,\n        SUM(COALESCE(P.ViewCount, 0)) AS TotalViews,\n        AVG(P.Score) AS AveragePostScore\n    FROM \n        Users U\n    JOIN \n        Posts P ON P.OwnerUserId = U.Id\n    WHERE \n        U.Reputation > 1000\n    GROUP BY \n        U.DisplayName\n    ORDER BY \n        PostCount DESC\n    LIMIT 10\n),\nCombinedStats AS (\n    SELECT \n        PT.TagName,\n        AU.DisplayName,\n        AU.PostCount,\n        AU.TotalViews,\n        AU.AveragePostScore,\n        TS.AverageUserReputation\n    FROM \n        PopularTags PT\n    JOIN \n        TagStats TS ON PT.TagName = TS.TagName\n    JOIN \n        MostActiveUsers AU ON AU.TotalViews > 10000\n)\n\nSELECT \n    CT.TagName,\n    CT.DisplayName,\n    CT.PostCount,\n    CT.TotalViews,\n    CT.AveragePostScore,\n    CT.AverageUserReputation\nFROM \n    CombinedStats CT\nORDER BY \n    CT.AveragePostScore DESC, CT.TotalViews DESC;\n",
    "blocked_thread_time": 0.0,
    "cpu_time": 530.3458925729856,
    "extra_info": {},
    "cumulative_cardinality": 29077621,
    "cumulative_rows_scanned": 10223628,
    "result_set_size": 822528,
    "latency": 541.174036822,
    "children": [
        {
            "operator_name": "ORDER_BY",
            "cpu_time": 530.3458925729856,
            "extra_info": {
                "Order By": [
                    "CT.AveragePostScore DESC",
                    "CT.TotalViews DESC"
                ]
            },
            "cumulative_cardinality": 29077621,
            "operator_type": "ORDER_BY",
            "operator_cardinality": 11424,
            "cumulative_rows_scanned": 10223628,
            "operator_rows_scanned": 0,
            "operator_timing": 0.001019634,
            "result_set_size": 822528,
            "children": [
                {
                    "operator_name": "PROJECTION",
                    "cpu_time": 530.3448729389855,
                    "extra_info": {
                        "Projections": [
                            "tagname",
                            "displayname",
                            "PostCount",
                            "TotalViews",
                            "AveragePostScore",
                            "AverageUserReputation"
                        ],
                        "Estimated Cardinality": "1976"
                    },
                    "cumulative_cardinality": 29066197,
                    "operator_type": "PROJECTION",
                    "operator_cardinality": 11424,
                    "cumulative_rows_scanned": 10223628,
                    "operator_rows_scanned": 0,
                    "operator_timing": 0.0000029649999999999996,
                    "result_set_size": 822528,
                    "children": [
                        {
                            "operator_name": "CTE",
                            "cpu_time": 530.3448699739855,
                            "extra_info": {
                                "CTE Name": "TagStats",
                                "Table Index": "0"
                            },
                            "cumulative_cardinality": 29054773,
                            "operator_type": "CTE",
                            "operator_cardinality": 0,
                            "cumulative_rows_scanned": 10223628,
                            "operator_rows_scanned": 0,
                            "operator_timing": 0.000035146,
                            "result_set_size": 0,
                            "children": [
                                {
                                    "operator_name": "HASH_GROUP_BY",
                                    "cpu_time": 528.8435354149856,
                                    "extra_info": {
                                        "Groups": "#0",
                                        "Aggregates": [
                                            "count(DISTINCT #1)",
                                            "sum(#2)",
                                            "avg(#3)"
                                        ],
                                        "Estimated Cardinality": "1976"
                                    },
                                    "cumulative_cardinality": 20521668,
                                    "operator_type": "HASH_GROUP_BY",
                                    "operator_cardinality": 1976,
                                    "cumulative_rows_scanned": 5112802,
                                    "operator_rows_scanned": 0,
                                    "operator_timing": 1.1232760850000008,
                                    "result_set_size": 94848,
                                    "children": [
                                        {
                                            "operator_name": "PROJECTION",
                                            "cpu_time": 527.7202593299855,
                                            "extra_info": {
                                                "Projections": [
                                                    "tagname",
                                                    "id",
                                                    "CASE  WHEN ((viewcount > 1000)) THEN (1) ELSE 0 END",
                                                    "reputation"
                                                ],
                                                "Estimated Cardinality": "3850116"
                                            },
                                            "cumulative_cardinality": 20519692,
                                            "operator_type": "PROJECTION",
                                            "operator_cardinality": 5135630,
                                            "cumulative_rows_scanned": 5112802,
                                            "operator_rows_scanned": 0,
                                            "operator_timing": 0.04186987899999975,
                                            "result_set_size": 143797640,
                                            "children": [
                                                {
                                                    "operator_name": "HASH_JOIN",
                                                    "cpu_time": 527.6783894509855,
                                                    "extra_info": {
                                                        "Join Type": "LEFT",
                                                        "Conditions": "owneruserid = id",
                                                        "Estimated Cardinality": "3850116"
                                                    },
                                                    "cumulative_cardinality": 15384062,
                                                    "operator_type": "HASH_JOIN",
                                                    "operator_cardinality": 5135630,
                                                    "cumulative_rows_scanned": 5112802,
                                                    "operator_rows_scanned": 0,
                                                    "operator_timing": 0.4595138279999971,
                                                    "result_set_size": 143797640,
                                                    "children": [
                                                        {
                                                            "operator_name": "BLOCKWISE_NL_JOIN",
                                                            "cpu_time": 526.6225502539854,
                                                            "extra_info": {
                                                                "Join Type": "RIGHT",
                                                                "Condition": "(tags ~~ (('%' || tagname) || '%'))"
                                                            },
                                                            "cumulative_cardinality": 8987722,
                                                            "operator_type": "BLOCKWISE_NL_JOIN",
                                                            "operator_cardinality": 5135630,
                                                            "cumulative_rows_scanned": 3852092,
                                                            "operator_rows_scanned": 0,
                                                            "operator_timing": 523.7347304779854,
                                                            "result_set_size": 225967720,
                                                            "children": [
                                                                {
                                                                    "operator_name": "READ_PARQUET ",
                                                                    "cpu_time": 2.8873043529999984,
                                                                    "extra_info": {
                                                                        "Function": "READ_PARQUET",
                                                                        "Projections": [
                                                                            "id",
                                                                            "viewcount",
                                                                            "owneruserid",
                                                                            "tags"
                                                                        ],
                                                                        "Estimated Cardinality": "3850116"
                                                                    },
                                                                    "cumulative_cardinality": 3850116,
                                                                    "operator_type": "TABLE_SCAN",
                                                                    "operator_cardinality": 3850116,
                                                                    "cumulative_rows_scanned": 3850116,
                                                                    "operator_rows_scanned": 3850116,
                                                                    "operator_timing": 2.8873043529999984,
                                                                    "result_set_size": 107803248,
                                                                    "children": []
                                                                },
                                                                {
                                                                    "operator_name": "READ_PARQUET ",
                                                                    "cpu_time": 0.000515423,
                                                                    "extra_info": {
                                                                        "Function": "READ_PARQUET",
                                                                        "Projections": "tagname",
                                                                        "Estimated Cardinality": "1976"
                                                                    },
                                                                    "cumulative_cardinality": 1976,
                                                                    "operator_type": "TABLE_SCAN",
                                                                    "operator_cardinality": 1976,
                                                                    "cumulative_rows_scanned": 1976,
                                                                    "operator_rows_scanned": 1976,
                                                                    "operator_timing": 0.000515423,
                                                                    "result_set_size": 31616,
                                                                    "children": []
                                                                }
                                                            ]
                                                        },
                                                        {
                                                            "operator_name": "READ_PARQUET ",
                                                            "cpu_time": 0.5963253690000004,
                                                            "extra_info": {
                                                                "Function": "READ_PARQUET",
                                                                "Projections": [
                                                                    "id",
                                                                    "reputation"
                                                                ],
                                                                "Estimated Cardinality": "1260710"
                                                            },
                                                            "cumulative_cardinality": 1260710,
                                                            "operator_type": "TABLE_SCAN",
                                                            "operator_cardinality": 1260710,
                                                            "cumulative_rows_scanned": 1260710,
                                                            "operator_rows_scanned": 1260710,
                                                            "operator_timing": 0.5963253690000004,
                                                            "result_set_size": 10085680,
                                                            "children": []
                                                        }
                                                    ]
                                                }
                                            ]
                                        }
                                    ]
                                },
                                {
                                    "operator_name": "CROSS_PRODUCT",
                                    "cpu_time": 1.501299413000001,
                                    "extra_info": {},
                                    "cumulative_cardinality": 8533105,
                                    "operator_type": "CROSS_PRODUCT",
                                    "operator_cardinality": 11424,
                                    "cumulative_rows_scanned": 5110826,
                                    "operator_rows_scanned": 0,
                                    "operator_timing": 0.000076515,
                                    "result_set_size": 1279488,
                                    "children": [
                                        {
                                            "operator_name": "HASH_JOIN",
                                            "cpu_time": 0.00045882599999999996,
                                            "extra_info": {
                                                "Join Type": "INNER",
                                                "Conditions": "tagname = tagname",
                                                "Estimated Cardinality": "1976"
                                            },
                                            "cumulative_cardinality": 8236,
                                            "operator_type": "HASH_JOIN",
                                            "operator_cardinality": 1428,
                                            "cumulative_rows_scanned": 0,
                                            "operator_rows_scanned": 0,
                                            "operator_timing": 0.00037963799999999996,
                                            "result_set_size": 91392,
                                            "children": [
                                                {
                                                    "operator_name": "CTE_SCAN",
                                                    "cpu_time": 0.000012193,
                                                    "extra_info": {
                                                        "CTE Index": "0",
                                                        "Estimated Cardinality": "1976"
                                                    },
                                                    "cumulative_cardinality": 1976,
                                                    "operator_type": "CTE_SCAN",
                                                    "operator_cardinality": 1976,
                                                    "cumulative_rows_scanned": 0,
                                                    "operator_rows_scanned": 0,
                                                    "operator_timing": 0.000012193,
                                                    "result_set_size": 94848,
                                                    "children": []
                                                },
                                                {
                                                    "operator_name": "PROJECTION",
                                                    "cpu_time": 0.00006699499999999999,
                                                    "extra_info": {
                                                        "Projections": "#0",
                                                        "Estimated Cardinality": "1976"
                                                    },
                                                    "cumulative_cardinality": 4832,
                                                    "operator_type": "PROJECTION",
                                                    "operator_cardinality": 1428,
                                                    "cumulative_rows_scanned": 0,
                                                    "operator_rows_scanned": 0,
                                                    "operator_timing": 3.81e-7,
                                                    "result_set_size": 22848,
                                                    "children": [
                                                        {
                                                            "operator_name": "FILTER",
                                                            "cpu_time": 0.000066614,
                                                            "extra_info": {
                                                                "Expression": "(PopularPostsCount > 5)",
                                                                "Estimated Cardinality": "1976"
                                                            },
                                                            "cumulative_cardinality": 3404,
                                                            "operator_type": "FILTER",
                                                            "operator_cardinality": 1428,
                                                            "cumulative_rows_scanned": 0,
                                                            "operator_rows_scanned": 0,
                                                            "operator_timing": 0.000005179,
                                                            "result_set_size": 68544,
                                                            "children": [
                                                                {
                                                                    "operator_name": "CTE_SCAN",
                                                                    "cpu_time": 0.000061435,
                                                                    "extra_info": {
                                                                        "CTE Index": "0",
                                                                        "Estimated Cardinality": "1976"
                                                                    },
                                                                    "cumulative_cardinality": 1976,
                                                                    "operator_type": "CTE_SCAN",
                                                                    "operator_cardinality": 1976,
                                                                    "cumulative_rows_scanned": 0,
                                                                    "operator_rows_scanned": 0,
                                                                    "operator_timing": 0.000061435,
                                                                    "result_set_size": 94848,
                                                                    "children": []
                                                                }
                                                            ]
                                                        }
                                                    ]
                                                }
                                            ]
                                        },
                                        {
                                            "operator_name": "FILTER",
                                            "cpu_time": 1.500764072000001,
                                            "extra_info": {
                                                "Expression": "(TotalViews > 10000)",
                                                "Estimated Cardinality": "10"
                                            },
                                            "cumulative_cardinality": 8513445,
                                            "operator_type": "FILTER",
                                            "operator_cardinality": 8,
                                            "cumulative_rows_scanned": 5110826,
                                            "operator_rows_scanned": 0,
                                            "operator_timing": 0.00001065,
                                            "result_set_size": 384,
                                            "children": [
                                                {
                                                    "operator_name": "STREAMING_LIMIT",
                                                    "cpu_time": 1.5007534220000012,
                                                    "extra_info": {},
                                                    "cumulative_cardinality": 8513437,
                                                    "operator_type": "STREAMING_LIMIT",
                                                    "operator_cardinality": 10,
                                                    "cumulative_rows_scanned": 5110826,
                                                    "operator_rows_scanned": 0,
                                                    "operator_timing": 0.000001583,
                                                    "result_set_size": 480,
                                                    "children": [
                                                        {
                                                            "operator_name": "ORDER_BY",
                                                            "cpu_time": 1.5007518390000012,
                                                            "extra_info": {
                                                                "Order By": "count(P.Id) DESC"
                                                            },
                                                            "cumulative_cardinality": 8513427,
                                                            "operator_type": "ORDER_BY",
                                                            "operator_cardinality": 4096,
                                                            "cumulative_rows_scanned": 5110826,
                                                            "operator_rows_scanned": 0,
                                                            "operator_timing": 0.000428882,
                                                            "result_set_size": 196608,
                                                            "children": [
                                                                {
                                                                    "operator_name": "HASH_GROUP_BY",
                                                                    "cpu_time": 1.5003229570000012,
                                                                    "extra_info": {
                                                                        "Groups": "#0",
                                                                        "Aggregates": [
                                                                            "count_star()",
                                                                            "sum(#1)",
                                                                            "avg(#2)"
                                                                        ],
                                                                        "Estimated Cardinality": "385011"
                                                                    },
                                                                    "cumulative_cardinality": 8509331,
                                                                    "operator_type": "HASH_GROUP_BY",
                                                                    "operator_cardinality": 10558,
                                                                    "cumulative_rows_scanned": 5110826,
                                                                    "operator_rows_scanned": 0,
                                                                    "operator_timing": 0.08651256300000028,
                                                                    "result_set_size": 506784,
                                                                    "children": [
                                                                        {
                                                                            "operator_name": "PROJECTION",
                                                                            "cpu_time": 1.4138103940000009,
                                                                            "extra_info": {
                                                                                "Projections": [
                                                                                    "displayname",
                                                                                    "COALESCE(viewcount, 0)",
                                                                                    "score"
                                                                                ],
                                                                                "Estimated Cardinality": "770023"
                                                                            },
                                                                            "cumulative_cardinality": 8498773,
                                                                            "operator_type": "PROJECTION",
                                                                            "operator_cardinality": 2396485,
                                                                            "cumulative_rows_scanned": 5110826,
                                                                            "operator_rows_scanned": 0,
                                                                            "operator_timing": 0.022802478000000032,
                                                                            "result_set_size": 57515640,
                                                                            "children": [
                                                                                {
                                                                                    "operator_name": "HASH_JOIN",
                                                                                    "cpu_time": 1.3910079160000008,
                                                                                    "extra_info": {
                                                                                        "Join Type": "INNER",
                                                                                        "Conditions": "owneruserid = id",
                                                                                        "Estimated Cardinality": "770023"
                                                                                    },
                                                                                    "cumulative_cardinality": 6102288,
                                                                                    "operator_type": "HASH_JOIN",
                                                                                    "operator_cardinality": 2396485,
                                                                                    "cumulative_rows_scanned": 5110826,
                                                                                    "operator_rows_scanned": 0,
                                                                                    "operator_timing": 0.08185492700000009,
                                                                                    "result_set_size": 57515640,
                                                                                    "children": [
                                                                                        {
                                                                                            "operator_name": "READ_PARQUET ",
                                                                                            "cpu_time": 0.1406480490000003,
                                                                                            "extra_info": {
                                                                                                "Function": "READ_PARQUET",
                                                                                                "Projections": [
                                                                                                    "id",
                                                                                                    "score",
                                                                                                    "viewcount",
                                                                                                    "owneruserid"
                                                                                                ],
                                                                                                "Estimated Cardinality": "3850116"
                                                                                            },
                                                                                            "cumulative_cardinality": 3683373,
                                                                                            "operator_type": "TABLE_SCAN",
                                                                                            "operator_cardinality": 3683373,
                                                                                            "cumulative_rows_scanned": 3850116,
                                                                                            "operator_rows_scanned": 3850116,
                                                                                            "operator_timing": 0.1406480490000003,
                                                                                            "result_set_size": 58933968,
                                                                                            "children": []
                                                                                        },
                                                                                        {
                                                                                            "operator_name": "FILTER",
                                                                                            "cpu_time": 1.1685049400000005,
                                                                                            "extra_info": {
                                                                                                "Expression": "(id <= 1416539)",
                                                                                                "Estimated Cardinality": "252142"
                                                                                            },
                                                                                            "cumulative_cardinality": 22430,
                                                                                            "operator_type": "FILTER",
                                                                                            "operator_cardinality": 11215,
                                                                                            "cumulative_rows_scanned": 1260710,
                                                                                            "operator_rows_scanned": 0,
                                                                                            "operator_timing": 0.0008061850000000003,
                                                                                            "result_set_size": 224300,
                                                                                            "children": [
                                                                                                {
                                                                                                    "operator_name": "READ_PARQUET ",
                                                                                                    "cpu_time": 1.1676987550000004,
                                                                                                    "extra_info": {
                                                                                                        "Function": "READ_PARQUET",
                                                                                                        "Projections": [
                                                                                                            "id",
                                                                                                            "displayname"
                                                                                                        ],
                                                                                                        "Filters": "reputation>1000",
                                                                                                        "Estimated Cardinality": "252142"
                                                                                                    },
                                                                                                    "cumulative_cardinality": 11215,
                                                                                                    "operator_type": "TABLE_SCAN",
                                                                                                    "operator_cardinality": 11215,
                                                                                                    "cumulative_rows_scanned": 1260710,
                                                                                                    "operator_rows_scanned": 1260710,
                                                                                                    "operator_timing": 1.1676987550000004,
                                                                                                    "result_set_size": 224300,
                                                                                                    "children": []
                                                                                                }
                                                                                            ]
                                                                                        }
                                                                                    ]
                                                                                }
                                                                            ]
                                                                        }
                                                                    ]
                                                                }
                                                            ]
                                                        }
                                                    ]
                                                }
                                            ]
                                        }
                                    ]
                                }
                            ]
                        }
                    ]
                }
            ]
        }
    ]
}