{
    "rows_returned": 100,
    "query_name": "WITH TagCount AS (\n    SELECT \n        Tags,\n        COUNT(*) AS PostCount\n    FROM \n        Posts\n    WHERE \n        PostTypeId = 1  \n    GROUP BY \n        Tags\n),\nUserReputation AS (\n    SELECT \n        U.Id AS UserId,\n        U.DisplayName,\n        U.Reputation,\n        COUNT(DISTINCT P.Id) AS QuestionCount,\n        SUM(CASE WHEN V.VoteTypeId = 2 THEN 1 ELSE 0 END) AS Upvotes,\n        SUM(CASE WHEN V.VoteTypeId = 3 THEN 1 ELSE 0 END) AS Downvotes\n    FROM \n        Users U\n    LEFT JOIN \n        Posts P ON U.Id = P.OwnerUserId AND P.PostTypeId = 1  \n    LEFT JOIN \n        Votes V ON P.Id = V.PostId\n    GROUP BY \n        U.Id, U.DisplayName, U.Reputation\n),\nPopularTags AS (\n    SELECT \n        SUBSTRING(Tags FROM 2 FOR LENGTH(Tags) - 2) AS TagList,\n        COUNT(*) AS UsageCount\n    FROM \n        Posts\n    WHERE \n        PostTypeId = 1\n    GROUP BY \n        Tags\n    ORDER BY \n        UsageCount DESC\n    LIMIT 10\n),\nPostDetails AS (\n    SELECT \n        P.Id AS PostId,\n        P.Title,\n        P.CreationDate,\n        U.DisplayName AS OwnerName,\n        U.Reputation AS OwnerReputation,\n        TC.PostCount AS TagPostCount,\n        URep.QuestionCount,\n        URep.Upvotes,\n        URep.Downvotes,\n        COALESCE(TC.PostCount, 0) AS TagUsage\n    FROM \n        Posts P\n    JOIN \n        Users U ON P.OwnerUserId = U.Id\n    LEFT JOIN \n        TagCount TC ON P.Tags = TC.Tags\n    LEFT JOIN \n        UserReputation URep ON U.Id = URep.UserId\n    WHERE \n        P.PostTypeId = 1\n)\nSELECT \n    PD.Title,\n    PD.CreationDate,\n    PD.OwnerName,\n    PD.OwnerReputation,\n    PD.QuestionCount,\n    PD.Upvotes,\n    PD.Downvotes,\n    PT.TagList,\n    PD.TagUsage\nFROM \n    PostDetails PD\nJOIN \n    PopularTags PT ON PD.TagPostCount > 0\nORDER BY \n    PD.CreationDate DESC\nLIMIT 100;",
    "blocked_thread_time": 0.0,
    "cpu_time": 11.177995278000003,
    "extra_info": {},
    "cumulative_cardinality": 80664369,
    "cumulative_rows_scanned": 30665977,
    "result_set_size": 10800,
    "latency": 14.818097323,
    "children": [
        {
            "operator_name": "STREAMING_LIMIT",
            "cpu_time": 11.177995278000003,
            "extra_info": {},
            "cumulative_cardinality": 80664369,
            "operator_type": "STREAMING_LIMIT",
            "operator_cardinality": 100,
            "cumulative_rows_scanned": 30665977,
            "operator_rows_scanned": 0,
            "operator_timing": 0.000002897,
            "result_set_size": 10800,
            "children": [
                {
                    "operator_name": "ORDER_BY",
                    "cpu_time": 11.177992381000003,
                    "extra_info": {
                        "Order By": "PD.CreationDate DESC"
                    },
                    "cumulative_cardinality": 80664269,
                    "operator_type": "ORDER_BY",
                    "operator_cardinality": 4096,
                    "cumulative_rows_scanned": 30665977,
                    "operator_rows_scanned": 0,
                    "operator_timing": 3.034942695999999,
                    "result_set_size": 442368,
                    "children": [
                        {
                            "operator_name": "PROJECTION",
                            "cpu_time": 8.143049685000003,
                            "extra_info": {
                                "Projections": [
                                    "title",
                                    "creationdate",
                                    "OwnerName",
                                    "OwnerReputation",
                                    "QuestionCount",
                                    "Upvotes",
                                    "Downvotes",
                                    "TagList",
                                    "TagUsage"
                                ],
                                "Estimated Cardinality": "12607100"
                            },
                            "cumulative_cardinality": 80660173,
                            "operator_type": "PROJECTION",
                            "operator_cardinality": 15896630,
                            "cumulative_rows_scanned": 30665977,
                            "operator_rows_scanned": 0,
                            "operator_timing": 0.004225138000000087,
                            "result_set_size": 1716836040,
                            "children": [
                                {
                                    "operator_name": "CROSS_PRODUCT",
                                    "cpu_time": 8.138824547000002,
                                    "extra_info": {},
                                    "cumulative_cardinality": 64763543,
                                    "operator_type": "CROSS_PRODUCT",
                                    "operator_cardinality": 15896630,
                                    "cumulative_rows_scanned": 30665977,
                                    "operator_rows_scanned": 0,
                                    "operator_timing": 0.014333587999999831,
                                    "result_set_size": 1844009080,
                                    "children": [
                                        {
                                            "operator_name": "PROJECTION",
                                            "cpu_time": 7.703956155000003,
                                            "extra_info": {
                                                "Projections": [
                                                    "title",
                                                    "creationdate",
                                                    "OwnerName",
                                                    "OwnerReputation",
                                                    "QuestionCount",
                                                    "Upvotes",
                                                    "Downvotes",
                                                    "TagUsage"
                                                ],
                                                "Estimated Cardinality": "1260710"
                                            },
                                            "cumulative_cardinality": 44719529,
                                            "operator_type": "PROJECTION",
                                            "operator_cardinality": 1589663,
                                            "cumulative_rows_scanned": 26815861,
                                            "operator_rows_scanned": 0,
                                            "operator_timing": 0.015536447000000026,
                                            "result_set_size": 146248996,
                                            "children": [
                                                {
                                                    "operator_name": "HASH_JOIN",
                                                    "cpu_time": 7.688419708000003,
                                                    "extra_info": {
                                                        "Join Type": "RIGHT",
                                                        "Conditions": "UserId = id",
                                                        "Estimated Cardinality": "1260710"
                                                    },
                                                    "cumulative_cardinality": 43129866,
                                                    "operator_type": "HASH_JOIN",
                                                    "operator_cardinality": 1589663,
                                                    "cumulative_rows_scanned": 26815861,
                                                    "operator_rows_scanned": 0,
                                                    "operator_timing": 0.3893912140000002,
                                                    "result_set_size": 146248996,
                                                    "children": [
                                                        {
                                                            "operator_name": "PROJECTION",
                                                            "cpu_time": 4.903949460000002,
                                                            "extra_info": {
                                                                "Projections": [
                                                                    "UserId",
                                                                    "QuestionCount",
                                                                    "Upvotes",
                                                                    "Downvotes"
                                                                ],
                                                                "Estimated Cardinality": "1260710"
                                                            },
                                                            "cumulative_cardinality": 31210257,
                                                            "operator_type": "PROJECTION",
                                                            "operator_cardinality": 1260710,
                                                            "cumulative_rows_scanned": 17854919,
                                                            "operator_rows_scanned": 0,
                                                            "operator_timing": 0.00032182900000000015,
                                                            "result_set_size": 55471240,
                                                            "children": [
                                                                {
                                                                    "operator_name": "HASH_GROUP_BY",
                                                                    "cpu_time": 4.903627631000003,
                                                                    "extra_info": {
                                                                        "Groups": [
                                                                            "#0",
                                                                            "#1",
                                                                            "#2"
                                                                        ],
                                                                        "Aggregates": [
                                                                            "count(DISTINCT #3)",
                                                                            "sum(#4)",
                                                                            "sum(#5)"
                                                                        ],
                                                                        "Estimated Cardinality": "1260710"
                                                                    },
                                                                    "cumulative_cardinality": 29949547,
                                                                    "operator_type": "HASH_GROUP_BY",
                                                                    "operator_cardinality": 1260710,
                                                                    "cumulative_rows_scanned": 17854919,
                                                                    "operator_rows_scanned": 0,
                                                                    "operator_timing": 1.752043012000001,
                                                                    "result_set_size": 80685440,
                                                                    "children": [
                                                                        {
                                                                            "operator_name": "PROJECTION",
                                                                            "cpu_time": 3.151584619000001,
                                                                            "extra_info": {
                                                                                "Projections": [
                                                                                    "id",
                                                                                    "displayname",
                                                                                    "reputation",
                                                                                    "id",
                                                                                    "CASE  WHEN ((votetypeid = 2)) THEN (1) ELSE 0 END",
                                                                                    "CASE  WHEN ((votetypeid = 3)) THEN (1) ELSE 0 END"
                                                                                ],
                                                                                "Estimated Cardinality": "12744093"
                                                                            },
                                                                            "cumulative_cardinality": 28688837,
                                                                            "operator_type": "PROJECTION",
                                                                            "operator_cardinality": 5247485,
                                                                            "cumulative_rows_scanned": 17854919,
                                                                            "operator_rows_scanned": 0,
                                                                            "operator_timing": 0.07730191499999993,
                                                                            "result_set_size": 188909460,
                                                                            "children": [
                                                                                {
                                                                                    "operator_name": "HASH_JOIN",
                                                                                    "cpu_time": 3.074282704000001,
                                                                                    "extra_info": {
                                                                                        "Join Type": "RIGHT",
                                                                                        "Conditions": "postid = id",
                                                                                        "Estimated Cardinality": "12744093"
                                                                                    },
                                                                                    "cumulative_cardinality": 23441352,
                                                                                    "operator_type": "HASH_JOIN",
                                                                                    "operator_cardinality": 5247485,
                                                                                    "cumulative_rows_scanned": 17854919,
                                                                                    "operator_rows_scanned": 0,
                                                                                    "operator_timing": 0.7635212529999986,
                                                                                    "result_set_size": 157424550,
                                                                                    "children": [
                                                                                        {
                                                                                            "operator_name": "READ_PARQUET ",
                                                                                            "cpu_time": 1.8882370810000024,
                                                                                            "extra_info": {
                                                                                                "Function": "READ_PARQUET",
                                                                                                "Projections": [
                                                                                                    "postid",
                                                                                                    "votetypeid"
                                                                                                ],
                                                                                                "Estimated Cardinality": "12744093"
                                                                                            },
                                                                                            "cumulative_cardinality": 12744093,
                                                                                            "operator_type": "TABLE_SCAN",
                                                                                            "operator_cardinality": 12744093,
                                                                                            "cumulative_rows_scanned": 12744093,
                                                                                            "operator_rows_scanned": 12744093,
                                                                                            "operator_timing": 1.8882370810000024,
                                                                                            "result_set_size": 76464558,
                                                                                            "children": []
                                                                                        },
                                                                                        {
                                                                                            "operator_name": "HASH_JOIN",
                                                                                            "cpu_time": 0.42252437,
                                                                                            "extra_info": {
                                                                                                "Join Type": "LEFT",
                                                                                                "Conditions": "id = owneruserid",
                                                                                                "Estimated Cardinality": "1260710"
                                                                                            },
                                                                                            "cumulative_cardinality": 5449774,
                                                                                            "operator_type": "HASH_JOIN",
                                                                                            "operator_cardinality": 2520900,
                                                                                            "cumulative_rows_scanned": 5110826,
                                                                                            "operator_rows_scanned": 0,
                                                                                            "operator_timing": 0.18150295200000005,
                                                                                            "result_set_size": 70585200,
                                                                                            "children": [
                                                                                                {
                                                                                                    "operator_name": "READ_PARQUET ",
                                                                                                    "cpu_time": 0.08756326,
                                                                                                    "extra_info": {
                                                                                                        "Function": "READ_PARQUET",
                                                                                                        "Projections": [
                                                                                                            "id",
                                                                                                            "reputation",
                                                                                                            "displayname"
                                                                                                        ],
                                                                                                        "Estimated Cardinality": "1260710"
                                                                                                    },
                                                                                                    "cumulative_cardinality": 1260710,
                                                                                                    "operator_type": "TABLE_SCAN",
                                                                                                    "operator_cardinality": 1260710,
                                                                                                    "cumulative_rows_scanned": 1260710,
                                                                                                    "operator_rows_scanned": 1260710,
                                                                                                    "operator_timing": 0.08756326,
                                                                                                    "result_set_size": 30257040,
                                                                                                    "children": []
                                                                                                },
                                                                                                {
                                                                                                    "operator_name": "READ_PARQUET ",
                                                                                                    "cpu_time": 0.15345815799999993,
                                                                                                    "extra_info": {
                                                                                                        "Function": "READ_PARQUET",
                                                                                                        "Projections": [
                                                                                                            "id",
                                                                                                            "owneruserid"
                                                                                                        ],
                                                                                                        "Filters": "posttypeid=1",
                                                                                                        "Estimated Cardinality": "770023"
                                                                                                    },
                                                                                                    "cumulative_cardinality": 1668164,
                                                                                                    "operator_type": "TABLE_SCAN",
                                                                                                    "operator_cardinality": 1668164,
                                                                                                    "cumulative_rows_scanned": 3850116,
                                                                                                    "operator_rows_scanned": 3850116,
                                                                                                    "operator_timing": 0.15345815799999993,
                                                                                                    "result_set_size": 13345312,
                                                                                                    "children": []
                                                                                                }
                                                                                            ]
                                                                                        }
                                                                                    ]
                                                                                }
                                                                            ]
                                                                        }
                                                                    ]
                                                                }
                                                            ]
                                                        },
                                                        {
                                                            "operator_name": "HASH_JOIN",
                                                            "cpu_time": 2.395079034,
                                                            "extra_info": {
                                                                "Join Type": "INNER",
                                                                "Conditions": "id = owneruserid",
                                                                "Estimated Cardinality": "15400"
                                                            },
                                                            "cumulative_cardinality": 10329946,
                                                            "operator_type": "HASH_JOIN",
                                                            "operator_cardinality": 1589663,
                                                            "cumulative_rows_scanned": 8960942,
                                                            "operator_rows_scanned": 0,
                                                            "operator_timing": 0.342131786,
                                                            "result_set_size": 89021128,
                                                            "children": [
                                                                {
                                                                    "operator_name": "READ_PARQUET ",
                                                                    "cpu_time": 0.14635869199999982,
                                                                    "extra_info": {
                                                                        "Function": "READ_PARQUET",
                                                                        "Projections": [
                                                                            "id",
                                                                            "reputation",
                                                                            "displayname"
                                                                        ],
                                                                        "Filters": "id<=1416539",
                                                                        "Estimated Cardinality": "1260710"
                                                                    },
                                                                    "cumulative_cardinality": 1260677,
                                                                    "operator_type": "TABLE_SCAN",
                                                                    "operator_cardinality": 1260677,
                                                                    "cumulative_rows_scanned": 1260710,
                                                                    "operator_rows_scanned": 1260710,
                                                                    "operator_timing": 0.14635869199999982,
                                                                    "result_set_size": 30256248,
                                                                    "children": []
                                                                },
                                                                {
                                                                    "operator_name": "HASH_JOIN",
                                                                    "cpu_time": 1.9065885560000002,
                                                                    "extra_info": {
                                                                        "Join Type": "INNER",
                                                                        "Conditions": "tags = tags",
                                                                        "Estimated Cardinality": "15400"
                                                                    },
                                                                    "cumulative_cardinality": 7479606,
                                                                    "operator_type": "HASH_JOIN",
                                                                    "operator_cardinality": 1668164,
                                                                    "cumulative_rows_scanned": 7700232,
                                                                    "operator_rows_scanned": 0,
                                                                    "operator_timing": 0.257405701,
                                                                    "result_set_size": 60053904,
                                                                    "children": [
                                                                        {
                                                                            "operator_name": "READ_PARQUET ",
                                                                            "cpu_time": 1.2695993930000005,
                                                                            "extra_info": {
                                                                                "Function": "READ_PARQUET",
                                                                                "Projections": [
                                                                                    "creationdate",
                                                                                    "owneruserid",
                                                                                    "title",
                                                                                    "tags"
                                                                                ],
                                                                                "Filters": "posttypeid=1",
                                                                                "Estimated Cardinality": "770023"
                                                                            },
                                                                            "cumulative_cardinality": 1668164,
                                                                            "operator_type": "TABLE_SCAN",
                                                                            "operator_cardinality": 1668164,
                                                                            "cumulative_rows_scanned": 3850116,
                                                                            "operator_rows_scanned": 3850116,
                                                                            "operator_timing": 1.2695993930000005,
                                                                            "result_set_size": 73399216,
                                                                            "children": []
                                                                        },
                                                                        {
                                                                            "operator_name": "FILTER",
                                                                            "cpu_time": 0.3795834619999998,
                                                                            "extra_info": {
                                                                                "Expression": "(PostCount > 0)",
                                                                                "Estimated Cardinality": "77002"
                                                                            },
                                                                            "cumulative_cardinality": 4143278,
                                                                            "operator_type": "FILTER",
                                                                            "operator_cardinality": 403475,
                                                                            "cumulative_rows_scanned": 3850116,
                                                                            "operator_rows_scanned": 0,
                                                                            "operator_timing": 0.0005180849999999996,
                                                                            "result_set_size": 9683400,
                                                                            "children": [
                                                                                {
                                                                                    "operator_name": "HASH_GROUP_BY",
                                                                                    "cpu_time": 0.3790653769999998,
                                                                                    "extra_info": {
                                                                                        "Groups": "#0",
                                                                                        "Aggregates": "count_star()",
                                                                                        "Estimated Cardinality": "385011"
                                                                                    },
                                                                                    "cumulative_cardinality": 3739803,
                                                                                    "operator_type": "HASH_GROUP_BY",
                                                                                    "operator_cardinality": 403475,
                                                                                    "cumulative_rows_scanned": 3850116,
                                                                                    "operator_rows_scanned": 0,
                                                                                    "operator_timing": 0.1191466969999999,
                                                                                    "result_set_size": 9683400,
                                                                                    "children": [
                                                                                        {
                                                                                            "operator_name": "PROJECTION",
                                                                                            "cpu_time": 0.2599186799999999,
                                                                                            "extra_info": {
                                                                                                "Projections": "tags",
                                                                                                "Estimated Cardinality": "770023"
                                                                                            },
                                                                                            "cumulative_cardinality": 3336328,
                                                                                            "operator_type": "PROJECTION",
                                                                                            "operator_cardinality": 1668164,
                                                                                            "cumulative_rows_scanned": 3850116,
                                                                                            "operator_rows_scanned": 0,
                                                                                            "operator_timing": 0.00031529000000000084,
                                                                                            "result_set_size": 26690624,
                                                                                            "children": [
                                                                                                {
                                                                                                    "operator_name": "READ_PARQUET ",
                                                                                                    "cpu_time": 0.2596033899999999,
                                                                                                    "extra_info": {
                                                                                                        "Function": "READ_PARQUET",
                                                                                                        "Projections": "tags",
                                                                                                        "Filters": "posttypeid=1",
                                                                                                        "Estimated Cardinality": "770023"
                                                                                                    },
                                                                                                    "cumulative_cardinality": 1668164,
                                                                                                    "operator_type": "TABLE_SCAN",
                                                                                                    "operator_cardinality": 1668164,
                                                                                                    "cumulative_rows_scanned": 3850116,
                                                                                                    "operator_rows_scanned": 3850116,
                                                                                                    "operator_timing": 0.2596033899999999,
                                                                                                    "result_set_size": 26690624,
                                                                                                    "children": []
                                                                                                }
                                                                                            ]
                                                                                        }
                                                                                    ]
                                                                                }
                                                                            ]
                                                                        }
                                                                    ]
                                                                }
                                                            ]
                                                        }
                                                    ]
                                                }
                                            ]
                                        },
                                        {
                                            "operator_name": "STREAMING_LIMIT",
                                            "cpu_time": 0.4205348040000001,
                                            "extra_info": {},
                                            "cumulative_cardinality": 4147384,
                                            "operator_type": "STREAMING_LIMIT",
                                            "operator_cardinality": 10,
                                            "cumulative_rows_scanned": 3850116,
                                            "operator_rows_scanned": 0,
                                            "operator_timing": 0.0000022640000000000003,
                                            "result_set_size": 240,
                                            "children": [
                                                {
                                                    "operator_name": "ORDER_BY",
                                                    "cpu_time": 0.4205325400000001,
                                                    "extra_info": {
                                                        "Order By": "count_star() DESC"
                                                    },
                                                    "cumulative_cardinality": 4147374,
                                                    "operator_type": "ORDER_BY",
                                                    "operator_cardinality": 4096,
                                                    "cumulative_rows_scanned": 3850116,
                                                    "operator_rows_scanned": 0,
                                                    "operator_timing": 0.014937271,
                                                    "result_set_size": 98304,
                                                    "children": [
                                                        {
                                                            "operator_name": "PROJECTION",
                                                            "cpu_time": 0.40559526900000015,
                                                            "extra_info": {
                                                                "Projections": [
                                                                    "TagList",
                                                                    "UsageCount"
                                                                ],
                                                                "Estimated Cardinality": "385011"
                                                            },
                                                            "cumulative_cardinality": 4143278,
                                                            "operator_type": "PROJECTION",
                                                            "operator_cardinality": 403475,
                                                            "cumulative_rows_scanned": 3850116,
                                                            "operator_rows_scanned": 0,
                                                            "operator_timing": 0.047555044000000025,
                                                            "result_set_size": 9683400,
                                                            "children": [
                                                                {
                                                                    "operator_name": "HASH_GROUP_BY",
                                                                    "cpu_time": 0.3580402250000001,
                                                                    "extra_info": {
                                                                        "Groups": "#0",
                                                                        "Aggregates": "count_star()",
                                                                        "Estimated Cardinality": "385011"
                                                                    },
                                                                    "cumulative_cardinality": 3739803,
                                                                    "operator_type": "HASH_GROUP_BY",
                                                                    "operator_cardinality": 403475,
                                                                    "cumulative_rows_scanned": 3850116,
                                                                    "operator_rows_scanned": 0,
                                                                    "operator_timing": 0.11807200200000006,
                                                                    "result_set_size": 9683400,
                                                                    "children": [
                                                                        {
                                                                            "operator_name": "PROJECTION",
                                                                            "cpu_time": 0.23996822300000006,
                                                                            "extra_info": {
                                                                                "Projections": "tags",
                                                                                "Estimated Cardinality": "770023"
                                                                            },
                                                                            "cumulative_cardinality": 3336328,
                                                                            "operator_type": "PROJECTION",
                                                                            "operator_cardinality": 1668164,
                                                                            "cumulative_rows_scanned": 3850116,
                                                                            "operator_rows_scanned": 0,
                                                                            "operator_timing": 0.00032158900000000087,
                                                                            "result_set_size": 26690624,
                                                                            "children": [
                                                                                {
                                                                                    "operator_name": "READ_PARQUET ",
                                                                                    "cpu_time": 0.23964663400000005,
                                                                                    "extra_info": {
                                                                                        "Function": "READ_PARQUET",
                                                                                        "Projections": "tags",
                                                                                        "Filters": "posttypeid=1",
                                                                                        "Estimated Cardinality": "770023"
                                                                                    },
                                                                                    "cumulative_cardinality": 1668164,
                                                                                    "operator_type": "TABLE_SCAN",
                                                                                    "operator_cardinality": 1668164,
                                                                                    "cumulative_rows_scanned": 3850116,
                                                                                    "operator_rows_scanned": 3850116,
                                                                                    "operator_timing": 0.23964663400000005,
                                                                                    "result_set_size": 26690624,
                                                                                    "children": []
                                                                                }
                                                                            ]
                                                                        }
                                                                    ]
                                                                }
                                                            ]
                                                        }
                                                    ]
                                                }
                                            ]
                                        }
                                    ]
                                }
                            ]
                        }
                    ]
                }
            ]
        }
    ]
}