{
    "rows_returned": 100,
    "query_name": "\nWITH CommentedPosts AS (\n    SELECT \n        p.Id AS PostId,\n        p.Title,\n        p.Body,\n        c.UserId AS CommenterId,\n        c.Text AS CommentText,\n        c.CreationDate AS CommentDate\n    FROM \n        Posts p\n    JOIN \n        Comments c ON p.Id = c.PostId\n    WHERE \n        p.PostTypeId = 1  \n        AND c.CreationDate > p.CreationDate\n),\nUserReputation AS (\n    SELECT \n        u.Id AS UserId,\n        u.DisplayName,\n        u.Reputation,\n        COUNT(c.Id) AS TotalComments\n    FROM \n        Users u\n    JOIN \n        Comments c ON u.Id = c.UserId\n    GROUP BY \n        u.Id, u.DisplayName, u.Reputation\n),\nPostDetails AS (\n    SELECT \n        cp.PostId,\n        cp.Title,\n        cp.CommentText,\n        cp.CommentDate,\n        up.DisplayName AS CommenterName,\n        up.Reputation AS CommenterReputation\n    FROM \n        CommentedPosts cp\n    JOIN \n        UserReputation up ON cp.CommenterId = up.UserId\n)\nSELECT \n    pd.PostId,\n    pd.Title,\n    pd.CommentText,\n    pd.CommentDate,\n    pd.CommenterName,\n    pd.CommenterReputation,\n    COUNT(v.Id) AS VoteCount,\n    COALESCE(SUM(CASE WHEN v.VoteTypeId = 2 THEN 1 ELSE 0 END), 0) AS UpVotes,\n    COALESCE(SUM(CASE WHEN v.VoteTypeId = 3 THEN 1 ELSE 0 END), 0) AS DownVotes\nFROM \n    PostDetails pd\nLEFT JOIN \n    Votes v ON pd.PostId = v.PostId\nGROUP BY \n    pd.PostId, pd.Title, pd.CommentText, pd.CommentDate, pd.CommenterName, pd.CommenterReputation\nORDER BY \n    pd.CommentDate DESC, pd.CommenterReputation DESC\nLIMIT 100;\n",
    "blocked_thread_time": 0.0,
    "cpu_time": 24.05695917999996,
    "extra_info": {},
    "cumulative_cardinality": 95449081,
    "cumulative_rows_scanned": 32338563,
    "result_set_size": 10400,
    "latency": 25.308913612,
    "children": [
        {
            "operator_name": "STREAMING_LIMIT",
            "cpu_time": 24.05695917999996,
            "extra_info": {},
            "cumulative_cardinality": 95449081,
            "operator_type": "STREAMING_LIMIT",
            "operator_cardinality": 100,
            "cumulative_rows_scanned": 32338563,
            "operator_rows_scanned": 0,
            "operator_timing": 0.0000029750000000000003,
            "result_set_size": 10400,
            "children": [
                {
                    "operator_name": "ORDER_BY",
                    "cpu_time": 24.05695620499996,
                    "extra_info": {
                        "Order By": [
                            "pd.CommentDate DESC",
                            "pd.CommenterReputation DESC"
                        ]
                    },
                    "cumulative_cardinality": 95448981,
                    "operator_type": "ORDER_BY",
                    "operator_cardinality": 4096,
                    "cumulative_rows_scanned": 32338563,
                    "operator_rows_scanned": 0,
                    "operator_timing": 0.4760342000000007,
                    "result_set_size": 425984,
                    "children": [
                        {
                            "operator_name": "PROJECTION",
                            "cpu_time": 23.58092200499996,
                            "extra_info": {
                                "Projections": [
                                    "PostId",
                                    "title",
                                    "CommentText",
                                    "CommentDate",
                                    "CommenterName",
                                    "CommenterReputation",
                                    "VoteCount",
                                    "UpVotes",
                                    "DownVotes"
                                ],
                                "Estimated Cardinality": "3850116"
                            },
                            "cumulative_cardinality": 95444885,
                            "operator_type": "PROJECTION",
                            "operator_cardinality": 3998781,
                            "cumulative_rows_scanned": 32338563,
                            "operator_rows_scanned": 0,
                            "operator_timing": 0.07010613899999996,
                            "result_set_size": 415873224,
                            "children": [
                                {
                                    "operator_name": "HASH_GROUP_BY",
                                    "cpu_time": 23.51081586599996,
                                    "extra_info": {
                                        "Groups": [
                                            "#0",
                                            "#1",
                                            "#2",
                                            "#3",
                                            "#4",
                                            "#5"
                                        ],
                                        "Aggregates": [
                                            "count(#6)",
                                            "sum(#7)",
                                            "sum(#8)"
                                        ],
                                        "Estimated Cardinality": "3850116"
                                    },
                                    "cumulative_cardinality": 91446104,
                                    "operator_type": "HASH_GROUP_BY",
                                    "operator_cardinality": 3998781,
                                    "cumulative_rows_scanned": 32338563,
                                    "operator_rows_scanned": 0,
                                    "operator_timing": 4.555358243999988,
                                    "result_set_size": 415873224,
                                    "children": [
                                        {
                                            "operator_name": "PROJECTION",
                                            "cpu_time": 18.955457621999972,
                                            "extra_info": {
                                                "Projections": [
                                                    "PostId",
                                                    "title",
                                                    "CommentText",
                                                    "CommentDate",
                                                    "CommenterName",
                                                    "CommenterReputation",
                                                    "id",
                                                    "CASE  WHEN ((votetypeid = 2)) THEN (1) ELSE 0 END",
                                                    "CASE  WHEN ((votetypeid = 3)) THEN (1) ELSE 0 END"
                                                ],
                                                "Estimated Cardinality": "12744093"
                                            },
                                            "cumulative_cardinality": 87447323,
                                            "operator_type": "PROJECTION",
                                            "operator_cardinality": 15066941,
                                            "cumulative_rows_scanned": 32338563,
                                            "operator_rows_scanned": 0,
                                            "operator_timing": 0.11350699999999972,
                                            "result_set_size": 1145087516,
                                            "children": [
                                                {
                                                    "operator_name": "HASH_JOIN",
                                                    "cpu_time": 18.841950621999974,
                                                    "extra_info": {
                                                        "Join Type": "RIGHT",
                                                        "Conditions": "postid = PostId",
                                                        "Estimated Cardinality": "12744093"
                                                    },
                                                    "cumulative_cardinality": 72380382,
                                                    "operator_type": "HASH_JOIN",
                                                    "operator_cardinality": 15066941,
                                                    "cumulative_rows_scanned": 32338563,
                                                    "operator_rows_scanned": 0,
                                                    "operator_timing": 1.7532548870000002,
                                                    "result_set_size": 1054685870,
                                                    "children": [
                                                        {
                                                            "operator_name": "READ_PARQUET ",
                                                            "cpu_time": 0.4922655190000005,
                                                            "extra_info": {
                                                                "Function": "READ_PARQUET",
                                                                "Projections": [
                                                                    "id",
                                                                    "postid",
                                                                    "votetypeid"
                                                                ],
                                                                "Estimated Cardinality": "12744093"
                                                            },
                                                            "cumulative_cardinality": 12744093,
                                                            "operator_type": "TABLE_SCAN",
                                                            "operator_cardinality": 12744093,
                                                            "cumulative_rows_scanned": 12744093,
                                                            "operator_rows_scanned": 12744093,
                                                            "operator_timing": 0.4922655190000005,
                                                            "result_set_size": 127440930,
                                                            "children": []
                                                        },
                                                        {
                                                            "operator_name": "HASH_JOIN",
                                                            "cpu_time": 16.596430215999973,
                                                            "extra_info": {
                                                                "Join Type": "INNER",
                                                                "Conditions": "CommenterId = UserId",
                                                                "Estimated Cardinality": "3620910"
                                                            },
                                                            "cumulative_cardinality": 44569348,
                                                            "operator_type": "HASH_JOIN",
                                                            "operator_cardinality": 3998782,
                                                            "cumulative_rows_scanned": 19594470,
                                                            "operator_rows_scanned": 0,
                                                            "operator_timing": 0.25538231900000025,
                                                            "result_set_size": 255922048,
                                                            "children": [
                                                                {
                                                                    "operator_name": "PROJECTION",
                                                                    "cpu_time": 11.952725662999967,
                                                                    "extra_info": {
                                                                        "Projections": [
                                                                            "PostId",
                                                                            "title",
                                                                            "CommenterId",
                                                                            "CommentText",
                                                                            "CommentDate"
                                                                        ],
                                                                        "Estimated Cardinality": "3620910"
                                                                    },
                                                                    "cumulative_cardinality": 18264632,
                                                                    "operator_type": "PROJECTION",
                                                                    "operator_cardinality": 3998782,
                                                                    "cumulative_rows_scanned": 11091938,
                                                                    "operator_rows_scanned": 0,
                                                                    "operator_timing": 0.0020472369999999943,
                                                                    "result_set_size": 191941536,
                                                                    "children": [
                                                                        {
                                                                            "operator_name": "HASH_JOIN",
                                                                            "cpu_time": 11.950678425999968,
                                                                            "extra_info": {
                                                                                "Join Type": "INNER",
                                                                                "Conditions": [
                                                                                    "postid = id",
                                                                                    "creationdate > creationdate"
                                                                                ],
                                                                                "Estimated Cardinality": "3620910"
                                                                            },
                                                                            "cumulative_cardinality": 14265850,
                                                                            "operator_type": "HASH_JOIN",
                                                                            "operator_cardinality": 3998782,
                                                                            "cumulative_rows_scanned": 11091938,
                                                                            "operator_rows_scanned": 0,
                                                                            "operator_timing": 0.5844023990000003,
                                                                            "result_set_size": 191941536,
                                                                            "children": [
                                                                                {
                                                                                    "operator_name": "READ_PARQUET ",
                                                                                    "cpu_time": 10.413494958999967,
                                                                                    "extra_info": {
                                                                                        "Function": "READ_PARQUET",
                                                                                        "Projections": [
                                                                                            "postid",
                                                                                            "text",
                                                                                            "creationdate",
                                                                                            "userid"
                                                                                        ],
                                                                                        "Estimated Cardinality": "7241822"
                                                                                    },
                                                                                    "cumulative_cardinality": 6930741,
                                                                                    "operator_type": "TABLE_SCAN",
                                                                                    "operator_cardinality": 6930741,
                                                                                    "cumulative_rows_scanned": 7241822,
                                                                                    "operator_rows_scanned": 7241822,
                                                                                    "operator_timing": 10.413494958999967,
                                                                                    "result_set_size": 221783712,
                                                                                    "children": []
                                                                                },
                                                                                {
                                                                                    "operator_name": "FILTER",
                                                                                    "cpu_time": 0.9527810679999995,
                                                                                    "extra_info": {
                                                                                        "Expression": "(id <= 4978525)",
                                                                                        "Estimated Cardinality": "770023"
                                                                                    },
                                                                                    "cumulative_cardinality": 3336327,
                                                                                    "operator_type": "FILTER",
                                                                                    "operator_cardinality": 1668163,
                                                                                    "cumulative_rows_scanned": 3850116,
                                                                                    "operator_rows_scanned": 0,
                                                                                    "operator_timing": 0.006669445999999999,
                                                                                    "result_set_size": 46708564,
                                                                                    "children": [
                                                                                        {
                                                                                            "operator_name": "READ_PARQUET ",
                                                                                            "cpu_time": 0.9461116219999995,
                                                                                            "extra_info": {
                                                                                                "Function": "READ_PARQUET",
                                                                                                "Projections": [
                                                                                                    "id",
                                                                                                    "creationdate",
                                                                                                    "title"
                                                                                                ],
                                                                                                "Filters": "posttypeid=1",
                                                                                                "Estimated Cardinality": "770023"
                                                                                            },
                                                                                            "cumulative_cardinality": 1668164,
                                                                                            "operator_type": "TABLE_SCAN",
                                                                                            "operator_cardinality": 1668164,
                                                                                            "cumulative_rows_scanned": 3850116,
                                                                                            "operator_rows_scanned": 3850116,
                                                                                            "operator_timing": 0.9461116219999995,
                                                                                            "result_set_size": 46708592,
                                                                                            "children": []
                                                                                        }
                                                                                    ]
                                                                                }
                                                                            ]
                                                                        }
                                                                    ]
                                                                },
                                                                {
                                                                    "operator_name": "HASH_GROUP_BY",
                                                                    "cpu_time": 4.388322234000005,
                                                                    "extra_info": {
                                                                        "Groups": [
                                                                            "#0",
                                                                            "#1",
                                                                            "#2"
                                                                        ],
                                                                        "Aggregates": "",
                                                                        "Estimated Cardinality": "1260710"
                                                                    },
                                                                    "cumulative_cardinality": 22305934,
                                                                    "operator_type": "HASH_GROUP_BY",
                                                                    "operator_cardinality": 253091,
                                                                    "cumulative_rows_scanned": 8502532,
                                                                    "operator_rows_scanned": 0,
                                                                    "operator_timing": 0.5269208269999998,
                                                                    "result_set_size": 6074184,
                                                                    "children": [
                                                                        {
                                                                            "operator_name": "PROJECTION",
                                                                            "cpu_time": 3.8614014070000047,
                                                                            "extra_info": {
                                                                                "Projections": [
                                                                                    "id",
                                                                                    "displayname",
                                                                                    "reputation"
                                                                                ],
                                                                                "Estimated Cardinality": "7241822"
                                                                            },
                                                                            "cumulative_cardinality": 22052843,
                                                                            "operator_type": "PROJECTION",
                                                                            "operator_cardinality": 6930741,
                                                                            "cumulative_rows_scanned": 8502532,
                                                                            "operator_rows_scanned": 0,
                                                                            "operator_timing": 0.002151043000000004,
                                                                            "result_set_size": 166337784,
                                                                            "children": [
                                                                                {
                                                                                    "operator_name": "HASH_JOIN",
                                                                                    "cpu_time": 3.8592503640000047,
                                                                                    "extra_info": {
                                                                                        "Join Type": "INNER",
                                                                                        "Conditions": "userid = id",
                                                                                        "Estimated Cardinality": "7241822"
                                                                                    },
                                                                                    "cumulative_cardinality": 15122102,
                                                                                    "operator_type": "HASH_JOIN",
                                                                                    "operator_cardinality": 6930741,
                                                                                    "cumulative_rows_scanned": 8502532,
                                                                                    "operator_rows_scanned": 0,
                                                                                    "operator_timing": 0.5291075009999997,
                                                                                    "result_set_size": 194060748,
                                                                                    "children": [
                                                                                        {
                                                                                            "operator_name": "READ_PARQUET ",
                                                                                            "cpu_time": 2.3129302390000044,
                                                                                            "extra_info": {
                                                                                                "Function": "READ_PARQUET",
                                                                                                "Projections": "userid",
                                                                                                "Estimated Cardinality": "7241822"
                                                                                            },
                                                                                            "cumulative_cardinality": 6930741,
                                                                                            "operator_type": "TABLE_SCAN",
                                                                                            "operator_cardinality": 6930741,
                                                                                            "cumulative_rows_scanned": 7241822,
                                                                                            "operator_rows_scanned": 7241822,
                                                                                            "operator_timing": 2.3129302390000044,
                                                                                            "result_set_size": 27722964,
                                                                                            "children": []
                                                                                        },
                                                                                        {
                                                                                            "operator_name": "READ_PARQUET ",
                                                                                            "cpu_time": 1.0172126240000006,
                                                                                            "extra_info": {
                                                                                                "Function": "READ_PARQUET",
                                                                                                "Projections": [
                                                                                                    "id",
                                                                                                    "reputation",
                                                                                                    "displayname"
                                                                                                ],
                                                                                                "Filters": "id<=1416480",
                                                                                                "Estimated Cardinality": "1260710"
                                                                                            },
                                                                                            "cumulative_cardinality": 1260620,
                                                                                            "operator_type": "TABLE_SCAN",
                                                                                            "operator_cardinality": 1260620,
                                                                                            "cumulative_rows_scanned": 1260710,
                                                                                            "operator_rows_scanned": 1260710,
                                                                                            "operator_timing": 1.0172126240000006,
                                                                                            "result_set_size": 30254880,
                                                                                            "children": []
                                                                                        }
                                                                                    ]
                                                                                }
                                                                            ]
                                                                        }
                                                                    ]
                                                                }
                                                            ]
                                                        }
                                                    ]
                                                }
                                            ]
                                        }
                                    ]
                                }
                            ]
                        }
                    ]
                }
            ]
        }
    ]
}