{
    "rows_returned": 1668164,
    "query_name": "WITH RankedPosts AS (\n    SELECT \n        p.Id AS PostId,\n        p.Title,\n        p.Body,\n        p.Tags,\n        p.CreationDate,\n        p.Score,\n        p.ViewCount,\n        p.AcceptedAnswerId,\n        COALESCE(cnt.CommentCount, 0) AS CommentCount,\n        COALESCE(ans.AnswerCount, 0) AS AnswerCount,\n        ROW_NUMBER() OVER (PARTITION BY p.Id ORDER BY p.CreationDate DESC) AS PostRank\n    FROM \n        Posts p\n    LEFT JOIN (\n        SELECT \n            PostId,\n            COUNT(Id) AS CommentCount\n        FROM \n            Comments\n        GROUP BY \n            PostId\n    ) cnt ON p.Id = cnt.PostId\n    LEFT JOIN (\n        SELECT \n            ParentId AS PostId,\n            COUNT(Id) AS AnswerCount\n        FROM \n            Posts\n        WHERE \n            PostTypeId = 2\n        GROUP BY \n            ParentId\n    ) ans ON p.Id = ans.PostId\n    WHERE \n        p.PostTypeId = 1 \n),\nFilteredPosts AS (\n    SELECT \n        rp.PostId,\n        rp.Title,\n        SUBSTRING(rp.Body, 1, 200) AS BodySnippet,\n        rp.Tags,\n        rp.CreationDate,\n        rp.Score,\n        rp.ViewCount,\n        rp.CommentCount,\n        rp.AnswerCount,\n        pht.Name AS PostHistoryType\n    FROM \n        RankedPosts rp\n    LEFT JOIN \n        PostHistory ph ON ph.PostId = rp.PostId\n    LEFT JOIN \n        PostHistoryTypes pht ON ph.PostHistoryTypeId = pht.Id\n    WHERE \n        ph.PostId IS NOT NULL \n)\nSELECT \n    fp.Title,\n    fp.BodySnippet,\n    fp.ViewCount,\n    fp.CommentCount,\n    fp.AnswerCount,\n    STRING_AGG(DISTINCT fp.Tags, ', ') AS AllTags,\n    COUNT(fp.PostId) AS PostHistoryChangeCount,\n    MAX(fp.CreationDate) AS LastUpdatedDate\nFROM \n    FilteredPosts fp\nGROUP BY \n    fp.Title, fp.BodySnippet, fp.ViewCount, fp.CommentCount, fp.AnswerCount\nORDER BY \n    PostHistoryChangeCount DESC,\n    LastUpdatedDate DESC;",
    "blocked_thread_time": 0.0,
    "cpu_time": 44.090064908999985,
    "extra_info": {},
    "cumulative_cardinality": 99614317,
    "cumulative_rows_scanned": 26737332,
    "result_set_size": 140125776,
    "latency": 48.835265254,
    "children": [
        {
            "operator_name": "ORDER_BY",
            "cpu_time": 44.090064908999985,
            "extra_info": {
                "Order By": [
                    "count(fp.PostId) DESC",
                    "max(fp.CreationDate) DESC"
                ]
            },
            "cumulative_cardinality": 99614317,
            "operator_type": "ORDER_BY",
            "operator_cardinality": 1668164,
            "cumulative_rows_scanned": 26737332,
            "operator_rows_scanned": 0,
            "operator_timing": 0.2758536469999998,
            "result_set_size": 140125776,
            "children": [
                {
                    "operator_name": "HASH_GROUP_BY",
                    "cpu_time": 43.814211261999986,
                    "extra_info": {
                        "Groups": [
                            "#0",
                            "#1",
                            "#2",
                            "#3",
                            "#4"
                        ],
                        "Aggregates": [
                            "string_agg(DISTINCT #5)",
                            "count_star()",
                            "max(#6)"
                        ],
                        "Estimated Cardinality": "1109304"
                    },
                    "cumulative_cardinality": 97946153,
                    "operator_type": "HASH_GROUP_BY",
                    "operator_cardinality": 1668164,
                    "cumulative_rows_scanned": 26737332,
                    "operator_rows_scanned": 0,
                    "operator_timing": 3.546022421999995,
                    "result_set_size": 140125776,
                    "children": [
                        {
                            "operator_name": "PROJECTION",
                            "cpu_time": 40.26818883999999,
                            "extra_info": {
                                "Projections": [
                                    "title",
                                    "BodySnippet",
                                    "viewcount",
                                    "CommentCount",
                                    "AnswerCount",
                                    "tags",
                                    "creationdate"
                                ],
                                "Estimated Cardinality": "2218609"
                            },
                            "cumulative_cardinality": 96277989,
                            "operator_type": "PROJECTION",
                            "operator_cardinality": 8064402,
                            "cumulative_rows_scanned": 26737332,
                            "operator_rows_scanned": 0,
                            "operator_timing": 0.002415834000000003,
                            "result_set_size": 612894552,
                            "children": [
                                {
                                    "operator_name": "PROJECTION",
                                    "cpu_time": 40.265773005999996,
                                    "extra_info": {
                                        "Projections": [
                                            "PostId",
                                            "title",
                                            "BodySnippet",
                                            "tags",
                                            "creationdate",
                                            "viewcount",
                                            "CommentCount",
                                            "AnswerCount"
                                        ],
                                        "Estimated Cardinality": "2218609"
                                    },
                                    "cumulative_cardinality": 88213587,
                                    "operator_type": "PROJECTION",
                                    "operator_cardinality": 8064402,
                                    "cumulative_rows_scanned": 26737332,
                                    "operator_rows_scanned": 0,
                                    "operator_timing": 1.5735561219999996,
                                    "result_set_size": 645152160,
                                    "children": [
                                        {
                                            "operator_name": "HASH_JOIN",
                                            "cpu_time": 38.692216884,
                                            "extra_info": {
                                                "Join Type": "LEFT",
                                                "Conditions": "posthistorytypeid = id",
                                                "Estimated Cardinality": "2218609"
                                            },
                                            "cumulative_cardinality": 80149185,
                                            "operator_type": "HASH_JOIN",
                                            "operator_cardinality": 8064402,
                                            "cumulative_rows_scanned": 26737332,
                                            "operator_rows_scanned": 0,
                                            "operator_timing": 0.1581140850000001,
                                            "result_set_size": 661280964,
                                            "children": [
                                                {
                                                    "operator_name": "PROJECTION",
                                                    "cpu_time": 38.53391992699999,
                                                    "extra_info": {
                                                        "Projections": [
                                                            "#0",
                                                            "#1",
                                                            "#2",
                                                            "#3",
                                                            "#4",
                                                            "#5",
                                                            "#6",
                                                            "#7",
                                                            "__internal_decompress_integral_smallint(#8, 1)"
                                                        ],
                                                        "Estimated Cardinality": "2218609"
                                                    },
                                                    "cumulative_cardinality": 72084749,
                                                    "operator_type": "PROJECTION",
                                                    "operator_cardinality": 8064402,
                                                    "cumulative_rows_scanned": 26737298,
                                                    "operator_rows_scanned": 0,
                                                    "operator_timing": 0.005554395000000007,
                                                    "result_set_size": 661280964,
                                                    "children": [
                                                        {
                                                            "operator_name": "HASH_JOIN",
                                                            "cpu_time": 38.528365531999995,
                                                            "extra_info": {
                                                                "Join Type": "INNER",
                                                                "Conditions": "PostId = postid",
                                                                "Estimated Cardinality": "2218609"
                                                            },
                                                            "cumulative_cardinality": 64020347,
                                                            "operator_type": "HASH_JOIN",
                                                            "operator_cardinality": 8064402,
                                                            "cumulative_rows_scanned": 26737298,
                                                            "operator_rows_scanned": 0,
                                                            "operator_timing": 1.2177191210000005,
                                                            "result_set_size": 653216562,
                                                            "children": [
                                                                {
                                                                    "operator_name": "PROJECTION",
                                                                    "cpu_time": 33.42992510599999,
                                                                    "extra_info": {
                                                                        "Projections": [
                                                                            "PostId",
                                                                            "title",
                                                                            "body",
                                                                            "tags",
                                                                            "creationdate",
                                                                            "viewcount",
                                                                            "CommentCount",
                                                                            "AnswerCount"
                                                                        ],
                                                                        "Estimated Cardinality": "3620911"
                                                                    },
                                                                    "cumulative_cardinality": 32365457,
                                                                    "operator_type": "PROJECTION",
                                                                    "operator_cardinality": 1668164,
                                                                    "cumulative_rows_scanned": 14942054,
                                                                    "operator_rows_scanned": 0,
                                                                    "operator_timing": 0.02848700200000001,
                                                                    "result_set_size": 133453120,
                                                                    "children": [
                                                                        {
                                                                            "operator_name": "PROJECTION",
                                                                            "cpu_time": 33.40143810399999,
                                                                            "extra_info": {
                                                                                "Projections": [
                                                                                    "#0",
                                                                                    "#1",
                                                                                    "#2",
                                                                                    "#3",
                                                                                    "#4",
                                                                                    "#5",
                                                                                    "#6",
                                                                                    "#7",
                                                                                    "#8"
                                                                                ],
                                                                                "Estimated Cardinality": "3620911"
                                                                            },
                                                                            "cumulative_cardinality": 30697293,
                                                                            "operator_type": "PROJECTION",
                                                                            "operator_cardinality": 1668164,
                                                                            "cumulative_rows_scanned": 14942054,
                                                                            "operator_rows_scanned": 0,
                                                                            "operator_timing": 0.0005415700000000002,
                                                                            "result_set_size": 146798432,
                                                                            "children": [
                                                                                {
                                                                                    "operator_name": "WINDOW",
                                                                                    "cpu_time": 33.40089653399999,
                                                                                    "extra_info": {
                                                                                        "Projections": "ROW_NUMBER() OVER (PARTITION BY id ORDER BY creationdate DESC NULLS LAST)"
                                                                                    },
                                                                                    "cumulative_cardinality": 29029129,
                                                                                    "operator_type": "WINDOW",
                                                                                    "operator_cardinality": 1668164,
                                                                                    "cumulative_rows_scanned": 14942054,
                                                                                    "operator_rows_scanned": 0,
                                                                                    "operator_timing": 2.6903918660000015,
                                                                                    "result_set_size": 146798432,
                                                                                    "children": [
                                                                                        {
                                                                                            "operator_name": "HASH_JOIN",
                                                                                            "cpu_time": 30.71050466799999,
                                                                                            "extra_info": {
                                                                                                "Join Type": "LEFT",
                                                                                                "Conditions": "id = PostId",
                                                                                                "Estimated Cardinality": "3620911"
                                                                                            },
                                                                                            "cumulative_cardinality": 27360965,
                                                                                            "operator_type": "HASH_JOIN",
                                                                                            "operator_cardinality": 1668164,
                                                                                            "cumulative_rows_scanned": 14942054,
                                                                                            "operator_rows_scanned": 0,
                                                                                            "operator_timing": 0.21536818500000035,
                                                                                            "result_set_size": 133453120,
                                                                                            "children": [
                                                                                                {
                                                                                                    "operator_name": "HASH_JOIN",
                                                                                                    "cpu_time": 29.88533603099999,
                                                                                                    "extra_info": {
                                                                                                        "Join Type": "RIGHT",
                                                                                                        "Conditions": "postid = id",
                                                                                                        "Estimated Cardinality": "3620911"
                                                                                                    },
                                                                                                    "cumulative_cardinality": 19983644,
                                                                                                    "operator_type": "HASH_JOIN",
                                                                                                    "operator_cardinality": 1668164,
                                                                                                    "cumulative_rows_scanned": 11091938,
                                                                                                    "operator_rows_scanned": 0,
                                                                                                    "operator_timing": 1.2182743840000012,
                                                                                                    "result_set_size": 120107808,
                                                                                                    "children": [
                                                                                                        {
                                                                                                            "operator_name": "HASH_GROUP_BY",
                                                                                                            "cpu_time": 2.5400689589999983,
                                                                                                            "extra_info": {
                                                                                                                "Groups": "#0",
                                                                                                                "Aggregates": "count_star()",
                                                                                                                "Estimated Cardinality": "3620911"
                                                                                                            },
                                                                                                            "cumulative_cardinality": 16647316,
                                                                                                            "operator_type": "HASH_GROUP_BY",
                                                                                                            "operator_cardinality": 2163672,
                                                                                                            "cumulative_rows_scanned": 7241822,
                                                                                                            "operator_rows_scanned": 0,
                                                                                                            "operator_timing": 0.48220341900000063,
                                                                                                            "result_set_size": 25964064,
                                                                                                            "children": [
                                                                                                                {
                                                                                                                    "operator_name": "PROJECTION",
                                                                                                                    "cpu_time": 2.0578655399999977,
                                                                                                                    "extra_info": {
                                                                                                                        "Projections": "postid",
                                                                                                                        "Estimated Cardinality": "7241822"
                                                                                                                    },
                                                                                                                    "cumulative_cardinality": 14483644,
                                                                                                                    "operator_type": "PROJECTION",
                                                                                                                    "operator_cardinality": 7241822,
                                                                                                                    "cumulative_rows_scanned": 7241822,
                                                                                                                    "operator_rows_scanned": 0,
                                                                                                                    "operator_timing": 0.0008072390000000013,
                                                                                                                    "result_set_size": 28967288,
                                                                                                                    "children": [
                                                                                                                        {
                                                                                                                            "operator_name": "READ_PARQUET ",
                                                                                                                            "cpu_time": 2.057058300999998,
                                                                                                                            "extra_info": {
                                                                                                                                "Function": "READ_PARQUET",
                                                                                                                                "Projections": [
                                                                                                                                    "id",
                                                                                                                                    "postid"
                                                                                                                                ],
                                                                                                                                "Estimated Cardinality": "7241822"
                                                                                                                            },
                                                                                                                            "cumulative_cardinality": 7241822,
                                                                                                                            "operator_type": "TABLE_SCAN",
                                                                                                                            "operator_cardinality": 7241822,
                                                                                                                            "cumulative_rows_scanned": 7241822,
                                                                                                                            "operator_rows_scanned": 7241822,
                                                                                                                            "operator_timing": 2.057058300999998,
                                                                                                                            "result_set_size": 57934576,
                                                                                                                            "children": []
                                                                                                                        }
                                                                                                                    ]
                                                                                                                }
                                                                                                            ]
                                                                                                        },
                                                                                                        {
                                                                                                            "operator_name": "READ_PARQUET ",
                                                                                                            "cpu_time": 26.12699268799999,
                                                                                                            "extra_info": {
                                                                                                                "Function": "READ_PARQUET",
                                                                                                                "Projections": [
                                                                                                                    "id",
                                                                                                                    "creationdate",
                                                                                                                    "viewcount",
                                                                                                                    "body",
                                                                                                                    "title",
                                                                                                                    "tags"
                                                                                                                ],
                                                                                                                "Filters": "posttypeid=1",
                                                                                                                "Estimated Cardinality": "770023"
                                                                                                            },
                                                                                                            "cumulative_cardinality": 1668164,
                                                                                                            "operator_type": "TABLE_SCAN",
                                                                                                            "operator_cardinality": 1668164,
                                                                                                            "cumulative_rows_scanned": 3850116,
                                                                                                            "operator_rows_scanned": 3850116,
                                                                                                            "operator_timing": 26.12699268799999,
                                                                                                            "result_set_size": 106762496,
                                                                                                            "children": []
                                                                                                        }
                                                                                                    ]
                                                                                                },
                                                                                                {
                                                                                                    "operator_name": "HASH_GROUP_BY",
                                                                                                    "cpu_time": 0.609800452,
                                                                                                    "extra_info": {
                                                                                                        "Groups": "#0",
                                                                                                        "Aggregates": "count_star()",
                                                                                                        "Estimated Cardinality": "385011"
                                                                                                    },
                                                                                                    "cumulative_cardinality": 5709157,
                                                                                                    "operator_type": "HASH_GROUP_BY",
                                                                                                    "operator_cardinality": 1354571,
                                                                                                    "cumulative_rows_scanned": 3850116,
                                                                                                    "operator_rows_scanned": 0,
                                                                                                    "operator_timing": 0.356484137,
                                                                                                    "result_set_size": 16254852,
                                                                                                    "children": [
                                                                                                        {
                                                                                                            "operator_name": "PROJECTION",
                                                                                                            "cpu_time": 0.25331631500000007,
                                                                                                            "extra_info": {
                                                                                                                "Projections": "parentid",
                                                                                                                "Estimated Cardinality": "770023"
                                                                                                            },
                                                                                                            "cumulative_cardinality": 4354586,
                                                                                                            "operator_type": "PROJECTION",
                                                                                                            "operator_cardinality": 2177293,
                                                                                                            "cumulative_rows_scanned": 3850116,
                                                                                                            "operator_rows_scanned": 0,
                                                                                                            "operator_timing": 0.0005745469999999995,
                                                                                                            "result_set_size": 8709172,
                                                                                                            "children": [
                                                                                                                {
                                                                                                                    "operator_name": "READ_PARQUET ",
                                                                                                                    "cpu_time": 0.2527417680000001,
                                                                                                                    "extra_info": {
                                                                                                                        "Function": "READ_PARQUET",
                                                                                                                        "Projections": [
                                                                                                                            "id",
                                                                                                                            "parentid"
                                                                                                                        ],
                                                                                                                        "Filters": "posttypeid=2",
                                                                                                                        "Estimated Cardinality": "770023"
                                                                                                                    },
                                                                                                                    "cumulative_cardinality": 2177293,
                                                                                                                    "operator_type": "TABLE_SCAN",
                                                                                                                    "operator_cardinality": 2177293,
                                                                                                                    "cumulative_rows_scanned": 3850116,
                                                                                                                    "operator_rows_scanned": 3850116,
                                                                                                                    "operator_timing": 0.2527417680000001,
                                                                                                                    "result_set_size": 17418344,
                                                                                                                    "children": []
                                                                                                                }
                                                                                                            ]
                                                                                                        }
                                                                                                    ]
                                                                                                }
                                                                                            ]
                                                                                        }
                                                                                    ]
                                                                                }
                                                                            ]
                                                                        }
                                                                    ]
                                                                },
                                                                {
                                                                    "operator_name": "PROJECTION",
                                                                    "cpu_time": 3.8807213050000025,
                                                                    "extra_info": {
                                                                        "Projections": [
                                                                            "__internal_compress_integral_utinyint(#0, 1)",
                                                                            "#1"
                                                                        ],
                                                                        "Estimated Cardinality": "2359048"
                                                                    },
                                                                    "cumulative_cardinality": 23590488,
                                                                    "operator_type": "PROJECTION",
                                                                    "operator_cardinality": 11795244,
                                                                    "cumulative_rows_scanned": 11795244,
                                                                    "operator_rows_scanned": 0,
                                                                    "operator_timing": 0.0059644459999999636,
                                                                    "result_set_size": 58976220,
                                                                    "children": [
                                                                        {
                                                                            "operator_name": "READ_PARQUET ",
                                                                            "cpu_time": 3.8747568590000023,
                                                                            "extra_info": {
                                                                                "Function": "READ_PARQUET",
                                                                                "Projections": [
                                                                                    "posthistorytypeid",
                                                                                    "postid"
                                                                                ],
                                                                                "Estimated Cardinality": "2359048"
                                                                            },
                                                                            "cumulative_cardinality": 11795244,
                                                                            "operator_type": "TABLE_SCAN",
                                                                            "operator_cardinality": 11795244,
                                                                            "cumulative_rows_scanned": 11795244,
                                                                            "operator_rows_scanned": 11795244,
                                                                            "operator_timing": 3.8747568590000023,
                                                                            "result_set_size": 70771464,
                                                                            "children": []
                                                                        }
                                                                    ]
                                                                }
                                                            ]
                                                        }
                                                    ]
                                                },
                                                {
                                                    "operator_name": "READ_PARQUET ",
                                                    "cpu_time": 0.000182872,
                                                    "extra_info": {
                                                        "Function": "READ_PARQUET",
                                                        "Projections": "id",
                                                        "Estimated Cardinality": "34"
                                                    },
                                                    "cumulative_cardinality": 34,
                                                    "operator_type": "TABLE_SCAN",
                                                    "operator_cardinality": 34,
                                                    "cumulative_rows_scanned": 34,
                                                    "operator_rows_scanned": 34,
                                                    "operator_timing": 0.000182872,
                                                    "result_set_size": 68,
                                                    "children": []
                                                }
                                            ]
                                        }
                                    ]
                                }
                            ]
                        }
                    ]
                }
            ]
        }
    ]
}