{
    "rows_returned": 95,
    "query_name": "\nWITH RankedPosts AS (\n    SELECT \n        p.Id AS PostId,\n        p.Title,\n        p.Tags,\n        p.Body,\n        p.CreationDate,\n        p.OwnerUserId,\n        CASE \n            WHEN p.PostTypeId = 1 THEN 'Question'\n            WHEN p.PostTypeId = 2 THEN 'Answer'\n            WHEN p.PostTypeId = 4 THEN 'TagWikiExcerpt'\n            ELSE 'Other'\n        END AS PostType,\n        ROW_NUMBER() OVER (PARTITION BY p.OwnerUserId ORDER BY p.CreationDate DESC) AS PostRank\n    FROM \n        Posts p\n    WHERE \n        p.CreationDate >= '2024-10-01 12:34:56'::timestamp - INTERVAL '1 year'\n),\nUserReputation AS (\n    SELECT \n        u.Id AS UserId,\n        u.DisplayName,\n        u.Reputation,\n        COUNT(DISTINCT p.Id) AS PostCount,\n        SUM(CASE WHEN b.Class = 1 THEN 1 ELSE 0 END) AS GoldBadges,\n        SUM(CASE WHEN b.Class = 2 THEN 1 ELSE 0 END) AS SilverBadges,\n        SUM(CASE WHEN b.Class = 3 THEN 1 ELSE 0 END) AS BronzeBadges\n    FROM \n        Users u\n    LEFT JOIN \n        Posts p ON u.Id = p.OwnerUserId\n    LEFT JOIN \n        Badges b ON u.Id = b.UserId\n    GROUP BY \n        u.Id, u.DisplayName, u.Reputation\n),\nFilteredQuestions AS (\n    SELECT \n        rp.PostId,\n        rp.Title,\n        rp.Tags,\n        rp.Body,\n        ur.DisplayName,\n        ur.Reputation,\n        ur.PostCount,\n        ur.GoldBadges,\n        ur.SilverBadges,\n        ur.BronzeBadges\n    FROM \n        RankedPosts rp\n    INNER JOIN \n        UserReputation ur ON rp.OwnerUserId = ur.UserId\n    WHERE \n        rp.PostType = 'Question' \n        AND (LOWER(rp.Body) LIKE '%performance%' OR LOWER(rp.Body) LIKE '%benchmark%')\n)\nSELECT \n    fq.PostId,\n    fq.Title,\n    fq.Tags,\n    fq.Body,\n    fq.DisplayName AS AuthorName,\n    fq.Reputation AS AuthorReputation,\n    fq.PostCount AS TotalPosts,\n    fq.GoldBadges AS GoldBadgeCount,\n    fq.SilverBadges AS SilverBadgeCount,\n    fq.BronzeBadges AS BronzeBadgeCount\nFROM \n    FilteredQuestions fq\nORDER BY \n    fq.Reputation DESC,\n    fq.PostId;\n",
    "blocked_thread_time": 0.0,
    "cpu_time": 56.244766667000384,
    "extra_info": {},
    "cumulative_cardinality": 2360220050,
    "cumulative_rows_scanned": 11282666,
    "result_set_size": 12160,
    "latency": 67.094506151,
    "children": [
        {
            "operator_name": "ORDER_BY",
            "cpu_time": 56.244766667000384,
            "extra_info": {
                "Order By": [
                    "fq.Reputation DESC",
                    "fq.PostId ASC"
                ]
            },
            "cumulative_cardinality": 2360220050,
            "operator_type": "ORDER_BY",
            "operator_cardinality": 95,
            "cumulative_rows_scanned": 11282666,
            "operator_rows_scanned": 0,
            "operator_timing": 0.00014336900000000002,
            "result_set_size": 12160,
            "children": [
                {
                    "operator_name": "PROJECTION",
                    "cpu_time": 56.244623298000384,
                    "extra_info": {
                        "Projections": [
                            "PostId",
                            "title",
                            "tags",
                            "body",
                            "displayname",
                            "reputation",
                            "PostCount",
                            "GoldBadges",
                            "SilverBadges",
                            "BronzeBadges"
                        ],
                        "Estimated Cardinality": "154004"
                    },
                    "cumulative_cardinality": 2360219955,
                    "operator_type": "PROJECTION",
                    "operator_cardinality": 95,
                    "cumulative_rows_scanned": 11282666,
                    "operator_rows_scanned": 0,
                    "operator_timing": 0.000004629,
                    "result_set_size": 12160,
                    "children": [
                        {
                            "operator_name": "HASH_JOIN",
                            "cpu_time": 56.24461866900038,
                            "extra_info": {
                                "Join Type": "INNER",
                                "Conditions": "UserId = owneruserid",
                                "Estimated Cardinality": "154004"
                            },
                            "cumulative_cardinality": 2360219860,
                            "operator_type": "HASH_JOIN",
                            "operator_cardinality": 95,
                            "cumulative_rows_scanned": 11282666,
                            "operator_rows_scanned": 0,
                            "operator_timing": 0.008037895,
                            "result_set_size": 12160,
                            "children": [
                                {
                                    "operator_name": "HASH_GROUP_BY",
                                    "cpu_time": 52.887397184000385,
                                    "extra_info": {
                                        "Groups": [
                                            "#0",
                                            "#1",
                                            "#2"
                                        ],
                                        "Aggregates": [
                                            "count(DISTINCT #3)",
                                            "sum(#4)",
                                            "sum(#5)",
                                            "sum(#6)"
                                        ],
                                        "Estimated Cardinality": "1260710"
                                    },
                                    "cumulative_cardinality": 2359782851,
                                    "operator_type": "HASH_GROUP_BY",
                                    "operator_cardinality": 1260679,
                                    "cumulative_rows_scanned": 7432550,
                                    "operator_rows_scanned": 0,
                                    "operator_timing": 42.16494662400008,
                                    "result_set_size": 100854320,
                                    "children": [
                                        {
                                            "operator_name": "PROJECTION",
                                            "cpu_time": 10.722450560000304,
                                            "extra_info": {
                                                "Projections": [
                                                    "id",
                                                    "displayname",
                                                    "reputation",
                                                    "id",
                                                    "CASE  WHEN ((class = 1)) THEN (1) ELSE 0 END",
                                                    "CASE  WHEN ((class = 2)) THEN (1) ELSE 0 END",
                                                    "CASE  WHEN ((class = 3)) THEN (1) ELSE 0 END"
                                                ],
                                                "Estimated Cardinality": "3850116"
                                            },
                                            "cumulative_cardinality": 2358522172,
                                            "operator_type": "PROJECTION",
                                            "operator_cardinality": 586089518,
                                            "cumulative_rows_scanned": 7432550,
                                            "operator_rows_scanned": 0,
                                            "operator_timing": 3.449697321000085,
                                            "result_set_size": 23443580720,
                                            "children": [
                                                {
                                                    "operator_name": "PROJECTION",
                                                    "cpu_time": 7.2727532390002185,
                                                    "extra_info": {
                                                        "Projections": [
                                                            "#0",
                                                            "#1",
                                                            "#2",
                                                            "#3",
                                                            "__internal_decompress_integral_smallint(#4, 1)"
                                                        ],
                                                        "Estimated Cardinality": "3850116"
                                                    },
                                                    "cumulative_cardinality": 1772432654,
                                                    "operator_type": "PROJECTION",
                                                    "operator_cardinality": 586089518,
                                                    "cumulative_rows_scanned": 7432550,
                                                    "operator_rows_scanned": 0,
                                                    "operator_timing": 0.23471393399996102,
                                                    "result_set_size": 17582685540,
                                                    "children": [
                                                        {
                                                            "operator_name": "FILTER",
                                                            "cpu_time": 7.038039305000257,
                                                            "extra_info": {
                                                                "Expression": "(#1 <= 1416539)",
                                                                "Estimated Cardinality": "3850116"
                                                            },
                                                            "cumulative_cardinality": 1186343136,
                                                            "operator_type": "FILTER",
                                                            "operator_cardinality": 586089518,
                                                            "cumulative_rows_scanned": 7432550,
                                                            "operator_rows_scanned": 0,
                                                            "operator_timing": 1.0609156369999817,
                                                            "result_set_size": 16996596022,
                                                            "children": [
                                                                {
                                                                    "operator_name": "HASH_JOIN",
                                                                    "cpu_time": 5.977123668000275,
                                                                    "extra_info": {
                                                                        "Join Type": "LEFT",
                                                                        "Conditions": "id = userid",
                                                                        "Estimated Cardinality": "3850116"
                                                                    },
                                                                    "cumulative_cardinality": 600253618,
                                                                    "operator_type": "HASH_JOIN",
                                                                    "operator_cardinality": 586089549,
                                                                    "cumulative_rows_scanned": 7432550,
                                                                    "operator_rows_scanned": 0,
                                                                    "operator_timing": 5.468972640000276,
                                                                    "result_set_size": 16996596921,
                                                                    "children": [
                                                                        {
                                                                            "operator_name": "HASH_JOIN",
                                                                            "cpu_time": 0.49034378799999945,
                                                                            "extra_info": {
                                                                                "Join Type": "RIGHT",
                                                                                "Conditions": "owneruserid = id",
                                                                                "Estimated Cardinality": "3850116"
                                                                            },
                                                                            "cumulative_cardinality": 9520621,
                                                                            "operator_type": "HASH_JOIN",
                                                                            "operator_cardinality": 4574495,
                                                                            "cumulative_rows_scanned": 5110826,
                                                                            "operator_rows_scanned": 0,
                                                                            "operator_timing": 0.3062453419999994,
                                                                            "result_set_size": 128085860,
                                                                            "children": [
                                                                                {
                                                                                    "operator_name": "READ_PARQUET ",
                                                                                    "cpu_time": 0.09953676100000007,
                                                                                    "extra_info": {
                                                                                        "Function": "READ_PARQUET",
                                                                                        "Projections": [
                                                                                            "id",
                                                                                            "owneruserid"
                                                                                        ],
                                                                                        "Estimated Cardinality": "3850116"
                                                                                    },
                                                                                    "cumulative_cardinality": 3685416,
                                                                                    "operator_type": "TABLE_SCAN",
                                                                                    "operator_cardinality": 3685416,
                                                                                    "cumulative_rows_scanned": 3850116,
                                                                                    "operator_rows_scanned": 3850116,
                                                                                    "operator_timing": 0.09953676100000007,
                                                                                    "result_set_size": 29483328,
                                                                                    "children": []
                                                                                },
                                                                                {
                                                                                    "operator_name": "READ_PARQUET ",
                                                                                    "cpu_time": 0.08456168499999994,
                                                                                    "extra_info": {
                                                                                        "Function": "READ_PARQUET",
                                                                                        "Projections": [
                                                                                            "id",
                                                                                            "reputation",
                                                                                            "displayname"
                                                                                        ],
                                                                                        "Estimated Cardinality": "1260710"
                                                                                    },
                                                                                    "cumulative_cardinality": 1260710,
                                                                                    "operator_type": "TABLE_SCAN",
                                                                                    "operator_cardinality": 1260710,
                                                                                    "cumulative_rows_scanned": 1260710,
                                                                                    "operator_rows_scanned": 1260710,
                                                                                    "operator_timing": 0.08456168499999994,
                                                                                    "result_set_size": 30257040,
                                                                                    "children": []
                                                                                }
                                                                            ]
                                                                        },
                                                                        {
                                                                            "operator_name": "PROJECTION",
                                                                            "cpu_time": 0.017807240000000016,
                                                                            "extra_info": {
                                                                                "Projections": [
                                                                                    "#0",
                                                                                    "__internal_compress_integral_utinyint(#1, 1)"
                                                                                ],
                                                                                "Estimated Cardinality": "2321724"
                                                                            },
                                                                            "cumulative_cardinality": 4643448,
                                                                            "operator_type": "PROJECTION",
                                                                            "operator_cardinality": 2321724,
                                                                            "cumulative_rows_scanned": 2321724,
                                                                            "operator_rows_scanned": 0,
                                                                            "operator_timing": 0.0006275429999999997,
                                                                            "result_set_size": 11608620,
                                                                            "children": [
                                                                                {
                                                                                    "operator_name": "READ_PARQUET ",
                                                                                    "cpu_time": 0.017179697000000015,
                                                                                    "extra_info": {
                                                                                        "Function": "READ_PARQUET",
                                                                                        "Projections": [
                                                                                            "userid",
                                                                                            "class"
                                                                                        ],
                                                                                        "Estimated Cardinality": "2321724"
                                                                                    },
                                                                                    "cumulative_cardinality": 2321724,
                                                                                    "operator_type": "TABLE_SCAN",
                                                                                    "operator_cardinality": 2321724,
                                                                                    "cumulative_rows_scanned": 2321724,
                                                                                    "operator_rows_scanned": 2321724,
                                                                                    "operator_timing": 0.017179697000000015,
                                                                                    "result_set_size": 13930344,
                                                                                    "children": []
                                                                                }
                                                                            ]
                                                                        }
                                                                    ]
                                                                }
                                                            ]
                                                        }
                                                    ]
                                                }
                                            ]
                                        }
                                    ]
                                },
                                {
                                    "operator_name": "PROJECTION",
                                    "cpu_time": 3.3491835899999973,
                                    "extra_info": {
                                        "Projections": [
                                            "PostId",
                                            "title",
                                            "tags",
                                            "body",
                                            "owneruserid"
                                        ],
                                        "Estimated Cardinality": "154004"
                                    },
                                    "cumulative_cardinality": 436914,
                                    "operator_type": "PROJECTION",
                                    "operator_cardinality": 96,
                                    "cumulative_rows_scanned": 3850116,
                                    "operator_rows_scanned": 0,
                                    "operator_timing": 0.000002214,
                                    "result_set_size": 5376,
                                    "children": [
                                        {
                                            "operator_name": "PROJECTION",
                                            "cpu_time": 3.3491813759999975,
                                            "extra_info": {
                                                "Projections": [
                                                    "#0",
                                                    "#3",
                                                    "#4",
                                                    "#5",
                                                    "#6"
                                                ],
                                                "Estimated Cardinality": "154004"
                                            },
                                            "cumulative_cardinality": 436818,
                                            "operator_type": "PROJECTION",
                                            "operator_cardinality": 96,
                                            "cumulative_rows_scanned": 3850116,
                                            "operator_rows_scanned": 0,
                                            "operator_timing": 0.000002825,
                                            "result_set_size": 5376,
                                            "children": [
                                                {
                                                    "operator_name": "FILTER",
                                                    "cpu_time": 3.3491785509999974,
                                                    "extra_info": {
                                                        "Expression": "((CASE  WHEN ((posttypeid = 1)) THEN ('Question') WHEN ((posttypeid = 2)) THEN ('Answer') WHEN ((posttypeid = 4)) THEN ('TagWikiExcerpt') ELSE 'Other' END = 'Question') AND (contains(lower(body), 'performance') OR contains(lower(body), 'benchmark')))",
                                                        "Estimated Cardinality": "154004"
                                                    },
                                                    "cumulative_cardinality": 436722,
                                                    "operator_type": "FILTER",
                                                    "operator_cardinality": 96,
                                                    "cumulative_rows_scanned": 3850116,
                                                    "operator_rows_scanned": 0,
                                                    "operator_timing": 0.4844174519999999,
                                                    "result_set_size": 7104,
                                                    "children": [
                                                        {
                                                            "operator_name": "PROJECTION",
                                                            "cpu_time": 2.8647610989999976,
                                                            "extra_info": {
                                                                "Projections": [
                                                                    "#0",
                                                                    "#1",
                                                                    "#2",
                                                                    "#3",
                                                                    "#4",
                                                                    "#5",
                                                                    "#6",
                                                                    "#7"
                                                                ],
                                                                "Estimated Cardinality": "770023"
                                                            },
                                                            "cumulative_cardinality": 436626,
                                                            "operator_type": "PROJECTION",
                                                            "operator_cardinality": 145542,
                                                            "cumulative_rows_scanned": 3850116,
                                                            "operator_rows_scanned": 0,
                                                            "operator_timing": 0.000043635,
                                                            "result_set_size": 10770108,
                                                            "children": [
                                                                {
                                                                    "operator_name": "WINDOW",
                                                                    "cpu_time": 2.8647174639999977,
                                                                    "extra_info": {
                                                                        "Projections": "ROW_NUMBER() OVER (PARTITION BY owneruserid ORDER BY creationdate DESC NULLS LAST)"
                                                                    },
                                                                    "cumulative_cardinality": 291084,
                                                                    "operator_type": "WINDOW",
                                                                    "operator_cardinality": 145542,
                                                                    "cumulative_rows_scanned": 3850116,
                                                                    "operator_rows_scanned": 0,
                                                                    "operator_timing": 0.104525504,
                                                                    "result_set_size": 10770108,
                                                                    "children": [
                                                                        {
                                                                            "operator_name": "READ_PARQUET ",
                                                                            "cpu_time": 2.7601919599999976,
                                                                            "extra_info": {
                                                                                "Function": "READ_PARQUET",
                                                                                "Projections": [
                                                                                    "id",
                                                                                    "posttypeid",
                                                                                    "creationdate",
                                                                                    "body",
                                                                                    "owneruserid",
                                                                                    "title",
                                                                                    "tags"
                                                                                ],
                                                                                "Filters": "creationdate>='2023-10-01 12:34:56'::TIMESTAMP",
                                                                                "Estimated Cardinality": "770023"
                                                                            },
                                                                            "cumulative_cardinality": 145542,
                                                                            "operator_type": "TABLE_SCAN",
                                                                            "operator_cardinality": 145542,
                                                                            "cumulative_rows_scanned": 3850116,
                                                                            "operator_rows_scanned": 3850116,
                                                                            "operator_timing": 2.7601919599999976,
                                                                            "result_set_size": 9605772,
                                                                            "children": []
                                                                        }
                                                                    ]
                                                                }
                                                            ]
                                                        }
                                                    ]
                                                }
                                            ]
                                        }
                                    ]
                                }
                            ]
                        }
                    ]
                }
            ]
        }
    ]
}