{
    "rows_returned": 10,
    "query_name": "\nWITH UserReputation AS (\n    SELECT Id, Reputation, LastAccessDate, \n           ROW_NUMBER() OVER (ORDER BY Reputation DESC) AS Rank\n    FROM Users\n    WHERE Reputation IS NOT NULL\n),\nRecentPosts AS (\n    SELECT p.OwnerUserId, p.Id AS PostId, p.CreationDate, \n           COUNT(c.Id) AS CommentCount, SUM(CASE WHEN v.VoteTypeId = 2 THEN 1 ELSE 0 END) AS UpVotes\n    FROM Posts p\n    LEFT JOIN Comments c ON p.Id = c.PostId\n    LEFT JOIN Votes v ON p.Id = v.PostId AND v.VoteTypeId IN (2, 3)\n    WHERE p.CreationDate > (TIMESTAMP '2024-10-01 12:34:56' - INTERVAL '1 month')\n    GROUP BY p.OwnerUserId, p.Id, p.CreationDate\n),\nTopPostAuthors AS (\n    SELECT ur.DisplayName, ur.Reputation, \n           COUNT(rp.PostId) AS TotalPosts, \n           SUM(rp.CommentCount) AS TotalComments,\n           SUM(rp.UpVotes) AS TotalUpVotes\n    FROM RecentPosts rp\n    JOIN Users ur ON rp.OwnerUserId = ur.Id\n    GROUP BY ur.DisplayName, ur.Reputation\n),\nCombinedData AS (\n    SELECT u.Id AS UserId, u.DisplayName, u.Reputation,\n           COALESCE(tpa.TotalPosts, 0) AS TotalPosts,\n           COALESCE(tpa.TotalComments, 0) AS TotalComments,\n           COALESCE(tpa.TotalUpVotes, 0) AS TotalUpVotes\n    FROM Users u\n    LEFT JOIN TopPostAuthors tpa ON u.DisplayName = tpa.DisplayName\n)\nSELECT cd.UserId, cd.DisplayName, cd.Reputation,\n       cd.TotalPosts, cd.TotalComments, cd.TotalUpVotes,\n       CASE \n           WHEN cd.Reputation > 1000 THEN 'High Reputation'\n           WHEN cd.Reputation BETWEEN 500 AND 1000 THEN 'Medium Reputation'\n           ELSE 'Low Reputation'\n       END AS ReputationCategory\nFROM CombinedData cd\nWHERE cd.Reputation IS NOT NULL\nORDER BY cd.Reputation DESC\nLIMIT 10;\n",
    "blocked_thread_time": 0.0,
    "cpu_time": 1.8680678919999996,
    "extra_info": {},
    "cumulative_cardinality": 27968108,
    "cumulative_rows_scanned": 26357451,
    "result_set_size": 800,
    "latency": 2.0657182,
    "children": [
        {
            "operator_name": "STREAMING_LIMIT",
            "cpu_time": 1.8680678919999996,
            "extra_info": {},
            "cumulative_cardinality": 27968108,
            "operator_type": "STREAMING_LIMIT",
            "operator_cardinality": 10,
            "cumulative_rows_scanned": 26357451,
            "operator_rows_scanned": 0,
            "operator_timing": 0.000002344,
            "result_set_size": 800,
            "children": [
                {
                    "operator_name": "ORDER_BY",
                    "cpu_time": 1.8680655479999995,
                    "extra_info": {
                        "Order By": "cd.Reputation DESC"
                    },
                    "cumulative_cardinality": 27968098,
                    "operator_type": "ORDER_BY",
                    "operator_cardinality": 4096,
                    "cumulative_rows_scanned": 26357451,
                    "operator_rows_scanned": 0,
                    "operator_timing": 0.18218809200000013,
                    "result_set_size": 327680,
                    "children": [
                        {
                            "operator_name": "PROJECTION",
                            "cpu_time": 1.6858774559999994,
                            "extra_info": {
                                "Projections": [
                                    "UserId",
                                    "displayname",
                                    "reputation",
                                    "TotalPosts",
                                    "TotalComments",
                                    "TotalUpVotes",
                                    "ReputationCategory"
                                ],
                                "Estimated Cardinality": "1925058"
                            },
                            "cumulative_cardinality": 27964002,
                            "operator_type": "PROJECTION",
                            "operator_cardinality": 1299439,
                            "cumulative_rows_scanned": 26357451,
                            "operator_rows_scanned": 0,
                            "operator_timing": 0.009448897000000003,
                            "result_set_size": 103955120,
                            "children": [
                                {
                                    "operator_name": "PROJECTION",
                                    "cpu_time": 1.6764285589999994,
                                    "extra_info": {
                                        "Projections": [
                                            "UserId",
                                            "displayname",
                                            "reputation",
                                            "TotalPosts",
                                            "TotalComments",
                                            "TotalUpVotes"
                                        ],
                                        "Estimated Cardinality": "1925058"
                                    },
                                    "cumulative_cardinality": 26664563,
                                    "operator_type": "PROJECTION",
                                    "operator_cardinality": 1299439,
                                    "cumulative_rows_scanned": 26357451,
                                    "operator_rows_scanned": 0,
                                    "operator_timing": 0.02992812199999999,
                                    "result_set_size": 83164096,
                                    "children": [
                                        {
                                            "operator_name": "HASH_JOIN",
                                            "cpu_time": 1.6465004369999994,
                                            "extra_info": {
                                                "Join Type": "RIGHT",
                                                "Conditions": "displayname = displayname",
                                                "Estimated Cardinality": "1925058"
                                            },
                                            "cumulative_cardinality": 25365124,
                                            "operator_type": "HASH_JOIN",
                                            "operator_cardinality": 1299439,
                                            "cumulative_rows_scanned": 26357451,
                                            "operator_rows_scanned": 0,
                                            "operator_timing": 0.27178521899999997,
                                            "result_set_size": 83164096,
                                            "children": [
                                                {
                                                    "operator_name": "PROJECTION",
                                                    "cpu_time": 1.2819178969999994,
                                                    "extra_info": {
                                                        "Projections": [
                                                            "displayname",
                                                            "TotalPosts",
                                                            "TotalComments",
                                                            "TotalUpVotes"
                                                        ],
                                                        "Estimated Cardinality": "1925058"
                                                    },
                                                    "cumulative_cardinality": 22804975,
                                                    "operator_type": "PROJECTION",
                                                    "operator_cardinality": 4526,
                                                    "cumulative_rows_scanned": 25096741,
                                                    "operator_rows_scanned": 0,
                                                    "operator_timing": 0.000001724,
                                                    "result_set_size": 253456,
                                                    "children": [
                                                        {
                                                            "operator_name": "HASH_GROUP_BY",
                                                            "cpu_time": 1.2819161729999993,
                                                            "extra_info": {
                                                                "Groups": [
                                                                    "#0",
                                                                    "#1"
                                                                ],
                                                                "Aggregates": [
                                                                    "count_star()",
                                                                    "sum(#2)",
                                                                    "sum(#3)"
                                                                ],
                                                                "Estimated Cardinality": "1925058"
                                                            },
                                                            "cumulative_cardinality": 22800449,
                                                            "operator_type": "HASH_GROUP_BY",
                                                            "operator_cardinality": 4526,
                                                            "cumulative_rows_scanned": 25096741,
                                                            "operator_rows_scanned": 0,
                                                            "operator_timing": 0.0008686030000000001,
                                                            "result_set_size": 271560,
                                                            "children": [
                                                                {
                                                                    "operator_name": "PROJECTION",
                                                                    "cpu_time": 1.2810475699999992,
                                                                    "extra_info": {
                                                                        "Projections": [
                                                                            "displayname",
                                                                            "reputation",
                                                                            "CommentCount",
                                                                            "UpVotes"
                                                                        ],
                                                                        "Estimated Cardinality": "3850116"
                                                                    },
                                                                    "cumulative_cardinality": 22795923,
                                                                    "operator_type": "PROJECTION",
                                                                    "operator_cardinality": 9907,
                                                                    "cumulative_rows_scanned": 25096741,
                                                                    "operator_rows_scanned": 0,
                                                                    "operator_timing": 0.000001955,
                                                                    "result_set_size": 435908,
                                                                    "children": [
                                                                        {
                                                                            "operator_name": "HASH_JOIN",
                                                                            "cpu_time": 1.2810456149999991,
                                                                            "extra_info": {
                                                                                "Join Type": "INNER",
                                                                                "Conditions": "owneruserid = id",
                                                                                "Estimated Cardinality": "3850116"
                                                                            },
                                                                            "cumulative_cardinality": 22786016,
                                                                            "operator_type": "HASH_JOIN",
                                                                            "operator_cardinality": 9907,
                                                                            "cumulative_rows_scanned": 25096741,
                                                                            "operator_rows_scanned": 0,
                                                                            "operator_timing": 0.08293038300000004,
                                                                            "result_set_size": 435908,
                                                                            "children": [
                                                                                {
                                                                                    "operator_name": "PROJECTION",
                                                                                    "cpu_time": 1.0438428979999992,
                                                                                    "extra_info": {
                                                                                        "Projections": [
                                                                                            "owneruserid",
                                                                                            "PostId",
                                                                                            "CommentCount",
                                                                                            "UpVotes"
                                                                                        ],
                                                                                        "Estimated Cardinality": "3850116"
                                                                                    },
                                                                                    "cumulative_cardinality": 21515430,
                                                                                    "operator_type": "PROJECTION",
                                                                                    "operator_cardinality": 9927,
                                                                                    "cumulative_rows_scanned": 23836031,
                                                                                    "operator_rows_scanned": 0,
                                                                                    "operator_timing": 0.000004608999999999999,
                                                                                    "result_set_size": 317664,
                                                                                    "children": [
                                                                                        {
                                                                                            "operator_name": "HASH_GROUP_BY",
                                                                                            "cpu_time": 1.043838288999999,
                                                                                            "extra_info": {
                                                                                                "Groups": [
                                                                                                    "#0",
                                                                                                    "#1",
                                                                                                    "#2"
                                                                                                ],
                                                                                                "Aggregates": [
                                                                                                    "count(#3)",
                                                                                                    "sum(#4)"
                                                                                                ],
                                                                                                "Estimated Cardinality": "3850116"
                                                                                            },
                                                                                            "cumulative_cardinality": 21505503,
                                                                                            "operator_type": "HASH_GROUP_BY",
                                                                                            "operator_cardinality": 9927,
                                                                                            "cumulative_rows_scanned": 23836031,
                                                                                            "operator_rows_scanned": 0,
                                                                                            "operator_timing": 0.0029408710000000003,
                                                                                            "result_set_size": 397080,
                                                                                            "children": [
                                                                                                {
                                                                                                    "operator_name": "PROJECTION",
                                                                                                    "cpu_time": 1.040897417999999,
                                                                                                    "extra_info": {
                                                                                                        "Projections": [
                                                                                                            "owneruserid",
                                                                                                            "id",
                                                                                                            "creationdate",
                                                                                                            "id",
                                                                                                            "CASE  WHEN ((votetypeid = 2)) THEN (1) ELSE 0 END"
                                                                                                        ],
                                                                                                        "Estimated Cardinality": "7241822"
                                                                                                    },
                                                                                                    "cumulative_cardinality": 21495576,
                                                                                                    "operator_type": "PROJECTION",
                                                                                                    "operator_cardinality": 62198,
                                                                                                    "cumulative_rows_scanned": 23836031,
                                                                                                    "operator_rows_scanned": 0,
                                                                                                    "operator_timing": 0.00015097800000000002,
                                                                                                    "result_set_size": 1492752,
                                                                                                    "children": [
                                                                                                        {
                                                                                                            "operator_name": "PROJECTION",
                                                                                                            "cpu_time": 1.040746439999999,
                                                                                                            "extra_info": {
                                                                                                                "Projections": [
                                                                                                                    "#0",
                                                                                                                    "#1",
                                                                                                                    "#2",
                                                                                                                    "#3",
                                                                                                                    "__internal_decompress_integral_smallint(#4, 2)"
                                                                                                                ],
                                                                                                                "Estimated Cardinality": "7241822"
                                                                                                            },
                                                                                                            "cumulative_cardinality": 21433378,
                                                                                                            "operator_type": "PROJECTION",
                                                                                                            "operator_cardinality": 62198,
                                                                                                            "cumulative_rows_scanned": 23836031,
                                                                                                            "operator_rows_scanned": 0,
                                                                                                            "operator_timing": 0.00004287800000000001,
                                                                                                            "result_set_size": 1368356,
                                                                                                            "children": [
                                                                                                                {
                                                                                                                    "operator_name": "HASH_JOIN",
                                                                                                                    "cpu_time": 1.0407035619999991,
                                                                                                                    "extra_info": {
                                                                                                                        "Join Type": "LEFT",
                                                                                                                        "Conditions": "id = postid",
                                                                                                                        "Estimated Cardinality": "7241822"
                                                                                                                    },
                                                                                                                    "cumulative_cardinality": 21371180,
                                                                                                                    "operator_type": "HASH_JOIN",
                                                                                                                    "operator_cardinality": 62198,
                                                                                                                    "cumulative_rows_scanned": 23836031,
                                                                                                                    "operator_rows_scanned": 0,
                                                                                                                    "operator_timing": 0.7363115439999997,
                                                                                                                    "result_set_size": 1306158,
                                                                                                                    "children": [
                                                                                                                        {
                                                                                                                            "operator_name": "HASH_JOIN",
                                                                                                                            "cpu_time": 0.033928928000000004,
                                                                                                                            "extra_info": {
                                                                                                                                "Join Type": "RIGHT",
                                                                                                                                "Conditions": "postid = id",
                                                                                                                                "Estimated Cardinality": "7241822"
                                                                                                                            },
                                                                                                                            "cumulative_cardinality": 53256,
                                                                                                                            "operator_type": "HASH_JOIN",
                                                                                                                            "operator_cardinality": 23844,
                                                                                                                            "cumulative_rows_scanned": 11091938,
                                                                                                                            "operator_rows_scanned": 0,
                                                                                                                            "operator_timing": 0.0015128950000000002,
                                                                                                                            "result_set_size": 476880,
                                                                                                                            "children": [
                                                                                                                                {
                                                                                                                                    "operator_name": "READ_PARQUET ",
                                                                                                                                    "cpu_time": 0.012771291000000002,
                                                                                                                                    "extra_info": {
                                                                                                                                        "Function": "READ_PARQUET",
                                                                                                                                        "Projections": [
                                                                                                                                            "id",
                                                                                                                                            "postid"
                                                                                                                                        ],
                                                                                                                                        "Estimated Cardinality": "7241822"
                                                                                                                                    },
                                                                                                                                    "cumulative_cardinality": 19485,
                                                                                                                                    "operator_type": "TABLE_SCAN",
                                                                                                                                    "operator_cardinality": 19485,
                                                                                                                                    "cumulative_rows_scanned": 7241822,
                                                                                                                                    "operator_rows_scanned": 7241822,
                                                                                                                                    "operator_timing": 0.012771291000000002,
                                                                                                                                    "result_set_size": 155880,
                                                                                                                                    "children": []
                                                                                                                                },
                                                                                                                                {
                                                                                                                                    "operator_name": "READ_PARQUET ",
                                                                                                                                    "cpu_time": 0.019644742,
                                                                                                                                    "extra_info": {
                                                                                                                                        "Function": "READ_PARQUET",
                                                                                                                                        "Projections": [
                                                                                                                                            "id",
                                                                                                                                            "creationdate",
                                                                                                                                            "owneruserid"
                                                                                                                                        ],
                                                                                                                                        "Filters": "creationdate>'2024-09-01 12:34:56'::TIMESTAMP",
                                                                                                                                        "Estimated Cardinality": "770023"
                                                                                                                                    },
                                                                                                                                    "cumulative_cardinality": 9927,
                                                                                                                                    "operator_type": "TABLE_SCAN",
                                                                                                                                    "operator_cardinality": 9927,
                                                                                                                                    "cumulative_rows_scanned": 3850116,
                                                                                                                                    "operator_rows_scanned": 3850116,
                                                                                                                                    "operator_timing": 0.019644742,
                                                                                                                                    "result_set_size": 158832,
                                                                                                                                    "children": []
                                                                                                                                }
                                                                                                                            ]
                                                                                                                        },
                                                                                                                        {
                                                                                                                            "operator_name": "PROJECTION",
                                                                                                                            "cpu_time": 0.2704630899999994,
                                                                                                                            "extra_info": {
                                                                                                                                "Projections": [
                                                                                                                                    "#0",
                                                                                                                                    "__internal_compress_integral_utinyint(#1, 2)"
                                                                                                                                ],
                                                                                                                                "Estimated Cardinality": "2548818"
                                                                                                                            },
                                                                                                                            "cumulative_cardinality": 21255726,
                                                                                                                            "operator_type": "PROJECTION",
                                                                                                                            "operator_cardinality": 10627863,
                                                                                                                            "cumulative_rows_scanned": 12744093,
                                                                                                                            "operator_rows_scanned": 0,
                                                                                                                            "operator_timing": 0.003445674999999939,
                                                                                                                            "result_set_size": 53139315,
                                                                                                                            "children": [
                                                                                                                                {
                                                                                                                                    "operator_name": "READ_PARQUET ",
                                                                                                                                    "cpu_time": 0.2670174149999995,
                                                                                                                                    "extra_info": {
                                                                                                                                        "Function": "READ_PARQUET",
                                                                                                                                        "Projections": [
                                                                                                                                            "postid",
                                                                                                                                            "votetypeid"
                                                                                                                                        ],
                                                                                                                                        "Filters": "votetypeid>=2 AND votetypeid<=3",
                                                                                                                                        "Estimated Cardinality": "2548818"
                                                                                                                                    },
                                                                                                                                    "cumulative_cardinality": 10627863,
                                                                                                                                    "operator_type": "TABLE_SCAN",
                                                                                                                                    "operator_cardinality": 10627863,
                                                                                                                                    "cumulative_rows_scanned": 12744093,
                                                                                                                                    "operator_rows_scanned": 12744093,
                                                                                                                                    "operator_timing": 0.2670174149999995,
                                                                                                                                    "result_set_size": 63767178,
                                                                                                                                    "children": []
                                                                                                                                }
                                                                                                                            ]
                                                                                                                        }
                                                                                                                    ]
                                                                                                                }
                                                                                                            ]
                                                                                                        }
                                                                                                    ]
                                                                                                }
                                                                                            ]
                                                                                        }
                                                                                    ]
                                                                                },
                                                                                {
                                                                                    "operator_name": "READ_PARQUET ",
                                                                                    "cpu_time": 0.15427233399999984,
                                                                                    "extra_info": {
                                                                                        "Function": "READ_PARQUET",
                                                                                        "Projections": [
                                                                                            "id",
                                                                                            "reputation",
                                                                                            "displayname"
                                                                                        ],
                                                                                        "Filters": "id<=1416539",
                                                                                        "Estimated Cardinality": "1260710"
                                                                                    },
                                                                                    "cumulative_cardinality": 1260679,
                                                                                    "operator_type": "TABLE_SCAN",
                                                                                    "operator_cardinality": 1260679,
                                                                                    "cumulative_rows_scanned": 1260710,
                                                                                    "operator_rows_scanned": 1260710,
                                                                                    "operator_timing": 0.15427233399999984,
                                                                                    "result_set_size": 30256296,
                                                                                    "children": []
                                                                                }
                                                                            ]
                                                                        }
                                                                    ]
                                                                }
                                                            ]
                                                        }
                                                    ]
                                                },
                                                {
                                                    "operator_name": "READ_PARQUET ",
                                                    "cpu_time": 0.09279732099999995,
                                                    "extra_info": {
                                                        "Function": "READ_PARQUET",
                                                        "Projections": [
                                                            "id",
                                                            "reputation",
                                                            "displayname"
                                                        ],
                                                        "Estimated Cardinality": "252142"
                                                    },
                                                    "cumulative_cardinality": 1260710,
                                                    "operator_type": "TABLE_SCAN",
                                                    "operator_cardinality": 1260710,
                                                    "cumulative_rows_scanned": 1260710,
                                                    "operator_rows_scanned": 1260710,
                                                    "operator_timing": 0.09279732099999995,
                                                    "result_set_size": 30257040,
                                                    "children": []
                                                }
                                            ]
                                        }
                                    ]
                                }
                            ]
                        }
                    ]
                }
            ]
        }
    ]
}