{
    "rows_returned": 13,
    "query_name": "WITH UserBadges AS (\n    SELECT \n        U.Id AS UserId,\n        U.DisplayName,\n        COUNT(B.Id) AS BadgeCount,\n        STRING_AGG(DISTINCT B.Name, ', ') AS BadgeNames\n    FROM \n        Users U\n    LEFT JOIN \n        Badges B ON U.Id = B.UserId\n    GROUP BY \n        U.Id, U.DisplayName\n),\n\nTopPosts AS (\n    SELECT \n        P.Id AS PostId,\n        P.Title,\n        P.ViewCount,\n        P.Score,\n        P.Tags,\n        P.CreationDate,\n        U.DisplayName AS OwnerDisplayName,\n        COALESCE( (SELECT COUNT(*) FROM Comments C WHERE C.PostId = P.Id), 0) AS CommentCount\n    FROM \n        Posts P\n    JOIN \n        Users U ON P.OwnerUserId = U.Id\n    WHERE \n        P.PostTypeId = 1 \n    ORDER BY \n        P.ViewCount DESC\n    LIMIT 10\n),\n\nVoteCounts AS (\n    SELECT \n        V.PostId,\n        SUM(CASE WHEN V.VoteTypeId = 2 THEN 1 ELSE 0 END) AS UpVotes,\n        SUM(CASE WHEN V.VoteTypeId = 3 THEN 1 ELSE 0 END) AS DownVotes,\n        COUNT(V.Id) AS TotalVotes\n    FROM \n        Votes V\n    GROUP BY \n        V.PostId\n)\n\nSELECT \n    UpP.Title AS PostTitle,\n    UpP.OwnerDisplayName,\n    UpP.ViewCount AS PostViews,\n    UpP.Score AS PostScore,\n    UpV.UpVotes,\n    UpV.DownVotes,\n    UpV.TotalVotes,\n    UB.BadgeCount,\n    UB.BadgeNames\nFROM \n    TopPosts UpP\nLEFT JOIN \n    VoteCounts UpV ON UpP.PostId = UpV.PostId\nLEFT JOIN \n    UserBadges UB ON UpP.OwnerDisplayName = UB.DisplayName\nWHERE \n    UpP.CommentCount > 5\nORDER BY \n    UpP.Score DESC, UpVotes DESC;",
    "blocked_thread_time": 0.0,
    "cpu_time": 4.514854944999998,
    "extra_info": {},
    "cumulative_cardinality": 79129111,
    "cumulative_rows_scanned": 28679175,
    "result_set_size": 1352,
    "latency": 5.589298753,
    "children": [
        {
            "operator_name": "PROJECTION",
            "cpu_time": 4.514854944999998,
            "extra_info": {
                "Projections": [
                    "#0",
                    "#1",
                    "#2",
                    "__internal_decompress_integral_integer(#3, -72)",
                    "#4",
                    "#5",
                    "#6",
                    "#7",
                    "#8"
                ],
                "Estimated Cardinality": "6372046"
            },
            "cumulative_cardinality": 79129111,
            "operator_type": "PROJECTION",
            "operator_cardinality": 13,
            "cumulative_rows_scanned": 28679175,
            "operator_rows_scanned": 0,
            "operator_timing": 0.000002696,
            "result_set_size": 1352,
            "children": [
                {
                    "operator_name": "ORDER_BY",
                    "cpu_time": 4.514852248999998,
                    "extra_info": {
                        "Order By": [
                            "UpP.Score DESC",
                            "UpV.UpVotes DESC"
                        ]
                    },
                    "cumulative_cardinality": 79129098,
                    "operator_type": "ORDER_BY",
                    "operator_cardinality": 13,
                    "cumulative_rows_scanned": 28679175,
                    "operator_rows_scanned": 0,
                    "operator_timing": 0.000090038,
                    "result_set_size": 1326,
                    "children": [
                        {
                            "operator_name": "PROJECTION",
                            "cpu_time": 4.514762210999998,
                            "extra_info": {
                                "Projections": [
                                    "#0",
                                    "#1",
                                    "#2",
                                    "__internal_compress_integral_usmallint(#3, -72)",
                                    "#4",
                                    "#5",
                                    "#6",
                                    "#7",
                                    "#8"
                                ],
                                "Estimated Cardinality": "6372046"
                            },
                            "cumulative_cardinality": 79129085,
                            "operator_type": "PROJECTION",
                            "operator_cardinality": 13,
                            "cumulative_rows_scanned": 28679175,
                            "operator_rows_scanned": 0,
                            "operator_timing": 0.000007554,
                            "result_set_size": 1326,
                            "children": [
                                {
                                    "operator_name": "PROJECTION",
                                    "cpu_time": 4.514754656999998,
                                    "extra_info": {
                                        "Projections": [
                                            "PostTitle",
                                            "OwnerDisplayName",
                                            "PostViews",
                                            "PostScore",
                                            "UpVotes",
                                            "DownVotes",
                                            "TotalVotes",
                                            "BadgeCount",
                                            "BadgeNames"
                                        ],
                                        "Estimated Cardinality": "6372046"
                                    },
                                    "cumulative_cardinality": 79129072,
                                    "operator_type": "PROJECTION",
                                    "operator_cardinality": 13,
                                    "cumulative_rows_scanned": 28679175,
                                    "operator_rows_scanned": 0,
                                    "operator_timing": 0.000004308,
                                    "result_set_size": 1352,
                                    "children": [
                                        {
                                            "operator_name": "HASH_JOIN",
                                            "cpu_time": 4.514750348999998,
                                            "extra_info": {
                                                "Join Type": "LEFT",
                                                "Conditions": "OwnerDisplayName = displayname",
                                                "Estimated Cardinality": "6372046"
                                            },
                                            "cumulative_cardinality": 79129059,
                                            "operator_type": "HASH_JOIN",
                                            "operator_cardinality": 13,
                                            "cumulative_rows_scanned": 28679175,
                                            "operator_rows_scanned": 0,
                                            "operator_timing": 0.11705444900000002,
                                            "result_set_size": 1352,
                                            "children": [
                                                {
                                                    "operator_name": "HASH_JOIN",
                                                    "cpu_time": 3.2653080989999985,
                                                    "extra_info": {
                                                        "Join Type": "RIGHT",
                                                        "Conditions": "postid = PostId",
                                                        "Estimated Cardinality": "6372046"
                                                    },
                                                    "cumulative_cardinality": 66958366,
                                                    "operator_type": "HASH_JOIN",
                                                    "operator_cardinality": 5,
                                                    "cumulative_rows_scanned": 25096741,
                                                    "operator_rows_scanned": 0,
                                                    "operator_timing": 0.013217837999999963,
                                                    "result_set_size": 400,
                                                    "children": [
                                                        {
                                                            "operator_name": "HASH_GROUP_BY",
                                                            "cpu_time": 1.1569992449999982,
                                                            "extra_info": {
                                                                "Groups": "#0",
                                                                "Aggregates": [
                                                                    "sum(#1)",
                                                                    "sum(#2)",
                                                                    "count_star()"
                                                                ],
                                                                "Estimated Cardinality": "6372046"
                                                            },
                                                            "cumulative_cardinality": 29453413,
                                                            "operator_type": "HASH_GROUP_BY",
                                                            "operator_cardinality": 3965227,
                                                            "cumulative_rows_scanned": 12744093,
                                                            "operator_rows_scanned": 0,
                                                            "operator_timing": 0.857047744999998,
                                                            "result_set_size": 174469988,
                                                            "children": [
                                                                {
                                                                    "operator_name": "PROJECTION",
                                                                    "cpu_time": 0.29995150000000015,
                                                                    "extra_info": {
                                                                        "Projections": [
                                                                            "postid",
                                                                            "CASE  WHEN ((votetypeid = 2)) THEN (1) ELSE 0 END",
                                                                            "CASE  WHEN ((votetypeid = 3)) THEN (1) ELSE 0 END"
                                                                        ],
                                                                        "Estimated Cardinality": "12744093"
                                                                    },
                                                                    "cumulative_cardinality": 25488186,
                                                                    "operator_type": "PROJECTION",
                                                                    "operator_cardinality": 12744093,
                                                                    "cumulative_rows_scanned": 12744093,
                                                                    "operator_rows_scanned": 0,
                                                                    "operator_timing": 0.10217060900000013,
                                                                    "result_set_size": 152929116,
                                                                    "children": [
                                                                        {
                                                                            "operator_name": "READ_PARQUET ",
                                                                            "cpu_time": 0.19778089100000001,
                                                                            "extra_info": {
                                                                                "Function": "READ_PARQUET",
                                                                                "Projections": [
                                                                                    "id",
                                                                                    "postid",
                                                                                    "votetypeid"
                                                                                ],
                                                                                "Estimated Cardinality": "12744093"
                                                                            },
                                                                            "cumulative_cardinality": 12744093,
                                                                            "operator_type": "TABLE_SCAN",
                                                                            "operator_cardinality": 12744093,
                                                                            "cumulative_rows_scanned": 12744093,
                                                                            "operator_rows_scanned": 12744093,
                                                                            "operator_timing": 0.19778089100000001,
                                                                            "result_set_size": 127440930,
                                                                            "children": []
                                                                        }
                                                                    ]
                                                                }
                                                            ]
                                                        },
                                                        {
                                                            "operator_name": "PROJECTION",
                                                            "cpu_time": 2.0950910160000005,
                                                            "extra_info": {
                                                                "Projections": [
                                                                    "#0",
                                                                    "#1",
                                                                    "#2",
                                                                    "#3",
                                                                    "#4"
                                                                ],
                                                                "Estimated Cardinality": "10"
                                                            },
                                                            "cumulative_cardinality": 37504948,
                                                            "operator_type": "PROJECTION",
                                                            "operator_cardinality": 5,
                                                            "cumulative_rows_scanned": 12352648,
                                                            "operator_rows_scanned": 0,
                                                            "operator_timing": 3.21e-7,
                                                            "result_set_size": 220,
                                                            "children": [
                                                                {
                                                                    "operator_name": "FILTER",
                                                                    "cpu_time": 2.0950906950000006,
                                                                    "extra_info": {
                                                                        "Expression": "(CommentCount > 5)",
                                                                        "Estimated Cardinality": "10"
                                                                    },
                                                                    "cumulative_cardinality": 37504943,
                                                                    "operator_type": "FILTER",
                                                                    "operator_cardinality": 5,
                                                                    "cumulative_rows_scanned": 12352648,
                                                                    "operator_rows_scanned": 0,
                                                                    "operator_timing": 0.000011662,
                                                                    "result_set_size": 260,
                                                                    "children": [
                                                                        {
                                                                            "operator_name": "STREAMING_LIMIT",
                                                                            "cpu_time": 2.0950790330000006,
                                                                            "extra_info": {},
                                                                            "cumulative_cardinality": 37504938,
                                                                            "operator_type": "STREAMING_LIMIT",
                                                                            "operator_cardinality": 10,
                                                                            "cumulative_rows_scanned": 12352648,
                                                                            "operator_rows_scanned": 0,
                                                                            "operator_timing": 0.000002254,
                                                                            "result_set_size": 520,
                                                                            "children": [
                                                                                {
                                                                                    "operator_name": "PROJECTION",
                                                                                    "cpu_time": 2.0950767790000007,
                                                                                    "extra_info": {
                                                                                        "Projections": [
                                                                                            "#0",
                                                                                            "#1",
                                                                                            "#2",
                                                                                            "__internal_decompress_integral_integer(#3, -72)",
                                                                                            "#4",
                                                                                            "#5"
                                                                                        ],
                                                                                        "Estimated Cardinality": "770023"
                                                                                    },
                                                                                    "cumulative_cardinality": 37504928,
                                                                                    "operator_type": "PROJECTION",
                                                                                    "operator_cardinality": 4096,
                                                                                    "cumulative_rows_scanned": 12352648,
                                                                                    "operator_rows_scanned": 0,
                                                                                    "operator_timing": 0.000008866,
                                                                                    "result_set_size": 212992,
                                                                                    "children": [
                                                                                        {
                                                                                            "operator_name": "ORDER_BY",
                                                                                            "cpu_time": 2.0950679130000007,
                                                                                            "extra_info": {
                                                                                                "Order By": "P.ViewCount DESC"
                                                                                            },
                                                                                            "cumulative_cardinality": 37500832,
                                                                                            "operator_type": "ORDER_BY",
                                                                                            "operator_cardinality": 4096,
                                                                                            "cumulative_rows_scanned": 12352648,
                                                                                            "operator_rows_scanned": 0,
                                                                                            "operator_timing": 0.13471979199999978,
                                                                                            "result_set_size": 204800,
                                                                                            "children": [
                                                                                                {
                                                                                                    "operator_name": "PROJECTION",
                                                                                                    "cpu_time": 1.960348121000001,
                                                                                                    "extra_info": {
                                                                                                        "Projections": [
                                                                                                            "#0",
                                                                                                            "#1",
                                                                                                            "#2",
                                                                                                            "__internal_compress_integral_usmallint(#3, -72)",
                                                                                                            "#4",
                                                                                                            "#5"
                                                                                                        ],
                                                                                                        "Estimated Cardinality": "770023"
                                                                                                    },
                                                                                                    "cumulative_cardinality": 37496736,
                                                                                                    "operator_type": "PROJECTION",
                                                                                                    "operator_cardinality": 1589663,
                                                                                                    "cumulative_rows_scanned": 12352648,
                                                                                                    "operator_rows_scanned": 0,
                                                                                                    "operator_timing": 0.0011576969999999992,
                                                                                                    "result_set_size": 79483150,
                                                                                                    "children": [
                                                                                                        {
                                                                                                            "operator_name": "PROJECTION",
                                                                                                            "cpu_time": 1.959190424000001,
                                                                                                            "extra_info": {
                                                                                                                "Projections": [
                                                                                                                    "PostId",
                                                                                                                    "title",
                                                                                                                    "viewcount",
                                                                                                                    "score",
                                                                                                                    "OwnerDisplayName",
                                                                                                                    "CommentCount"
                                                                                                                ],
                                                                                                                "Estimated Cardinality": "770023"
                                                                                                            },
                                                                                                            "cumulative_cardinality": 35907073,
                                                                                                            "operator_type": "PROJECTION",
                                                                                                            "operator_cardinality": 1589663,
                                                                                                            "cumulative_rows_scanned": 12352648,
                                                                                                            "operator_rows_scanned": 0,
                                                                                                            "operator_timing": 0.008035701999999994,
                                                                                                            "result_set_size": 82662476,
                                                                                                            "children": [
                                                                                                                {
                                                                                                                    "operator_name": "LEFT_DELIM_JOIN",
                                                                                                                    "cpu_time": 1.9511547220000012,
                                                                                                                    "extra_info": {
                                                                                                                        "Join Type": "SINGLE",
                                                                                                                        "Conditions": "id IS NOT DISTINCT FROM id",
                                                                                                                        "Estimated Cardinality": "770023",
                                                                                                                        "Delim Index": "1"
                                                                                                                    },
                                                                                                                    "cumulative_cardinality": 34317410,
                                                                                                                    "operator_type": "LEFT_DELIM_JOIN",
                                                                                                                    "operator_cardinality": 0,
                                                                                                                    "cumulative_rows_scanned": 12352648,
                                                                                                                    "operator_rows_scanned": 0,
                                                                                                                    "operator_timing": 0.25069398100000007,
                                                                                                                    "result_set_size": 0,
                                                                                                                    "children": [
                                                                                                                        {
                                                                                                                            "operator_name": "HASH_JOIN",
                                                                                                                            "cpu_time": 0.8371935559999999,
                                                                                                                            "extra_info": {
                                                                                                                                "Join Type": "INNER",
                                                                                                                                "Conditions": "id = owneruserid",
                                                                                                                                "Estimated Cardinality": "770023"
                                                                                                                            },
                                                                                                                            "cumulative_cardinality": 4518504,
                                                                                                                            "operator_type": "HASH_JOIN",
                                                                                                                            "operator_cardinality": 1589663,
                                                                                                                            "cumulative_rows_scanned": 5110826,
                                                                                                                            "operator_rows_scanned": 0,
                                                                                                                            "operator_timing": 0.26552463599999987,
                                                                                                                            "result_set_size": 69945172,
                                                                                                                            "children": [
                                                                                                                                {
                                                                                                                                    "operator_name": "READ_PARQUET ",
                                                                                                                                    "cpu_time": 0.08929183300000004,
                                                                                                                                    "extra_info": {
                                                                                                                                        "Function": "READ_PARQUET",
                                                                                                                                        "Projections": [
                                                                                                                                            "id",
                                                                                                                                            "displayname"
                                                                                                                                        ],
                                                                                                                                        "Filters": "id<=1416539",
                                                                                                                                        "Estimated Cardinality": "1260710"
                                                                                                                                    },
                                                                                                                                    "cumulative_cardinality": 1260677,
                                                                                                                                    "operator_type": "TABLE_SCAN",
                                                                                                                                    "operator_cardinality": 1260677,
                                                                                                                                    "cumulative_rows_scanned": 1260710,
                                                                                                                                    "operator_rows_scanned": 1260710,
                                                                                                                                    "operator_timing": 0.08929183300000004,
                                                                                                                                    "result_set_size": 25213540,
                                                                                                                                    "children": []
                                                                                                                                },
                                                                                                                                {
                                                                                                                                    "operator_name": "READ_PARQUET ",
                                                                                                                                    "cpu_time": 0.482377087,
                                                                                                                                    "extra_info": {
                                                                                                                                        "Function": "READ_PARQUET",
                                                                                                                                        "Projections": [
                                                                                                                                            "id",
                                                                                                                                            "score",
                                                                                                                                            "viewcount",
                                                                                                                                            "owneruserid",
                                                                                                                                            "title"
                                                                                                                                        ],
                                                                                                                                        "Filters": "posttypeid=1",
                                                                                                                                        "Estimated Cardinality": "770023"
                                                                                                                                    },
                                                                                                                                    "cumulative_cardinality": 1668164,
                                                                                                                                    "operator_type": "TABLE_SCAN",
                                                                                                                                    "operator_cardinality": 1668164,
                                                                                                                                    "cumulative_rows_scanned": 3850116,
                                                                                                                                    "operator_rows_scanned": 3850116,
                                                                                                                                    "operator_timing": 0.482377087,
                                                                                                                                    "result_set_size": 53381248,
                                                                                                                                    "children": []
                                                                                                                                }
                                                                                                                            ]
                                                                                                                        },
                                                                                                                        {
                                                                                                                            "operator_name": "HASH_JOIN",
                                                                                                                            "cpu_time": 0.8519308850000014,
                                                                                                                            "extra_info": {
                                                                                                                                "Join Type": "SINGLE",
                                                                                                                                "Conditions": "id IS NOT DISTINCT FROM id",
                                                                                                                                "Estimated Cardinality": "770023"
                                                                                                                            },
                                                                                                                            "cumulative_cardinality": 26619580,
                                                                                                                            "operator_type": "HASH_JOIN",
                                                                                                                            "operator_cardinality": 1589663,
                                                                                                                            "cumulative_rows_scanned": 7241822,
                                                                                                                            "operator_rows_scanned": 0,
                                                                                                                            "operator_timing": 0.17705563300000013,
                                                                                                                            "result_set_size": 82662476,
                                                                                                                            "children": [
                                                                                                                                {
                                                                                                                                    "operator_name": "COLUMN_DATA_SCAN",
                                                                                                                                    "cpu_time": 0.008458458000000006,
                                                                                                                                    "extra_info": {
                                                                                                                                        "Estimated Cardinality": "770023"
                                                                                                                                    },
                                                                                                                                    "cumulative_cardinality": 1589663,
                                                                                                                                    "operator_type": "COLUMN_DATA_SCAN",
                                                                                                                                    "operator_cardinality": 1589663,
                                                                                                                                    "cumulative_rows_scanned": 0,
                                                                                                                                    "operator_rows_scanned": 0,
                                                                                                                                    "operator_timing": 0.008458458000000006,
                                                                                                                                    "result_set_size": 69945172,
                                                                                                                                    "children": []
                                                                                                                                },
                                                                                                                                {
                                                                                                                                    "operator_name": "PROJECTION",
                                                                                                                                    "cpu_time": 0.6664167940000012,
                                                                                                                                    "extra_info": {
                                                                                                                                        "Projections": [
                                                                                                                                            "CASE  WHEN ((count_star() IS NULL)) THEN (0) ELSE count_star() END",
                                                                                                                                            "id"
                                                                                                                                        ],
                                                                                                                                        "Estimated Cardinality": "385011"
                                                                                                                                    },
                                                                                                                                    "cumulative_cardinality": 23440254,
                                                                                                                                    "operator_type": "PROJECTION",
                                                                                                                                    "operator_cardinality": 1589663,
                                                                                                                                    "cumulative_rows_scanned": 7241822,
                                                                                                                                    "operator_rows_scanned": 0,
                                                                                                                                    "operator_timing": 0.002515678000000001,
                                                                                                                                    "result_set_size": 19075956,
                                                                                                                                    "children": [
                                                                                                                                        {
                                                                                                                                            "operator_name": "HASH_JOIN",
                                                                                                                                            "cpu_time": 0.6639011160000012,
                                                                                                                                            "extra_info": {
                                                                                                                                                "Join Type": "RIGHT",
                                                                                                                                                "Conditions": "#0 IS NOT DISTINCT FROM id",
                                                                                                                                                "Estimated Cardinality": "385011"
                                                                                                                                            },
                                                                                                                                            "cumulative_cardinality": 21850591,
                                                                                                                                            "operator_type": "HASH_JOIN",
                                                                                                                                            "operator_cardinality": 1589663,
                                                                                                                                            "cumulative_rows_scanned": 7241822,
                                                                                                                                            "operator_rows_scanned": 0,
                                                                                                                                            "operator_timing": 0.14627272100000002,
                                                                                                                                            "result_set_size": 19075956,
                                                                                                                                            "children": [
                                                                                                                                                {
                                                                                                                                                    "operator_name": "HASH_GROUP_BY",
                                                                                                                                                    "cpu_time": 0.5176283950000012,
                                                                                                                                                    "extra_info": {
                                                                                                                                                        "Groups": "#0",
                                                                                                                                                        "Aggregates": "count_star()",
                                                                                                                                                        "Estimated Cardinality": "362090"
                                                                                                                                                    },
                                                                                                                                                    "cumulative_cardinality": 20260928,
                                                                                                                                                    "operator_type": "HASH_GROUP_BY",
                                                                                                                                                    "operator_cardinality": 1110063,
                                                                                                                                                    "cumulative_rows_scanned": 7241822,
                                                                                                                                                    "operator_rows_scanned": 0,
                                                                                                                                                    "operator_timing": 0.13441537500000011,
                                                                                                                                                    "result_set_size": 13320756,
                                                                                                                                                    "children": [
                                                                                                                                                        {
                                                                                                                                                            "operator_name": "PROJECTION",
                                                                                                                                                            "cpu_time": 0.3832130200000011,
                                                                                                                                                            "extra_info": {
                                                                                                                                                                "Projections": "id",
                                                                                                                                                                "Estimated Cardinality": "724181"
                                                                                                                                                            },
                                                                                                                                                            "cumulative_cardinality": 19150865,
                                                                                                                                                            "operator_type": "PROJECTION",
                                                                                                                                                            "operator_cardinality": 3969681,
                                                                                                                                                            "cumulative_rows_scanned": 7241822,
                                                                                                                                                            "operator_rows_scanned": 0,
                                                                                                                                                            "operator_timing": 0.0005342539999999931,
                                                                                                                                                            "result_set_size": 15878724,
                                                                                                                                                            "children": [
                                                                                                                                                                {
                                                                                                                                                                    "operator_name": "PROJECTION",
                                                                                                                                                                    "cpu_time": 0.3826787660000011,
                                                                                                                                                                    "extra_info": {
                                                                                                                                                                        "Projections": "id",
                                                                                                                                                                        "Estimated Cardinality": "724181"
                                                                                                                                                                    },
                                                                                                                                                                    "cumulative_cardinality": 15181184,
                                                                                                                                                                    "operator_type": "PROJECTION",
                                                                                                                                                                    "operator_cardinality": 3969681,
                                                                                                                                                                    "cumulative_rows_scanned": 7241822,
                                                                                                                                                                    "operator_rows_scanned": 0,
                                                                                                                                                                    "operator_timing": 0.0006325000000000044,
                                                                                                                                                                    "result_set_size": 15878724,
                                                                                                                                                                    "children": [
                                                                                                                                                                        {
                                                                                                                                                                            "operator_name": "HASH_JOIN",
                                                                                                                                                                            "cpu_time": 0.38204626600000113,
                                                                                                                                                                            "extra_info": {
                                                                                                                                                                                "Join Type": "INNER",
                                                                                                                                                                                "Conditions": "postid = id",
                                                                                                                                                                                "Estimated Cardinality": "724181"
                                                                                                                                                                            },
                                                                                                                                                                            "cumulative_cardinality": 11211503,
                                                                                                                                                                            "operator_type": "HASH_JOIN",
                                                                                                                                                                            "operator_cardinality": 3969681,
                                                                                                                                                                            "cumulative_rows_scanned": 7241822,
                                                                                                                                                                            "operator_rows_scanned": 0,
                                                                                                                                                                            "operator_timing": 0.3015874410000013,
                                                                                                                                                                            "result_set_size": 31757448,
                                                                                                                                                                            "children": [
                                                                                                                                                                                {
                                                                                                                                                                                    "operator_name": "READ_PARQUET ",
                                                                                                                                                                                    "cpu_time": 0.08045882499999985,
                                                                                                                                                                                    "extra_info": {
                                                                                                                                                                                        "Function": "READ_PARQUET",
                                                                                                                                                                                        "Projections": "postid",
                                                                                                                                                                                        "Estimated Cardinality": "7241822"
                                                                                                                                                                                    },
                                                                                                                                                                                    "cumulative_cardinality": 7241822,
                                                                                                                                                                                    "operator_type": "TABLE_SCAN",
                                                                                                                                                                                    "operator_cardinality": 7241822,
                                                                                                                                                                                    "cumulative_rows_scanned": 7241822,
                                                                                                                                                                                    "operator_rows_scanned": 7241822,
                                                                                                                                                                                    "operator_timing": 0.08045882499999985,
                                                                                                                                                                                    "result_set_size": 28967288,
                                                                                                                                                                                    "children": []
                                                                                                                                                                                },
                                                                                                                                                                                {
                                                                                                                                                                                    "operator_name": "DELIM_SCAN",
                                                                                                                                                                                    "cpu_time": 0.0,
                                                                                                                                                                                    "extra_info": {
                                                                                                                                                                                        "Delim Index": "1",
                                                                                                                                                                                        "Estimated Cardinality": "385011"
                                                                                                                                                                                    },
                                                                                                                                                                                    "cumulative_cardinality": 0,
                                                                                                                                                                                    "operator_type": "DELIM_SCAN",
                                                                                                                                                                                    "operator_cardinality": 0,
                                                                                                                                                                                    "cumulative_rows_scanned": 0,
                                                                                                                                                                                    "operator_rows_scanned": 0,
                                                                                                                                                                                    "operator_timing": 0.0,
                                                                                                                                                                                    "result_set_size": 0,
                                                                                                                                                                                    "children": []
                                                                                                                                                                                }
                                                                                                                                                                            ]
                                                                                                                                                                        }
                                                                                                                                                                    ]
                                                                                                                                                                }
                                                                                                                                                            ]
                                                                                                                                                        }
                                                                                                                                                    ]
                                                                                                                                                },
                                                                                                                                                {
                                                                                                                                                    "operator_name": "DELIM_SCAN",
                                                                                                                                                    "cpu_time": 0.0,
                                                                                                                                                    "extra_info": {
                                                                                                                                                        "Delim Index": "1",
                                                                                                                                                        "Estimated Cardinality": "385011"
                                                                                                                                                    },
                                                                                                                                                    "cumulative_cardinality": 0,
                                                                                                                                                    "operator_type": "DELIM_SCAN",
                                                                                                                                                    "operator_cardinality": 0,
                                                                                                                                                    "cumulative_rows_scanned": 0,
                                                                                                                                                    "operator_rows_scanned": 0,
                                                                                                                                                    "operator_timing": 0.0,
                                                                                                                                                    "result_set_size": 0,
                                                                                                                                                    "children": []
                                                                                                                                                }
                                                                                                                                            ]
                                                                                                                                        }
                                                                                                                                    ]
                                                                                                                                }
                                                                                                                            ]
                                                                                                                        },
                                                                                                                        {
                                                                                                                            "operator_name": "HASH_GROUP_BY",
                                                                                                                            "cpu_time": 0.0113363,
                                                                                                                            "extra_info": {
                                                                                                                                "Groups": "#1",
                                                                                                                                "Aggregates": "",
                                                                                                                                "Estimated Cardinality": "770023"
                                                                                                                            },
                                                                                                                            "cumulative_cardinality": 3179326,
                                                                                                                            "operator_type": "HASH_GROUP_BY",
                                                                                                                            "operator_cardinality": 3179326,
                                                                                                                            "cumulative_rows_scanned": 0,
                                                                                                                            "operator_rows_scanned": 0,
                                                                                                                            "operator_timing": 0.0113363,
                                                                                                                            "result_set_size": 12717304,
                                                                                                                            "children": []
                                                                                                                        }
                                                                                                                    ]
                                                                                                                }
                                                                                                            ]
                                                                                                        }
                                                                                                    ]
                                                                                                }
                                                                                            ]
                                                                                        }
                                                                                    ]
                                                                                }
                                                                            ]
                                                                        }
                                                                    ]
                                                                }
                                                            ]
                                                        }
                                                    ]
                                                },
                                                {
                                                    "operator_name": "PROJECTION",
                                                    "cpu_time": 1.1323878010000001,
                                                    "extra_info": {
                                                        "Projections": [
                                                            "displayname",
                                                            "BadgeCount",
                                                            "BadgeNames"
                                                        ],
                                                        "Estimated Cardinality": "1260710"
                                                    },
                                                    "cumulative_cardinality": 12170680,
                                                    "operator_type": "PROJECTION",
                                                    "operator_cardinality": 1260710,
                                                    "cumulative_rows_scanned": 3582434,
                                                    "operator_rows_scanned": 0,
                                                    "operator_timing": 0.00012481299999999974,
                                                    "result_set_size": 50428400,
                                                    "children": [
                                                        {
                                                            "operator_name": "HASH_GROUP_BY",
                                                            "cpu_time": 1.1322629880000001,
                                                            "extra_info": {
                                                                "Groups": [
                                                                    "#0",
                                                                    "#1"
                                                                ],
                                                                "Aggregates": [
                                                                    "count(#2)",
                                                                    "string_agg(DISTINCT #3)"
                                                                ],
                                                                "Estimated Cardinality": "1260710"
                                                            },
                                                            "cumulative_cardinality": 10909970,
                                                            "operator_type": "HASH_GROUP_BY",
                                                            "operator_cardinality": 1260710,
                                                            "cumulative_rows_scanned": 3582434,
                                                            "operator_rows_scanned": 0,
                                                            "operator_timing": 0.7820672160000001,
                                                            "result_set_size": 55471240,
                                                            "children": [
                                                                {
                                                                    "operator_name": "PROJECTION",
                                                                    "cpu_time": 0.35019577200000007,
                                                                    "extra_info": {
                                                                        "Projections": [
                                                                            "id",
                                                                            "displayname",
                                                                            "id",
                                                                            "name"
                                                                        ],
                                                                        "Estimated Cardinality": "2321724"
                                                                    },
                                                                    "cumulative_cardinality": 9649260,
                                                                    "operator_type": "PROJECTION",
                                                                    "operator_cardinality": 3033413,
                                                                    "cumulative_rows_scanned": 3582434,
                                                                    "operator_rows_scanned": 0,
                                                                    "operator_timing": 0.0005552779999999966,
                                                                    "result_set_size": 121336520,
                                                                    "children": [
                                                                        {
                                                                            "operator_name": "HASH_JOIN",
                                                                            "cpu_time": 0.3496404940000001,
                                                                            "extra_info": {
                                                                                "Join Type": "RIGHT",
                                                                                "Conditions": "userid = id",
                                                                                "Estimated Cardinality": "2321724"
                                                                            },
                                                                            "cumulative_cardinality": 6615847,
                                                                            "operator_type": "HASH_JOIN",
                                                                            "operator_cardinality": 3033413,
                                                                            "cumulative_rows_scanned": 3582434,
                                                                            "operator_rows_scanned": 0,
                                                                            "operator_timing": 0.21447943000000008,
                                                                            "result_set_size": 121336520,
                                                                            "children": [
                                                                                {
                                                                                    "operator_name": "READ_PARQUET ",
                                                                                    "cpu_time": 0.057643134000000096,
                                                                                    "extra_info": {
                                                                                        "Function": "READ_PARQUET",
                                                                                        "Projections": [
                                                                                            "id",
                                                                                            "userid",
                                                                                            "name"
                                                                                        ],
                                                                                        "Estimated Cardinality": "2321724"
                                                                                    },
                                                                                    "cumulative_cardinality": 2321724,
                                                                                    "operator_type": "TABLE_SCAN",
                                                                                    "operator_cardinality": 2321724,
                                                                                    "cumulative_rows_scanned": 2321724,
                                                                                    "operator_rows_scanned": 2321724,
                                                                                    "operator_timing": 0.057643134000000096,
                                                                                    "result_set_size": 55721376,
                                                                                    "children": []
                                                                                },
                                                                                {
                                                                                    "operator_name": "READ_PARQUET ",
                                                                                    "cpu_time": 0.07751792999999992,
                                                                                    "extra_info": {
                                                                                        "Function": "READ_PARQUET",
                                                                                        "Projections": [
                                                                                            "id",
                                                                                            "displayname"
                                                                                        ],
                                                                                        "Estimated Cardinality": "1260710"
                                                                                    },
                                                                                    "cumulative_cardinality": 1260710,
                                                                                    "operator_type": "TABLE_SCAN",
                                                                                    "operator_cardinality": 1260710,
                                                                                    "cumulative_rows_scanned": 1260710,
                                                                                    "operator_rows_scanned": 1260710,
                                                                                    "operator_timing": 0.07751792999999992,
                                                                                    "result_set_size": 25214200,
                                                                                    "children": []
                                                                                }
                                                                            ]
                                                                        }
                                                                    ]
                                                                }
                                                            ]
                                                        }
                                                    ]
                                                }
                                            ]
                                        }
                                    ]
                                }
                            ]
                        }
                    ]
                }
            ]
        }
    ]
}