{
    "rows_returned": 10,
    "query_name": "\nWITH PostTags AS (\n    SELECT\n        p.Id AS PostId,\n        unnest(string_to_array(substring(p.Tags, 2, length(p.Tags) - 2), '><')) AS Tag\n    FROM\n        Posts p\n    WHERE\n        p.PostTypeId = 1\n),\nPopularTags AS (\n    SELECT\n        Tag,\n        COUNT(*) AS TagCount\n    FROM\n        PostTags\n    GROUP BY\n        Tag\n    HAVING\n        COUNT(*) > 10  \n),\nRecentUserActivity AS (\n    SELECT\n        u.Id AS UserId,\n        u.DisplayName,\n        COUNT(DISTINCT p.Id) AS QuestionCount,\n        SUM(CASE WHEN p.LastActivityDate >= TIMESTAMP '2024-10-01 12:34:56' - INTERVAL '30 days' THEN 1 ELSE 0 END) AS RecentActivityCount,\n        AVG(EXTRACT(EPOCH FROM (p.LastActivityDate - p.CreationDate))) AS AvgPostAge\n    FROM\n        Users u\n        JOIN Posts p ON p.OwnerUserId = u.Id\n    WHERE\n        p.PostTypeId = 1\n    GROUP BY\n        u.Id, u.DisplayName\n),\nTopUsers AS (\n    SELECT\n        UserId,\n        DisplayName,\n        QuestionCount,\n        RecentActivityCount,\n        AvgPostAge,\n        RANK() OVER (ORDER BY QuestionCount DESC) AS UserRank\n    FROM\n        RecentUserActivity\n    WHERE\n        RecentActivityCount > 0\n)\nSELECT\n    t.Tag,\n    t.TagCount,\n    tu.DisplayName,\n    tu.QuestionCount,\n    tu.RecentActivityCount,\n    tu.AvgPostAge\nFROM\n    PopularTags t\nJOIN\n    TopUsers tu ON tu.QuestionCount > 5  \nORDER BY\n    t.TagCount DESC, tu.QuestionCount DESC\nLIMIT 10;\n",
    "blocked_thread_time": 0.0,
    "cpu_time": 8.11713385000381,
    "extra_info": {},
    "cumulative_cardinality": 25868222,
    "cumulative_rows_scanned": 8960942,
    "result_set_size": 720,
    "latency": 14.522092088,
    "children": [
        {
            "operator_name": "STREAMING_LIMIT",
            "cpu_time": 8.11713385000381,
            "extra_info": {},
            "cumulative_cardinality": 25868222,
            "operator_type": "STREAMING_LIMIT",
            "operator_cardinality": 10,
            "cumulative_rows_scanned": 8960942,
            "operator_rows_scanned": 0,
            "operator_timing": 0.000001652,
            "result_set_size": 720,
            "children": [
                {
                    "operator_name": "ORDER_BY",
                    "cpu_time": 8.11713219800381,
                    "extra_info": {
                        "Order By": [
                            "t.TagCount DESC",
                            "tu.QuestionCount DESC"
                        ]
                    },
                    "cumulative_cardinality": 25868212,
                    "operator_type": "ORDER_BY",
                    "operator_cardinality": 4096,
                    "cumulative_rows_scanned": 8960942,
                    "operator_rows_scanned": 0,
                    "operator_timing": 0.6974077589999979,
                    "result_set_size": 294912,
                    "children": [
                        {
                            "operator_name": "CROSS_PRODUCT",
                            "cpu_time": 7.419724439003813,
                            "extra_info": {},
                            "cumulative_cardinality": 25864116,
                            "operator_type": "CROSS_PRODUCT",
                            "operator_cardinality": 5591250,
                            "cumulative_rows_scanned": 8960942,
                            "operator_rows_scanned": 0,
                            "operator_timing": 0.0040600149999999975,
                            "result_set_size": 402570000,
                            "children": [
                                {
                                    "operator_name": "FILTER",
                                    "cpu_time": 3.0455443440038117,
                                    "extra_info": {
                                        "Expression": "(TagCount > 10)",
                                        "Estimated Cardinality": "77002"
                                    },
                                    "cumulative_cardinality": 13806310,
                                    "operator_type": "FILTER",
                                    "operator_cardinality": 1875,
                                    "cumulative_rows_scanned": 3850116,
                                    "operator_rows_scanned": 0,
                                    "operator_timing": 0.000007974999999999999,
                                    "result_set_size": 45000,
                                    "children": [
                                        {
                                            "operator_name": "HASH_GROUP_BY",
                                            "cpu_time": 3.0455363690038117,
                                            "extra_info": {
                                                "Groups": "#0",
                                                "Aggregates": "count_star()",
                                                "Estimated Cardinality": "385011"
                                            },
                                            "cumulative_cardinality": 13804435,
                                            "operator_type": "HASH_GROUP_BY",
                                            "operator_cardinality": 1976,
                                            "cumulative_rows_scanned": 3850116,
                                            "operator_rows_scanned": 0,
                                            "operator_timing": 1.076302079000401,
                                            "result_set_size": 47424,
                                            "children": [
                                                {
                                                    "operator_name": "PROJECTION",
                                                    "cpu_time": 1.9692342900034108,
                                                    "extra_info": {
                                                        "Projections": "Tag",
                                                        "Estimated Cardinality": "770023"
                                                    },
                                                    "cumulative_cardinality": 13802459,
                                                    "operator_type": "PROJECTION",
                                                    "operator_cardinality": 4044765,
                                                    "cumulative_rows_scanned": 3850116,
                                                    "operator_rows_scanned": 0,
                                                    "operator_timing": 0.12575298900239104,
                                                    "result_set_size": 64716240,
                                                    "children": [
                                                        {
                                                            "operator_name": "PROJECTION",
                                                            "cpu_time": 1.8434813010010198,
                                                            "extra_info": {
                                                                "Projections": "Tag",
                                                                "Estimated Cardinality": "770023"
                                                            },
                                                            "cumulative_cardinality": 9757694,
                                                            "operator_type": "PROJECTION",
                                                            "operator_cardinality": 4044765,
                                                            "cumulative_rows_scanned": 3850116,
                                                            "operator_rows_scanned": 0,
                                                            "operator_timing": 0.13787071300148812,
                                                            "result_set_size": 64716240,
                                                            "children": [
                                                                {
                                                                    "operator_name": "UNNEST",
                                                                    "cpu_time": 1.7056105879995318,
                                                                    "extra_info": {},
                                                                    "cumulative_cardinality": 5712929,
                                                                    "operator_type": "UNNEST",
                                                                    "operator_cardinality": 4044765,
                                                                    "cumulative_rows_scanned": 3850116,
                                                                    "operator_rows_scanned": 0,
                                                                    "operator_timing": 1.0748161399995322,
                                                                    "result_set_size": 129432480,
                                                                    "children": [
                                                                        {
                                                                            "operator_name": "READ_PARQUET ",
                                                                            "cpu_time": 0.6307944479999997,
                                                                            "extra_info": {
                                                                                "Function": "READ_PARQUET",
                                                                                "Projections": "tags",
                                                                                "Filters": "posttypeid=1",
                                                                                "Estimated Cardinality": "770023"
                                                                            },
                                                                            "cumulative_cardinality": 1668164,
                                                                            "operator_type": "TABLE_SCAN",
                                                                            "operator_cardinality": 1668164,
                                                                            "cumulative_rows_scanned": 3850116,
                                                                            "operator_rows_scanned": 3850116,
                                                                            "operator_timing": 0.6307944479999997,
                                                                            "result_set_size": 26690624,
                                                                            "children": []
                                                                        }
                                                                    ]
                                                                }
                                                            ]
                                                        }
                                                    ]
                                                }
                                            ]
                                        }
                                    ]
                                },
                                {
                                    "operator_name": "PROJECTION",
                                    "cpu_time": 4.370120080000001,
                                    "extra_info": {
                                        "Projections": [
                                            "#0",
                                            "#1",
                                            "#2",
                                            "#3"
                                        ],
                                        "Estimated Cardinality": "15400"
                                    },
                                    "cumulative_cardinality": 6466556,
                                    "operator_type": "PROJECTION",
                                    "operator_cardinality": 2982,
                                    "cumulative_rows_scanned": 5110826,
                                    "operator_rows_scanned": 0,
                                    "operator_timing": 7.52e-7,
                                    "result_set_size": 143136,
                                    "children": [
                                        {
                                            "operator_name": "FILTER",
                                            "cpu_time": 4.370119328000001,
                                            "extra_info": {
                                                "Expression": "(QuestionCount > 5)",
                                                "Estimated Cardinality": "15400"
                                            },
                                            "cumulative_cardinality": 6463574,
                                            "operator_type": "FILTER",
                                            "operator_cardinality": 2982,
                                            "cumulative_rows_scanned": 5110826,
                                            "operator_rows_scanned": 0,
                                            "operator_timing": 0.000017803,
                                            "result_set_size": 166992,
                                            "children": [
                                                {
                                                    "operator_name": "PROJECTION",
                                                    "cpu_time": 4.370101525000001,
                                                    "extra_info": {
                                                        "Projections": [
                                                            "#0",
                                                            "#1",
                                                            "#2",
                                                            "#3",
                                                            "#4"
                                                        ],
                                                        "Estimated Cardinality": "77002"
                                                    },
                                                    "cumulative_cardinality": 6460592,
                                                    "operator_type": "PROJECTION",
                                                    "operator_cardinality": 5738,
                                                    "cumulative_rows_scanned": 5110826,
                                                    "operator_rows_scanned": 0,
                                                    "operator_timing": 0.000001892,
                                                    "result_set_size": 321328,
                                                    "children": [
                                                        {
                                                            "operator_name": "WINDOW",
                                                            "cpu_time": 4.370099633000001,
                                                            "extra_info": {
                                                                "Projections": "RANK() OVER (ORDER BY QuestionCount DESC NULLS LAST)"
                                                            },
                                                            "cumulative_cardinality": 6454854,
                                                            "operator_type": "WINDOW",
                                                            "operator_cardinality": 5738,
                                                            "cumulative_rows_scanned": 5110826,
                                                            "operator_rows_scanned": 0,
                                                            "operator_timing": 0.000754781,
                                                            "result_set_size": 321328,
                                                            "children": [
                                                                {
                                                                    "operator_name": "PROJECTION",
                                                                    "cpu_time": 4.369344852,
                                                                    "extra_info": {
                                                                        "Projections": [
                                                                            "#1",
                                                                            "#2",
                                                                            "#3",
                                                                            "#4"
                                                                        ],
                                                                        "Estimated Cardinality": "77002"
                                                                    },
                                                                    "cumulative_cardinality": 6449116,
                                                                    "operator_type": "PROJECTION",
                                                                    "operator_cardinality": 5738,
                                                                    "cumulative_rows_scanned": 5110826,
                                                                    "operator_rows_scanned": 0,
                                                                    "operator_timing": 0.000007506000000000001,
                                                                    "result_set_size": 275424,
                                                                    "children": [
                                                                        {
                                                                            "operator_name": "FILTER",
                                                                            "cpu_time": 4.369337346,
                                                                            "extra_info": {
                                                                                "Expression": "(RecentActivityCount > 0)",
                                                                                "Estimated Cardinality": "77002"
                                                                            },
                                                                            "cumulative_cardinality": 6443378,
                                                                            "operator_type": "FILTER",
                                                                            "operator_cardinality": 5738,
                                                                            "cumulative_rows_scanned": 5110826,
                                                                            "operator_rows_scanned": 0,
                                                                            "operator_timing": 0.0016030729999999996,
                                                                            "result_set_size": 298376,
                                                                            "children": [
                                                                                {
                                                                                    "operator_name": "HASH_GROUP_BY",
                                                                                    "cpu_time": 4.367734273,
                                                                                    "extra_info": {
                                                                                        "Groups": [
                                                                                            "#0",
                                                                                            "#1"
                                                                                        ],
                                                                                        "Aggregates": [
                                                                                            "count(DISTINCT #2)",
                                                                                            "sum(#3)",
                                                                                            "avg(#4)"
                                                                                        ],
                                                                                        "Estimated Cardinality": "385011"
                                                                                    },
                                                                                    "cumulative_cardinality": 6437640,
                                                                                    "operator_type": "HASH_GROUP_BY",
                                                                                    "operator_cardinality": 329473,
                                                                                    "cumulative_rows_scanned": 5110826,
                                                                                    "operator_rows_scanned": 0,
                                                                                    "operator_timing": 0.5896330179999996,
                                                                                    "result_set_size": 17132596,
                                                                                    "children": [
                                                                                        {
                                                                                            "operator_name": "PROJECTION",
                                                                                            "cpu_time": 3.7781012550000006,
                                                                                            "extra_info": {
                                                                                                "Projections": [
                                                                                                    "id",
                                                                                                    "displayname",
                                                                                                    "id",
                                                                                                    "CASE  WHEN ((lastactivitydate >= '2024-09-01 12:34:56'::TIMESTAMP)) THEN (1) ELSE 0 END",
                                                                                                    "epoch((lastactivitydate - creationdate))"
                                                                                                ],
                                                                                                "Estimated Cardinality": "770023"
                                                                                            },
                                                                                            "cumulative_cardinality": 6108167,
                                                                                            "operator_type": "PROJECTION",
                                                                                            "operator_cardinality": 1589663,
                                                                                            "cumulative_rows_scanned": 5110826,
                                                                                            "operator_rows_scanned": 0,
                                                                                            "operator_timing": 0.038785705999999996,
                                                                                            "result_set_size": 57227868,
                                                                                            "children": [
                                                                                                {
                                                                                                    "operator_name": "HASH_JOIN",
                                                                                                    "cpu_time": 3.7393155490000005,
                                                                                                    "extra_info": {
                                                                                                        "Join Type": "INNER",
                                                                                                        "Conditions": "id = owneruserid",
                                                                                                        "Estimated Cardinality": "770023"
                                                                                                    },
                                                                                                    "cumulative_cardinality": 4518504,
                                                                                                    "operator_type": "HASH_JOIN",
                                                                                                    "operator_cardinality": 1589663,
                                                                                                    "cumulative_rows_scanned": 5110826,
                                                                                                    "operator_rows_scanned": 0,
                                                                                                    "operator_timing": 0.3160124399999998,
                                                                                                    "result_set_size": 63586520,
                                                                                                    "children": [
                                                                                                        {
                                                                                                            "operator_name": "READ_PARQUET ",
                                                                                                            "cpu_time": 0.16880353199999992,
                                                                                                            "extra_info": {
                                                                                                                "Function": "READ_PARQUET",
                                                                                                                "Projections": [
                                                                                                                    "id",
                                                                                                                    "displayname"
                                                                                                                ],
                                                                                                                "Filters": "id<=1416539",
                                                                                                                "Estimated Cardinality": "1260710"
                                                                                                            },
                                                                                                            "cumulative_cardinality": 1260677,
                                                                                                            "operator_type": "TABLE_SCAN",
                                                                                                            "operator_cardinality": 1260677,
                                                                                                            "cumulative_rows_scanned": 1260710,
                                                                                                            "operator_rows_scanned": 1260710,
                                                                                                            "operator_timing": 0.16880353199999992,
                                                                                                            "result_set_size": 25213540,
                                                                                                            "children": []
                                                                                                        },
                                                                                                        {
                                                                                                            "operator_name": "READ_PARQUET ",
                                                                                                            "cpu_time": 3.2544995770000007,
                                                                                                            "extra_info": {
                                                                                                                "Function": "READ_PARQUET",
                                                                                                                "Projections": [
                                                                                                                    "id",
                                                                                                                    "creationdate",
                                                                                                                    "owneruserid",
                                                                                                                    "lastactivitydate"
                                                                                                                ],
                                                                                                                "Filters": "posttypeid=1",
                                                                                                                "Estimated Cardinality": "770023"
                                                                                                            },
                                                                                                            "cumulative_cardinality": 1668164,
                                                                                                            "operator_type": "TABLE_SCAN",
                                                                                                            "operator_cardinality": 1668164,
                                                                                                            "cumulative_rows_scanned": 3850116,
                                                                                                            "operator_rows_scanned": 3850116,
                                                                                                            "operator_timing": 3.2544995770000007,
                                                                                                            "result_set_size": 40035936,
                                                                                                            "children": []
                                                                                                        }
                                                                                                    ]
                                                                                                }
                                                                                            ]
                                                                                        }
                                                                                    ]
                                                                                }
                                                                            ]
                                                                        }
                                                                    ]
                                                                }
                                                            ]
                                                        }
                                                    ]
                                                }
                                            ]
                                        }
                                    ]
                                }
                            ]
                        }
                    ]
                }
            ]
        }
    ]
}