{
    "rows_returned": 212062032,
    "query_name": "\nWITH RankedPosts AS (\n    SELECT \n        p.Id AS PostId,\n        p.Title,\n        p.Tags,\n        p.CreationDate,\n        p.ViewCount,\n        p.AnswerCount,\n        p.Score,\n        ROW_NUMBER() OVER (PARTITION BY p.OwnerUserId ORDER BY p.CreationDate DESC) AS UserRank\n    FROM \n        Posts p\n    WHERE \n        p.PostTypeId = 1 \n),\nTagSplit AS (\n    SELECT \n        rp.PostId,\n        UNNEST(string_to_array(rp.Tags, '><')) AS Tag, \n        rp.Title,\n        rp.CreationDate,\n        rp.ViewCount,\n        rp.AnswerCount,\n        rp.Score\n    FROM \n        RankedPosts rp\n),\nUserStats AS (\n    SELECT \n        u.Id AS UserId,\n        u.DisplayName,\n        COUNT(DISTINCT p.Id) AS QuestionCount,\n        SUM(p.ViewCount) AS TotalViews,\n        AVG(p.Score) AS AvgScore\n    FROM \n        Users u\n    JOIN \n        Posts p ON u.Id = p.OwnerUserId\n    WHERE \n        p.PostTypeId = 1 \n    GROUP BY \n        u.Id, u.DisplayName\n),\nPopularTags AS (\n    SELECT \n        ts.Tag,\n        COUNT(ts.PostId) AS TagCount\n    FROM \n        TagSplit ts\n    GROUP BY \n        ts.Tag\n    HAVING \n        COUNT(ts.PostId) > 10 \n),\nTopUsers AS (\n    SELECT \n        us.UserId,\n        us.DisplayName,\n        us.QuestionCount,\n        us.TotalViews,\n        us.AvgScore,\n        ROW_NUMBER() OVER (ORDER BY us.TotalViews DESC) AS ViewRank\n    FROM \n        UserStats us\n)\nSELECT \n    tu.DisplayName AS TopUser,\n    tu.QuestionCount,\n    tu.TotalViews,\n    tu.AvgScore,\n    pt.Tag AS PopularTag,\n    pt.TagCount\nFROM \n    TopUsers tu\nJOIN \n    PopularTags pt ON tu.QuestionCount > 5 \nORDER BY \n    tu.QuestionCount DESC, \n    pt.TagCount DESC;\n",
    "blocked_thread_time": 0.0,
    "cpu_time": 71.17813263599038,
    "extra_info": {},
    "cumulative_cardinality": 450464832,
    "cumulative_rows_scanned": 8960942,
    "result_set_size": 15268466304,
    "latency": 385.136686294,
    "children": [
        {
            "operator_name": "ORDER_BY",
            "cpu_time": 71.17813263599038,
            "extra_info": {
                "Order By": [
                    "tu.QuestionCount DESC",
                    "pt.TagCount DESC"
                ]
            },
            "cumulative_cardinality": 450464832,
            "operator_type": "ORDER_BY",
            "operator_cardinality": 212062032,
            "cumulative_rows_scanned": 8960942,
            "operator_rows_scanned": 0,
            "operator_timing": 62.67202399100011,
            "result_set_size": 15268466304,
            "children": [
                {
                    "operator_name": "CROSS_PRODUCT",
                    "cpu_time": 8.506108644990265,
                    "extra_info": {},
                    "cumulative_cardinality": 238402800,
                    "operator_type": "CROSS_PRODUCT",
                    "operator_cardinality": 212062032,
                    "cumulative_rows_scanned": 8960942,
                    "operator_rows_scanned": 0,
                    "operator_timing": 0.22011464200000352,
                    "result_set_size": 15268466304,
                    "children": [
                        {
                            "operator_name": "PROJECTION",
                            "cpu_time": 0.8036597170000004,
                            "extra_info": {
                                "Projections": [
                                    "#0",
                                    "#1",
                                    "#2",
                                    "#3"
                                ],
                                "Estimated Cardinality": "77002"
                            },
                            "cumulative_cardinality": 7523157,
                            "operator_type": "PROJECTION",
                            "operator_cardinality": 48549,
                            "cumulative_rows_scanned": 5110826,
                            "operator_rows_scanned": 0,
                            "operator_timing": 0.000127236,
                            "result_set_size": 2330352,
                            "children": [
                                {
                                    "operator_name": "FILTER",
                                    "cpu_time": 0.8035324810000004,
                                    "extra_info": {
                                        "Expression": "(QuestionCount > 5)",
                                        "Estimated Cardinality": "77002"
                                    },
                                    "cumulative_cardinality": 7474608,
                                    "operator_type": "FILTER",
                                    "operator_cardinality": 48549,
                                    "cumulative_rows_scanned": 5110826,
                                    "operator_rows_scanned": 0,
                                    "operator_timing": 0.0009669919999999997,
                                    "result_set_size": 2718744,
                                    "children": [
                                        {
                                            "operator_name": "PROJECTION",
                                            "cpu_time": 0.8025654890000005,
                                            "extra_info": {
                                                "Projections": [
                                                    "#0",
                                                    "#1",
                                                    "#2",
                                                    "#3",
                                                    "#4"
                                                ],
                                                "Estimated Cardinality": "385011"
                                            },
                                            "cumulative_cardinality": 7426059,
                                            "operator_type": "PROJECTION",
                                            "operator_cardinality": 329473,
                                            "cumulative_rows_scanned": 5110826,
                                            "operator_rows_scanned": 0,
                                            "operator_timing": 0.0001903820000000001,
                                            "result_set_size": 18450488,
                                            "children": [
                                                {
                                                    "operator_name": "WINDOW",
                                                    "cpu_time": 0.8023751070000005,
                                                    "extra_info": {
                                                        "Projections": "ROW_NUMBER() OVER (ORDER BY TotalViews DESC NULLS LAST)"
                                                    },
                                                    "cumulative_cardinality": 7096586,
                                                    "operator_type": "WINDOW",
                                                    "operator_cardinality": 329473,
                                                    "cumulative_rows_scanned": 5110826,
                                                    "operator_rows_scanned": 0,
                                                    "operator_timing": 0.023358585999999994,
                                                    "result_set_size": 18450488,
                                                    "children": [
                                                        {
                                                            "operator_name": "PROJECTION",
                                                            "cpu_time": 0.7790165210000005,
                                                            "extra_info": {
                                                                "Projections": [
                                                                    "displayname",
                                                                    "QuestionCount",
                                                                    "TotalViews",
                                                                    "AvgScore"
                                                                ],
                                                                "Estimated Cardinality": "385011"
                                                            },
                                                            "cumulative_cardinality": 6767113,
                                                            "operator_type": "PROJECTION",
                                                            "operator_cardinality": 329473,
                                                            "cumulative_rows_scanned": 5110826,
                                                            "operator_rows_scanned": 0,
                                                            "operator_timing": 0.00003613600000000002,
                                                            "result_set_size": 15814704,
                                                            "children": [
                                                                {
                                                                    "operator_name": "HASH_GROUP_BY",
                                                                    "cpu_time": 0.7789803850000006,
                                                                    "extra_info": {
                                                                        "Groups": [
                                                                            "#0",
                                                                            "#1"
                                                                        ],
                                                                        "Aggregates": [
                                                                            "count(DISTINCT #2)",
                                                                            "sum(#3)",
                                                                            "avg(#4)"
                                                                        ],
                                                                        "Estimated Cardinality": "385011"
                                                                    },
                                                                    "cumulative_cardinality": 6437640,
                                                                    "operator_type": "HASH_GROUP_BY",
                                                                    "operator_cardinality": 329473,
                                                                    "cumulative_rows_scanned": 5110826,
                                                                    "operator_rows_scanned": 0,
                                                                    "operator_timing": 0.3026629870000005,
                                                                    "result_set_size": 17132596,
                                                                    "children": [
                                                                        {
                                                                            "operator_name": "PROJECTION",
                                                                            "cpu_time": 0.476317398,
                                                                            "extra_info": {
                                                                                "Projections": [
                                                                                    "id",
                                                                                    "displayname",
                                                                                    "id",
                                                                                    "viewcount",
                                                                                    "score"
                                                                                ],
                                                                                "Estimated Cardinality": "770023"
                                                                            },
                                                                            "cumulative_cardinality": 6108167,
                                                                            "operator_type": "PROJECTION",
                                                                            "operator_cardinality": 1589663,
                                                                            "cumulative_rows_scanned": 5110826,
                                                                            "operator_rows_scanned": 0,
                                                                            "operator_timing": 0.00046849000000000077,
                                                                            "result_set_size": 50869216,
                                                                            "children": [
                                                                                {
                                                                                    "operator_name": "HASH_JOIN",
                                                                                    "cpu_time": 0.475848908,
                                                                                    "extra_info": {
                                                                                        "Join Type": "INNER",
                                                                                        "Conditions": "id = owneruserid",
                                                                                        "Estimated Cardinality": "770023"
                                                                                    },
                                                                                    "cumulative_cardinality": 4518504,
                                                                                    "operator_type": "HASH_JOIN",
                                                                                    "operator_cardinality": 1589663,
                                                                                    "cumulative_rows_scanned": 5110826,
                                                                                    "operator_rows_scanned": 0,
                                                                                    "operator_timing": 0.197075934,
                                                                                    "result_set_size": 50869216,
                                                                                    "children": [
                                                                                        {
                                                                                            "operator_name": "READ_PARQUET ",
                                                                                            "cpu_time": 0.09043733,
                                                                                            "extra_info": {
                                                                                                "Function": "READ_PARQUET",
                                                                                                "Projections": [
                                                                                                    "id",
                                                                                                    "displayname"
                                                                                                ],
                                                                                                "Filters": "id<=1416539",
                                                                                                "Estimated Cardinality": "1260710"
                                                                                            },
                                                                                            "cumulative_cardinality": 1260677,
                                                                                            "operator_type": "TABLE_SCAN",
                                                                                            "operator_cardinality": 1260677,
                                                                                            "cumulative_rows_scanned": 1260710,
                                                                                            "operator_rows_scanned": 1260710,
                                                                                            "operator_timing": 0.09043733,
                                                                                            "result_set_size": 25213540,
                                                                                            "children": []
                                                                                        },
                                                                                        {
                                                                                            "operator_name": "READ_PARQUET ",
                                                                                            "cpu_time": 0.188335644,
                                                                                            "extra_info": {
                                                                                                "Function": "READ_PARQUET",
                                                                                                "Projections": [
                                                                                                    "id",
                                                                                                    "score",
                                                                                                    "viewcount",
                                                                                                    "owneruserid"
                                                                                                ],
                                                                                                "Filters": "posttypeid=1",
                                                                                                "Estimated Cardinality": "770023"
                                                                                            },
                                                                                            "cumulative_cardinality": 1668164,
                                                                                            "operator_type": "TABLE_SCAN",
                                                                                            "operator_cardinality": 1668164,
                                                                                            "cumulative_rows_scanned": 3850116,
                                                                                            "operator_rows_scanned": 3850116,
                                                                                            "operator_timing": 0.188335644,
                                                                                            "result_set_size": 26690624,
                                                                                            "children": []
                                                                                        }
                                                                                    ]
                                                                                }
                                                                            ]
                                                                        }
                                                                    ]
                                                                }
                                                            ]
                                                        }
                                                    ]
                                                }
                                            ]
                                        }
                                    ]
                                }
                            ]
                        },
                        {
                            "operator_name": "FILTER",
                            "cpu_time": 7.4823342859902615,
                            "extra_info": {
                                "Expression": "(TagCount > 10)",
                                "Estimated Cardinality": "77002"
                            },
                            "cumulative_cardinality": 18817611,
                            "operator_type": "FILTER",
                            "operator_cardinality": 4368,
                            "cumulative_rows_scanned": 3850116,
                            "operator_rows_scanned": 0,
                            "operator_timing": 0.000018163999999999998,
                            "result_set_size": 104832,
                            "children": [
                                {
                                    "operator_name": "HASH_GROUP_BY",
                                    "cpu_time": 7.482316121990261,
                                    "extra_info": {
                                        "Groups": "#0",
                                        "Aggregates": "count_star()",
                                        "Estimated Cardinality": "385011"
                                    },
                                    "cumulative_cardinality": 18813243,
                                    "operator_type": "HASH_GROUP_BY",
                                    "operator_cardinality": 6292,
                                    "cumulative_rows_scanned": 3850116,
                                    "operator_rows_scanned": 0,
                                    "operator_timing": 3.901062792991285,
                                    "result_set_size": 151008,
                                    "children": [
                                        {
                                            "operator_name": "PROJECTION",
                                            "cpu_time": 3.5812533289989763,
                                            "extra_info": {
                                                "Projections": "Tag",
                                                "Estimated Cardinality": "770023"
                                            },
                                            "cumulative_cardinality": 18806951,
                                            "operator_type": "PROJECTION",
                                            "operator_cardinality": 4044765,
                                            "cumulative_rows_scanned": 3850116,
                                            "operator_rows_scanned": 0,
                                            "operator_timing": 0.13956155699936967,
                                            "result_set_size": 64716240,
                                            "children": [
                                                {
                                                    "operator_name": "PROJECTION",
                                                    "cpu_time": 3.4416917719996065,
                                                    "extra_info": {
                                                        "Projections": [
                                                            "PostId",
                                                            "Tag"
                                                        ],
                                                        "Estimated Cardinality": "770023"
                                                    },
                                                    "cumulative_cardinality": 14762186,
                                                    "operator_type": "PROJECTION",
                                                    "operator_cardinality": 4044765,
                                                    "cumulative_rows_scanned": 3850116,
                                                    "operator_rows_scanned": 0,
                                                    "operator_timing": 0.1821413210003446,
                                                    "result_set_size": 80895300,
                                                    "children": [
                                                        {
                                                            "operator_name": "UNNEST",
                                                            "cpu_time": 3.259550450999262,
                                                            "extra_info": {},
                                                            "cumulative_cardinality": 10717421,
                                                            "operator_type": "UNNEST",
                                                            "operator_cardinality": 4044765,
                                                            "cumulative_rows_scanned": 3850116,
                                                            "operator_rows_scanned": 0,
                                                            "operator_timing": 1.0961835409992629,
                                                            "result_set_size": 145611540,
                                                            "children": [
                                                                {
                                                                    "operator_name": "PROJECTION",
                                                                    "cpu_time": 2.163366909999999,
                                                                    "extra_info": {
                                                                        "Projections": [
                                                                            "PostId",
                                                                            "tags"
                                                                        ],
                                                                        "Estimated Cardinality": "770023"
                                                                    },
                                                                    "cumulative_cardinality": 6672656,
                                                                    "operator_type": "PROJECTION",
                                                                    "operator_cardinality": 1668164,
                                                                    "cumulative_rows_scanned": 3850116,
                                                                    "operator_rows_scanned": 0,
                                                                    "operator_timing": 0.00015066799999999955,
                                                                    "result_set_size": 33363280,
                                                                    "children": [
                                                                        {
                                                                            "operator_name": "PROJECTION",
                                                                            "cpu_time": 2.163216241999999,
                                                                            "extra_info": {
                                                                                "Projections": [
                                                                                    "#0",
                                                                                    "#1",
                                                                                    "#2",
                                                                                    "#3",
                                                                                    "#4"
                                                                                ],
                                                                                "Estimated Cardinality": "770023"
                                                                            },
                                                                            "cumulative_cardinality": 5004492,
                                                                            "operator_type": "PROJECTION",
                                                                            "operator_cardinality": 1668164,
                                                                            "cumulative_rows_scanned": 3850116,
                                                                            "operator_rows_scanned": 0,
                                                                            "operator_timing": 0.0002442840000000002,
                                                                            "result_set_size": 66726560,
                                                                            "children": [
                                                                                {
                                                                                    "operator_name": "WINDOW",
                                                                                    "cpu_time": 2.162971957999999,
                                                                                    "extra_info": {
                                                                                        "Projections": "ROW_NUMBER() OVER (PARTITION BY owneruserid ORDER BY creationdate DESC NULLS LAST)"
                                                                                    },
                                                                                    "cumulative_cardinality": 3336328,
                                                                                    "operator_type": "WINDOW",
                                                                                    "operator_cardinality": 1668164,
                                                                                    "cumulative_rows_scanned": 3850116,
                                                                                    "operator_rows_scanned": 0,
                                                                                    "operator_timing": 0.7244110509999994,
                                                                                    "result_set_size": 66726560,
                                                                                    "children": [
                                                                                        {
                                                                                            "operator_name": "READ_PARQUET ",
                                                                                            "cpu_time": 1.4385609069999998,
                                                                                            "extra_info": {
                                                                                                "Function": "READ_PARQUET",
                                                                                                "Projections": [
                                                                                                    "id",
                                                                                                    "creationdate",
                                                                                                    "owneruserid",
                                                                                                    "tags"
                                                                                                ],
                                                                                                "Filters": "posttypeid=1",
                                                                                                "Estimated Cardinality": "770023"
                                                                                            },
                                                                                            "cumulative_cardinality": 1668164,
                                                                                            "operator_type": "TABLE_SCAN",
                                                                                            "operator_cardinality": 1668164,
                                                                                            "cumulative_rows_scanned": 3850116,
                                                                                            "operator_rows_scanned": 3850116,
                                                                                            "operator_timing": 1.4385609069999998,
                                                                                            "result_set_size": 53381248,
                                                                                            "children": []
                                                                                        }
                                                                                    ]
                                                                                }
                                                                            ]
                                                                        }
                                                                    ]
                                                                }
                                                            ]
                                                        }
                                                    ]
                                                }
                                            ]
                                        }
                                    ]
                                }
                            ]
                        }
                    ]
                }
            ]
        }
    ]
}