{
    "rows_returned": 100,
    "query_name": "\nWITH RecentPosts AS (\n    SELECT \n        p.Id,\n        p.Title,\n        p.CreationDate,\n        p.OwnerUserId,\n        p.ViewCount,\n        COALESCE(SUM(CASE WHEN v.VoteTypeId = 2 THEN 1 ELSE 0 END), 0) AS UpVotes,\n        COALESCE(SUM(CASE WHEN v.VoteTypeId = 3 THEN 1 ELSE 0 END), 0) AS DownVotes,\n        COALESCE(SUM(CASE WHEN c.Id IS NOT NULL THEN 1 ELSE 0 END), 0) AS CommentCount\n    FROM Posts p\n    LEFT JOIN Votes v ON p.Id = v.PostId\n    LEFT JOIN Comments c ON p.Id = c.PostId\n    WHERE p.CreationDate >= CAST('2024-10-01 12:34:56' AS timestamp) - INTERVAL '30 days'\n    GROUP BY p.Id, p.Title, p.CreationDate, p.OwnerUserId, p.ViewCount\n),\nUserReputation AS (\n    SELECT \n        u.Id AS UserId,\n        u.Reputation,\n        CASE \n            WHEN u.Reputation >= 1000 THEN 'Active Contributor' \n            WHEN u.Reputation BETWEEN 500 AND 999 THEN 'Moderate Contributor' \n            ELSE 'New Contributor' \n        END AS ContributorLevel\n    FROM Users u\n),\nPostWithUser AS (\n    SELECT \n        rp.*,\n        ur.Reputation,\n        ur.ContributorLevel\n    FROM RecentPosts rp\n    LEFT JOIN UserReputation ur ON rp.OwnerUserId = ur.UserId\n)\n\nSELECT \n    p.Id,\n    p.Title,\n    p.CreationDate,\n    p.UpVotes,\n    p.DownVotes,\n    p.CommentCount,\n    p.ViewCount,\n    COALESCE(ROUND((CAST(p.UpVotes AS FLOAT) / NULLIF((p.UpVotes + p.DownVotes), 0)) * 100, 2), 0) AS ApprovalRate,\n    p.Reputation,\n    p.ContributorLevel,\n    CASE \n        WHEN p.CommentCount > 5 THEN 'Highly Engaged'\n        WHEN p.CommentCount BETWEEN 1 AND 5 THEN 'Moderately Engaged'\n        ELSE 'Not Engaged'\n    END AS EngagementLevel\nFROM PostWithUser p\nORDER BY p.CreationDate DESC\nLIMIT 100;\n",
    "blocked_thread_time": 0.0,
    "cpu_time": 1.7971988699999994,
    "extra_info": {},
    "cumulative_cardinality": 10008103,
    "cumulative_rows_scanned": 25096741,
    "result_set_size": 12000,
    "latency": 1.864736519,
    "children": [
        {
            "operator_name": "STREAMING_LIMIT",
            "cpu_time": 1.7971988699999994,
            "extra_info": {},
            "cumulative_cardinality": 10008103,
            "operator_type": "STREAMING_LIMIT",
            "operator_cardinality": 100,
            "cumulative_rows_scanned": 25096741,
            "operator_rows_scanned": 0,
            "operator_timing": 0.000002235,
            "result_set_size": 12000,
            "children": [
                {
                    "operator_name": "ORDER_BY",
                    "cpu_time": 1.7971966349999995,
                    "extra_info": {
                        "Order By": "p.CreationDate DESC"
                    },
                    "cumulative_cardinality": 10008003,
                    "operator_type": "ORDER_BY",
                    "operator_cardinality": 4096,
                    "cumulative_rows_scanned": 25096741,
                    "operator_rows_scanned": 0,
                    "operator_timing": 0.0020758079999999997,
                    "result_set_size": 491520,
                    "children": [
                        {
                            "operator_name": "PROJECTION",
                            "cpu_time": 1.7951208269999994,
                            "extra_info": {
                                "Projections": [
                                    "id",
                                    "title",
                                    "creationdate",
                                    "UpVotes",
                                    "DownVotes",
                                    "CommentCount",
                                    "viewcount",
                                    "ApprovalRate",
                                    "reputation",
                                    "ContributorLevel",
                                    "EngagementLevel"
                                ],
                                "Estimated Cardinality": "3850116"
                            },
                            "cumulative_cardinality": 10003907,
                            "operator_type": "PROJECTION",
                            "operator_cardinality": 9927,
                            "cumulative_rows_scanned": 25096741,
                            "operator_rows_scanned": 0,
                            "operator_timing": 0.0015723469999999998,
                            "result_set_size": 1191240,
                            "children": [
                                {
                                    "operator_name": "HASH_JOIN",
                                    "cpu_time": 1.7935484799999994,
                                    "extra_info": {
                                        "Join Type": "LEFT",
                                        "Conditions": "owneruserid = UserId",
                                        "Estimated Cardinality": "3850116"
                                    },
                                    "cumulative_cardinality": 9993980,
                                    "operator_type": "HASH_JOIN",
                                    "operator_cardinality": 9927,
                                    "cumulative_rows_scanned": 25096741,
                                    "operator_rows_scanned": 0,
                                    "operator_timing": 0.107604662,
                                    "result_set_size": 992700,
                                    "children": [
                                        {
                                            "operator_name": "PROJECTION",
                                            "cpu_time": 1.6464332649999995,
                                            "extra_info": {
                                                "Projections": [
                                                    "id",
                                                    "title",
                                                    "creationdate",
                                                    "owneruserid",
                                                    "viewcount",
                                                    "UpVotes",
                                                    "DownVotes",
                                                    "CommentCount"
                                                ],
                                                "Estimated Cardinality": "3850116"
                                            },
                                            "cumulative_cardinality": 7462633,
                                            "operator_type": "PROJECTION",
                                            "operator_cardinality": 9927,
                                            "cumulative_rows_scanned": 23836031,
                                            "operator_rows_scanned": 0,
                                            "operator_timing": 0.0004764,
                                            "result_set_size": 833868,
                                            "children": [
                                                {
                                                    "operator_name": "HASH_GROUP_BY",
                                                    "cpu_time": 1.6459568649999996,
                                                    "extra_info": {
                                                        "Groups": [
                                                            "#0",
                                                            "#1",
                                                            "#2",
                                                            "#3",
                                                            "#4"
                                                        ],
                                                        "Aggregates": [
                                                            "sum(#5)",
                                                            "sum(#6)",
                                                            "sum(#7)"
                                                        ],
                                                        "Estimated Cardinality": "3850116"
                                                    },
                                                    "cumulative_cardinality": 7452706,
                                                    "operator_type": "HASH_GROUP_BY",
                                                    "operator_cardinality": 9927,
                                                    "cumulative_rows_scanned": 23836031,
                                                    "operator_rows_scanned": 0,
                                                    "operator_timing": 0.013416182000000002,
                                                    "result_set_size": 833868,
                                                    "children": [
                                                        {
                                                            "operator_name": "PROJECTION",
                                                            "cpu_time": 1.6325406829999995,
                                                            "extra_info": {
                                                                "Projections": [
                                                                    "id",
                                                                    "title",
                                                                    "creationdate",
                                                                    "owneruserid",
                                                                    "viewcount",
                                                                    "CASE  WHEN ((votetypeid = 2)) THEN (1) ELSE 0 END",
                                                                    "CASE  WHEN ((votetypeid = 3)) THEN (1) ELSE 0 END",
                                                                    "CASE  WHEN ((id IS NOT NULL)) THEN (1) ELSE 0 END"
                                                                ],
                                                                "Estimated Cardinality": "12744093"
                                                            },
                                                            "cumulative_cardinality": 7442779,
                                                            "operator_type": "PROJECTION",
                                                            "operator_cardinality": 69092,
                                                            "cumulative_rows_scanned": 23836031,
                                                            "operator_rows_scanned": 0,
                                                            "operator_timing": 0.0017151170000000004,
                                                            "result_set_size": 3316416,
                                                            "children": [
                                                                {
                                                                    "operator_name": "HASH_JOIN",
                                                                    "cpu_time": 1.6308255659999995,
                                                                    "extra_info": {
                                                                        "Join Type": "LEFT",
                                                                        "Conditions": "id = postid",
                                                                        "Estimated Cardinality": "12744093"
                                                                    },
                                                                    "cumulative_cardinality": 7373687,
                                                                    "operator_type": "HASH_JOIN",
                                                                    "operator_cardinality": 69092,
                                                                    "cumulative_rows_scanned": 23836031,
                                                                    "operator_rows_scanned": 0,
                                                                    "operator_timing": 0.6485812459999999,
                                                                    "result_set_size": 2901864,
                                                                    "children": [
                                                                        {
                                                                            "operator_name": "HASH_JOIN",
                                                                            "cpu_time": 0.3759703520000001,
                                                                            "extra_info": {
                                                                                "Join Type": "RIGHT",
                                                                                "Conditions": "postid = id",
                                                                                "Estimated Cardinality": "12744093"
                                                                            },
                                                                            "cumulative_cardinality": 62773,
                                                                            "operator_type": "HASH_JOIN",
                                                                            "operator_cardinality": 23952,
                                                                            "cumulative_rows_scanned": 16594209,
                                                                            "operator_rows_scanned": 0,
                                                                            "operator_timing": 0.004738825000000001,
                                                                            "result_set_size": 910176,
                                                                            "children": [
                                                                                {
                                                                                    "operator_name": "READ_PARQUET ",
                                                                                    "cpu_time": 0.24869537400000014,
                                                                                    "extra_info": {
                                                                                        "Function": "READ_PARQUET",
                                                                                        "Projections": [
                                                                                            "postid",
                                                                                            "votetypeid"
                                                                                        ],
                                                                                        "Estimated Cardinality": "12744093"
                                                                                    },
                                                                                    "cumulative_cardinality": 28894,
                                                                                    "operator_type": "TABLE_SCAN",
                                                                                    "operator_cardinality": 28894,
                                                                                    "cumulative_rows_scanned": 12744093,
                                                                                    "operator_rows_scanned": 12744093,
                                                                                    "operator_timing": 0.24869537400000014,
                                                                                    "result_set_size": 173364,
                                                                                    "children": []
                                                                                },
                                                                                {
                                                                                    "operator_name": "READ_PARQUET ",
                                                                                    "cpu_time": 0.122536153,
                                                                                    "extra_info": {
                                                                                        "Function": "READ_PARQUET",
                                                                                        "Projections": [
                                                                                            "id",
                                                                                            "creationdate",
                                                                                            "viewcount",
                                                                                            "owneruserid",
                                                                                            "title"
                                                                                        ],
                                                                                        "Filters": "creationdate>='2024-09-01 12:34:56'::TIMESTAMP",
                                                                                        "Estimated Cardinality": "770023"
                                                                                    },
                                                                                    "cumulative_cardinality": 9927,
                                                                                    "operator_type": "TABLE_SCAN",
                                                                                    "operator_cardinality": 9927,
                                                                                    "cumulative_rows_scanned": 3850116,
                                                                                    "operator_rows_scanned": 3850116,
                                                                                    "operator_timing": 0.122536153,
                                                                                    "result_set_size": 357372,
                                                                                    "children": []
                                                                                }
                                                                            ]
                                                                        },
                                                                        {
                                                                            "operator_name": "READ_PARQUET ",
                                                                            "cpu_time": 0.6062739679999996,
                                                                            "extra_info": {
                                                                                "Function": "READ_PARQUET",
                                                                                "Projections": [
                                                                                    "id",
                                                                                    "postid"
                                                                                ],
                                                                                "Estimated Cardinality": "7241822"
                                                                            },
                                                                            "cumulative_cardinality": 7241822,
                                                                            "operator_type": "TABLE_SCAN",
                                                                            "operator_cardinality": 7241822,
                                                                            "cumulative_rows_scanned": 7241822,
                                                                            "operator_rows_scanned": 7241822,
                                                                            "operator_timing": 0.6062739679999996,
                                                                            "result_set_size": 57934576,
                                                                            "children": []
                                                                        }
                                                                    ]
                                                                }
                                                            ]
                                                        }
                                                    ]
                                                }
                                            ]
                                        },
                                        {
                                            "operator_name": "PROJECTION",
                                            "cpu_time": 0.03951055300000002,
                                            "extra_info": {
                                                "Projections": [
                                                    "UserId",
                                                    "reputation",
                                                    "ContributorLevel"
                                                ],
                                                "Estimated Cardinality": "1260710"
                                            },
                                            "cumulative_cardinality": 2521420,
                                            "operator_type": "PROJECTION",
                                            "operator_cardinality": 1260710,
                                            "cumulative_rows_scanned": 1260710,
                                            "operator_rows_scanned": 0,
                                            "operator_timing": 0.019190511999999993,
                                            "result_set_size": 30257040,
                                            "children": [
                                                {
                                                    "operator_name": "READ_PARQUET ",
                                                    "cpu_time": 0.020320041000000025,
                                                    "extra_info": {
                                                        "Function": "READ_PARQUET",
                                                        "Projections": [
                                                            "id",
                                                            "reputation"
                                                        ],
                                                        "Estimated Cardinality": "1260710"
                                                    },
                                                    "cumulative_cardinality": 1260710,
                                                    "operator_type": "TABLE_SCAN",
                                                    "operator_cardinality": 1260710,
                                                    "cumulative_rows_scanned": 1260710,
                                                    "operator_rows_scanned": 1260710,
                                                    "operator_timing": 0.020320041000000025,
                                                    "result_set_size": 10085680,
                                                    "children": []
                                                }
                                            ]
                                        }
                                    ]
                                }
                            ]
                        }
                    ]
                }
            ]
        }
    ]
}