{
    "rows_returned": 10,
    "query_name": "WITH UserVoteStats AS (\n    SELECT \n        U.Id AS UserId,\n        U.DisplayName,\n        COUNT(V.Id) AS TotalVotes,\n        SUM(CASE WHEN V.VoteTypeId = 2 THEN 1 ELSE 0 END) AS UpVotes,\n        SUM(CASE WHEN V.VoteTypeId = 3 THEN 1 ELSE 0 END) AS DownVotes\n    FROM \n        Users U\n    LEFT JOIN \n        Votes V ON U.Id = V.UserId\n    GROUP BY \n        U.Id, U.DisplayName\n),\nPostStats AS (\n    SELECT \n        P.Id AS PostId,\n        P.Title,\n        P.OwnerUserId,\n        P.Score,\n        P.CreationDate,\n        COALESCE(UPV.TotalVotes, 0) AS OwnerTotalVotes,\n        DENSE_RANK() OVER (PARTITION BY P.Id ORDER BY P.Score DESC) AS ScoreRank\n    FROM \n        Posts P\n    LEFT JOIN \n        UserVoteStats UPV ON P.OwnerUserId = UPV.UserId\n),\nCombinedPosts AS (\n    SELECT \n        PS.PostId,\n        PS.Title,\n        PS.CreationDate,\n        PS.Score,\n        PS.OwnerTotalVotes,\n        PH.Comment,\n        PH.CreationDate AS HistoryDate\n    FROM \n        PostStats PS\n    LEFT JOIN \n        PostHistory PH ON PS.PostId = PH.PostId \n    WHERE \n        PH.PostHistoryTypeId IN (10, 11) \n        AND PH.CreationDate BETWEEN PS.CreationDate AND cast('2024-10-01 12:34:56' as timestamp)\n),\nFinalResults AS (\n    SELECT \n        CP.PostId,\n        CP.Title,\n        CP.CreationDate,\n        CP.Score,\n        CP.OwnerTotalVotes,\n        COUNT(DISTINCT CP.Comment) AS CommentCount,\n        MAX(CP.HistoryDate) AS LastHistoryDate\n    FROM \n        CombinedPosts CP\n    GROUP BY \n        CP.PostId, CP.Title, CP.CreationDate, CP.Score, CP.OwnerTotalVotes\n)\nSELECT \n    FR.PostId,\n    FR.Title,\n    FR.CreationDate,\n    FR.Score,\n    FR.OwnerTotalVotes,\n    FR.CommentCount,\n    CASE \n        WHEN FR.LastHistoryDate IS NOT NULL THEN 'Edited' \n        ELSE 'Not Edited' \n    END AS EditStatus\nFROM \n    FinalResults FR\nWHERE \n    FR.Score > 0 \nORDER BY \n    FR.Score DESC, FR.CreationDate DESC\nLIMIT 10;",
    "blocked_thread_time": 0.0,
    "cpu_time": 3.2220295869999966,
    "extra_info": {},
    "cumulative_cardinality": 30780911,
    "cumulative_rows_scanned": 29650163,
    "result_set_size": 640,
    "latency": 3.478188117,
    "children": [
        {
            "operator_name": "STREAMING_LIMIT",
            "cpu_time": 3.2220295869999966,
            "extra_info": {},
            "cumulative_cardinality": 30780911,
            "operator_type": "STREAMING_LIMIT",
            "operator_cardinality": 10,
            "cumulative_rows_scanned": 29650163,
            "operator_rows_scanned": 0,
            "operator_timing": 0.000001643,
            "result_set_size": 640,
            "children": [
                {
                    "operator_name": "PROJECTION",
                    "cpu_time": 3.2220279439999966,
                    "extra_info": {
                        "Projections": [
                            "#0",
                            "#1",
                            "#2",
                            "__internal_decompress_integral_integer(#3, 0)",
                            "#4",
                            "#5",
                            "__internal_decompress_string(#6)"
                        ],
                        "Estimated Cardinality": "589761"
                    },
                    "cumulative_cardinality": 30780901,
                    "operator_type": "PROJECTION",
                    "operator_cardinality": 4096,
                    "cumulative_rows_scanned": 29650163,
                    "operator_rows_scanned": 0,
                    "operator_timing": 0.000042198,
                    "result_set_size": 262144,
                    "children": [
                        {
                            "operator_name": "ORDER_BY",
                            "cpu_time": 3.2219857459999965,
                            "extra_info": {
                                "Order By": [
                                    "FR.Score DESC",
                                    "FR.CreationDate DESC"
                                ]
                            },
                            "cumulative_cardinality": 30776805,
                            "operator_type": "ORDER_BY",
                            "operator_cardinality": 4096,
                            "cumulative_rows_scanned": 29650163,
                            "operator_rows_scanned": 0,
                            "operator_timing": 0.0026842669999999997,
                            "result_set_size": 253952,
                            "children": [
                                {
                                    "operator_name": "PROJECTION",
                                    "cpu_time": 3.2193014789999967,
                                    "extra_info": {
                                        "Projections": [
                                            "#0",
                                            "#1",
                                            "#2",
                                            "__internal_compress_integral_usmallint(#3, 0)",
                                            "#4",
                                            "#5",
                                            "__internal_compress_string_hugeint(#6)"
                                        ],
                                        "Estimated Cardinality": "589761"
                                    },
                                    "cumulative_cardinality": 30772709,
                                    "operator_type": "PROJECTION",
                                    "operator_cardinality": 55629,
                                    "cumulative_rows_scanned": 29650163,
                                    "operator_rows_scanned": 0,
                                    "operator_timing": 0.000031786,
                                    "result_set_size": 3448998,
                                    "children": [
                                        {
                                            "operator_name": "PROJECTION",
                                            "cpu_time": 3.2192696929999967,
                                            "extra_info": {
                                                "Projections": [
                                                    "PostId",
                                                    "title",
                                                    "creationdate",
                                                    "score",
                                                    "OwnerTotalVotes",
                                                    "CommentCount",
                                                    "EditStatus"
                                                ],
                                                "Estimated Cardinality": "589761"
                                            },
                                            "cumulative_cardinality": 30717080,
                                            "operator_type": "PROJECTION",
                                            "operator_cardinality": 55629,
                                            "cumulative_rows_scanned": 29650163,
                                            "operator_rows_scanned": 0,
                                            "operator_timing": 0.00011105199999999999,
                                            "result_set_size": 3560256,
                                            "children": [
                                                {
                                                    "operator_name": "PROJECTION",
                                                    "cpu_time": 3.219158640999997,
                                                    "extra_info": {
                                                        "Projections": [
                                                            "#0",
                                                            "#1",
                                                            "#2",
                                                            "__internal_decompress_integral_integer(#3, 0)",
                                                            "#4",
                                                            "#5",
                                                            "#6"
                                                        ],
                                                        "Estimated Cardinality": "589761"
                                                    },
                                                    "cumulative_cardinality": 30661451,
                                                    "operator_type": "PROJECTION",
                                                    "operator_cardinality": 55629,
                                                    "cumulative_rows_scanned": 29650163,
                                                    "operator_rows_scanned": 0,
                                                    "operator_timing": 0.000029213000000000006,
                                                    "result_set_size": 3115224,
                                                    "children": [
                                                        {
                                                            "operator_name": "HASH_GROUP_BY",
                                                            "cpu_time": 3.219129427999997,
                                                            "extra_info": {
                                                                "Groups": [
                                                                    "#0",
                                                                    "#1",
                                                                    "#2",
                                                                    "#3",
                                                                    "#4"
                                                                ],
                                                                "Aggregates": [
                                                                    "count(DISTINCT #5)",
                                                                    "max(#6)"
                                                                ],
                                                                "Estimated Cardinality": "589761"
                                                            },
                                                            "cumulative_cardinality": 30605822,
                                                            "operator_type": "HASH_GROUP_BY",
                                                            "operator_cardinality": 55629,
                                                            "cumulative_rows_scanned": 29650163,
                                                            "operator_rows_scanned": 0,
                                                            "operator_timing": 0.031307729,
                                                            "result_set_size": 3003966,
                                                            "children": [
                                                                {
                                                                    "operator_name": "PROJECTION",
                                                                    "cpu_time": 3.187821698999997,
                                                                    "extra_info": {
                                                                        "Projections": [
                                                                            "PostId",
                                                                            "title",
                                                                            "creationdate",
                                                                            "score",
                                                                            "OwnerTotalVotes",
                                                                            "comment",
                                                                            "HistoryDate"
                                                                        ],
                                                                        "Estimated Cardinality": "1179523"
                                                                    },
                                                                    "cumulative_cardinality": 30550193,
                                                                    "operator_type": "PROJECTION",
                                                                    "operator_cardinality": 63316,
                                                                    "cumulative_rows_scanned": 29650163,
                                                                    "operator_rows_scanned": 0,
                                                                    "operator_timing": 0.00002146999999999999,
                                                                    "result_set_size": 3925592,
                                                                    "children": [
                                                                        {
                                                                            "operator_name": "PROJECTION",
                                                                            "cpu_time": 3.187800228999997,
                                                                            "extra_info": {
                                                                                "Projections": [
                                                                                    "#0",
                                                                                    "#1",
                                                                                    "#2",
                                                                                    "__internal_compress_integral_usmallint(#3, 0)",
                                                                                    "#4",
                                                                                    "#5",
                                                                                    "#6"
                                                                                ],
                                                                                "Estimated Cardinality": "1179523"
                                                                            },
                                                                            "cumulative_cardinality": 30486877,
                                                                            "operator_type": "PROJECTION",
                                                                            "operator_cardinality": 63316,
                                                                            "cumulative_rows_scanned": 29650163,
                                                                            "operator_rows_scanned": 0,
                                                                            "operator_timing": 0.00007232199999999999,
                                                                            "result_set_size": 3925592,
                                                                            "children": [
                                                                                {
                                                                                    "operator_name": "PROJECTION",
                                                                                    "cpu_time": 3.187727906999997,
                                                                                    "extra_info": {
                                                                                        "Projections": [
                                                                                            "PostId",
                                                                                            "title",
                                                                                            "creationdate",
                                                                                            "score",
                                                                                            "OwnerTotalVotes",
                                                                                            "comment",
                                                                                            "HistoryDate"
                                                                                        ],
                                                                                        "Estimated Cardinality": "1179523"
                                                                                    },
                                                                                    "cumulative_cardinality": 30423561,
                                                                                    "operator_type": "PROJECTION",
                                                                                    "operator_cardinality": 63316,
                                                                                    "cumulative_rows_scanned": 29650163,
                                                                                    "operator_rows_scanned": 0,
                                                                                    "operator_timing": 0.000025555000000000002,
                                                                                    "result_set_size": 4052224,
                                                                                    "children": [
                                                                                        {
                                                                                            "operator_name": "HASH_JOIN",
                                                                                            "cpu_time": 3.187702351999997,
                                                                                            "extra_info": {
                                                                                                "Join Type": "INNER",
                                                                                                "Conditions": [
                                                                                                    "postid = PostId",
                                                                                                    "creationdate >= creationdate"
                                                                                                ],
                                                                                                "Estimated Cardinality": "1179523"
                                                                                            },
                                                                                            "cumulative_cardinality": 30360245,
                                                                                            "operator_type": "HASH_JOIN",
                                                                                            "operator_cardinality": 63316,
                                                                                            "cumulative_rows_scanned": 29650163,
                                                                                            "operator_rows_scanned": 0,
                                                                                            "operator_timing": 0.27265781299999986,
                                                                                            "result_set_size": 4052224,
                                                                                            "children": [
                                                                                                {
                                                                                                    "operator_name": "READ_PARQUET ",
                                                                                                    "cpu_time": 0.9340784619999977,
                                                                                                    "extra_info": {
                                                                                                        "Function": "READ_PARQUET",
                                                                                                        "Projections": [
                                                                                                            "postid",
                                                                                                            "creationdate",
                                                                                                            "comment"
                                                                                                        ],
                                                                                                        "Filters": "posthistorytypeid>=10 AND posthistorytypeid<=11",
                                                                                                        "Estimated Cardinality": "2359048"
                                                                                                    },
                                                                                                    "cumulative_cardinality": 131474,
                                                                                                    "operator_type": "TABLE_SCAN",
                                                                                                    "operator_cardinality": 131474,
                                                                                                    "cumulative_rows_scanned": 11795244,
                                                                                                    "operator_rows_scanned": 11795244,
                                                                                                    "operator_timing": 0.9340784619999977,
                                                                                                    "result_set_size": 3681272,
                                                                                                    "children": []
                                                                                                },
                                                                                                {
                                                                                                    "operator_name": "PROJECTION",
                                                                                                    "cpu_time": 1.9809660769999997,
                                                                                                    "extra_info": {
                                                                                                        "Projections": [
                                                                                                            "PostId",
                                                                                                            "title",
                                                                                                            "score",
                                                                                                            "creationdate",
                                                                                                            "OwnerTotalVotes"
                                                                                                        ],
                                                                                                        "Estimated Cardinality": "770023"
                                                                                                    },
                                                                                                    "cumulative_cardinality": 30165455,
                                                                                                    "operator_type": "PROJECTION",
                                                                                                    "operator_cardinality": 2788288,
                                                                                                    "cumulative_rows_scanned": 17854919,
                                                                                                    "operator_rows_scanned": 0,
                                                                                                    "operator_timing": 0.030312636000000056,
                                                                                                    "result_set_size": 111531520,
                                                                                                    "children": [
                                                                                                        {
                                                                                                            "operator_name": "PROJECTION",
                                                                                                            "cpu_time": 1.9506534409999996,
                                                                                                            "extra_info": {
                                                                                                                "Projections": [
                                                                                                                    "#0",
                                                                                                                    "#1",
                                                                                                                    "#2",
                                                                                                                    "#3",
                                                                                                                    "#4"
                                                                                                                ],
                                                                                                                "Estimated Cardinality": "770023"
                                                                                                            },
                                                                                                            "cumulative_cardinality": 27377167,
                                                                                                            "operator_type": "PROJECTION",
                                                                                                            "operator_cardinality": 2788288,
                                                                                                            "cumulative_rows_scanned": 17854919,
                                                                                                            "operator_rows_scanned": 0,
                                                                                                            "operator_timing": 0.00045350599999999735,
                                                                                                            "result_set_size": 111531520,
                                                                                                            "children": [
                                                                                                                {
                                                                                                                    "operator_name": "FILTER",
                                                                                                                    "cpu_time": 1.9501999349999997,
                                                                                                                    "extra_info": {
                                                                                                                        "Expression": "(score > 0)",
                                                                                                                        "Estimated Cardinality": "770023"
                                                                                                                    },
                                                                                                                    "cumulative_cardinality": 24588879,
                                                                                                                    "operator_type": "FILTER",
                                                                                                                    "operator_cardinality": 2788288,
                                                                                                                    "cumulative_rows_scanned": 17854919,
                                                                                                                    "operator_rows_scanned": 0,
                                                                                                                    "operator_timing": 0.005721137000000008,
                                                                                                                    "result_set_size": 133837824,
                                                                                                                    "children": [
                                                                                                                        {
                                                                                                                            "operator_name": "PROJECTION",
                                                                                                                            "cpu_time": 1.9444787979999996,
                                                                                                                            "extra_info": {
                                                                                                                                "Projections": [
                                                                                                                                    "#0",
                                                                                                                                    "#1",
                                                                                                                                    "#2",
                                                                                                                                    "#3",
                                                                                                                                    "#4",
                                                                                                                                    "#5"
                                                                                                                                ],
                                                                                                                                "Estimated Cardinality": "3850116"
                                                                                                                            },
                                                                                                                            "cumulative_cardinality": 21800591,
                                                                                                                            "operator_type": "PROJECTION",
                                                                                                                            "operator_cardinality": 3850116,
                                                                                                                            "cumulative_rows_scanned": 17854919,
                                                                                                                            "operator_rows_scanned": 0,
                                                                                                                            "operator_timing": 0.000624063000000001,
                                                                                                                            "result_set_size": 184805568,
                                                                                                                            "children": [
                                                                                                                                {
                                                                                                                                    "operator_name": "WINDOW",
                                                                                                                                    "cpu_time": 1.9438547349999995,
                                                                                                                                    "extra_info": {
                                                                                                                                        "Projections": "RANK_DENSE() OVER (PARTITION BY id ORDER BY score DESC NULLS LAST)"
                                                                                                                                    },
                                                                                                                                    "cumulative_cardinality": 17950475,
                                                                                                                                    "operator_type": "WINDOW",
                                                                                                                                    "operator_cardinality": 3850116,
                                                                                                                                    "cumulative_rows_scanned": 17854919,
                                                                                                                                    "operator_rows_scanned": 0,
                                                                                                                                    "operator_timing": 0.7670801519999997,
                                                                                                                                    "result_set_size": 184805568,
                                                                                                                                    "children": [
                                                                                                                                        {
                                                                                                                                            "operator_name": "HASH_JOIN",
                                                                                                                                            "cpu_time": 1.1767745829999998,
                                                                                                                                            "extra_info": {
                                                                                                                                                "Join Type": "LEFT",
                                                                                                                                                "Conditions": "owneruserid = UserId",
                                                                                                                                                "Estimated Cardinality": "3850116"
                                                                                                                                            },
                                                                                                                                            "cumulative_cardinality": 14100359,
                                                                                                                                            "operator_type": "HASH_JOIN",
                                                                                                                                            "operator_cardinality": 3850116,
                                                                                                                                            "cumulative_rows_scanned": 17854919,
                                                                                                                                            "operator_rows_scanned": 0,
                                                                                                                                            "operator_timing": 0.22383622499999964,
                                                                                                                                            "result_set_size": 154004640,
                                                                                                                                            "children": [
                                                                                                                                                {
                                                                                                                                                    "operator_name": "READ_PARQUET ",
                                                                                                                                                    "cpu_time": 0.3993094250000001,
                                                                                                                                                    "extra_info": {
                                                                                                                                                        "Function": "READ_PARQUET",
                                                                                                                                                        "Projections": [
                                                                                                                                                            "id",
                                                                                                                                                            "creationdate",
                                                                                                                                                            "score",
                                                                                                                                                            "owneruserid",
                                                                                                                                                            "title"
                                                                                                                                                        ],
                                                                                                                                                        "Estimated Cardinality": "3850116"
                                                                                                                                                    },
                                                                                                                                                    "cumulative_cardinality": 3850116,
                                                                                                                                                    "operator_type": "TABLE_SCAN",
                                                                                                                                                    "operator_cardinality": 3850116,
                                                                                                                                                    "cumulative_rows_scanned": 3850116,
                                                                                                                                                    "operator_rows_scanned": 3850116,
                                                                                                                                                    "operator_timing": 0.3993094250000001,
                                                                                                                                                    "result_set_size": 138604176,
                                                                                                                                                    "children": []
                                                                                                                                                },
                                                                                                                                                {
                                                                                                                                                    "operator_name": "PROJECTION",
                                                                                                                                                    "cpu_time": 0.5536289330000002,
                                                                                                                                                    "extra_info": {
                                                                                                                                                        "Projections": [
                                                                                                                                                            "UserId",
                                                                                                                                                            "TotalVotes"
                                                                                                                                                        ],
                                                                                                                                                        "Estimated Cardinality": "1260710"
                                                                                                                                                    },
                                                                                                                                                    "cumulative_cardinality": 6400127,
                                                                                                                                                    "operator_type": "PROJECTION",
                                                                                                                                                    "operator_cardinality": 1260710,
                                                                                                                                                    "cumulative_rows_scanned": 14004803,
                                                                                                                                                    "operator_rows_scanned": 0,
                                                                                                                                                    "operator_timing": 0.00009398500000000007,
                                                                                                                                                    "result_set_size": 15128520,
                                                                                                                                                    "children": [
                                                                                                                                                        {
                                                                                                                                                            "operator_name": "HASH_GROUP_BY",
                                                                                                                                                            "cpu_time": 0.5535349480000001,
                                                                                                                                                            "extra_info": {
                                                                                                                                                                "Groups": [
                                                                                                                                                                    "#0",
                                                                                                                                                                    "#1"
                                                                                                                                                                ],
                                                                                                                                                                "Aggregates": "count(#2)",
                                                                                                                                                                "Estimated Cardinality": "1260710"
                                                                                                                                                            },
                                                                                                                                                            "cumulative_cardinality": 5139417,
                                                                                                                                                            "operator_type": "HASH_GROUP_BY",
                                                                                                                                                            "operator_cardinality": 1260710,
                                                                                                                                                            "cumulative_rows_scanned": 14004803,
                                                                                                                                                            "operator_rows_scanned": 0,
                                                                                                                                                            "operator_timing": 0.21431849700000022,
                                                                                                                                                            "result_set_size": 35299880,
                                                                                                                                                            "children": [
                                                                                                                                                                {
                                                                                                                                                                    "operator_name": "PROJECTION",
                                                                                                                                                                    "cpu_time": 0.3392164509999999,
                                                                                                                                                                    "extra_info": {
                                                                                                                                                                        "Projections": [
                                                                                                                                                                            "id",
                                                                                                                                                                            "displayname",
                                                                                                                                                                            "id"
                                                                                                                                                                        ],
                                                                                                                                                                        "Estimated Cardinality": "12744093"
                                                                                                                                                                    },
                                                                                                                                                                    "cumulative_cardinality": 3878707,
                                                                                                                                                                    "operator_type": "PROJECTION",
                                                                                                                                                                    "operator_cardinality": 1288855,
                                                                                                                                                                    "cumulative_rows_scanned": 14004803,
                                                                                                                                                                    "operator_rows_scanned": 0,
                                                                                                                                                                    "operator_timing": 0.0001610340000000002,
                                                                                                                                                                    "result_set_size": 30932520,
                                                                                                                                                                    "children": [
                                                                                                                                                                        {
                                                                                                                                                                            "operator_name": "HASH_JOIN",
                                                                                                                                                                            "cpu_time": 0.3390554169999999,
                                                                                                                                                                            "extra_info": {
                                                                                                                                                                                "Join Type": "RIGHT",
                                                                                                                                                                                "Conditions": "userid = id",
                                                                                                                                                                                "Estimated Cardinality": "12744093"
                                                                                                                                                                            },
                                                                                                                                                                            "cumulative_cardinality": 2589852,
                                                                                                                                                                            "operator_type": "HASH_JOIN",
                                                                                                                                                                            "operator_cardinality": 1288855,
                                                                                                                                                                            "cumulative_rows_scanned": 14004803,
                                                                                                                                                                            "operator_rows_scanned": 0,
                                                                                                                                                                            "operator_timing": 0.10733224399999972,
                                                                                                                                                                            "result_set_size": 30932520,
                                                                                                                                                                            "children": [
                                                                                                                                                                                {
                                                                                                                                                                                    "operator_name": "READ_PARQUET ",
                                                                                                                                                                                    "cpu_time": 0.1510138680000002,
                                                                                                                                                                                    "extra_info": {
                                                                                                                                                                                        "Function": "READ_PARQUET",
                                                                                                                                                                                        "Projections": [
                                                                                                                                                                                            "id",
                                                                                                                                                                                            "userid"
                                                                                                                                                                                        ],
                                                                                                                                                                                        "Estimated Cardinality": "12744093"
                                                                                                                                                                                    },
                                                                                                                                                                                    "cumulative_cardinality": 40287,
                                                                                                                                                                                    "operator_type": "TABLE_SCAN",
                                                                                                                                                                                    "operator_cardinality": 40287,
                                                                                                                                                                                    "cumulative_rows_scanned": 12744093,
                                                                                                                                                                                    "operator_rows_scanned": 12744093,
                                                                                                                                                                                    "operator_timing": 0.1510138680000002,
                                                                                                                                                                                    "result_set_size": 322296,
                                                                                                                                                                                    "children": []
                                                                                                                                                                                },
                                                                                                                                                                                {
                                                                                                                                                                                    "operator_name": "READ_PARQUET ",
                                                                                                                                                                                    "cpu_time": 0.08070930500000001,
                                                                                                                                                                                    "extra_info": {
                                                                                                                                                                                        "Function": "READ_PARQUET",
                                                                                                                                                                                        "Projections": [
                                                                                                                                                                                            "id",
                                                                                                                                                                                            "displayname"
                                                                                                                                                                                        ],
                                                                                                                                                                                        "Estimated Cardinality": "1260710"
                                                                                                                                                                                    },
                                                                                                                                                                                    "cumulative_cardinality": 1260710,
                                                                                                                                                                                    "operator_type": "TABLE_SCAN",
                                                                                                                                                                                    "operator_cardinality": 1260710,
                                                                                                                                                                                    "cumulative_rows_scanned": 1260710,
                                                                                                                                                                                    "operator_rows_scanned": 1260710,
                                                                                                                                                                                    "operator_timing": 0.08070930500000001,
                                                                                                                                                                                    "result_set_size": 25214200,
                                                                                                                                                                                    "children": []
                                                                                                                                                                                }
                                                                                                                                                                            ]
                                                                                                                                                                        }
                                                                                                                                                                    ]
                                                                                                                                                                }
                                                                                                                                                            ]
                                                                                                                                                        }
                                                                                                                                                    ]
                                                                                                                                                }
                                                                                                                                            ]
                                                                                                                                        }
                                                                                                                                    ]
                                                                                                                                }
                                                                                                                            ]
                                                                                                                        }
                                                                                                                    ]
                                                                                                                }
                                                                                                            ]
                                                                                                        }
                                                                                                    ]
                                                                                                }
                                                                                            ]
                                                                                        }
                                                                                    ]
                                                                                }
                                                                            ]
                                                                        }
                                                                    ]
                                                                }
                                                            ]
                                                        }
                                                    ]
                                                }
                                            ]
                                        }
                                    ]
                                }
                            ]
                        }
                    ]
                }
            ]
        }
    ]
}