{
    "rows_returned": 10,
    "query_name": "WITH RankedQuestions AS (\n    SELECT \n        p.Id,\n        p.Title,\n        p.CreationDate,\n        p.Score,\n        u.DisplayName AS OwnerDisplayName,\n        COUNT(a.Id) AS AnswerCount,\n        ROW_NUMBER() OVER (PARTITION BY p.Id ORDER BY p.CreationDate DESC) AS rn\n    FROM \n        Posts p\n    LEFT JOIN \n        Users u ON p.OwnerUserId = u.Id\n    LEFT JOIN \n        Posts a ON a.ParentId = p.Id AND a.PostTypeId = 2\n    WHERE \n        p.PostTypeId = 1\n    GROUP BY \n        p.Id, u.DisplayName, p.Title, p.CreationDate, p.Score\n),\nRecentVotes AS (\n    SELECT \n        PostId,\n        COUNT(CASE WHEN VoteTypeId = 2 THEN 1 END) AS UpVotes,\n        COUNT(CASE WHEN VoteTypeId = 3 THEN 1 END) AS DownVotes\n    FROM \n        Votes\n    GROUP BY \n        PostId\n),\nPostStats AS (\n    SELECT \n        rq.Id,\n        rq.Title,\n        rq.CreationDate,\n        rq.Score,\n        COALESCE(rv.UpVotes, 0) AS UpVotes,\n        COALESCE(rv.DownVotes, 0) AS DownVotes,\n        rq.AnswerCount,\n        CASE \n            WHEN rq.Score >= 0 THEN 'Positive'\n            ELSE 'Negative'\n        END AS ScoreType\n    FROM \n        RankedQuestions rq\n    LEFT JOIN \n        RecentVotes rv ON rq.Id = rv.PostId\n)\nSELECT \n    ps.*,\n    CASE \n        WHEN ps.ScoreType = 'Positive' THEN 'This question is well-received.'\n        WHEN ps.ScoreType = 'Negative' THEN 'This question could use improvement.'\n        ELSE 'No votes yet.'\n    END AS Feedback\nFROM \n    PostStats ps\nWHERE \n    ps.AnswerCount > 5\nORDER BY \n    ps.CreationDate DESC\nLIMIT 10;\n",
    "blocked_thread_time": 0.0,
    "cpu_time": 3.465211278999999,
    "extra_info": {},
    "cumulative_cardinality": 50451343,
    "cumulative_rows_scanned": 21705035,
    "result_set_size": 880,
    "latency": 3.790311556,
    "children": [
        {
            "operator_name": "STREAMING_LIMIT",
            "cpu_time": 3.465211278999999,
            "extra_info": {},
            "cumulative_cardinality": 50451343,
            "operator_type": "STREAMING_LIMIT",
            "operator_cardinality": 10,
            "cumulative_rows_scanned": 21705035,
            "operator_rows_scanned": 0,
            "operator_timing": 0.0000015040000000000001,
            "result_set_size": 880,
            "children": [
                {
                    "operator_name": "PROJECTION",
                    "cpu_time": 3.465209774999999,
                    "extra_info": {
                        "Projections": [
                            "#0",
                            "#1",
                            "#2",
                            "__internal_decompress_integral_integer(#3, -72)",
                            "#4",
                            "#5",
                            "#6",
                            "__internal_decompress_string(#7)",
                            "#8"
                        ],
                        "Estimated Cardinality": "6372046"
                    },
                    "cumulative_cardinality": 50451333,
                    "operator_type": "PROJECTION",
                    "operator_cardinality": 4096,
                    "cumulative_rows_scanned": 21705035,
                    "operator_rows_scanned": 0,
                    "operator_timing": 0.000041196,
                    "result_set_size": 360448,
                    "children": [
                        {
                            "operator_name": "ORDER_BY",
                            "cpu_time": 3.465168578999999,
                            "extra_info": {
                                "Order By": "ps.creationdate DESC"
                            },
                            "cumulative_cardinality": 50447237,
                            "operator_type": "ORDER_BY",
                            "operator_cardinality": 4096,
                            "cumulative_rows_scanned": 21705035,
                            "operator_rows_scanned": 0,
                            "operator_timing": 0.0013533459999999998,
                            "result_set_size": 352256,
                            "children": [
                                {
                                    "operator_name": "PROJECTION",
                                    "cpu_time": 3.4638152329999987,
                                    "extra_info": {
                                        "Projections": [
                                            "#0",
                                            "#1",
                                            "#2",
                                            "__internal_compress_integral_usmallint(#3, -72)",
                                            "#4",
                                            "#5",
                                            "#6",
                                            "__internal_compress_string_hugeint(#7)",
                                            "#8"
                                        ],
                                        "Estimated Cardinality": "6372046"
                                    },
                                    "cumulative_cardinality": 50443141,
                                    "operator_type": "PROJECTION",
                                    "operator_cardinality": 11686,
                                    "cumulative_rows_scanned": 21705035,
                                    "operator_rows_scanned": 0,
                                    "operator_timing": 0.000137295,
                                    "result_set_size": 1004996,
                                    "children": [
                                        {
                                            "operator_name": "PROJECTION",
                                            "cpu_time": 3.4636779379999987,
                                            "extra_info": {
                                                "Projections": [
                                                    "id",
                                                    "title",
                                                    "creationdate",
                                                    "score",
                                                    "UpVotes",
                                                    "DownVotes",
                                                    "AnswerCount",
                                                    "ScoreType",
                                                    "Feedback"
                                                ],
                                                "Estimated Cardinality": "6372046"
                                            },
                                            "cumulative_cardinality": 50431455,
                                            "operator_type": "PROJECTION",
                                            "operator_cardinality": 11686,
                                            "cumulative_rows_scanned": 21705035,
                                            "operator_rows_scanned": 0,
                                            "operator_timing": 0.000100276,
                                            "result_set_size": 1028368,
                                            "children": [
                                                {
                                                    "operator_name": "PROJECTION",
                                                    "cpu_time": 3.4635776619999987,
                                                    "extra_info": {
                                                        "Projections": [
                                                            "id",
                                                            "title",
                                                            "creationdate",
                                                            "score",
                                                            "UpVotes",
                                                            "DownVotes",
                                                            "AnswerCount",
                                                            "ScoreType"
                                                        ],
                                                        "Estimated Cardinality": "6372046"
                                                    },
                                                    "cumulative_cardinality": 50419769,
                                                    "operator_type": "PROJECTION",
                                                    "operator_cardinality": 11686,
                                                    "cumulative_rows_scanned": 21705035,
                                                    "operator_rows_scanned": 0,
                                                    "operator_timing": 0.0006570559999999999,
                                                    "result_set_size": 841392,
                                                    "children": [
                                                        {
                                                            "operator_name": "HASH_JOIN",
                                                            "cpu_time": 3.4629206059999986,
                                                            "extra_info": {
                                                                "Join Type": "RIGHT",
                                                                "Conditions": "postid = id",
                                                                "Estimated Cardinality": "6372046"
                                                            },
                                                            "cumulative_cardinality": 50408083,
                                                            "operator_type": "HASH_JOIN",
                                                            "operator_cardinality": 11686,
                                                            "cumulative_rows_scanned": 21705035,
                                                            "operator_rows_scanned": 0,
                                                            "operator_timing": 0.04259009799999961,
                                                            "result_set_size": 654416,
                                                            "children": [
                                                                {
                                                                    "operator_name": "HASH_GROUP_BY",
                                                                    "cpu_time": 0.8935961510000008,
                                                                    "extra_info": {
                                                                        "Groups": "#0",
                                                                        "Aggregates": [
                                                                            "count(#1)",
                                                                            "count(#2)"
                                                                        ],
                                                                        "Estimated Cardinality": "6372046"
                                                                    },
                                                                    "cumulative_cardinality": 29453413,
                                                                    "operator_type": "HASH_GROUP_BY",
                                                                    "operator_cardinality": 3965227,
                                                                    "cumulative_rows_scanned": 12744093,
                                                                    "operator_rows_scanned": 0,
                                                                    "operator_timing": 0.6450226990000016,
                                                                    "result_set_size": 79304540,
                                                                    "children": [
                                                                        {
                                                                            "operator_name": "PROJECTION",
                                                                            "cpu_time": 0.2485734519999992,
                                                                            "extra_info": {
                                                                                "Projections": [
                                                                                    "postid",
                                                                                    "CASE  WHEN ((votetypeid = 2)) THEN (1) ELSE NULL END",
                                                                                    "CASE  WHEN ((votetypeid = 3)) THEN (1) ELSE NULL END"
                                                                                ],
                                                                                "Estimated Cardinality": "12744093"
                                                                            },
                                                                            "cumulative_cardinality": 25488186,
                                                                            "operator_type": "PROJECTION",
                                                                            "operator_cardinality": 12744093,
                                                                            "cumulative_rows_scanned": 12744093,
                                                                            "operator_rows_scanned": 0,
                                                                            "operator_timing": 0.11626531699999969,
                                                                            "result_set_size": 152929116,
                                                                            "children": [
                                                                                {
                                                                                    "operator_name": "READ_PARQUET ",
                                                                                    "cpu_time": 0.13230813499999952,
                                                                                    "extra_info": {
                                                                                        "Function": "READ_PARQUET",
                                                                                        "Projections": [
                                                                                            "postid",
                                                                                            "votetypeid"
                                                                                        ],
                                                                                        "Estimated Cardinality": "12744093"
                                                                                    },
                                                                                    "cumulative_cardinality": 12744093,
                                                                                    "operator_type": "TABLE_SCAN",
                                                                                    "operator_cardinality": 12744093,
                                                                                    "cumulative_rows_scanned": 12744093,
                                                                                    "operator_rows_scanned": 12744093,
                                                                                    "operator_timing": 0.13230813499999952,
                                                                                    "result_set_size": 76464558,
                                                                                    "children": []
                                                                                }
                                                                            ]
                                                                        }
                                                                    ]
                                                                },
                                                                {
                                                                    "operator_name": "PROJECTION",
                                                                    "cpu_time": 2.5267343569999983,
                                                                    "extra_info": {
                                                                        "Projections": [
                                                                            "#0",
                                                                            "#2",
                                                                            "#3",
                                                                            "#4",
                                                                            "#5"
                                                                        ],
                                                                        "Estimated Cardinality": "126071"
                                                                    },
                                                                    "cumulative_cardinality": 20942984,
                                                                    "operator_type": "PROJECTION",
                                                                    "operator_cardinality": 11686,
                                                                    "cumulative_rows_scanned": 8960942,
                                                                    "operator_rows_scanned": 0,
                                                                    "operator_timing": 0.000012410999999999999,
                                                                    "result_set_size": 467440,
                                                                    "children": [
                                                                        {
                                                                            "operator_name": "FILTER",
                                                                            "cpu_time": 2.526721945999998,
                                                                            "extra_info": {
                                                                                "Expression": "(AnswerCount > 5)",
                                                                                "Estimated Cardinality": "126071"
                                                                            },
                                                                            "cumulative_cardinality": 20931298,
                                                                            "operator_type": "FILTER",
                                                                            "operator_cardinality": 11686,
                                                                            "cumulative_rows_scanned": 8960942,
                                                                            "operator_rows_scanned": 0,
                                                                            "operator_timing": 0.005653479999999996,
                                                                            "result_set_size": 747904,
                                                                            "children": [
                                                                                {
                                                                                    "operator_name": "PROJECTION",
                                                                                    "cpu_time": 2.5210684659999982,
                                                                                    "extra_info": {
                                                                                        "Projections": [
                                                                                            "#0",
                                                                                            "#1",
                                                                                            "#2",
                                                                                            "#3",
                                                                                            "#4",
                                                                                            "#5",
                                                                                            "#6"
                                                                                        ],
                                                                                        "Estimated Cardinality": "630355"
                                                                                    },
                                                                                    "cumulative_cardinality": 20919612,
                                                                                    "operator_type": "PROJECTION",
                                                                                    "operator_cardinality": 1668164,
                                                                                    "cumulative_rows_scanned": 8960942,
                                                                                    "operator_rows_scanned": 0,
                                                                                    "operator_timing": 0.0002491700000000004,
                                                                                    "result_set_size": 106762496,
                                                                                    "children": [
                                                                                        {
                                                                                            "operator_name": "WINDOW",
                                                                                            "cpu_time": 2.520819295999998,
                                                                                            "extra_info": {
                                                                                                "Projections": "ROW_NUMBER() OVER (PARTITION BY id ORDER BY creationdate DESC NULLS LAST)"
                                                                                            },
                                                                                            "cumulative_cardinality": 19251448,
                                                                                            "operator_type": "WINDOW",
                                                                                            "operator_cardinality": 1668164,
                                                                                            "cumulative_rows_scanned": 8960942,
                                                                                            "operator_rows_scanned": 0,
                                                                                            "operator_timing": 0.46435439999999994,
                                                                                            "result_set_size": 106762496,
                                                                                            "children": [
                                                                                                {
                                                                                                    "operator_name": "PROJECTION",
                                                                                                    "cpu_time": 2.0564648959999983,
                                                                                                    "extra_info": {
                                                                                                        "Projections": [
                                                                                                            "#0",
                                                                                                            "#1",
                                                                                                            "#2",
                                                                                                            "#3",
                                                                                                            "__internal_decompress_integral_integer(#4, -72)",
                                                                                                            "#5"
                                                                                                        ],
                                                                                                        "Estimated Cardinality": "630355"
                                                                                                    },
                                                                                                    "cumulative_cardinality": 17583284,
                                                                                                    "operator_type": "PROJECTION",
                                                                                                    "operator_cardinality": 1668164,
                                                                                                    "cumulative_rows_scanned": 8960942,
                                                                                                    "operator_rows_scanned": 0,
                                                                                                    "operator_timing": 0.0006728149999999995,
                                                                                                    "result_set_size": 93417184,
                                                                                                    "children": [
                                                                                                        {
                                                                                                            "operator_name": "HASH_GROUP_BY",
                                                                                                            "cpu_time": 2.055792080999998,
                                                                                                            "extra_info": {
                                                                                                                "Groups": [
                                                                                                                    "#0",
                                                                                                                    "#1",
                                                                                                                    "#2",
                                                                                                                    "#3",
                                                                                                                    "#4"
                                                                                                                ],
                                                                                                                "Aggregates": "count(#5)",
                                                                                                                "Estimated Cardinality": "630355"
                                                                                                            },
                                                                                                            "cumulative_cardinality": 15915120,
                                                                                                            "operator_type": "HASH_GROUP_BY",
                                                                                                            "operator_cardinality": 1668164,
                                                                                                            "cumulative_rows_scanned": 8960942,
                                                                                                            "operator_rows_scanned": 0,
                                                                                                            "operator_timing": 0.7681127849999989,
                                                                                                            "result_set_size": 90080856,
                                                                                                            "children": [
                                                                                                                {
                                                                                                                    "operator_name": "PROJECTION",
                                                                                                                    "cpu_time": 1.2876792959999994,
                                                                                                                    "extra_info": {
                                                                                                                        "Projections": [
                                                                                                                            "id",
                                                                                                                            "displayname",
                                                                                                                            "title",
                                                                                                                            "creationdate",
                                                                                                                            "score",
                                                                                                                            "id"
                                                                                                                        ],
                                                                                                                        "Estimated Cardinality": "1260710"
                                                                                                                    },
                                                                                                                    "cumulative_cardinality": 14246956,
                                                                                                                    "operator_type": "PROJECTION",
                                                                                                                    "operator_cardinality": 2490886,
                                                                                                                    "cumulative_rows_scanned": 8960942,
                                                                                                                    "operator_rows_scanned": 0,
                                                                                                                    "operator_timing": 0.0010882720000000045,
                                                                                                                    "result_set_size": 124544300,
                                                                                                                    "children": [
                                                                                                                        {
                                                                                                                            "operator_name": "PROJECTION",
                                                                                                                            "cpu_time": 1.2865910239999994,
                                                                                                                            "extra_info": {
                                                                                                                                "Projections": [
                                                                                                                                    "#0",
                                                                                                                                    "#1",
                                                                                                                                    "#2",
                                                                                                                                    "__internal_compress_integral_usmallint(#3, -72)",
                                                                                                                                    "#4",
                                                                                                                                    "#5"
                                                                                                                                ],
                                                                                                                                "Estimated Cardinality": "1260710"
                                                                                                                            },
                                                                                                                            "cumulative_cardinality": 11756070,
                                                                                                                            "operator_type": "PROJECTION",
                                                                                                                            "operator_cardinality": 2490886,
                                                                                                                            "cumulative_rows_scanned": 8960942,
                                                                                                                            "operator_rows_scanned": 0,
                                                                                                                            "operator_timing": 0.004222170999999986,
                                                                                                                            "result_set_size": 124544300,
                                                                                                                            "children": [
                                                                                                                                {
                                                                                                                                    "operator_name": "HASH_JOIN",
                                                                                                                                    "cpu_time": 1.2823688529999995,
                                                                                                                                    "extra_info": {
                                                                                                                                        "Join Type": "LEFT",
                                                                                                                                        "Conditions": "id = parentid",
                                                                                                                                        "Estimated Cardinality": "1260710"
                                                                                                                                    },
                                                                                                                                    "cumulative_cardinality": 9265184,
                                                                                                                                    "operator_type": "HASH_JOIN",
                                                                                                                                    "operator_cardinality": 2490886,
                                                                                                                                    "cumulative_rows_scanned": 8960942,
                                                                                                                                    "operator_rows_scanned": 0,
                                                                                                                                    "operator_timing": 0.2857128499999998,
                                                                                                                                    "result_set_size": 129526072,
                                                                                                                                    "children": [
                                                                                                                                        {
                                                                                                                                            "operator_name": "HASH_JOIN",
                                                                                                                                            "cpu_time": 0.8709553849999997,
                                                                                                                                            "extra_info": {
                                                                                                                                                "Join Type": "RIGHT",
                                                                                                                                                "Conditions": "id = owneruserid",
                                                                                                                                                "Estimated Cardinality": "1260710"
                                                                                                                                            },
                                                                                                                                            "cumulative_cardinality": 4597005,
                                                                                                                                            "operator_type": "HASH_JOIN",
                                                                                                                                            "operator_cardinality": 1668164,
                                                                                                                                            "cumulative_rows_scanned": 5110826,
                                                                                                                                            "operator_rows_scanned": 0,
                                                                                                                                            "operator_timing": 0.2827693400000001,
                                                                                                                                            "result_set_size": 80071872,
                                                                                                                                            "children": [
                                                                                                                                                {
                                                                                                                                                    "operator_name": "READ_PARQUET ",
                                                                                                                                                    "cpu_time": 0.09157984900000002,
                                                                                                                                                    "extra_info": {
                                                                                                                                                        "Function": "READ_PARQUET",
                                                                                                                                                        "Projections": [
                                                                                                                                                            "id",
                                                                                                                                                            "displayname"
                                                                                                                                                        ],
                                                                                                                                                        "Estimated Cardinality": "1260710"
                                                                                                                                                    },
                                                                                                                                                    "cumulative_cardinality": 1260677,
                                                                                                                                                    "operator_type": "TABLE_SCAN",
                                                                                                                                                    "operator_cardinality": 1260677,
                                                                                                                                                    "cumulative_rows_scanned": 1260710,
                                                                                                                                                    "operator_rows_scanned": 1260710,
                                                                                                                                                    "operator_timing": 0.09157984900000002,
                                                                                                                                                    "result_set_size": 25213540,
                                                                                                                                                    "children": []
                                                                                                                                                },
                                                                                                                                                {
                                                                                                                                                    "operator_name": "READ_PARQUET ",
                                                                                                                                                    "cpu_time": 0.49660619599999956,
                                                                                                                                                    "extra_info": {
                                                                                                                                                        "Function": "READ_PARQUET",
                                                                                                                                                        "Projections": [
                                                                                                                                                            "id",
                                                                                                                                                            "creationdate",
                                                                                                                                                            "score",
                                                                                                                                                            "owneruserid",
                                                                                                                                                            "title"
                                                                                                                                                        ],
                                                                                                                                                        "Filters": "posttypeid=1",
                                                                                                                                                        "Estimated Cardinality": "770023"
                                                                                                                                                    },
                                                                                                                                                    "cumulative_cardinality": 1668164,
                                                                                                                                                    "operator_type": "TABLE_SCAN",
                                                                                                                                                    "operator_cardinality": 1668164,
                                                                                                                                                    "cumulative_rows_scanned": 3850116,
                                                                                                                                                    "operator_rows_scanned": 3850116,
                                                                                                                                                    "operator_timing": 0.49660619599999956,
                                                                                                                                                    "result_set_size": 60053904,
                                                                                                                                                    "children": []
                                                                                                                                                }
                                                                                                                                            ]
                                                                                                                                        },
                                                                                                                                        {
                                                                                                                                            "operator_name": "READ_PARQUET ",
                                                                                                                                            "cpu_time": 0.12570061799999993,
                                                                                                                                            "extra_info": {
                                                                                                                                                "Function": "READ_PARQUET",
                                                                                                                                                "Projections": [
                                                                                                                                                    "id",
                                                                                                                                                    "parentid"
                                                                                                                                                ],
                                                                                                                                                "Filters": "posttypeid=2",
                                                                                                                                                "Estimated Cardinality": "770023"
                                                                                                                                            },
                                                                                                                                            "cumulative_cardinality": 2177293,
                                                                                                                                            "operator_type": "TABLE_SCAN",
                                                                                                                                            "operator_cardinality": 2177293,
                                                                                                                                            "cumulative_rows_scanned": 3850116,
                                                                                                                                            "operator_rows_scanned": 3850116,
                                                                                                                                            "operator_timing": 0.12570061799999993,
                                                                                                                                            "result_set_size": 17418344,
                                                                                                                                            "children": []
                                                                                                                                        }
                                                                                                                                    ]
                                                                                                                                }
                                                                                                                            ]
                                                                                                                        }
                                                                                                                    ]
                                                                                                                }
                                                                                                            ]
                                                                                                        }
                                                                                                    ]
                                                                                                }
                                                                                            ]
                                                                                        }
                                                                                    ]
                                                                                }
                                                                            ]
                                                                        }
                                                                    ]
                                                                }
                                                            ]
                                                        }
                                                    ]
                                                }
                                            ]
                                        }
                                    ]
                                }
                            ]
                        }
                    ]
                }
            ]
        }
    ]
}