{
    "rows_returned": 2,
    "query_name": "\nWITH UserBadgeCounts AS (\n    SELECT \n        b.UserId, \n        COUNT(*) AS BadgeCount,\n        STRING_AGG(b.Name, ', ') AS BadgeNames\n    FROM \n        Badges b\n    GROUP BY \n        b.UserId\n),\nPostDetails AS (\n    SELECT\n        p.Id AS PostId,\n        p.PostTypeId,\n        p.Title,\n        p.CreationDate,\n        p.ViewCount,\n        u.DisplayName AS OwnerDisplayName,\n        COALESCE(pb.BadgeCount, 0) AS OwnerBadgeCount,\n        COALESCE(pb.BadgeNames, 'None') AS OwnerBadges,\n        EXTRACT(EPOCH FROM TIMESTAMP '2024-10-01 12:34:56' - p.CreationDate) AS AgeInSeconds,\n        ARRAY_LENGTH(string_to_array(SUBSTRING(p.Tags FROM 2 FOR LENGTH(p.Tags) - 2), '><'), 1) AS TagCount\n    FROM \n        Posts p\n    JOIN \n        Users u ON p.OwnerUserId = u.Id\n    LEFT JOIN \n        UserBadgeCounts pb ON u.Id = pb.UserId\n    WHERE \n        p.PostTypeId = 1 \n),\nAggregatedData AS (\n    SELECT \n        pd.PostId, \n        pd.Title,\n        pd.CreationDate,\n        pd.ViewCount,\n        pd.OwnerDisplayName,\n        pd.OwnerBadgeCount,\n        pd.OwnerBadges,\n        pd.AgeInSeconds,\n        pd.TagCount,\n        CASE \n            WHEN pd.AgeInSeconds < 3600 THEN 'New'\n            WHEN pd.AgeInSeconds < 86400 THEN 'Moderate'\n            ELSE 'Old'\n        END AS PostAgeCategory\n    FROM \n        PostDetails pd\n)\nSELECT \n    PostAgeCategory,\n    COUNT(*) AS PostCount,\n    AVG(ViewCount) AS AverageViews,\n    AVG(OwnerBadgeCount) AS AverageBadges\nFROM \n    AggregatedData\nGROUP BY \n    PostAgeCategory\nORDER BY \n    PostAgeCategory DESC;\n",
    "blocked_thread_time": 0.0,
    "cpu_time": 0.6650237340000004,
    "extra_info": {},
    "cumulative_cardinality": 17659298,
    "cumulative_rows_scanned": 7432550,
    "result_set_size": 80,
    "latency": 0.740581554,
    "children": [
        {
            "operator_name": "PROJECTION",
            "cpu_time": 0.6650237340000004,
            "extra_info": {
                "Projections": [
                    "__internal_decompress_string(#0)",
                    "#1",
                    "#2",
                    "#3"
                ],
                "Estimated Cardinality": "1"
            },
            "cumulative_cardinality": 17659298,
            "operator_type": "PROJECTION",
            "operator_cardinality": 2,
            "cumulative_rows_scanned": 7432550,
            "operator_rows_scanned": 0,
            "operator_timing": 0.000001152,
            "result_set_size": 80,
            "children": [
                {
                    "operator_name": "ORDER_BY",
                    "cpu_time": 0.6650225820000004,
                    "extra_info": {
                        "Order By": "AggregatedData.PostAgeCategory DESC"
                    },
                    "cumulative_cardinality": 17659296,
                    "operator_type": "ORDER_BY",
                    "operator_cardinality": 2,
                    "cumulative_rows_scanned": 7432550,
                    "operator_rows_scanned": 0,
                    "operator_timing": 0.000027292000000000002,
                    "result_set_size": 80,
                    "children": [
                        {
                            "operator_name": "PROJECTION",
                            "cpu_time": 0.6649952900000005,
                            "extra_info": {
                                "Projections": [
                                    "__internal_compress_string_hugeint(#0)",
                                    "#1",
                                    "#2",
                                    "#3"
                                ],
                                "Estimated Cardinality": "1"
                            },
                            "cumulative_cardinality": 17659294,
                            "operator_type": "PROJECTION",
                            "operator_cardinality": 2,
                            "cumulative_rows_scanned": 7432550,
                            "operator_rows_scanned": 0,
                            "operator_timing": 0.000001333,
                            "result_set_size": 80,
                            "children": [
                                {
                                    "operator_name": "PROJECTION",
                                    "cpu_time": 0.6649939570000004,
                                    "extra_info": {
                                        "Projections": [
                                            "__internal_decompress_string(#0)",
                                            "#1",
                                            "#2",
                                            "#3"
                                        ],
                                        "Estimated Cardinality": "1"
                                    },
                                    "cumulative_cardinality": 17659292,
                                    "operator_type": "PROJECTION",
                                    "operator_cardinality": 2,
                                    "cumulative_rows_scanned": 7432550,
                                    "operator_rows_scanned": 0,
                                    "operator_timing": 0.000002174,
                                    "result_set_size": 80,
                                    "children": [
                                        {
                                            "operator_name": "HASH_GROUP_BY",
                                            "cpu_time": 0.6649917830000004,
                                            "extra_info": {
                                                "Groups": "#0",
                                                "Aggregates": [
                                                    "count_star()",
                                                    "avg(#1)",
                                                    "avg(#2)"
                                                ],
                                                "Estimated Cardinality": "1"
                                            },
                                            "cumulative_cardinality": 17659290,
                                            "operator_type": "HASH_GROUP_BY",
                                            "operator_cardinality": 2,
                                            "cumulative_rows_scanned": 7432550,
                                            "operator_rows_scanned": 0,
                                            "operator_timing": 0.015234074000000009,
                                            "result_set_size": 80,
                                            "children": [
                                                {
                                                    "operator_name": "PROJECTION",
                                                    "cpu_time": 0.6497577090000004,
                                                    "extra_info": {
                                                        "Projections": [
                                                            "PostAgeCategory",
                                                            "viewcount",
                                                            "OwnerBadgeCount"
                                                        ],
                                                        "Estimated Cardinality": "1160862"
                                                    },
                                                    "cumulative_cardinality": 17659288,
                                                    "operator_type": "PROJECTION",
                                                    "operator_cardinality": 1589663,
                                                    "cumulative_rows_scanned": 7432550,
                                                    "operator_rows_scanned": 0,
                                                    "operator_timing": 0.00020748499999999963,
                                                    "result_set_size": 44510564,
                                                    "children": [
                                                        {
                                                            "operator_name": "PROJECTION",
                                                            "cpu_time": 0.6495502240000004,
                                                            "extra_info": {
                                                                "Projections": [
                                                                    "#0",
                                                                    "#1",
                                                                    "__internal_compress_string_hugeint(#2)"
                                                                ],
                                                                "Estimated Cardinality": "1160862"
                                                            },
                                                            "cumulative_cardinality": 16069625,
                                                            "operator_type": "PROJECTION",
                                                            "operator_cardinality": 1589663,
                                                            "cumulative_rows_scanned": 7432550,
                                                            "operator_rows_scanned": 0,
                                                            "operator_timing": 0.0014298009999999999,
                                                            "result_set_size": 44510564,
                                                            "children": [
                                                                {
                                                                    "operator_name": "PROJECTION",
                                                                    "cpu_time": 0.6481204230000004,
                                                                    "extra_info": {
                                                                        "Projections": [
                                                                            "viewcount",
                                                                            "OwnerBadgeCount",
                                                                            "PostAgeCategory"
                                                                        ],
                                                                        "Estimated Cardinality": "1160862"
                                                                    },
                                                                    "cumulative_cardinality": 14479962,
                                                                    "operator_type": "PROJECTION",
                                                                    "operator_cardinality": 1589663,
                                                                    "cumulative_rows_scanned": 7432550,
                                                                    "operator_rows_scanned": 0,
                                                                    "operator_timing": 0.016286014000000015,
                                                                    "result_set_size": 44510564,
                                                                    "children": [
                                                                        {
                                                                            "operator_name": "PROJECTION",
                                                                            "cpu_time": 0.6318344090000003,
                                                                            "extra_info": {
                                                                                "Projections": [
                                                                                    "viewcount",
                                                                                    "OwnerBadgeCount",
                                                                                    "AgeInSeconds"
                                                                                ],
                                                                                "Estimated Cardinality": "1160862"
                                                                            },
                                                                            "cumulative_cardinality": 12890299,
                                                                            "operator_type": "PROJECTION",
                                                                            "operator_cardinality": 1589663,
                                                                            "cumulative_rows_scanned": 7432550,
                                                                            "operator_rows_scanned": 0,
                                                                            "operator_timing": 0.03504604699999997,
                                                                            "result_set_size": 31793260,
                                                                            "children": [
                                                                                {
                                                                                    "operator_name": "HASH_JOIN",
                                                                                    "cpu_time": 0.5967883620000004,
                                                                                    "extra_info": {
                                                                                        "Join Type": "RIGHT",
                                                                                        "Conditions": "userid = id",
                                                                                        "Estimated Cardinality": "1160862"
                                                                                    },
                                                                                    "cumulative_cardinality": 11300636,
                                                                                    "operator_type": "HASH_JOIN",
                                                                                    "operator_cardinality": 1589663,
                                                                                    "cumulative_rows_scanned": 7432550,
                                                                                    "operator_rows_scanned": 0,
                                                                                    "operator_timing": 0.11915900899999998,
                                                                                    "result_set_size": 31793260,
                                                                                    "children": [
                                                                                        {
                                                                                            "operator_name": "HASH_GROUP_BY",
                                                                                            "cpu_time": 0.07177262299999997,
                                                                                            "extra_info": {
                                                                                                "Groups": "#0",
                                                                                                "Aggregates": "count_star()",
                                                                                                "Estimated Cardinality": "1160862"
                                                                                            },
                                                                                            "cumulative_cardinality": 5192469,
                                                                                            "operator_type": "HASH_GROUP_BY",
                                                                                            "operator_cardinality": 549021,
                                                                                            "cumulative_rows_scanned": 2321724,
                                                                                            "operator_rows_scanned": 0,
                                                                                            "operator_timing": 0.059894089999999976,
                                                                                            "result_set_size": 6588252,
                                                                                            "children": [
                                                                                                {
                                                                                                    "operator_name": "PROJECTION",
                                                                                                    "cpu_time": 0.011878532999999993,
                                                                                                    "extra_info": {
                                                                                                        "Projections": "userid",
                                                                                                        "Estimated Cardinality": "2321724"
                                                                                                    },
                                                                                                    "cumulative_cardinality": 4643448,
                                                                                                    "operator_type": "PROJECTION",
                                                                                                    "operator_cardinality": 2321724,
                                                                                                    "cumulative_rows_scanned": 2321724,
                                                                                                    "operator_rows_scanned": 0,
                                                                                                    "operator_timing": 0.00017283199999999926,
                                                                                                    "result_set_size": 9286896,
                                                                                                    "children": [
                                                                                                        {
                                                                                                            "operator_name": "READ_PARQUET ",
                                                                                                            "cpu_time": 0.011705700999999994,
                                                                                                            "extra_info": {
                                                                                                                "Function": "READ_PARQUET",
                                                                                                                "Projections": "userid",
                                                                                                                "Estimated Cardinality": "2321724"
                                                                                                            },
                                                                                                            "cumulative_cardinality": 2321724,
                                                                                                            "operator_type": "TABLE_SCAN",
                                                                                                            "operator_cardinality": 2321724,
                                                                                                            "cumulative_rows_scanned": 2321724,
                                                                                                            "operator_rows_scanned": 2321724,
                                                                                                            "operator_timing": 0.011705700999999994,
                                                                                                            "result_set_size": 9286896,
                                                                                                            "children": []
                                                                                                        }
                                                                                                    ]
                                                                                                }
                                                                                            ]
                                                                                        },
                                                                                        {
                                                                                            "operator_name": "HASH_JOIN",
                                                                                            "cpu_time": 0.40585673000000044,
                                                                                            "extra_info": {
                                                                                                "Join Type": "INNER",
                                                                                                "Conditions": "id = owneruserid",
                                                                                                "Estimated Cardinality": "770023"
                                                                                            },
                                                                                            "cumulative_cardinality": 4518504,
                                                                                            "operator_type": "HASH_JOIN",
                                                                                            "operator_cardinality": 1589663,
                                                                                            "cumulative_rows_scanned": 5110826,
                                                                                            "operator_rows_scanned": 0,
                                                                                            "operator_timing": 0.1816710600000003,
                                                                                            "result_set_size": 31793260,
                                                                                            "children": [
                                                                                                {
                                                                                                    "operator_name": "READ_PARQUET ",
                                                                                                    "cpu_time": 0.021001090000000024,
                                                                                                    "extra_info": {
                                                                                                        "Function": "READ_PARQUET",
                                                                                                        "Projections": "id",
                                                                                                        "Filters": "id<=1416539",
                                                                                                        "Estimated Cardinality": "1260710"
                                                                                                    },
                                                                                                    "cumulative_cardinality": 1260677,
                                                                                                    "operator_type": "TABLE_SCAN",
                                                                                                    "operator_cardinality": 1260677,
                                                                                                    "cumulative_rows_scanned": 1260710,
                                                                                                    "operator_rows_scanned": 1260710,
                                                                                                    "operator_timing": 0.021001090000000024,
                                                                                                    "result_set_size": 5042708,
                                                                                                    "children": []
                                                                                                },
                                                                                                {
                                                                                                    "operator_name": "READ_PARQUET ",
                                                                                                    "cpu_time": 0.20318458000000014,
                                                                                                    "extra_info": {
                                                                                                        "Function": "READ_PARQUET",
                                                                                                        "Projections": [
                                                                                                            "creationdate",
                                                                                                            "viewcount",
                                                                                                            "owneruserid"
                                                                                                        ],
                                                                                                        "Filters": "posttypeid=1",
                                                                                                        "Estimated Cardinality": "770023"
                                                                                                    },
                                                                                                    "cumulative_cardinality": 1668164,
                                                                                                    "operator_type": "TABLE_SCAN",
                                                                                                    "operator_cardinality": 1668164,
                                                                                                    "cumulative_rows_scanned": 3850116,
                                                                                                    "operator_rows_scanned": 3850116,
                                                                                                    "operator_timing": 0.20318458000000014,
                                                                                                    "result_set_size": 26690624,
                                                                                                    "children": []
                                                                                                }
                                                                                            ]
                                                                                        }
                                                                                    ]
                                                                                }
                                                                            ]
                                                                        }
                                                                    ]
                                                                }
                                                            ]
                                                        }
                                                    ]
                                                }
                                            ]
                                        }
                                    ]
                                }
                            ]
                        }
                    ]
                }
            ]
        }
    ]
}