{
    "rows_returned": 10,
    "query_name": "\nWITH UserPostStatistics AS (\n    SELECT \n        u.Id AS UserId,\n        u.DisplayName,\n        COUNT(p.Id) AS TotalPosts,\n        SUM(CASE WHEN p.PostTypeId = 1 THEN 1 ELSE 0 END) AS TotalQuestions,\n        SUM(CASE WHEN p.PostTypeId = 2 THEN 1 ELSE 0 END) AS TotalAnswers,\n        SUM(CASE WHEN p.PostTypeId = 2 AND p.AcceptedAnswerId IS NOT NULL THEN 1 ELSE 0 END) AS AcceptedAnswers,\n        SUM(CASE WHEN c.Id IS NOT NULL THEN 1 ELSE 0 END) AS TotalComments,\n        SUM(CASE WHEN v.VoteTypeId = 2 THEN 1 ELSE 0 END) AS TotalUpvotes,\n        SUM(CASE WHEN v.VoteTypeId = 3 THEN 1 ELSE 0 END) AS TotalDownvotes\n    FROM Users u\n    LEFT JOIN Posts p ON u.Id = p.OwnerUserId\n    LEFT JOIN Comments c ON p.Id = c.PostId\n    LEFT JOIN Votes v ON p.Id = v.PostId\n    GROUP BY u.Id, u.DisplayName\n),\nBadgeStatistics AS (\n    SELECT \n        b.UserId,\n        COUNT(b.Id) AS TotalBadges,\n        SUM(CASE WHEN b.Class = 1 THEN 1 ELSE 0 END) AS GoldBadges,\n        SUM(CASE WHEN b.Class = 2 THEN 1 ELSE 0 END) AS SilverBadges,\n        SUM(CASE WHEN b.Class = 3 THEN 1 ELSE 0 END) AS BronzeBadges\n    FROM Badges b\n    GROUP BY b.UserId\n)\n\nSELECT \n    ups.UserId,\n    ups.DisplayName,\n    ups.TotalPosts,\n    ups.TotalQuestions,\n    ups.TotalAnswers,\n    ups.AcceptedAnswers,\n    ups.TotalComments,\n    ups.TotalUpvotes,\n    ups.TotalDownvotes,\n    COALESCE(bs.TotalBadges, 0) AS TotalBadges,\n    COALESCE(bs.GoldBadges, 0) AS GoldBadges,\n    COALESCE(bs.SilverBadges, 0) AS SilverBadges,\n    COALESCE(bs.BronzeBadges, 0) AS BronzeBadges,\n    (ups.TotalUpvotes - ups.TotalDownvotes) AS ReputationScore\nFROM UserPostStatistics ups\nLEFT JOIN BadgeStatistics bs ON ups.UserId = bs.UserId\nORDER BY ReputationScore DESC\nFETCH FIRST 10 ROWS ONLY;\n",
    "blocked_thread_time": 0.0,
    "cpu_time": 5.985148710999981,
    "extra_info": {},
    "cumulative_cardinality": 178015556,
    "cumulative_rows_scanned": 27418465,
    "result_set_size": 1960,
    "latency": 7.75593592,
    "children": [
        {
            "operator_name": "STREAMING_LIMIT",
            "cpu_time": 5.985148710999981,
            "extra_info": {},
            "cumulative_cardinality": 178015556,
            "operator_type": "STREAMING_LIMIT",
            "operator_cardinality": 10,
            "cumulative_rows_scanned": 27418465,
            "operator_rows_scanned": 0,
            "operator_timing": 0.000003877,
            "result_set_size": 1960,
            "children": [
                {
                    "operator_name": "ORDER_BY",
                    "cpu_time": 5.985144833999981,
                    "extra_info": {
                        "Order By": "(ups.TotalUpvotes - ups.TotalDownvotes) DESC"
                    },
                    "cumulative_cardinality": 178015546,
                    "operator_type": "ORDER_BY",
                    "operator_cardinality": 4096,
                    "cumulative_rows_scanned": 27418465,
                    "operator_rows_scanned": 0,
                    "operator_timing": 0.09233015100000007,
                    "result_set_size": 802816,
                    "children": [
                        {
                            "operator_name": "PROJECTION",
                            "cpu_time": 5.8928146829999815,
                            "extra_info": {
                                "Projections": [
                                    "UserId",
                                    "displayname",
                                    "TotalPosts",
                                    "TotalQuestions",
                                    "TotalAnswers",
                                    "AcceptedAnswers",
                                    "TotalComments",
                                    "TotalUpvotes",
                                    "TotalDownvotes",
                                    "TotalBadges",
                                    "GoldBadges",
                                    "SilverBadges",
                                    "BronzeBadges",
                                    "ReputationScore"
                                ],
                                "Estimated Cardinality": "1260710"
                            },
                            "cumulative_cardinality": 178011450,
                            "operator_type": "PROJECTION",
                            "operator_cardinality": 1260710,
                            "cumulative_rows_scanned": 27418465,
                            "operator_rows_scanned": 0,
                            "operator_timing": 0.0463580309999999,
                            "result_set_size": 247099160,
                            "children": [
                                {
                                    "operator_name": "HASH_JOIN",
                                    "cpu_time": 5.846456651999982,
                                    "extra_info": {
                                        "Join Type": "LEFT",
                                        "Conditions": "UserId = userid",
                                        "Estimated Cardinality": "1260710"
                                    },
                                    "cumulative_cardinality": 176750740,
                                    "operator_type": "HASH_JOIN",
                                    "operator_cardinality": 1260710,
                                    "cumulative_rows_scanned": 27418465,
                                    "operator_rows_scanned": 0,
                                    "operator_timing": 0.09747820299999999,
                                    "result_set_size": 231970640,
                                    "children": [
                                        {
                                            "operator_name": "HASH_GROUP_BY",
                                            "cpu_time": 5.543220580999982,
                                            "extra_info": {
                                                "Groups": [
                                                    "#0",
                                                    "#1"
                                                ],
                                                "Aggregates": [
                                                    "count(#2)",
                                                    "sum(#3)",
                                                    "sum(#4)",
                                                    "sum(#5)",
                                                    "sum(#6)",
                                                    "sum(#7)",
                                                    "sum(#8)"
                                                ],
                                                "Estimated Cardinality": "1260710"
                                            },
                                            "cumulative_cardinality": 170297561,
                                            "operator_type": "HASH_GROUP_BY",
                                            "operator_cardinality": 1260710,
                                            "cumulative_rows_scanned": 25096741,
                                            "operator_rows_scanned": 0,
                                            "operator_timing": 2.0933454659999873,
                                            "result_set_size": 156328040,
                                            "children": [
                                                {
                                                    "operator_name": "PROJECTION",
                                                    "cpu_time": 3.449875114999995,
                                                    "extra_info": {
                                                        "Projections": [
                                                            "id",
                                                            "displayname",
                                                            "id",
                                                            "CASE  WHEN ((posttypeid = 1)) THEN (1) ELSE 0 END",
                                                            "CASE  WHEN ((posttypeid = 2)) THEN (1) ELSE 0 END",
                                                            "CASE  WHEN (((acceptedanswerid IS NOT NULL) AND (posttypeid = 2))) THEN (1) ELSE 0 END",
                                                            "CASE  WHEN ((id IS NOT NULL)) THEN (1) ELSE 0 END",
                                                            "CASE  WHEN ((votetypeid = 2)) THEN (1) ELSE 0 END",
                                                            "CASE  WHEN ((votetypeid = 3)) THEN (1) ELSE 0 END"
                                                        ],
                                                        "Estimated Cardinality": "12744093"
                                                    },
                                                    "cumulative_cardinality": 169036851,
                                                    "operator_type": "PROJECTION",
                                                    "operator_cardinality": 34453569,
                                                    "cumulative_rows_scanned": 25096741,
                                                    "operator_rows_scanned": 0,
                                                    "operator_timing": 0.6435378019999995,
                                                    "result_set_size": 1653771312,
                                                    "children": [
                                                        {
                                                            "operator_name": "PROJECTION",
                                                            "cpu_time": 2.8063373129999953,
                                                            "extra_info": {
                                                                "Projections": [
                                                                    "#0",
                                                                    "#1",
                                                                    "#2",
                                                                    "#3",
                                                                    "#4",
                                                                    "#5",
                                                                    "__internal_decompress_integral_smallint(#6, 1)"
                                                                ],
                                                                "Estimated Cardinality": "12744093"
                                                            },
                                                            "cumulative_cardinality": 134583282,
                                                            "operator_type": "PROJECTION",
                                                            "operator_cardinality": 34453569,
                                                            "cumulative_rows_scanned": 25096741,
                                                            "operator_rows_scanned": 0,
                                                            "operator_timing": 0.020687235000000137,
                                                            "result_set_size": 1240328484,
                                                            "children": [
                                                                {
                                                                    "operator_name": "HASH_JOIN",
                                                                    "cpu_time": 2.7856500779999953,
                                                                    "extra_info": {
                                                                        "Join Type": "LEFT",
                                                                        "Conditions": "id = postid",
                                                                        "Estimated Cardinality": "12744093"
                                                                    },
                                                                    "cumulative_cardinality": 100129713,
                                                                    "operator_type": "HASH_JOIN",
                                                                    "operator_cardinality": 34453569,
                                                                    "cumulative_rows_scanned": 25096741,
                                                                    "operator_rows_scanned": 0,
                                                                    "operator_timing": 1.218145598,
                                                                    "result_set_size": 1205874915,
                                                                    "children": [
                                                                        {
                                                                            "operator_name": "PROJECTION",
                                                                            "cpu_time": 1.436044646999996,
                                                                            "extra_info": {
                                                                                "Projections": [
                                                                                    "#0",
                                                                                    "#1",
                                                                                    "__internal_decompress_integral_smallint(#2, 1)",
                                                                                    "#3",
                                                                                    "#4",
                                                                                    "#5"
                                                                                ],
                                                                                "Estimated Cardinality": "7241822"
                                                                            },
                                                                            "cumulative_cardinality": 40187958,
                                                                            "operator_type": "PROJECTION",
                                                                            "operator_cardinality": 9425510,
                                                                            "cumulative_rows_scanned": 12352648,
                                                                            "operator_rows_scanned": 0,
                                                                            "operator_timing": 0.0068320069999999915,
                                                                            "result_set_size": 320467340,
                                                                            "children": [
                                                                                {
                                                                                    "operator_name": "HASH_JOIN",
                                                                                    "cpu_time": 1.4292126399999958,
                                                                                    "extra_info": {
                                                                                        "Join Type": "RIGHT",
                                                                                        "Conditions": "postid = id",
                                                                                        "Estimated Cardinality": "7241822"
                                                                                    },
                                                                                    "cumulative_cardinality": 30762448,
                                                                                    "operator_type": "HASH_JOIN",
                                                                                    "operator_cardinality": 9425510,
                                                                                    "cumulative_rows_scanned": 12352648,
                                                                                    "operator_rows_scanned": 0,
                                                                                    "operator_timing": 0.8246736369999953,
                                                                                    "result_set_size": 311041830,
                                                                                    "children": [
                                                                                        {
                                                                                            "operator_name": "READ_PARQUET ",
                                                                                            "cpu_time": 0.1287519040000003,
                                                                                            "extra_info": {
                                                                                                "Function": "READ_PARQUET",
                                                                                                "Projections": [
                                                                                                    "id",
                                                                                                    "postid"
                                                                                                ],
                                                                                                "Estimated Cardinality": "7241822"
                                                                                            },
                                                                                            "cumulative_cardinality": 7241822,
                                                                                            "operator_type": "TABLE_SCAN",
                                                                                            "operator_cardinality": 7241822,
                                                                                            "cumulative_rows_scanned": 7241822,
                                                                                            "operator_rows_scanned": 7241822,
                                                                                            "operator_timing": 0.1287519040000003,
                                                                                            "result_set_size": 57934576,
                                                                                            "children": []
                                                                                        },
                                                                                        {
                                                                                            "operator_name": "PROJECTION",
                                                                                            "cpu_time": 0.47578709900000027,
                                                                                            "extra_info": {
                                                                                                "Projections": [
                                                                                                    "#0",
                                                                                                    "__internal_compress_integral_utinyint(#1, 1)",
                                                                                                    "#2",
                                                                                                    "#3",
                                                                                                    "#4"
                                                                                                ],
                                                                                                "Estimated Cardinality": "3850116"
                                                                                            },
                                                                                            "cumulative_cardinality": 14095116,
                                                                                            "operator_type": "PROJECTION",
                                                                                            "operator_cardinality": 4574495,
                                                                                            "cumulative_rows_scanned": 5110826,
                                                                                            "operator_rows_scanned": 0,
                                                                                            "operator_timing": 0.002299883000000002,
                                                                                            "result_set_size": 132660355,
                                                                                            "children": [
                                                                                                {
                                                                                                    "operator_name": "HASH_JOIN",
                                                                                                    "cpu_time": 0.47348721600000027,
                                                                                                    "extra_info": {
                                                                                                        "Join Type": "RIGHT",
                                                                                                        "Conditions": "owneruserid = id",
                                                                                                        "Estimated Cardinality": "3850116"
                                                                                                    },
                                                                                                    "cumulative_cardinality": 9520621,
                                                                                                    "operator_type": "HASH_JOIN",
                                                                                                    "operator_cardinality": 4574495,
                                                                                                    "cumulative_rows_scanned": 5110826,
                                                                                                    "operator_rows_scanned": 0,
                                                                                                    "operator_timing": 0.26957712500000053,
                                                                                                    "result_set_size": 137234850,
                                                                                                    "children": [
                                                                                                        {
                                                                                                            "operator_name": "READ_PARQUET ",
                                                                                                            "cpu_time": 0.12511659299999983,
                                                                                                            "extra_info": {
                                                                                                                "Function": "READ_PARQUET",
                                                                                                                "Projections": [
                                                                                                                    "id",
                                                                                                                    "posttypeid",
                                                                                                                    "acceptedanswerid",
                                                                                                                    "owneruserid"
                                                                                                                ],
                                                                                                                "Estimated Cardinality": "3850116"
                                                                                                            },
                                                                                                            "cumulative_cardinality": 3685416,
                                                                                                            "operator_type": "TABLE_SCAN",
                                                                                                            "operator_cardinality": 3685416,
                                                                                                            "cumulative_rows_scanned": 3850116,
                                                                                                            "operator_rows_scanned": 3850116,
                                                                                                            "operator_timing": 0.12511659299999983,
                                                                                                            "result_set_size": 51595824,
                                                                                                            "children": []
                                                                                                        },
                                                                                                        {
                                                                                                            "operator_name": "READ_PARQUET ",
                                                                                                            "cpu_time": 0.0787934979999999,
                                                                                                            "extra_info": {
                                                                                                                "Function": "READ_PARQUET",
                                                                                                                "Projections": [
                                                                                                                    "id",
                                                                                                                    "displayname"
                                                                                                                ],
                                                                                                                "Estimated Cardinality": "1260710"
                                                                                                            },
                                                                                                            "cumulative_cardinality": 1260710,
                                                                                                            "operator_type": "TABLE_SCAN",
                                                                                                            "operator_cardinality": 1260710,
                                                                                                            "cumulative_rows_scanned": 1260710,
                                                                                                            "operator_rows_scanned": 1260710,
                                                                                                            "operator_timing": 0.0787934979999999,
                                                                                                            "result_set_size": 25214200,
                                                                                                            "children": []
                                                                                                        }
                                                                                                    ]
                                                                                                }
                                                                                            ]
                                                                                        }
                                                                                    ]
                                                                                }
                                                                            ]
                                                                        },
                                                                        {
                                                                            "operator_name": "PROJECTION",
                                                                            "cpu_time": 0.13145983299999905,
                                                                            "extra_info": {
                                                                                "Projections": [
                                                                                    "#0",
                                                                                    "__internal_compress_integral_utinyint(#1, 1)"
                                                                                ],
                                                                                "Estimated Cardinality": "12744093"
                                                                            },
                                                                            "cumulative_cardinality": 25488186,
                                                                            "operator_type": "PROJECTION",
                                                                            "operator_cardinality": 12744093,
                                                                            "cumulative_rows_scanned": 12744093,
                                                                            "operator_rows_scanned": 0,
                                                                            "operator_timing": 0.003278852000000006,
                                                                            "result_set_size": 63720465,
                                                                            "children": [
                                                                                {
                                                                                    "operator_name": "READ_PARQUET ",
                                                                                    "cpu_time": 0.12818098099999906,
                                                                                    "extra_info": {
                                                                                        "Function": "READ_PARQUET",
                                                                                        "Projections": [
                                                                                            "postid",
                                                                                            "votetypeid"
                                                                                        ],
                                                                                        "Estimated Cardinality": "12744093"
                                                                                    },
                                                                                    "cumulative_cardinality": 12744093,
                                                                                    "operator_type": "TABLE_SCAN",
                                                                                    "operator_cardinality": 12744093,
                                                                                    "cumulative_rows_scanned": 12744093,
                                                                                    "operator_rows_scanned": 12744093,
                                                                                    "operator_timing": 0.12818098099999906,
                                                                                    "result_set_size": 76464558,
                                                                                    "children": []
                                                                                }
                                                                            ]
                                                                        }
                                                                    ]
                                                                }
                                                            ]
                                                        }
                                                    ]
                                                }
                                            ]
                                        },
                                        {
                                            "operator_name": "HASH_GROUP_BY",
                                            "cpu_time": 0.205757868,
                                            "extra_info": {
                                                "Groups": "#0",
                                                "Aggregates": [
                                                    "count_star()",
                                                    "sum(#1)",
                                                    "sum(#2)",
                                                    "sum(#3)"
                                                ],
                                                "Estimated Cardinality": "1160862"
                                            },
                                            "cumulative_cardinality": 5192469,
                                            "operator_type": "HASH_GROUP_BY",
                                            "operator_cardinality": 549021,
                                            "cumulative_rows_scanned": 2321724,
                                            "operator_rows_scanned": 0,
                                            "operator_timing": 0.16038968299999995,
                                            "result_set_size": 32941260,
                                            "children": [
                                                {
                                                    "operator_name": "PROJECTION",
                                                    "cpu_time": 0.04536818500000006,
                                                    "extra_info": {
                                                        "Projections": [
                                                            "userid",
                                                            "CASE  WHEN ((class = 1)) THEN (1) ELSE 0 END",
                                                            "CASE  WHEN ((class = 2)) THEN (1) ELSE 0 END",
                                                            "CASE  WHEN ((class = 3)) THEN (1) ELSE 0 END"
                                                        ],
                                                        "Estimated Cardinality": "2321724"
                                                    },
                                                    "cumulative_cardinality": 4643448,
                                                    "operator_type": "PROJECTION",
                                                    "operator_cardinality": 2321724,
                                                    "cumulative_rows_scanned": 2321724,
                                                    "operator_rows_scanned": 0,
                                                    "operator_timing": 0.013479289000000024,
                                                    "result_set_size": 37147584,
                                                    "children": [
                                                        {
                                                            "operator_name": "READ_PARQUET ",
                                                            "cpu_time": 0.031888896000000035,
                                                            "extra_info": {
                                                                "Function": "READ_PARQUET",
                                                                "Projections": [
                                                                    "id",
                                                                    "userid",
                                                                    "class"
                                                                ],
                                                                "Estimated Cardinality": "2321724"
                                                            },
                                                            "cumulative_cardinality": 2321724,
                                                            "operator_type": "TABLE_SCAN",
                                                            "operator_cardinality": 2321724,
                                                            "cumulative_rows_scanned": 2321724,
                                                            "operator_rows_scanned": 2321724,
                                                            "operator_timing": 0.031888896000000035,
                                                            "result_set_size": 23217240,
                                                            "children": []
                                                        }
                                                    ]
                                                }
                                            ]
                                        }
                                    ]
                                }
                            ]
                        }
                    ]
                }
            ]
        }
    ]
}