{
    "rows_returned": 20,
    "query_name": "\nWITH FilteredPosts AS (\n    SELECT \n        p.Id AS PostId,\n        p.Title,\n        p.Body,\n        p.CreationDate,\n        u.DisplayName AS OwnerName,\n        LENGTH(STRING_AGG(p.Tags, '')) - LENGTH(REPLACE(STRING_AGG(p.Tags, ''), '>', '')) + 1 AS TagCount,\n        COUNT(c.Id) AS CommentCount,\n        COALESCE(SUM(CASE WHEN v.VoteTypeId = 2 THEN 1 ELSE 0 END), 0) AS UpVoteCount,\n        COALESCE(SUM(CASE WHEN v.VoteTypeId = 3 THEN 1 ELSE 0 END), 0) AS DownVoteCount\n    FROM \n        Posts p\n    LEFT JOIN \n        Users u ON p.OwnerUserId = u.Id\n    LEFT JOIN \n        Comments c ON p.Id = c.PostId\n    LEFT JOIN \n        Votes v ON p.Id = v.PostId\n    WHERE \n        p.PostTypeId = 1 \n    GROUP BY \n        p.Id, p.Title, p.Body, p.CreationDate, u.DisplayName\n)\n\nSELECT \n    fp.PostId,\n    fp.Title,\n    fp.OwnerName,\n    fp.CreationDate,\n    fp.TagCount,\n    fp.CommentCount,\n    fp.UpVoteCount,\n    fp.DownVoteCount,\n    (fp.UpVoteCount - fp.DownVoteCount) AS NetVoteScore,\n    CASE \n        WHEN fp.TagCount > 5 THEN 'High Tags'\n        WHEN fp.TagCount BETWEEN 3 AND 5 THEN 'Moderate Tags'\n        ELSE 'Low Tags' \n    END AS TagIntensity,\n    (SELECT COUNT(*) \n     FROM PostHistory ph \n     WHERE ph.PostId = fp.PostId AND ph.PostHistoryTypeId IN (10, 11)) AS CloseStatusChanges\nFROM \n    FilteredPosts fp\nORDER BY \n    NetVoteScore DESC, \n    fp.CreationDate DESC\nLIMIT 20;\n",
    "blocked_thread_time": 0.0,
    "cpu_time": 35.97298625500004,
    "extra_info": {},
    "cumulative_cardinality": 110053643,
    "cumulative_rows_scanned": 36891985,
    "result_set_size": 2640,
    "latency": 37.2916656,
    "children": [
        {
            "operator_name": "STREAMING_LIMIT",
            "cpu_time": 35.97298625500004,
            "extra_info": {},
            "cumulative_cardinality": 110053643,
            "operator_type": "STREAMING_LIMIT",
            "operator_cardinality": 20,
            "cumulative_rows_scanned": 36891985,
            "operator_rows_scanned": 0,
            "operator_timing": 0.000002435,
            "result_set_size": 2640,
            "children": [
                {
                    "operator_name": "PROJECTION",
                    "cpu_time": 35.97298382000004,
                    "extra_info": {
                        "Projections": [
                            "#0",
                            "#1",
                            "#2",
                            "#3",
                            "#4",
                            "#5",
                            "#6",
                            "#7",
                            "#8",
                            "__internal_decompress_string(#9)",
                            "#10"
                        ],
                        "Estimated Cardinality": "3850116"
                    },
                    "cumulative_cardinality": 110053623,
                    "operator_type": "PROJECTION",
                    "operator_cardinality": 4096,
                    "cumulative_rows_scanned": 36891985,
                    "operator_rows_scanned": 0,
                    "operator_timing": 0.00014697499999999998,
                    "result_set_size": 540672,
                    "children": [
                        {
                            "operator_name": "ORDER_BY",
                            "cpu_time": 35.97283684500004,
                            "extra_info": {
                                "Order By": [
                                    "(fp.UpVoteCount - fp.DownVoteCount) DESC",
                                    "fp.CreationDate DESC"
                                ]
                            },
                            "cumulative_cardinality": 110049527,
                            "operator_type": "ORDER_BY",
                            "operator_cardinality": 4096,
                            "cumulative_rows_scanned": 36891985,
                            "operator_rows_scanned": 0,
                            "operator_timing": 0.19125930200000002,
                            "result_set_size": 540672,
                            "children": [
                                {
                                    "operator_name": "PROJECTION",
                                    "cpu_time": 35.78157754300004,
                                    "extra_info": {
                                        "Projections": [
                                            "#0",
                                            "#1",
                                            "#2",
                                            "#3",
                                            "#4",
                                            "#5",
                                            "#6",
                                            "#7",
                                            "#8",
                                            "__internal_compress_string_hugeint(#9)",
                                            "#10"
                                        ],
                                        "Estimated Cardinality": "3850116"
                                    },
                                    "cumulative_cardinality": 110045431,
                                    "operator_type": "PROJECTION",
                                    "operator_cardinality": 1668164,
                                    "cumulative_rows_scanned": 36891985,
                                    "operator_rows_scanned": 0,
                                    "operator_timing": 0.021545301,
                                    "result_set_size": 220197648,
                                    "children": [
                                        {
                                            "operator_name": "PROJECTION",
                                            "cpu_time": 35.76003224200004,
                                            "extra_info": {
                                                "Projections": [
                                                    "PostId",
                                                    "title",
                                                    "OwnerName",
                                                    "creationdate",
                                                    "TagCount",
                                                    "CommentCount",
                                                    "UpVoteCount",
                                                    "DownVoteCount",
                                                    "NetVoteScore",
                                                    "TagIntensity",
                                                    "CloseStatusChanges"
                                                ],
                                                "Estimated Cardinality": "3850116"
                                            },
                                            "cumulative_cardinality": 108377267,
                                            "operator_type": "PROJECTION",
                                            "operator_cardinality": 1668164,
                                            "cumulative_rows_scanned": 36891985,
                                            "operator_rows_scanned": 0,
                                            "operator_timing": 0.019919774999999976,
                                            "result_set_size": 220197648,
                                            "children": [
                                                {
                                                    "operator_name": "LEFT_DELIM_JOIN",
                                                    "cpu_time": 35.74011246700004,
                                                    "extra_info": {
                                                        "Join Type": "SINGLE",
                                                        "Conditions": "PostId IS NOT DISTINCT FROM PostId",
                                                        "Estimated Cardinality": "3850116",
                                                        "Delim Index": "1"
                                                    },
                                                    "cumulative_cardinality": 106709103,
                                                    "operator_type": "LEFT_DELIM_JOIN",
                                                    "operator_cardinality": 0,
                                                    "cumulative_rows_scanned": 36891985,
                                                    "operator_rows_scanned": 0,
                                                    "operator_timing": 0.26488755300000005,
                                                    "result_set_size": 0,
                                                    "children": [
                                                        {
                                                            "operator_name": "PROJECTION",
                                                            "cpu_time": 34.91360935700004,
                                                            "extra_info": {
                                                                "Projections": [
                                                                    "PostId",
                                                                    "title",
                                                                    "creationdate",
                                                                    "OwnerName",
                                                                    "TagCount",
                                                                    "CommentCount",
                                                                    "UpVoteCount",
                                                                    "DownVoteCount"
                                                                ],
                                                                "Estimated Cardinality": "3850116"
                                                            },
                                                            "cumulative_cardinality": 96053716,
                                                            "operator_type": "PROJECTION",
                                                            "operator_cardinality": 1668164,
                                                            "cumulative_rows_scanned": 25096741,
                                                            "operator_rows_scanned": 0,
                                                            "operator_timing": 2.743025247999997,
                                                            "result_set_size": 153471088,
                                                            "children": [
                                                                {
                                                                    "operator_name": "HASH_GROUP_BY",
                                                                    "cpu_time": 32.170584109000046,
                                                                    "extra_info": {
                                                                        "Groups": [
                                                                            "#0",
                                                                            "#1",
                                                                            "#2",
                                                                            "#3",
                                                                            "#4"
                                                                        ],
                                                                        "Aggregates": [
                                                                            "string_agg(#5)",
                                                                            "count(#6)",
                                                                            "sum(#7)",
                                                                            "sum(#8)"
                                                                        ],
                                                                        "Estimated Cardinality": "3850116"
                                                                    },
                                                                    "cumulative_cardinality": 94385552,
                                                                    "operator_type": "HASH_GROUP_BY",
                                                                    "operator_cardinality": 1668164,
                                                                    "cumulative_rows_scanned": 25096741,
                                                                    "operator_rows_scanned": 0,
                                                                    "operator_timing": 8.951595028000003,
                                                                    "result_set_size": 193507024,
                                                                    "children": [
                                                                        {
                                                                            "operator_name": "PROJECTION",
                                                                            "cpu_time": 23.218989081000043,
                                                                            "extra_info": {
                                                                                "Projections": [
                                                                                    "id",
                                                                                    "title",
                                                                                    "body",
                                                                                    "creationdate",
                                                                                    "displayname",
                                                                                    "tags",
                                                                                    "id",
                                                                                    "CASE  WHEN ((votetypeid = 2)) THEN (1) ELSE 0 END",
                                                                                    "CASE  WHEN ((votetypeid = 3)) THEN (1) ELSE 0 END"
                                                                                ],
                                                                                "Estimated Cardinality": "12744093"
                                                                            },
                                                                            "cumulative_cardinality": 92717388,
                                                                            "operator_type": "PROJECTION",
                                                                            "operator_cardinality": 16904139,
                                                                            "cumulative_rows_scanned": 25096741,
                                                                            "operator_rows_scanned": 0,
                                                                            "operator_timing": 0.08506542000000002,
                                                                            "result_set_size": 1487564232,
                                                                            "children": [
                                                                                {
                                                                                    "operator_name": "PROJECTION",
                                                                                    "cpu_time": 23.133923661000043,
                                                                                    "extra_info": {
                                                                                        "Projections": [
                                                                                            "#0",
                                                                                            "#1",
                                                                                            "#2",
                                                                                            "#3",
                                                                                            "#4",
                                                                                            "#5",
                                                                                            "#6",
                                                                                            "__internal_decompress_integral_smallint(#7, 1)"
                                                                                        ],
                                                                                        "Estimated Cardinality": "12744093"
                                                                                    },
                                                                                    "cumulative_cardinality": 75813249,
                                                                                    "operator_type": "PROJECTION",
                                                                                    "operator_cardinality": 16904139,
                                                                                    "cumulative_rows_scanned": 25096741,
                                                                                    "operator_rows_scanned": 0,
                                                                                    "operator_timing": 0.04664705500000015,
                                                                                    "result_set_size": 1386139398,
                                                                                    "children": [
                                                                                        {
                                                                                            "operator_name": "HASH_JOIN",
                                                                                            "cpu_time": 23.087276606000042,
                                                                                            "extra_info": {
                                                                                                "Join Type": "LEFT",
                                                                                                "Conditions": "id = postid",
                                                                                                "Estimated Cardinality": "12744093"
                                                                                            },
                                                                                            "cumulative_cardinality": 58909110,
                                                                                            "operator_type": "HASH_JOIN",
                                                                                            "operator_cardinality": 16904139,
                                                                                            "cumulative_rows_scanned": 25096741,
                                                                                            "operator_rows_scanned": 0,
                                                                                            "operator_timing": 1.1939140260000025,
                                                                                            "result_set_size": 1369235259,
                                                                                            "children": [
                                                                                                {
                                                                                                    "operator_name": "HASH_JOIN",
                                                                                                    "cpu_time": 21.57203191800004,
                                                                                                    "extra_info": {
                                                                                                        "Join Type": "RIGHT",
                                                                                                        "Conditions": "postid = id",
                                                                                                        "Estimated Cardinality": "7241822"
                                                                                                    },
                                                                                                    "cumulative_cardinality": 16516785,
                                                                                                    "operator_type": "HASH_JOIN",
                                                                                                    "operator_cardinality": 4677925,
                                                                                                    "cumulative_rows_scanned": 12352648,
                                                                                                    "operator_rows_scanned": 0,
                                                                                                    "operator_timing": 1.0344787779999982,
                                                                                                    "result_set_size": 374234000,
                                                                                                    "children": [
                                                                                                        {
                                                                                                            "operator_name": "READ_PARQUET ",
                                                                                                            "cpu_time": 0.49515077400000074,
                                                                                                            "extra_info": {
                                                                                                                "Function": "READ_PARQUET",
                                                                                                                "Projections": [
                                                                                                                    "id",
                                                                                                                    "postid"
                                                                                                                ],
                                                                                                                "Estimated Cardinality": "7241822"
                                                                                                            },
                                                                                                            "cumulative_cardinality": 7241822,
                                                                                                            "operator_type": "TABLE_SCAN",
                                                                                                            "operator_cardinality": 7241822,
                                                                                                            "cumulative_rows_scanned": 7241822,
                                                                                                            "operator_rows_scanned": 7241822,
                                                                                                            "operator_timing": 0.49515077400000074,
                                                                                                            "result_set_size": 57934576,
                                                                                                            "children": []
                                                                                                        },
                                                                                                        {
                                                                                                            "operator_name": "HASH_JOIN",
                                                                                                            "cpu_time": 20.04240236600004,
                                                                                                            "extra_info": {
                                                                                                                "Join Type": "LEFT",
                                                                                                                "Conditions": "owneruserid = id",
                                                                                                                "Estimated Cardinality": "1260710"
                                                                                                            },
                                                                                                            "cumulative_cardinality": 4597038,
                                                                                                            "operator_type": "HASH_JOIN",
                                                                                                            "operator_cardinality": 1668164,
                                                                                                            "cumulative_rows_scanned": 5110826,
                                                                                                            "operator_rows_scanned": 0,
                                                                                                            "operator_timing": 0.27479687700000044,
                                                                                                            "result_set_size": 126780464,
                                                                                                            "children": [
                                                                                                                {
                                                                                                                    "operator_name": "READ_PARQUET ",
                                                                                                                    "cpu_time": 19.67673729500004,
                                                                                                                    "extra_info": {
                                                                                                                        "Function": "READ_PARQUET",
                                                                                                                        "Projections": [
                                                                                                                            "id",
                                                                                                                            "creationdate",
                                                                                                                            "body",
                                                                                                                            "owneruserid",
                                                                                                                            "title",
                                                                                                                            "tags"
                                                                                                                        ],
                                                                                                                        "Filters": "posttypeid=1",
                                                                                                                        "Estimated Cardinality": "770023"
                                                                                                                    },
                                                                                                                    "cumulative_cardinality": 1668164,
                                                                                                                    "operator_type": "TABLE_SCAN",
                                                                                                                    "operator_cardinality": 1668164,
                                                                                                                    "cumulative_rows_scanned": 3850116,
                                                                                                                    "operator_rows_scanned": 3850116,
                                                                                                                    "operator_timing": 19.67673729500004,
                                                                                                                    "result_set_size": 106762496,
                                                                                                                    "children": []
                                                                                                                },
                                                                                                                {
                                                                                                                    "operator_name": "READ_PARQUET ",
                                                                                                                    "cpu_time": 0.09086819399999987,
                                                                                                                    "extra_info": {
                                                                                                                        "Function": "READ_PARQUET",
                                                                                                                        "Projections": [
                                                                                                                            "id",
                                                                                                                            "displayname"
                                                                                                                        ],
                                                                                                                        "Estimated Cardinality": "1260710"
                                                                                                                    },
                                                                                                                    "cumulative_cardinality": 1260710,
                                                                                                                    "operator_type": "TABLE_SCAN",
                                                                                                                    "operator_cardinality": 1260710,
                                                                                                                    "cumulative_rows_scanned": 1260710,
                                                                                                                    "operator_rows_scanned": 1260710,
                                                                                                                    "operator_timing": 0.09086819399999987,
                                                                                                                    "result_set_size": 25214200,
                                                                                                                    "children": []
                                                                                                                }
                                                                                                            ]
                                                                                                        }
                                                                                                    ]
                                                                                                },
                                                                                                {
                                                                                                    "operator_name": "PROJECTION",
                                                                                                    "cpu_time": 0.3213306620000009,
                                                                                                    "extra_info": {
                                                                                                        "Projections": [
                                                                                                            "#0",
                                                                                                            "__internal_compress_integral_utinyint(#1, 1)"
                                                                                                        ],
                                                                                                        "Estimated Cardinality": "12744093"
                                                                                                    },
                                                                                                    "cumulative_cardinality": 25488186,
                                                                                                    "operator_type": "PROJECTION",
                                                                                                    "operator_cardinality": 12744093,
                                                                                                    "cumulative_rows_scanned": 12744093,
                                                                                                    "operator_rows_scanned": 0,
                                                                                                    "operator_timing": 0.003638123000000009,
                                                                                                    "result_set_size": 63720465,
                                                                                                    "children": [
                                                                                                        {
                                                                                                            "operator_name": "READ_PARQUET ",
                                                                                                            "cpu_time": 0.3176925390000009,
                                                                                                            "extra_info": {
                                                                                                                "Function": "READ_PARQUET",
                                                                                                                "Projections": [
                                                                                                                    "postid",
                                                                                                                    "votetypeid"
                                                                                                                ],
                                                                                                                "Estimated Cardinality": "12744093"
                                                                                                            },
                                                                                                            "cumulative_cardinality": 12744093,
                                                                                                            "operator_type": "TABLE_SCAN",
                                                                                                            "operator_cardinality": 12744093,
                                                                                                            "cumulative_rows_scanned": 12744093,
                                                                                                            "operator_rows_scanned": 12744093,
                                                                                                            "operator_timing": 0.3176925390000009,
                                                                                                            "result_set_size": 76464558,
                                                                                                            "children": []
                                                                                                        }
                                                                                                    ]
                                                                                                }
                                                                                            ]
                                                                                        }
                                                                                    ]
                                                                                }
                                                                            ]
                                                                        }
                                                                    ]
                                                                }
                                                            ]
                                                        },
                                                        {
                                                            "operator_name": "HASH_JOIN",
                                                            "cpu_time": 0.5486210279999987,
                                                            "extra_info": {
                                                                "Join Type": "SINGLE",
                                                                "Conditions": "PostId IS NOT DISTINCT FROM PostId",
                                                                "Estimated Cardinality": "3850116"
                                                            },
                                                            "cumulative_cardinality": 7319059,
                                                            "operator_type": "HASH_JOIN",
                                                            "operator_cardinality": 1668164,
                                                            "cumulative_rows_scanned": 11795244,
                                                            "operator_rows_scanned": 0,
                                                            "operator_timing": 0.17245973799999978,
                                                            "result_set_size": 166816400,
                                                            "children": [
                                                                {
                                                                    "operator_name": "COLUMN_DATA_SCAN",
                                                                    "cpu_time": 0.015297997000000015,
                                                                    "extra_info": {
                                                                        "Estimated Cardinality": "3850116"
                                                                    },
                                                                    "cumulative_cardinality": 1668164,
                                                                    "operator_type": "COLUMN_DATA_SCAN",
                                                                    "operator_cardinality": 1668164,
                                                                    "cumulative_rows_scanned": 0,
                                                                    "operator_rows_scanned": 0,
                                                                    "operator_timing": 0.015297997000000015,
                                                                    "result_set_size": 153471088,
                                                                    "children": []
                                                                },
                                                                {
                                                                    "operator_name": "PROJECTION",
                                                                    "cpu_time": 0.36086329299999886,
                                                                    "extra_info": {
                                                                        "Projections": [
                                                                            "CASE  WHEN ((count_star() IS NULL)) THEN (0) ELSE count_star() END",
                                                                            "PostId"
                                                                        ],
                                                                        "Estimated Cardinality": "1925058"
                                                                    },
                                                                    "cumulative_cardinality": 3982731,
                                                                    "operator_type": "PROJECTION",
                                                                    "operator_cardinality": 1668164,
                                                                    "cumulative_rows_scanned": 11795244,
                                                                    "operator_rows_scanned": 0,
                                                                    "operator_timing": 0.00234147,
                                                                    "result_set_size": 20017968,
                                                                    "children": [
                                                                        {
                                                                            "operator_name": "HASH_JOIN",
                                                                            "cpu_time": 0.35852182299999885,
                                                                            "extra_info": {
                                                                                "Join Type": "LEFT",
                                                                                "Conditions": "PostId IS NOT DISTINCT FROM #0",
                                                                                "Estimated Cardinality": "1925058"
                                                                            },
                                                                            "cumulative_cardinality": 2314567,
                                                                            "operator_type": "HASH_JOIN",
                                                                            "operator_cardinality": 1668164,
                                                                            "cumulative_rows_scanned": 11795244,
                                                                            "operator_rows_scanned": 0,
                                                                            "operator_timing": 0.029003230999999942,
                                                                            "result_set_size": 20017968,
                                                                            "children": [
                                                                                {
                                                                                    "operator_name": "DELIM_SCAN",
                                                                                    "cpu_time": 0.0,
                                                                                    "extra_info": {
                                                                                        "Delim Index": "1",
                                                                                        "Estimated Cardinality": "1925058"
                                                                                    },
                                                                                    "cumulative_cardinality": 0,
                                                                                    "operator_type": "DELIM_SCAN",
                                                                                    "operator_cardinality": 0,
                                                                                    "cumulative_rows_scanned": 0,
                                                                                    "operator_rows_scanned": 0,
                                                                                    "operator_timing": 0.0,
                                                                                    "result_set_size": 0,
                                                                                    "children": []
                                                                                },
                                                                                {
                                                                                    "operator_name": "HASH_GROUP_BY",
                                                                                    "cpu_time": 0.3295185919999989,
                                                                                    "extra_info": {
                                                                                        "Groups": "#0",
                                                                                        "Aggregates": "count_star()",
                                                                                        "Estimated Cardinality": "589762"
                                                                                    },
                                                                                    "cumulative_cardinality": 646403,
                                                                                    "operator_type": "HASH_GROUP_BY",
                                                                                    "operator_cardinality": 120507,
                                                                                    "cumulative_rows_scanned": 11795244,
                                                                                    "operator_rows_scanned": 0,
                                                                                    "operator_timing": 0.005919657,
                                                                                    "result_set_size": 1446084,
                                                                                    "children": [
                                                                                        {
                                                                                            "operator_name": "PROJECTION",
                                                                                            "cpu_time": 0.32359893499999887,
                                                                                            "extra_info": {
                                                                                                "Projections": "PostId",
                                                                                                "Estimated Cardinality": "1179524"
                                                                                            },
                                                                                            "cumulative_cardinality": 525896,
                                                                                            "operator_type": "PROJECTION",
                                                                                            "operator_cardinality": 131474,
                                                                                            "cumulative_rows_scanned": 11795244,
                                                                                            "operator_rows_scanned": 0,
                                                                                            "operator_timing": 0.000013652000000000011,
                                                                                            "result_set_size": 525896,
                                                                                            "children": [
                                                                                                {
                                                                                                    "operator_name": "PROJECTION",
                                                                                                    "cpu_time": 0.3235852829999989,
                                                                                                    "extra_info": {
                                                                                                        "Projections": "PostId",
                                                                                                        "Estimated Cardinality": "1179524"
                                                                                                    },
                                                                                                    "cumulative_cardinality": 394422,
                                                                                                    "operator_type": "PROJECTION",
                                                                                                    "operator_cardinality": 131474,
                                                                                                    "cumulative_rows_scanned": 11795244,
                                                                                                    "operator_rows_scanned": 0,
                                                                                                    "operator_timing": 0.000015047999999999999,
                                                                                                    "result_set_size": 525896,
                                                                                                    "children": [
                                                                                                        {
                                                                                                            "operator_name": "HASH_JOIN",
                                                                                                            "cpu_time": 0.3235702349999989,
                                                                                                            "extra_info": {
                                                                                                                "Join Type": "INNER",
                                                                                                                "Conditions": "postid = PostId",
                                                                                                                "Estimated Cardinality": "1179524"
                                                                                                            },
                                                                                                            "cumulative_cardinality": 262948,
                                                                                                            "operator_type": "HASH_JOIN",
                                                                                                            "operator_cardinality": 131474,
                                                                                                            "cumulative_rows_scanned": 11795244,
                                                                                                            "operator_rows_scanned": 0,
                                                                                                            "operator_timing": 0.10512501599999942,
                                                                                                            "result_set_size": 1051792,
                                                                                                            "children": [
                                                                                                                {
                                                                                                                    "operator_name": "READ_PARQUET ",
                                                                                                                    "cpu_time": 0.21844521899999944,
                                                                                                                    "extra_info": {
                                                                                                                        "Function": "READ_PARQUET",
                                                                                                                        "Projections": "postid",
                                                                                                                        "Filters": "posthistorytypeid>=10 AND posthistorytypeid<=11",
                                                                                                                        "Estimated Cardinality": "2359048"
                                                                                                                    },
                                                                                                                    "cumulative_cardinality": 131474,
                                                                                                                    "operator_type": "TABLE_SCAN",
                                                                                                                    "operator_cardinality": 131474,
                                                                                                                    "cumulative_rows_scanned": 11795244,
                                                                                                                    "operator_rows_scanned": 11795244,
                                                                                                                    "operator_timing": 0.21844521899999944,
                                                                                                                    "result_set_size": 525896,
                                                                                                                    "children": []
                                                                                                                },
                                                                                                                {
                                                                                                                    "operator_name": "DELIM_SCAN",
                                                                                                                    "cpu_time": 0.0,
                                                                                                                    "extra_info": {
                                                                                                                        "Delim Index": "1",
                                                                                                                        "Estimated Cardinality": "1925058"
                                                                                                                    },
                                                                                                                    "cumulative_cardinality": 0,
                                                                                                                    "operator_type": "DELIM_SCAN",
                                                                                                                    "operator_cardinality": 0,
                                                                                                                    "cumulative_rows_scanned": 0,
                                                                                                                    "operator_rows_scanned": 0,
                                                                                                                    "operator_timing": 0.0,
                                                                                                                    "result_set_size": 0,
                                                                                                                    "children": []
                                                                                                                }
                                                                                                            ]
                                                                                                        }
                                                                                                    ]
                                                                                                }
                                                                                            ]
                                                                                        }
                                                                                    ]
                                                                                }
                                                                            ]
                                                                        }
                                                                    ]
                                                                }
                                                            ]
                                                        },
                                                        {
                                                            "operator_name": "HASH_GROUP_BY",
                                                            "cpu_time": 0.012994529000000006,
                                                            "extra_info": {
                                                                "Groups": "#0",
                                                                "Aggregates": "",
                                                                "Estimated Cardinality": "3850116"
                                                            },
                                                            "cumulative_cardinality": 3336328,
                                                            "operator_type": "HASH_GROUP_BY",
                                                            "operator_cardinality": 3336328,
                                                            "cumulative_rows_scanned": 0,
                                                            "operator_rows_scanned": 0,
                                                            "operator_timing": 0.012994529000000006,
                                                            "result_set_size": 13345312,
                                                            "children": []
                                                        }
                                                    ]
                                                }
                                            ]
                                        }
                                    ]
                                }
                            ]
                        }
                    ]
                }
            ]
        }
    ]
}