{
    "rows_returned": 1876,
    "query_name": "\nWITH TagStatistics AS (\n    SELECT \n        T.TagName,\n        COUNT(DISTINCT P.Id) AS PostCount,\n        SUM(COALESCE(CASE WHEN PT.Name = 'Answer' THEN 1 ELSE 0 END, 0)) AS AnswerCount,\n        SUM(COALESCE(CASE WHEN PT.Name = 'Question' THEN 1 ELSE 0 END, 0)) AS QuestionCount,\n        MAX(P.CreationDate) AS LatestPostDate\n    FROM \n        Tags T\n    LEFT JOIN \n        Posts P ON POSITION(T.TagName IN P.Tags) > 0\n    LEFT JOIN \n        PostTypes PT ON PT.Id = P.PostTypeId\n    GROUP BY \n        T.TagName\n),\nMostActiveUsers AS (\n    SELECT \n        U.DisplayName,\n        U.Reputation,\n        COUNT(DISTINCT P.Id) AS PostCount,\n        SUM(CASE WHEN PT.Name = 'Answer' THEN 1 ELSE 0 END) AS AnswerCount,\n        SUM(CASE WHEN PT.Name = 'Question' THEN 1 ELSE 0 END) AS QuestionCount\n    FROM \n        Users U\n    LEFT JOIN \n        Posts P ON P.OwnerUserId = U.Id\n    LEFT JOIN \n        PostTypes PT ON PT.Id = P.PostTypeId\n    GROUP BY \n        U.DisplayName, U.Reputation\n    HAVING \n        COUNT(DISTINCT P.Id) > 5\n),\nFrequentEditors AS (\n    SELECT \n        U.DisplayName,\n        COUNT(PH.Id) AS EditCount\n    FROM \n        PostHistory PH\n    JOIN \n        Users U ON PH.UserId = U.Id\n    WHERE \n        PH.PostHistoryTypeId IN (4, 5, 6) \n    GROUP BY \n        U.DisplayName\n    HAVING \n        COUNT(PH.Id) > 10\n),\nFinalReport AS (\n    SELECT \n        TS.TagName,\n        TS.PostCount,\n        TS.AnswerCount,\n        TS.QuestionCount,\n        TS.LatestPostDate,\n        AU.DisplayName AS ActiveUser,\n        EU.DisplayName AS Editor,\n        EU.EditCount\n    FROM \n        TagStatistics TS\n    JOIN \n        (SELECT DisplayName, Reputation, PostCount, AnswerCount, QuestionCount\n         FROM MostActiveUsers\n         ORDER BY PostCount DESC\n         LIMIT 1) AU ON TS.PostCount > 10\n    JOIN \n        (SELECT DisplayName, EditCount\n         FROM FrequentEditors\n         ORDER BY EditCount DESC\n         LIMIT 1) EU ON TS.PostCount > 5\n)\nSELECT \n    TagName,\n    PostCount,\n    AnswerCount,\n    QuestionCount,\n    LatestPostDate,\n    ActiveUser,\n    Editor,\n    EditCount\nFROM \n    FinalReport\nORDER BY \n    PostCount DESC, AnswerCount DESC;\n",
    "blocked_thread_time": 0.0,
    "cpu_time": 145.35847382001887,
    "extra_info": {},
    "cumulative_cardinality": 56141719,
    "cumulative_rows_scanned": 22018888,
    "result_set_size": 195104,
    "latency": 159.488118568,
    "children": [
        {
            "operator_name": "ORDER_BY",
            "cpu_time": 145.35847382001887,
            "extra_info": {
                "Order By": [
                    "FinalReport.PostCount DESC",
                    "FinalReport.AnswerCount DESC"
                ]
            },
            "cumulative_cardinality": 56141719,
            "operator_type": "ORDER_BY",
            "operator_cardinality": 1876,
            "cumulative_rows_scanned": 22018888,
            "operator_rows_scanned": 0,
            "operator_timing": 0.000226944,
            "result_set_size": 195104,
            "children": [
                {
                    "operator_name": "PROJECTION",
                    "cpu_time": 145.35824687601888,
                    "extra_info": {
                        "Projections": [
                            "tagname",
                            "PostCount",
                            "AnswerCount",
                            "QuestionCount",
                            "LatestPostDate",
                            "ActiveUser",
                            "Editor",
                            "EditCount"
                        ],
                        "Estimated Cardinality": "395"
                    },
                    "cumulative_cardinality": 56139843,
                    "operator_type": "PROJECTION",
                    "operator_cardinality": 1876,
                    "cumulative_rows_scanned": 22018888,
                    "operator_rows_scanned": 0,
                    "operator_timing": 0.000001654,
                    "result_set_size": 195104,
                    "children": [
                        {
                            "operator_name": "CROSS_PRODUCT",
                            "cpu_time": 145.3582452220189,
                            "extra_info": {},
                            "cumulative_cardinality": 56137967,
                            "operator_type": "CROSS_PRODUCT",
                            "operator_cardinality": 1876,
                            "cumulative_rows_scanned": 22018888,
                            "operator_rows_scanned": 0,
                            "operator_timing": 0.000073387,
                            "result_set_size": 210112,
                            "children": [
                                {
                                    "operator_name": "FILTER",
                                    "cpu_time": 134.7781395150189,
                                    "extra_info": {
                                        "Expression": "(PostCount > 10)",
                                        "Estimated Cardinality": "395"
                                    },
                                    "cumulative_cardinality": 19262842,
                                    "operator_type": "FILTER",
                                    "operator_cardinality": 1876,
                                    "cumulative_rows_scanned": 3852100,
                                    "operator_rows_scanned": 0,
                                    "operator_timing": 0.000014928,
                                    "result_set_size": 120064,
                                    "children": [
                                        {
                                            "operator_name": "HASH_GROUP_BY",
                                            "cpu_time": 134.77812458701888,
                                            "extra_info": {
                                                "Groups": "#0",
                                                "Aggregates": [
                                                    "count(DISTINCT #1)",
                                                    "sum(#2)",
                                                    "sum(#3)",
                                                    "max(#4)"
                                                ],
                                                "Estimated Cardinality": "1976"
                                            },
                                            "cumulative_cardinality": 19260966,
                                            "operator_type": "HASH_GROUP_BY",
                                            "operator_cardinality": 1976,
                                            "cumulative_rows_scanned": 3852100,
                                            "operator_rows_scanned": 0,
                                            "operator_timing": 0.9404740400000012,
                                            "result_set_size": 126464,
                                            "children": [
                                                {
                                                    "operator_name": "PROJECTION",
                                                    "cpu_time": 133.83765054701888,
                                                    "extra_info": {
                                                        "Projections": [
                                                            "tagname",
                                                            "id",
                                                            "CASE  WHEN ((name = 'Answer')) THEN (1) ELSE 0 END",
                                                            "CASE  WHEN ((name = 'Question')) THEN (1) ELSE 0 END",
                                                            "creationdate"
                                                        ],
                                                        "Estimated Cardinality": "3850116"
                                                    },
                                                    "cumulative_cardinality": 19258990,
                                                    "operator_type": "PROJECTION",
                                                    "operator_cardinality": 5135630,
                                                    "cumulative_rows_scanned": 3852100,
                                                    "operator_rows_scanned": 0,
                                                    "operator_timing": 0.03199470700000022,
                                                    "result_set_size": 184882680,
                                                    "children": [
                                                        {
                                                            "operator_name": "HASH_JOIN",
                                                            "cpu_time": 133.8056558400189,
                                                            "extra_info": {
                                                                "Join Type": "LEFT",
                                                                "Conditions": "posttypeid = id",
                                                                "Estimated Cardinality": "3850116"
                                                            },
                                                            "cumulative_cardinality": 14123360,
                                                            "operator_type": "HASH_JOIN",
                                                            "operator_cardinality": 5135630,
                                                            "cumulative_rows_scanned": 3852100,
                                                            "operator_rows_scanned": 0,
                                                            "operator_timing": 0.14669269400000012,
                                                            "result_set_size": 225967720,
                                                            "children": [
                                                                {
                                                                    "operator_name": "BLOCKWISE_NL_JOIN",
                                                                    "cpu_time": 133.60471606601888,
                                                                    "extra_info": {
                                                                        "Join Type": "RIGHT",
                                                                        "Condition": "(\"position\"(tags, tagname) > 0)"
                                                                    },
                                                                    "cumulative_cardinality": 8987722,
                                                                    "operator_type": "BLOCKWISE_NL_JOIN",
                                                                    "operator_cardinality": 5135630,
                                                                    "cumulative_rows_scanned": 3852092,
                                                                    "operator_rows_scanned": 0,
                                                                    "operator_timing": 133.30498523501888,
                                                                    "result_set_size": 236238980,
                                                                    "children": [
                                                                        {
                                                                            "operator_name": "READ_PARQUET ",
                                                                            "cpu_time": 0.29912514000000007,
                                                                            "extra_info": {
                                                                                "Function": "READ_PARQUET",
                                                                                "Projections": [
                                                                                    "id",
                                                                                    "posttypeid",
                                                                                    "creationdate",
                                                                                    "tags"
                                                                                ],
                                                                                "Estimated Cardinality": "3850116"
                                                                            },
                                                                            "cumulative_cardinality": 3850116,
                                                                            "operator_type": "TABLE_SCAN",
                                                                            "operator_cardinality": 3850116,
                                                                            "cumulative_rows_scanned": 3850116,
                                                                            "operator_rows_scanned": 3850116,
                                                                            "operator_timing": 0.29912514000000007,
                                                                            "result_set_size": 115503480,
                                                                            "children": []
                                                                        },
                                                                        {
                                                                            "operator_name": "READ_PARQUET ",
                                                                            "cpu_time": 0.000605691,
                                                                            "extra_info": {
                                                                                "Function": "READ_PARQUET",
                                                                                "Projections": "tagname",
                                                                                "Estimated Cardinality": "1976"
                                                                            },
                                                                            "cumulative_cardinality": 1976,
                                                                            "operator_type": "TABLE_SCAN",
                                                                            "operator_cardinality": 1976,
                                                                            "cumulative_rows_scanned": 1976,
                                                                            "operator_rows_scanned": 1976,
                                                                            "operator_timing": 0.000605691,
                                                                            "result_set_size": 31616,
                                                                            "children": []
                                                                        }
                                                                    ]
                                                                },
                                                                {
                                                                    "operator_name": "READ_PARQUET ",
                                                                    "cpu_time": 0.054247079999999996,
                                                                    "extra_info": {
                                                                        "Function": "READ_PARQUET",
                                                                        "Projections": [
                                                                            "id",
                                                                            "name"
                                                                        ],
                                                                        "Estimated Cardinality": "8"
                                                                    },
                                                                    "cumulative_cardinality": 8,
                                                                    "operator_type": "TABLE_SCAN",
                                                                    "operator_cardinality": 8,
                                                                    "cumulative_rows_scanned": 8,
                                                                    "operator_rows_scanned": 8,
                                                                    "operator_timing": 0.054247079999999996,
                                                                    "result_set_size": 144,
                                                                    "children": []
                                                                }
                                                            ]
                                                        }
                                                    ]
                                                }
                                            ]
                                        }
                                    ]
                                },
                                {
                                    "operator_name": "CROSS_PRODUCT",
                                    "cpu_time": 10.580032320000011,
                                    "extra_info": {},
                                    "cumulative_cardinality": 36873249,
                                    "operator_type": "CROSS_PRODUCT",
                                    "operator_cardinality": 1,
                                    "cumulative_rows_scanned": 18166788,
                                    "operator_rows_scanned": 0,
                                    "operator_timing": 0.000035727,
                                    "result_set_size": 48,
                                    "children": [
                                        {
                                            "operator_name": "STREAMING_LIMIT",
                                            "cpu_time": 1.75771933,
                                            "extra_info": {},
                                            "cumulative_cardinality": 24502489,
                                            "operator_type": "STREAMING_LIMIT",
                                            "operator_cardinality": 1,
                                            "cumulative_rows_scanned": 5110834,
                                            "operator_rows_scanned": 0,
                                            "operator_timing": 0.000001913,
                                            "result_set_size": 24,
                                            "children": [
                                                {
                                                    "operator_name": "ORDER_BY",
                                                    "cpu_time": 1.757717417,
                                                    "extra_info": {
                                                        "Order By": "MostActiveUsers.PostCount DESC"
                                                    },
                                                    "cumulative_cardinality": 24502488,
                                                    "operator_type": "ORDER_BY",
                                                    "operator_cardinality": 4096,
                                                    "cumulative_rows_scanned": 5110834,
                                                    "operator_rows_scanned": 0,
                                                    "operator_timing": 0.0020681219999999986,
                                                    "result_set_size": 98304,
                                                    "children": [
                                                        {
                                                            "operator_name": "PROJECTION",
                                                            "cpu_time": 1.755649295,
                                                            "extra_info": {
                                                                "Projections": [
                                                                    "#0",
                                                                    "#2"
                                                                ],
                                                                "Estimated Cardinality": "252142"
                                                            },
                                                            "cumulative_cardinality": 24498392,
                                                            "operator_type": "PROJECTION",
                                                            "operator_cardinality": 64136,
                                                            "cumulative_rows_scanned": 5110834,
                                                            "operator_rows_scanned": 0,
                                                            "operator_timing": 0.000021541000000000016,
                                                            "result_set_size": 1539264,
                                                            "children": [
                                                                {
                                                                    "operator_name": "FILTER",
                                                                    "cpu_time": 1.755627754,
                                                                    "extra_info": {
                                                                        "Expression": "(count(DISTINCT id) > 5)",
                                                                        "Estimated Cardinality": "252142"
                                                                    },
                                                                    "cumulative_cardinality": 24434256,
                                                                    "operator_type": "FILTER",
                                                                    "operator_cardinality": 64136,
                                                                    "cumulative_rows_scanned": 5110834,
                                                                    "operator_rows_scanned": 0,
                                                                    "operator_timing": 0.001493077,
                                                                    "result_set_size": 1795808,
                                                                    "children": [
                                                                        {
                                                                            "operator_name": "HASH_GROUP_BY",
                                                                            "cpu_time": 1.7541346770000001,
                                                                            "extra_info": {
                                                                                "Groups": [
                                                                                    "#0",
                                                                                    "#1"
                                                                                ],
                                                                                "Aggregates": "count(DISTINCT #2)",
                                                                                "Estimated Cardinality": "1260710"
                                                                            },
                                                                            "cumulative_cardinality": 24370120,
                                                                            "operator_type": "HASH_GROUP_BY",
                                                                            "operator_cardinality": 1126006,
                                                                            "cumulative_rows_scanned": 5110834,
                                                                            "operator_rows_scanned": 0,
                                                                            "operator_timing": 0.8838281149999994,
                                                                            "result_set_size": 31528168,
                                                                            "children": [
                                                                                {
                                                                                    "operator_name": "PROJECTION",
                                                                                    "cpu_time": 0.8703065620000008,
                                                                                    "extra_info": {
                                                                                        "Projections": [
                                                                                            "displayname",
                                                                                            "reputation",
                                                                                            "id"
                                                                                        ],
                                                                                        "Estimated Cardinality": "3850116"
                                                                                    },
                                                                                    "cumulative_cardinality": 23244114,
                                                                                    "operator_type": "PROJECTION",
                                                                                    "operator_cardinality": 4574495,
                                                                                    "cumulative_rows_scanned": 5110834,
                                                                                    "operator_rows_scanned": 0,
                                                                                    "operator_timing": 0.001022429000000002,
                                                                                    "result_set_size": 109787880,
                                                                                    "children": [
                                                                                        {
                                                                                            "operator_name": "PROJECTION",
                                                                                            "cpu_time": 0.8692841330000007,
                                                                                            "extra_info": {
                                                                                                "Projections": [
                                                                                                    "#1",
                                                                                                    "#2",
                                                                                                    "#0",
                                                                                                    "__internal_compress_integral_utinyint(#3, 1)"
                                                                                                ],
                                                                                                "Estimated Cardinality": "3850116"
                                                                                            },
                                                                                            "cumulative_cardinality": 18669619,
                                                                                            "operator_type": "PROJECTION",
                                                                                            "operator_cardinality": 4574495,
                                                                                            "cumulative_rows_scanned": 5110834,
                                                                                            "operator_rows_scanned": 0,
                                                                                            "operator_timing": 0.0030397240000000015,
                                                                                            "result_set_size": 114362375,
                                                                                            "children": [
                                                                                                {
                                                                                                    "operator_name": "HASH_JOIN",
                                                                                                    "cpu_time": 0.8662444090000008,
                                                                                                    "extra_info": {
                                                                                                        "Join Type": "LEFT",
                                                                                                        "Conditions": "posttypeid = id",
                                                                                                        "Estimated Cardinality": "3850116"
                                                                                                    },
                                                                                                    "cumulative_cardinality": 14095124,
                                                                                                    "operator_type": "HASH_JOIN",
                                                                                                    "operator_cardinality": 4574495,
                                                                                                    "cumulative_rows_scanned": 5110834,
                                                                                                    "operator_rows_scanned": 0,
                                                                                                    "operator_timing": 0.11143258900000003,
                                                                                                    "result_set_size": 118936870,
                                                                                                    "children": [
                                                                                                        {
                                                                                                            "operator_name": "HASH_JOIN",
                                                                                                            "cpu_time": 0.7545581850000008,
                                                                                                            "extra_info": {
                                                                                                                "Join Type": "RIGHT",
                                                                                                                "Conditions": "owneruserid = id",
                                                                                                                "Estimated Cardinality": "3850116"
                                                                                                            },
                                                                                                            "cumulative_cardinality": 9520621,
                                                                                                            "operator_type": "HASH_JOIN",
                                                                                                            "operator_cardinality": 4574495,
                                                                                                            "cumulative_rows_scanned": 5110826,
                                                                                                            "operator_rows_scanned": 0,
                                                                                                            "operator_timing": 0.41868628800000035,
                                                                                                            "result_set_size": 118936870,
                                                                                                            "children": [
                                                                                                                {
                                                                                                                    "operator_name": "READ_PARQUET ",
                                                                                                                    "cpu_time": 0.1746496720000004,
                                                                                                                    "extra_info": {
                                                                                                                        "Function": "READ_PARQUET",
                                                                                                                        "Projections": [
                                                                                                                            "id",
                                                                                                                            "posttypeid",
                                                                                                                            "owneruserid"
                                                                                                                        ],
                                                                                                                        "Estimated Cardinality": "3850116"
                                                                                                                    },
                                                                                                                    "cumulative_cardinality": 3685416,
                                                                                                                    "operator_type": "TABLE_SCAN",
                                                                                                                    "operator_cardinality": 3685416,
                                                                                                                    "cumulative_rows_scanned": 3850116,
                                                                                                                    "operator_rows_scanned": 3850116,
                                                                                                                    "operator_timing": 0.1746496720000004,
                                                                                                                    "result_set_size": 36854160,
                                                                                                                    "children": []
                                                                                                                },
                                                                                                                {
                                                                                                                    "operator_name": "READ_PARQUET ",
                                                                                                                    "cpu_time": 0.16122222500000002,
                                                                                                                    "extra_info": {
                                                                                                                        "Function": "READ_PARQUET",
                                                                                                                        "Projections": [
                                                                                                                            "id",
                                                                                                                            "reputation",
                                                                                                                            "displayname"
                                                                                                                        ],
                                                                                                                        "Estimated Cardinality": "1260710"
                                                                                                                    },
                                                                                                                    "cumulative_cardinality": 1260710,
                                                                                                                    "operator_type": "TABLE_SCAN",
                                                                                                                    "operator_cardinality": 1260710,
                                                                                                                    "cumulative_rows_scanned": 1260710,
                                                                                                                    "operator_rows_scanned": 1260710,
                                                                                                                    "operator_timing": 0.16122222500000002,
                                                                                                                    "result_set_size": 30257040,
                                                                                                                    "children": []
                                                                                                                }
                                                                                                            ]
                                                                                                        },
                                                                                                        {
                                                                                                            "operator_name": "READ_PARQUET ",
                                                                                                            "cpu_time": 0.000253635,
                                                                                                            "extra_info": {
                                                                                                                "Function": "READ_PARQUET",
                                                                                                                "Projections": "id",
                                                                                                                "Estimated Cardinality": "8"
                                                                                                            },
                                                                                                            "cumulative_cardinality": 8,
                                                                                                            "operator_type": "TABLE_SCAN",
                                                                                                            "operator_cardinality": 8,
                                                                                                            "cumulative_rows_scanned": 8,
                                                                                                            "operator_rows_scanned": 8,
                                                                                                            "operator_timing": 0.000253635,
                                                                                                            "result_set_size": 16,
                                                                                                            "children": []
                                                                                                        }
                                                                                                    ]
                                                                                                }
                                                                                            ]
                                                                                        }
                                                                                    ]
                                                                                }
                                                                            ]
                                                                        }
                                                                    ]
                                                                }
                                                            ]
                                                        }
                                                    ]
                                                }
                                            ]
                                        },
                                        {
                                            "operator_name": "STREAMING_LIMIT",
                                            "cpu_time": 8.82227726300001,
                                            "extra_info": {},
                                            "cumulative_cardinality": 12370759,
                                            "operator_type": "STREAMING_LIMIT",
                                            "operator_cardinality": 1,
                                            "cumulative_rows_scanned": 13055954,
                                            "operator_rows_scanned": 0,
                                            "operator_timing": 0.0000015729999999999998,
                                            "result_set_size": 24,
                                            "children": [
                                                {
                                                    "operator_name": "ORDER_BY",
                                                    "cpu_time": 8.82227569000001,
                                                    "extra_info": {
                                                        "Order By": "FrequentEditors.EditCount DESC"
                                                    },
                                                    "cumulative_cardinality": 12370758,
                                                    "operator_type": "ORDER_BY",
                                                    "operator_cardinality": 4096,
                                                    "cumulative_rows_scanned": 13055954,
                                                    "operator_rows_scanned": 0,
                                                    "operator_timing": 0.0016401439999999998,
                                                    "result_set_size": 98304,
                                                    "children": [
                                                        {
                                                            "operator_name": "FILTER",
                                                            "cpu_time": 8.82063554600001,
                                                            "extra_info": {
                                                                "Expression": "(count(id) > 10)",
                                                                "Estimated Cardinality": "235904"
                                                            },
                                                            "cumulative_cardinality": 12366662,
                                                            "operator_type": "FILTER",
                                                            "operator_cardinality": 24618,
                                                            "cumulative_rows_scanned": 13055954,
                                                            "operator_rows_scanned": 0,
                                                            "operator_timing": 0.00039943799999999995,
                                                            "result_set_size": 590832,
                                                            "children": [
                                                                {
                                                                    "operator_name": "HASH_GROUP_BY",
                                                                    "cpu_time": 8.82023610800001,
                                                                    "extra_info": {
                                                                        "Groups": "#0",
                                                                        "Aggregates": "count_star()",
                                                                        "Estimated Cardinality": "1179524"
                                                                    },
                                                                    "cumulative_cardinality": 12342044,
                                                                    "operator_type": "HASH_GROUP_BY",
                                                                    "operator_cardinality": 154582,
                                                                    "cumulative_rows_scanned": 13055954,
                                                                    "operator_rows_scanned": 0,
                                                                    "operator_timing": 0.28051002300000005,
                                                                    "result_set_size": 3709968,
                                                                    "children": [
                                                                        {
                                                                            "operator_name": "PROJECTION",
                                                                            "cpu_time": 8.53972608500001,
                                                                            "extra_info": {
                                                                                "Projections": "displayname",
                                                                                "Estimated Cardinality": "2359048"
                                                                            },
                                                                            "cumulative_cardinality": 12187462,
                                                                            "operator_type": "PROJECTION",
                                                                            "operator_cardinality": 3642261,
                                                                            "cumulative_rows_scanned": 13055954,
                                                                            "operator_rows_scanned": 0,
                                                                            "operator_timing": 0.0018182429999999805,
                                                                            "result_set_size": 58276176,
                                                                            "children": [
                                                                                {
                                                                                    "operator_name": "HASH_JOIN",
                                                                                    "cpu_time": 8.53790784200001,
                                                                                    "extra_info": {
                                                                                        "Join Type": "INNER",
                                                                                        "Conditions": "userid = id",
                                                                                        "Estimated Cardinality": "2359048"
                                                                                    },
                                                                                    "cumulative_cardinality": 8545201,
                                                                                    "operator_type": "HASH_JOIN",
                                                                                    "operator_cardinality": 3642261,
                                                                                    "cumulative_rows_scanned": 13055954,
                                                                                    "operator_rows_scanned": 0,
                                                                                    "operator_timing": 0.36682872300000186,
                                                                                    "result_set_size": 87414264,
                                                                                    "children": [
                                                                                        {
                                                                                            "operator_name": "READ_PARQUET ",
                                                                                            "cpu_time": 8.04721012100001,
                                                                                            "extra_info": {
                                                                                                "Function": "READ_PARQUET",
                                                                                                "Projections": [
                                                                                                    "id",
                                                                                                    "userid"
                                                                                                ],
                                                                                                "Filters": "posthistorytypeid>=4 AND posthistorytypeid<=6",
                                                                                                "Estimated Cardinality": "2359048"
                                                                                            },
                                                                                            "cumulative_cardinality": 3642261,
                                                                                            "operator_type": "TABLE_SCAN",
                                                                                            "operator_cardinality": 3642261,
                                                                                            "cumulative_rows_scanned": 11795244,
                                                                                            "operator_rows_scanned": 11795244,
                                                                                            "operator_timing": 8.04721012100001,
                                                                                            "result_set_size": 29138088,
                                                                                            "children": []
                                                                                        },
                                                                                        {
                                                                                            "operator_name": "READ_PARQUET ",
                                                                                            "cpu_time": 0.12386899799999984,
                                                                                            "extra_info": {
                                                                                                "Function": "READ_PARQUET",
                                                                                                "Projections": [
                                                                                                    "id",
                                                                                                    "displayname"
                                                                                                ],
                                                                                                "Filters": "id<=1416539",
                                                                                                "Estimated Cardinality": "1260710"
                                                                                            },
                                                                                            "cumulative_cardinality": 1260679,
                                                                                            "operator_type": "TABLE_SCAN",
                                                                                            "operator_cardinality": 1260679,
                                                                                            "cumulative_rows_scanned": 1260710,
                                                                                            "operator_rows_scanned": 1260710,
                                                                                            "operator_timing": 0.12386899799999984,
                                                                                            "result_set_size": 25213580,
                                                                                            "children": []
                                                                                        }
                                                                                    ]
                                                                                }
                                                                            ]
                                                                        }
                                                                    ]
                                                                }
                                                            ]
                                                        }
                                                    ]
                                                }
                                            ]
                                        }
                                    ]
                                }
                            ]
                        }
                    ]
                }
            ]
        }
    ]
}