{
    "rows_returned": 0,
    "query_name": "\nWITH RankedPosts AS (\n    SELECT \n        p.Id AS PostId,\n        p.Title,\n        p.Body,\n        p.Tags,\n        p.CreationDate,\n        p.Score,\n        p.ViewCount,\n        p.AnswerCount,\n        u.DisplayName AS OwnerDisplayName,\n        u.Reputation AS OwnerReputation,\n        ROW_NUMBER() OVER (PARTITION BY p.Tags ORDER BY p.Score DESC) AS TagRank\n    FROM \n        Posts p\n    JOIN \n        Users u ON p.OwnerUserId = u.Id\n    WHERE \n        p.PostTypeId = 1 \n        AND p.CreationDate >= CURRENT_DATE - INTERVAL '1 year'\n),\nLargeBodyPosts AS (\n    SELECT \n        r.PostId,\n        r.Title,\n        r.Body,\n        r.Tags,\n        r.CreationDate,\n        r.Score,\n        r.ViewCount,\n        r.AnswerCount,\n        r.OwnerDisplayName,\n        r.OwnerReputation\n    FROM \n        RankedPosts r\n    WHERE \n        LENGTH(r.Body) > 1000 \n),\nFrequentTagUsers AS (\n    SELECT \n        u.Id AS UserId,\n        u.DisplayName,\n        COUNT(p.Tags) AS TagCount\n    FROM \n        Users u\n    JOIN \n        Posts p ON u.Id = p.OwnerUserId\n    WHERE \n        p.PostTypeId = 1 \n    GROUP BY \n        u.Id, u.DisplayName\n    HAVING \n        COUNT(p.Tags) > 10 \n),\nTopContributors AS (\n    SELECT \n        UserId,\n        DisplayName,\n        SUM(TagCount) AS TotalTags\n    FROM \n        FrequentTagUsers\n    GROUP BY \n        UserId, DisplayName\n    ORDER BY \n        TotalTags DESC\n    LIMIT 5\n)\nSELECT \n    lbp.PostId,\n    lbp.Title,\n    lbp.Body,\n    lbp.CreationDate,\n    lbp.Score,\n    lbp.ViewCount,\n    lbp.AnswerCount,\n    lbp.OwnerDisplayName,\n    lbp.OwnerReputation,\n    tc.DisplayName AS TopContributor,\n    tc.TotalTags\nFROM \n    LargeBodyPosts lbp\nJOIN \n    TopContributors tc ON lbp.OwnerDisplayName = tc.DisplayName\nORDER BY \n    lbp.Score DESC, lbp.ViewCount DESC;\n",
    "blocked_thread_time": 0.0,
    "cpu_time": 0.8237666200000002,
    "extra_info": {},
    "cumulative_cardinality": 7807835,
    "cumulative_rows_scanned": 6371536,
    "result_set_size": 0,
    "latency": 0.876231919,
    "children": [
        {
            "operator_name": "ORDER_BY",
            "cpu_time": 0.8237666200000002,
            "extra_info": {
                "Order By": [
                    "lbp.Score DESC",
                    "lbp.ViewCount DESC"
                ]
            },
            "cumulative_cardinality": 7807835,
            "operator_type": "ORDER_BY",
            "operator_cardinality": 0,
            "cumulative_rows_scanned": 6371536,
            "operator_rows_scanned": 0,
            "operator_timing": 2.2e-7,
            "result_set_size": 0,
            "children": [
                {
                    "operator_name": "PROJECTION",
                    "cpu_time": 0.8237664000000002,
                    "extra_info": {
                        "Projections": [
                            "PostId",
                            "title",
                            "body",
                            "creationdate",
                            "score",
                            "viewcount",
                            "answercount",
                            "OwnerDisplayName",
                            "OwnerReputation",
                            "TopContributor",
                            "TotalTags"
                        ],
                        "Estimated Cardinality": "0"
                    },
                    "cumulative_cardinality": 7807835,
                    "operator_type": "PROJECTION",
                    "operator_cardinality": 0,
                    "cumulative_rows_scanned": 6371536,
                    "operator_rows_scanned": 0,
                    "operator_timing": 0.0,
                    "result_set_size": 0,
                    "children": [
                        {
                            "operator_name": "HASH_JOIN",
                            "cpu_time": 0.8237664000000002,
                            "extra_info": {
                                "Join Type": "INNER",
                                "Conditions": "OwnerDisplayName = displayname",
                                "Estimated Cardinality": "0"
                            },
                            "cumulative_cardinality": 7807835,
                            "operator_type": "HASH_JOIN",
                            "operator_cardinality": 0,
                            "cumulative_rows_scanned": 6371536,
                            "operator_rows_scanned": 0,
                            "operator_timing": 0.00007887700000000001,
                            "result_set_size": 0,
                            "children": [
                                {
                                    "operator_name": "PROJECTION",
                                    "cpu_time": 0.15599397799999998,
                                    "extra_info": {
                                        "Projections": [
                                            "PostId",
                                            "title",
                                            "body",
                                            "creationdate",
                                            "score",
                                            "viewcount",
                                            "answercount",
                                            "OwnerDisplayName",
                                            "OwnerReputation"
                                        ],
                                        "Estimated Cardinality": "154004"
                                    },
                                    "cumulative_cardinality": 1260710,
                                    "operator_type": "PROJECTION",
                                    "operator_cardinality": 0,
                                    "cumulative_rows_scanned": 1260710,
                                    "operator_rows_scanned": 0,
                                    "operator_timing": 0.0,
                                    "result_set_size": 0,
                                    "children": [
                                        {
                                            "operator_name": "PROJECTION",
                                            "cpu_time": 0.15599397799999998,
                                            "extra_info": {
                                                "Projections": [
                                                    "#0",
                                                    "#1",
                                                    "#2",
                                                    "#3",
                                                    "#4",
                                                    "#5",
                                                    "#7",
                                                    "#8",
                                                    "#9"
                                                ],
                                                "Estimated Cardinality": "154004"
                                            },
                                            "cumulative_cardinality": 1260710,
                                            "operator_type": "PROJECTION",
                                            "operator_cardinality": 0,
                                            "cumulative_rows_scanned": 1260710,
                                            "operator_rows_scanned": 0,
                                            "operator_timing": 0.0,
                                            "result_set_size": 0,
                                            "children": [
                                                {
                                                    "operator_name": "FILTER",
                                                    "cpu_time": 0.15599397799999998,
                                                    "extra_info": {
                                                        "Expression": "(length(body) > 1000)",
                                                        "Estimated Cardinality": "154004"
                                                    },
                                                    "cumulative_cardinality": 1260710,
                                                    "operator_type": "FILTER",
                                                    "operator_cardinality": 0,
                                                    "cumulative_rows_scanned": 1260710,
                                                    "operator_rows_scanned": 0,
                                                    "operator_timing": 1.51e-7,
                                                    "result_set_size": 0,
                                                    "children": [
                                                        {
                                                            "operator_name": "PROJECTION",
                                                            "cpu_time": 0.15599382699999997,
                                                            "extra_info": {
                                                                "Projections": [
                                                                    "#0",
                                                                    "#1",
                                                                    "#2",
                                                                    "#3",
                                                                    "#4",
                                                                    "#5",
                                                                    "#6",
                                                                    "#7",
                                                                    "#8",
                                                                    "#9",
                                                                    "#10"
                                                                ],
                                                                "Estimated Cardinality": "770023"
                                                            },
                                                            "cumulative_cardinality": 1260710,
                                                            "operator_type": "PROJECTION",
                                                            "operator_cardinality": 0,
                                                            "cumulative_rows_scanned": 1260710,
                                                            "operator_rows_scanned": 0,
                                                            "operator_timing": 0.0,
                                                            "result_set_size": 0,
                                                            "children": [
                                                                {
                                                                    "operator_name": "WINDOW",
                                                                    "cpu_time": 0.15599382699999997,
                                                                    "extra_info": {
                                                                        "Projections": "ROW_NUMBER() OVER (PARTITION BY tags ORDER BY score DESC NULLS LAST)"
                                                                    },
                                                                    "cumulative_cardinality": 1260710,
                                                                    "operator_type": "WINDOW",
                                                                    "operator_cardinality": 0,
                                                                    "cumulative_rows_scanned": 1260710,
                                                                    "operator_rows_scanned": 0,
                                                                    "operator_timing": 0.000001032,
                                                                    "result_set_size": 0,
                                                                    "children": [
                                                                        {
                                                                            "operator_name": "HASH_JOIN",
                                                                            "cpu_time": 0.15599279499999996,
                                                                            "extra_info": {
                                                                                "Join Type": "INNER",
                                                                                "Conditions": "owneruserid = id",
                                                                                "Estimated Cardinality": "770023"
                                                                            },
                                                                            "cumulative_cardinality": 1260710,
                                                                            "operator_type": "HASH_JOIN",
                                                                            "operator_cardinality": 0,
                                                                            "cumulative_rows_scanned": 1260710,
                                                                            "operator_rows_scanned": 0,
                                                                            "operator_timing": 0.07042288399999998,
                                                                            "result_set_size": 0,
                                                                            "children": [
                                                                                {
                                                                                    "operator_name": "EMPTY_RESULT",
                                                                                    "cpu_time": 1.81e-7,
                                                                                    "extra_info": {},
                                                                                    "cumulative_cardinality": 0,
                                                                                    "operator_type": "EMPTY_RESULT",
                                                                                    "operator_cardinality": 0,
                                                                                    "cumulative_rows_scanned": 0,
                                                                                    "operator_rows_scanned": 0,
                                                                                    "operator_timing": 1.81e-7,
                                                                                    "result_set_size": 0,
                                                                                    "children": []
                                                                                },
                                                                                {
                                                                                    "operator_name": "READ_PARQUET ",
                                                                                    "cpu_time": 0.08556972999999997,
                                                                                    "extra_info": {
                                                                                        "Function": "READ_PARQUET",
                                                                                        "Projections": [
                                                                                            "id",
                                                                                            "reputation",
                                                                                            "displayname"
                                                                                        ],
                                                                                        "Estimated Cardinality": "1260710"
                                                                                    },
                                                                                    "cumulative_cardinality": 1260710,
                                                                                    "operator_type": "TABLE_SCAN",
                                                                                    "operator_cardinality": 1260710,
                                                                                    "cumulative_rows_scanned": 1260710,
                                                                                    "operator_rows_scanned": 1260710,
                                                                                    "operator_timing": 0.08556972999999997,
                                                                                    "result_set_size": 30257040,
                                                                                    "children": []
                                                                                }
                                                                            ]
                                                                        }
                                                                    ]
                                                                }
                                                            ]
                                                        }
                                                    ]
                                                }
                                            ]
                                        }
                                    ]
                                },
                                {
                                    "operator_name": "STREAMING_LIMIT",
                                    "cpu_time": 0.6676935450000002,
                                    "extra_info": {},
                                    "cumulative_cardinality": 6547125,
                                    "operator_type": "STREAMING_LIMIT",
                                    "operator_cardinality": 5,
                                    "cumulative_rows_scanned": 5110826,
                                    "operator_rows_scanned": 0,
                                    "operator_timing": 0.000001052,
                                    "result_set_size": 160,
                                    "children": [
                                        {
                                            "operator_name": "ORDER_BY",
                                            "cpu_time": 0.6676924930000002,
                                            "extra_info": {
                                                "Order By": "sum(FrequentTagUsers.TagCount) DESC"
                                            },
                                            "cumulative_cardinality": 6547120,
                                            "operator_type": "ORDER_BY",
                                            "operator_cardinality": 4096,
                                            "cumulative_rows_scanned": 5110826,
                                            "operator_rows_scanned": 0,
                                            "operator_timing": 0.0008248699999999999,
                                            "result_set_size": 131072,
                                            "children": [
                                                {
                                                    "operator_name": "PROJECTION",
                                                    "cpu_time": 0.6668676230000002,
                                                    "extra_info": {
                                                        "Projections": [
                                                            "displayname",
                                                            "TotalTags"
                                                        ],
                                                        "Estimated Cardinality": "38501"
                                                    },
                                                    "cumulative_cardinality": 6543024,
                                                    "operator_type": "PROJECTION",
                                                    "operator_cardinality": 26346,
                                                    "cumulative_rows_scanned": 5110826,
                                                    "operator_rows_scanned": 0,
                                                    "operator_timing": 0.0000022549999999999996,
                                                    "result_set_size": 843072,
                                                    "children": [
                                                        {
                                                            "operator_name": "HASH_GROUP_BY",
                                                            "cpu_time": 0.6668653680000003,
                                                            "extra_info": {
                                                                "Groups": [
                                                                    "#0",
                                                                    "#1"
                                                                ],
                                                                "Aggregates": "sum(#2)",
                                                                "Estimated Cardinality": "38501"
                                                            },
                                                            "cumulative_cardinality": 6516678,
                                                            "operator_type": "HASH_GROUP_BY",
                                                            "operator_cardinality": 26346,
                                                            "cumulative_rows_scanned": 5110826,
                                                            "operator_rows_scanned": 0,
                                                            "operator_timing": 0.0031663319999999987,
                                                            "result_set_size": 948456,
                                                            "children": [
                                                                {
                                                                    "operator_name": "PROJECTION",
                                                                    "cpu_time": 0.6636990360000002,
                                                                    "extra_info": {
                                                                        "Projections": [
                                                                            "UserId",
                                                                            "displayname",
                                                                            "TagCount"
                                                                        ],
                                                                        "Estimated Cardinality": "77002"
                                                                    },
                                                                    "cumulative_cardinality": 6490332,
                                                                    "operator_type": "PROJECTION",
                                                                    "operator_cardinality": 26346,
                                                                    "cumulative_rows_scanned": 5110826,
                                                                    "operator_rows_scanned": 0,
                                                                    "operator_timing": 0.00002783700000000003,
                                                                    "result_set_size": 737688,
                                                                    "children": [
                                                                        {
                                                                            "operator_name": "FILTER",
                                                                            "cpu_time": 0.6636711990000003,
                                                                            "extra_info": {
                                                                                "Expression": "(count(tags) > 10)",
                                                                                "Estimated Cardinality": "77002"
                                                                            },
                                                                            "cumulative_cardinality": 6463986,
                                                                            "operator_type": "FILTER",
                                                                            "operator_cardinality": 26346,
                                                                            "cumulative_rows_scanned": 5110826,
                                                                            "operator_rows_scanned": 0,
                                                                            "operator_timing": 0.00045562700000000006,
                                                                            "result_set_size": 737688,
                                                                            "children": [
                                                                                {
                                                                                    "operator_name": "HASH_GROUP_BY",
                                                                                    "cpu_time": 0.6632155720000003,
                                                                                    "extra_info": {
                                                                                        "Groups": [
                                                                                            "#0",
                                                                                            "#1"
                                                                                        ],
                                                                                        "Aggregates": "count(#2)",
                                                                                        "Estimated Cardinality": "385011"
                                                                                    },
                                                                                    "cumulative_cardinality": 6437640,
                                                                                    "operator_type": "HASH_GROUP_BY",
                                                                                    "operator_cardinality": 329473,
                                                                                    "cumulative_rows_scanned": 5110826,
                                                                                    "operator_rows_scanned": 0,
                                                                                    "operator_timing": 0.07310297900000003,
                                                                                    "result_set_size": 9225244,
                                                                                    "children": [
                                                                                        {
                                                                                            "operator_name": "PROJECTION",
                                                                                            "cpu_time": 0.5901125930000002,
                                                                                            "extra_info": {
                                                                                                "Projections": [
                                                                                                    "id",
                                                                                                    "displayname",
                                                                                                    "tags"
                                                                                                ],
                                                                                                "Estimated Cardinality": "770023"
                                                                                            },
                                                                                            "cumulative_cardinality": 6108167,
                                                                                            "operator_type": "PROJECTION",
                                                                                            "operator_cardinality": 1589663,
                                                                                            "cumulative_rows_scanned": 5110826,
                                                                                            "operator_rows_scanned": 0,
                                                                                            "operator_timing": 0.0003426650000000016,
                                                                                            "result_set_size": 57227868,
                                                                                            "children": [
                                                                                                {
                                                                                                    "operator_name": "HASH_JOIN",
                                                                                                    "cpu_time": 0.5897699280000002,
                                                                                                    "extra_info": {
                                                                                                        "Join Type": "INNER",
                                                                                                        "Conditions": "id = owneruserid",
                                                                                                        "Estimated Cardinality": "770023"
                                                                                                    },
                                                                                                    "cumulative_cardinality": 4518504,
                                                                                                    "operator_type": "HASH_JOIN",
                                                                                                    "operator_cardinality": 1589663,
                                                                                                    "cumulative_rows_scanned": 5110826,
                                                                                                    "operator_rows_scanned": 0,
                                                                                                    "operator_timing": 0.23662223400000013,
                                                                                                    "result_set_size": 57227868,
                                                                                                    "children": [
                                                                                                        {
                                                                                                            "operator_name": "READ_PARQUET ",
                                                                                                            "cpu_time": 0.08943932099999996,
                                                                                                            "extra_info": {
                                                                                                                "Function": "READ_PARQUET",
                                                                                                                "Projections": [
                                                                                                                    "id",
                                                                                                                    "displayname"
                                                                                                                ],
                                                                                                                "Filters": "id<=1416539",
                                                                                                                "Estimated Cardinality": "1260710"
                                                                                                            },
                                                                                                            "cumulative_cardinality": 1260677,
                                                                                                            "operator_type": "TABLE_SCAN",
                                                                                                            "operator_cardinality": 1260677,
                                                                                                            "cumulative_rows_scanned": 1260710,
                                                                                                            "operator_rows_scanned": 1260710,
                                                                                                            "operator_timing": 0.08943932099999996,
                                                                                                            "result_set_size": 25213540,
                                                                                                            "children": []
                                                                                                        },
                                                                                                        {
                                                                                                            "operator_name": "READ_PARQUET ",
                                                                                                            "cpu_time": 0.263708373,
                                                                                                            "extra_info": {
                                                                                                                "Function": "READ_PARQUET",
                                                                                                                "Projections": [
                                                                                                                    "owneruserid",
                                                                                                                    "tags"
                                                                                                                ],
                                                                                                                "Filters": "posttypeid=1",
                                                                                                                "Estimated Cardinality": "770023"
                                                                                                            },
                                                                                                            "cumulative_cardinality": 1668164,
                                                                                                            "operator_type": "TABLE_SCAN",
                                                                                                            "operator_cardinality": 1668164,
                                                                                                            "cumulative_rows_scanned": 3850116,
                                                                                                            "operator_rows_scanned": 3850116,
                                                                                                            "operator_timing": 0.263708373,
                                                                                                            "result_set_size": 33363280,
                                                                                                            "children": []
                                                                                                        }
                                                                                                    ]
                                                                                                }
                                                                                            ]
                                                                                        }
                                                                                    ]
                                                                                }
                                                                            ]
                                                                        }
                                                                    ]
                                                                }
                                                            ]
                                                        }
                                                    ]
                                                }
                                            ]
                                        }
                                    ]
                                }
                            ]
                        }
                    ]
                }
            ]
        }
    ]
}