{
    "rows_returned": 10,
    "query_name": "WITH KeywordOccurrences AS (\n    SELECT \n        P.Id AS PostId,\n        COUNT(*) AS TagCount,\n        SUM(CASE \n            WHEN P.Title ILIKE '%SQL%' THEN 1 \n            ELSE 0 END) AS SQLTitleCount,\n        SUM(CASE \n            WHEN C.Text ILIKE '%SQL%' THEN 1 \n            ELSE 0 END) AS SQLCommentCount\n    FROM \n        Posts P\n    LEFT JOIN \n        Comments C ON P.Id = C.PostId\n    WHERE \n        P.CreationDate >= cast('2024-10-01' as date) - INTERVAL '1 YEAR'\n    GROUP BY \n        P.Id\n),\nPostDetails AS (\n    SELECT \n        U.DisplayName,\n        U.Reputation,\n        P.Title,\n        P.ViewCount,\n        P.AnswerCount,\n        P.CommentCount,\n        K.TagCount,\n        K.SQLTitleCount,\n        K.SQLCommentCount\n    FROM \n        Posts P\n    JOIN \n        Users U ON P.OwnerUserId = U.Id\n    JOIN \n        KeywordOccurrences K ON P.Id = K.PostId\n    WHERE \n        P.PostTypeId = 1 \n)\nSELECT \n    DisplayName,\n    Reputation,\n    Title,\n    ViewCount,\n    AnswerCount,\n    CommentCount,\n    TagCount,\n    SQLTitleCount,\n    SQLCommentCount,\n    CASE \n        WHEN SQLTitleCount > 0 THEN 'Contains SQL in Title' \n        ELSE 'No SQL in Title' \n    END AS TitleStatus,\n    CASE \n        WHEN SQLCommentCount > 0 THEN 'Contains SQL in Comments' \n        ELSE 'No SQL in Comments' \n    END AS CommentStatus\nFROM \n    PostDetails\nORDER BY \n    ViewCount DESC\nLIMIT 10;",
    "blocked_thread_time": 0.0,
    "cpu_time": 5.280392344,
    "extra_info": {},
    "cumulative_cardinality": 6097292,
    "cumulative_rows_scanned": 16202764,
    "result_set_size": 1200,
    "latency": 5.418836402,
    "children": [
        {
            "operator_name": "STREAMING_LIMIT",
            "cpu_time": 5.280392344,
            "extra_info": {},
            "cumulative_cardinality": 6097292,
            "operator_type": "STREAMING_LIMIT",
            "operator_cardinality": 10,
            "cumulative_rows_scanned": 16202764,
            "operator_rows_scanned": 0,
            "operator_timing": 0.000002544,
            "result_set_size": 1200,
            "children": [
                {
                    "operator_name": "PROJECTION",
                    "cpu_time": 5.2803898,
                    "extra_info": {
                        "Projections": [
                            "#0",
                            "#1",
                            "#2",
                            "#3",
                            "__internal_decompress_integral_integer(#4, 0)",
                            "__internal_decompress_integral_integer(#5, 0)",
                            "#6",
                            "#7",
                            "#8",
                            "#9",
                            "#10"
                        ],
                        "Estimated Cardinality": "770023"
                    },
                    "cumulative_cardinality": 6097282,
                    "operator_type": "PROJECTION",
                    "operator_cardinality": 4096,
                    "cumulative_rows_scanned": 16202764,
                    "operator_rows_scanned": 0,
                    "operator_timing": 0.000012893,
                    "result_set_size": 491520,
                    "children": [
                        {
                            "operator_name": "ORDER_BY",
                            "cpu_time": 5.280376907,
                            "extra_info": {
                                "Order By": "PostDetails.ViewCount DESC"
                            },
                            "cumulative_cardinality": 6093186,
                            "operator_type": "ORDER_BY",
                            "operator_cardinality": 4096,
                            "cumulative_rows_scanned": 16202764,
                            "operator_rows_scanned": 0,
                            "operator_timing": 0.016979642,
                            "result_set_size": 466944,
                            "children": [
                                {
                                    "operator_name": "PROJECTION",
                                    "cpu_time": 5.263397265,
                                    "extra_info": {
                                        "Projections": [
                                            "#0",
                                            "#1",
                                            "#2",
                                            "#3",
                                            "__internal_compress_integral_utinyint(#4, 0)",
                                            "__internal_compress_integral_utinyint(#5, 0)",
                                            "#6",
                                            "#7",
                                            "#8",
                                            "#9",
                                            "#10"
                                        ],
                                        "Estimated Cardinality": "770023"
                                    },
                                    "cumulative_cardinality": 6089090,
                                    "operator_type": "PROJECTION",
                                    "operator_cardinality": 73078,
                                    "cumulative_rows_scanned": 16202764,
                                    "operator_rows_scanned": 0,
                                    "operator_timing": 0.00020301600000000012,
                                    "result_set_size": 8330892,
                                    "children": [
                                        {
                                            "operator_name": "PROJECTION",
                                            "cpu_time": 5.263194249,
                                            "extra_info": {
                                                "Projections": [
                                                    "displayname",
                                                    "reputation",
                                                    "title",
                                                    "viewcount",
                                                    "answercount",
                                                    "commentcount",
                                                    "TagCount",
                                                    "SQLTitleCount",
                                                    "SQLCommentCount",
                                                    "TitleStatus",
                                                    "CommentStatus"
                                                ],
                                                "Estimated Cardinality": "770023"
                                            },
                                            "cumulative_cardinality": 6016012,
                                            "operator_type": "PROJECTION",
                                            "operator_cardinality": 73078,
                                            "cumulative_rows_scanned": 16202764,
                                            "operator_rows_scanned": 0,
                                            "operator_timing": 0.0010825630000000004,
                                            "result_set_size": 8769360,
                                            "children": [
                                                {
                                                    "operator_name": "PROJECTION",
                                                    "cpu_time": 5.262111686,
                                                    "extra_info": {
                                                        "Projections": [
                                                            "displayname",
                                                            "reputation",
                                                            "title",
                                                            "viewcount",
                                                            "answercount",
                                                            "commentcount",
                                                            "TagCount",
                                                            "SQLTitleCount",
                                                            "SQLCommentCount"
                                                        ],
                                                        "Estimated Cardinality": "770023"
                                                    },
                                                    "cumulative_cardinality": 5942934,
                                                    "operator_type": "PROJECTION",
                                                    "operator_cardinality": 73078,
                                                    "cumulative_rows_scanned": 16202764,
                                                    "operator_rows_scanned": 0,
                                                    "operator_timing": 0.00008856400000000001,
                                                    "result_set_size": 6430864,
                                                    "children": [
                                                        {
                                                            "operator_name": "HASH_JOIN",
                                                            "cpu_time": 5.2620231219999996,
                                                            "extra_info": {
                                                                "Join Type": "INNER",
                                                                "Conditions": "PostId = id",
                                                                "Estimated Cardinality": "770023"
                                                            },
                                                            "cumulative_cardinality": 5869856,
                                                            "operator_type": "HASH_JOIN",
                                                            "operator_cardinality": 73078,
                                                            "cumulative_rows_scanned": 16202764,
                                                            "operator_rows_scanned": 0,
                                                            "operator_timing": 0.9603989070000001,
                                                            "result_set_size": 6430864,
                                                            "children": [
                                                                {
                                                                    "operator_name": "HASH_GROUP_BY",
                                                                    "cpu_time": 3.411849525999999,
                                                                    "extra_info": {
                                                                        "Groups": "#0",
                                                                        "Aggregates": [
                                                                            "count_star()",
                                                                            "sum(#1)",
                                                                            "sum(#2)"
                                                                        ],
                                                                        "Estimated Cardinality": "3850116"
                                                                    },
                                                                    "cumulative_cardinality": 1278274,
                                                                    "operator_type": "HASH_GROUP_BY",
                                                                    "operator_cardinality": 145721,
                                                                    "cumulative_rows_scanned": 11091938,
                                                                    "operator_rows_scanned": 0,
                                                                    "operator_timing": 0.047134201999999986,
                                                                    "result_set_size": 6411724,
                                                                    "children": [
                                                                        {
                                                                            "operator_name": "PROJECTION",
                                                                            "cpu_time": 3.3647153239999987,
                                                                            "extra_info": {
                                                                                "Projections": [
                                                                                    "id",
                                                                                    "CASE  WHEN ((title ~~* '%SQL%')) THEN (1) ELSE 0 END",
                                                                                    "CASE  WHEN ((text ~~* '%SQL%')) THEN (1) ELSE 0 END"
                                                                                ],
                                                                                "Estimated Cardinality": "7241822"
                                                                            },
                                                                            "cumulative_cardinality": 1132553,
                                                                            "operator_type": "PROJECTION",
                                                                            "operator_cardinality": 349684,
                                                                            "cumulative_rows_scanned": 11091938,
                                                                            "operator_rows_scanned": 0,
                                                                            "operator_timing": 0.7348739820000001,
                                                                            "result_set_size": 4196208,
                                                                            "children": [
                                                                                {
                                                                                    "operator_name": "HASH_JOIN",
                                                                                    "cpu_time": 2.6298413419999984,
                                                                                    "extra_info": {
                                                                                        "Join Type": "RIGHT",
                                                                                        "Conditions": "postid = id",
                                                                                        "Estimated Cardinality": "7241822"
                                                                                    },
                                                                                    "cumulative_cardinality": 782869,
                                                                                    "operator_type": "HASH_JOIN",
                                                                                    "operator_cardinality": 349684,
                                                                                    "cumulative_rows_scanned": 11091938,
                                                                                    "operator_rows_scanned": 0,
                                                                                    "operator_timing": 0.031532904000000014,
                                                                                    "result_set_size": 12588624,
                                                                                    "children": [
                                                                                        {
                                                                                            "operator_name": "READ_PARQUET ",
                                                                                            "cpu_time": 2.5368109829999983,
                                                                                            "extra_info": {
                                                                                                "Function": "READ_PARQUET",
                                                                                                "Projections": [
                                                                                                    "postid",
                                                                                                    "text"
                                                                                                ],
                                                                                                "Estimated Cardinality": "7241822"
                                                                                            },
                                                                                            "cumulative_cardinality": 287464,
                                                                                            "operator_type": "TABLE_SCAN",
                                                                                            "operator_cardinality": 287464,
                                                                                            "cumulative_rows_scanned": 7241822,
                                                                                            "operator_rows_scanned": 7241822,
                                                                                            "operator_timing": 2.5368109829999983,
                                                                                            "result_set_size": 5749280,
                                                                                            "children": []
                                                                                        },
                                                                                        {
                                                                                            "operator_name": "READ_PARQUET ",
                                                                                            "cpu_time": 0.06149745499999999,
                                                                                            "extra_info": {
                                                                                                "Function": "READ_PARQUET",
                                                                                                "Projections": [
                                                                                                    "id",
                                                                                                    "title"
                                                                                                ],
                                                                                                "Filters": "creationdate>='2023-10-01 00:00:00'::TIMESTAMP",
                                                                                                "Estimated Cardinality": "770023"
                                                                                            },
                                                                                            "cumulative_cardinality": 145721,
                                                                                            "operator_type": "TABLE_SCAN",
                                                                                            "operator_cardinality": 145721,
                                                                                            "cumulative_rows_scanned": 3850116,
                                                                                            "operator_rows_scanned": 3850116,
                                                                                            "operator_timing": 0.06149745499999999,
                                                                                            "result_set_size": 2914420,
                                                                                            "children": []
                                                                                        }
                                                                                    ]
                                                                                }
                                                                            ]
                                                                        }
                                                                    ]
                                                                },
                                                                {
                                                                    "operator_name": "HASH_JOIN",
                                                                    "cpu_time": 0.8897746889999999,
                                                                    "extra_info": {
                                                                        "Join Type": "INNER",
                                                                        "Conditions": "id = owneruserid",
                                                                        "Estimated Cardinality": "770023"
                                                                    },
                                                                    "cumulative_cardinality": 4518504,
                                                                    "operator_type": "HASH_JOIN",
                                                                    "operator_cardinality": 1589663,
                                                                    "cumulative_rows_scanned": 5110826,
                                                                    "operator_rows_scanned": 0,
                                                                    "operator_timing": 0.2796612879999998,
                                                                    "result_set_size": 82662476,
                                                                    "children": [
                                                                        {
                                                                            "operator_name": "READ_PARQUET ",
                                                                            "cpu_time": 0.10378746700000009,
                                                                            "extra_info": {
                                                                                "Function": "READ_PARQUET",
                                                                                "Projections": [
                                                                                    "id",
                                                                                    "reputation",
                                                                                    "displayname"
                                                                                ],
                                                                                "Filters": "id<=1416539",
                                                                                "Estimated Cardinality": "1260710"
                                                                            },
                                                                            "cumulative_cardinality": 1260677,
                                                                            "operator_type": "TABLE_SCAN",
                                                                            "operator_cardinality": 1260677,
                                                                            "cumulative_rows_scanned": 1260710,
                                                                            "operator_rows_scanned": 1260710,
                                                                            "operator_timing": 0.10378746700000009,
                                                                            "result_set_size": 30256248,
                                                                            "children": []
                                                                        },
                                                                        {
                                                                            "operator_name": "READ_PARQUET ",
                                                                            "cpu_time": 0.506325934,
                                                                            "extra_info": {
                                                                                "Function": "READ_PARQUET",
                                                                                "Projections": [
                                                                                    "id",
                                                                                    "viewcount",
                                                                                    "owneruserid",
                                                                                    "title",
                                                                                    "answercount",
                                                                                    "commentcount"
                                                                                ],
                                                                                "Filters": "posttypeid=1",
                                                                                "Estimated Cardinality": "770023"
                                                                            },
                                                                            "cumulative_cardinality": 1668164,
                                                                            "operator_type": "TABLE_SCAN",
                                                                            "operator_cardinality": 1668164,
                                                                            "cumulative_rows_scanned": 3850116,
                                                                            "operator_rows_scanned": 3850116,
                                                                            "operator_timing": 0.506325934,
                                                                            "result_set_size": 60053904,
                                                                            "children": []
                                                                        }
                                                                    ]
                                                                }
                                                            ]
                                                        }
                                                    ]
                                                }
                                            ]
                                        }
                                    ]
                                }
                            ]
                        }
                    ]
                }
            ]
        }
    ]
}