{
    "rows_returned": 39574,
    "query_name": "WITH QualifiedPosts AS (\n    SELECT \n        p.Id AS PostId,\n        p.Title,\n        p.Body,\n        p.CreationDate,\n        p.Score,\n        p.ViewCount,\n        ARRAY_LENGTH(string_to_array(substring(p.Tags, 2, length(p.Tags)-2), '><'), 1) AS TagCount,\n        u.DisplayName AS OwnerDisplayName,\n        COALESCE((\n            SELECT COUNT(*)\n            FROM Posts AS a\n            WHERE a.ParentId = p.Id\n        ), 0) AS AnswerCount\n    FROM \n        Posts p\n    JOIN \n        Users u ON p.OwnerUserId = u.Id\n    WHERE \n        p.PostTypeId = 1 AND \n        p.Score > 0 AND\n        p.CreationDate >= cast('2024-10-01 12:34:56' as timestamp) - INTERVAL '1 year' \n),\nPostHistoryStats AS (\n    SELECT \n        ph.PostId,\n        COUNT(*) AS EditCount,\n        MAX(ph.CreationDate) AS LastEditDate\n    FROM \n        PostHistory ph\n    WHERE \n        ph.PostHistoryTypeId IN (4, 5, 24) \n    GROUP BY \n        ph.PostId\n),\nClosedPosts AS (\n    SELECT \n        PostId,\n        COUNT(*) AS CloseCount\n    FROM \n        PostHistory\n    WHERE \n        PostHistoryTypeId = 10 \n    GROUP BY \n        PostId\n)\nSELECT \n    qp.PostId,\n    qp.Title,\n    qp.OwnerDisplayName,\n    qp.Score,\n    qp.ViewCount,\n    qp.TagCount,\n    COALESCE(phe.EditCount, 0) AS EditCount,\n    COALESCE(cp.CloseCount, 0) AS CloseCount\nFROM \n    QualifiedPosts qp\nLEFT JOIN \n    PostHistoryStats phe ON qp.PostId = phe.PostId\nLEFT JOIN \n    ClosedPosts cp ON qp.PostId = cp.PostId\nORDER BY \n    qp.Score DESC, qp.ViewCount DESC, qp.CreationDate ASC;",
    "blocked_thread_time": 0.0,
    "cpu_time": 1.838203024000001,
    "extra_info": {},
    "cumulative_cardinality": 26944267,
    "cumulative_rows_scanned": 32551430,
    "result_set_size": 2691032,
    "latency": 2.182413273,
    "children": [
        {
            "operator_name": "PROJECTION",
            "cpu_time": 1.838203024000001,
            "extra_info": {
                "Projections": [
                    "#0",
                    "#1",
                    "#2",
                    "__internal_decompress_integral_integer(#3, 0)",
                    "#4",
                    "#5",
                    "#6",
                    "#7"
                ],
                "Estimated Cardinality": "1179524"
            },
            "cumulative_cardinality": 26944267,
            "operator_type": "PROJECTION",
            "operator_cardinality": 39574,
            "cumulative_rows_scanned": 32551430,
            "operator_rows_scanned": 0,
            "operator_timing": 0.000022213000000000002,
            "result_set_size": 2691032,
            "children": [
                {
                    "operator_name": "ORDER_BY",
                    "cpu_time": 1.8381808110000009,
                    "extra_info": {
                        "Order By": [
                            "qp.Score DESC",
                            "qp.ViewCount DESC",
                            "creationdate ASC"
                        ]
                    },
                    "cumulative_cardinality": 26904693,
                    "operator_type": "ORDER_BY",
                    "operator_cardinality": 39574,
                    "cumulative_rows_scanned": 32551430,
                    "operator_rows_scanned": 0,
                    "operator_timing": 0.0038314250000000007,
                    "result_set_size": 2611884,
                    "children": [
                        {
                            "operator_name": "PROJECTION",
                            "cpu_time": 1.8343493860000009,
                            "extra_info": {
                                "Projections": [
                                    "#0",
                                    "#1",
                                    "#2",
                                    "__internal_compress_integral_usmallint(#3, 0)",
                                    "#4",
                                    "#5",
                                    "#6",
                                    "#7",
                                    "#8"
                                ],
                                "Estimated Cardinality": "1179524"
                            },
                            "cumulative_cardinality": 26865119,
                            "operator_type": "PROJECTION",
                            "operator_cardinality": 39574,
                            "cumulative_rows_scanned": 32551430,
                            "operator_rows_scanned": 0,
                            "operator_timing": 0.000103065,
                            "result_set_size": 2928476,
                            "children": [
                                {
                                    "operator_name": "PROJECTION",
                                    "cpu_time": 1.8342463210000008,
                                    "extra_info": {
                                        "Projections": [
                                            "PostId",
                                            "title",
                                            "OwnerDisplayName",
                                            "score",
                                            "viewcount",
                                            "TagCount",
                                            "EditCount",
                                            "CloseCount",
                                            "creationdate"
                                        ],
                                        "Estimated Cardinality": "1179524"
                                    },
                                    "cumulative_cardinality": 26825545,
                                    "operator_type": "PROJECTION",
                                    "operator_cardinality": 39574,
                                    "cumulative_rows_scanned": 32551430,
                                    "operator_rows_scanned": 0,
                                    "operator_timing": 0.0009413470000000003,
                                    "result_set_size": 3007624,
                                    "children": [
                                        {
                                            "operator_name": "HASH_JOIN",
                                            "cpu_time": 1.833304974000001,
                                            "extra_info": {
                                                "Join Type": "LEFT",
                                                "Conditions": "PostId = postid",
                                                "Estimated Cardinality": "1179524"
                                            },
                                            "cumulative_cardinality": 26785971,
                                            "operator_type": "HASH_JOIN",
                                            "operator_cardinality": 39574,
                                            "cumulative_rows_scanned": 32551430,
                                            "operator_rows_scanned": 0,
                                            "operator_timing": 0.007223869999999999,
                                            "result_set_size": 3007624,
                                            "children": [
                                                {
                                                    "operator_name": "HASH_JOIN",
                                                    "cpu_time": 1.3038882910000003,
                                                    "extra_info": {
                                                        "Join Type": "LEFT",
                                                        "Conditions": "PostId = postid",
                                                        "Estimated Cardinality": "1179524"
                                                    },
                                                    "cumulative_cardinality": 26382962,
                                                    "operator_type": "HASH_JOIN",
                                                    "operator_cardinality": 39574,
                                                    "cumulative_rows_scanned": 20756186,
                                                    "operator_rows_scanned": 0,
                                                    "operator_timing": 0.10708212500000004,
                                                    "result_set_size": 2691032,
                                                    "children": [
                                                        {
                                                            "operator_name": "PROJECTION",
                                                            "cpu_time": 0.32459010199999994,
                                                            "extra_info": {
                                                                "Projections": [
                                                                    "PostId",
                                                                    "title",
                                                                    "creationdate",
                                                                    "score",
                                                                    "viewcount",
                                                                    "TagCount",
                                                                    "OwnerDisplayName"
                                                                ],
                                                                "Estimated Cardinality": "770023"
                                                            },
                                                            "cumulative_cardinality": 1823786,
                                                            "operator_type": "PROJECTION",
                                                            "operator_cardinality": 39574,
                                                            "cumulative_rows_scanned": 8960942,
                                                            "operator_rows_scanned": 0,
                                                            "operator_timing": 0.005701673999999999,
                                                            "result_set_size": 2374440,
                                                            "children": [
                                                                {
                                                                    "operator_name": "LEFT_DELIM_JOIN",
                                                                    "cpu_time": 0.31888842799999995,
                                                                    "extra_info": {
                                                                        "Join Type": "SINGLE",
                                                                        "Conditions": "id IS NOT DISTINCT FROM id",
                                                                        "Estimated Cardinality": "770023",
                                                                        "Delim Index": "1"
                                                                    },
                                                                    "cumulative_cardinality": 1784212,
                                                                    "operator_type": "LEFT_DELIM_JOIN",
                                                                    "operator_cardinality": 0,
                                                                    "cumulative_rows_scanned": 8960942,
                                                                    "operator_rows_scanned": 0,
                                                                    "operator_timing": 0.003655541000000001,
                                                                    "result_set_size": 0,
                                                                    "children": [
                                                                        {
                                                                            "operator_name": "HASH_JOIN",
                                                                            "cpu_time": 0.29487133699999996,
                                                                            "extra_info": {
                                                                                "Join Type": "INNER",
                                                                                "Conditions": "owneruserid = id",
                                                                                "Estimated Cardinality": "770023"
                                                                            },
                                                                            "cumulative_cardinality": 1339827,
                                                                            "operator_type": "HASH_JOIN",
                                                                            "operator_cardinality": 39574,
                                                                            "cumulative_rows_scanned": 5110826,
                                                                            "operator_rows_scanned": 0,
                                                                            "operator_timing": 0.09145533299999996,
                                                                            "result_set_size": 2691032,
                                                                            "children": [
                                                                                {
                                                                                    "operator_name": "READ_PARQUET ",
                                                                                    "cpu_time": 0.108270017,
                                                                                    "extra_info": {
                                                                                        "Function": "READ_PARQUET",
                                                                                        "Projections": [
                                                                                            "id",
                                                                                            "creationdate",
                                                                                            "score",
                                                                                            "viewcount",
                                                                                            "owneruserid",
                                                                                            "title",
                                                                                            "tags"
                                                                                        ],
                                                                                        "Filters": [
                                                                                            "posttypeid=1",
                                                                                            "score>0",
                                                                                            "creationdate>='2023-10-01 12:34:56'::TIMESTAMP"
                                                                                        ],
                                                                                        "Estimated Cardinality": "770023"
                                                                                    },
                                                                                    "cumulative_cardinality": 39574,
                                                                                    "operator_type": "TABLE_SCAN",
                                                                                    "operator_cardinality": 39574,
                                                                                    "cumulative_rows_scanned": 3850116,
                                                                                    "operator_rows_scanned": 3850116,
                                                                                    "operator_timing": 0.108270017,
                                                                                    "result_set_size": 2216144,
                                                                                    "children": []
                                                                                },
                                                                                {
                                                                                    "operator_name": "READ_PARQUET ",
                                                                                    "cpu_time": 0.095145987,
                                                                                    "extra_info": {
                                                                                        "Function": "READ_PARQUET",
                                                                                        "Projections": [
                                                                                            "id",
                                                                                            "displayname"
                                                                                        ],
                                                                                        "Filters": "id<=1416539",
                                                                                        "Estimated Cardinality": "1260710"
                                                                                    },
                                                                                    "cumulative_cardinality": 1260679,
                                                                                    "operator_type": "TABLE_SCAN",
                                                                                    "operator_cardinality": 1260679,
                                                                                    "cumulative_rows_scanned": 1260710,
                                                                                    "operator_rows_scanned": 1260710,
                                                                                    "operator_timing": 0.095145987,
                                                                                    "result_set_size": 25213580,
                                                                                    "children": []
                                                                                }
                                                                            ]
                                                                        },
                                                                        {
                                                                            "operator_name": "HASH_JOIN",
                                                                            "cpu_time": 0.020097888,
                                                                            "extra_info": {
                                                                                "Join Type": "SINGLE",
                                                                                "Conditions": "id IS NOT DISTINCT FROM id",
                                                                                "Estimated Cardinality": "770023"
                                                                            },
                                                                            "cumulative_cardinality": 365237,
                                                                            "operator_type": "HASH_JOIN",
                                                                            "operator_cardinality": 39574,
                                                                            "cumulative_rows_scanned": 3850116,
                                                                            "operator_rows_scanned": 0,
                                                                            "operator_timing": 0.0028257049999999995,
                                                                            "result_set_size": 2849328,
                                                                            "children": [
                                                                                {
                                                                                    "operator_name": "COLUMN_DATA_SCAN",
                                                                                    "cpu_time": 0.0004747280000000001,
                                                                                    "extra_info": {
                                                                                        "Estimated Cardinality": "770023"
                                                                                    },
                                                                                    "cumulative_cardinality": 39574,
                                                                                    "operator_type": "COLUMN_DATA_SCAN",
                                                                                    "operator_cardinality": 39574,
                                                                                    "cumulative_rows_scanned": 0,
                                                                                    "operator_rows_scanned": 0,
                                                                                    "operator_timing": 0.0004747280000000001,
                                                                                    "result_set_size": 2691032,
                                                                                    "children": []
                                                                                },
                                                                                {
                                                                                    "operator_name": "PROJECTION",
                                                                                    "cpu_time": 0.016797455000000003,
                                                                                    "extra_info": {
                                                                                        "Projections": "id",
                                                                                        "Estimated Cardinality": "385011"
                                                                                    },
                                                                                    "cumulative_cardinality": 286089,
                                                                                    "operator_type": "PROJECTION",
                                                                                    "operator_cardinality": 39574,
                                                                                    "cumulative_rows_scanned": 3850116,
                                                                                    "operator_rows_scanned": 0,
                                                                                    "operator_timing": 0.000004428000000000001,
                                                                                    "result_set_size": 158296,
                                                                                    "children": [
                                                                                        {
                                                                                            "operator_name": "HASH_JOIN",
                                                                                            "cpu_time": 0.016793027000000002,
                                                                                            "extra_info": {
                                                                                                "Join Type": "LEFT",
                                                                                                "Conditions": "id IS NOT DISTINCT FROM #0",
                                                                                                "Estimated Cardinality": "385011"
                                                                                            },
                                                                                            "cumulative_cardinality": 246515,
                                                                                            "operator_type": "HASH_JOIN",
                                                                                            "operator_cardinality": 39574,
                                                                                            "cumulative_rows_scanned": 3850116,
                                                                                            "operator_rows_scanned": 0,
                                                                                            "operator_timing": 0.0014394140000000002,
                                                                                            "result_set_size": 316592,
                                                                                            "children": [
                                                                                                {
                                                                                                    "operator_name": "DELIM_SCAN",
                                                                                                    "cpu_time": 0.0,
                                                                                                    "extra_info": {
                                                                                                        "Delim Index": "1",
                                                                                                        "Estimated Cardinality": "385011"
                                                                                                    },
                                                                                                    "cumulative_cardinality": 0,
                                                                                                    "operator_type": "DELIM_SCAN",
                                                                                                    "operator_cardinality": 0,
                                                                                                    "cumulative_rows_scanned": 0,
                                                                                                    "operator_rows_scanned": 0,
                                                                                                    "operator_timing": 0.0,
                                                                                                    "result_set_size": 0,
                                                                                                    "children": []
                                                                                                },
                                                                                                {
                                                                                                    "operator_name": "HASH_GROUP_BY",
                                                                                                    "cpu_time": 0.015353613,
                                                                                                    "extra_info": {
                                                                                                        "Groups": "#0",
                                                                                                        "Aggregates": "",
                                                                                                        "Estimated Cardinality": "192505"
                                                                                                    },
                                                                                                    "cumulative_cardinality": 206941,
                                                                                                    "operator_type": "HASH_GROUP_BY",
                                                                                                    "operator_cardinality": 27229,
                                                                                                    "cumulative_rows_scanned": 3850116,
                                                                                                    "operator_rows_scanned": 0,
                                                                                                    "operator_timing": 0.0009884930000000004,
                                                                                                    "result_set_size": 108916,
                                                                                                    "children": [
                                                                                                        {
                                                                                                            "operator_name": "PROJECTION",
                                                                                                            "cpu_time": 0.01436512,
                                                                                                            "extra_info": {
                                                                                                                "Projections": "id",
                                                                                                                "Estimated Cardinality": "385011"
                                                                                                            },
                                                                                                            "cumulative_cardinality": 179712,
                                                                                                            "operator_type": "PROJECTION",
                                                                                                            "operator_cardinality": 39391,
                                                                                                            "cumulative_rows_scanned": 3850116,
                                                                                                            "operator_rows_scanned": 0,
                                                                                                            "operator_timing": 0.000006322000000000002,
                                                                                                            "result_set_size": 157564,
                                                                                                            "children": [
                                                                                                                {
                                                                                                                    "operator_name": "PROJECTION",
                                                                                                                    "cpu_time": 0.014358798,
                                                                                                                    "extra_info": {
                                                                                                                        "Projections": "id",
                                                                                                                        "Estimated Cardinality": "385011"
                                                                                                                    },
                                                                                                                    "cumulative_cardinality": 140321,
                                                                                                                    "operator_type": "PROJECTION",
                                                                                                                    "operator_cardinality": 39391,
                                                                                                                    "cumulative_rows_scanned": 3850116,
                                                                                                                    "operator_rows_scanned": 0,
                                                                                                                    "operator_timing": 0.0000070719999999999985,
                                                                                                                    "result_set_size": 157564,
                                                                                                                    "children": [
                                                                                                                        {
                                                                                                                            "operator_name": "HASH_JOIN",
                                                                                                                            "cpu_time": 0.014351726,
                                                                                                                            "extra_info": {
                                                                                                                                "Join Type": "INNER",
                                                                                                                                "Conditions": "parentid = id",
                                                                                                                                "Estimated Cardinality": "385011"
                                                                                                                            },
                                                                                                                            "cumulative_cardinality": 100930,
                                                                                                                            "operator_type": "HASH_JOIN",
                                                                                                                            "operator_cardinality": 39391,
                                                                                                                            "cumulative_rows_scanned": 3850116,
                                                                                                                            "operator_rows_scanned": 0,
                                                                                                                            "operator_timing": 0.00109656,
                                                                                                                            "result_set_size": 315128,
                                                                                                                            "children": [
                                                                                                                                {
                                                                                                                                    "operator_name": "READ_PARQUET ",
                                                                                                                                    "cpu_time": 0.013255166,
                                                                                                                                    "extra_info": {
                                                                                                                                        "Function": "READ_PARQUET",
                                                                                                                                        "Projections": "parentid",
                                                                                                                                        "Estimated Cardinality": "3850116"
                                                                                                                                    },
                                                                                                                                    "cumulative_cardinality": 61539,
                                                                                                                                    "operator_type": "TABLE_SCAN",
                                                                                                                                    "operator_cardinality": 61539,
                                                                                                                                    "cumulative_rows_scanned": 3850116,
                                                                                                                                    "operator_rows_scanned": 3850116,
                                                                                                                                    "operator_timing": 0.013255166,
                                                                                                                                    "result_set_size": 246156,
                                                                                                                                    "children": []
                                                                                                                                },
                                                                                                                                {
                                                                                                                                    "operator_name": "DELIM_SCAN",
                                                                                                                                    "cpu_time": 0.0,
                                                                                                                                    "extra_info": {
                                                                                                                                        "Delim Index": "1",
                                                                                                                                        "Estimated Cardinality": "385011"
                                                                                                                                    },
                                                                                                                                    "cumulative_cardinality": 0,
                                                                                                                                    "operator_type": "DELIM_SCAN",
                                                                                                                                    "operator_cardinality": 0,
                                                                                                                                    "cumulative_rows_scanned": 0,
                                                                                                                                    "operator_rows_scanned": 0,
                                                                                                                                    "operator_timing": 0.0,
                                                                                                                                    "result_set_size": 0,
                                                                                                                                    "children": []
                                                                                                                                }
                                                                                                                            ]
                                                                                                                        }
                                                                                                                    ]
                                                                                                                }
                                                                                                            ]
                                                                                                        }
                                                                                                    ]
                                                                                                }
                                                                                            ]
                                                                                        }
                                                                                    ]
                                                                                }
                                                                            ]
                                                                        },
                                                                        {
                                                                            "operator_name": "HASH_GROUP_BY",
                                                                            "cpu_time": 0.000263662,
                                                                            "extra_info": {
                                                                                "Groups": "#0",
                                                                                "Aggregates": "",
                                                                                "Estimated Cardinality": "770023"
                                                                            },
                                                                            "cumulative_cardinality": 79148,
                                                                            "operator_type": "HASH_GROUP_BY",
                                                                            "operator_cardinality": 79148,
                                                                            "cumulative_rows_scanned": 0,
                                                                            "operator_rows_scanned": 0,
                                                                            "operator_timing": 0.000263662,
                                                                            "result_set_size": 316592,
                                                                            "children": []
                                                                        }
                                                                    ]
                                                                }
                                                            ]
                                                        },
                                                        {
                                                            "operator_name": "HASH_GROUP_BY",
                                                            "cpu_time": 0.8722160640000003,
                                                            "extra_info": {
                                                                "Groups": "#0",
                                                                "Aggregates": "count_star()",
                                                                "Estimated Cardinality": "1179524"
                                                            },
                                                            "cumulative_cardinality": 24519602,
                                                            "operator_type": "HASH_GROUP_BY",
                                                            "operator_cardinality": 1725434,
                                                            "cumulative_rows_scanned": 11795244,
                                                            "operator_rows_scanned": 0,
                                                            "operator_timing": 0.3493340020000001,
                                                            "result_set_size": 20705208,
                                                            "children": [
                                                                {
                                                                    "operator_name": "PROJECTION",
                                                                    "cpu_time": 0.5228820620000002,
                                                                    "extra_info": {
                                                                        "Projections": "postid",
                                                                        "Estimated Cardinality": "2359048"
                                                                    },
                                                                    "cumulative_cardinality": 22794168,
                                                                    "operator_type": "PROJECTION",
                                                                    "operator_cardinality": 3666308,
                                                                    "cumulative_rows_scanned": 11795244,
                                                                    "operator_rows_scanned": 0,
                                                                    "operator_timing": 0.001105383000000014,
                                                                    "result_set_size": 14665232,
                                                                    "children": [
                                                                        {
                                                                            "operator_name": "PROJECTION",
                                                                            "cpu_time": 0.5217766790000002,
                                                                            "extra_info": {
                                                                                "Projections": "#1",
                                                                                "Estimated Cardinality": "2359048"
                                                                            },
                                                                            "cumulative_cardinality": 19127860,
                                                                            "operator_type": "PROJECTION",
                                                                            "operator_cardinality": 3666308,
                                                                            "cumulative_rows_scanned": 11795244,
                                                                            "operator_rows_scanned": 0,
                                                                            "operator_timing": 0.0011592070000000043,
                                                                            "result_set_size": 14665232,
                                                                            "children": [
                                                                                {
                                                                                    "operator_name": "FILTER",
                                                                                    "cpu_time": 0.5206174720000002,
                                                                                    "extra_info": {
                                                                                        "Expression": "((posthistorytypeid = 4) OR (posthistorytypeid = 5) OR (posthistorytypeid = 24))",
                                                                                        "Estimated Cardinality": "2359048"
                                                                                    },
                                                                                    "cumulative_cardinality": 15461552,
                                                                                    "operator_type": "FILTER",
                                                                                    "operator_cardinality": 3666308,
                                                                                    "cumulative_rows_scanned": 11795244,
                                                                                    "operator_rows_scanned": 0,
                                                                                    "operator_timing": 0.22597648100000028,
                                                                                    "result_set_size": 21997848,
                                                                                    "children": [
                                                                                        {
                                                                                            "operator_name": "READ_PARQUET ",
                                                                                            "cpu_time": 0.2946409909999999,
                                                                                            "extra_info": {
                                                                                                "Function": "READ_PARQUET",
                                                                                                "Projections": [
                                                                                                    "posthistorytypeid",
                                                                                                    "postid"
                                                                                                ],
                                                                                                "Filters": "optional: posthistorytypeid IN (4, 5, 24)",
                                                                                                "Estimated Cardinality": "11795244"
                                                                                            },
                                                                                            "cumulative_cardinality": 11795244,
                                                                                            "operator_type": "TABLE_SCAN",
                                                                                            "operator_cardinality": 11795244,
                                                                                            "cumulative_rows_scanned": 11795244,
                                                                                            "operator_rows_scanned": 11795244,
                                                                                            "operator_timing": 0.2946409909999999,
                                                                                            "result_set_size": 70771464,
                                                                                            "children": []
                                                                                        }
                                                                                    ]
                                                                                }
                                                                            ]
                                                                        }
                                                                    ]
                                                                }
                                                            ]
                                                        }
                                                    ]
                                                },
                                                {
                                                    "operator_name": "HASH_GROUP_BY",
                                                    "cpu_time": 0.5221928130000006,
                                                    "extra_info": {
                                                        "Groups": "#0",
                                                        "Aggregates": "count_star()",
                                                        "Estimated Cardinality": "1179524"
                                                    },
                                                    "cumulative_cardinality": 363435,
                                                    "operator_type": "HASH_GROUP_BY",
                                                    "operator_cardinality": 120507,
                                                    "cumulative_rows_scanned": 11795244,
                                                    "operator_rows_scanned": 0,
                                                    "operator_timing": 0.03926281199999997,
                                                    "result_set_size": 1446084,
                                                    "children": [
                                                        {
                                                            "operator_name": "PROJECTION",
                                                            "cpu_time": 0.48293000100000066,
                                                            "extra_info": {
                                                                "Projections": "postid",
                                                                "Estimated Cardinality": "2359048"
                                                            },
                                                            "cumulative_cardinality": 242928,
                                                            "operator_type": "PROJECTION",
                                                            "operator_cardinality": 121464,
                                                            "cumulative_rows_scanned": 11795244,
                                                            "operator_rows_scanned": 0,
                                                            "operator_timing": 0.001110276999999995,
                                                            "result_set_size": 485856,
                                                            "children": [
                                                                {
                                                                    "operator_name": "READ_PARQUET ",
                                                                    "cpu_time": 0.48181972400000067,
                                                                    "extra_info": {
                                                                        "Function": "READ_PARQUET",
                                                                        "Projections": "postid",
                                                                        "Filters": "posthistorytypeid=10",
                                                                        "Estimated Cardinality": "2359048"
                                                                    },
                                                                    "cumulative_cardinality": 121464,
                                                                    "operator_type": "TABLE_SCAN",
                                                                    "operator_cardinality": 121464,
                                                                    "cumulative_rows_scanned": 11795244,
                                                                    "operator_rows_scanned": 11795244,
                                                                    "operator_timing": 0.48181972400000067,
                                                                    "result_set_size": 485856,
                                                                    "children": []
                                                                }
                                                            ]
                                                        }
                                                    ]
                                                }
                                            ]
                                        }
                                    ]
                                }
                            ]
                        }
                    ]
                }
            ]
        }
    ]
}