{
    "rows_returned": 30,
    "query_name": "WITH PostTagCount AS (\n    SELECT\n        p.Id AS PostId,\n        COUNT(*) AS TagCount\n    FROM\n        Posts p\n    WHERE\n        p.PostTypeId = 1\n    GROUP BY\n        p.Id\n),\nUserReputation AS (\n    SELECT\n        u.Id AS UserId,\n        u.Reputation,\n        u.DisplayName,\n        COUNT(DISTINCT p.Id) AS QuestionsAsked\n    FROM\n        Users u\n    JOIN\n        Posts p ON u.Id = p.OwnerUserId\n    WHERE\n        p.PostTypeId = 1\n    GROUP BY\n        u.Id, u.Reputation, u.DisplayName\n),\nReputationBracket AS (\n    SELECT\n        CASE\n            WHEN Reputation >= 1000 THEN 'High Reputation'\n            WHEN Reputation >= 100 THEN 'Medium Reputation'\n            ELSE 'Low Reputation'\n        END AS ReputationCategory,\n        COUNT(*) AS UserCount\n    FROM\n        UserReputation\n    GROUP BY\n        CASE\n            WHEN Reputation >= 1000 THEN 'High Reputation'\n            WHEN Reputation >= 100 THEN 'Medium Reputation'\n            ELSE 'Low Reputation'\n        END\n),\nCloseReasonAnalysis AS (\n    SELECT\n        chr.Id AS CloseReasonId,\n        chr.Name AS CloseReason,\n        COUNT(ph.Id) AS PostClosedCount\n    FROM\n        CloseReasonTypes chr\n    JOIN\n        PostHistory ph ON chr.Id = CAST(ph.Comment AS int)\n    WHERE\n        ph.PostHistoryTypeId = 10\n    GROUP BY\n        chr.Id, chr.Name\n),\nTagAnalysis AS (\n    SELECT\n        t.TagName,\n        COUNT(DISTINCT pl.PostId) AS LinkedPostCount\n    FROM\n        Tags t\n    JOIN\n        PostLinks pl ON pl.RelatedPostId = t.WikiPostId\n    GROUP BY\n        t.TagName\n)\nSELECT\n    r.ReputationCategory,\n    r.UserCount,\n    c.CloseReason,\n    c.PostClosedCount,\n    t.TagName,\n    t.LinkedPostCount,\n    ptc.TagCount\nFROM\n    ReputationBracket r\nLEFT JOIN\n    CloseReasonAnalysis c ON 1=1  \nLEFT JOIN\n    TagAnalysis t ON 1=1          \nLEFT JOIN\n    PostTagCount ptc ON ptc.PostId = 1  \nORDER BY\n    r.ReputationCategory,\n    c.PostClosedCount DESC,\n    t.LinkedPostCount DESC;",
    "blocked_thread_time": 0.0,
    "cpu_time": 4.985827103000008,
    "extra_info": {},
    "cumulative_cardinality": 7992156,
    "cumulative_rows_scanned": 21171165,
    "result_set_size": 2400,
    "latency": 5.174747759,
    "children": [
        {
            "operator_name": "ORDER_BY",
            "cpu_time": 4.985827103000008,
            "extra_info": {
                "Order By": [
                    "r.ReputationCategory ASC",
                    "c.PostClosedCount DESC",
                    "t.LinkedPostCount DESC"
                ]
            },
            "cumulative_cardinality": 7992156,
            "operator_type": "ORDER_BY",
            "operator_cardinality": 30,
            "cumulative_rows_scanned": 21171165,
            "operator_rows_scanned": 0,
            "operator_timing": 0.000047498,
            "result_set_size": 2400,
            "children": [
                {
                    "operator_name": "BLOCKWISE_NL_JOIN",
                    "cpu_time": 4.985779605000008,
                    "extra_info": {
                        "Join Type": "LEFT",
                        "Condition": "true"
                    },
                    "cumulative_cardinality": 7992126,
                    "operator_type": "BLOCKWISE_NL_JOIN",
                    "operator_cardinality": 30,
                    "cumulative_rows_scanned": 21171165,
                    "operator_rows_scanned": 0,
                    "operator_timing": 0.000055363000000000005,
                    "result_set_size": 2400,
                    "children": [
                        {
                            "operator_name": "BLOCKWISE_NL_JOIN",
                            "cpu_time": 3.9711256790000076,
                            "extra_info": {
                                "Join Type": "LEFT",
                                "Condition": "true"
                            },
                            "cumulative_cardinality": 7992090,
                            "operator_type": "BLOCKWISE_NL_JOIN",
                            "operator_cardinality": 30,
                            "cumulative_rows_scanned": 17321049,
                            "operator_rows_scanned": 0,
                            "operator_timing": 0.000014187000000000002,
                            "result_set_size": 2160,
                            "children": [
                                {
                                    "operator_name": "BLOCKWISE_NL_JOIN",
                                    "cpu_time": 3.7780226820000076,
                                    "extra_info": {
                                        "Join Type": "LEFT",
                                        "Condition": "true"
                                    },
                                    "cumulative_cardinality": 7582517,
                                    "operator_type": "BLOCKWISE_NL_JOIN",
                                    "operator_cardinality": 30,
                                    "cumulative_rows_scanned": 16906082,
                                    "operator_rows_scanned": 0,
                                    "operator_timing": 0.000095137,
                                    "result_set_size": 1440,
                                    "children": [
                                        {
                                            "operator_name": "HASH_GROUP_BY",
                                            "cpu_time": 0.7538142720000002,
                                            "extra_info": {
                                                "Groups": "#0",
                                                "Aggregates": "count_star()",
                                                "Estimated Cardinality": "192505"
                                            },
                                            "cumulative_cardinality": 7096589,
                                            "operator_type": "HASH_GROUP_BY",
                                            "operator_cardinality": 3,
                                            "cumulative_rows_scanned": 5110826,
                                            "operator_rows_scanned": 0,
                                            "operator_timing": 0.010435149000000001,
                                            "result_set_size": 72,
                                            "children": [
                                                {
                                                    "operator_name": "PROJECTION",
                                                    "cpu_time": 0.7433791230000002,
                                                    "extra_info": {
                                                        "Projections": "CASE  WHEN ((reputation >= 1000)) THEN ('High Reputation') WHEN ((reputation >= 100)) THEN ('Medium Reputation') ELSE 'Low Reputation' END",
                                                        "Estimated Cardinality": "385011"
                                                    },
                                                    "cumulative_cardinality": 7096586,
                                                    "operator_type": "PROJECTION",
                                                    "operator_cardinality": 329473,
                                                    "cumulative_rows_scanned": 5110826,
                                                    "operator_rows_scanned": 0,
                                                    "operator_timing": 0.0039817690000000005,
                                                    "result_set_size": 5271568,
                                                    "children": [
                                                        {
                                                            "operator_name": "PROJECTION",
                                                            "cpu_time": 0.7393973540000002,
                                                            "extra_info": {
                                                                "Projections": "reputation",
                                                                "Estimated Cardinality": "385011"
                                                            },
                                                            "cumulative_cardinality": 6767113,
                                                            "operator_type": "PROJECTION",
                                                            "operator_cardinality": 329473,
                                                            "cumulative_rows_scanned": 5110826,
                                                            "operator_rows_scanned": 0,
                                                            "operator_timing": 0.00003078499999999998,
                                                            "result_set_size": 1317892,
                                                            "children": [
                                                                {
                                                                    "operator_name": "HASH_GROUP_BY",
                                                                    "cpu_time": 0.7393665690000002,
                                                                    "extra_info": {
                                                                        "Groups": [
                                                                            "#0",
                                                                            "#1",
                                                                            "#2"
                                                                        ],
                                                                        "Aggregates": "",
                                                                        "Estimated Cardinality": "385011"
                                                                    },
                                                                    "cumulative_cardinality": 6437640,
                                                                    "operator_type": "HASH_GROUP_BY",
                                                                    "operator_cardinality": 329473,
                                                                    "cumulative_rows_scanned": 5110826,
                                                                    "operator_rows_scanned": 0,
                                                                    "operator_timing": 0.13615483200000006,
                                                                    "result_set_size": 7907352,
                                                                    "children": [
                                                                        {
                                                                            "operator_name": "PROJECTION",
                                                                            "cpu_time": 0.6032117370000001,
                                                                            "extra_info": {
                                                                                "Projections": [
                                                                                    "id",
                                                                                    "reputation",
                                                                                    "displayname"
                                                                                ],
                                                                                "Estimated Cardinality": "770023"
                                                                            },
                                                                            "cumulative_cardinality": 6108167,
                                                                            "operator_type": "PROJECTION",
                                                                            "operator_cardinality": 1589663,
                                                                            "cumulative_rows_scanned": 5110826,
                                                                            "operator_rows_scanned": 0,
                                                                            "operator_timing": 0.0005563080000000001,
                                                                            "result_set_size": 38151912,
                                                                            "children": [
                                                                                {
                                                                                    "operator_name": "HASH_JOIN",
                                                                                    "cpu_time": 0.6026554290000001,
                                                                                    "extra_info": {
                                                                                        "Join Type": "INNER",
                                                                                        "Conditions": "id = owneruserid",
                                                                                        "Estimated Cardinality": "770023"
                                                                                    },
                                                                                    "cumulative_cardinality": 4518504,
                                                                                    "operator_type": "HASH_JOIN",
                                                                                    "operator_cardinality": 1589663,
                                                                                    "cumulative_rows_scanned": 5110826,
                                                                                    "operator_rows_scanned": 0,
                                                                                    "operator_timing": 0.24118971500000008,
                                                                                    "result_set_size": 44510564,
                                                                                    "children": [
                                                                                        {
                                                                                            "operator_name": "READ_PARQUET ",
                                                                                            "cpu_time": 0.17767668100000006,
                                                                                            "extra_info": {
                                                                                                "Function": "READ_PARQUET",
                                                                                                "Projections": [
                                                                                                    "id",
                                                                                                    "reputation",
                                                                                                    "displayname"
                                                                                                ],
                                                                                                "Filters": "id<=1416539",
                                                                                                "Estimated Cardinality": "1260710"
                                                                                            },
                                                                                            "cumulative_cardinality": 1260677,
                                                                                            "operator_type": "TABLE_SCAN",
                                                                                            "operator_cardinality": 1260677,
                                                                                            "cumulative_rows_scanned": 1260710,
                                                                                            "operator_rows_scanned": 1260710,
                                                                                            "operator_timing": 0.17767668100000006,
                                                                                            "result_set_size": 30256248,
                                                                                            "children": []
                                                                                        },
                                                                                        {
                                                                                            "operator_name": "READ_PARQUET ",
                                                                                            "cpu_time": 0.18378903299999994,
                                                                                            "extra_info": {
                                                                                                "Function": "READ_PARQUET",
                                                                                                "Projections": "owneruserid",
                                                                                                "Filters": "posttypeid=1",
                                                                                                "Estimated Cardinality": "770023"
                                                                                            },
                                                                                            "cumulative_cardinality": 1668164,
                                                                                            "operator_type": "TABLE_SCAN",
                                                                                            "operator_cardinality": 1668164,
                                                                                            "cumulative_rows_scanned": 3850116,
                                                                                            "operator_rows_scanned": 3850116,
                                                                                            "operator_timing": 0.18378903299999994,
                                                                                            "result_set_size": 6672656,
                                                                                            "children": []
                                                                                        }
                                                                                    ]
                                                                                }
                                                                            ]
                                                                        }
                                                                    ]
                                                                }
                                                            ]
                                                        }
                                                    ]
                                                }
                                            ]
                                        },
                                        {
                                            "operator_name": "PROJECTION",
                                            "cpu_time": 3.0241132730000073,
                                            "extra_info": {
                                                "Projections": [
                                                    "CloseReason",
                                                    "PostClosedCount"
                                                ],
                                                "Estimated Cardinality": "12"
                                            },
                                            "cumulative_cardinality": 485898,
                                            "operator_type": "PROJECTION",
                                            "operator_cardinality": 10,
                                            "cumulative_rows_scanned": 11795256,
                                            "operator_rows_scanned": 0,
                                            "operator_timing": 3.11e-7,
                                            "result_set_size": 240,
                                            "children": [
                                                {
                                                    "operator_name": "PROJECTION",
                                                    "cpu_time": 3.0241129620000073,
                                                    "extra_info": {
                                                        "Projections": [
                                                            "__internal_decompress_integral_smallint(#0, 1)",
                                                            "#1",
                                                            "#2"
                                                        ],
                                                        "Estimated Cardinality": "12"
                                                    },
                                                    "cumulative_cardinality": 485888,
                                                    "operator_type": "PROJECTION",
                                                    "operator_cardinality": 10,
                                                    "cumulative_rows_scanned": 11795256,
                                                    "operator_rows_scanned": 0,
                                                    "operator_timing": 0.000005912,
                                                    "result_set_size": 260,
                                                    "children": [
                                                        {
                                                            "operator_name": "HASH_GROUP_BY",
                                                            "cpu_time": 3.024107050000007,
                                                            "extra_info": {
                                                                "Groups": [
                                                                    "#0",
                                                                    "#1"
                                                                ],
                                                                "Aggregates": "count_star()",
                                                                "Estimated Cardinality": "12"
                                                            },
                                                            "cumulative_cardinality": 485878,
                                                            "operator_type": "HASH_GROUP_BY",
                                                            "operator_cardinality": 10,
                                                            "cumulative_rows_scanned": 11795256,
                                                            "operator_rows_scanned": 0,
                                                            "operator_timing": 0.006149011999999998,
                                                            "result_set_size": 250,
                                                            "children": [
                                                                {
                                                                    "operator_name": "PROJECTION",
                                                                    "cpu_time": 3.0179580380000073,
                                                                    "extra_info": {
                                                                        "Projections": [
                                                                            "id",
                                                                            "name"
                                                                        ],
                                                                        "Estimated Cardinality": "2359048"
                                                                    },
                                                                    "cumulative_cardinality": 485868,
                                                                    "operator_type": "PROJECTION",
                                                                    "operator_cardinality": 121464,
                                                                    "cumulative_rows_scanned": 11795256,
                                                                    "operator_rows_scanned": 0,
                                                                    "operator_timing": 0.000028413999999999996,
                                                                    "result_set_size": 2064888,
                                                                    "children": [
                                                                        {
                                                                            "operator_name": "PROJECTION",
                                                                            "cpu_time": 3.0179296240000073,
                                                                            "extra_info": {
                                                                                "Projections": [
                                                                                    "#0",
                                                                                    "__internal_compress_integral_utinyint(#1, 1)",
                                                                                    "#2"
                                                                                ],
                                                                                "Estimated Cardinality": "2359048"
                                                                            },
                                                                            "cumulative_cardinality": 364404,
                                                                            "operator_type": "PROJECTION",
                                                                            "operator_cardinality": 121464,
                                                                            "cumulative_rows_scanned": 11795256,
                                                                            "operator_rows_scanned": 0,
                                                                            "operator_timing": 0.00014337099999999994,
                                                                            "result_set_size": 2550744,
                                                                            "children": [
                                                                                {
                                                                                    "operator_name": "HASH_JOIN",
                                                                                    "cpu_time": 3.0177862530000072,
                                                                                    "extra_info": {
                                                                                        "Join Type": "INNER",
                                                                                        "Conditions": "CAST(comment AS INTEGER) = CAST(id AS INTEGER)",
                                                                                        "Estimated Cardinality": "2359048"
                                                                                    },
                                                                                    "cumulative_cardinality": 242940,
                                                                                    "operator_type": "HASH_JOIN",
                                                                                    "operator_cardinality": 121464,
                                                                                    "cumulative_rows_scanned": 11795256,
                                                                                    "operator_rows_scanned": 0,
                                                                                    "operator_timing": 0.6577846290000007,
                                                                                    "result_set_size": 2672208,
                                                                                    "children": [
                                                                                        {
                                                                                            "operator_name": "READ_PARQUET ",
                                                                                            "cpu_time": 2.3593445070000065,
                                                                                            "extra_info": {
                                                                                                "Function": "READ_PARQUET",
                                                                                                "Projections": [
                                                                                                    "id",
                                                                                                    "comment"
                                                                                                ],
                                                                                                "Filters": "posthistorytypeid=10",
                                                                                                "Estimated Cardinality": "2359048"
                                                                                            },
                                                                                            "cumulative_cardinality": 121464,
                                                                                            "operator_type": "TABLE_SCAN",
                                                                                            "operator_cardinality": 121464,
                                                                                            "cumulative_rows_scanned": 11795244,
                                                                                            "operator_rows_scanned": 11795244,
                                                                                            "operator_timing": 2.3593445070000065,
                                                                                            "result_set_size": 2429280,
                                                                                            "children": []
                                                                                        },
                                                                                        {
                                                                                            "operator_name": "READ_PARQUET ",
                                                                                            "cpu_time": 0.000657117,
                                                                                            "extra_info": {
                                                                                                "Function": "READ_PARQUET",
                                                                                                "Projections": [
                                                                                                    "id",
                                                                                                    "name"
                                                                                                ],
                                                                                                "Estimated Cardinality": "12"
                                                                                            },
                                                                                            "cumulative_cardinality": 12,
                                                                                            "operator_type": "TABLE_SCAN",
                                                                                            "operator_cardinality": 12,
                                                                                            "cumulative_rows_scanned": 12,
                                                                                            "operator_rows_scanned": 12,
                                                                                            "operator_timing": 0.000657117,
                                                                                            "result_set_size": 216,
                                                                                            "children": []
                                                                                        }
                                                                                    ]
                                                                                }
                                                                            ]
                                                                        }
                                                                    ]
                                                                }
                                                            ]
                                                        }
                                                    ]
                                                }
                                            ]
                                        }
                                    ]
                                },
                                {
                                    "operator_name": "HASH_GROUP_BY",
                                    "cpu_time": 0.19308880999999997,
                                    "extra_info": {
                                        "Groups": "#0",
                                        "Aggregates": "count(DISTINCT #1)",
                                        "Estimated Cardinality": "1976"
                                    },
                                    "cumulative_cardinality": 409543,
                                    "operator_type": "HASH_GROUP_BY",
                                    "operator_cardinality": 0,
                                    "cumulative_rows_scanned": 414967,
                                    "operator_rows_scanned": 0,
                                    "operator_timing": 0.000002836,
                                    "result_set_size": 0,
                                    "children": [
                                        {
                                            "operator_name": "PROJECTION",
                                            "cpu_time": 0.19308597399999997,
                                            "extra_info": {
                                                "Projections": [
                                                    "tagname",
                                                    "postid"
                                                ],
                                                "Estimated Cardinality": "412991"
                                            },
                                            "cumulative_cardinality": 409543,
                                            "operator_type": "PROJECTION",
                                            "operator_cardinality": 0,
                                            "cumulative_rows_scanned": 414967,
                                            "operator_rows_scanned": 0,
                                            "operator_timing": 0.0,
                                            "result_set_size": 0,
                                            "children": [
                                                {
                                                    "operator_name": "HASH_JOIN",
                                                    "cpu_time": 0.19308597399999997,
                                                    "extra_info": {
                                                        "Join Type": "INNER",
                                                        "Conditions": "relatedpostid = wikipostid",
                                                        "Estimated Cardinality": "412991"
                                                    },
                                                    "cumulative_cardinality": 409543,
                                                    "operator_type": "HASH_JOIN",
                                                    "operator_cardinality": 0,
                                                    "cumulative_rows_scanned": 414967,
                                                    "operator_rows_scanned": 0,
                                                    "operator_timing": 0.171424616,
                                                    "result_set_size": 0,
                                                    "children": [
                                                        {
                                                            "operator_name": "READ_PARQUET ",
                                                            "cpu_time": 0.020635761999999985,
                                                            "extra_info": {
                                                                "Function": "READ_PARQUET",
                                                                "Projections": [
                                                                    "postid",
                                                                    "relatedpostid"
                                                                ],
                                                                "Filters": "relatedpostid>=4432 AND relatedpostid<=4975717",
                                                                "Estimated Cardinality": "412991"
                                                            },
                                                            "cumulative_cardinality": 407567,
                                                            "operator_type": "TABLE_SCAN",
                                                            "operator_cardinality": 407567,
                                                            "cumulative_rows_scanned": 412991,
                                                            "operator_rows_scanned": 412991,
                                                            "operator_timing": 0.020635761999999985,
                                                            "result_set_size": 3260536,
                                                            "children": []
                                                        },
                                                        {
                                                            "operator_name": "READ_PARQUET ",
                                                            "cpu_time": 0.0010255960000000001,
                                                            "extra_info": {
                                                                "Function": "READ_PARQUET",
                                                                "Projections": [
                                                                    "tagname",
                                                                    "wikipostid"
                                                                ],
                                                                "Estimated Cardinality": "1976"
                                                            },
                                                            "cumulative_cardinality": 1976,
                                                            "operator_type": "TABLE_SCAN",
                                                            "operator_cardinality": 1976,
                                                            "cumulative_rows_scanned": 1976,
                                                            "operator_rows_scanned": 1976,
                                                            "operator_timing": 0.0010255960000000001,
                                                            "result_set_size": 39520,
                                                            "children": []
                                                        }
                                                    ]
                                                }
                                            ]
                                        }
                                    ]
                                }
                            ]
                        },
                        {
                            "operator_name": "PROJECTION",
                            "cpu_time": 1.0145985630000003,
                            "extra_info": {
                                "Projections": "TagCount",
                                "Estimated Cardinality": "385011"
                            },
                            "cumulative_cardinality": 6,
                            "operator_type": "PROJECTION",
                            "operator_cardinality": 1,
                            "cumulative_rows_scanned": 3850116,
                            "operator_rows_scanned": 0,
                            "operator_timing": 3e-7,
                            "result_set_size": 8,
                            "children": [
                                {
                                    "operator_name": "PROJECTION",
                                    "cpu_time": 1.0145982630000003,
                                    "extra_info": {
                                        "Projections": [
                                            "__internal_decompress_integral_integer(#0, 1)",
                                            "#1"
                                        ],
                                        "Estimated Cardinality": "385011"
                                    },
                                    "cumulative_cardinality": 5,
                                    "operator_type": "PROJECTION",
                                    "operator_cardinality": 1,
                                    "cumulative_rows_scanned": 3850116,
                                    "operator_rows_scanned": 0,
                                    "operator_timing": 0.000004279,
                                    "result_set_size": 12,
                                    "children": [
                                        {
                                            "operator_name": "PERFECT_HASH_GROUP_BY",
                                            "cpu_time": 1.0145939840000002,
                                            "extra_info": {
                                                "Groups": "#0",
                                                "Aggregates": "count_star()"
                                            },
                                            "cumulative_cardinality": 4,
                                            "operator_type": "PERFECT_HASH_GROUP_BY",
                                            "operator_cardinality": 1,
                                            "cumulative_rows_scanned": 3850116,
                                            "operator_rows_scanned": 0,
                                            "operator_timing": 0.000019816,
                                            "result_set_size": 9,
                                            "children": [
                                                {
                                                    "operator_name": "PROJECTION",
                                                    "cpu_time": 1.0145741680000002,
                                                    "extra_info": {
                                                        "Projections": "id",
                                                        "Estimated Cardinality": "770023"
                                                    },
                                                    "cumulative_cardinality": 3,
                                                    "operator_type": "PROJECTION",
                                                    "operator_cardinality": 1,
                                                    "cumulative_rows_scanned": 3850116,
                                                    "operator_rows_scanned": 0,
                                                    "operator_timing": 5.11e-7,
                                                    "result_set_size": 1,
                                                    "children": [
                                                        {
                                                            "operator_name": "PROJECTION",
                                                            "cpu_time": 1.0145736570000001,
                                                            "extra_info": {
                                                                "Projections": "__internal_compress_integral_utinyint(#0, 1)",
                                                                "Estimated Cardinality": "770023"
                                                            },
                                                            "cumulative_cardinality": 2,
                                                            "operator_type": "PROJECTION",
                                                            "operator_cardinality": 1,
                                                            "cumulative_rows_scanned": 3850116,
                                                            "operator_rows_scanned": 0,
                                                            "operator_timing": 0.000003607,
                                                            "result_set_size": 1,
                                                            "children": [
                                                                {
                                                                    "operator_name": "READ_PARQUET ",
                                                                    "cpu_time": 1.0145700500000001,
                                                                    "extra_info": {
                                                                        "Function": "READ_PARQUET",
                                                                        "Projections": "id",
                                                                        "Filters": [
                                                                            "id=1",
                                                                            "posttypeid=1"
                                                                        ],
                                                                        "Estimated Cardinality": "770023"
                                                                    },
                                                                    "cumulative_cardinality": 1,
                                                                    "operator_type": "TABLE_SCAN",
                                                                    "operator_cardinality": 1,
                                                                    "cumulative_rows_scanned": 3850116,
                                                                    "operator_rows_scanned": 3850116,
                                                                    "operator_timing": 1.0145700500000001,
                                                                    "result_set_size": 4,
                                                                    "children": []
                                                                }
                                                            ]
                                                        }
                                                    ]
                                                }
                                            ]
                                        }
                                    ]
                                }
                            ]
                        }
                    ]
                }
            ]
        }
    ]
}