{
    "rows_returned": 409661,
    "query_name": "\nWITH UserBadgeCounts AS (\n    SELECT \n        u.Id AS UserId,\n        COUNT(b.Id) AS BadgeCount,\n        SUM(CASE WHEN b.Class = 1 THEN 1 ELSE 0 END) AS GoldBadges,\n        SUM(CASE WHEN b.Class = 2 THEN 1 ELSE 0 END) AS SilverBadges,\n        SUM(CASE WHEN b.Class = 3 THEN 1 ELSE 0 END) AS BronzeBadges\n    FROM \n        Users u\n    LEFT JOIN \n        Badges b ON u.Id = b.UserId\n    GROUP BY \n        u.Id\n), \nPopularPosts AS (\n    SELECT \n        p.OwnerUserId,\n        p.Id AS PostId,\n        p.Score,\n        p.ViewCount,\n        p.Title,\n        COUNT(c.Id) AS CommentCount\n    FROM \n        Posts p\n    LEFT JOIN \n        Comments c ON p.Id = c.PostId\n    WHERE \n        p.PostTypeId IN (1, 2) \n    GROUP BY \n        p.OwnerUserId, p.Id, p.Score, p.ViewCount, p.Title\n    HAVING \n        COUNT(c.Id) >= 5 \n), \nActiveUsers AS (\n    SELECT \n        u.Id AS UserId,\n        u.DisplayName,\n        u.Reputation,\n        u.CreationDate,\n        ub.BadgeCount,\n        ub.GoldBadges,\n        ub.SilverBadges,\n        ub.BronzeBadges,\n        pp.PostId,\n        pp.Score,\n        pp.ViewCount,\n        pp.Title\n    FROM \n        Users u\n    JOIN \n        UserBadgeCounts ub ON u.Id = ub.UserId\n    JOIN \n        PopularPosts pp ON u.Id = pp.OwnerUserId\n    ORDER BY \n        u.Reputation DESC,\n        ub.BadgeCount DESC\n)\nSELECT \n    au.DisplayName,\n    au.Reputation,\n    au.CreationDate,\n    au.BadgeCount,\n    au.GoldBadges,\n    au.SilverBadges,\n    au.BronzeBadges,\n    au.Title,\n    au.Score AS PostScore,\n    au.ViewCount AS PostViewCount\nFROM \n    ActiveUsers au\nWHERE \n    au.BadgeCount > 0 AND\n    au.Reputation > 100 \nORDER BY \n    au.Reputation DESC,\n    au.BadgeCount DESC;\n",
    "blocked_thread_time": 0.0,
    "cpu_time": 5.888675843,
    "extra_info": {},
    "cumulative_cardinality": 62233122,
    "cumulative_rows_scanned": 15935082,
    "result_set_size": 44243388,
    "latency": 7.42156886,
    "children": [
        {
            "operator_name": "PROJECTION",
            "cpu_time": 5.888675843,
            "extra_info": {
                "Projections": [
                    "#0",
                    "#1",
                    "#2",
                    "#3",
                    "#4",
                    "#5",
                    "#6",
                    "#7",
                    "__internal_decompress_integral_integer(#8, -72)",
                    "#9"
                ],
                "Estimated Cardinality": "30800"
            },
            "cumulative_cardinality": 62233122,
            "operator_type": "PROJECTION",
            "operator_cardinality": 409661,
            "cumulative_rows_scanned": 15935082,
            "operator_rows_scanned": 0,
            "operator_timing": 0.0002246220000000001,
            "result_set_size": 44243388,
            "children": [
                {
                    "operator_name": "ORDER_BY",
                    "cpu_time": 5.8884512209999995,
                    "extra_info": {
                        "Order By": [
                            "au.Reputation DESC",
                            "au.BadgeCount DESC"
                        ]
                    },
                    "cumulative_cardinality": 61823461,
                    "operator_type": "ORDER_BY",
                    "operator_cardinality": 409661,
                    "cumulative_rows_scanned": 15935082,
                    "operator_rows_scanned": 0,
                    "operator_timing": 0.04764439100000001,
                    "result_set_size": 43424066,
                    "children": [
                        {
                            "operator_name": "PROJECTION",
                            "cpu_time": 5.840806829999999,
                            "extra_info": {
                                "Projections": [
                                    "#0",
                                    "#1",
                                    "#2",
                                    "#3",
                                    "#4",
                                    "#5",
                                    "#6",
                                    "#7",
                                    "__internal_compress_integral_usmallint(#8, -72)",
                                    "#9"
                                ],
                                "Estimated Cardinality": "30800"
                            },
                            "cumulative_cardinality": 61413800,
                            "operator_type": "PROJECTION",
                            "operator_cardinality": 409661,
                            "cumulative_rows_scanned": 15935082,
                            "operator_rows_scanned": 0,
                            "operator_timing": 0.00019515100000000007,
                            "result_set_size": 43424066,
                            "children": [
                                {
                                    "operator_name": "PROJECTION",
                                    "cpu_time": 5.840611678999999,
                                    "extra_info": {
                                        "Projections": [
                                            "displayname",
                                            "reputation",
                                            "creationdate",
                                            "BadgeCount",
                                            "GoldBadges",
                                            "SilverBadges",
                                            "BronzeBadges",
                                            "title",
                                            "PostScore",
                                            "PostViewCount"
                                        ],
                                        "Estimated Cardinality": "30800"
                                    },
                                    "cumulative_cardinality": 61004139,
                                    "operator_type": "PROJECTION",
                                    "operator_cardinality": 409661,
                                    "cumulative_rows_scanned": 15935082,
                                    "operator_rows_scanned": 0,
                                    "operator_timing": 0.00010437699999999993,
                                    "result_set_size": 44243388,
                                    "children": [
                                        {
                                            "operator_name": "PROJECTION",
                                            "cpu_time": 5.840507301999999,
                                            "extra_info": {
                                                "Projections": [
                                                    "#0",
                                                    "#1",
                                                    "#2",
                                                    "#3",
                                                    "#4",
                                                    "#5",
                                                    "#6",
                                                    "__internal_decompress_integral_integer(#7, -72)",
                                                    "#8",
                                                    "#9"
                                                ],
                                                "Estimated Cardinality": "30800"
                                            },
                                            "cumulative_cardinality": 60594478,
                                            "operator_type": "PROJECTION",
                                            "operator_cardinality": 409661,
                                            "cumulative_rows_scanned": 15935082,
                                            "operator_rows_scanned": 0,
                                            "operator_timing": 0.00022345199999999983,
                                            "result_set_size": 44243388,
                                            "children": [
                                                {
                                                    "operator_name": "ORDER_BY",
                                                    "cpu_time": 5.840283849999999,
                                                    "extra_info": {
                                                        "Order By": [
                                                            "u.Reputation DESC",
                                                            "ub.BadgeCount DESC"
                                                        ]
                                                    },
                                                    "cumulative_cardinality": 60184817,
                                                    "operator_type": "ORDER_BY",
                                                    "operator_cardinality": 409661,
                                                    "cumulative_rows_scanned": 15935082,
                                                    "operator_rows_scanned": 0,
                                                    "operator_timing": 0.05650075499999997,
                                                    "result_set_size": 43424066,
                                                    "children": [
                                                        {
                                                            "operator_name": "PROJECTION",
                                                            "cpu_time": 5.783783094999999,
                                                            "extra_info": {
                                                                "Projections": [
                                                                    "#0",
                                                                    "#1",
                                                                    "#2",
                                                                    "#3",
                                                                    "#4",
                                                                    "#5",
                                                                    "#6",
                                                                    "__internal_compress_integral_usmallint(#7, -72)",
                                                                    "#8",
                                                                    "#9"
                                                                ],
                                                                "Estimated Cardinality": "30800"
                                                            },
                                                            "cumulative_cardinality": 59775156,
                                                            "operator_type": "PROJECTION",
                                                            "operator_cardinality": 409661,
                                                            "cumulative_rows_scanned": 15935082,
                                                            "operator_rows_scanned": 0,
                                                            "operator_timing": 0.0012921180000000014,
                                                            "result_set_size": 43424066,
                                                            "children": [
                                                                {
                                                                    "operator_name": "PROJECTION",
                                                                    "cpu_time": 5.782490976999998,
                                                                    "extra_info": {
                                                                        "Projections": [
                                                                            "displayname",
                                                                            "reputation",
                                                                            "creationdate",
                                                                            "BadgeCount",
                                                                            "GoldBadges",
                                                                            "SilverBadges",
                                                                            "BronzeBadges",
                                                                            "score",
                                                                            "viewcount",
                                                                            "title"
                                                                        ],
                                                                        "Estimated Cardinality": "30800"
                                                                    },
                                                                    "cumulative_cardinality": 59365495,
                                                                    "operator_type": "PROJECTION",
                                                                    "operator_cardinality": 409661,
                                                                    "cumulative_rows_scanned": 15935082,
                                                                    "operator_rows_scanned": 0,
                                                                    "operator_timing": 0.0006275569999999994,
                                                                    "result_set_size": 44243388,
                                                                    "children": [
                                                                        {
                                                                            "operator_name": "HASH_JOIN",
                                                                            "cpu_time": 5.781863419999999,
                                                                            "extra_info": {
                                                                                "Join Type": "INNER",
                                                                                "Conditions": "owneruserid = id",
                                                                                "Estimated Cardinality": "30800"
                                                                            },
                                                                            "cumulative_cardinality": 58955834,
                                                                            "operator_type": "HASH_JOIN",
                                                                            "operator_cardinality": 409661,
                                                                            "cumulative_rows_scanned": 15935082,
                                                                            "operator_rows_scanned": 0,
                                                                            "operator_timing": 0.06685865499999992,
                                                                            "result_set_size": 44243388,
                                                                            "children": [
                                                                                {
                                                                                    "operator_name": "PROJECTION",
                                                                                    "cpu_time": 3.420310313,
                                                                                    "extra_info": {
                                                                                        "Projections": [
                                                                                            "#0",
                                                                                            "#2",
                                                                                            "#3",
                                                                                            "#4"
                                                                                        ],
                                                                                        "Estimated Cardinality": "770023"
                                                                                    },
                                                                                    "cumulative_cardinality": 46548617,
                                                                                    "operator_type": "PROJECTION",
                                                                                    "operator_cardinality": 501705,
                                                                                    "cumulative_rows_scanned": 11091938,
                                                                                    "operator_rows_scanned": 0,
                                                                                    "operator_timing": 0.0002999300000000003,
                                                                                    "result_set_size": 14047740,
                                                                                    "children": [
                                                                                        {
                                                                                            "operator_name": "FILTER",
                                                                                            "cpu_time": 3.4200103829999997,
                                                                                            "extra_info": {
                                                                                                "Expression": "(CommentCount >= 5)",
                                                                                                "Estimated Cardinality": "770023"
                                                                                            },
                                                                                            "cumulative_cardinality": 46046912,
                                                                                            "operator_type": "FILTER",
                                                                                            "operator_cardinality": 501705,
                                                                                            "cumulative_rows_scanned": 11091938,
                                                                                            "operator_rows_scanned": 0,
                                                                                            "operator_timing": 0.0057923570000000335,
                                                                                            "result_set_size": 20068200,
                                                                                            "children": [
                                                                                                {
                                                                                                    "operator_name": "PROJECTION",
                                                                                                    "cpu_time": 3.4142180259999995,
                                                                                                    "extra_info": {
                                                                                                        "Projections": [
                                                                                                            "#0",
                                                                                                            "#1",
                                                                                                            "__internal_decompress_integral_integer(#2, -72)",
                                                                                                            "#3",
                                                                                                            "#4",
                                                                                                            "#5"
                                                                                                        ],
                                                                                                        "Estimated Cardinality": "3850116"
                                                                                                    },
                                                                                                    "cumulative_cardinality": 45545207,
                                                                                                    "operator_type": "PROJECTION",
                                                                                                    "operator_cardinality": 3845457,
                                                                                                    "cumulative_rows_scanned": 11091938,
                                                                                                    "operator_rows_scanned": 0,
                                                                                                    "operator_timing": 0.0014891810000000093,
                                                                                                    "result_set_size": 153818280,
                                                                                                    "children": [
                                                                                                        {
                                                                                                            "operator_name": "HASH_GROUP_BY",
                                                                                                            "cpu_time": 3.4127288449999993,
                                                                                                            "extra_info": {
                                                                                                                "Groups": [
                                                                                                                    "#0",
                                                                                                                    "#1",
                                                                                                                    "#2",
                                                                                                                    "#3",
                                                                                                                    "#4"
                                                                                                                ],
                                                                                                                "Aggregates": "count(#5)",
                                                                                                                "Estimated Cardinality": "3850116"
                                                                                                            },
                                                                                                            "cumulative_cardinality": 41699750,
                                                                                                            "operator_type": "HASH_GROUP_BY",
                                                                                                            "operator_cardinality": 3845457,
                                                                                                            "cumulative_rows_scanned": 11091938,
                                                                                                            "operator_rows_scanned": 0,
                                                                                                            "operator_timing": 1.5580806430000018,
                                                                                                            "result_set_size": 146127366,
                                                                                                            "children": [
                                                                                                                {
                                                                                                                    "operator_name": "PROJECTION",
                                                                                                                    "cpu_time": 1.8546482019999975,
                                                                                                                    "extra_info": {
                                                                                                                        "Projections": [
                                                                                                                            "owneruserid",
                                                                                                                            "id",
                                                                                                                            "score",
                                                                                                                            "viewcount",
                                                                                                                            "title",
                                                                                                                            "id"
                                                                                                                        ],
                                                                                                                        "Estimated Cardinality": "7241822"
                                                                                                                    },
                                                                                                                    "cumulative_cardinality": 37854293,
                                                                                                                    "operator_type": "PROJECTION",
                                                                                                                    "operator_cardinality": 8922338,
                                                                                                                    "cumulative_rows_scanned": 11091938,
                                                                                                                    "operator_rows_scanned": 0,
                                                                                                                    "operator_timing": 0.0017060359999999987,
                                                                                                                    "result_set_size": 303359492,
                                                                                                                    "children": [
                                                                                                                        {
                                                                                                                            "operator_name": "PROJECTION",
                                                                                                                            "cpu_time": 1.8529421659999974,
                                                                                                                            "extra_info": {
                                                                                                                                "Projections": [
                                                                                                                                    "#0",
                                                                                                                                    "#1",
                                                                                                                                    "__internal_compress_integral_usmallint(#2, -72)",
                                                                                                                                    "#3",
                                                                                                                                    "#4",
                                                                                                                                    "#5"
                                                                                                                                ],
                                                                                                                                "Estimated Cardinality": "7241822"
                                                                                                                            },
                                                                                                                            "cumulative_cardinality": 28931955,
                                                                                                                            "operator_type": "PROJECTION",
                                                                                                                            "operator_cardinality": 8922338,
                                                                                                                            "cumulative_rows_scanned": 11091938,
                                                                                                                            "operator_rows_scanned": 0,
                                                                                                                            "operator_timing": 0.004383405999999997,
                                                                                                                            "result_set_size": 303359492,
                                                                                                                            "children": [
                                                                                                                                {
                                                                                                                                    "operator_name": "HASH_JOIN",
                                                                                                                                    "cpu_time": 1.8485587599999973,
                                                                                                                                    "extra_info": {
                                                                                                                                        "Join Type": "RIGHT",
                                                                                                                                        "Conditions": "postid = id",
                                                                                                                                        "Estimated Cardinality": "7241822"
                                                                                                                                    },
                                                                                                                                    "cumulative_cardinality": 20009617,
                                                                                                                                    "operator_type": "HASH_JOIN",
                                                                                                                                    "operator_cardinality": 8922338,
                                                                                                                                    "cumulative_rows_scanned": 11091938,
                                                                                                                                    "operator_rows_scanned": 0,
                                                                                                                                    "operator_timing": 1.0103316359999974,
                                                                                                                                    "result_set_size": 321204168,
                                                                                                                                    "children": [
                                                                                                                                        {
                                                                                                                                            "operator_name": "READ_PARQUET ",
                                                                                                                                            "cpu_time": 0.14731641700000034,
                                                                                                                                            "extra_info": {
                                                                                                                                                "Function": "READ_PARQUET",
                                                                                                                                                "Projections": [
                                                                                                                                                    "id",
                                                                                                                                                    "postid"
                                                                                                                                                ],
                                                                                                                                                "Estimated Cardinality": "7241822"
                                                                                                                                            },
                                                                                                                                            "cumulative_cardinality": 7241822,
                                                                                                                                            "operator_type": "TABLE_SCAN",
                                                                                                                                            "operator_cardinality": 7241822,
                                                                                                                                            "cumulative_rows_scanned": 7241822,
                                                                                                                                            "operator_rows_scanned": 7241822,
                                                                                                                                            "operator_timing": 0.14731641700000034,
                                                                                                                                            "result_set_size": 57934576,
                                                                                                                                            "children": []
                                                                                                                                        },
                                                                                                                                        {
                                                                                                                                            "operator_name": "READ_PARQUET ",
                                                                                                                                            "cpu_time": 0.6909107069999995,
                                                                                                                                            "extra_info": {
                                                                                                                                                "Function": "READ_PARQUET",
                                                                                                                                                "Projections": [
                                                                                                                                                    "id",
                                                                                                                                                    "score",
                                                                                                                                                    "viewcount",
                                                                                                                                                    "owneruserid",
                                                                                                                                                    "title"
                                                                                                                                                ],
                                                                                                                                                "Filters": "posttypeid>=1 AND posttypeid<=2",
                                                                                                                                                "Estimated Cardinality": "770023"
                                                                                                                                            },
                                                                                                                                            "cumulative_cardinality": 3845457,
                                                                                                                                            "operator_type": "TABLE_SCAN",
                                                                                                                                            "operator_cardinality": 3845457,
                                                                                                                                            "cumulative_rows_scanned": 3850116,
                                                                                                                                            "operator_rows_scanned": 3850116,
                                                                                                                                            "operator_timing": 0.6909107069999995,
                                                                                                                                            "result_set_size": 123054624,
                                                                                                                                            "children": []
                                                                                                                                        }
                                                                                                                                    ]
                                                                                                                                }
                                                                                                                            ]
                                                                                                                        }
                                                                                                                    ]
                                                                                                                }
                                                                                                            ]
                                                                                                        }
                                                                                                    ]
                                                                                                }
                                                                                            ]
                                                                                        }
                                                                                    ]
                                                                                },
                                                                                {
                                                                                    "operator_name": "FILTER",
                                                                                    "cpu_time": 2.2946944519999994,
                                                                                    "extra_info": {
                                                                                        "Expression": "(id <= 1416539)",
                                                                                        "Estimated Cardinality": "50428"
                                                                                    },
                                                                                    "cumulative_cardinality": 11997556,
                                                                                    "operator_type": "FILTER",
                                                                                    "operator_cardinality": 172088,
                                                                                    "cumulative_rows_scanned": 4843144,
                                                                                    "operator_rows_scanned": 0,
                                                                                    "operator_timing": 0.000667058,
                                                                                    "result_set_size": 15143744,
                                                                                    "children": [
                                                                                        {
                                                                                            "operator_name": "HASH_JOIN",
                                                                                            "cpu_time": 2.2940273939999996,
                                                                                            "extra_info": {
                                                                                                "Join Type": "INNER",
                                                                                                "Conditions": "UserId = id",
                                                                                                "Estimated Cardinality": "50428"
                                                                                            },
                                                                                            "cumulative_cardinality": 11825468,
                                                                                            "operator_type": "HASH_JOIN",
                                                                                            "operator_cardinality": 172088,
                                                                                            "cumulative_rows_scanned": 4843144,
                                                                                            "operator_rows_scanned": 0,
                                                                                            "operator_timing": 0.042420532999999976,
                                                                                            "result_set_size": 15143744,
                                                                                            "children": [
                                                                                                {
                                                                                                    "operator_name": "FILTER",
                                                                                                    "cpu_time": 2.1639525409999996,
                                                                                                    "extra_info": {
                                                                                                        "Expression": "(BadgeCount > 0)",
                                                                                                        "Estimated Cardinality": "252142"
                                                                                                    },
                                                                                                    "cumulative_cardinality": 11458991,
                                                                                                    "operator_type": "FILTER",
                                                                                                    "operator_cardinality": 549021,
                                                                                                    "cumulative_rows_scanned": 3582434,
                                                                                                    "operator_rows_scanned": 0,
                                                                                                    "operator_timing": 0.0034348120000000032,
                                                                                                    "result_set_size": 32941260,
                                                                                                    "children": [
                                                                                                        {
                                                                                                            "operator_name": "HASH_GROUP_BY",
                                                                                                            "cpu_time": 2.1605177289999995,
                                                                                                            "extra_info": {
                                                                                                                "Groups": "#0",
                                                                                                                "Aggregates": [
                                                                                                                    "count(#1)",
                                                                                                                    "sum(#2)",
                                                                                                                    "sum(#3)",
                                                                                                                    "sum(#4)"
                                                                                                                ],
                                                                                                                "Estimated Cardinality": "1260710"
                                                                                                            },
                                                                                                            "cumulative_cardinality": 10909970,
                                                                                                            "operator_type": "HASH_GROUP_BY",
                                                                                                            "operator_cardinality": 1260710,
                                                                                                            "cumulative_rows_scanned": 3582434,
                                                                                                            "operator_rows_scanned": 0,
                                                                                                            "operator_timing": 0.6400530300000006,
                                                                                                            "result_set_size": 75642600,
                                                                                                            "children": [
                                                                                                                {
                                                                                                                    "operator_name": "PROJECTION",
                                                                                                                    "cpu_time": 1.5204646989999988,
                                                                                                                    "extra_info": {
                                                                                                                        "Projections": [
                                                                                                                            "id",
                                                                                                                            "id",
                                                                                                                            "CASE  WHEN ((class = 1)) THEN (1) ELSE 0 END",
                                                                                                                            "CASE  WHEN ((class = 2)) THEN (1) ELSE 0 END",
                                                                                                                            "CASE  WHEN ((class = 3)) THEN (1) ELSE 0 END"
                                                                                                                        ],
                                                                                                                        "Estimated Cardinality": "2321724"
                                                                                                                    },
                                                                                                                    "cumulative_cardinality": 9649260,
                                                                                                                    "operator_type": "PROJECTION",
                                                                                                                    "operator_cardinality": 3033413,
                                                                                                                    "cumulative_rows_scanned": 3582434,
                                                                                                                    "operator_rows_scanned": 0,
                                                                                                                    "operator_timing": 0.031837341,
                                                                                                                    "result_set_size": 60668260,
                                                                                                                    "children": [
                                                                                                                        {
                                                                                                                            "operator_name": "HASH_JOIN",
                                                                                                                            "cpu_time": 1.488627357999999,
                                                                                                                            "extra_info": {
                                                                                                                                "Join Type": "RIGHT",
                                                                                                                                "Conditions": "userid = id",
                                                                                                                                "Estimated Cardinality": "2321724"
                                                                                                                            },
                                                                                                                            "cumulative_cardinality": 6615847,
                                                                                                                            "operator_type": "HASH_JOIN",
                                                                                                                            "operator_cardinality": 3033413,
                                                                                                                            "cumulative_rows_scanned": 3582434,
                                                                                                                            "operator_rows_scanned": 0,
                                                                                                                            "operator_timing": 0.25478779599999973,
                                                                                                                            "result_set_size": 30334130,
                                                                                                                            "children": [
                                                                                                                                {
                                                                                                                                    "operator_name": "READ_PARQUET ",
                                                                                                                                    "cpu_time": 1.226359479999999,
                                                                                                                                    "extra_info": {
                                                                                                                                        "Function": "READ_PARQUET",
                                                                                                                                        "Projections": [
                                                                                                                                            "id",
                                                                                                                                            "userid",
                                                                                                                                            "class"
                                                                                                                                        ],
                                                                                                                                        "Estimated Cardinality": "2321724"
                                                                                                                                    },
                                                                                                                                    "cumulative_cardinality": 2321724,
                                                                                                                                    "operator_type": "TABLE_SCAN",
                                                                                                                                    "operator_cardinality": 2321724,
                                                                                                                                    "cumulative_rows_scanned": 2321724,
                                                                                                                                    "operator_rows_scanned": 2321724,
                                                                                                                                    "operator_timing": 1.226359479999999,
                                                                                                                                    "result_set_size": 23217240,
                                                                                                                                    "children": []
                                                                                                                                },
                                                                                                                                {
                                                                                                                                    "operator_name": "READ_PARQUET ",
                                                                                                                                    "cpu_time": 0.007480082000000015,
                                                                                                                                    "extra_info": {
                                                                                                                                        "Function": "READ_PARQUET",
                                                                                                                                        "Projections": "id",
                                                                                                                                        "Estimated Cardinality": "1260710"
                                                                                                                                    },
                                                                                                                                    "cumulative_cardinality": 1260710,
                                                                                                                                    "operator_type": "TABLE_SCAN",
                                                                                                                                    "operator_cardinality": 1260710,
                                                                                                                                    "cumulative_rows_scanned": 1260710,
                                                                                                                                    "operator_rows_scanned": 1260710,
                                                                                                                                    "operator_timing": 0.007480082000000015,
                                                                                                                                    "result_set_size": 5042840,
                                                                                                                                    "children": []
                                                                                                                                }
                                                                                                                            ]
                                                                                                                        }
                                                                                                                    ]
                                                                                                                }
                                                                                                            ]
                                                                                                        }
                                                                                                    ]
                                                                                                },
                                                                                                {
                                                                                                    "operator_name": "READ_PARQUET ",
                                                                                                    "cpu_time": 0.08765432000000005,
                                                                                                    "extra_info": {
                                                                                                        "Function": "READ_PARQUET",
                                                                                                        "Projections": [
                                                                                                            "id",
                                                                                                            "reputation",
                                                                                                            "creationdate",
                                                                                                            "displayname"
                                                                                                        ],
                                                                                                        "Filters": "reputation>100",
                                                                                                        "Estimated Cardinality": "252142"
                                                                                                    },
                                                                                                    "cumulative_cardinality": 194389,
                                                                                                    "operator_type": "TABLE_SCAN",
                                                                                                    "operator_cardinality": 194389,
                                                                                                    "cumulative_rows_scanned": 1260710,
                                                                                                    "operator_rows_scanned": 1260710,
                                                                                                    "operator_timing": 0.08765432000000005,
                                                                                                    "result_set_size": 6220448,
                                                                                                    "children": []
                                                                                                }
                                                                                            ]
                                                                                        }
                                                                                    ]
                                                                                }
                                                                            ]
                                                                        }
                                                                    ]
                                                                }
                                                            ]
                                                        }
                                                    ]
                                                }
                                            ]
                                        }
                                    ]
                                }
                            ]
                        }
                    ]
                }
            ]
        }
    ]
}