{
    "rows_returned": 5096,
    "query_name": "WITH RankedUsers AS (\n    SELECT \n        U.Id,\n        U.DisplayName,\n        U.Reputation,\n        U.Views,\n        U.UpVotes,\n        U.DownVotes,\n        ROW_NUMBER() OVER (ORDER BY U.Reputation DESC) AS Rank\n    FROM \n        Users U\n    WHERE \n        U.Reputation >= 1000\n),\nRecentPosts AS (\n    SELECT \n        P.Id AS PostId,\n        P.Title,\n        P.CreationDate,\n        P.OwnerUserId,\n        P.Score,\n        P.ViewCount,\n        P.CommentCount,\n        STRING_AGG(T.TagName, ', ') AS Tags\n    FROM \n        Posts P\n    JOIN \n        Tags T ON POSITION(T.TagName IN P.Tags) > 0\n    WHERE \n        P.CreationDate > cast('2024-10-01 12:34:56' as timestamp) - INTERVAL '1 month'\n    GROUP BY \n        P.Id,\n        P.Title,\n        P.CreationDate,\n        P.OwnerUserId,\n        P.Score,\n        P.ViewCount,\n        P.CommentCount\n),\nPostStatistics AS (\n    SELECT \n        RP.PostId,\n        RP.Title,\n        RP.CreationDate,\n        RP.OwnerUserId,\n        RU.DisplayName AS OwnerDisplayName,\n        RP.Score,\n        RP.ViewCount,\n        RP.CommentCount,\n        RP.Tags,\n        COALESCE(AVG(C.Score), 0) AS AverageCommentScore,\n        COUNT(DISTINCT C.Id) AS TotalComments,\n        COUNT(DISTINCT PH.Id) AS EditCount\n    FROM \n        RecentPosts RP\n    LEFT JOIN \n        Comments C ON C.PostId = RP.PostId\n    LEFT JOIN \n        PostHistory PH ON PH.PostId = RP.PostId AND PH.PostHistoryTypeId IN (4, 5, 6)\n    LEFT JOIN \n        RankedUsers RU ON RP.OwnerUserId = RU.Id\n    GROUP BY \n        RP.PostId, RP.Title, RP.CreationDate, RP.OwnerUserId, RU.DisplayName, RP.Score, RP.ViewCount, RP.CommentCount, RP.Tags\n)\nSELECT \n    PS.PostId,\n    PS.Title,\n    PS.CreationDate,\n    PS.OwnerDisplayName,\n    PS.Score,\n    PS.ViewCount,\n    PS.CommentCount,\n    PS.Tags,\n    PS.AverageCommentScore,\n    PS.TotalComments,\n    PS.EditCount\nFROM \n    PostStatistics PS\nORDER BY \n    PS.Score DESC, PS.ViewCount DESC, PS.TotalComments DESC;",
    "blocked_thread_time": 0.0,
    "cpu_time": 1.2285617800000015,
    "extra_info": {},
    "cumulative_cardinality": 4165590,
    "cumulative_rows_scanned": 24149868,
    "result_set_size": 489216,
    "latency": 1.363397314,
    "children": [
        {
            "operator_name": "PROJECTION",
            "cpu_time": 1.2285617800000015,
            "extra_info": {
                "Projections": [
                    "#0",
                    "#1",
                    "#2",
                    "#3",
                    "__internal_decompress_integral_integer(#4, -72)",
                    "#5",
                    "__internal_decompress_integral_integer(#6, 0)",
                    "#7",
                    "#8",
                    "#9",
                    "#10"
                ],
                "Estimated Cardinality": "3850116"
            },
            "cumulative_cardinality": 4165590,
            "operator_type": "PROJECTION",
            "operator_cardinality": 5096,
            "cumulative_rows_scanned": 24149868,
            "operator_rows_scanned": 0,
            "operator_timing": 0.000005941,
            "result_set_size": 489216,
            "children": [
                {
                    "operator_name": "ORDER_BY",
                    "cpu_time": 1.2285558390000015,
                    "extra_info": {
                        "Order By": [
                            "PS.Score DESC",
                            "PS.ViewCount DESC",
                            "PS.TotalComments DESC"
                        ]
                    },
                    "cumulative_cardinality": 4160494,
                    "operator_type": "ORDER_BY",
                    "operator_cardinality": 5096,
                    "cumulative_rows_scanned": 24149868,
                    "operator_rows_scanned": 0,
                    "operator_timing": 0.0005014279999999999,
                    "result_set_size": 463736,
                    "children": [
                        {
                            "operator_name": "PROJECTION",
                            "cpu_time": 1.2280544110000016,
                            "extra_info": {
                                "Projections": [
                                    "#0",
                                    "#1",
                                    "#2",
                                    "#3",
                                    "__internal_compress_integral_usmallint(#4, -72)",
                                    "#5",
                                    "__internal_compress_integral_utinyint(#6, 0)",
                                    "#7",
                                    "#8",
                                    "#9",
                                    "#10"
                                ],
                                "Estimated Cardinality": "3850116"
                            },
                            "cumulative_cardinality": 4155398,
                            "operator_type": "PROJECTION",
                            "operator_cardinality": 5096,
                            "cumulative_rows_scanned": 24149868,
                            "operator_rows_scanned": 0,
                            "operator_timing": 0.000004829,
                            "result_set_size": 463736,
                            "children": [
                                {
                                    "operator_name": "PROJECTION",
                                    "cpu_time": 1.2280495820000015,
                                    "extra_info": {
                                        "Projections": [
                                            "PostId",
                                            "title",
                                            "creationdate",
                                            "OwnerDisplayName",
                                            "score",
                                            "viewcount",
                                            "commentcount",
                                            "Tags",
                                            "AverageCommentScore",
                                            "TotalComments",
                                            "EditCount"
                                        ],
                                        "Estimated Cardinality": "3850116"
                                    },
                                    "cumulative_cardinality": 4150302,
                                    "operator_type": "PROJECTION",
                                    "operator_cardinality": 5096,
                                    "cumulative_rows_scanned": 24149868,
                                    "operator_rows_scanned": 0,
                                    "operator_timing": 0.000047418,
                                    "result_set_size": 489216,
                                    "children": [
                                        {
                                            "operator_name": "PROJECTION",
                                            "cpu_time": 1.2280021640000014,
                                            "extra_info": {
                                                "Projections": [
                                                    "#0",
                                                    "#1",
                                                    "#2",
                                                    "#3",
                                                    "#4",
                                                    "__internal_decompress_integral_integer(#5, -72)",
                                                    "#6",
                                                    "__internal_decompress_integral_integer(#7, 0)",
                                                    "#8",
                                                    "#9",
                                                    "#10",
                                                    "#11"
                                                ],
                                                "Estimated Cardinality": "3850116"
                                            },
                                            "cumulative_cardinality": 4145206,
                                            "operator_type": "PROJECTION",
                                            "operator_cardinality": 5096,
                                            "cumulative_rows_scanned": 24149868,
                                            "operator_rows_scanned": 0,
                                            "operator_timing": 0.000007964,
                                            "result_set_size": 509600,
                                            "children": [
                                                {
                                                    "operator_name": "HASH_GROUP_BY",
                                                    "cpu_time": 1.2279942000000015,
                                                    "extra_info": {
                                                        "Groups": [
                                                            "#0",
                                                            "#1",
                                                            "#2",
                                                            "#3",
                                                            "#4",
                                                            "#5",
                                                            "#6",
                                                            "#7",
                                                            "#8"
                                                        ],
                                                        "Aggregates": [
                                                            "avg(#9)",
                                                            "count(DISTINCT #10)",
                                                            "count(DISTINCT #11)"
                                                        ],
                                                        "Estimated Cardinality": "3850116"
                                                    },
                                                    "cumulative_cardinality": 4140110,
                                                    "operator_type": "HASH_GROUP_BY",
                                                    "operator_cardinality": 5096,
                                                    "cumulative_rows_scanned": 24149868,
                                                    "operator_rows_scanned": 0,
                                                    "operator_timing": 0.013629614000000003,
                                                    "result_set_size": 484120,
                                                    "children": [
                                                        {
                                                            "operator_name": "PROJECTION",
                                                            "cpu_time": 1.2143645860000014,
                                                            "extra_info": {
                                                                "Projections": [
                                                                    "PostId",
                                                                    "title",
                                                                    "creationdate",
                                                                    "owneruserid",
                                                                    "displayname",
                                                                    "score",
                                                                    "viewcount",
                                                                    "commentcount",
                                                                    "Tags",
                                                                    "score",
                                                                    "id",
                                                                    "id"
                                                                ],
                                                                "Estimated Cardinality": "7241822"
                                                            },
                                                            "cumulative_cardinality": 4135014,
                                                            "operator_type": "PROJECTION",
                                                            "operator_cardinality": 36155,
                                                            "cumulative_rows_scanned": 24149868,
                                                            "operator_rows_scanned": 0,
                                                            "operator_timing": 0.00004813800000000001,
                                                            "result_set_size": 3000865,
                                                            "children": [
                                                                {
                                                                    "operator_name": "PROJECTION",
                                                                    "cpu_time": 1.2143164480000015,
                                                                    "extra_info": {
                                                                        "Projections": [
                                                                            "#0",
                                                                            "#1",
                                                                            "#2",
                                                                            "#3",
                                                                            "#4",
                                                                            "#5",
                                                                            "__internal_compress_integral_usmallint(#6, -72)",
                                                                            "#7",
                                                                            "__internal_compress_integral_utinyint(#8, 0)",
                                                                            "#9",
                                                                            "#10",
                                                                            "#11"
                                                                        ],
                                                                        "Estimated Cardinality": "7241822"
                                                                    },
                                                                    "cumulative_cardinality": 4098859,
                                                                    "operator_type": "PROJECTION",
                                                                    "operator_cardinality": 36155,
                                                                    "cumulative_rows_scanned": 24149868,
                                                                    "operator_rows_scanned": 0,
                                                                    "operator_timing": 0.000306733,
                                                                    "result_set_size": 3000865,
                                                                    "children": [
                                                                        {
                                                                            "operator_name": "HASH_JOIN",
                                                                            "cpu_time": 1.2140097150000015,
                                                                            "extra_info": {
                                                                                "Join Type": "LEFT",
                                                                                "Conditions": "owneruserid = id",
                                                                                "Estimated Cardinality": "7241822"
                                                                            },
                                                                            "cumulative_cardinality": 4062704,
                                                                            "operator_type": "HASH_JOIN",
                                                                            "operator_cardinality": 36155,
                                                                            "cumulative_rows_scanned": 24149868,
                                                                            "operator_rows_scanned": 0,
                                                                            "operator_timing": 0.002499877,
                                                                            "result_set_size": 3181640,
                                                                            "children": [
                                                                                {
                                                                                    "operator_name": "HASH_JOIN",
                                                                                    "cpu_time": 1.1569228310000015,
                                                                                    "extra_info": {
                                                                                        "Join Type": "LEFT",
                                                                                        "Conditions": "PostId = postid",
                                                                                        "Estimated Cardinality": "7241822"
                                                                                    },
                                                                                    "cumulative_cardinality": 3981669,
                                                                                    "operator_type": "HASH_JOIN",
                                                                                    "operator_cardinality": 36155,
                                                                                    "cumulative_rows_scanned": 22889158,
                                                                                    "operator_rows_scanned": 0,
                                                                                    "operator_timing": 0.185354235,
                                                                                    "result_set_size": 2603160,
                                                                                    "children": [
                                                                                        {
                                                                                            "operator_name": "HASH_JOIN",
                                                                                            "cpu_time": 0.5805839730000002,
                                                                                            "extra_info": {
                                                                                                "Join Type": "RIGHT",
                                                                                                "Conditions": "postid = PostId",
                                                                                                "Estimated Cardinality": "7241822"
                                                                                            },
                                                                                            "cumulative_cardinality": 112882,
                                                                                            "operator_type": "HASH_JOIN",
                                                                                            "operator_cardinality": 15487,
                                                                                            "cumulative_rows_scanned": 11093914,
                                                                                            "operator_rows_scanned": 0,
                                                                                            "operator_timing": 0.001624941,
                                                                                            "result_set_size": 1053116,
                                                                                            "children": [
                                                                                                {
                                                                                                    "operator_name": "READ_PARQUET ",
                                                                                                    "cpu_time": 0.017720174000000005,
                                                                                                    "extra_info": {
                                                                                                        "Function": "READ_PARQUET",
                                                                                                        "Projections": [
                                                                                                            "id",
                                                                                                            "postid",
                                                                                                            "score"
                                                                                                        ],
                                                                                                        "Estimated Cardinality": "7241822"
                                                                                                    },
                                                                                                    "cumulative_cardinality": 19485,
                                                                                                    "operator_type": "TABLE_SCAN",
                                                                                                    "operator_cardinality": 19485,
                                                                                                    "cumulative_rows_scanned": 7241822,
                                                                                                    "operator_rows_scanned": 7241822,
                                                                                                    "operator_timing": 0.017720174000000005,
                                                                                                    "result_set_size": 233820,
                                                                                                    "children": []
                                                                                                },
                                                                                                {
                                                                                                    "operator_name": "PROJECTION",
                                                                                                    "cpu_time": 0.5612388580000002,
                                                                                                    "extra_info": {
                                                                                                        "Projections": [
                                                                                                            "#0",
                                                                                                            "#1",
                                                                                                            "#2",
                                                                                                            "#3",
                                                                                                            "__internal_decompress_integral_integer(#4, -72)",
                                                                                                            "#5",
                                                                                                            "__internal_decompress_integral_integer(#6, 0)",
                                                                                                            "#7"
                                                                                                        ],
                                                                                                        "Estimated Cardinality": "385011"
                                                                                                    },
                                                                                                    "cumulative_cardinality": 77910,
                                                                                                    "operator_type": "PROJECTION",
                                                                                                    "operator_cardinality": 5096,
                                                                                                    "cumulative_rows_scanned": 3852092,
                                                                                                    "operator_rows_scanned": 0,
                                                                                                    "operator_timing": 0.000006904,
                                                                                                    "result_set_size": 305760,
                                                                                                    "children": [
                                                                                                        {
                                                                                                            "operator_name": "HASH_GROUP_BY",
                                                                                                            "cpu_time": 0.5612319540000001,
                                                                                                            "extra_info": {
                                                                                                                "Groups": [
                                                                                                                    "#0",
                                                                                                                    "#1",
                                                                                                                    "#2",
                                                                                                                    "#3",
                                                                                                                    "#4",
                                                                                                                    "#5",
                                                                                                                    "#6"
                                                                                                                ],
                                                                                                                "Aggregates": "string_agg(#7)",
                                                                                                                "Estimated Cardinality": "385011"
                                                                                                            },
                                                                                                            "cumulative_cardinality": 72814,
                                                                                                            "operator_type": "HASH_GROUP_BY",
                                                                                                            "operator_cardinality": 5096,
                                                                                                            "cumulative_rows_scanned": 3852092,
                                                                                                            "operator_rows_scanned": 0,
                                                                                                            "operator_timing": 0.0021946570000000005,
                                                                                                            "result_set_size": 280280,
                                                                                                            "children": [
                                                                                                                {
                                                                                                                    "operator_name": "PROJECTION",
                                                                                                                    "cpu_time": 0.5590372970000002,
                                                                                                                    "extra_info": {
                                                                                                                        "Projections": [
                                                                                                                            "id",
                                                                                                                            "title",
                                                                                                                            "creationdate",
                                                                                                                            "owneruserid",
                                                                                                                            "score",
                                                                                                                            "viewcount",
                                                                                                                            "commentcount",
                                                                                                                            "tagname"
                                                                                                                        ],
                                                                                                                        "Estimated Cardinality": "770023"
                                                                                                                    },
                                                                                                                    "cumulative_cardinality": 67718,
                                                                                                                    "operator_type": "PROJECTION",
                                                                                                                    "operator_cardinality": 18605,
                                                                                                                    "cumulative_rows_scanned": 3852092,
                                                                                                                    "operator_rows_scanned": 0,
                                                                                                                    "operator_timing": 0.000017724000000000002,
                                                                                                                    "result_set_size": 1023275,
                                                                                                                    "children": [
                                                                                                                        {
                                                                                                                            "operator_name": "PROJECTION",
                                                                                                                            "cpu_time": 0.5590195730000002,
                                                                                                                            "extra_info": {
                                                                                                                                "Projections": [
                                                                                                                                    "#0",
                                                                                                                                    "#1",
                                                                                                                                    "__internal_compress_integral_usmallint(#2, -72)",
                                                                                                                                    "#3",
                                                                                                                                    "#4",
                                                                                                                                    "#5",
                                                                                                                                    "#6",
                                                                                                                                    "__internal_compress_integral_utinyint(#7, 0)",
                                                                                                                                    "#8"
                                                                                                                                ],
                                                                                                                                "Estimated Cardinality": "770023"
                                                                                                                            },
                                                                                                                            "cumulative_cardinality": 49113,
                                                                                                                            "operator_type": "PROJECTION",
                                                                                                                            "operator_cardinality": 18605,
                                                                                                                            "cumulative_rows_scanned": 3852092,
                                                                                                                            "operator_rows_scanned": 0,
                                                                                                                            "operator_timing": 0.00007064900000000002,
                                                                                                                            "result_set_size": 1320955,
                                                                                                                            "children": [
                                                                                                                                {
                                                                                                                                    "operator_name": "BLOCKWISE_NL_JOIN",
                                                                                                                                    "cpu_time": 0.5589489240000002,
                                                                                                                                    "extra_info": {
                                                                                                                                        "Join Type": "INNER",
                                                                                                                                        "Condition": "(\"position\"(tags, tagname) > 0)"
                                                                                                                                    },
                                                                                                                                    "cumulative_cardinality": 30508,
                                                                                                                                    "operator_type": "BLOCKWISE_NL_JOIN",
                                                                                                                                    "operator_cardinality": 18605,
                                                                                                                                    "cumulative_rows_scanned": 3852092,
                                                                                                                                    "operator_rows_scanned": 0,
                                                                                                                                    "operator_timing": 0.4662204380000002,
                                                                                                                                    "result_set_size": 1413980,
                                                                                                                                    "children": [
                                                                                                                                        {
                                                                                                                                            "operator_name": "READ_PARQUET ",
                                                                                                                                            "cpu_time": 0.09228156,
                                                                                                                                            "extra_info": {
                                                                                                                                                "Function": "READ_PARQUET",
                                                                                                                                                "Projections": [
                                                                                                                                                    "id",
                                                                                                                                                    "creationdate",
                                                                                                                                                    "score",
                                                                                                                                                    "viewcount",
                                                                                                                                                    "owneruserid",
                                                                                                                                                    "title",
                                                                                                                                                    "tags",
                                                                                                                                                    "commentcount"
                                                                                                                                                ],
                                                                                                                                                "Filters": "creationdate>'2024-09-01 12:34:56'::TIMESTAMP",
                                                                                                                                                "Estimated Cardinality": "770023"
                                                                                                                                            },
                                                                                                                                            "cumulative_cardinality": 9927,
                                                                                                                                            "operator_type": "TABLE_SCAN",
                                                                                                                                            "operator_cardinality": 9927,
                                                                                                                                            "cumulative_rows_scanned": 3850116,
                                                                                                                                            "operator_rows_scanned": 3850116,
                                                                                                                                            "operator_timing": 0.09228156,
                                                                                                                                            "result_set_size": 595620,
                                                                                                                                            "children": []
                                                                                                                                        },
                                                                                                                                        {
                                                                                                                                            "operator_name": "READ_PARQUET ",
                                                                                                                                            "cpu_time": 0.000446926,
                                                                                                                                            "extra_info": {
                                                                                                                                                "Function": "READ_PARQUET",
                                                                                                                                                "Projections": "tagname",
                                                                                                                                                "Estimated Cardinality": "1976"
                                                                                                                                            },
                                                                                                                                            "cumulative_cardinality": 1976,
                                                                                                                                            "operator_type": "TABLE_SCAN",
                                                                                                                                            "operator_cardinality": 1976,
                                                                                                                                            "cumulative_rows_scanned": 1976,
                                                                                                                                            "operator_rows_scanned": 1976,
                                                                                                                                            "operator_timing": 0.000446926,
                                                                                                                                            "result_set_size": 31616,
                                                                                                                                            "children": []
                                                                                                                                        }
                                                                                                                                    ]
                                                                                                                                }
                                                                                                                            ]
                                                                                                                        }
                                                                                                                    ]
                                                                                                                }
                                                                                                            ]
                                                                                                        }
                                                                                                    ]
                                                                                                }
                                                                                            ]
                                                                                        },
                                                                                        {
                                                                                            "operator_name": "READ_PARQUET ",
                                                                                            "cpu_time": 0.3909846230000013,
                                                                                            "extra_info": {
                                                                                                "Function": "READ_PARQUET",
                                                                                                "Projections": [
                                                                                                    "id",
                                                                                                    "postid"
                                                                                                ],
                                                                                                "Filters": "posthistorytypeid>=4 AND posthistorytypeid<=6",
                                                                                                "Estimated Cardinality": "2359048"
                                                                                            },
                                                                                            "cumulative_cardinality": 3832632,
                                                                                            "operator_type": "TABLE_SCAN",
                                                                                            "operator_cardinality": 3832632,
                                                                                            "cumulative_rows_scanned": 11795244,
                                                                                            "operator_rows_scanned": 11795244,
                                                                                            "operator_timing": 0.3909846230000013,
                                                                                            "result_set_size": 30661056,
                                                                                            "children": []
                                                                                        }
                                                                                    ]
                                                                                },
                                                                                {
                                                                                    "operator_name": "PROJECTION",
                                                                                    "cpu_time": 0.054587007,
                                                                                    "extra_info": {
                                                                                        "Projections": [
                                                                                            "id",
                                                                                            "displayname"
                                                                                        ],
                                                                                        "Estimated Cardinality": "252142"
                                                                                    },
                                                                                    "cumulative_cardinality": 44880,
                                                                                    "operator_type": "PROJECTION",
                                                                                    "operator_cardinality": 11220,
                                                                                    "cumulative_rows_scanned": 1260710,
                                                                                    "operator_rows_scanned": 0,
                                                                                    "operator_timing": 8.31e-7,
                                                                                    "result_set_size": 224400,
                                                                                    "children": [
                                                                                        {
                                                                                            "operator_name": "PROJECTION",
                                                                                            "cpu_time": 0.054586176,
                                                                                            "extra_info": {
                                                                                                "Projections": [
                                                                                                    "#0",
                                                                                                    "#1",
                                                                                                    "#2",
                                                                                                    "#3"
                                                                                                ],
                                                                                                "Estimated Cardinality": "252142"
                                                                                            },
                                                                                            "cumulative_cardinality": 33660,
                                                                                            "operator_type": "PROJECTION",
                                                                                            "operator_cardinality": 11220,
                                                                                            "cumulative_rows_scanned": 1260710,
                                                                                            "operator_rows_scanned": 0,
                                                                                            "operator_timing": 0.000001613,
                                                                                            "result_set_size": 359040,
                                                                                            "children": [
                                                                                                {
                                                                                                    "operator_name": "WINDOW",
                                                                                                    "cpu_time": 0.054584563,
                                                                                                    "extra_info": {
                                                                                                        "Projections": "ROW_NUMBER() OVER (ORDER BY reputation DESC NULLS LAST)"
                                                                                                    },
                                                                                                    "cumulative_cardinality": 22440,
                                                                                                    "operator_type": "WINDOW",
                                                                                                    "operator_cardinality": 11220,
                                                                                                    "cumulative_rows_scanned": 1260710,
                                                                                                    "operator_rows_scanned": 0,
                                                                                                    "operator_timing": 0.0014767419999999994,
                                                                                                    "result_set_size": 359040,
                                                                                                    "children": [
                                                                                                        {
                                                                                                            "operator_name": "READ_PARQUET ",
                                                                                                            "cpu_time": 0.053107821000000006,
                                                                                                            "extra_info": {
                                                                                                                "Function": "READ_PARQUET",
                                                                                                                "Projections": [
                                                                                                                    "id",
                                                                                                                    "reputation",
                                                                                                                    "displayname"
                                                                                                                ],
                                                                                                                "Filters": "reputation>=1000",
                                                                                                                "Estimated Cardinality": "252142"
                                                                                                            },
                                                                                                            "cumulative_cardinality": 11220,
                                                                                                            "operator_type": "TABLE_SCAN",
                                                                                                            "operator_cardinality": 11220,
                                                                                                            "cumulative_rows_scanned": 1260710,
                                                                                                            "operator_rows_scanned": 1260710,
                                                                                                            "operator_timing": 0.053107821000000006,
                                                                                                            "result_set_size": 269280,
                                                                                                            "children": []
                                                                                                        }
                                                                                                    ]
                                                                                                }
                                                                                            ]
                                                                                        }
                                                                                    ]
                                                                                }
                                                                            ]
                                                                        }
                                                                    ]
                                                                }
                                                            ]
                                                        }
                                                    ]
                                                }
                                            ]
                                        }
                                    ]
                                }
                            ]
                        }
                    ]
                }
            ]
        }
    ]
}