{
    "rows_returned": 50,
    "query_name": "WITH PostTagCounts AS (\n    SELECT \n        p.Id AS PostId,\n        p.Title,\n        unnest(string_to_array(substring(p.Tags, 2, length(p.Tags)-2), '><')) AS Tag\n    FROM \n        Posts p\n    WHERE \n        p.PostTypeId = 1\n), \nTagStatistics AS (\n    SELECT \n        Tag, \n        COUNT(*) AS TagCount,\n        COUNT(DISTINCT pt.PostId) AS PostCount\n    FROM \n        PostTagCounts pt\n    GROUP BY \n        Tag\n    ORDER BY \n        TagCount DESC\n    LIMIT 10\n), \nRecentVotes AS (\n    SELECT \n        v.PostId, \n        COUNT(v.Id) AS VoteCount, \n        MAX(v.CreationDate) AS LastVoteDate\n    FROM \n        Votes v\n    WHERE \n        v.CreationDate >= cast('2024-10-01 12:34:56' as timestamp) - INTERVAL '30 days'\n    GROUP BY \n        v.PostId\n), \nPopularPosts AS (\n    SELECT \n        p.Id, \n        p.Title, \n        p.ViewCount, \n        p.AnswerCount\n    FROM \n        Posts p\n    JOIN \n        RecentVotes rv ON p.Id = rv.PostId\n    WHERE \n        p.PostTypeId = 1\n    ORDER BY \n        rv.VoteCount DESC, \n        p.ViewCount DESC\n    LIMIT 5\n)\nSELECT \n    pp.Title AS PopularPostTitle,\n    pp.ViewCount,\n    pp.AnswerCount,\n    ts.Tag AS TopTag,\n    ts.TagCount\nFROM \n    PopularPosts pp\nJOIN \n    TagStatistics ts ON ts.PostCount >= 1\nORDER BY \n    pp.ViewCount DESC, \n    ts.TagCount DESC;",
    "blocked_thread_time": 0.0,
    "cpu_time": 11.543199074998142,
    "extra_info": {},
    "cumulative_cardinality": 17316293,
    "cumulative_rows_scanned": 20444325,
    "result_set_size": 2400,
    "latency": 18.688710989,
    "children": [
        {
            "operator_name": "PROJECTION",
            "cpu_time": 11.543199074998142,
            "extra_info": {
                "Projections": [
                    "#0",
                    "#1",
                    "__internal_decompress_integral_integer(#2, 0)",
                    "#3",
                    "#4"
                ],
                "Estimated Cardinality": "50"
            },
            "cumulative_cardinality": 17316293,
            "operator_type": "PROJECTION",
            "operator_cardinality": 50,
            "cumulative_rows_scanned": 20444325,
            "operator_rows_scanned": 0,
            "operator_timing": 0.000001954,
            "result_set_size": 2400,
            "children": [
                {
                    "operator_name": "ORDER_BY",
                    "cpu_time": 11.543197120998142,
                    "extra_info": {
                        "Order By": [
                            "pp.ViewCount DESC",
                            "ts.TagCount DESC"
                        ]
                    },
                    "cumulative_cardinality": 17316243,
                    "operator_type": "ORDER_BY",
                    "operator_cardinality": 50,
                    "cumulative_rows_scanned": 20444325,
                    "operator_rows_scanned": 0,
                    "operator_timing": 0.000086702,
                    "result_set_size": 2250,
                    "children": [
                        {
                            "operator_name": "PROJECTION",
                            "cpu_time": 11.543110418998141,
                            "extra_info": {
                                "Projections": [
                                    "#0",
                                    "#1",
                                    "__internal_compress_integral_utinyint(#2, 0)",
                                    "#3",
                                    "#4"
                                ],
                                "Estimated Cardinality": "50"
                            },
                            "cumulative_cardinality": 17316193,
                            "operator_type": "PROJECTION",
                            "operator_cardinality": 50,
                            "cumulative_rows_scanned": 20444325,
                            "operator_rows_scanned": 0,
                            "operator_timing": 0.000004018,
                            "result_set_size": 2250,
                            "children": [
                                {
                                    "operator_name": "PROJECTION",
                                    "cpu_time": 11.543106400998141,
                                    "extra_info": {
                                        "Projections": [
                                            "PopularPostTitle",
                                            "viewcount",
                                            "answercount",
                                            "TopTag",
                                            "TagCount"
                                        ],
                                        "Estimated Cardinality": "50"
                                    },
                                    "cumulative_cardinality": 17316143,
                                    "operator_type": "PROJECTION",
                                    "operator_cardinality": 50,
                                    "cumulative_rows_scanned": 20444325,
                                    "operator_rows_scanned": 0,
                                    "operator_timing": 0.000001504,
                                    "result_set_size": 2400,
                                    "children": [
                                        {
                                            "operator_name": "CROSS_PRODUCT",
                                            "cpu_time": 11.543104896998141,
                                            "extra_info": {},
                                            "cumulative_cardinality": 17316093,
                                            "operator_type": "CROSS_PRODUCT",
                                            "operator_cardinality": 50,
                                            "cumulative_rows_scanned": 20444325,
                                            "operator_rows_scanned": 0,
                                            "operator_timing": 0.000039423,
                                            "result_set_size": 2400,
                                            "children": [
                                                {
                                                    "operator_name": "PROJECTION",
                                                    "cpu_time": 10.250308666998142,
                                                    "extra_info": {
                                                        "Projections": [
                                                            "#0",
                                                            "#1"
                                                        ],
                                                        "Estimated Cardinality": "10"
                                                    },
                                                    "cumulative_cardinality": 13806441,
                                                    "operator_type": "PROJECTION",
                                                    "operator_cardinality": 10,
                                                    "cumulative_rows_scanned": 3850116,
                                                    "operator_rows_scanned": 0,
                                                    "operator_timing": 2.4e-7,
                                                    "result_set_size": 240,
                                                    "children": [
                                                        {
                                                            "operator_name": "FILTER",
                                                            "cpu_time": 10.250308426998142,
                                                            "extra_info": {
                                                                "Expression": "(PostCount >= 1)",
                                                                "Estimated Cardinality": "10"
                                                            },
                                                            "cumulative_cardinality": 13806431,
                                                            "operator_type": "FILTER",
                                                            "operator_cardinality": 10,
                                                            "cumulative_rows_scanned": 3850116,
                                                            "operator_rows_scanned": 0,
                                                            "operator_timing": 0.000004799,
                                                            "result_set_size": 320,
                                                            "children": [
                                                                {
                                                                    "operator_name": "STREAMING_LIMIT",
                                                                    "cpu_time": 10.250303627998143,
                                                                    "extra_info": {},
                                                                    "cumulative_cardinality": 13806421,
                                                                    "operator_type": "STREAMING_LIMIT",
                                                                    "operator_cardinality": 10,
                                                                    "cumulative_rows_scanned": 3850116,
                                                                    "operator_rows_scanned": 0,
                                                                    "operator_timing": 0.000001533,
                                                                    "result_set_size": 320,
                                                                    "children": [
                                                                        {
                                                                            "operator_name": "ORDER_BY",
                                                                            "cpu_time": 10.250302094998142,
                                                                            "extra_info": {
                                                                                "Order By": "count_star() DESC"
                                                                            },
                                                                            "cumulative_cardinality": 13806411,
                                                                            "operator_type": "ORDER_BY",
                                                                            "operator_cardinality": 1976,
                                                                            "cumulative_rows_scanned": 3850116,
                                                                            "operator_rows_scanned": 0,
                                                                            "operator_timing": 0.000106389,
                                                                            "result_set_size": 63232,
                                                                            "children": [
                                                                                {
                                                                                    "operator_name": "HASH_GROUP_BY",
                                                                                    "cpu_time": 10.250195705998141,
                                                                                    "extra_info": {
                                                                                        "Groups": "#0",
                                                                                        "Aggregates": [
                                                                                            "count_star()",
                                                                                            "count(DISTINCT #1)"
                                                                                        ],
                                                                                        "Estimated Cardinality": "385011"
                                                                                    },
                                                                                    "cumulative_cardinality": 13804435,
                                                                                    "operator_type": "HASH_GROUP_BY",
                                                                                    "operator_cardinality": 1976,
                                                                                    "cumulative_rows_scanned": 3850116,
                                                                                    "operator_rows_scanned": 0,
                                                                                    "operator_timing": 6.804092371000739,
                                                                                    "result_set_size": 63232,
                                                                                    "children": [
                                                                                        {
                                                                                            "operator_name": "PROJECTION",
                                                                                            "cpu_time": 3.4461033349974013,
                                                                                            "extra_info": {
                                                                                                "Projections": [
                                                                                                    "Tag",
                                                                                                    "PostId"
                                                                                                ],
                                                                                                "Estimated Cardinality": "770023"
                                                                                            },
                                                                                            "cumulative_cardinality": 13802459,
                                                                                            "operator_type": "PROJECTION",
                                                                                            "operator_cardinality": 4044765,
                                                                                            "cumulative_rows_scanned": 3850116,
                                                                                            "operator_rows_scanned": 0,
                                                                                            "operator_timing": 0.17938199600078658,
                                                                                            "result_set_size": 80895300,
                                                                                            "children": [
                                                                                                {
                                                                                                    "operator_name": "PROJECTION",
                                                                                                    "cpu_time": 3.2667213389966148,
                                                                                                    "extra_info": {
                                                                                                        "Projections": [
                                                                                                            "PostId",
                                                                                                            "Tag"
                                                                                                        ],
                                                                                                        "Estimated Cardinality": "770023"
                                                                                                    },
                                                                                                    "cumulative_cardinality": 9757694,
                                                                                                    "operator_type": "PROJECTION",
                                                                                                    "operator_cardinality": 4044765,
                                                                                                    "cumulative_rows_scanned": 3850116,
                                                                                                    "operator_rows_scanned": 0,
                                                                                                    "operator_timing": 0.19707185499858496,
                                                                                                    "result_set_size": 80895300,
                                                                                                    "children": [
                                                                                                        {
                                                                                                            "operator_name": "UNNEST",
                                                                                                            "cpu_time": 3.0696494839980297,
                                                                                                            "extra_info": {},
                                                                                                            "cumulative_cardinality": 5712929,
                                                                                                            "operator_type": "UNNEST",
                                                                                                            "operator_cardinality": 4044765,
                                                                                                            "cumulative_rows_scanned": 3850116,
                                                                                                            "operator_rows_scanned": 0,
                                                                                                            "operator_timing": 2.7645743389980297,
                                                                                                            "result_set_size": 145611540,
                                                                                                            "children": [
                                                                                                                {
                                                                                                                    "operator_name": "READ_PARQUET ",
                                                                                                                    "cpu_time": 0.305075145,
                                                                                                                    "extra_info": {
                                                                                                                        "Function": "READ_PARQUET",
                                                                                                                        "Projections": [
                                                                                                                            "id",
                                                                                                                            "tags"
                                                                                                                        ],
                                                                                                                        "Filters": "posttypeid=1",
                                                                                                                        "Estimated Cardinality": "770023"
                                                                                                                    },
                                                                                                                    "cumulative_cardinality": 1668164,
                                                                                                                    "operator_type": "TABLE_SCAN",
                                                                                                                    "operator_cardinality": 1668164,
                                                                                                                    "cumulative_rows_scanned": 3850116,
                                                                                                                    "operator_rows_scanned": 3850116,
                                                                                                                    "operator_timing": 0.305075145,
                                                                                                                    "result_set_size": 33363280,
                                                                                                                    "children": []
                                                                                                                }
                                                                                                            ]
                                                                                                        }
                                                                                                    ]
                                                                                                }
                                                                                            ]
                                                                                        }
                                                                                    ]
                                                                                }
                                                                            ]
                                                                        }
                                                                    ]
                                                                }
                                                            ]
                                                        }
                                                    ]
                                                },
                                                {
                                                    "operator_name": "PROJECTION",
                                                    "cpu_time": 1.2927568069999988,
                                                    "extra_info": {
                                                        "Projections": [
                                                            "#0",
                                                            "#1",
                                                            "#2"
                                                        ],
                                                        "Estimated Cardinality": "5"
                                                    },
                                                    "cumulative_cardinality": 3509602,
                                                    "operator_type": "PROJECTION",
                                                    "operator_cardinality": 5,
                                                    "cumulative_rows_scanned": 16594209,
                                                    "operator_rows_scanned": 0,
                                                    "operator_timing": 3.51e-7,
                                                    "result_set_size": 120,
                                                    "children": [
                                                        {
                                                            "operator_name": "STREAMING_LIMIT",
                                                            "cpu_time": 1.2927564559999989,
                                                            "extra_info": {},
                                                            "cumulative_cardinality": 3509597,
                                                            "operator_type": "STREAMING_LIMIT",
                                                            "operator_cardinality": 5,
                                                            "cumulative_rows_scanned": 16594209,
                                                            "operator_rows_scanned": 0,
                                                            "operator_timing": 0.000001503,
                                                            "result_set_size": 160,
                                                            "children": [
                                                                {
                                                                    "operator_name": "PROJECTION",
                                                                    "cpu_time": 1.2927549529999989,
                                                                    "extra_info": {
                                                                        "Projections": [
                                                                            "#0",
                                                                            "#1",
                                                                            "__internal_decompress_integral_integer(#2, 0)",
                                                                            "#3"
                                                                        ],
                                                                        "Estimated Cardinality": "254881"
                                                                    },
                                                                    "cumulative_cardinality": 3509592,
                                                                    "operator_type": "PROJECTION",
                                                                    "operator_cardinality": 4096,
                                                                    "cumulative_rows_scanned": 16594209,
                                                                    "operator_rows_scanned": 0,
                                                                    "operator_timing": 0.000004569,
                                                                    "result_set_size": 131072,
                                                                    "children": [
                                                                        {
                                                                            "operator_name": "ORDER_BY",
                                                                            "cpu_time": 1.292750383999999,
                                                                            "extra_info": {
                                                                                "Order By": [
                                                                                    "#3 DESC",
                                                                                    "p.ViewCount DESC"
                                                                                ]
                                                                            },
                                                                            "cumulative_cardinality": 3505496,
                                                                            "operator_type": "ORDER_BY",
                                                                            "operator_cardinality": 4096,
                                                                            "cumulative_rows_scanned": 16594209,
                                                                            "operator_rows_scanned": 0,
                                                                            "operator_timing": 0.0007945750000000001,
                                                                            "result_set_size": 118784,
                                                                            "children": [
                                                                                {
                                                                                    "operator_name": "PROJECTION",
                                                                                    "cpu_time": 1.291955808999999,
                                                                                    "extra_info": {
                                                                                        "Projections": [
                                                                                            "#0",
                                                                                            "#1",
                                                                                            "__internal_compress_integral_utinyint(#2, 0)",
                                                                                            "#3"
                                                                                        ],
                                                                                        "Estimated Cardinality": "254881"
                                                                                    },
                                                                                    "cumulative_cardinality": 3501400,
                                                                                    "operator_type": "PROJECTION",
                                                                                    "operator_cardinality": 11359,
                                                                                    "cumulative_rows_scanned": 16594209,
                                                                                    "operator_rows_scanned": 0,
                                                                                    "operator_timing": 0.000021652000000000002,
                                                                                    "result_set_size": 329411,
                                                                                    "children": [
                                                                                        {
                                                                                            "operator_name": "PROJECTION",
                                                                                            "cpu_time": 1.291934156999999,
                                                                                            "extra_info": {
                                                                                                "Projections": [
                                                                                                    "title",
                                                                                                    "viewcount",
                                                                                                    "answercount",
                                                                                                    "VoteCount"
                                                                                                ],
                                                                                                "Estimated Cardinality": "254881"
                                                                                            },
                                                                                            "cumulative_cardinality": 3490041,
                                                                                            "operator_type": "PROJECTION",
                                                                                            "operator_cardinality": 11359,
                                                                                            "cumulative_rows_scanned": 16594209,
                                                                                            "operator_rows_scanned": 0,
                                                                                            "operator_timing": 0.000008327000000000002,
                                                                                            "result_set_size": 363488,
                                                                                            "children": [
                                                                                                {
                                                                                                    "operator_name": "HASH_JOIN",
                                                                                                    "cpu_time": 1.291925829999999,
                                                                                                    "extra_info": {
                                                                                                        "Join Type": "INNER",
                                                                                                        "Conditions": "id = postid",
                                                                                                        "Estimated Cardinality": "254881"
                                                                                                    },
                                                                                                    "cumulative_cardinality": 3478682,
                                                                                                    "operator_type": "HASH_JOIN",
                                                                                                    "operator_cardinality": 11359,
                                                                                                    "cumulative_rows_scanned": 16594209,
                                                                                                    "operator_rows_scanned": 0,
                                                                                                    "operator_timing": 0.046845342000000206,
                                                                                                    "result_set_size": 363488,
                                                                                                    "children": [
                                                                                                        {
                                                                                                            "operator_name": "FILTER",
                                                                                                            "cpu_time": 0.6302675279999999,
                                                                                                            "extra_info": {
                                                                                                                "Expression": "(id <= 4978525)",
                                                                                                                "Estimated Cardinality": "770023"
                                                                                                            },
                                                                                                            "cumulative_cardinality": 3336306,
                                                                                                            "operator_type": "FILTER",
                                                                                                            "operator_cardinality": 1668153,
                                                                                                            "cumulative_rows_scanned": 3850116,
                                                                                                            "operator_rows_scanned": 0,
                                                                                                            "operator_timing": 0.005099578999999997,
                                                                                                            "result_set_size": 46708284,
                                                                                                            "children": [
                                                                                                                {
                                                                                                                    "operator_name": "READ_PARQUET ",
                                                                                                                    "cpu_time": 0.6251679489999998,
                                                                                                                    "extra_info": {
                                                                                                                        "Function": "READ_PARQUET",
                                                                                                                        "Projections": [
                                                                                                                            "id",
                                                                                                                            "viewcount",
                                                                                                                            "title",
                                                                                                                            "answercount"
                                                                                                                        ],
                                                                                                                        "Filters": "posttypeid=1",
                                                                                                                        "Estimated Cardinality": "770023"
                                                                                                                    },
                                                                                                                    "cumulative_cardinality": 1668153,
                                                                                                                    "operator_type": "TABLE_SCAN",
                                                                                                                    "operator_cardinality": 1668153,
                                                                                                                    "cumulative_rows_scanned": 3850116,
                                                                                                                    "operator_rows_scanned": 3850116,
                                                                                                                    "operator_timing": 0.6251679489999998,
                                                                                                                    "result_set_size": 46708284,
                                                                                                                    "children": []
                                                                                                                }
                                                                                                            ]
                                                                                                        },
                                                                                                        {
                                                                                                            "operator_name": "HASH_GROUP_BY",
                                                                                                            "cpu_time": 0.6148129599999989,
                                                                                                            "extra_info": {
                                                                                                                "Groups": "#0",
                                                                                                                "Aggregates": "count_star()",
                                                                                                                "Estimated Cardinality": "1274409"
                                                                                                            },
                                                                                                            "cumulative_cardinality": 131017,
                                                                                                            "operator_type": "HASH_GROUP_BY",
                                                                                                            "operator_cardinality": 29569,
                                                                                                            "cumulative_rows_scanned": 12744093,
                                                                                                            "operator_rows_scanned": 0,
                                                                                                            "operator_timing": 0.03296280000000003,
                                                                                                            "result_set_size": 354828,
                                                                                                            "children": [
                                                                                                                {
                                                                                                                    "operator_name": "PROJECTION",
                                                                                                                    "cpu_time": 0.5818501599999988,
                                                                                                                    "extra_info": {
                                                                                                                        "Projections": "postid",
                                                                                                                        "Estimated Cardinality": "2548818"
                                                                                                                    },
                                                                                                                    "cumulative_cardinality": 101448,
                                                                                                                    "operator_type": "PROJECTION",
                                                                                                                    "operator_cardinality": 50724,
                                                                                                                    "cumulative_rows_scanned": 12744093,
                                                                                                                    "operator_rows_scanned": 0,
                                                                                                                    "operator_timing": 0.0008897209999999949,
                                                                                                                    "result_set_size": 202896,
                                                                                                                    "children": [
                                                                                                                        {
                                                                                                                            "operator_name": "READ_PARQUET ",
                                                                                                                            "cpu_time": 0.5809604389999988,
                                                                                                                            "extra_info": {
                                                                                                                                "Function": "READ_PARQUET",
                                                                                                                                "Projections": [
                                                                                                                                    "id",
                                                                                                                                    "postid"
                                                                                                                                ],
                                                                                                                                "Filters": "creationdate>='2024-09-01 12:34:56'::TIMESTAMP",
                                                                                                                                "Estimated Cardinality": "2548818"
                                                                                                                            },
                                                                                                                            "cumulative_cardinality": 50724,
                                                                                                                            "operator_type": "TABLE_SCAN",
                                                                                                                            "operator_cardinality": 50724,
                                                                                                                            "cumulative_rows_scanned": 12744093,
                                                                                                                            "operator_rows_scanned": 12744093,
                                                                                                                            "operator_timing": 0.5809604389999988,
                                                                                                                            "result_set_size": 405792,
                                                                                                                            "children": []
                                                                                                                        }
                                                                                                                    ]
                                                                                                                }
                                                                                                            ]
                                                                                                        }
                                                                                                    ]
                                                                                                }
                                                                                            ]
                                                                                        }
                                                                                    ]
                                                                                }
                                                                            ]
                                                                        }
                                                                    ]
                                                                }
                                                            ]
                                                        }
                                                    ]
                                                }
                                            ]
                                        }
                                    ]
                                }
                            ]
                        }
                    ]
                }
            ]
        }
    ]
}