{
    "rows_returned": 1,
    "query_name": "WITH TagData AS (\n    SELECT\n        P.Id AS PostId,\n        P.Title,\n        P.Body,\n        P.Tags,\n        T.TagName,\n        T.Count AS TagCount,\n        U.Reputation AS UserReputation\n    FROM \n        Posts P\n    JOIN \n        Tags T ON POSITION(T.TagName IN P.Tags) > 0 \n    JOIN \n        Users U ON P.OwnerUserId = U.Id\n    WHERE \n        P.CreationDate >= DATE_TRUNC('year', cast('2024-10-01' as date)) \n),\n\nPostStats AS (\n    SELECT\n        COUNT(DISTINCT PostId) AS TotalPosts,\n        AVG(LENGTH(Body)) AS AverageBodyLength,\n        AVG(UserReputation) AS AverageUserReputation,\n        SUM(TagCount) AS TotalTags\n    FROM \n        TagData\n)\n\nSELECT\n    PS.TotalPosts,\n    PS.AverageBodyLength,\n    PS.AverageUserReputation,\n    PS.TotalTags,\n    \n    (SELECT COUNT(*) FROM TagData WHERE array_length(string_to_array(Tags, '>'), 1) > 3) AS PostsWithComplexTags\nFROM \n    PostStats PS;",
    "blocked_thread_time": 0.0,
    "cpu_time": 13.577137521000006,
    "extra_info": {},
    "cumulative_cardinality": 3995446,
    "cumulative_rows_scanned": 10225604,
    "result_set_size": 48,
    "latency": 14.06818389,
    "children": [
        {
            "operator_name": "CROSS_PRODUCT",
            "cpu_time": 13.577137521000006,
            "extra_info": {},
            "cumulative_cardinality": 3995446,
            "operator_type": "CROSS_PRODUCT",
            "operator_cardinality": 1,
            "cumulative_rows_scanned": 10225604,
            "operator_rows_scanned": 0,
            "operator_timing": 0.000013194,
            "result_set_size": 48,
            "children": [
                {
                    "operator_name": "UNGROUPED_AGGREGATE",
                    "cpu_time": 8.399764305999922,
                    "extra_info": {
                        "Aggregates": [
                            "count(DISTINCT #0)",
                            "avg(#1)",
                            "avg(#2)",
                            "sum(#3)"
                        ]
                    },
                    "cumulative_cardinality": 1928981,
                    "operator_type": "UNGROUPED_AGGREGATE",
                    "operator_cardinality": 1,
                    "cumulative_rows_scanned": 5112802,
                    "operator_rows_scanned": 0,
                    "operator_timing": 0.007237161000000003,
                    "result_set_size": 40,
                    "children": [
                        {
                            "operator_name": "PROJECTION",
                            "cpu_time": 8.39252714499992,
                            "extra_info": {
                                "Projections": [
                                    "PostId",
                                    "length(body)",
                                    "UserReputation",
                                    "TagCount"
                                ],
                                "Estimated Cardinality": "770023"
                            },
                            "cumulative_cardinality": 1928980,
                            "operator_type": "PROJECTION",
                            "operator_cardinality": 186402,
                            "cumulative_rows_scanned": 5112802,
                            "operator_rows_scanned": 0,
                            "operator_timing": 0.06411360899999996,
                            "result_set_size": 3728040,
                            "children": [
                                {
                                    "operator_name": "HASH_JOIN",
                                    "cpu_time": 8.328413535999921,
                                    "extra_info": {
                                        "Join Type": "INNER",
                                        "Conditions": "owneruserid = id",
                                        "Estimated Cardinality": "770023"
                                    },
                                    "cumulative_cardinality": 1742578,
                                    "operator_type": "HASH_JOIN",
                                    "operator_cardinality": 186402,
                                    "cumulative_rows_scanned": 5112802,
                                    "operator_rows_scanned": 0,
                                    "operator_timing": 0.05983600799999998,
                                    "result_set_size": 5219256,
                                    "children": [
                                        {
                                            "operator_name": "BLOCKWISE_NL_JOIN",
                                            "cpu_time": 8.248103026999921,
                                            "extra_info": {
                                                "Join Type": "INNER",
                                                "Condition": "(\"position\"(tags, tagname) > 0)"
                                            },
                                            "cumulative_cardinality": 295497,
                                            "operator_type": "BLOCKWISE_NL_JOIN",
                                            "operator_cardinality": 189879,
                                            "cumulative_rows_scanned": 3852092,
                                            "operator_rows_scanned": 0,
                                            "operator_timing": 5.2717166669999225,
                                            "result_set_size": 11392740,
                                            "children": [
                                                {
                                                    "operator_name": "READ_PARQUET ",
                                                    "cpu_time": 2.975933684999999,
                                                    "extra_info": {
                                                        "Function": "READ_PARQUET",
                                                        "Projections": [
                                                            "id",
                                                            "body",
                                                            "owneruserid",
                                                            "tags"
                                                        ],
                                                        "Filters": "creationdate>='2024-01-01 00:00:00'::TIMESTAMP",
                                                        "Estimated Cardinality": "770023"
                                                    },
                                                    "cumulative_cardinality": 103642,
                                                    "operator_type": "TABLE_SCAN",
                                                    "operator_cardinality": 103642,
                                                    "cumulative_rows_scanned": 3850116,
                                                    "operator_rows_scanned": 3850116,
                                                    "operator_timing": 2.975933684999999,
                                                    "result_set_size": 4145680,
                                                    "children": []
                                                },
                                                {
                                                    "operator_name": "READ_PARQUET ",
                                                    "cpu_time": 0.000452675,
                                                    "extra_info": {
                                                        "Function": "READ_PARQUET",
                                                        "Projections": [
                                                            "tagname",
                                                            "count"
                                                        ],
                                                        "Estimated Cardinality": "1976"
                                                    },
                                                    "cumulative_cardinality": 1976,
                                                    "operator_type": "TABLE_SCAN",
                                                    "operator_cardinality": 1976,
                                                    "cumulative_rows_scanned": 1976,
                                                    "operator_rows_scanned": 1976,
                                                    "operator_timing": 0.000452675,
                                                    "result_set_size": 39520,
                                                    "children": []
                                                }
                                            ]
                                        },
                                        {
                                            "operator_name": "READ_PARQUET ",
                                            "cpu_time": 0.020474500999999992,
                                            "extra_info": {
                                                "Function": "READ_PARQUET",
                                                "Projections": [
                                                    "id",
                                                    "reputation"
                                                ],
                                                "Filters": "id<=1416539",
                                                "Estimated Cardinality": "1260710"
                                            },
                                            "cumulative_cardinality": 1260679,
                                            "operator_type": "TABLE_SCAN",
                                            "operator_cardinality": 1260679,
                                            "cumulative_rows_scanned": 1260710,
                                            "operator_rows_scanned": 1260710,
                                            "operator_timing": 0.020474500999999992,
                                            "result_set_size": 10085432,
                                            "children": []
                                        }
                                    ]
                                }
                            ]
                        }
                    ]
                },
                {
                    "operator_name": "PROJECTION",
                    "cpu_time": 5.177360021000085,
                    "extra_info": {
                        "Projections": [
                            "CASE  WHEN ((#1 > 1)) THEN (error('More than one row returned by a subquery used as an expression - scalar subqueries can only return a single row.",
                            "Use \"SET scalar_subquery_error_on_multiple_rows=false\" to revert to previous behavior of returning a random row.')) ELSE #0 END"
                        ],
                        "Estimated Cardinality": "1"
                    },
                    "cumulative_cardinality": 2066464,
                    "operator_type": "PROJECTION",
                    "operator_cardinality": 1,
                    "cumulative_rows_scanned": 5112802,
                    "operator_rows_scanned": 0,
                    "operator_timing": 0.000001222,
                    "result_set_size": 8,
                    "children": [
                        {
                            "operator_name": "UNGROUPED_AGGREGATE",
                            "cpu_time": 5.1773587990000856,
                            "extra_info": {
                                "Aggregates": [
                                    "\"first\"(#0)",
                                    "count_star()"
                                ]
                            },
                            "cumulative_cardinality": 2066463,
                            "operator_type": "UNGROUPED_AGGREGATE",
                            "operator_cardinality": 1,
                            "cumulative_rows_scanned": 5112802,
                            "operator_rows_scanned": 0,
                            "operator_timing": 0.000001703,
                            "result_set_size": 16,
                            "children": [
                                {
                                    "operator_name": "PROJECTION",
                                    "cpu_time": 5.177357096000086,
                                    "extra_info": {
                                        "Projections": "#0",
                                        "Estimated Cardinality": "1"
                                    },
                                    "cumulative_cardinality": 2066462,
                                    "operator_type": "PROJECTION",
                                    "operator_cardinality": 1,
                                    "cumulative_rows_scanned": 5112802,
                                    "operator_rows_scanned": 0,
                                    "operator_timing": 5.61e-7,
                                    "result_set_size": 8,
                                    "children": [
                                        {
                                            "operator_name": "UNGROUPED_AGGREGATE",
                                            "cpu_time": 5.177356535000086,
                                            "extra_info": {
                                                "Aggregates": "count_star()"
                                            },
                                            "cumulative_cardinality": 2066461,
                                            "operator_type": "UNGROUPED_AGGREGATE",
                                            "operator_cardinality": 1,
                                            "cumulative_rows_scanned": 5112802,
                                            "operator_rows_scanned": 0,
                                            "operator_timing": 0.00004707899999999995,
                                            "result_set_size": 8,
                                            "children": [
                                                {
                                                    "operator_name": "FILTER",
                                                    "cpu_time": 5.177309456000086,
                                                    "extra_info": {
                                                        "Expression": "(array_length(string_to_array(tags, '>'), 1) > 3)",
                                                        "Estimated Cardinality": "770023"
                                                    },
                                                    "cumulative_cardinality": 2066460,
                                                    "operator_type": "FILTER",
                                                    "operator_cardinality": 137480,
                                                    "cumulative_rows_scanned": 5112802,
                                                    "operator_rows_scanned": 0,
                                                    "operator_timing": 0.016021756999999977,
                                                    "result_set_size": 2199680,
                                                    "children": [
                                                        {
                                                            "operator_name": "PROJECTION",
                                                            "cpu_time": 5.161287699000086,
                                                            "extra_info": {
                                                                "Projections": "tags",
                                                                "Estimated Cardinality": "770023"
                                                            },
                                                            "cumulative_cardinality": 1928980,
                                                            "operator_type": "PROJECTION",
                                                            "operator_cardinality": 186402,
                                                            "cumulative_rows_scanned": 5112802,
                                                            "operator_rows_scanned": 0,
                                                            "operator_timing": 0.00008304899999999986,
                                                            "result_set_size": 2982432,
                                                            "children": [
                                                                {
                                                                    "operator_name": "HASH_JOIN",
                                                                    "cpu_time": 5.161204650000086,
                                                                    "extra_info": {
                                                                        "Join Type": "INNER",
                                                                        "Conditions": "owneruserid = id",
                                                                        "Estimated Cardinality": "770023"
                                                                    },
                                                                    "cumulative_cardinality": 1742578,
                                                                    "operator_type": "HASH_JOIN",
                                                                    "operator_cardinality": 186402,
                                                                    "cumulative_rows_scanned": 5112802,
                                                                    "operator_rows_scanned": 0,
                                                                    "operator_timing": 0.07321273299999996,
                                                                    "result_set_size": 3728040,
                                                                    "children": [
                                                                        {
                                                                            "operator_name": "BLOCKWISE_NL_JOIN",
                                                                            "cpu_time": 5.0765758510000865,
                                                                            "extra_info": {
                                                                                "Join Type": "INNER",
                                                                                "Condition": "(\"position\"(tags, tagname) > 0)"
                                                                            },
                                                                            "cumulative_cardinality": 295497,
                                                                            "operator_type": "BLOCKWISE_NL_JOIN",
                                                                            "operator_cardinality": 189879,
                                                                            "cumulative_rows_scanned": 3852092,
                                                                            "operator_rows_scanned": 0,
                                                                            "operator_timing": 5.036489489000087,
                                                                            "result_set_size": 6835644,
                                                                            "children": [
                                                                                {
                                                                                    "operator_name": "READ_PARQUET ",
                                                                                    "cpu_time": 0.03976434000000001,
                                                                                    "extra_info": {
                                                                                        "Function": "READ_PARQUET",
                                                                                        "Projections": [
                                                                                            "owneruserid",
                                                                                            "tags"
                                                                                        ],
                                                                                        "Filters": "creationdate>='2024-01-01 00:00:00'::TIMESTAMP",
                                                                                        "Estimated Cardinality": "770023"
                                                                                    },
                                                                                    "cumulative_cardinality": 103642,
                                                                                    "operator_type": "TABLE_SCAN",
                                                                                    "operator_cardinality": 103642,
                                                                                    "cumulative_rows_scanned": 3850116,
                                                                                    "operator_rows_scanned": 3850116,
                                                                                    "operator_timing": 0.03976434000000001,
                                                                                    "result_set_size": 2072840,
                                                                                    "children": []
                                                                                },
                                                                                {
                                                                                    "operator_name": "READ_PARQUET ",
                                                                                    "cpu_time": 0.000322022,
                                                                                    "extra_info": {
                                                                                        "Function": "READ_PARQUET",
                                                                                        "Projections": "tagname",
                                                                                        "Estimated Cardinality": "1976"
                                                                                    },
                                                                                    "cumulative_cardinality": 1976,
                                                                                    "operator_type": "TABLE_SCAN",
                                                                                    "operator_cardinality": 1976,
                                                                                    "cumulative_rows_scanned": 1976,
                                                                                    "operator_rows_scanned": 1976,
                                                                                    "operator_timing": 0.000322022,
                                                                                    "result_set_size": 31616,
                                                                                    "children": []
                                                                                }
                                                                            ]
                                                                        },
                                                                        {
                                                                            "operator_name": "READ_PARQUET ",
                                                                            "cpu_time": 0.011416066000000032,
                                                                            "extra_info": {
                                                                                "Function": "READ_PARQUET",
                                                                                "Projections": "id",
                                                                                "Filters": "id<=1416539",
                                                                                "Estimated Cardinality": "1260710"
                                                                            },
                                                                            "cumulative_cardinality": 1260679,
                                                                            "operator_type": "TABLE_SCAN",
                                                                            "operator_cardinality": 1260679,
                                                                            "cumulative_rows_scanned": 1260710,
                                                                            "operator_rows_scanned": 1260710,
                                                                            "operator_timing": 0.011416066000000032,
                                                                            "result_set_size": 5042716,
                                                                            "children": []
                                                                        }
                                                                    ]
                                                                }
                                                            ]
                                                        }
                                                    ]
                                                }
                                            ]
                                        }
                                    ]
                                }
                            ]
                        }
                    ]
                }
            ]
        }
    ]
}