{
    "rows_returned": 10,
    "query_name": "WITH UserBadges AS (\n    SELECT \n        U.Id AS UserId,\n        U.DisplayName,\n        COUNT(B.Id) AS BadgeCount,\n        SUM(CASE WHEN B.Class = 1 THEN 1 ELSE 0 END) AS GoldBadges,\n        SUM(CASE WHEN B.Class = 2 THEN 1 ELSE 0 END) AS SilverBadges,\n        SUM(CASE WHEN B.Class = 3 THEN 1 ELSE 0 END) AS BronzeBadges\n    FROM \n        Users U \n    LEFT JOIN \n        Badges B ON U.Id = B.UserId\n    GROUP BY \n        U.Id, U.DisplayName\n),\nUserPostStats AS (\n    SELECT \n        P.OwnerUserId,\n        COUNT(P.Id) AS PostCount,\n        SUM(CASE WHEN P.PostTypeId = 1 THEN 1 ELSE 0 END) AS QuestionCount,\n        SUM(CASE WHEN P.PostTypeId = 2 THEN 1 ELSE 0 END) AS AnswerCount,\n        SUM(P.ViewCount) AS TotalViews\n    FROM \n        Posts P \n    GROUP BY \n        P.OwnerUserId\n),\nUserActivity AS (\n    SELECT \n        U.Id AS UserId,\n        U.DisplayName,\n        B.BadgeCount,\n        B.GoldBadges,\n        B.SilverBadges,\n        B.BronzeBadges,\n        P.PostCount,\n        P.QuestionCount,\n        P.AnswerCount,\n        P.TotalViews,\n        U.Reputation,\n        U.CreationDate,\n        U.LastAccessDate\n    FROM \n        Users U \n    JOIN \n        UserBadges B ON U.Id = B.UserId\n    JOIN \n        UserPostStats P ON U.Id = P.OwnerUserId\n)\nSELECT \n    UA.DisplayName,\n    UA.Reputation,\n    UA.BadgeCount,\n    UA.GoldBadges,\n    UA.SilverBadges,\n    UA.BronzeBadges,\n    UA.PostCount,\n    UA.QuestionCount,\n    UA.AnswerCount,\n    UA.TotalViews,\n    CONCAT('User ', UA.DisplayName, ' has earned ', UA.BadgeCount, ' badges (', \n        UA.GoldBadges, ' gold, ', UA.SilverBadges, ' silver, ', UA.BronzeBadges, ' bronze) and has created ', \n        UA.PostCount, ' posts (', UA.QuestionCount, ' questions and ', UA.AnswerCount, ' answers) with a total of ', \n        UA.TotalViews, ' views') AS UserSummary\nFROM \n    UserActivity UA\nORDER BY \n    UA.Reputation DESC, UA.BadgeCount DESC\nLIMIT 10;\n",
    "blocked_thread_time": 0.0,
    "cpu_time": 1.819958215000001,
    "extra_info": {},
    "cumulative_cardinality": 25143642,
    "cumulative_rows_scanned": 8693260,
    "result_set_size": 1480,
    "latency": 1.975681716,
    "children": [
        {
            "operator_name": "STREAMING_LIMIT",
            "cpu_time": 1.819958215000001,
            "extra_info": {},
            "cumulative_cardinality": 25143642,
            "operator_type": "STREAMING_LIMIT",
            "operator_cardinality": 10,
            "cumulative_rows_scanned": 8693260,
            "operator_rows_scanned": 0,
            "operator_timing": 0.000003065,
            "result_set_size": 1480,
            "children": [
                {
                    "operator_name": "ORDER_BY",
                    "cpu_time": 1.819955150000001,
                    "extra_info": {
                        "Order By": [
                            "UA.Reputation DESC",
                            "UA.BadgeCount DESC"
                        ]
                    },
                    "cumulative_cardinality": 25143632,
                    "operator_type": "ORDER_BY",
                    "operator_cardinality": 4096,
                    "cumulative_rows_scanned": 8693260,
                    "operator_rows_scanned": 0,
                    "operator_timing": 0.043473679,
                    "result_set_size": 606208,
                    "children": [
                        {
                            "operator_name": "PROJECTION",
                            "cpu_time": 1.776481471000001,
                            "extra_info": {
                                "Projections": [
                                    "displayname",
                                    "reputation",
                                    "BadgeCount",
                                    "GoldBadges",
                                    "SilverBadges",
                                    "BronzeBadges",
                                    "PostCount",
                                    "QuestionCount",
                                    "AnswerCount",
                                    "TotalViews",
                                    "UserSummary"
                                ],
                                "Estimated Cardinality": "1925058"
                            },
                            "cumulative_cardinality": 25139536,
                            "operator_type": "PROJECTION",
                            "operator_cardinality": 371631,
                            "cumulative_rows_scanned": 8693260,
                            "operator_rows_scanned": 0,
                            "operator_timing": 0.110312794,
                            "result_set_size": 55001388,
                            "children": [
                                {
                                    "operator_name": "PROJECTION",
                                    "cpu_time": 1.666168677000001,
                                    "extra_info": {
                                        "Projections": [
                                            "displayname",
                                            "BadgeCount",
                                            "GoldBadges",
                                            "SilverBadges",
                                            "BronzeBadges",
                                            "PostCount",
                                            "QuestionCount",
                                            "AnswerCount",
                                            "TotalViews",
                                            "reputation"
                                        ],
                                        "Estimated Cardinality": "1925058"
                                    },
                                    "cumulative_cardinality": 24767905,
                                    "operator_type": "PROJECTION",
                                    "operator_cardinality": 371631,
                                    "cumulative_rows_scanned": 8693260,
                                    "operator_rows_scanned": 0,
                                    "operator_timing": 0.00011772000000000006,
                                    "result_set_size": 49055292,
                                    "children": [
                                        {
                                            "operator_name": "HASH_JOIN",
                                            "cpu_time": 1.666050957000001,
                                            "extra_info": {
                                                "Join Type": "INNER",
                                                "Conditions": "owneruserid = id",
                                                "Estimated Cardinality": "1925058"
                                            },
                                            "cumulative_cardinality": 24396274,
                                            "operator_type": "HASH_JOIN",
                                            "operator_cardinality": 371631,
                                            "cumulative_rows_scanned": 8693260,
                                            "operator_rows_scanned": 0,
                                            "operator_timing": 0.15287158999999997,
                                            "result_set_size": 49055292,
                                            "children": [
                                                {
                                                    "operator_name": "HASH_GROUP_BY",
                                                    "cpu_time": 0.3016872050000001,
                                                    "extra_info": {
                                                        "Groups": "#0",
                                                        "Aggregates": [
                                                            "count_star()",
                                                            "sum(#1)",
                                                            "sum(#2)",
                                                            "sum(#3)"
                                                        ],
                                                        "Estimated Cardinality": "1925058"
                                                    },
                                                    "cumulative_cardinality": 8071864,
                                                    "operator_type": "HASH_GROUP_BY",
                                                    "operator_cardinality": 371632,
                                                    "cumulative_rows_scanned": 3850116,
                                                    "operator_rows_scanned": 0,
                                                    "operator_timing": 0.15978674000000018,
                                                    "result_set_size": 22297920,
                                                    "children": [
                                                        {
                                                            "operator_name": "PROJECTION",
                                                            "cpu_time": 0.14190046499999998,
                                                            "extra_info": {
                                                                "Projections": [
                                                                    "owneruserid",
                                                                    "CASE  WHEN ((posttypeid = 1)) THEN (1) ELSE 0 END",
                                                                    "CASE  WHEN ((posttypeid = 2)) THEN (1) ELSE 0 END",
                                                                    "viewcount"
                                                                ],
                                                                "Estimated Cardinality": "3850116"
                                                            },
                                                            "cumulative_cardinality": 7700232,
                                                            "operator_type": "PROJECTION",
                                                            "operator_cardinality": 3850116,
                                                            "cumulative_rows_scanned": 3850116,
                                                            "operator_rows_scanned": 0,
                                                            "operator_timing": 0.048422245000000017,
                                                            "result_set_size": 61601856,
                                                            "children": [
                                                                {
                                                                    "operator_name": "READ_PARQUET ",
                                                                    "cpu_time": 0.09347821999999995,
                                                                    "extra_info": {
                                                                        "Function": "READ_PARQUET",
                                                                        "Projections": [
                                                                            "id",
                                                                            "posttypeid",
                                                                            "viewcount",
                                                                            "owneruserid"
                                                                        ],
                                                                        "Estimated Cardinality": "3850116"
                                                                    },
                                                                    "cumulative_cardinality": 3850116,
                                                                    "operator_type": "TABLE_SCAN",
                                                                    "operator_cardinality": 3850116,
                                                                    "cumulative_rows_scanned": 3850116,
                                                                    "operator_rows_scanned": 3850116,
                                                                    "operator_timing": 0.09347821999999995,
                                                                    "result_set_size": 53901624,
                                                                    "children": []
                                                                }
                                                            ]
                                                        }
                                                    ]
                                                },
                                                {
                                                    "operator_name": "FILTER",
                                                    "cpu_time": 1.211492162000001,
                                                    "extra_info": {
                                                        "Expression": "(id <= 1416539)",
                                                        "Estimated Cardinality": "1260710"
                                                    },
                                                    "cumulative_cardinality": 15952779,
                                                    "operator_type": "FILTER",
                                                    "operator_cardinality": 1260679,
                                                    "cumulative_rows_scanned": 4843144,
                                                    "operator_rows_scanned": 0,
                                                    "operator_timing": 0.0017564469999999997,
                                                    "result_set_size": 100854320,
                                                    "children": [
                                                        {
                                                            "operator_name": "HASH_JOIN",
                                                            "cpu_time": 1.209735715000001,
                                                            "extra_info": {
                                                                "Join Type": "INNER",
                                                                "Conditions": "UserId = id",
                                                                "Estimated Cardinality": "1260710"
                                                            },
                                                            "cumulative_cardinality": 14692100,
                                                            "operator_type": "HASH_JOIN",
                                                            "operator_cardinality": 1260710,
                                                            "cumulative_rows_scanned": 4843144,
                                                            "operator_rows_scanned": 0,
                                                            "operator_timing": 0.14486116199999993,
                                                            "result_set_size": 100856800,
                                                            "children": [
                                                                {
                                                                    "operator_name": "PROJECTION",
                                                                    "cpu_time": 0.9799672590000008,
                                                                    "extra_info": {
                                                                        "Projections": [
                                                                            "UserId",
                                                                            "BadgeCount",
                                                                            "GoldBadges",
                                                                            "SilverBadges",
                                                                            "BronzeBadges"
                                                                        ],
                                                                        "Estimated Cardinality": "1260710"
                                                                    },
                                                                    "cumulative_cardinality": 12170680,
                                                                    "operator_type": "PROJECTION",
                                                                    "operator_cardinality": 1260710,
                                                                    "cumulative_rows_scanned": 3582434,
                                                                    "operator_rows_scanned": 0,
                                                                    "operator_timing": 0.0002226319999999992,
                                                                    "result_set_size": 75642600,
                                                                    "children": [
                                                                        {
                                                                            "operator_name": "HASH_GROUP_BY",
                                                                            "cpu_time": 0.9797446270000009,
                                                                            "extra_info": {
                                                                                "Groups": [
                                                                                    "#0",
                                                                                    "#1"
                                                                                ],
                                                                                "Aggregates": [
                                                                                    "count(#2)",
                                                                                    "sum(#3)",
                                                                                    "sum(#4)",
                                                                                    "sum(#5)"
                                                                                ],
                                                                                "Estimated Cardinality": "1260710"
                                                                            },
                                                                            "cumulative_cardinality": 10909970,
                                                                            "operator_type": "HASH_GROUP_BY",
                                                                            "operator_cardinality": 1260710,
                                                                            "cumulative_rows_scanned": 3582434,
                                                                            "operator_rows_scanned": 0,
                                                                            "operator_timing": 0.5786713270000006,
                                                                            "result_set_size": 95813960,
                                                                            "children": [
                                                                                {
                                                                                    "operator_name": "PROJECTION",
                                                                                    "cpu_time": 0.4010733000000003,
                                                                                    "extra_info": {
                                                                                        "Projections": [
                                                                                            "id",
                                                                                            "displayname",
                                                                                            "id",
                                                                                            "CASE  WHEN ((class = 1)) THEN (1) ELSE 0 END",
                                                                                            "CASE  WHEN ((class = 2)) THEN (1) ELSE 0 END",
                                                                                            "CASE  WHEN ((class = 3)) THEN (1) ELSE 0 END"
                                                                                        ],
                                                                                        "Estimated Cardinality": "2321724"
                                                                                    },
                                                                                    "cumulative_cardinality": 9649260,
                                                                                    "operator_type": "PROJECTION",
                                                                                    "operator_cardinality": 3033413,
                                                                                    "cumulative_rows_scanned": 3582434,
                                                                                    "operator_rows_scanned": 0,
                                                                                    "operator_timing": 0.016892325000000027,
                                                                                    "result_set_size": 109202868,
                                                                                    "children": [
                                                                                        {
                                                                                            "operator_name": "HASH_JOIN",
                                                                                            "cpu_time": 0.38418097500000026,
                                                                                            "extra_info": {
                                                                                                "Join Type": "RIGHT",
                                                                                                "Conditions": "userid = id",
                                                                                                "Estimated Cardinality": "2321724"
                                                                                            },
                                                                                            "cumulative_cardinality": 6615847,
                                                                                            "operator_type": "HASH_JOIN",
                                                                                            "operator_cardinality": 3033413,
                                                                                            "cumulative_rows_scanned": 3582434,
                                                                                            "operator_rows_scanned": 0,
                                                                                            "operator_timing": 0.2459991500000003,
                                                                                            "result_set_size": 78868738,
                                                                                            "children": [
                                                                                                {
                                                                                                    "operator_name": "READ_PARQUET ",
                                                                                                    "cpu_time": 0.06002207700000002,
                                                                                                    "extra_info": {
                                                                                                        "Function": "READ_PARQUET",
                                                                                                        "Projections": [
                                                                                                            "id",
                                                                                                            "userid",
                                                                                                            "class"
                                                                                                        ],
                                                                                                        "Estimated Cardinality": "2321724"
                                                                                                    },
                                                                                                    "cumulative_cardinality": 2321724,
                                                                                                    "operator_type": "TABLE_SCAN",
                                                                                                    "operator_cardinality": 2321724,
                                                                                                    "cumulative_rows_scanned": 2321724,
                                                                                                    "operator_rows_scanned": 2321724,
                                                                                                    "operator_timing": 0.06002207700000002,
                                                                                                    "result_set_size": 23217240,
                                                                                                    "children": []
                                                                                                },
                                                                                                {
                                                                                                    "operator_name": "READ_PARQUET ",
                                                                                                    "cpu_time": 0.07815974799999993,
                                                                                                    "extra_info": {
                                                                                                        "Function": "READ_PARQUET",
                                                                                                        "Projections": [
                                                                                                            "id",
                                                                                                            "displayname"
                                                                                                        ],
                                                                                                        "Estimated Cardinality": "1260710"
                                                                                                    },
                                                                                                    "cumulative_cardinality": 1260710,
                                                                                                    "operator_type": "TABLE_SCAN",
                                                                                                    "operator_cardinality": 1260710,
                                                                                                    "cumulative_rows_scanned": 1260710,
                                                                                                    "operator_rows_scanned": 1260710,
                                                                                                    "operator_timing": 0.07815974799999993,
                                                                                                    "result_set_size": 25214200,
                                                                                                    "children": []
                                                                                                }
                                                                                            ]
                                                                                        }
                                                                                    ]
                                                                                }
                                                                            ]
                                                                        }
                                                                    ]
                                                                },
                                                                {
                                                                    "operator_name": "READ_PARQUET ",
                                                                    "cpu_time": 0.08490729400000013,
                                                                    "extra_info": {
                                                                        "Function": "READ_PARQUET",
                                                                        "Projections": [
                                                                            "id",
                                                                            "reputation",
                                                                            "displayname"
                                                                        ],
                                                                        "Estimated Cardinality": "1260710"
                                                                    },
                                                                    "cumulative_cardinality": 1260710,
                                                                    "operator_type": "TABLE_SCAN",
                                                                    "operator_cardinality": 1260710,
                                                                    "cumulative_rows_scanned": 1260710,
                                                                    "operator_rows_scanned": 1260710,
                                                                    "operator_timing": 0.08490729400000013,
                                                                    "result_set_size": 30257040,
                                                                    "children": []
                                                                }
                                                            ]
                                                        }
                                                    ]
                                                }
                                            ]
                                        }
                                    ]
                                }
                            ]
                        }
                    ]
                }
            ]
        }
    ]
}