{
    "rows_returned": 100,
    "query_name": "\nWITH RankedPosts AS (\n    SELECT \n        p.Id AS PostId,\n        p.Title,\n        p.CreationDate,\n        p.ViewCount,\n        p.Score,\n        COALESCE(u.DisplayName, 'Community User') AS OwnerDisplayName,\n        RANK() OVER (PARTITION BY p.OwnerUserId ORDER BY p.CreationDate DESC) AS OwnerRank\n    FROM \n        Posts p\n    LEFT JOIN \n        Users u ON p.OwnerUserId = u.Id\n    WHERE \n        p.PostTypeId = 1 \n),\nPostAnalytics AS (\n    SELECT \n        rp.PostId,\n        rp.Title,\n        rp.CreationDate,\n        rp.ViewCount,\n        rp.Score,\n        rp.OwnerDisplayName,\n        COUNT(c.Id) AS CommentCount,\n        SUM(CASE WHEN v.VoteTypeId = 2 THEN 1 ELSE 0 END) AS Upvotes,\n        SUM(CASE WHEN v.VoteTypeId = 3 THEN 1 ELSE 0 END) AS Downvotes\n    FROM \n        RankedPosts rp\n    LEFT JOIN \n        Comments c ON rp.PostId = c.PostId\n    LEFT JOIN \n        Votes v ON rp.PostId = v.PostId\n    GROUP BY \n        rp.PostId, rp.Title, rp.CreationDate, rp.ViewCount, rp.Score, rp.OwnerDisplayName\n),\nClosedPostDetails AS (\n    SELECT \n        ph.PostId,\n        STRING_AGG(CASE WHEN ph.PostHistoryTypeId = 10 THEN cr.Name END, ', ') AS CloseReasons,\n        COUNT(*) AS CloseCount,\n        MIN(ph.CreationDate) AS FirstCloseDate\n    FROM \n        PostHistory ph\n    JOIN \n        CloseReasonTypes cr ON ph.Comment = CAST(cr.Id AS VARCHAR)\n    WHERE \n        ph.PostHistoryTypeId = 10\n    GROUP BY \n        ph.PostId\n)\nSELECT \n    pa.Title,\n    pa.OwnerDisplayName,\n    pa.CreationDate,\n    pa.ViewCount,\n    pa.Score,\n    pa.CommentCount,\n    pa.Upvotes,\n    pa.Downvotes,\n    COALESCE(cpd.CloseCount, 0) AS CloseCount,\n    COALESCE(cpd.CloseReasons, 'Not Closed') AS CloseReasons,\n    CASE \n        WHEN pa.Score > 10 THEN 'High Score'\n        WHEN pa.Score BETWEEN 5 AND 10 THEN 'Moderate Score'\n        ELSE 'Low Score' \n    END AS ScoreCategory\nFROM \n    PostAnalytics pa\nLEFT JOIN \n    ClosedPostDetails cpd ON pa.PostId = cpd.PostId\nWHERE \n    pa.ViewCount > (SELECT AVG(ViewCount) FROM Posts) \nORDER BY \n    pa.CreationDate DESC\nLIMIT 100;\n",
    "blocked_thread_time": 0.0,
    "cpu_time": 6.392601916000005,
    "extra_info": {},
    "cumulative_cardinality": 134956207,
    "cumulative_rows_scanned": 40742113,
    "result_set_size": 12800,
    "latency": 7.115887829,
    "children": [
        {
            "operator_name": "STREAMING_LIMIT",
            "cpu_time": 6.392601916000005,
            "extra_info": {},
            "cumulative_cardinality": 134956207,
            "operator_type": "STREAMING_LIMIT",
            "operator_cardinality": 100,
            "cumulative_rows_scanned": 40742113,
            "operator_rows_scanned": 0,
            "operator_timing": 0.000001373,
            "result_set_size": 12800,
            "children": [
                {
                    "operator_name": "PROJECTION",
                    "cpu_time": 6.392600543000005,
                    "extra_info": {
                        "Projections": [
                            "#0",
                            "#1",
                            "#2",
                            "#3",
                            "__internal_decompress_integral_integer(#4, -72)",
                            "#5",
                            "#6",
                            "#7",
                            "#8",
                            "#9",
                            "__internal_decompress_string(#10)"
                        ],
                        "Estimated Cardinality": "2"
                    },
                    "cumulative_cardinality": 134956107,
                    "operator_type": "PROJECTION",
                    "operator_cardinality": 4096,
                    "cumulative_rows_scanned": 40742113,
                    "operator_rows_scanned": 0,
                    "operator_timing": 0.000051827000000000004,
                    "result_set_size": 524288,
                    "children": [
                        {
                            "operator_name": "ORDER_BY",
                            "cpu_time": 6.392548716000005,
                            "extra_info": {
                                "Order By": "pa.CreationDate DESC"
                            },
                            "cumulative_cardinality": 134952011,
                            "operator_type": "ORDER_BY",
                            "operator_cardinality": 4096,
                            "cumulative_rows_scanned": 40742113,
                            "operator_rows_scanned": 0,
                            "operator_timing": 0.02985656699999997,
                            "result_set_size": 516096,
                            "children": [
                                {
                                    "operator_name": "PROJECTION",
                                    "cpu_time": 6.362692149000004,
                                    "extra_info": {
                                        "Projections": [
                                            "#0",
                                            "#1",
                                            "#2",
                                            "#3",
                                            "__internal_compress_integral_usmallint(#4, -72)",
                                            "#5",
                                            "#6",
                                            "#7",
                                            "#8",
                                            "#9",
                                            "__internal_compress_string_hugeint(#10)"
                                        ],
                                        "Estimated Cardinality": "2"
                                    },
                                    "cumulative_cardinality": 134947915,
                                    "operator_type": "PROJECTION",
                                    "operator_cardinality": 262067,
                                    "cumulative_rows_scanned": 40742113,
                                    "operator_rows_scanned": 0,
                                    "operator_timing": 0.004287380999999998,
                                    "result_set_size": 33020442,
                                    "children": [
                                        {
                                            "operator_name": "PROJECTION",
                                            "cpu_time": 6.358404768000004,
                                            "extra_info": {
                                                "Projections": [
                                                    "title",
                                                    "OwnerDisplayName",
                                                    "creationdate",
                                                    "viewcount",
                                                    "score",
                                                    "CommentCount",
                                                    "Upvotes",
                                                    "Downvotes",
                                                    "CloseCount",
                                                    "CloseReasons",
                                                    "ScoreCategory"
                                                ],
                                                "Estimated Cardinality": "2"
                                            },
                                            "cumulative_cardinality": 134685848,
                                            "operator_type": "PROJECTION",
                                            "operator_cardinality": 262067,
                                            "cumulative_rows_scanned": 40742113,
                                            "operator_rows_scanned": 0,
                                            "operator_timing": 0.018081372999999984,
                                            "result_set_size": 33544576,
                                            "children": [
                                                {
                                                    "operator_name": "NESTED_LOOP_JOIN",
                                                    "cpu_time": 6.340323395000004,
                                                    "extra_info": {
                                                        "Join Type": "INNER",
                                                        "Conditions": "CAST(viewcount AS DOUBLE) > SUBQUERY",
                                                        "Estimated Cardinality": "2"
                                                    },
                                                    "cumulative_cardinality": 134423781,
                                                    "operator_type": "NESTED_LOOP_JOIN",
                                                    "operator_cardinality": 262067,
                                                    "cumulative_rows_scanned": 40742113,
                                                    "operator_rows_scanned": 0,
                                                    "operator_timing": 0.03306797700000002,
                                                    "result_set_size": 33544576,
                                                    "children": [
                                                        {
                                                            "operator_name": "HASH_JOIN",
                                                            "cpu_time": 6.257361091000004,
                                                            "extra_info": {
                                                                "Join Type": "LEFT",
                                                                "Conditions": "PostId = postid",
                                                                "Estimated Cardinality": "3850116"
                                                            },
                                                            "cumulative_cardinality": 126461478,
                                                            "operator_type": "HASH_JOIN",
                                                            "operator_cardinality": 1668164,
                                                            "cumulative_rows_scanned": 36891997,
                                                            "operator_rows_scanned": 0,
                                                            "operator_timing": 0.046622229000000036,
                                                            "result_set_size": 200179680,
                                                            "children": [
                                                                {
                                                                    "operator_name": "PROJECTION",
                                                                    "cpu_time": 5.600053342000003,
                                                                    "extra_info": {
                                                                        "Projections": [
                                                                            "#0",
                                                                            "#1",
                                                                            "#2",
                                                                            "#3",
                                                                            "__internal_decompress_integral_integer(#4, -72)",
                                                                            "#5",
                                                                            "#6",
                                                                            "#7",
                                                                            "#8"
                                                                        ],
                                                                        "Estimated Cardinality": "3850116"
                                                                    },
                                                                    "cumulative_cardinality": 124308403,
                                                                    "operator_type": "PROJECTION",
                                                                    "operator_cardinality": 1668164,
                                                                    "cumulative_rows_scanned": 25096741,
                                                                    "operator_rows_scanned": 0,
                                                                    "operator_timing": 0.0008323589999999989,
                                                                    "result_set_size": 153471088,
                                                                    "children": [
                                                                        {
                                                                            "operator_name": "HASH_GROUP_BY",
                                                                            "cpu_time": 5.599220983000003,
                                                                            "extra_info": {
                                                                                "Groups": [
                                                                                    "#0",
                                                                                    "#1",
                                                                                    "#2",
                                                                                    "#3",
                                                                                    "#4",
                                                                                    "#5"
                                                                                ],
                                                                                "Aggregates": [
                                                                                    "count(#6)",
                                                                                    "sum(#7)",
                                                                                    "sum(#8)"
                                                                                ],
                                                                                "Estimated Cardinality": "3850116"
                                                                            },
                                                                            "cumulative_cardinality": 122640239,
                                                                            "operator_type": "HASH_GROUP_BY",
                                                                            "operator_cardinality": 1668164,
                                                                            "cumulative_rows_scanned": 25096741,
                                                                            "operator_rows_scanned": 0,
                                                                            "operator_timing": 2.0046702260000036,
                                                                            "result_set_size": 150134760,
                                                                            "children": [
                                                                                {
                                                                                    "operator_name": "PROJECTION",
                                                                                    "cpu_time": 3.5945507569999995,
                                                                                    "extra_info": {
                                                                                        "Projections": [
                                                                                            "PostId",
                                                                                            "title",
                                                                                            "creationdate",
                                                                                            "viewcount",
                                                                                            "score",
                                                                                            "OwnerDisplayName",
                                                                                            "id",
                                                                                            "CASE  WHEN ((votetypeid = 2)) THEN (1) ELSE 0 END",
                                                                                            "CASE  WHEN ((votetypeid = 3)) THEN (1) ELSE 0 END"
                                                                                        ],
                                                                                        "Estimated Cardinality": "12744093"
                                                                                    },
                                                                                    "cumulative_cardinality": 120972075,
                                                                                    "operator_type": "PROJECTION",
                                                                                    "operator_cardinality": 16904139,
                                                                                    "cumulative_rows_scanned": 25096741,
                                                                                    "operator_rows_scanned": 0,
                                                                                    "operator_timing": 0.07238083100000034,
                                                                                    "result_set_size": 1048056618,
                                                                                    "children": [
                                                                                        {
                                                                                            "operator_name": "PROJECTION",
                                                                                            "cpu_time": 3.5221699259999992,
                                                                                            "extra_info": {
                                                                                                "Projections": [
                                                                                                    "#0",
                                                                                                    "#1",
                                                                                                    "#2",
                                                                                                    "#3",
                                                                                                    "#4",
                                                                                                    "__internal_compress_integral_usmallint(#5, -72)",
                                                                                                    "#6",
                                                                                                    "#7"
                                                                                                ],
                                                                                                "Estimated Cardinality": "12744093"
                                                                                            },
                                                                                            "cumulative_cardinality": 104067936,
                                                                                            "operator_type": "PROJECTION",
                                                                                            "operator_cardinality": 16904139,
                                                                                            "cumulative_rows_scanned": 25096741,
                                                                                            "operator_rows_scanned": 0,
                                                                                            "operator_timing": 0.021247150999999787,
                                                                                            "result_set_size": 946631784,
                                                                                            "children": [
                                                                                                {
                                                                                                    "operator_name": "PROJECTION",
                                                                                                    "cpu_time": 3.5009227749999994,
                                                                                                    "extra_info": {
                                                                                                        "Projections": [
                                                                                                            "#0",
                                                                                                            "#1",
                                                                                                            "#2",
                                                                                                            "#3",
                                                                                                            "#4",
                                                                                                            "#5",
                                                                                                            "#6",
                                                                                                            "__internal_decompress_integral_smallint(#7, 1)"
                                                                                                        ],
                                                                                                        "Estimated Cardinality": "12744093"
                                                                                                    },
                                                                                                    "cumulative_cardinality": 87163797,
                                                                                                    "operator_type": "PROJECTION",
                                                                                                    "operator_cardinality": 16904139,
                                                                                                    "cumulative_rows_scanned": 25096741,
                                                                                                    "operator_rows_scanned": 0,
                                                                                                    "operator_timing": 0.011499255999999795,
                                                                                                    "result_set_size": 980440062,
                                                                                                    "children": [
                                                                                                        {
                                                                                                            "operator_name": "HASH_JOIN",
                                                                                                            "cpu_time": 3.4894235189999994,
                                                                                                            "extra_info": {
                                                                                                                "Join Type": "LEFT",
                                                                                                                "Conditions": "PostId = postid",
                                                                                                                "Estimated Cardinality": "12744093"
                                                                                                            },
                                                                                                            "cumulative_cardinality": 70259658,
                                                                                                            "operator_type": "HASH_JOIN",
                                                                                                            "operator_cardinality": 16904139,
                                                                                                            "cumulative_rows_scanned": 25096741,
                                                                                                            "operator_rows_scanned": 0,
                                                                                                            "operator_timing": 1.0060450200000004,
                                                                                                            "result_set_size": 963535923,
                                                                                                            "children": [
                                                                                                                {
                                                                                                                    "operator_name": "PROJECTION",
                                                                                                                    "cpu_time": 2.343083495999999,
                                                                                                                    "extra_info": {
                                                                                                                        "Projections": [
                                                                                                                            "#0",
                                                                                                                            "#1",
                                                                                                                            "#2",
                                                                                                                            "#3",
                                                                                                                            "#4",
                                                                                                                            "__internal_decompress_integral_integer(#5, -72)",
                                                                                                                            "#6"
                                                                                                                        ],
                                                                                                                        "Estimated Cardinality": "7241822"
                                                                                                                    },
                                                                                                                    "cumulative_cardinality": 27867333,
                                                                                                                    "operator_type": "PROJECTION",
                                                                                                                    "operator_cardinality": 4677925,
                                                                                                                    "cumulative_rows_scanned": 12352648,
                                                                                                                    "operator_rows_scanned": 0,
                                                                                                                    "operator_timing": 0.004117533000000009,
                                                                                                                    "result_set_size": 261963800,
                                                                                                                    "children": [
                                                                                                                        {
                                                                                                                            "operator_name": "HASH_JOIN",
                                                                                                                            "cpu_time": 2.338965962999999,
                                                                                                                            "extra_info": {
                                                                                                                                "Join Type": "RIGHT",
                                                                                                                                "Conditions": "postid = PostId",
                                                                                                                                "Estimated Cardinality": "7241822"
                                                                                                                            },
                                                                                                                            "cumulative_cardinality": 23189408,
                                                                                                                            "operator_type": "HASH_JOIN",
                                                                                                                            "operator_cardinality": 4677925,
                                                                                                                            "cumulative_rows_scanned": 12352648,
                                                                                                                            "operator_rows_scanned": 0,
                                                                                                                            "operator_timing": 0.5443584899999981,
                                                                                                                            "result_set_size": 252607950,
                                                                                                                            "children": [
                                                                                                                                {
                                                                                                                                    "operator_name": "READ_PARQUET ",
                                                                                                                                    "cpu_time": 0.14990962900000038,
                                                                                                                                    "extra_info": {
                                                                                                                                        "Function": "READ_PARQUET",
                                                                                                                                        "Projections": [
                                                                                                                                            "id",
                                                                                                                                            "postid"
                                                                                                                                        ],
                                                                                                                                        "Estimated Cardinality": "7241822"
                                                                                                                                    },
                                                                                                                                    "cumulative_cardinality": 7241822,
                                                                                                                                    "operator_type": "TABLE_SCAN",
                                                                                                                                    "operator_cardinality": 7241822,
                                                                                                                                    "cumulative_rows_scanned": 7241822,
                                                                                                                                    "operator_rows_scanned": 7241822,
                                                                                                                                    "operator_timing": 0.14990962900000038,
                                                                                                                                    "result_set_size": 57934576,
                                                                                                                                    "children": []
                                                                                                                                },
                                                                                                                                {
                                                                                                                                    "operator_name": "PROJECTION",
                                                                                                                                    "cpu_time": 1.6446978440000004,
                                                                                                                                    "extra_info": {
                                                                                                                                        "Projections": [
                                                                                                                                            "#0",
                                                                                                                                            "#1",
                                                                                                                                            "#2",
                                                                                                                                            "#3",
                                                                                                                                            "__internal_compress_integral_usmallint(#4, -72)",
                                                                                                                                            "#5"
                                                                                                                                        ],
                                                                                                                                        "Estimated Cardinality": "1260710"
                                                                                                                                    },
                                                                                                                                    "cumulative_cardinality": 11269661,
                                                                                                                                    "operator_type": "PROJECTION",
                                                                                                                                    "operator_cardinality": 1668164,
                                                                                                                                    "cumulative_rows_scanned": 5110826,
                                                                                                                                    "operator_rows_scanned": 0,
                                                                                                                                    "operator_timing": 0.0006995850000000008,
                                                                                                                                    "result_set_size": 83408200,
                                                                                                                                    "children": [
                                                                                                                                        {
                                                                                                                                            "operator_name": "PROJECTION",
                                                                                                                                            "cpu_time": 1.6439982590000004,
                                                                                                                                            "extra_info": {
                                                                                                                                                "Projections": [
                                                                                                                                                    "PostId",
                                                                                                                                                    "title",
                                                                                                                                                    "creationdate",
                                                                                                                                                    "viewcount",
                                                                                                                                                    "score",
                                                                                                                                                    "OwnerDisplayName"
                                                                                                                                                ],
                                                                                                                                                "Estimated Cardinality": "1260710"
                                                                                                                                            },
                                                                                                                                            "cumulative_cardinality": 9601497,
                                                                                                                                            "operator_type": "PROJECTION",
                                                                                                                                            "operator_cardinality": 1668164,
                                                                                                                                            "cumulative_rows_scanned": 5110826,
                                                                                                                                            "operator_rows_scanned": 0,
                                                                                                                                            "operator_timing": 0.013257120000000008,
                                                                                                                                            "result_set_size": 86744528,
                                                                                                                                            "children": [
                                                                                                                                                {
                                                                                                                                                    "operator_name": "PROJECTION",
                                                                                                                                                    "cpu_time": 1.6307411390000004,
                                                                                                                                                    "extra_info": {
                                                                                                                                                        "Projections": [
                                                                                                                                                            "#0",
                                                                                                                                                            "#1",
                                                                                                                                                            "#2",
                                                                                                                                                            "#3",
                                                                                                                                                            "#4",
                                                                                                                                                            "#5",
                                                                                                                                                            "#6",
                                                                                                                                                            "#7"
                                                                                                                                                        ],
                                                                                                                                                        "Estimated Cardinality": "1260710"
                                                                                                                                                    },
                                                                                                                                                    "cumulative_cardinality": 7933333,
                                                                                                                                                    "operator_type": "PROJECTION",
                                                                                                                                                    "operator_cardinality": 1668164,
                                                                                                                                                    "cumulative_rows_scanned": 5110826,
                                                                                                                                                    "operator_rows_scanned": 0,
                                                                                                                                                    "operator_timing": 0.0003760029999999998,
                                                                                                                                                    "result_set_size": 106762496,
                                                                                                                                                    "children": [
                                                                                                                                                        {
                                                                                                                                                            "operator_name": "WINDOW",
                                                                                                                                                            "cpu_time": 1.6303651360000004,
                                                                                                                                                            "extra_info": {
                                                                                                                                                                "Projections": "RANK() OVER (PARTITION BY owneruserid ORDER BY creationdate DESC NULLS LAST)"
                                                                                                                                                            },
                                                                                                                                                            "cumulative_cardinality": 6265169,
                                                                                                                                                            "operator_type": "WINDOW",
                                                                                                                                                            "operator_cardinality": 1668164,
                                                                                                                                                            "cumulative_rows_scanned": 5110826,
                                                                                                                                                            "operator_rows_scanned": 0,
                                                                                                                                                            "operator_timing": 0.6399428700000003,
                                                                                                                                                            "result_set_size": 106762496,
                                                                                                                                                            "children": [
                                                                                                                                                                {
                                                                                                                                                                    "operator_name": "HASH_JOIN",
                                                                                                                                                                    "cpu_time": 0.9904222660000002,
                                                                                                                                                                    "extra_info": {
                                                                                                                                                                        "Join Type": "RIGHT",
                                                                                                                                                                        "Conditions": "id = owneruserid",
                                                                                                                                                                        "Estimated Cardinality": "1260710"
                                                                                                                                                                    },
                                                                                                                                                                    "cumulative_cardinality": 4597005,
                                                                                                                                                                    "operator_type": "HASH_JOIN",
                                                                                                                                                                    "operator_cardinality": 1668164,
                                                                                                                                                                    "cumulative_rows_scanned": 5110826,
                                                                                                                                                                    "operator_rows_scanned": 0,
                                                                                                                                                                    "operator_timing": 0.3239200319999997,
                                                                                                                                                                    "result_set_size": 93417184,
                                                                                                                                                                    "children": [
                                                                                                                                                                        {
                                                                                                                                                                            "operator_name": "READ_PARQUET ",
                                                                                                                                                                            "cpu_time": 0.09560740899999998,
                                                                                                                                                                            "extra_info": {
                                                                                                                                                                                "Function": "READ_PARQUET",
                                                                                                                                                                                "Projections": [
                                                                                                                                                                                    "id",
                                                                                                                                                                                    "displayname"
                                                                                                                                                                                ],
                                                                                                                                                                                "Estimated Cardinality": "1260710"
                                                                                                                                                                            },
                                                                                                                                                                            "cumulative_cardinality": 1260677,
                                                                                                                                                                            "operator_type": "TABLE_SCAN",
                                                                                                                                                                            "operator_cardinality": 1260677,
                                                                                                                                                                            "cumulative_rows_scanned": 1260710,
                                                                                                                                                                            "operator_rows_scanned": 1260710,
                                                                                                                                                                            "operator_timing": 0.09560740899999998,
                                                                                                                                                                            "result_set_size": 25213540,
                                                                                                                                                                            "children": []
                                                                                                                                                                        },
                                                                                                                                                                        {
                                                                                                                                                                            "operator_name": "READ_PARQUET ",
                                                                                                                                                                            "cpu_time": 0.5708948250000005,
                                                                                                                                                                            "extra_info": {
                                                                                                                                                                                "Function": "READ_PARQUET",
                                                                                                                                                                                "Projections": [
                                                                                                                                                                                    "id",
                                                                                                                                                                                    "creationdate",
                                                                                                                                                                                    "score",
                                                                                                                                                                                    "viewcount",
                                                                                                                                                                                    "owneruserid",
                                                                                                                                                                                    "title"
                                                                                                                                                                                ],
                                                                                                                                                                                "Filters": "posttypeid=1",
                                                                                                                                                                                "Estimated Cardinality": "770023"
                                                                                                                                                                            },
                                                                                                                                                                            "cumulative_cardinality": 1668164,
                                                                                                                                                                            "operator_type": "TABLE_SCAN",
                                                                                                                                                                            "operator_cardinality": 1668164,
                                                                                                                                                                            "cumulative_rows_scanned": 3850116,
                                                                                                                                                                            "operator_rows_scanned": 3850116,
                                                                                                                                                                            "operator_timing": 0.5708948250000005,
                                                                                                                                                                            "result_set_size": 66726560,
                                                                                                                                                                            "children": []
                                                                                                                                                                        }
                                                                                                                                                                    ]
                                                                                                                                                                }
                                                                                                                                                            ]
                                                                                                                                                        }
                                                                                                                                                    ]
                                                                                                                                                }
                                                                                                                                            ]
                                                                                                                                        }
                                                                                                                                    ]
                                                                                                                                }
                                                                                                                            ]
                                                                                                                        }
                                                                                                                    ]
                                                                                                                },
                                                                                                                {
                                                                                                                    "operator_name": "PROJECTION",
                                                                                                                    "cpu_time": 0.14029500299999986,
                                                                                                                    "extra_info": {
                                                                                                                        "Projections": [
                                                                                                                            "#0",
                                                                                                                            "__internal_compress_integral_utinyint(#1, 1)"
                                                                                                                        ],
                                                                                                                        "Estimated Cardinality": "12744093"
                                                                                                                    },
                                                                                                                    "cumulative_cardinality": 25488186,
                                                                                                                    "operator_type": "PROJECTION",
                                                                                                                    "operator_cardinality": 12744093,
                                                                                                                    "cumulative_rows_scanned": 12744093,
                                                                                                                    "operator_rows_scanned": 0,
                                                                                                                    "operator_timing": 0.0034275129999999615,
                                                                                                                    "result_set_size": 63720465,
                                                                                                                    "children": [
                                                                                                                        {
                                                                                                                            "operator_name": "READ_PARQUET ",
                                                                                                                            "cpu_time": 0.1368674899999999,
                                                                                                                            "extra_info": {
                                                                                                                                "Function": "READ_PARQUET",
                                                                                                                                "Projections": [
                                                                                                                                    "postid",
                                                                                                                                    "votetypeid"
                                                                                                                                ],
                                                                                                                                "Estimated Cardinality": "12744093"
                                                                                                                            },
                                                                                                                            "cumulative_cardinality": 12744093,
                                                                                                                            "operator_type": "TABLE_SCAN",
                                                                                                                            "operator_cardinality": 12744093,
                                                                                                                            "cumulative_rows_scanned": 12744093,
                                                                                                                            "operator_rows_scanned": 12744093,
                                                                                                                            "operator_timing": 0.1368674899999999,
                                                                                                                            "result_set_size": 76464558,
                                                                                                                            "children": []
                                                                                                                        }
                                                                                                                    ]
                                                                                                                }
                                                                                                            ]
                                                                                                        }
                                                                                                    ]
                                                                                                }
                                                                                            ]
                                                                                        }
                                                                                    ]
                                                                                }
                                                                            ]
                                                                        }
                                                                    ]
                                                                },
                                                                {
                                                                    "operator_name": "HASH_GROUP_BY",
                                                                    "cpu_time": 0.6106855200000004,
                                                                    "extra_info": {
                                                                        "Groups": "#0",
                                                                        "Aggregates": [
                                                                            "string_agg(#1)",
                                                                            "count_star()"
                                                                        ],
                                                                        "Estimated Cardinality": "1179524"
                                                                    },
                                                                    "cumulative_cardinality": 484911,
                                                                    "operator_type": "HASH_GROUP_BY",
                                                                    "operator_cardinality": 120507,
                                                                    "cumulative_rows_scanned": 11795256,
                                                                    "operator_rows_scanned": 0,
                                                                    "operator_timing": 0.010122365999999997,
                                                                    "result_set_size": 3374196,
                                                                    "children": [
                                                                        {
                                                                            "operator_name": "PROJECTION",
                                                                            "cpu_time": 0.6005631540000004,
                                                                            "extra_info": {
                                                                                "Projections": [
                                                                                    "postid",
                                                                                    "CASE  WHEN ((posthistorytypeid = 10)) THEN (name) ELSE NULL END"
                                                                                ],
                                                                                "Estimated Cardinality": "2359048"
                                                                            },
                                                                            "cumulative_cardinality": 364404,
                                                                            "operator_type": "PROJECTION",
                                                                            "operator_cardinality": 121464,
                                                                            "cumulative_rows_scanned": 11795256,
                                                                            "operator_rows_scanned": 0,
                                                                            "operator_timing": 0.00021748399999999994,
                                                                            "result_set_size": 2429280,
                                                                            "children": [
                                                                                {
                                                                                    "operator_name": "HASH_JOIN",
                                                                                    "cpu_time": 0.6003456700000004,
                                                                                    "extra_info": {
                                                                                        "Join Type": "INNER",
                                                                                        "Conditions": "comment = CAST(id AS VARCHAR)",
                                                                                        "Estimated Cardinality": "2359048"
                                                                                    },
                                                                                    "cumulative_cardinality": 242940,
                                                                                    "operator_type": "HASH_JOIN",
                                                                                    "operator_cardinality": 121464,
                                                                                    "cumulative_rows_scanned": 11795256,
                                                                                    "operator_rows_scanned": 0,
                                                                                    "operator_timing": 0.03217197299999956,
                                                                                    "result_set_size": 2672208,
                                                                                    "children": [
                                                                                        {
                                                                                            "operator_name": "READ_PARQUET ",
                                                                                            "cpu_time": 0.5678766420000009,
                                                                                            "extra_info": {
                                                                                                "Function": "READ_PARQUET",
                                                                                                "Projections": [
                                                                                                    "posthistorytypeid",
                                                                                                    "postid",
                                                                                                    "comment"
                                                                                                ],
                                                                                                "Filters": "posthistorytypeid=10",
                                                                                                "Estimated Cardinality": "2359048"
                                                                                            },
                                                                                            "cumulative_cardinality": 121464,
                                                                                            "operator_type": "TABLE_SCAN",
                                                                                            "operator_cardinality": 121464,
                                                                                            "cumulative_rows_scanned": 11795244,
                                                                                            "operator_rows_scanned": 11795244,
                                                                                            "operator_timing": 0.5678766420000009,
                                                                                            "result_set_size": 2672208,
                                                                                            "children": []
                                                                                        },
                                                                                        {
                                                                                            "operator_name": "READ_PARQUET ",
                                                                                            "cpu_time": 0.00029705499999999995,
                                                                                            "extra_info": {
                                                                                                "Function": "READ_PARQUET",
                                                                                                "Projections": [
                                                                                                    "id",
                                                                                                    "name"
                                                                                                ],
                                                                                                "Estimated Cardinality": "12"
                                                                                            },
                                                                                            "cumulative_cardinality": 12,
                                                                                            "operator_type": "TABLE_SCAN",
                                                                                            "operator_cardinality": 12,
                                                                                            "cumulative_rows_scanned": 12,
                                                                                            "operator_rows_scanned": 12,
                                                                                            "operator_timing": 0.00029705499999999995,
                                                                                            "result_set_size": 216,
                                                                                            "children": []
                                                                                        }
                                                                                    ]
                                                                                }
                                                                            ]
                                                                        }
                                                                    ]
                                                                }
                                                            ]
                                                        },
                                                        {
                                                            "operator_name": "PROJECTION",
                                                            "cpu_time": 0.04989432699999999,
                                                            "extra_info": {
                                                                "Projections": [
                                                                    "CASE  WHEN ((#1 > 1)) THEN (error('More than one row returned by a subquery used as an expression - scalar subqueries can only return a single row.",
                                                                    "Use \"SET scalar_subquery_error_on_multiple_rows=false\" to revert to previous behavior of returning a random row.')) ELSE #0 END"
                                                                ],
                                                                "Estimated Cardinality": "1"
                                                            },
                                                            "cumulative_cardinality": 7700236,
                                                            "operator_type": "PROJECTION",
                                                            "operator_cardinality": 1,
                                                            "cumulative_rows_scanned": 3850116,
                                                            "operator_rows_scanned": 0,
                                                            "operator_timing": 0.000002605,
                                                            "result_set_size": 8,
                                                            "children": [
                                                                {
                                                                    "operator_name": "UNGROUPED_AGGREGATE",
                                                                    "cpu_time": 0.049891721999999986,
                                                                    "extra_info": {
                                                                        "Aggregates": [
                                                                            "\"first\"(#0)",
                                                                            "count_star()"
                                                                        ]
                                                                    },
                                                                    "cumulative_cardinality": 7700235,
                                                                    "operator_type": "UNGROUPED_AGGREGATE",
                                                                    "operator_cardinality": 1,
                                                                    "cumulative_rows_scanned": 3850116,
                                                                    "operator_rows_scanned": 0,
                                                                    "operator_timing": 0.0000018240000000000002,
                                                                    "result_set_size": 16,
                                                                    "children": [
                                                                        {
                                                                            "operator_name": "PROJECTION",
                                                                            "cpu_time": 0.04988989799999999,
                                                                            "extra_info": {
                                                                                "Projections": "#0",
                                                                                "Estimated Cardinality": "1"
                                                                            },
                                                                            "cumulative_cardinality": 7700234,
                                                                            "operator_type": "PROJECTION",
                                                                            "operator_cardinality": 1,
                                                                            "cumulative_rows_scanned": 3850116,
                                                                            "operator_rows_scanned": 0,
                                                                            "operator_timing": 4.61e-7,
                                                                            "result_set_size": 8,
                                                                            "children": [
                                                                                {
                                                                                    "operator_name": "UNGROUPED_AGGREGATE",
                                                                                    "cpu_time": 0.04988943699999999,
                                                                                    "extra_info": {
                                                                                        "Aggregates": "avg(#0)"
                                                                                    },
                                                                                    "cumulative_cardinality": 7700233,
                                                                                    "operator_type": "UNGROUPED_AGGREGATE",
                                                                                    "operator_cardinality": 1,
                                                                                    "cumulative_rows_scanned": 3850116,
                                                                                    "operator_rows_scanned": 0,
                                                                                    "operator_timing": 0.025250341000000006,
                                                                                    "result_set_size": 8,
                                                                                    "children": [
                                                                                        {
                                                                                            "operator_name": "PROJECTION",
                                                                                            "cpu_time": 0.024639095999999982,
                                                                                            "extra_info": {
                                                                                                "Projections": "viewcount",
                                                                                                "Estimated Cardinality": "3850116"
                                                                                            },
                                                                                            "cumulative_cardinality": 7700232,
                                                                                            "operator_type": "PROJECTION",
                                                                                            "operator_cardinality": 3850116,
                                                                                            "cumulative_rows_scanned": 3850116,
                                                                                            "operator_rows_scanned": 0,
                                                                                            "operator_timing": 0.0001494750000000022,
                                                                                            "result_set_size": 15400464,
                                                                                            "children": [
                                                                                                {
                                                                                                    "operator_name": "READ_PARQUET ",
                                                                                                    "cpu_time": 0.02448962099999998,
                                                                                                    "extra_info": {
                                                                                                        "Function": "READ_PARQUET",
                                                                                                        "Projections": "viewcount",
                                                                                                        "Estimated Cardinality": "3850116"
                                                                                                    },
                                                                                                    "cumulative_cardinality": 3850116,
                                                                                                    "operator_type": "TABLE_SCAN",
                                                                                                    "operator_cardinality": 3850116,
                                                                                                    "cumulative_rows_scanned": 3850116,
                                                                                                    "operator_rows_scanned": 3850116,
                                                                                                    "operator_timing": 0.02448962099999998,
                                                                                                    "result_set_size": 15400464,
                                                                                                    "children": []
                                                                                                }
                                                                                            ]
                                                                                        }
                                                                                    ]
                                                                                }
                                                                            ]
                                                                        }
                                                                    ]
                                                                }
                                                            ]
                                                        }
                                                    ]
                                                }
                                            ]
                                        }
                                    ]
                                }
                            ]
                        }
                    ]
                }
            ]
        }
    ]
}