{
    "rows_returned": 109383729,
    "query_name": "WITH PostTagCounts AS (\n    SELECT \n        p.Id AS PostId,\n        p.Title,\n        unnest(string_to_array(substring(p.Tags, 2, length(p.Tags)-2), '><')) AS Tag\n    FROM \n        Posts p\n    WHERE \n        p.PostTypeId = 1  \n),\nTagCounts AS (\n    SELECT \n        Tag,\n        COUNT(PostId) AS PostCount\n    FROM \n        PostTagCounts\n    GROUP BY \n        Tag\n),\nPopularTags AS (\n    SELECT \n        Tag,\n        PostCount,\n        ROW_NUMBER() OVER (ORDER BY PostCount DESC) AS Rank\n    FROM \n        TagCounts\n    WHERE \n        PostCount >= 10  \n),\nUsersEngaged AS (\n    SELECT \n        p.OwnerUserId,\n        COUNT(DISTINCT p.Id) AS QuestionCount,\n        SUM(CASE WHEN v.VoteTypeId = 2 THEN 1 ELSE 0 END) AS UpVotes,\n        SUM(CASE WHEN v.VoteTypeId = 3 THEN 1 ELSE 0 END) AS DownVotes\n    FROM \n        Posts p\n    LEFT JOIN \n        Votes v ON p.Id = v.PostId\n    WHERE \n        p.PostTypeId = 1  \n    GROUP BY \n        p.OwnerUserId\n),\nUserReputation AS (\n    SELECT \n        u.Id AS UserId,\n        u.DisplayName,\n        u.Reputation,\n        ue.QuestionCount,\n        ue.UpVotes,\n        ue.DownVotes\n    FROM \n        Users u\n    JOIN \n        UsersEngaged ue ON u.Id = ue.OwnerUserId\n)\nSELECT \n    upr.DisplayName,\n    upr.Reputation,\n    upr.QuestionCount,\n    upr.UpVotes,\n    upr.DownVotes,\n    pt.Tag AS PopularTag\nFROM \n    UserReputation upr\nJOIN \n    PopularTags pt ON upr.QuestionCount >= 5  \nORDER BY \n    upr.Reputation DESC, upr.QuestionCount DESC;",
    "blocked_thread_time": 0.0,
    "cpu_time": 28.778844648999904,
    "extra_info": {},
    "cumulative_cardinality": 257837698,
    "cumulative_rows_scanned": 21705035,
    "result_set_size": 8313163404,
    "latency": 215.083380989,
    "children": [
        {
            "operator_name": "ORDER_BY",
            "cpu_time": 28.778844648999904,
            "extra_info": {
                "Order By": [
                    "upr.Reputation DESC",
                    "upr.QuestionCount DESC"
                ]
            },
            "cumulative_cardinality": 257837698,
            "operator_type": "ORDER_BY",
            "operator_cardinality": 109383729,
            "cumulative_rows_scanned": 21705035,
            "operator_rows_scanned": 0,
            "operator_timing": 24.486411804999996,
            "result_set_size": 8313163404,
            "children": [
                {
                    "operator_name": "CROSS_PRODUCT",
                    "cpu_time": 4.292432843999909,
                    "extra_info": {},
                    "cumulative_cardinality": 148453969,
                    "operator_type": "CROSS_PRODUCT",
                    "operator_cardinality": 109383729,
                    "cumulative_rows_scanned": 21705035,
                    "operator_rows_scanned": 0,
                    "operator_timing": 0.12683110399999872,
                    "result_set_size": 8313163404,
                    "children": [
                        {
                            "operator_name": "PROJECTION",
                            "cpu_time": 1.5011954449999994,
                            "extra_info": {
                                "Projections": [
                                    "displayname",
                                    "reputation",
                                    "QuestionCount",
                                    "UpVotes",
                                    "DownVotes"
                                ],
                                "Estimated Cardinality": "770023"
                            },
                            "cumulative_cardinality": 25258257,
                            "operator_type": "PROJECTION",
                            "operator_cardinality": 57967,
                            "cumulative_rows_scanned": 17854919,
                            "operator_rows_scanned": 0,
                            "operator_timing": 0.000460353,
                            "result_set_size": 3478020,
                            "children": [
                                {
                                    "operator_name": "HASH_JOIN",
                                    "cpu_time": 1.5007350919999993,
                                    "extra_info": {
                                        "Join Type": "INNER",
                                        "Conditions": "id = owneruserid",
                                        "Estimated Cardinality": "770023"
                                    },
                                    "cumulative_cardinality": 25200290,
                                    "operator_type": "HASH_JOIN",
                                    "operator_cardinality": 57967,
                                    "cumulative_rows_scanned": 17854919,
                                    "operator_rows_scanned": 0,
                                    "operator_timing": 0.05043438299999999,
                                    "result_set_size": 3478020,
                                    "children": [
                                        {
                                            "operator_name": "READ_PARQUET ",
                                            "cpu_time": 0.12867196299999986,
                                            "extra_info": {
                                                "Function": "READ_PARQUET",
                                                "Projections": [
                                                    "id",
                                                    "reputation",
                                                    "displayname"
                                                ],
                                                "Filters": "id<=1416539",
                                                "Estimated Cardinality": "1260710"
                                            },
                                            "cumulative_cardinality": 1246578,
                                            "operator_type": "TABLE_SCAN",
                                            "operator_cardinality": 1246578,
                                            "cumulative_rows_scanned": 1260710,
                                            "operator_rows_scanned": 1260710,
                                            "operator_timing": 0.12867196299999986,
                                            "result_set_size": 29917872,
                                            "children": []
                                        },
                                        {
                                            "operator_name": "FILTER",
                                            "cpu_time": 1.3216287459999996,
                                            "extra_info": {
                                                "Expression": "(QuestionCount >= 5)",
                                                "Estimated Cardinality": "770023"
                                            },
                                            "cumulative_cardinality": 23895745,
                                            "operator_type": "FILTER",
                                            "operator_cardinality": 57968,
                                            "cumulative_rows_scanned": 16594209,
                                            "operator_rows_scanned": 0,
                                            "operator_timing": 0.0005026419999999998,
                                            "result_set_size": 2550592,
                                            "children": [
                                                {
                                                    "operator_name": "HASH_GROUP_BY",
                                                    "cpu_time": 1.3211261039999995,
                                                    "extra_info": {
                                                        "Groups": "#0",
                                                        "Aggregates": [
                                                            "count(DISTINCT #1)",
                                                            "sum(#2)",
                                                            "sum(#3)"
                                                        ],
                                                        "Estimated Cardinality": "3850116"
                                                    },
                                                    "cumulative_cardinality": 23837777,
                                                    "operator_type": "HASH_GROUP_BY",
                                                    "operator_cardinality": 329474,
                                                    "cumulative_rows_scanned": 16594209,
                                                    "operator_rows_scanned": 0,
                                                    "operator_timing": 0.4244370129999994,
                                                    "result_set_size": 14496856,
                                                    "children": [
                                                        {
                                                            "operator_name": "PROJECTION",
                                                            "cpu_time": 0.8966890910000002,
                                                            "extra_info": {
                                                                "Projections": [
                                                                    "owneruserid",
                                                                    "id",
                                                                    "CASE  WHEN ((votetypeid = 2)) THEN (1) ELSE 0 END",
                                                                    "CASE  WHEN ((votetypeid = 3)) THEN (1) ELSE 0 END"
                                                                ],
                                                                "Estimated Cardinality": "12744093"
                                                            },
                                                            "cumulative_cardinality": 23508303,
                                                            "operator_type": "PROJECTION",
                                                            "operator_cardinality": 4548023,
                                                            "cumulative_rows_scanned": 16594209,
                                                            "operator_rows_scanned": 0,
                                                            "operator_timing": 0.03882298299999988,
                                                            "result_set_size": 72768368,
                                                            "children": [
                                                                {
                                                                    "operator_name": "HASH_JOIN",
                                                                    "cpu_time": 0.8578661080000003,
                                                                    "extra_info": {
                                                                        "Join Type": "RIGHT",
                                                                        "Conditions": "postid = id",
                                                                        "Estimated Cardinality": "12744093"
                                                                    },
                                                                    "cumulative_cardinality": 18960280,
                                                                    "operator_type": "HASH_JOIN",
                                                                    "operator_cardinality": 4548023,
                                                                    "cumulative_rows_scanned": 16594209,
                                                                    "operator_rows_scanned": 0,
                                                                    "operator_timing": 0.49937984800000057,
                                                                    "result_set_size": 45480230,
                                                                    "children": [
                                                                        {
                                                                            "operator_name": "READ_PARQUET ",
                                                                            "cpu_time": 0.23388255699999966,
                                                                            "extra_info": {
                                                                                "Function": "READ_PARQUET",
                                                                                "Projections": [
                                                                                    "postid",
                                                                                    "votetypeid"
                                                                                ],
                                                                                "Estimated Cardinality": "12744093"
                                                                            },
                                                                            "cumulative_cardinality": 12744093,
                                                                            "operator_type": "TABLE_SCAN",
                                                                            "operator_cardinality": 12744093,
                                                                            "cumulative_rows_scanned": 12744093,
                                                                            "operator_rows_scanned": 12744093,
                                                                            "operator_timing": 0.23388255699999966,
                                                                            "result_set_size": 76464558,
                                                                            "children": []
                                                                        },
                                                                        {
                                                                            "operator_name": "READ_PARQUET ",
                                                                            "cpu_time": 0.12460370300000001,
                                                                            "extra_info": {
                                                                                "Function": "READ_PARQUET",
                                                                                "Projections": [
                                                                                    "id",
                                                                                    "owneruserid"
                                                                                ],
                                                                                "Filters": "posttypeid=1",
                                                                                "Estimated Cardinality": "770023"
                                                                            },
                                                                            "cumulative_cardinality": 1668164,
                                                                            "operator_type": "TABLE_SCAN",
                                                                            "operator_cardinality": 1668164,
                                                                            "cumulative_rows_scanned": 3850116,
                                                                            "operator_rows_scanned": 3850116,
                                                                            "operator_timing": 0.12460370300000001,
                                                                            "result_set_size": 13345312,
                                                                            "children": []
                                                                        }
                                                                    ]
                                                                }
                                                            ]
                                                        }
                                                    ]
                                                }
                                            ]
                                        }
                                    ]
                                }
                            ]
                        },
                        {
                            "operator_name": "PROJECTION",
                            "cpu_time": 2.6644062949999108,
                            "extra_info": {
                                "Projections": "Tag",
                                "Estimated Cardinality": "77002"
                            },
                            "cumulative_cardinality": 13811983,
                            "operator_type": "PROJECTION",
                            "operator_cardinality": 1887,
                            "cumulative_rows_scanned": 3850116,
                            "operator_rows_scanned": 0,
                            "operator_timing": 1.31e-7,
                            "result_set_size": 30192,
                            "children": [
                                {
                                    "operator_name": "PROJECTION",
                                    "cpu_time": 2.6644061639999106,
                                    "extra_info": {
                                        "Projections": [
                                            "#0",
                                            "#1",
                                            "#2"
                                        ],
                                        "Estimated Cardinality": "77002"
                                    },
                                    "cumulative_cardinality": 13810096,
                                    "operator_type": "PROJECTION",
                                    "operator_cardinality": 1887,
                                    "cumulative_rows_scanned": 3850116,
                                    "operator_rows_scanned": 0,
                                    "operator_timing": 5.11e-7,
                                    "result_set_size": 60384,
                                    "children": [
                                        {
                                            "operator_name": "WINDOW",
                                            "cpu_time": 2.6644056529999105,
                                            "extra_info": {
                                                "Projections": "ROW_NUMBER() OVER (ORDER BY PostCount DESC NULLS LAST)"
                                            },
                                            "cumulative_cardinality": 13808209,
                                            "operator_type": "WINDOW",
                                            "operator_cardinality": 1887,
                                            "cumulative_rows_scanned": 3850116,
                                            "operator_rows_scanned": 0,
                                            "operator_timing": 0.000153277,
                                            "result_set_size": 60384,
                                            "children": [
                                                {
                                                    "operator_name": "FILTER",
                                                    "cpu_time": 2.6642523759999106,
                                                    "extra_info": {
                                                        "Expression": "(PostCount >= 10)",
                                                        "Estimated Cardinality": "77002"
                                                    },
                                                    "cumulative_cardinality": 13806322,
                                                    "operator_type": "FILTER",
                                                    "operator_cardinality": 1887,
                                                    "cumulative_rows_scanned": 3850116,
                                                    "operator_rows_scanned": 0,
                                                    "operator_timing": 0.000006081,
                                                    "result_set_size": 45288,
                                                    "children": [
                                                        {
                                                            "operator_name": "HASH_GROUP_BY",
                                                            "cpu_time": 2.6642462949999106,
                                                            "extra_info": {
                                                                "Groups": "#0",
                                                                "Aggregates": "count_star()",
                                                                "Estimated Cardinality": "385011"
                                                            },
                                                            "cumulative_cardinality": 13804435,
                                                            "operator_type": "HASH_GROUP_BY",
                                                            "operator_cardinality": 1976,
                                                            "cumulative_rows_scanned": 3850116,
                                                            "operator_rows_scanned": 0,
                                                            "operator_timing": 0.943834795000679,
                                                            "result_set_size": 47424,
                                                            "children": [
                                                                {
                                                                    "operator_name": "PROJECTION",
                                                                    "cpu_time": 1.7204114999992315,
                                                                    "extra_info": {
                                                                        "Projections": "Tag",
                                                                        "Estimated Cardinality": "770023"
                                                                    },
                                                                    "cumulative_cardinality": 13802459,
                                                                    "operator_type": "PROJECTION",
                                                                    "operator_cardinality": 4044765,
                                                                    "cumulative_rows_scanned": 3850116,
                                                                    "operator_rows_scanned": 0,
                                                                    "operator_timing": 0.13450768999933807,
                                                                    "result_set_size": 64716240,
                                                                    "children": [
                                                                        {
                                                                            "operator_name": "PROJECTION",
                                                                            "cpu_time": 1.5859038099998934,
                                                                            "extra_info": {
                                                                                "Projections": [
                                                                                    "PostId",
                                                                                    "Tag"
                                                                                ],
                                                                                "Estimated Cardinality": "770023"
                                                                            },
                                                                            "cumulative_cardinality": 9757694,
                                                                            "operator_type": "PROJECTION",
                                                                            "operator_cardinality": 4044765,
                                                                            "cumulative_rows_scanned": 3850116,
                                                                            "operator_rows_scanned": 0,
                                                                            "operator_timing": 0.18447518299950827,
                                                                            "result_set_size": 80895300,
                                                                            "children": [
                                                                                {
                                                                                    "operator_name": "UNNEST",
                                                                                    "cpu_time": 1.4014286270003853,
                                                                                    "extra_info": {},
                                                                                    "cumulative_cardinality": 5712929,
                                                                                    "operator_type": "UNNEST",
                                                                                    "operator_cardinality": 4044765,
                                                                                    "cumulative_rows_scanned": 3850116,
                                                                                    "operator_rows_scanned": 0,
                                                                                    "operator_timing": 1.138708564000385,
                                                                                    "result_set_size": 145611540,
                                                                                    "children": [
                                                                                        {
                                                                                            "operator_name": "READ_PARQUET ",
                                                                                            "cpu_time": 0.26272006300000034,
                                                                                            "extra_info": {
                                                                                                "Function": "READ_PARQUET",
                                                                                                "Projections": [
                                                                                                    "id",
                                                                                                    "tags"
                                                                                                ],
                                                                                                "Filters": "posttypeid=1",
                                                                                                "Estimated Cardinality": "770023"
                                                                                            },
                                                                                            "cumulative_cardinality": 1668164,
                                                                                            "operator_type": "TABLE_SCAN",
                                                                                            "operator_cardinality": 1668164,
                                                                                            "cumulative_rows_scanned": 3850116,
                                                                                            "operator_rows_scanned": 3850116,
                                                                                            "operator_timing": 0.26272006300000034,
                                                                                            "result_set_size": 33363280,
                                                                                            "children": []
                                                                                        }
                                                                                    ]
                                                                                }
                                                                            ]
                                                                        }
                                                                    ]
                                                                }
                                                            ]
                                                        }
                                                    ]
                                                }
                                            ]
                                        }
                                    ]
                                }
                            ]
                        }
                    ]
                }
            ]
        }
    ]
}