{
    "rows_returned": 1976,
    "query_name": "\nWITH Tag_Posts AS (\n    SELECT\n        P.Id AS PostId,\n        P.Title,\n        P.Body,\n        P.CreationDate,\n        P.Tags,\n        COUNT(DISTINCT C.Id) AS CommentCount,\n        COALESCE(SUM(CASE WHEN V.VoteTypeId = 2 THEN 1 ELSE 0 END), 0) AS UpVoteCount,\n        COALESCE(SUM(CASE WHEN V.VoteTypeId = 3 THEN 1 ELSE 0 END), 0) AS DownVoteCount,\n        (SELECT COUNT(*) FROM Votes V2 WHERE V2.PostId = P.Id AND V2.VoteTypeId = 4) AS BountyCount,\n        U.DisplayName AS OwnerDisplayName,\n        P.OwnerUserId\n    FROM\n        Posts P\n    LEFT JOIN\n        Comments C ON P.Id = C.PostId\n    LEFT JOIN\n        Votes V ON P.Id = V.PostId\n    LEFT JOIN\n        Users U ON P.OwnerUserId = U.Id\n    WHERE\n        P.PostTypeId = 1 \n    GROUP BY\n        P.Id, P.Title, P.Body, P.CreationDate, P.Tags, U.DisplayName, P.OwnerUserId\n),\nTag_Split AS (\n    SELECT\n        PostId,\n        TRIM(UNNEST(string_to_array(Tags, '>'))) AS TagName\n    FROM\n        Tag_Posts\n)\nSELECT\n    T.TagName,\n    COUNT(DISTINCT TP.PostId) AS PostCount,\n    AVG(TP.CommentCount) AS AvgCommentCount,\n    SUM(TP.UpVoteCount) AS TotalUpVotes,\n    SUM(TP.DownVoteCount) AS TotalDownVotes,\n    SUM(TP.BountyCount) AS TotalBounties\nFROM\n    Tag_Split T\nJOIN\n    Tag_Posts TP ON T.PostId = TP.PostId\nWHERE\n    T.TagName IS NOT NULL AND T.TagName <> ''\nGROUP BY\n    T.TagName\nORDER BY\n    PostCount DESC, TotalUpVotes DESC;\n",
    "blocked_thread_time": 0.0,
    "cpu_time": 47.359489750000485,
    "extra_info": {},
    "cumulative_cardinality": 150576859,
    "cumulative_rows_scanned": 37840834,
    "result_set_size": 158080,
    "latency": 60.005838722,
    "children": [
        {
            "operator_name": "ORDER_BY",
            "cpu_time": 47.359489750000485,
            "extra_info": {
                "Order By": [
                    "count(DISTINCT TP.PostId) DESC",
                    "sum(TP.UpVoteCount) DESC"
                ]
            },
            "cumulative_cardinality": 150576859,
            "operator_type": "ORDER_BY",
            "operator_cardinality": 1976,
            "cumulative_rows_scanned": 37840834,
            "operator_rows_scanned": 0,
            "operator_timing": 0.000139961,
            "result_set_size": 158080,
            "children": [
                {
                    "operator_name": "HASH_GROUP_BY",
                    "cpu_time": 47.35934978900048,
                    "extra_info": {
                        "Groups": "#0",
                        "Aggregates": [
                            "count(DISTINCT #1)",
                            "avg(#2)",
                            "sum(#3)",
                            "sum(#4)",
                            "sum(#5)"
                        ],
                        "Estimated Cardinality": "1925058"
                    },
                    "cumulative_cardinality": 150574883,
                    "operator_type": "HASH_GROUP_BY",
                    "operator_cardinality": 1976,
                    "cumulative_rows_scanned": 37840834,
                    "operator_rows_scanned": 0,
                    "operator_timing": 0.8769437659999986,
                    "result_set_size": 158080,
                    "children": [
                        {
                            "operator_name": "PROJECTION",
                            "cpu_time": 46.482406023000486,
                            "extra_info": {
                                "Projections": [
                                    "TagName",
                                    "PostId",
                                    "CommentCount",
                                    "UpVoteCount",
                                    "DownVoteCount",
                                    "BountyCount"
                                ],
                                "Estimated Cardinality": "3850116"
                            },
                            "cumulative_cardinality": 150572907,
                            "operator_type": "PROJECTION",
                            "operator_cardinality": 4044765,
                            "cumulative_rows_scanned": 37840834,
                            "operator_rows_scanned": 0,
                            "operator_timing": 0.0010456270000000008,
                            "result_set_size": 275044020,
                            "children": [
                                {
                                    "operator_name": "CTE",
                                    "cpu_time": 46.48136039600048,
                                    "extra_info": {
                                        "CTE Name": "Tag_Posts",
                                        "Table Index": "0"
                                    },
                                    "cumulative_cardinality": 146528142,
                                    "operator_type": "CTE",
                                    "operator_cardinality": 0,
                                    "cumulative_rows_scanned": 37840834,
                                    "operator_rows_scanned": 0,
                                    "operator_timing": 0.7877846010000001,
                                    "result_set_size": 0,
                                    "children": [
                                        {
                                            "operator_name": "PROJECTION",
                                            "cpu_time": 34.131690659000014,
                                            "extra_info": {
                                                "Projections": [
                                                    "PostId",
                                                    "title",
                                                    "body",
                                                    "creationdate",
                                                    "tags",
                                                    "CommentCount",
                                                    "UpVoteCount",
                                                    "DownVoteCount",
                                                    "BountyCount",
                                                    "OwnerDisplayName",
                                                    "owneruserid"
                                                ],
                                                "Estimated Cardinality": "3850116"
                                            },
                                            "cumulative_cardinality": 121299825,
                                            "operator_type": "PROJECTION",
                                            "operator_cardinality": 1668164,
                                            "cumulative_rows_scanned": 37840834,
                                            "operator_rows_scanned": 0,
                                            "operator_timing": 0.01847353300000001,
                                            "result_set_size": 213524992,
                                            "children": [
                                                {
                                                    "operator_name": "LEFT_DELIM_JOIN",
                                                    "cpu_time": 34.113217126000016,
                                                    "extra_info": {
                                                        "Join Type": "SINGLE",
                                                        "Conditions": "id IS NOT DISTINCT FROM id",
                                                        "Estimated Cardinality": "3850116",
                                                        "Delim Index": "1"
                                                    },
                                                    "cumulative_cardinality": 119631661,
                                                    "operator_type": "LEFT_DELIM_JOIN",
                                                    "operator_cardinality": 0,
                                                    "cumulative_rows_scanned": 37840834,
                                                    "operator_rows_scanned": 0,
                                                    "operator_timing": 0.6544348529999998,
                                                    "result_set_size": 0,
                                                    "children": [
                                                        {
                                                            "operator_name": "HASH_GROUP_BY",
                                                            "cpu_time": 32.811658721000015,
                                                            "extra_info": {
                                                                "Groups": [
                                                                    "#0",
                                                                    "#1",
                                                                    "#2",
                                                                    "#3",
                                                                    "#4",
                                                                    "#5",
                                                                    "#6"
                                                                ],
                                                                "Aggregates": [
                                                                    "count(DISTINCT #7)",
                                                                    "sum(#8)",
                                                                    "sum(#9)"
                                                                ],
                                                                "Estimated Cardinality": "3850116"
                                                            },
                                                            "cumulative_cardinality": 109621527,
                                                            "operator_type": "HASH_GROUP_BY",
                                                            "operator_cardinality": 1668164,
                                                            "cumulative_rows_scanned": 25096741,
                                                            "operator_rows_scanned": 0,
                                                            "operator_timing": 17.056309644000013,
                                                            "result_set_size": 200179680,
                                                            "children": [
                                                                {
                                                                    "operator_name": "PROJECTION",
                                                                    "cpu_time": 15.755349077000004,
                                                                    "extra_info": {
                                                                        "Projections": [
                                                                            "id",
                                                                            "title",
                                                                            "body",
                                                                            "creationdate",
                                                                            "tags",
                                                                            "displayname",
                                                                            "owneruserid",
                                                                            "id",
                                                                            "CASE  WHEN ((votetypeid = 2)) THEN (1) ELSE 0 END",
                                                                            "CASE  WHEN ((votetypeid = 3)) THEN (1) ELSE 0 END"
                                                                        ],
                                                                        "Estimated Cardinality": "12744093"
                                                                    },
                                                                    "cumulative_cardinality": 107953363,
                                                                    "operator_type": "PROJECTION",
                                                                    "operator_cardinality": 16904139,
                                                                    "cumulative_rows_scanned": 25096741,
                                                                    "operator_rows_scanned": 0,
                                                                    "operator_timing": 0.1348233389999995,
                                                                    "result_set_size": 1555180788,
                                                                    "children": [
                                                                        {
                                                                            "operator_name": "HASH_JOIN",
                                                                            "cpu_time": 15.620525738000005,
                                                                            "extra_info": {
                                                                                "Join Type": "LEFT",
                                                                                "Conditions": "owneruserid = id",
                                                                                "Estimated Cardinality": "12744093"
                                                                            },
                                                                            "cumulative_cardinality": 91049224,
                                                                            "operator_type": "HASH_JOIN",
                                                                            "operator_cardinality": 16904139,
                                                                            "cumulative_rows_scanned": 25096741,
                                                                            "operator_rows_scanned": 0,
                                                                            "operator_timing": 0.8150430590000022,
                                                                            "result_set_size": 1453755954,
                                                                            "children": [
                                                                                {
                                                                                    "operator_name": "PROJECTION",
                                                                                    "cpu_time": 14.726611847000003,
                                                                                    "extra_info": {
                                                                                        "Projections": [
                                                                                            "#0",
                                                                                            "#1",
                                                                                            "#2",
                                                                                            "#3",
                                                                                            "#4",
                                                                                            "#5",
                                                                                            "#6",
                                                                                            "__internal_decompress_integral_smallint(#7, 1)"
                                                                                        ],
                                                                                        "Estimated Cardinality": "12744093"
                                                                                    },
                                                                                    "cumulative_cardinality": 72884375,
                                                                                    "operator_type": "PROJECTION",
                                                                                    "operator_cardinality": 16904139,
                                                                                    "cumulative_rows_scanned": 23836031,
                                                                                    "operator_rows_scanned": 0,
                                                                                    "operator_timing": 0.033928634999999964,
                                                                                    "result_set_size": 1183289730,
                                                                                    "children": [
                                                                                        {
                                                                                            "operator_name": "HASH_JOIN",
                                                                                            "cpu_time": 14.692683212000002,
                                                                                            "extra_info": {
                                                                                                "Join Type": "LEFT",
                                                                                                "Conditions": "id = postid",
                                                                                                "Estimated Cardinality": "12744093"
                                                                                            },
                                                                                            "cumulative_cardinality": 55980236,
                                                                                            "operator_type": "HASH_JOIN",
                                                                                            "operator_cardinality": 16904139,
                                                                                            "cumulative_rows_scanned": 23836031,
                                                                                            "operator_rows_scanned": 0,
                                                                                            "operator_timing": 0.9855243149999996,
                                                                                            "result_set_size": 1166385591,
                                                                                            "children": [
                                                                                                {
                                                                                                    "operator_name": "HASH_JOIN",
                                                                                                    "cpu_time": 12.354389325000007,
                                                                                                    "extra_info": {
                                                                                                        "Join Type": "RIGHT",
                                                                                                        "Conditions": "postid = id",
                                                                                                        "Estimated Cardinality": "7241822"
                                                                                                    },
                                                                                                    "cumulative_cardinality": 13587911,
                                                                                                    "operator_type": "HASH_JOIN",
                                                                                                    "operator_cardinality": 4677925,
                                                                                                    "cumulative_rows_scanned": 11091938,
                                                                                                    "operator_rows_scanned": 0,
                                                                                                    "operator_timing": 0.9355930539999976,
                                                                                                    "result_set_size": 318098900,
                                                                                                    "children": [
                                                                                                        {
                                                                                                            "operator_name": "READ_PARQUET ",
                                                                                                            "cpu_time": 0.8525594159999996,
                                                                                                            "extra_info": {
                                                                                                                "Function": "READ_PARQUET",
                                                                                                                "Projections": [
                                                                                                                    "id",
                                                                                                                    "postid"
                                                                                                                ],
                                                                                                                "Estimated Cardinality": "7241822"
                                                                                                            },
                                                                                                            "cumulative_cardinality": 7241822,
                                                                                                            "operator_type": "TABLE_SCAN",
                                                                                                            "operator_cardinality": 7241822,
                                                                                                            "cumulative_rows_scanned": 7241822,
                                                                                                            "operator_rows_scanned": 7241822,
                                                                                                            "operator_timing": 0.8525594159999996,
                                                                                                            "result_set_size": 57934576,
                                                                                                            "children": []
                                                                                                        },
                                                                                                        {
                                                                                                            "operator_name": "READ_PARQUET ",
                                                                                                            "cpu_time": 10.566236855000009,
                                                                                                            "extra_info": {
                                                                                                                "Function": "READ_PARQUET",
                                                                                                                "Projections": [
                                                                                                                    "id",
                                                                                                                    "creationdate",
                                                                                                                    "body",
                                                                                                                    "owneruserid",
                                                                                                                    "title",
                                                                                                                    "tags"
                                                                                                                ],
                                                                                                                "Filters": "posttypeid=1",
                                                                                                                "Estimated Cardinality": "770023"
                                                                                                            },
                                                                                                            "cumulative_cardinality": 1668164,
                                                                                                            "operator_type": "TABLE_SCAN",
                                                                                                            "operator_cardinality": 1668164,
                                                                                                            "cumulative_rows_scanned": 3850116,
                                                                                                            "operator_rows_scanned": 3850116,
                                                                                                            "operator_timing": 10.566236855000009,
                                                                                                            "result_set_size": 106762496,
                                                                                                            "children": []
                                                                                                        }
                                                                                                    ]
                                                                                                },
                                                                                                {
                                                                                                    "operator_name": "PROJECTION",
                                                                                                    "cpu_time": 1.3527695719999966,
                                                                                                    "extra_info": {
                                                                                                        "Projections": [
                                                                                                            "#0",
                                                                                                            "__internal_compress_integral_utinyint(#1, 1)"
                                                                                                        ],
                                                                                                        "Estimated Cardinality": "12744093"
                                                                                                    },
                                                                                                    "cumulative_cardinality": 25488186,
                                                                                                    "operator_type": "PROJECTION",
                                                                                                    "operator_cardinality": 12744093,
                                                                                                    "cumulative_rows_scanned": 12744093,
                                                                                                    "operator_rows_scanned": 0,
                                                                                                    "operator_timing": 0.004642116999999936,
                                                                                                    "result_set_size": 63720465,
                                                                                                    "children": [
                                                                                                        {
                                                                                                            "operator_name": "READ_PARQUET ",
                                                                                                            "cpu_time": 1.3481274549999966,
                                                                                                            "extra_info": {
                                                                                                                "Function": "READ_PARQUET",
                                                                                                                "Projections": [
                                                                                                                    "postid",
                                                                                                                    "votetypeid"
                                                                                                                ],
                                                                                                                "Estimated Cardinality": "12744093"
                                                                                                            },
                                                                                                            "cumulative_cardinality": 12744093,
                                                                                                            "operator_type": "TABLE_SCAN",
                                                                                                            "operator_cardinality": 12744093,
                                                                                                            "cumulative_rows_scanned": 12744093,
                                                                                                            "operator_rows_scanned": 12744093,
                                                                                                            "operator_timing": 1.3481274549999966,
                                                                                                            "result_set_size": 76464558,
                                                                                                            "children": []
                                                                                                        }
                                                                                                    ]
                                                                                                }
                                                                                            ]
                                                                                        }
                                                                                    ]
                                                                                },
                                                                                {
                                                                                    "operator_name": "READ_PARQUET ",
                                                                                    "cpu_time": 0.07887083200000006,
                                                                                    "extra_info": {
                                                                                        "Function": "READ_PARQUET",
                                                                                        "Projections": [
                                                                                            "id",
                                                                                            "displayname"
                                                                                        ],
                                                                                        "Estimated Cardinality": "1260710"
                                                                                    },
                                                                                    "cumulative_cardinality": 1260710,
                                                                                    "operator_type": "TABLE_SCAN",
                                                                                    "operator_cardinality": 1260710,
                                                                                    "cumulative_rows_scanned": 1260710,
                                                                                    "operator_rows_scanned": 1260710,
                                                                                    "operator_timing": 0.07887083200000006,
                                                                                    "result_set_size": 25214200,
                                                                                    "children": []
                                                                                }
                                                                            ]
                                                                        }
                                                                    ]
                                                                }
                                                            ]
                                                        },
                                                        {
                                                            "operator_name": "HASH_JOIN",
                                                            "cpu_time": 0.6346704190000003,
                                                            "extra_info": {
                                                                "Join Type": "SINGLE",
                                                                "Conditions": "id IS NOT DISTINCT FROM id",
                                                                "Estimated Cardinality": "3850116"
                                                            },
                                                            "cumulative_cardinality": 6673806,
                                                            "operator_type": "HASH_JOIN",
                                                            "operator_cardinality": 1668164,
                                                            "cumulative_rows_scanned": 12744093,
                                                            "operator_rows_scanned": 0,
                                                            "operator_timing": 0.147560513,
                                                            "result_set_size": 213524992,
                                                            "children": [
                                                                {
                                                                    "operator_name": "COLUMN_DATA_SCAN",
                                                                    "cpu_time": 0.03141431600000005,
                                                                    "extra_info": {
                                                                        "Estimated Cardinality": "3850116"
                                                                    },
                                                                    "cumulative_cardinality": 1668164,
                                                                    "operator_type": "COLUMN_DATA_SCAN",
                                                                    "operator_cardinality": 1668164,
                                                                    "cumulative_rows_scanned": 0,
                                                                    "operator_rows_scanned": 0,
                                                                    "operator_timing": 0.03141431600000005,
                                                                    "result_set_size": 200179680,
                                                                    "children": []
                                                                },
                                                                {
                                                                    "operator_name": "PROJECTION",
                                                                    "cpu_time": 0.4556955900000002,
                                                                    "extra_info": {
                                                                        "Projections": [
                                                                            "CASE  WHEN ((count_star() IS NULL)) THEN (0) ELSE count_star() END",
                                                                            "id"
                                                                        ],
                                                                        "Estimated Cardinality": "1925058"
                                                                    },
                                                                    "cumulative_cardinality": 3337478,
                                                                    "operator_type": "PROJECTION",
                                                                    "operator_cardinality": 1668164,
                                                                    "cumulative_rows_scanned": 12744093,
                                                                    "operator_rows_scanned": 0,
                                                                    "operator_timing": 0.002655830999999994,
                                                                    "result_set_size": 20017968,
                                                                    "children": [
                                                                        {
                                                                            "operator_name": "HASH_JOIN",
                                                                            "cpu_time": 0.4530397590000002,
                                                                            "extra_info": {
                                                                                "Join Type": "LEFT",
                                                                                "Conditions": "id IS NOT DISTINCT FROM #0",
                                                                                "Estimated Cardinality": "1925058"
                                                                            },
                                                                            "cumulative_cardinality": 1669314,
                                                                            "operator_type": "HASH_JOIN",
                                                                            "operator_cardinality": 1668164,
                                                                            "cumulative_rows_scanned": 12744093,
                                                                            "operator_rows_scanned": 0,
                                                                            "operator_timing": 0.0002829539999999997,
                                                                            "result_set_size": 20017968,
                                                                            "children": [
                                                                                {
                                                                                    "operator_name": "DELIM_SCAN",
                                                                                    "cpu_time": 0.0,
                                                                                    "extra_info": {
                                                                                        "Delim Index": "1",
                                                                                        "Estimated Cardinality": "1925058"
                                                                                    },
                                                                                    "cumulative_cardinality": 0,
                                                                                    "operator_type": "DELIM_SCAN",
                                                                                    "operator_cardinality": 0,
                                                                                    "cumulative_rows_scanned": 0,
                                                                                    "operator_rows_scanned": 0,
                                                                                    "operator_timing": 0.0,
                                                                                    "result_set_size": 0,
                                                                                    "children": []
                                                                                },
                                                                                {
                                                                                    "operator_name": "HASH_GROUP_BY",
                                                                                    "cpu_time": 0.4527568050000002,
                                                                                    "extra_info": {
                                                                                        "Groups": "#0",
                                                                                        "Aggregates": "count_star()",
                                                                                        "Estimated Cardinality": "637204"
                                                                                    },
                                                                                    "cumulative_cardinality": 1150,
                                                                                    "operator_type": "HASH_GROUP_BY",
                                                                                    "operator_cardinality": 0,
                                                                                    "cumulative_rows_scanned": 12744093,
                                                                                    "operator_rows_scanned": 0,
                                                                                    "operator_timing": 0.000001523,
                                                                                    "result_set_size": 0,
                                                                                    "children": [
                                                                                        {
                                                                                            "operator_name": "PROJECTION",
                                                                                            "cpu_time": 0.4527552820000002,
                                                                                            "extra_info": {
                                                                                                "Projections": "id",
                                                                                                "Estimated Cardinality": "1274409"
                                                                                            },
                                                                                            "cumulative_cardinality": 1150,
                                                                                            "operator_type": "PROJECTION",
                                                                                            "operator_cardinality": 0,
                                                                                            "cumulative_rows_scanned": 12744093,
                                                                                            "operator_rows_scanned": 0,
                                                                                            "operator_timing": 0.0,
                                                                                            "result_set_size": 0,
                                                                                            "children": [
                                                                                                {
                                                                                                    "operator_name": "PROJECTION",
                                                                                                    "cpu_time": 0.4527552820000002,
                                                                                                    "extra_info": {
                                                                                                        "Projections": "id",
                                                                                                        "Estimated Cardinality": "1274409"
                                                                                                    },
                                                                                                    "cumulative_cardinality": 1150,
                                                                                                    "operator_type": "PROJECTION",
                                                                                                    "operator_cardinality": 0,
                                                                                                    "cumulative_rows_scanned": 12744093,
                                                                                                    "operator_rows_scanned": 0,
                                                                                                    "operator_timing": 0.0,
                                                                                                    "result_set_size": 0,
                                                                                                    "children": [
                                                                                                        {
                                                                                                            "operator_name": "HASH_JOIN",
                                                                                                            "cpu_time": 0.4527552820000002,
                                                                                                            "extra_info": {
                                                                                                                "Join Type": "INNER",
                                                                                                                "Conditions": "postid = id",
                                                                                                                "Estimated Cardinality": "1274409"
                                                                                                            },
                                                                                                            "cumulative_cardinality": 1150,
                                                                                                            "operator_type": "HASH_JOIN",
                                                                                                            "operator_cardinality": 0,
                                                                                                            "cumulative_rows_scanned": 12744093,
                                                                                                            "operator_rows_scanned": 0,
                                                                                                            "operator_timing": 0.06644627900000004,
                                                                                                            "result_set_size": 0,
                                                                                                            "children": [
                                                                                                                {
                                                                                                                    "operator_name": "READ_PARQUET ",
                                                                                                                    "cpu_time": 0.38630900300000015,
                                                                                                                    "extra_info": {
                                                                                                                        "Function": "READ_PARQUET",
                                                                                                                        "Projections": "postid",
                                                                                                                        "Filters": "votetypeid=4",
                                                                                                                        "Estimated Cardinality": "2548818"
                                                                                                                    },
                                                                                                                    "cumulative_cardinality": 1150,
                                                                                                                    "operator_type": "TABLE_SCAN",
                                                                                                                    "operator_cardinality": 1150,
                                                                                                                    "cumulative_rows_scanned": 12744093,
                                                                                                                    "operator_rows_scanned": 12744093,
                                                                                                                    "operator_timing": 0.38630900300000015,
                                                                                                                    "result_set_size": 4600,
                                                                                                                    "children": []
                                                                                                                },
                                                                                                                {
                                                                                                                    "operator_name": "DELIM_SCAN",
                                                                                                                    "cpu_time": 0.0,
                                                                                                                    "extra_info": {
                                                                                                                        "Delim Index": "1",
                                                                                                                        "Estimated Cardinality": "1925058"
                                                                                                                    },
                                                                                                                    "cumulative_cardinality": 0,
                                                                                                                    "operator_type": "DELIM_SCAN",
                                                                                                                    "operator_cardinality": 0,
                                                                                                                    "cumulative_rows_scanned": 0,
                                                                                                                    "operator_rows_scanned": 0,
                                                                                                                    "operator_timing": 0.0,
                                                                                                                    "result_set_size": 0,
                                                                                                                    "children": []
                                                                                                                }
                                                                                                            ]
                                                                                                        }
                                                                                                    ]
                                                                                                }
                                                                                            ]
                                                                                        }
                                                                                    ]
                                                                                }
                                                                            ]
                                                                        }
                                                                    ]
                                                                }
                                                            ]
                                                        },
                                                        {
                                                            "operator_name": "HASH_GROUP_BY",
                                                            "cpu_time": 0.012453132999999996,
                                                            "extra_info": {
                                                                "Groups": "#0",
                                                                "Aggregates": "",
                                                                "Estimated Cardinality": "3850116"
                                                            },
                                                            "cumulative_cardinality": 3336328,
                                                            "operator_type": "HASH_GROUP_BY",
                                                            "operator_cardinality": 3336328,
                                                            "cumulative_rows_scanned": 0,
                                                            "operator_rows_scanned": 0,
                                                            "operator_timing": 0.012453132999999996,
                                                            "result_set_size": 13345312,
                                                            "children": []
                                                        }
                                                    ]
                                                }
                                            ]
                                        },
                                        {
                                            "operator_name": "HASH_JOIN",
                                            "cpu_time": 11.561885136000466,
                                            "extra_info": {
                                                "Join Type": "INNER",
                                                "Conditions": "PostId = PostId",
                                                "Estimated Cardinality": "770023"
                                            },
                                            "cumulative_cardinality": 25228317,
                                            "operator_type": "HASH_JOIN",
                                            "operator_cardinality": 4044765,
                                            "cumulative_rows_scanned": 0,
                                            "operator_rows_scanned": 0,
                                            "operator_timing": 0.43029839299999983,
                                            "result_set_size": 598625220,
                                            "children": [
                                                {
                                                    "operator_name": "CTE_SCAN",
                                                    "cpu_time": 0.02824922600000002,
                                                    "extra_info": {
                                                        "CTE Index": "0",
                                                        "Estimated Cardinality": "3850116"
                                                    },
                                                    "cumulative_cardinality": 1668164,
                                                    "operator_type": "CTE_SCAN",
                                                    "operator_cardinality": 1668164,
                                                    "cumulative_rows_scanned": 0,
                                                    "operator_rows_scanned": 0,
                                                    "operator_timing": 0.02824922600000002,
                                                    "result_set_size": 213524992,
                                                    "children": []
                                                },
                                                {
                                                    "operator_name": "PROJECTION",
                                                    "cpu_time": 11.103337517000467,
                                                    "extra_info": {
                                                        "Projections": [
                                                            "PostId",
                                                            "TagName"
                                                        ],
                                                        "Estimated Cardinality": "770023"
                                                    },
                                                    "cumulative_cardinality": 19515388,
                                                    "operator_type": "PROJECTION",
                                                    "operator_cardinality": 4044765,
                                                    "cumulative_rows_scanned": 0,
                                                    "operator_rows_scanned": 0,
                                                    "operator_timing": 0.4293105959999997,
                                                    "result_set_size": 80895300,
                                                    "children": [
                                                        {
                                                            "operator_name": "PROJECTION",
                                                            "cpu_time": 10.674026921000467,
                                                            "extra_info": {
                                                                "Projections": [
                                                                    "#0",
                                                                    "#11"
                                                                ],
                                                                "Estimated Cardinality": "770023"
                                                            },
                                                            "cumulative_cardinality": 15470623,
                                                            "operator_type": "PROJECTION",
                                                            "operator_cardinality": 4044765,
                                                            "cumulative_rows_scanned": 0,
                                                            "operator_rows_scanned": 0,
                                                            "operator_timing": 0.0006069959999999986,
                                                            "result_set_size": 80895300,
                                                            "children": [
                                                                {
                                                                    "operator_name": "FILTER",
                                                                    "cpu_time": 10.673419925000466,
                                                                    "extra_info": {
                                                                        "Expression": "((\"trim\"(UNNEST(string_to_array(tags, '>'))) IS NOT NULL) AND (\"trim\"(UNNEST(string_to_array(tags, '>'))) != ''))",
                                                                        "Estimated Cardinality": "770023"
                                                                    },
                                                                    "cumulative_cardinality": 11425858,
                                                                    "operator_type": "FILTER",
                                                                    "operator_cardinality": 4044765,
                                                                    "cumulative_rows_scanned": 0,
                                                                    "operator_rows_scanned": 0,
                                                                    "operator_timing": 4.978508411999717,
                                                                    "result_set_size": 582446160,
                                                                    "children": [
                                                                        {
                                                                            "operator_name": "UNNEST",
                                                                            "cpu_time": 5.694911513000749,
                                                                            "extra_info": {},
                                                                            "cumulative_cardinality": 7381093,
                                                                            "operator_type": "UNNEST",
                                                                            "operator_cardinality": 5712929,
                                                                            "cumulative_rows_scanned": 0,
                                                                            "operator_rows_scanned": 0,
                                                                            "operator_timing": 5.664167005000749,
                                                                            "result_set_size": 822661776,
                                                                            "children": [
                                                                                {
                                                                                    "operator_name": "CTE_SCAN",
                                                                                    "cpu_time": 0.030744507999999966,
                                                                                    "extra_info": {
                                                                                        "CTE Index": "0",
                                                                                        "Estimated Cardinality": "3850116"
                                                                                    },
                                                                                    "cumulative_cardinality": 1668164,
                                                                                    "operator_type": "CTE_SCAN",
                                                                                    "operator_cardinality": 1668164,
                                                                                    "cumulative_rows_scanned": 0,
                                                                                    "operator_rows_scanned": 0,
                                                                                    "operator_timing": 0.030744507999999966,
                                                                                    "result_set_size": 213524992,
                                                                                    "children": []
                                                                                }
                                                                            ]
                                                                        }
                                                                    ]
                                                                }
                                                            ]
                                                        }
                                                    ]
                                                }
                                            ]
                                        }
                                    ]
                                }
                            ]
                        }
                    ]
                }
            ]
        }
    ]
}