{
    "rows_returned": 2165,
    "query_name": "WITH PostTagCounts AS (\n    SELECT \n        p.Id AS PostId,\n        p.Title,\n        p.CreationDate,\n        p.OwnerUserId,\n        ARRAY_LENGTH(STRING_TO_ARRAY(SUBSTRING(p.Tags, 2, LENGTH(p.Tags)-2), '><'), 1) AS TagCount\n    FROM \n        Posts p\n    WHERE \n        p.PostTypeId = 1  \n),\nPopularPosts AS (\n    SELECT \n        ptc.PostId,\n        ptc.Title,\n        ptc.CreationDate,\n        ptc.OwnerUserId,\n        ptc.TagCount,\n        COUNT(v.Id) AS VoteCount\n    FROM \n        PostTagCounts ptc\n    LEFT JOIN \n        Votes v ON ptc.PostId = v.PostId AND v.VoteTypeId IN (2, 6) \n    WHERE \n        ptc.TagCount >= 3 \n    GROUP BY \n        ptc.PostId, ptc.Title, ptc.CreationDate, ptc.OwnerUserId, ptc.TagCount\n),\nTopUsers AS (\n    SELECT \n        u.Id,\n        u.DisplayName,\n        SUM(p.ViewCount) AS TotalViews,\n        SUM(p.Score) AS TotalScore,\n        COUNT(p.Id) AS QuestionCount\n    FROM \n        Users u\n    JOIN \n        Posts p ON u.Id = p.OwnerUserId\n    WHERE \n        p.PostTypeId = 1 \n    GROUP BY \n        u.Id, u.DisplayName\n    ORDER BY \n        TotalScore DESC\n    LIMIT 5\n)\nSELECT \n    pp.Title,\n    pp.CreationDate,\n    u.DisplayName AS OwnerDisplayName,\n    pp.TagCount,\n    pp.VoteCount,\n    tu.TotalViews,\n    tu.TotalScore,\n    tu.QuestionCount\nFROM \n    PopularPosts pp\nJOIN \n    Users u ON pp.OwnerUserId = u.Id\nJOIN \n    TopUsers tu ON pp.OwnerUserId = tu.Id\nORDER BY \n    pp.VoteCount DESC, pp.TagCount DESC;",
    "blocked_thread_time": 0.0,
    "cpu_time": 3.153599272,
    "extra_info": {},
    "cumulative_cardinality": 46569017,
    "cumulative_rows_scanned": 22965745,
    "result_set_size": 207840,
    "latency": 3.41519449,
    "children": [
        {
            "operator_name": "ORDER_BY",
            "cpu_time": 3.153599272,
            "extra_info": {
                "Order By": [
                    "pp.VoteCount DESC",
                    "pp.TagCount DESC"
                ]
            },
            "cumulative_cardinality": 46569017,
            "operator_type": "ORDER_BY",
            "operator_cardinality": 2165,
            "cumulative_rows_scanned": 22965745,
            "operator_rows_scanned": 0,
            "operator_timing": 0.000245599,
            "result_set_size": 207840,
            "children": [
                {
                    "operator_name": "PROJECTION",
                    "cpu_time": 3.1533536730000002,
                    "extra_info": {
                        "Projections": [
                            "title",
                            "creationdate",
                            "OwnerDisplayName",
                            "TagCount",
                            "VoteCount",
                            "TotalViews",
                            "TotalScore",
                            "QuestionCount"
                        ],
                        "Estimated Cardinality": "5"
                    },
                    "cumulative_cardinality": 46566852,
                    "operator_type": "PROJECTION",
                    "operator_cardinality": 2165,
                    "cumulative_rows_scanned": 22965745,
                    "operator_rows_scanned": 0,
                    "operator_timing": 0.000004929,
                    "result_set_size": 207840,
                    "children": [
                        {
                            "operator_name": "HASH_JOIN",
                            "cpu_time": 3.153348744,
                            "extra_info": {
                                "Join Type": "INNER",
                                "Conditions": "owneruserid = id",
                                "Estimated Cardinality": "5"
                            },
                            "cumulative_cardinality": 46564687,
                            "operator_type": "HASH_JOIN",
                            "operator_cardinality": 2165,
                            "cumulative_rows_scanned": 22965745,
                            "operator_rows_scanned": 0,
                            "operator_timing": 0.005319045,
                            "result_set_size": 207840,
                            "children": [
                                {
                                    "operator_name": "PROJECTION",
                                    "cpu_time": 2.5720542710000003,
                                    "extra_info": {
                                        "Projections": [
                                            "title",
                                            "creationdate",
                                            "owneruserid",
                                            "TagCount",
                                            "VoteCount"
                                        ],
                                        "Estimated Cardinality": "1274409"
                                    },
                                    "cumulative_cardinality": 39730737,
                                    "operator_type": "PROJECTION",
                                    "operator_cardinality": 709036,
                                    "cumulative_rows_scanned": 16594209,
                                    "operator_rows_scanned": 0,
                                    "operator_timing": 0.00007870499999999999,
                                    "result_set_size": 31197584,
                                    "children": [
                                        {
                                            "operator_name": "HASH_GROUP_BY",
                                            "cpu_time": 2.5719755660000003,
                                            "extra_info": {
                                                "Groups": [
                                                    "#0",
                                                    "#1",
                                                    "#2",
                                                    "#3",
                                                    "#4"
                                                ],
                                                "Aggregates": "count(#5)",
                                                "Estimated Cardinality": "1274409"
                                            },
                                            "cumulative_cardinality": 39021701,
                                            "operator_type": "HASH_GROUP_BY",
                                            "operator_cardinality": 709036,
                                            "cumulative_rows_scanned": 16594209,
                                            "operator_rows_scanned": 0,
                                            "operator_timing": 0.38444628599999975,
                                            "result_set_size": 34033728,
                                            "children": [
                                                {
                                                    "operator_name": "PROJECTION",
                                                    "cpu_time": 2.1875292800000006,
                                                    "extra_info": {
                                                        "Projections": [
                                                            "PostId",
                                                            "title",
                                                            "creationdate",
                                                            "owneruserid",
                                                            "TagCount",
                                                            "id"
                                                        ],
                                                        "Estimated Cardinality": "2548818"
                                                    },
                                                    "cumulative_cardinality": 38312665,
                                                    "operator_type": "PROJECTION",
                                                    "operator_cardinality": 1938219,
                                                    "cumulative_rows_scanned": 16594209,
                                                    "operator_rows_scanned": 0,
                                                    "operator_timing": 0.002383490999999992,
                                                    "result_set_size": 85281636,
                                                    "children": [
                                                        {
                                                            "operator_name": "HASH_JOIN",
                                                            "cpu_time": 2.185145789000001,
                                                            "extra_info": {
                                                                "Join Type": "RIGHT",
                                                                "Conditions": "postid = PostId",
                                                                "Estimated Cardinality": "2548818"
                                                            },
                                                            "cumulative_cardinality": 36374446,
                                                            "operator_type": "HASH_JOIN",
                                                            "operator_cardinality": 1938219,
                                                            "cumulative_rows_scanned": 16594209,
                                                            "operator_rows_scanned": 0,
                                                            "operator_timing": 0.33968134599999994,
                                                            "result_set_size": 85281636,
                                                            "children": [
                                                                {
                                                                    "operator_name": "PROJECTION",
                                                                    "cpu_time": 0.829173632,
                                                                    "extra_info": {
                                                                        "Projections": [
                                                                            "#0",
                                                                            "#1"
                                                                        ],
                                                                        "Estimated Cardinality": "2548818"
                                                                    },
                                                                    "cumulative_cardinality": 31349991,
                                                                    "operator_type": "PROJECTION",
                                                                    "operator_cardinality": 9302949,
                                                                    "cumulative_rows_scanned": 12744093,
                                                                    "operator_rows_scanned": 0,
                                                                    "operator_timing": 0.0010669679999999947,
                                                                    "result_set_size": 74423592,
                                                                    "children": [
                                                                        {
                                                                            "operator_name": "FILTER",
                                                                            "cpu_time": 0.8281066640000001,
                                                                            "extra_info": {
                                                                                "Expression": "((votetypeid = 2) OR (votetypeid = 6))",
                                                                                "Estimated Cardinality": "2548818"
                                                                            },
                                                                            "cumulative_cardinality": 22047042,
                                                                            "operator_type": "FILTER",
                                                                            "operator_cardinality": 9302949,
                                                                            "cumulative_rows_scanned": 12744093,
                                                                            "operator_rows_scanned": 0,
                                                                            "operator_timing": 0.11515960000000032,
                                                                            "result_set_size": 93029490,
                                                                            "children": [
                                                                                {
                                                                                    "operator_name": "READ_PARQUET ",
                                                                                    "cpu_time": 0.7129470639999997,
                                                                                    "extra_info": {
                                                                                        "Function": "READ_PARQUET",
                                                                                        "Projections": [
                                                                                            "id",
                                                                                            "postid",
                                                                                            "votetypeid"
                                                                                        ],
                                                                                        "Filters": "optional: votetypeid IN (2, 6)",
                                                                                        "Estimated Cardinality": "12744093"
                                                                                    },
                                                                                    "cumulative_cardinality": 12744093,
                                                                                    "operator_type": "TABLE_SCAN",
                                                                                    "operator_cardinality": 12744093,
                                                                                    "cumulative_rows_scanned": 12744093,
                                                                                    "operator_rows_scanned": 12744093,
                                                                                    "operator_timing": 0.7129470639999997,
                                                                                    "result_set_size": 127440930,
                                                                                    "children": []
                                                                                }
                                                                            ]
                                                                        }
                                                                    ]
                                                                },
                                                                {
                                                                    "operator_name": "PROJECTION",
                                                                    "cpu_time": 1.0162908110000006,
                                                                    "extra_info": {
                                                                        "Projections": [
                                                                            "PostId",
                                                                            "title",
                                                                            "creationdate",
                                                                            "owneruserid",
                                                                            "TagCount"
                                                                        ],
                                                                        "Estimated Cardinality": "770023"
                                                                    },
                                                                    "cumulative_cardinality": 3086236,
                                                                    "operator_type": "PROJECTION",
                                                                    "operator_cardinality": 709036,
                                                                    "cumulative_rows_scanned": 3850116,
                                                                    "operator_rows_scanned": 0,
                                                                    "operator_timing": 0.1133665949999999,
                                                                    "result_set_size": 28361440,
                                                                    "children": [
                                                                        {
                                                                            "operator_name": "FILTER",
                                                                            "cpu_time": 0.9029242160000006,
                                                                            "extra_info": {
                                                                                "Expression": "(array_length(string_to_array(\"substring\"(tags, 2, (length(tags) - 2)), '><'), 1) >= 3)",
                                                                                "Estimated Cardinality": "770023"
                                                                            },
                                                                            "cumulative_cardinality": 2377200,
                                                                            "operator_type": "FILTER",
                                                                            "operator_cardinality": 709036,
                                                                            "cumulative_rows_scanned": 3850116,
                                                                            "operator_rows_scanned": 0,
                                                                            "operator_timing": 0.24853847300000015,
                                                                            "result_set_size": 34033728,
                                                                            "children": [
                                                                                {
                                                                                    "operator_name": "READ_PARQUET ",
                                                                                    "cpu_time": 0.6543857430000005,
                                                                                    "extra_info": {
                                                                                        "Function": "READ_PARQUET",
                                                                                        "Projections": [
                                                                                            "id",
                                                                                            "creationdate",
                                                                                            "owneruserid",
                                                                                            "title",
                                                                                            "tags"
                                                                                        ],
                                                                                        "Filters": "posttypeid=1",
                                                                                        "Estimated Cardinality": "770023"
                                                                                    },
                                                                                    "cumulative_cardinality": 1668164,
                                                                                    "operator_type": "TABLE_SCAN",
                                                                                    "operator_cardinality": 1668164,
                                                                                    "cumulative_rows_scanned": 3850116,
                                                                                    "operator_rows_scanned": 3850116,
                                                                                    "operator_timing": 0.6543857430000005,
                                                                                    "result_set_size": 80071872,
                                                                                    "children": []
                                                                                }
                                                                            ]
                                                                        }
                                                                    ]
                                                                }
                                                            ]
                                                        }
                                                    ]
                                                }
                                            ]
                                        }
                                    ]
                                },
                                {
                                    "operator_name": "HASH_JOIN",
                                    "cpu_time": 0.5759754279999999,
                                    "extra_info": {
                                        "Join Type": "INNER",
                                        "Conditions": "id = id",
                                        "Estimated Cardinality": "5"
                                    },
                                    "cumulative_cardinality": 6831785,
                                    "operator_type": "HASH_JOIN",
                                    "operator_cardinality": 5,
                                    "cumulative_rows_scanned": 6371536,
                                    "operator_rows_scanned": 0,
                                    "operator_timing": 0.00022371699999999999,
                                    "result_set_size": 300,
                                    "children": [
                                        {
                                            "operator_name": "READ_PARQUET ",
                                            "cpu_time": 0.017135756000000002,
                                            "extra_info": {
                                                "Function": "READ_PARQUET",
                                                "Projections": [
                                                    "id",
                                                    "displayname"
                                                ],
                                                "Filters": "id<=1416539",
                                                "Estimated Cardinality": "1260710"
                                            },
                                            "cumulative_cardinality": 60566,
                                            "operator_type": "TABLE_SCAN",
                                            "operator_cardinality": 60566,
                                            "cumulative_rows_scanned": 1260710,
                                            "operator_rows_scanned": 1260710,
                                            "operator_timing": 0.017135756000000002,
                                            "result_set_size": 1211320,
                                            "children": []
                                        },
                                        {
                                            "operator_name": "STREAMING_LIMIT",
                                            "cpu_time": 0.5586159549999999,
                                            "extra_info": {},
                                            "cumulative_cardinality": 6771214,
                                            "operator_type": "STREAMING_LIMIT",
                                            "operator_cardinality": 5,
                                            "cumulative_rows_scanned": 5110826,
                                            "operator_rows_scanned": 0,
                                            "operator_timing": 0.000002034,
                                            "result_set_size": 220,
                                            "children": [
                                                {
                                                    "operator_name": "ORDER_BY",
                                                    "cpu_time": 0.558613921,
                                                    "extra_info": {
                                                        "Order By": "sum(p.Score) DESC"
                                                    },
                                                    "cumulative_cardinality": 6771209,
                                                    "operator_type": "ORDER_BY",
                                                    "operator_cardinality": 4096,
                                                    "cumulative_rows_scanned": 5110826,
                                                    "operator_rows_scanned": 0,
                                                    "operator_timing": 0.011594822,
                                                    "result_set_size": 180224,
                                                    "children": [
                                                        {
                                                            "operator_name": "PROJECTION",
                                                            "cpu_time": 0.547019099,
                                                            "extra_info": {
                                                                "Projections": [
                                                                    "id",
                                                                    "TotalViews",
                                                                    "TotalScore",
                                                                    "QuestionCount"
                                                                ],
                                                                "Estimated Cardinality": "385011"
                                                            },
                                                            "cumulative_cardinality": 6767113,
                                                            "operator_type": "PROJECTION",
                                                            "operator_cardinality": 329473,
                                                            "cumulative_rows_scanned": 5110826,
                                                            "operator_rows_scanned": 0,
                                                            "operator_timing": 0.00003137500000000001,
                                                            "result_set_size": 14496812,
                                                            "children": [
                                                                {
                                                                    "operator_name": "HASH_GROUP_BY",
                                                                    "cpu_time": 0.5469877240000001,
                                                                    "extra_info": {
                                                                        "Groups": [
                                                                            "#0",
                                                                            "#1"
                                                                        ],
                                                                        "Aggregates": [
                                                                            "sum(#2)",
                                                                            "sum(#3)",
                                                                            "count_star()"
                                                                        ],
                                                                        "Estimated Cardinality": "385011"
                                                                    },
                                                                    "cumulative_cardinality": 6437640,
                                                                    "operator_type": "HASH_GROUP_BY",
                                                                    "operator_cardinality": 329473,
                                                                    "cumulative_rows_scanned": 5110826,
                                                                    "operator_rows_scanned": 0,
                                                                    "operator_timing": 0.09196563599999986,
                                                                    "result_set_size": 19768380,
                                                                    "children": [
                                                                        {
                                                                            "operator_name": "PROJECTION",
                                                                            "cpu_time": 0.4550220880000002,
                                                                            "extra_info": {
                                                                                "Projections": [
                                                                                    "id",
                                                                                    "displayname",
                                                                                    "viewcount",
                                                                                    "score"
                                                                                ],
                                                                                "Estimated Cardinality": "770023"
                                                                            },
                                                                            "cumulative_cardinality": 6108167,
                                                                            "operator_type": "PROJECTION",
                                                                            "operator_cardinality": 1589663,
                                                                            "cumulative_rows_scanned": 5110826,
                                                                            "operator_rows_scanned": 0,
                                                                            "operator_timing": 0.00036460499999999804,
                                                                            "result_set_size": 44510564,
                                                                            "children": [
                                                                                {
                                                                                    "operator_name": "HASH_JOIN",
                                                                                    "cpu_time": 0.4546574830000002,
                                                                                    "extra_info": {
                                                                                        "Join Type": "INNER",
                                                                                        "Conditions": "id = owneruserid",
                                                                                        "Estimated Cardinality": "770023"
                                                                                    },
                                                                                    "cumulative_cardinality": 4518504,
                                                                                    "operator_type": "HASH_JOIN",
                                                                                    "operator_cardinality": 1589663,
                                                                                    "cumulative_rows_scanned": 5110826,
                                                                                    "operator_rows_scanned": 0,
                                                                                    "operator_timing": 0.1820615020000001,
                                                                                    "result_set_size": 44510564,
                                                                                    "children": [
                                                                                        {
                                                                                            "operator_name": "READ_PARQUET ",
                                                                                            "cpu_time": 0.088547903,
                                                                                            "extra_info": {
                                                                                                "Function": "READ_PARQUET",
                                                                                                "Projections": [
                                                                                                    "id",
                                                                                                    "displayname"
                                                                                                ],
                                                                                                "Filters": "id<=1416539",
                                                                                                "Estimated Cardinality": "1260710"
                                                                                            },
                                                                                            "cumulative_cardinality": 1260677,
                                                                                            "operator_type": "TABLE_SCAN",
                                                                                            "operator_cardinality": 1260677,
                                                                                            "cumulative_rows_scanned": 1260710,
                                                                                            "operator_rows_scanned": 1260710,
                                                                                            "operator_timing": 0.088547903,
                                                                                            "result_set_size": 25213540,
                                                                                            "children": []
                                                                                        },
                                                                                        {
                                                                                            "operator_name": "READ_PARQUET ",
                                                                                            "cpu_time": 0.18404807800000011,
                                                                                            "extra_info": {
                                                                                                "Function": "READ_PARQUET",
                                                                                                "Projections": [
                                                                                                    "id",
                                                                                                    "score",
                                                                                                    "viewcount",
                                                                                                    "owneruserid"
                                                                                                ],
                                                                                                "Filters": "posttypeid=1",
                                                                                                "Estimated Cardinality": "770023"
                                                                                            },
                                                                                            "cumulative_cardinality": 1668164,
                                                                                            "operator_type": "TABLE_SCAN",
                                                                                            "operator_cardinality": 1668164,
                                                                                            "cumulative_rows_scanned": 3850116,
                                                                                            "operator_rows_scanned": 3850116,
                                                                                            "operator_timing": 0.18404807800000011,
                                                                                            "result_set_size": 26690624,
                                                                                            "children": []
                                                                                        }
                                                                                    ]
                                                                                }
                                                                            ]
                                                                        }
                                                                    ]
                                                                }
                                                            ]
                                                        }
                                                    ]
                                                }
                                            ]
                                        }
                                    ]
                                }
                            ]
                        }
                    ]
                }
            ]
        }
    ]
}