{
    "rows_returned": 100,
    "query_name": "WITH PostTagCounts AS (\n    SELECT \n        p.Id AS PostId,\n        COUNT(DISTINCT t.TagName) AS TagCount,\n        SUM(l.Count) AS TagUsageCount\n    FROM \n        Posts p\n    JOIN \n        Tags t ON p.Tags LIKE CONCAT('%<', t.TagName, '>%')\n    LEFT JOIN \n        Tags l ON t.Id = l.Id\n    WHERE \n        p.PostTypeId = 1 \n    GROUP BY \n        p.Id\n),\nAnswerStats AS (\n    SELECT \n        p.Id AS PostId,\n        COUNT(pa.Id) AS AnswerCount,\n        AVG(pa.Score) AS AvgAnswerScore\n    FROM \n        Posts p\n    LEFT JOIN \n        Posts pa ON p.Id = pa.ParentId\n    WHERE \n        p.PostTypeId = 1 \n    GROUP BY \n        p.Id\n),\nPostHistoryAnalytics AS (\n    SELECT \n        ph.PostId,\n        COUNT(*) AS EditCount,\n        MAX(CASE WHEN ph.PostHistoryTypeId IN (4, 5) THEN ph.CreationDate END) AS LastEditDate,\n        MAX(CASE WHEN ph.PostHistoryTypeId IN (10) THEN ph.CreationDate END) AS ClosedDate\n    FROM \n        PostHistory ph\n    GROUP BY \n        ph.PostId\n)\nSELECT \n    p.Title,\n    u.DisplayName AS OwnerDisplayName,\n    p.CreationDate,\n    pt.TagCount,\n    pt.TagUsageCount,\n    asn.AnswerCount,\n    asn.AvgAnswerScore,\n    ph.EditCount,\n    ph.LastEditDate,\n    ph.ClosedDate\nFROM \n    Posts p\nJOIN \n    Users u ON p.OwnerUserId = u.Id\nLEFT JOIN \n    PostTagCounts pt ON p.Id = pt.PostId\nLEFT JOIN \n    AnswerStats asn ON p.Id = asn.PostId\nLEFT JOIN \n    PostHistoryAnalytics ph ON p.Id = ph.PostId\nWHERE \n    p.Score > 10 \nORDER BY \n    p.CreationDate DESC\nLIMIT 100;",
    "blocked_thread_time": 0.0,
    "cpu_time": 525.1322478359938,
    "extra_info": {},
    "cumulative_cardinality": 55206576,
    "cumulative_rows_scanned": 28460370,
    "result_set_size": 10400,
    "latency": 529.956198671,
    "children": [
        {
            "operator_name": "STREAMING_LIMIT",
            "cpu_time": 525.1322478359938,
            "extra_info": {},
            "cumulative_cardinality": 55206576,
            "operator_type": "STREAMING_LIMIT",
            "operator_cardinality": 100,
            "cumulative_rows_scanned": 28460370,
            "operator_rows_scanned": 0,
            "operator_timing": 0.0000018230000000000002,
            "result_set_size": 10400,
            "children": [
                {
                    "operator_name": "ORDER_BY",
                    "cpu_time": 525.1322460129937,
                    "extra_info": {
                        "Order By": "p.CreationDate DESC"
                    },
                    "cumulative_cardinality": 55206476,
                    "operator_type": "ORDER_BY",
                    "operator_cardinality": 4096,
                    "cumulative_rows_scanned": 28460370,
                    "operator_rows_scanned": 0,
                    "operator_timing": 0.009619436999999998,
                    "result_set_size": 425984,
                    "children": [
                        {
                            "operator_name": "PROJECTION",
                            "cpu_time": 525.1226265759938,
                            "extra_info": {
                                "Projections": [
                                    "title",
                                    "OwnerDisplayName",
                                    "creationdate",
                                    "TagCount",
                                    "TagUsageCount",
                                    "AnswerCount",
                                    "AvgAnswerScore",
                                    "EditCount",
                                    "LastEditDate",
                                    "ClosedDate"
                                ],
                                "Estimated Cardinality": "5897622"
                            },
                            "cumulative_cardinality": 55202380,
                            "operator_type": "PROJECTION",
                            "operator_cardinality": 88227,
                            "cumulative_rows_scanned": 28460370,
                            "operator_rows_scanned": 0,
                            "operator_timing": 0.00019145199999999997,
                            "result_set_size": 9175608,
                            "children": [
                                {
                                    "operator_name": "HASH_JOIN",
                                    "cpu_time": 525.1224351239938,
                                    "extra_info": {
                                        "Join Type": "RIGHT",
                                        "Conditions": "postid = id",
                                        "Estimated Cardinality": "5897622"
                                    },
                                    "cumulative_cardinality": 55114153,
                                    "operator_type": "HASH_JOIN",
                                    "operator_cardinality": 88227,
                                    "cumulative_rows_scanned": 28460370,
                                    "operator_rows_scanned": 0,
                                    "operator_timing": 0.06923621300000059,
                                    "result_set_size": 11293056,
                                    "children": [
                                        {
                                            "operator_name": "HASH_GROUP_BY",
                                            "cpu_time": 1.4410870369999995,
                                            "extra_info": {
                                                "Groups": "#0",
                                                "Aggregates": [
                                                    "count_star()",
                                                    "max(#1)",
                                                    "max(#2)"
                                                ],
                                                "Estimated Cardinality": "5897622"
                                            },
                                            "cumulative_cardinality": 27440604,
                                            "operator_type": "HASH_GROUP_BY",
                                            "operator_cardinality": 3850116,
                                            "cumulative_rows_scanned": 11795244,
                                            "operator_rows_scanned": 0,
                                            "operator_timing": 0.8756646080000009,
                                            "result_set_size": 107803248,
                                            "children": [
                                                {
                                                    "operator_name": "PROJECTION",
                                                    "cpu_time": 0.5654224289999985,
                                                    "extra_info": {
                                                        "Projections": [
                                                            "postid",
                                                            "CASE  WHEN ((posthistorytypeid IN (4, 5))) THEN (creationdate) ELSE NULL END",
                                                            "CASE  WHEN ((posthistorytypeid IN (10))) THEN (creationdate) ELSE NULL END"
                                                        ],
                                                        "Estimated Cardinality": "11795244"
                                                    },
                                                    "cumulative_cardinality": 23590488,
                                                    "operator_type": "PROJECTION",
                                                    "operator_cardinality": 11795244,
                                                    "cumulative_rows_scanned": 11795244,
                                                    "operator_rows_scanned": 0,
                                                    "operator_timing": 0.2265893619999995,
                                                    "result_set_size": 235904880,
                                                    "children": [
                                                        {
                                                            "operator_name": "READ_PARQUET ",
                                                            "cpu_time": 0.33883306699999904,
                                                            "extra_info": {
                                                                "Function": "READ_PARQUET",
                                                                "Projections": [
                                                                    "posthistorytypeid",
                                                                    "postid",
                                                                    "creationdate"
                                                                ],
                                                                "Estimated Cardinality": "11795244"
                                                            },
                                                            "cumulative_cardinality": 11795244,
                                                            "operator_type": "TABLE_SCAN",
                                                            "operator_cardinality": 11795244,
                                                            "cumulative_rows_scanned": 11795244,
                                                            "operator_rows_scanned": 11795244,
                                                            "operator_timing": 0.33883306699999904,
                                                            "result_set_size": 165133416,
                                                            "children": []
                                                        }
                                                    ]
                                                }
                                            ]
                                        },
                                        {
                                            "operator_name": "HASH_JOIN",
                                            "cpu_time": 523.6121118739937,
                                            "extra_info": {
                                                "Join Type": "RIGHT",
                                                "Conditions": "PostId = id",
                                                "Estimated Cardinality": "1925058"
                                            },
                                            "cumulative_cardinality": 27585322,
                                            "operator_type": "HASH_JOIN",
                                            "operator_cardinality": 88227,
                                            "cumulative_rows_scanned": 16665126,
                                            "operator_rows_scanned": 0,
                                            "operator_timing": 0.03732157699999997,
                                            "result_set_size": 8822700,
                                            "children": [
                                                {
                                                    "operator_name": "HASH_GROUP_BY",
                                                    "cpu_time": 0.7548691160000001,
                                                    "extra_info": {
                                                        "Groups": "#0",
                                                        "Aggregates": [
                                                            "count(#1)",
                                                            "avg(#2)"
                                                        ],
                                                        "Estimated Cardinality": "1925058"
                                                    },
                                                    "cumulative_cardinality": 10495393,
                                                    "operator_type": "HASH_GROUP_BY",
                                                    "operator_cardinality": 1668164,
                                                    "cumulative_rows_scanned": 7700232,
                                                    "operator_rows_scanned": 0,
                                                    "operator_timing": 0.2945052189999998,
                                                    "result_set_size": 33363280,
                                                    "children": [
                                                        {
                                                            "operator_name": "PROJECTION",
                                                            "cpu_time": 0.46036389700000024,
                                                            "extra_info": {
                                                                "Projections": [
                                                                    "id",
                                                                    "id",
                                                                    "score"
                                                                ],
                                                                "Estimated Cardinality": "3850116"
                                                            },
                                                            "cumulative_cardinality": 8827229,
                                                            "operator_type": "PROJECTION",
                                                            "operator_cardinality": 2490886,
                                                            "cumulative_rows_scanned": 7700232,
                                                            "operator_rows_scanned": 0,
                                                            "operator_timing": 0.0005440309999999957,
                                                            "result_set_size": 29890632,
                                                            "children": [
                                                                {
                                                                    "operator_name": "HASH_JOIN",
                                                                    "cpu_time": 0.45981986600000024,
                                                                    "extra_info": {
                                                                        "Join Type": "RIGHT",
                                                                        "Conditions": "parentid = id",
                                                                        "Estimated Cardinality": "3850116"
                                                                    },
                                                                    "cumulative_cardinality": 6336343,
                                                                    "operator_type": "HASH_JOIN",
                                                                    "operator_cardinality": 2490886,
                                                                    "cumulative_rows_scanned": 7700232,
                                                                    "operator_rows_scanned": 0,
                                                                    "operator_timing": 0.20152526000000012,
                                                                    "result_set_size": 29890632,
                                                                    "children": [
                                                                        {
                                                                            "operator_name": "READ_PARQUET ",
                                                                            "cpu_time": 0.16881173900000018,
                                                                            "extra_info": {
                                                                                "Function": "READ_PARQUET",
                                                                                "Projections": [
                                                                                    "id",
                                                                                    "parentid",
                                                                                    "score"
                                                                                ],
                                                                                "Estimated Cardinality": "3850116"
                                                                            },
                                                                            "cumulative_cardinality": 2177293,
                                                                            "operator_type": "TABLE_SCAN",
                                                                            "operator_cardinality": 2177293,
                                                                            "cumulative_rows_scanned": 3850116,
                                                                            "operator_rows_scanned": 3850116,
                                                                            "operator_timing": 0.16881173900000018,
                                                                            "result_set_size": 26127516,
                                                                            "children": []
                                                                        },
                                                                        {
                                                                            "operator_name": "READ_PARQUET ",
                                                                            "cpu_time": 0.08948286699999995,
                                                                            "extra_info": {
                                                                                "Function": "READ_PARQUET",
                                                                                "Projections": "id",
                                                                                "Filters": "posttypeid=1",
                                                                                "Estimated Cardinality": "770023"
                                                                            },
                                                                            "cumulative_cardinality": 1668164,
                                                                            "operator_type": "TABLE_SCAN",
                                                                            "operator_cardinality": 1668164,
                                                                            "cumulative_rows_scanned": 3850116,
                                                                            "operator_rows_scanned": 3850116,
                                                                            "operator_timing": 0.08948286699999995,
                                                                            "result_set_size": 6672656,
                                                                            "children": []
                                                                        }
                                                                    ]
                                                                }
                                                            ]
                                                        }
                                                    ]
                                                },
                                                {
                                                    "operator_name": "HASH_JOIN",
                                                    "cpu_time": 522.8199211809938,
                                                    "extra_info": {
                                                        "Join Type": "LEFT",
                                                        "Conditions": "id = PostId",
                                                        "Estimated Cardinality": "770023"
                                                    },
                                                    "cumulative_cardinality": 17001702,
                                                    "operator_type": "HASH_JOIN",
                                                    "operator_cardinality": 88227,
                                                    "cumulative_rows_scanned": 8964894,
                                                    "operator_rows_scanned": 0,
                                                    "operator_timing": 0.090775674,
                                                    "result_set_size": 7058160,
                                                    "children": [
                                                        {
                                                            "operator_name": "HASH_JOIN",
                                                            "cpu_time": 0.43828370799999994,
                                                            "extra_info": {
                                                                "Join Type": "INNER",
                                                                "Conditions": "id = owneruserid",
                                                                "Estimated Cardinality": "770023"
                                                            },
                                                            "cumulative_cardinality": 1438900,
                                                            "operator_type": "HASH_JOIN",
                                                            "operator_cardinality": 88227,
                                                            "cumulative_rows_scanned": 5110826,
                                                            "operator_rows_scanned": 0,
                                                            "operator_timing": 0.04365684600000007,
                                                            "result_set_size": 4587804,
                                                            "children": [
                                                                {
                                                                    "operator_name": "READ_PARQUET ",
                                                                    "cpu_time": 0.08732296199999999,
                                                                    "extra_info": {
                                                                        "Function": "READ_PARQUET",
                                                                        "Projections": [
                                                                            "id",
                                                                            "displayname"
                                                                        ],
                                                                        "Filters": "id<=1416539",
                                                                        "Estimated Cardinality": "1260710"
                                                                    },
                                                                    "cumulative_cardinality": 1257914,
                                                                    "operator_type": "TABLE_SCAN",
                                                                    "operator_cardinality": 1257914,
                                                                    "cumulative_rows_scanned": 1260710,
                                                                    "operator_rows_scanned": 1260710,
                                                                    "operator_timing": 0.08732296199999999,
                                                                    "result_set_size": 25158280,
                                                                    "children": []
                                                                },
                                                                {
                                                                    "operator_name": "READ_PARQUET ",
                                                                    "cpu_time": 0.3073038999999999,
                                                                    "extra_info": {
                                                                        "Function": "READ_PARQUET",
                                                                        "Projections": [
                                                                            "id",
                                                                            "creationdate",
                                                                            "owneruserid",
                                                                            "title"
                                                                        ],
                                                                        "Filters": "score>10",
                                                                        "Estimated Cardinality": "770023"
                                                                    },
                                                                    "cumulative_cardinality": 92759,
                                                                    "operator_type": "TABLE_SCAN",
                                                                    "operator_cardinality": 92759,
                                                                    "cumulative_rows_scanned": 3850116,
                                                                    "operator_rows_scanned": 3850116,
                                                                    "operator_timing": 0.3073038999999999,
                                                                    "result_set_size": 2968288,
                                                                    "children": []
                                                                }
                                                            ]
                                                        },
                                                        {
                                                            "operator_name": "HASH_GROUP_BY",
                                                            "cpu_time": 522.2908617989938,
                                                            "extra_info": {
                                                                "Groups": "#0",
                                                                "Aggregates": [
                                                                    "count(DISTINCT #1)",
                                                                    "sum(#2)"
                                                                ],
                                                                "Estimated Cardinality": "385011"
                                                            },
                                                            "cumulative_cardinality": 15474575,
                                                            "operator_type": "HASH_GROUP_BY",
                                                            "operator_cardinality": 1668164,
                                                            "cumulative_rows_scanned": 3854068,
                                                            "operator_rows_scanned": 0,
                                                            "operator_timing": 1.2133589789999986,
                                                            "result_set_size": 46708592,
                                                            "children": [
                                                                {
                                                                    "operator_name": "PROJECTION",
                                                                    "cpu_time": 521.0775028199938,
                                                                    "extra_info": {
                                                                        "Projections": [
                                                                            "id",
                                                                            "tagname",
                                                                            "count"
                                                                        ],
                                                                        "Estimated Cardinality": "770023"
                                                                    },
                                                                    "cumulative_cardinality": 13806411,
                                                                    "operator_type": "PROJECTION",
                                                                    "operator_cardinality": 4044765,
                                                                    "cumulative_rows_scanned": 3854068,
                                                                    "operator_rows_scanned": 0,
                                                                    "operator_timing": 0.000719529,
                                                                    "result_set_size": 97074360,
                                                                    "children": [
                                                                        {
                                                                            "operator_name": "HASH_JOIN",
                                                                            "cpu_time": 521.0767832909938,
                                                                            "extra_info": {
                                                                                "Join Type": "LEFT",
                                                                                "Conditions": "id = id",
                                                                                "Estimated Cardinality": "770023"
                                                                            },
                                                                            "cumulative_cardinality": 9761646,
                                                                            "operator_type": "HASH_JOIN",
                                                                            "operator_cardinality": 4044765,
                                                                            "cumulative_rows_scanned": 3854068,
                                                                            "operator_rows_scanned": 0,
                                                                            "operator_timing": 0.08848569299999959,
                                                                            "result_set_size": 97074360,
                                                                            "children": [
                                                                                {
                                                                                    "operator_name": "BLOCKWISE_NL_JOIN",
                                                                                    "cpu_time": 520.9879290389938,
                                                                                    "extra_info": {
                                                                                        "Join Type": "INNER",
                                                                                        "Condition": "(tags ~~ concat('%<', tagname, '>%'))"
                                                                                    },
                                                                                    "cumulative_cardinality": 5714905,
                                                                                    "operator_type": "BLOCKWISE_NL_JOIN",
                                                                                    "operator_cardinality": 4044765,
                                                                                    "cumulative_rows_scanned": 3852092,
                                                                                    "operator_rows_scanned": 0,
                                                                                    "operator_timing": 520.6730302829939,
                                                                                    "result_set_size": 161790600,
                                                                                    "children": [
                                                                                        {
                                                                                            "operator_name": "READ_PARQUET ",
                                                                                            "cpu_time": 0.3144129890000002,
                                                                                            "extra_info": {
                                                                                                "Function": "READ_PARQUET",
                                                                                                "Projections": [
                                                                                                    "id",
                                                                                                    "tags"
                                                                                                ],
                                                                                                "Filters": "posttypeid=1",
                                                                                                "Estimated Cardinality": "770023"
                                                                                            },
                                                                                            "cumulative_cardinality": 1668164,
                                                                                            "operator_type": "TABLE_SCAN",
                                                                                            "operator_cardinality": 1668164,
                                                                                            "cumulative_rows_scanned": 3850116,
                                                                                            "operator_rows_scanned": 3850116,
                                                                                            "operator_timing": 0.3144129890000002,
                                                                                            "result_set_size": 33363280,
                                                                                            "children": []
                                                                                        },
                                                                                        {
                                                                                            "operator_name": "READ_PARQUET ",
                                                                                            "cpu_time": 0.000485767,
                                                                                            "extra_info": {
                                                                                                "Function": "READ_PARQUET",
                                                                                                "Projections": [
                                                                                                    "id",
                                                                                                    "tagname"
                                                                                                ],
                                                                                                "Estimated Cardinality": "1976"
                                                                                            },
                                                                                            "cumulative_cardinality": 1976,
                                                                                            "operator_type": "TABLE_SCAN",
                                                                                            "operator_cardinality": 1976,
                                                                                            "cumulative_rows_scanned": 1976,
                                                                                            "operator_rows_scanned": 1976,
                                                                                            "operator_timing": 0.000485767,
                                                                                            "result_set_size": 39520,
                                                                                            "children": []
                                                                                        }
                                                                                    ]
                                                                                },
                                                                                {
                                                                                    "operator_name": "READ_PARQUET ",
                                                                                    "cpu_time": 0.000368559,
                                                                                    "extra_info": {
                                                                                        "Function": "READ_PARQUET",
                                                                                        "Projections": [
                                                                                            "id",
                                                                                            "count"
                                                                                        ],
                                                                                        "Estimated Cardinality": "1976"
                                                                                    },
                                                                                    "cumulative_cardinality": 1976,
                                                                                    "operator_type": "TABLE_SCAN",
                                                                                    "operator_cardinality": 1976,
                                                                                    "cumulative_rows_scanned": 1976,
                                                                                    "operator_rows_scanned": 1976,
                                                                                    "operator_timing": 0.000368559,
                                                                                    "result_set_size": 15808,
                                                                                    "children": []
                                                                                }
                                                                            ]
                                                                        }
                                                                    ]
                                                                }
                                                            ]
                                                        }
                                                    ]
                                                }
                                            ]
                                        }
                                    ]
                                }
                            ]
                        }
                    ]
                }
            ]
        }
    ]
}