{
    "rows_returned": 0,
    "query_name": "WITH TagCounts AS (\n    SELECT\n        Tags.TagName,\n        COUNT(*) AS PostCount,\n        SUM(CASE WHEN P.PostTypeId = 1 THEN 1 ELSE 0 END) AS QuestionCount,\n        SUM(CASE WHEN P.PostTypeId = 2 THEN 1 ELSE 0 END) AS AnswerCount,\n        SUM(CASE WHEN PH.PostHistoryTypeId = 10 THEN 1 ELSE 0 END) AS ClosedPostCount\n    FROM \n        Posts P\n    JOIN \n        Tags ON P.Tags LIKE '%' || Tags.TagName || '%'\n    LEFT JOIN \n        PostHistory PH ON P.Id = PH.PostId\n    GROUP BY \n        Tags.TagName\n), \nUserVotes AS (\n    SELECT \n        U.Id AS UserId,\n        U.DisplayName,\n        SUM(CASE WHEN V.VoteTypeId = 2 THEN 1 ELSE 0 END) AS UpVoteCount,\n        SUM(CASE WHEN V.VoteTypeId = 3 THEN 1 ELSE 0 END) AS DownVoteCount\n    FROM \n        Users U\n    LEFT JOIN \n        Votes V ON U.Id = V.UserId\n    GROUP BY \n        U.Id, U.DisplayName\n),\nPostMetrics AS (\n    SELECT \n        P.Id AS PostId,\n        P.Title,\n        COALESCE(PC.PostCount, 0) AS TotalPosts,\n        COALESCE(UC.UpVoteCount, 0) AS TotalUpVotes,\n        COALESCE(UC.DownVoteCount, 0) AS TotalDownVotes,\n        COALESCE(TC.ClosedPostCount, 0) AS TotalClosedPosts\n    FROM \n        Posts P\n    LEFT JOIN \n        (SELECT \n            P.Id, \n            COUNT(P.Id) AS PostCount \n        FROM \n            Posts P \n        WHERE \n            P.PostTypeId IN (1, 2) \n        GROUP BY \n            P.Id) PC ON P.Id = PC.Id\n    LEFT JOIN \n        UserVotes UC ON P.OwnerUserId = UC.UserId\n    LEFT JOIN \n        TagCounts TC ON P.Tags LIKE '%' || TC.TagName || '%'\n)\nSELECT \n    Title,\n    TotalPosts,\n    TotalUpVotes,\n    TotalDownVotes,\n    TotalClosedPosts\nFROM \n    PostMetrics\nWHERE \n    TotalPosts > 1\nORDER BY \n    TotalPosts DESC, TotalUpVotes DESC, TotalDownVotes ASC\nLIMIT 10;\n",
    "blocked_thread_time": 0.0,
    "cpu_time": 518.4893032359583,
    "extra_info": {},
    "cumulative_cardinality": 87004868,
    "cumulative_rows_scanned": 37352371,
    "result_set_size": 0,
    "latency": 528.88348149,
    "children": [
        {
            "operator_name": "STREAMING_LIMIT",
            "cpu_time": 518.4893032359583,
            "extra_info": {},
            "cumulative_cardinality": 87004868,
            "operator_type": "STREAMING_LIMIT",
            "operator_cardinality": 0,
            "cumulative_rows_scanned": 37352371,
            "operator_rows_scanned": 0,
            "operator_timing": 0.0,
            "result_set_size": 0,
            "children": [
                {
                    "operator_name": "ORDER_BY",
                    "cpu_time": 518.4893032359583,
                    "extra_info": {
                        "Order By": [
                            "PostMetrics.TotalPosts DESC",
                            "PostMetrics.TotalUpVotes DESC",
                            "PostMetrics.TotalDownVotes ASC"
                        ]
                    },
                    "cumulative_cardinality": 87004868,
                    "operator_type": "ORDER_BY",
                    "operator_cardinality": 0,
                    "cumulative_rows_scanned": 37352371,
                    "operator_rows_scanned": 0,
                    "operator_timing": 5.41e-7,
                    "result_set_size": 0,
                    "children": [
                        {
                            "operator_name": "PROJECTION",
                            "cpu_time": 518.4893026949584,
                            "extra_info": {
                                "Projections": [
                                    "title",
                                    "TotalPosts",
                                    "TotalUpVotes",
                                    "TotalDownVotes",
                                    "TotalClosedPosts"
                                ],
                                "Estimated Cardinality": "3850116"
                            },
                            "cumulative_cardinality": 87004868,
                            "operator_type": "PROJECTION",
                            "operator_cardinality": 0,
                            "cumulative_rows_scanned": 37352371,
                            "operator_rows_scanned": 0,
                            "operator_timing": 0.0,
                            "result_set_size": 0,
                            "children": [
                                {
                                    "operator_name": "BLOCKWISE_NL_JOIN",
                                    "cpu_time": 518.4893026949584,
                                    "extra_info": {
                                        "Join Type": "RIGHT",
                                        "Condition": "(tags ~~ (('%' || tagname) || '%'))"
                                    },
                                    "cumulative_cardinality": 87004868,
                                    "operator_type": "BLOCKWISE_NL_JOIN",
                                    "operator_cardinality": 0,
                                    "cumulative_rows_scanned": 37352371,
                                    "operator_rows_scanned": 0,
                                    "operator_timing": 0.000028122,
                                    "result_set_size": 0,
                                    "children": [
                                        {
                                            "operator_name": "HASH_GROUP_BY",
                                            "cpu_time": 510.3778465249584,
                                            "extra_info": {
                                                "Groups": "#0",
                                                "Aggregates": "sum(#1)",
                                                "Estimated Cardinality": "3850116"
                                            },
                                            "cumulative_cardinality": 71583646,
                                            "operator_type": "HASH_GROUP_BY",
                                            "operator_cardinality": 1976,
                                            "cumulative_rows_scanned": 15647336,
                                            "operator_rows_scanned": 0,
                                            "operator_timing": 1.4119362679999934,
                                            "result_set_size": 63232,
                                            "children": [
                                                {
                                                    "operator_name": "PROJECTION",
                                                    "cpu_time": 508.9659102569584,
                                                    "extra_info": {
                                                        "Projections": [
                                                            "tagname",
                                                            "CASE  WHEN ((posthistorytypeid = 10)) THEN (1) ELSE 0 END"
                                                        ],
                                                        "Estimated Cardinality": "11795244"
                                                    },
                                                    "cumulative_cardinality": 71581670,
                                                    "operator_type": "PROJECTION",
                                                    "operator_cardinality": 25399352,
                                                    "cumulative_rows_scanned": 15647336,
                                                    "operator_rows_scanned": 0,
                                                    "operator_timing": 0.12330223400000007,
                                                    "result_set_size": 507987040,
                                                    "children": [
                                                        {
                                                            "operator_name": "HASH_JOIN",
                                                            "cpu_time": 508.8426080229584,
                                                            "extra_info": {
                                                                "Join Type": "RIGHT",
                                                                "Conditions": "postid = id",
                                                                "Estimated Cardinality": "11795244"
                                                            },
                                                            "cumulative_cardinality": 46182318,
                                                            "operator_type": "HASH_JOIN",
                                                            "operator_cardinality": 25399352,
                                                            "cumulative_rows_scanned": 15647336,
                                                            "operator_rows_scanned": 0,
                                                            "operator_timing": 1.8782904350000047,
                                                            "result_set_size": 457188336,
                                                            "children": [
                                                                {
                                                                    "operator_name": "READ_PARQUET ",
                                                                    "cpu_time": 4.035220842000001,
                                                                    "extra_info": {
                                                                        "Function": "READ_PARQUET",
                                                                        "Projections": [
                                                                            "posthistorytypeid",
                                                                            "postid"
                                                                        ],
                                                                        "Estimated Cardinality": "11795244"
                                                                    },
                                                                    "cumulative_cardinality": 11795244,
                                                                    "operator_type": "TABLE_SCAN",
                                                                    "operator_cardinality": 11795244,
                                                                    "cumulative_rows_scanned": 11795244,
                                                                    "operator_rows_scanned": 11795244,
                                                                    "operator_timing": 4.035220842000001,
                                                                    "result_set_size": 70771464,
                                                                    "children": []
                                                                },
                                                                {
                                                                    "operator_name": "BLOCKWISE_NL_JOIN",
                                                                    "cpu_time": 502.9290967459584,
                                                                    "extra_info": {
                                                                        "Join Type": "INNER",
                                                                        "Condition": "(tags ~~ (('%' || tagname) || '%'))"
                                                                    },
                                                                    "cumulative_cardinality": 8987722,
                                                                    "operator_type": "BLOCKWISE_NL_JOIN",
                                                                    "operator_cardinality": 5135630,
                                                                    "cumulative_rows_scanned": 3852092,
                                                                    "operator_rows_scanned": 0,
                                                                    "operator_timing": 501.1699564019584,
                                                                    "result_set_size": 184882680,
                                                                    "children": [
                                                                        {
                                                                            "operator_name": "READ_PARQUET ",
                                                                            "cpu_time": 1.7583443079999979,
                                                                            "extra_info": {
                                                                                "Function": "READ_PARQUET",
                                                                                "Projections": [
                                                                                    "id",
                                                                                    "tags"
                                                                                ],
                                                                                "Estimated Cardinality": "3850116"
                                                                            },
                                                                            "cumulative_cardinality": 3850116,
                                                                            "operator_type": "TABLE_SCAN",
                                                                            "operator_cardinality": 3850116,
                                                                            "cumulative_rows_scanned": 3850116,
                                                                            "operator_rows_scanned": 3850116,
                                                                            "operator_timing": 1.7583443079999979,
                                                                            "result_set_size": 77002320,
                                                                            "children": []
                                                                        },
                                                                        {
                                                                            "operator_name": "READ_PARQUET ",
                                                                            "cpu_time": 0.000796036,
                                                                            "extra_info": {
                                                                                "Function": "READ_PARQUET",
                                                                                "Projections": "tagname",
                                                                                "Estimated Cardinality": "1976"
                                                                            },
                                                                            "cumulative_cardinality": 1976,
                                                                            "operator_type": "TABLE_SCAN",
                                                                            "operator_cardinality": 1976,
                                                                            "cumulative_rows_scanned": 1976,
                                                                            "operator_rows_scanned": 1976,
                                                                            "operator_timing": 0.000796036,
                                                                            "result_set_size": 31616,
                                                                            "children": []
                                                                        }
                                                                    ]
                                                                }
                                                            ]
                                                        }
                                                    ]
                                                }
                                            ]
                                        },
                                        {
                                            "operator_name": "HASH_JOIN",
                                            "cpu_time": 8.111428048000004,
                                            "extra_info": {
                                                "Join Type": "RIGHT",
                                                "Conditions": "UserId = owneruserid",
                                                "Estimated Cardinality": "1260710"
                                            },
                                            "cumulative_cardinality": 15421222,
                                            "operator_type": "HASH_JOIN",
                                            "operator_cardinality": 0,
                                            "cumulative_rows_scanned": 21705035,
                                            "operator_rows_scanned": 0,
                                            "operator_timing": 0.000043041,
                                            "result_set_size": 0,
                                            "children": [
                                                {
                                                    "operator_name": "PROJECTION",
                                                    "cpu_time": 3.935301548000002,
                                                    "extra_info": {
                                                        "Projections": [
                                                            "UserId",
                                                            "UpVoteCount",
                                                            "DownVoteCount"
                                                        ],
                                                        "Estimated Cardinality": "1260710"
                                                    },
                                                    "cumulative_cardinality": 3882803,
                                                    "operator_type": "PROJECTION",
                                                    "operator_cardinality": 2048,
                                                    "cumulative_rows_scanned": 14004803,
                                                    "operator_rows_scanned": 0,
                                                    "operator_timing": 0.000004859,
                                                    "result_set_size": 73728,
                                                    "children": [
                                                        {
                                                            "operator_name": "HASH_GROUP_BY",
                                                            "cpu_time": 3.935296689000002,
                                                            "extra_info": {
                                                                "Groups": [
                                                                    "#0",
                                                                    "#1"
                                                                ],
                                                                "Aggregates": [
                                                                    "sum(#2)",
                                                                    "sum(#3)"
                                                                ],
                                                                "Estimated Cardinality": "1260710"
                                                            },
                                                            "cumulative_cardinality": 3880755,
                                                            "operator_type": "HASH_GROUP_BY",
                                                            "operator_cardinality": 2048,
                                                            "cumulative_rows_scanned": 14004803,
                                                            "operator_rows_scanned": 0,
                                                            "operator_timing": 0.44046748800000013,
                                                            "result_set_size": 106496,
                                                            "children": [
                                                                {
                                                                    "operator_name": "PROJECTION",
                                                                    "cpu_time": 3.494829201000002,
                                                                    "extra_info": {
                                                                        "Projections": [
                                                                            "id",
                                                                            "displayname",
                                                                            "CASE  WHEN ((votetypeid = 2)) THEN (1) ELSE 0 END",
                                                                            "CASE  WHEN ((votetypeid = 3)) THEN (1) ELSE 0 END"
                                                                        ],
                                                                        "Estimated Cardinality": "12744093"
                                                                    },
                                                                    "cumulative_cardinality": 3878707,
                                                                    "operator_type": "PROJECTION",
                                                                    "operator_cardinality": 1288855,
                                                                    "cumulative_rows_scanned": 14004803,
                                                                    "operator_rows_scanned": 0,
                                                                    "operator_timing": 0.004312768999999996,
                                                                    "result_set_size": 36087940,
                                                                    "children": [
                                                                        {
                                                                            "operator_name": "HASH_JOIN",
                                                                            "cpu_time": 3.490516432000002,
                                                                            "extra_info": {
                                                                                "Join Type": "RIGHT",
                                                                                "Conditions": "userid = id",
                                                                                "Estimated Cardinality": "12744093"
                                                                            },
                                                                            "cumulative_cardinality": 2589852,
                                                                            "operator_type": "HASH_JOIN",
                                                                            "operator_cardinality": 1288855,
                                                                            "cumulative_rows_scanned": 14004803,
                                                                            "operator_rows_scanned": 0,
                                                                            "operator_timing": 0.16306535400000008,
                                                                            "result_set_size": 28354810,
                                                                            "children": [
                                                                                {
                                                                                    "operator_name": "READ_PARQUET ",
                                                                                    "cpu_time": 0.5112624509999995,
                                                                                    "extra_info": {
                                                                                        "Function": "READ_PARQUET",
                                                                                        "Projections": [
                                                                                            "votetypeid",
                                                                                            "userid"
                                                                                        ],
                                                                                        "Estimated Cardinality": "12744093"
                                                                                    },
                                                                                    "cumulative_cardinality": 40287,
                                                                                    "operator_type": "TABLE_SCAN",
                                                                                    "operator_cardinality": 40287,
                                                                                    "cumulative_rows_scanned": 12744093,
                                                                                    "operator_rows_scanned": 12744093,
                                                                                    "operator_timing": 0.5112624509999995,
                                                                                    "result_set_size": 241722,
                                                                                    "children": []
                                                                                },
                                                                                {
                                                                                    "operator_name": "READ_PARQUET ",
                                                                                    "cpu_time": 2.8161886270000025,
                                                                                    "extra_info": {
                                                                                        "Function": "READ_PARQUET",
                                                                                        "Projections": [
                                                                                            "id",
                                                                                            "displayname"
                                                                                        ],
                                                                                        "Estimated Cardinality": "1260710"
                                                                                    },
                                                                                    "cumulative_cardinality": 1260710,
                                                                                    "operator_type": "TABLE_SCAN",
                                                                                    "operator_cardinality": 1260710,
                                                                                    "cumulative_rows_scanned": 1260710,
                                                                                    "operator_rows_scanned": 1260710,
                                                                                    "operator_timing": 2.8161886270000025,
                                                                                    "result_set_size": 25214200,
                                                                                    "children": []
                                                                                }
                                                                            ]
                                                                        }
                                                                    ]
                                                                }
                                                            ]
                                                        }
                                                    ]
                                                },
                                                {
                                                    "operator_name": "HASH_JOIN",
                                                    "cpu_time": 4.176083459000001,
                                                    "extra_info": {
                                                        "Join Type": "INNER",
                                                        "Conditions": "id = id",
                                                        "Estimated Cardinality": "77002"
                                                    },
                                                    "cumulative_cardinality": 11538419,
                                                    "operator_type": "HASH_JOIN",
                                                    "operator_cardinality": 0,
                                                    "cumulative_rows_scanned": 7700232,
                                                    "operator_rows_scanned": 0,
                                                    "operator_timing": 0.000023522999999999998,
                                                    "result_set_size": 0,
                                                    "children": [
                                                        {
                                                            "operator_name": "READ_PARQUET ",
                                                            "cpu_time": 0.615647614,
                                                            "extra_info": {
                                                                "Function": "READ_PARQUET",
                                                                "Projections": [
                                                                    "id",
                                                                    "owneruserid",
                                                                    "title",
                                                                    "tags"
                                                                ],
                                                                "Estimated Cardinality": "3850116"
                                                            },
                                                            "cumulative_cardinality": 2048,
                                                            "operator_type": "TABLE_SCAN",
                                                            "operator_cardinality": 2048,
                                                            "cumulative_rows_scanned": 3850116,
                                                            "operator_rows_scanned": 3850116,
                                                            "operator_timing": 0.615647614,
                                                            "result_set_size": 81920,
                                                            "children": []
                                                        },
                                                        {
                                                            "operator_name": "FILTER",
                                                            "cpu_time": 3.560412322000001,
                                                            "extra_info": {
                                                                "Expression": "(COALESCE(PostCount, 0) > 1)",
                                                                "Estimated Cardinality": "77002"
                                                            },
                                                            "cumulative_cardinality": 11536371,
                                                            "operator_type": "FILTER",
                                                            "operator_cardinality": 0,
                                                            "cumulative_rows_scanned": 3850116,
                                                            "operator_rows_scanned": 0,
                                                            "operator_timing": 0.05080295299999995,
                                                            "result_set_size": 0,
                                                            "children": [
                                                                {
                                                                    "operator_name": "HASH_GROUP_BY",
                                                                    "cpu_time": 3.509609369000001,
                                                                    "extra_info": {
                                                                        "Groups": "#0",
                                                                        "Aggregates": "count_star()",
                                                                        "Estimated Cardinality": "385011"
                                                                    },
                                                                    "cumulative_cardinality": 11536371,
                                                                    "operator_type": "HASH_GROUP_BY",
                                                                    "operator_cardinality": 3845457,
                                                                    "cumulative_rows_scanned": 3850116,
                                                                    "operator_rows_scanned": 0,
                                                                    "operator_timing": 0.6847618870000004,
                                                                    "result_set_size": 46145484,
                                                                    "children": [
                                                                        {
                                                                            "operator_name": "PROJECTION",
                                                                            "cpu_time": 2.8248474820000005,
                                                                            "extra_info": {
                                                                                "Projections": "id",
                                                                                "Estimated Cardinality": "770023"
                                                                            },
                                                                            "cumulative_cardinality": 7690914,
                                                                            "operator_type": "PROJECTION",
                                                                            "operator_cardinality": 3845457,
                                                                            "cumulative_rows_scanned": 3850116,
                                                                            "operator_rows_scanned": 0,
                                                                            "operator_timing": 0.0007179100000000007,
                                                                            "result_set_size": 15381828,
                                                                            "children": [
                                                                                {
                                                                                    "operator_name": "READ_PARQUET ",
                                                                                    "cpu_time": 2.8241295720000004,
                                                                                    "extra_info": {
                                                                                        "Function": "READ_PARQUET",
                                                                                        "Projections": "id",
                                                                                        "Filters": "posttypeid>=1 AND posttypeid<=2",
                                                                                        "Estimated Cardinality": "770023"
                                                                                    },
                                                                                    "cumulative_cardinality": 3845457,
                                                                                    "operator_type": "TABLE_SCAN",
                                                                                    "operator_cardinality": 3845457,
                                                                                    "cumulative_rows_scanned": 3850116,
                                                                                    "operator_rows_scanned": 3850116,
                                                                                    "operator_timing": 2.8241295720000004,
                                                                                    "result_set_size": 15381828,
                                                                                    "children": []
                                                                                }
                                                                            ]
                                                                        }
                                                                    ]
                                                                }
                                                            ]
                                                        }
                                                    ]
                                                }
                                            ]
                                        }
                                    ]
                                }
                            ]
                        }
                    ]
                }
            ]
        }
    ]
}