{
    "rows_returned": 100,
    "query_name": "\nWITH RecentPosts AS (\n    SELECT \n        p.Id AS PostID,\n        p.Title,\n        p.CreationDate,\n        p.OwnerUserId,\n        p.Score,\n        ROW_NUMBER() OVER (PARTITION BY p.OwnerUserId ORDER BY p.CreationDate DESC) AS rn\n    FROM \n        Posts p\n    WHERE \n        p.CreationDate >= TIMESTAMP '2024-10-01 12:34:56' - INTERVAL '30 days'\n),\nUserMetrics AS (\n    SELECT \n        u.Id AS UserID,\n        u.DisplayName,\n        COALESCE(SUM(CASE WHEN v.VoteTypeId = 2 THEN 1 ELSE 0 END), 0) AS UpVoteCount,\n        COALESCE(SUM(CASE WHEN v.VoteTypeId = 3 THEN 1 ELSE 0 END), 0) AS DownVoteCount,\n        COUNT(DISTINCT b.Id) AS BadgeCount,\n        AVG(p.Score) AS AvgPostScore\n    FROM \n        Users u\n    LEFT JOIN \n        Posts p ON u.Id = p.OwnerUserId\n    LEFT JOIN \n        Votes v ON p.Id = v.PostId\n    LEFT JOIN \n        Badges b ON u.Id = b.UserId\n    GROUP BY \n        u.Id, u.DisplayName\n),\nClosedPosts AS (\n    SELECT \n        ph.PostId,\n        ph.UserDisplayName,\n        COUNT(*) AS CloseCount\n    FROM \n        PostHistory ph\n    WHERE \n        ph.PostHistoryTypeId = 10\n    GROUP BY \n        ph.PostId, ph.UserDisplayName\n)\nSELECT \n    rp.PostID,\n    rp.Title,\n    rp.CreationDate,\n    um.DisplayName AS OwnerDisplayName,\n    um.UpVoteCount,\n    um.DownVoteCount,\n    um.BadgeCount,\n    um.AvgPostScore,\n    cp.CloseCount,\n    COALESCE(cp.CloseCount, 0) AS CloseCountNullable\nFROM \n    RecentPosts rp\nJOIN \n    UserMetrics um ON rp.OwnerUserId = um.UserID\nLEFT JOIN \n    ClosedPosts cp ON rp.PostID = cp.PostId\nWHERE \n    um.AvgPostScore > 10\nORDER BY \n    rp.CreationDate DESC\nLIMIT 100;\n",
    "blocked_thread_time": 0.0,
    "cpu_time": 185.59203834599694,
    "extra_info": {},
    "cumulative_cardinality": 7092566723,
    "cumulative_rows_scanned": 35822003,
    "result_set_size": 10800,
    "latency": 226.081735542,
    "children": [
        {
            "operator_name": "STREAMING_LIMIT",
            "cpu_time": 185.59203834599694,
            "extra_info": {},
            "cumulative_cardinality": 7092566723,
            "operator_type": "STREAMING_LIMIT",
            "operator_cardinality": 100,
            "cumulative_rows_scanned": 35822003,
            "operator_rows_scanned": 0,
            "operator_timing": 0.0000012730000000000001,
            "result_set_size": 10800,
            "children": [
                {
                    "operator_name": "ORDER_BY",
                    "cpu_time": 185.59203707299693,
                    "extra_info": {
                        "Order By": "rp.CreationDate DESC"
                    },
                    "cumulative_cardinality": 7092566623,
                    "operator_type": "ORDER_BY",
                    "operator_cardinality": 866,
                    "cumulative_rows_scanned": 35822003,
                    "operator_rows_scanned": 0,
                    "operator_timing": 0.00022573300000000002,
                    "result_set_size": 93528,
                    "children": [
                        {
                            "operator_name": "PROJECTION",
                            "cpu_time": 185.59181133999692,
                            "extra_info": {
                                "Projections": [
                                    "PostID",
                                    "title",
                                    "creationdate",
                                    "OwnerDisplayName",
                                    "UpVoteCount",
                                    "DownVoteCount",
                                    "BadgeCount",
                                    "AvgPostScore",
                                    "CloseCount",
                                    "CloseCountNullable"
                                ],
                                "Estimated Cardinality": "1179524"
                            },
                            "cumulative_cardinality": 7092565757,
                            "operator_type": "PROJECTION",
                            "operator_cardinality": 866,
                            "cumulative_rows_scanned": 35822003,
                            "operator_rows_scanned": 0,
                            "operator_timing": 0.000050144,
                            "result_set_size": 93528,
                            "children": [
                                {
                                    "operator_name": "HASH_JOIN",
                                    "cpu_time": 185.59176119599692,
                                    "extra_info": {
                                        "Join Type": "RIGHT",
                                        "Conditions": "postid = PostID",
                                        "Estimated Cardinality": "1179524"
                                    },
                                    "cumulative_cardinality": 7092564891,
                                    "operator_type": "HASH_JOIN",
                                    "operator_cardinality": 866,
                                    "cumulative_rows_scanned": 35822003,
                                    "operator_rows_scanned": 0,
                                    "operator_timing": 0.001766995,
                                    "result_set_size": 96992,
                                    "children": [
                                        {
                                            "operator_name": "PROJECTION",
                                            "cpu_time": 0.22209978999999938,
                                            "extra_info": {
                                                "Projections": [
                                                    "postid",
                                                    "CloseCount"
                                                ],
                                                "Estimated Cardinality": "1179524"
                                            },
                                            "cumulative_cardinality": 483942,
                                            "operator_type": "PROJECTION",
                                            "operator_cardinality": 120507,
                                            "cumulative_rows_scanned": 11795244,
                                            "operator_rows_scanned": 0,
                                            "operator_timing": 0.000008203000000000001,
                                            "result_set_size": 1446084,
                                            "children": [
                                                {
                                                    "operator_name": "HASH_GROUP_BY",
                                                    "cpu_time": 0.22209158699999937,
                                                    "extra_info": {
                                                        "Groups": [
                                                            "#0",
                                                            "#1"
                                                        ],
                                                        "Aggregates": "count_star()",
                                                        "Estimated Cardinality": "1179524"
                                                    },
                                                    "cumulative_cardinality": 363435,
                                                    "operator_type": "HASH_GROUP_BY",
                                                    "operator_cardinality": 120507,
                                                    "cumulative_rows_scanned": 11795244,
                                                    "operator_rows_scanned": 0,
                                                    "operator_timing": 0.027199988000000005,
                                                    "result_set_size": 3374196,
                                                    "children": [
                                                        {
                                                            "operator_name": "PROJECTION",
                                                            "cpu_time": 0.19489159899999936,
                                                            "extra_info": {
                                                                "Projections": [
                                                                    "postid",
                                                                    "userdisplayname"
                                                                ],
                                                                "Estimated Cardinality": "2359048"
                                                            },
                                                            "cumulative_cardinality": 242928,
                                                            "operator_type": "PROJECTION",
                                                            "operator_cardinality": 121464,
                                                            "cumulative_rows_scanned": 11795244,
                                                            "operator_rows_scanned": 0,
                                                            "operator_timing": 0.0007096320000000064,
                                                            "result_set_size": 2429280,
                                                            "children": [
                                                                {
                                                                    "operator_name": "READ_PARQUET ",
                                                                    "cpu_time": 0.19418196699999934,
                                                                    "extra_info": {
                                                                        "Function": "READ_PARQUET",
                                                                        "Projections": [
                                                                            "postid",
                                                                            "userdisplayname"
                                                                        ],
                                                                        "Filters": "posthistorytypeid=10",
                                                                        "Estimated Cardinality": "2359048"
                                                                    },
                                                                    "cumulative_cardinality": 121464,
                                                                    "operator_type": "TABLE_SCAN",
                                                                    "operator_cardinality": 121464,
                                                                    "cumulative_rows_scanned": 11795244,
                                                                    "operator_rows_scanned": 11795244,
                                                                    "operator_timing": 0.19418196699999934,
                                                                    "result_set_size": 2429280,
                                                                    "children": []
                                                                }
                                                            ]
                                                        }
                                                    ]
                                                }
                                            ]
                                        },
                                        {
                                            "operator_name": "HASH_JOIN",
                                            "cpu_time": 185.3678944109969,
                                            "extra_info": {
                                                "Join Type": "INNER",
                                                "Conditions": "owneruserid = UserID",
                                                "Estimated Cardinality": "154004"
                                            },
                                            "cumulative_cardinality": 7092080083,
                                            "operator_type": "HASH_JOIN",
                                            "operator_cardinality": 866,
                                            "cumulative_rows_scanned": 24026759,
                                            "operator_rows_scanned": 0,
                                            "operator_timing": 0.002127415,
                                            "result_set_size": 86600,
                                            "children": [
                                                {
                                                    "operator_name": "PROJECTION",
                                                    "cpu_time": 0.06540780799999998,
                                                    "extra_info": {
                                                        "Projections": [
                                                            "PostID",
                                                            "title",
                                                            "creationdate",
                                                            "owneruserid"
                                                        ],
                                                        "Estimated Cardinality": "770023"
                                                    },
                                                    "cumulative_cardinality": 39708,
                                                    "operator_type": "PROJECTION",
                                                    "operator_cardinality": 9927,
                                                    "cumulative_rows_scanned": 3850116,
                                                    "operator_rows_scanned": 0,
                                                    "operator_timing": 0.0000033059999999999998,
                                                    "result_set_size": 317664,
                                                    "children": [
                                                        {
                                                            "operator_name": "PROJECTION",
                                                            "cpu_time": 0.06540450199999999,
                                                            "extra_info": {
                                                                "Projections": [
                                                                    "#0",
                                                                    "#1",
                                                                    "#2",
                                                                    "#3",
                                                                    "#4"
                                                                ],
                                                                "Estimated Cardinality": "770023"
                                                            },
                                                            "cumulative_cardinality": 29781,
                                                            "operator_type": "PROJECTION",
                                                            "operator_cardinality": 9927,
                                                            "cumulative_rows_scanned": 3850116,
                                                            "operator_rows_scanned": 0,
                                                            "operator_timing": 0.0000045189999999999994,
                                                            "result_set_size": 397080,
                                                            "children": [
                                                                {
                                                                    "operator_name": "WINDOW",
                                                                    "cpu_time": 0.065399983,
                                                                    "extra_info": {
                                                                        "Projections": "ROW_NUMBER() OVER (PARTITION BY owneruserid ORDER BY creationdate DESC NULLS LAST)"
                                                                    },
                                                                    "cumulative_cardinality": 19854,
                                                                    "operator_type": "WINDOW",
                                                                    "operator_cardinality": 9927,
                                                                    "cumulative_rows_scanned": 3850116,
                                                                    "operator_rows_scanned": 0,
                                                                    "operator_timing": 0.0036737030000000004,
                                                                    "result_set_size": 397080,
                                                                    "children": [
                                                                        {
                                                                            "operator_name": "READ_PARQUET ",
                                                                            "cpu_time": 0.06172628,
                                                                            "extra_info": {
                                                                                "Function": "READ_PARQUET",
                                                                                "Projections": [
                                                                                    "id",
                                                                                    "creationdate",
                                                                                    "owneruserid",
                                                                                    "title"
                                                                                ],
                                                                                "Filters": "creationdate>='2024-09-01 12:34:56'::TIMESTAMP",
                                                                                "Estimated Cardinality": "770023"
                                                                            },
                                                                            "cumulative_cardinality": 9927,
                                                                            "operator_type": "TABLE_SCAN",
                                                                            "operator_cardinality": 9927,
                                                                            "cumulative_rows_scanned": 3850116,
                                                                            "operator_rows_scanned": 3850116,
                                                                            "operator_timing": 0.06172628,
                                                                            "result_set_size": 317664,
                                                                            "children": []
                                                                        }
                                                                    ]
                                                                }
                                                            ]
                                                        }
                                                    ]
                                                },
                                                {
                                                    "operator_name": "PROJECTION",
                                                    "cpu_time": 185.30035918799692,
                                                    "extra_info": {
                                                        "Projections": [
                                                            "UserID",
                                                            "displayname",
                                                            "UpVoteCount",
                                                            "DownVoteCount",
                                                            "BadgeCount",
                                                            "AvgPostScore"
                                                        ],
                                                        "Estimated Cardinality": "252142"
                                                    },
                                                    "cumulative_cardinality": 7092039509,
                                                    "operator_type": "PROJECTION",
                                                    "operator_cardinality": 11457,
                                                    "cumulative_rows_scanned": 20176643,
                                                    "operator_rows_scanned": 0,
                                                    "operator_timing": 0.000564878,
                                                    "result_set_size": 779076,
                                                    "children": [
                                                        {
                                                            "operator_name": "FILTER",
                                                            "cpu_time": 185.2997943099969,
                                                            "extra_info": {
                                                                "Expression": "(AvgPostScore > 10.0)",
                                                                "Estimated Cardinality": "1260710"
                                                            },
                                                            "cumulative_cardinality": 7092028052,
                                                            "operator_type": "FILTER",
                                                            "operator_cardinality": 11457,
                                                            "cumulative_rows_scanned": 20176643,
                                                            "operator_rows_scanned": 0,
                                                            "operator_timing": 0.0029280619999999986,
                                                            "result_set_size": 779076,
                                                            "children": [
                                                                {
                                                                    "operator_name": "HASH_GROUP_BY",
                                                                    "cpu_time": 185.29686624799692,
                                                                    "extra_info": {
                                                                        "Groups": [
                                                                            "#0",
                                                                            "#1"
                                                                        ],
                                                                        "Aggregates": [
                                                                            "sum(#2)",
                                                                            "sum(#3)",
                                                                            "count(DISTINCT #4)",
                                                                            "avg(#5)"
                                                                        ],
                                                                        "Estimated Cardinality": "1260710"
                                                                    },
                                                                    "cumulative_cardinality": 7092016595,
                                                                    "operator_type": "HASH_GROUP_BY",
                                                                    "operator_cardinality": 1260679,
                                                                    "cumulative_rows_scanned": 20176643,
                                                                    "operator_rows_scanned": 0,
                                                                    "operator_timing": 143.01864347199958,
                                                                    "result_set_size": 85726172,
                                                                    "children": [
                                                                        {
                                                                            "operator_name": "PROJECTION",
                                                                            "cpu_time": 42.27822277599734,
                                                                            "extra_info": {
                                                                                "Projections": [
                                                                                    "id",
                                                                                    "displayname",
                                                                                    "CASE  WHEN ((votetypeid = 2)) THEN (1) ELSE 0 END",
                                                                                    "CASE  WHEN ((votetypeid = 3)) THEN (1) ELSE 0 END",
                                                                                    "id",
                                                                                    "score"
                                                                                ],
                                                                                "Estimated Cardinality": "12744093"
                                                                            },
                                                                            "cumulative_cardinality": 7090755916,
                                                                            "operator_type": "PROJECTION",
                                                                            "operator_cardinality": 2346038434,
                                                                            "cumulative_rows_scanned": 20176643,
                                                                            "operator_rows_scanned": 0,
                                                                            "operator_timing": 12.530846942998169,
                                                                            "result_set_size": 84457383624,
                                                                            "children": [
                                                                                {
                                                                                    "operator_name": "FILTER",
                                                                                    "cpu_time": 29.74737583299917,
                                                                                    "extra_info": {
                                                                                        "Expression": "(id <= 1416539)",
                                                                                        "Estimated Cardinality": "12744093"
                                                                                    },
                                                                                    "cumulative_cardinality": 4744717482,
                                                                                    "operator_type": "FILTER",
                                                                                    "operator_cardinality": 2346038434,
                                                                                    "cumulative_rows_scanned": 20176643,
                                                                                    "operator_rows_scanned": 0,
                                                                                    "operator_timing": 4.293906346999101,
                                                                                    "result_set_size": 70381153020,
                                                                                    "children": [
                                                                                        {
                                                                                            "operator_name": "HASH_JOIN",
                                                                                            "cpu_time": 25.45346948600007,
                                                                                            "extra_info": {
                                                                                                "Join Type": "LEFT",
                                                                                                "Conditions": "id = userid",
                                                                                                "Estimated Cardinality": "12744093"
                                                                                            },
                                                                                            "cumulative_cardinality": 2398679048,
                                                                                            "operator_type": "HASH_JOIN",
                                                                                            "operator_cardinality": 2346038465,
                                                                                            "cumulative_rows_scanned": 20176643,
                                                                                            "operator_rows_scanned": 0,
                                                                                            "operator_timing": 20.876836451000067,
                                                                                            "result_set_size": 70381153950,
                                                                                            "children": [
                                                                                                {
                                                                                                    "operator_name": "PROJECTION",
                                                                                                    "cpu_time": 4.195422010000004,
                                                                                                    "extra_info": {
                                                                                                        "Projections": [
                                                                                                            "#0",
                                                                                                            "#2",
                                                                                                            "#3",
                                                                                                            "__internal_decompress_integral_integer(#1, -72)"
                                                                                                        ],
                                                                                                        "Estimated Cardinality": "12744093"
                                                                                                    },
                                                                                                    "cumulative_cardinality": 50318859,
                                                                                                    "operator_type": "PROJECTION",
                                                                                                    "operator_cardinality": 11739825,
                                                                                                    "cumulative_rows_scanned": 17854919,
                                                                                                    "operator_rows_scanned": 0,
                                                                                                    "operator_timing": 0.007274071000000046,
                                                                                                    "result_set_size": 305235450,
                                                                                                    "children": [
                                                                                                        {
                                                                                                            "operator_name": "HASH_JOIN",
                                                                                                            "cpu_time": 4.188147939000004,
                                                                                                            "extra_info": {
                                                                                                                "Join Type": "RIGHT",
                                                                                                                "Conditions": "postid = id",
                                                                                                                "Estimated Cardinality": "12744093"
                                                                                                            },
                                                                                                            "cumulative_cardinality": 38579034,
                                                                                                            "operator_type": "HASH_JOIN",
                                                                                                            "operator_cardinality": 11739825,
                                                                                                            "cumulative_rows_scanned": 17854919,
                                                                                                            "operator_rows_scanned": 0,
                                                                                                            "operator_timing": 1.231927634000003,
                                                                                                            "result_set_size": 281755800,
                                                                                                            "children": [
                                                                                                                {
                                                                                                                    "operator_name": "READ_PARQUET ",
                                                                                                                    "cpu_time": 0.24510848399999993,
                                                                                                                    "extra_info": {
                                                                                                                        "Function": "READ_PARQUET",
                                                                                                                        "Projections": [
                                                                                                                            "postid",
                                                                                                                            "votetypeid"
                                                                                                                        ],
                                                                                                                        "Estimated Cardinality": "12744093"
                                                                                                                    },
                                                                                                                    "cumulative_cardinality": 12744093,
                                                                                                                    "operator_type": "TABLE_SCAN",
                                                                                                                    "operator_cardinality": 12744093,
                                                                                                                    "cumulative_rows_scanned": 12744093,
                                                                                                                    "operator_rows_scanned": 12744093,
                                                                                                                    "operator_timing": 0.24510848399999993,
                                                                                                                    "result_set_size": 76464558,
                                                                                                                    "children": []
                                                                                                                },
                                                                                                                {
                                                                                                                    "operator_name": "PROJECTION",
                                                                                                                    "cpu_time": 2.7111118210000007,
                                                                                                                    "extra_info": {
                                                                                                                        "Projections": [
                                                                                                                            "#0",
                                                                                                                            "__internal_compress_integral_usmallint(#1, -72)",
                                                                                                                            "#2",
                                                                                                                            "#3"
                                                                                                                        ],
                                                                                                                        "Estimated Cardinality": "3850116"
                                                                                                                    },
                                                                                                                    "cumulative_cardinality": 14095116,
                                                                                                                    "operator_type": "PROJECTION",
                                                                                                                    "operator_cardinality": 4574495,
                                                                                                                    "cumulative_rows_scanned": 5110826,
                                                                                                                    "operator_rows_scanned": 0,
                                                                                                                    "operator_timing": 0.004476120999999997,
                                                                                                                    "result_set_size": 118936870,
                                                                                                                    "children": [
                                                                                                                        {
                                                                                                                            "operator_name": "HASH_JOIN",
                                                                                                                            "cpu_time": 2.7066357000000005,
                                                                                                                            "extra_info": {
                                                                                                                                "Join Type": "RIGHT",
                                                                                                                                "Conditions": "owneruserid = id",
                                                                                                                                "Estimated Cardinality": "3850116"
                                                                                                                            },
                                                                                                                            "cumulative_cardinality": 9520621,
                                                                                                                            "operator_type": "HASH_JOIN",
                                                                                                                            "operator_cardinality": 4574495,
                                                                                                                            "cumulative_rows_scanned": 5110826,
                                                                                                                            "operator_rows_scanned": 0,
                                                                                                                            "operator_timing": 0.4236836800000001,
                                                                                                                            "result_set_size": 128085860,
                                                                                                                            "children": [
                                                                                                                                {
                                                                                                                                    "operator_name": "READ_PARQUET ",
                                                                                                                                    "cpu_time": 0.8408271770000008,
                                                                                                                                    "extra_info": {
                                                                                                                                        "Function": "READ_PARQUET",
                                                                                                                                        "Projections": [
                                                                                                                                            "id",
                                                                                                                                            "score",
                                                                                                                                            "owneruserid"
                                                                                                                                        ],
                                                                                                                                        "Estimated Cardinality": "3850116"
                                                                                                                                    },
                                                                                                                                    "cumulative_cardinality": 3685416,
                                                                                                                                    "operator_type": "TABLE_SCAN",
                                                                                                                                    "operator_cardinality": 3685416,
                                                                                                                                    "cumulative_rows_scanned": 3850116,
                                                                                                                                    "operator_rows_scanned": 3850116,
                                                                                                                                    "operator_timing": 0.8408271770000008,
                                                                                                                                    "result_set_size": 44224992,
                                                                                                                                    "children": []
                                                                                                                                },
                                                                                                                                {
                                                                                                                                    "operator_name": "READ_PARQUET ",
                                                                                                                                    "cpu_time": 1.4421248429999995,
                                                                                                                                    "extra_info": {
                                                                                                                                        "Function": "READ_PARQUET",
                                                                                                                                        "Projections": [
                                                                                                                                            "id",
                                                                                                                                            "displayname"
                                                                                                                                        ],
                                                                                                                                        "Estimated Cardinality": "1260710"
                                                                                                                                    },
                                                                                                                                    "cumulative_cardinality": 1260710,
                                                                                                                                    "operator_type": "TABLE_SCAN",
                                                                                                                                    "operator_cardinality": 1260710,
                                                                                                                                    "cumulative_rows_scanned": 1260710,
                                                                                                                                    "operator_rows_scanned": 1260710,
                                                                                                                                    "operator_timing": 1.4421248429999995,
                                                                                                                                    "result_set_size": 25214200,
                                                                                                                                    "children": []
                                                                                                                                }
                                                                                                                            ]
                                                                                                                        }
                                                                                                                    ]
                                                                                                                }
                                                                                                            ]
                                                                                                        }
                                                                                                    ]
                                                                                                },
                                                                                                {
                                                                                                    "operator_name": "READ_PARQUET ",
                                                                                                    "cpu_time": 0.3812110250000003,
                                                                                                    "extra_info": {
                                                                                                        "Function": "READ_PARQUET",
                                                                                                        "Projections": [
                                                                                                            "id",
                                                                                                            "userid"
                                                                                                        ],
                                                                                                        "Estimated Cardinality": "2321724"
                                                                                                    },
                                                                                                    "cumulative_cardinality": 2321724,
                                                                                                    "operator_type": "TABLE_SCAN",
                                                                                                    "operator_cardinality": 2321724,
                                                                                                    "cumulative_rows_scanned": 2321724,
                                                                                                    "operator_rows_scanned": 2321724,
                                                                                                    "operator_timing": 0.3812110250000003,
                                                                                                    "result_set_size": 18573792,
                                                                                                    "children": []
                                                                                                }
                                                                                            ]
                                                                                        }
                                                                                    ]
                                                                                }
                                                                            ]
                                                                        }
                                                                    ]
                                                                }
                                                            ]
                                                        }
                                                    ]
                                                }
                                            ]
                                        }
                                    ]
                                }
                            ]
                        }
                    ]
                }
            ]
        }
    ]
}