{
    "rows_returned": 1055776,
    "query_name": "\nWITH RankedPosts AS (\n    SELECT \n        p.Id AS PostId,\n        p.Title,\n        p.Tags,\n        p.CreationDate,\n        p.ViewCount,\n        u.DisplayName AS OwnerDisplayName,\n        COUNT(c.Id) AS CommentCount,\n        COALESCE(SUM(CASE WHEN v.VoteTypeId = 2 THEN 1 ELSE 0 END), 0) AS UpvoteCount,  \n        COALESCE(SUM(CASE WHEN v.VoteTypeId = 3 THEN 1 ELSE 0 END), 0) AS DownvoteCount  \n    FROM \n        Posts p\n    LEFT JOIN \n        Users u ON p.OwnerUserId = u.Id\n    LEFT JOIN \n        Comments c ON p.Id = c.PostId\n    LEFT JOIN \n        Votes v ON p.Id = v.PostId\n    GROUP BY \n        p.Id, p.Title, p.Tags, p.CreationDate, p.ViewCount, u.DisplayName\n),\nFilteredPosts AS (\n    SELECT \n        rp.PostId,\n        rp.Title,\n        rp.Tags,\n        rp.CreationDate,\n        rp.ViewCount,\n        rp.OwnerDisplayName,\n        rp.CommentCount,\n        rp.UpvoteCount,\n        rp.DownvoteCount,\n        CASE \n            WHEN rp.ViewCount > 1000 THEN 'High Engagement'\n            WHEN rp.ViewCount BETWEEN 500 AND 1000 THEN 'Medium Engagement'\n            ELSE 'Low Engagement' \n        END AS EngagementLevel,\n        STRING_AGG(t.TagName, ', ') AS TagsList\n    FROM \n        RankedPosts rp\n    LEFT JOIN \n        Tags t ON POSITION(CONCAT('<', t.TagName, '>') IN rp.Tags) > 0  \n    GROUP BY \n        rp.PostId, rp.Title, rp.Tags, rp.CreationDate, rp.ViewCount, rp.OwnerDisplayName, \n        rp.CommentCount, rp.UpvoteCount, rp.DownvoteCount\n)\nSELECT \n    fp.PostId,\n    fp.Title,\n    fp.TagsList,\n    fp.CreationDate,\n    fp.ViewCount,\n    fp.OwnerDisplayName,\n    fp.CommentCount,\n    fp.UpvoteCount,\n    fp.DownvoteCount,\n    fp.EngagementLevel\nFROM \n    FilteredPosts fp\nWHERE \n    fp.CommentCount > 5 OR fp.UpvoteCount > 10  \nORDER BY \n    fp.ViewCount DESC, fp.CreationDate DESC;\n",
    "blocked_thread_time": 0.0,
    "cpu_time": 107.74510934899676,
    "extra_info": {},
    "cumulative_cardinality": 169902274,
    "cumulative_rows_scanned": 25098717,
    "result_set_size": 126693120,
    "latency": 115.372559412,
    "children": [
        {
            "operator_name": "ORDER_BY",
            "cpu_time": 107.74510934899676,
            "extra_info": {
                "Order By": [
                    "fp.ViewCount DESC",
                    "fp.CreationDate DESC"
                ]
            },
            "cumulative_cardinality": 169902274,
            "operator_type": "ORDER_BY",
            "operator_cardinality": 1055776,
            "cumulative_rows_scanned": 25098717,
            "operator_rows_scanned": 0,
            "operator_timing": 0.13200454100000017,
            "result_set_size": 126693120,
            "children": [
                {
                    "operator_name": "PROJECTION",
                    "cpu_time": 107.61310480799676,
                    "extra_info": {
                        "Projections": [
                            "PostId",
                            "title",
                            "TagsList",
                            "creationdate",
                            "viewcount",
                            "OwnerDisplayName",
                            "CommentCount",
                            "UpvoteCount",
                            "DownvoteCount",
                            "EngagementLevel"
                        ],
                        "Estimated Cardinality": "385011"
                    },
                    "cumulative_cardinality": 168846498,
                    "operator_type": "PROJECTION",
                    "operator_cardinality": 1055776,
                    "cumulative_rows_scanned": 25098717,
                    "operator_rows_scanned": 0,
                    "operator_timing": 0.0002767759999999998,
                    "result_set_size": 126693120,
                    "children": [
                        {
                            "operator_name": "PROJECTION",
                            "cpu_time": 107.61282803199676,
                            "extra_info": {
                                "Projections": [
                                    "PostId",
                                    "title",
                                    "creationdate",
                                    "viewcount",
                                    "OwnerDisplayName",
                                    "CommentCount",
                                    "UpvoteCount",
                                    "DownvoteCount",
                                    "EngagementLevel",
                                    "TagsList"
                                ],
                                "Estimated Cardinality": "385011"
                            },
                            "cumulative_cardinality": 167790722,
                            "operator_type": "PROJECTION",
                            "operator_cardinality": 1055776,
                            "cumulative_rows_scanned": 25098717,
                            "operator_rows_scanned": 0,
                            "operator_timing": 0.012430103,
                            "result_set_size": 126693120,
                            "children": [
                                {
                                    "operator_name": "HASH_GROUP_BY",
                                    "cpu_time": 107.60039792899676,
                                    "extra_info": {
                                        "Groups": [
                                            "#0",
                                            "#1",
                                            "#2",
                                            "#3",
                                            "#4",
                                            "#5",
                                            "#6",
                                            "#7",
                                            "#8"
                                        ],
                                        "Aggregates": "string_agg(#9)",
                                        "Estimated Cardinality": "385011"
                                    },
                                    "cumulative_cardinality": 166734946,
                                    "operator_type": "HASH_GROUP_BY",
                                    "operator_cardinality": 1055776,
                                    "cumulative_rows_scanned": 25098717,
                                    "operator_rows_scanned": 0,
                                    "operator_timing": 0.45075327700000095,
                                    "result_set_size": 126693120,
                                    "children": [
                                        {
                                            "operator_name": "PROJECTION",
                                            "cpu_time": 107.14964465199675,
                                            "extra_info": {
                                                "Projections": [
                                                    "PostId",
                                                    "title",
                                                    "tags",
                                                    "creationdate",
                                                    "viewcount",
                                                    "OwnerDisplayName",
                                                    "CommentCount",
                                                    "UpvoteCount",
                                                    "DownvoteCount",
                                                    "tagname"
                                                ],
                                                "Estimated Cardinality": "770023"
                                            },
                                            "cumulative_cardinality": 165679170,
                                            "operator_type": "PROJECTION",
                                            "operator_cardinality": 1853770,
                                            "cumulative_rows_scanned": 25098717,
                                            "operator_rows_scanned": 0,
                                            "operator_timing": 0.0018728770000000026,
                                            "result_set_size": 222452400,
                                            "children": [
                                                {
                                                    "operator_name": "BLOCKWISE_NL_JOIN",
                                                    "cpu_time": 107.14777177499676,
                                                    "extra_info": {
                                                        "Join Type": "LEFT",
                                                        "Condition": "(\"position\"(tags, concat('<', tagname, '>')) > 0)"
                                                    },
                                                    "cumulative_cardinality": 163825400,
                                                    "operator_type": "BLOCKWISE_NL_JOIN",
                                                    "operator_cardinality": 1853770,
                                                    "cumulative_rows_scanned": 25098717,
                                                    "operator_rows_scanned": 0,
                                                    "operator_timing": 98.82403449999678,
                                                    "result_set_size": 222452400,
                                                    "children": [
                                                        {
                                                            "operator_name": "PROJECTION",
                                                            "cpu_time": 8.323407237999975,
                                                            "extra_info": {
                                                                "Projections": [
                                                                    "PostId",
                                                                    "title",
                                                                    "tags",
                                                                    "creationdate",
                                                                    "viewcount",
                                                                    "OwnerDisplayName",
                                                                    "CommentCount",
                                                                    "UpvoteCount",
                                                                    "DownvoteCount"
                                                                ],
                                                                "Estimated Cardinality": "770023"
                                                            },
                                                            "cumulative_cardinality": 161969654,
                                                            "operator_type": "PROJECTION",
                                                            "operator_cardinality": 1055776,
                                                            "cumulative_rows_scanned": 25096741,
                                                            "operator_rows_scanned": 0,
                                                            "operator_timing": 0.029743154000000056,
                                                            "result_set_size": 109800704,
                                                            "children": [
                                                                {
                                                                    "operator_name": "FILTER",
                                                                    "cpu_time": 8.293664083999975,
                                                                    "extra_info": {
                                                                        "Expression": "((CommentCount > 5) OR (COALESCE(sum(CASE  WHEN ((votetypeid = CAST(2 AS SMALLINT))) THEN (CAST(1 AS INTEGER)) ELSE CAST(0 AS INTEGER) END), 0) > 10))",
                                                                        "Estimated Cardinality": "770023"
                                                                    },
                                                                    "cumulative_cardinality": 160913878,
                                                                    "operator_type": "FILTER",
                                                                    "operator_cardinality": 1055776,
                                                                    "cumulative_rows_scanned": 25096741,
                                                                    "operator_rows_scanned": 0,
                                                                    "operator_timing": 0.06235710199999999,
                                                                    "result_set_size": 109800704,
                                                                    "children": [
                                                                        {
                                                                            "operator_name": "HASH_GROUP_BY",
                                                                            "cpu_time": 8.231306981999975,
                                                                            "extra_info": {
                                                                                "Groups": [
                                                                                    "#0",
                                                                                    "#1",
                                                                                    "#2",
                                                                                    "#3",
                                                                                    "#4",
                                                                                    "#5"
                                                                                ],
                                                                                "Aggregates": [
                                                                                    "count(#6)",
                                                                                    "sum(#7)",
                                                                                    "sum(#8)"
                                                                                ],
                                                                                "Estimated Cardinality": "3850116"
                                                                            },
                                                                            "cumulative_cardinality": 159858102,
                                                                            "operator_type": "HASH_GROUP_BY",
                                                                            "operator_cardinality": 3850116,
                                                                            "cumulative_rows_scanned": 25096741,
                                                                            "operator_rows_scanned": 0,
                                                                            "operator_timing": 4.703098730999983,
                                                                            "result_set_size": 400412064,
                                                                            "children": [
                                                                                {
                                                                                    "operator_name": "PROJECTION",
                                                                                    "cpu_time": 3.5282082509999912,
                                                                                    "extra_info": {
                                                                                        "Projections": [
                                                                                            "id",
                                                                                            "title",
                                                                                            "tags",
                                                                                            "creationdate",
                                                                                            "viewcount",
                                                                                            "displayname",
                                                                                            "id",
                                                                                            "CASE  WHEN ((votetypeid = 2)) THEN (1) ELSE 0 END",
                                                                                            "CASE  WHEN ((votetypeid = 3)) THEN (1) ELSE 0 END"
                                                                                        ],
                                                                                        "Estimated Cardinality": "12744093"
                                                                                    },
                                                                                    "cumulative_cardinality": 156007986,
                                                                                    "operator_type": "PROJECTION",
                                                                                    "operator_cardinality": 35129590,
                                                                                    "cumulative_rows_scanned": 25096741,
                                                                                    "operator_rows_scanned": 0,
                                                                                    "operator_timing": 0.1579716760000013,
                                                                                    "result_set_size": 2669848840,
                                                                                    "children": [
                                                                                        {
                                                                                            "operator_name": "PROJECTION",
                                                                                            "cpu_time": 3.37023657499999,
                                                                                            "extra_info": {
                                                                                                "Projections": [
                                                                                                    "#0",
                                                                                                    "#1",
                                                                                                    "#2",
                                                                                                    "#3",
                                                                                                    "#4",
                                                                                                    "#5",
                                                                                                    "#6",
                                                                                                    "__internal_decompress_integral_smallint(#7, 1)"
                                                                                                ],
                                                                                                "Estimated Cardinality": "12744093"
                                                                                            },
                                                                                            "cumulative_cardinality": 120878396,
                                                                                            "operator_type": "PROJECTION",
                                                                                            "operator_cardinality": 35129590,
                                                                                            "cumulative_rows_scanned": 25096741,
                                                                                            "operator_rows_scanned": 0,
                                                                                            "operator_timing": 0.029301456999999836,
                                                                                            "result_set_size": 2459071300,
                                                                                            "children": [
                                                                                                {
                                                                                                    "operator_name": "HASH_JOIN",
                                                                                                    "cpu_time": 3.34093511799999,
                                                                                                    "extra_info": {
                                                                                                        "Join Type": "LEFT",
                                                                                                        "Conditions": "id = postid",
                                                                                                        "Estimated Cardinality": "12744093"
                                                                                                    },
                                                                                                    "cumulative_cardinality": 85748806,
                                                                                                    "operator_type": "HASH_JOIN",
                                                                                                    "operator_cardinality": 35129590,
                                                                                                    "cumulative_rows_scanned": 25096741,
                                                                                                    "operator_rows_scanned": 0,
                                                                                                    "operator_timing": 1.4150750329999926,
                                                                                                    "result_set_size": 2423941710,
                                                                                                    "children": [
                                                                                                        {
                                                                                                            "operator_name": "HASH_JOIN",
                                                                                                            "cpu_time": 1.7854600469999982,
                                                                                                            "extra_info": {
                                                                                                                "Join Type": "LEFT",
                                                                                                                "Conditions": "id = postid",
                                                                                                                "Estimated Cardinality": "7241822"
                                                                                                            },
                                                                                                            "cumulative_cardinality": 25131030,
                                                                                                            "operator_type": "HASH_JOIN",
                                                                                                            "operator_cardinality": 8928266,
                                                                                                            "cumulative_rows_scanned": 12352648,
                                                                                                            "operator_rows_scanned": 0,
                                                                                                            "operator_timing": 0.6637576229999987,
                                                                                                            "result_set_size": 607122088,
                                                                                                            "children": [
                                                                                                                {
                                                                                                                    "operator_name": "HASH_JOIN",
                                                                                                                    "cpu_time": 1.0434934159999993,
                                                                                                                    "extra_info": {
                                                                                                                        "Join Type": "LEFT",
                                                                                                                        "Conditions": "owneruserid = id",
                                                                                                                        "Estimated Cardinality": "3850116"
                                                                                                                    },
                                                                                                                    "cumulative_cardinality": 8960942,
                                                                                                                    "operator_type": "HASH_JOIN",
                                                                                                                    "operator_cardinality": 3850116,
                                                                                                                    "cumulative_rows_scanned": 5110826,
                                                                                                                    "operator_rows_scanned": 0,
                                                                                                                    "operator_timing": 0.2965501610000006,
                                                                                                                    "result_set_size": 246407424,
                                                                                                                    "children": [
                                                                                                                        {
                                                                                                                            "operator_name": "READ_PARQUET ",
                                                                                                                            "cpu_time": 0.6695112519999987,
                                                                                                                            "extra_info": {
                                                                                                                                "Function": "READ_PARQUET",
                                                                                                                                "Projections": [
                                                                                                                                    "id",
                                                                                                                                    "creationdate",
                                                                                                                                    "viewcount",
                                                                                                                                    "owneruserid",
                                                                                                                                    "title",
                                                                                                                                    "tags"
                                                                                                                                ],
                                                                                                                                "Estimated Cardinality": "3850116"
                                                                                                                            },
                                                                                                                            "cumulative_cardinality": 3850116,
                                                                                                                            "operator_type": "TABLE_SCAN",
                                                                                                                            "operator_cardinality": 3850116,
                                                                                                                            "cumulative_rows_scanned": 3850116,
                                                                                                                            "operator_rows_scanned": 3850116,
                                                                                                                            "operator_timing": 0.6695112519999987,
                                                                                                                            "result_set_size": 200206032,
                                                                                                                            "children": []
                                                                                                                        },
                                                                                                                        {
                                                                                                                            "operator_name": "READ_PARQUET ",
                                                                                                                            "cpu_time": 0.07743200300000001,
                                                                                                                            "extra_info": {
                                                                                                                                "Function": "READ_PARQUET",
                                                                                                                                "Projections": [
                                                                                                                                    "id",
                                                                                                                                    "displayname"
                                                                                                                                ],
                                                                                                                                "Estimated Cardinality": "1260710"
                                                                                                                            },
                                                                                                                            "cumulative_cardinality": 1260710,
                                                                                                                            "operator_type": "TABLE_SCAN",
                                                                                                                            "operator_cardinality": 1260710,
                                                                                                                            "cumulative_rows_scanned": 1260710,
                                                                                                                            "operator_rows_scanned": 1260710,
                                                                                                                            "operator_timing": 0.07743200300000001,
                                                                                                                            "result_set_size": 25214200,
                                                                                                                            "children": []
                                                                                                                        }
                                                                                                                    ]
                                                                                                                },
                                                                                                                {
                                                                                                                    "operator_name": "READ_PARQUET ",
                                                                                                                    "cpu_time": 0.07820900799999986,
                                                                                                                    "extra_info": {
                                                                                                                        "Function": "READ_PARQUET",
                                                                                                                        "Projections": [
                                                                                                                            "id",
                                                                                                                            "postid"
                                                                                                                        ],
                                                                                                                        "Estimated Cardinality": "7241822"
                                                                                                                    },
                                                                                                                    "cumulative_cardinality": 7241822,
                                                                                                                    "operator_type": "TABLE_SCAN",
                                                                                                                    "operator_cardinality": 7241822,
                                                                                                                    "cumulative_rows_scanned": 7241822,
                                                                                                                    "operator_rows_scanned": 7241822,
                                                                                                                    "operator_timing": 0.07820900799999986,
                                                                                                                    "result_set_size": 57934576,
                                                                                                                    "children": []
                                                                                                                }
                                                                                                            ]
                                                                                                        },
                                                                                                        {
                                                                                                            "operator_name": "PROJECTION",
                                                                                                            "cpu_time": 0.1404000379999991,
                                                                                                            "extra_info": {
                                                                                                                "Projections": [
                                                                                                                    "#0",
                                                                                                                    "__internal_compress_integral_utinyint(#1, 1)"
                                                                                                                ],
                                                                                                                "Estimated Cardinality": "12744093"
                                                                                                            },
                                                                                                            "cumulative_cardinality": 25488186,
                                                                                                            "operator_type": "PROJECTION",
                                                                                                            "operator_cardinality": 12744093,
                                                                                                            "cumulative_rows_scanned": 12744093,
                                                                                                            "operator_rows_scanned": 0,
                                                                                                            "operator_timing": 0.003223222000000044,
                                                                                                            "result_set_size": 63720465,
                                                                                                            "children": [
                                                                                                                {
                                                                                                                    "operator_name": "READ_PARQUET ",
                                                                                                                    "cpu_time": 0.13717681599999904,
                                                                                                                    "extra_info": {
                                                                                                                        "Function": "READ_PARQUET",
                                                                                                                        "Projections": [
                                                                                                                            "postid",
                                                                                                                            "votetypeid"
                                                                                                                        ],
                                                                                                                        "Estimated Cardinality": "12744093"
                                                                                                                    },
                                                                                                                    "cumulative_cardinality": 12744093,
                                                                                                                    "operator_type": "TABLE_SCAN",
                                                                                                                    "operator_cardinality": 12744093,
                                                                                                                    "cumulative_rows_scanned": 12744093,
                                                                                                                    "operator_rows_scanned": 12744093,
                                                                                                                    "operator_timing": 0.13717681599999904,
                                                                                                                    "result_set_size": 76464558,
                                                                                                                    "children": []
                                                                                                                }
                                                                                                            ]
                                                                                                        }
                                                                                                    ]
                                                                                                }
                                                                                            ]
                                                                                        }
                                                                                    ]
                                                                                }
                                                                            ]
                                                                        }
                                                                    ]
                                                                }
                                                            ]
                                                        },
                                                        {
                                                            "operator_name": "READ_PARQUET ",
                                                            "cpu_time": 0.00033003700000000004,
                                                            "extra_info": {
                                                                "Function": "READ_PARQUET",
                                                                "Projections": "tagname",
                                                                "Estimated Cardinality": "1976"
                                                            },
                                                            "cumulative_cardinality": 1976,
                                                            "operator_type": "TABLE_SCAN",
                                                            "operator_cardinality": 1976,
                                                            "cumulative_rows_scanned": 1976,
                                                            "operator_rows_scanned": 1976,
                                                            "operator_timing": 0.00033003700000000004,
                                                            "result_set_size": 31616,
                                                            "children": []
                                                        }
                                                    ]
                                                }
                                            ]
                                        }
                                    ]
                                }
                            ]
                        }
                    ]
                }
            ]
        }
    ]
}