{
    "rows_returned": 1011004,
    "query_name": "WITH RankedPosts AS (\n    SELECT \n        p.Id AS PostId,\n        p.Title,\n        p.Body,\n        p.Tags,\n        u.DisplayName AS Author,\n        p.CreationDate,\n        p.Score,\n        p.ViewCount,\n        ARRAY_LENGTH(string_to_array(substring(p.Tags, 2, length(p.Tags) - 2), '><'), 1) AS TagCount,\n        RANK() OVER (ORDER BY p.Score DESC) AS ScoreRank\n    FROM \n        Posts p\n    JOIN \n        Users u ON p.OwnerUserId = u.Id\n    WHERE \n        p.PostTypeId = 1 \n),\nPopularTags AS (\n    SELECT \n        unnest(string_to_array(substring(Tags, 2, length(Tags) - 2), '><')) AS Tag\n    FROM \n        RankedPosts\n),\nTagCounts AS (\n    SELECT \n        Tag,\n        COUNT(*) AS UsageCount\n    FROM \n        PopularTags\n    GROUP BY \n        Tag\n    ORDER BY \n        UsageCount DESC\n    LIMIT 10\n),\nPostStatistics AS (\n    SELECT \n        rp.PostId,\n        rp.Title,\n        rp.Author,\n        rp.CreationDate,\n        rp.Score,\n        rp.ViewCount,\n        COALESCE(tp.UsageCount, 0) AS TagPopularity\n    FROM \n        RankedPosts rp\n    LEFT JOIN \n        TagCounts tp ON rp.Tags ILIKE '%' || tp.Tag || '%' \n)\nSELECT \n    ps.PostId,\n    ps.Title,\n    ps.Author,\n    ps.CreationDate,\n    ps.Score,\n    ps.ViewCount,\n    ps.TagPopularity,\n    CASE \n        WHEN ps.Score > 100 THEN 'High' \n        WHEN ps.Score BETWEEN 50 AND 100 THEN 'Medium' \n        ELSE 'Low' \n    END AS ScoreCategory\nFROM \n    PostStatistics ps\nWHERE \n    ps.TagPopularity > 0 \nORDER BY \n    ps.TagPopularity DESC, ps.Score DESC;",
    "blocked_thread_time": 0.0,
    "cpu_time": 10.56545120300205,
    "extra_info": {},
    "cumulative_cardinality": 36042946,
    "cumulative_rows_scanned": 10221652,
    "result_set_size": 76836304,
    "latency": 17.657498805,
    "children": [
        {
            "operator_name": "PROJECTION",
            "cpu_time": 10.56545120300205,
            "extra_info": {
                "Projections": [
                    "#0",
                    "#1",
                    "#2",
                    "#3",
                    "__internal_decompress_integral_integer(#4, -72)",
                    "#5",
                    "#6",
                    "__internal_decompress_string(#7)"
                ],
                "Estimated Cardinality": "770023"
            },
            "cumulative_cardinality": 36042946,
            "operator_type": "PROJECTION",
            "operator_cardinality": 1011004,
            "cumulative_rows_scanned": 10221652,
            "operator_rows_scanned": 0,
            "operator_timing": 0.009180933999999995,
            "result_set_size": 76836304,
            "children": [
                {
                    "operator_name": "ORDER_BY",
                    "cpu_time": 10.55627026900205,
                    "extra_info": {
                        "Order By": [
                            "ps.TagPopularity DESC",
                            "ps.Score DESC"
                        ]
                    },
                    "cumulative_cardinality": 35031942,
                    "operator_type": "ORDER_BY",
                    "operator_cardinality": 1011004,
                    "cumulative_rows_scanned": 10221652,
                    "operator_rows_scanned": 0,
                    "operator_timing": 0.16523023200000053,
                    "result_set_size": 66726264,
                    "children": [
                        {
                            "operator_name": "PROJECTION",
                            "cpu_time": 10.39104003700205,
                            "extra_info": {
                                "Projections": [
                                    "#0",
                                    "#1",
                                    "#2",
                                    "#3",
                                    "__internal_compress_integral_usmallint(#4, -72)",
                                    "#5",
                                    "#6",
                                    "__internal_compress_string_ubigint(#7)"
                                ],
                                "Estimated Cardinality": "770023"
                            },
                            "cumulative_cardinality": 34020938,
                            "operator_type": "PROJECTION",
                            "operator_cardinality": 1011004,
                            "cumulative_rows_scanned": 10221652,
                            "operator_rows_scanned": 0,
                            "operator_timing": 0.009107712999999924,
                            "result_set_size": 66726264,
                            "children": [
                                {
                                    "operator_name": "PROJECTION",
                                    "cpu_time": 10.38193232400205,
                                    "extra_info": {
                                        "Projections": [
                                            "PostId",
                                            "title",
                                            "Author",
                                            "creationdate",
                                            "score",
                                            "viewcount",
                                            "TagPopularity",
                                            "ScoreCategory"
                                        ],
                                        "Estimated Cardinality": "770023"
                                    },
                                    "cumulative_cardinality": 33009934,
                                    "operator_type": "PROJECTION",
                                    "operator_cardinality": 1011004,
                                    "cumulative_rows_scanned": 10221652,
                                    "operator_rows_scanned": 0,
                                    "operator_timing": 0.07508842500000026,
                                    "result_set_size": 76836304,
                                    "children": [
                                        {
                                            "operator_name": "PROJECTION",
                                            "cpu_time": 10.306843899002049,
                                            "extra_info": {
                                                "Projections": [
                                                    "PostId",
                                                    "title",
                                                    "Author",
                                                    "creationdate",
                                                    "score",
                                                    "viewcount",
                                                    "TagPopularity"
                                                ],
                                                "Estimated Cardinality": "770023"
                                            },
                                            "cumulative_cardinality": 31998930,
                                            "operator_type": "PROJECTION",
                                            "operator_cardinality": 1011004,
                                            "cumulative_rows_scanned": 10221652,
                                            "operator_rows_scanned": 0,
                                            "operator_timing": 0.0684468230000004,
                                            "result_set_size": 60660240,
                                            "children": [
                                                {
                                                    "operator_name": "BLOCKWISE_NL_JOIN",
                                                    "cpu_time": 10.238397076002048,
                                                    "extra_info": {
                                                        "Join Type": "INNER",
                                                        "Condition": "(tags ~~* (('%' || Tag) || '%'))"
                                                    },
                                                    "cumulative_cardinality": 30987926,
                                                    "operator_type": "BLOCKWISE_NL_JOIN",
                                                    "operator_cardinality": 1011004,
                                                    "cumulative_rows_scanned": 10221652,
                                                    "operator_rows_scanned": 0,
                                                    "operator_timing": 4.5194460070000035,
                                                    "result_set_size": 93012368,
                                                    "children": [
                                                        {
                                                            "operator_name": "PROJECTION",
                                                            "cpu_time": 1.7071002740000005,
                                                            "extra_info": {
                                                                "Projections": [
                                                                    "PostId",
                                                                    "title",
                                                                    "tags",
                                                                    "Author",
                                                                    "creationdate",
                                                                    "score",
                                                                    "viewcount"
                                                                ],
                                                                "Estimated Cardinality": "770023"
                                                            },
                                                            "cumulative_cardinality": 9208994,
                                                            "operator_type": "PROJECTION",
                                                            "operator_cardinality": 1589663,
                                                            "cumulative_rows_scanned": 5110826,
                                                            "operator_rows_scanned": 0,
                                                            "operator_timing": 0.0003659179999999983,
                                                            "result_set_size": 108097084,
                                                            "children": [
                                                                {
                                                                    "operator_name": "PROJECTION",
                                                                    "cpu_time": 1.7067343560000006,
                                                                    "extra_info": {
                                                                        "Projections": [
                                                                            "#0",
                                                                            "#1",
                                                                            "#2",
                                                                            "#3",
                                                                            "#4",
                                                                            "#5",
                                                                            "#6",
                                                                            "#7"
                                                                        ],
                                                                        "Estimated Cardinality": "770023"
                                                                    },
                                                                    "cumulative_cardinality": 7619331,
                                                                    "operator_type": "PROJECTION",
                                                                    "operator_cardinality": 1589663,
                                                                    "cumulative_rows_scanned": 5110826,
                                                                    "operator_rows_scanned": 0,
                                                                    "operator_timing": 0.00040949400000000016,
                                                                    "result_set_size": 120814388,
                                                                    "children": [
                                                                        {
                                                                            "operator_name": "WINDOW",
                                                                            "cpu_time": 1.7063248620000007,
                                                                            "extra_info": {
                                                                                "Projections": "RANK() OVER (ORDER BY score DESC NULLS LAST)"
                                                                            },
                                                                            "cumulative_cardinality": 6029668,
                                                                            "operator_type": "WINDOW",
                                                                            "operator_cardinality": 1589663,
                                                                            "cumulative_rows_scanned": 5110826,
                                                                            "operator_rows_scanned": 0,
                                                                            "operator_timing": 0.24853044299999968,
                                                                            "result_set_size": 120814388,
                                                                            "children": [
                                                                                {
                                                                                    "operator_name": "HASH_JOIN",
                                                                                    "cpu_time": 1.457794419000001,
                                                                                    "extra_info": {
                                                                                        "Join Type": "INNER",
                                                                                        "Conditions": "owneruserid = id",
                                                                                        "Estimated Cardinality": "770023"
                                                                                    },
                                                                                    "cumulative_cardinality": 4440005,
                                                                                    "operator_type": "HASH_JOIN",
                                                                                    "operator_cardinality": 1589663,
                                                                                    "cumulative_rows_scanned": 5110826,
                                                                                    "operator_rows_scanned": 0,
                                                                                    "operator_timing": 0.21204433000000003,
                                                                                    "result_set_size": 108097084,
                                                                                    "children": [
                                                                                        {
                                                                                            "operator_name": "READ_PARQUET ",
                                                                                            "cpu_time": 0.9130259010000009,
                                                                                            "extra_info": {
                                                                                                "Function": "READ_PARQUET",
                                                                                                "Projections": [
                                                                                                    "id",
                                                                                                    "creationdate",
                                                                                                    "score",
                                                                                                    "viewcount",
                                                                                                    "owneruserid",
                                                                                                    "title",
                                                                                                    "tags"
                                                                                                ],
                                                                                                "Filters": "posttypeid=1",
                                                                                                "Estimated Cardinality": "770023"
                                                                                            },
                                                                                            "cumulative_cardinality": 1589663,
                                                                                            "operator_type": "TABLE_SCAN",
                                                                                            "operator_cardinality": 1589663,
                                                                                            "cumulative_rows_scanned": 3850116,
                                                                                            "operator_rows_scanned": 3850116,
                                                                                            "operator_timing": 0.9130259010000009,
                                                                                            "result_set_size": 89021128,
                                                                                            "children": []
                                                                                        },
                                                                                        {
                                                                                            "operator_name": "READ_PARQUET ",
                                                                                            "cpu_time": 0.33272418800000003,
                                                                                            "extra_info": {
                                                                                                "Function": "READ_PARQUET",
                                                                                                "Projections": [
                                                                                                    "id",
                                                                                                    "displayname"
                                                                                                ],
                                                                                                "Filters": "id<=1416539",
                                                                                                "Estimated Cardinality": "1260710"
                                                                                            },
                                                                                            "cumulative_cardinality": 1260679,
                                                                                            "operator_type": "TABLE_SCAN",
                                                                                            "operator_cardinality": 1260679,
                                                                                            "cumulative_rows_scanned": 1260710,
                                                                                            "operator_rows_scanned": 1260710,
                                                                                            "operator_timing": 0.33272418800000003,
                                                                                            "result_set_size": 25213580,
                                                                                            "children": []
                                                                                        }
                                                                                    ]
                                                                                }
                                                                            ]
                                                                        }
                                                                    ]
                                                                }
                                                            ]
                                                        },
                                                        {
                                                            "operator_name": "FILTER",
                                                            "cpu_time": 4.011850795002044,
                                                            "extra_info": {
                                                                "Expression": "(COALESCE(UsageCount, 0) > 0)",
                                                                "Estimated Cardinality": "10"
                                                            },
                                                            "cumulative_cardinality": 20767928,
                                                            "operator_type": "FILTER",
                                                            "operator_cardinality": 10,
                                                            "cumulative_rows_scanned": 5110826,
                                                            "operator_rows_scanned": 0,
                                                            "operator_timing": 0.00008009,
                                                            "result_set_size": 240,
                                                            "children": [
                                                                {
                                                                    "operator_name": "STREAMING_LIMIT",
                                                                    "cpu_time": 4.011770705002044,
                                                                    "extra_info": {},
                                                                    "cumulative_cardinality": 20767918,
                                                                    "operator_type": "STREAMING_LIMIT",
                                                                    "operator_cardinality": 10,
                                                                    "cumulative_rows_scanned": 5110826,
                                                                    "operator_rows_scanned": 0,
                                                                    "operator_timing": 0.000001803,
                                                                    "result_set_size": 240,
                                                                    "children": [
                                                                        {
                                                                            "operator_name": "ORDER_BY",
                                                                            "cpu_time": 4.011768902002044,
                                                                            "extra_info": {
                                                                                "Order By": "count_star() DESC"
                                                                            },
                                                                            "cumulative_cardinality": 20767908,
                                                                            "operator_type": "ORDER_BY",
                                                                            "operator_cardinality": 1976,
                                                                            "cumulative_rows_scanned": 5110826,
                                                                            "operator_rows_scanned": 0,
                                                                            "operator_timing": 0.000103904,
                                                                            "result_set_size": 47424,
                                                                            "children": [
                                                                                {
                                                                                    "operator_name": "HASH_GROUP_BY",
                                                                                    "cpu_time": 4.011664998002043,
                                                                                    "extra_info": {
                                                                                        "Groups": "#0",
                                                                                        "Aggregates": "count_star()",
                                                                                        "Estimated Cardinality": "385011"
                                                                                    },
                                                                                    "cumulative_cardinality": 20765932,
                                                                                    "operator_type": "HASH_GROUP_BY",
                                                                                    "operator_cardinality": 1976,
                                                                                    "cumulative_rows_scanned": 5110826,
                                                                                    "operator_rows_scanned": 0,
                                                                                    "operator_timing": 0.9556401090002803,
                                                                                    "result_set_size": 47424,
                                                                                    "children": [
                                                                                        {
                                                                                            "operator_name": "PROJECTION",
                                                                                            "cpu_time": 3.056024889001763,
                                                                                            "extra_info": {
                                                                                                "Projections": "Tag",
                                                                                                "Estimated Cardinality": "770023"
                                                                                            },
                                                                                            "cumulative_cardinality": 20763956,
                                                                                            "operator_type": "PROJECTION",
                                                                                            "operator_cardinality": 3851654,
                                                                                            "cumulative_rows_scanned": 5110826,
                                                                                            "operator_rows_scanned": 0,
                                                                                            "operator_timing": 0.11700140400210184,
                                                                                            "result_set_size": 61626464,
                                                                                            "children": [
                                                                                                {
                                                                                                    "operator_name": "PROJECTION",
                                                                                                    "cpu_time": 2.9390234849996615,
                                                                                                    "extra_info": {
                                                                                                        "Projections": "Tag",
                                                                                                        "Estimated Cardinality": "770023"
                                                                                                    },
                                                                                                    "cumulative_cardinality": 16912302,
                                                                                                    "operator_type": "PROJECTION",
                                                                                                    "operator_cardinality": 3851654,
                                                                                                    "cumulative_rows_scanned": 5110826,
                                                                                                    "operator_rows_scanned": 0,
                                                                                                    "operator_timing": 0.13429522000023184,
                                                                                                    "result_set_size": 61626464,
                                                                                                    "children": [
                                                                                                        {
                                                                                                            "operator_name": "UNNEST",
                                                                                                            "cpu_time": 2.80472826499943,
                                                                                                            "extra_info": {},
                                                                                                            "cumulative_cardinality": 13060648,
                                                                                                            "operator_type": "UNNEST",
                                                                                                            "operator_cardinality": 3851654,
                                                                                                            "cumulative_rows_scanned": 5110826,
                                                                                                            "operator_rows_scanned": 0,
                                                                                                            "operator_timing": 1.001381496999432,
                                                                                                            "result_set_size": 123252928,
                                                                                                            "children": [
                                                                                                                {
                                                                                                                    "operator_name": "PROJECTION",
                                                                                                                    "cpu_time": 1.803346767999998,
                                                                                                                    "extra_info": {
                                                                                                                        "Projections": "tags",
                                                                                                                        "Estimated Cardinality": "770023"
                                                                                                                    },
                                                                                                                    "cumulative_cardinality": 9208994,
                                                                                                                    "operator_type": "PROJECTION",
                                                                                                                    "operator_cardinality": 1589663,
                                                                                                                    "cumulative_rows_scanned": 5110826,
                                                                                                                    "operator_rows_scanned": 0,
                                                                                                                    "operator_timing": 0.00010829000000000014,
                                                                                                                    "result_set_size": 25434608,
                                                                                                                    "children": [
                                                                                                                        {
                                                                                                                            "operator_name": "PROJECTION",
                                                                                                                            "cpu_time": 1.803238477999998,
                                                                                                                            "extra_info": {
                                                                                                                                "Projections": [
                                                                                                                                    "#0",
                                                                                                                                    "#1",
                                                                                                                                    "#2",
                                                                                                                                    "#3"
                                                                                                                                ],
                                                                                                                                "Estimated Cardinality": "770023"
                                                                                                                            },
                                                                                                                            "cumulative_cardinality": 7619331,
                                                                                                                            "operator_type": "PROJECTION",
                                                                                                                            "operator_cardinality": 1589663,
                                                                                                                            "cumulative_rows_scanned": 5110826,
                                                                                                                            "operator_rows_scanned": 0,
                                                                                                                            "operator_timing": 0.0002430690000000001,
                                                                                                                            "result_set_size": 50869216,
                                                                                                                            "children": [
                                                                                                                                {
                                                                                                                                    "operator_name": "WINDOW",
                                                                                                                                    "cpu_time": 1.802995408999998,
                                                                                                                                    "extra_info": {
                                                                                                                                        "Projections": "RANK() OVER (ORDER BY score DESC NULLS LAST)"
                                                                                                                                    },
                                                                                                                                    "cumulative_cardinality": 6029668,
                                                                                                                                    "operator_type": "WINDOW",
                                                                                                                                    "operator_cardinality": 1589663,
                                                                                                                                    "cumulative_rows_scanned": 5110826,
                                                                                                                                    "operator_rows_scanned": 0,
                                                                                                                                    "operator_timing": 0.22181857800000002,
                                                                                                                                    "result_set_size": 50869216,
                                                                                                                                    "children": [
                                                                                                                                        {
                                                                                                                                            "operator_name": "HASH_JOIN",
                                                                                                                                            "cpu_time": 1.581176830999998,
                                                                                                                                            "extra_info": {
                                                                                                                                                "Join Type": "INNER",
                                                                                                                                                "Conditions": "owneruserid = id",
                                                                                                                                                "Estimated Cardinality": "770023"
                                                                                                                                            },
                                                                                                                                            "cumulative_cardinality": 4440005,
                                                                                                                                            "operator_type": "HASH_JOIN",
                                                                                                                                            "operator_cardinality": 1589663,
                                                                                                                                            "cumulative_rows_scanned": 5110826,
                                                                                                                                            "operator_rows_scanned": 0,
                                                                                                                                            "operator_timing": 0.2182709689999997,
                                                                                                                                            "result_set_size": 38151912,
                                                                                                                                            "children": [
                                                                                                                                                {
                                                                                                                                                    "operator_name": "READ_PARQUET ",
                                                                                                                                                    "cpu_time": 0.594631099999999,
                                                                                                                                                    "extra_info": {
                                                                                                                                                        "Function": "READ_PARQUET",
                                                                                                                                                        "Projections": [
                                                                                                                                                            "score",
                                                                                                                                                            "owneruserid",
                                                                                                                                                            "tags"
                                                                                                                                                        ],
                                                                                                                                                        "Filters": "posttypeid=1",
                                                                                                                                                        "Estimated Cardinality": "770023"
                                                                                                                                                    },
                                                                                                                                                    "cumulative_cardinality": 1589663,
                                                                                                                                                    "operator_type": "TABLE_SCAN",
                                                                                                                                                    "operator_cardinality": 1589663,
                                                                                                                                                    "cumulative_rows_scanned": 3850116,
                                                                                                                                                    "operator_rows_scanned": 3850116,
                                                                                                                                                    "operator_timing": 0.594631099999999,
                                                                                                                                                    "result_set_size": 38151912,
                                                                                                                                                    "children": []
                                                                                                                                                },
                                                                                                                                                {
                                                                                                                                                    "operator_name": "READ_PARQUET ",
                                                                                                                                                    "cpu_time": 0.7682747619999994,
                                                                                                                                                    "extra_info": {
                                                                                                                                                        "Function": "READ_PARQUET",
                                                                                                                                                        "Projections": "id",
                                                                                                                                                        "Filters": "id<=1416539",
                                                                                                                                                        "Estimated Cardinality": "1260710"
                                                                                                                                                    },
                                                                                                                                                    "cumulative_cardinality": 1260679,
                                                                                                                                                    "operator_type": "TABLE_SCAN",
                                                                                                                                                    "operator_cardinality": 1260679,
                                                                                                                                                    "cumulative_rows_scanned": 1260710,
                                                                                                                                                    "operator_rows_scanned": 1260710,
                                                                                                                                                    "operator_timing": 0.7682747619999994,
                                                                                                                                                    "result_set_size": 5042716,
                                                                                                                                                    "children": []
                                                                                                                                                }
                                                                                                                                            ]
                                                                                                                                        }
                                                                                                                                    ]
                                                                                                                                }
                                                                                                                            ]
                                                                                                                        }
                                                                                                                    ]
                                                                                                                }
                                                                                                            ]
                                                                                                        }
                                                                                                    ]
                                                                                                }
                                                                                            ]
                                                                                        }
                                                                                    ]
                                                                                }
                                                                            ]
                                                                        }
                                                                    ]
                                                                }
                                                            ]
                                                        }
                                                    ]
                                                }
                                            ]
                                        }
                                    ]
                                }
                            ]
                        }
                    ]
                }
            ]
        }
    ]
}