{
    "rows_returned": 0,
    "query_name": "WITH UserReputation AS (\n    SELECT u.Id AS UserId,\n           u.DisplayName,\n           u.Reputation,\n           COUNT(DISTINCT p.Id) AS PostCount\n    FROM Users u\n    LEFT JOIN Posts p ON u.Id = p.OwnerUserId\n    WHERE u.Reputation > 1000\n    GROUP BY u.Id, u.DisplayName, u.Reputation\n),\nPopularTags AS (\n    SELECT t.TagName,\n           COUNT(p.Id) AS PostCount,\n           SUM(p.ViewCount) AS TotalViews\n    FROM Tags t\n    JOIN Posts p ON p.Tags LIKE '%' || t.TagName || '%'\n    GROUP BY t.TagName\n    HAVING COUNT(p.Id) > 10\n),\nTopPostHistories AS (\n    SELECT ph.PostId,\n           ph.PostHistoryTypeId,\n           COUNT(ph.Id) AS ChangeCount,\n           STRING_AGG(ph.UserDisplayName, ', ') AS Editors\n    FROM PostHistory ph\n    GROUP BY ph.PostId, ph.PostHistoryTypeId\n    ORDER BY ChangeCount DESC\n    LIMIT 10\n),\nUserBadges AS (\n    SELECT u.Id AS UserId,\n           COUNT(b.Id) AS BadgeCount,\n           STRING_AGG(b.Name, ', ') AS Badges\n    FROM Users u\n    LEFT JOIN Badges b ON u.Id = b.UserId\n    GROUP BY u.Id\n)\nSELECT ur.DisplayName,\n       ur.Reputation,\n       ur.PostCount,\n       pb.TagName,\n       pb.PostCount AS TagPostCount,\n       pb.TotalViews,\n       tph.PostId,\n       tph.ChangeCount,\n       tph.Editors,\n       ub.BadgeCount,\n       ub.Badges\nFROM UserReputation ur\nJOIN PopularTags pb ON ur.PostCount > pb.PostCount\nJOIN TopPostHistories tph ON ur.UserId = tph.PostId\nJOIN UserBadges ub ON ur.UserId = ub.UserId\nORDER BY ur.Reputation DESC, pb.TotalViews DESC;\n",
    "blocked_thread_time": 0.0,
    "cpu_time": 504.05069867901955,
    "extra_info": {},
    "cumulative_cardinality": 103795349,
    "cumulative_rows_scanned": 24340596,
    "result_set_size": 0,
    "latency": 514.775946844,
    "children": [
        {
            "operator_name": "ORDER_BY",
            "cpu_time": 504.05069867901955,
            "extra_info": {
                "Order By": [
                    "ur.Reputation DESC",
                    "pb.TotalViews DESC"
                ]
            },
            "cumulative_cardinality": 103795349,
            "operator_type": "ORDER_BY",
            "operator_cardinality": 0,
            "cumulative_rows_scanned": 24340596,
            "operator_rows_scanned": 0,
            "operator_timing": 3.01e-7,
            "result_set_size": 0,
            "children": [
                {
                    "operator_name": "PROJECTION",
                    "cpu_time": 504.05069837801955,
                    "extra_info": {
                        "Projections": [
                            "displayname",
                            "reputation",
                            "PostCount",
                            "tagname",
                            "TagPostCount",
                            "TotalViews",
                            "postid",
                            "ChangeCount",
                            "Editors",
                            "BadgeCount",
                            "Badges"
                        ],
                        "Estimated Cardinality": "4"
                    },
                    "cumulative_cardinality": 103795349,
                    "operator_type": "PROJECTION",
                    "operator_cardinality": 0,
                    "cumulative_rows_scanned": 24340596,
                    "operator_rows_scanned": 0,
                    "operator_timing": 0.0,
                    "result_set_size": 0,
                    "children": [
                        {
                            "operator_name": "HASH_JOIN",
                            "cpu_time": 504.05069837801955,
                            "extra_info": {
                                "Join Type": "INNER",
                                "Conditions": "UserId = UserId",
                                "Estimated Cardinality": "4"
                            },
                            "cumulative_cardinality": 103795349,
                            "operator_type": "HASH_JOIN",
                            "operator_cardinality": 0,
                            "cumulative_rows_scanned": 24340596,
                            "operator_rows_scanned": 0,
                            "operator_timing": 0.00006143400000000001,
                            "result_set_size": 0,
                            "children": [
                                {
                                    "operator_name": "HASH_GROUP_BY",
                                    "cpu_time": 0.7191160499999995,
                                    "extra_info": {
                                        "Groups": "#0",
                                        "Aggregates": [
                                            "count(#1)",
                                            "string_agg(#2)"
                                        ],
                                        "Estimated Cardinality": "1260710"
                                    },
                                    "cumulative_cardinality": 12684719,
                                    "operator_type": "HASH_GROUP_BY",
                                    "operator_cardinality": 2048,
                                    "cumulative_rows_scanned": 3582434,
                                    "operator_rows_scanned": 0,
                                    "operator_timing": 0.4496257509999997,
                                    "result_set_size": 57344,
                                    "children": [
                                        {
                                            "operator_name": "PROJECTION",
                                            "cpu_time": 0.26949029899999977,
                                            "extra_info": {
                                                "Projections": [
                                                    "id",
                                                    "id",
                                                    "name"
                                                ],
                                                "Estimated Cardinality": "2321724"
                                            },
                                            "cumulative_cardinality": 12682671,
                                            "operator_type": "PROJECTION",
                                            "operator_cardinality": 3033412,
                                            "cumulative_rows_scanned": 3582434,
                                            "operator_rows_scanned": 0,
                                            "operator_timing": 0.0003922570000000007,
                                            "result_set_size": 72801888,
                                            "children": [
                                                {
                                                    "operator_name": "FILTER",
                                                    "cpu_time": 0.26909804199999976,
                                                    "extra_info": {
                                                        "Expression": "(id >= 1)",
                                                        "Estimated Cardinality": "2321724"
                                                    },
                                                    "cumulative_cardinality": 9649259,
                                                    "operator_type": "FILTER",
                                                    "operator_cardinality": 3033412,
                                                    "cumulative_rows_scanned": 3582434,
                                                    "operator_rows_scanned": 0,
                                                    "operator_timing": 0.003799509000000005,
                                                    "result_set_size": 72801888,
                                                    "children": [
                                                        {
                                                            "operator_name": "HASH_JOIN",
                                                            "cpu_time": 0.2652985329999998,
                                                            "extra_info": {
                                                                "Join Type": "RIGHT",
                                                                "Conditions": "userid = id",
                                                                "Estimated Cardinality": "2321724"
                                                            },
                                                            "cumulative_cardinality": 6615847,
                                                            "operator_type": "HASH_JOIN",
                                                            "operator_cardinality": 3033413,
                                                            "cumulative_rows_scanned": 3582434,
                                                            "operator_rows_scanned": 0,
                                                            "operator_timing": 0.1885096369999997,
                                                            "result_set_size": 72801912,
                                                            "children": [
                                                                {
                                                                    "operator_name": "READ_PARQUET ",
                                                                    "cpu_time": 0.06559572200000012,
                                                                    "extra_info": {
                                                                        "Function": "READ_PARQUET",
                                                                        "Projections": [
                                                                            "id",
                                                                            "userid",
                                                                            "name"
                                                                        ],
                                                                        "Estimated Cardinality": "2321724"
                                                                    },
                                                                    "cumulative_cardinality": 2321724,
                                                                    "operator_type": "TABLE_SCAN",
                                                                    "operator_cardinality": 2321724,
                                                                    "cumulative_rows_scanned": 2321724,
                                                                    "operator_rows_scanned": 2321724,
                                                                    "operator_timing": 0.06559572200000012,
                                                                    "result_set_size": 55721376,
                                                                    "children": []
                                                                },
                                                                {
                                                                    "operator_name": "READ_PARQUET ",
                                                                    "cpu_time": 0.011193173999999967,
                                                                    "extra_info": {
                                                                        "Function": "READ_PARQUET",
                                                                        "Projections": "id",
                                                                        "Estimated Cardinality": "1260710"
                                                                    },
                                                                    "cumulative_cardinality": 1260710,
                                                                    "operator_type": "TABLE_SCAN",
                                                                    "operator_cardinality": 1260710,
                                                                    "cumulative_rows_scanned": 1260710,
                                                                    "operator_rows_scanned": 1260710,
                                                                    "operator_timing": 0.011193173999999967,
                                                                    "result_set_size": 5042840,
                                                                    "children": []
                                                                }
                                                            ]
                                                        }
                                                    ]
                                                }
                                            ]
                                        }
                                    ]
                                },
                                {
                                    "operator_name": "PIECEWISE_MERGE_JOIN",
                                    "cpu_time": 503.33152089401955,
                                    "extra_info": {
                                        "Join Type": "INNER",
                                        "Conditions": "PostCount < PostCount",
                                        "Estimated Cardinality": "4"
                                    },
                                    "cumulative_cardinality": 91110630,
                                    "operator_type": "PIECEWISE_MERGE_JOIN",
                                    "operator_cardinality": 0,
                                    "cumulative_rows_scanned": 20758162,
                                    "operator_rows_scanned": 0,
                                    "operator_timing": 0.000032911,
                                    "result_set_size": 0,
                                    "children": [
                                        {
                                            "operator_name": "FILTER",
                                            "cpu_time": 498.7100083540195,
                                            "extra_info": {
                                                "Expression": "(PostCount > 10)",
                                                "Estimated Cardinality": "395"
                                            },
                                            "cumulative_cardinality": 14127204,
                                            "operator_type": "FILTER",
                                            "operator_cardinality": 1876,
                                            "cumulative_rows_scanned": 3852092,
                                            "operator_rows_scanned": 0,
                                            "operator_timing": 0.000007313,
                                            "result_set_size": 75040,
                                            "children": [
                                                {
                                                    "operator_name": "HASH_GROUP_BY",
                                                    "cpu_time": 498.7100010410195,
                                                    "extra_info": {
                                                        "Groups": "#0",
                                                        "Aggregates": [
                                                            "count_star()",
                                                            "sum(#1)"
                                                        ],
                                                        "Estimated Cardinality": "1976"
                                                    },
                                                    "cumulative_cardinality": 14125328,
                                                    "operator_type": "HASH_GROUP_BY",
                                                    "operator_cardinality": 1976,
                                                    "cumulative_rows_scanned": 3852092,
                                                    "operator_rows_scanned": 0,
                                                    "operator_timing": 0.17413976499999997,
                                                    "result_set_size": 79040,
                                                    "children": [
                                                        {
                                                            "operator_name": "PROJECTION",
                                                            "cpu_time": 498.5358612760195,
                                                            "extra_info": {
                                                                "Projections": [
                                                                    "tagname",
                                                                    "viewcount"
                                                                ],
                                                                "Estimated Cardinality": "3850116"
                                                            },
                                                            "cumulative_cardinality": 14123352,
                                                            "operator_type": "PROJECTION",
                                                            "operator_cardinality": 5135630,
                                                            "cumulative_rows_scanned": 3852092,
                                                            "operator_rows_scanned": 0,
                                                            "operator_timing": 0.0020761010000000567,
                                                            "result_set_size": 102712600,
                                                            "children": [
                                                                {
                                                                    "operator_name": "BLOCKWISE_NL_JOIN",
                                                                    "cpu_time": 498.5337851750195,
                                                                    "extra_info": {
                                                                        "Join Type": "INNER",
                                                                        "Condition": "(tags ~~ (('%' || tagname) || '%'))"
                                                                    },
                                                                    "cumulative_cardinality": 8987722,
                                                                    "operator_type": "BLOCKWISE_NL_JOIN",
                                                                    "operator_cardinality": 5135630,
                                                                    "cumulative_rows_scanned": 3852092,
                                                                    "operator_rows_scanned": 0,
                                                                    "operator_timing": 498.3088245940195,
                                                                    "result_set_size": 205425200,
                                                                    "children": [
                                                                        {
                                                                            "operator_name": "READ_PARQUET ",
                                                                            "cpu_time": 0.22453480599999978,
                                                                            "extra_info": {
                                                                                "Function": "READ_PARQUET",
                                                                                "Projections": [
                                                                                    "id",
                                                                                    "viewcount",
                                                                                    "tags"
                                                                                ],
                                                                                "Estimated Cardinality": "3850116"
                                                                            },
                                                                            "cumulative_cardinality": 3850116,
                                                                            "operator_type": "TABLE_SCAN",
                                                                            "operator_cardinality": 3850116,
                                                                            "cumulative_rows_scanned": 3850116,
                                                                            "operator_rows_scanned": 3850116,
                                                                            "operator_timing": 0.22453480599999978,
                                                                            "result_set_size": 92402784,
                                                                            "children": []
                                                                        },
                                                                        {
                                                                            "operator_name": "READ_PARQUET ",
                                                                            "cpu_time": 0.00042577500000000004,
                                                                            "extra_info": {
                                                                                "Function": "READ_PARQUET",
                                                                                "Projections": "tagname",
                                                                                "Estimated Cardinality": "1976"
                                                                            },
                                                                            "cumulative_cardinality": 1976,
                                                                            "operator_type": "TABLE_SCAN",
                                                                            "operator_cardinality": 1976,
                                                                            "cumulative_rows_scanned": 1976,
                                                                            "operator_rows_scanned": 1976,
                                                                            "operator_timing": 0.00042577500000000004,
                                                                            "result_set_size": 31616,
                                                                            "children": []
                                                                        }
                                                                    ]
                                                                }
                                                            ]
                                                        }
                                                    ]
                                                }
                                            ]
                                        },
                                        {
                                            "operator_name": "HASH_JOIN",
                                            "cpu_time": 4.621479628999994,
                                            "extra_info": {
                                                "Join Type": "INNER",
                                                "Conditions": "UserId = postid",
                                                "Estimated Cardinality": "10"
                                            },
                                            "cumulative_cardinality": 76983426,
                                            "operator_type": "HASH_JOIN",
                                            "operator_cardinality": 0,
                                            "cumulative_rows_scanned": 16906070,
                                            "operator_rows_scanned": 0,
                                            "operator_timing": 0.000120519,
                                            "result_set_size": 0,
                                            "children": [
                                                {
                                                    "operator_name": "HASH_GROUP_BY",
                                                    "cpu_time": 0.5413243139999999,
                                                    "extra_info": {
                                                        "Groups": [
                                                            "#0",
                                                            "#1",
                                                            "#2"
                                                        ],
                                                        "Aggregates": "count(DISTINCT #3)",
                                                        "Estimated Cardinality": "1260710"
                                                    },
                                                    "cumulative_cardinality": 10895261,
                                                    "operator_type": "HASH_GROUP_BY",
                                                    "operator_cardinality": 11215,
                                                    "cumulative_rows_scanned": 5110826,
                                                    "operator_rows_scanned": 0,
                                                    "operator_timing": 0.2820774880000004,
                                                    "result_set_size": 358880,
                                                    "children": [
                                                        {
                                                            "operator_name": "PROJECTION",
                                                            "cpu_time": 0.25924682599999954,
                                                            "extra_info": {
                                                                "Projections": [
                                                                    "id",
                                                                    "displayname",
                                                                    "reputation",
                                                                    "id"
                                                                ],
                                                                "Estimated Cardinality": "3850116"
                                                            },
                                                            "cumulative_cardinality": 10884046,
                                                            "operator_type": "PROJECTION",
                                                            "operator_cardinality": 2396486,
                                                            "cumulative_rows_scanned": 5110826,
                                                            "operator_rows_scanned": 0,
                                                            "operator_timing": 0.0005479760000000026,
                                                            "result_set_size": 67101608,
                                                            "children": [
                                                                {
                                                                    "operator_name": "FILTER",
                                                                    "cpu_time": 0.25869884999999954,
                                                                    "extra_info": {
                                                                        "Expression": "(id >= 1)",
                                                                        "Estimated Cardinality": "3850116"
                                                                    },
                                                                    "cumulative_cardinality": 8487560,
                                                                    "operator_type": "FILTER",
                                                                    "operator_cardinality": 2396486,
                                                                    "cumulative_rows_scanned": 5110826,
                                                                    "operator_rows_scanned": 0,
                                                                    "operator_timing": 0.003447817000000005,
                                                                    "result_set_size": 76687552,
                                                                    "children": [
                                                                        {
                                                                            "operator_name": "HASH_JOIN",
                                                                            "cpu_time": 0.2552510329999995,
                                                                            "extra_info": {
                                                                                "Join Type": "RIGHT",
                                                                                "Conditions": "owneruserid = id",
                                                                                "Estimated Cardinality": "3850116"
                                                                            },
                                                                            "cumulative_cardinality": 6091074,
                                                                            "operator_type": "HASH_JOIN",
                                                                            "operator_cardinality": 2396486,
                                                                            "cumulative_rows_scanned": 5110826,
                                                                            "operator_rows_scanned": 0,
                                                                            "operator_timing": 0.09498293299999948,
                                                                            "result_set_size": 76687552,
                                                                            "children": [
                                                                                {
                                                                                    "operator_name": "READ_PARQUET ",
                                                                                    "cpu_time": 0.09047774200000001,
                                                                                    "extra_info": {
                                                                                        "Function": "READ_PARQUET",
                                                                                        "Projections": [
                                                                                            "id",
                                                                                            "owneruserid"
                                                                                        ],
                                                                                        "Estimated Cardinality": "3850116"
                                                                                    },
                                                                                    "cumulative_cardinality": 3683373,
                                                                                    "operator_type": "TABLE_SCAN",
                                                                                    "operator_cardinality": 3683373,
                                                                                    "cumulative_rows_scanned": 3850116,
                                                                                    "operator_rows_scanned": 3850116,
                                                                                    "operator_timing": 0.09047774200000001,
                                                                                    "result_set_size": 29466984,
                                                                                    "children": []
                                                                                },
                                                                                {
                                                                                    "operator_name": "READ_PARQUET ",
                                                                                    "cpu_time": 0.06979035800000005,
                                                                                    "extra_info": {
                                                                                        "Function": "READ_PARQUET",
                                                                                        "Projections": [
                                                                                            "id",
                                                                                            "reputation",
                                                                                            "displayname"
                                                                                        ],
                                                                                        "Filters": "reputation>1000",
                                                                                        "Estimated Cardinality": "252142"
                                                                                    },
                                                                                    "cumulative_cardinality": 11215,
                                                                                    "operator_type": "TABLE_SCAN",
                                                                                    "operator_cardinality": 11215,
                                                                                    "cumulative_rows_scanned": 1260710,
                                                                                    "operator_rows_scanned": 1260710,
                                                                                    "operator_timing": 0.06979035800000005,
                                                                                    "result_set_size": 269160,
                                                                                    "children": []
                                                                                }
                                                                            ]
                                                                        }
                                                                    ]
                                                                }
                                                            ]
                                                        }
                                                    ]
                                                },
                                                {
                                                    "operator_name": "FILTER",
                                                    "cpu_time": 4.080034795999994,
                                                    "extra_info": {
                                                        "Expression": "(postid <= 1416570)",
                                                        "Estimated Cardinality": "10"
                                                    },
                                                    "cumulative_cardinality": 66088165,
                                                    "operator_type": "FILTER",
                                                    "operator_cardinality": 2,
                                                    "cumulative_rows_scanned": 11795244,
                                                    "operator_rows_scanned": 0,
                                                    "operator_timing": 0.000006161,
                                                    "result_set_size": 56,
                                                    "children": [
                                                        {
                                                            "operator_name": "STREAMING_LIMIT",
                                                            "cpu_time": 4.080028634999994,
                                                            "extra_info": {},
                                                            "cumulative_cardinality": 66088163,
                                                            "operator_type": "STREAMING_LIMIT",
                                                            "operator_cardinality": 10,
                                                            "cumulative_rows_scanned": 11795244,
                                                            "operator_rows_scanned": 0,
                                                            "operator_timing": 0.000001232,
                                                            "result_set_size": 280,
                                                            "children": [
                                                                {
                                                                    "operator_name": "ORDER_BY",
                                                                    "cpu_time": 4.080027402999995,
                                                                    "extra_info": {
                                                                        "Order By": "count(ph.Id) DESC"
                                                                    },
                                                                    "cumulative_cardinality": 66088153,
                                                                    "operator_type": "ORDER_BY",
                                                                    "operator_cardinality": 4096,
                                                                    "cumulative_rows_scanned": 11795244,
                                                                    "operator_rows_scanned": 0,
                                                                    "operator_timing": 0.38069931499999987,
                                                                    "result_set_size": 114688,
                                                                    "children": [
                                                                        {
                                                                            "operator_name": "PROJECTION",
                                                                            "cpu_time": 3.6993280879999944,
                                                                            "extra_info": {
                                                                                "Projections": [
                                                                                    "postid",
                                                                                    "ChangeCount",
                                                                                    "Editors"
                                                                                ],
                                                                                "Estimated Cardinality": "5897622"
                                                                            },
                                                                            "cumulative_cardinality": 66084057,
                                                                            "operator_type": "PROJECTION",
                                                                            "operator_cardinality": 10232775,
                                                                            "cumulative_rows_scanned": 11795244,
                                                                            "operator_rows_scanned": 0,
                                                                            "operator_timing": 0.001108659000000002,
                                                                            "result_set_size": 286517700,
                                                                            "children": [
                                                                                {
                                                                                    "operator_name": "PROJECTION",
                                                                                    "cpu_time": 3.6982194289999946,
                                                                                    "extra_info": {
                                                                                        "Projections": [
                                                                                            "#0",
                                                                                            "__internal_decompress_integral_smallint(#1, 1)",
                                                                                            "#2",
                                                                                            "#3"
                                                                                        ],
                                                                                        "Estimated Cardinality": "5897622"
                                                                                    },
                                                                                    "cumulative_cardinality": 55851282,
                                                                                    "operator_type": "PROJECTION",
                                                                                    "operator_cardinality": 10232775,
                                                                                    "cumulative_rows_scanned": 11795244,
                                                                                    "operator_rows_scanned": 0,
                                                                                    "operator_timing": 0.003735985999999999,
                                                                                    "result_set_size": 306983250,
                                                                                    "children": [
                                                                                        {
                                                                                            "operator_name": "HASH_GROUP_BY",
                                                                                            "cpu_time": 3.6944834429999944,
                                                                                            "extra_info": {
                                                                                                "Groups": [
                                                                                                    "#0",
                                                                                                    "#1"
                                                                                                ],
                                                                                                "Aggregates": [
                                                                                                    "count_star()",
                                                                                                    "string_agg(#2)"
                                                                                                ],
                                                                                                "Estimated Cardinality": "5897622"
                                                                                            },
                                                                                            "cumulative_cardinality": 45618507,
                                                                                            "operator_type": "HASH_GROUP_BY",
                                                                                            "operator_cardinality": 10232775,
                                                                                            "cumulative_rows_scanned": 11795244,
                                                                                            "operator_rows_scanned": 0,
                                                                                            "operator_timing": 2.1511302570000006,
                                                                                            "result_set_size": 296750475,
                                                                                            "children": [
                                                                                                {
                                                                                                    "operator_name": "PROJECTION",
                                                                                                    "cpu_time": 1.5433531859999938,
                                                                                                    "extra_info": {
                                                                                                        "Projections": [
                                                                                                            "postid",
                                                                                                            "posthistorytypeid",
                                                                                                            "userdisplayname"
                                                                                                        ],
                                                                                                        "Estimated Cardinality": "11795244"
                                                                                                    },
                                                                                                    "cumulative_cardinality": 35385732,
                                                                                                    "operator_type": "PROJECTION",
                                                                                                    "operator_cardinality": 11795244,
                                                                                                    "cumulative_rows_scanned": 11795244,
                                                                                                    "operator_rows_scanned": 0,
                                                                                                    "operator_timing": 0.0022338449999999965,
                                                                                                    "result_set_size": 247700124,
                                                                                                    "children": [
                                                                                                        {
                                                                                                            "operator_name": "PROJECTION",
                                                                                                            "cpu_time": 1.541119340999994,
                                                                                                            "extra_info": {
                                                                                                                "Projections": [
                                                                                                                    "#0",
                                                                                                                    "__internal_compress_integral_utinyint(#1, 1)",
                                                                                                                    "#2",
                                                                                                                    "#3"
                                                                                                                ],
                                                                                                                "Estimated Cardinality": "11795244"
                                                                                                            },
                                                                                                            "cumulative_cardinality": 23590488,
                                                                                                            "operator_type": "PROJECTION",
                                                                                                            "operator_cardinality": 11795244,
                                                                                                            "cumulative_rows_scanned": 11795244,
                                                                                                            "operator_rows_scanned": 0,
                                                                                                            "operator_timing": 0.008056146000000016,
                                                                                                            "result_set_size": 294881100,
                                                                                                            "children": [
                                                                                                                {
                                                                                                                    "operator_name": "READ_PARQUET ",
                                                                                                                    "cpu_time": 1.533063194999994,
                                                                                                                    "extra_info": {
                                                                                                                        "Function": "READ_PARQUET",
                                                                                                                        "Projections": [
                                                                                                                            "id",
                                                                                                                            "posthistorytypeid",
                                                                                                                            "postid",
                                                                                                                            "userdisplayname"
                                                                                                                        ],
                                                                                                                        "Estimated Cardinality": "11795244"
                                                                                                                    },
                                                                                                                    "cumulative_cardinality": 11795244,
                                                                                                                    "operator_type": "TABLE_SCAN",
                                                                                                                    "operator_cardinality": 11795244,
                                                                                                                    "cumulative_rows_scanned": 11795244,
                                                                                                                    "operator_rows_scanned": 11795244,
                                                                                                                    "operator_timing": 1.533063194999994,
                                                                                                                    "result_set_size": 306676344,
                                                                                                                    "children": []
                                                                                                                }
                                                                                                            ]
                                                                                                        }
                                                                                                    ]
                                                                                                }
                                                                                            ]
                                                                                        }
                                                                                    ]
                                                                                }
                                                                            ]
                                                                        }
                                                                    ]
                                                                }
                                                            ]
                                                        }
                                                    ]
                                                }
                                            ]
                                        }
                                    ]
                                }
                            ]
                        }
                    ]
                }
            ]
        }
    ]
}