{
    "rows_returned": 0,
    "query_name": "WITH TagStats AS (\n    SELECT \n        t.TagName,\n        COUNT(DISTINCT p.Id) AS PostCount,\n        SUM(CASE WHEN p.PostTypeId = 1 THEN 1 ELSE 0 END) AS QuestionCount,\n        SUM(CASE WHEN p.PostTypeId = 2 THEN 1 ELSE 0 END) AS AnswerCount,\n        AVG(p.ViewCount) AS AvgViewCount,\n        AVG(p.Score) AS AvgScore,\n        MAX(p.CreationDate) AS RecentPostDate\n    FROM \n        Tags t\n    LEFT JOIN \n        Posts p ON p.Tags LIKE '%' || t.TagName || '%'\n    GROUP BY \n        t.TagName\n),\nUserActivity AS (\n    SELECT \n        u.DisplayName,\n        SUM(CASE WHEN v.VoteTypeId = 2 THEN 1 ELSE 0 END) AS TotalUpVotes,\n        SUM(CASE WHEN v.VoteTypeId = 3 THEN 1 ELSE 0 END) AS TotalDownVotes,\n        SUM(CASE WHEN c.Id IS NOT NULL THEN 1 ELSE 0 END) AS TotalComments,\n        SUM(CASE WHEN b.Id IS NOT NULL THEN 1 ELSE 0 END) AS TotalBadges\n    FROM \n        Users u\n    LEFT JOIN \n        Votes v ON v.UserId = u.Id\n    LEFT JOIN \n        Comments c ON c.UserId = u.Id\n    LEFT JOIN \n        Badges b ON b.UserId = u.Id\n    GROUP BY \n        u.DisplayName\n),\nPostTrends AS (\n    SELECT \n        p.OwnerDisplayName,\n        COUNT(*) AS TotalPosts,\n        SUM(CASE WHEN p.Score > 0 THEN 1 ELSE 0 END) AS PositivePosts,\n        SUM(CASE WHEN p.ViewCount > 100 THEN 1 ELSE 0 END) AS PopularPosts\n    FROM \n        Posts p\n    GROUP BY \n        p.OwnerDisplayName\n)\nSELECT \n    ts.TagName,\n    ts.PostCount,\n    ts.QuestionCount,\n    ts.AnswerCount,\n    ts.AvgViewCount,\n    ts.AvgScore,\n    ts.RecentPostDate,\n    ua.DisplayName AS ActiveUser,\n    ua.TotalUpVotes,\n    ua.TotalDownVotes,\n    ua.TotalComments,\n    ua.TotalBadges,\n    pt.TotalPosts,\n    pt.PositivePosts,\n    pt.PopularPosts\nFROM \n    TagStats ts\nJOIN \n    UserActivity ua ON ua.TotalUpVotes > 0\nJOIN \n    PostTrends pt ON pt.TotalPosts > 5\nORDER BY \n    ts.PostCount DESC, ua.TotalUpVotes DESC, pt.TotalPosts DESC;\n",
    "blocked_thread_time": 0.0,
    "cpu_time": 1042.7760802289217,
    "extra_info": {},
    "cumulative_cardinality": 29789690515,
    "cumulative_rows_scanned": 31270557,
    "result_set_size": 0,
    "latency": 1211.736733181,
    "children": [
        {
            "operator_name": "ORDER_BY",
            "cpu_time": 1042.7760802289217,
            "extra_info": {
                "Order By": [
                    "ts.PostCount DESC",
                    "ua.TotalUpVotes DESC",
                    "pt.TotalPosts DESC"
                ]
            },
            "cumulative_cardinality": 29789690515,
            "operator_type": "ORDER_BY",
            "operator_cardinality": 0,
            "cumulative_rows_scanned": 31270557,
            "operator_rows_scanned": 0,
            "operator_timing": 2.8e-7,
            "result_set_size": 0,
            "children": [
                {
                    "operator_name": "PROJECTION",
                    "cpu_time": 1042.7760799489217,
                    "extra_info": {
                        "Projections": [
                            "tagname",
                            "PostCount",
                            "QuestionCount",
                            "AnswerCount",
                            "AvgViewCount",
                            "AvgScore",
                            "RecentPostDate",
                            "ActiveUser",
                            "TotalUpVotes",
                            "TotalDownVotes",
                            "TotalComments",
                            "TotalBadges",
                            "TotalPosts",
                            "PositivePosts",
                            "PopularPosts"
                        ],
                        "Estimated Cardinality": "191825028478512"
                    },
                    "cumulative_cardinality": 29789690515,
                    "operator_type": "PROJECTION",
                    "operator_cardinality": 0,
                    "cumulative_rows_scanned": 31270557,
                    "operator_rows_scanned": 0,
                    "operator_timing": 0.0,
                    "result_set_size": 0,
                    "children": [
                        {
                            "operator_name": "CROSS_PRODUCT",
                            "cpu_time": 1042.7760799489217,
                            "extra_info": {},
                            "cumulative_cardinality": 29789690515,
                            "operator_type": "CROSS_PRODUCT",
                            "operator_cardinality": 0,
                            "cumulative_rows_scanned": 31270557,
                            "operator_rows_scanned": 0,
                            "operator_timing": 0.000032259,
                            "result_set_size": 0,
                            "children": [
                                {
                                    "operator_name": "CROSS_PRODUCT",
                                    "cpu_time": 1042.610740681922,
                                    "extra_info": {},
                                    "cumulative_cardinality": 29781965439,
                                    "operator_type": "CROSS_PRODUCT",
                                    "operator_cardinality": 0,
                                    "cumulative_rows_scanned": 27420441,
                                    "operator_rows_scanned": 0,
                                    "operator_timing": 0.000051917000000000005,
                                    "result_set_size": 0,
                                    "children": [
                                        {
                                            "operator_name": "FILTER",
                                            "cpu_time": 537.5260329219436,
                                            "extra_info": {
                                                "Expression": "(TotalUpVotes > 0)",
                                                "Estimated Cardinality": "252142"
                                            },
                                            "cumulative_cardinality": 29767840111,
                                            "operator_type": "FILTER",
                                            "operator_cardinality": 0,
                                            "cumulative_rows_scanned": 23568349,
                                            "operator_rows_scanned": 0,
                                            "operator_timing": 0.002000275000000002,
                                            "result_set_size": 0,
                                            "children": [
                                                {
                                                    "operator_name": "HASH_GROUP_BY",
                                                    "cpu_time": 537.5240326469436,
                                                    "extra_info": {
                                                        "Groups": "#0",
                                                        "Aggregates": [
                                                            "sum(#1)",
                                                            "sum(#2)",
                                                            "sum(#3)",
                                                            "sum(#4)"
                                                        ],
                                                        "Estimated Cardinality": "1260710"
                                                    },
                                                    "cumulative_cardinality": 29767840111,
                                                    "operator_type": "HASH_GROUP_BY",
                                                    "operator_cardinality": 1045736,
                                                    "cumulative_rows_scanned": 23568349,
                                                    "operator_rows_scanned": 0,
                                                    "operator_timing": 343.2751308839727,
                                                    "result_set_size": 83658880,
                                                    "children": [
                                                        {
                                                            "operator_name": "PROJECTION",
                                                            "cpu_time": 194.248901762971,
                                                            "extra_info": {
                                                                "Projections": [
                                                                    "displayname",
                                                                    "CASE  WHEN ((votetypeid = 2)) THEN (1) ELSE 0 END",
                                                                    "CASE  WHEN ((votetypeid = 3)) THEN (1) ELSE 0 END",
                                                                    "CASE  WHEN ((id IS NOT NULL)) THEN (1) ELSE 0 END",
                                                                    "CASE  WHEN ((id IS NOT NULL)) THEN (1) ELSE 0 END"
                                                                ],
                                                                "Estimated Cardinality": "12744093"
                                                            },
                                                            "cumulative_cardinality": 29766794375,
                                                            "operator_type": "PROJECTION",
                                                            "operator_cardinality": 14852855481,
                                                            "cumulative_rows_scanned": 23568349,
                                                            "operator_rows_scanned": 0,
                                                            "operator_timing": 99.615726284983,
                                                            "result_set_size": 475291375392,
                                                            "children": [
                                                                {
                                                                    "operator_name": "HASH_JOIN",
                                                                    "cpu_time": 94.633175477988,
                                                                    "extra_info": {
                                                                        "Join Type": "LEFT",
                                                                        "Conditions": "id = userid",
                                                                        "Estimated Cardinality": "12744093"
                                                                    },
                                                                    "cumulative_cardinality": 14913938894,
                                                                    "operator_type": "HASH_JOIN",
                                                                    "operator_cardinality": 14852855481,
                                                                    "cumulative_rows_scanned": 23568349,
                                                                    "operator_rows_scanned": 0,
                                                                    "operator_timing": 93.041646475988,
                                                                    "result_set_size": 386174242506,
                                                                    "children": [
                                                                        {
                                                                            "operator_name": "HASH_JOIN",
                                                                            "cpu_time": 1.566978138999999,
                                                                            "extra_info": {
                                                                                "Join Type": "LEFT",
                                                                                "Conditions": "id = userid",
                                                                                "Estimated Cardinality": "12744093"
                                                                            },
                                                                            "cumulative_cardinality": 58761689,
                                                                            "operator_type": "HASH_JOIN",
                                                                            "operator_cardinality": 48930015,
                                                                            "cumulative_rows_scanned": 21246625,
                                                                            "operator_rows_scanned": 0,
                                                                            "operator_timing": 1.1288706079999993,
                                                                            "result_set_size": 1272180390,
                                                                            "children": [
                                                                                {
                                                                                    "operator_name": "HASH_JOIN",
                                                                                    "cpu_time": 0.35971769000000003,
                                                                                    "extra_info": {
                                                                                        "Join Type": "RIGHT",
                                                                                        "Conditions": "userid = id",
                                                                                        "Estimated Cardinality": "12744093"
                                                                                    },
                                                                                    "cumulative_cardinality": 2589852,
                                                                                    "operator_type": "HASH_JOIN",
                                                                                    "operator_cardinality": 1288855,
                                                                                    "cumulative_rows_scanned": 14004803,
                                                                                    "operator_rows_scanned": 0,
                                                                                    "operator_timing": 0.13408221100000023,
                                                                                    "result_set_size": 28354810,
                                                                                    "children": [
                                                                                        {
                                                                                            "operator_name": "READ_PARQUET ",
                                                                                            "cpu_time": 0.1464603309999999,
                                                                                            "extra_info": {
                                                                                                "Function": "READ_PARQUET",
                                                                                                "Projections": [
                                                                                                    "votetypeid",
                                                                                                    "userid"
                                                                                                ],
                                                                                                "Estimated Cardinality": "12744093"
                                                                                            },
                                                                                            "cumulative_cardinality": 40287,
                                                                                            "operator_type": "TABLE_SCAN",
                                                                                            "operator_cardinality": 40287,
                                                                                            "cumulative_rows_scanned": 12744093,
                                                                                            "operator_rows_scanned": 12744093,
                                                                                            "operator_timing": 0.1464603309999999,
                                                                                            "result_set_size": 241722,
                                                                                            "children": []
                                                                                        },
                                                                                        {
                                                                                            "operator_name": "READ_PARQUET ",
                                                                                            "cpu_time": 0.07917514799999992,
                                                                                            "extra_info": {
                                                                                                "Function": "READ_PARQUET",
                                                                                                "Projections": [
                                                                                                    "id",
                                                                                                    "displayname"
                                                                                                ],
                                                                                                "Estimated Cardinality": "1260710"
                                                                                            },
                                                                                            "cumulative_cardinality": 1260710,
                                                                                            "operator_type": "TABLE_SCAN",
                                                                                            "operator_cardinality": 1260710,
                                                                                            "cumulative_rows_scanned": 1260710,
                                                                                            "operator_rows_scanned": 1260710,
                                                                                            "operator_timing": 0.07917514799999992,
                                                                                            "result_set_size": 25214200,
                                                                                            "children": []
                                                                                        }
                                                                                    ]
                                                                                },
                                                                                {
                                                                                    "operator_name": "READ_PARQUET ",
                                                                                    "cpu_time": 0.07838984099999975,
                                                                                    "extra_info": {
                                                                                        "Function": "READ_PARQUET",
                                                                                        "Projections": [
                                                                                            "id",
                                                                                            "userid"
                                                                                        ],
                                                                                        "Estimated Cardinality": "7241822"
                                                                                    },
                                                                                    "cumulative_cardinality": 7241822,
                                                                                    "operator_type": "TABLE_SCAN",
                                                                                    "operator_cardinality": 7241822,
                                                                                    "cumulative_rows_scanned": 7241822,
                                                                                    "operator_rows_scanned": 7241822,
                                                                                    "operator_timing": 0.07838984099999975,
                                                                                    "result_set_size": 57934576,
                                                                                    "children": []
                                                                                }
                                                                            ]
                                                                        },
                                                                        {
                                                                            "operator_name": "READ_PARQUET ",
                                                                            "cpu_time": 0.024550862999999975,
                                                                            "extra_info": {
                                                                                "Function": "READ_PARQUET",
                                                                                "Projections": [
                                                                                    "id",
                                                                                    "userid"
                                                                                ],
                                                                                "Estimated Cardinality": "2321724"
                                                                            },
                                                                            "cumulative_cardinality": 2321724,
                                                                            "operator_type": "TABLE_SCAN",
                                                                            "operator_cardinality": 2321724,
                                                                            "cumulative_rows_scanned": 2321724,
                                                                            "operator_rows_scanned": 2321724,
                                                                            "operator_timing": 0.024550862999999975,
                                                                            "result_set_size": 18573792,
                                                                            "children": []
                                                                        }
                                                                    ]
                                                                }
                                                            ]
                                                        }
                                                    ]
                                                }
                                            ]
                                        },
                                        {
                                            "operator_name": "HASH_GROUP_BY",
                                            "cpu_time": 505.08465584297835,
                                            "extra_info": {
                                                "Groups": "#0",
                                                "Aggregates": [
                                                    "count(DISTINCT #1)",
                                                    "sum(#2)",
                                                    "sum(#3)",
                                                    "avg(#4)",
                                                    "avg(#5)",
                                                    "max(#6)"
                                                ],
                                                "Estimated Cardinality": "1976"
                                            },
                                            "cumulative_cardinality": 14125328,
                                            "operator_type": "HASH_GROUP_BY",
                                            "operator_cardinality": 1976,
                                            "cumulative_rows_scanned": 3852092,
                                            "operator_rows_scanned": 0,
                                            "operator_timing": 1.1569492610000032,
                                            "result_set_size": 158080,
                                            "children": [
                                                {
                                                    "operator_name": "PROJECTION",
                                                    "cpu_time": 503.9277065819783,
                                                    "extra_info": {
                                                        "Projections": [
                                                            "tagname",
                                                            "id",
                                                            "CASE  WHEN ((posttypeid = 1)) THEN (1) ELSE 0 END",
                                                            "CASE  WHEN ((posttypeid = 2)) THEN (1) ELSE 0 END",
                                                            "viewcount",
                                                            "score",
                                                            "creationdate"
                                                        ],
                                                        "Estimated Cardinality": "3850116"
                                                    },
                                                    "cumulative_cardinality": 14123352,
                                                    "operator_type": "PROJECTION",
                                                    "operator_cardinality": 5135630,
                                                    "cumulative_rows_scanned": 3852092,
                                                    "operator_rows_scanned": 0,
                                                    "operator_timing": 0.035734907999999906,
                                                    "result_set_size": 225967720,
                                                    "children": [
                                                        {
                                                            "operator_name": "BLOCKWISE_NL_JOIN",
                                                            "cpu_time": 503.89197167397833,
                                                            "extra_info": {
                                                                "Join Type": "RIGHT",
                                                                "Condition": "(tags ~~ (('%' || tagname) || '%'))"
                                                            },
                                                            "cumulative_cardinality": 8987722,
                                                            "operator_type": "BLOCKWISE_NL_JOIN",
                                                            "operator_cardinality": 5135630,
                                                            "cumulative_rows_scanned": 3852092,
                                                            "operator_rows_scanned": 0,
                                                            "operator_timing": 503.5463244019783,
                                                            "result_set_size": 277324020,
                                                            "children": [
                                                                {
                                                                    "operator_name": "READ_PARQUET ",
                                                                    "cpu_time": 0.34526184199999954,
                                                                    "extra_info": {
                                                                        "Function": "READ_PARQUET",
                                                                        "Projections": [
                                                                            "id",
                                                                            "posttypeid",
                                                                            "creationdate",
                                                                            "score",
                                                                            "viewcount",
                                                                            "tags"
                                                                        ],
                                                                        "Estimated Cardinality": "3850116"
                                                                    },
                                                                    "cumulative_cardinality": 3850116,
                                                                    "operator_type": "TABLE_SCAN",
                                                                    "operator_cardinality": 3850116,
                                                                    "cumulative_rows_scanned": 3850116,
                                                                    "operator_rows_scanned": 3850116,
                                                                    "operator_timing": 0.34526184199999954,
                                                                    "result_set_size": 146304408,
                                                                    "children": []
                                                                },
                                                                {
                                                                    "operator_name": "READ_PARQUET ",
                                                                    "cpu_time": 0.00038543,
                                                                    "extra_info": {
                                                                        "Function": "READ_PARQUET",
                                                                        "Projections": "tagname",
                                                                        "Estimated Cardinality": "1976"
                                                                    },
                                                                    "cumulative_cardinality": 1976,
                                                                    "operator_type": "TABLE_SCAN",
                                                                    "operator_cardinality": 1976,
                                                                    "cumulative_rows_scanned": 1976,
                                                                    "operator_rows_scanned": 1976,
                                                                    "operator_timing": 0.00038543,
                                                                    "result_set_size": 31616,
                                                                    "children": []
                                                                }
                                                            ]
                                                        }
                                                    ]
                                                }
                                            ]
                                        }
                                    ]
                                },
                                {
                                    "operator_name": "PROJECTION",
                                    "cpu_time": 0.16530700799999987,
                                    "extra_info": {
                                        "Projections": [
                                            "#1",
                                            "#2",
                                            "#3"
                                        ],
                                        "Estimated Cardinality": "385011"
                                    },
                                    "cumulative_cardinality": 7725076,
                                    "operator_type": "PROJECTION",
                                    "operator_cardinality": 3107,
                                    "cumulative_rows_scanned": 3850116,
                                    "operator_rows_scanned": 0,
                                    "operator_timing": 0.000002115,
                                    "result_set_size": 124280,
                                    "children": [
                                        {
                                            "operator_name": "FILTER",
                                            "cpu_time": 0.16530489299999987,
                                            "extra_info": {
                                                "Expression": "(TotalPosts > 5)",
                                                "Estimated Cardinality": "385011"
                                            },
                                            "cumulative_cardinality": 7721969,
                                            "operator_type": "FILTER",
                                            "operator_cardinality": 3107,
                                            "cumulative_rows_scanned": 3850116,
                                            "operator_rows_scanned": 0,
                                            "operator_timing": 0.000039504,
                                            "result_set_size": 173992,
                                            "children": [
                                                {
                                                    "operator_name": "HASH_GROUP_BY",
                                                    "cpu_time": 0.16526538899999987,
                                                    "extra_info": {
                                                        "Groups": "#0",
                                                        "Aggregates": [
                                                            "count_star()",
                                                            "sum(#1)",
                                                            "sum(#2)"
                                                        ],
                                                        "Estimated Cardinality": "1925058"
                                                    },
                                                    "cumulative_cardinality": 7718862,
                                                    "operator_type": "HASH_GROUP_BY",
                                                    "operator_cardinality": 18630,
                                                    "cumulative_rows_scanned": 3850116,
                                                    "operator_rows_scanned": 0,
                                                    "operator_timing": 0.050017643999999986,
                                                    "result_set_size": 1043280,
                                                    "children": [
                                                        {
                                                            "operator_name": "PROJECTION",
                                                            "cpu_time": 0.1152477449999999,
                                                            "extra_info": {
                                                                "Projections": [
                                                                    "ownerdisplayname",
                                                                    "CASE  WHEN ((score > 0)) THEN (1) ELSE 0 END",
                                                                    "CASE  WHEN ((viewcount > 100)) THEN (1) ELSE 0 END"
                                                                ],
                                                                "Estimated Cardinality": "3850116"
                                                            },
                                                            "cumulative_cardinality": 7700232,
                                                            "operator_type": "PROJECTION",
                                                            "operator_cardinality": 3850116,
                                                            "cumulative_rows_scanned": 3850116,
                                                            "operator_rows_scanned": 0,
                                                            "operator_timing": 0.052887962000000066,
                                                            "result_set_size": 92402784,
                                                            "children": [
                                                                {
                                                                    "operator_name": "READ_PARQUET ",
                                                                    "cpu_time": 0.06235978299999984,
                                                                    "extra_info": {
                                                                        "Function": "READ_PARQUET",
                                                                        "Projections": [
                                                                            "score",
                                                                            "viewcount",
                                                                            "ownerdisplayname"
                                                                        ],
                                                                        "Estimated Cardinality": "3850116"
                                                                    },
                                                                    "cumulative_cardinality": 3850116,
                                                                    "operator_type": "TABLE_SCAN",
                                                                    "operator_cardinality": 3850116,
                                                                    "cumulative_rows_scanned": 3850116,
                                                                    "operator_rows_scanned": 3850116,
                                                                    "operator_timing": 0.06235978299999984,
                                                                    "result_set_size": 92402784,
                                                                    "children": []
                                                                }
                                                            ]
                                                        }
                                                    ]
                                                }
                                            ]
                                        }
                                    ]
                                }
                            ]
                        }
                    ]
                }
            ]
        }
    ]
}