{
    "rows_returned": 0,
    "query_name": "WITH RankedPosts AS (\n    SELECT \n        p.Id AS PostId,\n        p.Title,\n        p.CreationDate,\n        p.Score,\n        p.ViewCount,\n        ROW_NUMBER() OVER (PARTITION BY pt.Name ORDER BY p.Score DESC) AS PostRank\n    FROM \n        Posts p\n    JOIN \n        PostTypes pt ON p.PostTypeId = pt.Id\n    WHERE \n        p.CreationDate >= cast('2024-10-01' as date) - INTERVAL '1 year'\n), \nUserEngagement AS (\n    SELECT \n        u.Id AS UserId,\n        COUNT(DISTINCT c.Id) AS CommentCount,\n        COUNT(DISTINCT v.Id) AS VoteCount,\n        SUM(CASE WHEN v.VoteTypeId = 2 THEN 1 ELSE 0 END) AS UpVoteCount,\n        SUM(CASE WHEN v.VoteTypeId = 3 THEN 1 ELSE 0 END) AS DownVoteCount\n    FROM \n        Users u\n    LEFT JOIN \n        Comments c ON u.Id = c.UserId\n    LEFT JOIN \n        Votes v ON u.Id = v.UserId\n    WHERE \n        u.Reputation >= 100\n    GROUP BY \n        u.Id\n)\nSELECT \n    up.UserId,\n    up.CommentCount,\n    up.VoteCount,\n    up.UpVoteCount,\n    up.DownVoteCount,\n    rp.PostId,\n    rp.Title,\n    rp.CreationDate,\n    rp.Score,\n    rp.ViewCount\nFROM \n    UserEngagement up\nJOIN \n    RankedPosts rp ON up.UserId = rp.PostId\nWHERE \n    up.CommentCount > 0 \n    OR up.VoteCount > 0\nORDER BY \n    up.UserId, rp.Score DESC\nLIMIT 100;",
    "blocked_thread_time": 0.0,
    "cpu_time": 5.608157383999987,
    "extra_info": {},
    "cumulative_cardinality": 122125639,
    "cumulative_rows_scanned": 25096749,
    "result_set_size": 0,
    "latency": 6.704228428,
    "children": [
        {
            "operator_name": "STREAMING_LIMIT",
            "cpu_time": 5.608157383999987,
            "extra_info": {},
            "cumulative_cardinality": 122125639,
            "operator_type": "STREAMING_LIMIT",
            "operator_cardinality": 0,
            "cumulative_rows_scanned": 25096749,
            "operator_rows_scanned": 0,
            "operator_timing": 0.0,
            "result_set_size": 0,
            "children": [
                {
                    "operator_name": "PROJECTION",
                    "cpu_time": 5.608157383999987,
                    "extra_info": {
                        "Projections": [
                            "#0",
                            "#1",
                            "#2",
                            "#3",
                            "#4",
                            "#5",
                            "#6",
                            "#7",
                            "__internal_decompress_integral_integer(#8, -72)",
                            "#9"
                        ],
                        "Estimated Cardinality": "154004"
                    },
                    "cumulative_cardinality": 122125639,
                    "operator_type": "PROJECTION",
                    "operator_cardinality": 0,
                    "cumulative_rows_scanned": 25096749,
                    "operator_rows_scanned": 0,
                    "operator_timing": 0.0,
                    "result_set_size": 0,
                    "children": [
                        {
                            "operator_name": "ORDER_BY",
                            "cpu_time": 5.608157383999987,
                            "extra_info": {
                                "Order By": [
                                    "up.UserId ASC",
                                    "rp.Score DESC"
                                ]
                            },
                            "cumulative_cardinality": 122125639,
                            "operator_type": "ORDER_BY",
                            "operator_cardinality": 0,
                            "cumulative_rows_scanned": 25096749,
                            "operator_rows_scanned": 0,
                            "operator_timing": 3.2e-7,
                            "result_set_size": 0,
                            "children": [
                                {
                                    "operator_name": "PROJECTION",
                                    "cpu_time": 5.608157063999987,
                                    "extra_info": {
                                        "Projections": [
                                            "#0",
                                            "#1",
                                            "#2",
                                            "#3",
                                            "#4",
                                            "#5",
                                            "#6",
                                            "#7",
                                            "__internal_compress_integral_usmallint(#8, -72)",
                                            "#9"
                                        ],
                                        "Estimated Cardinality": "154004"
                                    },
                                    "cumulative_cardinality": 122125639,
                                    "operator_type": "PROJECTION",
                                    "operator_cardinality": 0,
                                    "cumulative_rows_scanned": 25096749,
                                    "operator_rows_scanned": 0,
                                    "operator_timing": 0.0,
                                    "result_set_size": 0,
                                    "children": [
                                        {
                                            "operator_name": "PROJECTION",
                                            "cpu_time": 5.608157063999987,
                                            "extra_info": {
                                                "Projections": [
                                                    "UserId",
                                                    "CommentCount",
                                                    "VoteCount",
                                                    "UpVoteCount",
                                                    "DownVoteCount",
                                                    "PostId",
                                                    "title",
                                                    "creationdate",
                                                    "score",
                                                    "viewcount"
                                                ],
                                                "Estimated Cardinality": "154004"
                                            },
                                            "cumulative_cardinality": 122125639,
                                            "operator_type": "PROJECTION",
                                            "operator_cardinality": 0,
                                            "cumulative_rows_scanned": 25096749,
                                            "operator_rows_scanned": 0,
                                            "operator_timing": 0.0,
                                            "result_set_size": 0,
                                            "children": [
                                                {
                                                    "operator_name": "HASH_JOIN",
                                                    "cpu_time": 5.608157063999987,
                                                    "extra_info": {
                                                        "Join Type": "INNER",
                                                        "Conditions": "PostId = UserId",
                                                        "Estimated Cardinality": "154004"
                                                    },
                                                    "cumulative_cardinality": 122125639,
                                                    "operator_type": "HASH_JOIN",
                                                    "operator_cardinality": 0,
                                                    "cumulative_rows_scanned": 25096749,
                                                    "operator_rows_scanned": 0,
                                                    "operator_timing": 0.0038621970000000004,
                                                    "result_set_size": 0,
                                                    "children": [
                                                        {
                                                            "operator_name": "PROJECTION",
                                                            "cpu_time": 0.11946399700000002,
                                                            "extra_info": {
                                                                "Projections": [
                                                                    "PostId",
                                                                    "title",
                                                                    "creationdate",
                                                                    "score",
                                                                    "viewcount"
                                                                ],
                                                                "Estimated Cardinality": "770023"
                                                            },
                                                            "cumulative_cardinality": 582891,
                                                            "operator_type": "PROJECTION",
                                                            "operator_cardinality": 0,
                                                            "cumulative_rows_scanned": 3850124,
                                                            "operator_rows_scanned": 0,
                                                            "operator_timing": 0.0,
                                                            "result_set_size": 0,
                                                            "children": [
                                                                {
                                                                    "operator_name": "PROJECTION",
                                                                    "cpu_time": 0.11946399700000002,
                                                                    "extra_info": {
                                                                        "Projections": [
                                                                            "#0",
                                                                            "#1",
                                                                            "#2",
                                                                            "#3",
                                                                            "#4"
                                                                        ],
                                                                        "Estimated Cardinality": "770023"
                                                                    },
                                                                    "cumulative_cardinality": 582891,
                                                                    "operator_type": "PROJECTION",
                                                                    "operator_cardinality": 0,
                                                                    "cumulative_rows_scanned": 3850124,
                                                                    "operator_rows_scanned": 0,
                                                                    "operator_timing": 0.0,
                                                                    "result_set_size": 0,
                                                                    "children": [
                                                                        {
                                                                            "operator_name": "FILTER",
                                                                            "cpu_time": 0.11946399700000002,
                                                                            "extra_info": {
                                                                                "Expression": "(PostId <= 1416570)",
                                                                                "Estimated Cardinality": "770023"
                                                                            },
                                                                            "cumulative_cardinality": 582891,
                                                                            "operator_type": "FILTER",
                                                                            "operator_cardinality": 0,
                                                                            "cumulative_rows_scanned": 3850124,
                                                                            "operator_rows_scanned": 0,
                                                                            "operator_timing": 0.0002901470000000001,
                                                                            "result_set_size": 0,
                                                                            "children": [
                                                                                {
                                                                                    "operator_name": "PROJECTION",
                                                                                    "cpu_time": 0.11917385000000001,
                                                                                    "extra_info": {
                                                                                        "Projections": [
                                                                                            "#0",
                                                                                            "#1",
                                                                                            "#2",
                                                                                            "#3",
                                                                                            "#4",
                                                                                            "#5",
                                                                                            "#6"
                                                                                        ],
                                                                                        "Estimated Cardinality": "770023"
                                                                                    },
                                                                                    "cumulative_cardinality": 582891,
                                                                                    "operator_type": "PROJECTION",
                                                                                    "operator_cardinality": 145721,
                                                                                    "cumulative_rows_scanned": 3850124,
                                                                                    "operator_rows_scanned": 0,
                                                                                    "operator_timing": 0.000021862,
                                                                                    "result_set_size": 8743260,
                                                                                    "children": [
                                                                                        {
                                                                                            "operator_name": "WINDOW",
                                                                                            "cpu_time": 0.11915198800000001,
                                                                                            "extra_info": {
                                                                                                "Projections": "ROW_NUMBER() OVER (PARTITION BY name ORDER BY score DESC NULLS LAST)"
                                                                                            },
                                                                                            "cumulative_cardinality": 437170,
                                                                                            "operator_type": "WINDOW",
                                                                                            "operator_cardinality": 145721,
                                                                                            "cumulative_rows_scanned": 3850124,
                                                                                            "operator_rows_scanned": 0,
                                                                                            "operator_timing": 0.044104086,
                                                                                            "result_set_size": 8743260,
                                                                                            "children": [
                                                                                                {
                                                                                                    "operator_name": "HASH_JOIN",
                                                                                                    "cpu_time": 0.07504790200000001,
                                                                                                    "extra_info": {
                                                                                                        "Join Type": "INNER",
                                                                                                        "Conditions": "posttypeid = id",
                                                                                                        "Estimated Cardinality": "770023"
                                                                                                    },
                                                                                                    "cumulative_cardinality": 291449,
                                                                                                    "operator_type": "HASH_JOIN",
                                                                                                    "operator_cardinality": 145721,
                                                                                                    "cumulative_rows_scanned": 3850124,
                                                                                                    "operator_rows_scanned": 0,
                                                                                                    "operator_timing": 0.00040606500000000005,
                                                                                                    "result_set_size": 7577492,
                                                                                                    "children": [
                                                                                                        {
                                                                                                            "operator_name": "READ_PARQUET ",
                                                                                                            "cpu_time": 0.07432593800000002,
                                                                                                            "extra_info": {
                                                                                                                "Function": "READ_PARQUET",
                                                                                                                "Projections": [
                                                                                                                    "id",
                                                                                                                    "posttypeid",
                                                                                                                    "creationdate",
                                                                                                                    "score",
                                                                                                                    "viewcount",
                                                                                                                    "title"
                                                                                                                ],
                                                                                                                "Filters": "creationdate>='2023-10-01 00:00:00'::TIMESTAMP",
                                                                                                                "Estimated Cardinality": "770023"
                                                                                                            },
                                                                                                            "cumulative_cardinality": 145721,
                                                                                                            "operator_type": "TABLE_SCAN",
                                                                                                            "operator_cardinality": 145721,
                                                                                                            "cumulative_rows_scanned": 3850116,
                                                                                                            "operator_rows_scanned": 3850116,
                                                                                                            "operator_timing": 0.07432593800000002,
                                                                                                            "result_set_size": 5537398,
                                                                                                            "children": []
                                                                                                        },
                                                                                                        {
                                                                                                            "operator_name": "READ_PARQUET ",
                                                                                                            "cpu_time": 0.00031589899999999996,
                                                                                                            "extra_info": {
                                                                                                                "Function": "READ_PARQUET",
                                                                                                                "Projections": [
                                                                                                                    "id",
                                                                                                                    "name"
                                                                                                                ],
                                                                                                                "Filters": "id<=7",
                                                                                                                "Estimated Cardinality": "8"
                                                                                                            },
                                                                                                            "cumulative_cardinality": 7,
                                                                                                            "operator_type": "TABLE_SCAN",
                                                                                                            "operator_cardinality": 7,
                                                                                                            "cumulative_rows_scanned": 8,
                                                                                                            "operator_rows_scanned": 8,
                                                                                                            "operator_timing": 0.00031589899999999996,
                                                                                                            "result_set_size": 126,
                                                                                                            "children": []
                                                                                                        }
                                                                                                    ]
                                                                                                }
                                                                                            ]
                                                                                        }
                                                                                    ]
                                                                                }
                                                                            ]
                                                                        }
                                                                    ]
                                                                }
                                                            ]
                                                        },
                                                        {
                                                            "operator_name": "FILTER",
                                                            "cpu_time": 5.484830869999987,
                                                            "extra_info": {
                                                                "Expression": "((CommentCount > 0) OR (VoteCount > 0))",
                                                                "Estimated Cardinality": "252142"
                                                            },
                                                            "cumulative_cardinality": 121542748,
                                                            "operator_type": "FILTER",
                                                            "operator_cardinality": 103423,
                                                            "cumulative_rows_scanned": 21246625,
                                                            "operator_rows_scanned": 0,
                                                            "operator_timing": 0.0008326149999999998,
                                                            "result_set_size": 5377996,
                                                            "children": [
                                                                {
                                                                    "operator_name": "HASH_GROUP_BY",
                                                                    "cpu_time": 5.483998254999987,
                                                                    "extra_info": {
                                                                        "Groups": "#0",
                                                                        "Aggregates": [
                                                                            "count(DISTINCT #1)",
                                                                            "count(DISTINCT #2)",
                                                                            "sum(#3)",
                                                                            "sum(#4)"
                                                                        ],
                                                                        "Estimated Cardinality": "1260710"
                                                                    },
                                                                    "cumulative_cardinality": 121439325,
                                                                    "operator_type": "HASH_GROUP_BY",
                                                                    "operator_cardinality": 194437,
                                                                    "cumulative_rows_scanned": 21246625,
                                                                    "operator_rows_scanned": 0,
                                                                    "operator_timing": 2.5173892789999965,
                                                                    "result_set_size": 10110724,
                                                                    "children": [
                                                                        {
                                                                            "operator_name": "PROJECTION",
                                                                            "cpu_time": 2.966608975999991,
                                                                            "extra_info": {
                                                                                "Projections": [
                                                                                    "id",
                                                                                    "id",
                                                                                    "id",
                                                                                    "CASE  WHEN ((votetypeid = 2)) THEN (1) ELSE 0 END",
                                                                                    "CASE  WHEN ((votetypeid = 3)) THEN (1) ELSE 0 END"
                                                                                ],
                                                                                "Estimated Cardinality": "12744093"
                                                                            },
                                                                            "cumulative_cardinality": 121244888,
                                                                            "operator_type": "PROJECTION",
                                                                            "operator_cardinality": 35870225,
                                                                            "cumulative_rows_scanned": 21246625,
                                                                            "operator_rows_scanned": 0,
                                                                            "operator_timing": 0.13015604999999977,
                                                                            "result_set_size": 717404500,
                                                                            "children": [
                                                                                {
                                                                                    "operator_name": "FILTER",
                                                                                    "cpu_time": 2.8364529259999913,
                                                                                    "extra_info": {
                                                                                        "Expression": "(id >= 1)",
                                                                                        "Estimated Cardinality": "12744093"
                                                                                    },
                                                                                    "cumulative_cardinality": 85374663,
                                                                                    "operator_type": "FILTER",
                                                                                    "operator_cardinality": 35870225,
                                                                                    "cumulative_rows_scanned": 21246625,
                                                                                    "operator_rows_scanned": 0,
                                                                                    "operator_timing": 0.04571422299999972,
                                                                                    "result_set_size": 502183150,
                                                                                    "children": [
                                                                                        {
                                                                                            "operator_name": "HASH_JOIN",
                                                                                            "cpu_time": 2.7907387029999917,
                                                                                            "extra_info": {
                                                                                                "Join Type": "RIGHT",
                                                                                                "Conditions": "userid = id",
                                                                                                "Estimated Cardinality": "12744093"
                                                                                            },
                                                                                            "cumulative_cardinality": 49504438,
                                                                                            "operator_type": "HASH_JOIN",
                                                                                            "operator_cardinality": 35870225,
                                                                                            "cumulative_rows_scanned": 21246625,
                                                                                            "operator_rows_scanned": 0,
                                                                                            "operator_timing": 2.1944794049999925,
                                                                                            "result_set_size": 502183150,
                                                                                            "children": [
                                                                                                {
                                                                                                    "operator_name": "READ_PARQUET ",
                                                                                                    "cpu_time": 0.2275800459999993,
                                                                                                    "extra_info": {
                                                                                                        "Function": "READ_PARQUET",
                                                                                                        "Projections": [
                                                                                                            "id",
                                                                                                            "votetypeid",
                                                                                                            "userid"
                                                                                                        ],
                                                                                                        "Estimated Cardinality": "12744093"
                                                                                                    },
                                                                                                    "cumulative_cardinality": 36795,
                                                                                                    "operator_type": "TABLE_SCAN",
                                                                                                    "operator_cardinality": 36795,
                                                                                                    "cumulative_rows_scanned": 12744093,
                                                                                                    "operator_rows_scanned": 12744093,
                                                                                                    "operator_timing": 0.2275800459999993,
                                                                                                    "result_set_size": 367950,
                                                                                                    "children": []
                                                                                                },
                                                                                                {
                                                                                                    "operator_name": "HASH_JOIN",
                                                                                                    "cpu_time": 0.3686792519999996,
                                                                                                    "extra_info": {
                                                                                                        "Join Type": "RIGHT",
                                                                                                        "Conditions": "userid = id",
                                                                                                        "Estimated Cardinality": "7241822"
                                                                                                    },
                                                                                                    "cumulative_cardinality": 13597418,
                                                                                                    "operator_type": "HASH_JOIN",
                                                                                                    "operator_cardinality": 6475306,
                                                                                                    "cumulative_rows_scanned": 8502532,
                                                                                                    "operator_rows_scanned": 0,
                                                                                                    "operator_timing": 0.19346864899999988,
                                                                                                    "result_set_size": 51802448,
                                                                                                    "children": [
                                                                                                        {
                                                                                                            "operator_name": "READ_PARQUET ",
                                                                                                            "cpu_time": 0.15173721299999976,
                                                                                                            "extra_info": {
                                                                                                                "Function": "READ_PARQUET",
                                                                                                                "Projections": [
                                                                                                                    "id",
                                                                                                                    "userid"
                                                                                                                ],
                                                                                                                "Estimated Cardinality": "7241822"
                                                                                                            },
                                                                                                            "cumulative_cardinality": 6927675,
                                                                                                            "operator_type": "TABLE_SCAN",
                                                                                                            "operator_cardinality": 6927675,
                                                                                                            "cumulative_rows_scanned": 7241822,
                                                                                                            "operator_rows_scanned": 7241822,
                                                                                                            "operator_timing": 0.15173721299999976,
                                                                                                            "result_set_size": 55421400,
                                                                                                            "children": []
                                                                                                        },
                                                                                                        {
                                                                                                            "operator_name": "READ_PARQUET ",
                                                                                                            "cpu_time": 0.023473389999999976,
                                                                                                            "extra_info": {
                                                                                                                "Function": "READ_PARQUET",
                                                                                                                "Projections": "id",
                                                                                                                "Filters": "reputation>=100",
                                                                                                                "Estimated Cardinality": "252142"
                                                                                                            },
                                                                                                            "cumulative_cardinality": 194437,
                                                                                                            "operator_type": "TABLE_SCAN",
                                                                                                            "operator_cardinality": 194437,
                                                                                                            "cumulative_rows_scanned": 1260710,
                                                                                                            "operator_rows_scanned": 1260710,
                                                                                                            "operator_timing": 0.023473389999999976,
                                                                                                            "result_set_size": 777748,
                                                                                                            "children": []
                                                                                                        }
                                                                                                    ]
                                                                                                }
                                                                                            ]
                                                                                        }
                                                                                    ]
                                                                                }
                                                                            ]
                                                                        }
                                                                    ]
                                                                }
                                                            ]
                                                        }
                                                    ]
                                                }
                                            ]
                                        }
                                    ]
                                }
                            ]
                        }
                    ]
                }
            ]
        }
    ]
}