{
    "rows_returned": 10,
    "query_name": "\nWITH UserPostStats AS (\n    SELECT \n        U.Id AS UserId,\n        U.DisplayName AS UserName,\n        COUNT(P.Id) AS TotalPosts,\n        COUNT(CASE WHEN P.PostTypeId = 1 THEN 1 END) AS TotalQuestions,\n        COUNT(CASE WHEN P.PostTypeId = 2 THEN 1 END) AS TotalAnswers,\n        COALESCE(SUM(P.ViewCount), 0) AS TotalViews,\n        COALESCE(SUM(P.Score), 0) AS TotalScore,\n        COALESCE(AVG(P.ViewCount), 0) AS AverageViewsPerPost,\n        COALESCE(AVG(P.Score), 0) AS AverageScorePerPost\n    FROM \n        Users U\n    LEFT JOIN \n        Posts P ON U.Id = P.OwnerUserId \n    GROUP BY \n        U.Id, U.DisplayName\n),\nUserBadges AS (\n    SELECT \n        B.UserId,\n        COUNT(CASE WHEN B.Class = 1 THEN 1 END) AS GoldBadges,\n        COUNT(CASE WHEN B.Class = 2 THEN 1 END) AS SilverBadges,\n        COUNT(CASE WHEN B.Class = 3 THEN 1 END) AS BronzeBadges\n    FROM \n        Badges B\n    GROUP BY \n        B.UserId\n),\nUserActivity AS (\n    SELECT \n        PS.UserId,\n        PS.UserName,\n        PS.TotalPosts,\n        PS.TotalQuestions,\n        PS.TotalAnswers,\n        PS.TotalViews,\n        PS.TotalScore,\n        PS.AverageViewsPerPost,\n        PS.AverageScorePerPost,\n        UB.GoldBadges,\n        UB.SilverBadges,\n        UB.BronzeBadges\n    FROM \n        UserPostStats PS \n    JOIN \n        UserBadges UB ON PS.UserId = UB.UserId\n)\nSELECT \n    UserId,\n    UserName,\n    TotalPosts,\n    TotalQuestions,\n    TotalAnswers,\n    TotalViews,\n    AverageViewsPerPost,\n    TotalScore,\n    AverageScorePerPost,\n    GoldBadges,\n    SilverBadges,\n    BronzeBadges\nFROM \n    UserActivity\nWHERE \n    TotalPosts > 50 \nORDER BY \n    TotalScore DESC, \n    TotalViews DESC\nFETCH FIRST 10 ROWS ONLY;\n",
    "blocked_thread_time": 0.0,
    "cpu_time": 1.4848986939999995,
    "extra_info": {},
    "cumulative_cardinality": 25171360,
    "cumulative_rows_scanned": 7432550,
    "result_set_size": 1160,
    "latency": 1.586267827,
    "children": [
        {
            "operator_name": "STREAMING_LIMIT",
            "cpu_time": 1.4848986939999995,
            "extra_info": {},
            "cumulative_cardinality": 25171360,
            "operator_type": "STREAMING_LIMIT",
            "operator_cardinality": 10,
            "cumulative_rows_scanned": 7432550,
            "operator_rows_scanned": 0,
            "operator_timing": 0.000001514,
            "result_set_size": 1160,
            "children": [
                {
                    "operator_name": "ORDER_BY",
                    "cpu_time": 1.4848971799999995,
                    "extra_info": {
                        "Order By": [
                            "UserActivity.TotalScore DESC",
                            "UserActivity.TotalViews DESC"
                        ]
                    },
                    "cumulative_cardinality": 25171350,
                    "operator_type": "ORDER_BY",
                    "operator_cardinality": 4096,
                    "cumulative_rows_scanned": 7432550,
                    "operator_rows_scanned": 0,
                    "operator_timing": 0.0009007740000000002,
                    "result_set_size": 475136,
                    "children": [
                        {
                            "operator_name": "PROJECTION",
                            "cpu_time": 1.4839964059999995,
                            "extra_info": {
                                "Projections": [
                                    "UserId",
                                    "UserName",
                                    "TotalPosts",
                                    "TotalQuestions",
                                    "TotalAnswers",
                                    "TotalViews",
                                    "AverageViewsPerPost",
                                    "TotalScore",
                                    "AverageScorePerPost",
                                    "GoldBadges",
                                    "SilverBadges",
                                    "BronzeBadges"
                                ],
                                "Estimated Cardinality": "232172"
                            },
                            "cumulative_cardinality": 25167254,
                            "operator_type": "PROJECTION",
                            "operator_cardinality": 9155,
                            "cumulative_rows_scanned": 7432550,
                            "operator_rows_scanned": 0,
                            "operator_timing": 0.000018208999999999998,
                            "result_set_size": 1061980,
                            "children": [
                                {
                                    "operator_name": "PROJECTION",
                                    "cpu_time": 1.4839781969999994,
                                    "extra_info": {
                                        "Projections": [
                                            "UserId",
                                            "UserName",
                                            "TotalPosts",
                                            "TotalQuestions",
                                            "TotalAnswers",
                                            "TotalViews",
                                            "TotalScore",
                                            "AverageViewsPerPost",
                                            "AverageScorePerPost",
                                            "GoldBadges",
                                            "SilverBadges",
                                            "BronzeBadges"
                                        ],
                                        "Estimated Cardinality": "232172"
                                    },
                                    "cumulative_cardinality": 25158099,
                                    "operator_type": "PROJECTION",
                                    "operator_cardinality": 9155,
                                    "cumulative_rows_scanned": 7432550,
                                    "operator_rows_scanned": 0,
                                    "operator_timing": 0.000020267999999999996,
                                    "result_set_size": 1061980,
                                    "children": [
                                        {
                                            "operator_name": "HASH_JOIN",
                                            "cpu_time": 1.4839579289999993,
                                            "extra_info": {
                                                "Join Type": "INNER",
                                                "Conditions": "userid = UserId",
                                                "Estimated Cardinality": "232172"
                                            },
                                            "cumulative_cardinality": 25148944,
                                            "operator_type": "HASH_JOIN",
                                            "operator_cardinality": 9155,
                                            "cumulative_rows_scanned": 7432550,
                                            "operator_rows_scanned": 0,
                                            "operator_timing": 0.007062452000000002,
                                            "result_set_size": 1061980,
                                            "children": [
                                                {
                                                    "operator_name": "HASH_GROUP_BY",
                                                    "cpu_time": 0.12832936699999997,
                                                    "extra_info": {
                                                        "Groups": "#0",
                                                        "Aggregates": [
                                                            "count(#1)",
                                                            "count(#2)",
                                                            "count(#3)"
                                                        ],
                                                        "Estimated Cardinality": "1160862"
                                                    },
                                                    "cumulative_cardinality": 5192469,
                                                    "operator_type": "HASH_GROUP_BY",
                                                    "operator_cardinality": 549021,
                                                    "cumulative_rows_scanned": 2321724,
                                                    "operator_rows_scanned": 0,
                                                    "operator_timing": 0.09729715900000004,
                                                    "result_set_size": 15372588,
                                                    "children": [
                                                        {
                                                            "operator_name": "PROJECTION",
                                                            "cpu_time": 0.031032207999999933,
                                                            "extra_info": {
                                                                "Projections": [
                                                                    "userid",
                                                                    "CASE  WHEN ((class = 1)) THEN (1) ELSE NULL END",
                                                                    "CASE  WHEN ((class = 2)) THEN (1) ELSE NULL END",
                                                                    "CASE  WHEN ((class = 3)) THEN (1) ELSE NULL END"
                                                                ],
                                                                "Estimated Cardinality": "2321724"
                                                            },
                                                            "cumulative_cardinality": 4643448,
                                                            "operator_type": "PROJECTION",
                                                            "operator_cardinality": 2321724,
                                                            "cumulative_rows_scanned": 2321724,
                                                            "operator_rows_scanned": 0,
                                                            "operator_timing": 0.013273443999999957,
                                                            "result_set_size": 37147584,
                                                            "children": [
                                                                {
                                                                    "operator_name": "READ_PARQUET ",
                                                                    "cpu_time": 0.017758763999999976,
                                                                    "extra_info": {
                                                                        "Function": "READ_PARQUET",
                                                                        "Projections": [
                                                                            "userid",
                                                                            "class"
                                                                        ],
                                                                        "Estimated Cardinality": "2321724"
                                                                    },
                                                                    "cumulative_cardinality": 2321724,
                                                                    "operator_type": "TABLE_SCAN",
                                                                    "operator_cardinality": 2321724,
                                                                    "cumulative_rows_scanned": 2321724,
                                                                    "operator_rows_scanned": 2321724,
                                                                    "operator_timing": 0.017758763999999976,
                                                                    "result_set_size": 13930344,
                                                                    "children": []
                                                                }
                                                            ]
                                                        }
                                                    ]
                                                },
                                                {
                                                    "operator_name": "PROJECTION",
                                                    "cpu_time": 1.3485661099999993,
                                                    "extra_info": {
                                                        "Projections": [
                                                            "UserId",
                                                            "UserName",
                                                            "TotalPosts",
                                                            "TotalQuestions",
                                                            "TotalAnswers",
                                                            "TotalViews",
                                                            "TotalScore",
                                                            "AverageViewsPerPost",
                                                            "AverageScorePerPost"
                                                        ],
                                                        "Estimated Cardinality": "252142"
                                                    },
                                                    "cumulative_cardinality": 19947320,
                                                    "operator_type": "PROJECTION",
                                                    "operator_cardinality": 9155,
                                                    "cumulative_rows_scanned": 5110826,
                                                    "operator_rows_scanned": 0,
                                                    "operator_timing": 0.0008302260000000001,
                                                    "result_set_size": 842260,
                                                    "children": [
                                                        {
                                                            "operator_name": "FILTER",
                                                            "cpu_time": 1.3477358839999993,
                                                            "extra_info": {
                                                                "Expression": "(TotalPosts > 50)",
                                                                "Estimated Cardinality": "1260710"
                                                            },
                                                            "cumulative_cardinality": 19938165,
                                                            "operator_type": "FILTER",
                                                            "operator_cardinality": 9155,
                                                            "cumulative_rows_scanned": 5110826,
                                                            "operator_rows_scanned": 0,
                                                            "operator_timing": 0.005365159,
                                                            "result_set_size": 842260,
                                                            "children": [
                                                                {
                                                                    "operator_name": "HASH_GROUP_BY",
                                                                    "cpu_time": 1.3423707249999994,
                                                                    "extra_info": {
                                                                        "Groups": [
                                                                            "#0",
                                                                            "#1"
                                                                        ],
                                                                        "Aggregates": [
                                                                            "count(#2)",
                                                                            "count(#3)",
                                                                            "count(#4)",
                                                                            "sum(#5)",
                                                                            "sum(#6)",
                                                                            "avg(#7)",
                                                                            "avg(#8)"
                                                                        ],
                                                                        "Estimated Cardinality": "1260710"
                                                                    },
                                                                    "cumulative_cardinality": 19929010,
                                                                    "operator_type": "HASH_GROUP_BY",
                                                                    "operator_cardinality": 1260671,
                                                                    "cumulative_rows_scanned": 5110826,
                                                                    "operator_rows_scanned": 0,
                                                                    "operator_timing": 0.7590032579999992,
                                                                    "result_set_size": 115981732,
                                                                    "children": [
                                                                        {
                                                                            "operator_name": "PROJECTION",
                                                                            "cpu_time": 0.5833674670000001,
                                                                            "extra_info": {
                                                                                "Projections": [
                                                                                    "id",
                                                                                    "displayname",
                                                                                    "id",
                                                                                    "CASE  WHEN ((posttypeid = 1)) THEN (1) ELSE NULL END",
                                                                                    "CASE  WHEN ((posttypeid = 2)) THEN (1) ELSE NULL END",
                                                                                    "viewcount",
                                                                                    "score",
                                                                                    "viewcount",
                                                                                    "score"
                                                                                ],
                                                                                "Estimated Cardinality": "3850116"
                                                                            },
                                                                            "cumulative_cardinality": 18668339,
                                                                            "operator_type": "PROJECTION",
                                                                            "operator_cardinality": 4573859,
                                                                            "cumulative_rows_scanned": 5110826,
                                                                            "operator_rows_scanned": 0,
                                                                            "operator_timing": 0.054243319999999956,
                                                                            "result_set_size": 219545232,
                                                                            "children": [
                                                                                {
                                                                                    "operator_name": "FILTER",
                                                                                    "cpu_time": 0.5291241470000001,
                                                                                    "extra_info": {
                                                                                        "Expression": "(id BETWEEN 2 AND 1416532)",
                                                                                        "Estimated Cardinality": "3850116"
                                                                                    },
                                                                                    "cumulative_cardinality": 14094480,
                                                                                    "operator_type": "FILTER",
                                                                                    "operator_cardinality": 4573859,
                                                                                    "cumulative_rows_scanned": 5110826,
                                                                                    "operator_rows_scanned": 0,
                                                                                    "operator_timing": 0.025233258000000057,
                                                                                    "result_set_size": 155511206,
                                                                                    "children": [
                                                                                        {
                                                                                            "operator_name": "HASH_JOIN",
                                                                                            "cpu_time": 0.503890889,
                                                                                            "extra_info": {
                                                                                                "Join Type": "RIGHT",
                                                                                                "Conditions": "owneruserid = id",
                                                                                                "Estimated Cardinality": "3850116"
                                                                                            },
                                                                                            "cumulative_cardinality": 9520621,
                                                                                            "operator_type": "HASH_JOIN",
                                                                                            "operator_cardinality": 4574495,
                                                                                            "cumulative_rows_scanned": 5110826,
                                                                                            "operator_rows_scanned": 0,
                                                                                            "operator_timing": 0.26555373999999976,
                                                                                            "result_set_size": 155532830,
                                                                                            "children": [
                                                                                                {
                                                                                                    "operator_name": "READ_PARQUET ",
                                                                                                    "cpu_time": 0.1620455610000003,
                                                                                                    "extra_info": {
                                                                                                        "Function": "READ_PARQUET",
                                                                                                        "Projections": [
                                                                                                            "id",
                                                                                                            "posttypeid",
                                                                                                            "score",
                                                                                                            "viewcount",
                                                                                                            "owneruserid"
                                                                                                        ],
                                                                                                        "Estimated Cardinality": "3850116"
                                                                                                    },
                                                                                                    "cumulative_cardinality": 3685416,
                                                                                                    "operator_type": "TABLE_SCAN",
                                                                                                    "operator_cardinality": 3685416,
                                                                                                    "cumulative_rows_scanned": 3850116,
                                                                                                    "operator_rows_scanned": 3850116,
                                                                                                    "operator_timing": 0.1620455610000003,
                                                                                                    "result_set_size": 66337488,
                                                                                                    "children": []
                                                                                                },
                                                                                                {
                                                                                                    "operator_name": "READ_PARQUET ",
                                                                                                    "cpu_time": 0.07629158799999992,
                                                                                                    "extra_info": {
                                                                                                        "Function": "READ_PARQUET",
                                                                                                        "Projections": [
                                                                                                            "id",
                                                                                                            "displayname"
                                                                                                        ],
                                                                                                        "Estimated Cardinality": "1260710"
                                                                                                    },
                                                                                                    "cumulative_cardinality": 1260710,
                                                                                                    "operator_type": "TABLE_SCAN",
                                                                                                    "operator_cardinality": 1260710,
                                                                                                    "cumulative_rows_scanned": 1260710,
                                                                                                    "operator_rows_scanned": 1260710,
                                                                                                    "operator_timing": 0.07629158799999992,
                                                                                                    "result_set_size": 25214200,
                                                                                                    "children": []
                                                                                                }
                                                                                            ]
                                                                                        }
                                                                                    ]
                                                                                }
                                                                            ]
                                                                        }
                                                                    ]
                                                                }
                                                            ]
                                                        }
                                                    ]
                                                }
                                            ]
                                        }
                                    ]
                                }
                            ]
                        }
                    ]
                }
            ]
        }
    ]
}