{
    "rows_returned": 0,
    "query_name": "\nWITH UserPostStats AS (\n    SELECT \n        u.Id AS UserId,\n        u.DisplayName,\n        COUNT(p.Id) AS TotalPosts,\n        SUM(CASE WHEN p.PostTypeId = 1 THEN 1 ELSE 0 END) AS QuestionCount,\n        SUM(CASE WHEN p.PostTypeId = 2 THEN 1 ELSE 0 END) AS AnswerCount,\n        SUM(CASE WHEN p.AcceptedAnswerId IS NOT NULL THEN 1 ELSE 0 END) AS AcceptedAnswers,\n        AVG(COALESCE(p.Score, 0)) AS AvgScore\n    FROM Users u\n    LEFT JOIN Posts p ON u.Id = p.OwnerUserId\n    GROUP BY u.Id, u.DisplayName\n),\nPostHistoryStats AS (\n    SELECT \n        ph.PostId,\n        ph.UserId,\n        ph.PostHistoryTypeId,\n        COUNT(*) AS HistoryCount,\n        MAX(ph.CreationDate) AS LastEditDate\n    FROM PostHistory ph\n    GROUP BY ph.PostId, ph.UserId, ph.PostHistoryTypeId\n),\nTopUsers AS (\n    SELECT \n        UserId,\n        DisplayName,\n        TotalPosts,\n        QuestionCount,\n        AnswerCount,\n        AcceptedAnswers,\n        AvgScore,\n        ROW_NUMBER() OVER (ORDER BY TotalPosts DESC) AS Rank\n    FROM UserPostStats\n),\nPostEditFrequency AS (\n    SELECT \n        phs.PostId,\n        SUM(CASE WHEN phs.PostHistoryTypeId IN (4, 5) THEN 1 ELSE 0 END) AS EditCount,\n        SUM(CASE WHEN phs.PostHistoryTypeId = 10 THEN 1 ELSE 0 END) AS CloseCount\n    FROM PostHistoryStats phs\n    GROUP BY phs.PostId\n)\nSELECT \n    u.UserId,\n    u.DisplayName,\n    u.TotalPosts,\n    u.QuestionCount,\n    u.AnswerCount,\n    u.AcceptedAnswers,\n    u.AvgScore,\n    COALESCE(pe.EditCount, 0) AS EditCount,\n    COALESCE(pe.CloseCount, 0) AS CloseCount,\n    v.UserRank AS Rank\nFROM TopUsers u\nLEFT JOIN PostEditFrequency pe ON u.UserId = pe.PostId\nJOIN (\n    SELECT \n        UserId,\n        COUNT(*) AS UserRank\n    FROM Votes v\n    WHERE v.VoteTypeId IN (2, 3) \n    GROUP BY UserId\n) v ON u.UserId = v.UserId\nWHERE u.TotalPosts > 10\nORDER BY u.TotalPosts DESC, u.AvgScore DESC;\n",
    "blocked_thread_time": 0.0,
    "cpu_time": 3.704797922000002,
    "extra_info": {},
    "cumulative_cardinality": 117442387,
    "cumulative_rows_scanned": 29650163,
    "result_set_size": 0,
    "latency": 4.217343342,
    "children": [
        {
            "operator_name": "ORDER_BY",
            "cpu_time": 3.704797922000002,
            "extra_info": {
                "Order By": [
                    "u.TotalPosts DESC",
                    "u.AvgScore DESC"
                ]
            },
            "cumulative_cardinality": 117442387,
            "operator_type": "ORDER_BY",
            "operator_cardinality": 0,
            "cumulative_rows_scanned": 29650163,
            "operator_rows_scanned": 0,
            "operator_timing": 2.41e-7,
            "result_set_size": 0,
            "children": [
                {
                    "operator_name": "PROJECTION",
                    "cpu_time": 3.704797681000002,
                    "extra_info": {
                        "Projections": [
                            "UserId",
                            "displayname",
                            "TotalPosts",
                            "QuestionCount",
                            "AnswerCount",
                            "AcceptedAnswers",
                            "AvgScore",
                            "EditCount",
                            "CloseCount",
                            "Rank"
                        ],
                        "Estimated Cardinality": "2980853"
                    },
                    "cumulative_cardinality": 117442387,
                    "operator_type": "PROJECTION",
                    "operator_cardinality": 0,
                    "cumulative_rows_scanned": 29650163,
                    "operator_rows_scanned": 0,
                    "operator_timing": 0.0,
                    "result_set_size": 0,
                    "children": [
                        {
                            "operator_name": "HASH_JOIN",
                            "cpu_time": 3.704797681000002,
                            "extra_info": {
                                "Join Type": "INNER",
                                "Conditions": "UserId = userid",
                                "Estimated Cardinality": "2980853"
                            },
                            "cumulative_cardinality": 117442387,
                            "operator_type": "HASH_JOIN",
                            "operator_cardinality": 0,
                            "cumulative_rows_scanned": 29650163,
                            "operator_rows_scanned": 0,
                            "operator_timing": 0.000044934999999999996,
                            "result_set_size": 0,
                            "children": [
                                {
                                    "operator_name": "FILTER",
                                    "cpu_time": 3.4742565140000012,
                                    "extra_info": {
                                        "Expression": "(UserId <= 1400285)",
                                        "Estimated Cardinality": "2948811"
                                    },
                                    "cumulative_cardinality": 96186660,
                                    "operator_type": "FILTER",
                                    "operator_cardinality": 2377,
                                    "cumulative_rows_scanned": 16906070,
                                    "operator_rows_scanned": 0,
                                    "operator_timing": 0.000005851,
                                    "result_set_size": 275732,
                                    "children": [
                                        {
                                            "operator_name": "HASH_JOIN",
                                            "cpu_time": 3.474250663000001,
                                            "extra_info": {
                                                "Join Type": "RIGHT",
                                                "Conditions": "postid = UserId",
                                                "Estimated Cardinality": "2948811"
                                            },
                                            "cumulative_cardinality": 96184283,
                                            "operator_type": "HASH_JOIN",
                                            "operator_cardinality": 2377,
                                            "cumulative_rows_scanned": 16906070,
                                            "operator_rows_scanned": 0,
                                            "operator_timing": 0.0029153269999999997,
                                            "result_set_size": 275732,
                                            "children": [
                                                {
                                                    "operator_name": "HASH_GROUP_BY",
                                                    "cpu_time": 2.186991463000002,
                                                    "extra_info": {
                                                        "Groups": "#0",
                                                        "Aggregates": [
                                                            "sum(#1)",
                                                            "sum(#2)"
                                                        ],
                                                        "Estimated Cardinality": "2948811"
                                                    },
                                                    "cumulative_cardinality": 78230984,
                                                    "operator_type": "HASH_GROUP_BY",
                                                    "operator_cardinality": 2048,
                                                    "cumulative_rows_scanned": 11795244,
                                                    "operator_rows_scanned": 0,
                                                    "operator_timing": 0.6386912720000006,
                                                    "result_set_size": 73728,
                                                    "children": [
                                                        {
                                                            "operator_name": "PROJECTION",
                                                            "cpu_time": 1.5483001910000014,
                                                            "extra_info": {
                                                                "Projections": [
                                                                    "postid",
                                                                    "CASE  WHEN ((posthistorytypeid IN (4, 5))) THEN (1) ELSE 0 END",
                                                                    "CASE  WHEN ((posthistorytypeid = 10)) THEN (1) ELSE 0 END"
                                                                ],
                                                                "Estimated Cardinality": "5897622"
                                                            },
                                                            "cumulative_cardinality": 78228936,
                                                            "operator_type": "PROJECTION",
                                                            "operator_cardinality": 10710801,
                                                            "cumulative_rows_scanned": 11795244,
                                                            "operator_rows_scanned": 0,
                                                            "operator_timing": 0.08237617900000004,
                                                            "result_set_size": 128529612,
                                                            "children": [
                                                                {
                                                                    "operator_name": "PROJECTION",
                                                                    "cpu_time": 1.4659240120000014,
                                                                    "extra_info": {
                                                                        "Projections": [
                                                                            "postid",
                                                                            "posthistorytypeid"
                                                                        ],
                                                                        "Estimated Cardinality": "5897622"
                                                                    },
                                                                    "cumulative_cardinality": 67518135,
                                                                    "operator_type": "PROJECTION",
                                                                    "operator_cardinality": 10710801,
                                                                    "cumulative_rows_scanned": 11795244,
                                                                    "operator_rows_scanned": 0,
                                                                    "operator_timing": 0.0010091410000000092,
                                                                    "result_set_size": 64264806,
                                                                    "children": [
                                                                        {
                                                                            "operator_name": "PROJECTION",
                                                                            "cpu_time": 1.4649148710000015,
                                                                            "extra_info": {
                                                                                "Projections": [
                                                                                    "#0",
                                                                                    "#1",
                                                                                    "__internal_decompress_integral_smallint(#2, 1)"
                                                                                ],
                                                                                "Estimated Cardinality": "5897622"
                                                                            },
                                                                            "cumulative_cardinality": 56807334,
                                                                            "operator_type": "PROJECTION",
                                                                            "operator_cardinality": 10710801,
                                                                            "cumulative_rows_scanned": 11795244,
                                                                            "operator_rows_scanned": 0,
                                                                            "operator_timing": 0.003422334000000019,
                                                                            "result_set_size": 107108010,
                                                                            "children": [
                                                                                {
                                                                                    "operator_name": "HASH_GROUP_BY",
                                                                                    "cpu_time": 1.4614925370000016,
                                                                                    "extra_info": {
                                                                                        "Groups": [
                                                                                            "#0",
                                                                                            "#1",
                                                                                            "#2"
                                                                                        ],
                                                                                        "Aggregates": "",
                                                                                        "Estimated Cardinality": "5897622"
                                                                                    },
                                                                                    "cumulative_cardinality": 46096533,
                                                                                    "operator_type": "HASH_GROUP_BY",
                                                                                    "operator_cardinality": 10710801,
                                                                                    "cumulative_rows_scanned": 11795244,
                                                                                    "operator_rows_scanned": 0,
                                                                                    "operator_timing": 1.2528633890000007,
                                                                                    "result_set_size": 96397209,
                                                                                    "children": [
                                                                                        {
                                                                                            "operator_name": "PROJECTION",
                                                                                            "cpu_time": 0.20862914800000082,
                                                                                            "extra_info": {
                                                                                                "Projections": [
                                                                                                    "postid",
                                                                                                    "userid",
                                                                                                    "posthistorytypeid"
                                                                                                ],
                                                                                                "Estimated Cardinality": "11795244"
                                                                                            },
                                                                                            "cumulative_cardinality": 35385732,
                                                                                            "operator_type": "PROJECTION",
                                                                                            "operator_cardinality": 11795244,
                                                                                            "cumulative_rows_scanned": 11795244,
                                                                                            "operator_rows_scanned": 0,
                                                                                            "operator_timing": 0.0013899440000000368,
                                                                                            "result_set_size": 106157196,
                                                                                            "children": [
                                                                                                {
                                                                                                    "operator_name": "PROJECTION",
                                                                                                    "cpu_time": 0.2072392040000008,
                                                                                                    "extra_info": {
                                                                                                        "Projections": [
                                                                                                            "__internal_compress_integral_utinyint(#0, 1)",
                                                                                                            "#1",
                                                                                                            "#2"
                                                                                                        ],
                                                                                                        "Estimated Cardinality": "11795244"
                                                                                                    },
                                                                                                    "cumulative_cardinality": 23590488,
                                                                                                    "operator_type": "PROJECTION",
                                                                                                    "operator_cardinality": 11795244,
                                                                                                    "cumulative_rows_scanned": 11795244,
                                                                                                    "operator_rows_scanned": 0,
                                                                                                    "operator_timing": 0.0055174339999999635,
                                                                                                    "result_set_size": 106157196,
                                                                                                    "children": [
                                                                                                        {
                                                                                                            "operator_name": "READ_PARQUET ",
                                                                                                            "cpu_time": 0.20172177000000083,
                                                                                                            "extra_info": {
                                                                                                                "Function": "READ_PARQUET",
                                                                                                                "Projections": [
                                                                                                                    "posthistorytypeid",
                                                                                                                    "postid",
                                                                                                                    "userid"
                                                                                                                ],
                                                                                                                "Estimated Cardinality": "11795244"
                                                                                                            },
                                                                                                            "cumulative_cardinality": 11795244,
                                                                                                            "operator_type": "TABLE_SCAN",
                                                                                                            "operator_cardinality": 11795244,
                                                                                                            "cumulative_rows_scanned": 11795244,
                                                                                                            "operator_rows_scanned": 11795244,
                                                                                                            "operator_timing": 0.20172177000000083,
                                                                                                            "result_set_size": 117952440,
                                                                                                            "children": []
                                                                                                        }
                                                                                                    ]
                                                                                                }
                                                                                            ]
                                                                                        }
                                                                                    ]
                                                                                }
                                                                            ]
                                                                        }
                                                                    ]
                                                                }
                                                            ]
                                                        }
                                                    ]
                                                },
                                                {
                                                    "operator_name": "PROJECTION",
                                                    "cpu_time": 1.2843438729999994,
                                                    "extra_info": {
                                                        "Projections": [
                                                            "#0",
                                                            "#1",
                                                            "#2",
                                                            "#3",
                                                            "#4",
                                                            "#5",
                                                            "#6"
                                                        ],
                                                        "Estimated Cardinality": "252142"
                                                    },
                                                    "cumulative_cardinality": 17950922,
                                                    "operator_type": "PROJECTION",
                                                    "operator_cardinality": 36838,
                                                    "cumulative_rows_scanned": 5110826,
                                                    "operator_rows_scanned": 0,
                                                    "operator_timing": 0.000008265000000000001,
                                                    "result_set_size": 3094392,
                                                    "children": [
                                                        {
                                                            "operator_name": "FILTER",
                                                            "cpu_time": 1.2843356079999995,
                                                            "extra_info": {
                                                                "Expression": "(TotalPosts > 10)",
                                                                "Estimated Cardinality": "252142"
                                                            },
                                                            "cumulative_cardinality": 17914084,
                                                            "operator_type": "FILTER",
                                                            "operator_cardinality": 36838,
                                                            "cumulative_rows_scanned": 5110826,
                                                            "operator_rows_scanned": 0,
                                                            "operator_timing": 0.0038606140000000005,
                                                            "result_set_size": 3389096,
                                                            "children": [
                                                                {
                                                                    "operator_name": "PROJECTION",
                                                                    "cpu_time": 1.2804749939999995,
                                                                    "extra_info": {
                                                                        "Projections": [
                                                                            "#0",
                                                                            "#1",
                                                                            "#2",
                                                                            "#3",
                                                                            "#4",
                                                                            "#5",
                                                                            "#6",
                                                                            "#7"
                                                                        ],
                                                                        "Estimated Cardinality": "1260710"
                                                                    },
                                                                    "cumulative_cardinality": 17877246,
                                                                    "operator_type": "PROJECTION",
                                                                    "operator_cardinality": 1260710,
                                                                    "cumulative_rows_scanned": 5110826,
                                                                    "operator_rows_scanned": 0,
                                                                    "operator_timing": 0.0002000350000000001,
                                                                    "result_set_size": 115985320,
                                                                    "children": [
                                                                        {
                                                                            "operator_name": "WINDOW",
                                                                            "cpu_time": 1.2802749589999995,
                                                                            "extra_info": {
                                                                                "Projections": "ROW_NUMBER() OVER (ORDER BY TotalPosts DESC NULLS LAST)"
                                                                            },
                                                                            "cumulative_cardinality": 16616536,
                                                                            "operator_type": "WINDOW",
                                                                            "operator_cardinality": 1260710,
                                                                            "cumulative_rows_scanned": 5110826,
                                                                            "operator_rows_scanned": 0,
                                                                            "operator_timing": 0.10269970200000009,
                                                                            "result_set_size": 115985320,
                                                                            "children": [
                                                                                {
                                                                                    "operator_name": "HASH_GROUP_BY",
                                                                                    "cpu_time": 1.1775752569999995,
                                                                                    "extra_info": {
                                                                                        "Groups": [
                                                                                            "#0",
                                                                                            "#1"
                                                                                        ],
                                                                                        "Aggregates": [
                                                                                            "count(#2)",
                                                                                            "sum(#3)",
                                                                                            "sum(#4)",
                                                                                            "sum(#5)",
                                                                                            "avg(#6)"
                                                                                        ],
                                                                                        "Estimated Cardinality": "1260710"
                                                                                    },
                                                                                    "cumulative_cardinality": 15355826,
                                                                                    "operator_type": "HASH_GROUP_BY",
                                                                                    "operator_cardinality": 1260710,
                                                                                    "cumulative_rows_scanned": 5110826,
                                                                                    "operator_rows_scanned": 0,
                                                                                    "operator_timing": 0.5891363129999998,
                                                                                    "result_set_size": 105899640,
                                                                                    "children": [
                                                                                        {
                                                                                            "operator_name": "PROJECTION",
                                                                                            "cpu_time": 0.5884389439999999,
                                                                                            "extra_info": {
                                                                                                "Projections": [
                                                                                                    "id",
                                                                                                    "displayname",
                                                                                                    "id",
                                                                                                    "CASE  WHEN ((posttypeid = 1)) THEN (1) ELSE 0 END",
                                                                                                    "CASE  WHEN ((posttypeid = 2)) THEN (1) ELSE 0 END",
                                                                                                    "CASE  WHEN ((acceptedanswerid IS NOT NULL)) THEN (1) ELSE 0 END",
                                                                                                    "COALESCE(score, 0)"
                                                                                                ],
                                                                                                "Estimated Cardinality": "3850116"
                                                                                            },
                                                                                            "cumulative_cardinality": 14095116,
                                                                                            "operator_type": "PROJECTION",
                                                                                            "operator_cardinality": 4574495,
                                                                                            "cumulative_rows_scanned": 5110826,
                                                                                            "operator_rows_scanned": 0,
                                                                                            "operator_timing": 0.10964336699999987,
                                                                                            "result_set_size": 182979800,
                                                                                            "children": [
                                                                                                {
                                                                                                    "operator_name": "HASH_JOIN",
                                                                                                    "cpu_time": 0.47879557699999997,
                                                                                                    "extra_info": {
                                                                                                        "Join Type": "RIGHT",
                                                                                                        "Conditions": "owneruserid = id",
                                                                                                        "Estimated Cardinality": "3850116"
                                                                                                    },
                                                                                                    "cumulative_cardinality": 9520621,
                                                                                                    "operator_type": "HASH_JOIN",
                                                                                                    "operator_cardinality": 4574495,
                                                                                                    "cumulative_rows_scanned": 5110826,
                                                                                                    "operator_rows_scanned": 0,
                                                                                                    "operator_timing": 0.24706707199999975,
                                                                                                    "result_set_size": 155532830,
                                                                                                    "children": [
                                                                                                        {
                                                                                                            "operator_name": "READ_PARQUET ",
                                                                                                            "cpu_time": 0.15660574900000018,
                                                                                                            "extra_info": {
                                                                                                                "Function": "READ_PARQUET",
                                                                                                                "Projections": [
                                                                                                                    "id",
                                                                                                                    "posttypeid",
                                                                                                                    "acceptedanswerid",
                                                                                                                    "score",
                                                                                                                    "owneruserid"
                                                                                                                ],
                                                                                                                "Estimated Cardinality": "3850116"
                                                                                                            },
                                                                                                            "cumulative_cardinality": 3685416,
                                                                                                            "operator_type": "TABLE_SCAN",
                                                                                                            "operator_cardinality": 3685416,
                                                                                                            "cumulative_rows_scanned": 3850116,
                                                                                                            "operator_rows_scanned": 3850116,
                                                                                                            "operator_timing": 0.15660574900000018,
                                                                                                            "result_set_size": 66337488,
                                                                                                            "children": []
                                                                                                        },
                                                                                                        {
                                                                                                            "operator_name": "READ_PARQUET ",
                                                                                                            "cpu_time": 0.07512275600000005,
                                                                                                            "extra_info": {
                                                                                                                "Function": "READ_PARQUET",
                                                                                                                "Projections": [
                                                                                                                    "id",
                                                                                                                    "displayname"
                                                                                                                ],
                                                                                                                "Estimated Cardinality": "1260710"
                                                                                                            },
                                                                                                            "cumulative_cardinality": 1260710,
                                                                                                            "operator_type": "TABLE_SCAN",
                                                                                                            "operator_cardinality": 1260710,
                                                                                                            "cumulative_rows_scanned": 1260710,
                                                                                                            "operator_rows_scanned": 1260710,
                                                                                                            "operator_timing": 0.07512275600000005,
                                                                                                            "result_set_size": 25214200,
                                                                                                            "children": []
                                                                                                        }
                                                                                                    ]
                                                                                                }
                                                                                            ]
                                                                                        }
                                                                                    ]
                                                                                }
                                                                            ]
                                                                        }
                                                                    ]
                                                                }
                                                            ]
                                                        }
                                                    ]
                                                }
                                            ]
                                        }
                                    ]
                                },
                                {
                                    "operator_name": "HASH_GROUP_BY",
                                    "cpu_time": 0.23049623200000058,
                                    "extra_info": {
                                        "Groups": "#0",
                                        "Aggregates": "count_star()",
                                        "Estimated Cardinality": "1274409"
                                    },
                                    "cumulative_cardinality": 21255727,
                                    "operator_type": "HASH_GROUP_BY",
                                    "operator_cardinality": 1,
                                    "cumulative_rows_scanned": 12744093,
                                    "operator_rows_scanned": 0,
                                    "operator_timing": 0.04179977299999989,
                                    "result_set_size": 12,
                                    "children": [
                                        {
                                            "operator_name": "PROJECTION",
                                            "cpu_time": 0.1886964590000007,
                                            "extra_info": {
                                                "Projections": "userid",
                                                "Estimated Cardinality": "2548818"
                                            },
                                            "cumulative_cardinality": 21255726,
                                            "operator_type": "PROJECTION",
                                            "operator_cardinality": 10627863,
                                            "cumulative_rows_scanned": 12744093,
                                            "operator_rows_scanned": 0,
                                            "operator_timing": 0.0005780700000000081,
                                            "result_set_size": 42511452,
                                            "children": [
                                                {
                                                    "operator_name": "READ_PARQUET ",
                                                    "cpu_time": 0.1881183890000007,
                                                    "extra_info": {
                                                        "Function": "READ_PARQUET",
                                                        "Projections": "userid",
                                                        "Filters": "votetypeid>=2 AND votetypeid<=3",
                                                        "Estimated Cardinality": "2548818"
                                                    },
                                                    "cumulative_cardinality": 10627863,
                                                    "operator_type": "TABLE_SCAN",
                                                    "operator_cardinality": 10627863,
                                                    "cumulative_rows_scanned": 12744093,
                                                    "operator_rows_scanned": 12744093,
                                                    "operator_timing": 0.1881183890000007,
                                                    "result_set_size": 42511452,
                                                    "children": []
                                                }
                                            ]
                                        }
                                    ]
                                }
                            ]
                        }
                    ]
                }
            ]
        }
    ]
}