{
    "rows_returned": 10,
    "query_name": "WITH TagStats AS (\n    SELECT \n        T.TagName,\n        COUNT(DISTINCT P.Id) AS PostCount,\n        SUM(CASE WHEN P.PostTypeId = 1 THEN 1 ELSE 0 END) AS QuestionCount,\n        SUM(CASE WHEN P.PostTypeId = 2 THEN 1 ELSE 0 END) AS AnswerCount,\n        AVG(P.ViewCount) AS AvgViewCount,\n        AVG(P.Score) AS AvgScore\n    FROM \n        Tags T\n    JOIN \n        Posts P ON P.Tags LIKE '%' || T.TagName || '%'\n    GROUP BY \n        T.TagName\n),\nUserInteractions AS (\n    SELECT \n        U.Id AS UserId,\n        U.DisplayName,\n        COUNT(DISTINCT C.Id) AS CommentCount,\n        COUNT(DISTINCT V.Id) AS VoteCount,\n        SUM(CASE WHEN B.Class = 1 THEN 1 ELSE 0 END) AS GoldBadgeCount,\n        SUM(CASE WHEN B.Class = 2 THEN 1 ELSE 0 END) AS SilverBadgeCount,\n        SUM(CASE WHEN B.Class = 3 THEN 1 ELSE 0 END) AS BronzeBadgeCount\n    FROM \n        Users U\n    LEFT JOIN \n        Comments C ON C.UserId = U.Id\n    LEFT JOIN \n        Votes V ON V.UserId = U.Id\n    LEFT JOIN \n        Badges B ON B.UserId = U.Id\n    WHERE \n        U.Reputation > 1000\n    GROUP BY \n        U.Id, U.DisplayName\n)\nSELECT \n    TS.TagName,\n    TS.PostCount,\n    TS.QuestionCount,\n    TS.AnswerCount,\n    TS.AvgViewCount,\n    TS.AvgScore,\n    UI.UserId,\n    UI.DisplayName,\n    UI.CommentCount,\n    UI.VoteCount,\n    UI.GoldBadgeCount,\n    UI.SilverBadgeCount,\n    UI.BronzeBadgeCount\nFROM \n    TagStats TS\nJOIN \n    UserInteractions UI ON TS.PostCount > 5\nORDER BY \n    TS.AvgScore DESC,\n    UI.CommentCount DESC\nLIMIT 10;\n",
    "blocked_thread_time": 0.0,
    "cpu_time": 1781.789193584949,
    "extra_info": {},
    "cumulative_cardinality": 42894773625,
    "cumulative_rows_scanned": 27420441,
    "result_set_size": 1560,
    "latency": 1971.205670687,
    "children": [
        {
            "operator_name": "STREAMING_LIMIT",
            "cpu_time": 1781.789193584949,
            "extra_info": {},
            "cumulative_cardinality": 42894773625,
            "operator_type": "STREAMING_LIMIT",
            "operator_cardinality": 10,
            "cumulative_rows_scanned": 27420441,
            "operator_rows_scanned": 0,
            "operator_timing": 0.000002675,
            "result_set_size": 1560,
            "children": [
                {
                    "operator_name": "ORDER_BY",
                    "cpu_time": 1781.7891909099492,
                    "extra_info": {
                        "Order By": [
                            "TS.AvgScore DESC",
                            "UI.CommentCount DESC"
                        ]
                    },
                    "cumulative_cardinality": 42894773615,
                    "operator_type": "ORDER_BY",
                    "operator_cardinality": 4096,
                    "cumulative_rows_scanned": 27420441,
                    "operator_rows_scanned": 0,
                    "operator_timing": 3.749709698000005,
                    "result_set_size": 638976,
                    "children": [
                        {
                            "operator_name": "PROJECTION",
                            "cpu_time": 1778.0394812119491,
                            "extra_info": {
                                "Projections": [
                                    "tagname",
                                    "PostCount",
                                    "QuestionCount",
                                    "AnswerCount",
                                    "AvgViewCount",
                                    "AvgScore",
                                    "UserId",
                                    "displayname",
                                    "CommentCount",
                                    "VoteCount",
                                    "GoldBadgeCount",
                                    "SilverBadgeCount",
                                    "BronzeBadgeCount"
                                ],
                                "Estimated Cardinality": "497980450"
                            },
                            "cumulative_cardinality": 42894769519,
                            "operator_type": "PROJECTION",
                            "operator_cardinality": 21712240,
                            "cumulative_rows_scanned": 27420441,
                            "operator_rows_scanned": 0,
                            "operator_timing": 0.007099574999999896,
                            "result_set_size": 3387109440,
                            "children": [
                                {
                                    "operator_name": "CROSS_PRODUCT",
                                    "cpu_time": 1778.0323816369491,
                                    "extra_info": {},
                                    "cumulative_cardinality": 42873057279,
                                    "operator_type": "CROSS_PRODUCT",
                                    "operator_cardinality": 21712240,
                                    "cumulative_rows_scanned": 27420441,
                                    "operator_rows_scanned": 0,
                                    "operator_timing": 0.03009988700000007,
                                    "result_set_size": 3387109440,
                                    "children": [
                                        {
                                            "operator_name": "HASH_GROUP_BY",
                                            "cpu_time": 1277.5035355049874,
                                            "extra_info": {
                                                "Groups": [
                                                    "#0",
                                                    "#1"
                                                ],
                                                "Aggregates": [
                                                    "count(DISTINCT #2)",
                                                    "count(DISTINCT #3)",
                                                    "sum(#4)",
                                                    "sum(#5)",
                                                    "sum(#6)"
                                                ],
                                                "Estimated Cardinality": "1260710"
                                            },
                                            "cumulative_cardinality": 42837217775,
                                            "operator_type": "HASH_GROUP_BY",
                                            "operator_cardinality": 11215,
                                            "cumulative_rows_scanned": 23568349,
                                            "operator_rows_scanned": 0,
                                            "operator_timing": 1119.8788378710162,
                                            "result_set_size": 942060,
                                            "children": [
                                                {
                                                    "operator_name": "PROJECTION",
                                                    "cpu_time": 157.6246976339713,
                                                    "extra_info": {
                                                        "Projections": [
                                                            "id",
                                                            "displayname",
                                                            "id",
                                                            "id",
                                                            "CASE  WHEN ((class = 1)) THEN (1) ELSE 0 END",
                                                            "CASE  WHEN ((class = 2)) THEN (1) ELSE 0 END",
                                                            "CASE  WHEN ((class = 3)) THEN (1) ELSE 0 END"
                                                        ],
                                                        "Estimated Cardinality": "12744093"
                                                    },
                                                    "cumulative_cardinality": 42837206560,
                                                    "operator_type": "PROJECTION",
                                                    "operator_cardinality": 14262168112,
                                                    "cumulative_rows_scanned": 23568349,
                                                    "operator_rows_scanned": 0,
                                                    "operator_timing": 62.205485892069255,
                                                    "result_set_size": 570486724480,
                                                    "children": [
                                                        {
                                                            "operator_name": "PROJECTION",
                                                            "cpu_time": 95.41921174190205,
                                                            "extra_info": {
                                                                "Projections": [
                                                                    "#0",
                                                                    "#1",
                                                                    "#2",
                                                                    "#3",
                                                                    "__internal_decompress_integral_smallint(#4, 1)"
                                                                ],
                                                                "Estimated Cardinality": "12744093"
                                                            },
                                                            "cumulative_cardinality": 28575038448,
                                                            "operator_type": "PROJECTION",
                                                            "operator_cardinality": 14262168112,
                                                            "cumulative_rows_scanned": 23568349,
                                                            "operator_rows_scanned": 0,
                                                            "operator_timing": 5.408363695986844,
                                                            "result_set_size": 427865043360,
                                                            "children": [
                                                                {
                                                                    "operator_name": "HASH_JOIN",
                                                                    "cpu_time": 90.0108480459152,
                                                                    "extra_info": {
                                                                        "Join Type": "LEFT",
                                                                        "Conditions": "id = userid",
                                                                        "Estimated Cardinality": "12744093"
                                                                    },
                                                                    "cumulative_cardinality": 14312870336,
                                                                    "operator_type": "HASH_JOIN",
                                                                    "operator_cardinality": 14262168112,
                                                                    "cumulative_rows_scanned": 23568349,
                                                                    "operator_rows_scanned": 0,
                                                                    "operator_timing": 86.11370288091521,
                                                                    "result_set_size": 413602875248,
                                                                    "children": [
                                                                        {
                                                                            "operator_name": "HASH_JOIN",
                                                                            "cpu_time": 3.879225488999981,
                                                                            "extra_info": {
                                                                                "Join Type": "RIGHT",
                                                                                "Conditions": "userid = id",
                                                                                "Estimated Cardinality": "12744093"
                                                                            },
                                                                            "cumulative_cardinality": 46058776,
                                                                            "operator_type": "HASH_JOIN",
                                                                            "operator_cardinality": 33929905,
                                                                            "cumulative_rows_scanned": 21246625,
                                                                            "operator_rows_scanned": 0,
                                                                            "operator_timing": 3.3190705589999805,
                                                                            "result_set_size": 950037340,
                                                                            "children": [
                                                                                {
                                                                                    "operator_name": "READ_PARQUET ",
                                                                                    "cpu_time": 0.20044789300000077,
                                                                                    "extra_info": {
                                                                                        "Function": "READ_PARQUET",
                                                                                        "Projections": [
                                                                                            "id",
                                                                                            "userid"
                                                                                        ],
                                                                                        "Estimated Cardinality": "12744093"
                                                                                    },
                                                                                    "cumulative_cardinality": 36790,
                                                                                    "operator_type": "TABLE_SCAN",
                                                                                    "operator_cardinality": 36790,
                                                                                    "cumulative_rows_scanned": 12744093,
                                                                                    "operator_rows_scanned": 12744093,
                                                                                    "operator_timing": 0.20044789300000077,
                                                                                    "result_set_size": 294320,
                                                                                    "children": []
                                                                                },
                                                                                {
                                                                                    "operator_name": "HASH_JOIN",
                                                                                    "cpu_time": 0.3597070369999998,
                                                                                    "extra_info": {
                                                                                        "Join Type": "RIGHT",
                                                                                        "Conditions": "userid = id",
                                                                                        "Estimated Cardinality": "7241822"
                                                                                    },
                                                                                    "cumulative_cardinality": 12092081,
                                                                                    "operator_type": "HASH_JOIN",
                                                                                    "operator_cardinality": 5154689,
                                                                                    "cumulative_rows_scanned": 8502532,
                                                                                    "operator_rows_scanned": 0,
                                                                                    "operator_timing": 0.15435060899999967,
                                                                                    "result_set_size": 123712536,
                                                                                    "children": [
                                                                                        {
                                                                                            "operator_name": "READ_PARQUET ",
                                                                                            "cpu_time": 0.1452794020000001,
                                                                                            "extra_info": {
                                                                                                "Function": "READ_PARQUET",
                                                                                                "Projections": [
                                                                                                    "id",
                                                                                                    "userid"
                                                                                                ],
                                                                                                "Estimated Cardinality": "7241822"
                                                                                            },
                                                                                            "cumulative_cardinality": 6926177,
                                                                                            "operator_type": "TABLE_SCAN",
                                                                                            "operator_cardinality": 6926177,
                                                                                            "cumulative_rows_scanned": 7241822,
                                                                                            "operator_rows_scanned": 7241822,
                                                                                            "operator_timing": 0.1452794020000001,
                                                                                            "result_set_size": 55409416,
                                                                                            "children": []
                                                                                        },
                                                                                        {
                                                                                            "operator_name": "READ_PARQUET ",
                                                                                            "cpu_time": 0.06007702600000002,
                                                                                            "extra_info": {
                                                                                                "Function": "READ_PARQUET",
                                                                                                "Projections": [
                                                                                                    "id",
                                                                                                    "displayname"
                                                                                                ],
                                                                                                "Filters": "reputation>1000",
                                                                                                "Estimated Cardinality": "252142"
                                                                                            },
                                                                                            "cumulative_cardinality": 11215,
                                                                                            "operator_type": "TABLE_SCAN",
                                                                                            "operator_cardinality": 11215,
                                                                                            "cumulative_rows_scanned": 1260710,
                                                                                            "operator_rows_scanned": 1260710,
                                                                                            "operator_timing": 0.06007702600000002,
                                                                                            "result_set_size": 224300,
                                                                                            "children": []
                                                                                        }
                                                                                    ]
                                                                                }
                                                                            ]
                                                                        },
                                                                        {
                                                                            "operator_name": "PROJECTION",
                                                                            "cpu_time": 0.017919675999999985,
                                                                            "extra_info": {
                                                                                "Projections": [
                                                                                    "#0",
                                                                                    "__internal_compress_integral_utinyint(#1, 1)"
                                                                                ],
                                                                                "Estimated Cardinality": "2321724"
                                                                            },
                                                                            "cumulative_cardinality": 4643448,
                                                                            "operator_type": "PROJECTION",
                                                                            "operator_cardinality": 2321724,
                                                                            "cumulative_rows_scanned": 2321724,
                                                                            "operator_rows_scanned": 0,
                                                                            "operator_timing": 0.0005970050000000004,
                                                                            "result_set_size": 11608620,
                                                                            "children": [
                                                                                {
                                                                                    "operator_name": "READ_PARQUET ",
                                                                                    "cpu_time": 0.017322670999999984,
                                                                                    "extra_info": {
                                                                                        "Function": "READ_PARQUET",
                                                                                        "Projections": [
                                                                                            "userid",
                                                                                            "class"
                                                                                        ],
                                                                                        "Estimated Cardinality": "2321724"
                                                                                    },
                                                                                    "cumulative_cardinality": 2321724,
                                                                                    "operator_type": "TABLE_SCAN",
                                                                                    "operator_cardinality": 2321724,
                                                                                    "cumulative_rows_scanned": 2321724,
                                                                                    "operator_rows_scanned": 2321724,
                                                                                    "operator_timing": 0.017322670999999984,
                                                                                    "result_set_size": 13930344,
                                                                                    "children": []
                                                                                }
                                                                            ]
                                                                        }
                                                                    ]
                                                                }
                                                            ]
                                                        }
                                                    ]
                                                }
                                            ]
                                        },
                                        {
                                            "operator_name": "FILTER",
                                            "cpu_time": 500.49874624496175,
                                            "extra_info": {
                                                "Expression": "(PostCount > 5)",
                                                "Estimated Cardinality": "395"
                                            },
                                            "cumulative_cardinality": 14127264,
                                            "operator_type": "FILTER",
                                            "operator_cardinality": 1936,
                                            "cumulative_rows_scanned": 3852092,
                                            "operator_rows_scanned": 0,
                                            "operator_timing": 0.000013725999999999999,
                                            "result_set_size": 139392,
                                            "children": [
                                                {
                                                    "operator_name": "HASH_GROUP_BY",
                                                    "cpu_time": 500.49873251896173,
                                                    "extra_info": {
                                                        "Groups": "#0",
                                                        "Aggregates": [
                                                            "count(DISTINCT #1)",
                                                            "sum(#2)",
                                                            "sum(#3)",
                                                            "avg(#4)",
                                                            "avg(#5)"
                                                        ],
                                                        "Estimated Cardinality": "1976"
                                                    },
                                                    "cumulative_cardinality": 14125328,
                                                    "operator_type": "HASH_GROUP_BY",
                                                    "operator_cardinality": 1976,
                                                    "cumulative_rows_scanned": 3852092,
                                                    "operator_rows_scanned": 0,
                                                    "operator_timing": 1.1110182640000015,
                                                    "result_set_size": 142272,
                                                    "children": [
                                                        {
                                                            "operator_name": "PROJECTION",
                                                            "cpu_time": 499.38771425496174,
                                                            "extra_info": {
                                                                "Projections": [
                                                                    "tagname",
                                                                    "id",
                                                                    "CASE  WHEN ((posttypeid = 1)) THEN (1) ELSE 0 END",
                                                                    "CASE  WHEN ((posttypeid = 2)) THEN (1) ELSE 0 END",
                                                                    "viewcount",
                                                                    "score"
                                                                ],
                                                                "Estimated Cardinality": "3850116"
                                                            },
                                                            "cumulative_cardinality": 14123352,
                                                            "operator_type": "PROJECTION",
                                                            "operator_cardinality": 5135630,
                                                            "cumulative_rows_scanned": 3852092,
                                                            "operator_rows_scanned": 0,
                                                            "operator_timing": 0.03326093299999999,
                                                            "result_set_size": 184882680,
                                                            "children": [
                                                                {
                                                                    "operator_name": "BLOCKWISE_NL_JOIN",
                                                                    "cpu_time": 499.3544533219617,
                                                                    "extra_info": {
                                                                        "Join Type": "INNER",
                                                                        "Condition": "(tags ~~ (('%' || tagname) || '%'))"
                                                                    },
                                                                    "cumulative_cardinality": 8987722,
                                                                    "operator_type": "BLOCKWISE_NL_JOIN",
                                                                    "operator_cardinality": 5135630,
                                                                    "cumulative_rows_scanned": 3852092,
                                                                    "operator_rows_scanned": 0,
                                                                    "operator_timing": 499.07354965496177,
                                                                    "result_set_size": 236238980,
                                                                    "children": [
                                                                        {
                                                                            "operator_name": "READ_PARQUET ",
                                                                            "cpu_time": 0.2805561889999993,
                                                                            "extra_info": {
                                                                                "Function": "READ_PARQUET",
                                                                                "Projections": [
                                                                                    "id",
                                                                                    "posttypeid",
                                                                                    "score",
                                                                                    "viewcount",
                                                                                    "tags"
                                                                                ],
                                                                                "Estimated Cardinality": "3850116"
                                                                            },
                                                                            "cumulative_cardinality": 3850116,
                                                                            "operator_type": "TABLE_SCAN",
                                                                            "operator_cardinality": 3850116,
                                                                            "cumulative_rows_scanned": 3850116,
                                                                            "operator_rows_scanned": 3850116,
                                                                            "operator_timing": 0.2805561889999993,
                                                                            "result_set_size": 115503480,
                                                                            "children": []
                                                                        },
                                                                        {
                                                                            "operator_name": "READ_PARQUET ",
                                                                            "cpu_time": 0.00034747799999999997,
                                                                            "extra_info": {
                                                                                "Function": "READ_PARQUET",
                                                                                "Projections": "tagname",
                                                                                "Estimated Cardinality": "1976"
                                                                            },
                                                                            "cumulative_cardinality": 1976,
                                                                            "operator_type": "TABLE_SCAN",
                                                                            "operator_cardinality": 1976,
                                                                            "cumulative_rows_scanned": 1976,
                                                                            "operator_rows_scanned": 1976,
                                                                            "operator_timing": 0.00034747799999999997,
                                                                            "result_set_size": 31616,
                                                                            "children": []
                                                                        }
                                                                    ]
                                                                }
                                                            ]
                                                        }
                                                    ]
                                                }
                                            ]
                                        }
                                    ]
                                }
                            ]
                        }
                    ]
                }
            ]
        }
    ]
}