{
    "rows_returned": 10,
    "query_name": "\nWITH TagCount AS (\n    SELECT \n        TRIM(tag) AS TagName,\n        COUNT(*) AS PostCount\n    FROM (\n        SELECT \n            UNNEST(string_to_array(SUBSTRING(Tags FROM 2 FOR LENGTH(Tags) - 2), '><')) AS tag\n        FROM \n            Posts\n        WHERE \n            PostTypeId = 1  \n    ) AS extracted_tags\n    GROUP BY \n        TRIM(tag)\n),\nTopTags AS (\n    SELECT \n        TagName,\n        PostCount,\n        ROW_NUMBER() OVER (ORDER BY PostCount DESC) AS Rank\n    FROM \n        TagCount\n    WHERE \n        PostCount > 1  \n),\nMostActiveUsers AS (\n    SELECT \n        Users.DisplayName,\n        Users.Reputation,\n        COUNT(Posts.Id) AS QuestionsAnswered,\n        SUM(COALESCE(Posts.AnswerCount, 0)) AS TotalAnswers,\n        SUM(COALESCE(Posts.Score, 0)) AS TotalScore\n    FROM \n        Users\n    JOIN \n        Posts ON Users.Id = Posts.OwnerUserId\n    WHERE \n        Posts.PostTypeId = 2  \n    GROUP BY \n        Users.DisplayName, Users.Reputation\n),\nTagUsage AS (\n    SELECT \n        Posts.Id AS PostId,\n        Posts.Title,\n        Posts.CreationDate,\n        UNNEST(string_to_array(SUBSTRING(Posts.Tags FROM 2 FOR LENGTH(Posts.Tags) - 2), '><')) AS TagName,\n        Users.DisplayName AS Owner\n    FROM \n        Posts\n    JOIN \n        Users ON Posts.OwnerUserId = Users.Id\n    WHERE \n        Posts.PostTypeId = 1  \n)\nSELECT \n    TopTags.TagName,\n    TopTags.PostCount,\n    MostActiveUsers.DisplayName,\n    MostActiveUsers.Reputation,\n    MostActiveUsers.QuestionsAnswered,\n    MostActiveUsers.TotalAnswers,\n    MostActiveUsers.TotalScore,\n    COUNT(TagUsage.PostId) AS TagPostCount,\n    MIN(TagUsage.CreationDate) AS EarliestPostDate,\n    MAX(TagUsage.CreationDate) AS LatestPostDate\nFROM \n    TopTags\nJOIN \n    TagUsage ON TopTags.TagName = TagUsage.TagName\nJOIN \n    MostActiveUsers ON TagUsage.Owner = MostActiveUsers.DisplayName\nGROUP BY \n    TopTags.TagName, \n    TopTags.PostCount,\n    MostActiveUsers.DisplayName, \n    MostActiveUsers.Reputation, \n    MostActiveUsers.QuestionsAnswered, \n    MostActiveUsers.TotalAnswers,\n    MostActiveUsers.TotalScore\nORDER BY \n    TopTags.PostCount DESC, MostActiveUsers.TotalScore DESC\nLIMIT 10;\n",
    "blocked_thread_time": 0.0,
    "cpu_time": 12.661813539996023,
    "extra_info": {},
    "cumulative_cardinality": 61137415,
    "cumulative_rows_scanned": 14071768,
    "result_set_size": 1080,
    "latency": 29.774307377,
    "children": [
        {
            "operator_name": "STREAMING_LIMIT",
            "cpu_time": 12.661813539996023,
            "extra_info": {},
            "cumulative_cardinality": 61137415,
            "operator_type": "STREAMING_LIMIT",
            "operator_cardinality": 10,
            "cumulative_rows_scanned": 14071768,
            "operator_rows_scanned": 0,
            "operator_timing": 0.000002465,
            "result_set_size": 1080,
            "children": [
                {
                    "operator_name": "ORDER_BY",
                    "cpu_time": 12.661811074996024,
                    "extra_info": {
                        "Order By": [
                            "TopTags.PostCount DESC",
                            "MostActiveUsers.TotalScore DESC"
                        ]
                    },
                    "cumulative_cardinality": 61137405,
                    "operator_type": "ORDER_BY",
                    "operator_cardinality": 4096,
                    "cumulative_rows_scanned": 14071768,
                    "operator_rows_scanned": 0,
                    "operator_timing": 0.19823500000000002,
                    "result_set_size": 442368,
                    "children": [
                        {
                            "operator_name": "HASH_GROUP_BY",
                            "cpu_time": 12.463576074996023,
                            "extra_info": {
                                "Groups": [
                                    "#0",
                                    "#1",
                                    "#2",
                                    "#3",
                                    "#4",
                                    "#5",
                                    "#6"
                                ],
                                "Aggregates": [
                                    "count_star()",
                                    "min(#7)",
                                    "max(#8)"
                                ],
                                "Estimated Cardinality": "2351"
                            },
                            "cumulative_cardinality": 61133309,
                            "operator_type": "HASH_GROUP_BY",
                            "operator_cardinality": 2789631,
                            "cumulative_rows_scanned": 14071768,
                            "operator_rows_scanned": 0,
                            "operator_timing": 1.6130549829999992,
                            "result_set_size": 301280148,
                            "children": [
                                {
                                    "operator_name": "PROJECTION",
                                    "cpu_time": 10.850521091996024,
                                    "extra_info": {
                                        "Projections": [
                                            "TagName",
                                            "PostCount",
                                            "displayname",
                                            "reputation",
                                            "QuestionsAnswered",
                                            "TotalAnswers",
                                            "TotalScore",
                                            "creationdate",
                                            "creationdate"
                                        ],
                                        "Estimated Cardinality": "4703"
                                    },
                                    "cumulative_cardinality": 58343678,
                                    "operator_type": "PROJECTION",
                                    "operator_cardinality": 10369824,
                                    "cumulative_rows_scanned": 14071768,
                                    "operator_rows_scanned": 0,
                                    "operator_timing": 0.0032254070000000096,
                                    "result_set_size": 1036982400,
                                    "children": [
                                        {
                                            "operator_name": "HASH_JOIN",
                                            "cpu_time": 10.847295684996023,
                                            "extra_info": {
                                                "Join Type": "INNER",
                                                "Conditions": "displayname = Owner",
                                                "Estimated Cardinality": "4703"
                                            },
                                            "cumulative_cardinality": 47973854,
                                            "operator_type": "HASH_JOIN",
                                            "operator_cardinality": 10369824,
                                            "cumulative_rows_scanned": 14071768,
                                            "operator_rows_scanned": 0,
                                            "operator_timing": 0.69216624,
                                            "result_set_size": 954023808,
                                            "children": [
                                                {
                                                    "operator_name": "HASH_GROUP_BY",
                                                    "cpu_time": 0.5612407569999998,
                                                    "extra_info": {
                                                        "Groups": [
                                                            "#0",
                                                            "#1"
                                                        ],
                                                        "Aggregates": [
                                                            "count_star()",
                                                            "sum(#2)",
                                                            "sum(#3)"
                                                        ],
                                                        "Estimated Cardinality": "385011"
                                                    },
                                                    "cumulative_cardinality": 7718225,
                                                    "operator_type": "HASH_GROUP_BY",
                                                    "operator_cardinality": 98588,
                                                    "cumulative_rows_scanned": 5110826,
                                                    "operator_rows_scanned": 0,
                                                    "operator_timing": 0.06866996600000004,
                                                    "result_set_size": 5915280,
                                                    "children": [
                                                        {
                                                            "operator_name": "PROJECTION",
                                                            "cpu_time": 0.49257079099999973,
                                                            "extra_info": {
                                                                "Projections": [
                                                                    "displayname",
                                                                    "reputation",
                                                                    "COALESCE(answercount, 0)",
                                                                    "score"
                                                                ],
                                                                "Estimated Cardinality": "770023"
                                                            },
                                                            "cumulative_cardinality": 7619637,
                                                            "operator_type": "PROJECTION",
                                                            "operator_cardinality": 2091316,
                                                            "cumulative_rows_scanned": 5110826,
                                                            "operator_rows_scanned": 0,
                                                            "operator_timing": 0.01824127799999999,
                                                            "result_set_size": 58556848,
                                                            "children": [
                                                                {
                                                                    "operator_name": "HASH_JOIN",
                                                                    "cpu_time": 0.47432951299999976,
                                                                    "extra_info": {
                                                                        "Join Type": "INNER",
                                                                        "Conditions": "id = owneruserid",
                                                                        "Estimated Cardinality": "770023"
                                                                    },
                                                                    "cumulative_cardinality": 5528321,
                                                                    "operator_type": "HASH_JOIN",
                                                                    "operator_cardinality": 2091316,
                                                                    "cumulative_rows_scanned": 5110826,
                                                                    "operator_rows_scanned": 0,
                                                                    "operator_timing": 0.19478214099999983,
                                                                    "result_set_size": 58556848,
                                                                    "children": [
                                                                        {
                                                                            "operator_name": "READ_PARQUET ",
                                                                            "cpu_time": 0.101128237,
                                                                            "extra_info": {
                                                                                "Function": "READ_PARQUET",
                                                                                "Projections": [
                                                                                    "id",
                                                                                    "reputation",
                                                                                    "displayname"
                                                                                ],
                                                                                "Filters": "id<=1416539",
                                                                                "Estimated Cardinality": "1260710"
                                                                            },
                                                                            "cumulative_cardinality": 1259712,
                                                                            "operator_type": "TABLE_SCAN",
                                                                            "operator_cardinality": 1259712,
                                                                            "cumulative_rows_scanned": 1260710,
                                                                            "operator_rows_scanned": 1260710,
                                                                            "operator_timing": 0.101128237,
                                                                            "result_set_size": 30233088,
                                                                            "children": []
                                                                        },
                                                                        {
                                                                            "operator_name": "READ_PARQUET ",
                                                                            "cpu_time": 0.17841913499999995,
                                                                            "extra_info": {
                                                                                "Function": "READ_PARQUET",
                                                                                "Projections": [
                                                                                    "id",
                                                                                    "score",
                                                                                    "owneruserid",
                                                                                    "answercount"
                                                                                ],
                                                                                "Filters": "posttypeid=2",
                                                                                "Estimated Cardinality": "770023"
                                                                            },
                                                                            "cumulative_cardinality": 2177293,
                                                                            "operator_type": "TABLE_SCAN",
                                                                            "operator_cardinality": 2177293,
                                                                            "cumulative_rows_scanned": 3850116,
                                                                            "operator_rows_scanned": 3850116,
                                                                            "operator_timing": 0.17841913499999995,
                                                                            "result_set_size": 34836688,
                                                                            "children": []
                                                                        }
                                                                    ]
                                                                }
                                                            ]
                                                        }
                                                    ]
                                                },
                                                {
                                                    "operator_name": "HASH_JOIN",
                                                    "cpu_time": 9.593888687996024,
                                                    "extra_info": {
                                                        "Join Type": "INNER",
                                                        "Conditions": "TagName = TagName",
                                                        "Estimated Cardinality": "15400"
                                                    },
                                                    "cumulative_cardinality": 29885805,
                                                    "operator_type": "HASH_JOIN",
                                                    "operator_cardinality": 3851654,
                                                    "cumulative_rows_scanned": 8960942,
                                                    "operator_rows_scanned": 0,
                                                    "operator_timing": 2.6209292859885154,
                                                    "result_set_size": 184879392,
                                                    "children": [
                                                        {
                                                            "operator_name": "PROJECTION",
                                                            "cpu_time": 3.2966112330057387,
                                                            "extra_info": {
                                                                "Projections": [
                                                                    "PostId",
                                                                    "creationdate",
                                                                    "TagName",
                                                                    "Owner"
                                                                ],
                                                                "Estimated Cardinality": "770023"
                                                            },
                                                            "cumulative_cardinality": 12221812,
                                                            "operator_type": "PROJECTION",
                                                            "operator_cardinality": 3851654,
                                                            "cumulative_rows_scanned": 5110826,
                                                            "operator_rows_scanned": 0,
                                                            "operator_timing": 0.25138561800247183,
                                                            "result_set_size": 169472776,
                                                            "children": [
                                                                {
                                                                    "operator_name": "UNNEST",
                                                                    "cpu_time": 3.045225615003267,
                                                                    "extra_info": {},
                                                                    "cumulative_cardinality": 8370158,
                                                                    "operator_type": "UNNEST",
                                                                    "operator_cardinality": 3851654,
                                                                    "cumulative_rows_scanned": 5110826,
                                                                    "operator_rows_scanned": 0,
                                                                    "operator_timing": 2.2985947620032667,
                                                                    "result_set_size": 231099240,
                                                                    "children": [
                                                                        {
                                                                            "operator_name": "HASH_JOIN",
                                                                            "cpu_time": 0.7466308530000001,
                                                                            "extra_info": {
                                                                                "Join Type": "INNER",
                                                                                "Conditions": "id = owneruserid",
                                                                                "Estimated Cardinality": "770023"
                                                                            },
                                                                            "cumulative_cardinality": 4518504,
                                                                            "operator_type": "HASH_JOIN",
                                                                            "operator_cardinality": 1589663,
                                                                            "cumulative_rows_scanned": 5110826,
                                                                            "operator_rows_scanned": 0,
                                                                            "operator_timing": 0.2857324560000002,
                                                                            "result_set_size": 69945172,
                                                                            "children": [
                                                                                {
                                                                                    "operator_name": "READ_PARQUET ",
                                                                                    "cpu_time": 0.1124754009999999,
                                                                                    "extra_info": {
                                                                                        "Function": "READ_PARQUET",
                                                                                        "Projections": [
                                                                                            "id",
                                                                                            "displayname"
                                                                                        ],
                                                                                        "Filters": "id<=1416539",
                                                                                        "Estimated Cardinality": "1260710"
                                                                                    },
                                                                                    "cumulative_cardinality": 1260677,
                                                                                    "operator_type": "TABLE_SCAN",
                                                                                    "operator_cardinality": 1260677,
                                                                                    "cumulative_rows_scanned": 1260710,
                                                                                    "operator_rows_scanned": 1260710,
                                                                                    "operator_timing": 0.1124754009999999,
                                                                                    "result_set_size": 25213540,
                                                                                    "children": []
                                                                                },
                                                                                {
                                                                                    "operator_name": "READ_PARQUET ",
                                                                                    "cpu_time": 0.34842299599999993,
                                                                                    "extra_info": {
                                                                                        "Function": "READ_PARQUET",
                                                                                        "Projections": [
                                                                                            "id",
                                                                                            "creationdate",
                                                                                            "owneruserid",
                                                                                            "tags"
                                                                                        ],
                                                                                        "Filters": "posttypeid=1",
                                                                                        "Estimated Cardinality": "770023"
                                                                                    },
                                                                                    "cumulative_cardinality": 1668164,
                                                                                    "operator_type": "TABLE_SCAN",
                                                                                    "operator_cardinality": 1668164,
                                                                                    "cumulative_rows_scanned": 3850116,
                                                                                    "operator_rows_scanned": 3850116,
                                                                                    "operator_timing": 0.34842299599999993,
                                                                                    "result_set_size": 53381248,
                                                                                    "children": []
                                                                                }
                                                                            ]
                                                                        }
                                                                    ]
                                                                }
                                                            ]
                                                        },
                                                        {
                                                            "operator_name": "PROJECTION",
                                                            "cpu_time": 3.67634816900177,
                                                            "extra_info": {
                                                                "Projections": [
                                                                    "TagName",
                                                                    "PostCount"
                                                                ],
                                                                "Estimated Cardinality": "77002"
                                                            },
                                                            "cumulative_cardinality": 13812339,
                                                            "operator_type": "PROJECTION",
                                                            "operator_cardinality": 1976,
                                                            "cumulative_rows_scanned": 3850116,
                                                            "operator_rows_scanned": 0,
                                                            "operator_timing": 1.3e-7,
                                                            "result_set_size": 47424,
                                                            "children": [
                                                                {
                                                                    "operator_name": "PROJECTION",
                                                                    "cpu_time": 3.6763480390017698,
                                                                    "extra_info": {
                                                                        "Projections": [
                                                                            "#0",
                                                                            "#1",
                                                                            "#2"
                                                                        ],
                                                                        "Estimated Cardinality": "77002"
                                                                    },
                                                                    "cumulative_cardinality": 13810363,
                                                                    "operator_type": "PROJECTION",
                                                                    "operator_cardinality": 1976,
                                                                    "cumulative_rows_scanned": 3850116,
                                                                    "operator_rows_scanned": 0,
                                                                    "operator_timing": 4.81e-7,
                                                                    "result_set_size": 63232,
                                                                    "children": [
                                                                        {
                                                                            "operator_name": "WINDOW",
                                                                            "cpu_time": 3.67634755800177,
                                                                            "extra_info": {
                                                                                "Projections": "ROW_NUMBER() OVER (ORDER BY PostCount DESC NULLS LAST)"
                                                                            },
                                                                            "cumulative_cardinality": 13808387,
                                                                            "operator_type": "WINDOW",
                                                                            "operator_cardinality": 1976,
                                                                            "cumulative_rows_scanned": 3850116,
                                                                            "operator_rows_scanned": 0,
                                                                            "operator_timing": 0.000204612,
                                                                            "result_set_size": 63232,
                                                                            "children": [
                                                                                {
                                                                                    "operator_name": "FILTER",
                                                                                    "cpu_time": 3.67614294600177,
                                                                                    "extra_info": {
                                                                                        "Expression": "(PostCount > 1)",
                                                                                        "Estimated Cardinality": "77002"
                                                                                    },
                                                                                    "cumulative_cardinality": 13806411,
                                                                                    "operator_type": "FILTER",
                                                                                    "operator_cardinality": 1976,
                                                                                    "cumulative_rows_scanned": 3850116,
                                                                                    "operator_rows_scanned": 0,
                                                                                    "operator_timing": 0.000007374,
                                                                                    "result_set_size": 47424,
                                                                                    "children": [
                                                                                        {
                                                                                            "operator_name": "HASH_GROUP_BY",
                                                                                            "cpu_time": 3.67613557200177,
                                                                                            "extra_info": {
                                                                                                "Groups": "#0",
                                                                                                "Aggregates": "count_star()",
                                                                                                "Estimated Cardinality": "385011"
                                                                                            },
                                                                                            "cumulative_cardinality": 13804435,
                                                                                            "operator_type": "HASH_GROUP_BY",
                                                                                            "operator_cardinality": 1976,
                                                                                            "cumulative_rows_scanned": 3850116,
                                                                                            "operator_rows_scanned": 0,
                                                                                            "operator_timing": 1.2004601940004545,
                                                                                            "result_set_size": 47424,
                                                                                            "children": [
                                                                                                {
                                                                                                    "operator_name": "PROJECTION",
                                                                                                    "cpu_time": 2.4756753780013154,
                                                                                                    "extra_info": {
                                                                                                        "Projections": "\"trim\"(tag)",
                                                                                                        "Estimated Cardinality": "770023"
                                                                                                    },
                                                                                                    "cumulative_cardinality": 13802459,
                                                                                                    "operator_type": "PROJECTION",
                                                                                                    "operator_cardinality": 4044765,
                                                                                                    "cumulative_rows_scanned": 3850116,
                                                                                                    "operator_rows_scanned": 0,
                                                                                                    "operator_timing": 0.9535668850004898,
                                                                                                    "result_set_size": 64716240,
                                                                                                    "children": [
                                                                                                        {
                                                                                                            "operator_name": "PROJECTION",
                                                                                                            "cpu_time": 1.5221084930008255,
                                                                                                            "extra_info": {
                                                                                                                "Projections": "tag",
                                                                                                                "Estimated Cardinality": "770023"
                                                                                                            },
                                                                                                            "cumulative_cardinality": 9757694,
                                                                                                            "operator_type": "PROJECTION",
                                                                                                            "operator_cardinality": 4044765,
                                                                                                            "cumulative_rows_scanned": 3850116,
                                                                                                            "operator_rows_scanned": 0,
                                                                                                            "operator_timing": 0.1922369310014509,
                                                                                                            "result_set_size": 64716240,
                                                                                                            "children": [
                                                                                                                {
                                                                                                                    "operator_name": "UNNEST",
                                                                                                                    "cpu_time": 1.3298715619993746,
                                                                                                                    "extra_info": {},
                                                                                                                    "cumulative_cardinality": 5712929,
                                                                                                                    "operator_type": "UNNEST",
                                                                                                                    "operator_cardinality": 4044765,
                                                                                                                    "cumulative_rows_scanned": 3850116,
                                                                                                                    "operator_rows_scanned": 0,
                                                                                                                    "operator_timing": 1.0759745689993747,
                                                                                                                    "result_set_size": 129432480,
                                                                                                                    "children": [
                                                                                                                        {
                                                                                                                            "operator_name": "READ_PARQUET ",
                                                                                                                            "cpu_time": 0.25389699299999985,
                                                                                                                            "extra_info": {
                                                                                                                                "Function": "READ_PARQUET",
                                                                                                                                "Projections": "tags",
                                                                                                                                "Filters": "posttypeid=1",
                                                                                                                                "Estimated Cardinality": "770023"
                                                                                                                            },
                                                                                                                            "cumulative_cardinality": 1668164,
                                                                                                                            "operator_type": "TABLE_SCAN",
                                                                                                                            "operator_cardinality": 1668164,
                                                                                                                            "cumulative_rows_scanned": 3850116,
                                                                                                                            "operator_rows_scanned": 3850116,
                                                                                                                            "operator_timing": 0.25389699299999985,
                                                                                                                            "result_set_size": 26690624,
                                                                                                                            "children": []
                                                                                                                        }
                                                                                                                    ]
                                                                                                                }
                                                                                                            ]
                                                                                                        }
                                                                                                    ]
                                                                                                }
                                                                                            ]
                                                                                        }
                                                                                    ]
                                                                                }
                                                                            ]
                                                                        }
                                                                    ]
                                                                }
                                                            ]
                                                        }
                                                    ]
                                                }
                                            ]
                                        }
                                    ]
                                }
                            ]
                        }
                    ]
                }
            ]
        }
    ]
}