{
    "rows_returned": 410722,
    "query_name": "WITH TagAnalysis AS (\n    SELECT \n        p.Id AS PostId,\n        p.Title,\n        p.CreationDate,\n        COUNT(DISTINCT c.Id) AS CommentCount,\n        COALESCE(SUM(v.BountyAmount), 0) AS TotalBounty,\n        STRING_AGG(DISTINCT t.TagName, ', ') AS Tags\n    FROM \n        Posts p\n    LEFT JOIN \n        Comments c ON p.Id = c.PostId\n    LEFT JOIN \n        Votes v ON p.Id = v.PostId AND v.VoteTypeId = 9 \n    LEFT JOIN \n        Tags t ON t.ExcerptPostId = p.Id OR t.WikiPostId = p.Id\n    WHERE \n        p.PostTypeId = 1 \n    GROUP BY \n        p.Id, p.Title, p.CreationDate\n),\nUserBadgeStats AS (\n    SELECT \n        u.Id AS UserId,\n        u.DisplayName,\n        COUNT(DISTINCT b.Id) AS BadgeCount,\n        SUM(u.Reputation) AS TotalReputation\n    FROM \n        Users u\n    LEFT JOIN \n        Badges b ON u.Id = b.UserId\n    GROUP BY \n        u.Id, u.DisplayName\n),\nPostHistoryStats AS (\n    SELECT \n        p.Id AS PostId,\n        COUNT(h.Id) AS HistoryCount,\n        MAX(h.CreationDate) AS LastHistoryDate\n    FROM \n        Posts p\n    LEFT JOIN \n        PostHistory h ON p.Id = h.PostId\n    GROUP BY \n        p.Id\n)\nSELECT \n    ta.PostId,\n    ta.Title,\n    ta.CreationDate,\n    ta.CommentCount,\n    ta.TotalBounty,\n    ta.Tags,\n    ubs.DisplayName,\n    ubs.BadgeCount,\n    ubs.TotalReputation,\n    phs.HistoryCount,\n    phs.LastHistoryDate\nFROM \n    TagAnalysis ta\nJOIN \n    Users u ON u.Id = ta.PostId \nJOIN \n    UserBadgeStats ubs ON u.Id = ubs.UserId\nJOIN \n    PostHistoryStats phs ON ta.PostId = phs.PostId\nORDER BY \n    ta.CommentCount DESC, \n    ubs.TotalReputation DESC;",
    "blocked_thread_time": 0.0,
    "cpu_time": 13.412775351010952,
    "extra_info": {},
    "cumulative_cardinality": 76816507,
    "cumulative_rows_scanned": 44326511,
    "result_set_size": 50929528,
    "latency": 17.872579143,
    "children": [
        {
            "operator_name": "ORDER_BY",
            "cpu_time": 13.412775351010952,
            "extra_info": {
                "Order By": [
                    "ta.CommentCount DESC",
                    "ubs.TotalReputation DESC"
                ]
            },
            "cumulative_cardinality": 76816507,
            "operator_type": "ORDER_BY",
            "operator_cardinality": 410722,
            "cumulative_rows_scanned": 44326511,
            "operator_rows_scanned": 0,
            "operator_timing": 0.053799643,
            "result_set_size": 50929528,
            "children": [
                {
                    "operator_name": "PROJECTION",
                    "cpu_time": 13.358975708010952,
                    "extra_info": {
                        "Projections": [
                            "PostId",
                            "title",
                            "creationdate",
                            "CommentCount",
                            "TotalBounty",
                            "Tags",
                            "displayname",
                            "BadgeCount",
                            "TotalReputation",
                            "HistoryCount",
                            "LastHistoryDate"
                        ],
                        "Estimated Cardinality": "11757972"
                    },
                    "cumulative_cardinality": 76405785,
                    "operator_type": "PROJECTION",
                    "operator_cardinality": 410722,
                    "cumulative_rows_scanned": 44326511,
                    "operator_rows_scanned": 0,
                    "operator_timing": 0.00016988600000000003,
                    "result_set_size": 50929528,
                    "children": [
                        {
                            "operator_name": "HASH_JOIN",
                            "cpu_time": 13.358805822010952,
                            "extra_info": {
                                "Join Type": "INNER",
                                "Conditions": "PostId = PostId",
                                "Estimated Cardinality": "11757972"
                            },
                            "cumulative_cardinality": 75995063,
                            "operator_type": "HASH_JOIN",
                            "operator_cardinality": 410722,
                            "cumulative_rows_scanned": 44326511,
                            "operator_rows_scanned": 0,
                            "operator_timing": 0.132356492,
                            "result_set_size": 50929528,
                            "children": [
                                {
                                    "operator_name": "PROJECTION",
                                    "cpu_time": 10.43268686101095,
                                    "extra_info": {
                                        "Projections": [
                                            "PostId",
                                            "title",
                                            "creationdate",
                                            "CommentCount",
                                            "TotalBounty",
                                            "Tags"
                                        ],
                                        "Estimated Cardinality": "3850116"
                                    },
                                    "cumulative_cardinality": 24261512,
                                    "operator_type": "PROJECTION",
                                    "operator_cardinality": 462266,
                                    "cumulative_rows_scanned": 23838007,
                                    "operator_rows_scanned": 0,
                                    "operator_timing": 0.004304638999999997,
                                    "result_set_size": 31434088,
                                    "children": [
                                        {
                                            "operator_name": "HASH_GROUP_BY",
                                            "cpu_time": 10.42838222201095,
                                            "extra_info": {
                                                "Groups": [
                                                    "#0",
                                                    "#1",
                                                    "#2"
                                                ],
                                                "Aggregates": [
                                                    "count(DISTINCT #3)",
                                                    "sum(#4)",
                                                    "string_agg(DISTINCT #5)"
                                                ],
                                                "Estimated Cardinality": "3850116"
                                            },
                                            "cumulative_cardinality": 23799246,
                                            "operator_type": "HASH_GROUP_BY",
                                            "operator_cardinality": 462266,
                                            "cumulative_rows_scanned": 23838007,
                                            "operator_rows_scanned": 0,
                                            "operator_timing": 0.4865693299999996,
                                            "result_set_size": 31434088,
                                            "children": [
                                                {
                                                    "operator_name": "PROJECTION",
                                                    "cpu_time": 9.94181289201095,
                                                    "extra_info": {
                                                        "Projections": [
                                                            "id",
                                                            "title",
                                                            "creationdate",
                                                            "id",
                                                            "bountyamount",
                                                            "tagname"
                                                        ],
                                                        "Estimated Cardinality": "7241822"
                                                    },
                                                    "cumulative_cardinality": 23336980,
                                                    "operator_type": "PROJECTION",
                                                    "operator_cardinality": 1245915,
                                                    "cumulative_rows_scanned": 23838007,
                                                    "operator_rows_scanned": 0,
                                                    "operator_timing": 0.0005224450000000026,
                                                    "result_set_size": 64787580,
                                                    "children": [
                                                        {
                                                            "operator_name": "BLOCKWISE_NL_JOIN",
                                                            "cpu_time": 9.94129044701095,
                                                            "extra_info": {
                                                                "Join Type": "LEFT",
                                                                "Condition": "((excerptpostid = id) OR (wikipostid = id))"
                                                            },
                                                            "cumulative_cardinality": 22091065,
                                                            "operator_type": "BLOCKWISE_NL_JOIN",
                                                            "operator_cardinality": 1245915,
                                                            "cumulative_rows_scanned": 23838007,
                                                            "operator_rows_scanned": 0,
                                                            "operator_timing": 8.606236151010947,
                                                            "result_set_size": 74754900,
                                                            "children": [
                                                                {
                                                                    "operator_name": "PROJECTION",
                                                                    "cpu_time": 1.3343079610000015,
                                                                    "extra_info": {
                                                                        "Projections": [
                                                                            "#0",
                                                                            "#1",
                                                                            "#2",
                                                                            "#3",
                                                                            "__internal_decompress_integral_integer(#4, 0)"
                                                                        ],
                                                                        "Estimated Cardinality": "7241822"
                                                                    },
                                                                    "cumulative_cardinality": 20843174,
                                                                    "operator_type": "PROJECTION",
                                                                    "operator_cardinality": 1245915,
                                                                    "cumulative_rows_scanned": 23836031,
                                                                    "operator_rows_scanned": 0,
                                                                    "operator_timing": 0.0010676879999999996,
                                                                    "result_set_size": 44852940,
                                                                    "children": [
                                                                        {
                                                                            "operator_name": "FILTER",
                                                                            "cpu_time": 1.3332402730000015,
                                                                            "extra_info": {
                                                                                "Expression": "(#1 <= 1416570)",
                                                                                "Estimated Cardinality": "7241822"
                                                                            },
                                                                            "cumulative_cardinality": 19597259,
                                                                            "operator_type": "FILTER",
                                                                            "operator_cardinality": 1245915,
                                                                            "cumulative_rows_scanned": 23836031,
                                                                            "operator_rows_scanned": 0,
                                                                            "operator_timing": 0.012920566999999978,
                                                                            "result_set_size": 42361110,
                                                                            "children": [
                                                                                {
                                                                                    "operator_name": "HASH_JOIN",
                                                                                    "cpu_time": 1.3203197060000016,
                                                                                    "extra_info": {
                                                                                        "Join Type": "LEFT",
                                                                                        "Conditions": "id = postid",
                                                                                        "Estimated Cardinality": "7241822"
                                                                                    },
                                                                                    "cumulative_cardinality": 18351344,
                                                                                    "operator_type": "HASH_JOIN",
                                                                                    "operator_cardinality": 4683543,
                                                                                    "cumulative_rows_scanned": 23836031,
                                                                                    "operator_rows_scanned": 0,
                                                                                    "operator_timing": 0.10676343099999938,
                                                                                    "result_set_size": 159240462,
                                                                                    "children": [
                                                                                        {
                                                                                            "operator_name": "HASH_JOIN",
                                                                                            "cpu_time": 1.024078387000002,
                                                                                            "extra_info": {
                                                                                                "Join Type": "RIGHT",
                                                                                                "Conditions": "postid = id",
                                                                                                "Estimated Cardinality": "7241822"
                                                                                            },
                                                                                            "cumulative_cardinality": 13587911,
                                                                                            "operator_type": "HASH_JOIN",
                                                                                            "operator_cardinality": 4677925,
                                                                                            "cumulative_rows_scanned": 11091938,
                                                                                            "operator_rows_scanned": 0,
                                                                                            "operator_timing": 0.43785969200000163,
                                                                                            "result_set_size": 149693600,
                                                                                            "children": [
                                                                                                {
                                                                                                    "operator_name": "READ_PARQUET ",
                                                                                                    "cpu_time": 0.1257390529999995,
                                                                                                    "extra_info": {
                                                                                                        "Function": "READ_PARQUET",
                                                                                                        "Projections": [
                                                                                                            "id",
                                                                                                            "postid"
                                                                                                        ],
                                                                                                        "Estimated Cardinality": "7241822"
                                                                                                    },
                                                                                                    "cumulative_cardinality": 7241822,
                                                                                                    "operator_type": "TABLE_SCAN",
                                                                                                    "operator_cardinality": 7241822,
                                                                                                    "cumulative_rows_scanned": 7241822,
                                                                                                    "operator_rows_scanned": 7241822,
                                                                                                    "operator_timing": 0.1257390529999995,
                                                                                                    "result_set_size": 57934576,
                                                                                                    "children": []
                                                                                                },
                                                                                                {
                                                                                                    "operator_name": "READ_PARQUET ",
                                                                                                    "cpu_time": 0.4604796420000009,
                                                                                                    "extra_info": {
                                                                                                        "Function": "READ_PARQUET",
                                                                                                        "Projections": [
                                                                                                            "id",
                                                                                                            "creationdate",
                                                                                                            "title"
                                                                                                        ],
                                                                                                        "Filters": "posttypeid=1",
                                                                                                        "Estimated Cardinality": "770023"
                                                                                                    },
                                                                                                    "cumulative_cardinality": 1668164,
                                                                                                    "operator_type": "TABLE_SCAN",
                                                                                                    "operator_cardinality": 1668164,
                                                                                                    "cumulative_rows_scanned": 3850116,
                                                                                                    "operator_rows_scanned": 3850116,
                                                                                                    "operator_timing": 0.4604796420000009,
                                                                                                    "result_set_size": 46708592,
                                                                                                    "children": []
                                                                                                }
                                                                                            ]
                                                                                        },
                                                                                        {
                                                                                            "operator_name": "PROJECTION",
                                                                                            "cpu_time": 0.18947788800000012,
                                                                                            "extra_info": {
                                                                                                "Projections": [
                                                                                                    "#0",
                                                                                                    "__internal_compress_integral_usmallint(#1, 0)"
                                                                                                ],
                                                                                                "Estimated Cardinality": "2548818"
                                                                                            },
                                                                                            "cumulative_cardinality": 79890,
                                                                                            "operator_type": "PROJECTION",
                                                                                            "operator_cardinality": 39945,
                                                                                            "cumulative_rows_scanned": 12744093,
                                                                                            "operator_rows_scanned": 0,
                                                                                            "operator_timing": 0.0031449749999999744,
                                                                                            "result_set_size": 239670,
                                                                                            "children": [
                                                                                                {
                                                                                                    "operator_name": "READ_PARQUET ",
                                                                                                    "cpu_time": 0.18633291300000016,
                                                                                                    "extra_info": {
                                                                                                        "Function": "READ_PARQUET",
                                                                                                        "Projections": [
                                                                                                            "postid",
                                                                                                            "bountyamount"
                                                                                                        ],
                                                                                                        "Filters": "votetypeid=9",
                                                                                                        "Estimated Cardinality": "2548818"
                                                                                                    },
                                                                                                    "cumulative_cardinality": 39945,
                                                                                                    "operator_type": "TABLE_SCAN",
                                                                                                    "operator_cardinality": 39945,
                                                                                                    "cumulative_rows_scanned": 12744093,
                                                                                                    "operator_rows_scanned": 12744093,
                                                                                                    "operator_timing": 0.18633291300000016,
                                                                                                    "result_set_size": 319560,
                                                                                                    "children": []
                                                                                                }
                                                                                            ]
                                                                                        }
                                                                                    ]
                                                                                }
                                                                            ]
                                                                        }
                                                                    ]
                                                                },
                                                                {
                                                                    "operator_name": "READ_PARQUET ",
                                                                    "cpu_time": 0.000746335,
                                                                    "extra_info": {
                                                                        "Function": "READ_PARQUET",
                                                                        "Projections": [
                                                                            "tagname",
                                                                            "excerptpostid",
                                                                            "wikipostid"
                                                                        ],
                                                                        "Estimated Cardinality": "1976"
                                                                    },
                                                                    "cumulative_cardinality": 1976,
                                                                    "operator_type": "TABLE_SCAN",
                                                                    "operator_cardinality": 1976,
                                                                    "cumulative_rows_scanned": 1976,
                                                                    "operator_rows_scanned": 1976,
                                                                    "operator_timing": 0.000746335,
                                                                    "result_set_size": 47424,
                                                                    "children": []
                                                                }
                                                            ]
                                                        }
                                                    ]
                                                }
                                            ]
                                        }
                                    ]
                                },
                                {
                                    "operator_name": "HASH_JOIN",
                                    "cpu_time": 2.7937624690000025,
                                    "extra_info": {
                                        "Join Type": "INNER",
                                        "Conditions": "PostId = id",
                                        "Estimated Cardinality": "3850116"
                                    },
                                    "cumulative_cardinality": 51322829,
                                    "operator_type": "HASH_JOIN",
                                    "operator_cardinality": 1023784,
                                    "cumulative_rows_scanned": 20488504,
                                    "operator_rows_scanned": 0,
                                    "operator_timing": 0.166679406,
                                    "result_set_size": 61427040,
                                    "children": [
                                        {
                                            "operator_name": "HASH_GROUP_BY",
                                            "cpu_time": 1.3169283750000023,
                                            "extra_info": {
                                                "Groups": "#0",
                                                "Aggregates": [
                                                    "count(#1)",
                                                    "max(#2)"
                                                ],
                                                "Estimated Cardinality": "3850116"
                                            },
                                            "cumulative_cardinality": 35606946,
                                            "operator_type": "HASH_GROUP_BY",
                                            "operator_cardinality": 1156110,
                                            "cumulative_rows_scanned": 15645360,
                                            "operator_rows_scanned": 0,
                                            "operator_timing": 0.18432122599999975,
                                            "result_set_size": 23122200,
                                            "children": [
                                                {
                                                    "operator_name": "PROJECTION",
                                                    "cpu_time": 1.1326071490000025,
                                                    "extra_info": {
                                                        "Projections": [
                                                            "id",
                                                            "id",
                                                            "creationdate"
                                                        ],
                                                        "Estimated Cardinality": "11795244"
                                                    },
                                                    "cumulative_cardinality": 34450836,
                                                    "operator_type": "PROJECTION",
                                                    "operator_cardinality": 3505116,
                                                    "cumulative_rows_scanned": 15645360,
                                                    "operator_rows_scanned": 0,
                                                    "operator_timing": 0.0005513959999999937,
                                                    "result_set_size": 56081856,
                                                    "children": [
                                                        {
                                                            "operator_name": "FILTER",
                                                            "cpu_time": 1.1320557530000024,
                                                            "extra_info": {
                                                                "Expression": "(id <= 1416570)",
                                                                "Estimated Cardinality": "11795244"
                                                            },
                                                            "cumulative_cardinality": 30945720,
                                                            "operator_type": "FILTER",
                                                            "operator_cardinality": 3505116,
                                                            "cumulative_rows_scanned": 15645360,
                                                            "operator_rows_scanned": 0,
                                                            "operator_timing": 0.02655528699999998,
                                                            "result_set_size": 56081856,
                                                            "children": [
                                                                {
                                                                    "operator_name": "HASH_JOIN",
                                                                    "cpu_time": 1.1055004660000025,
                                                                    "extra_info": {
                                                                        "Join Type": "RIGHT",
                                                                        "Conditions": "postid = id",
                                                                        "Estimated Cardinality": "11795244"
                                                                    },
                                                                    "cumulative_cardinality": 27440604,
                                                                    "operator_type": "HASH_JOIN",
                                                                    "operator_cardinality": 11795244,
                                                                    "cumulative_rows_scanned": 15645360,
                                                                    "operator_rows_scanned": 0,
                                                                    "operator_timing": 0.7231702360000012,
                                                                    "result_set_size": 188723904,
                                                                    "children": [
                                                                        {
                                                                            "operator_name": "READ_PARQUET ",
                                                                            "cpu_time": 0.3619364710000012,
                                                                            "extra_info": {
                                                                                "Function": "READ_PARQUET",
                                                                                "Projections": [
                                                                                    "id",
                                                                                    "postid",
                                                                                    "creationdate"
                                                                                ],
                                                                                "Estimated Cardinality": "11795244"
                                                                            },
                                                                            "cumulative_cardinality": 11795244,
                                                                            "operator_type": "TABLE_SCAN",
                                                                            "operator_cardinality": 11795244,
                                                                            "cumulative_rows_scanned": 11795244,
                                                                            "operator_rows_scanned": 11795244,
                                                                            "operator_timing": 0.3619364710000012,
                                                                            "result_set_size": 188723904,
                                                                            "children": []
                                                                        },
                                                                        {
                                                                            "operator_name": "READ_PARQUET ",
                                                                            "cpu_time": 0.02039375899999997,
                                                                            "extra_info": {
                                                                                "Function": "READ_PARQUET",
                                                                                "Projections": "id",
                                                                                "Estimated Cardinality": "3850116"
                                                                            },
                                                                            "cumulative_cardinality": 3850116,
                                                                            "operator_type": "TABLE_SCAN",
                                                                            "operator_cardinality": 3850116,
                                                                            "cumulative_rows_scanned": 3850116,
                                                                            "operator_rows_scanned": 3850116,
                                                                            "operator_timing": 0.02039375899999997,
                                                                            "result_set_size": 15400464,
                                                                            "children": []
                                                                        }
                                                                    ]
                                                                }
                                                            ]
                                                        }
                                                    ]
                                                }
                                            ]
                                        },
                                        {
                                            "operator_name": "FILTER",
                                            "cpu_time": 1.3101546880000001,
                                            "extra_info": {
                                                "Expression": "(id >= 1)",
                                                "Estimated Cardinality": "1260710"
                                            },
                                            "cumulative_cardinality": 14692099,
                                            "operator_type": "FILTER",
                                            "operator_cardinality": 1260709,
                                            "cumulative_rows_scanned": 4843144,
                                            "operator_rows_scanned": 0,
                                            "operator_timing": 0.0015997250000000002,
                                            "result_set_size": 55471196,
                                            "children": [
                                                {
                                                    "operator_name": "HASH_JOIN",
                                                    "cpu_time": 1.3085549630000002,
                                                    "extra_info": {
                                                        "Join Type": "INNER",
                                                        "Conditions": "UserId = id",
                                                        "Estimated Cardinality": "1260710"
                                                    },
                                                    "cumulative_cardinality": 13431390,
                                                    "operator_type": "HASH_JOIN",
                                                    "operator_cardinality": 1260710,
                                                    "cumulative_rows_scanned": 4843144,
                                                    "operator_rows_scanned": 0,
                                                    "operator_timing": 0.10068176299999994,
                                                    "result_set_size": 55471240,
                                                    "children": [
                                                        {
                                                            "operator_name": "HASH_GROUP_BY",
                                                            "cpu_time": 1.1996425060000002,
                                                            "extra_info": {
                                                                "Groups": [
                                                                    "#0",
                                                                    "#1"
                                                                ],
                                                                "Aggregates": [
                                                                    "count(DISTINCT #2)",
                                                                    "sum(#3)"
                                                                ],
                                                                "Estimated Cardinality": "1260710"
                                                            },
                                                            "cumulative_cardinality": 10909970,
                                                            "operator_type": "HASH_GROUP_BY",
                                                            "operator_cardinality": 1260710,
                                                            "cumulative_rows_scanned": 3582434,
                                                            "operator_rows_scanned": 0,
                                                            "operator_timing": 0.8283405660000005,
                                                            "result_set_size": 55471240,
                                                            "children": [
                                                                {
                                                                    "operator_name": "PROJECTION",
                                                                    "cpu_time": 0.37130193999999966,
                                                                    "extra_info": {
                                                                        "Projections": [
                                                                            "id",
                                                                            "displayname",
                                                                            "id",
                                                                            "reputation"
                                                                        ],
                                                                        "Estimated Cardinality": "2321724"
                                                                    },
                                                                    "cumulative_cardinality": 9649260,
                                                                    "operator_type": "PROJECTION",
                                                                    "operator_cardinality": 3033413,
                                                                    "cumulative_rows_scanned": 3582434,
                                                                    "operator_rows_scanned": 0,
                                                                    "operator_timing": 0.0005729550000000022,
                                                                    "result_set_size": 84935564,
                                                                    "children": [
                                                                        {
                                                                            "operator_name": "HASH_JOIN",
                                                                            "cpu_time": 0.3707289849999997,
                                                                            "extra_info": {
                                                                                "Join Type": "RIGHT",
                                                                                "Conditions": "userid = id",
                                                                                "Estimated Cardinality": "2321724"
                                                                            },
                                                                            "cumulative_cardinality": 6615847,
                                                                            "operator_type": "HASH_JOIN",
                                                                            "operator_cardinality": 3033413,
                                                                            "cumulative_rows_scanned": 3582434,
                                                                            "operator_rows_scanned": 0,
                                                                            "operator_timing": 0.23686885799999977,
                                                                            "result_set_size": 84935564,
                                                                            "children": [
                                                                                {
                                                                                    "operator_name": "READ_PARQUET ",
                                                                                    "cpu_time": 0.04825809399999992,
                                                                                    "extra_info": {
                                                                                        "Function": "READ_PARQUET",
                                                                                        "Projections": [
                                                                                            "id",
                                                                                            "userid"
                                                                                        ],
                                                                                        "Estimated Cardinality": "2321724"
                                                                                    },
                                                                                    "cumulative_cardinality": 2321724,
                                                                                    "operator_type": "TABLE_SCAN",
                                                                                    "operator_cardinality": 2321724,
                                                                                    "cumulative_rows_scanned": 2321724,
                                                                                    "operator_rows_scanned": 2321724,
                                                                                    "operator_timing": 0.04825809399999992,
                                                                                    "result_set_size": 18573792,
                                                                                    "children": []
                                                                                },
                                                                                {
                                                                                    "operator_name": "READ_PARQUET ",
                                                                                    "cpu_time": 0.08560203299999995,
                                                                                    "extra_info": {
                                                                                        "Function": "READ_PARQUET",
                                                                                        "Projections": [
                                                                                            "id",
                                                                                            "reputation",
                                                                                            "displayname"
                                                                                        ],
                                                                                        "Estimated Cardinality": "1260710"
                                                                                    },
                                                                                    "cumulative_cardinality": 1260710,
                                                                                    "operator_type": "TABLE_SCAN",
                                                                                    "operator_cardinality": 1260710,
                                                                                    "cumulative_rows_scanned": 1260710,
                                                                                    "operator_rows_scanned": 1260710,
                                                                                    "operator_timing": 0.08560203299999995,
                                                                                    "result_set_size": 30257040,
                                                                                    "children": []
                                                                                }
                                                                            ]
                                                                        }
                                                                    ]
                                                                }
                                                            ]
                                                        },
                                                        {
                                                            "operator_name": "READ_PARQUET ",
                                                            "cpu_time": 0.008230694000000021,
                                                            "extra_info": {
                                                                "Function": "READ_PARQUET",
                                                                "Projections": "id",
                                                                "Estimated Cardinality": "1260710"
                                                            },
                                                            "cumulative_cardinality": 1260710,
                                                            "operator_type": "TABLE_SCAN",
                                                            "operator_cardinality": 1260710,
                                                            "cumulative_rows_scanned": 1260710,
                                                            "operator_rows_scanned": 1260710,
                                                            "operator_timing": 0.008230694000000021,
                                                            "result_set_size": 5042840,
                                                            "children": []
                                                        }
                                                    ]
                                                }
                                            ]
                                        }
                                    ]
                                }
                            ]
                        }
                    ]
                }
            ]
        }
    ]
}