{
    "rows_returned": 10,
    "query_name": "WITH UserBadgeCounts AS (\n    SELECT \n        u.Id AS UserId,\n        u.DisplayName,\n        COUNT(b.Id) AS BadgeCount,\n        SUM(CASE \n                WHEN b.Class = 1 THEN 1 \n                ELSE 0 \n            END) AS GoldBadgeCount,\n        SUM(CASE \n                WHEN b.Class = 2 THEN 1 \n                ELSE 0 \n            END) AS SilverBadgeCount,\n        SUM(CASE \n                WHEN b.Class = 3 THEN 1 \n                ELSE 0 \n            END) AS BronzeBadgeCount\n    FROM \n        Users u\n    LEFT JOIN \n        Badges b ON u.Id = b.UserId\n    GROUP BY \n        u.Id, u.DisplayName\n),\nPostStatistics AS (\n    SELECT \n        p.OwnerUserId,\n        COUNT(p.Id) AS PostCount,\n        COUNT(CASE WHEN p.PostTypeId = 1 THEN 1 END) AS QuestionCount,\n        COUNT(CASE WHEN p.PostTypeId = 2 THEN 1 END) AS AnswerCount,\n        SUM(p.Score) AS TotalScore,\n        AVG(p.ViewCount) AS AverageViews\n    FROM \n        Posts p\n    GROUP BY \n        p.OwnerUserId\n),\nUserPerformance AS (\n    SELECT \n        u.Id AS UserId,\n        u.DisplayName,\n        COALESCE(ps.PostCount, 0) AS PostCount,\n        COALESCE(ps.QuestionCount, 0) AS QuestionCount,\n        COALESCE(ps.AnswerCount, 0) AS AnswerCount,\n        COALESCE(ps.TotalScore, 0) AS TotalScore,\n        COALESCE(ps.AverageViews, 0) AS AverageViews,\n        COALESCE(bc.BadgeCount, 0) AS BadgeCount,\n        COALESCE(bc.GoldBadgeCount, 0) AS GoldBadgeCount,\n        COALESCE(bc.SilverBadgeCount, 0) AS SilverBadgeCount,\n        COALESCE(bc.BronzeBadgeCount, 0) AS BronzeBadgeCount\n    FROM \n        Users u\n    LEFT JOIN \n        PostStatistics ps ON u.Id = ps.OwnerUserId\n    LEFT JOIN \n        UserBadgeCounts bc ON u.Id = bc.UserId\n)\nSELECT \n    UserId,\n    DisplayName,\n    PostCount,\n    QuestionCount,\n    AnswerCount,\n    TotalScore,\n    AverageViews,\n    BadgeCount,\n    GoldBadgeCount,\n    SilverBadgeCount,\n    BronzeBadgeCount\nFROM \n    UserPerformance\nORDER BY \n    TotalScore DESC, \n    PostCount DESC\nLIMIT 10;\n",
    "blocked_thread_time": 0.0,
    "cpu_time": 1.7091924079999998,
    "extra_info": {},
    "cumulative_cardinality": 25289490,
    "cumulative_rows_scanned": 8693260,
    "result_set_size": 1240,
    "latency": 2.024375457,
    "children": [
        {
            "operator_name": "STREAMING_LIMIT",
            "cpu_time": 1.7091924079999998,
            "extra_info": {},
            "cumulative_cardinality": 25289490,
            "operator_type": "STREAMING_LIMIT",
            "operator_cardinality": 10,
            "cumulative_rows_scanned": 8693260,
            "operator_rows_scanned": 0,
            "operator_timing": 0.0000026339999999999997,
            "result_set_size": 1240,
            "children": [
                {
                    "operator_name": "ORDER_BY",
                    "cpu_time": 1.709189774,
                    "extra_info": {
                        "Order By": [
                            "UserPerformance.TotalScore DESC",
                            "UserPerformance.PostCount DESC"
                        ]
                    },
                    "cumulative_cardinality": 25289480,
                    "operator_type": "ORDER_BY",
                    "operator_cardinality": 4096,
                    "cumulative_rows_scanned": 8693260,
                    "operator_rows_scanned": 0,
                    "operator_timing": 0.133912033,
                    "result_set_size": 507904,
                    "children": [
                        {
                            "operator_name": "PROJECTION",
                            "cpu_time": 1.5752777409999998,
                            "extra_info": {
                                "Projections": [
                                    "UserId",
                                    "displayname",
                                    "PostCount",
                                    "QuestionCount",
                                    "AnswerCount",
                                    "TotalScore",
                                    "AverageViews",
                                    "BadgeCount",
                                    "GoldBadgeCount",
                                    "SilverBadgeCount",
                                    "BronzeBadgeCount"
                                ],
                                "Estimated Cardinality": "1925058"
                            },
                            "cumulative_cardinality": 25285384,
                            "operator_type": "PROJECTION",
                            "operator_cardinality": 1260710,
                            "cumulative_rows_scanned": 8693260,
                            "operator_rows_scanned": 0,
                            "operator_timing": 0.06642997900000004,
                            "result_set_size": 156328040,
                            "children": [
                                {
                                    "operator_name": "HASH_JOIN",
                                    "cpu_time": 1.5088477619999998,
                                    "extra_info": {
                                        "Join Type": "LEFT",
                                        "Conditions": "id = UserId",
                                        "Estimated Cardinality": "1925058"
                                    },
                                    "cumulative_cardinality": 24024674,
                                    "operator_type": "HASH_JOIN",
                                    "operator_cardinality": 1260710,
                                    "cumulative_rows_scanned": 8693260,
                                    "operator_rows_scanned": 0,
                                    "operator_timing": 0.13937628400000004,
                                    "result_set_size": 156328040,
                                    "children": [
                                        {
                                            "operator_name": "HASH_JOIN",
                                            "cpu_time": 0.5068046989999999,
                                            "extra_info": {
                                                "Join Type": "RIGHT",
                                                "Conditions": "owneruserid = id",
                                                "Estimated Cardinality": "1925058"
                                            },
                                            "cumulative_cardinality": 10593284,
                                            "operator_type": "HASH_JOIN",
                                            "operator_cardinality": 1260710,
                                            "cumulative_rows_scanned": 5110826,
                                            "operator_rows_scanned": 0,
                                            "operator_timing": 0.10414133399999996,
                                            "result_set_size": 85728280,
                                            "children": [
                                                {
                                                    "operator_name": "HASH_GROUP_BY",
                                                    "cpu_time": 0.325800137,
                                                    "extra_info": {
                                                        "Groups": "#0",
                                                        "Aggregates": [
                                                            "count_star()",
                                                            "count(#1)",
                                                            "count(#2)",
                                                            "sum(#3)",
                                                            "avg(#4)"
                                                        ],
                                                        "Estimated Cardinality": "1925058"
                                                    },
                                                    "cumulative_cardinality": 8071864,
                                                    "operator_type": "HASH_GROUP_BY",
                                                    "operator_cardinality": 371632,
                                                    "cumulative_rows_scanned": 3850116,
                                                    "operator_rows_scanned": 0,
                                                    "operator_timing": 0.17116970299999992,
                                                    "result_set_size": 19324864,
                                                    "children": [
                                                        {
                                                            "operator_name": "PROJECTION",
                                                            "cpu_time": 0.15463043400000004,
                                                            "extra_info": {
                                                                "Projections": [
                                                                    "owneruserid",
                                                                    "CASE  WHEN ((posttypeid = 1)) THEN (1) ELSE NULL END",
                                                                    "CASE  WHEN ((posttypeid = 2)) THEN (1) ELSE NULL END",
                                                                    "score",
                                                                    "viewcount"
                                                                ],
                                                                "Estimated Cardinality": "3850116"
                                                            },
                                                            "cumulative_cardinality": 7700232,
                                                            "operator_type": "PROJECTION",
                                                            "operator_cardinality": 3850116,
                                                            "cumulative_rows_scanned": 3850116,
                                                            "operator_rows_scanned": 0,
                                                            "operator_timing": 0.054200317000000005,
                                                            "result_set_size": 77002320,
                                                            "children": [
                                                                {
                                                                    "operator_name": "READ_PARQUET ",
                                                                    "cpu_time": 0.10043011700000004,
                                                                    "extra_info": {
                                                                        "Function": "READ_PARQUET",
                                                                        "Projections": [
                                                                            "id",
                                                                            "posttypeid",
                                                                            "score",
                                                                            "viewcount",
                                                                            "owneruserid"
                                                                        ],
                                                                        "Estimated Cardinality": "3850116"
                                                                    },
                                                                    "cumulative_cardinality": 3850116,
                                                                    "operator_type": "TABLE_SCAN",
                                                                    "operator_cardinality": 3850116,
                                                                    "cumulative_rows_scanned": 3850116,
                                                                    "operator_rows_scanned": 3850116,
                                                                    "operator_timing": 0.10043011700000004,
                                                                    "result_set_size": 69302088,
                                                                    "children": []
                                                                }
                                                            ]
                                                        }
                                                    ]
                                                },
                                                {
                                                    "operator_name": "READ_PARQUET ",
                                                    "cpu_time": 0.07686322799999998,
                                                    "extra_info": {
                                                        "Function": "READ_PARQUET",
                                                        "Projections": [
                                                            "id",
                                                            "displayname"
                                                        ],
                                                        "Estimated Cardinality": "1260710"
                                                    },
                                                    "cumulative_cardinality": 1260710,
                                                    "operator_type": "TABLE_SCAN",
                                                    "operator_cardinality": 1260710,
                                                    "cumulative_rows_scanned": 1260710,
                                                    "operator_rows_scanned": 1260710,
                                                    "operator_timing": 0.07686322799999998,
                                                    "result_set_size": 25214200,
                                                    "children": []
                                                }
                                            ]
                                        },
                                        {
                                            "operator_name": "PROJECTION",
                                            "cpu_time": 0.8626667789999998,
                                            "extra_info": {
                                                "Projections": [
                                                    "UserId",
                                                    "BadgeCount",
                                                    "GoldBadgeCount",
                                                    "SilverBadgeCount",
                                                    "BronzeBadgeCount"
                                                ],
                                                "Estimated Cardinality": "1260710"
                                            },
                                            "cumulative_cardinality": 12170680,
                                            "operator_type": "PROJECTION",
                                            "operator_cardinality": 1260710,
                                            "cumulative_rows_scanned": 3582434,
                                            "operator_rows_scanned": 0,
                                            "operator_timing": 0.00014851300000000005,
                                            "result_set_size": 75642600,
                                            "children": [
                                                {
                                                    "operator_name": "HASH_GROUP_BY",
                                                    "cpu_time": 0.8625182659999998,
                                                    "extra_info": {
                                                        "Groups": [
                                                            "#0",
                                                            "#1"
                                                        ],
                                                        "Aggregates": [
                                                            "count(#2)",
                                                            "sum(#3)",
                                                            "sum(#4)",
                                                            "sum(#5)"
                                                        ],
                                                        "Estimated Cardinality": "1260710"
                                                    },
                                                    "cumulative_cardinality": 10909970,
                                                    "operator_type": "HASH_GROUP_BY",
                                                    "operator_cardinality": 1260710,
                                                    "cumulative_rows_scanned": 3582434,
                                                    "operator_rows_scanned": 0,
                                                    "operator_timing": 0.5068354539999999,
                                                    "result_set_size": 95813960,
                                                    "children": [
                                                        {
                                                            "operator_name": "PROJECTION",
                                                            "cpu_time": 0.35568281199999996,
                                                            "extra_info": {
                                                                "Projections": [
                                                                    "id",
                                                                    "displayname",
                                                                    "id",
                                                                    "CASE  WHEN ((class = 1)) THEN (1) ELSE 0 END",
                                                                    "CASE  WHEN ((class = 2)) THEN (1) ELSE 0 END",
                                                                    "CASE  WHEN ((class = 3)) THEN (1) ELSE 0 END"
                                                                ],
                                                                "Estimated Cardinality": "2321724"
                                                            },
                                                            "cumulative_cardinality": 9649260,
                                                            "operator_type": "PROJECTION",
                                                            "operator_cardinality": 3033413,
                                                            "cumulative_rows_scanned": 3582434,
                                                            "operator_rows_scanned": 0,
                                                            "operator_timing": 0.016078573000000058,
                                                            "result_set_size": 109202868,
                                                            "children": [
                                                                {
                                                                    "operator_name": "HASH_JOIN",
                                                                    "cpu_time": 0.3396042389999999,
                                                                    "extra_info": {
                                                                        "Join Type": "RIGHT",
                                                                        "Conditions": "userid = id",
                                                                        "Estimated Cardinality": "2321724"
                                                                    },
                                                                    "cumulative_cardinality": 6615847,
                                                                    "operator_type": "HASH_JOIN",
                                                                    "operator_cardinality": 3033413,
                                                                    "cumulative_rows_scanned": 3582434,
                                                                    "operator_rows_scanned": 0,
                                                                    "operator_timing": 0.20579771099999997,
                                                                    "result_set_size": 78868738,
                                                                    "children": [
                                                                        {
                                                                            "operator_name": "READ_PARQUET ",
                                                                            "cpu_time": 0.058044906,
                                                                            "extra_info": {
                                                                                "Function": "READ_PARQUET",
                                                                                "Projections": [
                                                                                    "id",
                                                                                    "userid",
                                                                                    "class"
                                                                                ],
                                                                                "Estimated Cardinality": "2321724"
                                                                            },
                                                                            "cumulative_cardinality": 2321724,
                                                                            "operator_type": "TABLE_SCAN",
                                                                            "operator_cardinality": 2321724,
                                                                            "cumulative_rows_scanned": 2321724,
                                                                            "operator_rows_scanned": 2321724,
                                                                            "operator_timing": 0.058044906,
                                                                            "result_set_size": 23217240,
                                                                            "children": []
                                                                        },
                                                                        {
                                                                            "operator_name": "READ_PARQUET ",
                                                                            "cpu_time": 0.07576162199999997,
                                                                            "extra_info": {
                                                                                "Function": "READ_PARQUET",
                                                                                "Projections": [
                                                                                    "id",
                                                                                    "displayname"
                                                                                ],
                                                                                "Estimated Cardinality": "1260710"
                                                                            },
                                                                            "cumulative_cardinality": 1260710,
                                                                            "operator_type": "TABLE_SCAN",
                                                                            "operator_cardinality": 1260710,
                                                                            "cumulative_rows_scanned": 1260710,
                                                                            "operator_rows_scanned": 1260710,
                                                                            "operator_timing": 0.07576162199999997,
                                                                            "result_set_size": 25214200,
                                                                            "children": []
                                                                        }
                                                                    ]
                                                                }
                                                            ]
                                                        }
                                                    ]
                                                }
                                            ]
                                        }
                                    ]
                                }
                            ]
                        }
                    ]
                }
            ]
        }
    ]
}