{
    "rows_returned": 100,
    "query_name": "\nWITH RankedPosts AS (\n    SELECT \n        p.Id AS PostId,\n        p.Title,\n        p.Body,\n        p.CreationDate,\n        p.Score,\n        COUNT(DISTINCT CASE WHEN p.Tags IS NOT NULL THEN p.Tags END) AS TagCount,\n        COALESCE(u.DisplayName, 'Deleted User') AS OwnerDisplayName,\n        COUNT(c.Id) AS CommentCount,\n        SUM(CASE WHEN v.VoteTypeId = 2 THEN 1 ELSE 0 END) AS UpVoteCount,\n        SUM(CASE WHEN v.VoteTypeId = 3 THEN 1 ELSE 0 END) AS DownVoteCount\n    FROM \n        Posts p\n    LEFT JOIN \n        Users u ON p.OwnerUserId = u.Id\n    LEFT JOIN \n        Comments c ON p.Id = c.PostId\n    LEFT JOIN \n        Votes v ON p.Id = v.PostId\n    WHERE \n        p.PostTypeId = 1 \n    GROUP BY \n        p.Id, p.Title, p.Body, p.CreationDate, p.Score, u.DisplayName\n),\n\nPostHistorySummary AS (\n    SELECT \n        ph.PostId,\n        MAX(CASE WHEN pht.Name = 'Post Closed' THEN ph.CreationDate END) AS ClosedDate,\n        COUNT(CASE WHEN pht.Name = 'Edit Body' THEN 1 END) AS EditBodyCount,\n        COUNT(CASE WHEN pht.Name = 'Suggested Edit Applied' THEN 1 END) AS SuggestedEditCount\n    FROM \n        PostHistory ph\n    INNER JOIN \n        PostHistoryTypes pht ON ph.PostHistoryTypeId = pht.Id\n    GROUP BY \n        ph.PostId\n)\n\nSELECT \n    rp.PostId,\n    rp.Title,\n    rp.Body,\n    rp.CreationDate,\n    rp.Score,\n    rp.TagCount,\n    rp.OwnerDisplayName,\n    rp.CommentCount,\n    rp.UpVoteCount,\n    rp.DownVoteCount,\n    phs.ClosedDate,\n    phs.EditBodyCount,\n    phs.SuggestedEditCount,\n    CASE\n        WHEN phs.ClosedDate IS NOT NULL THEN 'Closed'\n        ELSE 'Open'\n    END AS PostStatus\nFROM \n    RankedPosts rp\nLEFT JOIN \n    PostHistorySummary phs ON rp.PostId = phs.PostId\nORDER BY \n    rp.Score DESC, rp.CreationDate DESC\nLIMIT 100;\n",
    "blocked_thread_time": 0.0,
    "cpu_time": 38.316279208999994,
    "extra_info": {},
    "cumulative_cardinality": 165220774,
    "cumulative_rows_scanned": 36892019,
    "result_set_size": 15200,
    "latency": 41.026797672,
    "children": [
        {
            "operator_name": "STREAMING_LIMIT",
            "cpu_time": 38.316279208999994,
            "extra_info": {},
            "cumulative_cardinality": 165220774,
            "operator_type": "STREAMING_LIMIT",
            "operator_cardinality": 100,
            "cumulative_rows_scanned": 36892019,
            "operator_rows_scanned": 0,
            "operator_timing": 0.0000020550000000000002,
            "result_set_size": 15200,
            "children": [
                {
                    "operator_name": "PROJECTION",
                    "cpu_time": 38.31627715399999,
                    "extra_info": {
                        "Projections": [
                            "#0",
                            "#1",
                            "#2",
                            "#3",
                            "__internal_decompress_integral_integer(#4, -72)",
                            "#5",
                            "#6",
                            "#7",
                            "#8",
                            "#9",
                            "#10",
                            "#11",
                            "#12",
                            "__internal_decompress_string(#13)"
                        ],
                        "Estimated Cardinality": "5897622"
                    },
                    "cumulative_cardinality": 165220674,
                    "operator_type": "PROJECTION",
                    "operator_cardinality": 4096,
                    "cumulative_rows_scanned": 36892019,
                    "operator_rows_scanned": 0,
                    "operator_timing": 0.000045714,
                    "result_set_size": 622592,
                    "children": [
                        {
                            "operator_name": "ORDER_BY",
                            "cpu_time": 38.31623143999999,
                            "extra_info": {
                                "Order By": [
                                    "rp.Score DESC",
                                    "rp.CreationDate DESC"
                                ]
                            },
                            "cumulative_cardinality": 165216578,
                            "operator_type": "ORDER_BY",
                            "operator_cardinality": 4096,
                            "cumulative_rows_scanned": 36892019,
                            "operator_rows_scanned": 0,
                            "operator_timing": 0.3574733629999999,
                            "result_set_size": 581632,
                            "children": [
                                {
                                    "operator_name": "PROJECTION",
                                    "cpu_time": 37.95875807699999,
                                    "extra_info": {
                                        "Projections": [
                                            "#0",
                                            "#1",
                                            "#2",
                                            "#3",
                                            "__internal_compress_integral_usmallint(#4, -72)",
                                            "#5",
                                            "#6",
                                            "#7",
                                            "#8",
                                            "#9",
                                            "#10",
                                            "#11",
                                            "#12",
                                            "__internal_compress_string_ubigint(#13)"
                                        ],
                                        "Estimated Cardinality": "5897622"
                                    },
                                    "cumulative_cardinality": 165212482,
                                    "operator_type": "PROJECTION",
                                    "operator_cardinality": 1668164,
                                    "cumulative_rows_scanned": 36892019,
                                    "operator_rows_scanned": 0,
                                    "operator_timing": 0.018827796999999997,
                                    "result_set_size": 236879288,
                                    "children": [
                                        {
                                            "operator_name": "PROJECTION",
                                            "cpu_time": 37.93993027999999,
                                            "extra_info": {
                                                "Projections": [
                                                    "PostId",
                                                    "title",
                                                    "body",
                                                    "creationdate",
                                                    "score",
                                                    "TagCount",
                                                    "OwnerDisplayName",
                                                    "CommentCount",
                                                    "UpVoteCount",
                                                    "DownVoteCount",
                                                    "ClosedDate",
                                                    "EditBodyCount",
                                                    "SuggestedEditCount",
                                                    "PostStatus"
                                                ],
                                                "Estimated Cardinality": "5897622"
                                            },
                                            "cumulative_cardinality": 163544318,
                                            "operator_type": "PROJECTION",
                                            "operator_cardinality": 1668164,
                                            "cumulative_rows_scanned": 36892019,
                                            "operator_rows_scanned": 0,
                                            "operator_timing": 0.008008079000000003,
                                            "result_set_size": 253560928,
                                            "children": [
                                                {
                                                    "operator_name": "HASH_JOIN",
                                                    "cpu_time": 37.93192220099999,
                                                    "extra_info": {
                                                        "Join Type": "LEFT",
                                                        "Conditions": "PostId = postid",
                                                        "Estimated Cardinality": "5897622"
                                                    },
                                                    "cumulative_cardinality": 161876154,
                                                    "operator_type": "HASH_JOIN",
                                                    "operator_cardinality": 1668164,
                                                    "cumulative_rows_scanned": 36892019,
                                                    "operator_rows_scanned": 0,
                                                    "operator_timing": 0.3011668199999999,
                                                    "result_set_size": 226870304,
                                                    "children": [
                                                        {
                                                            "operator_name": "PROJECTION",
                                                            "cpu_time": 35.16593400599999,
                                                            "extra_info": {
                                                                "Projections": [
                                                                    "PostId",
                                                                    "title",
                                                                    "body",
                                                                    "creationdate",
                                                                    "score",
                                                                    "TagCount",
                                                                    "OwnerDisplayName",
                                                                    "CommentCount",
                                                                    "UpVoteCount",
                                                                    "DownVoteCount"
                                                                ],
                                                                "Estimated Cardinality": "3850116"
                                                            },
                                                            "cumulative_cardinality": 120972108,
                                                            "operator_type": "PROJECTION",
                                                            "operator_cardinality": 1668164,
                                                            "cumulative_rows_scanned": 25096741,
                                                            "operator_rows_scanned": 0,
                                                            "operator_timing": 0.012903152000000015,
                                                            "result_set_size": 186834368,
                                                            "children": [
                                                                {
                                                                    "operator_name": "PROJECTION",
                                                                    "cpu_time": 35.153030853999994,
                                                                    "extra_info": {
                                                                        "Projections": [
                                                                            "#0",
                                                                            "#1",
                                                                            "#2",
                                                                            "#3",
                                                                            "__internal_decompress_integral_integer(#4, -72)",
                                                                            "#5",
                                                                            "#6",
                                                                            "#7",
                                                                            "#8",
                                                                            "#9"
                                                                        ],
                                                                        "Estimated Cardinality": "3850116"
                                                                    },
                                                                    "cumulative_cardinality": 119303944,
                                                                    "operator_type": "PROJECTION",
                                                                    "operator_cardinality": 1668164,
                                                                    "cumulative_rows_scanned": 25096741,
                                                                    "operator_rows_scanned": 0,
                                                                    "operator_timing": 0.0008794620000000009,
                                                                    "result_set_size": 186834368,
                                                                    "children": [
                                                                        {
                                                                            "operator_name": "HASH_GROUP_BY",
                                                                            "cpu_time": 35.15215139199999,
                                                                            "extra_info": {
                                                                                "Groups": [
                                                                                    "#0",
                                                                                    "#1",
                                                                                    "#2",
                                                                                    "#3",
                                                                                    "#4",
                                                                                    "#5"
                                                                                ],
                                                                                "Aggregates": [
                                                                                    "count(DISTINCT #6)",
                                                                                    "count(#7)",
                                                                                    "sum(#8)",
                                                                                    "sum(#9)"
                                                                                ],
                                                                                "Estimated Cardinality": "3850116"
                                                                            },
                                                                            "cumulative_cardinality": 117635780,
                                                                            "operator_type": "HASH_GROUP_BY",
                                                                            "operator_cardinality": 1668164,
                                                                            "cumulative_rows_scanned": 25096741,
                                                                            "operator_rows_scanned": 0,
                                                                            "operator_timing": 13.275897360999977,
                                                                            "result_set_size": 183498040,
                                                                            "children": [
                                                                                {
                                                                                    "operator_name": "PROJECTION",
                                                                                    "cpu_time": 21.876254031000016,
                                                                                    "extra_info": {
                                                                                        "Projections": [
                                                                                            "id",
                                                                                            "title",
                                                                                            "body",
                                                                                            "creationdate",
                                                                                            "score",
                                                                                            "displayname",
                                                                                            "CASE  WHEN ((tags IS NOT NULL)) THEN (tags) ELSE NULL END",
                                                                                            "id",
                                                                                            "CASE  WHEN ((votetypeid = 2)) THEN (1) ELSE 0 END",
                                                                                            "CASE  WHEN ((votetypeid = 3)) THEN (1) ELSE 0 END"
                                                                                        ],
                                                                                        "Estimated Cardinality": "12744093"
                                                                                    },
                                                                                    "cumulative_cardinality": 115967616,
                                                                                    "operator_type": "PROJECTION",
                                                                                    "operator_cardinality": 16904139,
                                                                                    "cumulative_rows_scanned": 25096741,
                                                                                    "operator_rows_scanned": 0,
                                                                                    "operator_timing": 0.1174736079999998,
                                                                                    "result_set_size": 1521372510,
                                                                                    "children": [
                                                                                        {
                                                                                            "operator_name": "PROJECTION",
                                                                                            "cpu_time": 21.758780423000015,
                                                                                            "extra_info": {
                                                                                                "Projections": [
                                                                                                    "#0",
                                                                                                    "#1",
                                                                                                    "#2",
                                                                                                    "__internal_compress_integral_usmallint(#3, -72)",
                                                                                                    "#4",
                                                                                                    "#5",
                                                                                                    "#6",
                                                                                                    "#7",
                                                                                                    "#8"
                                                                                                ],
                                                                                                "Estimated Cardinality": "12744093"
                                                                                            },
                                                                                            "cumulative_cardinality": 99063477,
                                                                                            "operator_type": "PROJECTION",
                                                                                            "operator_cardinality": 16904139,
                                                                                            "cumulative_rows_scanned": 25096741,
                                                                                            "operator_rows_scanned": 0,
                                                                                            "operator_timing": 0.03252266000000002,
                                                                                            "result_set_size": 1419947676,
                                                                                            "children": [
                                                                                                {
                                                                                                    "operator_name": "PROJECTION",
                                                                                                    "cpu_time": 21.726257763000014,
                                                                                                    "extra_info": {
                                                                                                        "Projections": [
                                                                                                            "#0",
                                                                                                            "#1",
                                                                                                            "#2",
                                                                                                            "#3",
                                                                                                            "#4",
                                                                                                            "#5",
                                                                                                            "#6",
                                                                                                            "#7",
                                                                                                            "__internal_decompress_integral_smallint(#8, 1)"
                                                                                                        ],
                                                                                                        "Estimated Cardinality": "12744093"
                                                                                                    },
                                                                                                    "cumulative_cardinality": 82159338,
                                                                                                    "operator_type": "PROJECTION",
                                                                                                    "operator_cardinality": 16904139,
                                                                                                    "cumulative_rows_scanned": 25096741,
                                                                                                    "operator_rows_scanned": 0,
                                                                                                    "operator_timing": 0.04200377600000048,
                                                                                                    "result_set_size": 1453755954,
                                                                                                    "children": [
                                                                                                        {
                                                                                                            "operator_name": "HASH_JOIN",
                                                                                                            "cpu_time": 21.684253987000012,
                                                                                                            "extra_info": {
                                                                                                                "Join Type": "LEFT",
                                                                                                                "Conditions": "id = postid",
                                                                                                                "Estimated Cardinality": "12744093"
                                                                                                            },
                                                                                                            "cumulative_cardinality": 65255199,
                                                                                                            "operator_type": "HASH_JOIN",
                                                                                                            "operator_cardinality": 16904139,
                                                                                                            "cumulative_rows_scanned": 25096741,
                                                                                                            "operator_rows_scanned": 0,
                                                                                                            "operator_timing": 0.8946913749999985,
                                                                                                            "result_set_size": 1436851815,
                                                                                                            "children": [
                                                                                                                {
                                                                                                                    "operator_name": "PROJECTION",
                                                                                                                    "cpu_time": 20.659446399000014,
                                                                                                                    "extra_info": {
                                                                                                                        "Projections": [
                                                                                                                            "#0",
                                                                                                                            "#1",
                                                                                                                            "#2",
                                                                                                                            "__internal_decompress_integral_integer(#3, -72)",
                                                                                                                            "#4",
                                                                                                                            "#5",
                                                                                                                            "#6",
                                                                                                                            "#7"
                                                                                                                        ],
                                                                                                                        "Estimated Cardinality": "7241822"
                                                                                                                    },
                                                                                                                    "cumulative_cardinality": 22862874,
                                                                                                                    "operator_type": "PROJECTION",
                                                                                                                    "operator_cardinality": 4677925,
                                                                                                                    "cumulative_rows_scanned": 12352648,
                                                                                                                    "operator_rows_scanned": 0,
                                                                                                                    "operator_timing": 0.018937015999999824,
                                                                                                                    "result_set_size": 392945700,
                                                                                                                    "children": [
                                                                                                                        {
                                                                                                                            "operator_name": "HASH_JOIN",
                                                                                                                            "cpu_time": 20.640509383000015,
                                                                                                                            "extra_info": {
                                                                                                                                "Join Type": "RIGHT",
                                                                                                                                "Conditions": "postid = id",
                                                                                                                                "Estimated Cardinality": "7241822"
                                                                                                                            },
                                                                                                                            "cumulative_cardinality": 18184949,
                                                                                                                            "operator_type": "HASH_JOIN",
                                                                                                                            "operator_cardinality": 4677925,
                                                                                                                            "cumulative_rows_scanned": 12352648,
                                                                                                                            "operator_rows_scanned": 0,
                                                                                                                            "operator_timing": 1.0867702539999995,
                                                                                                                            "result_set_size": 383589850,
                                                                                                                            "children": [
                                                                                                                                {
                                                                                                                                    "operator_name": "READ_PARQUET ",
                                                                                                                                    "cpu_time": 0.14913385399999934,
                                                                                                                                    "extra_info": {
                                                                                                                                        "Function": "READ_PARQUET",
                                                                                                                                        "Projections": [
                                                                                                                                            "id",
                                                                                                                                            "postid"
                                                                                                                                        ],
                                                                                                                                        "Estimated Cardinality": "7241822"
                                                                                                                                    },
                                                                                                                                    "cumulative_cardinality": 7241822,
                                                                                                                                    "operator_type": "TABLE_SCAN",
                                                                                                                                    "operator_cardinality": 7241822,
                                                                                                                                    "cumulative_rows_scanned": 7241822,
                                                                                                                                    "operator_rows_scanned": 7241822,
                                                                                                                                    "operator_timing": 0.14913385399999934,
                                                                                                                                    "result_set_size": 57934576,
                                                                                                                                    "children": []
                                                                                                                                },
                                                                                                                                {
                                                                                                                                    "operator_name": "PROJECTION",
                                                                                                                                    "cpu_time": 19.404605275000016,
                                                                                                                                    "extra_info": {
                                                                                                                                        "Projections": [
                                                                                                                                            "#0",
                                                                                                                                            "#1",
                                                                                                                                            "__internal_compress_integral_usmallint(#2, -72)",
                                                                                                                                            "#3",
                                                                                                                                            "#4",
                                                                                                                                            "#5",
                                                                                                                                            "#6"
                                                                                                                                        ],
                                                                                                                                        "Estimated Cardinality": "1260710"
                                                                                                                                    },
                                                                                                                                    "cumulative_cardinality": 6265202,
                                                                                                                                    "operator_type": "PROJECTION",
                                                                                                                                    "operator_cardinality": 1668164,
                                                                                                                                    "cumulative_rows_scanned": 5110826,
                                                                                                                                    "operator_rows_scanned": 0,
                                                                                                                                    "operator_timing": 0.008835063000000002,
                                                                                                                                    "result_set_size": 130116792,
                                                                                                                                    "children": [
                                                                                                                                        {
                                                                                                                                            "operator_name": "HASH_JOIN",
                                                                                                                                            "cpu_time": 19.395770212000016,
                                                                                                                                            "extra_info": {
                                                                                                                                                "Join Type": "LEFT",
                                                                                                                                                "Conditions": "owneruserid = id",
                                                                                                                                                "Estimated Cardinality": "1260710"
                                                                                                                                            },
                                                                                                                                            "cumulative_cardinality": 4597038,
                                                                                                                                            "operator_type": "HASH_JOIN",
                                                                                                                                            "operator_cardinality": 1668164,
                                                                                                                                            "cumulative_rows_scanned": 5110826,
                                                                                                                                            "operator_rows_scanned": 0,
                                                                                                                                            "operator_timing": 0.28516426999999983,
                                                                                                                                            "result_set_size": 133453120,
                                                                                                                                            "children": [
                                                                                                                                                {
                                                                                                                                                    "operator_name": "READ_PARQUET ",
                                                                                                                                                    "cpu_time": 19.03504535600002,
                                                                                                                                                    "extra_info": {
                                                                                                                                                        "Function": "READ_PARQUET",
                                                                                                                                                        "Projections": [
                                                                                                                                                            "id",
                                                                                                                                                            "creationdate",
                                                                                                                                                            "score",
                                                                                                                                                            "body",
                                                                                                                                                            "owneruserid",
                                                                                                                                                            "title",
                                                                                                                                                            "tags"
                                                                                                                                                        ],
                                                                                                                                                        "Filters": "posttypeid=1",
                                                                                                                                                        "Estimated Cardinality": "770023"
                                                                                                                                                    },
                                                                                                                                                    "cumulative_cardinality": 1668164,
                                                                                                                                                    "operator_type": "TABLE_SCAN",
                                                                                                                                                    "operator_cardinality": 1668164,
                                                                                                                                                    "cumulative_rows_scanned": 3850116,
                                                                                                                                                    "operator_rows_scanned": 3850116,
                                                                                                                                                    "operator_timing": 19.03504535600002,
                                                                                                                                                    "result_set_size": 113435152,
                                                                                                                                                    "children": []
                                                                                                                                                },
                                                                                                                                                {
                                                                                                                                                    "operator_name": "READ_PARQUET ",
                                                                                                                                                    "cpu_time": 0.07556058599999993,
                                                                                                                                                    "extra_info": {
                                                                                                                                                        "Function": "READ_PARQUET",
                                                                                                                                                        "Projections": [
                                                                                                                                                            "id",
                                                                                                                                                            "displayname"
                                                                                                                                                        ],
                                                                                                                                                        "Estimated Cardinality": "1260710"
                                                                                                                                                    },
                                                                                                                                                    "cumulative_cardinality": 1260710,
                                                                                                                                                    "operator_type": "TABLE_SCAN",
                                                                                                                                                    "operator_cardinality": 1260710,
                                                                                                                                                    "cumulative_rows_scanned": 1260710,
                                                                                                                                                    "operator_rows_scanned": 1260710,
                                                                                                                                                    "operator_timing": 0.07556058599999993,
                                                                                                                                                    "result_set_size": 25214200,
                                                                                                                                                    "children": []
                                                                                                                                                }
                                                                                                                                            ]
                                                                                                                                        }
                                                                                                                                    ]
                                                                                                                                }
                                                                                                                            ]
                                                                                                                        }
                                                                                                                    ]
                                                                                                                },
                                                                                                                {
                                                                                                                    "operator_name": "PROJECTION",
                                                                                                                    "cpu_time": 0.13011621299999962,
                                                                                                                    "extra_info": {
                                                                                                                        "Projections": [
                                                                                                                            "#0",
                                                                                                                            "__internal_compress_integral_utinyint(#1, 1)"
                                                                                                                        ],
                                                                                                                        "Estimated Cardinality": "12744093"
                                                                                                                    },
                                                                                                                    "cumulative_cardinality": 25488186,
                                                                                                                    "operator_type": "PROJECTION",
                                                                                                                    "operator_cardinality": 12744093,
                                                                                                                    "cumulative_rows_scanned": 12744093,
                                                                                                                    "operator_rows_scanned": 0,
                                                                                                                    "operator_timing": 0.003195524000000047,
                                                                                                                    "result_set_size": 63720465,
                                                                                                                    "children": [
                                                                                                                        {
                                                                                                                            "operator_name": "READ_PARQUET ",
                                                                                                                            "cpu_time": 0.12692068899999956,
                                                                                                                            "extra_info": {
                                                                                                                                "Function": "READ_PARQUET",
                                                                                                                                "Projections": [
                                                                                                                                    "postid",
                                                                                                                                    "votetypeid"
                                                                                                                                ],
                                                                                                                                "Estimated Cardinality": "12744093"
                                                                                                                            },
                                                                                                                            "cumulative_cardinality": 12744093,
                                                                                                                            "operator_type": "TABLE_SCAN",
                                                                                                                            "operator_cardinality": 12744093,
                                                                                                                            "cumulative_rows_scanned": 12744093,
                                                                                                                            "operator_rows_scanned": 12744093,
                                                                                                                            "operator_timing": 0.12692068899999956,
                                                                                                                            "result_set_size": 76464558,
                                                                                                                            "children": []
                                                                                                                        }
                                                                                                                    ]
                                                                                                                }
                                                                                                            ]
                                                                                                        }
                                                                                                    ]
                                                                                                }
                                                                                            ]
                                                                                        }
                                                                                    ]
                                                                                }
                                                                            ]
                                                                        }
                                                                    ]
                                                                }
                                                            ]
                                                        },
                                                        {
                                                            "operator_name": "HASH_GROUP_BY",
                                                            "cpu_time": 2.4648213750000014,
                                                            "extra_info": {
                                                                "Groups": "#0",
                                                                "Aggregates": [
                                                                    "max(#1)",
                                                                    "count(#2)",
                                                                    "count(#3)"
                                                                ],
                                                                "Estimated Cardinality": "5897622"
                                                            },
                                                            "cumulative_cardinality": 39235882,
                                                            "operator_type": "HASH_GROUP_BY",
                                                            "operator_cardinality": 3850116,
                                                            "cumulative_rows_scanned": 11795278,
                                                            "operator_rows_scanned": 0,
                                                            "operator_timing": 1.0014061980000013,
                                                            "result_set_size": 107803248,
                                                            "children": [
                                                                {
                                                                    "operator_name": "PROJECTION",
                                                                    "cpu_time": 1.4634151770000001,
                                                                    "extra_info": {
                                                                        "Projections": [
                                                                            "postid",
                                                                            "CASE  WHEN ((name = 'Post Closed')) THEN (creationdate) ELSE NULL END",
                                                                            "CASE  WHEN ((name = 'Edit Body')) THEN (1) ELSE NULL END",
                                                                            "CASE  WHEN ((name = 'Suggested Edit Applied')) THEN (1) ELSE NULL END"
                                                                        ],
                                                                        "Estimated Cardinality": "11795244"
                                                                    },
                                                                    "cumulative_cardinality": 35385766,
                                                                    "operator_type": "PROJECTION",
                                                                    "operator_cardinality": 11795244,
                                                                    "cumulative_rows_scanned": 11795278,
                                                                    "operator_rows_scanned": 0,
                                                                    "operator_timing": 0.25287525800000044,
                                                                    "result_set_size": 235904880,
                                                                    "children": [
                                                                        {
                                                                            "operator_name": "HASH_JOIN",
                                                                            "cpu_time": 1.2105399189999997,
                                                                            "extra_info": {
                                                                                "Join Type": "INNER",
                                                                                "Conditions": "posthistorytypeid = id",
                                                                                "Estimated Cardinality": "11795244"
                                                                            },
                                                                            "cumulative_cardinality": 23590522,
                                                                            "operator_type": "HASH_JOIN",
                                                                            "operator_cardinality": 11795244,
                                                                            "cumulative_rows_scanned": 11795278,
                                                                            "operator_rows_scanned": 0,
                                                                            "operator_timing": 0.0644704669999999,
                                                                            "result_set_size": 330266832,
                                                                            "children": [
                                                                                {
                                                                                    "operator_name": "READ_PARQUET ",
                                                                                    "cpu_time": 1.1457538719999998,
                                                                                    "extra_info": {
                                                                                        "Function": "READ_PARQUET",
                                                                                        "Projections": [
                                                                                            "posthistorytypeid",
                                                                                            "postid",
                                                                                            "creationdate"
                                                                                        ],
                                                                                        "Estimated Cardinality": "11795244"
                                                                                    },
                                                                                    "cumulative_cardinality": 11795244,
                                                                                    "operator_type": "TABLE_SCAN",
                                                                                    "operator_cardinality": 11795244,
                                                                                    "cumulative_rows_scanned": 11795244,
                                                                                    "operator_rows_scanned": 11795244,
                                                                                    "operator_timing": 1.1457538719999998,
                                                                                    "result_set_size": 165133416,
                                                                                    "children": []
                                                                                },
                                                                                {
                                                                                    "operator_name": "READ_PARQUET ",
                                                                                    "cpu_time": 0.00031558,
                                                                                    "extra_info": {
                                                                                        "Function": "READ_PARQUET",
                                                                                        "Projections": [
                                                                                            "id",
                                                                                            "name"
                                                                                        ],
                                                                                        "Estimated Cardinality": "34"
                                                                                    },
                                                                                    "cumulative_cardinality": 34,
                                                                                    "operator_type": "TABLE_SCAN",
                                                                                    "operator_cardinality": 34,
                                                                                    "cumulative_rows_scanned": 34,
                                                                                    "operator_rows_scanned": 34,
                                                                                    "operator_timing": 0.00031558,
                                                                                    "result_set_size": 612,
                                                                                    "children": []
                                                                                }
                                                                            ]
                                                                        }
                                                                    ]
                                                                }
                                                            ]
                                                        }
                                                    ]
                                                }
                                            ]
                                        }
                                    ]
                                }
                            ]
                        }
                    ]
                }
            ]
        }
    ]
}