{
    "rows_returned": 10,
    "query_name": "WITH UserBadgeCounts AS (\n    SELECT \n        u.Id AS UserId,\n        u.DisplayName,\n        COUNT(b.Id) AS BadgeCount,\n        SUM(CASE WHEN b.Class = 1 THEN 1 ELSE 0 END) AS GoldBadges,\n        SUM(CASE WHEN b.Class = 2 THEN 1 ELSE 0 END) AS SilverBadges,\n        SUM(CASE WHEN b.Class = 3 THEN 1 ELSE 0 END) AS BronzeBadges\n    FROM \n        Users u\n    LEFT JOIN \n        Badges b ON u.Id = b.UserId\n    GROUP BY \n        u.Id, u.DisplayName\n),\nRecentPostStats AS (\n    SELECT \n        p.OwnerUserId,\n        COUNT(p.Id) AS PostCount,\n        COUNT(CASE WHEN p.PostTypeId = 1 THEN 1 END) AS QuestionCount,\n        COUNT(CASE WHEN p.PostTypeId = 2 THEN 1 END) AS AnswerCount,\n        MAX(p.CreationDate) AS LastPostDate\n    FROM \n        Posts p\n    WHERE \n        p.CreationDate >= cast('2024-10-01 12:34:56' as timestamp) - INTERVAL '1 year' \n    GROUP BY \n        p.OwnerUserId\n),\nTopUsers AS (\n    SELECT \n        ubc.UserId,\n        ubc.DisplayName,\n        ubc.BadgeCount,\n        rp.PostCount,\n        rp.QuestionCount,\n        rp.AnswerCount,\n        rp.LastPostDate\n    FROM \n        UserBadgeCounts ubc\n    JOIN \n        RecentPostStats rp ON ubc.UserId = rp.OwnerUserId\n    WHERE \n        ubc.BadgeCount > 0\n    ORDER BY \n        ubc.BadgeCount DESC, \n        rp.PostCount DESC\n    LIMIT 10\n)\nSELECT \n    tu.DisplayName,\n    tu.BadgeCount,\n    tu.PostCount,\n    tu.QuestionCount,\n    tu.AnswerCount,\n    EXTRACT(EPOCH FROM (cast('2024-10-01 12:34:56' as timestamp) - tu.LastPostDate)) / 3600 AS HoursSinceLastPost\nFROM \n    TopUsers tu\nORDER BY \n    tu.BadgeCount DESC, \n    tu.PostCount DESC;",
    "blocked_thread_time": 0.0,
    "cpu_time": 0.7503278919999996,
    "extra_info": {},
    "cumulative_cardinality": 14880860,
    "cumulative_rows_scanned": 7432550,
    "result_set_size": 560,
    "latency": 0.793259278,
    "children": [
        {
            "operator_name": "ORDER_BY",
            "cpu_time": 0.7503278919999996,
            "extra_info": {
                "Order By": [
                    "tu.BadgeCount DESC",
                    "tu.PostCount DESC"
                ]
            },
            "cumulative_cardinality": 14880860,
            "operator_type": "ORDER_BY",
            "operator_cardinality": 10,
            "cumulative_rows_scanned": 7432550,
            "operator_rows_scanned": 0,
            "operator_timing": 0.000024194,
            "result_set_size": 560,
            "children": [
                {
                    "operator_name": "PROJECTION",
                    "cpu_time": 0.7503036979999996,
                    "extra_info": {
                        "Projections": [
                            "displayname",
                            "BadgeCount",
                            "PostCount",
                            "QuestionCount",
                            "AnswerCount",
                            "HoursSinceLastPost"
                        ],
                        "Estimated Cardinality": "10"
                    },
                    "cumulative_cardinality": 14880850,
                    "operator_type": "PROJECTION",
                    "operator_cardinality": 10,
                    "cumulative_rows_scanned": 7432550,
                    "operator_rows_scanned": 0,
                    "operator_timing": 0.000009999,
                    "result_set_size": 560,
                    "children": [
                        {
                            "operator_name": "STREAMING_LIMIT",
                            "cpu_time": 0.7502936989999996,
                            "extra_info": {},
                            "cumulative_cardinality": 14880840,
                            "operator_type": "STREAMING_LIMIT",
                            "operator_cardinality": 10,
                            "cumulative_rows_scanned": 7432550,
                            "operator_rows_scanned": 0,
                            "operator_timing": 0.000001513,
                            "result_set_size": 560,
                            "children": [
                                {
                                    "operator_name": "ORDER_BY",
                                    "cpu_time": 0.7502921859999997,
                                    "extra_info": {
                                        "Order By": [
                                            "ubc.BadgeCount DESC",
                                            "rp.PostCount DESC"
                                        ]
                                    },
                                    "cumulative_cardinality": 14880830,
                                    "operator_type": "ORDER_BY",
                                    "operator_cardinality": 4096,
                                    "cumulative_rows_scanned": 7432550,
                                    "operator_rows_scanned": 0,
                                    "operator_timing": 0.0017237290000000002,
                                    "result_set_size": 229376,
                                    "children": [
                                        {
                                            "operator_name": "PROJECTION",
                                            "cpu_time": 0.7485684569999997,
                                            "extra_info": {
                                                "Projections": [
                                                    "displayname",
                                                    "BadgeCount",
                                                    "PostCount",
                                                    "QuestionCount",
                                                    "AnswerCount",
                                                    "LastPostDate"
                                                ],
                                                "Estimated Cardinality": "77002"
                                            },
                                            "cumulative_cardinality": 14876734,
                                            "operator_type": "PROJECTION",
                                            "operator_cardinality": 30443,
                                            "cumulative_rows_scanned": 7432550,
                                            "operator_rows_scanned": 0,
                                            "operator_timing": 0.000008184999999999999,
                                            "result_set_size": 1704808,
                                            "children": [
                                                {
                                                    "operator_name": "HASH_JOIN",
                                                    "cpu_time": 0.7485602719999997,
                                                    "extra_info": {
                                                        "Join Type": "INNER",
                                                        "Conditions": "owneruserid = UserId",
                                                        "Estimated Cardinality": "77002"
                                                    },
                                                    "cumulative_cardinality": 14846291,
                                                    "operator_type": "HASH_JOIN",
                                                    "operator_cardinality": 30443,
                                                    "cumulative_rows_scanned": 7432550,
                                                    "operator_rows_scanned": 0,
                                                    "operator_timing": 0.033757046000000006,
                                                    "result_set_size": 1704808,
                                                    "children": [
                                                        {
                                                            "operator_name": "HASH_GROUP_BY",
                                                            "cpu_time": 0.02957825400000001,
                                                            "extra_info": {
                                                                "Groups": "#0",
                                                                "Aggregates": [
                                                                    "count_star()",
                                                                    "count(#1)",
                                                                    "count(#2)",
                                                                    "max(#3)"
                                                                ],
                                                                "Estimated Cardinality": "385011"
                                                            },
                                                            "cumulative_cardinality": 323537,
                                                            "operator_type": "HASH_GROUP_BY",
                                                            "operator_cardinality": 32453,
                                                            "cumulative_rows_scanned": 3850116,
                                                            "operator_rows_scanned": 0,
                                                            "operator_timing": 0.005606433,
                                                            "result_set_size": 1168308,
                                                            "children": [
                                                                {
                                                                    "operator_name": "PROJECTION",
                                                                    "cpu_time": 0.023971821000000008,
                                                                    "extra_info": {
                                                                        "Projections": [
                                                                            "owneruserid",
                                                                            "CASE  WHEN ((posttypeid = 1)) THEN (1) ELSE NULL END",
                                                                            "CASE  WHEN ((posttypeid = 2)) THEN (1) ELSE NULL END",
                                                                            "creationdate"
                                                                        ],
                                                                        "Estimated Cardinality": "770023"
                                                                    },
                                                                    "cumulative_cardinality": 291084,
                                                                    "operator_type": "PROJECTION",
                                                                    "operator_cardinality": 145542,
                                                                    "cumulative_rows_scanned": 3850116,
                                                                    "operator_rows_scanned": 0,
                                                                    "operator_timing": 0.002065797,
                                                                    "result_set_size": 2910840,
                                                                    "children": [
                                                                        {
                                                                            "operator_name": "READ_PARQUET ",
                                                                            "cpu_time": 0.021906024000000007,
                                                                            "extra_info": {
                                                                                "Function": "READ_PARQUET",
                                                                                "Projections": [
                                                                                    "id",
                                                                                    "posttypeid",
                                                                                    "creationdate",
                                                                                    "owneruserid"
                                                                                ],
                                                                                "Filters": "creationdate>='2023-10-01 12:34:56'::TIMESTAMP",
                                                                                "Estimated Cardinality": "770023"
                                                                            },
                                                                            "cumulative_cardinality": 145542,
                                                                            "operator_type": "TABLE_SCAN",
                                                                            "operator_cardinality": 145542,
                                                                            "cumulative_rows_scanned": 3850116,
                                                                            "operator_rows_scanned": 3850116,
                                                                            "operator_timing": 0.021906024000000007,
                                                                            "result_set_size": 2619756,
                                                                            "children": []
                                                                        }
                                                                    ]
                                                                }
                                                            ]
                                                        },
                                                        {
                                                            "operator_name": "FILTER",
                                                            "cpu_time": 0.6852249719999998,
                                                            "extra_info": {
                                                                "Expression": "(BadgeCount > 0)",
                                                                "Estimated Cardinality": "252142"
                                                            },
                                                            "cumulative_cardinality": 14492311,
                                                            "operator_type": "FILTER",
                                                            "operator_cardinality": 549021,
                                                            "cumulative_rows_scanned": 3582434,
                                                            "operator_rows_scanned": 0,
                                                            "operator_timing": 0.0016005319999999996,
                                                            "result_set_size": 15372588,
                                                            "children": [
                                                                {
                                                                    "operator_name": "HASH_GROUP_BY",
                                                                    "cpu_time": 0.6836244399999998,
                                                                    "extra_info": {
                                                                        "Groups": [
                                                                            "#0",
                                                                            "#1"
                                                                        ],
                                                                        "Aggregates": "count(#2)",
                                                                        "Estimated Cardinality": "1260710"
                                                                    },
                                                                    "cumulative_cardinality": 13943290,
                                                                    "operator_type": "HASH_GROUP_BY",
                                                                    "operator_cardinality": 1260679,
                                                                    "cumulative_rows_scanned": 3582434,
                                                                    "operator_rows_scanned": 0,
                                                                    "operator_timing": 0.32968696900000005,
                                                                    "result_set_size": 35299012,
                                                                    "children": [
                                                                        {
                                                                            "operator_name": "PROJECTION",
                                                                            "cpu_time": 0.3539374709999997,
                                                                            "extra_info": {
                                                                                "Projections": [
                                                                                    "id",
                                                                                    "displayname",
                                                                                    "id"
                                                                                ],
                                                                                "Estimated Cardinality": "2321724"
                                                                            },
                                                                            "cumulative_cardinality": 12682611,
                                                                            "operator_type": "PROJECTION",
                                                                            "operator_cardinality": 3033382,
                                                                            "cumulative_rows_scanned": 3582434,
                                                                            "operator_rows_scanned": 0,
                                                                            "operator_timing": 0.0003927020000000002,
                                                                            "result_set_size": 72801168,
                                                                            "children": [
                                                                                {
                                                                                    "operator_name": "FILTER",
                                                                                    "cpu_time": 0.3535447689999997,
                                                                                    "extra_info": {
                                                                                        "Expression": "(id <= 1416539)",
                                                                                        "Estimated Cardinality": "2321724"
                                                                                    },
                                                                                    "cumulative_cardinality": 9649229,
                                                                                    "operator_type": "FILTER",
                                                                                    "operator_cardinality": 3033382,
                                                                                    "cumulative_rows_scanned": 3582434,
                                                                                    "operator_rows_scanned": 0,
                                                                                    "operator_timing": 0.003855627000000004,
                                                                                    "result_set_size": 72801168,
                                                                                    "children": [
                                                                                        {
                                                                                            "operator_name": "HASH_JOIN",
                                                                                            "cpu_time": 0.3496891419999997,
                                                                                            "extra_info": {
                                                                                                "Join Type": "RIGHT",
                                                                                                "Conditions": "userid = id",
                                                                                                "Estimated Cardinality": "2321724"
                                                                                            },
                                                                                            "cumulative_cardinality": 6615847,
                                                                                            "operator_type": "HASH_JOIN",
                                                                                            "operator_cardinality": 3033413,
                                                                                            "cumulative_rows_scanned": 3582434,
                                                                                            "operator_rows_scanned": 0,
                                                                                            "operator_timing": 0.2238585619999998,
                                                                                            "result_set_size": 72801912,
                                                                                            "children": [
                                                                                                {
                                                                                                    "operator_name": "READ_PARQUET ",
                                                                                                    "cpu_time": 0.04758193099999998,
                                                                                                    "extra_info": {
                                                                                                        "Function": "READ_PARQUET",
                                                                                                        "Projections": [
                                                                                                            "id",
                                                                                                            "userid"
                                                                                                        ],
                                                                                                        "Estimated Cardinality": "2321724"
                                                                                                    },
                                                                                                    "cumulative_cardinality": 2321724,
                                                                                                    "operator_type": "TABLE_SCAN",
                                                                                                    "operator_cardinality": 2321724,
                                                                                                    "cumulative_rows_scanned": 2321724,
                                                                                                    "operator_rows_scanned": 2321724,
                                                                                                    "operator_timing": 0.04758193099999998,
                                                                                                    "result_set_size": 18573792,
                                                                                                    "children": []
                                                                                                },
                                                                                                {
                                                                                                    "operator_name": "READ_PARQUET ",
                                                                                                    "cpu_time": 0.07824864899999992,
                                                                                                    "extra_info": {
                                                                                                        "Function": "READ_PARQUET",
                                                                                                        "Projections": [
                                                                                                            "id",
                                                                                                            "displayname"
                                                                                                        ],
                                                                                                        "Estimated Cardinality": "1260710"
                                                                                                    },
                                                                                                    "cumulative_cardinality": 1260710,
                                                                                                    "operator_type": "TABLE_SCAN",
                                                                                                    "operator_cardinality": 1260710,
                                                                                                    "cumulative_rows_scanned": 1260710,
                                                                                                    "operator_rows_scanned": 1260710,
                                                                                                    "operator_timing": 0.07824864899999992,
                                                                                                    "result_set_size": 25214200,
                                                                                                    "children": []
                                                                                                }
                                                                                            ]
                                                                                        }
                                                                                    ]
                                                                                }
                                                                            ]
                                                                        }
                                                                    ]
                                                                }
                                                            ]
                                                        }
                                                    ]
                                                }
                                            ]
                                        }
                                    ]
                                }
                            ]
                        }
                    ]
                }
            ]
        }
    ]
}