{
    "rows_returned": 1505,
    "query_name": "WITH FilteredPosts AS (\n    SELECT \n        p.Id AS PostId,\n        p.Title,\n        p.Body,\n        p.Tags,\n        COALESCE((\n            SELECT COUNT(*)\n            FROM Comments c\n            WHERE c.PostId = p.Id\n        ), 0) AS CommentCount,\n        UNNEST(string_to_array(substring(p.Tags, 2, length(p.Tags)-2), '><')) AS Tag\n    FROM \n        Posts p\n    WHERE \n        p.CreationDate >= cast('2024-10-01 12:34:56' as timestamp) - INTERVAL '1 year'\n        AND p.PostTypeId IN (1, 2) \n),\n\nRankedPosts AS (\n    SELECT \n        fp.PostId,\n        fp.Title,\n        fp.Body,\n        fp.Tag,\n        fp.CommentCount,\n        ROW_NUMBER() OVER (PARTITION BY fp.Tag ORDER BY fp.CommentCount DESC) AS TagRank\n    FROM \n        FilteredPosts fp\n),\n\nPopularTags AS (\n    SELECT \n        Tag,\n        COUNT(*) AS TotalPosts\n    FROM \n        RankedPosts\n    GROUP BY \n        Tag\n    HAVING \n        COUNT(*) > 5 \n)\n\nSELECT \n    pt.Tag,\n    COUNT(rp.PostId) AS NumberOfPosts,\n    MAX(rp.CommentCount) AS MostComments,\n    MIN(rp.CommentCount) AS LeastComments,\n    AVG(rp.CommentCount) AS AvgComments\nFROM \n    RankedPosts rp\nJOIN \n    PopularTags pt ON rp.Tag = pt.Tag\nGROUP BY \n    pt.Tag\nORDER BY \n    NumberOfPosts DESC;",
    "blocked_thread_time": 0.0,
    "cpu_time": 1.3131210059999947,
    "extra_info": {},
    "cumulative_cardinality": 6305095,
    "cumulative_rows_scanned": 22183876,
    "result_set_size": 72240,
    "latency": 1.686020726,
    "children": [
        {
            "operator_name": "ORDER_BY",
            "cpu_time": 1.3131210059999947,
            "extra_info": {
                "Order By": "count(rp.PostId) DESC"
            },
            "cumulative_cardinality": 6305095,
            "operator_type": "ORDER_BY",
            "operator_cardinality": 1505,
            "cumulative_rows_scanned": 22183876,
            "operator_rows_scanned": 0,
            "operator_timing": 0.000081672,
            "result_set_size": 72240,
            "children": [
                {
                    "operator_name": "HASH_GROUP_BY",
                    "cpu_time": 1.3130393339999946,
                    "extra_info": {
                        "Groups": "#0",
                        "Aggregates": [
                            "count_star()",
                            "max(#1)",
                            "min(#2)",
                            "avg(#3)"
                        ],
                        "Estimated Cardinality": "38501"
                    },
                    "cumulative_cardinality": 6303590,
                    "operator_type": "HASH_GROUP_BY",
                    "operator_cardinality": 1505,
                    "cumulative_rows_scanned": 22183876,
                    "operator_rows_scanned": 0,
                    "operator_timing": 0.005900555999999999,
                    "result_set_size": 72240,
                    "children": [
                        {
                            "operator_name": "PROJECTION",
                            "cpu_time": 1.3071387779999946,
                            "extra_info": {
                                "Projections": [
                                    "Tag",
                                    "CommentCount",
                                    "CommentCount",
                                    "CommentCount"
                                ],
                                "Estimated Cardinality": "77002"
                            },
                            "cumulative_cardinality": 6302085,
                            "operator_type": "PROJECTION",
                            "operator_cardinality": 207493,
                            "cumulative_rows_scanned": 22183876,
                            "operator_rows_scanned": 0,
                            "operator_timing": 0.000025443,
                            "result_set_size": 8299720,
                            "children": [
                                {
                                    "operator_name": "HASH_JOIN",
                                    "cpu_time": 1.3071133349999946,
                                    "extra_info": {
                                        "Join Type": "INNER",
                                        "Conditions": "Tag = Tag",
                                        "Estimated Cardinality": "77002"
                                    },
                                    "cumulative_cardinality": 6094592,
                                    "operator_type": "HASH_JOIN",
                                    "operator_cardinality": 207493,
                                    "cumulative_rows_scanned": 22183876,
                                    "operator_rows_scanned": 0,
                                    "operator_timing": 0.006455048000000003,
                                    "result_set_size": 8299720,
                                    "children": [
                                        {
                                            "operator_name": "PROJECTION",
                                            "cpu_time": 0.6813689179999969,
                                            "extra_info": {
                                                "Projections": [
                                                    "PostId",
                                                    "Tag",
                                                    "CommentCount"
                                                ],
                                                "Estimated Cardinality": "770023"
                                            },
                                            "cumulative_cardinality": 2836835,
                                            "operator_type": "PROJECTION",
                                            "operator_cardinality": 208542,
                                            "cumulative_rows_scanned": 11091938,
                                            "operator_rows_scanned": 0,
                                            "operator_timing": 0.000019603000000000002,
                                            "result_set_size": 5839176,
                                            "children": [
                                                {
                                                    "operator_name": "PROJECTION",
                                                    "cpu_time": 0.6813493149999968,
                                                    "extra_info": {
                                                        "Projections": [
                                                            "#0",
                                                            "#1",
                                                            "#2",
                                                            "#3"
                                                        ],
                                                        "Estimated Cardinality": "770023"
                                                    },
                                                    "cumulative_cardinality": 2628293,
                                                    "operator_type": "PROJECTION",
                                                    "operator_cardinality": 208542,
                                                    "cumulative_rows_scanned": 11091938,
                                                    "operator_rows_scanned": 0,
                                                    "operator_timing": 0.000024336999999999987,
                                                    "result_set_size": 7507512,
                                                    "children": [
                                                        {
                                                            "operator_name": "WINDOW",
                                                            "cpu_time": 0.6813249779999968,
                                                            "extra_info": {
                                                                "Projections": "ROW_NUMBER() OVER (PARTITION BY Tag ORDER BY CommentCount DESC NULLS LAST)"
                                                            },
                                                            "cumulative_cardinality": 2419751,
                                                            "operator_type": "WINDOW",
                                                            "operator_cardinality": 208542,
                                                            "cumulative_rows_scanned": 11091938,
                                                            "operator_rows_scanned": 0,
                                                            "operator_timing": 0.17477348399999998,
                                                            "result_set_size": 7507512,
                                                            "children": [
                                                                {
                                                                    "operator_name": "PROJECTION",
                                                                    "cpu_time": 0.5065514939999969,
                                                                    "extra_info": {
                                                                        "Projections": [
                                                                            "PostId",
                                                                            "CommentCount",
                                                                            "Tag"
                                                                        ],
                                                                        "Estimated Cardinality": "770023"
                                                                    },
                                                                    "cumulative_cardinality": 2211209,
                                                                    "operator_type": "PROJECTION",
                                                                    "operator_cardinality": 208542,
                                                                    "cumulative_rows_scanned": 11091938,
                                                                    "operator_rows_scanned": 0,
                                                                    "operator_timing": 0.0010281869999999994,
                                                                    "result_set_size": 5839176,
                                                                    "children": [
                                                                        {
                                                                            "operator_name": "LEFT_DELIM_JOIN",
                                                                            "cpu_time": 0.5055233069999969,
                                                                            "extra_info": {
                                                                                "Join Type": "SINGLE",
                                                                                "Conditions": "id IS NOT DISTINCT FROM id",
                                                                                "Estimated Cardinality": "770023",
                                                                                "Delim Index": "1"
                                                                            },
                                                                            "cumulative_cardinality": 2002667,
                                                                            "operator_type": "LEFT_DELIM_JOIN",
                                                                            "operator_cardinality": 0,
                                                                            "cumulative_rows_scanned": 11091938,
                                                                            "operator_rows_scanned": 0,
                                                                            "operator_timing": 0.35222219700000007,
                                                                            "result_set_size": 0,
                                                                            "children": [
                                                                                {
                                                                                    "operator_name": "UNNEST",
                                                                                    "cpu_time": 0.12370200299999681,
                                                                                    "extra_info": {},
                                                                                    "cumulative_cardinality": 354013,
                                                                                    "operator_type": "UNNEST",
                                                                                    "operator_cardinality": 208542,
                                                                                    "cumulative_rows_scanned": 3850116,
                                                                                    "operator_rows_scanned": 0,
                                                                                    "operator_timing": 0.08116665299999683,
                                                                                    "result_set_size": 7507512,
                                                                                    "children": [
                                                                                        {
                                                                                            "operator_name": "READ_PARQUET ",
                                                                                            "cpu_time": 0.04253534999999999,
                                                                                            "extra_info": {
                                                                                                "Function": "READ_PARQUET",
                                                                                                "Projections": [
                                                                                                    "id",
                                                                                                    "tags"
                                                                                                ],
                                                                                                "Filters": [
                                                                                                    "creationdate>='2023-10-01 12:34:56'::TIMESTAMP",
                                                                                                    "posttypeid>=1 AND posttypeid<=2"
                                                                                                ],
                                                                                                "Estimated Cardinality": "770023"
                                                                                            },
                                                                                            "cumulative_cardinality": 145471,
                                                                                            "operator_type": "TABLE_SCAN",
                                                                                            "operator_cardinality": 145471,
                                                                                            "cumulative_rows_scanned": 3850116,
                                                                                            "operator_rows_scanned": 3850116,
                                                                                            "operator_timing": 0.04253534999999999,
                                                                                            "result_set_size": 2909420,
                                                                                            "children": []
                                                                                        }
                                                                                    ]
                                                                                },
                                                                                {
                                                                                    "operator_name": "HASH_JOIN",
                                                                                    "cpu_time": 0.028999298,
                                                                                    "extra_info": {
                                                                                        "Join Type": "SINGLE",
                                                                                        "Conditions": "id IS NOT DISTINCT FROM id",
                                                                                        "Estimated Cardinality": "770023"
                                                                                    },
                                                                                    "cumulative_cardinality": 1499986,
                                                                                    "operator_type": "HASH_JOIN",
                                                                                    "operator_cardinality": 208542,
                                                                                    "cumulative_rows_scanned": 7241822,
                                                                                    "operator_rows_scanned": 0,
                                                                                    "operator_timing": 0.006541322999999999,
                                                                                    "result_set_size": 5839176,
                                                                                    "children": [
                                                                                        {
                                                                                            "operator_name": "COLUMN_DATA_SCAN",
                                                                                            "cpu_time": 0.00391385,
                                                                                            "extra_info": {
                                                                                                "Estimated Cardinality": "770023"
                                                                                            },
                                                                                            "cumulative_cardinality": 208542,
                                                                                            "operator_type": "COLUMN_DATA_SCAN",
                                                                                            "operator_cardinality": 208542,
                                                                                            "cumulative_rows_scanned": 0,
                                                                                            "operator_rows_scanned": 0,
                                                                                            "operator_timing": 0.00391385,
                                                                                            "result_set_size": 7507512,
                                                                                            "children": []
                                                                                        },
                                                                                        {
                                                                                            "operator_name": "PROJECTION",
                                                                                            "cpu_time": 0.018544125,
                                                                                            "extra_info": {
                                                                                                "Projections": [
                                                                                                    "CASE  WHEN ((count_star() IS NULL)) THEN (0) ELSE count_star() END",
                                                                                                    "id"
                                                                                                ],
                                                                                                "Estimated Cardinality": "385011"
                                                                                            },
                                                                                            "cumulative_cardinality": 1082902,
                                                                                            "operator_type": "PROJECTION",
                                                                                            "operator_cardinality": 74334,
                                                                                            "cumulative_rows_scanned": 7241822,
                                                                                            "operator_rows_scanned": 0,
                                                                                            "operator_timing": 0.00012087500000000001,
                                                                                            "result_set_size": 892008,
                                                                                            "children": [
                                                                                                {
                                                                                                    "operator_name": "HASH_JOIN",
                                                                                                    "cpu_time": 0.018423250000000002,
                                                                                                    "extra_info": {
                                                                                                        "Join Type": "RIGHT",
                                                                                                        "Conditions": "#0 IS NOT DISTINCT FROM id",
                                                                                                        "Estimated Cardinality": "385011"
                                                                                                    },
                                                                                                    "cumulative_cardinality": 1008568,
                                                                                                    "operator_type": "HASH_JOIN",
                                                                                                    "operator_cardinality": 74334,
                                                                                                    "cumulative_rows_scanned": 7241822,
                                                                                                    "operator_rows_scanned": 0,
                                                                                                    "operator_timing": 0.00321867,
                                                                                                    "result_set_size": 892008,
                                                                                                    "children": [
                                                                                                        {
                                                                                                            "operator_name": "HASH_GROUP_BY",
                                                                                                            "cpu_time": 0.015204580000000004,
                                                                                                            "extra_info": {
                                                                                                                "Groups": "#0",
                                                                                                                "Aggregates": "count_star()",
                                                                                                                "Estimated Cardinality": "362090"
                                                                                                            },
                                                                                                            "cumulative_cardinality": 934234,
                                                                                                            "operator_type": "HASH_GROUP_BY",
                                                                                                            "operator_cardinality": 52801,
                                                                                                            "cumulative_rows_scanned": 7241822,
                                                                                                            "operator_rows_scanned": 0,
                                                                                                            "operator_timing": 0.004203662000000002,
                                                                                                            "result_set_size": 633612,
                                                                                                            "children": [
                                                                                                                {
                                                                                                                    "operator_name": "PROJECTION",
                                                                                                                    "cpu_time": 0.011000918000000002,
                                                                                                                    "extra_info": {
                                                                                                                        "Projections": "id",
                                                                                                                        "Estimated Cardinality": "724181"
                                                                                                                    },
                                                                                                                    "cumulative_cardinality": 881433,
                                                                                                                    "operator_type": "PROJECTION",
                                                                                                                    "operator_cardinality": 198123,
                                                                                                                    "cumulative_rows_scanned": 7241822,
                                                                                                                    "operator_rows_scanned": 0,
                                                                                                                    "operator_timing": 0.000014176000000000021,
                                                                                                                    "result_set_size": 792492,
                                                                                                                    "children": [
                                                                                                                        {
                                                                                                                            "operator_name": "PROJECTION",
                                                                                                                            "cpu_time": 0.010986742000000002,
                                                                                                                            "extra_info": {
                                                                                                                                "Projections": "id",
                                                                                                                                "Estimated Cardinality": "724181"
                                                                                                                            },
                                                                                                                            "cumulative_cardinality": 683310,
                                                                                                                            "operator_type": "PROJECTION",
                                                                                                                            "operator_cardinality": 198123,
                                                                                                                            "cumulative_rows_scanned": 7241822,
                                                                                                                            "operator_rows_scanned": 0,
                                                                                                                            "operator_timing": 0.000015051000000000026,
                                                                                                                            "result_set_size": 792492,
                                                                                                                            "children": [
                                                                                                                                {
                                                                                                                                    "operator_name": "HASH_JOIN",
                                                                                                                                    "cpu_time": 0.010971691000000002,
                                                                                                                                    "extra_info": {
                                                                                                                                        "Join Type": "INNER",
                                                                                                                                        "Conditions": "postid = id",
                                                                                                                                        "Estimated Cardinality": "724181"
                                                                                                                                    },
                                                                                                                                    "cumulative_cardinality": 485187,
                                                                                                                                    "operator_type": "HASH_JOIN",
                                                                                                                                    "operator_cardinality": 198123,
                                                                                                                                    "cumulative_rows_scanned": 7241822,
                                                                                                                                    "operator_rows_scanned": 0,
                                                                                                                                    "operator_timing": 0.002368727,
                                                                                                                                    "result_set_size": 1584984,
                                                                                                                                    "children": [
                                                                                                                                        {
                                                                                                                                            "operator_name": "READ_PARQUET ",
                                                                                                                                            "cpu_time": 0.008602964000000003,
                                                                                                                                            "extra_info": {
                                                                                                                                                "Function": "READ_PARQUET",
                                                                                                                                                "Projections": "postid",
                                                                                                                                                "Estimated Cardinality": "7241822"
                                                                                                                                            },
                                                                                                                                            "cumulative_cardinality": 287064,
                                                                                                                                            "operator_type": "TABLE_SCAN",
                                                                                                                                            "operator_cardinality": 287064,
                                                                                                                                            "cumulative_rows_scanned": 7241822,
                                                                                                                                            "operator_rows_scanned": 7241822,
                                                                                                                                            "operator_timing": 0.008602964000000003,
                                                                                                                                            "result_set_size": 1148256,
                                                                                                                                            "children": []
                                                                                                                                        },
                                                                                                                                        {
                                                                                                                                            "operator_name": "DELIM_SCAN",
                                                                                                                                            "cpu_time": 0.0,
                                                                                                                                            "extra_info": {
                                                                                                                                                "Delim Index": "1",
                                                                                                                                                "Estimated Cardinality": "385011"
                                                                                                                                            },
                                                                                                                                            "cumulative_cardinality": 0,
                                                                                                                                            "operator_type": "DELIM_SCAN",
                                                                                                                                            "operator_cardinality": 0,
                                                                                                                                            "cumulative_rows_scanned": 0,
                                                                                                                                            "operator_rows_scanned": 0,
                                                                                                                                            "operator_timing": 0.0,
                                                                                                                                            "result_set_size": 0,
                                                                                                                                            "children": []
                                                                                                                                        }
                                                                                                                                    ]
                                                                                                                                }
                                                                                                                            ]
                                                                                                                        }
                                                                                                                    ]
                                                                                                                }
                                                                                                            ]
                                                                                                        },
                                                                                                        {
                                                                                                            "operator_name": "DELIM_SCAN",
                                                                                                            "cpu_time": 0.0,
                                                                                                            "extra_info": {
                                                                                                                "Delim Index": "1",
                                                                                                                "Estimated Cardinality": "385011"
                                                                                                            },
                                                                                                            "cumulative_cardinality": 0,
                                                                                                            "operator_type": "DELIM_SCAN",
                                                                                                            "operator_cardinality": 0,
                                                                                                            "cumulative_rows_scanned": 0,
                                                                                                            "operator_rows_scanned": 0,
                                                                                                            "operator_timing": 0.0,
                                                                                                            "result_set_size": 0,
                                                                                                            "children": []
                                                                                                        }
                                                                                                    ]
                                                                                                }
                                                                                            ]
                                                                                        }
                                                                                    ]
                                                                                },
                                                                                {
                                                                                    "operator_name": "HASH_GROUP_BY",
                                                                                    "cpu_time": 0.0005998090000000002,
                                                                                    "extra_info": {
                                                                                        "Groups": "#0",
                                                                                        "Aggregates": "",
                                                                                        "Estimated Cardinality": "770023"
                                                                                    },
                                                                                    "cumulative_cardinality": 148668,
                                                                                    "operator_type": "HASH_GROUP_BY",
                                                                                    "operator_cardinality": 148668,
                                                                                    "cumulative_rows_scanned": 0,
                                                                                    "operator_rows_scanned": 0,
                                                                                    "operator_timing": 0.0005998090000000002,
                                                                                    "result_set_size": 594672,
                                                                                    "children": []
                                                                                }
                                                                            ]
                                                                        }
                                                                    ]
                                                                }
                                                            ]
                                                        }
                                                    ]
                                                }
                                            ]
                                        },
                                        {
                                            "operator_name": "PROJECTION",
                                            "cpu_time": 0.6192893689999978,
                                            "extra_info": {
                                                "Projections": "#0",
                                                "Estimated Cardinality": "77002"
                                            },
                                            "cumulative_cardinality": 3050264,
                                            "operator_type": "PROJECTION",
                                            "operator_cardinality": 1505,
                                            "cumulative_rows_scanned": 11091938,
                                            "operator_rows_scanned": 0,
                                            "operator_timing": 2.41e-7,
                                            "result_set_size": 24080,
                                            "children": [
                                                {
                                                    "operator_name": "FILTER",
                                                    "cpu_time": 0.6192891279999978,
                                                    "extra_info": {
                                                        "Expression": "(TotalPosts > 5)",
                                                        "Estimated Cardinality": "77002"
                                                    },
                                                    "cumulative_cardinality": 3048759,
                                                    "operator_type": "FILTER",
                                                    "operator_cardinality": 1505,
                                                    "cumulative_rows_scanned": 11091938,
                                                    "operator_rows_scanned": 0,
                                                    "operator_timing": 0.000009307,
                                                    "result_set_size": 36120,
                                                    "children": [
                                                        {
                                                            "operator_name": "HASH_GROUP_BY",
                                                            "cpu_time": 0.6192798209999978,
                                                            "extra_info": {
                                                                "Groups": "#0",
                                                                "Aggregates": "count_star()",
                                                                "Estimated Cardinality": "385011"
                                                            },
                                                            "cumulative_cardinality": 3047254,
                                                            "operator_type": "HASH_GROUP_BY",
                                                            "operator_cardinality": 1877,
                                                            "cumulative_rows_scanned": 11091938,
                                                            "operator_rows_scanned": 0,
                                                            "operator_timing": 0.006195912999999997,
                                                            "result_set_size": 45048,
                                                            "children": [
                                                                {
                                                                    "operator_name": "PROJECTION",
                                                                    "cpu_time": 0.6130839079999978,
                                                                    "extra_info": {
                                                                        "Projections": "Tag",
                                                                        "Estimated Cardinality": "770023"
                                                                    },
                                                                    "cumulative_cardinality": 3045377,
                                                                    "operator_type": "PROJECTION",
                                                                    "operator_cardinality": 208542,
                                                                    "cumulative_rows_scanned": 11091938,
                                                                    "operator_rows_scanned": 0,
                                                                    "operator_timing": 0.000009747,
                                                                    "result_set_size": 3336672,
                                                                    "children": [
                                                                        {
                                                                            "operator_name": "PROJECTION",
                                                                            "cpu_time": 0.6130741609999978,
                                                                            "extra_info": {
                                                                                "Projections": "Tag",
                                                                                "Estimated Cardinality": "770023"
                                                                            },
                                                                            "cumulative_cardinality": 2836835,
                                                                            "operator_type": "PROJECTION",
                                                                            "operator_cardinality": 208542,
                                                                            "cumulative_rows_scanned": 11091938,
                                                                            "operator_rows_scanned": 0,
                                                                            "operator_timing": 0.000010620000000000014,
                                                                            "result_set_size": 3336672,
                                                                            "children": [
                                                                                {
                                                                                    "operator_name": "PROJECTION",
                                                                                    "cpu_time": 0.6130635409999978,
                                                                                    "extra_info": {
                                                                                        "Projections": [
                                                                                            "#0",
                                                                                            "#1",
                                                                                            "#2"
                                                                                        ],
                                                                                        "Estimated Cardinality": "770023"
                                                                                    },
                                                                                    "cumulative_cardinality": 2628293,
                                                                                    "operator_type": "PROJECTION",
                                                                                    "operator_cardinality": 208542,
                                                                                    "cumulative_rows_scanned": 11091938,
                                                                                    "operator_rows_scanned": 0,
                                                                                    "operator_timing": 0.00002031300000000001,
                                                                                    "result_set_size": 6673344,
                                                                                    "children": [
                                                                                        {
                                                                                            "operator_name": "WINDOW",
                                                                                            "cpu_time": 0.6130432279999978,
                                                                                            "extra_info": {
                                                                                                "Projections": "ROW_NUMBER() OVER (PARTITION BY Tag ORDER BY CommentCount DESC NULLS LAST)"
                                                                                            },
                                                                                            "cumulative_cardinality": 2419751,
                                                                                            "operator_type": "WINDOW",
                                                                                            "operator_cardinality": 208542,
                                                                                            "cumulative_rows_scanned": 11091938,
                                                                                            "operator_rows_scanned": 0,
                                                                                            "operator_timing": 0.134191704,
                                                                                            "result_set_size": 6673344,
                                                                                            "children": [
                                                                                                {
                                                                                                    "operator_name": "PROJECTION",
                                                                                                    "cpu_time": 0.47885152399999775,
                                                                                                    "extra_info": {
                                                                                                        "Projections": [
                                                                                                            "CommentCount",
                                                                                                            "Tag"
                                                                                                        ],
                                                                                                        "Estimated Cardinality": "770023"
                                                                                                    },
                                                                                                    "cumulative_cardinality": 2211209,
                                                                                                    "operator_type": "PROJECTION",
                                                                                                    "operator_cardinality": 208542,
                                                                                                    "cumulative_rows_scanned": 11091938,
                                                                                                    "operator_rows_scanned": 0,
                                                                                                    "operator_timing": 0.001039246,
                                                                                                    "result_set_size": 5005008,
                                                                                                    "children": [
                                                                                                        {
                                                                                                            "operator_name": "LEFT_DELIM_JOIN",
                                                                                                            "cpu_time": 0.47781227799999776,
                                                                                                            "extra_info": {
                                                                                                                "Join Type": "SINGLE",
                                                                                                                "Conditions": "id IS NOT DISTINCT FROM id",
                                                                                                                "Estimated Cardinality": "770023",
                                                                                                                "Delim Index": "2"
                                                                                                            },
                                                                                                            "cumulative_cardinality": 2002667,
                                                                                                            "operator_type": "LEFT_DELIM_JOIN",
                                                                                                            "operator_cardinality": 0,
                                                                                                            "cumulative_rows_scanned": 11091938,
                                                                                                            "operator_rows_scanned": 0,
                                                                                                            "operator_timing": 0.32452062000000215,
                                                                                                            "result_set_size": 0,
                                                                                                            "children": [
                                                                                                                {
                                                                                                                    "operator_name": "UNNEST",
                                                                                                                    "cpu_time": 0.12392149999999565,
                                                                                                                    "extra_info": {},
                                                                                                                    "cumulative_cardinality": 354013,
                                                                                                                    "operator_type": "UNNEST",
                                                                                                                    "operator_cardinality": 208542,
                                                                                                                    "cumulative_rows_scanned": 3850116,
                                                                                                                    "operator_rows_scanned": 0,
                                                                                                                    "operator_timing": 0.08021771199999565,
                                                                                                                    "result_set_size": 7507512,
                                                                                                                    "children": [
                                                                                                                        {
                                                                                                                            "operator_name": "READ_PARQUET ",
                                                                                                                            "cpu_time": 0.04370378799999999,
                                                                                                                            "extra_info": {
                                                                                                                                "Function": "READ_PARQUET",
                                                                                                                                "Projections": [
                                                                                                                                    "id",
                                                                                                                                    "tags"
                                                                                                                                ],
                                                                                                                                "Filters": [
                                                                                                                                    "creationdate>='2023-10-01 12:34:56'::TIMESTAMP",
                                                                                                                                    "posttypeid>=1 AND posttypeid<=2"
                                                                                                                                ],
                                                                                                                                "Estimated Cardinality": "770023"
                                                                                                                            },
                                                                                                                            "cumulative_cardinality": 145471,
                                                                                                                            "operator_type": "TABLE_SCAN",
                                                                                                                            "operator_cardinality": 145471,
                                                                                                                            "cumulative_rows_scanned": 3850116,
                                                                                                                            "operator_rows_scanned": 3850116,
                                                                                                                            "operator_timing": 0.04370378799999999,
                                                                                                                            "result_set_size": 2909420,
                                                                                                                            "children": []
                                                                                                                        }
                                                                                                                    ]
                                                                                                                },
                                                                                                                {
                                                                                                                    "operator_name": "HASH_JOIN",
                                                                                                                    "cpu_time": 0.028933451999999995,
                                                                                                                    "extra_info": {
                                                                                                                        "Join Type": "SINGLE",
                                                                                                                        "Conditions": "id IS NOT DISTINCT FROM id",
                                                                                                                        "Estimated Cardinality": "770023"
                                                                                                                    },
                                                                                                                    "cumulative_cardinality": 1499986,
                                                                                                                    "operator_type": "HASH_JOIN",
                                                                                                                    "operator_cardinality": 208542,
                                                                                                                    "cumulative_rows_scanned": 7241822,
                                                                                                                    "operator_rows_scanned": 0,
                                                                                                                    "operator_timing": 0.006538759,
                                                                                                                    "result_set_size": 5005008,
                                                                                                                    "children": [
                                                                                                                        {
                                                                                                                            "operator_name": "COLUMN_DATA_SCAN",
                                                                                                                            "cpu_time": 0.004059122999999999,
                                                                                                                            "extra_info": {
                                                                                                                                "Estimated Cardinality": "770023"
                                                                                                                            },
                                                                                                                            "cumulative_cardinality": 208542,
                                                                                                                            "operator_type": "COLUMN_DATA_SCAN",
                                                                                                                            "operator_cardinality": 208542,
                                                                                                                            "cumulative_rows_scanned": 0,
                                                                                                                            "operator_rows_scanned": 0,
                                                                                                                            "operator_timing": 0.004059122999999999,
                                                                                                                            "result_set_size": 7507512,
                                                                                                                            "children": []
                                                                                                                        },
                                                                                                                        {
                                                                                                                            "operator_name": "PROJECTION",
                                                                                                                            "cpu_time": 0.018335569999999995,
                                                                                                                            "extra_info": {
                                                                                                                                "Projections": [
                                                                                                                                    "CASE  WHEN ((count_star() IS NULL)) THEN (0) ELSE count_star() END",
                                                                                                                                    "id"
                                                                                                                                ],
                                                                                                                                "Estimated Cardinality": "385011"
                                                                                                                            },
                                                                                                                            "cumulative_cardinality": 1082902,
                                                                                                                            "operator_type": "PROJECTION",
                                                                                                                            "operator_cardinality": 74334,
                                                                                                                            "cumulative_rows_scanned": 7241822,
                                                                                                                            "operator_rows_scanned": 0,
                                                                                                                            "operator_timing": 0.00012018699999999999,
                                                                                                                            "result_set_size": 892008,
                                                                                                                            "children": [
                                                                                                                                {
                                                                                                                                    "operator_name": "HASH_JOIN",
                                                                                                                                    "cpu_time": 0.018215382999999995,
                                                                                                                                    "extra_info": {
                                                                                                                                        "Join Type": "RIGHT",
                                                                                                                                        "Conditions": "#0 IS NOT DISTINCT FROM id",
                                                                                                                                        "Estimated Cardinality": "385011"
                                                                                                                                    },
                                                                                                                                    "cumulative_cardinality": 1008568,
                                                                                                                                    "operator_type": "HASH_JOIN",
                                                                                                                                    "operator_cardinality": 74334,
                                                                                                                                    "cumulative_rows_scanned": 7241822,
                                                                                                                                    "operator_rows_scanned": 0,
                                                                                                                                    "operator_timing": 0.003054107,
                                                                                                                                    "result_set_size": 892008,
                                                                                                                                    "children": [
                                                                                                                                        {
                                                                                                                                            "operator_name": "HASH_GROUP_BY",
                                                                                                                                            "cpu_time": 0.015161275999999994,
                                                                                                                                            "extra_info": {
                                                                                                                                                "Groups": "#0",
                                                                                                                                                "Aggregates": "count_star()",
                                                                                                                                                "Estimated Cardinality": "362090"
                                                                                                                                            },
                                                                                                                                            "cumulative_cardinality": 934234,
                                                                                                                                            "operator_type": "HASH_GROUP_BY",
                                                                                                                                            "operator_cardinality": 52801,
                                                                                                                                            "cumulative_rows_scanned": 7241822,
                                                                                                                                            "operator_rows_scanned": 0,
                                                                                                                                            "operator_timing": 0.004136903999999999,
                                                                                                                                            "result_set_size": 633612,
                                                                                                                                            "children": [
                                                                                                                                                {
                                                                                                                                                    "operator_name": "PROJECTION",
                                                                                                                                                    "cpu_time": 0.011024371999999994,
                                                                                                                                                    "extra_info": {
                                                                                                                                                        "Projections": "id",
                                                                                                                                                        "Estimated Cardinality": "724181"
                                                                                                                                                    },
                                                                                                                                                    "cumulative_cardinality": 881433,
                                                                                                                                                    "operator_type": "PROJECTION",
                                                                                                                                                    "operator_cardinality": 198123,
                                                                                                                                                    "cumulative_rows_scanned": 7241822,
                                                                                                                                                    "operator_rows_scanned": 0,
                                                                                                                                                    "operator_timing": 0.000013674000000000013,
                                                                                                                                                    "result_set_size": 792492,
                                                                                                                                                    "children": [
                                                                                                                                                        {
                                                                                                                                                            "operator_name": "PROJECTION",
                                                                                                                                                            "cpu_time": 0.011010697999999994,
                                                                                                                                                            "extra_info": {
                                                                                                                                                                "Projections": "id",
                                                                                                                                                                "Estimated Cardinality": "724181"
                                                                                                                                                            },
                                                                                                                                                            "cumulative_cardinality": 683310,
                                                                                                                                                            "operator_type": "PROJECTION",
                                                                                                                                                            "operator_cardinality": 198123,
                                                                                                                                                            "cumulative_rows_scanned": 7241822,
                                                                                                                                                            "operator_rows_scanned": 0,
                                                                                                                                                            "operator_timing": 0.000015657000000000023,
                                                                                                                                                            "result_set_size": 792492,
                                                                                                                                                            "children": [
                                                                                                                                                                {
                                                                                                                                                                    "operator_name": "HASH_JOIN",
                                                                                                                                                                    "cpu_time": 0.010995040999999994,
                                                                                                                                                                    "extra_info": {
                                                                                                                                                                        "Join Type": "INNER",
                                                                                                                                                                        "Conditions": "postid = id",
                                                                                                                                                                        "Estimated Cardinality": "724181"
                                                                                                                                                                    },
                                                                                                                                                                    "cumulative_cardinality": 485187,
                                                                                                                                                                    "operator_type": "HASH_JOIN",
                                                                                                                                                                    "operator_cardinality": 198123,
                                                                                                                                                                    "cumulative_rows_scanned": 7241822,
                                                                                                                                                                    "operator_rows_scanned": 0,
                                                                                                                                                                    "operator_timing": 0.002334803000000001,
                                                                                                                                                                    "result_set_size": 1584984,
                                                                                                                                                                    "children": [
                                                                                                                                                                        {
                                                                                                                                                                            "operator_name": "READ_PARQUET ",
                                                                                                                                                                            "cpu_time": 0.008660237999999992,
                                                                                                                                                                            "extra_info": {
                                                                                                                                                                                "Function": "READ_PARQUET",
                                                                                                                                                                                "Projections": "postid",
                                                                                                                                                                                "Estimated Cardinality": "7241822"
                                                                                                                                                                            },
                                                                                                                                                                            "cumulative_cardinality": 287064,
                                                                                                                                                                            "operator_type": "TABLE_SCAN",
                                                                                                                                                                            "operator_cardinality": 287064,
                                                                                                                                                                            "cumulative_rows_scanned": 7241822,
                                                                                                                                                                            "operator_rows_scanned": 7241822,
                                                                                                                                                                            "operator_timing": 0.008660237999999992,
                                                                                                                                                                            "result_set_size": 1148256,
                                                                                                                                                                            "children": []
                                                                                                                                                                        },
                                                                                                                                                                        {
                                                                                                                                                                            "operator_name": "DELIM_SCAN",
                                                                                                                                                                            "cpu_time": 0.0,
                                                                                                                                                                            "extra_info": {
                                                                                                                                                                                "Delim Index": "2",
                                                                                                                                                                                "Estimated Cardinality": "385011"
                                                                                                                                                                            },
                                                                                                                                                                            "cumulative_cardinality": 0,
                                                                                                                                                                            "operator_type": "DELIM_SCAN",
                                                                                                                                                                            "operator_cardinality": 0,
                                                                                                                                                                            "cumulative_rows_scanned": 0,
                                                                                                                                                                            "operator_rows_scanned": 0,
                                                                                                                                                                            "operator_timing": 0.0,
                                                                                                                                                                            "result_set_size": 0,
                                                                                                                                                                            "children": []
                                                                                                                                                                        }
                                                                                                                                                                    ]
                                                                                                                                                                }
                                                                                                                                                            ]
                                                                                                                                                        }
                                                                                                                                                    ]
                                                                                                                                                }
                                                                                                                                            ]
                                                                                                                                        },
                                                                                                                                        {
                                                                                                                                            "operator_name": "DELIM_SCAN",
                                                                                                                                            "cpu_time": 0.0,
                                                                                                                                            "extra_info": {
                                                                                                                                                "Delim Index": "2",
                                                                                                                                                "Estimated Cardinality": "385011"
                                                                                                                                            },
                                                                                                                                            "cumulative_cardinality": 0,
                                                                                                                                            "operator_type": "DELIM_SCAN",
                                                                                                                                            "operator_cardinality": 0,
                                                                                                                                            "cumulative_rows_scanned": 0,
                                                                                                                                            "operator_rows_scanned": 0,
                                                                                                                                            "operator_timing": 0.0,
                                                                                                                                            "result_set_size": 0,
                                                                                                                                            "children": []
                                                                                                                                        }
                                                                                                                                    ]
                                                                                                                                }
                                                                                                                            ]
                                                                                                                        }
                                                                                                                    ]
                                                                                                                },
                                                                                                                {
                                                                                                                    "operator_name": "HASH_GROUP_BY",
                                                                                                                    "cpu_time": 0.0004367059999999999,
                                                                                                                    "extra_info": {
                                                                                                                        "Groups": "#0",
                                                                                                                        "Aggregates": "",
                                                                                                                        "Estimated Cardinality": "770023"
                                                                                                                    },
                                                                                                                    "cumulative_cardinality": 148668,
                                                                                                                    "operator_type": "HASH_GROUP_BY",
                                                                                                                    "operator_cardinality": 148668,
                                                                                                                    "cumulative_rows_scanned": 0,
                                                                                                                    "operator_rows_scanned": 0,
                                                                                                                    "operator_timing": 0.0004367059999999999,
                                                                                                                    "result_set_size": 594672,
                                                                                                                    "children": []
                                                                                                                }
                                                                                                            ]
                                                                                                        }
                                                                                                    ]
                                                                                                }
                                                                                            ]
                                                                                        }
                                                                                    ]
                                                                                }
                                                                            ]
                                                                        }
                                                                    ]
                                                                }
                                                            ]
                                                        }
                                                    ]
                                                }
                                            ]
                                        }
                                    ]
                                }
                            ]
                        }
                    ]
                }
            ]
        }
    ]
}