{
    "rows_returned": 922952,
    "query_name": "WITH RecursiveTags AS (\n    \n    SELECT \n        p.Id AS PostId, \n        string_to_array(substring(p.Tags, 2, length(p.Tags) - 2), '><') AS TagsArray\n    FROM \n        Posts p\n    WHERE \n        p.PostTypeId = 1  \n), UnnestTags AS (\n    \n    SELECT \n        PostId, \n        unnest(TagsArray) AS Tag\n    FROM \n        RecursiveTags\n), TagCounts AS (\n    \n    SELECT \n        Tag, \n        COUNT(PostId) AS TagCount\n    FROM \n        UnnestTags\n    GROUP BY \n        Tag\n), TopTags AS (\n    \n    SELECT \n        Tag, \n        TagCount\n    FROM \n        TagCounts\n    ORDER BY \n        TagCount DESC\n    LIMIT 10\n), PostsWithTopTags AS (\n    \n    SELECT \n        p.Id AS PostId, \n        p.Title, \n        p.Body, \n        p.CreationDate, \n        tt.Tag\n    FROM \n        Posts p\n    JOIN \n        UnnestTags ut ON p.Id = ut.PostId\n    JOIN \n        TopTags tt ON ut.Tag = tt.Tag\n)\n\nSELECT \n    PostId, \n    Title, \n    CreationDate, \n    Tag,\n    LEFT(Body, 150) || '...' AS BodySnippet  \nFROM \n    PostsWithTopTags\nORDER BY \n    CreationDate DESC;",
    "blocked_thread_time": 0.0,
    "cpu_time": 20.115046809999914,
    "extra_info": {},
    "cumulative_cardinality": 35365310,
    "cumulative_rows_scanned": 11550348,
    "result_set_size": 55377120,
    "latency": 31.761005232,
    "children": [
        {
            "operator_name": "ORDER_BY",
            "cpu_time": 20.115046809999914,
            "extra_info": {
                "Order By": "PostsWithTopTags.CreationDate DESC"
            },
            "cumulative_cardinality": 35365310,
            "operator_type": "ORDER_BY",
            "operator_cardinality": 922952,
            "cumulative_rows_scanned": 11550348,
            "operator_rows_scanned": 0,
            "operator_timing": 0.14096948999999984,
            "result_set_size": 55377120,
            "children": [
                {
                    "operator_name": "PROJECTION",
                    "cpu_time": 19.974077319999914,
                    "extra_info": {
                        "Projections": [
                            "PostId",
                            "title",
                            "creationdate",
                            "Tag",
                            "BodySnippet"
                        ],
                        "Estimated Cardinality": "1"
                    },
                    "cumulative_cardinality": 34442358,
                    "operator_type": "PROJECTION",
                    "operator_cardinality": 922952,
                    "cumulative_rows_scanned": 11550348,
                    "operator_rows_scanned": 0,
                    "operator_timing": 0.6229433000000015,
                    "result_set_size": 55377120,
                    "children": [
                        {
                            "operator_name": "PROJECTION",
                            "cpu_time": 19.35113401999991,
                            "extra_info": {
                                "Projections": [
                                    "PostId",
                                    "title",
                                    "body",
                                    "creationdate",
                                    "Tag"
                                ],
                                "Estimated Cardinality": "1"
                            },
                            "cumulative_cardinality": 33519406,
                            "operator_type": "PROJECTION",
                            "operator_cardinality": 922952,
                            "cumulative_rows_scanned": 11550348,
                            "operator_rows_scanned": 0,
                            "operator_timing": 0.001077167,
                            "result_set_size": 55377120,
                            "children": [
                                {
                                    "operator_name": "HASH_JOIN",
                                    "cpu_time": 19.350056852999913,
                                    "extra_info": {
                                        "Join Type": "INNER",
                                        "Conditions": "id = PostId",
                                        "Estimated Cardinality": "1"
                                    },
                                    "cumulative_cardinality": 32596454,
                                    "operator_type": "HASH_JOIN",
                                    "operator_cardinality": 922952,
                                    "cumulative_rows_scanned": 11550348,
                                    "operator_rows_scanned": 0,
                                    "operator_timing": 0.23389556099999978,
                                    "result_set_size": 55377120,
                                    "children": [
                                        {
                                            "operator_name": "READ_PARQUET ",
                                            "cpu_time": 13.879897871000008,
                                            "extra_info": {
                                                "Function": "READ_PARQUET",
                                                "Projections": [
                                                    "id",
                                                    "creationdate",
                                                    "body",
                                                    "title"
                                                ],
                                                "Estimated Cardinality": "3850116"
                                            },
                                            "cumulative_cardinality": 3850107,
                                            "operator_type": "TABLE_SCAN",
                                            "operator_cardinality": 3850107,
                                            "cumulative_rows_scanned": 3850116,
                                            "operator_rows_scanned": 3850116,
                                            "operator_timing": 13.879897871000008,
                                            "result_set_size": 169404708,
                                            "children": []
                                        },
                                        {
                                            "operator_name": "HASH_JOIN",
                                            "cpu_time": 5.236263420999903,
                                            "extra_info": {
                                                "Join Type": "INNER",
                                                "Conditions": "Tag = Tag",
                                                "Estimated Cardinality": "1"
                                            },
                                            "cumulative_cardinality": 27823395,
                                            "operator_type": "HASH_JOIN",
                                            "operator_cardinality": 922952,
                                            "cumulative_rows_scanned": 7700232,
                                            "operator_rows_scanned": 0,
                                            "operator_timing": 1.4245610169979124,
                                            "result_set_size": 40609888,
                                            "children": [
                                                {
                                                    "operator_name": "PROJECTION",
                                                    "cpu_time": 1.1658853320010165,
                                                    "extra_info": {
                                                        "Projections": [
                                                            "PostId",
                                                            "Tag"
                                                        ],
                                                        "Estimated Cardinality": "770023"
                                                    },
                                                    "cumulative_cardinality": 11425858,
                                                    "operator_type": "PROJECTION",
                                                    "operator_cardinality": 4044765,
                                                    "cumulative_rows_scanned": 3850116,
                                                    "operator_rows_scanned": 0,
                                                    "operator_timing": 0.16413214300208348,
                                                    "result_set_size": 80895300,
                                                    "children": [
                                                        {
                                                            "operator_name": "UNNEST",
                                                            "cpu_time": 1.001753188998933,
                                                            "extra_info": {},
                                                            "cumulative_cardinality": 7381093,
                                                            "operator_type": "UNNEST",
                                                            "operator_cardinality": 4044765,
                                                            "cumulative_rows_scanned": 3850116,
                                                            "operator_rows_scanned": 0,
                                                            "operator_timing": 0.5280175309989322,
                                                            "result_set_size": 54869613332,
                                                            "children": [
                                                                {
                                                                    "operator_name": "PROJECTION",
                                                                    "cpu_time": 0.47373565800000084,
                                                                    "extra_info": {
                                                                        "Projections": [
                                                                            "PostId",
                                                                            "TagsArray"
                                                                        ],
                                                                        "Estimated Cardinality": "770023"
                                                                    },
                                                                    "cumulative_cardinality": 3336328,
                                                                    "operator_type": "PROJECTION",
                                                                    "operator_cardinality": 1668164,
                                                                    "cumulative_rows_scanned": 3850116,
                                                                    "operator_rows_scanned": 0,
                                                                    "operator_timing": 0.21766857300000025,
                                                                    "result_set_size": 130028880,
                                                                    "children": [
                                                                        {
                                                                            "operator_name": "READ_PARQUET ",
                                                                            "cpu_time": 0.2560670850000006,
                                                                            "extra_info": {
                                                                                "Function": "READ_PARQUET",
                                                                                "Projections": [
                                                                                    "id",
                                                                                    "tags"
                                                                                ],
                                                                                "Filters": "posttypeid=1",
                                                                                "Estimated Cardinality": "770023"
                                                                            },
                                                                            "cumulative_cardinality": 1668164,
                                                                            "operator_type": "TABLE_SCAN",
                                                                            "operator_cardinality": 1668164,
                                                                            "cumulative_rows_scanned": 3850116,
                                                                            "operator_rows_scanned": 3850116,
                                                                            "operator_timing": 0.2560670850000006,
                                                                            "result_set_size": 33363280,
                                                                            "children": []
                                                                        }
                                                                    ]
                                                                }
                                                            ]
                                                        }
                                                    ]
                                                },
                                                {
                                                    "operator_name": "STREAMING_LIMIT",
                                                    "cpu_time": 2.6458170720009737,
                                                    "extra_info": {},
                                                    "cumulative_cardinality": 15474585,
                                                    "operator_type": "STREAMING_LIMIT",
                                                    "operator_cardinality": 10,
                                                    "cumulative_rows_scanned": 3850116,
                                                    "operator_rows_scanned": 0,
                                                    "operator_timing": 7.51e-7,
                                                    "result_set_size": 240,
                                                    "children": [
                                                        {
                                                            "operator_name": "ORDER_BY",
                                                            "cpu_time": 2.6458163210009737,
                                                            "extra_info": {
                                                                "Order By": "TagCounts.TagCount DESC"
                                                            },
                                                            "cumulative_cardinality": 15474575,
                                                            "operator_type": "ORDER_BY",
                                                            "operator_cardinality": 1976,
                                                            "cumulative_rows_scanned": 3850116,
                                                            "operator_rows_scanned": 0,
                                                            "operator_timing": 0.000088255,
                                                            "result_set_size": 47424,
                                                            "children": [
                                                                {
                                                                    "operator_name": "HASH_GROUP_BY",
                                                                    "cpu_time": 2.6457280660009737,
                                                                    "extra_info": {
                                                                        "Groups": "#0",
                                                                        "Aggregates": "count_star()",
                                                                        "Estimated Cardinality": "385011"
                                                                    },
                                                                    "cumulative_cardinality": 15472599,
                                                                    "operator_type": "HASH_GROUP_BY",
                                                                    "operator_cardinality": 1976,
                                                                    "cumulative_rows_scanned": 3850116,
                                                                    "operator_rows_scanned": 0,
                                                                    "operator_timing": 0.9473813720005282,
                                                                    "result_set_size": 47424,
                                                                    "children": [
                                                                        {
                                                                            "operator_name": "PROJECTION",
                                                                            "cpu_time": 1.6983466940004452,
                                                                            "extra_info": {
                                                                                "Projections": "Tag",
                                                                                "Estimated Cardinality": "770023"
                                                                            },
                                                                            "cumulative_cardinality": 15470623,
                                                                            "operator_type": "PROJECTION",
                                                                            "operator_cardinality": 4044765,
                                                                            "cumulative_rows_scanned": 3850116,
                                                                            "operator_rows_scanned": 0,
                                                                            "operator_timing": 0.12821231199978853,
                                                                            "result_set_size": 64716240,
                                                                            "children": [
                                                                                {
                                                                                    "operator_name": "PROJECTION",
                                                                                    "cpu_time": 1.5701343820006568,
                                                                                    "extra_info": {
                                                                                        "Projections": [
                                                                                            "PostId",
                                                                                            "Tag"
                                                                                        ],
                                                                                        "Estimated Cardinality": "770023"
                                                                                    },
                                                                                    "cumulative_cardinality": 11425858,
                                                                                    "operator_type": "PROJECTION",
                                                                                    "operator_cardinality": 4044765,
                                                                                    "cumulative_rows_scanned": 3850116,
                                                                                    "operator_rows_scanned": 0,
                                                                                    "operator_timing": 0.18419083999890726,
                                                                                    "result_set_size": 80895300,
                                                                                    "children": [
                                                                                        {
                                                                                            "operator_name": "UNNEST",
                                                                                            "cpu_time": 1.3859435420017496,
                                                                                            "extra_info": {},
                                                                                            "cumulative_cardinality": 7381093,
                                                                                            "operator_type": "UNNEST",
                                                                                            "operator_cardinality": 4044765,
                                                                                            "cumulative_rows_scanned": 3850116,
                                                                                            "operator_rows_scanned": 0,
                                                                                            "operator_timing": 0.5383799730017511,
                                                                                            "result_set_size": 54869613332,
                                                                                            "children": [
                                                                                                {
                                                                                                    "operator_name": "PROJECTION",
                                                                                                    "cpu_time": 0.8475635689999985,
                                                                                                    "extra_info": {
                                                                                                        "Projections": [
                                                                                                            "PostId",
                                                                                                            "TagsArray"
                                                                                                        ],
                                                                                                        "Estimated Cardinality": "770023"
                                                                                                    },
                                                                                                    "cumulative_cardinality": 3336328,
                                                                                                    "operator_type": "PROJECTION",
                                                                                                    "operator_cardinality": 1668164,
                                                                                                    "cumulative_rows_scanned": 3850116,
                                                                                                    "operator_rows_scanned": 0,
                                                                                                    "operator_timing": 0.21855881100000044,
                                                                                                    "result_set_size": 130028880,
                                                                                                    "children": [
                                                                                                        {
                                                                                                            "operator_name": "READ_PARQUET ",
                                                                                                            "cpu_time": 0.6290047579999981,
                                                                                                            "extra_info": {
                                                                                                                "Function": "READ_PARQUET",
                                                                                                                "Projections": [
                                                                                                                    "id",
                                                                                                                    "tags"
                                                                                                                ],
                                                                                                                "Filters": "posttypeid=1",
                                                                                                                "Estimated Cardinality": "770023"
                                                                                                            },
                                                                                                            "cumulative_cardinality": 1668164,
                                                                                                            "operator_type": "TABLE_SCAN",
                                                                                                            "operator_cardinality": 1668164,
                                                                                                            "cumulative_rows_scanned": 3850116,
                                                                                                            "operator_rows_scanned": 3850116,
                                                                                                            "operator_timing": 0.6290047579999981,
                                                                                                            "result_set_size": 33363280,
                                                                                                            "children": []
                                                                                                        }
                                                                                                    ]
                                                                                                }
                                                                                            ]
                                                                                        }
                                                                                    ]
                                                                                }
                                                                            ]
                                                                        }
                                                                    ]
                                                                }
                                                            ]
                                                        }
                                                    ]
                                                }
                                            ]
                                        }
                                    ]
                                }
                            ]
                        }
                    ]
                }
            ]
        }
    ]
}