{
    "rows_returned": 10,
    "query_name": "\nWITH RankedPosts AS (\n    SELECT \n        p.Id AS PostId,\n        p.Title,\n        p.Body,\n        p.ViewCount,\n        p.CreationDate,\n        p.OwnerUserId,\n        p.AcceptedAnswerId,\n        ROW_NUMBER() OVER (PARTITION BY p.OwnerUserId ORDER BY p.CreationDate DESC) AS UserPostRank\n    FROM Posts p\n    WHERE p.PostTypeId = 1 \n),\nUserReputation AS (\n    SELECT \n        u.Id AS UserId,\n        u.DisplayName,\n        u.Reputation,\n        CASE \n            WHEN u.Reputation > 1000 THEN 'High'\n            WHEN u.Reputation BETWEEN 500 AND 1000 THEN 'Medium'\n            ELSE 'Low' \n        END AS ReputationLevel\n    FROM Users u\n),\nTopQuestions AS (\n    SELECT \n        rp.PostId,\n        rp.Title,\n        rp.ViewCount,\n        ur.DisplayName,\n        ur.ReputationLevel,\n        COUNT(a.Id) AS AnswerCount\n    FROM RankedPosts rp\n    JOIN UserReputation ur ON rp.OwnerUserId = ur.UserId\n    LEFT JOIN Posts a ON rp.PostId = a.ParentId\n    GROUP BY rp.PostId, rp.Title, rp.ViewCount, ur.DisplayName, ur.ReputationLevel\n    ORDER BY rp.ViewCount DESC\n    LIMIT 10\n),\nVoteDetails AS (\n    SELECT \n        p.Id AS PostId, \n        v.VoteTypeId, \n        COUNT(v.Id) AS VoteCount\n    FROM Posts p\n    JOIN Votes v ON p.Id = v.PostId\n    GROUP BY p.Id, v.VoteTypeId\n)\nSELECT \n    tq.PostId,\n    tq.Title,\n    tq.ViewCount,\n    tq.DisplayName,\n    tq.ReputationLevel,\n    COALESCE(SUM(CASE WHEN vd.VoteTypeId = 2 THEN vd.VoteCount ELSE 0 END), 0) AS UpVotes,\n    COALESCE(SUM(CASE WHEN vd.VoteTypeId = 3 THEN vd.VoteCount ELSE 0 END), 0) AS DownVotes,\n    COALESCE(SUM(CASE WHEN vd.VoteTypeId = 6 THEN vd.VoteCount ELSE 0 END), 0) AS CloseVotes,\n    tq.AnswerCount\nFROM TopQuestions tq\nLEFT JOIN VoteDetails vd ON tq.PostId = vd.PostId\nGROUP BY \n    tq.PostId, \n    tq.Title, \n    tq.ViewCount, \n    tq.DisplayName, \n    tq.ReputationLevel,\n    tq.AnswerCount\nORDER BY tq.ViewCount DESC;\n",
    "blocked_thread_time": 0.0,
    "cpu_time": 5.897158022999999,
    "extra_info": {},
    "cumulative_cardinality": 82266714,
    "cumulative_rows_scanned": 25555151,
    "result_set_size": 1120,
    "latency": 6.399732112,
    "children": [
        {
            "operator_name": "PROJECTION",
            "cpu_time": 5.897158022999999,
            "extra_info": {
                "Projections": [
                    "#0",
                    "#1",
                    "#2",
                    "#3",
                    "__internal_decompress_string(#4)",
                    "#5",
                    "#6",
                    "#7",
                    "#8"
                ],
                "Estimated Cardinality": "1925058"
            },
            "cumulative_cardinality": 82266714,
            "operator_type": "PROJECTION",
            "operator_cardinality": 10,
            "cumulative_rows_scanned": 25555151,
            "operator_rows_scanned": 0,
            "operator_timing": 7.71e-7,
            "result_set_size": 1120,
            "children": [
                {
                    "operator_name": "ORDER_BY",
                    "cpu_time": 5.8971572519999995,
                    "extra_info": {
                        "Order By": "tq.ViewCount DESC"
                    },
                    "cumulative_cardinality": 82266704,
                    "operator_type": "ORDER_BY",
                    "operator_cardinality": 10,
                    "cumulative_rows_scanned": 25555151,
                    "operator_rows_scanned": 0,
                    "operator_timing": 0.000039925,
                    "result_set_size": 1040,
                    "children": [
                        {
                            "operator_name": "PROJECTION",
                            "cpu_time": 5.897117326999999,
                            "extra_info": {
                                "Projections": [
                                    "#0",
                                    "#1",
                                    "#2",
                                    "#3",
                                    "__internal_compress_string_ubigint(#4)",
                                    "#5",
                                    "#6",
                                    "#7",
                                    "#8"
                                ],
                                "Estimated Cardinality": "1925058"
                            },
                            "cumulative_cardinality": 82266694,
                            "operator_type": "PROJECTION",
                            "operator_cardinality": 10,
                            "cumulative_rows_scanned": 25555151,
                            "operator_rows_scanned": 0,
                            "operator_timing": 0.000001332,
                            "result_set_size": 1040,
                            "children": [
                                {
                                    "operator_name": "PROJECTION",
                                    "cpu_time": 5.897115994999999,
                                    "extra_info": {
                                        "Projections": [
                                            "PostId",
                                            "title",
                                            "viewcount",
                                            "displayname",
                                            "ReputationLevel",
                                            "UpVotes",
                                            "DownVotes",
                                            "CloseVotes",
                                            "AnswerCount"
                                        ],
                                        "Estimated Cardinality": "1925058"
                                    },
                                    "cumulative_cardinality": 82266684,
                                    "operator_type": "PROJECTION",
                                    "operator_cardinality": 10,
                                    "cumulative_rows_scanned": 25555151,
                                    "operator_rows_scanned": 0,
                                    "operator_timing": 0.000011832,
                                    "result_set_size": 1120,
                                    "children": [
                                        {
                                            "operator_name": "PROJECTION",
                                            "cpu_time": 5.897104162999999,
                                            "extra_info": {
                                                "Projections": [
                                                    "#0",
                                                    "#1",
                                                    "#2",
                                                    "#3",
                                                    "__internal_decompress_string(#4)",
                                                    "#5",
                                                    "#6",
                                                    "#7",
                                                    "#8"
                                                ],
                                                "Estimated Cardinality": "1925058"
                                            },
                                            "cumulative_cardinality": 82266674,
                                            "operator_type": "PROJECTION",
                                            "operator_cardinality": 10,
                                            "cumulative_rows_scanned": 25555151,
                                            "operator_rows_scanned": 0,
                                            "operator_timing": 0.000001854,
                                            "result_set_size": 1120,
                                            "children": [
                                                {
                                                    "operator_name": "HASH_GROUP_BY",
                                                    "cpu_time": 5.897102308999999,
                                                    "extra_info": {
                                                        "Groups": [
                                                            "#0",
                                                            "#1",
                                                            "#2",
                                                            "#3",
                                                            "#4",
                                                            "#5"
                                                        ],
                                                        "Aggregates": [
                                                            "sum(#6)",
                                                            "sum(#7)",
                                                            "sum(#8)"
                                                        ],
                                                        "Estimated Cardinality": "1925058"
                                                    },
                                                    "cumulative_cardinality": 82266664,
                                                    "operator_type": "HASH_GROUP_BY",
                                                    "operator_cardinality": 10,
                                                    "cumulative_rows_scanned": 25555151,
                                                    "operator_rows_scanned": 0,
                                                    "operator_timing": 0.0001606,
                                                    "result_set_size": 1040,
                                                    "children": [
                                                        {
                                                            "operator_name": "PROJECTION",
                                                            "cpu_time": 5.896941708999999,
                                                            "extra_info": {
                                                                "Projections": [
                                                                    "PostId",
                                                                    "title",
                                                                    "viewcount",
                                                                    "displayname",
                                                                    "ReputationLevel",
                                                                    "AnswerCount",
                                                                    "CASE  WHEN ((votetypeid = 2)) THEN (VoteCount) ELSE 0 END",
                                                                    "CASE  WHEN ((votetypeid = 3)) THEN (VoteCount) ELSE 0 END",
                                                                    "CASE  WHEN ((votetypeid = 6)) THEN (VoteCount) ELSE 0 END"
                                                                ],
                                                                "Estimated Cardinality": "3850116"
                                                            },
                                                            "cumulative_cardinality": 82266654,
                                                            "operator_type": "PROJECTION",
                                                            "operator_cardinality": 24,
                                                            "cumulative_rows_scanned": 25555151,
                                                            "operator_rows_scanned": 0,
                                                            "operator_timing": 0.000021831,
                                                            "result_set_size": 1920,
                                                            "children": [
                                                                {
                                                                    "operator_name": "PROJECTION",
                                                                    "cpu_time": 5.896919877999999,
                                                                    "extra_info": {
                                                                        "Projections": [
                                                                            "#0",
                                                                            "#1",
                                                                            "#2",
                                                                            "#3",
                                                                            "#4",
                                                                            "#5",
                                                                            "__internal_compress_string_ubigint(#6)",
                                                                            "#7"
                                                                        ],
                                                                        "Estimated Cardinality": "3850116"
                                                                    },
                                                                    "cumulative_cardinality": 82266630,
                                                                    "operator_type": "PROJECTION",
                                                                    "operator_cardinality": 24,
                                                                    "cumulative_rows_scanned": 25555151,
                                                                    "operator_rows_scanned": 0,
                                                                    "operator_timing": 0.000005751,
                                                                    "result_set_size": 1584,
                                                                    "children": [
                                                                        {
                                                                            "operator_name": "HASH_JOIN",
                                                                            "cpu_time": 5.896914127,
                                                                            "extra_info": {
                                                                                "Join Type": "RIGHT",
                                                                                "Conditions": "PostId = PostId",
                                                                                "Estimated Cardinality": "3850116"
                                                                            },
                                                                            "cumulative_cardinality": 82266606,
                                                                            "operator_type": "HASH_JOIN",
                                                                            "operator_cardinality": 24,
                                                                            "cumulative_rows_scanned": 25555151,
                                                                            "operator_rows_scanned": 0,
                                                                            "operator_timing": 0.020760959000000013,
                                                                            "result_set_size": 1776,
                                                                            "children": [
                                                                                {
                                                                                    "operator_name": "PROJECTION",
                                                                                    "cpu_time": 1.878874542000001,
                                                                                    "extra_info": {
                                                                                        "Projections": [
                                                                                            "#0",
                                                                                            "__internal_decompress_integral_smallint(#1, 1)",
                                                                                            "#2"
                                                                                        ],
                                                                                        "Estimated Cardinality": "3850116"
                                                                                    },
                                                                                    "cumulative_cardinality": 57426639,
                                                                                    "operator_type": "PROJECTION",
                                                                                    "operator_cardinality": 4476366,
                                                                                    "cumulative_rows_scanned": 16594209,
                                                                                    "operator_rows_scanned": 0,
                                                                                    "operator_timing": 0.0009670880000000023,
                                                                                    "result_set_size": 62669124,
                                                                                    "children": [
                                                                                        {
                                                                                            "operator_name": "HASH_GROUP_BY",
                                                                                            "cpu_time": 1.8779074540000011,
                                                                                            "extra_info": {
                                                                                                "Groups": [
                                                                                                    "#0",
                                                                                                    "#1"
                                                                                                ],
                                                                                                "Aggregates": "count_star()",
                                                                                                "Estimated Cardinality": "3850116"
                                                                                            },
                                                                                            "cumulative_cardinality": 52950273,
                                                                                            "operator_type": "HASH_GROUP_BY",
                                                                                            "operator_cardinality": 4476366,
                                                                                            "cumulative_rows_scanned": 16594209,
                                                                                            "operator_rows_scanned": 0,
                                                                                            "operator_timing": 0.6003057990000039,
                                                                                            "result_set_size": 58192758,
                                                                                            "children": [
                                                                                                {
                                                                                                    "operator_name": "PROJECTION",
                                                                                                    "cpu_time": 1.2776016549999973,
                                                                                                    "extra_info": {
                                                                                                        "Projections": [
                                                                                                            "id",
                                                                                                            "votetypeid"
                                                                                                        ],
                                                                                                        "Estimated Cardinality": "12744093"
                                                                                                    },
                                                                                                    "cumulative_cardinality": 48473907,
                                                                                                    "operator_type": "PROJECTION",
                                                                                                    "operator_cardinality": 10626567,
                                                                                                    "cumulative_rows_scanned": 16594209,
                                                                                                    "operator_rows_scanned": 0,
                                                                                                    "operator_timing": 0.0012548900000000052,
                                                                                                    "result_set_size": 53132835,
                                                                                                    "children": [
                                                                                                        {
                                                                                                            "operator_name": "PROJECTION",
                                                                                                            "cpu_time": 1.2763467649999973,
                                                                                                            "extra_info": {
                                                                                                                "Projections": [
                                                                                                                    "#0",
                                                                                                                    "__internal_compress_integral_utinyint(#1, 1)",
                                                                                                                    "#2"
                                                                                                                ],
                                                                                                                "Estimated Cardinality": "12744093"
                                                                                                            },
                                                                                                            "cumulative_cardinality": 37847340,
                                                                                                            "operator_type": "PROJECTION",
                                                                                                            "operator_cardinality": 10626567,
                                                                                                            "cumulative_rows_scanned": 16594209,
                                                                                                            "operator_rows_scanned": 0,
                                                                                                            "operator_timing": 0.0057130989999999784,
                                                                                                            "result_set_size": 95639103,
                                                                                                            "children": [
                                                                                                                {
                                                                                                                    "operator_name": "HASH_JOIN",
                                                                                                                    "cpu_time": 1.2706336659999973,
                                                                                                                    "extra_info": {
                                                                                                                        "Join Type": "INNER",
                                                                                                                        "Conditions": "postid = id",
                                                                                                                        "Estimated Cardinality": "12744093"
                                                                                                                    },
                                                                                                                    "cumulative_cardinality": 27220773,
                                                                                                                    "operator_type": "HASH_JOIN",
                                                                                                                    "operator_cardinality": 10626567,
                                                                                                                    "cumulative_rows_scanned": 16594209,
                                                                                                                    "operator_rows_scanned": 0,
                                                                                                                    "operator_timing": 0.5849803859999964,
                                                                                                                    "result_set_size": 106265670,
                                                                                                                    "children": [
                                                                                                                        {
                                                                                                                            "operator_name": "READ_PARQUET ",
                                                                                                                            "cpu_time": 0.656534186000001,
                                                                                                                            "extra_info": {
                                                                                                                                "Function": "READ_PARQUET",
                                                                                                                                "Projections": [
                                                                                                                                    "id",
                                                                                                                                    "postid",
                                                                                                                                    "votetypeid"
                                                                                                                                ],
                                                                                                                                "Estimated Cardinality": "12744093"
                                                                                                                            },
                                                                                                                            "cumulative_cardinality": 12744093,
                                                                                                                            "operator_type": "TABLE_SCAN",
                                                                                                                            "operator_cardinality": 12744093,
                                                                                                                            "cumulative_rows_scanned": 12744093,
                                                                                                                            "operator_rows_scanned": 12744093,
                                                                                                                            "operator_timing": 0.656534186000001,
                                                                                                                            "result_set_size": 127440930,
                                                                                                                            "children": []
                                                                                                                        },
                                                                                                                        {
                                                                                                                            "operator_name": "READ_PARQUET ",
                                                                                                                            "cpu_time": 0.029119093999999995,
                                                                                                                            "extra_info": {
                                                                                                                                "Function": "READ_PARQUET",
                                                                                                                                "Projections": "id",
                                                                                                                                "Filters": "id<=4978525",
                                                                                                                                "Estimated Cardinality": "3850116"
                                                                                                                            },
                                                                                                                            "cumulative_cardinality": 3850113,
                                                                                                                            "operator_type": "TABLE_SCAN",
                                                                                                                            "operator_cardinality": 3850113,
                                                                                                                            "cumulative_rows_scanned": 3850116,
                                                                                                                            "operator_rows_scanned": 3850116,
                                                                                                                            "operator_timing": 0.029119093999999995,
                                                                                                                            "result_set_size": 15400452,
                                                                                                                            "children": []
                                                                                                                        }
                                                                                                                    ]
                                                                                                                }
                                                                                                            ]
                                                                                                        }
                                                                                                    ]
                                                                                                }
                                                                                            ]
                                                                                        }
                                                                                    ]
                                                                                },
                                                                                {
                                                                                    "operator_name": "STREAMING_LIMIT",
                                                                                    "cpu_time": 3.9972786259999986,
                                                                                    "extra_info": {},
                                                                                    "cumulative_cardinality": 24839943,
                                                                                    "operator_type": "STREAMING_LIMIT",
                                                                                    "operator_cardinality": 10,
                                                                                    "cumulative_rows_scanned": 8960942,
                                                                                    "operator_rows_scanned": 0,
                                                                                    "operator_timing": 0.0000013029999999999998,
                                                                                    "result_set_size": 640,
                                                                                    "children": [
                                                                                        {
                                                                                            "operator_name": "PROJECTION",
                                                                                            "cpu_time": 3.9972773229999987,
                                                                                            "extra_info": {
                                                                                                "Projections": [
                                                                                                    "#0",
                                                                                                    "#1",
                                                                                                    "#2",
                                                                                                    "#3",
                                                                                                    "__internal_decompress_string(#4)",
                                                                                                    "#5"
                                                                                                ],
                                                                                                "Estimated Cardinality": "1925058"
                                                                                            },
                                                                                            "cumulative_cardinality": 24839933,
                                                                                            "operator_type": "PROJECTION",
                                                                                            "operator_cardinality": 4096,
                                                                                            "cumulative_rows_scanned": 8960942,
                                                                                            "operator_rows_scanned": 0,
                                                                                            "operator_timing": 0.000038280999999999995,
                                                                                            "result_set_size": 262144,
                                                                                            "children": [
                                                                                                {
                                                                                                    "operator_name": "ORDER_BY",
                                                                                                    "cpu_time": 3.9972390419999986,
                                                                                                    "extra_info": {
                                                                                                        "Order By": "rp.ViewCount DESC"
                                                                                                    },
                                                                                                    "cumulative_cardinality": 24835837,
                                                                                                    "operator_type": "ORDER_BY",
                                                                                                    "operator_cardinality": 4096,
                                                                                                    "cumulative_rows_scanned": 8960942,
                                                                                                    "operator_rows_scanned": 0,
                                                                                                    "operator_timing": 0.08495994699999995,
                                                                                                    "result_set_size": 229376,
                                                                                                    "children": [
                                                                                                        {
                                                                                                            "operator_name": "PROJECTION",
                                                                                                            "cpu_time": 3.912279094999999,
                                                                                                            "extra_info": {
                                                                                                                "Projections": [
                                                                                                                    "#0",
                                                                                                                    "#1",
                                                                                                                    "#2",
                                                                                                                    "#3",
                                                                                                                    "__internal_compress_string_ubigint(#4)",
                                                                                                                    "#5"
                                                                                                                ],
                                                                                                                "Estimated Cardinality": "1925058"
                                                                                                            },
                                                                                                            "cumulative_cardinality": 24831741,
                                                                                                            "operator_type": "PROJECTION",
                                                                                                            "operator_cardinality": 1589663,
                                                                                                            "cumulative_rows_scanned": 8960942,
                                                                                                            "operator_rows_scanned": 0,
                                                                                                            "operator_timing": 0.01624736400000002,
                                                                                                            "result_set_size": 89021128,
                                                                                                            "children": [
                                                                                                                {
                                                                                                                    "operator_name": "PROJECTION",
                                                                                                                    "cpu_time": 3.896031730999999,
                                                                                                                    "extra_info": {
                                                                                                                        "Projections": [
                                                                                                                            "#0",
                                                                                                                            "#1",
                                                                                                                            "#2",
                                                                                                                            "#3",
                                                                                                                            "__internal_decompress_string(#4)",
                                                                                                                            "#5"
                                                                                                                        ],
                                                                                                                        "Estimated Cardinality": "1925058"
                                                                                                                    },
                                                                                                                    "cumulative_cardinality": 23242078,
                                                                                                                    "operator_type": "PROJECTION",
                                                                                                                    "operator_cardinality": 1589663,
                                                                                                                    "cumulative_rows_scanned": 8960942,
                                                                                                                    "operator_rows_scanned": 0,
                                                                                                                    "operator_timing": 0.013845634000000053,
                                                                                                                    "result_set_size": 101738432,
                                                                                                                    "children": [
                                                                                                                        {
                                                                                                                            "operator_name": "HASH_GROUP_BY",
                                                                                                                            "cpu_time": 3.882186096999999,
                                                                                                                            "extra_info": {
                                                                                                                                "Groups": [
                                                                                                                                    "#0",
                                                                                                                                    "#1",
                                                                                                                                    "#2",
                                                                                                                                    "#3",
                                                                                                                                    "#4"
                                                                                                                                ],
                                                                                                                                "Aggregates": "count(#5)",
                                                                                                                                "Estimated Cardinality": "1925058"
                                                                                                                            },
                                                                                                                            "cumulative_cardinality": 21652415,
                                                                                                                            "operator_type": "HASH_GROUP_BY",
                                                                                                                            "operator_cardinality": 1589663,
                                                                                                                            "cumulative_rows_scanned": 8960942,
                                                                                                                            "operator_rows_scanned": 0,
                                                                                                                            "operator_timing": 0.620689056,
                                                                                                                            "result_set_size": 89021128,
                                                                                                                            "children": [
                                                                                                                                {
                                                                                                                                    "operator_name": "PROJECTION",
                                                                                                                                    "cpu_time": 3.2614970409999993,
                                                                                                                                    "extra_info": {
                                                                                                                                        "Projections": [
                                                                                                                                            "PostId",
                                                                                                                                            "title",
                                                                                                                                            "viewcount",
                                                                                                                                            "displayname",
                                                                                                                                            "ReputationLevel",
                                                                                                                                            "id"
                                                                                                                                        ],
                                                                                                                                        "Estimated Cardinality": "3850116"
                                                                                                                                    },
                                                                                                                                    "cumulative_cardinality": 20062752,
                                                                                                                                    "operator_type": "PROJECTION",
                                                                                                                                    "operator_cardinality": 2367262,
                                                                                                                                    "cumulative_rows_scanned": 8960942,
                                                                                                                                    "operator_rows_scanned": 0,
                                                                                                                                    "operator_timing": 0.0008026600000000003,
                                                                                                                                    "result_set_size": 123097624,
                                                                                                                                    "children": [
                                                                                                                                        {
                                                                                                                                            "operator_name": "PROJECTION",
                                                                                                                                            "cpu_time": 3.260694380999999,
                                                                                                                                            "extra_info": {
                                                                                                                                                "Projections": [
                                                                                                                                                    "#0",
                                                                                                                                                    "#1",
                                                                                                                                                    "__internal_compress_string_ubigint(#2)",
                                                                                                                                                    "#3",
                                                                                                                                                    "#4",
                                                                                                                                                    "#5"
                                                                                                                                                ],
                                                                                                                                                "Estimated Cardinality": "3850116"
                                                                                                                                            },
                                                                                                                                            "cumulative_cardinality": 17695490,
                                                                                                                                            "operator_type": "PROJECTION",
                                                                                                                                            "operator_cardinality": 2367262,
                                                                                                                                            "cumulative_rows_scanned": 8960942,
                                                                                                                                            "operator_rows_scanned": 0,
                                                                                                                                            "operator_timing": 0.02486063799999999,
                                                                                                                                            "result_set_size": 123097624,
                                                                                                                                            "children": [
                                                                                                                                                {
                                                                                                                                                    "operator_name": "HASH_JOIN",
                                                                                                                                                    "cpu_time": 3.2358337429999993,
                                                                                                                                                    "extra_info": {
                                                                                                                                                        "Join Type": "RIGHT",
                                                                                                                                                        "Conditions": "parentid = PostId",
                                                                                                                                                        "Estimated Cardinality": "3850116"
                                                                                                                                                    },
                                                                                                                                                    "cumulative_cardinality": 15328228,
                                                                                                                                                    "operator_type": "HASH_JOIN",
                                                                                                                                                    "operator_cardinality": 2367262,
                                                                                                                                                    "cumulative_rows_scanned": 8960942,
                                                                                                                                                    "operator_rows_scanned": 0,
                                                                                                                                                    "operator_timing": 0.35774785899999945,
                                                                                                                                                    "result_set_size": 142035720,
                                                                                                                                                    "children": [
                                                                                                                                                        {
                                                                                                                                                            "operator_name": "READ_PARQUET ",
                                                                                                                                                            "cpu_time": 0.13436860599999975,
                                                                                                                                                            "extra_info": {
                                                                                                                                                                "Function": "READ_PARQUET",
                                                                                                                                                                "Projections": [
                                                                                                                                                                    "id",
                                                                                                                                                                    "parentid"
                                                                                                                                                                ],
                                                                                                                                                                "Estimated Cardinality": "3850116"
                                                                                                                                                            },
                                                                                                                                                            "cumulative_cardinality": 2177293,
                                                                                                                                                            "operator_type": "TABLE_SCAN",
                                                                                                                                                            "operator_cardinality": 2177293,
                                                                                                                                                            "cumulative_rows_scanned": 3850116,
                                                                                                                                                            "operator_rows_scanned": 3850116,
                                                                                                                                                            "operator_timing": 0.13436860599999975,
                                                                                                                                                            "result_set_size": 17418344,
                                                                                                                                                            "children": []
                                                                                                                                                        },
                                                                                                                                                        {
                                                                                                                                                            "operator_name": "HASH_JOIN",
                                                                                                                                                            "cpu_time": 2.743717278,
                                                                                                                                                            "extra_info": {
                                                                                                                                                                "Join Type": "INNER",
                                                                                                                                                                "Conditions": "UserId = owneruserid",
                                                                                                                                                                "Estimated Cardinality": "770023"
                                                                                                                                                            },
                                                                                                                                                            "cumulative_cardinality": 10783673,
                                                                                                                                                            "operator_type": "HASH_JOIN",
                                                                                                                                                            "operator_cardinality": 1589663,
                                                                                                                                                            "cumulative_rows_scanned": 5110826,
                                                                                                                                                            "operator_rows_scanned": 0,
                                                                                                                                                            "operator_timing": 0.21655144799999979,
                                                                                                                                                            "result_set_size": 89021128,
                                                                                                                                                            "children": [
                                                                                                                                                                {
                                                                                                                                                                    "operator_name": "PROJECTION",
                                                                                                                                                                    "cpu_time": 0.12962429099999992,
                                                                                                                                                                    "extra_info": {
                                                                                                                                                                        "Projections": [
                                                                                                                                                                            "UserId",
                                                                                                                                                                            "displayname",
                                                                                                                                                                            "ReputationLevel"
                                                                                                                                                                        ],
                                                                                                                                                                        "Estimated Cardinality": "1260710"
                                                                                                                                                                    },
                                                                                                                                                                    "cumulative_cardinality": 2521354,
                                                                                                                                                                    "operator_type": "PROJECTION",
                                                                                                                                                                    "operator_cardinality": 1260677,
                                                                                                                                                                    "cumulative_rows_scanned": 1260710,
                                                                                                                                                                    "operator_rows_scanned": 0,
                                                                                                                                                                    "operator_timing": 0.01333956500000001,
                                                                                                                                                                    "result_set_size": 45384372,
                                                                                                                                                                    "children": [
                                                                                                                                                                        {
                                                                                                                                                                            "operator_name": "READ_PARQUET ",
                                                                                                                                                                            "cpu_time": 0.11628472599999992,
                                                                                                                                                                            "extra_info": {
                                                                                                                                                                                "Function": "READ_PARQUET",
                                                                                                                                                                                "Projections": [
                                                                                                                                                                                    "id",
                                                                                                                                                                                    "reputation",
                                                                                                                                                                                    "displayname"
                                                                                                                                                                                ],
                                                                                                                                                                                "Filters": "id<=1416539",
                                                                                                                                                                                "Estimated Cardinality": "1260710"
                                                                                                                                                                            },
                                                                                                                                                                            "cumulative_cardinality": 1260677,
                                                                                                                                                                            "operator_type": "TABLE_SCAN",
                                                                                                                                                                            "operator_cardinality": 1260677,
                                                                                                                                                                            "cumulative_rows_scanned": 1260710,
                                                                                                                                                                            "operator_rows_scanned": 1260710,
                                                                                                                                                                            "operator_timing": 0.11628472599999992,
                                                                                                                                                                            "result_set_size": 30256248,
                                                                                                                                                                            "children": []
                                                                                                                                                                        }
                                                                                                                                                                    ]
                                                                                                                                                                },
                                                                                                                                                                {
                                                                                                                                                                    "operator_name": "PROJECTION",
                                                                                                                                                                    "cpu_time": 2.3975415390000006,
                                                                                                                                                                    "extra_info": {
                                                                                                                                                                        "Projections": [
                                                                                                                                                                            "PostId",
                                                                                                                                                                            "title",
                                                                                                                                                                            "viewcount",
                                                                                                                                                                            "owneruserid"
                                                                                                                                                                        ],
                                                                                                                                                                        "Estimated Cardinality": "770023"
                                                                                                                                                                    },
                                                                                                                                                                    "cumulative_cardinality": 6672656,
                                                                                                                                                                    "operator_type": "PROJECTION",
                                                                                                                                                                    "operator_cardinality": 1668164,
                                                                                                                                                                    "cumulative_rows_scanned": 3850116,
                                                                                                                                                                    "operator_rows_scanned": 0,
                                                                                                                                                                    "operator_timing": 0.00027615300000000023,
                                                                                                                                                                    "result_set_size": 46708592,
                                                                                                                                                                    "children": [
                                                                                                                                                                        {
                                                                                                                                                                            "operator_name": "PROJECTION",
                                                                                                                                                                            "cpu_time": 2.3972653860000004,
                                                                                                                                                                            "extra_info": {
                                                                                                                                                                                "Projections": [
                                                                                                                                                                                    "#0",
                                                                                                                                                                                    "#1",
                                                                                                                                                                                    "#2",
                                                                                                                                                                                    "#3",
                                                                                                                                                                                    "#4",
                                                                                                                                                                                    "#5"
                                                                                                                                                                                ],
                                                                                                                                                                                "Estimated Cardinality": "770023"
                                                                                                                                                                            },
                                                                                                                                                                            "cumulative_cardinality": 5004492,
                                                                                                                                                                            "operator_type": "PROJECTION",
                                                                                                                                                                            "operator_cardinality": 1668164,
                                                                                                                                                                            "cumulative_rows_scanned": 3850116,
                                                                                                                                                                            "operator_rows_scanned": 0,
                                                                                                                                                                            "operator_timing": 0.0003938879999999996,
                                                                                                                                                                            "result_set_size": 73399216,
                                                                                                                                                                            "children": [
                                                                                                                                                                                {
                                                                                                                                                                                    "operator_name": "WINDOW",
                                                                                                                                                                                    "cpu_time": 2.3968714980000003,
                                                                                                                                                                                    "extra_info": {
                                                                                                                                                                                        "Projections": "ROW_NUMBER() OVER (PARTITION BY owneruserid ORDER BY creationdate DESC NULLS LAST)"
                                                                                                                                                                                    },
                                                                                                                                                                                    "cumulative_cardinality": 3336328,
                                                                                                                                                                                    "operator_type": "WINDOW",
                                                                                                                                                                                    "operator_cardinality": 1668164,
                                                                                                                                                                                    "cumulative_rows_scanned": 3850116,
                                                                                                                                                                                    "operator_rows_scanned": 0,
                                                                                                                                                                                    "operator_timing": 0.7445425299999997,
                                                                                                                                                                                    "result_set_size": 73399216,
                                                                                                                                                                                    "children": [
                                                                                                                                                                                        {
                                                                                                                                                                                            "operator_name": "READ_PARQUET ",
                                                                                                                                                                                            "cpu_time": 1.6523289680000004,
                                                                                                                                                                                            "extra_info": {
                                                                                                                                                                                                "Function": "READ_PARQUET",
                                                                                                                                                                                                "Projections": [
                                                                                                                                                                                                    "id",
                                                                                                                                                                                                    "creationdate",
                                                                                                                                                                                                    "viewcount",
                                                                                                                                                                                                    "owneruserid",
                                                                                                                                                                                                    "title"
                                                                                                                                                                                                ],
                                                                                                                                                                                                "Filters": "posttypeid=1",
                                                                                                                                                                                                "Estimated Cardinality": "770023"
                                                                                                                                                                                            },
                                                                                                                                                                                            "cumulative_cardinality": 1668164,
                                                                                                                                                                                            "operator_type": "TABLE_SCAN",
                                                                                                                                                                                            "operator_cardinality": 1668164,
                                                                                                                                                                                            "cumulative_rows_scanned": 3850116,
                                                                                                                                                                                            "operator_rows_scanned": 3850116,
                                                                                                                                                                                            "operator_timing": 1.6523289680000004,
                                                                                                                                                                                            "result_set_size": 60053904,
                                                                                                                                                                                            "children": []
                                                                                                                                                                                        }
                                                                                                                                                                                    ]
                                                                                                                                                                                }
                                                                                                                                                                            ]
                                                                                                                                                                        }
                                                                                                                                                                    ]
                                                                                                                                                                }
                                                                                                                                                            ]
                                                                                                                                                        }
                                                                                                                                                    ]
                                                                                                                                                }
                                                                                                                                            ]
                                                                                                                                        }
                                                                                                                                    ]
                                                                                                                                }
                                                                                                                            ]
                                                                                                                        }
                                                                                                                    ]
                                                                                                                }
                                                                                                            ]
                                                                                                        }
                                                                                                    ]
                                                                                                }
                                                                                            ]
                                                                                        }
                                                                                    ]
                                                                                }
                                                                            ]
                                                                        }
                                                                    ]
                                                                }
                                                            ]
                                                        }
                                                    ]
                                                }
                                            ]
                                        }
                                    ]
                                }
                            ]
                        }
                    ]
                }
            ]
        }
    ]
}