{
    "rows_returned": 11215,
    "query_name": "WITH UserPostStats AS (\n    SELECT \n        u.Id AS UserId,\n        u.DisplayName,\n        COUNT(p.Id) AS TotalPosts,\n        SUM(CASE WHEN p.PostTypeId = 1 THEN 1 ELSE 0 END) AS Questions,\n        SUM(CASE WHEN p.PostTypeId = 2 THEN 1 ELSE 0 END) AS Answers,\n        SUM(p.Score) AS TotalScore,\n        AVG(EXTRACT(EPOCH FROM (cast('2024-10-01 12:34:56' as timestamp) - p.CreationDate)) / 3600) AS AvgPostAgeHours\n    FROM \n        Users u\n    LEFT JOIN \n        Posts p ON u.Id = p.OwnerUserId\n    WHERE \n        u.Reputation > 1000\n    GROUP BY \n        u.Id, u.DisplayName\n),\nPopularTags AS (\n    SELECT \n        unnest(string_to_array(substring(p.Tags, 2, length(p.Tags)-2), '><')) AS TagName\n    FROM \n        Posts p\n    WHERE \n        p.PostTypeId = 1\n),\nTagUsage AS (\n    SELECT \n        t.TagName,\n        COUNT(*) AS UsageCount\n    FROM \n        PopularTags pt\n    JOIN \n        Tags t ON t.TagName = pt.TagName\n    GROUP BY \n        t.TagName\n)\nSELECT \n    ups.DisplayName,\n    ups.TotalPosts,\n    ups.Questions,\n    ups.Answers,\n    ups.TotalScore,\n    ups.AvgPostAgeHours,\n    tu.TagName,\n    tu.UsageCount\nFROM \n    UserPostStats ups\nJOIN \n    TagUsage tu ON tu.UsageCount = (\n        SELECT \n            MAX(UsageCount) \n        FROM \n            TagUsage \n    )\nORDER BY \n    ups.TotalPosts DESC, \n    ups.TotalScore DESC;",
    "blocked_thread_time": 0.0,
    "cpu_time": 6.984388881039421,
    "extra_info": {},
    "cumulative_cardinality": 26389529,
    "cumulative_rows_scanned": 8962918,
    "result_set_size": 1166360,
    "latency": 13.954884189,
    "children": [
        {
            "operator_name": "ORDER_BY",
            "cpu_time": 6.984388881039421,
            "extra_info": {
                "Order By": [
                    "ups.TotalPosts DESC",
                    "ups.TotalScore DESC"
                ]
            },
            "cumulative_cardinality": 26389529,
            "operator_type": "ORDER_BY",
            "operator_cardinality": 11215,
            "cumulative_rows_scanned": 8962918,
            "operator_rows_scanned": 0,
            "operator_timing": 0.001128677,
            "result_set_size": 1166360,
            "children": [
                {
                    "operator_name": "PROJECTION",
                    "cpu_time": 6.983260204039421,
                    "extra_info": {
                        "Projections": [
                            "displayname",
                            "TotalPosts",
                            "Questions",
                            "Answers",
                            "TotalScore",
                            "AvgPostAgeHours",
                            "tagname",
                            "UsageCount"
                        ],
                        "Estimated Cardinality": "1976"
                    },
                    "cumulative_cardinality": 26378314,
                    "operator_type": "PROJECTION",
                    "operator_cardinality": 11215,
                    "cumulative_rows_scanned": 8962918,
                    "operator_rows_scanned": 0,
                    "operator_timing": 0.000003357,
                    "result_set_size": 1166360,
                    "children": [
                        {
                            "operator_name": "CTE",
                            "cpu_time": 6.983256847039422,
                            "extra_info": {
                                "CTE Name": "TagUsage",
                                "Table Index": "0"
                            },
                            "cumulative_cardinality": 26367099,
                            "operator_type": "CTE",
                            "operator_cardinality": 0,
                            "cumulative_rows_scanned": 8962918,
                            "operator_rows_scanned": 0,
                            "operator_timing": 0.000026379,
                            "result_set_size": 0,
                            "children": [
                                {
                                    "operator_name": "HASH_GROUP_BY",
                                    "cpu_time": 6.479657868039421,
                                    "extra_info": {
                                        "Groups": "#0",
                                        "Aggregates": "count_star()",
                                        "Estimated Cardinality": "1976"
                                    },
                                    "cumulative_cardinality": 17851176,
                                    "operator_type": "HASH_GROUP_BY",
                                    "operator_cardinality": 1976,
                                    "cumulative_rows_scanned": 3852092,
                                    "operator_rows_scanned": 0,
                                    "operator_timing": 0.12641023500000018,
                                    "result_set_size": 47424,
                                    "children": [
                                        {
                                            "operator_name": "PROJECTION",
                                            "cpu_time": 6.353247633039421,
                                            "extra_info": {
                                                "Projections": "tagname",
                                                "Estimated Cardinality": "770023"
                                            },
                                            "cumulative_cardinality": 17849200,
                                            "operator_type": "PROJECTION",
                                            "operator_cardinality": 4044765,
                                            "cumulative_rows_scanned": 3852092,
                                            "operator_rows_scanned": 0,
                                            "operator_timing": 0.0002814309999999963,
                                            "result_set_size": 64716240,
                                            "children": [
                                                {
                                                    "operator_name": "HASH_JOIN",
                                                    "cpu_time": 6.352966202039421,
                                                    "extra_info": {
                                                        "Join Type": "INNER",
                                                        "Conditions": "TagName = tagname",
                                                        "Estimated Cardinality": "770023"
                                                    },
                                                    "cumulative_cardinality": 13804435,
                                                    "operator_type": "HASH_JOIN",
                                                    "operator_cardinality": 4044765,
                                                    "cumulative_rows_scanned": 3852092,
                                                    "operator_rows_scanned": 0,
                                                    "operator_timing": 4.9675112550345295,
                                                    "result_set_size": 129432480,
                                                    "children": [
                                                        {
                                                            "operator_name": "PROJECTION",
                                                            "cpu_time": 1.3851165740048919,
                                                            "extra_info": {
                                                                "Projections": "TagName",
                                                                "Estimated Cardinality": "770023"
                                                            },
                                                            "cumulative_cardinality": 9757694,
                                                            "operator_type": "PROJECTION",
                                                            "operator_cardinality": 4044765,
                                                            "cumulative_rows_scanned": 3850116,
                                                            "operator_rows_scanned": 0,
                                                            "operator_timing": 0.1263681660012362,
                                                            "result_set_size": 64716240,
                                                            "children": [
                                                                {
                                                                    "operator_name": "UNNEST",
                                                                    "cpu_time": 1.2587484080036557,
                                                                    "extra_info": {},
                                                                    "cumulative_cardinality": 5712929,
                                                                    "operator_type": "UNNEST",
                                                                    "operator_cardinality": 4044765,
                                                                    "cumulative_rows_scanned": 3850116,
                                                                    "operator_rows_scanned": 0,
                                                                    "operator_timing": 1.0238391990036555,
                                                                    "result_set_size": 129432480,
                                                                    "children": [
                                                                        {
                                                                            "operator_name": "READ_PARQUET ",
                                                                            "cpu_time": 0.23490920900000017,
                                                                            "extra_info": {
                                                                                "Function": "READ_PARQUET",
                                                                                "Projections": "tags",
                                                                                "Filters": "posttypeid=1",
                                                                                "Estimated Cardinality": "770023"
                                                                            },
                                                                            "cumulative_cardinality": 1668164,
                                                                            "operator_type": "TABLE_SCAN",
                                                                            "operator_cardinality": 1668164,
                                                                            "cumulative_rows_scanned": 3850116,
                                                                            "operator_rows_scanned": 3850116,
                                                                            "operator_timing": 0.23490920900000017,
                                                                            "result_set_size": 26690624,
                                                                            "children": []
                                                                        }
                                                                    ]
                                                                }
                                                            ]
                                                        },
                                                        {
                                                            "operator_name": "READ_PARQUET ",
                                                            "cpu_time": 0.000338373,
                                                            "extra_info": {
                                                                "Function": "READ_PARQUET",
                                                                "Projections": "tagname",
                                                                "Estimated Cardinality": "1976"
                                                            },
                                                            "cumulative_cardinality": 1976,
                                                            "operator_type": "TABLE_SCAN",
                                                            "operator_cardinality": 1976,
                                                            "cumulative_rows_scanned": 1976,
                                                            "operator_rows_scanned": 1976,
                                                            "operator_timing": 0.000338373,
                                                            "result_set_size": 31616,
                                                            "children": []
                                                        }
                                                    ]
                                                }
                                            ]
                                        }
                                    ]
                                },
                                {
                                    "operator_name": "CROSS_PRODUCT",
                                    "cpu_time": 0.5035726000000001,
                                    "extra_info": {},
                                    "cumulative_cardinality": 8515923,
                                    "operator_type": "CROSS_PRODUCT",
                                    "operator_cardinality": 11215,
                                    "cumulative_rows_scanned": 5110826,
                                    "operator_rows_scanned": 0,
                                    "operator_timing": 0.000051175999999999986,
                                    "result_set_size": 1300940,
                                    "children": [
                                        {
                                            "operator_name": "HASH_GROUP_BY",
                                            "cpu_time": 0.5033291820000001,
                                            "extra_info": {
                                                "Groups": [
                                                    "#0",
                                                    "#1"
                                                ],
                                                "Aggregates": [
                                                    "count(#2)",
                                                    "sum(#3)",
                                                    "sum(#4)",
                                                    "sum(#5)",
                                                    "avg(#6)"
                                                ],
                                                "Estimated Cardinality": "1260710"
                                            },
                                            "cumulative_cardinality": 8498775,
                                            "operator_type": "HASH_GROUP_BY",
                                            "operator_cardinality": 11215,
                                            "cumulative_rows_scanned": 5110826,
                                            "operator_rows_scanned": 0,
                                            "operator_timing": 0.11541194600000003,
                                            "result_set_size": 942060,
                                            "children": [
                                                {
                                                    "operator_name": "PROJECTION",
                                                    "cpu_time": 0.38791723600000005,
                                                    "extra_info": {
                                                        "Projections": [
                                                            "id",
                                                            "displayname",
                                                            "id",
                                                            "CASE  WHEN ((posttypeid = 1)) THEN (1) ELSE 0 END",
                                                            "CASE  WHEN ((posttypeid = 2)) THEN (1) ELSE 0 END",
                                                            "score",
                                                            "(epoch(('2024-10-01 12:34:56'::TIMESTAMP - creationdate)) / 3600.0)"
                                                        ],
                                                        "Estimated Cardinality": "3850116"
                                                    },
                                                    "cumulative_cardinality": 8487560,
                                                    "operator_type": "PROJECTION",
                                                    "operator_cardinality": 2396486,
                                                    "cumulative_rows_scanned": 5110826,
                                                    "operator_rows_scanned": 0,
                                                    "operator_timing": 0.05527994500000001,
                                                    "result_set_size": 105445384,
                                                    "children": [
                                                        {
                                                            "operator_name": "HASH_JOIN",
                                                            "cpu_time": 0.33263729100000006,
                                                            "extra_info": {
                                                                "Join Type": "RIGHT",
                                                                "Conditions": "owneruserid = id",
                                                                "Estimated Cardinality": "3850116"
                                                            },
                                                            "cumulative_cardinality": 6091074,
                                                            "operator_type": "HASH_JOIN",
                                                            "operator_cardinality": 2396486,
                                                            "cumulative_rows_scanned": 5110826,
                                                            "operator_rows_scanned": 0,
                                                            "operator_timing": 0.09448660000000061,
                                                            "result_set_size": 91066468,
                                                            "children": [
                                                                {
                                                                    "operator_name": "READ_PARQUET ",
                                                                    "cpu_time": 0.1845521539999995,
                                                                    "extra_info": {
                                                                        "Function": "READ_PARQUET",
                                                                        "Projections": [
                                                                            "id",
                                                                            "posttypeid",
                                                                            "creationdate",
                                                                            "score",
                                                                            "owneruserid"
                                                                        ],
                                                                        "Estimated Cardinality": "3850116"
                                                                    },
                                                                    "cumulative_cardinality": 3683373,
                                                                    "operator_type": "TABLE_SCAN",
                                                                    "operator_cardinality": 3683373,
                                                                    "cumulative_rows_scanned": 3850116,
                                                                    "operator_rows_scanned": 3850116,
                                                                    "operator_timing": 0.1845521539999995,
                                                                    "result_set_size": 81034206,
                                                                    "children": []
                                                                },
                                                                {
                                                                    "operator_name": "READ_PARQUET ",
                                                                    "cpu_time": 0.05359853699999996,
                                                                    "extra_info": {
                                                                        "Function": "READ_PARQUET",
                                                                        "Projections": [
                                                                            "id",
                                                                            "displayname"
                                                                        ],
                                                                        "Filters": "reputation>1000",
                                                                        "Estimated Cardinality": "252142"
                                                                    },
                                                                    "cumulative_cardinality": 11215,
                                                                    "operator_type": "TABLE_SCAN",
                                                                    "operator_cardinality": 11215,
                                                                    "cumulative_rows_scanned": 1260710,
                                                                    "operator_rows_scanned": 1260710,
                                                                    "operator_timing": 0.05359853699999996,
                                                                    "result_set_size": 224300,
                                                                    "children": []
                                                                }
                                                            ]
                                                        }
                                                    ]
                                                }
                                            ]
                                        },
                                        {
                                            "operator_name": "HASH_JOIN",
                                            "cpu_time": 0.000192242,
                                            "extra_info": {
                                                "Join Type": "INNER",
                                                "Conditions": "UsageCount = SUBQUERY",
                                                "Estimated Cardinality": "0"
                                            },
                                            "cumulative_cardinality": 5933,
                                            "operator_type": "HASH_JOIN",
                                            "operator_cardinality": 1,
                                            "cumulative_rows_scanned": 0,
                                            "operator_rows_scanned": 0,
                                            "operator_timing": 0.00006848999999999999,
                                            "result_set_size": 32,
                                            "children": [
                                                {
                                                    "operator_name": "CTE_SCAN",
                                                    "cpu_time": 0.000009037,
                                                    "extra_info": {
                                                        "CTE Index": "0",
                                                        "Estimated Cardinality": "1976"
                                                    },
                                                    "cumulative_cardinality": 1976,
                                                    "operator_type": "CTE_SCAN",
                                                    "operator_cardinality": 1976,
                                                    "cumulative_rows_scanned": 0,
                                                    "operator_rows_scanned": 0,
                                                    "operator_timing": 0.000009037,
                                                    "result_set_size": 47424,
                                                    "children": []
                                                },
                                                {
                                                    "operator_name": "PROJECTION",
                                                    "cpu_time": 0.000114715,
                                                    "extra_info": {
                                                        "Projections": [
                                                            "CASE  WHEN ((#1 > 1)) THEN (error('More than one row returned by a subquery used as an expression - scalar subqueries can only return a single row.",
                                                            "Use \"SET scalar_subquery_error_on_multiple_rows=false\" to revert to previous behavior of returning a random row.')) ELSE #0 END"
                                                        ],
                                                        "Estimated Cardinality": "1"
                                                    },
                                                    "cumulative_cardinality": 3956,
                                                    "operator_type": "PROJECTION",
                                                    "operator_cardinality": 1,
                                                    "cumulative_rows_scanned": 0,
                                                    "operator_rows_scanned": 0,
                                                    "operator_timing": 0.000002244,
                                                    "result_set_size": 8,
                                                    "children": [
                                                        {
                                                            "operator_name": "UNGROUPED_AGGREGATE",
                                                            "cpu_time": 0.000112471,
                                                            "extra_info": {
                                                                "Aggregates": [
                                                                    "\"first\"(#0)",
                                                                    "count_star()"
                                                                ]
                                                            },
                                                            "cumulative_cardinality": 3955,
                                                            "operator_type": "UNGROUPED_AGGREGATE",
                                                            "operator_cardinality": 1,
                                                            "cumulative_rows_scanned": 0,
                                                            "operator_rows_scanned": 0,
                                                            "operator_timing": 0.0000021649999999999996,
                                                            "result_set_size": 16,
                                                            "children": [
                                                                {
                                                                    "operator_name": "PROJECTION",
                                                                    "cpu_time": 0.000110306,
                                                                    "extra_info": {
                                                                        "Projections": "#0",
                                                                        "Estimated Cardinality": "1"
                                                                    },
                                                                    "cumulative_cardinality": 3954,
                                                                    "operator_type": "PROJECTION",
                                                                    "operator_cardinality": 1,
                                                                    "cumulative_rows_scanned": 0,
                                                                    "operator_rows_scanned": 0,
                                                                    "operator_timing": 1.3e-7,
                                                                    "result_set_size": 8,
                                                                    "children": [
                                                                        {
                                                                            "operator_name": "UNGROUPED_AGGREGATE",
                                                                            "cpu_time": 0.000110176,
                                                                            "extra_info": {
                                                                                "Aggregates": "max(#0)"
                                                                            },
                                                                            "cumulative_cardinality": 3953,
                                                                            "operator_type": "UNGROUPED_AGGREGATE",
                                                                            "operator_cardinality": 1,
                                                                            "cumulative_rows_scanned": 0,
                                                                            "operator_rows_scanned": 0,
                                                                            "operator_timing": 0.0000044189999999999995,
                                                                            "result_set_size": 8,
                                                                            "children": [
                                                                                {
                                                                                    "operator_name": "PROJECTION",
                                                                                    "cpu_time": 0.000105757,
                                                                                    "extra_info": {
                                                                                        "Projections": "UsageCount",
                                                                                        "Estimated Cardinality": "1976"
                                                                                    },
                                                                                    "cumulative_cardinality": 3952,
                                                                                    "operator_type": "PROJECTION",
                                                                                    "operator_cardinality": 1976,
                                                                                    "cumulative_rows_scanned": 0,
                                                                                    "operator_rows_scanned": 0,
                                                                                    "operator_timing": 4.2e-7,
                                                                                    "result_set_size": 15808,
                                                                                    "children": [
                                                                                        {
                                                                                            "operator_name": "CTE_SCAN",
                                                                                            "cpu_time": 0.000105337,
                                                                                            "extra_info": {
                                                                                                "CTE Index": "0",
                                                                                                "Estimated Cardinality": "1976"
                                                                                            },
                                                                                            "cumulative_cardinality": 1976,
                                                                                            "operator_type": "CTE_SCAN",
                                                                                            "operator_cardinality": 1976,
                                                                                            "cumulative_rows_scanned": 0,
                                                                                            "operator_rows_scanned": 0,
                                                                                            "operator_timing": 0.000105337,
                                                                                            "result_set_size": 47424,
                                                                                            "children": []
                                                                                        }
                                                                                    ]
                                                                                }
                                                                            ]
                                                                        }
                                                                    ]
                                                                }
                                                            ]
                                                        }
                                                    ]
                                                }
                                            ]
                                        }
                                    ]
                                }
                            ]
                        }
                    ]
                }
            ]
        }
    ]
}