{
    "rows_returned": 50,
    "query_name": "WITH UserActivity AS (\n    SELECT \n        u.Id AS UserId,\n        u.DisplayName,\n        u.Reputation,\n        COUNT(DISTINCT p.Id) AS PostCount,\n        COUNT(DISTINCT c.Id) AS CommentCount,\n        SUM(v.BountyAmount) AS TotalBounties,\n        SUM(CASE WHEN v.VoteTypeId = 2 THEN 1 ELSE 0 END) AS TotalUpvotes,\n        SUM(CASE WHEN v.VoteTypeId = 3 THEN 1 ELSE 0 END) AS TotalDownvotes\n    FROM Users u\n    LEFT JOIN Posts p ON u.Id = p.OwnerUserId\n    LEFT JOIN Comments c ON u.Id = c.UserId\n    LEFT JOIN Votes v ON u.Id = v.UserId\n    WHERE u.CreationDate >= cast('2024-10-01 12:34:56' as timestamp) - INTERVAL '1 year'\n    GROUP BY u.Id, u.DisplayName, u.Reputation\n),\nTagStatistics AS (\n    SELECT \n        t.TagName,\n        COUNT(DISTINCT p.Id) AS PostCount,\n        SUM(p.ViewCount) AS TotalViews,\n        AVG(p.Score) AS AverageScore\n    FROM Tags t\n    JOIN Posts p ON p.Tags LIKE '%' || t.TagName || '%'\n    WHERE p.CreationDate >= cast('2024-10-01 12:34:56' as timestamp) - INTERVAL '1 year'\n    GROUP BY t.TagName\n),\nPostHistoryDetails AS (\n    SELECT \n        ph.PostId,\n        p.Title,\n        p.Body,\n        ph.UserDisplayName,\n        ph.CreationDate,\n        p.Tags,\n        ph.Comment,\n        COUNT(CASE WHEN ph.PostHistoryTypeId = 10 THEN 1 END) AS CloseVoteCount\n    FROM PostHistory ph\n    JOIN Posts p ON ph.PostId = p.Id\n    GROUP BY ph.PostId, p.Title, p.Body, ph.UserDisplayName, ph.CreationDate, p.Tags, ph.Comment\n)\nSELECT \n    ua.DisplayName AS User,\n    ua.Reputation AS Reputation,\n    ua.PostCount AS PostsCreated,\n    ua.CommentCount AS CommentsMade,\n    ua.TotalBounties AS BountiesReceived,\n    ua.TotalUpvotes AS UpvotesGiven,\n    ua.TotalDownvotes AS DownvotesGiven,\n    ts.TagName AS PopularTag,\n    ts.PostCount AS TagPostCount,\n    ts.TotalViews AS TagTotalViews,\n    ts.AverageScore AS TagAverageScore,\n    phd.Title AS RecentPostTitle,\n    phd.Body AS RecentPostBody,\n    phd.UserDisplayName AS PostEditor,\n    phd.CreationDate AS PostHistoryDate,\n    phd.Tags AS PostTags,\n    phd.Comment AS PostEditComment,\n    phd.CloseVoteCount AS TotalCloseVotes\nFROM UserActivity ua\nJOIN TagStatistics ts ON ua.PostCount > 0\nJOIN PostHistoryDetails phd ON ua.UserId = phd.PostId\nWHERE ua.Reputation > 1000\nORDER BY ua.Reputation DESC, ts.PostCount DESC\nLIMIT 50;",
    "blocked_thread_time": 0.0,
    "cpu_time": 46.83078271099971,
    "extra_info": {},
    "cumulative_cardinality": 138495244,
    "cumulative_rows_scanned": 44594193,
    "result_set_size": 11400,
    "latency": 47.640762279,
    "children": [
        {
            "operator_name": "STREAMING_LIMIT",
            "cpu_time": 46.83078271099971,
            "extra_info": {},
            "cumulative_cardinality": 138495244,
            "operator_type": "STREAMING_LIMIT",
            "operator_cardinality": 50,
            "cumulative_rows_scanned": 44594193,
            "operator_rows_scanned": 0,
            "operator_timing": 0.000003416,
            "result_set_size": 11400,
            "children": [
                {
                    "operator_name": "ORDER_BY",
                    "cpu_time": 46.830779294999715,
                    "extra_info": {
                        "Order By": [
                            "ua.Reputation DESC",
                            "ts.PostCount DESC"
                        ]
                    },
                    "cumulative_cardinality": 138495194,
                    "operator_type": "ORDER_BY",
                    "operator_cardinality": 4096,
                    "cumulative_rows_scanned": 44594193,
                    "operator_rows_scanned": 0,
                    "operator_timing": 0.020848237999999998,
                    "result_set_size": 933888,
                    "children": [
                        {
                            "operator_name": "PROJECTION",
                            "cpu_time": 46.809931056999716,
                            "extra_info": {
                                "Projections": [
                                    "User",
                                    "Reputation",
                                    "PostsCreated",
                                    "CommentsMade",
                                    "BountiesReceived",
                                    "UpvotesGiven",
                                    "DownvotesGiven",
                                    "PopularTag",
                                    "TagPostCount",
                                    "TagTotalViews",
                                    "TagAverageScore",
                                    "RecentPostTitle",
                                    "RecentPostBody",
                                    "PostEditor",
                                    "PostHistoryDate",
                                    "PostTags",
                                    "PostEditComment",
                                    "TotalCloseVotes"
                                ],
                                "Estimated Cardinality": "1179524"
                            },
                            "cumulative_cardinality": 138491098,
                            "operator_type": "PROJECTION",
                            "operator_cardinality": 75200,
                            "cumulative_rows_scanned": 44594193,
                            "operator_rows_scanned": 0,
                            "operator_timing": 0.000046254000000000015,
                            "result_set_size": 17145600,
                            "children": [
                                {
                                    "operator_name": "CROSS_PRODUCT",
                                    "cpu_time": 46.80988480299972,
                                    "extra_info": {},
                                    "cumulative_cardinality": 138415898,
                                    "operator_type": "CROSS_PRODUCT",
                                    "operator_cardinality": 75200,
                                    "cumulative_rows_scanned": 44594193,
                                    "operator_rows_scanned": 0,
                                    "operator_timing": 0.0013594819999999995,
                                    "result_set_size": 17747200,
                                    "children": [
                                        {
                                            "operator_name": "HASH_JOIN",
                                            "cpu_time": 20.547917210999962,
                                            "extra_info": {
                                                "Join Type": "INNER",
                                                "Conditions": "postid = UserId",
                                                "Estimated Cardinality": "1179524"
                                            },
                                            "cumulative_cardinality": 137656146,
                                            "operator_type": "HASH_JOIN",
                                            "operator_cardinality": 40,
                                            "cumulative_rows_scanned": 40742101,
                                            "operator_rows_scanned": 0,
                                            "operator_timing": 0.0027944719999999997,
                                            "result_set_size": 7520,
                                            "children": [
                                                {
                                                    "operator_name": "HASH_GROUP_BY",
                                                    "cpu_time": 14.918993119999989,
                                                    "extra_info": {
                                                        "Groups": [
                                                            "#0",
                                                            "#1",
                                                            "#2",
                                                            "#3",
                                                            "#4",
                                                            "#5",
                                                            "#6"
                                                        ],
                                                        "Aggregates": "count(#7)",
                                                        "Estimated Cardinality": "5897622"
                                                    },
                                                    "cumulative_cardinality": 5480753,
                                                    "operator_type": "HASH_GROUP_BY",
                                                    "operator_cardinality": 239193,
                                                    "cumulative_rows_scanned": 15645360,
                                                    "operator_rows_scanned": 0,
                                                    "operator_timing": 0.2506949350000001,
                                                    "result_set_size": 23919300,
                                                    "children": [
                                                        {
                                                            "operator_name": "PROJECTION",
                                                            "cpu_time": 14.668298184999989,
                                                            "extra_info": {
                                                                "Projections": [
                                                                    "postid",
                                                                    "title",
                                                                    "body",
                                                                    "userdisplayname",
                                                                    "creationdate",
                                                                    "tags",
                                                                    "comment",
                                                                    "CASE  WHEN ((posthistorytypeid = 10)) THEN (1) ELSE NULL END"
                                                                ],
                                                                "Estimated Cardinality": "11795244"
                                                            },
                                                            "cumulative_cardinality": 5241560,
                                                            "operator_type": "PROJECTION",
                                                            "operator_cardinality": 347861,
                                                            "cumulative_rows_scanned": 15645360,
                                                            "operator_rows_scanned": 0,
                                                            "operator_timing": 0.0015583749999999994,
                                                            "result_set_size": 33394656,
                                                            "children": [
                                                                {
                                                                    "operator_name": "FILTER",
                                                                    "cpu_time": 14.666739809999989,
                                                                    "extra_info": {
                                                                        "Expression": "(postid <= 1416570)",
                                                                        "Estimated Cardinality": "11795244"
                                                                    },
                                                                    "cumulative_cardinality": 4893699,
                                                                    "operator_type": "FILTER",
                                                                    "operator_cardinality": 347861,
                                                                    "cumulative_rows_scanned": 15645360,
                                                                    "operator_rows_scanned": 0,
                                                                    "operator_timing": 0.0007802679999999997,
                                                                    "result_set_size": 32698934,
                                                                    "children": [
                                                                        {
                                                                            "operator_name": "HASH_JOIN",
                                                                            "cpu_time": 14.665959541999989,
                                                                            "extra_info": {
                                                                                "Join Type": "INNER",
                                                                                "Conditions": "postid = id",
                                                                                "Estimated Cardinality": "11795244"
                                                                            },
                                                                            "cumulative_cardinality": 4545838,
                                                                            "operator_type": "HASH_JOIN",
                                                                            "operator_cardinality": 347861,
                                                                            "cumulative_rows_scanned": 15645360,
                                                                            "operator_rows_scanned": 0,
                                                                            "operator_timing": 1.203845428,
                                                                            "result_set_size": 32698934,
                                                                            "children": [
                                                                                {
                                                                                    "operator_name": "READ_PARQUET ",
                                                                                    "cpu_time": 2.7578579580000064,
                                                                                    "extra_info": {
                                                                                        "Function": "READ_PARQUET",
                                                                                        "Projections": [
                                                                                            "posthistorytypeid",
                                                                                            "postid",
                                                                                            "creationdate",
                                                                                            "userdisplayname",
                                                                                            "comment"
                                                                                        ],
                                                                                        "Estimated Cardinality": "11795244"
                                                                                    },
                                                                                    "cumulative_cardinality": 347861,
                                                                                    "operator_type": "TABLE_SCAN",
                                                                                    "operator_cardinality": 347861,
                                                                                    "cumulative_rows_scanned": 11795244,
                                                                                    "operator_rows_scanned": 11795244,
                                                                                    "operator_timing": 2.7578579580000064,
                                                                                    "result_set_size": 16001606,
                                                                                    "children": []
                                                                                },
                                                                                {
                                                                                    "operator_name": "READ_PARQUET ",
                                                                                    "cpu_time": 10.704256155999984,
                                                                                    "extra_info": {
                                                                                        "Function": "READ_PARQUET",
                                                                                        "Projections": [
                                                                                            "id",
                                                                                            "body",
                                                                                            "title",
                                                                                            "tags"
                                                                                        ],
                                                                                        "Estimated Cardinality": "3850116"
                                                                                    },
                                                                                    "cumulative_cardinality": 3850116,
                                                                                    "operator_type": "TABLE_SCAN",
                                                                                    "operator_cardinality": 3850116,
                                                                                    "cumulative_rows_scanned": 3850116,
                                                                                    "operator_rows_scanned": 3850116,
                                                                                    "operator_timing": 10.704256155999984,
                                                                                    "result_set_size": 200206032,
                                                                                    "children": []
                                                                                }
                                                                            ]
                                                                        }
                                                                    ]
                                                                }
                                                            ]
                                                        }
                                                    ]
                                                },
                                                {
                                                    "operator_name": "FILTER",
                                                    "cpu_time": 5.626129618999973,
                                                    "extra_info": {
                                                        "Expression": "(PostCount > 0)",
                                                        "Estimated Cardinality": "252142"
                                                    },
                                                    "cumulative_cardinality": 132175353,
                                                    "operator_type": "FILTER",
                                                    "operator_cardinality": 34,
                                                    "cumulative_rows_scanned": 25096741,
                                                    "operator_rows_scanned": 0,
                                                    "operator_timing": 0.000024415,
                                                    "result_set_size": 2992,
                                                    "children": [
                                                        {
                                                            "operator_name": "HASH_GROUP_BY",
                                                            "cpu_time": 5.626105203999972,
                                                            "extra_info": {
                                                                "Groups": [
                                                                    "#0",
                                                                    "#1",
                                                                    "#2"
                                                                ],
                                                                "Aggregates": [
                                                                    "count(DISTINCT #3)",
                                                                    "count(DISTINCT #4)",
                                                                    "sum(#5)",
                                                                    "sum(#6)",
                                                                    "sum(#7)"
                                                                ],
                                                                "Estimated Cardinality": "1260710"
                                                            },
                                                            "cumulative_cardinality": 132175319,
                                                            "operator_type": "HASH_GROUP_BY",
                                                            "operator_cardinality": 34,
                                                            "cumulative_rows_scanned": 25096741,
                                                            "operator_rows_scanned": 0,
                                                            "operator_timing": 3.675540179999983,
                                                            "result_set_size": 2992,
                                                            "children": [
                                                                {
                                                                    "operator_name": "PROJECTION",
                                                                    "cpu_time": 1.9505650239999894,
                                                                    "extra_info": {
                                                                        "Projections": [
                                                                            "id",
                                                                            "displayname",
                                                                            "reputation",
                                                                            "id",
                                                                            "id",
                                                                            "bountyamount",
                                                                            "CASE  WHEN ((votetypeid = 2)) THEN (1) ELSE 0 END",
                                                                            "CASE  WHEN ((votetypeid = 3)) THEN (1) ELSE 0 END"
                                                                        ],
                                                                        "Estimated Cardinality": "12744093"
                                                                    },
                                                                    "cumulative_cardinality": 132175285,
                                                                    "operator_type": "PROJECTION",
                                                                    "operator_cardinality": 43671050,
                                                                    "cumulative_rows_scanned": 25096741,
                                                                    "operator_rows_scanned": 0,
                                                                    "operator_timing": 0.15265351700000115,
                                                                    "result_set_size": 1921526200,
                                                                    "children": [
                                                                        {
                                                                            "operator_name": "FILTER",
                                                                            "cpu_time": 1.7979115069999883,
                                                                            "extra_info": {
                                                                                "Expression": "(id >= 1)",
                                                                                "Estimated Cardinality": "12744093"
                                                                            },
                                                                            "cumulative_cardinality": 88504235,
                                                                            "operator_type": "FILTER",
                                                                            "operator_cardinality": 43671050,
                                                                            "cumulative_rows_scanned": 25096741,
                                                                            "operator_rows_scanned": 0,
                                                                            "operator_timing": 0.0512676799999996,
                                                                            "result_set_size": 1659499900,
                                                                            "children": [
                                                                                {
                                                                                    "operator_name": "HASH_JOIN",
                                                                                    "cpu_time": 1.7466438269999887,
                                                                                    "extra_info": {
                                                                                        "Join Type": "RIGHT",
                                                                                        "Conditions": "userid = id",
                                                                                        "Estimated Cardinality": "12744093"
                                                                                    },
                                                                                    "cumulative_cardinality": 44833185,
                                                                                    "operator_type": "HASH_JOIN",
                                                                                    "operator_cardinality": 43671050,
                                                                                    "cumulative_rows_scanned": 25096741,
                                                                                    "operator_rows_scanned": 0,
                                                                                    "operator_timing": 1.3933811149999886,
                                                                                    "result_set_size": 1659499900,
                                                                                    "children": [
                                                                                        {
                                                                                            "operator_name": "READ_PARQUET ",
                                                                                            "cpu_time": 0.06085853600000003,
                                                                                            "extra_info": {
                                                                                                "Function": "READ_PARQUET",
                                                                                                "Projections": [
                                                                                                    "votetypeid",
                                                                                                    "userid",
                                                                                                    "bountyamount"
                                                                                                ],
                                                                                                "Estimated Cardinality": "12744093"
                                                                                            },
                                                                                            "cumulative_cardinality": 313,
                                                                                            "operator_type": "TABLE_SCAN",
                                                                                            "operator_cardinality": 313,
                                                                                            "cumulative_rows_scanned": 12744093,
                                                                                            "operator_rows_scanned": 12744093,
                                                                                            "operator_timing": 0.06085853600000003,
                                                                                            "result_set_size": 3130,
                                                                                            "children": []
                                                                                        },
                                                                                        {
                                                                                            "operator_name": "HASH_JOIN",
                                                                                            "cpu_time": 0.29240417599999996,
                                                                                            "extra_info": {
                                                                                                "Join Type": "RIGHT",
                                                                                                "Conditions": "userid = id",
                                                                                                "Estimated Cardinality": "7241822"
                                                                                            },
                                                                                            "cumulative_cardinality": 1161822,
                                                                                            "operator_type": "HASH_JOIN",
                                                                                            "operator_cardinality": 1098652,
                                                                                            "cumulative_rows_scanned": 12352648,
                                                                                            "operator_rows_scanned": 0,
                                                                                            "operator_timing": 0.02075026299999999,
                                                                                            "result_set_size": 35156864,
                                                                                            "children": [
                                                                                                {
                                                                                                    "operator_name": "READ_PARQUET ",
                                                                                                    "cpu_time": 0.20308387699999997,
                                                                                                    "extra_info": {
                                                                                                        "Function": "READ_PARQUET",
                                                                                                        "Projections": [
                                                                                                            "id",
                                                                                                            "userid"
                                                                                                        ],
                                                                                                        "Estimated Cardinality": "7241822"
                                                                                                    },
                                                                                                    "cumulative_cardinality": 33102,
                                                                                                    "operator_type": "TABLE_SCAN",
                                                                                                    "operator_cardinality": 33102,
                                                                                                    "cumulative_rows_scanned": 7241822,
                                                                                                    "operator_rows_scanned": 7241822,
                                                                                                    "operator_timing": 0.20308387699999997,
                                                                                                    "result_set_size": 264816,
                                                                                                    "children": []
                                                                                                },
                                                                                                {
                                                                                                    "operator_name": "HASH_JOIN",
                                                                                                    "cpu_time": 0.068570036,
                                                                                                    "extra_info": {
                                                                                                        "Join Type": "RIGHT",
                                                                                                        "Conditions": "owneruserid = id",
                                                                                                        "Estimated Cardinality": "3850116"
                                                                                                    },
                                                                                                    "cumulative_cardinality": 30068,
                                                                                                    "operator_type": "HASH_JOIN",
                                                                                                    "operator_cardinality": 3461,
                                                                                                    "cumulative_rows_scanned": 5110826,
                                                                                                    "operator_rows_scanned": 0,
                                                                                                    "operator_timing": 0.00115131,
                                                                                                    "result_set_size": 96908,
                                                                                                    "children": [
                                                                                                        {
                                                                                                            "operator_name": "READ_PARQUET ",
                                                                                                            "cpu_time": 0.053516934,
                                                                                                            "extra_info": {
                                                                                                                "Function": "READ_PARQUET",
                                                                                                                "Projections": [
                                                                                                                    "id",
                                                                                                                    "owneruserid"
                                                                                                                ],
                                                                                                                "Estimated Cardinality": "3850116"
                                                                                                            },
                                                                                                            "cumulative_cardinality": 26573,
                                                                                                            "operator_type": "TABLE_SCAN",
                                                                                                            "operator_cardinality": 26573,
                                                                                                            "cumulative_rows_scanned": 3850116,
                                                                                                            "operator_rows_scanned": 3850116,
                                                                                                            "operator_timing": 0.053516934,
                                                                                                            "result_set_size": 212584,
                                                                                                            "children": []
                                                                                                        },
                                                                                                        {
                                                                                                            "operator_name": "READ_PARQUET ",
                                                                                                            "cpu_time": 0.013901791999999996,
                                                                                                            "extra_info": {
                                                                                                                "Function": "READ_PARQUET",
                                                                                                                "Projections": [
                                                                                                                    "id",
                                                                                                                    "reputation",
                                                                                                                    "displayname"
                                                                                                                ],
                                                                                                                "Filters": [
                                                                                                                    "reputation>1000",
                                                                                                                    "creationdate>='2023-10-01 12:34:56'::TIMESTAMP"
                                                                                                                ],
                                                                                                                "Estimated Cardinality": "252142"
                                                                                                            },
                                                                                                            "cumulative_cardinality": 34,
                                                                                                            "operator_type": "TABLE_SCAN",
                                                                                                            "operator_cardinality": 34,
                                                                                                            "cumulative_rows_scanned": 1260710,
                                                                                                            "operator_rows_scanned": 1260710,
                                                                                                            "operator_timing": 0.013901791999999996,
                                                                                                            "result_set_size": 816,
                                                                                                            "children": []
                                                                                                        }
                                                                                                    ]
                                                                                                }
                                                                                            ]
                                                                                        }
                                                                                    ]
                                                                                }
                                                                            ]
                                                                        }
                                                                    ]
                                                                }
                                                            ]
                                                        }
                                                    ]
                                                }
                                            ]
                                        },
                                        {
                                            "operator_name": "HASH_GROUP_BY",
                                            "cpu_time": 26.260608109999755,
                                            "extra_info": {
                                                "Groups": "#0",
                                                "Aggregates": [
                                                    "count(DISTINCT #1)",
                                                    "sum(#2)",
                                                    "avg(#3)"
                                                ],
                                                "Estimated Cardinality": "1976"
                                            },
                                            "cumulative_cardinality": 684552,
                                            "operator_type": "HASH_GROUP_BY",
                                            "operator_cardinality": 1880,
                                            "cumulative_rows_scanned": 3852092,
                                            "operator_rows_scanned": 0,
                                            "operator_timing": 0.035124758999999985,
                                            "result_set_size": 90240,
                                            "children": [
                                                {
                                                    "operator_name": "PROJECTION",
                                                    "cpu_time": 26.225483350999756,
                                                    "extra_info": {
                                                        "Projections": [
                                                            "tagname",
                                                            "id",
                                                            "viewcount",
                                                            "score"
                                                        ],
                                                        "Estimated Cardinality": "770023"
                                                    },
                                                    "cumulative_cardinality": 682672,
                                                    "operator_type": "PROJECTION",
                                                    "operator_cardinality": 267577,
                                                    "cumulative_rows_scanned": 3852092,
                                                    "operator_rows_scanned": 0,
                                                    "operator_timing": 0.00018665199999999993,
                                                    "result_set_size": 7492156,
                                                    "children": [
                                                        {
                                                            "operator_name": "BLOCKWISE_NL_JOIN",
                                                            "cpu_time": 26.225296698999756,
                                                            "extra_info": {
                                                                "Join Type": "INNER",
                                                                "Condition": "(tags ~~ (('%' || tagname) || '%'))"
                                                            },
                                                            "cumulative_cardinality": 415095,
                                                            "operator_type": "BLOCKWISE_NL_JOIN",
                                                            "operator_cardinality": 267577,
                                                            "cumulative_rows_scanned": 3852092,
                                                            "operator_rows_scanned": 0,
                                                            "operator_timing": 26.176404045999757,
                                                            "result_set_size": 11773388,
                                                            "children": [
                                                                {
                                                                    "operator_name": "READ_PARQUET ",
                                                                    "cpu_time": 0.04852669899999999,
                                                                    "extra_info": {
                                                                        "Function": "READ_PARQUET",
                                                                        "Projections": [
                                                                            "id",
                                                                            "score",
                                                                            "viewcount",
                                                                            "tags"
                                                                        ],
                                                                        "Filters": "creationdate>='2023-10-01 12:34:56'::TIMESTAMP",
                                                                        "Estimated Cardinality": "770023"
                                                                    },
                                                                    "cumulative_cardinality": 145542,
                                                                    "operator_type": "TABLE_SCAN",
                                                                    "operator_cardinality": 145542,
                                                                    "cumulative_rows_scanned": 3850116,
                                                                    "operator_rows_scanned": 3850116,
                                                                    "operator_timing": 0.04852669899999999,
                                                                    "result_set_size": 4075176,
                                                                    "children": []
                                                                },
                                                                {
                                                                    "operator_name": "READ_PARQUET ",
                                                                    "cpu_time": 0.000365954,
                                                                    "extra_info": {
                                                                        "Function": "READ_PARQUET",
                                                                        "Projections": "tagname",
                                                                        "Estimated Cardinality": "1976"
                                                                    },
                                                                    "cumulative_cardinality": 1976,
                                                                    "operator_type": "TABLE_SCAN",
                                                                    "operator_cardinality": 1976,
                                                                    "cumulative_rows_scanned": 1976,
                                                                    "operator_rows_scanned": 1976,
                                                                    "operator_timing": 0.000365954,
                                                                    "result_set_size": 31616,
                                                                    "children": []
                                                                }
                                                            ]
                                                        }
                                                    ]
                                                }
                                            ]
                                        }
                                    ]
                                }
                            ]
                        }
                    ]
                }
            ]
        }
    ]
}