{
    "rows_returned": 0,
    "query_name": "WITH TagCounts AS (\n    SELECT\n        TagName,\n        COUNT(*) AS PostCount\n    FROM Tags\n    GROUP BY TagName\n),\nPostDetails AS (\n    SELECT\n        p.Id AS PostId,\n        p.Title,\n        p.CreationDate,\n        p.ViewCount,\n        pt.Name AS PostType,\n        u.DisplayName AS Author,\n        p.AnswerCount,\n        COALESCE(pc.CommentCount, 0) AS CommentCount,\n        COALESCE(b.BadgeCount, 0) AS BadgeCount,\n        COALESCE(l.LinkedScore, 0) AS LinkedScore\n    FROM Posts p\n    JOIN PostTypes pt ON p.PostTypeId = pt.Id\n    LEFT JOIN Users u ON p.OwnerUserId = u.Id\n    LEFT JOIN (\n        SELECT PostId, COUNT(*) AS CommentCount\n        FROM Comments\n        GROUP BY PostId\n    ) pc ON p.Id = pc.PostId\n    LEFT JOIN (\n        SELECT PostId, SUM(CASE WHEN LinkTypeId = 1 THEN 1 ELSE 0 END) AS LinkedScore\n        FROM PostLinks\n        GROUP BY PostId\n    ) l ON p.Id = l.PostId\n    LEFT JOIN (\n        SELECT UserId, COUNT(*) AS BadgeCount\n        FROM Badges\n        GROUP BY UserId\n    ) b ON u.Id = b.UserId\n),\nFilteredPosts AS (\n    SELECT\n        pd.*,\n        tc.PostCount\n    FROM PostDetails pd\n    JOIN TagCounts tc ON pd.Title LIKE '%' || tc.TagName || '%'\n)\n\nSELECT\n    fp.PostId,\n    fp.Title,\n    fp.CreationDate,\n    fp.ViewCount,\n    fp.PostType,\n    fp.Author,\n    fp.AnswerCount,\n    fp.CommentCount,\n    fp.BadgeCount,\n    fp.LinkedScore,\n    fp.PostCount\nFROM FilteredPosts fp\nWHERE fp.PostCount > 10\nORDER BY fp.ViewCount DESC, fp.CreationDate DESC\nLIMIT 100;\n",
    "blocked_thread_time": 0.0,
    "cpu_time": 0.7116840199999996,
    "extra_info": {},
    "cumulative_cardinality": 24209956,
    "cumulative_rows_scanned": 15089347,
    "result_set_size": 0,
    "latency": 0.768505483,
    "children": [
        {
            "operator_name": "STREAMING_LIMIT",
            "cpu_time": 0.7116840199999996,
            "extra_info": {},
            "cumulative_cardinality": 24209956,
            "operator_type": "STREAMING_LIMIT",
            "operator_cardinality": 0,
            "cumulative_rows_scanned": 15089347,
            "operator_rows_scanned": 0,
            "operator_timing": 0.0,
            "result_set_size": 0,
            "children": [
                {
                    "operator_name": "PROJECTION",
                    "cpu_time": 0.7116840199999996,
                    "extra_info": {
                        "Projections": [
                            "#0",
                            "#1",
                            "#2",
                            "#3",
                            "#4",
                            "#5",
                            "__internal_decompress_integral_integer(#6, 0)",
                            "#7",
                            "#8",
                            "#9",
                            "#10"
                        ],
                        "Estimated Cardinality": "3850116"
                    },
                    "cumulative_cardinality": 24209956,
                    "operator_type": "PROJECTION",
                    "operator_cardinality": 0,
                    "cumulative_rows_scanned": 15089347,
                    "operator_rows_scanned": 0,
                    "operator_timing": 0.0,
                    "result_set_size": 0,
                    "children": [
                        {
                            "operator_name": "ORDER_BY",
                            "cpu_time": 0.7116840199999996,
                            "extra_info": {
                                "Order By": [
                                    "fp.ViewCount DESC",
                                    "fp.CreationDate DESC"
                                ]
                            },
                            "cumulative_cardinality": 24209956,
                            "operator_type": "ORDER_BY",
                            "operator_cardinality": 0,
                            "cumulative_rows_scanned": 15089347,
                            "operator_rows_scanned": 0,
                            "operator_timing": 3.51e-7,
                            "result_set_size": 0,
                            "children": [
                                {
                                    "operator_name": "PROJECTION",
                                    "cpu_time": 0.7116836689999997,
                                    "extra_info": {
                                        "Projections": [
                                            "#0",
                                            "#1",
                                            "#2",
                                            "#3",
                                            "#4",
                                            "#5",
                                            "__internal_compress_integral_utinyint(#6, 0)",
                                            "#7",
                                            "#8",
                                            "#9",
                                            "#10"
                                        ],
                                        "Estimated Cardinality": "3850116"
                                    },
                                    "cumulative_cardinality": 24209956,
                                    "operator_type": "PROJECTION",
                                    "operator_cardinality": 0,
                                    "cumulative_rows_scanned": 15089347,
                                    "operator_rows_scanned": 0,
                                    "operator_timing": 0.0,
                                    "result_set_size": 0,
                                    "children": [
                                        {
                                            "operator_name": "PROJECTION",
                                            "cpu_time": 0.7116836689999997,
                                            "extra_info": {
                                                "Projections": [
                                                    "PostId",
                                                    "title",
                                                    "creationdate",
                                                    "viewcount",
                                                    "PostType",
                                                    "Author",
                                                    "answercount",
                                                    "CommentCount",
                                                    "BadgeCount",
                                                    "LinkedScore",
                                                    "PostCount"
                                                ],
                                                "Estimated Cardinality": "3850116"
                                            },
                                            "cumulative_cardinality": 24209956,
                                            "operator_type": "PROJECTION",
                                            "operator_cardinality": 0,
                                            "cumulative_rows_scanned": 15089347,
                                            "operator_rows_scanned": 0,
                                            "operator_timing": 0.0,
                                            "result_set_size": 0,
                                            "children": [
                                                {
                                                    "operator_name": "BLOCKWISE_NL_JOIN",
                                                    "cpu_time": 0.7116836689999997,
                                                    "extra_info": {
                                                        "Join Type": "INNER",
                                                        "Condition": "(title ~~ (('%' || tagname) || '%'))"
                                                    },
                                                    "cumulative_cardinality": 24209956,
                                                    "operator_type": "BLOCKWISE_NL_JOIN",
                                                    "operator_cardinality": 0,
                                                    "cumulative_rows_scanned": 15089347,
                                                    "operator_rows_scanned": 0,
                                                    "operator_timing": 0.000102872,
                                                    "result_set_size": 0,
                                                    "children": [
                                                        {
                                                            "operator_name": "PROJECTION",
                                                            "cpu_time": 0.7110053729999997,
                                                            "extra_info": {
                                                                "Projections": [
                                                                    "PostId",
                                                                    "title",
                                                                    "creationdate",
                                                                    "viewcount",
                                                                    "PostType",
                                                                    "Author",
                                                                    "answercount",
                                                                    "CommentCount",
                                                                    "BadgeCount",
                                                                    "LinkedScore"
                                                                ],
                                                                "Estimated Cardinality": "3850116"
                                                            },
                                                            "cumulative_cardinality": 24204028,
                                                            "operator_type": "PROJECTION",
                                                            "operator_cardinality": 102,
                                                            "cumulative_rows_scanned": 15087371,
                                                            "operator_rows_scanned": 0,
                                                            "operator_timing": 0.000019657,
                                                            "result_set_size": 10200,
                                                            "children": [
                                                                {
                                                                    "operator_name": "HASH_JOIN",
                                                                    "cpu_time": 0.7109857159999997,
                                                                    "extra_info": {
                                                                        "Join Type": "LEFT",
                                                                        "Conditions": "id = userid",
                                                                        "Estimated Cardinality": "3850116"
                                                                    },
                                                                    "cumulative_cardinality": 24203926,
                                                                    "operator_type": "HASH_JOIN",
                                                                    "operator_cardinality": 102,
                                                                    "cumulative_rows_scanned": 15087371,
                                                                    "operator_rows_scanned": 0,
                                                                    "operator_timing": 0.022408514000000008,
                                                                    "result_set_size": 10200,
                                                                    "children": [
                                                                        {
                                                                            "operator_name": "HASH_JOIN",
                                                                            "cpu_time": 0.6147910209999997,
                                                                            "extra_info": {
                                                                                "Join Type": "LEFT",
                                                                                "Conditions": "id = postid",
                                                                                "Estimated Cardinality": "3850116"
                                                                            },
                                                                            "cumulative_cardinality": 19011355,
                                                                            "operator_type": "HASH_JOIN",
                                                                            "operator_cardinality": 102,
                                                                            "cumulative_rows_scanned": 12765647,
                                                                            "operator_rows_scanned": 0,
                                                                            "operator_timing": 0.011620904000000001,
                                                                            "result_set_size": 9792,
                                                                            "children": [
                                                                                {
                                                                                    "operator_name": "HASH_JOIN",
                                                                                    "cpu_time": 0.5761488829999997,
                                                                                    "extra_info": {
                                                                                        "Join Type": "LEFT",
                                                                                        "Conditions": "id = postid",
                                                                                        "Estimated Cardinality": "3850116"
                                                                                    },
                                                                                    "cumulative_cardinality": 17915213,
                                                                                    "operator_type": "HASH_JOIN",
                                                                                    "operator_cardinality": 1227,
                                                                                    "cumulative_rows_scanned": 12352656,
                                                                                    "operator_rows_scanned": 0,
                                                                                    "operator_timing": 0.112132282,
                                                                                    "result_set_size": 98160,
                                                                                    "children": [
                                                                                        {
                                                                                            "operator_name": "HASH_JOIN",
                                                                                            "cpu_time": 0.16624537599999992,
                                                                                            "extra_info": {
                                                                                                "Join Type": "LEFT",
                                                                                                "Conditions": "owneruserid = id",
                                                                                                "Estimated Cardinality": "3850116"
                                                                                            },
                                                                                            "cumulative_cardinality": 1266670,
                                                                                            "operator_type": "HASH_JOIN",
                                                                                            "operator_cardinality": 1857,
                                                                                            "cumulative_rows_scanned": 5110834,
                                                                                            "operator_rows_scanned": 0,
                                                                                            "operator_timing": 0.077514912,
                                                                                            "result_set_size": 133704,
                                                                                            "children": [
                                                                                                {
                                                                                                    "operator_name": "HASH_JOIN",
                                                                                                    "cpu_time": 0.010276701,
                                                                                                    "extra_info": {
                                                                                                        "Join Type": "INNER",
                                                                                                        "Conditions": "posttypeid = id",
                                                                                                        "Estimated Cardinality": "3850116"
                                                                                                    },
                                                                                                    "cumulative_cardinality": 4103,
                                                                                                    "operator_type": "HASH_JOIN",
                                                                                                    "operator_cardinality": 2048,
                                                                                                    "cumulative_rows_scanned": 3850124,
                                                                                                    "operator_rows_scanned": 0,
                                                                                                    "operator_timing": 0.00011346300000000001,
                                                                                                    "result_set_size": 114688,
                                                                                                    "children": [
                                                                                                        {
                                                                                                            "operator_name": "READ_PARQUET ",
                                                                                                            "cpu_time": 0.009821179,
                                                                                                            "extra_info": {
                                                                                                                "Function": "READ_PARQUET",
                                                                                                                "Projections": [
                                                                                                                    "id",
                                                                                                                    "posttypeid",
                                                                                                                    "creationdate",
                                                                                                                    "viewcount",
                                                                                                                    "owneruserid",
                                                                                                                    "title",
                                                                                                                    "answercount"
                                                                                                                ],
                                                                                                                "Estimated Cardinality": "3850116"
                                                                                                            },
                                                                                                            "cumulative_cardinality": 2048,
                                                                                                            "operator_type": "TABLE_SCAN",
                                                                                                            "operator_cardinality": 2048,
                                                                                                            "cumulative_rows_scanned": 3850116,
                                                                                                            "operator_rows_scanned": 3850116,
                                                                                                            "operator_timing": 0.009821179,
                                                                                                            "result_set_size": 86016,
                                                                                                            "children": []
                                                                                                        },
                                                                                                        {
                                                                                                            "operator_name": "READ_PARQUET ",
                                                                                                            "cpu_time": 0.00034205899999999997,
                                                                                                            "extra_info": {
                                                                                                                "Function": "READ_PARQUET",
                                                                                                                "Projections": [
                                                                                                                    "id",
                                                                                                                    "name"
                                                                                                                ],
                                                                                                                "Filters": "id<=7",
                                                                                                                "Estimated Cardinality": "8"
                                                                                                            },
                                                                                                            "cumulative_cardinality": 7,
                                                                                                            "operator_type": "TABLE_SCAN",
                                                                                                            "operator_cardinality": 7,
                                                                                                            "cumulative_rows_scanned": 8,
                                                                                                            "operator_rows_scanned": 8,
                                                                                                            "operator_timing": 0.00034205899999999997,
                                                                                                            "result_set_size": 126,
                                                                                                            "children": []
                                                                                                        }
                                                                                                    ]
                                                                                                },
                                                                                                {
                                                                                                    "operator_name": "READ_PARQUET ",
                                                                                                    "cpu_time": 0.07845376299999991,
                                                                                                    "extra_info": {
                                                                                                        "Function": "READ_PARQUET",
                                                                                                        "Projections": [
                                                                                                            "id",
                                                                                                            "displayname"
                                                                                                        ],
                                                                                                        "Estimated Cardinality": "1260710"
                                                                                                    },
                                                                                                    "cumulative_cardinality": 1260710,
                                                                                                    "operator_type": "TABLE_SCAN",
                                                                                                    "operator_cardinality": 1260710,
                                                                                                    "cumulative_rows_scanned": 1260710,
                                                                                                    "operator_rows_scanned": 1260710,
                                                                                                    "operator_timing": 0.07845376299999991,
                                                                                                    "result_set_size": 25214200,
                                                                                                    "children": []
                                                                                                }
                                                                                            ]
                                                                                        },
                                                                                        {
                                                                                            "operator_name": "HASH_GROUP_BY",
                                                                                            "cpu_time": 0.2977712249999997,
                                                                                            "extra_info": {
                                                                                                "Groups": "#0",
                                                                                                "Aggregates": "count_star()",
                                                                                                "Estimated Cardinality": "3620911"
                                                                                            },
                                                                                            "cumulative_cardinality": 16647316,
                                                                                            "operator_type": "HASH_GROUP_BY",
                                                                                            "operator_cardinality": 2163672,
                                                                                            "cumulative_rows_scanned": 7241822,
                                                                                            "operator_rows_scanned": 0,
                                                                                            "operator_timing": 0.2571147909999997,
                                                                                            "result_set_size": 25964064,
                                                                                            "children": [
                                                                                                {
                                                                                                    "operator_name": "PROJECTION",
                                                                                                    "cpu_time": 0.040656434000000026,
                                                                                                    "extra_info": {
                                                                                                        "Projections": "postid",
                                                                                                        "Estimated Cardinality": "7241822"
                                                                                                    },
                                                                                                    "cumulative_cardinality": 14483644,
                                                                                                    "operator_type": "PROJECTION",
                                                                                                    "operator_cardinality": 7241822,
                                                                                                    "cumulative_rows_scanned": 7241822,
                                                                                                    "operator_rows_scanned": 0,
                                                                                                    "operator_timing": 0.0003880370000000007,
                                                                                                    "result_set_size": 28967288,
                                                                                                    "children": [
                                                                                                        {
                                                                                                            "operator_name": "READ_PARQUET ",
                                                                                                            "cpu_time": 0.040268397000000025,
                                                                                                            "extra_info": {
                                                                                                                "Function": "READ_PARQUET",
                                                                                                                "Projections": "postid",
                                                                                                                "Estimated Cardinality": "7241822"
                                                                                                            },
                                                                                                            "cumulative_cardinality": 7241822,
                                                                                                            "operator_type": "TABLE_SCAN",
                                                                                                            "operator_cardinality": 7241822,
                                                                                                            "cumulative_rows_scanned": 7241822,
                                                                                                            "operator_rows_scanned": 7241822,
                                                                                                            "operator_timing": 0.040268397000000025,
                                                                                                            "result_set_size": 28967288,
                                                                                                            "children": []
                                                                                                        }
                                                                                                    ]
                                                                                                }
                                                                                            ]
                                                                                        }
                                                                                    ]
                                                                                },
                                                                                {
                                                                                    "operator_name": "HASH_GROUP_BY",
                                                                                    "cpu_time": 0.027021233999999998,
                                                                                    "extra_info": {
                                                                                        "Groups": "#0",
                                                                                        "Aggregates": "sum(#1)",
                                                                                        "Estimated Cardinality": "206495"
                                                                                    },
                                                                                    "cumulative_cardinality": 1096040,
                                                                                    "operator_type": "HASH_GROUP_BY",
                                                                                    "operator_cardinality": 270058,
                                                                                    "cumulative_rows_scanned": 412991,
                                                                                    "operator_rows_scanned": 0,
                                                                                    "operator_timing": 0.020701953999999998,
                                                                                    "result_set_size": 5401160,
                                                                                    "children": [
                                                                                        {
                                                                                            "operator_name": "PROJECTION",
                                                                                            "cpu_time": 0.006319279999999998,
                                                                                            "extra_info": {
                                                                                                "Projections": [
                                                                                                    "postid",
                                                                                                    "CASE  WHEN ((linktypeid = 1)) THEN (1) ELSE 0 END"
                                                                                                ],
                                                                                                "Estimated Cardinality": "412991"
                                                                                            },
                                                                                            "cumulative_cardinality": 825982,
                                                                                            "operator_type": "PROJECTION",
                                                                                            "operator_cardinality": 412991,
                                                                                            "cumulative_rows_scanned": 412991,
                                                                                            "operator_rows_scanned": 0,
                                                                                            "operator_timing": 0.0015550009999999999,
                                                                                            "result_set_size": 3303928,
                                                                                            "children": [
                                                                                                {
                                                                                                    "operator_name": "READ_PARQUET ",
                                                                                                    "cpu_time": 0.004764278999999999,
                                                                                                    "extra_info": {
                                                                                                        "Function": "READ_PARQUET",
                                                                                                        "Projections": [
                                                                                                            "postid",
                                                                                                            "linktypeid"
                                                                                                        ],
                                                                                                        "Estimated Cardinality": "412991"
                                                                                                    },
                                                                                                    "cumulative_cardinality": 412991,
                                                                                                    "operator_type": "TABLE_SCAN",
                                                                                                    "operator_cardinality": 412991,
                                                                                                    "cumulative_rows_scanned": 412991,
                                                                                                    "operator_rows_scanned": 412991,
                                                                                                    "operator_timing": 0.004764278999999999,
                                                                                                    "result_set_size": 2477946,
                                                                                                    "children": []
                                                                                                }
                                                                                            ]
                                                                                        }
                                                                                    ]
                                                                                }
                                                                            ]
                                                                        },
                                                                        {
                                                                            "operator_name": "HASH_GROUP_BY",
                                                                            "cpu_time": 0.07378618100000006,
                                                                            "extra_info": {
                                                                                "Groups": "#0",
                                                                                "Aggregates": "count_star()",
                                                                                "Estimated Cardinality": "1160862"
                                                                            },
                                                                            "cumulative_cardinality": 5192469,
                                                                            "operator_type": "HASH_GROUP_BY",
                                                                            "operator_cardinality": 549021,
                                                                            "cumulative_rows_scanned": 2321724,
                                                                            "operator_rows_scanned": 0,
                                                                            "operator_timing": 0.06165621200000008,
                                                                            "result_set_size": 6588252,
                                                                            "children": [
                                                                                {
                                                                                    "operator_name": "PROJECTION",
                                                                                    "cpu_time": 0.012129968999999984,
                                                                                    "extra_info": {
                                                                                        "Projections": "userid",
                                                                                        "Estimated Cardinality": "2321724"
                                                                                    },
                                                                                    "cumulative_cardinality": 4643448,
                                                                                    "operator_type": "PROJECTION",
                                                                                    "operator_cardinality": 2321724,
                                                                                    "cumulative_rows_scanned": 2321724,
                                                                                    "operator_rows_scanned": 0,
                                                                                    "operator_timing": 0.00016692299999999921,
                                                                                    "result_set_size": 9286896,
                                                                                    "children": [
                                                                                        {
                                                                                            "operator_name": "READ_PARQUET ",
                                                                                            "cpu_time": 0.011963045999999984,
                                                                                            "extra_info": {
                                                                                                "Function": "READ_PARQUET",
                                                                                                "Projections": "userid",
                                                                                                "Estimated Cardinality": "2321724"
                                                                                            },
                                                                                            "cumulative_cardinality": 2321724,
                                                                                            "operator_type": "TABLE_SCAN",
                                                                                            "operator_cardinality": 2321724,
                                                                                            "cumulative_rows_scanned": 2321724,
                                                                                            "operator_rows_scanned": 2321724,
                                                                                            "operator_timing": 0.011963045999999984,
                                                                                            "result_set_size": 9286896,
                                                                                            "children": []
                                                                                        }
                                                                                    ]
                                                                                }
                                                                            ]
                                                                        }
                                                                    ]
                                                                }
                                                            ]
                                                        },
                                                        {
                                                            "operator_name": "FILTER",
                                                            "cpu_time": 0.000575424,
                                                            "extra_info": {
                                                                "Expression": "(PostCount > 10)",
                                                                "Estimated Cardinality": "197"
                                                            },
                                                            "cumulative_cardinality": 5928,
                                                            "operator_type": "FILTER",
                                                            "operator_cardinality": 0,
                                                            "cumulative_rows_scanned": 1976,
                                                            "operator_rows_scanned": 0,
                                                            "operator_timing": 0.000012453000000000001,
                                                            "result_set_size": 0,
                                                            "children": [
                                                                {
                                                                    "operator_name": "HASH_GROUP_BY",
                                                                    "cpu_time": 0.000562971,
                                                                    "extra_info": {
                                                                        "Groups": "#0",
                                                                        "Aggregates": "count_star()",
                                                                        "Estimated Cardinality": "988"
                                                                    },
                                                                    "cumulative_cardinality": 5928,
                                                                    "operator_type": "HASH_GROUP_BY",
                                                                    "operator_cardinality": 1976,
                                                                    "cumulative_rows_scanned": 1976,
                                                                    "operator_rows_scanned": 0,
                                                                    "operator_timing": 0.000246289,
                                                                    "result_set_size": 47424,
                                                                    "children": [
                                                                        {
                                                                            "operator_name": "PROJECTION",
                                                                            "cpu_time": 0.000316682,
                                                                            "extra_info": {
                                                                                "Projections": "tagname",
                                                                                "Estimated Cardinality": "1976"
                                                                            },
                                                                            "cumulative_cardinality": 3952,
                                                                            "operator_type": "PROJECTION",
                                                                            "operator_cardinality": 1976,
                                                                            "cumulative_rows_scanned": 1976,
                                                                            "operator_rows_scanned": 0,
                                                                            "operator_timing": 5.91e-7,
                                                                            "result_set_size": 31616,
                                                                            "children": [
                                                                                {
                                                                                    "operator_name": "READ_PARQUET ",
                                                                                    "cpu_time": 0.000316091,
                                                                                    "extra_info": {
                                                                                        "Function": "READ_PARQUET",
                                                                                        "Projections": "tagname",
                                                                                        "Estimated Cardinality": "1976"
                                                                                    },
                                                                                    "cumulative_cardinality": 1976,
                                                                                    "operator_type": "TABLE_SCAN",
                                                                                    "operator_cardinality": 1976,
                                                                                    "cumulative_rows_scanned": 1976,
                                                                                    "operator_rows_scanned": 1976,
                                                                                    "operator_timing": 0.000316091,
                                                                                    "result_set_size": 31616,
                                                                                    "children": []
                                                                                }
                                                                            ]
                                                                        }
                                                                    ]
                                                                }
                                                            ]
                                                        }
                                                    ]
                                                }
                                            ]
                                        }
                                    ]
                                }
                            ]
                        }
                    ]
                }
            ]
        }
    ]
}