{
    "rows_returned": 920865,
    "query_name": "WITH RecentUsers AS (\n    SELECT \n        Id AS UserId,\n        DisplayName,\n        Reputation,\n        Views,\n        UpVotes,\n        DownVotes,\n        CreationDate,\n        LastAccessDate\n    FROM \n        Users\n    WHERE \n        CreationDate >= cast('2024-10-01 12:34:56' as timestamp) - INTERVAL '1 year'\n),\nPopularTags AS (\n    SELECT \n        t.TagName,\n        COUNT(p.Id) AS PostCount,\n        SUM(p.ViewCount) AS TotalViews\n    FROM \n        Tags t\n    JOIN \n        Posts p ON p.Tags ILIKE '%' || t.TagName || '%'\n    WHERE \n        p.CreationDate >= cast('2024-10-01 12:34:56' as timestamp) - INTERVAL '6 months'\n    GROUP BY \n        t.TagName\n    HAVING \n        COUNT(p.Id) > 10\n    ORDER BY \n        TotalViews DESC\n    LIMIT 5\n),\nUserInteractions AS (\n    SELECT \n        u.Id AS UserId,\n        u.DisplayName,\n        COUNT(c.Id) AS CommentCount,\n        COUNT(v.Id) AS VoteCount,\n        AVG(b.Class) AS AverageBadgeClass\n    FROM \n        Users u\n    LEFT JOIN \n        Comments c ON u.Id = c.UserId\n    LEFT JOIN \n        Votes v ON u.Id = v.UserId\n    LEFT JOIN \n        Badges b ON u.Id = b.UserId\n    GROUP BY \n        u.Id, u.DisplayName\n)\nSELECT \n    u.DisplayName AS User,\n    u.Reputation,\n    u.Views,\n    u.UpVotes,\n    u.DownVotes,\n    u.CreationDate,\n    u.LastAccessDate,\n    pt.TagName AS PopularTag,\n    ut.CommentCount,\n    ut.VoteCount,\n    ut.AverageBadgeClass\nFROM \n    RecentUsers u\nJOIN \n    UserInteractions ut ON u.UserId = ut.UserId\nJOIN \n    PopularTags pt ON pt.PostCount > 1\nORDER BY \n    u.LastAccessDate DESC,\n    ut.VoteCount DESC;",
    "blocked_thread_time": 0.0,
    "cpu_time": 469.75982977390476,
    "extra_info": {},
    "cumulative_cardinality": 44636296697,
    "cumulative_rows_scanned": 28681151,
    "result_set_size": 81036120,
    "latency": 547.207834074,
    "children": [
        {
            "operator_name": "PROJECTION",
            "cpu_time": 469.75982977390476,
            "extra_info": {
                "Projections": [
                    "#0",
                    "#1",
                    "#2",
                    "#3",
                    "__internal_decompress_integral_integer(#4, 0)",
                    "#5",
                    "#6",
                    "#7",
                    "#8",
                    "#9",
                    "#10"
                ],
                "Estimated Cardinality": "252142"
            },
            "cumulative_cardinality": 44636296697,
            "operator_type": "PROJECTION",
            "operator_cardinality": 920865,
            "cumulative_rows_scanned": 28681151,
            "operator_rows_scanned": 0,
            "operator_timing": 0.0005314130000000002,
            "result_set_size": 81036120,
            "children": [
                {
                    "operator_name": "ORDER_BY",
                    "cpu_time": 469.7592983609048,
                    "extra_info": {
                        "Order By": [
                            "u.LastAccessDate DESC",
                            "ut.VoteCount DESC"
                        ]
                    },
                    "cumulative_cardinality": 44635375832,
                    "operator_type": "ORDER_BY",
                    "operator_cardinality": 920865,
                    "cumulative_rows_scanned": 28681151,
                    "operator_rows_scanned": 0,
                    "operator_timing": 0.11073206500000003,
                    "result_set_size": 79194390,
                    "children": [
                        {
                            "operator_name": "PROJECTION",
                            "cpu_time": 469.6485662959048,
                            "extra_info": {
                                "Projections": [
                                    "#0",
                                    "#1",
                                    "#2",
                                    "#3",
                                    "__internal_compress_integral_usmallint(#4, 0)",
                                    "#5",
                                    "#6",
                                    "#7",
                                    "#8",
                                    "#9",
                                    "#10"
                                ],
                                "Estimated Cardinality": "252142"
                            },
                            "cumulative_cardinality": 44634454967,
                            "operator_type": "PROJECTION",
                            "operator_cardinality": 920865,
                            "cumulative_rows_scanned": 28681151,
                            "operator_rows_scanned": 0,
                            "operator_timing": 0.0026629549999999985,
                            "result_set_size": 79194390,
                            "children": [
                                {
                                    "operator_name": "PROJECTION",
                                    "cpu_time": 469.6459033409048,
                                    "extra_info": {
                                        "Projections": [
                                            "User",
                                            "reputation",
                                            "views",
                                            "upvotes",
                                            "downvotes",
                                            "creationdate",
                                            "lastaccessdate",
                                            "PopularTag",
                                            "CommentCount",
                                            "VoteCount",
                                            "AverageBadgeClass"
                                        ],
                                        "Estimated Cardinality": "252142"
                                    },
                                    "cumulative_cardinality": 44633534102,
                                    "operator_type": "PROJECTION",
                                    "operator_cardinality": 920865,
                                    "cumulative_rows_scanned": 28681151,
                                    "operator_rows_scanned": 0,
                                    "operator_timing": 0.0003774449999999991,
                                    "result_set_size": 81036120,
                                    "children": [
                                        {
                                            "operator_name": "CROSS_PRODUCT",
                                            "cpu_time": 469.64552589590477,
                                            "extra_info": {},
                                            "cumulative_cardinality": 44632613237,
                                            "operator_type": "CROSS_PRODUCT",
                                            "operator_cardinality": 920865,
                                            "cumulative_rows_scanned": 28681151,
                                            "operator_rows_scanned": 0,
                                            "operator_timing": 0.0007682069999999994,
                                            "result_set_size": 81036120,
                                            "children": [
                                                {
                                                    "operator_name": "HASH_JOIN",
                                                    "cpu_time": 447.0468117149049,
                                                    "extra_info": {
                                                        "Join Type": "INNER",
                                                        "Conditions": "UserId = UserId",
                                                        "Estimated Cardinality": "252142"
                                                    },
                                                    "cumulative_cardinality": 44631383943,
                                                    "operator_type": "HASH_JOIN",
                                                    "operator_cardinality": 184173,
                                                    "cumulative_rows_scanned": 24829059,
                                                    "operator_rows_scanned": 0,
                                                    "operator_timing": 0.016661335999999995,
                                                    "result_set_size": 13260456,
                                                    "children": [
                                                        {
                                                            "operator_name": "PROJECTION",
                                                            "cpu_time": 447.0019631019049,
                                                            "extra_info": {
                                                                "Projections": [
                                                                    "UserId",
                                                                    "CommentCount",
                                                                    "VoteCount",
                                                                    "AverageBadgeClass"
                                                                ],
                                                                "Estimated Cardinality": "1260710"
                                                            },
                                                            "cumulative_cardinality": 44630831424,
                                                            "operator_type": "PROJECTION",
                                                            "operator_cardinality": 1260710,
                                                            "cumulative_rows_scanned": 23568349,
                                                            "operator_rows_scanned": 0,
                                                            "operator_timing": 0.00013770299999999965,
                                                            "result_set_size": 35299880,
                                                            "children": [
                                                                {
                                                                    "operator_name": "HASH_GROUP_BY",
                                                                    "cpu_time": 447.0018253989049,
                                                                    "extra_info": {
                                                                        "Groups": [
                                                                            "#0",
                                                                            "#1"
                                                                        ],
                                                                        "Aggregates": [
                                                                            "count(#2)",
                                                                            "count(#3)",
                                                                            "avg(#4)"
                                                                        ],
                                                                        "Estimated Cardinality": "1260710"
                                                                    },
                                                                    "cumulative_cardinality": 44629570714,
                                                                    "operator_type": "HASH_GROUP_BY",
                                                                    "operator_cardinality": 1260710,
                                                                    "cumulative_rows_scanned": 23568349,
                                                                    "operator_rows_scanned": 0,
                                                                    "operator_timing": 342.46636748808737,
                                                                    "result_set_size": 55471240,
                                                                    "children": [
                                                                        {
                                                                            "operator_name": "PROJECTION",
                                                                            "cpu_time": 104.5354579108175,
                                                                            "extra_info": {
                                                                                "Projections": [
                                                                                    "id",
                                                                                    "displayname",
                                                                                    "id",
                                                                                    "id",
                                                                                    "class"
                                                                                ],
                                                                                "Estimated Cardinality": "12744093"
                                                                            },
                                                                            "cumulative_cardinality": 44628310004,
                                                                            "operator_type": "PROJECTION",
                                                                            "operator_cardinality": 14852855481,
                                                                            "cumulative_rows_scanned": 23568349,
                                                                            "operator_rows_scanned": 0,
                                                                            "operator_timing": 1.6935515049148828,
                                                                            "result_set_size": 445585664430,
                                                                            "children": [
                                                                                {
                                                                                    "operator_name": "PROJECTION",
                                                                                    "cpu_time": 102.84190640590262,
                                                                                    "extra_info": {
                                                                                        "Projections": [
                                                                                            "#0",
                                                                                            "#1",
                                                                                            "#2",
                                                                                            "#3",
                                                                                            "__internal_decompress_integral_smallint(#4, 1)"
                                                                                        ],
                                                                                        "Estimated Cardinality": "12744093"
                                                                                    },
                                                                                    "cumulative_cardinality": 29775454523,
                                                                                    "operator_type": "PROJECTION",
                                                                                    "operator_cardinality": 14852855481,
                                                                                    "cumulative_rows_scanned": 23568349,
                                                                                    "operator_rows_scanned": 0,
                                                                                    "operator_timing": 4.205539416042246,
                                                                                    "result_set_size": 445585664430,
                                                                                    "children": [
                                                                                        {
                                                                                            "operator_name": "HASH_JOIN",
                                                                                            "cpu_time": 98.63636698986038,
                                                                                            "extra_info": {
                                                                                                "Join Type": "LEFT",
                                                                                                "Conditions": "id = userid",
                                                                                                "Estimated Cardinality": "12744093"
                                                                                            },
                                                                                            "cumulative_cardinality": 14922599042,
                                                                                            "operator_type": "HASH_JOIN",
                                                                                            "operator_cardinality": 14852855481,
                                                                                            "cumulative_rows_scanned": 23568349,
                                                                                            "operator_rows_scanned": 0,
                                                                                            "operator_timing": 93.98468217486038,
                                                                                            "result_set_size": 430732808949,
                                                                                            "children": [
                                                                                                {
                                                                                                    "operator_name": "HASH_JOIN",
                                                                                                    "cpu_time": 4.63344222499999,
                                                                                                    "extra_info": {
                                                                                                        "Join Type": "RIGHT",
                                                                                                        "Conditions": "userid = id",
                                                                                                        "Estimated Cardinality": "12744093"
                                                                                                    },
                                                                                                    "cumulative_cardinality": 65100113,
                                                                                                    "operator_type": "HASH_JOIN",
                                                                                                    "operator_cardinality": 48930015,
                                                                                                    "cumulative_rows_scanned": 21246625,
                                                                                                    "operator_rows_scanned": 0,
                                                                                                    "operator_timing": 3.8801454819999903,
                                                                                                    "result_set_size": 1370040420,
                                                                                                    "children": [
                                                                                                        {
                                                                                                            "operator_name": "READ_PARQUET ",
                                                                                                            "cpu_time": 0.1793504779999997,
                                                                                                            "extra_info": {
                                                                                                                "Function": "READ_PARQUET",
                                                                                                                "Projections": [
                                                                                                                    "id",
                                                                                                                    "userid"
                                                                                                                ],
                                                                                                                "Estimated Cardinality": "12744093"
                                                                                                            },
                                                                                                            "cumulative_cardinality": 40287,
                                                                                                            "operator_type": "TABLE_SCAN",
                                                                                                            "operator_cardinality": 40287,
                                                                                                            "cumulative_rows_scanned": 12744093,
                                                                                                            "operator_rows_scanned": 12744093,
                                                                                                            "operator_timing": 0.1793504779999997,
                                                                                                            "result_set_size": 322296,
                                                                                                            "children": []
                                                                                                        },
                                                                                                        {
                                                                                                            "operator_name": "HASH_JOIN",
                                                                                                            "cpu_time": 0.5739462649999997,
                                                                                                            "extra_info": {
                                                                                                                "Join Type": "RIGHT",
                                                                                                                "Conditions": "userid = id",
                                                                                                                "Estimated Cardinality": "7241822"
                                                                                                            },
                                                                                                            "cumulative_cardinality": 16129811,
                                                                                                            "operator_type": "HASH_JOIN",
                                                                                                            "operator_cardinality": 7938360,
                                                                                                            "cumulative_rows_scanned": 8502532,
                                                                                                            "operator_rows_scanned": 0,
                                                                                                            "operator_timing": 0.3492722669999994,
                                                                                                            "result_set_size": 190520640,
                                                                                                            "children": [
                                                                                                                {
                                                                                                                    "operator_name": "READ_PARQUET ",
                                                                                                                    "cpu_time": 0.14605931100000025,
                                                                                                                    "extra_info": {
                                                                                                                        "Function": "READ_PARQUET",
                                                                                                                        "Projections": [
                                                                                                                            "id",
                                                                                                                            "userid"
                                                                                                                        ],
                                                                                                                        "Estimated Cardinality": "7241822"
                                                                                                                    },
                                                                                                                    "cumulative_cardinality": 6930741,
                                                                                                                    "operator_type": "TABLE_SCAN",
                                                                                                                    "operator_cardinality": 6930741,
                                                                                                                    "cumulative_rows_scanned": 7241822,
                                                                                                                    "operator_rows_scanned": 7241822,
                                                                                                                    "operator_timing": 0.14605931100000025,
                                                                                                                    "result_set_size": 55445928,
                                                                                                                    "children": []
                                                                                                                },
                                                                                                                {
                                                                                                                    "operator_name": "READ_PARQUET ",
                                                                                                                    "cpu_time": 0.07861468700000004,
                                                                                                                    "extra_info": {
                                                                                                                        "Function": "READ_PARQUET",
                                                                                                                        "Projections": [
                                                                                                                            "id",
                                                                                                                            "displayname"
                                                                                                                        ],
                                                                                                                        "Estimated Cardinality": "1260710"
                                                                                                                    },
                                                                                                                    "cumulative_cardinality": 1260710,
                                                                                                                    "operator_type": "TABLE_SCAN",
                                                                                                                    "operator_cardinality": 1260710,
                                                                                                                    "cumulative_rows_scanned": 1260710,
                                                                                                                    "operator_rows_scanned": 1260710,
                                                                                                                    "operator_timing": 0.07861468700000004,
                                                                                                                    "result_set_size": 25214200,
                                                                                                                    "children": []
                                                                                                                }
                                                                                                            ]
                                                                                                        }
                                                                                                    ]
                                                                                                },
                                                                                                {
                                                                                                    "operator_name": "PROJECTION",
                                                                                                    "cpu_time": 0.01824259000000001,
                                                                                                    "extra_info": {
                                                                                                        "Projections": [
                                                                                                            "#0",
                                                                                                            "__internal_compress_integral_utinyint(#1, 1)"
                                                                                                        ],
                                                                                                        "Estimated Cardinality": "2321724"
                                                                                                    },
                                                                                                    "cumulative_cardinality": 4643448,
                                                                                                    "operator_type": "PROJECTION",
                                                                                                    "operator_cardinality": 2321724,
                                                                                                    "cumulative_rows_scanned": 2321724,
                                                                                                    "operator_rows_scanned": 0,
                                                                                                    "operator_timing": 0.0006219580000000009,
                                                                                                    "result_set_size": 11608620,
                                                                                                    "children": [
                                                                                                        {
                                                                                                            "operator_name": "READ_PARQUET ",
                                                                                                            "cpu_time": 0.017620632000000008,
                                                                                                            "extra_info": {
                                                                                                                "Function": "READ_PARQUET",
                                                                                                                "Projections": [
                                                                                                                    "userid",
                                                                                                                    "class"
                                                                                                                ],
                                                                                                                "Estimated Cardinality": "2321724"
                                                                                                            },
                                                                                                            "cumulative_cardinality": 2321724,
                                                                                                            "operator_type": "TABLE_SCAN",
                                                                                                            "operator_cardinality": 2321724,
                                                                                                            "cumulative_rows_scanned": 2321724,
                                                                                                            "operator_rows_scanned": 2321724,
                                                                                                            "operator_timing": 0.017620632000000008,
                                                                                                            "result_set_size": 13930344,
                                                                                                            "children": []
                                                                                                        }
                                                                                                    ]
                                                                                                }
                                                                                            ]
                                                                                        }
                                                                                    ]
                                                                                }
                                                                            ]
                                                                        }
                                                                    ]
                                                                }
                                                            ]
                                                        },
                                                        {
                                                            "operator_name": "PROJECTION",
                                                            "cpu_time": 0.028187277000000007,
                                                            "extra_info": {
                                                                "Projections": [
                                                                    "UserId",
                                                                    "displayname",
                                                                    "reputation",
                                                                    "views",
                                                                    "upvotes",
                                                                    "downvotes",
                                                                    "creationdate",
                                                                    "lastaccessdate"
                                                                ],
                                                                "Estimated Cardinality": "252142"
                                                            },
                                                            "cumulative_cardinality": 368346,
                                                            "operator_type": "PROJECTION",
                                                            "operator_cardinality": 184173,
                                                            "cumulative_rows_scanned": 1260710,
                                                            "operator_rows_scanned": 0,
                                                            "operator_timing": 0.000049266000000000006,
                                                            "result_set_size": 9576996,
                                                            "children": [
                                                                {
                                                                    "operator_name": "READ_PARQUET ",
                                                                    "cpu_time": 0.028138011000000008,
                                                                    "extra_info": {
                                                                        "Function": "READ_PARQUET",
                                                                        "Projections": [
                                                                            "id",
                                                                            "reputation",
                                                                            "creationdate",
                                                                            "displayname",
                                                                            "lastaccessdate",
                                                                            "views",
                                                                            "upvotes",
                                                                            "downvotes"
                                                                        ],
                                                                        "Filters": "creationdate>='2023-10-01 12:34:56'::TIMESTAMP",
                                                                        "Estimated Cardinality": "252142"
                                                                    },
                                                                    "cumulative_cardinality": 184173,
                                                                    "operator_type": "TABLE_SCAN",
                                                                    "operator_cardinality": 184173,
                                                                    "cumulative_rows_scanned": 1260710,
                                                                    "operator_rows_scanned": 1260710,
                                                                    "operator_timing": 0.028138011000000008,
                                                                    "result_set_size": 9576996,
                                                                    "children": []
                                                                }
                                                            ]
                                                        }
                                                    ]
                                                },
                                                {
                                                    "operator_name": "PROJECTION",
                                                    "cpu_time": 22.597945973999835,
                                                    "extra_info": {
                                                        "Projections": "#0",
                                                        "Estimated Cardinality": "5"
                                                    },
                                                    "cumulative_cardinality": 308429,
                                                    "operator_type": "PROJECTION",
                                                    "operator_cardinality": 5,
                                                    "cumulative_rows_scanned": 3852092,
                                                    "operator_rows_scanned": 0,
                                                    "operator_timing": 2.41e-7,
                                                    "result_set_size": 80,
                                                    "children": [
                                                        {
                                                            "operator_name": "FILTER",
                                                            "cpu_time": 22.597945732999836,
                                                            "extra_info": {
                                                                "Expression": "(PostCount > 1)",
                                                                "Estimated Cardinality": "5"
                                                            },
                                                            "cumulative_cardinality": 308424,
                                                            "operator_type": "FILTER",
                                                            "operator_cardinality": 5,
                                                            "cumulative_rows_scanned": 3852092,
                                                            "operator_rows_scanned": 0,
                                                            "operator_timing": 0.000001332,
                                                            "result_set_size": 200,
                                                            "children": [
                                                                {
                                                                    "operator_name": "STREAMING_LIMIT",
                                                                    "cpu_time": 22.597944400999836,
                                                                    "extra_info": {},
                                                                    "cumulative_cardinality": 308419,
                                                                    "operator_type": "STREAMING_LIMIT",
                                                                    "operator_cardinality": 5,
                                                                    "cumulative_rows_scanned": 3852092,
                                                                    "operator_rows_scanned": 0,
                                                                    "operator_timing": 0.000001032,
                                                                    "result_set_size": 200,
                                                                    "children": [
                                                                        {
                                                                            "operator_name": "ORDER_BY",
                                                                            "cpu_time": 22.597943368999836,
                                                                            "extra_info": {
                                                                                "Order By": "sum(p.ViewCount) DESC"
                                                                            },
                                                                            "cumulative_cardinality": 308414,
                                                                            "operator_type": "ORDER_BY",
                                                                            "operator_cardinality": 925,
                                                                            "cumulative_rows_scanned": 3852092,
                                                                            "operator_rows_scanned": 0,
                                                                            "operator_timing": 0.000092673,
                                                                            "result_set_size": 37000,
                                                                            "children": [
                                                                                {
                                                                                    "operator_name": "FILTER",
                                                                                    "cpu_time": 22.597850695999835,
                                                                                    "extra_info": {
                                                                                        "Expression": "(count(id) > 10)",
                                                                                        "Estimated Cardinality": "395"
                                                                                    },
                                                                                    "cumulative_cardinality": 307489,
                                                                                    "operator_type": "FILTER",
                                                                                    "operator_cardinality": 925,
                                                                                    "cumulative_rows_scanned": 3852092,
                                                                                    "operator_rows_scanned": 0,
                                                                                    "operator_timing": 0.000009146999999999999,
                                                                                    "result_set_size": 37000,
                                                                                    "children": [
                                                                                        {
                                                                                            "operator_name": "HASH_GROUP_BY",
                                                                                            "cpu_time": 22.597841548999835,
                                                                                            "extra_info": {
                                                                                                "Groups": "#0",
                                                                                                "Aggregates": [
                                                                                                    "count_star()",
                                                                                                    "sum(#1)"
                                                                                                ],
                                                                                                "Estimated Cardinality": "1976"
                                                                                            },
                                                                                            "cumulative_cardinality": 306564,
                                                                                            "operator_type": "HASH_GROUP_BY",
                                                                                            "operator_cardinality": 1778,
                                                                                            "cumulative_rows_scanned": 3852092,
                                                                                            "operator_rows_scanned": 0,
                                                                                            "operator_timing": 0.0049780910000000005,
                                                                                            "result_set_size": 71120,
                                                                                            "children": [
                                                                                                {
                                                                                                    "operator_name": "PROJECTION",
                                                                                                    "cpu_time": 22.592863457999833,
                                                                                                    "extra_info": {
                                                                                                        "Projections": [
                                                                                                            "tagname",
                                                                                                            "viewcount"
                                                                                                        ],
                                                                                                        "Estimated Cardinality": "770023"
                                                                                                    },
                                                                                                    "cumulative_cardinality": 304786,
                                                                                                    "operator_type": "PROJECTION",
                                                                                                    "operator_cardinality": 119085,
                                                                                                    "cumulative_rows_scanned": 3852092,
                                                                                                    "operator_rows_scanned": 0,
                                                                                                    "operator_timing": 0.00006382899999999996,
                                                                                                    "result_set_size": 2381700,
                                                                                                    "children": [
                                                                                                        {
                                                                                                            "operator_name": "BLOCKWISE_NL_JOIN",
                                                                                                            "cpu_time": 22.592799628999835,
                                                                                                            "extra_info": {
                                                                                                                "Join Type": "INNER",
                                                                                                                "Condition": "(tags ~~* (('%' || tagname) || '%'))"
                                                                                                            },
                                                                                                            "cumulative_cardinality": 185701,
                                                                                                            "operator_type": "BLOCKWISE_NL_JOIN",
                                                                                                            "operator_cardinality": 119085,
                                                                                                            "cumulative_rows_scanned": 3852092,
                                                                                                            "operator_rows_scanned": 0,
                                                                                                            "operator_timing": 22.548678496999834,
                                                                                                            "result_set_size": 4763400,
                                                                                                            "children": [
                                                                                                                {
                                                                                                                    "operator_name": "READ_PARQUET ",
                                                                                                                    "cpu_time": 0.043773794,
                                                                                                                    "extra_info": {
                                                                                                                        "Function": "READ_PARQUET",
                                                                                                                        "Projections": [
                                                                                                                            "id",
                                                                                                                            "viewcount",
                                                                                                                            "tags"
                                                                                                                        ],
                                                                                                                        "Filters": "creationdate>='2024-04-01 12:34:56'::TIMESTAMP",
                                                                                                                        "Estimated Cardinality": "770023"
                                                                                                                    },
                                                                                                                    "cumulative_cardinality": 64640,
                                                                                                                    "operator_type": "TABLE_SCAN",
                                                                                                                    "operator_cardinality": 64640,
                                                                                                                    "cumulative_rows_scanned": 3850116,
                                                                                                                    "operator_rows_scanned": 3850116,
                                                                                                                    "operator_timing": 0.043773794,
                                                                                                                    "result_set_size": 1551360,
                                                                                                                    "children": []
                                                                                                                },
                                                                                                                {
                                                                                                                    "operator_name": "READ_PARQUET ",
                                                                                                                    "cpu_time": 0.000347338,
                                                                                                                    "extra_info": {
                                                                                                                        "Function": "READ_PARQUET",
                                                                                                                        "Projections": "tagname",
                                                                                                                        "Estimated Cardinality": "1976"
                                                                                                                    },
                                                                                                                    "cumulative_cardinality": 1976,
                                                                                                                    "operator_type": "TABLE_SCAN",
                                                                                                                    "operator_cardinality": 1976,
                                                                                                                    "cumulative_rows_scanned": 1976,
                                                                                                                    "operator_rows_scanned": 1976,
                                                                                                                    "operator_timing": 0.000347338,
                                                                                                                    "result_set_size": 31616,
                                                                                                                    "children": []
                                                                                                                }
                                                                                                            ]
                                                                                                        }
                                                                                                    ]
                                                                                                }
                                                                                            ]
                                                                                        }
                                                                                    ]
                                                                                }
                                                                            ]
                                                                        }
                                                                    ]
                                                                }
                                                            ]
                                                        }
                                                    ]
                                                }
                                            ]
                                        }
                                    ]
                                }
                            ]
                        }
                    ]
                }
            ]
        }
    ]
}