{
    "rows_returned": 639,
    "query_name": "\nWITH TagUsage AS (\n    SELECT \n        UNNEST(string_to_array(SUBSTRING(Tags FROM 2 FOR LENGTH(Tags) - 2), '>_<')) AS Tag,\n        Id AS PostId\n    FROM \n        Posts\n    WHERE \n        PostTypeId = 1\n),\nUserActivity AS (\n    SELECT \n        U.Id AS UserId,\n        U.DisplayName,\n        COUNT(DISTINCT P.Id) AS TotalQuestions,\n        COALESCE(SUM(P.ViewCount), 0) AS TotalViews,\n        COALESCE(SUM(P.CommentCount), 0) AS TotalComments,\n        COALESCE(SUM(P.AnswerCount), 0) AS TotalAnswers\n    FROM \n        Users U\n    JOIN \n        Posts P ON U.Id = P.OwnerUserId\n    WHERE \n        P.PostTypeId = 1\n    GROUP BY \n        U.Id, U.DisplayName\n),\nTagStats AS (\n    SELECT \n        T.TagName,\n        COUNT(TU.PostId) AS UsageCount,\n        COUNT(DISTINCT TU.PostId) AS DistinctPostCount,\n        SUM(UA.TotalViews) AS TotalViews,\n        SUM(UA.TotalComments) AS TotalComments\n    FROM \n        TagUsage TU\n    JOIN \n        Tags T ON TU.Tag = T.TagName\n    JOIN \n        UserActivity UA ON TU.PostId = UA.UserId\n    GROUP BY \n        T.TagName\n)\nSELECT \n    TS.TagName,\n    TS.UsageCount,\n    TS.DistinctPostCount,\n    TS.TotalViews,\n    TS.TotalComments,\n    CASE WHEN TS.UsageCount > 100 THEN 'Very Popular'\n         WHEN TS.UsageCount BETWEEN 50 AND 100 THEN 'Popular'\n         ELSE 'Less Popular' END AS PopularityCategory\nFROM \n    TagStats TS\nORDER BY \n    TS.UsageCount DESC;\n",
    "blocked_thread_time": 0.0,
    "cpu_time": 2.1531664620003017,
    "extra_info": {},
    "cumulative_cardinality": 10396085,
    "cumulative_rows_scanned": 8962918,
    "result_set_size": 51120,
    "latency": 3.626224979,
    "children": [
        {
            "operator_name": "PROJECTION",
            "cpu_time": 2.1531664620003017,
            "extra_info": {
                "Projections": [
                    "#0",
                    "#1",
                    "#2",
                    "#3",
                    "#4",
                    "__internal_decompress_string(#5)"
                ],
                "Estimated Cardinality": "117579"
            },
            "cumulative_cardinality": 10396085,
            "operator_type": "PROJECTION",
            "operator_cardinality": 639,
            "cumulative_rows_scanned": 8962918,
            "operator_rows_scanned": 0,
            "operator_timing": 0.000008075,
            "result_set_size": 51120,
            "children": [
                {
                    "operator_name": "ORDER_BY",
                    "cpu_time": 2.1531583870003015,
                    "extra_info": {
                        "Order By": "TS.UsageCount DESC"
                    },
                    "cumulative_cardinality": 10395446,
                    "operator_type": "ORDER_BY",
                    "operator_cardinality": 639,
                    "cumulative_rows_scanned": 8962918,
                    "operator_rows_scanned": 0,
                    "operator_timing": 0.00008363700000000001,
                    "result_set_size": 51120,
                    "children": [
                        {
                            "operator_name": "PROJECTION",
                            "cpu_time": 2.1530747500003016,
                            "extra_info": {
                                "Projections": [
                                    "#0",
                                    "#1",
                                    "#2",
                                    "#3",
                                    "#4",
                                    "__internal_compress_string_hugeint(#5)"
                                ],
                                "Estimated Cardinality": "117579"
                            },
                            "cumulative_cardinality": 10394807,
                            "operator_type": "PROJECTION",
                            "operator_cardinality": 639,
                            "cumulative_rows_scanned": 8962918,
                            "operator_rows_scanned": 0,
                            "operator_timing": 0.000008256,
                            "result_set_size": 51120,
                            "children": [
                                {
                                    "operator_name": "PROJECTION",
                                    "cpu_time": 2.1530664940003015,
                                    "extra_info": {
                                        "Projections": [
                                            "tagname",
                                            "UsageCount",
                                            "DistinctPostCount",
                                            "TotalViews",
                                            "TotalComments",
                                            "PopularityCategory"
                                        ],
                                        "Estimated Cardinality": "117579"
                                    },
                                    "cumulative_cardinality": 10394168,
                                    "operator_type": "PROJECTION",
                                    "operator_cardinality": 639,
                                    "cumulative_rows_scanned": 8962918,
                                    "operator_rows_scanned": 0,
                                    "operator_timing": 0.000024215,
                                    "result_set_size": 51120,
                                    "children": [
                                        {
                                            "operator_name": "HASH_GROUP_BY",
                                            "cpu_time": 2.1530422790003017,
                                            "extra_info": {
                                                "Groups": "#0",
                                                "Aggregates": [
                                                    "count_star()",
                                                    "count(DISTINCT #1)",
                                                    "sum(#2)",
                                                    "sum(#3)"
                                                ],
                                                "Estimated Cardinality": "117579"
                                            },
                                            "cumulative_cardinality": 10393529,
                                            "operator_type": "HASH_GROUP_BY",
                                            "operator_cardinality": 639,
                                            "cumulative_rows_scanned": 8962918,
                                            "operator_rows_scanned": 0,
                                            "operator_timing": 0.0054687040000000004,
                                            "result_set_size": 40896,
                                            "children": [
                                                {
                                                    "operator_name": "PROJECTION",
                                                    "cpu_time": 2.1475735750003015,
                                                    "extra_info": {
                                                        "Projections": [
                                                            "tagname",
                                                            "PostId",
                                                            "TotalViews",
                                                            "TotalComments"
                                                        ],
                                                        "Estimated Cardinality": "235159"
                                                    },
                                                    "cumulative_cardinality": 10392890,
                                                    "operator_type": "PROJECTION",
                                                    "operator_cardinality": 38554,
                                                    "cumulative_rows_scanned": 8962918,
                                                    "operator_rows_scanned": 0,
                                                    "operator_timing": 0.000021698999999999997,
                                                    "result_set_size": 2004808,
                                                    "children": [
                                                        {
                                                            "operator_name": "HASH_JOIN",
                                                            "cpu_time": 2.1475518760003016,
                                                            "extra_info": {
                                                                "Join Type": "INNER",
                                                                "Conditions": "Tag = tagname",
                                                                "Estimated Cardinality": "235159"
                                                            },
                                                            "cumulative_cardinality": 10354336,
                                                            "operator_type": "HASH_JOIN",
                                                            "operator_cardinality": 38554,
                                                            "cumulative_rows_scanned": 8962918,
                                                            "operator_rows_scanned": 0,
                                                            "operator_timing": 0.004793493000000002,
                                                            "result_set_size": 2621672,
                                                            "children": [
                                                                {
                                                                    "operator_name": "HASH_JOIN",
                                                                    "cpu_time": 2.1423100650003013,
                                                                    "extra_info": {
                                                                        "Join Type": "INNER",
                                                                        "Conditions": "PostId = UserId",
                                                                        "Estimated Cardinality": "235159"
                                                                    },
                                                                    "cumulative_cardinality": 10313806,
                                                                    "operator_type": "HASH_JOIN",
                                                                    "operator_cardinality": 107998,
                                                                    "cumulative_rows_scanned": 8960942,
                                                                    "operator_rows_scanned": 0,
                                                                    "operator_timing": 1.1576830020000268,
                                                                    "result_set_size": 5615896,
                                                                    "children": [
                                                                        {
                                                                            "operator_name": "PROJECTION",
                                                                            "cpu_time": 0.44791951700027455,
                                                                            "extra_info": {
                                                                                "Projections": [
                                                                                    "Tag",
                                                                                    "PostId"
                                                                                ],
                                                                                "Estimated Cardinality": "770023"
                                                                            },
                                                                            "cumulative_cardinality": 1849032,
                                                                            "operator_type": "PROJECTION",
                                                                            "operator_cardinality": 462258,
                                                                            "cumulative_rows_scanned": 3850116,
                                                                            "operator_rows_scanned": 0,
                                                                            "operator_timing": 0.05184843799974635,
                                                                            "result_set_size": 9245160,
                                                                            "children": [
                                                                                {
                                                                                    "operator_name": "UNNEST",
                                                                                    "cpu_time": 0.3960710790005282,
                                                                                    "extra_info": {},
                                                                                    "cumulative_cardinality": 1386774,
                                                                                    "operator_type": "UNNEST",
                                                                                    "operator_cardinality": 462258,
                                                                                    "cumulative_rows_scanned": 3850116,
                                                                                    "operator_rows_scanned": 0,
                                                                                    "operator_timing": 0.3152020330005282,
                                                                                    "result_set_size": 16641288,
                                                                                    "children": [
                                                                                        {
                                                                                            "operator_name": "FILTER",
                                                                                            "cpu_time": 0.08086904599999997,
                                                                                            "extra_info": {
                                                                                                "Expression": "(id <= 1416539)",
                                                                                                "Estimated Cardinality": "770023"
                                                                                            },
                                                                                            "cumulative_cardinality": 924516,
                                                                                            "operator_type": "FILTER",
                                                                                            "operator_cardinality": 462258,
                                                                                            "cumulative_rows_scanned": 3850116,
                                                                                            "operator_rows_scanned": 0,
                                                                                            "operator_timing": 0.001126613,
                                                                                            "result_set_size": 9245160,
                                                                                            "children": [
                                                                                                {
                                                                                                    "operator_name": "READ_PARQUET ",
                                                                                                    "cpu_time": 0.07974243299999997,
                                                                                                    "extra_info": {
                                                                                                        "Function": "READ_PARQUET",
                                                                                                        "Projections": [
                                                                                                            "id",
                                                                                                            "tags"
                                                                                                        ],
                                                                                                        "Filters": "posttypeid=1",
                                                                                                        "Estimated Cardinality": "770023"
                                                                                                    },
                                                                                                    "cumulative_cardinality": 462258,
                                                                                                    "operator_type": "TABLE_SCAN",
                                                                                                    "operator_cardinality": 462258,
                                                                                                    "cumulative_rows_scanned": 3850116,
                                                                                                    "operator_rows_scanned": 3850116,
                                                                                                    "operator_timing": 0.07974243299999997,
                                                                                                    "result_set_size": 9245160,
                                                                                                    "children": []
                                                                                                }
                                                                                            ]
                                                                                        }
                                                                                    ]
                                                                                }
                                                                            ]
                                                                        },
                                                                        {
                                                                            "operator_name": "PROJECTION",
                                                                            "cpu_time": 0.5367075459999997,
                                                                            "extra_info": {
                                                                                "Projections": [
                                                                                    "UserId",
                                                                                    "TotalViews",
                                                                                    "TotalComments"
                                                                                ],
                                                                                "Estimated Cardinality": "385011"
                                                                            },
                                                                            "cumulative_cardinality": 8356776,
                                                                            "operator_type": "PROJECTION",
                                                                            "operator_cardinality": 329473,
                                                                            "cumulative_rows_scanned": 5110826,
                                                                            "operator_rows_scanned": 0,
                                                                            "operator_timing": 0.004609911000000002,
                                                                            "result_set_size": 11861028,
                                                                            "children": [
                                                                                {
                                                                                    "operator_name": "HASH_GROUP_BY",
                                                                                    "cpu_time": 0.5320976349999997,
                                                                                    "extra_info": {
                                                                                        "Groups": [
                                                                                            "#0",
                                                                                            "#1"
                                                                                        ],
                                                                                        "Aggregates": [
                                                                                            "sum(#2)",
                                                                                            "sum(#3)"
                                                                                        ],
                                                                                        "Estimated Cardinality": "385011"
                                                                                    },
                                                                                    "cumulative_cardinality": 8027303,
                                                                                    "operator_type": "HASH_GROUP_BY",
                                                                                    "operator_cardinality": 329473,
                                                                                    "cumulative_rows_scanned": 5110826,
                                                                                    "operator_rows_scanned": 0,
                                                                                    "operator_timing": 0.09699232499999998,
                                                                                    "result_set_size": 17132596,
                                                                                    "children": [
                                                                                        {
                                                                                            "operator_name": "PROJECTION",
                                                                                            "cpu_time": 0.4351053099999998,
                                                                                            "extra_info": {
                                                                                                "Projections": [
                                                                                                    "id",
                                                                                                    "displayname",
                                                                                                    "viewcount",
                                                                                                    "commentcount"
                                                                                                ],
                                                                                                "Estimated Cardinality": "770023"
                                                                                            },
                                                                                            "cumulative_cardinality": 7697830,
                                                                                            "operator_type": "PROJECTION",
                                                                                            "operator_cardinality": 1589663,
                                                                                            "cumulative_rows_scanned": 5110826,
                                                                                            "operator_rows_scanned": 0,
                                                                                            "operator_timing": 0.0003549590000000005,
                                                                                            "result_set_size": 44510564,
                                                                                            "children": [
                                                                                                {
                                                                                                    "operator_name": "FILTER",
                                                                                                    "cpu_time": 0.4347503509999998,
                                                                                                    "extra_info": {
                                                                                                        "Expression": "(id >= 1)",
                                                                                                        "Estimated Cardinality": "770023"
                                                                                                    },
                                                                                                    "cumulative_cardinality": 6108167,
                                                                                                    "operator_type": "FILTER",
                                                                                                    "operator_cardinality": 1589663,
                                                                                                    "cumulative_rows_scanned": 5110826,
                                                                                                    "operator_rows_scanned": 0,
                                                                                                    "operator_timing": 0.003103564999999994,
                                                                                                    "result_set_size": 44510564,
                                                                                                    "children": [
                                                                                                        {
                                                                                                            "operator_name": "HASH_JOIN",
                                                                                                            "cpu_time": 0.43164678599999984,
                                                                                                            "extra_info": {
                                                                                                                "Join Type": "INNER",
                                                                                                                "Conditions": "id = owneruserid",
                                                                                                                "Estimated Cardinality": "770023"
                                                                                                            },
                                                                                                            "cumulative_cardinality": 4518504,
                                                                                                            "operator_type": "HASH_JOIN",
                                                                                                            "operator_cardinality": 1589663,
                                                                                                            "cumulative_rows_scanned": 5110826,
                                                                                                            "operator_rows_scanned": 0,
                                                                                                            "operator_timing": 0.187775295,
                                                                                                            "result_set_size": 44510564,
                                                                                                            "children": [
                                                                                                                {
                                                                                                                    "operator_name": "READ_PARQUET ",
                                                                                                                    "cpu_time": 0.09122189600000004,
                                                                                                                    "extra_info": {
                                                                                                                        "Function": "READ_PARQUET",
                                                                                                                        "Projections": [
                                                                                                                            "id",
                                                                                                                            "displayname"
                                                                                                                        ],
                                                                                                                        "Filters": "id<=1416539",
                                                                                                                        "Estimated Cardinality": "1260710"
                                                                                                                    },
                                                                                                                    "cumulative_cardinality": 1260677,
                                                                                                                    "operator_type": "TABLE_SCAN",
                                                                                                                    "operator_cardinality": 1260677,
                                                                                                                    "cumulative_rows_scanned": 1260710,
                                                                                                                    "operator_rows_scanned": 1260710,
                                                                                                                    "operator_timing": 0.09122189600000004,
                                                                                                                    "result_set_size": 25213540,
                                                                                                                    "children": []
                                                                                                                },
                                                                                                                {
                                                                                                                    "operator_name": "READ_PARQUET ",
                                                                                                                    "cpu_time": 0.15264959499999983,
                                                                                                                    "extra_info": {
                                                                                                                        "Function": "READ_PARQUET",
                                                                                                                        "Projections": [
                                                                                                                            "viewcount",
                                                                                                                            "owneruserid",
                                                                                                                            "commentcount"
                                                                                                                        ],
                                                                                                                        "Filters": "posttypeid=1",
                                                                                                                        "Estimated Cardinality": "770023"
                                                                                                                    },
                                                                                                                    "cumulative_cardinality": 1668164,
                                                                                                                    "operator_type": "TABLE_SCAN",
                                                                                                                    "operator_cardinality": 1668164,
                                                                                                                    "cumulative_rows_scanned": 3850116,
                                                                                                                    "operator_rows_scanned": 3850116,
                                                                                                                    "operator_timing": 0.15264959499999983,
                                                                                                                    "result_set_size": 20017968,
                                                                                                                    "children": []
                                                                                                                }
                                                                                                            ]
                                                                                                        }
                                                                                                    ]
                                                                                                }
                                                                                            ]
                                                                                        }
                                                                                    ]
                                                                                }
                                                                            ]
                                                                        }
                                                                    ]
                                                                },
                                                                {
                                                                    "operator_name": "READ_PARQUET ",
                                                                    "cpu_time": 0.00044831799999999996,
                                                                    "extra_info": {
                                                                        "Function": "READ_PARQUET",
                                                                        "Projections": "tagname",
                                                                        "Estimated Cardinality": "1976"
                                                                    },
                                                                    "cumulative_cardinality": 1976,
                                                                    "operator_type": "TABLE_SCAN",
                                                                    "operator_cardinality": 1976,
                                                                    "cumulative_rows_scanned": 1976,
                                                                    "operator_rows_scanned": 1976,
                                                                    "operator_timing": 0.00044831799999999996,
                                                                    "result_set_size": 31616,
                                                                    "children": []
                                                                }
                                                            ]
                                                        }
                                                    ]
                                                }
                                            ]
                                        }
                                    ]
                                }
                            ]
                        }
                    ]
                }
            ]
        }
    ]
}