{
    "rows_returned": 10,
    "query_name": "WITH UserBadgeCounts AS (\n    SELECT \n        U.Id AS UserId,\n        COUNT(CASE WHEN B.Class = 1 THEN 1 END) AS GoldCount,\n        COUNT(CASE WHEN B.Class = 2 THEN 1 END) AS SilverCount,\n        COUNT(CASE WHEN B.Class = 3 THEN 1 END) AS BronzeCount,\n        COUNT(B.Id) AS TotalBadges\n    FROM \n        Users U\n    LEFT JOIN \n        Badges B ON U.Id = B.UserId\n    GROUP BY \n        U.Id\n),\nPostStatistics AS (\n    SELECT \n        P.OwnerUserId,\n        COUNT(P.Id) AS TotalPosts,\n        SUM(CASE WHEN P.PostTypeId = 1 THEN 1 ELSE 0 END) AS TotalQuestions,\n        SUM(CASE WHEN P.PostTypeId = 2 THEN 1 ELSE 0 END) AS TotalAnswers,\n        SUM(P.ViewCount) AS TotalViews,\n        AVG(P.Score) AS AverageScore\n    FROM \n        Posts P\n    GROUP BY \n        P.OwnerUserId\n),\nActiveUsers AS (\n    SELECT \n        U.Id AS UserId,\n        U.DisplayName,\n        UB.GoldCount,\n        UB.SilverCount,\n        UB.BronzeCount,\n        PS.TotalPosts,\n        PS.TotalQuestions,\n        PS.TotalAnswers,\n        PS.TotalViews,\n        PS.AverageScore\n    FROM \n        Users U\n    JOIN \n        UserBadgeCounts UB ON U.Id = UB.UserId\n    JOIN \n        PostStatistics PS ON U.Id = PS.OwnerUserId\n    WHERE \n        U.Reputation > 1000\n    ORDER BY \n        PS.TotalPosts DESC, \n        U.Reputation DESC\n    LIMIT 10\n)\nSELECT \n    AU.DisplayName,\n    AU.TotalPosts,\n    AU.TotalQuestions,\n    AU.TotalAnswers,\n    AU.TotalViews,\n    AU.AverageScore,\n    AU.GoldCount,\n    AU.SilverCount,\n    AU.BronzeCount\nFROM \n    ActiveUsers AU\nORDER BY \n    AU.TotalPosts DESC;\n",
    "blocked_thread_time": 0.0,
    "cpu_time": 1.7275429850000006,
    "extra_info": {},
    "cumulative_cardinality": 19042043,
    "cumulative_rows_scanned": 8693260,
    "result_set_size": 1040,
    "latency": 1.951986374,
    "children": [
        {
            "operator_name": "ORDER_BY",
            "cpu_time": 1.7275429850000006,
            "extra_info": {
                "Order By": "AU.TotalPosts DESC"
            },
            "cumulative_cardinality": 19042043,
            "operator_type": "ORDER_BY",
            "operator_cardinality": 10,
            "cumulative_rows_scanned": 8693260,
            "operator_rows_scanned": 0,
            "operator_timing": 0.000020187,
            "result_set_size": 1040,
            "children": [
                {
                    "operator_name": "PROJECTION",
                    "cpu_time": 1.7275227980000005,
                    "extra_info": {
                        "Projections": [
                            "displayname",
                            "TotalPosts",
                            "TotalQuestions",
                            "TotalAnswers",
                            "TotalViews",
                            "AverageScore",
                            "GoldCount",
                            "SilverCount",
                            "BronzeCount"
                        ],
                        "Estimated Cardinality": "10"
                    },
                    "cumulative_cardinality": 19042033,
                    "operator_type": "PROJECTION",
                    "operator_cardinality": 10,
                    "cumulative_rows_scanned": 8693260,
                    "operator_rows_scanned": 0,
                    "operator_timing": 6.81e-7,
                    "result_set_size": 1040,
                    "children": [
                        {
                            "operator_name": "PROJECTION",
                            "cpu_time": 1.7275221170000006,
                            "extra_info": {
                                "Projections": [
                                    "#0",
                                    "#1",
                                    "#2",
                                    "#3",
                                    "#4",
                                    "#5",
                                    "#6",
                                    "#7",
                                    "#8"
                                ],
                                "Estimated Cardinality": "10"
                            },
                            "cumulative_cardinality": 19042023,
                            "operator_type": "PROJECTION",
                            "operator_cardinality": 10,
                            "cumulative_rows_scanned": 8693260,
                            "operator_rows_scanned": 0,
                            "operator_timing": 0.000001022,
                            "result_set_size": 1040,
                            "children": [
                                {
                                    "operator_name": "STREAMING_LIMIT",
                                    "cpu_time": 1.7275210950000006,
                                    "extra_info": {},
                                    "cumulative_cardinality": 19042013,
                                    "operator_type": "STREAMING_LIMIT",
                                    "operator_cardinality": 10,
                                    "cumulative_rows_scanned": 8693260,
                                    "operator_rows_scanned": 0,
                                    "operator_timing": 0.0000019140000000000002,
                                    "result_set_size": 1080,
                                    "children": [
                                        {
                                            "operator_name": "ORDER_BY",
                                            "cpu_time": 1.7275191810000006,
                                            "extra_info": {
                                                "Order By": [
                                                    "PS.TotalPosts DESC",
                                                    "reputation DESC"
                                                ]
                                            },
                                            "cumulative_cardinality": 19042003,
                                            "operator_type": "ORDER_BY",
                                            "operator_cardinality": 4096,
                                            "cumulative_rows_scanned": 8693260,
                                            "operator_rows_scanned": 0,
                                            "operator_timing": 0.0012153599999999997,
                                            "result_set_size": 442368,
                                            "children": [
                                                {
                                                    "operator_name": "PROJECTION",
                                                    "cpu_time": 1.7263038210000006,
                                                    "extra_info": {
                                                        "Projections": [
                                                            "displayname",
                                                            "GoldCount",
                                                            "SilverCount",
                                                            "BronzeCount",
                                                            "TotalPosts",
                                                            "TotalQuestions",
                                                            "TotalAnswers",
                                                            "TotalViews",
                                                            "AverageScore",
                                                            "reputation"
                                                        ],
                                                        "Estimated Cardinality": "385011"
                                                    },
                                                    "cumulative_cardinality": 19037907,
                                                    "operator_type": "PROJECTION",
                                                    "operator_cardinality": 11214,
                                                    "cumulative_rows_scanned": 8693260,
                                                    "operator_rows_scanned": 0,
                                                    "operator_timing": 0.000040841000000000004,
                                                    "result_set_size": 1211112,
                                                    "children": [
                                                        {
                                                            "operator_name": "HASH_JOIN",
                                                            "cpu_time": 1.7262629800000007,
                                                            "extra_info": {
                                                                "Join Type": "INNER",
                                                                "Conditions": "owneruserid = id",
                                                                "Estimated Cardinality": "385011"
                                                            },
                                                            "cumulative_cardinality": 19026693,
                                                            "operator_type": "HASH_JOIN",
                                                            "operator_cardinality": 11214,
                                                            "cumulative_rows_scanned": 8693260,
                                                            "operator_rows_scanned": 0,
                                                            "operator_timing": 0.008956070000000007,
                                                            "result_set_size": 1211112,
                                                            "children": [
                                                                {
                                                                    "operator_name": "HASH_GROUP_BY",
                                                                    "cpu_time": 0.597912245000001,
                                                                    "extra_info": {
                                                                        "Groups": "#0",
                                                                        "Aggregates": [
                                                                            "count_star()",
                                                                            "sum(#1)",
                                                                            "sum(#2)",
                                                                            "sum(#3)",
                                                                            "avg(#4)"
                                                                        ],
                                                                        "Estimated Cardinality": "1925058"
                                                                    },
                                                                    "cumulative_cardinality": 8071864,
                                                                    "operator_type": "HASH_GROUP_BY",
                                                                    "operator_cardinality": 371632,
                                                                    "cumulative_rows_scanned": 3850116,
                                                                    "operator_rows_scanned": 0,
                                                                    "operator_timing": 0.3251301900000009,
                                                                    "result_set_size": 25270976,
                                                                    "children": [
                                                                        {
                                                                            "operator_name": "PROJECTION",
                                                                            "cpu_time": 0.272782055,
                                                                            "extra_info": {
                                                                                "Projections": [
                                                                                    "owneruserid",
                                                                                    "CASE  WHEN ((posttypeid = 1)) THEN (1) ELSE 0 END",
                                                                                    "CASE  WHEN ((posttypeid = 2)) THEN (1) ELSE 0 END",
                                                                                    "viewcount",
                                                                                    "score"
                                                                                ],
                                                                                "Estimated Cardinality": "3850116"
                                                                            },
                                                                            "cumulative_cardinality": 7700232,
                                                                            "operator_type": "PROJECTION",
                                                                            "operator_cardinality": 3850116,
                                                                            "cumulative_rows_scanned": 3850116,
                                                                            "operator_rows_scanned": 0,
                                                                            "operator_timing": 0.091482237,
                                                                            "result_set_size": 77002320,
                                                                            "children": [
                                                                                {
                                                                                    "operator_name": "READ_PARQUET ",
                                                                                    "cpu_time": 0.18129981800000003,
                                                                                    "extra_info": {
                                                                                        "Function": "READ_PARQUET",
                                                                                        "Projections": [
                                                                                            "id",
                                                                                            "posttypeid",
                                                                                            "score",
                                                                                            "viewcount",
                                                                                            "owneruserid"
                                                                                        ],
                                                                                        "Estimated Cardinality": "3850116"
                                                                                    },
                                                                                    "cumulative_cardinality": 3850116,
                                                                                    "operator_type": "TABLE_SCAN",
                                                                                    "operator_cardinality": 3850116,
                                                                                    "cumulative_rows_scanned": 3850116,
                                                                                    "operator_rows_scanned": 3850116,
                                                                                    "operator_timing": 0.18129981800000003,
                                                                                    "result_set_size": 69302088,
                                                                                    "children": []
                                                                                }
                                                                            ]
                                                                        }
                                                                    ]
                                                                },
                                                                {
                                                                    "operator_name": "FILTER",
                                                                    "cpu_time": 1.1193946649999997,
                                                                    "extra_info": {
                                                                        "Expression": "(id <= 1416539)",
                                                                        "Estimated Cardinality": "252142"
                                                                    },
                                                                    "cumulative_cardinality": 10943615,
                                                                    "operator_type": "FILTER",
                                                                    "operator_cardinality": 11215,
                                                                    "cumulative_rows_scanned": 4843144,
                                                                    "operator_rows_scanned": 0,
                                                                    "operator_timing": 0.00006702500000000002,
                                                                    "result_set_size": 538320,
                                                                    "children": [
                                                                        {
                                                                            "operator_name": "HASH_JOIN",
                                                                            "cpu_time": 1.1193276399999996,
                                                                            "extra_info": {
                                                                                "Join Type": "INNER",
                                                                                "Conditions": "UserId = id",
                                                                                "Estimated Cardinality": "252142"
                                                                            },
                                                                            "cumulative_cardinality": 10932400,
                                                                            "operator_type": "HASH_JOIN",
                                                                            "operator_cardinality": 11215,
                                                                            "cumulative_rows_scanned": 4843144,
                                                                            "operator_rows_scanned": 0,
                                                                            "operator_timing": 0.029445834000000008,
                                                                            "result_set_size": 538320,
                                                                            "children": [
                                                                                {
                                                                                    "operator_name": "HASH_GROUP_BY",
                                                                                    "cpu_time": 0.8029855779999997,
                                                                                    "extra_info": {
                                                                                        "Groups": "#0",
                                                                                        "Aggregates": [
                                                                                            "count(#1)",
                                                                                            "count(#2)",
                                                                                            "count(#3)"
                                                                                        ],
                                                                                        "Estimated Cardinality": "1260710"
                                                                                    },
                                                                                    "cumulative_cardinality": 10909970,
                                                                                    "operator_type": "HASH_GROUP_BY",
                                                                                    "operator_cardinality": 1260710,
                                                                                    "cumulative_rows_scanned": 3582434,
                                                                                    "operator_rows_scanned": 0,
                                                                                    "operator_timing": 0.41312848599999963,
                                                                                    "result_set_size": 35299880,
                                                                                    "children": [
                                                                                        {
                                                                                            "operator_name": "PROJECTION",
                                                                                            "cpu_time": 0.38985709200000007,
                                                                                            "extra_info": {
                                                                                                "Projections": [
                                                                                                    "id",
                                                                                                    "CASE  WHEN ((class = 1)) THEN (1) ELSE NULL END",
                                                                                                    "CASE  WHEN ((class = 2)) THEN (1) ELSE NULL END",
                                                                                                    "CASE  WHEN ((class = 3)) THEN (1) ELSE NULL END"
                                                                                                ],
                                                                                                "Estimated Cardinality": "2321724"
                                                                                            },
                                                                                            "cumulative_cardinality": 9649260,
                                                                                            "operator_type": "PROJECTION",
                                                                                            "operator_cardinality": 3033413,
                                                                                            "cumulative_rows_scanned": 3582434,
                                                                                            "operator_rows_scanned": 0,
                                                                                            "operator_timing": 0.030408843999999997,
                                                                                            "result_set_size": 48534608,
                                                                                            "children": [
                                                                                                {
                                                                                                    "operator_name": "HASH_JOIN",
                                                                                                    "cpu_time": 0.3594482480000001,
                                                                                                    "extra_info": {
                                                                                                        "Join Type": "RIGHT",
                                                                                                        "Conditions": "userid = id",
                                                                                                        "Estimated Cardinality": "2321724"
                                                                                                    },
                                                                                                    "cumulative_cardinality": 6615847,
                                                                                                    "operator_type": "HASH_JOIN",
                                                                                                    "operator_cardinality": 3033413,
                                                                                                    "cumulative_rows_scanned": 3582434,
                                                                                                    "operator_rows_scanned": 0,
                                                                                                    "operator_timing": 0.26277164199999997,
                                                                                                    "result_set_size": 18200478,
                                                                                                    "children": [
                                                                                                        {
                                                                                                            "operator_name": "READ_PARQUET ",
                                                                                                            "cpu_time": 0.08461740100000006,
                                                                                                            "extra_info": {
                                                                                                                "Function": "READ_PARQUET",
                                                                                                                "Projections": [
                                                                                                                    "userid",
                                                                                                                    "class"
                                                                                                                ],
                                                                                                                "Estimated Cardinality": "2321724"
                                                                                                            },
                                                                                                            "cumulative_cardinality": 2321724,
                                                                                                            "operator_type": "TABLE_SCAN",
                                                                                                            "operator_cardinality": 2321724,
                                                                                                            "cumulative_rows_scanned": 2321724,
                                                                                                            "operator_rows_scanned": 2321724,
                                                                                                            "operator_timing": 0.08461740100000006,
                                                                                                            "result_set_size": 13930344,
                                                                                                            "children": []
                                                                                                        },
                                                                                                        {
                                                                                                            "operator_name": "READ_PARQUET ",
                                                                                                            "cpu_time": 0.012059205,
                                                                                                            "extra_info": {
                                                                                                                "Function": "READ_PARQUET",
                                                                                                                "Projections": "id",
                                                                                                                "Estimated Cardinality": "1260710"
                                                                                                            },
                                                                                                            "cumulative_cardinality": 1260710,
                                                                                                            "operator_type": "TABLE_SCAN",
                                                                                                            "operator_cardinality": 1260710,
                                                                                                            "cumulative_rows_scanned": 1260710,
                                                                                                            "operator_rows_scanned": 1260710,
                                                                                                            "operator_timing": 0.012059205,
                                                                                                            "result_set_size": 5042840,
                                                                                                            "children": []
                                                                                                        }
                                                                                                    ]
                                                                                                }
                                                                                            ]
                                                                                        }
                                                                                    ]
                                                                                },
                                                                                {
                                                                                    "operator_name": "READ_PARQUET ",
                                                                                    "cpu_time": 0.286896228,
                                                                                    "extra_info": {
                                                                                        "Function": "READ_PARQUET",
                                                                                        "Projections": [
                                                                                            "id",
                                                                                            "reputation",
                                                                                            "displayname"
                                                                                        ],
                                                                                        "Filters": "reputation>1000",
                                                                                        "Estimated Cardinality": "252142"
                                                                                    },
                                                                                    "cumulative_cardinality": 11215,
                                                                                    "operator_type": "TABLE_SCAN",
                                                                                    "operator_cardinality": 11215,
                                                                                    "cumulative_rows_scanned": 1260710,
                                                                                    "operator_rows_scanned": 1260710,
                                                                                    "operator_timing": 0.286896228,
                                                                                    "result_set_size": 269160,
                                                                                    "children": []
                                                                                }
                                                                            ]
                                                                        }
                                                                    ]
                                                                }
                                                            ]
                                                        }
                                                    ]
                                                }
                                            ]
                                        }
                                    ]
                                }
                            ]
                        }
                    ]
                }
            ]
        }
    ]
}