{
    "rows_returned": 224067,
    "query_name": "\nWITH RecursiveTags AS (\n    SELECT \n        p.Id AS PostId, \n        unnest(string_to_array(substring(p.Tags, 2, length(p.Tags)-2), '><')) AS Tag\n    FROM \n        Posts p \n    WHERE \n        p.PostTypeId = 1  \n), \nTagCounts AS (\n    SELECT \n        Tag, \n        COUNT(*) AS TagFrequency \n    FROM \n        RecursiveTags \n    GROUP BY \n        Tag\n), \nTopTags AS (\n    SELECT \n        Tag, \n        TagFrequency \n    FROM \n        TagCounts \n    ORDER BY \n        TagFrequency DESC \n    LIMIT 10\n), \nPostsWithTopTags AS (\n    SELECT \n        p.Id AS PostId, \n        p.Title, \n        p.CreationDate, \n        rt.Tag \n    FROM \n        Posts p \n    JOIN \n        RecursiveTags rt ON p.Id = rt.PostId \n    JOIN \n        TopTags t ON rt.Tag = t.Tag\n), \nUserEngagement AS (\n    SELECT \n        u.Id AS UserId,\n        u.DisplayName,\n        COUNT(DISTINCT p.Id) AS TotalPosts,\n        SUM(COALESCE(c.Score, 0)) AS TotalCommentScores,\n        SUM(CASE WHEN v.VoteTypeId = 2 THEN 1 ELSE 0 END) AS TotalUpVotes, \n        SUM(CASE WHEN v.VoteTypeId = 3 THEN 1 ELSE 0 END) AS TotalDownVotes \n    FROM \n        Users u\n    LEFT JOIN \n        Posts p ON u.Id = p.OwnerUserId \n    LEFT JOIN \n        Comments c ON p.Id = c.PostId \n    LEFT JOIN \n        Votes v ON p.Id = v.PostId \n    GROUP BY \n        u.Id, u.DisplayName\n), \nUserActivity AS (\n    SELECT \n        ue.UserId,\n        ue.DisplayName,\n        ue.TotalPosts,\n        ue.TotalCommentScores,\n        ue.TotalUpVotes,\n        ue.TotalDownVotes,\n        ROW_NUMBER() OVER (ORDER BY ue.TotalPosts DESC) AS Rank\n    FROM \n        UserEngagement ue\n)\nSELECT \n    p.PostId, \n    p.Title, \n    p.CreationDate, \n    p.Tag,\n    ua.DisplayName AS User, \n    ua.TotalPosts,\n    ua.TotalCommentScores,\n    ua.TotalUpVotes,\n    ua.TotalDownVotes\nFROM \n    PostsWithTopTags p \nJOIN \n    UserActivity ua ON p.PostId = ua.UserId\nORDER BY \n    p.CreationDate DESC, \n    ua.TotalPosts DESC;\n",
    "blocked_thread_time": 0.0,
    "cpu_time": 13.545918760013107,
    "extra_info": {},
    "cumulative_cardinality": 188457190,
    "cumulative_rows_scanned": 36647089,
    "result_set_size": 25991772,
    "latency": 26.669840199,
    "children": [
        {
            "operator_name": "ORDER_BY",
            "cpu_time": 13.545918760013107,
            "extra_info": {
                "Order By": [
                    "p.CreationDate DESC",
                    "ua.TotalPosts DESC"
                ]
            },
            "cumulative_cardinality": 188457190,
            "operator_type": "ORDER_BY",
            "operator_cardinality": 224067,
            "cumulative_rows_scanned": 36647089,
            "operator_rows_scanned": 0,
            "operator_timing": 0.03453157999999999,
            "result_set_size": 25991772,
            "children": [
                {
                    "operator_name": "PROJECTION",
                    "cpu_time": 13.511387180013108,
                    "extra_info": {
                        "Projections": [
                            "PostId",
                            "title",
                            "creationdate",
                            "Tag",
                            "User",
                            "TotalPosts",
                            "TotalCommentScores",
                            "TotalUpVotes",
                            "TotalDownVotes"
                        ],
                        "Estimated Cardinality": "1"
                    },
                    "cumulative_cardinality": 188233123,
                    "operator_type": "PROJECTION",
                    "operator_cardinality": 224067,
                    "cumulative_rows_scanned": 36647089,
                    "operator_rows_scanned": 0,
                    "operator_timing": 0.00032234500000000025,
                    "result_set_size": 25991772,
                    "children": [
                        {
                            "operator_name": "HASH_JOIN",
                            "cpu_time": 13.511064835013107,
                            "extra_info": {
                                "Join Type": "INNER",
                                "Conditions": "UserId = PostId",
                                "Estimated Cardinality": "1"
                            },
                            "cumulative_cardinality": 188009056,
                            "operator_type": "HASH_JOIN",
                            "operator_cardinality": 224067,
                            "cumulative_rows_scanned": 36647089,
                            "operator_rows_scanned": 0,
                            "operator_timing": 0.06393640400000004,
                            "result_set_size": 25991772,
                            "children": [
                                {
                                    "operator_name": "PROJECTION",
                                    "cpu_time": 7.226273836000022,
                                    "extra_info": {
                                        "Projections": [
                                            "#0",
                                            "#1",
                                            "#2",
                                            "#3",
                                            "#4",
                                            "#5"
                                        ],
                                        "Estimated Cardinality": "1260710"
                                    },
                                    "cumulative_cardinality": 158021811,
                                    "operator_type": "PROJECTION",
                                    "operator_cardinality": 1260709,
                                    "cumulative_rows_scanned": 25096741,
                                    "operator_rows_scanned": 0,
                                    "operator_timing": 0.0002261389999999996,
                                    "result_set_size": 95813884,
                                    "children": [
                                        {
                                            "operator_name": "FILTER",
                                            "cpu_time": 7.2260476970000225,
                                            "extra_info": {
                                                "Expression": "(UserId >= 1)",
                                                "Estimated Cardinality": "1260710"
                                            },
                                            "cumulative_cardinality": 156761102,
                                            "operator_type": "FILTER",
                                            "operator_cardinality": 1260709,
                                            "cumulative_rows_scanned": 25096741,
                                            "operator_rows_scanned": 0,
                                            "operator_timing": 0.0016086480000000025,
                                            "result_set_size": 105899556,
                                            "children": [
                                                {
                                                    "operator_name": "PROJECTION",
                                                    "cpu_time": 7.224439049000022,
                                                    "extra_info": {
                                                        "Projections": [
                                                            "#0",
                                                            "#1",
                                                            "#2",
                                                            "#3",
                                                            "#4",
                                                            "#5",
                                                            "#6"
                                                        ],
                                                        "Estimated Cardinality": "1260710"
                                                    },
                                                    "cumulative_cardinality": 155500393,
                                                    "operator_type": "PROJECTION",
                                                    "operator_cardinality": 1260710,
                                                    "cumulative_rows_scanned": 25096741,
                                                    "operator_rows_scanned": 0,
                                                    "operator_timing": 0.00021738199999999925,
                                                    "result_set_size": 105899640,
                                                    "children": [
                                                        {
                                                            "operator_name": "WINDOW",
                                                            "cpu_time": 7.224221667000022,
                                                            "extra_info": {
                                                                "Projections": "ROW_NUMBER() OVER (ORDER BY TotalPosts DESC NULLS LAST)"
                                                            },
                                                            "cumulative_cardinality": 154239683,
                                                            "operator_type": "WINDOW",
                                                            "operator_cardinality": 1260710,
                                                            "cumulative_rows_scanned": 25096741,
                                                            "operator_rows_scanned": 0,
                                                            "operator_timing": 0.09475051000000004,
                                                            "result_set_size": 105899640,
                                                            "children": [
                                                                {
                                                                    "operator_name": "HASH_GROUP_BY",
                                                                    "cpu_time": 7.129471157000022,
                                                                    "extra_info": {
                                                                        "Groups": [
                                                                            "#0",
                                                                            "#1"
                                                                        ],
                                                                        "Aggregates": [
                                                                            "count(DISTINCT #2)",
                                                                            "sum(#3)",
                                                                            "sum(#4)",
                                                                            "sum(#5)"
                                                                        ],
                                                                        "Estimated Cardinality": "1260710"
                                                                    },
                                                                    "cumulative_cardinality": 152978973,
                                                                    "operator_type": "HASH_GROUP_BY",
                                                                    "operator_cardinality": 1260710,
                                                                    "cumulative_rows_scanned": 25096741,
                                                                    "operator_rows_scanned": 0,
                                                                    "operator_timing": 3.3650857690000158,
                                                                    "result_set_size": 95813960,
                                                                    "children": [
                                                                        {
                                                                            "operator_name": "PROJECTION",
                                                                            "cpu_time": 3.764385388000006,
                                                                            "extra_info": {
                                                                                "Projections": [
                                                                                    "id",
                                                                                    "displayname",
                                                                                    "id",
                                                                                    "COALESCE(score, 0)",
                                                                                    "CASE  WHEN ((votetypeid = 2)) THEN (1) ELSE 0 END",
                                                                                    "CASE  WHEN ((votetypeid = 3)) THEN (1) ELSE 0 END"
                                                                                ],
                                                                                "Estimated Cardinality": "12744093"
                                                                            },
                                                                            "cumulative_cardinality": 151718263,
                                                                            "operator_type": "PROJECTION",
                                                                            "operator_cardinality": 34453569,
                                                                            "cumulative_rows_scanned": 25096741,
                                                                            "operator_rows_scanned": 0,
                                                                            "operator_timing": 0.4449494490000022,
                                                                            "result_set_size": 1240328484,
                                                                            "children": [
                                                                                {
                                                                                    "operator_name": "PROJECTION",
                                                                                    "cpu_time": 3.319435939000004,
                                                                                    "extra_info": {
                                                                                        "Projections": [
                                                                                            "#0",
                                                                                            "__internal_decompress_integral_integer(#1, 0)",
                                                                                            "#2",
                                                                                            "#3",
                                                                                            "#4"
                                                                                        ],
                                                                                        "Estimated Cardinality": "12744093"
                                                                                    },
                                                                                    "cumulative_cardinality": 117264694,
                                                                                    "operator_type": "PROJECTION",
                                                                                    "operator_cardinality": 34453569,
                                                                                    "cumulative_rows_scanned": 25096741,
                                                                                    "operator_rows_scanned": 0,
                                                                                    "operator_timing": 0.03371530700000003,
                                                                                    "result_set_size": 1033607070,
                                                                                    "children": [
                                                                                        {
                                                                                            "operator_name": "HASH_JOIN",
                                                                                            "cpu_time": 3.285720632000004,
                                                                                            "extra_info": {
                                                                                                "Join Type": "RIGHT",
                                                                                                "Conditions": "postid = id",
                                                                                                "Estimated Cardinality": "12744093"
                                                                                            },
                                                                                            "cumulative_cardinality": 82811125,
                                                                                            "operator_type": "HASH_JOIN",
                                                                                            "operator_cardinality": 34453569,
                                                                                            "cumulative_rows_scanned": 25096741,
                                                                                            "operator_rows_scanned": 0,
                                                                                            "operator_timing": 1.760461640000004,
                                                                                            "result_set_size": 964699932,
                                                                                            "children": [
                                                                                                {
                                                                                                    "operator_name": "READ_PARQUET ",
                                                                                                    "cpu_time": 0.2300759250000007,
                                                                                                    "extra_info": {
                                                                                                        "Function": "READ_PARQUET",
                                                                                                        "Projections": [
                                                                                                            "postid",
                                                                                                            "votetypeid"
                                                                                                        ],
                                                                                                        "Estimated Cardinality": "12744093"
                                                                                                    },
                                                                                                    "cumulative_cardinality": 12744093,
                                                                                                    "operator_type": "TABLE_SCAN",
                                                                                                    "operator_cardinality": 12744093,
                                                                                                    "cumulative_rows_scanned": 12744093,
                                                                                                    "operator_rows_scanned": 12744093,
                                                                                                    "operator_timing": 0.2300759250000007,
                                                                                                    "result_set_size": 76464558,
                                                                                                    "children": []
                                                                                                },
                                                                                                {
                                                                                                    "operator_name": "PROJECTION",
                                                                                                    "cpu_time": 1.295183066999999,
                                                                                                    "extra_info": {
                                                                                                        "Projections": [
                                                                                                            "__internal_compress_integral_usmallint(#0, 0)",
                                                                                                            "#1",
                                                                                                            "#2",
                                                                                                            "#3"
                                                                                                        ],
                                                                                                        "Estimated Cardinality": "7241822"
                                                                                                    },
                                                                                                    "cumulative_cardinality": 35613463,
                                                                                                    "operator_type": "PROJECTION",
                                                                                                    "operator_cardinality": 9425510,
                                                                                                    "cumulative_rows_scanned": 12352648,
                                                                                                    "operator_rows_scanned": 0,
                                                                                                    "operator_timing": 0.006310235000000013,
                                                                                                    "result_set_size": 245063260,
                                                                                                    "children": [
                                                                                                        {
                                                                                                            "operator_name": "HASH_JOIN",
                                                                                                            "cpu_time": 1.2888728319999991,
                                                                                                            "extra_info": {
                                                                                                                "Join Type": "RIGHT",
                                                                                                                "Conditions": "postid = id",
                                                                                                                "Estimated Cardinality": "7241822"
                                                                                                            },
                                                                                                            "cumulative_cardinality": 26187953,
                                                                                                            "operator_type": "HASH_JOIN",
                                                                                                            "operator_cardinality": 9425510,
                                                                                                            "cumulative_rows_scanned": 12352648,
                                                                                                            "operator_rows_scanned": 0,
                                                                                                            "operator_timing": 0.7249709039999994,
                                                                                                            "result_set_size": 263914280,
                                                                                                            "children": [
                                                                                                                {
                                                                                                                    "operator_name": "READ_PARQUET ",
                                                                                                                    "cpu_time": 0.13974273299999998,
                                                                                                                    "extra_info": {
                                                                                                                        "Function": "READ_PARQUET",
                                                                                                                        "Projections": [
                                                                                                                            "postid",
                                                                                                                            "score"
                                                                                                                        ],
                                                                                                                        "Estimated Cardinality": "7241822"
                                                                                                                    },
                                                                                                                    "cumulative_cardinality": 7241822,
                                                                                                                    "operator_type": "TABLE_SCAN",
                                                                                                                    "operator_cardinality": 7241822,
                                                                                                                    "cumulative_rows_scanned": 7241822,
                                                                                                                    "operator_rows_scanned": 7241822,
                                                                                                                    "operator_timing": 0.13974273299999998,
                                                                                                                    "result_set_size": 57934576,
                                                                                                                    "children": []
                                                                                                                },
                                                                                                                {
                                                                                                                    "operator_name": "HASH_JOIN",
                                                                                                                    "cpu_time": 0.42415919499999977,
                                                                                                                    "extra_info": {
                                                                                                                        "Join Type": "RIGHT",
                                                                                                                        "Conditions": "owneruserid = id",
                                                                                                                        "Estimated Cardinality": "3850116"
                                                                                                                    },
                                                                                                                    "cumulative_cardinality": 9520621,
                                                                                                                    "operator_type": "HASH_JOIN",
                                                                                                                    "operator_cardinality": 4574495,
                                                                                                                    "cumulative_rows_scanned": 5110826,
                                                                                                                    "operator_rows_scanned": 0,
                                                                                                                    "operator_timing": 0.2520943109999998,
                                                                                                                    "result_set_size": 109787880,
                                                                                                                    "children": [
                                                                                                                        {
                                                                                                                            "operator_name": "READ_PARQUET ",
                                                                                                                            "cpu_time": 0.09330805299999993,
                                                                                                                            "extra_info": {
                                                                                                                                "Function": "READ_PARQUET",
                                                                                                                                "Projections": [
                                                                                                                                    "id",
                                                                                                                                    "owneruserid"
                                                                                                                                ],
                                                                                                                                "Estimated Cardinality": "3850116"
                                                                                                                            },
                                                                                                                            "cumulative_cardinality": 3685416,
                                                                                                                            "operator_type": "TABLE_SCAN",
                                                                                                                            "operator_cardinality": 3685416,
                                                                                                                            "cumulative_rows_scanned": 3850116,
                                                                                                                            "operator_rows_scanned": 3850116,
                                                                                                                            "operator_timing": 0.09330805299999993,
                                                                                                                            "result_set_size": 29483328,
                                                                                                                            "children": []
                                                                                                                        },
                                                                                                                        {
                                                                                                                            "operator_name": "READ_PARQUET ",
                                                                                                                            "cpu_time": 0.07875683100000005,
                                                                                                                            "extra_info": {
                                                                                                                                "Function": "READ_PARQUET",
                                                                                                                                "Projections": [
                                                                                                                                    "id",
                                                                                                                                    "displayname"
                                                                                                                                ],
                                                                                                                                "Estimated Cardinality": "1260710"
                                                                                                                            },
                                                                                                                            "cumulative_cardinality": 1260710,
                                                                                                                            "operator_type": "TABLE_SCAN",
                                                                                                                            "operator_cardinality": 1260710,
                                                                                                                            "cumulative_rows_scanned": 1260710,
                                                                                                                            "operator_rows_scanned": 1260710,
                                                                                                                            "operator_timing": 0.07875683100000005,
                                                                                                                            "result_set_size": 25214200,
                                                                                                                            "children": []
                                                                                                                        }
                                                                                                                    ]
                                                                                                                }
                                                                                                            ]
                                                                                                        }
                                                                                                    ]
                                                                                                }
                                                                                            ]
                                                                                        }
                                                                                    ]
                                                                                }
                                                                            ]
                                                                        }
                                                                    ]
                                                                }
                                                            ]
                                                        }
                                                    ]
                                                }
                                            ]
                                        }
                                    ]
                                },
                                {
                                    "operator_name": "PROJECTION",
                                    "cpu_time": 6.220854595013085,
                                    "extra_info": {
                                        "Projections": [
                                            "PostId",
                                            "title",
                                            "creationdate",
                                            "Tag"
                                        ],
                                        "Estimated Cardinality": "1"
                                    },
                                    "cumulative_cardinality": 29763178,
                                    "operator_type": "PROJECTION",
                                    "operator_cardinality": 251526,
                                    "cumulative_rows_scanned": 11550348,
                                    "operator_rows_scanned": 0,
                                    "operator_timing": 0.00017246600000000013,
                                    "result_set_size": 11067144,
                                    "children": [
                                        {
                                            "operator_name": "FILTER",
                                            "cpu_time": 6.220682129013085,
                                            "extra_info": {
                                                "Expression": "(PostId <= 1416570)",
                                                "Estimated Cardinality": "1"
                                            },
                                            "cumulative_cardinality": 29511652,
                                            "operator_type": "FILTER",
                                            "operator_cardinality": 251526,
                                            "cumulative_rows_scanned": 11550348,
                                            "operator_rows_scanned": 0,
                                            "operator_timing": 0.0042030560000000045,
                                            "result_set_size": 11067144,
                                            "children": [
                                                {
                                                    "operator_name": "HASH_JOIN",
                                                    "cpu_time": 6.216479073013085,
                                                    "extra_info": {
                                                        "Join Type": "INNER",
                                                        "Conditions": "id = PostId",
                                                        "Estimated Cardinality": "1"
                                                    },
                                                    "cumulative_cardinality": 29260126,
                                                    "operator_type": "HASH_JOIN",
                                                    "operator_cardinality": 922952,
                                                    "cumulative_rows_scanned": 11550348,
                                                    "operator_rows_scanned": 0,
                                                    "operator_timing": 0.19222559700000008,
                                                    "result_set_size": 40609888,
                                                    "children": [
                                                        {
                                                            "operator_name": "READ_PARQUET ",
                                                            "cpu_time": 0.3837994789999997,
                                                            "extra_info": {
                                                                "Function": "READ_PARQUET",
                                                                "Projections": [
                                                                    "id",
                                                                    "creationdate",
                                                                    "title"
                                                                ],
                                                                "Estimated Cardinality": "3850116"
                                                            },
                                                            "cumulative_cardinality": 3850107,
                                                            "operator_type": "TABLE_SCAN",
                                                            "operator_cardinality": 3850107,
                                                            "cumulative_rows_scanned": 3850116,
                                                            "operator_rows_scanned": 3850116,
                                                            "operator_timing": 0.3837994789999997,
                                                            "result_set_size": 107802996,
                                                            "children": []
                                                        },
                                                        {
                                                            "operator_name": "HASH_JOIN",
                                                            "cpu_time": 5.640453997013085,
                                                            "extra_info": {
                                                                "Join Type": "INNER",
                                                                "Conditions": "Tag = Tag",
                                                                "Estimated Cardinality": "1"
                                                            },
                                                            "cumulative_cardinality": 24487067,
                                                            "operator_type": "HASH_JOIN",
                                                            "operator_cardinality": 922952,
                                                            "cumulative_rows_scanned": 7700232,
                                                            "operator_rows_scanned": 0,
                                                            "operator_timing": 1.5406229100041797,
                                                            "result_set_size": 40609888,
                                                            "children": [
                                                                {
                                                                    "operator_name": "PROJECTION",
                                                                    "cpu_time": 1.6308352960046646,
                                                                    "extra_info": {
                                                                        "Projections": [
                                                                            "PostId",
                                                                            "Tag"
                                                                        ],
                                                                        "Estimated Cardinality": "770023"
                                                                    },
                                                                    "cumulative_cardinality": 9757694,
                                                                    "operator_type": "PROJECTION",
                                                                    "operator_cardinality": 4044765,
                                                                    "cumulative_rows_scanned": 3850116,
                                                                    "operator_rows_scanned": 0,
                                                                    "operator_timing": 0.1676085440024146,
                                                                    "result_set_size": 80895300,
                                                                    "children": [
                                                                        {
                                                                            "operator_name": "UNNEST",
                                                                            "cpu_time": 1.46322675200225,
                                                                            "extra_info": {},
                                                                            "cumulative_cardinality": 5712929,
                                                                            "operator_type": "UNNEST",
                                                                            "operator_cardinality": 4044765,
                                                                            "cumulative_rows_scanned": 3850116,
                                                                            "operator_rows_scanned": 0,
                                                                            "operator_timing": 1.1889750860022503,
                                                                            "result_set_size": 145611540,
                                                                            "children": [
                                                                                {
                                                                                    "operator_name": "READ_PARQUET ",
                                                                                    "cpu_time": 0.27425166599999967,
                                                                                    "extra_info": {
                                                                                        "Function": "READ_PARQUET",
                                                                                        "Projections": [
                                                                                            "id",
                                                                                            "tags"
                                                                                        ],
                                                                                        "Filters": "posttypeid=1",
                                                                                        "Estimated Cardinality": "770023"
                                                                                    },
                                                                                    "cumulative_cardinality": 1668164,
                                                                                    "operator_type": "TABLE_SCAN",
                                                                                    "operator_cardinality": 1668164,
                                                                                    "cumulative_rows_scanned": 3850116,
                                                                                    "operator_rows_scanned": 3850116,
                                                                                    "operator_timing": 0.27425166599999967,
                                                                                    "result_set_size": 33363280,
                                                                                    "children": []
                                                                                }
                                                                            ]
                                                                        }
                                                                    ]
                                                                },
                                                                {
                                                                    "operator_name": "STREAMING_LIMIT",
                                                                    "cpu_time": 2.4689957910042413,
                                                                    "extra_info": {},
                                                                    "cumulative_cardinality": 13806421,
                                                                    "operator_type": "STREAMING_LIMIT",
                                                                    "operator_cardinality": 10,
                                                                    "cumulative_rows_scanned": 3850116,
                                                                    "operator_rows_scanned": 0,
                                                                    "operator_timing": 9.92e-7,
                                                                    "result_set_size": 240,
                                                                    "children": [
                                                                        {
                                                                            "operator_name": "ORDER_BY",
                                                                            "cpu_time": 2.4689947990042413,
                                                                            "extra_info": {
                                                                                "Order By": "TagCounts.TagFrequency DESC"
                                                                            },
                                                                            "cumulative_cardinality": 13806411,
                                                                            "operator_type": "ORDER_BY",
                                                                            "operator_cardinality": 1976,
                                                                            "cumulative_rows_scanned": 3850116,
                                                                            "operator_rows_scanned": 0,
                                                                            "operator_timing": 0.0000959,
                                                                            "result_set_size": 47424,
                                                                            "children": [
                                                                                {
                                                                                    "operator_name": "HASH_GROUP_BY",
                                                                                    "cpu_time": 2.4688988990042415,
                                                                                    "extra_info": {
                                                                                        "Groups": "#0",
                                                                                        "Aggregates": "count_star()",
                                                                                        "Estimated Cardinality": "385011"
                                                                                    },
                                                                                    "cumulative_cardinality": 13804435,
                                                                                    "operator_type": "HASH_GROUP_BY",
                                                                                    "operator_cardinality": 1976,
                                                                                    "cumulative_rows_scanned": 3850116,
                                                                                    "operator_rows_scanned": 0,
                                                                                    "operator_timing": 0.9976278379997178,
                                                                                    "result_set_size": 47424,
                                                                                    "children": [
                                                                                        {
                                                                                            "operator_name": "PROJECTION",
                                                                                            "cpu_time": 1.4712710610045237,
                                                                                            "extra_info": {
                                                                                                "Projections": "Tag",
                                                                                                "Estimated Cardinality": "770023"
                                                                                            },
                                                                                            "cumulative_cardinality": 13802459,
                                                                                            "operator_type": "PROJECTION",
                                                                                            "operator_cardinality": 4044765,
                                                                                            "cumulative_rows_scanned": 3850116,
                                                                                            "operator_rows_scanned": 0,
                                                                                            "operator_timing": 0.1156231280017045,
                                                                                            "result_set_size": 64716240,
                                                                                            "children": [
                                                                                                {
                                                                                                    "operator_name": "PROJECTION",
                                                                                                    "cpu_time": 1.355647933002819,
                                                                                                    "extra_info": {
                                                                                                        "Projections": "Tag",
                                                                                                        "Estimated Cardinality": "770023"
                                                                                                    },
                                                                                                    "cumulative_cardinality": 9757694,
                                                                                                    "operator_type": "PROJECTION",
                                                                                                    "operator_cardinality": 4044765,
                                                                                                    "cumulative_rows_scanned": 3850116,
                                                                                                    "operator_rows_scanned": 0,
                                                                                                    "operator_timing": 0.12196375000209689,
                                                                                                    "result_set_size": 64716240,
                                                                                                    "children": [
                                                                                                        {
                                                                                                            "operator_name": "UNNEST",
                                                                                                            "cpu_time": 1.2336841830007221,
                                                                                                            "extra_info": {},
                                                                                                            "cumulative_cardinality": 5712929,
                                                                                                            "operator_type": "UNNEST",
                                                                                                            "operator_cardinality": 4044765,
                                                                                                            "cumulative_rows_scanned": 3850116,
                                                                                                            "operator_rows_scanned": 0,
                                                                                                            "operator_timing": 1.0029916020007221,
                                                                                                            "result_set_size": 129432480,
                                                                                                            "children": [
                                                                                                                {
                                                                                                                    "operator_name": "READ_PARQUET ",
                                                                                                                    "cpu_time": 0.23069258099999992,
                                                                                                                    "extra_info": {
                                                                                                                        "Function": "READ_PARQUET",
                                                                                                                        "Projections": "tags",
                                                                                                                        "Filters": "posttypeid=1",
                                                                                                                        "Estimated Cardinality": "770023"
                                                                                                                    },
                                                                                                                    "cumulative_cardinality": 1668164,
                                                                                                                    "operator_type": "TABLE_SCAN",
                                                                                                                    "operator_cardinality": 1668164,
                                                                                                                    "cumulative_rows_scanned": 3850116,
                                                                                                                    "operator_rows_scanned": 3850116,
                                                                                                                    "operator_timing": 0.23069258099999992,
                                                                                                                    "result_set_size": 26690624,
                                                                                                                    "children": []
                                                                                                                }
                                                                                                            ]
                                                                                                        }
                                                                                                    ]
                                                                                                }
                                                                                            ]
                                                                                        }
                                                                                    ]
                                                                                }
                                                                            ]
                                                                        }
                                                                    ]
                                                                }
                                                            ]
                                                        }
                                                    ]
                                                }
                                            ]
                                        }
                                    ]
                                }
                            ]
                        }
                    ]
                }
            ]
        }
    ]
}