{
    "rows_returned": 190610,
    "query_name": "WITH PostTagCounts AS (\n    SELECT \n        post.Id AS PostId, \n        unnest(string_to_array(substring(post.Tags, 2, length(post.Tags) - 2), '><')) AS Tag\n    FROM \n        Posts post\n    WHERE \n        post.PostTypeId = 1\n),\nTagAggregates AS (\n    SELECT \n        Tag, \n        COUNT(*) AS PostCount\n    FROM \n        PostTagCounts\n    GROUP BY \n        Tag\n    HAVING \n        COUNT(*) > 5\n),\nUserPostCounts AS (\n    SELECT \n        p.OwnerUserId, \n        COUNT(p.Id) AS UserPostCount\n    FROM \n        Posts p\n    WHERE \n        p.PostTypeId IN (1, 2) \n    GROUP BY \n        p.OwnerUserId\n),\nActiveUsers AS (\n    SELECT \n        u.Id AS UserId,\n        u.DisplayName,\n        u.Reputation,\n        up.UserPostCount\n    FROM \n        Users u\n    JOIN \n        UserPostCounts up ON u.Id = up.OwnerUserId\n    WHERE \n        u.LastAccessDate > cast('2024-10-01 12:34:56' as timestamp) - interval '1 year'\n),\nTopPostTags AS (\n    SELECT \n        t.Tag, \n        SUM(up.UserPostCount) AS TotalPosts\n    FROM \n        TagAggregates t\n    JOIN \n        PostTagCounts pt ON t.Tag = pt.Tag\n    JOIN \n        UserPostCounts up ON pt.PostId = up.OwnerUserId\n    GROUP BY \n        t.Tag\n    ORDER BY \n        TotalPosts DESC\n    LIMIT 10\n)\nSELECT \n    u.DisplayName, \n    u.Reputation, \n    t.Tag,\n    t.TotalPosts\nFROM \n    ActiveUsers u\nJOIN \n    TopPostTags t ON u.UserPostCount > 10\nORDER BY \n    u.Reputation DESC, t.TotalPosts DESC;",
    "blocked_thread_time": 0.0,
    "cpu_time": 6.784514653999523,
    "extra_info": {},
    "cumulative_cardinality": 37894951,
    "cumulative_rows_scanned": 12811058,
    "result_set_size": 9911720,
    "latency": 20.541430708,
    "children": [
        {
            "operator_name": "ORDER_BY",
            "cpu_time": 6.784514653999523,
            "extra_info": {
                "Order By": [
                    "u.Reputation DESC",
                    "t.TotalPosts DESC"
                ]
            },
            "cumulative_cardinality": 37894951,
            "operator_type": "ORDER_BY",
            "operator_cardinality": 190610,
            "cumulative_rows_scanned": 12811058,
            "operator_rows_scanned": 0,
            "operator_timing": 0.022049108000000046,
            "result_set_size": 9911720,
            "children": [
                {
                    "operator_name": "PROJECTION",
                    "cpu_time": 6.762465545999523,
                    "extra_info": {
                        "Projections": [
                            "displayname",
                            "reputation",
                            "Tag",
                            "TotalPosts"
                        ],
                        "Estimated Cardinality": "770020"
                    },
                    "cumulative_cardinality": 37704341,
                    "operator_type": "PROJECTION",
                    "operator_cardinality": 190610,
                    "cumulative_rows_scanned": 12811058,
                    "operator_rows_scanned": 0,
                    "operator_timing": 0.0002739749999999987,
                    "result_set_size": 9911720,
                    "children": [
                        {
                            "operator_name": "CTE",
                            "cpu_time": 6.762191570999523,
                            "extra_info": {
                                "CTE Name": "UserPostCounts",
                                "Table Index": "0"
                            },
                            "cumulative_cardinality": 37513731,
                            "operator_type": "CTE",
                            "operator_cardinality": 0,
                            "cumulative_rows_scanned": 12811058,
                            "operator_rows_scanned": 0,
                            "operator_timing": 0.0011801349999999997,
                            "result_set_size": 0,
                            "children": [
                                {
                                    "operator_name": "HASH_GROUP_BY",
                                    "cpu_time": 0.18604519200000028,
                                    "extra_info": {
                                        "Groups": "#0",
                                        "Aggregates": "count_star()",
                                        "Estimated Cardinality": "385011"
                                    },
                                    "cumulative_cardinality": 8062539,
                                    "operator_type": "HASH_GROUP_BY",
                                    "operator_cardinality": 371625,
                                    "cumulative_rows_scanned": 3850116,
                                    "operator_rows_scanned": 0,
                                    "operator_timing": 0.09420482100000006,
                                    "result_set_size": 4459500,
                                    "children": [
                                        {
                                            "operator_name": "PROJECTION",
                                            "cpu_time": 0.09184037100000021,
                                            "extra_info": {
                                                "Projections": "owneruserid",
                                                "Estimated Cardinality": "770023"
                                            },
                                            "cumulative_cardinality": 7690914,
                                            "operator_type": "PROJECTION",
                                            "operator_cardinality": 3845457,
                                            "cumulative_rows_scanned": 3850116,
                                            "operator_rows_scanned": 0,
                                            "operator_timing": 0.00030440300000000127,
                                            "result_set_size": 15381828,
                                            "children": [
                                                {
                                                    "operator_name": "READ_PARQUET ",
                                                    "cpu_time": 0.09153596800000022,
                                                    "extra_info": {
                                                        "Function": "READ_PARQUET",
                                                        "Projections": [
                                                            "id",
                                                            "owneruserid"
                                                        ],
                                                        "Filters": "posttypeid>=1 AND posttypeid<=2",
                                                        "Estimated Cardinality": "770023"
                                                    },
                                                    "cumulative_cardinality": 3845457,
                                                    "operator_type": "TABLE_SCAN",
                                                    "operator_cardinality": 3845457,
                                                    "cumulative_rows_scanned": 3850116,
                                                    "operator_rows_scanned": 3850116,
                                                    "operator_timing": 0.09153596800000022,
                                                    "result_set_size": 30763656,
                                                    "children": []
                                                }
                                            ]
                                        }
                                    ]
                                },
                                {
                                    "operator_name": "CROSS_PRODUCT",
                                    "cpu_time": 6.574966243999523,
                                    "extra_info": {},
                                    "cumulative_cardinality": 29451192,
                                    "operator_type": "CROSS_PRODUCT",
                                    "operator_cardinality": 190610,
                                    "cumulative_rows_scanned": 8960942,
                                    "operator_rows_scanned": 0,
                                    "operator_timing": 0.0011782199999999965,
                                    "result_set_size": 12199040,
                                    "children": [
                                        {
                                            "operator_name": "PROJECTION",
                                            "cpu_time": 0.115274326,
                                            "extra_info": {
                                                "Projections": [
                                                    "UserId",
                                                    "displayname",
                                                    "reputation",
                                                    "UserPostCount"
                                                ],
                                                "Estimated Cardinality": "77002"
                                            },
                                            "cumulative_cardinality": 770326,
                                            "operator_type": "PROJECTION",
                                            "operator_cardinality": 19061,
                                            "cumulative_rows_scanned": 1260710,
                                            "operator_rows_scanned": 0,
                                            "operator_timing": 0.00004254700000000001,
                                            "result_set_size": 609952,
                                            "children": [
                                                {
                                                    "operator_name": "HASH_JOIN",
                                                    "cpu_time": 0.11523177899999999,
                                                    "extra_info": {
                                                        "Join Type": "INNER",
                                                        "Conditions": "owneruserid = id",
                                                        "Estimated Cardinality": "77002"
                                                    },
                                                    "cumulative_cardinality": 751265,
                                                    "operator_type": "HASH_JOIN",
                                                    "operator_cardinality": 19061,
                                                    "cumulative_rows_scanned": 1260710,
                                                    "operator_rows_scanned": 0,
                                                    "operator_timing": 0.029083925000000004,
                                                    "result_set_size": 609952,
                                                    "children": [
                                                        {
                                                            "operator_name": "FILTER",
                                                            "cpu_time": 0.0010511399999999995,
                                                            "extra_info": {
                                                                "Expression": "(UserPostCount > 10)",
                                                                "Estimated Cardinality": "385011"
                                                            },
                                                            "cumulative_cardinality": 408461,
                                                            "operator_type": "FILTER",
                                                            "operator_cardinality": 36836,
                                                            "cumulative_rows_scanned": 0,
                                                            "operator_rows_scanned": 0,
                                                            "operator_timing": 0.0007696719999999996,
                                                            "result_set_size": 442032,
                                                            "children": [
                                                                {
                                                                    "operator_name": "CTE_SCAN",
                                                                    "cpu_time": 0.00028146799999999983,
                                                                    "extra_info": {
                                                                        "CTE Index": "0",
                                                                        "Estimated Cardinality": "385011"
                                                                    },
                                                                    "cumulative_cardinality": 371625,
                                                                    "operator_type": "CTE_SCAN",
                                                                    "operator_cardinality": 371625,
                                                                    "cumulative_rows_scanned": 0,
                                                                    "operator_rows_scanned": 0,
                                                                    "operator_timing": 0.00028146799999999983,
                                                                    "result_set_size": 4459500,
                                                                    "children": []
                                                                }
                                                            ]
                                                        },
                                                        {
                                                            "operator_name": "READ_PARQUET ",
                                                            "cpu_time": 0.08509671399999999,
                                                            "extra_info": {
                                                                "Function": "READ_PARQUET",
                                                                "Projections": [
                                                                    "id",
                                                                    "reputation",
                                                                    "displayname"
                                                                ],
                                                                "Filters": "lastaccessdate>'2023-10-01 12:34:56'::TIMESTAMP",
                                                                "Estimated Cardinality": "252142"
                                                            },
                                                            "cumulative_cardinality": 323743,
                                                            "operator_type": "TABLE_SCAN",
                                                            "operator_cardinality": 323743,
                                                            "cumulative_rows_scanned": 1260710,
                                                            "operator_rows_scanned": 1260710,
                                                            "operator_timing": 0.08509671399999999,
                                                            "result_set_size": 7769832,
                                                            "children": []
                                                        }
                                                    ]
                                                }
                                            ]
                                        },
                                        {
                                            "operator_name": "STREAMING_LIMIT",
                                            "cpu_time": 6.458513697999523,
                                            "extra_info": {},
                                            "cumulative_cardinality": 28490256,
                                            "operator_type": "STREAMING_LIMIT",
                                            "operator_cardinality": 10,
                                            "cumulative_rows_scanned": 7700232,
                                            "operator_rows_scanned": 0,
                                            "operator_timing": 0.000001152,
                                            "result_set_size": 320,
                                            "children": [
                                                {
                                                    "operator_name": "ORDER_BY",
                                                    "cpu_time": 6.458512545999523,
                                                    "extra_info": {
                                                        "Order By": "sum(up.UserPostCount) DESC"
                                                    },
                                                    "cumulative_cardinality": 28490246,
                                                    "operator_type": "ORDER_BY",
                                                    "operator_cardinality": 1474,
                                                    "cumulative_rows_scanned": 7700232,
                                                    "operator_rows_scanned": 0,
                                                    "operator_timing": 0.00019574599999999998,
                                                    "result_set_size": 47168,
                                                    "children": [
                                                        {
                                                            "operator_name": "HASH_GROUP_BY",
                                                            "cpu_time": 6.458316799999523,
                                                            "extra_info": {
                                                                "Groups": "#0",
                                                                "Aggregates": "sum(#1)",
                                                                "Estimated Cardinality": "770"
                                                            },
                                                            "cumulative_cardinality": 28488772,
                                                            "operator_type": "HASH_GROUP_BY",
                                                            "operator_cardinality": 1474,
                                                            "cumulative_rows_scanned": 7700232,
                                                            "operator_rows_scanned": 0,
                                                            "operator_timing": 0.01487471799999999,
                                                            "result_set_size": 47168,
                                                            "children": [
                                                                {
                                                                    "operator_name": "PROJECTION",
                                                                    "cpu_time": 6.443442081999523,
                                                                    "extra_info": {
                                                                        "Projections": [
                                                                            "Tag",
                                                                            "UserPostCount"
                                                                        ],
                                                                        "Estimated Cardinality": "1540"
                                                                    },
                                                                    "cumulative_cardinality": 28487298,
                                                                    "operator_type": "PROJECTION",
                                                                    "operator_cardinality": 252533,
                                                                    "cumulative_rows_scanned": 7700232,
                                                                    "operator_rows_scanned": 0,
                                                                    "operator_timing": 0.000047173000000000045,
                                                                    "result_set_size": 6060792,
                                                                    "children": [
                                                                        {
                                                                            "operator_name": "HASH_JOIN",
                                                                            "cpu_time": 6.443394908999523,
                                                                            "extra_info": {
                                                                                "Join Type": "INNER",
                                                                                "Conditions": "owneruserid = PostId",
                                                                                "Estimated Cardinality": "1540"
                                                                            },
                                                                            "cumulative_cardinality": 28234765,
                                                                            "operator_type": "HASH_JOIN",
                                                                            "operator_cardinality": 252533,
                                                                            "cumulative_rows_scanned": 7700232,
                                                                            "operator_rows_scanned": 0,
                                                                            "operator_timing": 0.3483378849999998,
                                                                            "result_set_size": 6060792,
                                                                            "children": [
                                                                                {
                                                                                    "operator_name": "CTE_SCAN",
                                                                                    "cpu_time": 0.000318197,
                                                                                    "extra_info": {
                                                                                        "CTE Index": "0",
                                                                                        "Estimated Cardinality": "385011"
                                                                                    },
                                                                                    "cumulative_cardinality": 371625,
                                                                                    "operator_type": "CTE_SCAN",
                                                                                    "operator_cardinality": 371625,
                                                                                    "cumulative_rows_scanned": 0,
                                                                                    "operator_rows_scanned": 0,
                                                                                    "operator_timing": 0.000318197,
                                                                                    "result_set_size": 4459500,
                                                                                    "children": []
                                                                                },
                                                                                {
                                                                                    "operator_name": "HASH_JOIN",
                                                                                    "cpu_time": 6.0947388269995235,
                                                                                    "extra_info": {
                                                                                        "Join Type": "INNER",
                                                                                        "Conditions": "Tag = Tag",
                                                                                        "Estimated Cardinality": "15400"
                                                                                    },
                                                                                    "cumulative_cardinality": 27610607,
                                                                                    "operator_type": "HASH_JOIN",
                                                                                    "operator_cardinality": 4044606,
                                                                                    "cumulative_rows_scanned": 7700232,
                                                                                    "operator_rows_scanned": 0,
                                                                                    "operator_timing": 1.8364678239980379,
                                                                                    "result_set_size": 80892120,
                                                                                    "children": [
                                                                                        {
                                                                                            "operator_name": "PROJECTION",
                                                                                            "cpu_time": 1.7226082280009478,
                                                                                            "extra_info": {
                                                                                                "Projections": [
                                                                                                    "PostId",
                                                                                                    "Tag"
                                                                                                ],
                                                                                                "Estimated Cardinality": "770023"
                                                                                            },
                                                                                            "cumulative_cardinality": 9757694,
                                                                                            "operator_type": "PROJECTION",
                                                                                            "operator_cardinality": 4044765,
                                                                                            "cumulative_rows_scanned": 3850116,
                                                                                            "operator_rows_scanned": 0,
                                                                                            "operator_timing": 0.1749621460009831,
                                                                                            "result_set_size": 80895300,
                                                                                            "children": [
                                                                                                {
                                                                                                    "operator_name": "UNNEST",
                                                                                                    "cpu_time": 1.5476460819999647,
                                                                                                    "extra_info": {},
                                                                                                    "cumulative_cardinality": 5712929,
                                                                                                    "operator_type": "UNNEST",
                                                                                                    "operator_cardinality": 4044765,
                                                                                                    "cumulative_rows_scanned": 3850116,
                                                                                                    "operator_rows_scanned": 0,
                                                                                                    "operator_timing": 1.251105923999965,
                                                                                                    "result_set_size": 145611540,
                                                                                                    "children": [
                                                                                                        {
                                                                                                            "operator_name": "READ_PARQUET ",
                                                                                                            "cpu_time": 0.2965401579999997,
                                                                                                            "extra_info": {
                                                                                                                "Function": "READ_PARQUET",
                                                                                                                "Projections": [
                                                                                                                    "id",
                                                                                                                    "tags"
                                                                                                                ],
                                                                                                                "Filters": "posttypeid=1",
                                                                                                                "Estimated Cardinality": "770023"
                                                                                                            },
                                                                                                            "cumulative_cardinality": 1668164,
                                                                                                            "operator_type": "TABLE_SCAN",
                                                                                                            "operator_cardinality": 1668164,
                                                                                                            "cumulative_rows_scanned": 3850116,
                                                                                                            "operator_rows_scanned": 3850116,
                                                                                                            "operator_timing": 0.2965401579999997,
                                                                                                            "result_set_size": 33363280,
                                                                                                            "children": []
                                                                                                        }
                                                                                                    ]
                                                                                                }
                                                                                            ]
                                                                                        },
                                                                                        {
                                                                                            "operator_name": "PROJECTION",
                                                                                            "cpu_time": 2.535662775000538,
                                                                                            "extra_info": {
                                                                                                "Projections": "#0",
                                                                                                "Estimated Cardinality": "77002"
                                                                                            },
                                                                                            "cumulative_cardinality": 13808307,
                                                                                            "operator_type": "PROJECTION",
                                                                                            "operator_cardinality": 1936,
                                                                                            "cumulative_rows_scanned": 3850116,
                                                                                            "operator_rows_scanned": 0,
                                                                                            "operator_timing": 5.11e-7,
                                                                                            "result_set_size": 30976,
                                                                                            "children": [
                                                                                                {
                                                                                                    "operator_name": "FILTER",
                                                                                                    "cpu_time": 2.5356622640005377,
                                                                                                    "extra_info": {
                                                                                                        "Expression": "(PostCount > 5)",
                                                                                                        "Estimated Cardinality": "77002"
                                                                                                    },
                                                                                                    "cumulative_cardinality": 13806371,
                                                                                                    "operator_type": "FILTER",
                                                                                                    "operator_cardinality": 1936,
                                                                                                    "cumulative_rows_scanned": 3850116,
                                                                                                    "operator_rows_scanned": 0,
                                                                                                    "operator_timing": 0.000009397,
                                                                                                    "result_set_size": 46464,
                                                                                                    "children": [
                                                                                                        {
                                                                                                            "operator_name": "HASH_GROUP_BY",
                                                                                                            "cpu_time": 2.535652867000538,
                                                                                                            "extra_info": {
                                                                                                                "Groups": "#0",
                                                                                                                "Aggregates": "count_star()",
                                                                                                                "Estimated Cardinality": "385011"
                                                                                                            },
                                                                                                            "cumulative_cardinality": 13804435,
                                                                                                            "operator_type": "HASH_GROUP_BY",
                                                                                                            "operator_cardinality": 1976,
                                                                                                            "cumulative_rows_scanned": 3850116,
                                                                                                            "operator_rows_scanned": 0,
                                                                                                            "operator_timing": 1.008494822999703,
                                                                                                            "result_set_size": 47424,
                                                                                                            "children": [
                                                                                                                {
                                                                                                                    "operator_name": "PROJECTION",
                                                                                                                    "cpu_time": 1.5271580440008348,
                                                                                                                    "extra_info": {
                                                                                                                        "Projections": "Tag",
                                                                                                                        "Estimated Cardinality": "770023"
                                                                                                                    },
                                                                                                                    "cumulative_cardinality": 13802459,
                                                                                                                    "operator_type": "PROJECTION",
                                                                                                                    "operator_cardinality": 4044765,
                                                                                                                    "cumulative_rows_scanned": 3850116,
                                                                                                                    "operator_rows_scanned": 0,
                                                                                                                    "operator_timing": 0.13670616700007465,
                                                                                                                    "result_set_size": 64716240,
                                                                                                                    "children": [
                                                                                                                        {
                                                                                                                            "operator_name": "PROJECTION",
                                                                                                                            "cpu_time": 1.3904518770007601,
                                                                                                                            "extra_info": {
                                                                                                                                "Projections": "Tag",
                                                                                                                                "Estimated Cardinality": "770023"
                                                                                                                            },
                                                                                                                            "cumulative_cardinality": 9757694,
                                                                                                                            "operator_type": "PROJECTION",
                                                                                                                            "operator_cardinality": 4044765,
                                                                                                                            "cumulative_rows_scanned": 3850116,
                                                                                                                            "operator_rows_scanned": 0,
                                                                                                                            "operator_timing": 0.1471372219998477,
                                                                                                                            "result_set_size": 64716240,
                                                                                                                            "children": [
                                                                                                                                {
                                                                                                                                    "operator_name": "UNNEST",
                                                                                                                                    "cpu_time": 1.2433146550009124,
                                                                                                                                    "extra_info": {},
                                                                                                                                    "cumulative_cardinality": 5712929,
                                                                                                                                    "operator_type": "UNNEST",
                                                                                                                                    "operator_cardinality": 4044765,
                                                                                                                                    "cumulative_rows_scanned": 3850116,
                                                                                                                                    "operator_rows_scanned": 0,
                                                                                                                                    "operator_timing": 1.0105185230009124,
                                                                                                                                    "result_set_size": 129432480,
                                                                                                                                    "children": [
                                                                                                                                        {
                                                                                                                                            "operator_name": "READ_PARQUET ",
                                                                                                                                            "cpu_time": 0.2327961320000001,
                                                                                                                                            "extra_info": {
                                                                                                                                                "Function": "READ_PARQUET",
                                                                                                                                                "Projections": "tags",
                                                                                                                                                "Filters": "posttypeid=1",
                                                                                                                                                "Estimated Cardinality": "770023"
                                                                                                                                            },
                                                                                                                                            "cumulative_cardinality": 1668164,
                                                                                                                                            "operator_type": "TABLE_SCAN",
                                                                                                                                            "operator_cardinality": 1668164,
                                                                                                                                            "cumulative_rows_scanned": 3850116,
                                                                                                                                            "operator_rows_scanned": 3850116,
                                                                                                                                            "operator_timing": 0.2327961320000001,
                                                                                                                                            "result_set_size": 26690624,
                                                                                                                                            "children": []
                                                                                                                                        }
                                                                                                                                    ]
                                                                                                                                }
                                                                                                                            ]
                                                                                                                        }
                                                                                                                    ]
                                                                                                                }
                                                                                                            ]
                                                                                                        }
                                                                                                    ]
                                                                                                }
                                                                                            ]
                                                                                        }
                                                                                    ]
                                                                                }
                                                                            ]
                                                                        }
                                                                    ]
                                                                }
                                                            ]
                                                        }
                                                    ]
                                                }
                                            ]
                                        }
                                    ]
                                }
                            ]
                        }
                    ]
                }
            ]
        }
    ]
}