{
    "rows_returned": 10,
    "query_name": "WITH UserBadgeStats AS (\n    SELECT \n        U.Id AS UserId,\n        U.DisplayName,\n        COUNT(B.Id) AS BadgeCount,\n        SUM(CASE WHEN B.Class = 1 THEN 1 ELSE 0 END) AS GoldCount,\n        SUM(CASE WHEN B.Class = 2 THEN 1 ELSE 0 END) AS SilverCount,\n        SUM(CASE WHEN B.Class = 3 THEN 1 ELSE 0 END) AS BronzeCount\n    FROM \n        Users AS U\n    LEFT JOIN \n        Badges AS B ON U.Id = B.UserId\n    GROUP BY \n        U.Id, U.DisplayName\n),\nPostStats AS (\n    SELECT \n        P.OwnerUserId,\n        COUNT(P.Id) AS TotalPosts,\n        SUM(CASE WHEN P.PostTypeId = 1 THEN 1 ELSE 0 END) AS QuestionCount,\n        SUM(CASE WHEN P.PostTypeId = 2 THEN 1 ELSE 0 END) AS AnswerCount,\n        SUM(P.Score) AS TotalScore\n    FROM \n        Posts AS P\n    GROUP BY \n        P.OwnerUserId\n),\nUserPerformance AS (\n    SELECT \n        U.Id AS UserId,\n        U.DisplayName,\n        COALESCE(UB.BadgeCount, 0) AS BadgeCount,\n        COALESCE(UB.GoldCount, 0) AS GoldCount,\n        COALESCE(UB.SilverCount, 0) AS SilverCount,\n        COALESCE(UB.BronzeCount, 0) AS BronzeCount,\n        COALESCE(PS.TotalPosts, 0) AS TotalPosts,\n        COALESCE(PS.QuestionCount, 0) AS QuestionCount,\n        COALESCE(PS.AnswerCount, 0) AS AnswerCount,\n        COALESCE(PS.TotalScore, 0) AS TotalScore\n    FROM \n        Users AS U\n    LEFT JOIN \n        UserBadgeStats AS UB ON U.Id = UB.UserId\n    LEFT JOIN \n        PostStats AS PS ON U.Id = PS.OwnerUserId\n)\nSELECT \n    UP.UserId,\n    UP.DisplayName,\n    UP.BadgeCount,\n    UP.GoldCount,\n    UP.SilverCount,\n    UP.BronzeCount,\n    UP.TotalPosts,\n    UP.QuestionCount,\n    UP.AnswerCount,\n    UP.TotalScore,\n    CASE \n        WHEN UP.BadgeCount > 5 AND UP.QuestionCount > 10 THEN 'High Performer'\n        WHEN UP.BadgeCount > 2 AND UP.QuestionCount > 5 THEN 'Moderate Performer'\n        ELSE 'Beginner'\n    END AS PerformanceType\nFROM \n    UserPerformance AS UP\nORDER BY \n    UP.TotalScore DESC, UP.BadgeCount DESC\nLIMIT 10;\n",
    "blocked_thread_time": 0.0,
    "cpu_time": 1.8783222680000005,
    "extra_info": {},
    "cumulative_cardinality": 26550200,
    "cumulative_rows_scanned": 8693260,
    "result_set_size": 1480,
    "latency": 2.473086634,
    "children": [
        {
            "operator_name": "STREAMING_LIMIT",
            "cpu_time": 1.8783222680000005,
            "extra_info": {},
            "cumulative_cardinality": 26550200,
            "operator_type": "STREAMING_LIMIT",
            "operator_cardinality": 10,
            "cumulative_rows_scanned": 8693260,
            "operator_rows_scanned": 0,
            "operator_timing": 0.000002535,
            "result_set_size": 1480,
            "children": [
                {
                    "operator_name": "ORDER_BY",
                    "cpu_time": 1.8783197330000005,
                    "extra_info": {
                        "Order By": [
                            "UP.TotalScore DESC",
                            "UP.BadgeCount DESC"
                        ]
                    },
                    "cumulative_cardinality": 26550190,
                    "operator_type": "ORDER_BY",
                    "operator_cardinality": 4096,
                    "cumulative_rows_scanned": 8693260,
                    "operator_rows_scanned": 0,
                    "operator_timing": 0.14691513999999997,
                    "result_set_size": 606208,
                    "children": [
                        {
                            "operator_name": "PROJECTION",
                            "cpu_time": 1.7314045930000006,
                            "extra_info": {
                                "Projections": [
                                    "UserId",
                                    "displayname",
                                    "BadgeCount",
                                    "GoldCount",
                                    "SilverCount",
                                    "BronzeCount",
                                    "TotalPosts",
                                    "QuestionCount",
                                    "AnswerCount",
                                    "TotalScore",
                                    "PerformanceType"
                                ],
                                "Estimated Cardinality": "1925058"
                            },
                            "cumulative_cardinality": 26546094,
                            "operator_type": "PROJECTION",
                            "operator_cardinality": 1260710,
                            "cumulative_rows_scanned": 8693260,
                            "operator_rows_scanned": 0,
                            "operator_timing": 0.008960561,
                            "result_set_size": 186585080,
                            "children": [
                                {
                                    "operator_name": "PROJECTION",
                                    "cpu_time": 1.7224440320000005,
                                    "extra_info": {
                                        "Projections": [
                                            "UserId",
                                            "displayname",
                                            "BadgeCount",
                                            "GoldCount",
                                            "SilverCount",
                                            "BronzeCount",
                                            "TotalPosts",
                                            "QuestionCount",
                                            "AnswerCount",
                                            "TotalScore"
                                        ],
                                        "Estimated Cardinality": "1925058"
                                    },
                                    "cumulative_cardinality": 25285384,
                                    "operator_type": "PROJECTION",
                                    "operator_cardinality": 1260710,
                                    "cumulative_rows_scanned": 8693260,
                                    "operator_rows_scanned": 0,
                                    "operator_timing": 0.05992215100000002,
                                    "result_set_size": 166413720,
                                    "children": [
                                        {
                                            "operator_name": "HASH_JOIN",
                                            "cpu_time": 1.6625218810000004,
                                            "extra_info": {
                                                "Join Type": "RIGHT",
                                                "Conditions": "owneruserid = id",
                                                "Estimated Cardinality": "1925058"
                                            },
                                            "cumulative_cardinality": 24024674,
                                            "operator_type": "HASH_JOIN",
                                            "operator_cardinality": 1260710,
                                            "cumulative_rows_scanned": 8693260,
                                            "operator_rows_scanned": 0,
                                            "operator_timing": 0.13704392099999999,
                                            "result_set_size": 166413720,
                                            "children": [
                                                {
                                                    "operator_name": "HASH_GROUP_BY",
                                                    "cpu_time": 0.2564115330000001,
                                                    "extra_info": {
                                                        "Groups": "#0",
                                                        "Aggregates": [
                                                            "count_star()",
                                                            "sum(#1)",
                                                            "sum(#2)",
                                                            "sum(#3)"
                                                        ],
                                                        "Estimated Cardinality": "1925058"
                                                    },
                                                    "cumulative_cardinality": 8071864,
                                                    "operator_type": "HASH_GROUP_BY",
                                                    "operator_cardinality": 371632,
                                                    "cumulative_rows_scanned": 3850116,
                                                    "operator_rows_scanned": 0,
                                                    "operator_timing": 0.13404172200000009,
                                                    "result_set_size": 22297920,
                                                    "children": [
                                                        {
                                                            "operator_name": "PROJECTION",
                                                            "cpu_time": 0.12236981100000002,
                                                            "extra_info": {
                                                                "Projections": [
                                                                    "owneruserid",
                                                                    "CASE  WHEN ((posttypeid = 1)) THEN (1) ELSE 0 END",
                                                                    "CASE  WHEN ((posttypeid = 2)) THEN (1) ELSE 0 END",
                                                                    "score"
                                                                ],
                                                                "Estimated Cardinality": "3850116"
                                                            },
                                                            "cumulative_cardinality": 7700232,
                                                            "operator_type": "PROJECTION",
                                                            "operator_cardinality": 3850116,
                                                            "cumulative_rows_scanned": 3850116,
                                                            "operator_rows_scanned": 0,
                                                            "operator_timing": 0.04889192400000008,
                                                            "result_set_size": 61601856,
                                                            "children": [
                                                                {
                                                                    "operator_name": "READ_PARQUET ",
                                                                    "cpu_time": 0.07347788699999995,
                                                                    "extra_info": {
                                                                        "Function": "READ_PARQUET",
                                                                        "Projections": [
                                                                            "id",
                                                                            "posttypeid",
                                                                            "score",
                                                                            "owneruserid"
                                                                        ],
                                                                        "Estimated Cardinality": "3850116"
                                                                    },
                                                                    "cumulative_cardinality": 3850116,
                                                                    "operator_type": "TABLE_SCAN",
                                                                    "operator_cardinality": 3850116,
                                                                    "cumulative_rows_scanned": 3850116,
                                                                    "operator_rows_scanned": 3850116,
                                                                    "operator_timing": 0.07347788699999995,
                                                                    "result_set_size": 53901624,
                                                                    "children": []
                                                                }
                                                            ]
                                                        }
                                                    ]
                                                },
                                                {
                                                    "operator_name": "HASH_JOIN",
                                                    "cpu_time": 1.2690664270000003,
                                                    "extra_info": {
                                                        "Join Type": "RIGHT",
                                                        "Conditions": "UserId = id",
                                                        "Estimated Cardinality": "1260710"
                                                    },
                                                    "cumulative_cardinality": 14692100,
                                                    "operator_type": "HASH_JOIN",
                                                    "operator_cardinality": 1260710,
                                                    "cumulative_rows_scanned": 4843144,
                                                    "operator_rows_scanned": 0,
                                                    "operator_timing": 0.14153090500000007,
                                                    "result_set_size": 95813960,
                                                    "children": [
                                                        {
                                                            "operator_name": "PROJECTION",
                                                            "cpu_time": 1.018623314,
                                                            "extra_info": {
                                                                "Projections": [
                                                                    "UserId",
                                                                    "BadgeCount",
                                                                    "GoldCount",
                                                                    "SilverCount",
                                                                    "BronzeCount"
                                                                ],
                                                                "Estimated Cardinality": "1260710"
                                                            },
                                                            "cumulative_cardinality": 12170680,
                                                            "operator_type": "PROJECTION",
                                                            "operator_cardinality": 1260710,
                                                            "cumulative_rows_scanned": 3582434,
                                                            "operator_rows_scanned": 0,
                                                            "operator_timing": 0.00024218499999999936,
                                                            "result_set_size": 75642600,
                                                            "children": [
                                                                {
                                                                    "operator_name": "HASH_GROUP_BY",
                                                                    "cpu_time": 1.018381129,
                                                                    "extra_info": {
                                                                        "Groups": [
                                                                            "#0",
                                                                            "#1"
                                                                        ],
                                                                        "Aggregates": [
                                                                            "count(#2)",
                                                                            "sum(#3)",
                                                                            "sum(#4)",
                                                                            "sum(#5)"
                                                                        ],
                                                                        "Estimated Cardinality": "1260710"
                                                                    },
                                                                    "cumulative_cardinality": 10909970,
                                                                    "operator_type": "HASH_GROUP_BY",
                                                                    "operator_cardinality": 1260710,
                                                                    "cumulative_rows_scanned": 3582434,
                                                                    "operator_rows_scanned": 0,
                                                                    "operator_timing": 0.5791023250000003,
                                                                    "result_set_size": 95813960,
                                                                    "children": [
                                                                        {
                                                                            "operator_name": "PROJECTION",
                                                                            "cpu_time": 0.4392788039999998,
                                                                            "extra_info": {
                                                                                "Projections": [
                                                                                    "id",
                                                                                    "displayname",
                                                                                    "id",
                                                                                    "CASE  WHEN ((class = 1)) THEN (1) ELSE 0 END",
                                                                                    "CASE  WHEN ((class = 2)) THEN (1) ELSE 0 END",
                                                                                    "CASE  WHEN ((class = 3)) THEN (1) ELSE 0 END"
                                                                                ],
                                                                                "Estimated Cardinality": "2321724"
                                                                            },
                                                                            "cumulative_cardinality": 9649260,
                                                                            "operator_type": "PROJECTION",
                                                                            "operator_cardinality": 3033413,
                                                                            "cumulative_rows_scanned": 3582434,
                                                                            "operator_rows_scanned": 0,
                                                                            "operator_timing": 0.01620702099999999,
                                                                            "result_set_size": 109202868,
                                                                            "children": [
                                                                                {
                                                                                    "operator_name": "HASH_JOIN",
                                                                                    "cpu_time": 0.4230717829999998,
                                                                                    "extra_info": {
                                                                                        "Join Type": "RIGHT",
                                                                                        "Conditions": "userid = id",
                                                                                        "Estimated Cardinality": "2321724"
                                                                                    },
                                                                                    "cumulative_cardinality": 6615847,
                                                                                    "operator_type": "HASH_JOIN",
                                                                                    "operator_cardinality": 3033413,
                                                                                    "cumulative_rows_scanned": 3582434,
                                                                                    "operator_rows_scanned": 0,
                                                                                    "operator_timing": 0.26143253999999977,
                                                                                    "result_set_size": 78868738,
                                                                                    "children": [
                                                                                        {
                                                                                            "operator_name": "READ_PARQUET ",
                                                                                            "cpu_time": 0.05582103499999999,
                                                                                            "extra_info": {
                                                                                                "Function": "READ_PARQUET",
                                                                                                "Projections": [
                                                                                                    "id",
                                                                                                    "userid",
                                                                                                    "class"
                                                                                                ],
                                                                                                "Estimated Cardinality": "2321724"
                                                                                            },
                                                                                            "cumulative_cardinality": 2321724,
                                                                                            "operator_type": "TABLE_SCAN",
                                                                                            "operator_cardinality": 2321724,
                                                                                            "cumulative_rows_scanned": 2321724,
                                                                                            "operator_rows_scanned": 2321724,
                                                                                            "operator_timing": 0.05582103499999999,
                                                                                            "result_set_size": 23217240,
                                                                                            "children": []
                                                                                        },
                                                                                        {
                                                                                            "operator_name": "READ_PARQUET ",
                                                                                            "cpu_time": 0.10581820800000008,
                                                                                            "extra_info": {
                                                                                                "Function": "READ_PARQUET",
                                                                                                "Projections": [
                                                                                                    "id",
                                                                                                    "displayname"
                                                                                                ],
                                                                                                "Estimated Cardinality": "1260710"
                                                                                            },
                                                                                            "cumulative_cardinality": 1260710,
                                                                                            "operator_type": "TABLE_SCAN",
                                                                                            "operator_cardinality": 1260710,
                                                                                            "cumulative_rows_scanned": 1260710,
                                                                                            "operator_rows_scanned": 1260710,
                                                                                            "operator_timing": 0.10581820800000008,
                                                                                            "result_set_size": 25214200,
                                                                                            "children": []
                                                                                        }
                                                                                    ]
                                                                                }
                                                                            ]
                                                                        }
                                                                    ]
                                                                }
                                                            ]
                                                        },
                                                        {
                                                            "operator_name": "READ_PARQUET ",
                                                            "cpu_time": 0.10891220800000014,
                                                            "extra_info": {
                                                                "Function": "READ_PARQUET",
                                                                "Projections": [
                                                                    "id",
                                                                    "displayname"
                                                                ],
                                                                "Estimated Cardinality": "1260710"
                                                            },
                                                            "cumulative_cardinality": 1260710,
                                                            "operator_type": "TABLE_SCAN",
                                                            "operator_cardinality": 1260710,
                                                            "cumulative_rows_scanned": 1260710,
                                                            "operator_rows_scanned": 1260710,
                                                            "operator_timing": 0.10891220800000014,
                                                            "result_set_size": 25214200,
                                                            "children": []
                                                        }
                                                    ]
                                                }
                                            ]
                                        }
                                    ]
                                }
                            ]
                        }
                    ]
                }
            ]
        }
    ]
}