{
    "rows_returned": 120960,
    "query_name": "\nWITH TagCounts AS (\n    SELECT \n        Tags,\n        COUNT(*) AS PostCount\n    FROM \n        Posts\n    WHERE \n        PostTypeId = 1  \n    GROUP BY \n        Tags\n),\nTopTags AS (\n    SELECT \n        SUBSTRING(Tags, 3, LENGTH(Tags) - 4) AS FormattedTags,\n        PostCount\n    FROM \n        TagCounts\n    WHERE \n        PostCount > 10 \n),\nUserActivity AS (\n    SELECT \n        U.Id AS UserId,\n        U.DisplayName,\n        COUNT(DISTINCT P.Id) AS QuestionCount,\n        SUM(CASE WHEN V.VoteTypeId = 2 THEN 1 ELSE 0 END) AS UpVotes,\n        SUM(CASE WHEN V.VoteTypeId = 3 THEN 1 ELSE 0 END) AS DownVotes\n    FROM \n        Users U\n    JOIN \n        Posts P ON U.Id = P.OwnerUserId\n    LEFT JOIN \n        Votes V ON P.Id = V.PostId \n    WHERE \n        P.PostTypeId = 1 \n    GROUP BY \n        U.Id, U.DisplayName\n),\nTopUsers AS (\n    SELECT \n        UserId, \n        DisplayName, \n        QuestionCount, \n        UpVotes - DownVotes AS VoteBalance\n    FROM \n        UserActivity\n    WHERE \n        QuestionCount > 5 \n    ORDER BY \n        VoteBalance DESC\n    LIMIT 10 \n)\nSELECT \n    TU.DisplayName,\n    T.FormattedTags,\n    T.PostCount,\n    TU.QuestionCount,\n    TU.VoteBalance\nFROM \n    TopUsers TU\nCROSS JOIN \n    TopTags T\nORDER BY \n    TU.VoteBalance DESC, T.PostCount DESC;\n",
    "blocked_thread_time": 0.0,
    "cpu_time": 2.06455951,
    "extra_info": {},
    "cumulative_cardinality": 30501194,
    "cumulative_rows_scanned": 21705035,
    "result_set_size": 7741440,
    "latency": 2.57954021,
    "children": [
        {
            "operator_name": "ORDER_BY",
            "cpu_time": 2.06455951,
            "extra_info": {
                "Order By": [
                    "TU.VoteBalance DESC",
                    "T.PostCount DESC"
                ]
            },
            "cumulative_cardinality": 30501194,
            "operator_type": "ORDER_BY",
            "operator_cardinality": 120960,
            "cumulative_rows_scanned": 21705035,
            "operator_rows_scanned": 0,
            "operator_timing": 0.009256102,
            "result_set_size": 7741440,
            "children": [
                {
                    "operator_name": "PROJECTION",
                    "cpu_time": 2.055303408,
                    "extra_info": {
                        "Projections": [
                            "displayname",
                            "FormattedTags",
                            "PostCount",
                            "QuestionCount",
                            "VoteBalance"
                        ],
                        "Estimated Cardinality": "770020"
                    },
                    "cumulative_cardinality": 30380234,
                    "operator_type": "PROJECTION",
                    "operator_cardinality": 120960,
                    "cumulative_rows_scanned": 21705035,
                    "operator_rows_scanned": 0,
                    "operator_timing": 0.00008355299999999991,
                    "result_set_size": 7741440,
                    "children": [
                        {
                            "operator_name": "CROSS_PRODUCT",
                            "cpu_time": 2.055219855,
                            "extra_info": {},
                            "cumulative_cardinality": 30259274,
                            "operator_type": "CROSS_PRODUCT",
                            "operator_cardinality": 120960,
                            "cumulative_rows_scanned": 21705035,
                            "operator_rows_scanned": 0,
                            "operator_timing": 0.0003563659999999994,
                            "result_set_size": 7741440,
                            "children": [
                                {
                                    "operator_name": "PROJECTION",
                                    "cpu_time": 0.3467547669999999,
                                    "extra_info": {
                                        "Projections": [
                                            "FormattedTags",
                                            "PostCount"
                                        ],
                                        "Estimated Cardinality": "77002"
                                    },
                                    "cumulative_cardinality": 3763995,
                                    "operator_type": "PROJECTION",
                                    "operator_cardinality": 12096,
                                    "cumulative_rows_scanned": 3850116,
                                    "operator_rows_scanned": 0,
                                    "operator_timing": 0.00124779,
                                    "result_set_size": 290304,
                                    "children": [
                                        {
                                            "operator_name": "FILTER",
                                            "cpu_time": 0.3455069769999999,
                                            "extra_info": {
                                                "Expression": "(PostCount > 10)",
                                                "Estimated Cardinality": "77002"
                                            },
                                            "cumulative_cardinality": 3751899,
                                            "operator_type": "FILTER",
                                            "operator_cardinality": 12096,
                                            "cumulative_rows_scanned": 3850116,
                                            "operator_rows_scanned": 0,
                                            "operator_timing": 0.000649538,
                                            "result_set_size": 290304,
                                            "children": [
                                                {
                                                    "operator_name": "HASH_GROUP_BY",
                                                    "cpu_time": 0.3448574389999999,
                                                    "extra_info": {
                                                        "Groups": "#0",
                                                        "Aggregates": "count_star()",
                                                        "Estimated Cardinality": "385011"
                                                    },
                                                    "cumulative_cardinality": 3739803,
                                                    "operator_type": "HASH_GROUP_BY",
                                                    "operator_cardinality": 403475,
                                                    "cumulative_rows_scanned": 3850116,
                                                    "operator_rows_scanned": 0,
                                                    "operator_timing": 0.1172982310000001,
                                                    "result_set_size": 9683400,
                                                    "children": [
                                                        {
                                                            "operator_name": "PROJECTION",
                                                            "cpu_time": 0.2275592079999998,
                                                            "extra_info": {
                                                                "Projections": "tags",
                                                                "Estimated Cardinality": "770023"
                                                            },
                                                            "cumulative_cardinality": 3336328,
                                                            "operator_type": "PROJECTION",
                                                            "operator_cardinality": 1668164,
                                                            "cumulative_rows_scanned": 3850116,
                                                            "operator_rows_scanned": 0,
                                                            "operator_timing": 0.00034184200000000246,
                                                            "result_set_size": 26690624,
                                                            "children": [
                                                                {
                                                                    "operator_name": "READ_PARQUET ",
                                                                    "cpu_time": 0.22721736599999978,
                                                                    "extra_info": {
                                                                        "Function": "READ_PARQUET",
                                                                        "Projections": "tags",
                                                                        "Filters": "posttypeid=1",
                                                                        "Estimated Cardinality": "770023"
                                                                    },
                                                                    "cumulative_cardinality": 1668164,
                                                                    "operator_type": "TABLE_SCAN",
                                                                    "operator_cardinality": 1668164,
                                                                    "cumulative_rows_scanned": 3850116,
                                                                    "operator_rows_scanned": 3850116,
                                                                    "operator_timing": 0.22721736599999978,
                                                                    "result_set_size": 26690624,
                                                                    "children": []
                                                                }
                                                            ]
                                                        }
                                                    ]
                                                }
                                            ]
                                        }
                                    ]
                                },
                                {
                                    "operator_name": "STREAMING_LIMIT",
                                    "cpu_time": 1.7081087219999997,
                                    "extra_info": {},
                                    "cumulative_cardinality": 26374319,
                                    "operator_type": "STREAMING_LIMIT",
                                    "operator_cardinality": 10,
                                    "cumulative_rows_scanned": 17854919,
                                    "operator_rows_scanned": 0,
                                    "operator_timing": 0.000001532,
                                    "result_set_size": 400,
                                    "children": [
                                        {
                                            "operator_name": "ORDER_BY",
                                            "cpu_time": 1.7081071899999998,
                                            "extra_info": {
                                                "Order By": "(UserActivity.UpVotes - UserActivity.DownVotes) DESC"
                                            },
                                            "cumulative_cardinality": 26374309,
                                            "operator_type": "ORDER_BY",
                                            "operator_cardinality": 4096,
                                            "cumulative_rows_scanned": 17854919,
                                            "operator_rows_scanned": 0,
                                            "operator_timing": 0.002682133,
                                            "result_set_size": 163840,
                                            "children": [
                                                {
                                                    "operator_name": "PROJECTION",
                                                    "cpu_time": 1.7054250569999998,
                                                    "extra_info": {
                                                        "Projections": [
                                                            "displayname",
                                                            "QuestionCount",
                                                            "VoteBalance"
                                                        ],
                                                        "Estimated Cardinality": "252142"
                                                    },
                                                    "cumulative_cardinality": 26370213,
                                                    "operator_type": "PROJECTION",
                                                    "operator_cardinality": 48549,
                                                    "cumulative_rows_scanned": 17854919,
                                                    "operator_rows_scanned": 0,
                                                    "operator_timing": 0.0003732980000000001,
                                                    "result_set_size": 1941960,
                                                    "children": [
                                                        {
                                                            "operator_name": "PROJECTION",
                                                            "cpu_time": 1.7050517589999998,
                                                            "extra_info": {
                                                                "Projections": [
                                                                    "#1",
                                                                    "#2",
                                                                    "#3",
                                                                    "#4"
                                                                ],
                                                                "Estimated Cardinality": "252142"
                                                            },
                                                            "cumulative_cardinality": 26321664,
                                                            "operator_type": "PROJECTION",
                                                            "operator_cardinality": 48549,
                                                            "cumulative_rows_scanned": 17854919,
                                                            "operator_rows_scanned": 0,
                                                            "operator_timing": 0.00003201200000000001,
                                                            "result_set_size": 2718744,
                                                            "children": [
                                                                {
                                                                    "operator_name": "FILTER",
                                                                    "cpu_time": 1.705019747,
                                                                    "extra_info": {
                                                                        "Expression": "(QuestionCount > 5)",
                                                                        "Estimated Cardinality": "252142"
                                                                    },
                                                                    "cumulative_cardinality": 26273115,
                                                                    "operator_type": "FILTER",
                                                                    "operator_cardinality": 48549,
                                                                    "cumulative_rows_scanned": 17854919,
                                                                    "operator_rows_scanned": 0,
                                                                    "operator_timing": 0.000524024,
                                                                    "result_set_size": 2912940,
                                                                    "children": [
                                                                        {
                                                                            "operator_name": "HASH_GROUP_BY",
                                                                            "cpu_time": 1.704495723,
                                                                            "extra_info": {
                                                                                "Groups": [
                                                                                    "#0",
                                                                                    "#1"
                                                                                ],
                                                                                "Aggregates": [
                                                                                    "count(DISTINCT #2)",
                                                                                    "sum(#3)",
                                                                                    "sum(#4)"
                                                                                ],
                                                                                "Estimated Cardinality": "1260710"
                                                                            },
                                                                            "cumulative_cardinality": 26224566,
                                                                            "operator_type": "HASH_GROUP_BY",
                                                                            "operator_cardinality": 329473,
                                                                            "cumulative_rows_scanned": 17854919,
                                                                            "operator_rows_scanned": 0,
                                                                            "operator_timing": 0.5781719859999991,
                                                                            "result_set_size": 19768380,
                                                                            "children": [
                                                                                {
                                                                                    "operator_name": "PROJECTION",
                                                                                    "cpu_time": 1.126323737000001,
                                                                                    "extra_info": {
                                                                                        "Projections": [
                                                                                            "id",
                                                                                            "displayname",
                                                                                            "id",
                                                                                            "CASE  WHEN ((votetypeid = 2)) THEN (1) ELSE 0 END",
                                                                                            "CASE  WHEN ((votetypeid = 3)) THEN (1) ELSE 0 END"
                                                                                        ],
                                                                                        "Estimated Cardinality": "12744093"
                                                                                    },
                                                                                    "cumulative_cardinality": 25895093,
                                                                                    "operator_type": "PROJECTION",
                                                                                    "operator_cardinality": 4316248,
                                                                                    "cumulative_rows_scanned": 17854919,
                                                                                    "operator_rows_scanned": 0,
                                                                                    "operator_timing": 0.03871579599999999,
                                                                                    "result_set_size": 138119936,
                                                                                    "children": [
                                                                                        {
                                                                                            "operator_name": "HASH_JOIN",
                                                                                            "cpu_time": 1.087607941000001,
                                                                                            "extra_info": {
                                                                                                "Join Type": "RIGHT",
                                                                                                "Conditions": "postid = id",
                                                                                                "Estimated Cardinality": "12744093"
                                                                                            },
                                                                                            "cumulative_cardinality": 21578845,
                                                                                            "operator_type": "HASH_JOIN",
                                                                                            "operator_cardinality": 4316248,
                                                                                            "cumulative_rows_scanned": 17854919,
                                                                                            "operator_rows_scanned": 0,
                                                                                            "operator_timing": 0.4675623200000006,
                                                                                            "result_set_size": 112222448,
                                                                                            "children": [
                                                                                                {
                                                                                                    "operator_name": "READ_PARQUET ",
                                                                                                    "cpu_time": 0.25209075500000006,
                                                                                                    "extra_info": {
                                                                                                        "Function": "READ_PARQUET",
                                                                                                        "Projections": [
                                                                                                            "postid",
                                                                                                            "votetypeid"
                                                                                                        ],
                                                                                                        "Estimated Cardinality": "12744093"
                                                                                                    },
                                                                                                    "cumulative_cardinality": 12744093,
                                                                                                    "operator_type": "TABLE_SCAN",
                                                                                                    "operator_cardinality": 12744093,
                                                                                                    "cumulative_rows_scanned": 12744093,
                                                                                                    "operator_rows_scanned": 12744093,
                                                                                                    "operator_timing": 0.25209075500000006,
                                                                                                    "result_set_size": 76464558,
                                                                                                    "children": []
                                                                                                },
                                                                                                {
                                                                                                    "operator_name": "HASH_JOIN",
                                                                                                    "cpu_time": 0.3679548660000003,
                                                                                                    "extra_info": {
                                                                                                        "Join Type": "INNER",
                                                                                                        "Conditions": "id = owneruserid",
                                                                                                        "Estimated Cardinality": "770023"
                                                                                                    },
                                                                                                    "cumulative_cardinality": 4518504,
                                                                                                    "operator_type": "HASH_JOIN",
                                                                                                    "operator_cardinality": 1589663,
                                                                                                    "cumulative_rows_scanned": 5110826,
                                                                                                    "operator_rows_scanned": 0,
                                                                                                    "operator_timing": 0.15569184900000013,
                                                                                                    "result_set_size": 38151912,
                                                                                                    "children": [
                                                                                                        {
                                                                                                            "operator_name": "READ_PARQUET ",
                                                                                                            "cpu_time": 0.087359516,
                                                                                                            "extra_info": {
                                                                                                                "Function": "READ_PARQUET",
                                                                                                                "Projections": [
                                                                                                                    "id",
                                                                                                                    "displayname"
                                                                                                                ],
                                                                                                                "Filters": "id<=1416539",
                                                                                                                "Estimated Cardinality": "1260710"
                                                                                                            },
                                                                                                            "cumulative_cardinality": 1260677,
                                                                                                            "operator_type": "TABLE_SCAN",
                                                                                                            "operator_cardinality": 1260677,
                                                                                                            "cumulative_rows_scanned": 1260710,
                                                                                                            "operator_rows_scanned": 1260710,
                                                                                                            "operator_timing": 0.087359516,
                                                                                                            "result_set_size": 25213540,
                                                                                                            "children": []
                                                                                                        },
                                                                                                        {
                                                                                                            "operator_name": "READ_PARQUET ",
                                                                                                            "cpu_time": 0.12490350100000021,
                                                                                                            "extra_info": {
                                                                                                                "Function": "READ_PARQUET",
                                                                                                                "Projections": [
                                                                                                                    "id",
                                                                                                                    "owneruserid"
                                                                                                                ],
                                                                                                                "Filters": "posttypeid=1",
                                                                                                                "Estimated Cardinality": "770023"
                                                                                                            },
                                                                                                            "cumulative_cardinality": 1668164,
                                                                                                            "operator_type": "TABLE_SCAN",
                                                                                                            "operator_cardinality": 1668164,
                                                                                                            "cumulative_rows_scanned": 3850116,
                                                                                                            "operator_rows_scanned": 3850116,
                                                                                                            "operator_timing": 0.12490350100000021,
                                                                                                            "result_set_size": 13345312,
                                                                                                            "children": []
                                                                                                        }
                                                                                                    ]
                                                                                                }
                                                                                            ]
                                                                                        }
                                                                                    ]
                                                                                }
                                                                            ]
                                                                        }
                                                                    ]
                                                                }
                                                            ]
                                                        }
                                                    ]
                                                }
                                            ]
                                        }
                                    ]
                                }
                            ]
                        }
                    ]
                }
            ]
        }
    ]
}