{
    "rows_returned": 1106,
    "query_name": "WITH TagStatistics AS (\n    SELECT \n        t.TagName,\n        COUNT(p.Id) AS PostCount,\n        SUM(CASE WHEN p.Score > 0 THEN 1 ELSE 0 END) AS PositiveScoreCount,\n        SUM(CASE WHEN p.Score < 0 THEN 1 ELSE 0 END) AS NegativeScoreCount,\n        AVG(p.ViewCount) AS AverageViews,\n        AVG(u.Reputation) AS AverageReputation\n    FROM \n        Tags t\n    JOIN \n        Posts p ON p.Tags LIKE CONCAT('%<', t.TagName, '>%')\n    LEFT JOIN \n        Users u ON p.OwnerUserId = u.Id\n    WHERE \n        p.CreationDate >= cast('2024-10-01 12:34:56' as timestamp) - INTERVAL '1 year'\n    GROUP BY \n        t.Id, t.TagName\n),\n\nHighScoringTags AS (\n    SELECT \n        ts.TagName,\n        ts.PostCount,\n        ts.PositiveScoreCount,\n        ts.NegativeScoreCount,\n        ts.AverageViews,\n        ts.AverageReputation\n    FROM \n        TagStatistics ts\n    WHERE \n        ts.AverageReputation > 1000 AND \n        ts.PositiveScoreCount > ts.NegativeScoreCount\n)\n\nSELECT \n    ht.TagName,\n    ht.PostCount,\n    ht.PositiveScoreCount,\n    ht.NegativeScoreCount,\n    ht.AverageViews,\n    ht.AverageReputation\nFROM \n    HighScoringTags ht\nORDER BY \n    ht.AverageViews DESC, \n    ht.PositiveScoreCount DESC;",
    "blocked_thread_time": 0.0,
    "cpu_time": 31.47001824100021,
    "extra_info": {},
    "cumulative_cardinality": 2249468,
    "cumulative_rows_scanned": 5112802,
    "result_set_size": 79632,
    "latency": 31.876964575,
    "children": [
        {
            "operator_name": "ORDER_BY",
            "cpu_time": 31.47001824100021,
            "extra_info": {
                "Order By": [
                    "ht.AverageViews DESC",
                    "ht.PositiveScoreCount DESC"
                ]
            },
            "cumulative_cardinality": 2249468,
            "operator_type": "ORDER_BY",
            "operator_cardinality": 1106,
            "cumulative_rows_scanned": 5112802,
            "operator_rows_scanned": 0,
            "operator_timing": 0.000118511,
            "result_set_size": 79632,
            "children": [
                {
                    "operator_name": "PROJECTION",
                    "cpu_time": 31.46989973000021,
                    "extra_info": {
                        "Projections": [
                            "#1",
                            "#2",
                            "#3",
                            "#4",
                            "#5",
                            "#6"
                        ],
                        "Estimated Cardinality": "395"
                    },
                    "cumulative_cardinality": 2248362,
                    "operator_type": "PROJECTION",
                    "operator_cardinality": 1106,
                    "cumulative_rows_scanned": 5112802,
                    "operator_rows_scanned": 0,
                    "operator_timing": 3.7e-7,
                    "result_set_size": 79632,
                    "children": [
                        {
                            "operator_name": "FILTER",
                            "cpu_time": 31.469899360000213,
                            "extra_info": {
                                "Expression": "((PositiveScoreCount > NegativeScoreCount) AND (AverageReputation > 1000.0))",
                                "Estimated Cardinality": "395"
                            },
                            "cumulative_cardinality": 2247256,
                            "operator_type": "FILTER",
                            "operator_cardinality": 1106,
                            "cumulative_rows_scanned": 5112802,
                            "operator_rows_scanned": 0,
                            "operator_timing": 0.000032812,
                            "result_set_size": 84056,
                            "children": [
                                {
                                    "operator_name": "PROJECTION",
                                    "cpu_time": 31.469866548000212,
                                    "extra_info": {
                                        "Projections": [
                                            "__internal_decompress_integral_integer(#0, 1)",
                                            "#1",
                                            "#2",
                                            "#3",
                                            "#4",
                                            "#5",
                                            "#6"
                                        ],
                                        "Estimated Cardinality": "1976"
                                    },
                                    "cumulative_cardinality": 2246150,
                                    "operator_type": "PROJECTION",
                                    "operator_cardinality": 1877,
                                    "cumulative_rows_scanned": 5112802,
                                    "operator_rows_scanned": 0,
                                    "operator_timing": 0.000002875,
                                    "result_set_size": 142652,
                                    "children": [
                                        {
                                            "operator_name": "HASH_GROUP_BY",
                                            "cpu_time": 31.469863673000212,
                                            "extra_info": {
                                                "Groups": [
                                                    "#0",
                                                    "#1"
                                                ],
                                                "Aggregates": [
                                                    "count_star()",
                                                    "sum(#2)",
                                                    "sum(#3)",
                                                    "avg(#4)",
                                                    "avg(#5)"
                                                ],
                                                "Estimated Cardinality": "1976"
                                            },
                                            "cumulative_cardinality": 2244273,
                                            "operator_type": "HASH_GROUP_BY",
                                            "operator_cardinality": 1877,
                                            "cumulative_rows_scanned": 5112802,
                                            "operator_rows_scanned": 0,
                                            "operator_timing": 0.01232404099999999,
                                            "result_set_size": 138898,
                                            "children": [
                                                {
                                                    "operator_name": "PROJECTION",
                                                    "cpu_time": 31.457539632000213,
                                                    "extra_info": {
                                                        "Projections": [
                                                            "id",
                                                            "tagname",
                                                            "CASE  WHEN ((score > 0)) THEN (1) ELSE 0 END",
                                                            "CASE  WHEN ((score < 0)) THEN (1) ELSE 0 END",
                                                            "viewcount",
                                                            "reputation"
                                                        ],
                                                        "Estimated Cardinality": "1260710"
                                                    },
                                                    "cumulative_cardinality": 2242396,
                                                    "operator_type": "PROJECTION",
                                                    "operator_cardinality": 208542,
                                                    "cumulative_rows_scanned": 5112802,
                                                    "operator_rows_scanned": 0,
                                                    "operator_timing": 0.0026599540000000013,
                                                    "result_set_size": 7090428,
                                                    "children": [
                                                        {
                                                            "operator_name": "PROJECTION",
                                                            "cpu_time": 31.454879678000214,
                                                            "extra_info": {
                                                                "Projections": [
                                                                    "__internal_compress_integral_usmallint(#3, 1)",
                                                                    "#4",
                                                                    "#0",
                                                                    "#1",
                                                                    "#2",
                                                                    "#5"
                                                                ],
                                                                "Estimated Cardinality": "1260710"
                                                            },
                                                            "cumulative_cardinality": 2033854,
                                                            "operator_type": "PROJECTION",
                                                            "operator_cardinality": 208542,
                                                            "cumulative_rows_scanned": 5112802,
                                                            "operator_rows_scanned": 0,
                                                            "operator_timing": 0.0004838829999999999,
                                                            "result_set_size": 7090428,
                                                            "children": [
                                                                {
                                                                    "operator_name": "HASH_JOIN",
                                                                    "cpu_time": 31.454395795000213,
                                                                    "extra_info": {
                                                                        "Join Type": "LEFT",
                                                                        "Conditions": "owneruserid = id",
                                                                        "Estimated Cardinality": "1260710"
                                                                    },
                                                                    "cumulative_cardinality": 1825312,
                                                                    "operator_type": "HASH_JOIN",
                                                                    "operator_cardinality": 208542,
                                                                    "cumulative_rows_scanned": 5112802,
                                                                    "operator_rows_scanned": 0,
                                                                    "operator_timing": 0.056714318999999985,
                                                                    "result_set_size": 7507512,
                                                                    "children": [
                                                                        {
                                                                            "operator_name": "BLOCKWISE_NL_JOIN",
                                                                            "cpu_time": 31.384635086000213,
                                                                            "extra_info": {
                                                                                "Join Type": "INNER",
                                                                                "Condition": "(tags ~~ concat('%<', tagname, '>%'))"
                                                                            },
                                                                            "cumulative_cardinality": 356060,
                                                                            "operator_type": "BLOCKWISE_NL_JOIN",
                                                                            "operator_cardinality": 208542,
                                                                            "cumulative_rows_scanned": 3852092,
                                                                            "operator_rows_scanned": 0,
                                                                            "operator_timing": 31.332138177000214,
                                                                            "result_set_size": 10844184,
                                                                            "children": [
                                                                                {
                                                                                    "operator_name": "READ_PARQUET ",
                                                                                    "cpu_time": 0.051989740999999985,
                                                                                    "extra_info": {
                                                                                        "Function": "READ_PARQUET",
                                                                                        "Projections": [
                                                                                            "id",
                                                                                            "score",
                                                                                            "viewcount",
                                                                                            "owneruserid",
                                                                                            "tags"
                                                                                        ],
                                                                                        "Filters": "creationdate>='2023-10-01 12:34:56'::TIMESTAMP",
                                                                                        "Estimated Cardinality": "770023"
                                                                                    },
                                                                                    "cumulative_cardinality": 145542,
                                                                                    "operator_type": "TABLE_SCAN",
                                                                                    "operator_cardinality": 145542,
                                                                                    "cumulative_rows_scanned": 3850116,
                                                                                    "operator_rows_scanned": 3850116,
                                                                                    "operator_timing": 0.051989740999999985,
                                                                                    "result_set_size": 4657344,
                                                                                    "children": []
                                                                                },
                                                                                {
                                                                                    "operator_name": "READ_PARQUET ",
                                                                                    "cpu_time": 0.000507168,
                                                                                    "extra_info": {
                                                                                        "Function": "READ_PARQUET",
                                                                                        "Projections": [
                                                                                            "id",
                                                                                            "tagname"
                                                                                        ],
                                                                                        "Estimated Cardinality": "1976"
                                                                                    },
                                                                                    "cumulative_cardinality": 1976,
                                                                                    "operator_type": "TABLE_SCAN",
                                                                                    "operator_cardinality": 1976,
                                                                                    "cumulative_rows_scanned": 1976,
                                                                                    "operator_rows_scanned": 1976,
                                                                                    "operator_timing": 0.000507168,
                                                                                    "result_set_size": 39520,
                                                                                    "children": []
                                                                                }
                                                                            ]
                                                                        },
                                                                        {
                                                                            "operator_name": "READ_PARQUET ",
                                                                            "cpu_time": 0.013046389999999996,
                                                                            "extra_info": {
                                                                                "Function": "READ_PARQUET",
                                                                                "Projections": [
                                                                                    "id",
                                                                                    "reputation"
                                                                                ],
                                                                                "Estimated Cardinality": "1260710"
                                                                            },
                                                                            "cumulative_cardinality": 1260710,
                                                                            "operator_type": "TABLE_SCAN",
                                                                            "operator_cardinality": 1260710,
                                                                            "cumulative_rows_scanned": 1260710,
                                                                            "operator_rows_scanned": 1260710,
                                                                            "operator_timing": 0.013046389999999996,
                                                                            "result_set_size": 10085680,
                                                                            "children": []
                                                                        }
                                                                    ]
                                                                }
                                                            ]
                                                        }
                                                    ]
                                                }
                                            ]
                                        }
                                    ]
                                }
                            ]
                        }
                    ]
                }
            ]
        }
    ]
}