{
    "rows_returned": 257160,
    "query_name": "WITH RankedPosts AS (\n    SELECT \n        p.Id AS PostId,\n        p.Title,\n        p.ViewCount,\n        p.Score,\n        p.CreationDate,\n        p.Tags,\n        COALESCE(u.DisplayName, 'Community User') AS OwnerDisplayName,\n        ROW_NUMBER() OVER (PARTITION BY p.Tags ORDER BY p.Score DESC) AS Rank\n    FROM \n        Posts p\n    LEFT JOIN \n        Users u ON p.OwnerUserId = u.Id\n    WHERE \n        p.PostTypeId = 1 \n        AND p.Score > 0 \n        AND p.CreationDate >= cast('2024-10-01 12:34:56' as timestamp) - INTERVAL '1 year' \n),\nTagPopularity AS (\n    SELECT\n        UNNEST(string_to_array(substring(Tags, 2, length(Tags) - 2), '><')) AS Tag\n    FROM \n        Posts\n    WHERE \n        PostTypeId = 1\n        AND Tags IS NOT NULL\n),\nPopularTags AS (\n    SELECT \n        Tag,\n        COUNT(*) AS TagFrequency\n    FROM \n        TagPopularity\n    GROUP BY \n        Tag\n    ORDER BY \n        TagFrequency DESC\n    LIMIT 10\n),\nPopularPosts AS (\n    SELECT \n        rp.PostId,\n        rp.Title,\n        rp.OwnerDisplayName,\n        rp.ViewCount,\n        rp.Score,\n        rp.Tags\n    FROM \n        RankedPosts rp\n    JOIN \n        PopularTags pt ON rp.Tags LIKE '%' || pt.Tag || '%'\n)\nSELECT \n    pp.PostId,\n    pp.Title,\n    pp.OwnerDisplayName,\n    pp.ViewCount,\n    pp.Score,\n    pt.Tag\nFROM \n    PopularPosts pp\nCROSS JOIN \n    PopularTags pt\nORDER BY \n    pt.Tag, pp.Score DESC;",
    "blocked_thread_time": 0.0,
    "cpu_time": 3.176433857002339,
    "extra_info": {},
    "cumulative_cardinality": 18273910,
    "cumulative_rows_scanned": 8960942,
    "result_set_size": 15429600,
    "latency": 9.387724217,
    "children": [
        {
            "operator_name": "PROJECTION",
            "cpu_time": 3.176433857002339,
            "extra_info": {
                "Projections": [
                    "#0",
                    "#1",
                    "#2",
                    "#3",
                    "__internal_decompress_integral_integer(#4, 0)",
                    "#5"
                ],
                "Estimated Cardinality": "12607100"
            },
            "cumulative_cardinality": 18273910,
            "operator_type": "PROJECTION",
            "operator_cardinality": 257160,
            "cumulative_rows_scanned": 8960942,
            "operator_rows_scanned": 0,
            "operator_timing": 0.00010480299999999995,
            "result_set_size": 15429600,
            "children": [
                {
                    "operator_name": "ORDER_BY",
                    "cpu_time": 3.176329054002339,
                    "extra_info": {
                        "Order By": [
                            "pt.Tag ASC",
                            "pp.Score DESC"
                        ]
                    },
                    "cumulative_cardinality": 18016750,
                    "operator_type": "ORDER_BY",
                    "operator_cardinality": 257160,
                    "cumulative_rows_scanned": 8960942,
                    "operator_rows_scanned": 0,
                    "operator_timing": 0.032903664000000034,
                    "result_set_size": 14915280,
                    "children": [
                        {
                            "operator_name": "PROJECTION",
                            "cpu_time": 3.143425390002339,
                            "extra_info": {
                                "Projections": [
                                    "#0",
                                    "#1",
                                    "#2",
                                    "#3",
                                    "__internal_compress_integral_usmallint(#4, 0)",
                                    "#5"
                                ],
                                "Estimated Cardinality": "12607100"
                            },
                            "cumulative_cardinality": 17759590,
                            "operator_type": "PROJECTION",
                            "operator_cardinality": 257160,
                            "cumulative_rows_scanned": 8960942,
                            "operator_rows_scanned": 0,
                            "operator_timing": 0.0009015120000000006,
                            "result_set_size": 14915280,
                            "children": [
                                {
                                    "operator_name": "PROJECTION",
                                    "cpu_time": 3.142523878002339,
                                    "extra_info": {
                                        "Projections": [
                                            "PostId",
                                            "title",
                                            "OwnerDisplayName",
                                            "viewcount",
                                            "score",
                                            "Tag"
                                        ],
                                        "Estimated Cardinality": "12607100"
                                    },
                                    "cumulative_cardinality": 17502430,
                                    "operator_type": "PROJECTION",
                                    "operator_cardinality": 257160,
                                    "cumulative_rows_scanned": 8960942,
                                    "operator_rows_scanned": 0,
                                    "operator_timing": 0.00036927399999999783,
                                    "result_set_size": 15429600,
                                    "children": [
                                        {
                                            "operator_name": "CTE",
                                            "cpu_time": 3.142154604002339,
                                            "extra_info": {
                                                "CTE Name": "PopularTags",
                                                "Table Index": "0"
                                            },
                                            "cumulative_cardinality": 17245270,
                                            "operator_type": "CTE",
                                            "operator_cardinality": 0,
                                            "cumulative_rows_scanned": 8960942,
                                            "operator_rows_scanned": 0,
                                            "operator_timing": 0.000006262,
                                            "result_set_size": 0,
                                            "children": [
                                                {
                                                    "operator_name": "STREAMING_LIMIT",
                                                    "cpu_time": 2.815186572002339,
                                                    "extra_info": {},
                                                    "cumulative_cardinality": 15474585,
                                                    "operator_type": "STREAMING_LIMIT",
                                                    "operator_cardinality": 10,
                                                    "cumulative_rows_scanned": 3850116,
                                                    "operator_rows_scanned": 0,
                                                    "operator_timing": 0.000001072,
                                                    "result_set_size": 240,
                                                    "children": [
                                                        {
                                                            "operator_name": "ORDER_BY",
                                                            "cpu_time": 2.815185500002339,
                                                            "extra_info": {
                                                                "Order By": "count_star() DESC"
                                                            },
                                                            "cumulative_cardinality": 15474575,
                                                            "operator_type": "ORDER_BY",
                                                            "operator_cardinality": 1976,
                                                            "cumulative_rows_scanned": 3850116,
                                                            "operator_rows_scanned": 0,
                                                            "operator_timing": 0.000113552,
                                                            "result_set_size": 47424,
                                                            "children": [
                                                                {
                                                                    "operator_name": "HASH_GROUP_BY",
                                                                    "cpu_time": 2.815071948002339,
                                                                    "extra_info": {
                                                                        "Groups": "#0",
                                                                        "Aggregates": "count_star()",
                                                                        "Estimated Cardinality": "77002"
                                                                    },
                                                                    "cumulative_cardinality": 15472599,
                                                                    "operator_type": "HASH_GROUP_BY",
                                                                    "operator_cardinality": 1976,
                                                                    "cumulative_rows_scanned": 3850116,
                                                                    "operator_rows_scanned": 0,
                                                                    "operator_timing": 1.1340353400011163,
                                                                    "result_set_size": 47424,
                                                                    "children": [
                                                                        {
                                                                            "operator_name": "PROJECTION",
                                                                            "cpu_time": 1.6810366080012227,
                                                                            "extra_info": {
                                                                                "Projections": "Tag",
                                                                                "Estimated Cardinality": "154004"
                                                                            },
                                                                            "cumulative_cardinality": 15470623,
                                                                            "operator_type": "PROJECTION",
                                                                            "operator_cardinality": 4044765,
                                                                            "cumulative_rows_scanned": 3850116,
                                                                            "operator_rows_scanned": 0,
                                                                            "operator_timing": 0.12883815100137866,
                                                                            "result_set_size": 64716240,
                                                                            "children": [
                                                                                {
                                                                                    "operator_name": "PROJECTION",
                                                                                    "cpu_time": 1.552198456999844,
                                                                                    "extra_info": {
                                                                                        "Projections": "Tag",
                                                                                        "Estimated Cardinality": "154004"
                                                                                    },
                                                                                    "cumulative_cardinality": 11425858,
                                                                                    "operator_type": "PROJECTION",
                                                                                    "operator_cardinality": 4044765,
                                                                                    "cumulative_rows_scanned": 3850116,
                                                                                    "operator_rows_scanned": 0,
                                                                                    "operator_timing": 0.13909905800179886,
                                                                                    "result_set_size": 64716240,
                                                                                    "children": [
                                                                                        {
                                                                                            "operator_name": "UNNEST",
                                                                                            "cpu_time": 1.4130993989980452,
                                                                                            "extra_info": {},
                                                                                            "cumulative_cardinality": 7381093,
                                                                                            "operator_type": "UNNEST",
                                                                                            "operator_cardinality": 4044765,
                                                                                            "cumulative_rows_scanned": 3850116,
                                                                                            "operator_rows_scanned": 0,
                                                                                            "operator_timing": 1.1458399859980457,
                                                                                            "result_set_size": 129432480,
                                                                                            "children": [
                                                                                                {
                                                                                                    "operator_name": "FILTER",
                                                                                                    "cpu_time": 0.26725941299999945,
                                                                                                    "extra_info": {
                                                                                                        "Expression": "(tags IS NOT NULL)",
                                                                                                        "Estimated Cardinality": "154004"
                                                                                                    },
                                                                                                    "cumulative_cardinality": 3336328,
                                                                                                    "operator_type": "FILTER",
                                                                                                    "operator_cardinality": 1668164,
                                                                                                    "cumulative_rows_scanned": 3850116,
                                                                                                    "operator_rows_scanned": 0,
                                                                                                    "operator_timing": 0.004724447000000004,
                                                                                                    "result_set_size": 26690624,
                                                                                                    "children": [
                                                                                                        {
                                                                                                            "operator_name": "READ_PARQUET ",
                                                                                                            "cpu_time": 0.2625349659999994,
                                                                                                            "extra_info": {
                                                                                                                "Function": "READ_PARQUET",
                                                                                                                "Projections": "tags",
                                                                                                                "Filters": "posttypeid=1",
                                                                                                                "Estimated Cardinality": "770023"
                                                                                                            },
                                                                                                            "cumulative_cardinality": 1668164,
                                                                                                            "operator_type": "TABLE_SCAN",
                                                                                                            "operator_cardinality": 1668164,
                                                                                                            "cumulative_rows_scanned": 3850116,
                                                                                                            "operator_rows_scanned": 3850116,
                                                                                                            "operator_timing": 0.2625349659999994,
                                                                                                            "result_set_size": 26690624,
                                                                                                            "children": []
                                                                                                        }
                                                                                                    ]
                                                                                                }
                                                                                            ]
                                                                                        }
                                                                                    ]
                                                                                }
                                                                            ]
                                                                        }
                                                                    ]
                                                                }
                                                            ]
                                                        }
                                                    ]
                                                },
                                                {
                                                    "operator_name": "CROSS_PRODUCT",
                                                    "cpu_time": 0.3269617700000001,
                                                    "extra_info": {},
                                                    "cumulative_cardinality": 1770685,
                                                    "operator_type": "CROSS_PRODUCT",
                                                    "operator_cardinality": 257160,
                                                    "cumulative_rows_scanned": 5110826,
                                                    "operator_rows_scanned": 0,
                                                    "operator_timing": 0.0011390330000000018,
                                                    "result_set_size": 21601440,
                                                    "children": [
                                                        {
                                                            "operator_name": "PROJECTION",
                                                            "cpu_time": 0.3258217360000001,
                                                            "extra_info": {
                                                                "Projections": [
                                                                    "PostId",
                                                                    "title",
                                                                    "OwnerDisplayName",
                                                                    "viewcount",
                                                                    "score",
                                                                    "tags"
                                                                ],
                                                                "Estimated Cardinality": "1260710"
                                                            },
                                                            "cumulative_cardinality": 1513515,
                                                            "operator_type": "PROJECTION",
                                                            "operator_cardinality": 25716,
                                                            "cumulative_rows_scanned": 5110826,
                                                            "operator_rows_scanned": 0,
                                                            "operator_timing": 0.00005155199999999998,
                                                            "result_set_size": 1542960,
                                                            "children": [
                                                                {
                                                                    "operator_name": "BLOCKWISE_NL_JOIN",
                                                                    "cpu_time": 0.3257701840000001,
                                                                    "extra_info": {
                                                                        "Join Type": "INNER",
                                                                        "Condition": "(tags ~~ (('%' || Tag) || '%'))"
                                                                    },
                                                                    "cumulative_cardinality": 1487799,
                                                                    "operator_type": "BLOCKWISE_NL_JOIN",
                                                                    "operator_cardinality": 25716,
                                                                    "cumulative_rows_scanned": 5110826,
                                                                    "operator_rows_scanned": 0,
                                                                    "operator_timing": 0.06818092999999996,
                                                                    "result_set_size": 2160144,
                                                                    "children": [
                                                                        {
                                                                            "operator_name": "PROJECTION",
                                                                            "cpu_time": 0.2575840140000001,
                                                                            "extra_info": {
                                                                                "Projections": [
                                                                                    "PostId",
                                                                                    "title",
                                                                                    "viewcount",
                                                                                    "score",
                                                                                    "tags",
                                                                                    "OwnerDisplayName"
                                                                                ],
                                                                                "Estimated Cardinality": "1260710"
                                                                            },
                                                                            "cumulative_cardinality": 1462073,
                                                                            "operator_type": "PROJECTION",
                                                                            "operator_cardinality": 40303,
                                                                            "cumulative_rows_scanned": 5110826,
                                                                            "operator_rows_scanned": 0,
                                                                            "operator_timing": 0.00046313600000000006,
                                                                            "result_set_size": 2418180,
                                                                            "children": [
                                                                                {
                                                                                    "operator_name": "PROJECTION",
                                                                                    "cpu_time": 0.2571208780000001,
                                                                                    "extra_info": {
                                                                                        "Projections": [
                                                                                            "#0",
                                                                                            "#1",
                                                                                            "#2",
                                                                                            "#3",
                                                                                            "#4",
                                                                                            "#5",
                                                                                            "#6"
                                                                                        ],
                                                                                        "Estimated Cardinality": "1260710"
                                                                                    },
                                                                                    "cumulative_cardinality": 1421770,
                                                                                    "operator_type": "PROJECTION",
                                                                                    "operator_cardinality": 40303,
                                                                                    "cumulative_rows_scanned": 5110826,
                                                                                    "operator_rows_scanned": 0,
                                                                                    "operator_timing": 0.000014258999999999997,
                                                                                    "result_set_size": 2740604,
                                                                                    "children": [
                                                                                        {
                                                                                            "operator_name": "WINDOW",
                                                                                            "cpu_time": 0.2571066190000001,
                                                                                            "extra_info": {
                                                                                                "Projections": "ROW_NUMBER() OVER (PARTITION BY tags ORDER BY score DESC NULLS LAST)"
                                                                                            },
                                                                                            "cumulative_cardinality": 1381467,
                                                                                            "operator_type": "WINDOW",
                                                                                            "operator_cardinality": 40303,
                                                                                            "cumulative_rows_scanned": 5110826,
                                                                                            "operator_rows_scanned": 0,
                                                                                            "operator_timing": 0.027705758999999996,
                                                                                            "result_set_size": 2740604,
                                                                                            "children": [
                                                                                                {
                                                                                                    "operator_name": "HASH_JOIN",
                                                                                                    "cpu_time": 0.22940086000000007,
                                                                                                    "extra_info": {
                                                                                                        "Join Type": "RIGHT",
                                                                                                        "Conditions": "id = owneruserid",
                                                                                                        "Estimated Cardinality": "1260710"
                                                                                                    },
                                                                                                    "cumulative_cardinality": 1341164,
                                                                                                    "operator_type": "HASH_JOIN",
                                                                                                    "operator_cardinality": 40303,
                                                                                                    "cumulative_rows_scanned": 5110826,
                                                                                                    "operator_rows_scanned": 0,
                                                                                                    "operator_timing": 0.018477684000000015,
                                                                                                    "result_set_size": 2418180,
                                                                                                    "children": [
                                                                                                        {
                                                                                                            "operator_name": "READ_PARQUET ",
                                                                                                            "cpu_time": 0.08459415000000005,
                                                                                                            "extra_info": {
                                                                                                                "Function": "READ_PARQUET",
                                                                                                                "Projections": [
                                                                                                                    "id",
                                                                                                                    "displayname"
                                                                                                                ],
                                                                                                                "Estimated Cardinality": "1260710"
                                                                                                            },
                                                                                                            "cumulative_cardinality": 1260558,
                                                                                                            "operator_type": "TABLE_SCAN",
                                                                                                            "operator_cardinality": 1260558,
                                                                                                            "cumulative_rows_scanned": 1260710,
                                                                                                            "operator_rows_scanned": 1260710,
                                                                                                            "operator_timing": 0.08459415000000005,
                                                                                                            "result_set_size": 25211160,
                                                                                                            "children": []
                                                                                                        },
                                                                                                        {
                                                                                                            "operator_name": "READ_PARQUET ",
                                                                                                            "cpu_time": 0.126329026,
                                                                                                            "extra_info": {
                                                                                                                "Function": "READ_PARQUET",
                                                                                                                "Projections": [
                                                                                                                    "id",
                                                                                                                    "score",
                                                                                                                    "viewcount",
                                                                                                                    "owneruserid",
                                                                                                                    "title",
                                                                                                                    "tags"
                                                                                                                ],
                                                                                                                "Filters": [
                                                                                                                    "posttypeid=1",
                                                                                                                    "score>0",
                                                                                                                    "creationdate>='2023-10-01 12:34:56'::TIMESTAMP"
                                                                                                                ],
                                                                                                                "Estimated Cardinality": "770023"
                                                                                                            },
                                                                                                            "cumulative_cardinality": 40303,
                                                                                                            "operator_type": "TABLE_SCAN",
                                                                                                            "operator_cardinality": 40303,
                                                                                                            "cumulative_rows_scanned": 3850116,
                                                                                                            "operator_rows_scanned": 3850116,
                                                                                                            "operator_timing": 0.126329026,
                                                                                                            "result_set_size": 1934544,
                                                                                                            "children": []
                                                                                                        }
                                                                                                    ]
                                                                                                }
                                                                                            ]
                                                                                        }
                                                                                    ]
                                                                                }
                                                                            ]
                                                                        },
                                                                        {
                                                                            "operator_name": "CTE_SCAN",
                                                                            "cpu_time": 0.00000524,
                                                                            "extra_info": {
                                                                                "CTE Index": "0",
                                                                                "Estimated Cardinality": "10"
                                                                            },
                                                                            "cumulative_cardinality": 10,
                                                                            "operator_type": "CTE_SCAN",
                                                                            "operator_cardinality": 10,
                                                                            "cumulative_rows_scanned": 0,
                                                                            "operator_rows_scanned": 0,
                                                                            "operator_timing": 0.00000524,
                                                                            "result_set_size": 240,
                                                                            "children": []
                                                                        }
                                                                    ]
                                                                }
                                                            ]
                                                        },
                                                        {
                                                            "operator_name": "CTE_SCAN",
                                                            "cpu_time": 0.000001001,
                                                            "extra_info": {
                                                                "CTE Index": "0",
                                                                "Estimated Cardinality": "10"
                                                            },
                                                            "cumulative_cardinality": 10,
                                                            "operator_type": "CTE_SCAN",
                                                            "operator_cardinality": 10,
                                                            "cumulative_rows_scanned": 0,
                                                            "operator_rows_scanned": 0,
                                                            "operator_timing": 0.000001001,
                                                            "result_set_size": 240,
                                                            "children": []
                                                        }
                                                    ]
                                                }
                                            ]
                                        }
                                    ]
                                }
                            ]
                        }
                    ]
                }
            ]
        }
    ]
}