{
    "rows_returned": 10,
    "query_name": "\nWITH TagStatistics AS (\n    SELECT \n        t.TagName,\n        COUNT(DISTINCT p.Id) AS QuestionCount,\n        SUM(COALESCE(p.ViewCount, 0)) AS TotalViews,\n        SUM(COALESCE(p.AnswerCount, 0)) AS TotalAnswers,\n        SUM(COALESCE(p.CommentCount, 0)) AS TotalComments\n    FROM \n        Tags t\n    LEFT JOIN \n        Posts p ON p.Tags LIKE CONCAT('%', t.TagName, '%')\n    WHERE \n        p.PostTypeId = 1  \n    GROUP BY \n        t.TagName\n),\nUserReputation AS (\n    SELECT \n        u.Id AS UserId,\n        u.DisplayName,\n        u.Reputation,\n        COUNT(DISTINCT b.Id) AS BadgeCount\n    FROM \n        Users u\n    LEFT JOIN \n        Badges b ON b.UserId = u.Id\n    WHERE \n        u.Reputation > 1000  \n    GROUP BY \n        u.Id, u.DisplayName, u.Reputation\n),\nPostActivity AS (\n    SELECT \n        p.Id AS PostId,\n        p.Title,\n        COUNT(DISTINCT c.Id) AS CommentCount,\n        COUNT(DISTINCT v.Id) AS VoteCount,\n        MAX(p.CreationDate) AS LastActivityDate\n    FROM \n        Posts p\n    LEFT JOIN \n        Comments c ON c.PostId = p.Id\n    LEFT JOIN \n        Votes v ON v.PostId = p.Id\n    WHERE \n        p.PostTypeId IN (1, 2)  \n    GROUP BY \n        p.Id, p.Title\n)\nSELECT \n    ts.TagName,\n    ts.QuestionCount,\n    ts.TotalViews,\n    ts.TotalAnswers,\n    ts.TotalComments,\n    ur.DisplayName AS ActiveUser,\n    ur.Reputation AS UserReputation,\n    ur.BadgeCount AS UserBadges,\n    pa.Title AS PopularPostTitle,\n    pa.CommentCount AS PopularPostComments,\n    pa.VoteCount AS PopularPostVotes,\n    pa.LastActivityDate AS PopularPostLastActivity\nFROM \n    TagStatistics ts\nJOIN \n    UserReputation ur ON ur.Reputation = (SELECT MAX(Reputation) FROM UserReputation)\nJOIN \n    PostActivity pa ON pa.CommentCount = (SELECT MAX(CommentCount) FROM PostActivity)\nORDER BY \n    ts.QuestionCount DESC, ts.TotalViews DESC\nLIMIT 10;\n",
    "blocked_thread_time": 0.0,
    "cpu_time": 547.7793270600098,
    "extra_info": {},
    "cumulative_cardinality": 133967848,
    "cumulative_rows_scanned": 31270557,
    "result_set_size": 1400,
    "latency": 555.876172557,
    "children": [
        {
            "operator_name": "STREAMING_LIMIT",
            "cpu_time": 547.7793270600098,
            "extra_info": {},
            "cumulative_cardinality": 133967848,
            "operator_type": "STREAMING_LIMIT",
            "operator_cardinality": 10,
            "cumulative_rows_scanned": 31270557,
            "operator_rows_scanned": 0,
            "operator_timing": 0.000001303,
            "result_set_size": 1400,
            "children": [
                {
                    "operator_name": "ORDER_BY",
                    "cpu_time": 547.7793257570098,
                    "extra_info": {
                        "Order By": [
                            "ts.QuestionCount DESC",
                            "ts.TotalViews DESC"
                        ]
                    },
                    "cumulative_cardinality": 133967838,
                    "operator_type": "ORDER_BY",
                    "operator_cardinality": 1976,
                    "cumulative_rows_scanned": 31270557,
                    "operator_rows_scanned": 0,
                    "operator_timing": 0.000292025,
                    "result_set_size": 276640,
                    "children": [
                        {
                            "operator_name": "PROJECTION",
                            "cpu_time": 547.7790337320098,
                            "extra_info": {
                                "Projections": [
                                    "tagname",
                                    "QuestionCount",
                                    "TotalViews",
                                    "TotalAnswers",
                                    "TotalComments",
                                    "ActiveUser",
                                    "UserReputation",
                                    "UserBadges",
                                    "PopularPostTitle",
                                    "PopularPostComments",
                                    "PopularPostVotes",
                                    "PopularPostLastActivity"
                                ],
                                "Estimated Cardinality": "3850116"
                            },
                            "cumulative_cardinality": 133965862,
                            "operator_type": "PROJECTION",
                            "operator_cardinality": 1976,
                            "cumulative_rows_scanned": 31270557,
                            "operator_rows_scanned": 0,
                            "operator_timing": 0.000002836,
                            "result_set_size": 276640,
                            "children": [
                                {
                                    "operator_name": "CTE",
                                    "cpu_time": 547.7790308960098,
                                    "extra_info": {
                                        "CTE Name": "UserReputation",
                                        "Table Index": "0"
                                    },
                                    "cumulative_cardinality": 133963886,
                                    "operator_type": "CTE",
                                    "operator_cardinality": 0,
                                    "cumulative_rows_scanned": 31270557,
                                    "operator_rows_scanned": 0,
                                    "operator_timing": 0.000150681,
                                    "result_set_size": 0,
                                    "children": [
                                        {
                                            "operator_name": "HASH_GROUP_BY",
                                            "cpu_time": 0.19580050900000015,
                                            "extra_info": {
                                                "Groups": [
                                                    "#0",
                                                    "#1",
                                                    "#2"
                                                ],
                                                "Aggregates": "count(DISTINCT #3)",
                                                "Estimated Cardinality": "1260710"
                                            },
                                            "cumulative_cardinality": 3605526,
                                            "operator_type": "HASH_GROUP_BY",
                                            "operator_cardinality": 11215,
                                            "cumulative_rows_scanned": 3582434,
                                            "operator_rows_scanned": 0,
                                            "operator_timing": 0.05619762600000006,
                                            "result_set_size": 358880,
                                            "children": [
                                                {
                                                    "operator_name": "PROJECTION",
                                                    "cpu_time": 0.1396028830000001,
                                                    "extra_info": {
                                                        "Projections": [
                                                            "id",
                                                            "displayname",
                                                            "reputation",
                                                            "id"
                                                        ],
                                                        "Estimated Cardinality": "2321724"
                                                    },
                                                    "cumulative_cardinality": 3594311,
                                                    "operator_type": "PROJECTION",
                                                    "operator_cardinality": 632948,
                                                    "cumulative_rows_scanned": 3582434,
                                                    "operator_rows_scanned": 0,
                                                    "operator_timing": 0.00022987500000000007,
                                                    "result_set_size": 17722544,
                                                    "children": [
                                                        {
                                                            "operator_name": "HASH_JOIN",
                                                            "cpu_time": 0.1393730080000001,
                                                            "extra_info": {
                                                                "Join Type": "RIGHT",
                                                                "Conditions": "userid = id",
                                                                "Estimated Cardinality": "2321724"
                                                            },
                                                            "cumulative_cardinality": 2961363,
                                                            "operator_type": "HASH_JOIN",
                                                            "operator_cardinality": 632948,
                                                            "cumulative_rows_scanned": 3582434,
                                                            "operator_rows_scanned": 0,
                                                            "operator_timing": 0.04557131100000017,
                                                            "result_set_size": 17722544,
                                                            "children": [
                                                                {
                                                                    "operator_name": "READ_PARQUET ",
                                                                    "cpu_time": 0.03967535499999998,
                                                                    "extra_info": {
                                                                        "Function": "READ_PARQUET",
                                                                        "Projections": [
                                                                            "id",
                                                                            "userid"
                                                                        ],
                                                                        "Estimated Cardinality": "2321724"
                                                                    },
                                                                    "cumulative_cardinality": 2317200,
                                                                    "operator_type": "TABLE_SCAN",
                                                                    "operator_cardinality": 2317200,
                                                                    "cumulative_rows_scanned": 2321724,
                                                                    "operator_rows_scanned": 2321724,
                                                                    "operator_timing": 0.03967535499999998,
                                                                    "result_set_size": 18537600,
                                                                    "children": []
                                                                },
                                                                {
                                                                    "operator_name": "READ_PARQUET ",
                                                                    "cpu_time": 0.05412634199999996,
                                                                    "extra_info": {
                                                                        "Function": "READ_PARQUET",
                                                                        "Projections": [
                                                                            "id",
                                                                            "reputation",
                                                                            "displayname"
                                                                        ],
                                                                        "Filters": "reputation>1000",
                                                                        "Estimated Cardinality": "252142"
                                                                    },
                                                                    "cumulative_cardinality": 11215,
                                                                    "operator_type": "TABLE_SCAN",
                                                                    "operator_cardinality": 11215,
                                                                    "cumulative_rows_scanned": 1260710,
                                                                    "operator_rows_scanned": 1260710,
                                                                    "operator_timing": 0.05412634199999996,
                                                                    "result_set_size": 269160,
                                                                    "children": []
                                                                }
                                                            ]
                                                        }
                                                    ]
                                                }
                                            ]
                                        },
                                        {
                                            "operator_name": "CTE",
                                            "cpu_time": 547.5830797060098,
                                            "extra_info": {
                                                "CTE Name": "PostActivity",
                                                "Table Index": "21"
                                            },
                                            "cumulative_cardinality": 130358360,
                                            "operator_type": "CTE",
                                            "operator_cardinality": 0,
                                            "cumulative_rows_scanned": 27688123,
                                            "operator_rows_scanned": 0,
                                            "operator_timing": 0.08815204399999996,
                                            "result_set_size": 0,
                                            "children": [
                                                {
                                                    "operator_name": "HASH_GROUP_BY",
                                                    "cpu_time": 11.875901622000004,
                                                    "extra_info": {
                                                        "Groups": [
                                                            "#0",
                                                            "#1"
                                                        ],
                                                        "Aggregates": [
                                                            "count(DISTINCT #2)",
                                                            "count(DISTINCT #3)",
                                                            "max(#4)"
                                                        ],
                                                        "Estimated Cardinality": "3850116"
                                                    },
                                                    "cumulative_cardinality": 106842981,
                                                    "operator_type": "HASH_GROUP_BY",
                                                    "operator_cardinality": 3845457,
                                                    "cumulative_rows_scanned": 23836031,
                                                    "operator_rows_scanned": 0,
                                                    "operator_timing": 8.200099379,
                                                    "result_set_size": 169200108,
                                                    "children": [
                                                        {
                                                            "operator_name": "PROJECTION",
                                                            "cpu_time": 3.675802243000006,
                                                            "extra_info": {
                                                                "Projections": [
                                                                    "id",
                                                                    "title",
                                                                    "id",
                                                                    "id",
                                                                    "creationdate"
                                                                ],
                                                                "Estimated Cardinality": "12744093"
                                                            },
                                                            "cumulative_cardinality": 102997524,
                                                            "operator_type": "PROJECTION",
                                                            "operator_cardinality": 35121907,
                                                            "cumulative_rows_scanned": 23836031,
                                                            "operator_rows_scanned": 0,
                                                            "operator_timing": 0.008271255999999394,
                                                            "result_set_size": 1264388652,
                                                            "children": [
                                                                {
                                                                    "operator_name": "HASH_JOIN",
                                                                    "cpu_time": 3.6675309870000063,
                                                                    "extra_info": {
                                                                        "Join Type": "RIGHT",
                                                                        "Conditions": "postid = id",
                                                                        "Estimated Cardinality": "12744093"
                                                                    },
                                                                    "cumulative_cardinality": 67875617,
                                                                    "operator_type": "HASH_JOIN",
                                                                    "operator_cardinality": 35121907,
                                                                    "cumulative_rows_scanned": 23836031,
                                                                    "operator_rows_scanned": 0,
                                                                    "operator_timing": 2.1337170020000062,
                                                                    "result_set_size": 1264388652,
                                                                    "children": [
                                                                        {
                                                                            "operator_name": "READ_PARQUET ",
                                                                            "cpu_time": 0.28575692499999944,
                                                                            "extra_info": {
                                                                                "Function": "READ_PARQUET",
                                                                                "Projections": [
                                                                                    "id",
                                                                                    "postid"
                                                                                ],
                                                                                "Estimated Cardinality": "12744093"
                                                                            },
                                                                            "cumulative_cardinality": 12744093,
                                                                            "operator_type": "TABLE_SCAN",
                                                                            "operator_cardinality": 12744093,
                                                                            "cumulative_rows_scanned": 12744093,
                                                                            "operator_rows_scanned": 12744093,
                                                                            "operator_timing": 0.28575692499999944,
                                                                            "result_set_size": 101952744,
                                                                            "children": []
                                                                        },
                                                                        {
                                                                            "operator_name": "HASH_JOIN",
                                                                            "cpu_time": 1.2480570600000007,
                                                                            "extra_info": {
                                                                                "Join Type": "RIGHT",
                                                                                "Conditions": "postid = id",
                                                                                "Estimated Cardinality": "7241822"
                                                                            },
                                                                            "cumulative_cardinality": 20009617,
                                                                            "operator_type": "HASH_JOIN",
                                                                            "operator_cardinality": 8922338,
                                                                            "cumulative_rows_scanned": 11091938,
                                                                            "operator_rows_scanned": 0,
                                                                            "operator_timing": 0.7270192030000004,
                                                                            "result_set_size": 285514816,
                                                                            "children": [
                                                                                {
                                                                                    "operator_name": "READ_PARQUET ",
                                                                                    "cpu_time": 0.12476280500000028,
                                                                                    "extra_info": {
                                                                                        "Function": "READ_PARQUET",
                                                                                        "Projections": [
                                                                                            "id",
                                                                                            "postid"
                                                                                        ],
                                                                                        "Estimated Cardinality": "7241822"
                                                                                    },
                                                                                    "cumulative_cardinality": 7241822,
                                                                                    "operator_type": "TABLE_SCAN",
                                                                                    "operator_cardinality": 7241822,
                                                                                    "cumulative_rows_scanned": 7241822,
                                                                                    "operator_rows_scanned": 7241822,
                                                                                    "operator_timing": 0.12476280500000028,
                                                                                    "result_set_size": 57934576,
                                                                                    "children": []
                                                                                },
                                                                                {
                                                                                    "operator_name": "READ_PARQUET ",
                                                                                    "cpu_time": 0.396275052,
                                                                                    "extra_info": {
                                                                                        "Function": "READ_PARQUET",
                                                                                        "Projections": [
                                                                                            "id",
                                                                                            "creationdate",
                                                                                            "title"
                                                                                        ],
                                                                                        "Filters": "posttypeid>=1 AND posttypeid<=2",
                                                                                        "Estimated Cardinality": "770023"
                                                                                    },
                                                                                    "cumulative_cardinality": 3845457,
                                                                                    "operator_type": "TABLE_SCAN",
                                                                                    "operator_cardinality": 3845457,
                                                                                    "cumulative_rows_scanned": 3850116,
                                                                                    "operator_rows_scanned": 3850116,
                                                                                    "operator_timing": 0.396275052,
                                                                                    "result_set_size": 107672796,
                                                                                    "children": []
                                                                                }
                                                                            ]
                                                                        }
                                                                    ]
                                                                }
                                                            ]
                                                        }
                                                    ]
                                                },
                                                {
                                                    "operator_name": "CROSS_PRODUCT",
                                                    "cpu_time": 535.6190260400098,
                                                    "extra_info": {},
                                                    "cumulative_cardinality": 23515379,
                                                    "operator_type": "CROSS_PRODUCT",
                                                    "operator_cardinality": 1976,
                                                    "cumulative_rows_scanned": 3852092,
                                                    "operator_rows_scanned": 0,
                                                    "operator_timing": 0.000109725,
                                                    "result_set_size": 316160,
                                                    "children": [
                                                        {
                                                            "operator_name": "HASH_GROUP_BY",
                                                            "cpu_time": 535.5719664320097,
                                                            "extra_info": {
                                                                "Groups": "#0",
                                                                "Aggregates": [
                                                                    "count(DISTINCT #1)",
                                                                    "sum(#2)",
                                                                    "sum(#3)",
                                                                    "sum(#4)"
                                                                ],
                                                                "Estimated Cardinality": "1976"
                                                            },
                                                            "cumulative_cardinality": 11943376,
                                                            "operator_type": "HASH_GROUP_BY",
                                                            "operator_cardinality": 1976,
                                                            "cumulative_rows_scanned": 3852092,
                                                            "operator_rows_scanned": 0,
                                                            "operator_timing": 1.1558131140000008,
                                                            "result_set_size": 142272,
                                                            "children": [
                                                                {
                                                                    "operator_name": "PROJECTION",
                                                                    "cpu_time": 534.4161533180097,
                                                                    "extra_info": {
                                                                        "Projections": [
                                                                            "tagname",
                                                                            "id",
                                                                            "COALESCE(viewcount, 0)",
                                                                            "COALESCE(answercount, 0)",
                                                                            "commentcount"
                                                                        ],
                                                                        "Estimated Cardinality": "770023"
                                                                    },
                                                                    "cumulative_cardinality": 11941400,
                                                                    "operator_type": "PROJECTION",
                                                                    "operator_cardinality": 5135630,
                                                                    "cumulative_rows_scanned": 3852092,
                                                                    "operator_rows_scanned": 0,
                                                                    "operator_timing": 0.058410923000000003,
                                                                    "result_set_size": 164340160,
                                                                    "children": [
                                                                        {
                                                                            "operator_name": "BLOCKWISE_NL_JOIN",
                                                                            "cpu_time": 534.3577423950097,
                                                                            "extra_info": {
                                                                                "Join Type": "INNER",
                                                                                "Condition": "(tags ~~ concat('%', tagname, '%'))"
                                                                            },
                                                                            "cumulative_cardinality": 6805770,
                                                                            "operator_type": "BLOCKWISE_NL_JOIN",
                                                                            "operator_cardinality": 5135630,
                                                                            "cumulative_rows_scanned": 3852092,
                                                                            "operator_rows_scanned": 0,
                                                                            "operator_timing": 533.9462621000097,
                                                                            "result_set_size": 246510240,
                                                                            "children": [
                                                                                {
                                                                                    "operator_name": "READ_PARQUET ",
                                                                                    "cpu_time": 0.411027138,
                                                                                    "extra_info": {
                                                                                        "Function": "READ_PARQUET",
                                                                                        "Projections": [
                                                                                            "id",
                                                                                            "viewcount",
                                                                                            "tags",
                                                                                            "answercount",
                                                                                            "commentcount"
                                                                                        ],
                                                                                        "Filters": "posttypeid=1",
                                                                                        "Estimated Cardinality": "770023"
                                                                                    },
                                                                                    "cumulative_cardinality": 1668164,
                                                                                    "operator_type": "TABLE_SCAN",
                                                                                    "operator_cardinality": 1668164,
                                                                                    "cumulative_rows_scanned": 3850116,
                                                                                    "operator_rows_scanned": 3850116,
                                                                                    "operator_timing": 0.411027138,
                                                                                    "result_set_size": 53381248,
                                                                                    "children": []
                                                                                },
                                                                                {
                                                                                    "operator_name": "READ_PARQUET ",
                                                                                    "cpu_time": 0.000453157,
                                                                                    "extra_info": {
                                                                                        "Function": "READ_PARQUET",
                                                                                        "Projections": "tagname",
                                                                                        "Estimated Cardinality": "1976"
                                                                                    },
                                                                                    "cumulative_cardinality": 1976,
                                                                                    "operator_type": "TABLE_SCAN",
                                                                                    "operator_cardinality": 1976,
                                                                                    "cumulative_rows_scanned": 1976,
                                                                                    "operator_rows_scanned": 1976,
                                                                                    "operator_timing": 0.000453157,
                                                                                    "result_set_size": 31616,
                                                                                    "children": []
                                                                                }
                                                                            ]
                                                                        }
                                                                    ]
                                                                }
                                                            ]
                                                        },
                                                        {
                                                            "operator_name": "HASH_JOIN",
                                                            "cpu_time": 0.04694988299999999,
                                                            "extra_info": {
                                                                "Join Type": "INNER",
                                                                "Conditions": "reputation = SUBQUERY",
                                                                "Estimated Cardinality": "1"
                                                            },
                                                            "cumulative_cardinality": 11570027,
                                                            "operator_type": "HASH_JOIN",
                                                            "operator_cardinality": 1,
                                                            "cumulative_rows_scanned": 0,
                                                            "operator_rows_scanned": 0,
                                                            "operator_timing": 0.00014268599999999997,
                                                            "result_set_size": 88,
                                                            "children": [
                                                                {
                                                                    "operator_name": "CTE_SCAN",
                                                                    "cpu_time": 0.00008124300000000001,
                                                                    "extra_info": {
                                                                        "CTE Index": "0",
                                                                        "Estimated Cardinality": "1260710"
                                                                    },
                                                                    "cumulative_cardinality": 11215,
                                                                    "operator_type": "CTE_SCAN",
                                                                    "operator_cardinality": 11215,
                                                                    "cumulative_rows_scanned": 0,
                                                                    "operator_rows_scanned": 0,
                                                                    "operator_timing": 0.00008124300000000001,
                                                                    "result_set_size": 358880,
                                                                    "children": []
                                                                },
                                                                {
                                                                    "operator_name": "CROSS_PRODUCT",
                                                                    "cpu_time": 0.04672595399999999,
                                                                    "extra_info": {},
                                                                    "cumulative_cardinality": 11558811,
                                                                    "operator_type": "CROSS_PRODUCT",
                                                                    "operator_cardinality": 1,
                                                                    "cumulative_rows_scanned": 0,
                                                                    "operator_rows_scanned": 0,
                                                                    "operator_timing": 0.00002589,
                                                                    "result_set_size": 56,
                                                                    "children": [
                                                                        {
                                                                            "operator_name": "HASH_JOIN",
                                                                            "cpu_time": 0.04660466499999999,
                                                                            "extra_info": {
                                                                                "Join Type": "INNER",
                                                                                "Conditions": "CommentCount = SUBQUERY",
                                                                                "Estimated Cardinality": "1"
                                                                            },
                                                                            "cumulative_cardinality": 11536376,
                                                                            "operator_type": "HASH_JOIN",
                                                                            "operator_cardinality": 1,
                                                                            "cumulative_rows_scanned": 0,
                                                                            "operator_rows_scanned": 0,
                                                                            "operator_timing": 0.017372324999999977,
                                                                            "result_set_size": 52,
                                                                            "children": [
                                                                                {
                                                                                    "operator_name": "CTE_SCAN",
                                                                                    "cpu_time": 0.014241254000000028,
                                                                                    "extra_info": {
                                                                                        "CTE Index": "21",
                                                                                        "Estimated Cardinality": "3850116"
                                                                                    },
                                                                                    "cumulative_cardinality": 3845457,
                                                                                    "operator_type": "CTE_SCAN",
                                                                                    "operator_cardinality": 3845457,
                                                                                    "cumulative_rows_scanned": 0,
                                                                                    "operator_rows_scanned": 0,
                                                                                    "operator_timing": 0.014241254000000028,
                                                                                    "result_set_size": 169200108,
                                                                                    "children": []
                                                                                },
                                                                                {
                                                                                    "operator_name": "PROJECTION",
                                                                                    "cpu_time": 0.014991085999999983,
                                                                                    "extra_info": {
                                                                                        "Projections": [
                                                                                            "CASE  WHEN ((#1 > 1)) THEN (error('More than one row returned by a subquery used as an expression - scalar subqueries can only return a single row.",
                                                                                            "Use \"SET scalar_subquery_error_on_multiple_rows=false\" to revert to previous behavior of returning a random row.')) ELSE #0 END"
                                                                                        ],
                                                                                        "Estimated Cardinality": "1"
                                                                                    },
                                                                                    "cumulative_cardinality": 7690918,
                                                                                    "operator_type": "PROJECTION",
                                                                                    "operator_cardinality": 1,
                                                                                    "cumulative_rows_scanned": 0,
                                                                                    "operator_rows_scanned": 0,
                                                                                    "operator_timing": 0.000002866,
                                                                                    "result_set_size": 8,
                                                                                    "children": [
                                                                                        {
                                                                                            "operator_name": "UNGROUPED_AGGREGATE",
                                                                                            "cpu_time": 0.014988219999999983,
                                                                                            "extra_info": {
                                                                                                "Aggregates": [
                                                                                                    "\"first\"(#0)",
                                                                                                    "count_star()"
                                                                                                ]
                                                                                            },
                                                                                            "cumulative_cardinality": 7690917,
                                                                                            "operator_type": "UNGROUPED_AGGREGATE",
                                                                                            "operator_cardinality": 1,
                                                                                            "cumulative_rows_scanned": 0,
                                                                                            "operator_rows_scanned": 0,
                                                                                            "operator_timing": 0.000002214,
                                                                                            "result_set_size": 16,
                                                                                            "children": [
                                                                                                {
                                                                                                    "operator_name": "PROJECTION",
                                                                                                    "cpu_time": 0.014986005999999982,
                                                                                                    "extra_info": {
                                                                                                        "Projections": "#0",
                                                                                                        "Estimated Cardinality": "1"
                                                                                                    },
                                                                                                    "cumulative_cardinality": 7690916,
                                                                                                    "operator_type": "PROJECTION",
                                                                                                    "operator_cardinality": 1,
                                                                                                    "cumulative_rows_scanned": 0,
                                                                                                    "operator_rows_scanned": 0,
                                                                                                    "operator_timing": 1.81e-7,
                                                                                                    "result_set_size": 8,
                                                                                                    "children": [
                                                                                                        {
                                                                                                            "operator_name": "UNGROUPED_AGGREGATE",
                                                                                                            "cpu_time": 0.014985824999999982,
                                                                                                            "extra_info": {
                                                                                                                "Aggregates": "max(#0)"
                                                                                                            },
                                                                                                            "cumulative_cardinality": 7690915,
                                                                                                            "operator_type": "UNGROUPED_AGGREGATE",
                                                                                                            "operator_cardinality": 1,
                                                                                                            "cumulative_rows_scanned": 0,
                                                                                                            "operator_rows_scanned": 0,
                                                                                                            "operator_timing": 0.003819179999999998,
                                                                                                            "result_set_size": 8,
                                                                                                            "children": [
                                                                                                                {
                                                                                                                    "operator_name": "PROJECTION",
                                                                                                                    "cpu_time": 0.011166644999999984,
                                                                                                                    "extra_info": {
                                                                                                                        "Projections": "CommentCount",
                                                                                                                        "Estimated Cardinality": "3850116"
                                                                                                                    },
                                                                                                                    "cumulative_cardinality": 7690914,
                                                                                                                    "operator_type": "PROJECTION",
                                                                                                                    "operator_cardinality": 3845457,
                                                                                                                    "cumulative_rows_scanned": 0,
                                                                                                                    "operator_rows_scanned": 0,
                                                                                                                    "operator_timing": 0.00015582500000000315,
                                                                                                                    "result_set_size": 30763656,
                                                                                                                    "children": [
                                                                                                                        {
                                                                                                                            "operator_name": "CTE_SCAN",
                                                                                                                            "cpu_time": 0.01101081999999998,
                                                                                                                            "extra_info": {
                                                                                                                                "CTE Index": "21",
                                                                                                                                "Estimated Cardinality": "3850116"
                                                                                                                            },
                                                                                                                            "cumulative_cardinality": 3845457,
                                                                                                                            "operator_type": "CTE_SCAN",
                                                                                                                            "operator_cardinality": 3845457,
                                                                                                                            "cumulative_rows_scanned": 0,
                                                                                                                            "operator_rows_scanned": 0,
                                                                                                                            "operator_timing": 0.01101081999999998,
                                                                                                                            "result_set_size": 169200108,
                                                                                                                            "children": []
                                                                                                                        }
                                                                                                                    ]
                                                                                                                }
                                                                                                            ]
                                                                                                        }
                                                                                                    ]
                                                                                                }
                                                                                            ]
                                                                                        }
                                                                                    ]
                                                                                }
                                                                            ]
                                                                        },
                                                                        {
                                                                            "operator_name": "PROJECTION",
                                                                            "cpu_time": 0.000095399,
                                                                            "extra_info": {
                                                                                "Projections": [
                                                                                    "CASE  WHEN ((#1 > 1)) THEN (error('More than one row returned by a subquery used as an expression - scalar subqueries can only return a single row.",
                                                                                    "Use \"SET scalar_subquery_error_on_multiple_rows=false\" to revert to previous behavior of returning a random row.')) ELSE #0 END"
                                                                                ],
                                                                                "Estimated Cardinality": "1"
                                                                            },
                                                                            "cumulative_cardinality": 22434,
                                                                            "operator_type": "PROJECTION",
                                                                            "operator_cardinality": 1,
                                                                            "cumulative_rows_scanned": 0,
                                                                            "operator_rows_scanned": 0,
                                                                            "operator_timing": 0.000003597,
                                                                            "result_set_size": 4,
                                                                            "children": [
                                                                                {
                                                                                    "operator_name": "UNGROUPED_AGGREGATE",
                                                                                    "cpu_time": 0.000091802,
                                                                                    "extra_info": {
                                                                                        "Aggregates": [
                                                                                            "\"first\"(#0)",
                                                                                            "count_star()"
                                                                                        ]
                                                                                    },
                                                                                    "cumulative_cardinality": 22433,
                                                                                    "operator_type": "UNGROUPED_AGGREGATE",
                                                                                    "operator_cardinality": 1,
                                                                                    "cumulative_rows_scanned": 0,
                                                                                    "operator_rows_scanned": 0,
                                                                                    "operator_timing": 0.000002655,
                                                                                    "result_set_size": 12,
                                                                                    "children": [
                                                                                        {
                                                                                            "operator_name": "PROJECTION",
                                                                                            "cpu_time": 0.000089147,
                                                                                            "extra_info": {
                                                                                                "Projections": "#0",
                                                                                                "Estimated Cardinality": "1"
                                                                                            },
                                                                                            "cumulative_cardinality": 22432,
                                                                                            "operator_type": "PROJECTION",
                                                                                            "operator_cardinality": 1,
                                                                                            "cumulative_rows_scanned": 0,
                                                                                            "operator_rows_scanned": 0,
                                                                                            "operator_timing": 0.000002525,
                                                                                            "result_set_size": 4,
                                                                                            "children": [
                                                                                                {
                                                                                                    "operator_name": "UNGROUPED_AGGREGATE",
                                                                                                    "cpu_time": 0.00008662200000000001,
                                                                                                    "extra_info": {
                                                                                                        "Aggregates": "max(#0)"
                                                                                                    },
                                                                                                    "cumulative_cardinality": 22431,
                                                                                                    "operator_type": "UNGROUPED_AGGREGATE",
                                                                                                    "operator_cardinality": 1,
                                                                                                    "cumulative_rows_scanned": 0,
                                                                                                    "operator_rows_scanned": 0,
                                                                                                    "operator_timing": 0.00001536,
                                                                                                    "result_set_size": 4,
                                                                                                    "children": [
                                                                                                        {
                                                                                                            "operator_name": "PROJECTION",
                                                                                                            "cpu_time": 0.00007126200000000001,
                                                                                                            "extra_info": {
                                                                                                                "Projections": "reputation",
                                                                                                                "Estimated Cardinality": "1260710"
                                                                                                            },
                                                                                                            "cumulative_cardinality": 22430,
                                                                                                            "operator_type": "PROJECTION",
                                                                                                            "operator_cardinality": 11215,
                                                                                                            "cumulative_rows_scanned": 0,
                                                                                                            "operator_rows_scanned": 0,
                                                                                                            "operator_timing": 8.909999999999999e-7,
                                                                                                            "result_set_size": 44860,
                                                                                                            "children": [
                                                                                                                {
                                                                                                                    "operator_name": "CTE_SCAN",
                                                                                                                    "cpu_time": 0.00007037100000000001,
                                                                                                                    "extra_info": {
                                                                                                                        "CTE Index": "0",
                                                                                                                        "Estimated Cardinality": "1260710"
                                                                                                                    },
                                                                                                                    "cumulative_cardinality": 11215,
                                                                                                                    "operator_type": "CTE_SCAN",
                                                                                                                    "operator_cardinality": 11215,
                                                                                                                    "cumulative_rows_scanned": 0,
                                                                                                                    "operator_rows_scanned": 0,
                                                                                                                    "operator_timing": 0.00007037100000000001,
                                                                                                                    "result_set_size": 358880,
                                                                                                                    "children": []
                                                                                                                }
                                                                                                            ]
                                                                                                        }
                                                                                                    ]
                                                                                                }
                                                                                            ]
                                                                                        }
                                                                                    ]
                                                                                }
                                                                            ]
                                                                        }
                                                                    ]
                                                                }
                                                            ]
                                                        }
                                                    ]
                                                }
                                            ]
                                        }
                                    ]
                                }
                            ]
                        }
                    ]
                }
            ]
        }
    ]
}