{
    "rows_returned": 10,
    "query_name": "WITH TagStats AS (\n    SELECT \n        tag.TagName,\n        COUNT(p.Id) AS PostCount,\n        SUM(CASE WHEN p.PostTypeId = 1 THEN 1 ELSE 0 END) AS QuestionCount,\n        SUM(CASE WHEN p.PostTypeId = 2 THEN 1 ELSE 0 END) AS AnswerCount,\n        SUM(CASE WHEN p.PostTypeId = 3 THEN 1 ELSE 0 END) AS WikiCount,\n        SUM(CASE WHEN p.PostTypeId IN (1, 2) THEN p.ViewCount ELSE 0 END) AS TotalViewCount\n    FROM Tags AS tag\n    LEFT JOIN Posts AS p ON p.Tags LIKE '%' || tag.TagName || '%'\n    GROUP BY tag.TagName\n),\nUserReputation AS (\n    SELECT \n        u.Id AS UserId,\n        u.DisplayName,\n        u.Reputation,\n        COUNT(DISTINCT p.Id) AS PostsCreated,\n        SUM(coalesce(b.Class, 0)) AS TotalBadges,\n        AVG(coalesce(r.Reputation, 0)) AS AvgReputation\n    FROM Users AS u\n    LEFT JOIN Posts AS p ON p.OwnerUserId = u.Id\n    LEFT JOIN Badges AS b ON b.UserId = u.Id\n    LEFT JOIN Users AS r ON r.Id = u.Id\n    GROUP BY u.Id, u.DisplayName, u.Reputation\n),\nRecentPostActivity AS (\n    SELECT \n        p.Id AS PostId,\n        p.Title,\n        p.CreationDate,\n        p.ViewCount,\n        count(c.Id) AS CommentCount,\n        MAX(v.CreationDate) AS LastVoteDate\n    FROM Posts AS p\n    LEFT JOIN Comments AS c ON c.PostId = p.Id\n    LEFT JOIN Votes AS v ON v.PostId = p.Id\n    WHERE p.CreationDate >= cast('2024-10-01 12:34:56' as timestamp) - INTERVAL '30 days'\n    GROUP BY p.Id, p.Title, p.CreationDate, p.ViewCount\n)\nSELECT \n    ts.TagName,\n    ts.PostCount,\n    ts.QuestionCount,\n    ts.AnswerCount,\n    ts.WikiCount,\n    ts.TotalViewCount,\n    ur.DisplayName AS TopUser,\n    ur.Reputation AS TopUserReputation,\n    ur.PostsCreated AS UserPostCount,\n    ur.TotalBadges AS UserBadges,\n    rpa.PostId,\n    rpa.Title,\n    rpa.CreationDate,\n    rpa.ViewCount AS RecentPostViewCount,\n    rpa.CommentCount AS RecentCommentCount,\n    rpa.LastVoteDate\nFROM TagStats AS ts\nJOIN UserReputation AS ur ON ur.Reputation = (SELECT MAX(Reputation) FROM UserReputation)\nJOIN RecentPostActivity AS rpa ON rpa.ViewCount = (SELECT MAX(ViewCount) FROM RecentPostActivity)\nORDER BY ts.TotalViewCount DESC, ts.PostCount DESC\nLIMIT 10;",
    "blocked_thread_time": 0.0,
    "cpu_time": 569.5545280970065,
    "extra_info": {},
    "cumulative_cardinality": 2379217134,
    "cumulative_rows_scanned": 36381383,
    "result_set_size": 1800,
    "latency": 590.859176521,
    "children": [
        {
            "operator_name": "STREAMING_LIMIT",
            "cpu_time": 569.5545280970065,
            "extra_info": {},
            "cumulative_cardinality": 2379217134,
            "operator_type": "STREAMING_LIMIT",
            "operator_cardinality": 10,
            "cumulative_rows_scanned": 36381383,
            "operator_rows_scanned": 0,
            "operator_timing": 0.000001082,
            "result_set_size": 1800,
            "children": [
                {
                    "operator_name": "ORDER_BY",
                    "cpu_time": 569.5545270150064,
                    "extra_info": {
                        "Order By": [
                            "ts.TotalViewCount DESC",
                            "ts.PostCount DESC"
                        ]
                    },
                    "cumulative_cardinality": 2379217124,
                    "operator_type": "ORDER_BY",
                    "operator_cardinality": 1976,
                    "cumulative_rows_scanned": 36381383,
                    "operator_rows_scanned": 0,
                    "operator_timing": 0.000388646,
                    "result_set_size": 355680,
                    "children": [
                        {
                            "operator_name": "PROJECTION",
                            "cpu_time": 569.5541383690064,
                            "extra_info": {
                                "Projections": [
                                    "tagname",
                                    "PostCount",
                                    "QuestionCount",
                                    "AnswerCount",
                                    "WikiCount",
                                    "TotalViewCount",
                                    "TopUser",
                                    "TopUserReputation",
                                    "UserPostCount",
                                    "UserBadges",
                                    "PostId",
                                    "title",
                                    "creationdate",
                                    "RecentPostViewCount",
                                    "RecentCommentCount",
                                    "LastVoteDate"
                                ],
                                "Estimated Cardinality": "3850116"
                            },
                            "cumulative_cardinality": 2379215148,
                            "operator_type": "PROJECTION",
                            "operator_cardinality": 1976,
                            "cumulative_rows_scanned": 36381383,
                            "operator_rows_scanned": 0,
                            "operator_timing": 0.000001142,
                            "result_set_size": 355680,
                            "children": [
                                {
                                    "operator_name": "CTE",
                                    "cpu_time": 569.5541372270064,
                                    "extra_info": {
                                        "CTE Name": "UserReputation",
                                        "Table Index": "0"
                                    },
                                    "cumulative_cardinality": 2379213172,
                                    "operator_type": "CTE",
                                    "operator_cardinality": 0,
                                    "cumulative_rows_scanned": 36381383,
                                    "operator_rows_scanned": 0,
                                    "operator_timing": 0.025298214999999992,
                                    "result_set_size": 0,
                                    "children": [
                                        {
                                            "operator_name": "HASH_GROUP_BY",
                                            "cpu_time": 64.23769161300021,
                                            "extra_info": {
                                                "Groups": [
                                                    "#0",
                                                    "#1",
                                                    "#2"
                                                ],
                                                "Aggregates": [
                                                    "count(DISTINCT #3)",
                                                    "sum(#4)",
                                                    "avg(#5)"
                                                ],
                                                "Estimated Cardinality": "1260710"
                                            },
                                            "cumulative_cardinality": 2361043685,
                                            "operator_type": "HASH_GROUP_BY",
                                            "operator_cardinality": 1260710,
                                            "cumulative_rows_scanned": 8693260,
                                            "operator_rows_scanned": 0,
                                            "operator_timing": 40.201301022999445,
                                            "result_set_size": 70599760,
                                            "children": [
                                                {
                                                    "operator_name": "PROJECTION",
                                                    "cpu_time": 24.036390590000767,
                                                    "extra_info": {
                                                        "Projections": [
                                                            "id",
                                                            "displayname",
                                                            "reputation",
                                                            "id",
                                                            "COALESCE(class, 0)",
                                                            "COALESCE(reputation, 0)"
                                                        ],
                                                        "Estimated Cardinality": "3850116"
                                                    },
                                                    "cumulative_cardinality": 2359782975,
                                                    "operator_type": "PROJECTION",
                                                    "operator_cardinality": 586089549,
                                                    "cumulative_rows_scanned": 8693260,
                                                    "operator_rows_scanned": 0,
                                                    "operator_timing": 6.479941685000192,
                                                    "result_set_size": 19927044666,
                                                    "children": [
                                                        {
                                                            "operator_name": "HASH_JOIN",
                                                            "cpu_time": 17.556448905000575,
                                                            "extra_info": {
                                                                "Join Type": "LEFT",
                                                                "Conditions": "id = id",
                                                                "Estimated Cardinality": "3850116"
                                                            },
                                                            "cumulative_cardinality": 1773693426,
                                                            "operator_type": "HASH_JOIN",
                                                            "operator_cardinality": 586089549,
                                                            "cumulative_rows_scanned": 8693260,
                                                            "operator_rows_scanned": 0,
                                                            "operator_timing": 11.44901646600051,
                                                            "result_set_size": 19927044666,
                                                            "children": [
                                                                {
                                                                    "operator_name": "PROJECTION",
                                                                    "cpu_time": 6.091994837000068,
                                                                    "extra_info": {
                                                                        "Projections": [
                                                                            "#0",
                                                                            "#1",
                                                                            "#2",
                                                                            "#3",
                                                                            "__internal_decompress_integral_smallint(#4, 1)"
                                                                        ],
                                                                        "Estimated Cardinality": "3850116"
                                                                    },
                                                                    "cumulative_cardinality": 1186343167,
                                                                    "operator_type": "PROJECTION",
                                                                    "operator_cardinality": 586089549,
                                                                    "cumulative_rows_scanned": 7432550,
                                                                    "operator_rows_scanned": 0,
                                                                    "operator_timing": 0.2567077079999839,
                                                                    "result_set_size": 17582686470,
                                                                    "children": [
                                                                        {
                                                                            "operator_name": "HASH_JOIN",
                                                                            "cpu_time": 5.8352871290000845,
                                                                            "extra_info": {
                                                                                "Join Type": "LEFT",
                                                                                "Conditions": "id = userid",
                                                                                "Estimated Cardinality": "3850116"
                                                                            },
                                                                            "cumulative_cardinality": 600253618,
                                                                            "operator_type": "HASH_JOIN",
                                                                            "operator_cardinality": 586089549,
                                                                            "cumulative_rows_scanned": 7432550,
                                                                            "operator_rows_scanned": 0,
                                                                            "operator_timing": 5.321378061000085,
                                                                            "result_set_size": 16996596921,
                                                                            "children": [
                                                                                {
                                                                                    "operator_name": "HASH_JOIN",
                                                                                    "cpu_time": 0.49565748199999926,
                                                                                    "extra_info": {
                                                                                        "Join Type": "RIGHT",
                                                                                        "Conditions": "owneruserid = id",
                                                                                        "Estimated Cardinality": "3850116"
                                                                                    },
                                                                                    "cumulative_cardinality": 9520621,
                                                                                    "operator_type": "HASH_JOIN",
                                                                                    "operator_cardinality": 4574495,
                                                                                    "cumulative_rows_scanned": 5110826,
                                                                                    "operator_rows_scanned": 0,
                                                                                    "operator_timing": 0.306762989999999,
                                                                                    "result_set_size": 128085860,
                                                                                    "children": [
                                                                                        {
                                                                                            "operator_name": "READ_PARQUET ",
                                                                                            "cpu_time": 0.1028044900000002,
                                                                                            "extra_info": {
                                                                                                "Function": "READ_PARQUET",
                                                                                                "Projections": [
                                                                                                    "id",
                                                                                                    "owneruserid"
                                                                                                ],
                                                                                                "Estimated Cardinality": "3850116"
                                                                                            },
                                                                                            "cumulative_cardinality": 3685416,
                                                                                            "operator_type": "TABLE_SCAN",
                                                                                            "operator_cardinality": 3685416,
                                                                                            "cumulative_rows_scanned": 3850116,
                                                                                            "operator_rows_scanned": 3850116,
                                                                                            "operator_timing": 0.1028044900000002,
                                                                                            "result_set_size": 29483328,
                                                                                            "children": []
                                                                                        },
                                                                                        {
                                                                                            "operator_name": "READ_PARQUET ",
                                                                                            "cpu_time": 0.08609000200000008,
                                                                                            "extra_info": {
                                                                                                "Function": "READ_PARQUET",
                                                                                                "Projections": [
                                                                                                    "id",
                                                                                                    "reputation",
                                                                                                    "displayname"
                                                                                                ],
                                                                                                "Estimated Cardinality": "1260710"
                                                                                            },
                                                                                            "cumulative_cardinality": 1260710,
                                                                                            "operator_type": "TABLE_SCAN",
                                                                                            "operator_cardinality": 1260710,
                                                                                            "cumulative_rows_scanned": 1260710,
                                                                                            "operator_rows_scanned": 1260710,
                                                                                            "operator_timing": 0.08609000200000008,
                                                                                            "result_set_size": 30257040,
                                                                                            "children": []
                                                                                        }
                                                                                    ]
                                                                                },
                                                                                {
                                                                                    "operator_name": "PROJECTION",
                                                                                    "cpu_time": 0.018251586000000007,
                                                                                    "extra_info": {
                                                                                        "Projections": [
                                                                                            "#0",
                                                                                            "__internal_compress_integral_utinyint(#1, 1)"
                                                                                        ],
                                                                                        "Estimated Cardinality": "2321724"
                                                                                    },
                                                                                    "cumulative_cardinality": 4643448,
                                                                                    "operator_type": "PROJECTION",
                                                                                    "operator_cardinality": 2321724,
                                                                                    "cumulative_rows_scanned": 2321724,
                                                                                    "operator_rows_scanned": 0,
                                                                                    "operator_timing": 0.0006586370000000001,
                                                                                    "result_set_size": 11608620,
                                                                                    "children": [
                                                                                        {
                                                                                            "operator_name": "READ_PARQUET ",
                                                                                            "cpu_time": 0.017592949000000007,
                                                                                            "extra_info": {
                                                                                                "Function": "READ_PARQUET",
                                                                                                "Projections": [
                                                                                                    "userid",
                                                                                                    "class"
                                                                                                ],
                                                                                                "Estimated Cardinality": "2321724"
                                                                                            },
                                                                                            "cumulative_cardinality": 2321724,
                                                                                            "operator_type": "TABLE_SCAN",
                                                                                            "operator_cardinality": 2321724,
                                                                                            "cumulative_rows_scanned": 2321724,
                                                                                            "operator_rows_scanned": 2321724,
                                                                                            "operator_timing": 0.017592949000000007,
                                                                                            "result_set_size": 13930344,
                                                                                            "children": []
                                                                                        }
                                                                                    ]
                                                                                }
                                                                            ]
                                                                        }
                                                                    ]
                                                                },
                                                                {
                                                                    "operator_name": "READ_PARQUET ",
                                                                    "cpu_time": 0.015437601999999988,
                                                                    "extra_info": {
                                                                        "Function": "READ_PARQUET",
                                                                        "Projections": [
                                                                            "id",
                                                                            "reputation"
                                                                        ],
                                                                        "Estimated Cardinality": "1260710"
                                                                    },
                                                                    "cumulative_cardinality": 1260710,
                                                                    "operator_type": "TABLE_SCAN",
                                                                    "operator_cardinality": 1260710,
                                                                    "cumulative_rows_scanned": 1260710,
                                                                    "operator_rows_scanned": 1260710,
                                                                    "operator_timing": 0.015437601999999988,
                                                                    "result_set_size": 10085680,
                                                                    "children": []
                                                                }
                                                            ]
                                                        }
                                                    ]
                                                }
                                            ]
                                        },
                                        {
                                            "operator_name": "CTE",
                                            "cpu_time": 505.29114739900626,
                                            "extra_info": {
                                                "CTE Name": "RecentPostActivity",
                                                "Table Index": "35"
                                            },
                                            "cumulative_cardinality": 18169487,
                                            "operator_type": "CTE",
                                            "operator_cardinality": 0,
                                            "cumulative_rows_scanned": 27688123,
                                            "operator_rows_scanned": 0,
                                            "operator_timing": 0.00026111799999999996,
                                            "result_set_size": 0,
                                            "children": [
                                                {
                                                    "operator_name": "HASH_GROUP_BY",
                                                    "cpu_time": 0.11059334899999998,
                                                    "extra_info": {
                                                        "Groups": [
                                                            "#0",
                                                            "#1",
                                                            "#2",
                                                            "#3"
                                                        ],
                                                        "Aggregates": [
                                                            "count(#4)",
                                                            "max(#5)"
                                                        ],
                                                        "Estimated Cardinality": "3850116"
                                                    },
                                                    "cumulative_cardinality": 230261,
                                                    "operator_type": "HASH_GROUP_BY",
                                                    "operator_cardinality": 9927,
                                                    "cumulative_rows_scanned": 23836031,
                                                    "operator_rows_scanned": 0,
                                                    "operator_timing": 0.005529664000000001,
                                                    "result_set_size": 476496,
                                                    "children": [
                                                        {
                                                            "operator_name": "PROJECTION",
                                                            "cpu_time": 0.10506368499999998,
                                                            "extra_info": {
                                                                "Projections": [
                                                                    "id",
                                                                    "title",
                                                                    "creationdate",
                                                                    "viewcount",
                                                                    "id",
                                                                    "creationdate"
                                                                ],
                                                                "Estimated Cardinality": "12744093"
                                                            },
                                                            "cumulative_cardinality": 220334,
                                                            "operator_type": "PROJECTION",
                                                            "operator_cardinality": 69092,
                                                            "cumulative_rows_scanned": 23836031,
                                                            "operator_rows_scanned": 0,
                                                            "operator_timing": 0.000023488999999999998,
                                                            "result_set_size": 3040048,
                                                            "children": [
                                                                {
                                                                    "operator_name": "HASH_JOIN",
                                                                    "cpu_time": 0.10504019599999997,
                                                                    "extra_info": {
                                                                        "Join Type": "RIGHT",
                                                                        "Conditions": "postid = id",
                                                                        "Estimated Cardinality": "12744093"
                                                                    },
                                                                    "cumulative_cardinality": 151242,
                                                                    "operator_type": "HASH_JOIN",
                                                                    "operator_cardinality": 69092,
                                                                    "cumulative_rows_scanned": 23836031,
                                                                    "operator_rows_scanned": 0,
                                                                    "operator_timing": 0.0045503919999999995,
                                                                    "result_set_size": 3040048,
                                                                    "children": [
                                                                        {
                                                                            "operator_name": "READ_PARQUET ",
                                                                            "cpu_time": 0.017899002999999986,
                                                                            "extra_info": {
                                                                                "Function": "READ_PARQUET",
                                                                                "Projections": [
                                                                                    "postid",
                                                                                    "creationdate"
                                                                                ],
                                                                                "Estimated Cardinality": "12744093"
                                                                            },
                                                                            "cumulative_cardinality": 28894,
                                                                            "operator_type": "TABLE_SCAN",
                                                                            "operator_cardinality": 28894,
                                                                            "cumulative_rows_scanned": 12744093,
                                                                            "operator_rows_scanned": 12744093,
                                                                            "operator_timing": 0.017899002999999986,
                                                                            "result_set_size": 346728,
                                                                            "children": []
                                                                        },
                                                                        {
                                                                            "operator_name": "HASH_JOIN",
                                                                            "cpu_time": 0.08259080099999999,
                                                                            "extra_info": {
                                                                                "Join Type": "RIGHT",
                                                                                "Conditions": "postid = id",
                                                                                "Estimated Cardinality": "7241822"
                                                                            },
                                                                            "cumulative_cardinality": 53256,
                                                                            "operator_type": "HASH_JOIN",
                                                                            "operator_cardinality": 23844,
                                                                            "cumulative_rows_scanned": 11091938,
                                                                            "operator_rows_scanned": 0,
                                                                            "operator_timing": 0.004215076000000001,
                                                                            "result_set_size": 858384,
                                                                            "children": [
                                                                                {
                                                                                    "operator_name": "READ_PARQUET ",
                                                                                    "cpu_time": 0.012512555999999996,
                                                                                    "extra_info": {
                                                                                        "Function": "READ_PARQUET",
                                                                                        "Projections": [
                                                                                            "id",
                                                                                            "postid"
                                                                                        ],
                                                                                        "Estimated Cardinality": "7241822"
                                                                                    },
                                                                                    "cumulative_cardinality": 19485,
                                                                                    "operator_type": "TABLE_SCAN",
                                                                                    "operator_cardinality": 19485,
                                                                                    "cumulative_rows_scanned": 7241822,
                                                                                    "operator_rows_scanned": 7241822,
                                                                                    "operator_timing": 0.012512555999999996,
                                                                                    "result_set_size": 155880,
                                                                                    "children": []
                                                                                },
                                                                                {
                                                                                    "operator_name": "READ_PARQUET ",
                                                                                    "cpu_time": 0.065863169,
                                                                                    "extra_info": {
                                                                                        "Function": "READ_PARQUET",
                                                                                        "Projections": [
                                                                                            "id",
                                                                                            "creationdate",
                                                                                            "viewcount",
                                                                                            "title"
                                                                                        ],
                                                                                        "Filters": "creationdate>='2024-09-01 12:34:56'::TIMESTAMP",
                                                                                        "Estimated Cardinality": "770023"
                                                                                    },
                                                                                    "cumulative_cardinality": 9927,
                                                                                    "operator_type": "TABLE_SCAN",
                                                                                    "operator_cardinality": 9927,
                                                                                    "cumulative_rows_scanned": 3850116,
                                                                                    "operator_rows_scanned": 3850116,
                                                                                    "operator_timing": 0.065863169,
                                                                                    "result_set_size": 317664,
                                                                                    "children": []
                                                                                }
                                                                            ]
                                                                        }
                                                                    ]
                                                                }
                                                            ]
                                                        }
                                                    ]
                                                },
                                                {
                                                    "operator_name": "CROSS_PRODUCT",
                                                    "cpu_time": 505.18029293200624,
                                                    "extra_info": {},
                                                    "cumulative_cardinality": 17939226,
                                                    "operator_type": "CROSS_PRODUCT",
                                                    "operator_cardinality": 1976,
                                                    "cumulative_rows_scanned": 3852092,
                                                    "operator_rows_scanned": 0,
                                                    "operator_timing": 0.000100107,
                                                    "result_set_size": 395200,
                                                    "children": [
                                                        {
                                                            "operator_name": "HASH_GROUP_BY",
                                                            "cpu_time": 505.1656473070063,
                                                            "extra_info": {
                                                                "Groups": "#0",
                                                                "Aggregates": [
                                                                    "count(#1)",
                                                                    "sum(#2)",
                                                                    "sum(#3)",
                                                                    "sum(#4)",
                                                                    "sum(#5)"
                                                                ],
                                                                "Estimated Cardinality": "1976"
                                                            },
                                                            "cumulative_cardinality": 14125328,
                                                            "operator_type": "HASH_GROUP_BY",
                                                            "operator_cardinality": 1976,
                                                            "cumulative_rows_scanned": 3852092,
                                                            "operator_rows_scanned": 0,
                                                            "operator_timing": 0.22039236599999962,
                                                            "result_set_size": 173888,
                                                            "children": [
                                                                {
                                                                    "operator_name": "PROJECTION",
                                                                    "cpu_time": 504.9452549410063,
                                                                    "extra_info": {
                                                                        "Projections": [
                                                                            "tagname",
                                                                            "id",
                                                                            "CASE  WHEN ((posttypeid = 1)) THEN (1) ELSE 0 END",
                                                                            "CASE  WHEN ((posttypeid = 2)) THEN (1) ELSE 0 END",
                                                                            "CASE  WHEN ((posttypeid = 3)) THEN (1) ELSE 0 END",
                                                                            "CASE  WHEN ((posttypeid IN (1, 2))) THEN (viewcount) ELSE 0 END"
                                                                        ],
                                                                        "Estimated Cardinality": "3850116"
                                                                    },
                                                                    "cumulative_cardinality": 14123352,
                                                                    "operator_type": "PROJECTION",
                                                                    "operator_cardinality": 5135630,
                                                                    "cumulative_rows_scanned": 3852092,
                                                                    "operator_rows_scanned": 0,
                                                                    "operator_timing": 0.17822187499999992,
                                                                    "result_set_size": 184882680,
                                                                    "children": [
                                                                        {
                                                                            "operator_name": "BLOCKWISE_NL_JOIN",
                                                                            "cpu_time": 504.76703306600626,
                                                                            "extra_info": {
                                                                                "Join Type": "RIGHT",
                                                                                "Condition": "(tags ~~ (('%' || tagname) || '%'))"
                                                                            },
                                                                            "cumulative_cardinality": 8987722,
                                                                            "operator_type": "BLOCKWISE_NL_JOIN",
                                                                            "operator_cardinality": 5135630,
                                                                            "cumulative_rows_scanned": 3852092,
                                                                            "operator_rows_scanned": 0,
                                                                            "operator_timing": 504.4913561800063,
                                                                            "result_set_size": 215696460,
                                                                            "children": [
                                                                                {
                                                                                    "operator_name": "READ_PARQUET ",
                                                                                    "cpu_time": 0.275285615,
                                                                                    "extra_info": {
                                                                                        "Function": "READ_PARQUET",
                                                                                        "Projections": [
                                                                                            "id",
                                                                                            "posttypeid",
                                                                                            "viewcount",
                                                                                            "tags"
                                                                                        ],
                                                                                        "Estimated Cardinality": "3850116"
                                                                                    },
                                                                                    "cumulative_cardinality": 3850116,
                                                                                    "operator_type": "TABLE_SCAN",
                                                                                    "operator_cardinality": 3850116,
                                                                                    "cumulative_rows_scanned": 3850116,
                                                                                    "operator_rows_scanned": 3850116,
                                                                                    "operator_timing": 0.275285615,
                                                                                    "result_set_size": 100103016,
                                                                                    "children": []
                                                                                },
                                                                                {
                                                                                    "operator_name": "READ_PARQUET ",
                                                                                    "cpu_time": 0.000391271,
                                                                                    "extra_info": {
                                                                                        "Function": "READ_PARQUET",
                                                                                        "Projections": "tagname",
                                                                                        "Estimated Cardinality": "1976"
                                                                                    },
                                                                                    "cumulative_cardinality": 1976,
                                                                                    "operator_type": "TABLE_SCAN",
                                                                                    "operator_cardinality": 1976,
                                                                                    "cumulative_rows_scanned": 1976,
                                                                                    "operator_rows_scanned": 1976,
                                                                                    "operator_timing": 0.000391271,
                                                                                    "result_set_size": 31616,
                                                                                    "children": []
                                                                                }
                                                                            ]
                                                                        }
                                                                    ]
                                                                }
                                                            ]
                                                        },
                                                        {
                                                            "operator_name": "HASH_JOIN",
                                                            "cpu_time": 0.014545517999999997,
                                                            "extra_info": {
                                                                "Join Type": "INNER",
                                                                "Conditions": "reputation = SUBQUERY",
                                                                "Estimated Cardinality": "1"
                                                            },
                                                            "cumulative_cardinality": 3811922,
                                                            "operator_type": "HASH_JOIN",
                                                            "operator_cardinality": 1,
                                                            "cumulative_rows_scanned": 0,
                                                            "operator_rows_scanned": 0,
                                                            "operator_timing": 0.005225771000000001,
                                                            "result_set_size": 112,
                                                            "children": [
                                                                {
                                                                    "operator_name": "CTE_SCAN",
                                                                    "cpu_time": 0.004142761,
                                                                    "extra_info": {
                                                                        "CTE Index": "0",
                                                                        "Estimated Cardinality": "1260710"
                                                                    },
                                                                    "cumulative_cardinality": 1260710,
                                                                    "operator_type": "CTE_SCAN",
                                                                    "operator_cardinality": 1260710,
                                                                    "cumulative_rows_scanned": 0,
                                                                    "operator_rows_scanned": 0,
                                                                    "operator_timing": 0.004142761,
                                                                    "result_set_size": 70599760,
                                                                    "children": []
                                                                },
                                                                {
                                                                    "operator_name": "CROSS_PRODUCT",
                                                                    "cpu_time": 0.005176985999999996,
                                                                    "extra_info": {},
                                                                    "cumulative_cardinality": 2551211,
                                                                    "operator_type": "CROSS_PRODUCT",
                                                                    "operator_cardinality": 1,
                                                                    "cumulative_rows_scanned": 0,
                                                                    "operator_rows_scanned": 0,
                                                                    "operator_timing": 0.000017372,
                                                                    "result_set_size": 56,
                                                                    "children": [
                                                                        {
                                                                            "operator_name": "HASH_JOIN",
                                                                            "cpu_time": 0.00033941599999999994,
                                                                            "extra_info": {
                                                                                "Join Type": "INNER",
                                                                                "Conditions": "viewcount = SUBQUERY",
                                                                                "Estimated Cardinality": "1"
                                                                            },
                                                                            "cumulative_cardinality": 29786,
                                                                            "operator_type": "HASH_JOIN",
                                                                            "operator_cardinality": 1,
                                                                            "cumulative_rows_scanned": 0,
                                                                            "operator_rows_scanned": 0,
                                                                            "operator_timing": 0.000158525,
                                                                            "result_set_size": 52,
                                                                            "children": [
                                                                                {
                                                                                    "operator_name": "CTE_SCAN",
                                                                                    "cpu_time": 0.000032692,
                                                                                    "extra_info": {
                                                                                        "CTE Index": "35",
                                                                                        "Estimated Cardinality": "3850116"
                                                                                    },
                                                                                    "cumulative_cardinality": 9927,
                                                                                    "operator_type": "CTE_SCAN",
                                                                                    "operator_cardinality": 9927,
                                                                                    "cumulative_rows_scanned": 0,
                                                                                    "operator_rows_scanned": 0,
                                                                                    "operator_timing": 0.000032692,
                                                                                    "result_set_size": 476496,
                                                                                    "children": []
                                                                                },
                                                                                {
                                                                                    "operator_name": "PROJECTION",
                                                                                    "cpu_time": 0.00014819899999999998,
                                                                                    "extra_info": {
                                                                                        "Projections": [
                                                                                            "CASE  WHEN ((#1 > 1)) THEN (error('More than one row returned by a subquery used as an expression - scalar subqueries can only return a single row.",
                                                                                            "Use \"SET scalar_subquery_error_on_multiple_rows=false\" to revert to previous behavior of returning a random row.')) ELSE #0 END"
                                                                                        ],
                                                                                        "Estimated Cardinality": "1"
                                                                                    },
                                                                                    "cumulative_cardinality": 19858,
                                                                                    "operator_type": "PROJECTION",
                                                                                    "operator_cardinality": 1,
                                                                                    "cumulative_rows_scanned": 0,
                                                                                    "operator_rows_scanned": 0,
                                                                                    "operator_timing": 8.12e-7,
                                                                                    "result_set_size": 4,
                                                                                    "children": [
                                                                                        {
                                                                                            "operator_name": "UNGROUPED_AGGREGATE",
                                                                                            "cpu_time": 0.000147387,
                                                                                            "extra_info": {
                                                                                                "Aggregates": [
                                                                                                    "\"first\"(#0)",
                                                                                                    "count_star()"
                                                                                                ]
                                                                                            },
                                                                                            "cumulative_cardinality": 19857,
                                                                                            "operator_type": "UNGROUPED_AGGREGATE",
                                                                                            "operator_cardinality": 1,
                                                                                            "cumulative_rows_scanned": 0,
                                                                                            "operator_rows_scanned": 0,
                                                                                            "operator_timing": 0.000001733,
                                                                                            "result_set_size": 12,
                                                                                            "children": [
                                                                                                {
                                                                                                    "operator_name": "PROJECTION",
                                                                                                    "cpu_time": 0.000145654,
                                                                                                    "extra_info": {
                                                                                                        "Projections": "#0",
                                                                                                        "Estimated Cardinality": "1"
                                                                                                    },
                                                                                                    "cumulative_cardinality": 19856,
                                                                                                    "operator_type": "PROJECTION",
                                                                                                    "operator_cardinality": 1,
                                                                                                    "cumulative_rows_scanned": 0,
                                                                                                    "operator_rows_scanned": 0,
                                                                                                    "operator_timing": 1.3e-7,
                                                                                                    "result_set_size": 4,
                                                                                                    "children": [
                                                                                                        {
                                                                                                            "operator_name": "UNGROUPED_AGGREGATE",
                                                                                                            "cpu_time": 0.000145524,
                                                                                                            "extra_info": {
                                                                                                                "Aggregates": "max(#0)"
                                                                                                            },
                                                                                                            "cumulative_cardinality": 19855,
                                                                                                            "operator_type": "UNGROUPED_AGGREGATE",
                                                                                                            "operator_cardinality": 1,
                                                                                                            "cumulative_rows_scanned": 0,
                                                                                                            "operator_rows_scanned": 0,
                                                                                                            "operator_timing": 0.000032492,
                                                                                                            "result_set_size": 4,
                                                                                                            "children": [
                                                                                                                {
                                                                                                                    "operator_name": "PROJECTION",
                                                                                                                    "cpu_time": 0.000113032,
                                                                                                                    "extra_info": {
                                                                                                                        "Projections": "viewcount",
                                                                                                                        "Estimated Cardinality": "3850116"
                                                                                                                    },
                                                                                                                    "cumulative_cardinality": 19854,
                                                                                                                    "operator_type": "PROJECTION",
                                                                                                                    "operator_cardinality": 9927,
                                                                                                                    "cumulative_rows_scanned": 0,
                                                                                                                    "operator_rows_scanned": 0,
                                                                                                                    "operator_timing": 6.2e-7,
                                                                                                                    "result_set_size": 39708,
                                                                                                                    "children": [
                                                                                                                        {
                                                                                                                            "operator_name": "CTE_SCAN",
                                                                                                                            "cpu_time": 0.000112412,
                                                                                                                            "extra_info": {
                                                                                                                                "CTE Index": "35",
                                                                                                                                "Estimated Cardinality": "3850116"
                                                                                                                            },
                                                                                                                            "cumulative_cardinality": 9927,
                                                                                                                            "operator_type": "CTE_SCAN",
                                                                                                                            "operator_cardinality": 9927,
                                                                                                                            "cumulative_rows_scanned": 0,
                                                                                                                            "operator_rows_scanned": 0,
                                                                                                                            "operator_timing": 0.000112412,
                                                                                                                            "result_set_size": 476496,
                                                                                                                            "children": []
                                                                                                                        }
                                                                                                                    ]
                                                                                                                }
                                                                                                            ]
                                                                                                        }
                                                                                                    ]
                                                                                                }
                                                                                            ]
                                                                                        }
                                                                                    ]
                                                                                }
                                                                            ]
                                                                        },
                                                                        {
                                                                            "operator_name": "PROJECTION",
                                                                            "cpu_time": 0.004820197999999996,
                                                                            "extra_info": {
                                                                                "Projections": [
                                                                                    "CASE  WHEN ((#1 > 1)) THEN (error('More than one row returned by a subquery used as an expression - scalar subqueries can only return a single row.",
                                                                                    "Use \"SET scalar_subquery_error_on_multiple_rows=false\" to revert to previous behavior of returning a random row.')) ELSE #0 END"
                                                                                ],
                                                                                "Estimated Cardinality": "1"
                                                                            },
                                                                            "cumulative_cardinality": 2521424,
                                                                            "operator_type": "PROJECTION",
                                                                            "operator_cardinality": 1,
                                                                            "cumulative_rows_scanned": 0,
                                                                            "operator_rows_scanned": 0,
                                                                            "operator_timing": 0.000003226,
                                                                            "result_set_size": 4,
                                                                            "children": [
                                                                                {
                                                                                    "operator_name": "UNGROUPED_AGGREGATE",
                                                                                    "cpu_time": 0.004816971999999996,
                                                                                    "extra_info": {
                                                                                        "Aggregates": [
                                                                                            "\"first\"(#0)",
                                                                                            "count_star()"
                                                                                        ]
                                                                                    },
                                                                                    "cumulative_cardinality": 2521423,
                                                                                    "operator_type": "UNGROUPED_AGGREGATE",
                                                                                    "operator_cardinality": 1,
                                                                                    "cumulative_rows_scanned": 0,
                                                                                    "operator_rows_scanned": 0,
                                                                                    "operator_timing": 0.0000016329999999999999,
                                                                                    "result_set_size": 12,
                                                                                    "children": [
                                                                                        {
                                                                                            "operator_name": "PROJECTION",
                                                                                            "cpu_time": 0.004815338999999996,
                                                                                            "extra_info": {
                                                                                                "Projections": "#0",
                                                                                                "Estimated Cardinality": "1"
                                                                                            },
                                                                                            "cumulative_cardinality": 2521422,
                                                                                            "operator_type": "PROJECTION",
                                                                                            "operator_cardinality": 1,
                                                                                            "cumulative_rows_scanned": 0,
                                                                                            "operator_rows_scanned": 0,
                                                                                            "operator_timing": 2e-7,
                                                                                            "result_set_size": 4,
                                                                                            "children": [
                                                                                                {
                                                                                                    "operator_name": "UNGROUPED_AGGREGATE",
                                                                                                    "cpu_time": 0.004815138999999996,
                                                                                                    "extra_info": {
                                                                                                        "Aggregates": "max(#0)"
                                                                                                    },
                                                                                                    "cumulative_cardinality": 2521421,
                                                                                                    "operator_type": "UNGROUPED_AGGREGATE",
                                                                                                    "operator_cardinality": 1,
                                                                                                    "cumulative_rows_scanned": 0,
                                                                                                    "operator_rows_scanned": 0,
                                                                                                    "operator_timing": 0.0010716769999999996,
                                                                                                    "result_set_size": 4,
                                                                                                    "children": [
                                                                                                        {
                                                                                                            "operator_name": "PROJECTION",
                                                                                                            "cpu_time": 0.003743461999999996,
                                                                                                            "extra_info": {
                                                                                                                "Projections": "reputation",
                                                                                                                "Estimated Cardinality": "1260710"
                                                                                                            },
                                                                                                            "cumulative_cardinality": 2521420,
                                                                                                            "operator_type": "PROJECTION",
                                                                                                            "operator_cardinality": 1260710,
                                                                                                            "cumulative_rows_scanned": 0,
                                                                                                            "operator_rows_scanned": 0,
                                                                                                            "operator_timing": 0.00004861399999999974,
                                                                                                            "result_set_size": 5042840,
                                                                                                            "children": [
                                                                                                                {
                                                                                                                    "operator_name": "CTE_SCAN",
                                                                                                                    "cpu_time": 0.0036948479999999962,
                                                                                                                    "extra_info": {
                                                                                                                        "CTE Index": "0",
                                                                                                                        "Estimated Cardinality": "1260710"
                                                                                                                    },
                                                                                                                    "cumulative_cardinality": 1260710,
                                                                                                                    "operator_type": "CTE_SCAN",
                                                                                                                    "operator_cardinality": 1260710,
                                                                                                                    "cumulative_rows_scanned": 0,
                                                                                                                    "operator_rows_scanned": 0,
                                                                                                                    "operator_timing": 0.0036948479999999962,
                                                                                                                    "result_set_size": 70599760,
                                                                                                                    "children": []
                                                                                                                }
                                                                                                            ]
                                                                                                        }
                                                                                                    ]
                                                                                                }
                                                                                            ]
                                                                                        }
                                                                                    ]
                                                                                }
                                                                            ]
                                                                        }
                                                                    ]
                                                                }
                                                            ]
                                                        }
                                                    ]
                                                }
                                            ]
                                        }
                                    ]
                                }
                            ]
                        }
                    ]
                }
            ]
        }
    ]
}