{
    "rows_returned": 0,
    "query_name": "\nWITH TagStats AS (\n    SELECT \n        Tags.TagName,\n        COUNT(Posts.Id) AS PostCount,\n        SUM(Posts.ViewCount) AS TotalViews,\n        AVG(Users.Reputation) AS AvgUserReputation\n    FROM \n        Tags\n    JOIN \n        Posts ON Tags.ExcerptPostId = Posts.Id\n    JOIN \n        Users ON Posts.OwnerUserId = Users.Id\n    WHERE \n        Posts.CreationDate >= CURRENT_DATE - INTERVAL '1 year'\n    GROUP BY \n        Tags.TagName\n),\nUserActivity AS (\n    SELECT\n        Users.DisplayName,\n        COUNT(Posts.Id) AS PostsMade,\n        SUM(Comments.Score) AS TotalCommentScore,\n        SUM(CASE WHEN Votes.VoteTypeId = 2 THEN 1 ELSE 0 END) AS UpvotesReceived,\n        SUM(CASE WHEN Votes.VoteTypeId = 3 THEN 1 ELSE 0 END) AS DownvotesReceived\n    FROM \n        Users \n    LEFT JOIN \n        Posts ON Users.Id = Posts.OwnerUserId \n    LEFT JOIN \n        Comments ON Posts.Id = Comments.PostId \n    LEFT JOIN \n        Votes ON Posts.Id = Votes.PostId \n    GROUP BY \n        Users.DisplayName\n),\nRecentPostEdits AS (\n    SELECT \n        Posts.Title,\n        Posts.Body,\n        PostHistory.CreationDate AS EditDate,\n        PostHistory.UserDisplayName AS Editor,\n        PostHistory.Comment AS EditComment\n    FROM \n        PostHistory\n    JOIN \n        Posts ON PostHistory.PostId = Posts.Id\n    WHERE \n        PostHistory.PostHistoryTypeId IN (4, 5) \n        AND PostHistory.CreationDate >= CURRENT_DATE - INTERVAL '6 months'\n)\nSELECT \n    ts.TagName,\n    ts.PostCount,\n    ts.TotalViews,\n    ts.AvgUserReputation,\n    ua.DisplayName AS User,\n    ua.PostsMade,\n    ua.TotalCommentScore,\n    ua.UpvotesReceived,\n    ua.DownvotesReceived,\n    rpe.Title AS RecentEditedPostTitle,\n    rpe.EditDate,\n    rpe.Editor,\n    rpe.EditComment\nFROM \n    TagStats AS ts\nJOIN \n    UserActivity AS ua ON ts.AvgUserReputation > 1000 \nLEFT JOIN \n    RecentPostEdits AS rpe ON rpe.EditDate = (SELECT MAX(EditDate) FROM RecentPostEdits) \nORDER BY \n    ts.PostCount DESC, ts.TotalViews DESC, ua.PostsMade DESC;\n",
    "blocked_thread_time": 0.0,
    "cpu_time": 4.737247487000001,
    "extra_info": {},
    "cumulative_cardinality": 151728435,
    "cumulative_rows_scanned": 34059659,
    "result_set_size": 0,
    "latency": 5.708564787,
    "children": [
        {
            "operator_name": "ORDER_BY",
            "cpu_time": 4.737247487000001,
            "extra_info": {
                "Order By": [
                    "ts.PostCount DESC",
                    "ts.TotalViews DESC",
                    "ua.PostsMade DESC"
                ]
            },
            "cumulative_cardinality": 151728435,
            "operator_type": "ORDER_BY",
            "operator_cardinality": 0,
            "cumulative_rows_scanned": 34059659,
            "operator_rows_scanned": 0,
            "operator_timing": 4.5e-7,
            "result_set_size": 0,
            "children": [
                {
                    "operator_name": "PROJECTION",
                    "cpu_time": 4.737247037000001,
                    "extra_info": {
                        "Projections": [
                            "tagname",
                            "PostCount",
                            "TotalViews",
                            "AvgUserReputation",
                            "User",
                            "PostsMade",
                            "TotalCommentScore",
                            "UpvotesReceived",
                            "DownvotesReceived",
                            "RecentEditedPostTitle",
                            "EditDate",
                            "Editor",
                            "EditComment"
                        ],
                        "Estimated Cardinality": "497980450"
                    },
                    "cumulative_cardinality": 151728435,
                    "operator_type": "PROJECTION",
                    "operator_cardinality": 0,
                    "cumulative_rows_scanned": 34059659,
                    "operator_rows_scanned": 0,
                    "operator_timing": 0.0,
                    "result_set_size": 0,
                    "children": [
                        {
                            "operator_name": "BLOCKWISE_NL_JOIN",
                            "cpu_time": 4.737247037000001,
                            "extra_info": {
                                "Join Type": "LEFT",
                                "Condition": "true"
                            },
                            "cumulative_cardinality": 151728435,
                            "operator_type": "BLOCKWISE_NL_JOIN",
                            "operator_cardinality": 0,
                            "cumulative_rows_scanned": 34059659,
                            "operator_rows_scanned": 0,
                            "operator_timing": 0.0,
                            "result_set_size": 0,
                            "children": [
                                {
                                    "operator_name": "CROSS_PRODUCT",
                                    "cpu_time": 4.7320186290000015,
                                    "extra_info": {},
                                    "cumulative_cardinality": 151724335,
                                    "operator_type": "CROSS_PRODUCT",
                                    "operator_cardinality": 0,
                                    "cumulative_rows_scanned": 26359427,
                                    "operator_rows_scanned": 0,
                                    "operator_timing": 0.000035627,
                                    "result_set_size": 0,
                                    "children": [
                                        {
                                            "operator_name": "HASH_GROUP_BY",
                                            "cpu_time": 4.728730818000002,
                                            "extra_info": {
                                                "Groups": "#0",
                                                "Aggregates": [
                                                    "count(#1)",
                                                    "sum(#2)",
                                                    "sum(#3)",
                                                    "sum(#4)"
                                                ],
                                                "Estimated Cardinality": "1260710"
                                            },
                                            "cumulative_cardinality": 151720311,
                                            "operator_type": "HASH_GROUP_BY",
                                            "operator_cardinality": 2048,
                                            "cumulative_rows_scanned": 25096741,
                                            "operator_rows_scanned": 0,
                                            "operator_timing": 1.4895039479999999,
                                            "result_set_size": 147456,
                                            "children": [
                                                {
                                                    "operator_name": "PROJECTION",
                                                    "cpu_time": 3.2392268700000018,
                                                    "extra_info": {
                                                        "Projections": [
                                                            "displayname",
                                                            "id",
                                                            "score",
                                                            "CASE  WHEN ((votetypeid = 2)) THEN (1) ELSE 0 END",
                                                            "CASE  WHEN ((votetypeid = 3)) THEN (1) ELSE 0 END"
                                                        ],
                                                        "Estimated Cardinality": "12744093"
                                                    },
                                                    "cumulative_cardinality": 151718263,
                                                    "operator_type": "PROJECTION",
                                                    "operator_cardinality": 34453569,
                                                    "cumulative_rows_scanned": 25096741,
                                                    "operator_rows_scanned": 0,
                                                    "operator_timing": 0.2246149360000005,
                                                    "result_set_size": 1102514208,
                                                    "children": [
                                                        {
                                                            "operator_name": "PROJECTION",
                                                            "cpu_time": 3.0146119340000013,
                                                            "extra_info": {
                                                                "Projections": [
                                                                    "#0",
                                                                    "__internal_decompress_integral_integer(#1, 0)",
                                                                    "#2",
                                                                    "#3"
                                                                ],
                                                                "Estimated Cardinality": "12744093"
                                                            },
                                                            "cumulative_cardinality": 117264694,
                                                            "operator_type": "PROJECTION",
                                                            "operator_cardinality": 34453569,
                                                            "cumulative_rows_scanned": 25096741,
                                                            "operator_rows_scanned": 0,
                                                            "operator_timing": 0.029289782000000267,
                                                            "result_set_size": 895792794,
                                                            "children": [
                                                                {
                                                                    "operator_name": "HASH_JOIN",
                                                                    "cpu_time": 2.985322152000001,
                                                                    "extra_info": {
                                                                        "Join Type": "RIGHT",
                                                                        "Conditions": "postid = id",
                                                                        "Estimated Cardinality": "12744093"
                                                                    },
                                                                    "cumulative_cardinality": 82811125,
                                                                    "operator_type": "HASH_JOIN",
                                                                    "operator_cardinality": 34453569,
                                                                    "cumulative_rows_scanned": 25096741,
                                                                    "operator_rows_scanned": 0,
                                                                    "operator_timing": 1.5925631360000008,
                                                                    "result_set_size": 826885656,
                                                                    "children": [
                                                                        {
                                                                            "operator_name": "READ_PARQUET ",
                                                                            "cpu_time": 0.2252647870000002,
                                                                            "extra_info": {
                                                                                "Function": "READ_PARQUET",
                                                                                "Projections": [
                                                                                    "postid",
                                                                                    "votetypeid"
                                                                                ],
                                                                                "Estimated Cardinality": "12744093"
                                                                            },
                                                                            "cumulative_cardinality": 12744093,
                                                                            "operator_type": "TABLE_SCAN",
                                                                            "operator_cardinality": 12744093,
                                                                            "cumulative_rows_scanned": 12744093,
                                                                            "operator_rows_scanned": 12744093,
                                                                            "operator_timing": 0.2252647870000002,
                                                                            "result_set_size": 76464558,
                                                                            "children": []
                                                                        },
                                                                        {
                                                                            "operator_name": "PROJECTION",
                                                                            "cpu_time": 1.167494229,
                                                                            "extra_info": {
                                                                                "Projections": [
                                                                                    "__internal_compress_integral_usmallint(#0, 0)",
                                                                                    "#1",
                                                                                    "#2"
                                                                                ],
                                                                                "Estimated Cardinality": "7241822"
                                                                            },
                                                                            "cumulative_cardinality": 35613463,
                                                                            "operator_type": "PROJECTION",
                                                                            "operator_cardinality": 9425510,
                                                                            "cumulative_rows_scanned": 12352648,
                                                                            "operator_rows_scanned": 0,
                                                                            "operator_timing": 0.006682581000000012,
                                                                            "result_set_size": 207361220,
                                                                            "children": [
                                                                                {
                                                                                    "operator_name": "HASH_JOIN",
                                                                                    "cpu_time": 1.1608116480000001,
                                                                                    "extra_info": {
                                                                                        "Join Type": "RIGHT",
                                                                                        "Conditions": "postid = id",
                                                                                        "Estimated Cardinality": "7241822"
                                                                                    },
                                                                                    "cumulative_cardinality": 26187953,
                                                                                    "operator_type": "HASH_JOIN",
                                                                                    "operator_cardinality": 9425510,
                                                                                    "cumulative_rows_scanned": 12352648,
                                                                                    "operator_rows_scanned": 0,
                                                                                    "operator_timing": 0.6289517509999996,
                                                                                    "result_set_size": 226212240,
                                                                                    "children": [
                                                                                        {
                                                                                            "operator_name": "READ_PARQUET ",
                                                                                            "cpu_time": 0.13222328699999997,
                                                                                            "extra_info": {
                                                                                                "Function": "READ_PARQUET",
                                                                                                "Projections": [
                                                                                                    "postid",
                                                                                                    "score"
                                                                                                ],
                                                                                                "Estimated Cardinality": "7241822"
                                                                                            },
                                                                                            "cumulative_cardinality": 7241822,
                                                                                            "operator_type": "TABLE_SCAN",
                                                                                            "operator_cardinality": 7241822,
                                                                                            "cumulative_rows_scanned": 7241822,
                                                                                            "operator_rows_scanned": 7241822,
                                                                                            "operator_timing": 0.13222328699999997,
                                                                                            "result_set_size": 57934576,
                                                                                            "children": []
                                                                                        },
                                                                                        {
                                                                                            "operator_name": "HASH_JOIN",
                                                                                            "cpu_time": 0.39963661000000067,
                                                                                            "extra_info": {
                                                                                                "Join Type": "RIGHT",
                                                                                                "Conditions": "owneruserid = id",
                                                                                                "Estimated Cardinality": "3850116"
                                                                                            },
                                                                                            "cumulative_cardinality": 9520621,
                                                                                            "operator_type": "HASH_JOIN",
                                                                                            "operator_cardinality": 4574495,
                                                                                            "cumulative_rows_scanned": 5110826,
                                                                                            "operator_rows_scanned": 0,
                                                                                            "operator_timing": 0.2337247900000005,
                                                                                            "result_set_size": 91489900,
                                                                                            "children": [
                                                                                                {
                                                                                                    "operator_name": "READ_PARQUET ",
                                                                                                    "cpu_time": 0.08643534100000007,
                                                                                                    "extra_info": {
                                                                                                        "Function": "READ_PARQUET",
                                                                                                        "Projections": [
                                                                                                            "id",
                                                                                                            "owneruserid"
                                                                                                        ],
                                                                                                        "Estimated Cardinality": "3850116"
                                                                                                    },
                                                                                                    "cumulative_cardinality": 3685416,
                                                                                                    "operator_type": "TABLE_SCAN",
                                                                                                    "operator_cardinality": 3685416,
                                                                                                    "cumulative_rows_scanned": 3850116,
                                                                                                    "operator_rows_scanned": 3850116,
                                                                                                    "operator_timing": 0.08643534100000007,
                                                                                                    "result_set_size": 29483328,
                                                                                                    "children": []
                                                                                                },
                                                                                                {
                                                                                                    "operator_name": "READ_PARQUET ",
                                                                                                    "cpu_time": 0.0794764790000001,
                                                                                                    "extra_info": {
                                                                                                        "Function": "READ_PARQUET",
                                                                                                        "Projections": [
                                                                                                            "id",
                                                                                                            "displayname"
                                                                                                        ],
                                                                                                        "Estimated Cardinality": "1260710"
                                                                                                    },
                                                                                                    "cumulative_cardinality": 1260710,
                                                                                                    "operator_type": "TABLE_SCAN",
                                                                                                    "operator_cardinality": 1260710,
                                                                                                    "cumulative_rows_scanned": 1260710,
                                                                                                    "operator_rows_scanned": 1260710,
                                                                                                    "operator_timing": 0.0794764790000001,
                                                                                                    "result_set_size": 25214200,
                                                                                                    "children": []
                                                                                                }
                                                                                            ]
                                                                                        }
                                                                                    ]
                                                                                }
                                                                            ]
                                                                        }
                                                                    ]
                                                                }
                                                            ]
                                                        }
                                                    ]
                                                }
                                            ]
                                        },
                                        {
                                            "operator_name": "FILTER",
                                            "cpu_time": 0.003252184,
                                            "extra_info": {
                                                "Expression": "(AvgUserReputation > 1000.0)",
                                                "Estimated Cardinality": "395"
                                            },
                                            "cumulative_cardinality": 4024,
                                            "operator_type": "FILTER",
                                            "operator_cardinality": 0,
                                            "cumulative_rows_scanned": 1262686,
                                            "operator_rows_scanned": 0,
                                            "operator_timing": 8e-8,
                                            "result_set_size": 0,
                                            "children": [
                                                {
                                                    "operator_name": "HASH_GROUP_BY",
                                                    "cpu_time": 0.003252104,
                                                    "extra_info": {
                                                        "Groups": "#0",
                                                        "Aggregates": [
                                                            "count_star()",
                                                            "sum(#1)",
                                                            "avg(#2)"
                                                        ],
                                                        "Estimated Cardinality": "1976"
                                                    },
                                                    "cumulative_cardinality": 4024,
                                                    "operator_type": "HASH_GROUP_BY",
                                                    "operator_cardinality": 0,
                                                    "cumulative_rows_scanned": 1262686,
                                                    "operator_rows_scanned": 0,
                                                    "operator_timing": 5.51e-7,
                                                    "result_set_size": 0,
                                                    "children": [
                                                        {
                                                            "operator_name": "PROJECTION",
                                                            "cpu_time": 0.003251553,
                                                            "extra_info": {
                                                                "Projections": [
                                                                    "tagname",
                                                                    "viewcount",
                                                                    "reputation"
                                                                ],
                                                                "Estimated Cardinality": "770023"
                                                            },
                                                            "cumulative_cardinality": 4024,
                                                            "operator_type": "PROJECTION",
                                                            "operator_cardinality": 0,
                                                            "cumulative_rows_scanned": 1262686,
                                                            "operator_rows_scanned": 0,
                                                            "operator_timing": 0.0,
                                                            "result_set_size": 0,
                                                            "children": [
                                                                {
                                                                    "operator_name": "HASH_JOIN",
                                                                    "cpu_time": 0.003251553,
                                                                    "extra_info": {
                                                                        "Join Type": "INNER",
                                                                        "Conditions": "id = excerptpostid",
                                                                        "Estimated Cardinality": "770023"
                                                                    },
                                                                    "cumulative_cardinality": 4024,
                                                                    "operator_type": "HASH_JOIN",
                                                                    "operator_cardinality": 0,
                                                                    "cumulative_rows_scanned": 1262686,
                                                                    "operator_rows_scanned": 0,
                                                                    "operator_timing": 0.000313996,
                                                                    "result_set_size": 0,
                                                                    "children": [
                                                                        {
                                                                            "operator_name": "HASH_JOIN",
                                                                            "cpu_time": 0.00243603,
                                                                            "extra_info": {
                                                                                "Join Type": "INNER",
                                                                                "Conditions": "id = owneruserid",
                                                                                "Estimated Cardinality": "770023"
                                                                            },
                                                                            "cumulative_cardinality": 2048,
                                                                            "operator_type": "HASH_JOIN",
                                                                            "operator_cardinality": 0,
                                                                            "cumulative_rows_scanned": 1260710,
                                                                            "operator_rows_scanned": 0,
                                                                            "operator_timing": 0.000008255,
                                                                            "result_set_size": 0,
                                                                            "children": [
                                                                                {
                                                                                    "operator_name": "READ_PARQUET ",
                                                                                    "cpu_time": 0.002427615,
                                                                                    "extra_info": {
                                                                                        "Function": "READ_PARQUET",
                                                                                        "Projections": [
                                                                                            "id",
                                                                                            "reputation"
                                                                                        ],
                                                                                        "Estimated Cardinality": "1260710"
                                                                                    },
                                                                                    "cumulative_cardinality": 2048,
                                                                                    "operator_type": "TABLE_SCAN",
                                                                                    "operator_cardinality": 2048,
                                                                                    "cumulative_rows_scanned": 1260710,
                                                                                    "operator_rows_scanned": 1260710,
                                                                                    "operator_timing": 0.002427615,
                                                                                    "result_set_size": 16384,
                                                                                    "children": []
                                                                                },
                                                                                {
                                                                                    "operator_name": "EMPTY_RESULT",
                                                                                    "cpu_time": 1.6e-7,
                                                                                    "extra_info": {},
                                                                                    "cumulative_cardinality": 0,
                                                                                    "operator_type": "EMPTY_RESULT",
                                                                                    "operator_cardinality": 0,
                                                                                    "cumulative_rows_scanned": 0,
                                                                                    "operator_rows_scanned": 0,
                                                                                    "operator_timing": 1.6e-7,
                                                                                    "result_set_size": 0,
                                                                                    "children": []
                                                                                }
                                                                            ]
                                                                        },
                                                                        {
                                                                            "operator_name": "READ_PARQUET ",
                                                                            "cpu_time": 0.000501527,
                                                                            "extra_info": {
                                                                                "Function": "READ_PARQUET",
                                                                                "Projections": [
                                                                                    "tagname",
                                                                                    "excerptpostid"
                                                                                ],
                                                                                "Estimated Cardinality": "1976"
                                                                            },
                                                                            "cumulative_cardinality": 1976,
                                                                            "operator_type": "TABLE_SCAN",
                                                                            "operator_cardinality": 1976,
                                                                            "cumulative_rows_scanned": 1976,
                                                                            "operator_rows_scanned": 1976,
                                                                            "operator_timing": 0.000501527,
                                                                            "result_set_size": 39520,
                                                                            "children": []
                                                                        }
                                                                    ]
                                                                }
                                                            ]
                                                        }
                                                    ]
                                                }
                                            ]
                                        }
                                    ]
                                },
                                {
                                    "operator_name": "HASH_JOIN",
                                    "cpu_time": 0.0052284079999999995,
                                    "extra_info": {
                                        "Join Type": "INNER",
                                        "Conditions": "EditDate = SUBQUERY",
                                        "Estimated Cardinality": "0"
                                    },
                                    "cumulative_cardinality": 4100,
                                    "operator_type": "HASH_JOIN",
                                    "operator_cardinality": 0,
                                    "cumulative_rows_scanned": 7700232,
                                    "operator_rows_scanned": 0,
                                    "operator_timing": 0.000009628,
                                    "result_set_size": 0,
                                    "children": [
                                        {
                                            "operator_name": "HASH_JOIN",
                                            "cpu_time": 0.0033395089999999996,
                                            "extra_info": {
                                                "Join Type": "INNER",
                                                "Conditions": "id = postid",
                                                "Estimated Cardinality": "2359048"
                                            },
                                            "cumulative_cardinality": 2048,
                                            "operator_type": "HASH_JOIN",
                                            "operator_cardinality": 0,
                                            "cumulative_rows_scanned": 3850116,
                                            "operator_rows_scanned": 0,
                                            "operator_timing": 0.000006502,
                                            "result_set_size": 0,
                                            "children": [
                                                {
                                                    "operator_name": "READ_PARQUET ",
                                                    "cpu_time": 0.003332917,
                                                    "extra_info": {
                                                        "Function": "READ_PARQUET",
                                                        "Projections": [
                                                            "id",
                                                            "title"
                                                        ],
                                                        "Estimated Cardinality": "3850116"
                                                    },
                                                    "cumulative_cardinality": 2048,
                                                    "operator_type": "TABLE_SCAN",
                                                    "operator_cardinality": 2048,
                                                    "cumulative_rows_scanned": 3850116,
                                                    "operator_rows_scanned": 3850116,
                                                    "operator_timing": 0.003332917,
                                                    "result_set_size": 40960,
                                                    "children": []
                                                },
                                                {
                                                    "operator_name": "EMPTY_RESULT",
                                                    "cpu_time": 9e-8,
                                                    "extra_info": {},
                                                    "cumulative_cardinality": 0,
                                                    "operator_type": "EMPTY_RESULT",
                                                    "operator_cardinality": 0,
                                                    "cumulative_rows_scanned": 0,
                                                    "operator_rows_scanned": 0,
                                                    "operator_timing": 9e-8,
                                                    "result_set_size": 0,
                                                    "children": []
                                                }
                                            ]
                                        },
                                        {
                                            "operator_name": "PROJECTION",
                                            "cpu_time": 0.001879271,
                                            "extra_info": {
                                                "Projections": [
                                                    "CASE  WHEN ((#1 > 1)) THEN (error('More than one row returned by a subquery used as an expression - scalar subqueries can only return a single row.",
                                                    "Use \"SET scalar_subquery_error_on_multiple_rows=false\" to revert to previous behavior of returning a random row.')) ELSE #0 END"
                                                ],
                                                "Estimated Cardinality": "1"
                                            },
                                            "cumulative_cardinality": 2052,
                                            "operator_type": "PROJECTION",
                                            "operator_cardinality": 1,
                                            "cumulative_rows_scanned": 3850116,
                                            "operator_rows_scanned": 0,
                                            "operator_timing": 0.000001984,
                                            "result_set_size": 8,
                                            "children": [
                                                {
                                                    "operator_name": "UNGROUPED_AGGREGATE",
                                                    "cpu_time": 0.001877287,
                                                    "extra_info": {
                                                        "Aggregates": [
                                                            "\"first\"(#0)",
                                                            "count_star()"
                                                        ]
                                                    },
                                                    "cumulative_cardinality": 2051,
                                                    "operator_type": "UNGROUPED_AGGREGATE",
                                                    "operator_cardinality": 1,
                                                    "cumulative_rows_scanned": 3850116,
                                                    "operator_rows_scanned": 0,
                                                    "operator_timing": 0.000002425,
                                                    "result_set_size": 16,
                                                    "children": [
                                                        {
                                                            "operator_name": "PROJECTION",
                                                            "cpu_time": 0.0018748620000000001,
                                                            "extra_info": {
                                                                "Projections": "#0",
                                                                "Estimated Cardinality": "1"
                                                            },
                                                            "cumulative_cardinality": 2050,
                                                            "operator_type": "PROJECTION",
                                                            "operator_cardinality": 1,
                                                            "cumulative_rows_scanned": 3850116,
                                                            "operator_rows_scanned": 0,
                                                            "operator_timing": 5.21e-7,
                                                            "result_set_size": 8,
                                                            "children": [
                                                                {
                                                                    "operator_name": "UNGROUPED_AGGREGATE",
                                                                    "cpu_time": 0.001874341,
                                                                    "extra_info": {
                                                                        "Aggregates": "max(#0)"
                                                                    },
                                                                    "cumulative_cardinality": 2049,
                                                                    "operator_type": "UNGROUPED_AGGREGATE",
                                                                    "operator_cardinality": 1,
                                                                    "cumulative_rows_scanned": 3850116,
                                                                    "operator_rows_scanned": 0,
                                                                    "operator_timing": 0.000001062,
                                                                    "result_set_size": 8,
                                                                    "children": [
                                                                        {
                                                                            "operator_name": "PROJECTION",
                                                                            "cpu_time": 0.001873279,
                                                                            "extra_info": {
                                                                                "Projections": "EditDate",
                                                                                "Estimated Cardinality": "2359048"
                                                                            },
                                                                            "cumulative_cardinality": 2048,
                                                                            "operator_type": "PROJECTION",
                                                                            "operator_cardinality": 0,
                                                                            "cumulative_rows_scanned": 3850116,
                                                                            "operator_rows_scanned": 0,
                                                                            "operator_timing": 0.0,
                                                                            "result_set_size": 0,
                                                                            "children": [
                                                                                {
                                                                                    "operator_name": "PROJECTION",
                                                                                    "cpu_time": 0.001873279,
                                                                                    "extra_info": {
                                                                                        "Projections": "EditDate",
                                                                                        "Estimated Cardinality": "2359048"
                                                                                    },
                                                                                    "cumulative_cardinality": 2048,
                                                                                    "operator_type": "PROJECTION",
                                                                                    "operator_cardinality": 0,
                                                                                    "cumulative_rows_scanned": 3850116,
                                                                                    "operator_rows_scanned": 0,
                                                                                    "operator_timing": 0.0,
                                                                                    "result_set_size": 0,
                                                                                    "children": [
                                                                                        {
                                                                                            "operator_name": "HASH_JOIN",
                                                                                            "cpu_time": 0.001873279,
                                                                                            "extra_info": {
                                                                                                "Join Type": "INNER",
                                                                                                "Conditions": "id = postid",
                                                                                                "Estimated Cardinality": "2359048"
                                                                                            },
                                                                                            "cumulative_cardinality": 2048,
                                                                                            "operator_type": "HASH_JOIN",
                                                                                            "operator_cardinality": 0,
                                                                                            "cumulative_rows_scanned": 3850116,
                                                                                            "operator_rows_scanned": 0,
                                                                                            "operator_timing": 0.0000057709999999999995,
                                                                                            "result_set_size": 0,
                                                                                            "children": [
                                                                                                {
                                                                                                    "operator_name": "READ_PARQUET ",
                                                                                                    "cpu_time": 0.001867268,
                                                                                                    "extra_info": {
                                                                                                        "Function": "READ_PARQUET",
                                                                                                        "Projections": "id",
                                                                                                        "Estimated Cardinality": "3850116"
                                                                                                    },
                                                                                                    "cumulative_cardinality": 2048,
                                                                                                    "operator_type": "TABLE_SCAN",
                                                                                                    "operator_cardinality": 2048,
                                                                                                    "cumulative_rows_scanned": 3850116,
                                                                                                    "operator_rows_scanned": 3850116,
                                                                                                    "operator_timing": 0.001867268,
                                                                                                    "result_set_size": 8192,
                                                                                                    "children": []
                                                                                                },
                                                                                                {
                                                                                                    "operator_name": "EMPTY_RESULT",
                                                                                                    "cpu_time": 2.4e-7,
                                                                                                    "extra_info": {},
                                                                                                    "cumulative_cardinality": 0,
                                                                                                    "operator_type": "EMPTY_RESULT",
                                                                                                    "operator_cardinality": 0,
                                                                                                    "cumulative_rows_scanned": 0,
                                                                                                    "operator_rows_scanned": 0,
                                                                                                    "operator_timing": 2.4e-7,
                                                                                                    "result_set_size": 0,
                                                                                                    "children": []
                                                                                                }
                                                                                            ]
                                                                                        }
                                                                                    ]
                                                                                }
                                                                            ]
                                                                        }
                                                                    ]
                                                                }
                                                            ]
                                                        }
                                                    ]
                                                }
                                            ]
                                        }
                                    ]
                                }
                            ]
                        }
                    ]
                }
            ]
        }
    ]
}