{
    "rows_returned": 1976,
    "query_name": "WITH TagStats AS (\n    SELECT \n        t.TagName,\n        COUNT(DISTINCT p.Id) AS PostCount,\n        SUM(p.ViewCount) AS TotalViews,\n        SUM(p.Score) AS TotalScore,\n        AVG(p.ViewCount) AS AvgViewsPerPost,\n        AVG(p.Score) AS AvgScorePerPost\n    FROM \n        Tags t\n    JOIN \n        Posts p ON p.Tags LIKE '%<' || t.TagName || '>%'\n    GROUP BY \n        t.TagName\n), UserStats AS (\n    SELECT \n        u.Id AS UserId,\n        u.DisplayName,\n        COUNT(DISTINCT p.Id) AS QuestionsAsked,\n        COUNT(DISTINCT CASE WHEN p.PostTypeId = 2 THEN p.Id END) AS AnswersProvided,\n        SUM(COALESCE(p.ViewCount, 0)) AS TotalViews,\n        SUM(COALESCE(p.Score, 0)) AS TotalScore\n    FROM \n        Users u\n    LEFT JOIN \n        Posts p ON p.OwnerUserId = u.Id\n    GROUP BY \n        u.Id, u.DisplayName\n), PopularPosts AS (\n    SELECT \n        p.Id AS PostId,\n        p.Title,\n        p.ViewCount,\n        p.Score,\n        p.CreationDate,\n        STRING_AGG(t.TagName, ', ') AS TagsList\n    FROM \n        Posts p\n    JOIN \n        Tags t ON p.Tags LIKE '%<' || t.TagName || '>%'\n    WHERE \n        p.ViewCount > 1000\n    GROUP BY \n        p.Id, p.Title, p.ViewCount, p.Score, p.CreationDate\n)\nSELECT \n    ts.TagName,\n    ts.PostCount,\n    ts.TotalViews,\n    ts.TotalScore,\n    ts.AvgViewsPerPost,\n    ts.AvgScorePerPost,\n    us.DisplayName AS TopUser,\n    us.QuestionsAsked,\n    us.AnswersProvided,\n    us.TotalViews AS UserTotalViews,\n    us.TotalScore AS UserTotalScore,\n    pp.Title AS PopularPostTitle,\n    pp.ViewCount AS PopularPostViews,\n    pp.Score AS PopularPostScore,\n    pp.TagsList\nFROM \n    TagStats ts\nLEFT JOIN \n    UserStats us ON us.TotalViews = (SELECT MAX(TotalViews) FROM UserStats)\nLEFT JOIN \n    PopularPosts pp ON pp.ViewCount = (SELECT MAX(ViewCount) FROM PopularPosts)\nORDER BY \n    ts.PostCount DESC, ts.TotalScore DESC;\n",
    "blocked_thread_time": 0.0,
    "cpu_time": 585.7914455950289,
    "extra_info": {},
    "cumulative_cardinality": 34176227,
    "cumulative_rows_scanned": 12815010,
    "result_set_size": 347776,
    "latency": 597.554932634,
    "children": [
        {
            "operator_name": "ORDER_BY",
            "cpu_time": 585.7914455950289,
            "extra_info": {
                "Order By": [
                    "ts.PostCount DESC",
                    "ts.TotalScore DESC"
                ]
            },
            "cumulative_cardinality": 34176227,
            "operator_type": "ORDER_BY",
            "operator_cardinality": 1976,
            "cumulative_rows_scanned": 12815010,
            "operator_rows_scanned": 0,
            "operator_timing": 0.000360013,
            "result_set_size": 347776,
            "children": [
                {
                    "operator_name": "PROJECTION",
                    "cpu_time": 585.7910855820289,
                    "extra_info": {
                        "Projections": [
                            "tagname",
                            "PostCount",
                            "TotalViews",
                            "TotalScore",
                            "AvgViewsPerPost",
                            "AvgScorePerPost",
                            "TopUser",
                            "QuestionsAsked",
                            "AnswersProvided",
                            "UserTotalViews",
                            "UserTotalScore",
                            "PopularPostTitle",
                            "PopularPostViews",
                            "PopularPostScore",
                            "TagsList"
                        ],
                        "Estimated Cardinality": "1260710"
                    },
                    "cumulative_cardinality": 34174251,
                    "operator_type": "PROJECTION",
                    "operator_cardinality": 1976,
                    "cumulative_rows_scanned": 12815010,
                    "operator_rows_scanned": 0,
                    "operator_timing": 0.000002133,
                    "result_set_size": 347776,
                    "children": [
                        {
                            "operator_name": "CTE",
                            "cpu_time": 585.791083449029,
                            "extra_info": {
                                "CTE Name": "UserStats",
                                "Table Index": "0"
                            },
                            "cumulative_cardinality": 34172275,
                            "operator_type": "CTE",
                            "operator_cardinality": 0,
                            "cumulative_rows_scanned": 12815010,
                            "operator_rows_scanned": 0,
                            "operator_timing": 0.034820505,
                            "result_set_size": 0,
                            "children": [
                                {
                                    "operator_name": "HASH_GROUP_BY",
                                    "cpu_time": 2.7004687009999992,
                                    "extra_info": {
                                        "Groups": [
                                            "#0",
                                            "#1"
                                        ],
                                        "Aggregates": [
                                            "count(DISTINCT #2)",
                                            "count(DISTINCT #3)",
                                            "sum(#4)",
                                            "sum(#5)"
                                        ],
                                        "Estimated Cardinality": "1260710"
                                    },
                                    "cumulative_cardinality": 15355826,
                                    "operator_type": "HASH_GROUP_BY",
                                    "operator_cardinality": 1260710,
                                    "cumulative_rows_scanned": 5110826,
                                    "operator_rows_scanned": 0,
                                    "operator_timing": 2.0353064069999998,
                                    "result_set_size": 85728280,
                                    "children": [
                                        {
                                            "operator_name": "PROJECTION",
                                            "cpu_time": 0.6651622939999993,
                                            "extra_info": {
                                                "Projections": [
                                                    "id",
                                                    "displayname",
                                                    "id",
                                                    "CASE  WHEN ((posttypeid = 2)) THEN (id) ELSE NULL END",
                                                    "COALESCE(viewcount, 0)",
                                                    "COALESCE(score, 0)"
                                                ],
                                                "Estimated Cardinality": "3850116"
                                            },
                                            "cumulative_cardinality": 14095116,
                                            "operator_type": "PROJECTION",
                                            "operator_cardinality": 4574495,
                                            "cumulative_rows_scanned": 5110826,
                                            "operator_rows_scanned": 0,
                                            "operator_timing": 0.10274019400000005,
                                            "result_set_size": 164681820,
                                            "children": [
                                                {
                                                    "operator_name": "HASH_JOIN",
                                                    "cpu_time": 0.5624220999999993,
                                                    "extra_info": {
                                                        "Join Type": "RIGHT",
                                                        "Conditions": "owneruserid = id",
                                                        "Estimated Cardinality": "3850116"
                                                    },
                                                    "cumulative_cardinality": 9520621,
                                                    "operator_type": "HASH_JOIN",
                                                    "operator_cardinality": 4574495,
                                                    "cumulative_rows_scanned": 5110826,
                                                    "operator_rows_scanned": 0,
                                                    "operator_timing": 0.30838982899999967,
                                                    "result_set_size": 155532830,
                                                    "children": [
                                                        {
                                                            "operator_name": "READ_PARQUET ",
                                                            "cpu_time": 0.17478433299999957,
                                                            "extra_info": {
                                                                "Function": "READ_PARQUET",
                                                                "Projections": [
                                                                    "id",
                                                                    "posttypeid",
                                                                    "score",
                                                                    "viewcount",
                                                                    "owneruserid"
                                                                ],
                                                                "Estimated Cardinality": "3850116"
                                                            },
                                                            "cumulative_cardinality": 3685416,
                                                            "operator_type": "TABLE_SCAN",
                                                            "operator_cardinality": 3685416,
                                                            "cumulative_rows_scanned": 3850116,
                                                            "operator_rows_scanned": 3850116,
                                                            "operator_timing": 0.17478433299999957,
                                                            "result_set_size": 66337488,
                                                            "children": []
                                                        },
                                                        {
                                                            "operator_name": "READ_PARQUET ",
                                                            "cpu_time": 0.079247938,
                                                            "extra_info": {
                                                                "Function": "READ_PARQUET",
                                                                "Projections": [
                                                                    "id",
                                                                    "displayname"
                                                                ],
                                                                "Estimated Cardinality": "1260710"
                                                            },
                                                            "cumulative_cardinality": 1260710,
                                                            "operator_type": "TABLE_SCAN",
                                                            "operator_cardinality": 1260710,
                                                            "cumulative_rows_scanned": 1260710,
                                                            "operator_rows_scanned": 1260710,
                                                            "operator_timing": 0.079247938,
                                                            "result_set_size": 25214200,
                                                            "children": []
                                                        }
                                                    ]
                                                }
                                            ]
                                        }
                                    ]
                                },
                                {
                                    "operator_name": "CTE",
                                    "cpu_time": 583.055794243029,
                                    "extra_info": {
                                        "CTE Name": "PopularPosts",
                                        "Table Index": "21"
                                    },
                                    "cumulative_cardinality": 18816449,
                                    "operator_type": "CTE",
                                    "operator_cardinality": 0,
                                    "cumulative_rows_scanned": 7704184,
                                    "operator_rows_scanned": 0,
                                    "operator_timing": 0.013125224000000003,
                                    "result_set_size": 0,
                                    "children": [
                                        {
                                            "operator_name": "PROJECTION",
                                            "cpu_time": 84.89194255799946,
                                            "extra_info": {
                                                "Projections": [
                                                    "#0",
                                                    "#1",
                                                    "#2",
                                                    "__internal_decompress_integral_integer(#3, -72)",
                                                    "#4",
                                                    "#5"
                                                ],
                                                "Estimated Cardinality": "385011"
                                            },
                                            "cumulative_cardinality": 2376257,
                                            "operator_type": "PROJECTION",
                                            "operator_cardinality": 236834,
                                            "cumulative_rows_scanned": 3852092,
                                            "operator_rows_scanned": 0,
                                            "operator_timing": 0.00012160800000000003,
                                            "result_set_size": 12315368,
                                            "children": [
                                                {
                                                    "operator_name": "HASH_GROUP_BY",
                                                    "cpu_time": 84.89182094999946,
                                                    "extra_info": {
                                                        "Groups": [
                                                            "#0",
                                                            "#1",
                                                            "#2",
                                                            "#3",
                                                            "#4"
                                                        ],
                                                        "Aggregates": "string_agg(#5)",
                                                        "Estimated Cardinality": "385011"
                                                    },
                                                    "cumulative_cardinality": 2139423,
                                                    "operator_type": "HASH_GROUP_BY",
                                                    "operator_cardinality": 236834,
                                                    "cumulative_rows_scanned": 3852092,
                                                    "operator_rows_scanned": 0,
                                                    "operator_timing": 0.07853617800000001,
                                                    "result_set_size": 11841700,
                                                    "children": [
                                                        {
                                                            "operator_name": "PROJECTION",
                                                            "cpu_time": 84.81328477199946,
                                                            "extra_info": {
                                                                "Projections": [
                                                                    "id",
                                                                    "title",
                                                                    "viewcount",
                                                                    "score",
                                                                    "creationdate",
                                                                    "tagname"
                                                                ],
                                                                "Estimated Cardinality": "770023"
                                                            },
                                                            "cumulative_cardinality": 1902589,
                                                            "operator_type": "PROJECTION",
                                                            "operator_cardinality": 554593,
                                                            "cumulative_rows_scanned": 3852092,
                                                            "operator_rows_scanned": 0,
                                                            "operator_timing": 0.00016047099999999987,
                                                            "result_set_size": 27729650,
                                                            "children": [
                                                                {
                                                                    "operator_name": "PROJECTION",
                                                                    "cpu_time": 84.81312430099946,
                                                                    "extra_info": {
                                                                        "Projections": [
                                                                            "#0",
                                                                            "#1",
                                                                            "__internal_compress_integral_usmallint(#2, -72)",
                                                                            "#3",
                                                                            "#4",
                                                                            "#5",
                                                                            "#6"
                                                                        ],
                                                                        "Estimated Cardinality": "770023"
                                                                    },
                                                                    "cumulative_cardinality": 1347996,
                                                                    "operator_type": "PROJECTION",
                                                                    "operator_cardinality": 554593,
                                                                    "cumulative_rows_scanned": 3852092,
                                                                    "operator_rows_scanned": 0,
                                                                    "operator_timing": 0.0005235930000000004,
                                                                    "result_set_size": 36603138,
                                                                    "children": [
                                                                        {
                                                                            "operator_name": "BLOCKWISE_NL_JOIN",
                                                                            "cpu_time": 84.81260070799947,
                                                                            "extra_info": {
                                                                                "Join Type": "INNER",
                                                                                "Condition": "(tags ~~ (('%<' || tagname) || '>%'))"
                                                                            },
                                                                            "cumulative_cardinality": 793403,
                                                                            "operator_type": "BLOCKWISE_NL_JOIN",
                                                                            "operator_cardinality": 554593,
                                                                            "cumulative_rows_scanned": 3852092,
                                                                            "operator_rows_scanned": 0,
                                                                            "operator_timing": 84.32650520799947,
                                                                            "result_set_size": 37712324,
                                                                            "children": [
                                                                                {
                                                                                    "operator_name": "READ_PARQUET ",
                                                                                    "cpu_time": 0.48572788299999886,
                                                                                    "extra_info": {
                                                                                        "Function": "READ_PARQUET",
                                                                                        "Projections": [
                                                                                            "id",
                                                                                            "creationdate",
                                                                                            "score",
                                                                                            "viewcount",
                                                                                            "title",
                                                                                            "tags"
                                                                                        ],
                                                                                        "Filters": "viewcount>1000",
                                                                                        "Estimated Cardinality": "770023"
                                                                                    },
                                                                                    "cumulative_cardinality": 236834,
                                                                                    "operator_type": "TABLE_SCAN",
                                                                                    "operator_cardinality": 236834,
                                                                                    "cumulative_rows_scanned": 3850116,
                                                                                    "operator_rows_scanned": 3850116,
                                                                                    "operator_timing": 0.48572788299999886,
                                                                                    "result_set_size": 12315368,
                                                                                    "children": []
                                                                                },
                                                                                {
                                                                                    "operator_name": "READ_PARQUET ",
                                                                                    "cpu_time": 0.000367617,
                                                                                    "extra_info": {
                                                                                        "Function": "READ_PARQUET",
                                                                                        "Projections": "tagname",
                                                                                        "Estimated Cardinality": "1976"
                                                                                    },
                                                                                    "cumulative_cardinality": 1976,
                                                                                    "operator_type": "TABLE_SCAN",
                                                                                    "operator_cardinality": 1976,
                                                                                    "cumulative_rows_scanned": 1976,
                                                                                    "operator_rows_scanned": 1976,
                                                                                    "operator_timing": 0.000367617,
                                                                                    "result_set_size": 31616,
                                                                                    "children": []
                                                                                }
                                                                            ]
                                                                        }
                                                                    ]
                                                                }
                                                            ]
                                                        }
                                                    ]
                                                }
                                            ]
                                        },
                                        {
                                            "operator_name": "BLOCKWISE_NL_JOIN",
                                            "cpu_time": 498.15072646102954,
                                            "extra_info": {
                                                "Join Type": "LEFT",
                                                "Condition": "true"
                                            },
                                            "cumulative_cardinality": 16440192,
                                            "operator_type": "BLOCKWISE_NL_JOIN",
                                            "operator_cardinality": 1976,
                                            "cumulative_rows_scanned": 3852092,
                                            "operator_rows_scanned": 0,
                                            "operator_timing": 0.000205134,
                                            "result_set_size": 418912,
                                            "children": [
                                                {
                                                    "operator_name": "BLOCKWISE_NL_JOIN",
                                                    "cpu_time": 498.1466053500295,
                                                    "extra_info": {
                                                        "Join Type": "LEFT",
                                                        "Condition": "true"
                                                    },
                                                    "cumulative_cardinality": 15727709,
                                                    "operator_type": "BLOCKWISE_NL_JOIN",
                                                    "operator_cardinality": 1976,
                                                    "cumulative_rows_scanned": 3852092,
                                                    "operator_rows_scanned": 0,
                                                    "operator_timing": 0.00009537800000000001,
                                                    "result_set_size": 308256,
                                                    "children": [
                                                        {
                                                            "operator_name": "HASH_GROUP_BY",
                                                            "cpu_time": 498.12528352702947,
                                                            "extra_info": {
                                                                "Groups": "#0",
                                                                "Aggregates": [
                                                                    "count(DISTINCT #1)",
                                                                    "sum(#2)",
                                                                    "sum(#3)",
                                                                    "avg(#4)",
                                                                    "avg(#5)"
                                                                ],
                                                                "Estimated Cardinality": "1976"
                                                            },
                                                            "cumulative_cardinality": 11943598,
                                                            "operator_type": "HASH_GROUP_BY",
                                                            "operator_cardinality": 1976,
                                                            "cumulative_rows_scanned": 3852092,
                                                            "operator_rows_scanned": 0,
                                                            "operator_timing": 1.2112873909999995,
                                                            "result_set_size": 142272,
                                                            "children": [
                                                                {
                                                                    "operator_name": "PROJECTION",
                                                                    "cpu_time": 496.9139961360295,
                                                                    "extra_info": {
                                                                        "Projections": [
                                                                            "tagname",
                                                                            "id",
                                                                            "viewcount",
                                                                            "score",
                                                                            "viewcount",
                                                                            "score"
                                                                        ],
                                                                        "Estimated Cardinality": "3850116"
                                                                    },
                                                                    "cumulative_cardinality": 11941622,
                                                                    "operator_type": "PROJECTION",
                                                                    "operator_cardinality": 4044765,
                                                                    "cumulative_rows_scanned": 3852092,
                                                                    "operator_rows_scanned": 0,
                                                                    "operator_timing": 0.0032871439999999897,
                                                                    "result_set_size": 145611540,
                                                                    "children": [
                                                                        {
                                                                            "operator_name": "BLOCKWISE_NL_JOIN",
                                                                            "cpu_time": 496.91070899202947,
                                                                            "extra_info": {
                                                                                "Join Type": "INNER",
                                                                                "Condition": "(tags ~~ (('%<' || tagname) || '>%'))"
                                                                            },
                                                                            "cumulative_cardinality": 7896857,
                                                                            "operator_type": "BLOCKWISE_NL_JOIN",
                                                                            "operator_cardinality": 4044765,
                                                                            "cumulative_rows_scanned": 3852092,
                                                                            "operator_rows_scanned": 0,
                                                                            "operator_timing": 496.62718232302944,
                                                                            "result_set_size": 177969660,
                                                                            "children": [
                                                                                {
                                                                                    "operator_name": "READ_PARQUET ",
                                                                                    "cpu_time": 0.28323287,
                                                                                    "extra_info": {
                                                                                        "Function": "READ_PARQUET",
                                                                                        "Projections": [
                                                                                            "id",
                                                                                            "score",
                                                                                            "viewcount",
                                                                                            "tags"
                                                                                        ],
                                                                                        "Estimated Cardinality": "3850116"
                                                                                    },
                                                                                    "cumulative_cardinality": 3850116,
                                                                                    "operator_type": "TABLE_SCAN",
                                                                                    "operator_cardinality": 3850116,
                                                                                    "cumulative_rows_scanned": 3850116,
                                                                                    "operator_rows_scanned": 3850116,
                                                                                    "operator_timing": 0.28323287,
                                                                                    "result_set_size": 107803248,
                                                                                    "children": []
                                                                                },
                                                                                {
                                                                                    "operator_name": "READ_PARQUET ",
                                                                                    "cpu_time": 0.00029379899999999997,
                                                                                    "extra_info": {
                                                                                        "Function": "READ_PARQUET",
                                                                                        "Projections": "tagname",
                                                                                        "Estimated Cardinality": "1976"
                                                                                    },
                                                                                    "cumulative_cardinality": 1976,
                                                                                    "operator_type": "TABLE_SCAN",
                                                                                    "operator_cardinality": 1976,
                                                                                    "cumulative_rows_scanned": 1976,
                                                                                    "operator_rows_scanned": 1976,
                                                                                    "operator_timing": 0.00029379899999999997,
                                                                                    "result_set_size": 31616,
                                                                                    "children": []
                                                                                }
                                                                            ]
                                                                        }
                                                                    ]
                                                                }
                                                            ]
                                                        },
                                                        {
                                                            "operator_name": "HASH_JOIN",
                                                            "cpu_time": 0.021226444999999986,
                                                            "extra_info": {
                                                                "Join Type": "INNER",
                                                                "Conditions": "TotalViews = SUBQUERY",
                                                                "Estimated Cardinality": "1"
                                                            },
                                                            "cumulative_cardinality": 3782135,
                                                            "operator_type": "HASH_JOIN",
                                                            "operator_cardinality": 1,
                                                            "cumulative_rows_scanned": 0,
                                                            "operator_rows_scanned": 0,
                                                            "operator_timing": 0.007618722999999995,
                                                            "result_set_size": 84,
                                                            "children": [
                                                                {
                                                                    "operator_name": "CTE_SCAN",
                                                                    "cpu_time": 0.005058631000000001,
                                                                    "extra_info": {
                                                                        "CTE Index": "0",
                                                                        "Estimated Cardinality": "1260710"
                                                                    },
                                                                    "cumulative_cardinality": 1260710,
                                                                    "operator_type": "CTE_SCAN",
                                                                    "operator_cardinality": 1260710,
                                                                    "cumulative_rows_scanned": 0,
                                                                    "operator_rows_scanned": 0,
                                                                    "operator_timing": 0.005058631000000001,
                                                                    "result_set_size": 85728280,
                                                                    "children": []
                                                                },
                                                                {
                                                                    "operator_name": "PROJECTION",
                                                                    "cpu_time": 0.008549090999999991,
                                                                    "extra_info": {
                                                                        "Projections": [
                                                                            "CASE  WHEN ((#1 > 1)) THEN (error('More than one row returned by a subquery used as an expression - scalar subqueries can only return a single row.",
                                                                            "Use \"SET scalar_subquery_error_on_multiple_rows=false\" to revert to previous behavior of returning a random row.')) ELSE #0 END"
                                                                        ],
                                                                        "Estimated Cardinality": "1"
                                                                    },
                                                                    "cumulative_cardinality": 2521424,
                                                                    "operator_type": "PROJECTION",
                                                                    "operator_cardinality": 1,
                                                                    "cumulative_rows_scanned": 0,
                                                                    "operator_rows_scanned": 0,
                                                                    "operator_timing": 9.52e-7,
                                                                    "result_set_size": 16,
                                                                    "children": [
                                                                        {
                                                                            "operator_name": "UNGROUPED_AGGREGATE",
                                                                            "cpu_time": 0.008548138999999991,
                                                                            "extra_info": {
                                                                                "Aggregates": [
                                                                                    "\"first\"(#0)",
                                                                                    "count_star()"
                                                                                ]
                                                                            },
                                                                            "cumulative_cardinality": 2521423,
                                                                            "operator_type": "UNGROUPED_AGGREGATE",
                                                                            "operator_cardinality": 1,
                                                                            "cumulative_rows_scanned": 0,
                                                                            "operator_rows_scanned": 0,
                                                                            "operator_timing": 0.0000019529999999999998,
                                                                            "result_set_size": 24,
                                                                            "children": [
                                                                                {
                                                                                    "operator_name": "PROJECTION",
                                                                                    "cpu_time": 0.00854618599999999,
                                                                                    "extra_info": {
                                                                                        "Projections": "#0",
                                                                                        "Estimated Cardinality": "1"
                                                                                    },
                                                                                    "cumulative_cardinality": 2521422,
                                                                                    "operator_type": "PROJECTION",
                                                                                    "operator_cardinality": 1,
                                                                                    "cumulative_rows_scanned": 0,
                                                                                    "operator_rows_scanned": 0,
                                                                                    "operator_timing": 1.91e-7,
                                                                                    "result_set_size": 16,
                                                                                    "children": [
                                                                                        {
                                                                                            "operator_name": "UNGROUPED_AGGREGATE",
                                                                                            "cpu_time": 0.00854599499999999,
                                                                                            "extra_info": {
                                                                                                "Aggregates": "max(#0)"
                                                                                            },
                                                                                            "cumulative_cardinality": 2521421,
                                                                                            "operator_type": "UNGROUPED_AGGREGATE",
                                                                                            "operator_cardinality": 1,
                                                                                            "cumulative_rows_scanned": 0,
                                                                                            "operator_rows_scanned": 0,
                                                                                            "operator_timing": 0.002228395000000001,
                                                                                            "result_set_size": 16,
                                                                                            "children": [
                                                                                                {
                                                                                                    "operator_name": "PROJECTION",
                                                                                                    "cpu_time": 0.00631759999999999,
                                                                                                    "extra_info": {
                                                                                                        "Projections": "TotalViews",
                                                                                                        "Estimated Cardinality": "1260710"
                                                                                                    },
                                                                                                    "cumulative_cardinality": 2521420,
                                                                                                    "operator_type": "PROJECTION",
                                                                                                    "operator_cardinality": 1260710,
                                                                                                    "cumulative_rows_scanned": 0,
                                                                                                    "operator_rows_scanned": 0,
                                                                                                    "operator_timing": 0.000048231999999999805,
                                                                                                    "result_set_size": 20171360,
                                                                                                    "children": [
                                                                                                        {
                                                                                                            "operator_name": "CTE_SCAN",
                                                                                                            "cpu_time": 0.0062693679999999904,
                                                                                                            "extra_info": {
                                                                                                                "CTE Index": "0",
                                                                                                                "Estimated Cardinality": "1260710"
                                                                                                            },
                                                                                                            "cumulative_cardinality": 1260710,
                                                                                                            "operator_type": "CTE_SCAN",
                                                                                                            "operator_cardinality": 1260710,
                                                                                                            "cumulative_rows_scanned": 0,
                                                                                                            "operator_rows_scanned": 0,
                                                                                                            "operator_timing": 0.0062693679999999904,
                                                                                                            "result_set_size": 85728280,
                                                                                                            "children": []
                                                                                                        }
                                                                                                    ]
                                                                                                }
                                                                                            ]
                                                                                        }
                                                                                    ]
                                                                                }
                                                                            ]
                                                                        }
                                                                    ]
                                                                }
                                                            ]
                                                        }
                                                    ]
                                                },
                                                {
                                                    "operator_name": "HASH_JOIN",
                                                    "cpu_time": 0.003915977000000001,
                                                    "extra_info": {
                                                        "Join Type": "INNER",
                                                        "Conditions": "viewcount = SUBQUERY",
                                                        "Estimated Cardinality": "0"
                                                    },
                                                    "cumulative_cardinality": 710507,
                                                    "operator_type": "HASH_JOIN",
                                                    "operator_cardinality": 1,
                                                    "cumulative_rows_scanned": 0,
                                                    "operator_rows_scanned": 0,
                                                    "operator_timing": 0.0008688769999999999,
                                                    "result_set_size": 56,
                                                    "children": [
                                                        {
                                                            "operator_name": "CTE_SCAN",
                                                            "cpu_time": 0.0014359390000000009,
                                                            "extra_info": {
                                                                "CTE Index": "21",
                                                                "Estimated Cardinality": "385011"
                                                            },
                                                            "cumulative_cardinality": 236834,
                                                            "operator_type": "CTE_SCAN",
                                                            "operator_cardinality": 236834,
                                                            "cumulative_rows_scanned": 0,
                                                            "operator_rows_scanned": 0,
                                                            "operator_timing": 0.0014359390000000009,
                                                            "result_set_size": 12315368,
                                                            "children": []
                                                        },
                                                        {
                                                            "operator_name": "PROJECTION",
                                                            "cpu_time": 0.0016111609999999998,
                                                            "extra_info": {
                                                                "Projections": [
                                                                    "CASE  WHEN ((#1 > 1)) THEN (error('More than one row returned by a subquery used as an expression - scalar subqueries can only return a single row.",
                                                                    "Use \"SET scalar_subquery_error_on_multiple_rows=false\" to revert to previous behavior of returning a random row.')) ELSE #0 END"
                                                                ],
                                                                "Estimated Cardinality": "1"
                                                            },
                                                            "cumulative_cardinality": 473672,
                                                            "operator_type": "PROJECTION",
                                                            "operator_cardinality": 1,
                                                            "cumulative_rows_scanned": 0,
                                                            "operator_rows_scanned": 0,
                                                            "operator_timing": 0.000003296,
                                                            "result_set_size": 4,
                                                            "children": [
                                                                {
                                                                    "operator_name": "UNGROUPED_AGGREGATE",
                                                                    "cpu_time": 0.0016078649999999998,
                                                                    "extra_info": {
                                                                        "Aggregates": [
                                                                            "\"first\"(#0)",
                                                                            "count_star()"
                                                                        ]
                                                                    },
                                                                    "cumulative_cardinality": 473671,
                                                                    "operator_type": "UNGROUPED_AGGREGATE",
                                                                    "operator_cardinality": 1,
                                                                    "cumulative_rows_scanned": 0,
                                                                    "operator_rows_scanned": 0,
                                                                    "operator_timing": 0.0000036360000000000004,
                                                                    "result_set_size": 12,
                                                                    "children": [
                                                                        {
                                                                            "operator_name": "PROJECTION",
                                                                            "cpu_time": 0.0016042289999999998,
                                                                            "extra_info": {
                                                                                "Projections": "#0",
                                                                                "Estimated Cardinality": "1"
                                                                            },
                                                                            "cumulative_cardinality": 473670,
                                                                            "operator_type": "PROJECTION",
                                                                            "operator_cardinality": 1,
                                                                            "cumulative_rows_scanned": 0,
                                                                            "operator_rows_scanned": 0,
                                                                            "operator_timing": 0.000002024,
                                                                            "result_set_size": 4,
                                                                            "children": [
                                                                                {
                                                                                    "operator_name": "UNGROUPED_AGGREGATE",
                                                                                    "cpu_time": 0.0016022049999999998,
                                                                                    "extra_info": {
                                                                                        "Aggregates": "max(#0)"
                                                                                    },
                                                                                    "cumulative_cardinality": 473669,
                                                                                    "operator_type": "UNGROUPED_AGGREGATE",
                                                                                    "operator_cardinality": 1,
                                                                                    "cumulative_rows_scanned": 0,
                                                                                    "operator_rows_scanned": 0,
                                                                                    "operator_timing": 0.00021103600000000006,
                                                                                    "result_set_size": 4,
                                                                                    "children": [
                                                                                        {
                                                                                            "operator_name": "PROJECTION",
                                                                                            "cpu_time": 0.0013911689999999998,
                                                                                            "extra_info": {
                                                                                                "Projections": "viewcount",
                                                                                                "Estimated Cardinality": "385011"
                                                                                            },
                                                                                            "cumulative_cardinality": 473668,
                                                                                            "operator_type": "PROJECTION",
                                                                                            "operator_cardinality": 236834,
                                                                                            "cumulative_rows_scanned": 0,
                                                                                            "operator_rows_scanned": 0,
                                                                                            "operator_timing": 0.000011444999999999978,
                                                                                            "result_set_size": 947336,
                                                                                            "children": [
                                                                                                {
                                                                                                    "operator_name": "CTE_SCAN",
                                                                                                    "cpu_time": 0.001379724,
                                                                                                    "extra_info": {
                                                                                                        "CTE Index": "21",
                                                                                                        "Estimated Cardinality": "385011"
                                                                                                    },
                                                                                                    "cumulative_cardinality": 236834,
                                                                                                    "operator_type": "CTE_SCAN",
                                                                                                    "operator_cardinality": 236834,
                                                                                                    "cumulative_rows_scanned": 0,
                                                                                                    "operator_rows_scanned": 0,
                                                                                                    "operator_timing": 0.001379724,
                                                                                                    "result_set_size": 12315368,
                                                                                                    "children": []
                                                                                                }
                                                                                            ]
                                                                                        }
                                                                                    ]
                                                                                }
                                                                            ]
                                                                        }
                                                                    ]
                                                                }
                                                            ]
                                                        }
                                                    ]
                                                }
                                            ]
                                        }
                                    ]
                                }
                            ]
                        }
                    ]
                }
            ]
        }
    ]
}