{
    "rows_returned": 50,
    "query_name": "WITH UserBadgeCounts AS (\n    SELECT \n        U.Id AS UserId,\n        U.DisplayName,\n        COUNT(B.Id) AS BadgeCount,\n        SUM(CASE WHEN B.Class = 1 THEN 1 ELSE 0 END) AS GoldBadges,\n        SUM(CASE WHEN B.Class = 2 THEN 1 ELSE 0 END) AS SilverBadges,\n        SUM(CASE WHEN B.Class = 3 THEN 1 ELSE 0 END) AS BronzeBadges\n    FROM \n        Users U\n    LEFT JOIN \n        Badges B ON U.Id = B.UserId\n    GROUP BY \n        U.Id, U.DisplayName\n),\nPostStats AS (\n    SELECT \n        P.OwnerUserId,\n        COUNT(P.Id) AS PostCount,\n        COUNT(CASE WHEN P.PostTypeId = 1 THEN 1 END) AS QuestionCount,\n        COUNT(CASE WHEN P.PostTypeId = 2 THEN 1 END) AS AnswerCount,\n        SUM(P.Score) AS TotalScore\n    FROM \n        Posts P\n    GROUP BY \n        P.OwnerUserId\n),\nUserPerformance AS (\n    SELECT \n        U.Id AS UserId,\n        U.DisplayName,\n        COALESCE(BC.BadgeCount, 0) AS BadgeCount,\n        COALESCE(PS.PostCount, 0) AS PostCount,\n        COALESCE(PS.QuestionCount, 0) AS QuestionCount,\n        COALESCE(PS.AnswerCount, 0) AS AnswerCount,\n        COALESCE(PS.TotalScore, 0) AS TotalScore\n    FROM \n        Users U\n    LEFT JOIN \n        UserBadgeCounts BC ON U.Id = BC.UserId\n    LEFT JOIN \n        PostStats PS ON U.Id = PS.OwnerUserId\n)\nSELECT \n    UP.UserId,\n    UP.DisplayName,\n    UP.BadgeCount,\n    UP.QuestionCount,\n    UP.AnswerCount,\n    UP.TotalScore,\n    U.Reputation,\n    U.CreationDate,\n    U.Views,\n    U.UpVotes,\n    U.DownVotes\nFROM \n    UserPerformance UP\nJOIN \n    Users U ON UP.UserId = U.Id\nWHERE \n    UP.BadgeCount > 0 OR UP.QuestionCount > 0\nORDER BY \n    UP.BadgeCount DESC, UP.TotalScore DESC\nLIMIT 50;\n",
    "blocked_thread_time": 0.0,
    "cpu_time": 2.3046746910000007,
    "extra_info": {},
    "cumulative_cardinality": 28155054,
    "cumulative_rows_scanned": 9953970,
    "result_set_size": 4200,
    "latency": 2.631358841,
    "children": [
        {
            "operator_name": "STREAMING_LIMIT",
            "cpu_time": 2.3046746910000007,
            "extra_info": {},
            "cumulative_cardinality": 28155054,
            "operator_type": "STREAMING_LIMIT",
            "operator_cardinality": 50,
            "cumulative_rows_scanned": 9953970,
            "operator_rows_scanned": 0,
            "operator_timing": 0.000002114,
            "result_set_size": 4200,
            "children": [
                {
                    "operator_name": "PROJECTION",
                    "cpu_time": 2.3046725770000007,
                    "extra_info": {
                        "Projections": [
                            "#0",
                            "#1",
                            "#2",
                            "#3",
                            "#4",
                            "#5",
                            "#6",
                            "#7",
                            "#8",
                            "#9",
                            "__internal_decompress_integral_integer(#10, 0)"
                        ],
                        "Estimated Cardinality": "385011"
                    },
                    "cumulative_cardinality": 28155004,
                    "operator_type": "PROJECTION",
                    "operator_cardinality": 4096,
                    "cumulative_rows_scanned": 9953970,
                    "operator_rows_scanned": 0,
                    "operator_timing": 0.000009258,
                    "result_set_size": 344064,
                    "children": [
                        {
                            "operator_name": "ORDER_BY",
                            "cpu_time": 2.3046633190000008,
                            "extra_info": {
                                "Order By": [
                                    "UP.BadgeCount DESC",
                                    "UP.TotalScore DESC"
                                ]
                            },
                            "cumulative_cardinality": 28150908,
                            "operator_type": "ORDER_BY",
                            "operator_cardinality": 4096,
                            "cumulative_rows_scanned": 9953970,
                            "operator_rows_scanned": 0,
                            "operator_timing": 0.11452683500000005,
                            "result_set_size": 335872,
                            "children": [
                                {
                                    "operator_name": "PROJECTION",
                                    "cpu_time": 2.190136484000001,
                                    "extra_info": {
                                        "Projections": [
                                            "#0",
                                            "#1",
                                            "#2",
                                            "#3",
                                            "#4",
                                            "#5",
                                            "#6",
                                            "#7",
                                            "#8",
                                            "#9",
                                            "__internal_compress_integral_usmallint(#10, 0)"
                                        ],
                                        "Estimated Cardinality": "385011"
                                    },
                                    "cumulative_cardinality": 28146812,
                                    "operator_type": "PROJECTION",
                                    "operator_cardinality": 572292,
                                    "cumulative_rows_scanned": 9953970,
                                    "operator_rows_scanned": 0,
                                    "operator_timing": 0.0023085190000000006,
                                    "result_set_size": 46927944,
                                    "children": [
                                        {
                                            "operator_name": "PROJECTION",
                                            "cpu_time": 2.1878279650000008,
                                            "extra_info": {
                                                "Projections": [
                                                    "UserId",
                                                    "displayname",
                                                    "BadgeCount",
                                                    "QuestionCount",
                                                    "AnswerCount",
                                                    "TotalScore",
                                                    "reputation",
                                                    "creationdate",
                                                    "views",
                                                    "upvotes",
                                                    "downvotes"
                                                ],
                                                "Estimated Cardinality": "385011"
                                            },
                                            "cumulative_cardinality": 27574520,
                                            "operator_type": "PROJECTION",
                                            "operator_cardinality": 572292,
                                            "cumulative_rows_scanned": 9953970,
                                            "operator_rows_scanned": 0,
                                            "operator_timing": 0.0008146080000000001,
                                            "result_set_size": 48072528,
                                            "children": [
                                                {
                                                    "operator_name": "HASH_JOIN",
                                                    "cpu_time": 2.1870133570000005,
                                                    "extra_info": {
                                                        "Join Type": "INNER",
                                                        "Conditions": "id = UserId",
                                                        "Estimated Cardinality": "385011"
                                                    },
                                                    "cumulative_cardinality": 27002228,
                                                    "operator_type": "HASH_JOIN",
                                                    "operator_cardinality": 572292,
                                                    "cumulative_rows_scanned": 9953970,
                                                    "operator_rows_scanned": 0,
                                                    "operator_timing": 0.13378427200000023,
                                                    "result_set_size": 48072528,
                                                    "children": [
                                                        {
                                                            "operator_name": "READ_PARQUET ",
                                                            "cpu_time": 0.8378533140000011,
                                                            "extra_info": {
                                                                "Function": "READ_PARQUET",
                                                                "Projections": [
                                                                    "id",
                                                                    "reputation",
                                                                    "creationdate",
                                                                    "views",
                                                                    "upvotes",
                                                                    "downvotes"
                                                                ],
                                                                "Estimated Cardinality": "1260710"
                                                            },
                                                            "cumulative_cardinality": 1260678,
                                                            "operator_type": "TABLE_SCAN",
                                                            "operator_cardinality": 1260678,
                                                            "cumulative_rows_scanned": 1260710,
                                                            "operator_rows_scanned": 1260710,
                                                            "operator_timing": 0.8378533140000011,
                                                            "result_set_size": 35298984,
                                                            "children": []
                                                        },
                                                        {
                                                            "operator_name": "PROJECTION",
                                                            "cpu_time": 1.2153757709999995,
                                                            "extra_info": {
                                                                "Projections": [
                                                                    "UserId",
                                                                    "displayname",
                                                                    "BadgeCount",
                                                                    "QuestionCount",
                                                                    "AnswerCount",
                                                                    "TotalScore"
                                                                ],
                                                                "Estimated Cardinality": "385011"
                                                            },
                                                            "cumulative_cardinality": 25169258,
                                                            "operator_type": "PROJECTION",
                                                            "operator_cardinality": 572292,
                                                            "cumulative_rows_scanned": 8693260,
                                                            "operator_rows_scanned": 0,
                                                            "operator_timing": 0.017771539999999995,
                                                            "result_set_size": 34337520,
                                                            "children": [
                                                                {
                                                                    "operator_name": "FILTER",
                                                                    "cpu_time": 1.1976042309999995,
                                                                    "extra_info": {
                                                                        "Expression": "((COALESCE(BadgeCount, 0) > 0) OR (COALESCE(QuestionCount, 0) > 0))",
                                                                        "Estimated Cardinality": "385011"
                                                                    },
                                                                    "cumulative_cardinality": 24596966,
                                                                    "operator_type": "FILTER",
                                                                    "operator_cardinality": 572292,
                                                                    "cumulative_rows_scanned": 8693260,
                                                                    "operator_rows_scanned": 0,
                                                                    "operator_timing": 0.020609427000000003,
                                                                    "result_set_size": 34337520,
                                                                    "children": [
                                                                        {
                                                                            "operator_name": "HASH_JOIN",
                                                                            "cpu_time": 1.1769948039999996,
                                                                            "extra_info": {
                                                                                "Join Type": "RIGHT",
                                                                                "Conditions": "owneruserid = id",
                                                                                "Estimated Cardinality": "1925058"
                                                                            },
                                                                            "cumulative_cardinality": 24024674,
                                                                            "operator_type": "HASH_JOIN",
                                                                            "operator_cardinality": 1260710,
                                                                            "cumulative_rows_scanned": 8693260,
                                                                            "operator_rows_scanned": 0,
                                                                            "operator_timing": 0.11524123900000004,
                                                                            "result_set_size": 75642600,
                                                                            "children": [
                                                                                {
                                                                                    "operator_name": "HASH_GROUP_BY",
                                                                                    "cpu_time": 0.25189417199999986,
                                                                                    "extra_info": {
                                                                                        "Groups": "#0",
                                                                                        "Aggregates": [
                                                                                            "count(#1)",
                                                                                            "count(#2)",
                                                                                            "sum(#3)"
                                                                                        ],
                                                                                        "Estimated Cardinality": "1925058"
                                                                                    },
                                                                                    "cumulative_cardinality": 8071864,
                                                                                    "operator_type": "HASH_GROUP_BY",
                                                                                    "operator_cardinality": 371632,
                                                                                    "cumulative_rows_scanned": 3850116,
                                                                                    "operator_rows_scanned": 0,
                                                                                    "operator_timing": 0.14374594699999987,
                                                                                    "result_set_size": 13378752,
                                                                                    "children": [
                                                                                        {
                                                                                            "operator_name": "PROJECTION",
                                                                                            "cpu_time": 0.108148225,
                                                                                            "extra_info": {
                                                                                                "Projections": [
                                                                                                    "owneruserid",
                                                                                                    "CASE  WHEN ((posttypeid = 1)) THEN (1) ELSE NULL END",
                                                                                                    "CASE  WHEN ((posttypeid = 2)) THEN (1) ELSE NULL END",
                                                                                                    "score"
                                                                                                ],
                                                                                                "Estimated Cardinality": "3850116"
                                                                                            },
                                                                                            "cumulative_cardinality": 7700232,
                                                                                            "operator_type": "PROJECTION",
                                                                                            "operator_cardinality": 3850116,
                                                                                            "cumulative_rows_scanned": 3850116,
                                                                                            "operator_rows_scanned": 0,
                                                                                            "operator_timing": 0.05348237000000004,
                                                                                            "result_set_size": 61601856,
                                                                                            "children": [
                                                                                                {
                                                                                                    "operator_name": "READ_PARQUET ",
                                                                                                    "cpu_time": 0.05466585499999996,
                                                                                                    "extra_info": {
                                                                                                        "Function": "READ_PARQUET",
                                                                                                        "Projections": [
                                                                                                            "posttypeid",
                                                                                                            "score",
                                                                                                            "owneruserid"
                                                                                                        ],
                                                                                                        "Estimated Cardinality": "3850116"
                                                                                                    },
                                                                                                    "cumulative_cardinality": 3850116,
                                                                                                    "operator_type": "TABLE_SCAN",
                                                                                                    "operator_cardinality": 3850116,
                                                                                                    "cumulative_rows_scanned": 3850116,
                                                                                                    "operator_rows_scanned": 3850116,
                                                                                                    "operator_timing": 0.05466585499999996,
                                                                                                    "result_set_size": 38501160,
                                                                                                    "children": []
                                                                                                }
                                                                                            ]
                                                                                        }
                                                                                    ]
                                                                                },
                                                                                {
                                                                                    "operator_name": "HASH_JOIN",
                                                                                    "cpu_time": 0.8098593929999995,
                                                                                    "extra_info": {
                                                                                        "Join Type": "LEFT",
                                                                                        "Conditions": "id = UserId",
                                                                                        "Estimated Cardinality": "1260710"
                                                                                    },
                                                                                    "cumulative_cardinality": 14692100,
                                                                                    "operator_type": "HASH_JOIN",
                                                                                    "operator_cardinality": 1260710,
                                                                                    "cumulative_rows_scanned": 4843144,
                                                                                    "operator_rows_scanned": 0,
                                                                                    "operator_timing": 0.08976717999999995,
                                                                                    "result_set_size": 35299880,
                                                                                    "children": [
                                                                                        {
                                                                                            "operator_name": "READ_PARQUET ",
                                                                                            "cpu_time": 0.0777783650000001,
                                                                                            "extra_info": {
                                                                                                "Function": "READ_PARQUET",
                                                                                                "Projections": [
                                                                                                    "id",
                                                                                                    "displayname"
                                                                                                ],
                                                                                                "Estimated Cardinality": "1260710"
                                                                                            },
                                                                                            "cumulative_cardinality": 1260710,
                                                                                            "operator_type": "TABLE_SCAN",
                                                                                            "operator_cardinality": 1260710,
                                                                                            "cumulative_rows_scanned": 1260710,
                                                                                            "operator_rows_scanned": 1260710,
                                                                                            "operator_timing": 0.0777783650000001,
                                                                                            "result_set_size": 25214200,
                                                                                            "children": []
                                                                                        },
                                                                                        {
                                                                                            "operator_name": "PROJECTION",
                                                                                            "cpu_time": 0.6423138479999995,
                                                                                            "extra_info": {
                                                                                                "Projections": [
                                                                                                    "UserId",
                                                                                                    "BadgeCount"
                                                                                                ],
                                                                                                "Estimated Cardinality": "1260710"
                                                                                            },
                                                                                            "cumulative_cardinality": 12170680,
                                                                                            "operator_type": "PROJECTION",
                                                                                            "operator_cardinality": 1260710,
                                                                                            "cumulative_rows_scanned": 3582434,
                                                                                            "operator_rows_scanned": 0,
                                                                                            "operator_timing": 0.00008995299999999986,
                                                                                            "result_set_size": 15128520,
                                                                                            "children": [
                                                                                                {
                                                                                                    "operator_name": "HASH_GROUP_BY",
                                                                                                    "cpu_time": 0.6422238949999994,
                                                                                                    "extra_info": {
                                                                                                        "Groups": [
                                                                                                            "#0",
                                                                                                            "#1"
                                                                                                        ],
                                                                                                        "Aggregates": "count(#2)",
                                                                                                        "Estimated Cardinality": "1260710"
                                                                                                    },
                                                                                                    "cumulative_cardinality": 10909970,
                                                                                                    "operator_type": "HASH_GROUP_BY",
                                                                                                    "operator_cardinality": 1260710,
                                                                                                    "cumulative_rows_scanned": 3582434,
                                                                                                    "operator_rows_scanned": 0,
                                                                                                    "operator_timing": 0.31895374999999954,
                                                                                                    "result_set_size": 35299880,
                                                                                                    "children": [
                                                                                                        {
                                                                                                            "operator_name": "PROJECTION",
                                                                                                            "cpu_time": 0.3232701449999999,
                                                                                                            "extra_info": {
                                                                                                                "Projections": [
                                                                                                                    "id",
                                                                                                                    "displayname",
                                                                                                                    "id"
                                                                                                                ],
                                                                                                                "Estimated Cardinality": "2321724"
                                                                                                            },
                                                                                                            "cumulative_cardinality": 9649260,
                                                                                                            "operator_type": "PROJECTION",
                                                                                                            "operator_cardinality": 3033413,
                                                                                                            "cumulative_rows_scanned": 3582434,
                                                                                                            "operator_rows_scanned": 0,
                                                                                                            "operator_timing": 0.0004727739999999991,
                                                                                                            "result_set_size": 72801912,
                                                                                                            "children": [
                                                                                                                {
                                                                                                                    "operator_name": "HASH_JOIN",
                                                                                                                    "cpu_time": 0.3227973709999999,
                                                                                                                    "extra_info": {
                                                                                                                        "Join Type": "RIGHT",
                                                                                                                        "Conditions": "userid = id",
                                                                                                                        "Estimated Cardinality": "2321724"
                                                                                                                    },
                                                                                                                    "cumulative_cardinality": 6615847,
                                                                                                                    "operator_type": "HASH_JOIN",
                                                                                                                    "operator_cardinality": 3033413,
                                                                                                                    "cumulative_rows_scanned": 3582434,
                                                                                                                    "operator_rows_scanned": 0,
                                                                                                                    "operator_timing": 0.20140994499999995,
                                                                                                                    "result_set_size": 72801912,
                                                                                                                    "children": [
                                                                                                                        {
                                                                                                                            "operator_name": "READ_PARQUET ",
                                                                                                                            "cpu_time": 0.044780613999999955,
                                                                                                                            "extra_info": {
                                                                                                                                "Function": "READ_PARQUET",
                                                                                                                                "Projections": [
                                                                                                                                    "id",
                                                                                                                                    "userid"
                                                                                                                                ],
                                                                                                                                "Estimated Cardinality": "2321724"
                                                                                                                            },
                                                                                                                            "cumulative_cardinality": 2321724,
                                                                                                                            "operator_type": "TABLE_SCAN",
                                                                                                                            "operator_cardinality": 2321724,
                                                                                                                            "cumulative_rows_scanned": 2321724,
                                                                                                                            "operator_rows_scanned": 2321724,
                                                                                                                            "operator_timing": 0.044780613999999955,
                                                                                                                            "result_set_size": 18573792,
                                                                                                                            "children": []
                                                                                                                        },
                                                                                                                        {
                                                                                                                            "operator_name": "READ_PARQUET ",
                                                                                                                            "cpu_time": 0.07660681199999998,
                                                                                                                            "extra_info": {
                                                                                                                                "Function": "READ_PARQUET",
                                                                                                                                "Projections": [
                                                                                                                                    "id",
                                                                                                                                    "displayname"
                                                                                                                                ],
                                                                                                                                "Estimated Cardinality": "1260710"
                                                                                                                            },
                                                                                                                            "cumulative_cardinality": 1260710,
                                                                                                                            "operator_type": "TABLE_SCAN",
                                                                                                                            "operator_cardinality": 1260710,
                                                                                                                            "cumulative_rows_scanned": 1260710,
                                                                                                                            "operator_rows_scanned": 1260710,
                                                                                                                            "operator_timing": 0.07660681199999998,
                                                                                                                            "result_set_size": 25214200,
                                                                                                                            "children": []
                                                                                                                        }
                                                                                                                    ]
                                                                                                                }
                                                                                                            ]
                                                                                                        }
                                                                                                    ]
                                                                                                }
                                                                                            ]
                                                                                        }
                                                                                    ]
                                                                                }
                                                                            ]
                                                                        }
                                                                    ]
                                                                }
                                                            ]
                                                        }
                                                    ]
                                                }
                                            ]
                                        }
                                    ]
                                }
                            ]
                        }
                    ]
                }
            ]
        }
    ]
}