{
    "rows_returned": 10,
    "query_name": "\nWITH PopularTags AS (\n    SELECT \n        T.TagName,\n        T.Count, \n        P.Title,\n        COUNT(DISTINCT C.Id) AS CommentCount,\n        SUM(CASE WHEN V.VoteTypeId = 2 THEN 1 ELSE 0 END) AS Upvotes,\n        SUM(CASE WHEN V.VoteTypeId = 3 THEN 1 ELSE 0 END) AS Downvotes\n    FROM \n        Tags T\n    JOIN \n        Posts P ON P.Tags LIKE '%' || T.TagName || '%' AND P.PostTypeId = 1\n    LEFT JOIN \n        Comments C ON C.PostId = P.Id\n    LEFT JOIN \n        Votes V ON V.PostId = P.Id\n    WHERE \n        P.CreationDate >= TIMESTAMP '2024-10-01 12:34:56' - INTERVAL '1 year'\n    GROUP BY \n        T.TagName, T.Count, P.Title\n),\nTopTags AS (\n    SELECT \n        TagName,\n        SUM(CommentCount) AS TotalComments,\n        SUM(Upvotes) AS TotalUpvotes,\n        SUM(Downvotes) AS TotalDownvotes,\n        COUNT(DISTINCT Title) AS PostCount\n    FROM \n        PopularTags\n    GROUP BY \n        TagName\n    HAVING \n        COUNT(DISTINCT Title) > 5\n    ORDER BY \n        TotalUpvotes DESC\n    LIMIT 10\n)\nSELECT \n    TT.TagName, \n    TT.TotalComments, \n    TT.TotalUpvotes, \n    TT.TotalDownvotes, \n    TT.PostCount,\n    ROUND((TotalUpvotes::FLOAT / NULLIF(PostCount, 0)) * 100, 2) AS UpvotePercentage\nFROM \n    TopTags TT\nORDER BY \n    UpvotePercentage DESC;\n",
    "blocked_thread_time": 0.0,
    "cpu_time": 33.01116848000002,
    "extra_info": {},
    "cumulative_cardinality": 33921231,
    "cumulative_rows_scanned": 23838007,
    "result_set_size": 760,
    "latency": 33.598515434,
    "children": [
        {
            "operator_name": "ORDER_BY",
            "cpu_time": 33.01116848000002,
            "extra_info": {
                "Order By": "round(((CAST(TT.TotalUpvotes AS FLOAT) / \"nullif\"(TT.PostCount, 0)) * 100), 2) DESC"
            },
            "cumulative_cardinality": 33921231,
            "operator_type": "ORDER_BY",
            "operator_cardinality": 10,
            "cumulative_rows_scanned": 23838007,
            "operator_rows_scanned": 0,
            "operator_timing": 0.000021139,
            "result_set_size": 760,
            "children": [
                {
                    "operator_name": "PROJECTION",
                    "cpu_time": 33.011147341000026,
                    "extra_info": {
                        "Projections": [
                            "tagname",
                            "TotalComments",
                            "TotalUpvotes",
                            "TotalDownvotes",
                            "PostCount",
                            "UpvotePercentage"
                        ],
                        "Estimated Cardinality": "10"
                    },
                    "cumulative_cardinality": 33921221,
                    "operator_type": "PROJECTION",
                    "operator_cardinality": 10,
                    "cumulative_rows_scanned": 23838007,
                    "operator_rows_scanned": 0,
                    "operator_timing": 0.000023644,
                    "result_set_size": 760,
                    "children": [
                        {
                            "operator_name": "STREAMING_LIMIT",
                            "cpu_time": 33.01112369700002,
                            "extra_info": {},
                            "cumulative_cardinality": 33921211,
                            "operator_type": "STREAMING_LIMIT",
                            "operator_cardinality": 10,
                            "cumulative_rows_scanned": 23838007,
                            "operator_rows_scanned": 0,
                            "operator_timing": 0.000001472,
                            "result_set_size": 720,
                            "children": [
                                {
                                    "operator_name": "ORDER_BY",
                                    "cpu_time": 33.01112222500002,
                                    "extra_info": {
                                        "Order By": "sum(PopularTags.Upvotes) DESC"
                                    },
                                    "cumulative_cardinality": 33921201,
                                    "operator_type": "ORDER_BY",
                                    "operator_cardinality": 1514,
                                    "cumulative_rows_scanned": 23838007,
                                    "operator_rows_scanned": 0,
                                    "operator_timing": 0.000201006,
                                    "result_set_size": 109008,
                                    "children": [
                                        {
                                            "operator_name": "PROJECTION",
                                            "cpu_time": 33.010921219000025,
                                            "extra_info": {
                                                "Projections": [
                                                    "tagname",
                                                    "TotalComments",
                                                    "TotalUpvotes",
                                                    "TotalDownvotes",
                                                    "PostCount"
                                                ],
                                                "Estimated Cardinality": "395"
                                            },
                                            "cumulative_cardinality": 33919687,
                                            "operator_type": "PROJECTION",
                                            "operator_cardinality": 1514,
                                            "cumulative_rows_scanned": 23838007,
                                            "operator_rows_scanned": 0,
                                            "operator_timing": 9.32e-7,
                                            "result_set_size": 109008,
                                            "children": [
                                                {
                                                    "operator_name": "FILTER",
                                                    "cpu_time": 33.010920287000026,
                                                    "extra_info": {
                                                        "Expression": "(count(DISTINCT title) > 5)",
                                                        "Estimated Cardinality": "395"
                                                    },
                                                    "cumulative_cardinality": 33918173,
                                                    "operator_type": "FILTER",
                                                    "operator_cardinality": 1514,
                                                    "cumulative_rows_scanned": 23838007,
                                                    "operator_rows_scanned": 0,
                                                    "operator_timing": 0.000013083,
                                                    "result_set_size": 109008,
                                                    "children": [
                                                        {
                                                            "operator_name": "HASH_GROUP_BY",
                                                            "cpu_time": 33.01090720400003,
                                                            "extra_info": {
                                                                "Groups": "#0",
                                                                "Aggregates": [
                                                                    "count(DISTINCT #1)",
                                                                    "sum(#2)",
                                                                    "sum(#3)",
                                                                    "sum(#4)"
                                                                ],
                                                                "Estimated Cardinality": "1976"
                                                            },
                                                            "cumulative_cardinality": 33916659,
                                                            "operator_type": "HASH_GROUP_BY",
                                                            "operator_cardinality": 1880,
                                                            "cumulative_rows_scanned": 23838007,
                                                            "operator_rows_scanned": 0,
                                                            "operator_timing": 0.053528633999999985,
                                                            "result_set_size": 135360,
                                                            "children": [
                                                                {
                                                                    "operator_name": "PROJECTION",
                                                                    "cpu_time": 32.957378570000024,
                                                                    "extra_info": {
                                                                        "Projections": [
                                                                            "tagname",
                                                                            "title",
                                                                            "CommentCount",
                                                                            "Upvotes",
                                                                            "Downvotes"
                                                                        ],
                                                                        "Estimated Cardinality": "3850116"
                                                                    },
                                                                    "cumulative_cardinality": 33914779,
                                                                    "operator_type": "PROJECTION",
                                                                    "operator_cardinality": 267561,
                                                                    "cumulative_rows_scanned": 23838007,
                                                                    "operator_rows_scanned": 0,
                                                                    "operator_timing": 0.00003856899999999998,
                                                                    "result_set_size": 19264392,
                                                                    "children": [
                                                                        {
                                                                            "operator_name": "PROJECTION",
                                                                            "cpu_time": 32.95734000100003,
                                                                            "extra_info": {
                                                                                "Projections": [
                                                                                    "tagname",
                                                                                    "title",
                                                                                    "CommentCount",
                                                                                    "Upvotes",
                                                                                    "Downvotes"
                                                                                ],
                                                                                "Estimated Cardinality": "3850116"
                                                                            },
                                                                            "cumulative_cardinality": 33647218,
                                                                            "operator_type": "PROJECTION",
                                                                            "operator_cardinality": 267561,
                                                                            "cumulative_rows_scanned": 23838007,
                                                                            "operator_rows_scanned": 0,
                                                                            "operator_timing": 0.000044545000000000015,
                                                                            "result_set_size": 19264392,
                                                                            "children": [
                                                                                {
                                                                                    "operator_name": "HASH_GROUP_BY",
                                                                                    "cpu_time": 32.957295456000026,
                                                                                    "extra_info": {
                                                                                        "Groups": [
                                                                                            "#0",
                                                                                            "#1",
                                                                                            "#2"
                                                                                        ],
                                                                                        "Aggregates": [
                                                                                            "count(DISTINCT #3)",
                                                                                            "sum(#4)",
                                                                                            "sum(#5)"
                                                                                        ],
                                                                                        "Estimated Cardinality": "3850116"
                                                                                    },
                                                                                    "cumulative_cardinality": 33379657,
                                                                                    "operator_type": "HASH_GROUP_BY",
                                                                                    "operator_cardinality": 267561,
                                                                                    "cumulative_rows_scanned": 23838007,
                                                                                    "operator_rows_scanned": 0,
                                                                                    "operator_timing": 0.4893998169999997,
                                                                                    "result_set_size": 20334636,
                                                                                    "children": [
                                                                                        {
                                                                                            "operator_name": "PROJECTION",
                                                                                            "cpu_time": 32.46789563900003,
                                                                                            "extra_info": {
                                                                                                "Projections": [
                                                                                                    "tagname",
                                                                                                    "count",
                                                                                                    "title",
                                                                                                    "id",
                                                                                                    "CASE  WHEN ((votetypeid = 2)) THEN (1) ELSE 0 END",
                                                                                                    "CASE  WHEN ((votetypeid = 3)) THEN (1) ELSE 0 END"
                                                                                                ],
                                                                                                "Estimated Cardinality": "12744093"
                                                                                            },
                                                                                            "cumulative_cardinality": 33112096,
                                                                                            "operator_type": "PROJECTION",
                                                                                            "operator_cardinality": 2070897,
                                                                                            "cumulative_rows_scanned": 23838007,
                                                                                            "operator_rows_scanned": 0,
                                                                                            "operator_timing": 0.009158101000000002,
                                                                                            "result_set_size": 99403056,
                                                                                            "children": [
                                                                                                {
                                                                                                    "operator_name": "PROJECTION",
                                                                                                    "cpu_time": 32.45873753800003,
                                                                                                    "extra_info": {
                                                                                                        "Projections": [
                                                                                                            "#2",
                                                                                                            "#3",
                                                                                                            "#1",
                                                                                                            "#0",
                                                                                                            "__internal_decompress_integral_smallint(#4, 1)"
                                                                                                        ],
                                                                                                        "Estimated Cardinality": "12744093"
                                                                                                    },
                                                                                                    "cumulative_cardinality": 31041199,
                                                                                                    "operator_type": "PROJECTION",
                                                                                                    "operator_cardinality": 2070897,
                                                                                                    "cumulative_rows_scanned": 23838007,
                                                                                                    "operator_rows_scanned": 0,
                                                                                                    "operator_timing": 0.0017534460000000014,
                                                                                                    "result_set_size": 86977674,
                                                                                                    "children": [
                                                                                                        {
                                                                                                            "operator_name": "HASH_JOIN",
                                                                                                            "cpu_time": 32.45698409200003,
                                                                                                            "extra_info": {
                                                                                                                "Join Type": "LEFT",
                                                                                                                "Conditions": "id = postid",
                                                                                                                "Estimated Cardinality": "12744093"
                                                                                                            },
                                                                                                            "cumulative_cardinality": 28970302,
                                                                                                            "operator_type": "HASH_JOIN",
                                                                                                            "operator_cardinality": 2070897,
                                                                                                            "cumulative_rows_scanned": 23838007,
                                                                                                            "operator_rows_scanned": 0,
                                                                                                            "operator_timing": 0.6399490430000002,
                                                                                                            "result_set_size": 84906777,
                                                                                                            "children": [
                                                                                                                {
                                                                                                                    "operator_name": "HASH_JOIN",
                                                                                                                    "cpu_time": 31.673601936000026,
                                                                                                                    "extra_info": {
                                                                                                                        "Join Type": "RIGHT",
                                                                                                                        "Conditions": "postid = id",
                                                                                                                        "Estimated Cardinality": "7241822"
                                                                                                                    },
                                                                                                                    "cumulative_cardinality": 1411219,
                                                                                                                    "operator_type": "HASH_JOIN",
                                                                                                                    "operator_cardinality": 780268,
                                                                                                                    "cumulative_rows_scanned": 11093914,
                                                                                                                    "operator_rows_scanned": 0,
                                                                                                                    "operator_timing": 0.06952990400000003,
                                                                                                                    "result_set_size": 34331792,
                                                                                                                    "children": [
                                                                                                                        {
                                                                                                                            "operator_name": "READ_PARQUET ",
                                                                                                                            "cpu_time": 0.015495918999999988,
                                                                                                                            "extra_info": {
                                                                                                                                "Function": "READ_PARQUET",
                                                                                                                                "Projections": [
                                                                                                                                    "id",
                                                                                                                                    "postid"
                                                                                                                                ],
                                                                                                                                "Estimated Cardinality": "7241822"
                                                                                                                            },
                                                                                                                            "cumulative_cardinality": 287064,
                                                                                                                            "operator_type": "TABLE_SCAN",
                                                                                                                            "operator_cardinality": 287064,
                                                                                                                            "cumulative_rows_scanned": 7241822,
                                                                                                                            "operator_rows_scanned": 7241822,
                                                                                                                            "operator_timing": 0.015495918999999988,
                                                                                                                            "result_set_size": 2296512,
                                                                                                                            "children": []
                                                                                                                        },
                                                                                                                        {
                                                                                                                            "operator_name": "BLOCKWISE_NL_JOIN",
                                                                                                                            "cpu_time": 31.588576113000027,
                                                                                                                            "extra_info": {
                                                                                                                                "Join Type": "INNER",
                                                                                                                                "Condition": "(tags ~~ (('%' || tagname) || '%'))"
                                                                                                                            },
                                                                                                                            "cumulative_cardinality": 343887,
                                                                                                                            "operator_type": "BLOCKWISE_NL_JOIN",
                                                                                                                            "operator_cardinality": 267577,
                                                                                                                            "cumulative_rows_scanned": 3852092,
                                                                                                                            "operator_rows_scanned": 0,
                                                                                                                            "operator_timing": 31.491943155000026,
                                                                                                                            "result_set_size": 14984312,
                                                                                                                            "children": [
                                                                                                                                {
                                                                                                                                    "operator_name": "READ_PARQUET ",
                                                                                                                                    "cpu_time": 0.09607223099999994,
                                                                                                                                    "extra_info": {
                                                                                                                                        "Function": "READ_PARQUET",
                                                                                                                                        "Projections": [
                                                                                                                                            "id",
                                                                                                                                            "title",
                                                                                                                                            "tags"
                                                                                                                                        ],
                                                                                                                                        "Filters": [
                                                                                                                                            "creationdate>='2023-10-01 12:34:56'::TIMESTAMP",
                                                                                                                                            "posttypeid=1"
                                                                                                                                        ],
                                                                                                                                        "Estimated Cardinality": "770023"
                                                                                                                                    },
                                                                                                                                    "cumulative_cardinality": 74334,
                                                                                                                                    "operator_type": "TABLE_SCAN",
                                                                                                                                    "operator_cardinality": 74334,
                                                                                                                                    "cumulative_rows_scanned": 3850116,
                                                                                                                                    "operator_rows_scanned": 3850116,
                                                                                                                                    "operator_timing": 0.09607223099999994,
                                                                                                                                    "result_set_size": 2676024,
                                                                                                                                    "children": []
                                                                                                                                },
                                                                                                                                {
                                                                                                                                    "operator_name": "READ_PARQUET ",
                                                                                                                                    "cpu_time": 0.000560727,
                                                                                                                                    "extra_info": {
                                                                                                                                        "Function": "READ_PARQUET",
                                                                                                                                        "Projections": [
                                                                                                                                            "tagname",
                                                                                                                                            "count"
                                                                                                                                        ],
                                                                                                                                        "Estimated Cardinality": "1976"
                                                                                                                                    },
                                                                                                                                    "cumulative_cardinality": 1976,
                                                                                                                                    "operator_type": "TABLE_SCAN",
                                                                                                                                    "operator_cardinality": 1976,
                                                                                                                                    "cumulative_rows_scanned": 1976,
                                                                                                                                    "operator_rows_scanned": 1976,
                                                                                                                                    "operator_timing": 0.000560727,
                                                                                                                                    "result_set_size": 39520,
                                                                                                                                    "children": []
                                                                                                                                }
                                                                                                                            ]
                                                                                                                        }
                                                                                                                    ]
                                                                                                                },
                                                                                                                {
                                                                                                                    "operator_name": "PROJECTION",
                                                                                                                    "cpu_time": 0.14343311299999933,
                                                                                                                    "extra_info": {
                                                                                                                        "Projections": [
                                                                                                                            "#0",
                                                                                                                            "__internal_compress_integral_utinyint(#1, 1)"
                                                                                                                        ],
                                                                                                                        "Estimated Cardinality": "12744093"
                                                                                                                    },
                                                                                                                    "cumulative_cardinality": 25488186,
                                                                                                                    "operator_type": "PROJECTION",
                                                                                                                    "operator_cardinality": 12744093,
                                                                                                                    "cumulative_rows_scanned": 12744093,
                                                                                                                    "operator_rows_scanned": 0,
                                                                                                                    "operator_timing": 0.003514825999999918,
                                                                                                                    "result_set_size": 63720465,
                                                                                                                    "children": [
                                                                                                                        {
                                                                                                                            "operator_name": "READ_PARQUET ",
                                                                                                                            "cpu_time": 0.13991828699999942,
                                                                                                                            "extra_info": {
                                                                                                                                "Function": "READ_PARQUET",
                                                                                                                                "Projections": [
                                                                                                                                    "postid",
                                                                                                                                    "votetypeid"
                                                                                                                                ],
                                                                                                                                "Estimated Cardinality": "12744093"
                                                                                                                            },
                                                                                                                            "cumulative_cardinality": 12744093,
                                                                                                                            "operator_type": "TABLE_SCAN",
                                                                                                                            "operator_cardinality": 12744093,
                                                                                                                            "cumulative_rows_scanned": 12744093,
                                                                                                                            "operator_rows_scanned": 12744093,
                                                                                                                            "operator_timing": 0.13991828699999942,
                                                                                                                            "result_set_size": 76464558,
                                                                                                                            "children": []
                                                                                                                        }
                                                                                                                    ]
                                                                                                                }
                                                                                                            ]
                                                                                                        }
                                                                                                    ]
                                                                                                }
                                                                                            ]
                                                                                        }
                                                                                    ]
                                                                                }
                                                                            ]
                                                                        }
                                                                    ]
                                                                }
                                                            ]
                                                        }
                                                    ]
                                                }
                                            ]
                                        }
                                    ]
                                }
                            ]
                        }
                    ]
                }
            ]
        }
    ]
}