{
    "rows_returned": 10,
    "query_name": "WITH Tag_List AS (\n    SELECT \n        split_part(tag, '>', 1) AS TagName,\n        COUNT(*) AS TagCount\n    FROM (\n        SELECT \n            unnest(string_to_array(substring(Tags, 2, length(Tags)-2), '><')) AS tag,\n            Id\n        FROM Posts\n        WHERE PostTypeId = 1  \n    ) AS Tags_Sub\n    GROUP BY TagName\n),\nActive_Users AS (\n    SELECT \n        u.Id AS UserId,\n        u.DisplayName,\n        COUNT(p.Id) AS PostCount,\n        SUM(CASE WHEN p.Score > 0 THEN 1 ELSE 0 END) AS UpVotes,\n        SUM(CASE WHEN p.Score < 0 THEN 1 ELSE 0 END) AS DownVotes\n    FROM Users u\n    JOIN Posts p ON u.Id = p.OwnerUserId\n    WHERE p.CreationDate >= cast('2024-10-01 12:34:56' as timestamp) - INTERVAL '1 year'\n    GROUP BY u.Id, u.DisplayName\n),\nTop_Tags AS (\n    SELECT \n        TagName,\n        TagCount,\n        ROW_NUMBER() OVER (ORDER BY TagCount DESC) AS TagRank\n    FROM Tag_List\n    WHERE TagCount > 5  \n)\nSELECT \n    au.DisplayName AS ActiveUser,\n    au.PostCount AS NumberOfPosts,\n    au.UpVotes AS TotalUpVotes,\n    au.DownVotes AS TotalDownVotes,\n    tt.TagName AS MostUsedTag,\n    tt.TagCount AS UsageCount\nFROM Active_Users au\nJOIN Top_Tags tt ON TRUE  \nWHERE au.UpVotes > 10  \nORDER BY au.PostCount DESC, tt.TagCount DESC\nLIMIT 10;",
    "blocked_thread_time": 0.0,
    "cpu_time": 12.948030559995145,
    "extra_info": {},
    "cumulative_cardinality": 18251582,
    "cumulative_rows_scanned": 8960942,
    "result_set_size": 800,
    "latency": 19.089494962,
    "children": [
        {
            "operator_name": "STREAMING_LIMIT",
            "cpu_time": 12.948030559995145,
            "extra_info": {},
            "cumulative_cardinality": 18251582,
            "operator_type": "STREAMING_LIMIT",
            "operator_cardinality": 10,
            "cumulative_rows_scanned": 8960942,
            "operator_rows_scanned": 0,
            "operator_timing": 0.000002344,
            "result_set_size": 800,
            "children": [
                {
                    "operator_name": "ORDER_BY",
                    "cpu_time": 12.948028215995144,
                    "extra_info": {
                        "Order By": [
                            "au.PostCount DESC",
                            "tt.TagCount DESC"
                        ]
                    },
                    "cumulative_cardinality": 18251572,
                    "operator_type": "ORDER_BY",
                    "operator_cardinality": 4096,
                    "cumulative_rows_scanned": 8960942,
                    "operator_rows_scanned": 0,
                    "operator_timing": 0.24480775199999974,
                    "result_set_size": 327680,
                    "children": [
                        {
                            "operator_name": "CROSS_PRODUCT",
                            "cpu_time": 12.703220463995144,
                            "extra_info": {},
                            "cumulative_cardinality": 18247476,
                            "operator_type": "CROSS_PRODUCT",
                            "operator_cardinality": 2706528,
                            "cumulative_rows_scanned": 8960942,
                            "operator_rows_scanned": 0,
                            "operator_timing": 0.003545201999999995,
                            "result_set_size": 216522240,
                            "children": [
                                {
                                    "operator_name": "PROJECTION",
                                    "cpu_time": 0.145313457,
                                    "extra_info": {
                                        "Projections": [
                                            "#1",
                                            "#2",
                                            "#3",
                                            "#4"
                                        ],
                                        "Estimated Cardinality": "77002"
                                    },
                                    "cumulative_cardinality": 1728769,
                                    "operator_type": "PROJECTION",
                                    "operator_cardinality": 1398,
                                    "cumulative_rows_scanned": 5110826,
                                    "operator_rows_scanned": 0,
                                    "operator_timing": 0.000012213000000000001,
                                    "result_set_size": 78288,
                                    "children": [
                                        {
                                            "operator_name": "FILTER",
                                            "cpu_time": 0.145301244,
                                            "extra_info": {
                                                "Expression": "(UpVotes > 10)",
                                                "Estimated Cardinality": "77002"
                                            },
                                            "cumulative_cardinality": 1727371,
                                            "operator_type": "FILTER",
                                            "operator_cardinality": 1398,
                                            "cumulative_rows_scanned": 5110826,
                                            "operator_rows_scanned": 0,
                                            "operator_timing": 0.00014699600000000001,
                                            "result_set_size": 83880,
                                            "children": [
                                                {
                                                    "operator_name": "HASH_GROUP_BY",
                                                    "cpu_time": 0.14515424799999999,
                                                    "extra_info": {
                                                        "Groups": [
                                                            "#0",
                                                            "#1"
                                                        ],
                                                        "Aggregates": [
                                                            "count_star()",
                                                            "sum(#2)",
                                                            "sum(#3)"
                                                        ],
                                                        "Estimated Cardinality": "385011"
                                                    },
                                                    "cumulative_cardinality": 1725973,
                                                    "operator_type": "HASH_GROUP_BY",
                                                    "operator_cardinality": 32452,
                                                    "cumulative_rows_scanned": 5110826,
                                                    "operator_rows_scanned": 0,
                                                    "operator_timing": 0.011923551999999997,
                                                    "result_set_size": 1947120,
                                                    "children": [
                                                        {
                                                            "operator_name": "PROJECTION",
                                                            "cpu_time": 0.13323069599999998,
                                                            "extra_info": {
                                                                "Projections": [
                                                                    "id",
                                                                    "displayname",
                                                                    "CASE  WHEN ((score > 0)) THEN (1) ELSE 0 END",
                                                                    "CASE  WHEN ((score < 0)) THEN (1) ELSE 0 END"
                                                                ],
                                                                "Estimated Cardinality": "770023"
                                                            },
                                                            "cumulative_cardinality": 1693521,
                                                            "operator_type": "PROJECTION",
                                                            "operator_cardinality": 143650,
                                                            "cumulative_rows_scanned": 5110826,
                                                            "operator_rows_scanned": 0,
                                                            "operator_timing": 0.0013212049999999987,
                                                            "result_set_size": 4022200,
                                                            "children": [
                                                                {
                                                                    "operator_name": "HASH_JOIN",
                                                                    "cpu_time": 0.131909491,
                                                                    "extra_info": {
                                                                        "Join Type": "INNER",
                                                                        "Conditions": "id = owneruserid",
                                                                        "Estimated Cardinality": "770023"
                                                                    },
                                                                    "cumulative_cardinality": 1549871,
                                                                    "operator_type": "HASH_JOIN",
                                                                    "operator_cardinality": 143650,
                                                                    "cumulative_rows_scanned": 5110826,
                                                                    "operator_rows_scanned": 0,
                                                                    "operator_timing": 0.02006859699999998,
                                                                    "result_set_size": 3447600,
                                                                    "children": [
                                                                        {
                                                                            "operator_name": "READ_PARQUET ",
                                                                            "cpu_time": 0.08760034,
                                                                            "extra_info": {
                                                                                "Function": "READ_PARQUET",
                                                                                "Projections": [
                                                                                    "id",
                                                                                    "displayname"
                                                                                ],
                                                                                "Filters": "id<=1416539",
                                                                                "Estimated Cardinality": "1260710"
                                                                            },
                                                                            "cumulative_cardinality": 1260679,
                                                                            "operator_type": "TABLE_SCAN",
                                                                            "operator_cardinality": 1260679,
                                                                            "cumulative_rows_scanned": 1260710,
                                                                            "operator_rows_scanned": 1260710,
                                                                            "operator_timing": 0.08760034,
                                                                            "result_set_size": 25213580,
                                                                            "children": []
                                                                        },
                                                                        {
                                                                            "operator_name": "READ_PARQUET ",
                                                                            "cpu_time": 0.024240554000000004,
                                                                            "extra_info": {
                                                                                "Function": "READ_PARQUET",
                                                                                "Projections": [
                                                                                    "id",
                                                                                    "score",
                                                                                    "owneruserid"
                                                                                ],
                                                                                "Filters": "creationdate>='2023-10-01 12:34:56'::TIMESTAMP",
                                                                                "Estimated Cardinality": "770023"
                                                                            },
                                                                            "cumulative_cardinality": 145542,
                                                                            "operator_type": "TABLE_SCAN",
                                                                            "operator_cardinality": 145542,
                                                                            "cumulative_rows_scanned": 3850116,
                                                                            "operator_rows_scanned": 3850116,
                                                                            "operator_timing": 0.024240554000000004,
                                                                            "result_set_size": 1746504,
                                                                            "children": []
                                                                        }
                                                                    ]
                                                                }
                                                            ]
                                                        }
                                                    ]
                                                }
                                            ]
                                        }
                                    ]
                                },
                                {
                                    "operator_name": "PROJECTION",
                                    "cpu_time": 12.554361804995144,
                                    "extra_info": {
                                        "Projections": [
                                            "TagName",
                                            "TagCount"
                                        ],
                                        "Estimated Cardinality": "77002"
                                    },
                                    "cumulative_cardinality": 13812179,
                                    "operator_type": "PROJECTION",
                                    "operator_cardinality": 1936,
                                    "cumulative_rows_scanned": 3850116,
                                    "operator_rows_scanned": 0,
                                    "operator_timing": 1.71e-7,
                                    "result_set_size": 46464,
                                    "children": [
                                        {
                                            "operator_name": "PROJECTION",
                                            "cpu_time": 12.554361633995144,
                                            "extra_info": {
                                                "Projections": [
                                                    "#0",
                                                    "#1",
                                                    "#2"
                                                ],
                                                "Estimated Cardinality": "77002"
                                            },
                                            "cumulative_cardinality": 13810243,
                                            "operator_type": "PROJECTION",
                                            "operator_cardinality": 1936,
                                            "cumulative_rows_scanned": 3850116,
                                            "operator_rows_scanned": 0,
                                            "operator_timing": 5.31e-7,
                                            "result_set_size": 61952,
                                            "children": [
                                                {
                                                    "operator_name": "WINDOW",
                                                    "cpu_time": 12.554361102995145,
                                                    "extra_info": {
                                                        "Projections": "ROW_NUMBER() OVER (ORDER BY TagCount DESC NULLS LAST)"
                                                    },
                                                    "cumulative_cardinality": 13808307,
                                                    "operator_type": "WINDOW",
                                                    "operator_cardinality": 1936,
                                                    "cumulative_rows_scanned": 3850116,
                                                    "operator_rows_scanned": 0,
                                                    "operator_timing": 0.000200664,
                                                    "result_set_size": 61952,
                                                    "children": [
                                                        {
                                                            "operator_name": "FILTER",
                                                            "cpu_time": 12.554160438995146,
                                                            "extra_info": {
                                                                "Expression": "(TagCount > 5)",
                                                                "Estimated Cardinality": "77002"
                                                            },
                                                            "cumulative_cardinality": 13806371,
                                                            "operator_type": "FILTER",
                                                            "operator_cardinality": 1936,
                                                            "cumulative_rows_scanned": 3850116,
                                                            "operator_rows_scanned": 0,
                                                            "operator_timing": 0.000007973999999999999,
                                                            "result_set_size": 46464,
                                                            "children": [
                                                                {
                                                                    "operator_name": "HASH_GROUP_BY",
                                                                    "cpu_time": 12.554152464995145,
                                                                    "extra_info": {
                                                                        "Groups": "#0",
                                                                        "Aggregates": "count_star()",
                                                                        "Estimated Cardinality": "385011"
                                                                    },
                                                                    "cumulative_cardinality": 13804435,
                                                                    "operator_type": "HASH_GROUP_BY",
                                                                    "operator_cardinality": 1976,
                                                                    "cumulative_rows_scanned": 3850116,
                                                                    "operator_rows_scanned": 0,
                                                                    "operator_timing": 4.601058191997623,
                                                                    "result_set_size": 47424,
                                                                    "children": [
                                                                        {
                                                                            "operator_name": "PROJECTION",
                                                                            "cpu_time": 7.953094272997521,
                                                                            "extra_info": {
                                                                                "Projections": "TagName",
                                                                                "Estimated Cardinality": "770023"
                                                                            },
                                                                            "cumulative_cardinality": 13802459,
                                                                            "operator_type": "PROJECTION",
                                                                            "operator_cardinality": 4044765,
                                                                            "cumulative_rows_scanned": 3850116,
                                                                            "operator_rows_scanned": 0,
                                                                            "operator_timing": 6.426436024996815,
                                                                            "result_set_size": 64716240,
                                                                            "children": [
                                                                                {
                                                                                    "operator_name": "PROJECTION",
                                                                                    "cpu_time": 1.5266582480007058,
                                                                                    "extra_info": {
                                                                                        "Projections": "tag",
                                                                                        "Estimated Cardinality": "770023"
                                                                                    },
                                                                                    "cumulative_cardinality": 9757694,
                                                                                    "operator_type": "PROJECTION",
                                                                                    "operator_cardinality": 4044765,
                                                                                    "cumulative_rows_scanned": 3850116,
                                                                                    "operator_rows_scanned": 0,
                                                                                    "operator_timing": 0.1978570319971877,
                                                                                    "result_set_size": 64716240,
                                                                                    "children": [
                                                                                        {
                                                                                            "operator_name": "UNNEST",
                                                                                            "cpu_time": 1.328801216003518,
                                                                                            "extra_info": {},
                                                                                            "cumulative_cardinality": 5712929,
                                                                                            "operator_type": "UNNEST",
                                                                                            "operator_cardinality": 4044765,
                                                                                            "cumulative_rows_scanned": 3850116,
                                                                                            "operator_rows_scanned": 0,
                                                                                            "operator_timing": 1.0995910040035182,
                                                                                            "result_set_size": 129432480,
                                                                                            "children": [
                                                                                                {
                                                                                                    "operator_name": "READ_PARQUET ",
                                                                                                    "cpu_time": 0.22921021200000002,
                                                                                                    "extra_info": {
                                                                                                        "Function": "READ_PARQUET",
                                                                                                        "Projections": "tags",
                                                                                                        "Filters": "posttypeid=1",
                                                                                                        "Estimated Cardinality": "770023"
                                                                                                    },
                                                                                                    "cumulative_cardinality": 1668164,
                                                                                                    "operator_type": "TABLE_SCAN",
                                                                                                    "operator_cardinality": 1668164,
                                                                                                    "cumulative_rows_scanned": 3850116,
                                                                                                    "operator_rows_scanned": 3850116,
                                                                                                    "operator_timing": 0.22921021200000002,
                                                                                                    "result_set_size": 26690624,
                                                                                                    "children": []
                                                                                                }
                                                                                            ]
                                                                                        }
                                                                                    ]
                                                                                }
                                                                            ]
                                                                        }
                                                                    ]
                                                                }
                                                            ]
                                                        }
                                                    ]
                                                }
                                            ]
                                        }
                                    ]
                                }
                            ]
                        }
                    ]
                }
            ]
        }
    ]
}