{
    "rows_returned": 20,
    "query_name": "\nWITH PostDetails AS (\n    SELECT \n        p.Id AS PostId,\n        p.Title,\n        p.Body,\n        p.Tags,\n        u.DisplayName AS Author,\n        p.CreationDate,\n        p.Score,\n        p.ViewCount,\n        array_length(string_to_array(substring(p.Tags, 2, length(p.Tags) - 2), '><'), 1) AS TagCount,\n        COUNT(c.Id) AS CommentCount,\n        COUNT(pa.Id) AS AnswerCount\n    FROM \n        Posts p\n    LEFT JOIN \n        Users u ON p.OwnerUserId = u.Id\n    LEFT JOIN \n        Comments c ON p.Id = c.PostId\n    LEFT JOIN \n        Posts pa ON p.Id = pa.ParentId AND pa.PostTypeId = 1  \n    WHERE \n        p.PostTypeId = 1  \n    GROUP BY \n        p.Id, p.Title, p.Body, p.Tags, u.DisplayName, p.CreationDate, p.Score, p.ViewCount\n),\nPopularTags AS (\n    SELECT \n        tag,\n        COUNT(*) AS TagFrequency\n    FROM (\n        SELECT \n            unnest(string_to_array(substring(Tags, 2, length(Tags) - 2), '><')) AS tag\n        FROM \n            Posts\n        WHERE \n            PostTypeId = 1  \n    ) AS TagList\n    GROUP BY \n        tag\n    ORDER BY \n        TagFrequency DESC\n    LIMIT 10  \n),\nBenchmarkData AS (\n    SELECT \n        pd.PostId,\n        pd.Title,\n        pd.Body,\n        pd.Author,\n        pd.CreationDate,\n        pd.Score,\n        pd.ViewCount,\n        pd.TagCount,\n        pd.CommentCount,\n        pd.AnswerCount,\n        pt.TagFrequency\n    FROM \n        PostDetails pd\n    JOIN \n        PopularTags pt ON pd.Tags LIKE CONCAT('%', pt.tag, '%')\n)\nSELECT \n    b.*,\n    CASE \n        WHEN b.TagCount > 5 THEN 'High Tag Count'\n        WHEN b.AnswerCount > 10 THEN 'Highly Answered'\n        ELSE 'Standard Post'\n    END AS PostCategory\nFROM \n    BenchmarkData b\nORDER BY \n    b.ViewCount DESC,\n    b.Score DESC\nLIMIT 20;\n",
    "blocked_thread_time": 0.0,
    "cpu_time": 23.573243242003866,
    "extra_info": {},
    "cumulative_cardinality": 61644626,
    "cumulative_rows_scanned": 20052880,
    "result_set_size": 2320,
    "latency": 29.795215231,
    "children": [
        {
            "operator_name": "STREAMING_LIMIT",
            "cpu_time": 23.573243242003866,
            "extra_info": {},
            "cumulative_cardinality": 61644626,
            "operator_type": "STREAMING_LIMIT",
            "operator_cardinality": 20,
            "cumulative_rows_scanned": 20052880,
            "operator_rows_scanned": 0,
            "operator_timing": 0.0000015810000000000002,
            "result_set_size": 2320,
            "children": [
                {
                    "operator_name": "PROJECTION",
                    "cpu_time": 23.573241661003866,
                    "extra_info": {
                        "Projections": [
                            "#0",
                            "#1",
                            "#2",
                            "#3",
                            "#4",
                            "__internal_decompress_integral_integer(#5, -72)",
                            "#6",
                            "#7",
                            "#8",
                            "#9",
                            "#10",
                            "__internal_decompress_string(#11)"
                        ],
                        "Estimated Cardinality": "3850116"
                    },
                    "cumulative_cardinality": 61644606,
                    "operator_type": "PROJECTION",
                    "operator_cardinality": 4096,
                    "cumulative_rows_scanned": 20052880,
                    "operator_rows_scanned": 0,
                    "operator_timing": 0.000073097,
                    "result_set_size": 475136,
                    "children": [
                        {
                            "operator_name": "ORDER_BY",
                            "cpu_time": 23.573168564003865,
                            "extra_info": {
                                "Order By": [
                                    "b.viewcount DESC",
                                    "b.score DESC"
                                ]
                            },
                            "cumulative_cardinality": 61640510,
                            "operator_type": "ORDER_BY",
                            "operator_cardinality": 4096,
                            "cumulative_rows_scanned": 20052880,
                            "operator_rows_scanned": 0,
                            "operator_timing": 0.3985669789999997,
                            "result_set_size": 466944,
                            "children": [
                                {
                                    "operator_name": "PROJECTION",
                                    "cpu_time": 23.174601585003867,
                                    "extra_info": {
                                        "Projections": [
                                            "#0",
                                            "#1",
                                            "#2",
                                            "#3",
                                            "#4",
                                            "__internal_compress_integral_usmallint(#5, -72)",
                                            "#6",
                                            "#7",
                                            "#8",
                                            "#9",
                                            "#10",
                                            "__internal_compress_string_hugeint(#11)"
                                        ],
                                        "Estimated Cardinality": "3850116"
                                    },
                                    "cumulative_cardinality": 61636414,
                                    "operator_type": "PROJECTION",
                                    "operator_cardinality": 1065172,
                                    "cumulative_rows_scanned": 20052880,
                                    "operator_rows_scanned": 0,
                                    "operator_timing": 0.012189796000000055,
                                    "result_set_size": 121429608,
                                    "children": [
                                        {
                                            "operator_name": "PROJECTION",
                                            "cpu_time": 23.162411789003865,
                                            "extra_info": {
                                                "Projections": [
                                                    "PostId",
                                                    "title",
                                                    "body",
                                                    "Author",
                                                    "creationdate",
                                                    "score",
                                                    "viewcount",
                                                    "TagCount",
                                                    "CommentCount",
                                                    "AnswerCount",
                                                    "TagFrequency",
                                                    "PostCategory"
                                                ],
                                                "Estimated Cardinality": "3850116"
                                            },
                                            "cumulative_cardinality": 60571242,
                                            "operator_type": "PROJECTION",
                                            "operator_cardinality": 1065172,
                                            "cumulative_rows_scanned": 20052880,
                                            "operator_rows_scanned": 0,
                                            "operator_timing": 0.023852489999999872,
                                            "result_set_size": 123559952,
                                            "children": [
                                                {
                                                    "operator_name": "PROJECTION",
                                                    "cpu_time": 23.138559299003866,
                                                    "extra_info": {
                                                        "Projections": [
                                                            "PostId",
                                                            "title",
                                                            "body",
                                                            "Author",
                                                            "creationdate",
                                                            "score",
                                                            "viewcount",
                                                            "TagCount",
                                                            "CommentCount",
                                                            "AnswerCount",
                                                            "TagFrequency"
                                                        ],
                                                        "Estimated Cardinality": "3850116"
                                                    },
                                                    "cumulative_cardinality": 59506070,
                                                    "operator_type": "PROJECTION",
                                                    "operator_cardinality": 1065172,
                                                    "cumulative_rows_scanned": 20052880,
                                                    "operator_rows_scanned": 0,
                                                    "operator_timing": 0.004770600000000127,
                                                    "result_set_size": 106517200,
                                                    "children": [
                                                        {
                                                            "operator_name": "BLOCKWISE_NL_JOIN",
                                                            "cpu_time": 23.133788699003865,
                                                            "extra_info": {
                                                                "Join Type": "INNER",
                                                                "Condition": "(tags ~~ concat('%', tag, '%'))"
                                                            },
                                                            "cumulative_cardinality": 58440898,
                                                            "operator_type": "BLOCKWISE_NL_JOIN",
                                                            "operator_cardinality": 1065172,
                                                            "cumulative_rows_scanned": 20052880,
                                                            "operator_rows_scanned": 0,
                                                            "operator_timing": 2.7366985110000006,
                                                            "result_set_size": 140602704,
                                                            "children": [
                                                                {
                                                                    "operator_name": "PROJECTION",
                                                                    "cpu_time": 17.864931613000003,
                                                                    "extra_info": {
                                                                        "Projections": [
                                                                            "PostId",
                                                                            "title",
                                                                            "body",
                                                                            "tags",
                                                                            "Author",
                                                                            "creationdate",
                                                                            "score",
                                                                            "viewcount",
                                                                            "TagCount",
                                                                            "CommentCount",
                                                                            "AnswerCount"
                                                                        ],
                                                                        "Estimated Cardinality": "3850116"
                                                                    },
                                                                    "cumulative_cardinality": 43569305,
                                                                    "operator_type": "PROJECTION",
                                                                    "operator_cardinality": 1668164,
                                                                    "cumulative_rows_scanned": 16202764,
                                                                    "operator_rows_scanned": 0,
                                                                    "operator_timing": 0.3826524940000002,
                                                                    "result_set_size": 180161712,
                                                                    "children": [
                                                                        {
                                                                            "operator_name": "PROJECTION",
                                                                            "cpu_time": 17.482279119000005,
                                                                            "extra_info": {
                                                                                "Projections": [
                                                                                    "#0",
                                                                                    "#1",
                                                                                    "#2",
                                                                                    "#3",
                                                                                    "#4",
                                                                                    "#5",
                                                                                    "__internal_decompress_integral_integer(#6, -72)",
                                                                                    "#7",
                                                                                    "#8",
                                                                                    "#9"
                                                                                ],
                                                                                "Estimated Cardinality": "3850116"
                                                                            },
                                                                            "cumulative_cardinality": 41901141,
                                                                            "operator_type": "PROJECTION",
                                                                            "operator_cardinality": 1668164,
                                                                            "cumulative_rows_scanned": 16202764,
                                                                            "operator_rows_scanned": 0,
                                                                            "operator_timing": 0.0009956879999999993,
                                                                            "result_set_size": 166816400,
                                                                            "children": [
                                                                                {
                                                                                    "operator_name": "HASH_GROUP_BY",
                                                                                    "cpu_time": 17.481283431000005,
                                                                                    "extra_info": {
                                                                                        "Groups": [
                                                                                            "#0",
                                                                                            "#1",
                                                                                            "#2",
                                                                                            "#3",
                                                                                            "#4",
                                                                                            "#5",
                                                                                            "#6",
                                                                                            "#7"
                                                                                        ],
                                                                                        "Aggregates": [
                                                                                            "count(#8)",
                                                                                            "count(#9)"
                                                                                        ],
                                                                                        "Estimated Cardinality": "3850116"
                                                                                    },
                                                                                    "cumulative_cardinality": 40232977,
                                                                                    "operator_type": "HASH_GROUP_BY",
                                                                                    "operator_cardinality": 1668164,
                                                                                    "cumulative_rows_scanned": 16202764,
                                                                                    "operator_rows_scanned": 0,
                                                                                    "operator_timing": 3.24446376,
                                                                                    "result_set_size": 163480072,
                                                                                    "children": [
                                                                                        {
                                                                                            "operator_name": "PROJECTION",
                                                                                            "cpu_time": 14.236819671000006,
                                                                                            "extra_info": {
                                                                                                "Projections": [
                                                                                                    "id",
                                                                                                    "title",
                                                                                                    "body",
                                                                                                    "tags",
                                                                                                    "displayname",
                                                                                                    "creationdate",
                                                                                                    "score",
                                                                                                    "viewcount",
                                                                                                    "id",
                                                                                                    "id"
                                                                                                ],
                                                                                                "Estimated Cardinality": "7241822"
                                                                                            },
                                                                                            "cumulative_cardinality": 38564813,
                                                                                            "operator_type": "PROJECTION",
                                                                                            "operator_cardinality": 4677925,
                                                                                            "cumulative_rows_scanned": 16202764,
                                                                                            "operator_rows_scanned": 0,
                                                                                            "operator_timing": 0.0021525819999999836,
                                                                                            "result_set_size": 421013250,
                                                                                            "children": [
                                                                                                {
                                                                                                    "operator_name": "PROJECTION",
                                                                                                    "cpu_time": 14.234667089000006,
                                                                                                    "extra_info": {
                                                                                                        "Projections": [
                                                                                                            "#0",
                                                                                                            "#1",
                                                                                                            "#2",
                                                                                                            "__internal_compress_integral_usmallint(#3, -72)",
                                                                                                            "#4",
                                                                                                            "#5",
                                                                                                            "#6",
                                                                                                            "#7",
                                                                                                            "#8",
                                                                                                            "#9"
                                                                                                        ],
                                                                                                        "Estimated Cardinality": "7241822"
                                                                                                    },
                                                                                                    "cumulative_cardinality": 33886888,
                                                                                                    "operator_type": "PROJECTION",
                                                                                                    "operator_cardinality": 4677925,
                                                                                                    "cumulative_rows_scanned": 16202764,
                                                                                                    "operator_rows_scanned": 0,
                                                                                                    "operator_timing": 0.0070751300000000145,
                                                                                                    "result_set_size": 421013250,
                                                                                                    "children": [
                                                                                                        {
                                                                                                            "operator_name": "HASH_JOIN",
                                                                                                            "cpu_time": 14.227591959000005,
                                                                                                            "extra_info": {
                                                                                                                "Join Type": "LEFT",
                                                                                                                "Conditions": "id = parentid",
                                                                                                                "Estimated Cardinality": "7241822"
                                                                                                            },
                                                                                                            "cumulative_cardinality": 29208963,
                                                                                                            "operator_type": "HASH_JOIN",
                                                                                                            "operator_cardinality": 4677925,
                                                                                                            "cumulative_rows_scanned": 16202764,
                                                                                                            "operator_rows_scanned": 0,
                                                                                                            "operator_timing": 0.0068419329999999945,
                                                                                                            "result_set_size": 430369100,
                                                                                                            "children": [
                                                                                                                {
                                                                                                                    "operator_name": "PROJECTION",
                                                                                                                    "cpu_time": 14.103016194000004,
                                                                                                                    "extra_info": {
                                                                                                                        "Projections": [
                                                                                                                            "#0",
                                                                                                                            "#1",
                                                                                                                            "#2",
                                                                                                                            "__internal_decompress_integral_integer(#3, -72)",
                                                                                                                            "#4",
                                                                                                                            "#5",
                                                                                                                            "#6",
                                                                                                                            "#7",
                                                                                                                            "#8"
                                                                                                                        ],
                                                                                                                        "Estimated Cardinality": "7241822"
                                                                                                                    },
                                                                                                                    "cumulative_cardinality": 22862874,
                                                                                                                    "operator_type": "PROJECTION",
                                                                                                                    "operator_cardinality": 4677925,
                                                                                                                    "cumulative_rows_scanned": 12352648,
                                                                                                                    "operator_rows_scanned": 0,
                                                                                                                    "operator_timing": 0.018645724000000006,
                                                                                                                    "result_set_size": 411657400,
                                                                                                                    "children": [
                                                                                                                        {
                                                                                                                            "operator_name": "HASH_JOIN",
                                                                                                                            "cpu_time": 14.084370470000003,
                                                                                                                            "extra_info": {
                                                                                                                                "Join Type": "RIGHT",
                                                                                                                                "Conditions": "postid = id",
                                                                                                                                "Estimated Cardinality": "7241822"
                                                                                                                            },
                                                                                                                            "cumulative_cardinality": 18184949,
                                                                                                                            "operator_type": "HASH_JOIN",
                                                                                                                            "operator_cardinality": 4677925,
                                                                                                                            "cumulative_rows_scanned": 12352648,
                                                                                                                            "operator_rows_scanned": 0,
                                                                                                                            "operator_timing": 0.9694006979999992,
                                                                                                                            "result_set_size": 402301550,
                                                                                                                            "children": [
                                                                                                                                {
                                                                                                                                    "operator_name": "READ_PARQUET ",
                                                                                                                                    "cpu_time": 0.14082836999999987,
                                                                                                                                    "extra_info": {
                                                                                                                                        "Function": "READ_PARQUET",
                                                                                                                                        "Projections": [
                                                                                                                                            "id",
                                                                                                                                            "postid"
                                                                                                                                        ],
                                                                                                                                        "Estimated Cardinality": "7241822"
                                                                                                                                    },
                                                                                                                                    "cumulative_cardinality": 7241822,
                                                                                                                                    "operator_type": "TABLE_SCAN",
                                                                                                                                    "operator_cardinality": 7241822,
                                                                                                                                    "cumulative_rows_scanned": 7241822,
                                                                                                                                    "operator_rows_scanned": 7241822,
                                                                                                                                    "operator_timing": 0.14082836999999987,
                                                                                                                                    "result_set_size": 57934576,
                                                                                                                                    "children": []
                                                                                                                                },
                                                                                                                                {
                                                                                                                                    "operator_name": "PROJECTION",
                                                                                                                                    "cpu_time": 12.974141402000004,
                                                                                                                                    "extra_info": {
                                                                                                                                        "Projections": [
                                                                                                                                            "#0",
                                                                                                                                            "#1",
                                                                                                                                            "__internal_compress_integral_usmallint(#2, -72)",
                                                                                                                                            "#3",
                                                                                                                                            "#4",
                                                                                                                                            "#5",
                                                                                                                                            "#6",
                                                                                                                                            "#7"
                                                                                                                                        ],
                                                                                                                                        "Estimated Cardinality": "1260710"
                                                                                                                                    },
                                                                                                                                    "cumulative_cardinality": 6265202,
                                                                                                                                    "operator_type": "PROJECTION",
                                                                                                                                    "operator_cardinality": 1668164,
                                                                                                                                    "cumulative_rows_scanned": 5110826,
                                                                                                                                    "operator_rows_scanned": 0,
                                                                                                                                    "operator_timing": 0.006749119000000013,
                                                                                                                                    "result_set_size": 136789448,
                                                                                                                                    "children": [
                                                                                                                                        {
                                                                                                                                            "operator_name": "HASH_JOIN",
                                                                                                                                            "cpu_time": 12.967392283000004,
                                                                                                                                            "extra_info": {
                                                                                                                                                "Join Type": "LEFT",
                                                                                                                                                "Conditions": "owneruserid = id",
                                                                                                                                                "Estimated Cardinality": "1260710"
                                                                                                                                            },
                                                                                                                                            "cumulative_cardinality": 4597038,
                                                                                                                                            "operator_type": "HASH_JOIN",
                                                                                                                                            "operator_cardinality": 1668164,
                                                                                                                                            "cumulative_rows_scanned": 5110826,
                                                                                                                                            "operator_rows_scanned": 0,
                                                                                                                                            "operator_timing": 0.2588152720000003,
                                                                                                                                            "result_set_size": 140125776,
                                                                                                                                            "children": [
                                                                                                                                                {
                                                                                                                                                    "operator_name": "READ_PARQUET ",
                                                                                                                                                    "cpu_time": 12.633518518000004,
                                                                                                                                                    "extra_info": {
                                                                                                                                                        "Function": "READ_PARQUET",
                                                                                                                                                        "Projections": [
                                                                                                                                                            "id",
                                                                                                                                                            "creationdate",
                                                                                                                                                            "score",
                                                                                                                                                            "viewcount",
                                                                                                                                                            "body",
                                                                                                                                                            "owneruserid",
                                                                                                                                                            "title",
                                                                                                                                                            "tags"
                                                                                                                                                        ],
                                                                                                                                                        "Filters": "posttypeid=1",
                                                                                                                                                        "Estimated Cardinality": "770023"
                                                                                                                                                    },
                                                                                                                                                    "cumulative_cardinality": 1668164,
                                                                                                                                                    "operator_type": "TABLE_SCAN",
                                                                                                                                                    "operator_cardinality": 1668164,
                                                                                                                                                    "cumulative_rows_scanned": 3850116,
                                                                                                                                                    "operator_rows_scanned": 3850116,
                                                                                                                                                    "operator_timing": 12.633518518000004,
                                                                                                                                                    "result_set_size": 120107808,
                                                                                                                                                    "children": []
                                                                                                                                                },
                                                                                                                                                {
                                                                                                                                                    "operator_name": "READ_PARQUET ",
                                                                                                                                                    "cpu_time": 0.07505849299999996,
                                                                                                                                                    "extra_info": {
                                                                                                                                                        "Function": "READ_PARQUET",
                                                                                                                                                        "Projections": [
                                                                                                                                                            "id",
                                                                                                                                                            "displayname"
                                                                                                                                                        ],
                                                                                                                                                        "Estimated Cardinality": "1260710"
                                                                                                                                                    },
                                                                                                                                                    "cumulative_cardinality": 1260710,
                                                                                                                                                    "operator_type": "TABLE_SCAN",
                                                                                                                                                    "operator_cardinality": 1260710,
                                                                                                                                                    "cumulative_rows_scanned": 1260710,
                                                                                                                                                    "operator_rows_scanned": 1260710,
                                                                                                                                                    "operator_timing": 0.07505849299999996,
                                                                                                                                                    "result_set_size": 25214200,
                                                                                                                                                    "children": []
                                                                                                                                                }
                                                                                                                                            ]
                                                                                                                                        }
                                                                                                                                    ]
                                                                                                                                }
                                                                                                                            ]
                                                                                                                        }
                                                                                                                    ]
                                                                                                                },
                                                                                                                {
                                                                                                                    "operator_name": "READ_PARQUET ",
                                                                                                                    "cpu_time": 0.11773383199999995,
                                                                                                                    "extra_info": {
                                                                                                                        "Function": "READ_PARQUET",
                                                                                                                        "Projections": [
                                                                                                                            "id",
                                                                                                                            "parentid"
                                                                                                                        ],
                                                                                                                        "Filters": "posttypeid=1",
                                                                                                                        "Estimated Cardinality": "770023"
                                                                                                                    },
                                                                                                                    "cumulative_cardinality": 1668164,
                                                                                                                    "operator_type": "TABLE_SCAN",
                                                                                                                    "operator_cardinality": 1668164,
                                                                                                                    "cumulative_rows_scanned": 3850116,
                                                                                                                    "operator_rows_scanned": 3850116,
                                                                                                                    "operator_timing": 0.11773383199999995,
                                                                                                                    "result_set_size": 13345312,
                                                                                                                    "children": []
                                                                                                                }
                                                                                                            ]
                                                                                                        }
                                                                                                    ]
                                                                                                }
                                                                                            ]
                                                                                        }
                                                                                    ]
                                                                                }
                                                                            ]
                                                                        }
                                                                    ]
                                                                },
                                                                {
                                                                    "operator_name": "STREAMING_LIMIT",
                                                                    "cpu_time": 2.532158575003863,
                                                                    "extra_info": {},
                                                                    "cumulative_cardinality": 13806421,
                                                                    "operator_type": "STREAMING_LIMIT",
                                                                    "operator_cardinality": 10,
                                                                    "cumulative_rows_scanned": 3850116,
                                                                    "operator_rows_scanned": 0,
                                                                    "operator_timing": 9.31e-7,
                                                                    "result_set_size": 240,
                                                                    "children": [
                                                                        {
                                                                            "operator_name": "ORDER_BY",
                                                                            "cpu_time": 2.532157644003863,
                                                                            "extra_info": {
                                                                                "Order By": "count_star() DESC"
                                                                            },
                                                                            "cumulative_cardinality": 13806411,
                                                                            "operator_type": "ORDER_BY",
                                                                            "operator_cardinality": 1976,
                                                                            "cumulative_rows_scanned": 3850116,
                                                                            "operator_rows_scanned": 0,
                                                                            "operator_timing": 0.000086453,
                                                                            "result_set_size": 47424,
                                                                            "children": [
                                                                                {
                                                                                    "operator_name": "HASH_GROUP_BY",
                                                                                    "cpu_time": 2.5320711910038627,
                                                                                    "extra_info": {
                                                                                        "Groups": "#0",
                                                                                        "Aggregates": "count_star()",
                                                                                        "Estimated Cardinality": "385011"
                                                                                    },
                                                                                    "cumulative_cardinality": 13804435,
                                                                                    "operator_type": "HASH_GROUP_BY",
                                                                                    "operator_cardinality": 1976,
                                                                                    "cumulative_rows_scanned": 3850116,
                                                                                    "operator_rows_scanned": 0,
                                                                                    "operator_timing": 1.0002163620007563,
                                                                                    "result_set_size": 47424,
                                                                                    "children": [
                                                                                        {
                                                                                            "operator_name": "PROJECTION",
                                                                                            "cpu_time": 1.5318548290031064,
                                                                                            "extra_info": {
                                                                                                "Projections": "tag",
                                                                                                "Estimated Cardinality": "770023"
                                                                                            },
                                                                                            "cumulative_cardinality": 13802459,
                                                                                            "operator_type": "PROJECTION",
                                                                                            "operator_cardinality": 4044765,
                                                                                            "cumulative_rows_scanned": 3850116,
                                                                                            "operator_rows_scanned": 0,
                                                                                            "operator_timing": 0.1265979440023275,
                                                                                            "result_set_size": 64716240,
                                                                                            "children": [
                                                                                                {
                                                                                                    "operator_name": "PROJECTION",
                                                                                                    "cpu_time": 1.405256885000779,
                                                                                                    "extra_info": {
                                                                                                        "Projections": "tag",
                                                                                                        "Estimated Cardinality": "770023"
                                                                                                    },
                                                                                                    "cumulative_cardinality": 9757694,
                                                                                                    "operator_type": "PROJECTION",
                                                                                                    "operator_cardinality": 4044765,
                                                                                                    "cumulative_rows_scanned": 3850116,
                                                                                                    "operator_rows_scanned": 0,
                                                                                                    "operator_timing": 0.13032255900184736,
                                                                                                    "result_set_size": 64716240,
                                                                                                    "children": [
                                                                                                        {
                                                                                                            "operator_name": "UNNEST",
                                                                                                            "cpu_time": 1.2749343259989316,
                                                                                                            "extra_info": {},
                                                                                                            "cumulative_cardinality": 5712929,
                                                                                                            "operator_type": "UNNEST",
                                                                                                            "operator_cardinality": 4044765,
                                                                                                            "cumulative_rows_scanned": 3850116,
                                                                                                            "operator_rows_scanned": 0,
                                                                                                            "operator_timing": 1.018687182998932,
                                                                                                            "result_set_size": 129432480,
                                                                                                            "children": [
                                                                                                                {
                                                                                                                    "operator_name": "READ_PARQUET ",
                                                                                                                    "cpu_time": 0.2562471429999998,
                                                                                                                    "extra_info": {
                                                                                                                        "Function": "READ_PARQUET",
                                                                                                                        "Projections": "tags",
                                                                                                                        "Filters": "posttypeid=1",
                                                                                                                        "Estimated Cardinality": "770023"
                                                                                                                    },
                                                                                                                    "cumulative_cardinality": 1668164,
                                                                                                                    "operator_type": "TABLE_SCAN",
                                                                                                                    "operator_cardinality": 1668164,
                                                                                                                    "cumulative_rows_scanned": 3850116,
                                                                                                                    "operator_rows_scanned": 3850116,
                                                                                                                    "operator_timing": 0.2562471429999998,
                                                                                                                    "result_set_size": 26690624,
                                                                                                                    "children": []
                                                                                                                }
                                                                                                            ]
                                                                                                        }
                                                                                                    ]
                                                                                                }
                                                                                            ]
                                                                                        }
                                                                                    ]
                                                                                }
                                                                            ]
                                                                        }
                                                                    ]
                                                                }
                                                            ]
                                                        }
                                                    ]
                                                }
                                            ]
                                        }
                                    ]
                                }
                            ]
                        }
                    ]
                }
            ]
        }
    ]
}