{
    "rows_returned": 0,
    "query_name": "WITH PostDetails AS (\n    SELECT \n        p.Id AS PostId,\n        p.Title,\n        p.Body,\n        p.Tags,\n        p.CreationDate,\n        u.DisplayName AS AuthorDisplayName,\n        u.Reputation AS AuthorReputation,\n        ARRAY_LENGTH(string_to_array(substring(p.Tags, 2, length(p.Tags) - 2), '><'), 1) AS TagCount,\n        COALESCE(a.AnswerCount, 0) AS AnswerCount,\n        COALESCE(v.UpVoteCount, 0) AS UpVoteCount\n    FROM \n        Posts p\n    JOIN \n        Users u ON p.OwnerUserId = u.Id\n    LEFT JOIN (\n        SELECT \n            ParentId,\n            COUNT(*) AS AnswerCount\n        FROM \n            Posts \n        WHERE \n            PostTypeId = 2\n        GROUP BY \n            ParentId\n    ) a ON p.Id = a.ParentId\n    LEFT JOIN (\n        SELECT \n            PostId,\n            COUNT(*) AS UpVoteCount\n        FROM \n            Votes \n        WHERE \n            VoteTypeId = 2\n        GROUP BY \n            PostId\n    ) v ON p.Id = v.PostId\n),\nClosedPosts AS (\n    SELECT \n        ph.PostId,\n        COUNT(*) AS CloseEvents\n    FROM \n        PostHistory ph\n    WHERE \n        ph.PostHistoryTypeId = 10 \n    GROUP BY \n        ph.PostId\n),\nEnhancedPostDetails AS (\n    SELECT \n        pd.PostId,\n        pd.Title,\n        pd.Body,\n        pd.Tags,\n        pd.CreationDate,\n        pd.AuthorDisplayName,\n        pd.AuthorReputation,\n        pd.TagCount,\n        pd.AnswerCount,\n        pd.UpVoteCount,\n        COALESCE(cp.CloseEvents, 0) AS CloseEventCount\n    FROM \n        PostDetails pd\n    LEFT JOIN \n        ClosedPosts cp ON pd.PostId = cp.PostId\n)\nSELECT \n    epd.PostId,\n    epd.Title,\n    epd.Body,\n    epd.Tags,\n    epd.CreationDate,\n    epd.AuthorDisplayName,\n    epd.AuthorReputation,\n    epd.TagCount,\n    epd.AnswerCount,\n    epd.UpVoteCount,\n    epd.CloseEventCount\nFROM \n    EnhancedPostDetails epd\nWHERE \n    epd.TagCount > 5\nORDER BY \n    epd.UpVoteCount DESC,\n    epd.CreationDate ASC\nLIMIT 10;",
    "blocked_thread_time": 0.0,
    "cpu_time": 16.484862240000005,
    "extra_info": {},
    "cumulative_cardinality": 32725259,
    "cumulative_rows_scanned": 33500279,
    "result_set_size": 0,
    "latency": 16.727300756,
    "children": [
        {
            "operator_name": "STREAMING_LIMIT",
            "cpu_time": 16.484862240000005,
            "extra_info": {},
            "cumulative_cardinality": 32725259,
            "operator_type": "STREAMING_LIMIT",
            "operator_cardinality": 0,
            "cumulative_rows_scanned": 33500279,
            "operator_rows_scanned": 0,
            "operator_timing": 0.0,
            "result_set_size": 0,
            "children": [
                {
                    "operator_name": "ORDER_BY",
                    "cpu_time": 16.484862240000005,
                    "extra_info": {
                        "Order By": [
                            "epd.UpVoteCount DESC",
                            "epd.CreationDate ASC"
                        ]
                    },
                    "cumulative_cardinality": 32725259,
                    "operator_type": "ORDER_BY",
                    "operator_cardinality": 0,
                    "cumulative_rows_scanned": 33500279,
                    "operator_rows_scanned": 0,
                    "operator_timing": 2.4e-7,
                    "result_set_size": 0,
                    "children": [
                        {
                            "operator_name": "PROJECTION",
                            "cpu_time": 16.484862000000007,
                            "extra_info": {
                                "Projections": [
                                    "PostId",
                                    "title",
                                    "body",
                                    "tags",
                                    "creationdate",
                                    "AuthorDisplayName",
                                    "AuthorReputation",
                                    "TagCount",
                                    "AnswerCount",
                                    "UpVoteCount",
                                    "CloseEventCount"
                                ],
                                "Estimated Cardinality": "3850116"
                            },
                            "cumulative_cardinality": 32725259,
                            "operator_type": "PROJECTION",
                            "operator_cardinality": 0,
                            "cumulative_rows_scanned": 33500279,
                            "operator_rows_scanned": 0,
                            "operator_timing": 0.0,
                            "result_set_size": 0,
                            "children": [
                                {
                                    "operator_name": "HASH_JOIN",
                                    "cpu_time": 16.484862000000007,
                                    "extra_info": {
                                        "Join Type": "LEFT",
                                        "Conditions": "PostId = postid",
                                        "Estimated Cardinality": "3850116"
                                    },
                                    "cumulative_cardinality": 32725259,
                                    "operator_type": "HASH_JOIN",
                                    "operator_cardinality": 0,
                                    "cumulative_rows_scanned": 33500279,
                                    "operator_rows_scanned": 0,
                                    "operator_timing": 0.003944469000000001,
                                    "result_set_size": 0,
                                    "children": [
                                        {
                                            "operator_name": "PROJECTION",
                                            "cpu_time": 16.307296590000007,
                                            "extra_info": {
                                                "Projections": [
                                                    "PostId",
                                                    "title",
                                                    "body",
                                                    "tags",
                                                    "creationdate",
                                                    "AuthorDisplayName",
                                                    "AuthorReputation",
                                                    "TagCount",
                                                    "AnswerCount",
                                                    "UpVoteCount"
                                                ],
                                                "Estimated Cardinality": "3850116"
                                            },
                                            "cumulative_cardinality": 32361824,
                                            "operator_type": "PROJECTION",
                                            "operator_cardinality": 0,
                                            "cumulative_rows_scanned": 21705035,
                                            "operator_rows_scanned": 0,
                                            "operator_timing": 0.0,
                                            "result_set_size": 0,
                                            "children": [
                                                {
                                                    "operator_name": "HASH_JOIN",
                                                    "cpu_time": 16.307296590000007,
                                                    "extra_info": {
                                                        "Join Type": "LEFT",
                                                        "Conditions": "id = postid",
                                                        "Estimated Cardinality": "3850116"
                                                    },
                                                    "cumulative_cardinality": 32361824,
                                                    "operator_type": "HASH_JOIN",
                                                    "operator_cardinality": 0,
                                                    "cumulative_rows_scanned": 21705035,
                                                    "operator_rows_scanned": 0,
                                                    "operator_timing": 0.13925652299999994,
                                                    "result_set_size": 0,
                                                    "children": [
                                                        {
                                                            "operator_name": "HASH_JOIN",
                                                            "cpu_time": 15.53386219000001,
                                                            "extra_info": {
                                                                "Join Type": "LEFT",
                                                                "Conditions": "id = parentid",
                                                                "Estimated Cardinality": "3850116"
                                                            },
                                                            "cumulative_cardinality": 10655252,
                                                            "operator_type": "HASH_JOIN",
                                                            "operator_cardinality": 0,
                                                            "cumulative_rows_scanned": 8960942,
                                                            "operator_rows_scanned": 0,
                                                            "operator_timing": 0.05311814399999997,
                                                            "result_set_size": 0,
                                                            "children": [
                                                                {
                                                                    "operator_name": "HASH_JOIN",
                                                                    "cpu_time": 14.909285844000008,
                                                                    "extra_info": {
                                                                        "Join Type": "INNER",
                                                                        "Conditions": "owneruserid = id",
                                                                        "Estimated Cardinality": "3850116"
                                                                    },
                                                                    "cumulative_cardinality": 4946095,
                                                                    "operator_type": "HASH_JOIN",
                                                                    "operator_cardinality": 0,
                                                                    "cumulative_rows_scanned": 5110826,
                                                                    "operator_rows_scanned": 0,
                                                                    "operator_timing": 0.08031146100000003,
                                                                    "result_set_size": 0,
                                                                    "children": [
                                                                        {
                                                                            "operator_name": "FILTER",
                                                                            "cpu_time": 14.725080580000007,
                                                                            "extra_info": {
                                                                                "Expression": "(array_length(string_to_array(\"substring\"(tags, 2, (length(tags) - 2)), '><'), 1) > 5)",
                                                                                "Estimated Cardinality": "3850116"
                                                                            },
                                                                            "cumulative_cardinality": 3685416,
                                                                            "operator_type": "FILTER",
                                                                            "operator_cardinality": 0,
                                                                            "cumulative_rows_scanned": 3850116,
                                                                            "operator_rows_scanned": 0,
                                                                            "operator_timing": 0.4164096529999998,
                                                                            "result_set_size": 0,
                                                                            "children": [
                                                                                {
                                                                                    "operator_name": "READ_PARQUET ",
                                                                                    "cpu_time": 14.308670927000007,
                                                                                    "extra_info": {
                                                                                        "Function": "READ_PARQUET",
                                                                                        "Projections": [
                                                                                            "id",
                                                                                            "creationdate",
                                                                                            "body",
                                                                                            "owneruserid",
                                                                                            "title",
                                                                                            "tags"
                                                                                        ],
                                                                                        "Estimated Cardinality": "3850116"
                                                                                    },
                                                                                    "cumulative_cardinality": 3685416,
                                                                                    "operator_type": "TABLE_SCAN",
                                                                                    "operator_cardinality": 3685416,
                                                                                    "cumulative_rows_scanned": 3850116,
                                                                                    "operator_rows_scanned": 3850116,
                                                                                    "operator_timing": 14.308670927000007,
                                                                                    "result_set_size": 235866624,
                                                                                    "children": []
                                                                                }
                                                                            ]
                                                                        },
                                                                        {
                                                                            "operator_name": "READ_PARQUET ",
                                                                            "cpu_time": 0.10389380299999991,
                                                                            "extra_info": {
                                                                                "Function": "READ_PARQUET",
                                                                                "Projections": [
                                                                                    "id",
                                                                                    "reputation",
                                                                                    "displayname"
                                                                                ],
                                                                                "Filters": "id<=1416539",
                                                                                "Estimated Cardinality": "1260710"
                                                                            },
                                                                            "cumulative_cardinality": 1260679,
                                                                            "operator_type": "TABLE_SCAN",
                                                                            "operator_cardinality": 1260679,
                                                                            "cumulative_rows_scanned": 1260710,
                                                                            "operator_rows_scanned": 1260710,
                                                                            "operator_timing": 0.10389380299999991,
                                                                            "result_set_size": 30256296,
                                                                            "children": []
                                                                        }
                                                                    ]
                                                                },
                                                                {
                                                                    "operator_name": "HASH_GROUP_BY",
                                                                    "cpu_time": 0.5714582020000006,
                                                                    "extra_info": {
                                                                        "Groups": "#0",
                                                                        "Aggregates": "count_star()",
                                                                        "Estimated Cardinality": "385011"
                                                                    },
                                                                    "cumulative_cardinality": 5709157,
                                                                    "operator_type": "HASH_GROUP_BY",
                                                                    "operator_cardinality": 1354571,
                                                                    "cumulative_rows_scanned": 3850116,
                                                                    "operator_rows_scanned": 0,
                                                                    "operator_timing": 0.14817606399999997,
                                                                    "result_set_size": 16254852,
                                                                    "children": [
                                                                        {
                                                                            "operator_name": "PROJECTION",
                                                                            "cpu_time": 0.42328213800000064,
                                                                            "extra_info": {
                                                                                "Projections": "parentid",
                                                                                "Estimated Cardinality": "770023"
                                                                            },
                                                                            "cumulative_cardinality": 4354586,
                                                                            "operator_type": "PROJECTION",
                                                                            "operator_cardinality": 2177293,
                                                                            "cumulative_rows_scanned": 3850116,
                                                                            "operator_rows_scanned": 0,
                                                                            "operator_timing": 0.00038832200000000203,
                                                                            "result_set_size": 8709172,
                                                                            "children": [
                                                                                {
                                                                                    "operator_name": "READ_PARQUET ",
                                                                                    "cpu_time": 0.42289381600000064,
                                                                                    "extra_info": {
                                                                                        "Function": "READ_PARQUET",
                                                                                        "Projections": "parentid",
                                                                                        "Filters": "posttypeid=2",
                                                                                        "Estimated Cardinality": "770023"
                                                                                    },
                                                                                    "cumulative_cardinality": 2177293,
                                                                                    "operator_type": "TABLE_SCAN",
                                                                                    "operator_cardinality": 2177293,
                                                                                    "cumulative_rows_scanned": 3850116,
                                                                                    "operator_rows_scanned": 3850116,
                                                                                    "operator_timing": 0.42289381600000064,
                                                                                    "result_set_size": 8709172,
                                                                                    "children": []
                                                                                }
                                                                            ]
                                                                        }
                                                                    ]
                                                                }
                                                            ]
                                                        },
                                                        {
                                                            "operator_name": "HASH_GROUP_BY",
                                                            "cpu_time": 0.6341778769999991,
                                                            "extra_info": {
                                                                "Groups": "#0",
                                                                "Aggregates": "count_star()",
                                                                "Estimated Cardinality": "1274409"
                                                            },
                                                            "cumulative_cardinality": 21706572,
                                                            "operator_type": "HASH_GROUP_BY",
                                                            "operator_cardinality": 3138638,
                                                            "cumulative_rows_scanned": 12744093,
                                                            "operator_rows_scanned": 0,
                                                            "operator_timing": 0.3195286049999993,
                                                            "result_set_size": 37663656,
                                                            "children": [
                                                                {
                                                                    "operator_name": "PROJECTION",
                                                                    "cpu_time": 0.31464927199999976,
                                                                    "extra_info": {
                                                                        "Projections": "postid",
                                                                        "Estimated Cardinality": "2548818"
                                                                    },
                                                                    "cumulative_cardinality": 18567934,
                                                                    "operator_type": "PROJECTION",
                                                                    "operator_cardinality": 9283967,
                                                                    "cumulative_rows_scanned": 12744093,
                                                                    "operator_rows_scanned": 0,
                                                                    "operator_timing": 0.0007596760000000036,
                                                                    "result_set_size": 37135868,
                                                                    "children": [
                                                                        {
                                                                            "operator_name": "READ_PARQUET ",
                                                                            "cpu_time": 0.31388959599999977,
                                                                            "extra_info": {
                                                                                "Function": "READ_PARQUET",
                                                                                "Projections": "postid",
                                                                                "Filters": "votetypeid=2",
                                                                                "Estimated Cardinality": "2548818"
                                                                            },
                                                                            "cumulative_cardinality": 9283967,
                                                                            "operator_type": "TABLE_SCAN",
                                                                            "operator_cardinality": 9283967,
                                                                            "cumulative_rows_scanned": 12744093,
                                                                            "operator_rows_scanned": 12744093,
                                                                            "operator_timing": 0.31388959599999977,
                                                                            "result_set_size": 37135868,
                                                                            "children": []
                                                                        }
                                                                    ]
                                                                }
                                                            ]
                                                        }
                                                    ]
                                                }
                                            ]
                                        },
                                        {
                                            "operator_name": "HASH_GROUP_BY",
                                            "cpu_time": 0.17362094100000036,
                                            "extra_info": {
                                                "Groups": "#0",
                                                "Aggregates": "count_star()",
                                                "Estimated Cardinality": "1179524"
                                            },
                                            "cumulative_cardinality": 363435,
                                            "operator_type": "HASH_GROUP_BY",
                                            "operator_cardinality": 120507,
                                            "cumulative_rows_scanned": 11795244,
                                            "operator_rows_scanned": 0,
                                            "operator_timing": 0.023444343000000104,
                                            "result_set_size": 1446084,
                                            "children": [
                                                {
                                                    "operator_name": "PROJECTION",
                                                    "cpu_time": 0.15017659800000024,
                                                    "extra_info": {
                                                        "Projections": "postid",
                                                        "Estimated Cardinality": "2359048"
                                                    },
                                                    "cumulative_cardinality": 242928,
                                                    "operator_type": "PROJECTION",
                                                    "operator_cardinality": 121464,
                                                    "cumulative_rows_scanned": 11795244,
                                                    "operator_rows_scanned": 0,
                                                    "operator_timing": 0.0005252550000000162,
                                                    "result_set_size": 485856,
                                                    "children": [
                                                        {
                                                            "operator_name": "READ_PARQUET ",
                                                            "cpu_time": 0.14965134300000021,
                                                            "extra_info": {
                                                                "Function": "READ_PARQUET",
                                                                "Projections": "postid",
                                                                "Filters": "posthistorytypeid=10",
                                                                "Estimated Cardinality": "2359048"
                                                            },
                                                            "cumulative_cardinality": 121464,
                                                            "operator_type": "TABLE_SCAN",
                                                            "operator_cardinality": 121464,
                                                            "cumulative_rows_scanned": 11795244,
                                                            "operator_rows_scanned": 11795244,
                                                            "operator_timing": 0.14965134300000021,
                                                            "result_set_size": 485856,
                                                            "children": []
                                                        }
                                                    ]
                                                }
                                            ]
                                        }
                                    ]
                                }
                            ]
                        }
                    ]
                }
            ]
        }
    ]
}