{
    "rows_returned": 10,
    "query_name": "\nWITH RankedPosts AS (\n    SELECT \n        p.Id AS PostId,\n        p.Title,\n        p.ViewCount,\n        p.CreationDate,\n        p.Score,\n        p.Tags,\n        u.DisplayName AS Author,\n        ROW_NUMBER() OVER (PARTITION BY p.Tags ORDER BY p.Score DESC) AS TagRank\n    FROM \n        Posts p\n    JOIN \n        Users u ON p.OwnerUserId = u.Id\n    WHERE \n        p.PostTypeId = 1 AND \n        p.Score > 0 \n),\nTagStatistics AS (\n    SELECT\n        TRIM(BOTH '<>' FROM tag) AS Tag,\n        COUNT(*) AS TotalQuestions,\n        SUM(ViewCount) AS TotalViews,\n        AVG(Score) AS AverageScore\n    FROM (\n        SELECT \n            UNNEST(string_to_array(Trim(Both '<>' FROM Tags), '>tag<')) AS tag,\n            ViewCount,\n            Score\n        FROM \n            RankedPosts\n    ) AS unnested_tags\n    GROUP BY \n        Tag\n),\nTopAuthorStats AS (\n    SELECT \n        Author,\n        COUNT(*) AS TotalPosts,\n        SUM(ViewCount) AS TotalViews,\n        AVG(Score) AS AverageScore\n    FROM \n        RankedPosts\n    GROUP BY \n        Author\n)\nSELECT \n    ts.Tag,\n    ts.TotalQuestions,\n    ts.TotalViews,\n    ts.AverageScore,\n    tas.Author,\n    tas.TotalPosts,\n    tas.TotalViews AS AuthorViews,\n    tas.AverageScore AS AuthorAverageScore\nFROM \n    TagStatistics ts\nJOIN \n    TopAuthorStats tas ON ts.TotalQuestions > 5 \nORDER BY \n    ts.TotalQuestions DESC,\n    tas.TotalPosts DESC\nLIMIT 10;\n",
    "blocked_thread_time": 0.0,
    "cpu_time": 29586.567295120385,
    "extra_info": {},
    "cumulative_cardinality": 6026293886,
    "cumulative_rows_scanned": 10221652,
    "result_set_size": 960,
    "latency": 29826.181684236,
    "children": [
        {
            "operator_name": "STREAMING_LIMIT",
            "cpu_time": 29586.567295120385,
            "extra_info": {},
            "cumulative_cardinality": 6026293886,
            "operator_type": "STREAMING_LIMIT",
            "operator_cardinality": 10,
            "cumulative_rows_scanned": 10221652,
            "operator_rows_scanned": 0,
            "operator_timing": 0.000003145,
            "result_set_size": 960,
            "children": [
                {
                    "operator_name": "ORDER_BY",
                    "cpu_time": 29586.567291975385,
                    "extra_info": {
                        "Order By": [
                            "ts.TotalQuestions DESC",
                            "tas.TotalPosts DESC"
                        ]
                    },
                    "cumulative_cardinality": 6026293876,
                    "operator_type": "ORDER_BY",
                    "operator_cardinality": 4096,
                    "cumulative_rows_scanned": 10221652,
                    "operator_rows_scanned": 0,
                    "operator_timing": 29563.180826522388,
                    "result_set_size": 393216,
                    "children": [
                        {
                            "operator_name": "PROJECTION",
                            "cpu_time": 23.386465452998873,
                            "extra_info": {
                                "Projections": [
                                    "Tag",
                                    "TotalQuestions",
                                    "TotalViews",
                                    "AverageScore",
                                    "Author",
                                    "TotalPosts",
                                    "AuthorViews",
                                    "AuthorAverageScore"
                                ],
                                "Estimated Cardinality": "29646617022"
                            },
                            "cumulative_cardinality": 6026289780,
                            "operator_type": "PROJECTION",
                            "operator_cardinality": 3004328089,
                            "cumulative_rows_scanned": 10221652,
                            "operator_rows_scanned": 0,
                            "operator_timing": 2.407694667001362,
                            "result_set_size": 288415496544,
                            "children": [
                                {
                                    "operator_name": "CROSS_PRODUCT",
                                    "cpu_time": 20.97877078599751,
                                    "extra_info": {},
                                    "cumulative_cardinality": 3021961691,
                                    "operator_type": "CROSS_PRODUCT",
                                    "operator_cardinality": 3004328089,
                                    "cumulative_rows_scanned": 10221652,
                                    "operator_rows_scanned": 0,
                                    "operator_timing": 13.24967543899811,
                                    "result_set_size": 288415496544,
                                    "children": [
                                        {
                                            "operator_name": "HASH_GROUP_BY",
                                            "cpu_time": 1.3470478510000004,
                                            "extra_info": {
                                                "Groups": "#0",
                                                "Aggregates": [
                                                    "count_star()",
                                                    "sum(#1)",
                                                    "avg(#2)"
                                                ],
                                                "Estimated Cardinality": "385011"
                                            },
                                            "cumulative_cardinality": 7740669,
                                            "operator_type": "HASH_GROUP_BY",
                                            "operator_cardinality": 198607,
                                            "cumulative_rows_scanned": 5110826,
                                            "operator_rows_scanned": 0,
                                            "operator_timing": 0.09130577499999994,
                                            "result_set_size": 9533136,
                                            "children": [
                                                {
                                                    "operator_name": "PROJECTION",
                                                    "cpu_time": 1.2557420760000004,
                                                    "extra_info": {
                                                        "Projections": [
                                                            "Author",
                                                            "viewcount",
                                                            "score"
                                                        ],
                                                        "Estimated Cardinality": "770023"
                                                    },
                                                    "cumulative_cardinality": 7542062,
                                                    "operator_type": "PROJECTION",
                                                    "operator_cardinality": 1038260,
                                                    "cumulative_rows_scanned": 5110826,
                                                    "operator_rows_scanned": 0,
                                                    "operator_timing": 0.00011630600000000002,
                                                    "result_set_size": 24918240,
                                                    "children": [
                                                        {
                                                            "operator_name": "PROJECTION",
                                                            "cpu_time": 1.2556257700000004,
                                                            "extra_info": {
                                                                "Projections": [
                                                                    "viewcount",
                                                                    "score",
                                                                    "Author"
                                                                ],
                                                                "Estimated Cardinality": "770023"
                                                            },
                                                            "cumulative_cardinality": 6503802,
                                                            "operator_type": "PROJECTION",
                                                            "operator_cardinality": 1038260,
                                                            "cumulative_rows_scanned": 5110826,
                                                            "operator_rows_scanned": 0,
                                                            "operator_timing": 0.0001169670000000001,
                                                            "result_set_size": 24918240,
                                                            "children": [
                                                                {
                                                                    "operator_name": "PROJECTION",
                                                                    "cpu_time": 1.2555088030000003,
                                                                    "extra_info": {
                                                                        "Projections": [
                                                                            "#0",
                                                                            "#1",
                                                                            "#2",
                                                                            "#3",
                                                                            "#4"
                                                                        ],
                                                                        "Estimated Cardinality": "770023"
                                                                    },
                                                                    "cumulative_cardinality": 5465542,
                                                                    "operator_type": "PROJECTION",
                                                                    "operator_cardinality": 1038260,
                                                                    "cumulative_rows_scanned": 5110826,
                                                                    "operator_rows_scanned": 0,
                                                                    "operator_timing": 0.00018236599999999972,
                                                                    "result_set_size": 49836480,
                                                                    "children": [
                                                                        {
                                                                            "operator_name": "WINDOW",
                                                                            "cpu_time": 1.2553264370000004,
                                                                            "extra_info": {
                                                                                "Projections": "ROW_NUMBER() OVER (PARTITION BY tags ORDER BY score DESC NULLS LAST)"
                                                                            },
                                                                            "cumulative_cardinality": 4427282,
                                                                            "operator_type": "WINDOW",
                                                                            "operator_cardinality": 1038260,
                                                                            "cumulative_rows_scanned": 5110826,
                                                                            "operator_rows_scanned": 0,
                                                                            "operator_timing": 0.6844630170000001,
                                                                            "result_set_size": 49836480,
                                                                            "children": [
                                                                                {
                                                                                    "operator_name": "HASH_JOIN",
                                                                                    "cpu_time": 0.5708634200000003,
                                                                                    "extra_info": {
                                                                                        "Join Type": "INNER",
                                                                                        "Conditions": "id = owneruserid",
                                                                                        "Estimated Cardinality": "770023"
                                                                                    },
                                                                                    "cumulative_cardinality": 3389022,
                                                                                    "operator_type": "HASH_JOIN",
                                                                                    "operator_cardinality": 1038260,
                                                                                    "cumulative_rows_scanned": 5110826,
                                                                                    "operator_rows_scanned": 0,
                                                                                    "operator_timing": 0.16382039899999998,
                                                                                    "result_set_size": 41530400,
                                                                                    "children": [
                                                                                        {
                                                                                            "operator_name": "READ_PARQUET ",
                                                                                            "cpu_time": 0.08821159100000005,
                                                                                            "extra_info": {
                                                                                                "Function": "READ_PARQUET",
                                                                                                "Projections": [
                                                                                                    "id",
                                                                                                    "displayname"
                                                                                                ],
                                                                                                "Filters": "id<=1416539",
                                                                                                "Estimated Cardinality": "1260710"
                                                                                            },
                                                                                            "cumulative_cardinality": 1260587,
                                                                                            "operator_type": "TABLE_SCAN",
                                                                                            "operator_cardinality": 1260587,
                                                                                            "cumulative_rows_scanned": 1260710,
                                                                                            "operator_rows_scanned": 1260710,
                                                                                            "operator_timing": 0.08821159100000005,
                                                                                            "result_set_size": 25211740,
                                                                                            "children": []
                                                                                        },
                                                                                        {
                                                                                            "operator_name": "READ_PARQUET ",
                                                                                            "cpu_time": 0.3188314300000003,
                                                                                            "extra_info": {
                                                                                                "Function": "READ_PARQUET",
                                                                                                "Projections": [
                                                                                                    "score",
                                                                                                    "viewcount",
                                                                                                    "owneruserid",
                                                                                                    "tags"
                                                                                                ],
                                                                                                "Filters": [
                                                                                                    "posttypeid=1",
                                                                                                    "score>0"
                                                                                                ],
                                                                                                "Estimated Cardinality": "770023"
                                                                                            },
                                                                                            "cumulative_cardinality": 1090175,
                                                                                            "operator_type": "TABLE_SCAN",
                                                                                            "operator_cardinality": 1090175,
                                                                                            "cumulative_rows_scanned": 3850116,
                                                                                            "operator_rows_scanned": 3850116,
                                                                                            "operator_timing": 0.3188314300000003,
                                                                                            "result_set_size": 30524900,
                                                                                            "children": []
                                                                                        }
                                                                                    ]
                                                                                }
                                                                            ]
                                                                        }
                                                                    ]
                                                                }
                                                            ]
                                                        }
                                                    ]
                                                }
                                            ]
                                        },
                                        {
                                            "operator_name": "PROJECTION",
                                            "cpu_time": 6.382047495999402,
                                            "extra_info": {
                                                "Projections": [
                                                    "Tag",
                                                    "TotalQuestions",
                                                    "TotalViews",
                                                    "AverageScore"
                                                ],
                                                "Estimated Cardinality": "77002"
                                            },
                                            "cumulative_cardinality": 9892933,
                                            "operator_type": "PROJECTION",
                                            "operator_cardinality": 15127,
                                            "cumulative_rows_scanned": 5110826,
                                            "operator_rows_scanned": 0,
                                            "operator_timing": 0.006339194000000002,
                                            "result_set_size": 726096,
                                            "children": [
                                                {
                                                    "operator_name": "FILTER",
                                                    "cpu_time": 6.375708301999402,
                                                    "extra_info": {
                                                        "Expression": "(TotalQuestions > 5)",
                                                        "Estimated Cardinality": "77002"
                                                    },
                                                    "cumulative_cardinality": 9877806,
                                                    "operator_type": "FILTER",
                                                    "operator_cardinality": 15127,
                                                    "cumulative_rows_scanned": 5110826,
                                                    "operator_rows_scanned": 0,
                                                    "operator_timing": 0.0004187670000000001,
                                                    "result_set_size": 726096,
                                                    "children": [
                                                        {
                                                            "operator_name": "HASH_GROUP_BY",
                                                            "cpu_time": 6.375289534999402,
                                                            "extra_info": {
                                                                "Groups": "#0",
                                                                "Aggregates": [
                                                                    "count_star()",
                                                                    "sum(#1)",
                                                                    "avg(#2)"
                                                                ],
                                                                "Estimated Cardinality": "385011"
                                                            },
                                                            "cumulative_cardinality": 9862679,
                                                            "operator_type": "HASH_GROUP_BY",
                                                            "operator_cardinality": 295920,
                                                            "cumulative_rows_scanned": 5110826,
                                                            "operator_rows_scanned": 0,
                                                            "operator_timing": 2.9564927169998594,
                                                            "result_set_size": 14204160,
                                                            "children": [
                                                                {
                                                                    "operator_name": "PROJECTION",
                                                                    "cpu_time": 3.4187968179995423,
                                                                    "extra_info": {
                                                                        "Projections": [
                                                                            "tag",
                                                                            "viewcount",
                                                                            "score"
                                                                        ],
                                                                        "Estimated Cardinality": "770023"
                                                                    },
                                                                    "cumulative_cardinality": 9566759,
                                                                    "operator_type": "PROJECTION",
                                                                    "operator_cardinality": 1038260,
                                                                    "cumulative_rows_scanned": 5110826,
                                                                    "operator_rows_scanned": 0,
                                                                    "operator_timing": 0.13877129299988433,
                                                                    "result_set_size": 24918240,
                                                                    "children": [
                                                                        {
                                                                            "operator_name": "PROJECTION",
                                                                            "cpu_time": 3.280025524999658,
                                                                            "extra_info": {
                                                                                "Projections": [
                                                                                    "tag",
                                                                                    "viewcount",
                                                                                    "score"
                                                                                ],
                                                                                "Estimated Cardinality": "770023"
                                                                            },
                                                                            "cumulative_cardinality": 8528499,
                                                                            "operator_type": "PROJECTION",
                                                                            "operator_cardinality": 1038260,
                                                                            "cumulative_rows_scanned": 5110826,
                                                                            "operator_rows_scanned": 0,
                                                                            "operator_timing": 0.1383119460000708,
                                                                            "result_set_size": 24918240,
                                                                            "children": [
                                                                                {
                                                                                    "operator_name": "UNNEST",
                                                                                    "cpu_time": 3.141713578999587,
                                                                                    "extra_info": {},
                                                                                    "cumulative_cardinality": 7490239,
                                                                                    "operator_type": "UNNEST",
                                                                                    "operator_cardinality": 1038260,
                                                                                    "cumulative_rows_scanned": 5110826,
                                                                                    "operator_rows_scanned": 0,
                                                                                    "operator_timing": 0.9897541269995869,
                                                                                    "result_set_size": 41530400,
                                                                                    "children": [
                                                                                        {
                                                                                            "operator_name": "PROJECTION",
                                                                                            "cpu_time": 2.1519594520000003,
                                                                                            "extra_info": {
                                                                                                "Projections": [
                                                                                                    "viewcount",
                                                                                                    "score",
                                                                                                    "tags"
                                                                                                ],
                                                                                                "Estimated Cardinality": "770023"
                                                                                            },
                                                                                            "cumulative_cardinality": 6451979,
                                                                                            "operator_type": "PROJECTION",
                                                                                            "operator_cardinality": 1038260,
                                                                                            "cumulative_rows_scanned": 5110826,
                                                                                            "operator_rows_scanned": 0,
                                                                                            "operator_timing": 0.00014054600000000024,
                                                                                            "result_set_size": 24918240,
                                                                                            "children": [
                                                                                                {
                                                                                                    "operator_name": "PROJECTION",
                                                                                                    "cpu_time": 2.1518189060000004,
                                                                                                    "extra_info": {
                                                                                                        "Projections": [
                                                                                                            "#0",
                                                                                                            "#1",
                                                                                                            "#2",
                                                                                                            "#3",
                                                                                                            "#4"
                                                                                                        ],
                                                                                                        "Estimated Cardinality": "770023"
                                                                                                    },
                                                                                                    "cumulative_cardinality": 5413719,
                                                                                                    "operator_type": "PROJECTION",
                                                                                                    "operator_cardinality": 1038260,
                                                                                                    "cumulative_rows_scanned": 5110826,
                                                                                                    "operator_rows_scanned": 0,
                                                                                                    "operator_timing": 0.00018411199999999965,
                                                                                                    "result_set_size": 37377360,
                                                                                                    "children": [
                                                                                                        {
                                                                                                            "operator_name": "WINDOW",
                                                                                                            "cpu_time": 2.1516347940000005,
                                                                                                            "extra_info": {
                                                                                                                "Projections": "ROW_NUMBER() OVER (PARTITION BY tags ORDER BY score DESC NULLS LAST)"
                                                                                                            },
                                                                                                            "cumulative_cardinality": 4375459,
                                                                                                            "operator_type": "WINDOW",
                                                                                                            "operator_cardinality": 1038260,
                                                                                                            "cumulative_rows_scanned": 5110826,
                                                                                                            "operator_rows_scanned": 0,
                                                                                                            "operator_timing": 0.9008168820000003,
                                                                                                            "result_set_size": 37377360,
                                                                                                            "children": [
                                                                                                                {
                                                                                                                    "operator_name": "HASH_JOIN",
                                                                                                                    "cpu_time": 1.2508179120000003,
                                                                                                                    "extra_info": {
                                                                                                                        "Join Type": "INNER",
                                                                                                                        "Conditions": "owneruserid = id",
                                                                                                                        "Estimated Cardinality": "770023"
                                                                                                                    },
                                                                                                                    "cumulative_cardinality": 3337199,
                                                                                                                    "operator_type": "HASH_JOIN",
                                                                                                                    "operator_cardinality": 1038260,
                                                                                                                    "cumulative_rows_scanned": 5110826,
                                                                                                                    "operator_rows_scanned": 0,
                                                                                                                    "operator_timing": 0.1447241709999999,
                                                                                                                    "result_set_size": 29071280,
                                                                                                                    "children": [
                                                                                                                        {
                                                                                                                            "operator_name": "READ_PARQUET ",
                                                                                                                            "cpu_time": 1.0954324290000002,
                                                                                                                            "extra_info": {
                                                                                                                                "Function": "READ_PARQUET",
                                                                                                                                "Projections": [
                                                                                                                                    "score",
                                                                                                                                    "viewcount",
                                                                                                                                    "owneruserid",
                                                                                                                                    "tags"
                                                                                                                                ],
                                                                                                                                "Filters": [
                                                                                                                                    "posttypeid=1",
                                                                                                                                    "score>0"
                                                                                                                                ],
                                                                                                                                "Estimated Cardinality": "770023"
                                                                                                                            },
                                                                                                                            "cumulative_cardinality": 1038260,
                                                                                                                            "operator_type": "TABLE_SCAN",
                                                                                                                            "operator_cardinality": 1038260,
                                                                                                                            "cumulative_rows_scanned": 3850116,
                                                                                                                            "operator_rows_scanned": 3850116,
                                                                                                                            "operator_timing": 1.0954324290000002,
                                                                                                                            "result_set_size": 29071280,
                                                                                                                            "children": []
                                                                                                                        },
                                                                                                                        {
                                                                                                                            "operator_name": "READ_PARQUET ",
                                                                                                                            "cpu_time": 0.010661312,
                                                                                                                            "extra_info": {
                                                                                                                                "Function": "READ_PARQUET",
                                                                                                                                "Projections": "id",
                                                                                                                                "Filters": "id<=1416539",
                                                                                                                                "Estimated Cardinality": "1260710"
                                                                                                                            },
                                                                                                                            "cumulative_cardinality": 1260679,
                                                                                                                            "operator_type": "TABLE_SCAN",
                                                                                                                            "operator_cardinality": 1260679,
                                                                                                                            "cumulative_rows_scanned": 1260710,
                                                                                                                            "operator_rows_scanned": 1260710,
                                                                                                                            "operator_timing": 0.010661312,
                                                                                                                            "result_set_size": 5042716,
                                                                                                                            "children": []
                                                                                                                        }
                                                                                                                    ]
                                                                                                                }
                                                                                                            ]
                                                                                                        }
                                                                                                    ]
                                                                                                }
                                                                                            ]
                                                                                        }
                                                                                    ]
                                                                                }
                                                                            ]
                                                                        }
                                                                    ]
                                                                }
                                                            ]
                                                        }
                                                    ]
                                                }
                                            ]
                                        }
                                    ]
                                }
                            ]
                        }
                    ]
                }
            ]
        }
    ]
}