{
    "rows_returned": 100,
    "query_name": "WITH RecursiveUserPosts AS (\n    SELECT \n        u.Id AS UserId,\n        u.DisplayName,\n        COUNT(p.Id) AS PostCount\n    FROM \n        Users u\n    JOIN \n        Posts p ON u.Id = p.OwnerUserId\n    GROUP BY \n        u.Id, u.DisplayName\n),\nUserBadges AS (\n    SELECT \n        b.UserId,\n        COUNT(CASE WHEN b.Class = 1 THEN 1 END) AS GoldBadges,\n        COUNT(CASE WHEN b.Class = 2 THEN 1 END) AS SilverBadges,\n        COUNT(CASE WHEN b.Class = 3 THEN 1 END) AS BronzeBadges\n    FROM \n        Badges b\n    GROUP BY \n        b.UserId\n),\nUserActivity AS (\n    SELECT \n        u.Id AS UserId,\n        u.DisplayName,\n        COALESCE(rb.GoldBadges, 0) AS GoldBadges,\n        COALESCE(rb.SilverBadges, 0) AS SilverBadges,\n        COALESCE(rb.BronzeBadges, 0) AS BronzeBadges,\n        SUM(COALESCE(v.VoteCount, 0)) AS TotalVotes,\n        SUM(COALESCE(p.ViewCount, 0)) AS TotalViews,\n        SUM(CASE WHEN p.CreationDate >= cast('2024-10-01' as date) - INTERVAL '1 year' AND p.PostTypeId = 1 THEN 1 ELSE 0 END) AS RecentQuestions,\n        r.PostCount\n    FROM \n        Users u\n    LEFT JOIN \n        UserBadges rb ON u.Id = rb.UserId\n    LEFT JOIN (\n        SELECT \n            PostOwnerId,\n            COUNT(*) AS VoteCount\n        FROM \n            (SELECT \n                v.UserId AS PostOwnerId,\n                v.Id \n            FROM \n                Votes v \n            JOIN \n                Posts p ON v.PostId = p.Id \n            WHERE \n                v.VoteTypeId IN (2, 3) \n            ) AS votes_by_user\n        GROUP BY \n            PostOwnerId\n    ) v ON u.Id = v.PostOwnerId\n    LEFT JOIN \n        RecursiveUserPosts r ON u.Id = r.UserId\n    LEFT JOIN \n        Posts p ON u.Id = p.OwnerUserId\n    GROUP BY \n        u.Id, u.DisplayName, rb.GoldBadges, rb.SilverBadges, rb.BronzeBadges, r.PostCount\n)\nSELECT \n    ua.UserId,\n    ua.DisplayName,\n    ua.GoldBadges,\n    ua.SilverBadges,\n    ua.BronzeBadges,\n    ua.TotalVotes,\n    ua.TotalViews,\n    ua.RecentQuestions,\n    ua.PostCount,\n    CASE \n        WHEN ua.TotalVotes > 100 THEN 'Active'\n        WHEN ua.RecentQuestions > 10 THEN 'Engaged'\n        ELSE 'Casual User'\n    END AS UserEngagementLevel\nFROM \n    UserActivity ua\nWHERE \n    ua.PostCount > 0\nORDER BY \n    ua.TotalVotes DESC, \n    ua.TotalViews DESC\nLIMIT 100;",
    "blocked_thread_time": 0.0,
    "cpu_time": 2.9148493320000006,
    "extra_info": {},
    "cumulative_cardinality": 79093173,
    "cumulative_rows_scanned": 29137585,
    "result_set_size": 11600,
    "latency": 3.304142112,
    "children": [
        {
            "operator_name": "STREAMING_LIMIT",
            "cpu_time": 2.9148493320000006,
            "extra_info": {},
            "cumulative_cardinality": 79093173,
            "operator_type": "STREAMING_LIMIT",
            "operator_cardinality": 100,
            "cumulative_rows_scanned": 29137585,
            "operator_rows_scanned": 0,
            "operator_timing": 0.000001713,
            "result_set_size": 11600,
            "children": [
                {
                    "operator_name": "PROJECTION",
                    "cpu_time": 2.9148476190000006,
                    "extra_info": {
                        "Projections": [
                            "#0",
                            "#1",
                            "#2",
                            "#3",
                            "#4",
                            "#5",
                            "#6",
                            "#7",
                            "#8",
                            "__internal_decompress_string(#9)"
                        ],
                        "Estimated Cardinality": "1260710"
                    },
                    "cumulative_cardinality": 79093073,
                    "operator_type": "PROJECTION",
                    "operator_cardinality": 4096,
                    "cumulative_rows_scanned": 29137585,
                    "operator_rows_scanned": 0,
                    "operator_timing": 0.000041636999999999995,
                    "result_set_size": 475136,
                    "children": [
                        {
                            "operator_name": "ORDER_BY",
                            "cpu_time": 2.9148059820000007,
                            "extra_info": {
                                "Order By": [
                                    "ua.TotalVotes DESC",
                                    "ua.TotalViews DESC"
                                ]
                            },
                            "cumulative_cardinality": 79088977,
                            "operator_type": "ORDER_BY",
                            "operator_cardinality": 4096,
                            "cumulative_rows_scanned": 29137585,
                            "operator_rows_scanned": 0,
                            "operator_timing": 0.023678188,
                            "result_set_size": 475136,
                            "children": [
                                {
                                    "operator_name": "PROJECTION",
                                    "cpu_time": 2.891127794000001,
                                    "extra_info": {
                                        "Projections": [
                                            "#0",
                                            "#1",
                                            "#2",
                                            "#3",
                                            "#4",
                                            "#5",
                                            "#6",
                                            "#7",
                                            "#8",
                                            "__internal_compress_string_hugeint(#9)"
                                        ],
                                        "Estimated Cardinality": "1260710"
                                    },
                                    "cumulative_cardinality": 79084881,
                                    "operator_type": "PROJECTION",
                                    "operator_cardinality": 371631,
                                    "cumulative_rows_scanned": 29137585,
                                    "operator_rows_scanned": 0,
                                    "operator_timing": 0.0031457339999999994,
                                    "result_set_size": 43109196,
                                    "children": [
                                        {
                                            "operator_name": "PROJECTION",
                                            "cpu_time": 2.887982060000001,
                                            "extra_info": {
                                                "Projections": [
                                                    "UserId",
                                                    "displayname",
                                                    "GoldBadges",
                                                    "SilverBadges",
                                                    "BronzeBadges",
                                                    "TotalVotes",
                                                    "TotalViews",
                                                    "RecentQuestions",
                                                    "PostCount",
                                                    "UserEngagementLevel"
                                                ],
                                                "Estimated Cardinality": "1260710"
                                            },
                                            "cumulative_cardinality": 78713250,
                                            "operator_type": "PROJECTION",
                                            "operator_cardinality": 371631,
                                            "cumulative_rows_scanned": 29137585,
                                            "operator_rows_scanned": 0,
                                            "operator_timing": 0.0018775820000000003,
                                            "result_set_size": 43109196,
                                            "children": [
                                                {
                                                    "operator_name": "PROJECTION",
                                                    "cpu_time": 2.886104478000001,
                                                    "extra_info": {
                                                        "Projections": [
                                                            "UserId",
                                                            "displayname",
                                                            "GoldBadges",
                                                            "SilverBadges",
                                                            "BronzeBadges",
                                                            "TotalVotes",
                                                            "TotalViews",
                                                            "RecentQuestions",
                                                            "PostCount"
                                                        ],
                                                        "Estimated Cardinality": "1260710"
                                                    },
                                                    "cumulative_cardinality": 78341619,
                                                    "operator_type": "PROJECTION",
                                                    "operator_cardinality": 371631,
                                                    "cumulative_rows_scanned": 29137585,
                                                    "operator_rows_scanned": 0,
                                                    "operator_timing": 0.006733454000000003,
                                                    "result_set_size": 37163100,
                                                    "children": [
                                                        {
                                                            "operator_name": "HASH_GROUP_BY",
                                                            "cpu_time": 2.879371024000001,
                                                            "extra_info": {
                                                                "Groups": [
                                                                    "#0",
                                                                    "#1",
                                                                    "#2",
                                                                    "#3",
                                                                    "#4",
                                                                    "#5"
                                                                ],
                                                                "Aggregates": [
                                                                    "sum(#6)",
                                                                    "sum(#7)",
                                                                    "sum(#8)"
                                                                ],
                                                                "Estimated Cardinality": "1260710"
                                                            },
                                                            "cumulative_cardinality": 77969988,
                                                            "operator_type": "HASH_GROUP_BY",
                                                            "operator_cardinality": 371631,
                                                            "cumulative_rows_scanned": 29137585,
                                                            "operator_rows_scanned": 0,
                                                            "operator_timing": 0.29338953900000003,
                                                            "result_set_size": 37163100,
                                                            "children": [
                                                                {
                                                                    "operator_name": "PROJECTION",
                                                                    "cpu_time": 2.585981485000001,
                                                                    "extra_info": {
                                                                        "Projections": [
                                                                            "id",
                                                                            "displayname",
                                                                            "GoldBadges",
                                                                            "SilverBadges",
                                                                            "BronzeBadges",
                                                                            "PostCount",
                                                                            "COALESCE(VoteCount, 0)",
                                                                            "COALESCE(viewcount, 0)",
                                                                            "CASE  WHEN (((creationdate >= '2023-10-01 00:00:00'::TIMESTAMP) AND (posttypeid = 1))) THEN (1) ELSE 0 END"
                                                                        ],
                                                                        "Estimated Cardinality": "3850116"
                                                                    },
                                                                    "cumulative_cardinality": 77598357,
                                                                    "operator_type": "PROJECTION",
                                                                    "operator_cardinality": 3685416,
                                                                    "cumulative_rows_scanned": 29137585,
                                                                    "operator_rows_scanned": 0,
                                                                    "operator_timing": 0.09032453999999995,
                                                                    "result_set_size": 250608288,
                                                                    "children": [
                                                                        {
                                                                            "operator_name": "HASH_JOIN",
                                                                            "cpu_time": 2.495656945000001,
                                                                            "extra_info": {
                                                                                "Join Type": "RIGHT",
                                                                                "Conditions": "owneruserid = id",
                                                                                "Estimated Cardinality": "3850116"
                                                                            },
                                                                            "cumulative_cardinality": 73912941,
                                                                            "operator_type": "HASH_JOIN",
                                                                            "operator_cardinality": 3685416,
                                                                            "cumulative_rows_scanned": 29137585,
                                                                            "operator_rows_scanned": 0,
                                                                            "operator_timing": 0.22040430000000003,
                                                                            "result_set_size": 272720784,
                                                                            "children": [
                                                                                {
                                                                                    "operator_name": "READ_PARQUET ",
                                                                                    "cpu_time": 0.1691492500000001,
                                                                                    "extra_info": {
                                                                                        "Function": "READ_PARQUET",
                                                                                        "Projections": [
                                                                                            "posttypeid",
                                                                                            "creationdate",
                                                                                            "viewcount",
                                                                                            "owneruserid"
                                                                                        ],
                                                                                        "Estimated Cardinality": "3850116"
                                                                                    },
                                                                                    "cumulative_cardinality": 3685416,
                                                                                    "operator_type": "TABLE_SCAN",
                                                                                    "operator_cardinality": 3685416,
                                                                                    "cumulative_rows_scanned": 3850116,
                                                                                    "operator_rows_scanned": 3850116,
                                                                                    "operator_timing": 0.1691492500000001,
                                                                                    "result_set_size": 66337488,
                                                                                    "children": []
                                                                                },
                                                                                {
                                                                                    "operator_name": "HASH_JOIN",
                                                                                    "cpu_time": 2.1061033950000008,
                                                                                    "extra_info": {
                                                                                        "Join Type": "INNER",
                                                                                        "Conditions": "id = UserId",
                                                                                        "Estimated Cardinality": "254881"
                                                                                    },
                                                                                    "cumulative_cardinality": 66542109,
                                                                                    "operator_type": "HASH_JOIN",
                                                                                    "operator_cardinality": 371631,
                                                                                    "cumulative_rows_scanned": 25287469,
                                                                                    "operator_rows_scanned": 0,
                                                                                    "operator_timing": 0.059849819000000054,
                                                                                    "result_set_size": 22297860,
                                                                                    "children": [
                                                                                        {
                                                                                            "operator_name": "FILTER",
                                                                                            "cpu_time": 1.468206885000001,
                                                                                            "extra_info": {
                                                                                                "Expression": "(id <= 1416539)",
                                                                                                "Estimated Cardinality": "1274409"
                                                                                            },
                                                                                            "cumulative_cardinality": 52738658,
                                                                                            "operator_type": "FILTER",
                                                                                            "operator_cardinality": 1260679,
                                                                                            "cumulative_rows_scanned": 20176643,
                                                                                            "operator_rows_scanned": 0,
                                                                                            "operator_timing": 0.0026274379999999993,
                                                                                            "result_set_size": 65555308,
                                                                                            "children": [
                                                                                                {
                                                                                                    "operator_name": "HASH_JOIN",
                                                                                                    "cpu_time": 1.465579447000001,
                                                                                                    "extra_info": {
                                                                                                        "Join Type": "LEFT",
                                                                                                        "Conditions": "id = PostOwnerId",
                                                                                                        "Estimated Cardinality": "1274409"
                                                                                                    },
                                                                                                    "cumulative_cardinality": 51477979,
                                                                                                    "operator_type": "HASH_JOIN",
                                                                                                    "operator_cardinality": 1260679,
                                                                                                    "cumulative_rows_scanned": 20176643,
                                                                                                    "operator_rows_scanned": 0,
                                                                                                    "operator_timing": 0.0007565979999999994,
                                                                                                    "result_set_size": 65555308,
                                                                                                    "children": [
                                                                                                        {
                                                                                                            "operator_name": "HASH_JOIN",
                                                                                                            "cpu_time": 0.2810875300000002,
                                                                                                            "extra_info": {
                                                                                                                "Join Type": "LEFT",
                                                                                                                "Conditions": "id = userid",
                                                                                                                "Estimated Cardinality": "1260710"
                                                                                                            },
                                                                                                            "cumulative_cardinality": 7713827,
                                                                                                            "operator_type": "HASH_JOIN",
                                                                                                            "operator_cardinality": 1260679,
                                                                                                            "cumulative_rows_scanned": 3582434,
                                                                                                            "operator_rows_scanned": 0,
                                                                                                            "operator_timing": 0.07419044600000009,
                                                                                                            "result_set_size": 55469876,
                                                                                                            "children": [
                                                                                                                {
                                                                                                                    "operator_name": "READ_PARQUET ",
                                                                                                                    "cpu_time": 0.08217890999999998,
                                                                                                                    "extra_info": {
                                                                                                                        "Function": "READ_PARQUET",
                                                                                                                        "Projections": [
                                                                                                                            "id",
                                                                                                                            "displayname"
                                                                                                                        ],
                                                                                                                        "Estimated Cardinality": "1260710"
                                                                                                                    },
                                                                                                                    "cumulative_cardinality": 1260679,
                                                                                                                    "operator_type": "TABLE_SCAN",
                                                                                                                    "operator_cardinality": 1260679,
                                                                                                                    "cumulative_rows_scanned": 1260710,
                                                                                                                    "operator_rows_scanned": 1260710,
                                                                                                                    "operator_timing": 0.08217890999999998,
                                                                                                                    "result_set_size": 25213580,
                                                                                                                    "children": []
                                                                                                                },
                                                                                                                {
                                                                                                                    "operator_name": "HASH_GROUP_BY",
                                                                                                                    "cpu_time": 0.12471817400000014,
                                                                                                                    "extra_info": {
                                                                                                                        "Groups": "#0",
                                                                                                                        "Aggregates": [
                                                                                                                            "count(#1)",
                                                                                                                            "count(#2)",
                                                                                                                            "count(#3)"
                                                                                                                        ],
                                                                                                                        "Estimated Cardinality": "1160862"
                                                                                                                    },
                                                                                                                    "cumulative_cardinality": 5192469,
                                                                                                                    "operator_type": "HASH_GROUP_BY",
                                                                                                                    "operator_cardinality": 549021,
                                                                                                                    "cumulative_rows_scanned": 2321724,
                                                                                                                    "operator_rows_scanned": 0,
                                                                                                                    "operator_timing": 0.09409750600000016,
                                                                                                                    "result_set_size": 15372588,
                                                                                                                    "children": [
                                                                                                                        {
                                                                                                                            "operator_name": "PROJECTION",
                                                                                                                            "cpu_time": 0.030620667999999976,
                                                                                                                            "extra_info": {
                                                                                                                                "Projections": [
                                                                                                                                    "userid",
                                                                                                                                    "CASE  WHEN ((class = 1)) THEN (1) ELSE NULL END",
                                                                                                                                    "CASE  WHEN ((class = 2)) THEN (1) ELSE NULL END",
                                                                                                                                    "CASE  WHEN ((class = 3)) THEN (1) ELSE NULL END"
                                                                                                                                ],
                                                                                                                                "Estimated Cardinality": "2321724"
                                                                                                                            },
                                                                                                                            "cumulative_cardinality": 4643448,
                                                                                                                            "operator_type": "PROJECTION",
                                                                                                                            "operator_cardinality": 2321724,
                                                                                                                            "cumulative_rows_scanned": 2321724,
                                                                                                                            "operator_rows_scanned": 0,
                                                                                                                            "operator_timing": 0.013225245999999967,
                                                                                                                            "result_set_size": 37147584,
                                                                                                                            "children": [
                                                                                                                                {
                                                                                                                                    "operator_name": "READ_PARQUET ",
                                                                                                                                    "cpu_time": 0.01739542200000001,
                                                                                                                                    "extra_info": {
                                                                                                                                        "Function": "READ_PARQUET",
                                                                                                                                        "Projections": [
                                                                                                                                            "userid",
                                                                                                                                            "class"
                                                                                                                                        ],
                                                                                                                                        "Estimated Cardinality": "2321724"
                                                                                                                                    },
                                                                                                                                    "cumulative_cardinality": 2321724,
                                                                                                                                    "operator_type": "TABLE_SCAN",
                                                                                                                                    "operator_cardinality": 2321724,
                                                                                                                                    "cumulative_rows_scanned": 2321724,
                                                                                                                                    "operator_rows_scanned": 2321724,
                                                                                                                                    "operator_timing": 0.01739542200000001,
                                                                                                                                    "result_set_size": 13930344,
                                                                                                                                    "children": []
                                                                                                                                }
                                                                                                                            ]
                                                                                                                        }
                                                                                                                    ]
                                                                                                                }
                                                                                                            ]
                                                                                                        },
                                                                                                        {
                                                                                                            "operator_name": "HASH_GROUP_BY",
                                                                                                            "cpu_time": 1.1837353190000008,
                                                                                                            "extra_info": {
                                                                                                                "Groups": "#0",
                                                                                                                "Aggregates": "count_star()",
                                                                                                                "Estimated Cardinality": "1274409"
                                                                                                            },
                                                                                                            "cumulative_cardinality": 42503473,
                                                                                                            "operator_type": "HASH_GROUP_BY",
                                                                                                            "operator_cardinality": 1,
                                                                                                            "cumulative_rows_scanned": 16594209,
                                                                                                            "operator_rows_scanned": 0,
                                                                                                            "operator_timing": 0.0609259640000002,
                                                                                                            "result_set_size": 12,
                                                                                                            "children": [
                                                                                                                {
                                                                                                                    "operator_name": "PROJECTION",
                                                                                                                    "cpu_time": 1.1228093550000007,
                                                                                                                    "extra_info": {
                                                                                                                        "Projections": "PostOwnerId",
                                                                                                                        "Estimated Cardinality": "2548818"
                                                                                                                    },
                                                                                                                    "cumulative_cardinality": 42503472,
                                                                                                                    "operator_type": "PROJECTION",
                                                                                                                    "operator_cardinality": 9341832,
                                                                                                                    "cumulative_rows_scanned": 16594209,
                                                                                                                    "operator_rows_scanned": 0,
                                                                                                                    "operator_timing": 0.0006937659999999941,
                                                                                                                    "result_set_size": 37367328,
                                                                                                                    "children": [
                                                                                                                        {
                                                                                                                            "operator_name": "PROJECTION",
                                                                                                                            "cpu_time": 1.1221155890000007,
                                                                                                                            "extra_info": {
                                                                                                                                "Projections": "PostOwnerId",
                                                                                                                                "Estimated Cardinality": "2548818"
                                                                                                                            },
                                                                                                                            "cumulative_cardinality": 33161640,
                                                                                                                            "operator_type": "PROJECTION",
                                                                                                                            "operator_cardinality": 9341832,
                                                                                                                            "cumulative_rows_scanned": 16594209,
                                                                                                                            "operator_rows_scanned": 0,
                                                                                                                            "operator_timing": 0.000744201999999997,
                                                                                                                            "result_set_size": 37367328,
                                                                                                                            "children": [
                                                                                                                                {
                                                                                                                                    "operator_name": "HASH_JOIN",
                                                                                                                                    "cpu_time": 1.1213713870000008,
                                                                                                                                    "extra_info": {
                                                                                                                                        "Join Type": "INNER",
                                                                                                                                        "Conditions": "id = postid",
                                                                                                                                        "Estimated Cardinality": "2548818"
                                                                                                                                    },
                                                                                                                                    "cumulative_cardinality": 23819808,
                                                                                                                                    "operator_type": "HASH_JOIN",
                                                                                                                                    "operator_cardinality": 9341832,
                                                                                                                                    "cumulative_rows_scanned": 16594209,
                                                                                                                                    "operator_rows_scanned": 0,
                                                                                                                                    "operator_timing": 0.7637036969999996,
                                                                                                                                    "result_set_size": 74734656,
                                                                                                                                    "children": [
                                                                                                                                        {
                                                                                                                                            "operator_name": "READ_PARQUET ",
                                                                                                                                            "cpu_time": 0.04617825400000003,
                                                                                                                                            "extra_info": {
                                                                                                                                                "Function": "READ_PARQUET",
                                                                                                                                                "Projections": "id",
                                                                                                                                                "Filters": "id<=4978525",
                                                                                                                                                "Estimated Cardinality": "3850116"
                                                                                                                                            },
                                                                                                                                            "cumulative_cardinality": 3850113,
                                                                                                                                            "operator_type": "TABLE_SCAN",
                                                                                                                                            "operator_cardinality": 3850113,
                                                                                                                                            "cumulative_rows_scanned": 3850116,
                                                                                                                                            "operator_rows_scanned": 3850116,
                                                                                                                                            "operator_timing": 0.04617825400000003,
                                                                                                                                            "result_set_size": 15400452,
                                                                                                                                            "children": []
                                                                                                                                        },
                                                                                                                                        {
                                                                                                                                            "operator_name": "READ_PARQUET ",
                                                                                                                                            "cpu_time": 0.31148943600000123,
                                                                                                                                            "extra_info": {
                                                                                                                                                "Function": "READ_PARQUET",
                                                                                                                                                "Projections": [
                                                                                                                                                    "postid",
                                                                                                                                                    "userid"
                                                                                                                                                ],
                                                                                                                                                "Filters": "votetypeid>=2 AND votetypeid<=3",
                                                                                                                                                "Estimated Cardinality": "2548818"
                                                                                                                                            },
                                                                                                                                            "cumulative_cardinality": 10627863,
                                                                                                                                            "operator_type": "TABLE_SCAN",
                                                                                                                                            "operator_cardinality": 10627863,
                                                                                                                                            "cumulative_rows_scanned": 12744093,
                                                                                                                                            "operator_rows_scanned": 12744093,
                                                                                                                                            "operator_timing": 0.31148943600000123,
                                                                                                                                            "result_set_size": 85022904,
                                                                                                                                            "children": []
                                                                                                                                        }
                                                                                                                                    ]
                                                                                                                                }
                                                                                                                            ]
                                                                                                                        }
                                                                                                                    ]
                                                                                                                }
                                                                                                            ]
                                                                                                        }
                                                                                                    ]
                                                                                                }
                                                                                            ]
                                                                                        },
                                                                                        {
                                                                                            "operator_name": "PROJECTION",
                                                                                            "cpu_time": 0.578046691,
                                                                                            "extra_info": {
                                                                                                "Projections": [
                                                                                                    "#0",
                                                                                                    "#2"
                                                                                                ],
                                                                                                "Estimated Cardinality": "252142"
                                                                                            },
                                                                                            "cumulative_cardinality": 13431820,
                                                                                            "operator_type": "PROJECTION",
                                                                                            "operator_cardinality": 371631,
                                                                                            "cumulative_rows_scanned": 5110826,
                                                                                            "operator_rows_scanned": 0,
                                                                                            "operator_timing": 0.000027894999999999976,
                                                                                            "result_set_size": 4459572,
                                                                                            "children": [
                                                                                                {
                                                                                                    "operator_name": "FILTER",
                                                                                                    "cpu_time": 0.578018796,
                                                                                                    "extra_info": {
                                                                                                        "Expression": "(PostCount > 0)",
                                                                                                        "Estimated Cardinality": "252142"
                                                                                                    },
                                                                                                    "cumulative_cardinality": 13060189,
                                                                                                    "operator_type": "FILTER",
                                                                                                    "operator_cardinality": 371631,
                                                                                                    "cumulative_rows_scanned": 5110826,
                                                                                                    "operator_rows_scanned": 0,
                                                                                                    "operator_timing": 0.00043547599999999985,
                                                                                                    "result_set_size": 10405668,
                                                                                                    "children": [
                                                                                                        {
                                                                                                            "operator_name": "HASH_GROUP_BY",
                                                                                                            "cpu_time": 0.5775833199999999,
                                                                                                            "extra_info": {
                                                                                                                "Groups": [
                                                                                                                    "#0",
                                                                                                                    "#1"
                                                                                                                ],
                                                                                                                "Aggregates": "count_star()",
                                                                                                                "Estimated Cardinality": "1260710"
                                                                                                            },
                                                                                                            "cumulative_cardinality": 12688558,
                                                                                                            "operator_type": "HASH_GROUP_BY",
                                                                                                            "operator_cardinality": 371631,
                                                                                                            "cumulative_rows_scanned": 5110826,
                                                                                                            "operator_rows_scanned": 0,
                                                                                                            "operator_timing": 0.17734262799999997,
                                                                                                            "result_set_size": 10405668,
                                                                                                            "children": [
                                                                                                                {
                                                                                                                    "operator_name": "PROJECTION",
                                                                                                                    "cpu_time": 0.40024069199999995,
                                                                                                                    "extra_info": {
                                                                                                                        "Projections": [
                                                                                                                            "id",
                                                                                                                            "displayname"
                                                                                                                        ],
                                                                                                                        "Estimated Cardinality": "3850116"
                                                                                                                    },
                                                                                                                    "cumulative_cardinality": 12316927,
                                                                                                                    "operator_type": "PROJECTION",
                                                                                                                    "operator_cardinality": 3685416,
                                                                                                                    "cumulative_rows_scanned": 5110826,
                                                                                                                    "operator_rows_scanned": 0,
                                                                                                                    "operator_timing": 0.0005037189999999996,
                                                                                                                    "result_set_size": 73708320,
                                                                                                                    "children": [
                                                                                                                        {
                                                                                                                            "operator_name": "HASH_JOIN",
                                                                                                                            "cpu_time": 0.39973697299999994,
                                                                                                                            "extra_info": {
                                                                                                                                "Join Type": "INNER",
                                                                                                                                "Conditions": "owneruserid = id",
                                                                                                                                "Estimated Cardinality": "3850116"
                                                                                                                            },
                                                                                                                            "cumulative_cardinality": 8631511,
                                                                                                                            "operator_type": "HASH_JOIN",
                                                                                                                            "operator_cardinality": 3685416,
                                                                                                                            "cumulative_rows_scanned": 5110826,
                                                                                                                            "operator_rows_scanned": 0,
                                                                                                                            "operator_timing": 0.2114026049999998,
                                                                                                                            "result_set_size": 103191648,
                                                                                                                            "children": [
                                                                                                                                {
                                                                                                                                    "operator_name": "READ_PARQUET ",
                                                                                                                                    "cpu_time": 0.09442531400000018,
                                                                                                                                    "extra_info": {
                                                                                                                                        "Function": "READ_PARQUET",
                                                                                                                                        "Projections": [
                                                                                                                                            "id",
                                                                                                                                            "owneruserid"
                                                                                                                                        ],
                                                                                                                                        "Estimated Cardinality": "3850116"
                                                                                                                                    },
                                                                                                                                    "cumulative_cardinality": 3685416,
                                                                                                                                    "operator_type": "TABLE_SCAN",
                                                                                                                                    "operator_cardinality": 3685416,
                                                                                                                                    "cumulative_rows_scanned": 3850116,
                                                                                                                                    "operator_rows_scanned": 3850116,
                                                                                                                                    "operator_timing": 0.09442531400000018,
                                                                                                                                    "result_set_size": 29483328,
                                                                                                                                    "children": []
                                                                                                                                },
                                                                                                                                {
                                                                                                                                    "operator_name": "READ_PARQUET ",
                                                                                                                                    "cpu_time": 0.09390905399999998,
                                                                                                                                    "extra_info": {
                                                                                                                                        "Function": "READ_PARQUET",
                                                                                                                                        "Projections": [
                                                                                                                                            "id",
                                                                                                                                            "displayname"
                                                                                                                                        ],
                                                                                                                                        "Filters": "id<=1416539",
                                                                                                                                        "Estimated Cardinality": "1260710"
                                                                                                                                    },
                                                                                                                                    "cumulative_cardinality": 1260679,
                                                                                                                                    "operator_type": "TABLE_SCAN",
                                                                                                                                    "operator_cardinality": 1260679,
                                                                                                                                    "cumulative_rows_scanned": 1260710,
                                                                                                                                    "operator_rows_scanned": 1260710,
                                                                                                                                    "operator_timing": 0.09390905399999998,
                                                                                                                                    "result_set_size": 25213580,
                                                                                                                                    "children": []
                                                                                                                                }
                                                                                                                            ]
                                                                                                                        }
                                                                                                                    ]
                                                                                                                }
                                                                                                            ]
                                                                                                        }
                                                                                                    ]
                                                                                                }
                                                                                            ]
                                                                                        }
                                                                                    ]
                                                                                }
                                                                            ]
                                                                        }
                                                                    ]
                                                                }
                                                            ]
                                                        }
                                                    ]
                                                }
                                            ]
                                        }
                                    ]
                                }
                            ]
                        }
                    ]
                }
            ]
        }
    ]
}