{
    "rows_returned": 48549,
    "query_name": "\nWITH RankedPosts AS (\n    SELECT \n        p.Id AS PostId,\n        p.Title,\n        p.CreationDate,\n        p.Score,\n        ROW_NUMBER() OVER (PARTITION BY p.OwnerUserId ORDER BY p.CreationDate DESC) AS rn\n    FROM \n        Posts p\n    WHERE \n        p.CreationDate >= TIMESTAMP '2024-10-01 12:34:56' - INTERVAL '1 year' \n        AND p.PostTypeId = 1 \n),\nTopUsers AS (\n    SELECT \n        u.Id AS UserId,\n        u.DisplayName,\n        SUM(v.BountyAmount) AS TotalBounty,\n        COUNT(DISTINCT p.Id) AS QuestionCount\n    FROM \n        Users u\n    JOIN \n        Posts p ON u.Id = p.OwnerUserId AND p.PostTypeId = 1\n    LEFT JOIN \n        Votes v ON v.UserId = u.Id AND v.PostId IN (SELECT PostId FROM RankedPosts)\n    GROUP BY \n        u.Id, u.DisplayName\n    HAVING \n        COUNT(DISTINCT p.Id) > 5\n),\nUserBadges AS (\n    SELECT \n        ub.UserId,\n        COUNT(CASE WHEN ub.Class = 1 THEN 1 END) AS GoldCount,\n        COUNT(CASE WHEN ub.Class = 2 THEN 1 END) AS SilverCount,\n        COUNT(CASE WHEN ub.Class = 3 THEN 1 END) AS BronzeCount\n    FROM \n        Badges ub\n    GROUP BY \n        ub.UserId\n),\nCombinedData AS (\n    SELECT \n        tu.UserId,\n        tu.DisplayName,\n        tu.TotalBounty,\n        ub.GoldCount,\n        ub.SilverCount,\n        ub.BronzeCount,\n        COALESCE(rp.PostId, 0) AS LatestPostId,\n        COALESCE(rp.Title, 'No posts') AS LatestPostTitle\n    FROM \n        TopUsers tu\n    LEFT JOIN \n        UserBadges ub ON tu.UserId = ub.UserId\n    LEFT JOIN \n        RankedPosts rp ON tu.UserId = rp.PostId \n)\nSELECT \n    c.UserId,\n    c.DisplayName,\n    c.TotalBounty,\n    c.GoldCount,\n    c.SilverCount,\n    c.BronzeCount,\n    CASE \n        WHEN c.TotalBounty IS NOT NULL THEN 'Has Bounty'\n        ELSE 'No Bounty'\n    END AS Bounty_Status,\n    c.LatestPostTitle,\n    c.LatestPostId\nFROM \n    CombinedData c\nORDER BY \n    c.TotalBounty DESC NULLS LAST, \n    c.DisplayName ASC;\n",
    "blocked_thread_time": 0.0,
    "cpu_time": 0.9944102380000002,
    "extra_info": {},
    "cumulative_cardinality": 14641380,
    "cumulative_rows_scanned": 27876875,
    "result_set_size": 4660704,
    "latency": 1.275422171,
    "children": [
        {
            "operator_name": "PROJECTION",
            "cpu_time": 0.9944102380000002,
            "extra_info": {
                "Projections": [
                    "#0",
                    "#1",
                    "#2",
                    "#3",
                    "#4",
                    "#5",
                    "__internal_decompress_string(#6)",
                    "#7",
                    "#8"
                ],
                "Estimated Cardinality": "1160862"
            },
            "cumulative_cardinality": 14641380,
            "operator_type": "PROJECTION",
            "operator_cardinality": 48549,
            "cumulative_rows_scanned": 27876875,
            "operator_rows_scanned": 0,
            "operator_timing": 0.000453589,
            "result_set_size": 4660704,
            "children": [
                {
                    "operator_name": "ORDER_BY",
                    "cpu_time": 0.9939566490000001,
                    "extra_info": {
                        "Order By": [
                            "c.TotalBounty DESC",
                            "c.DisplayName ASC"
                        ]
                    },
                    "cumulative_cardinality": 14592831,
                    "operator_type": "ORDER_BY",
                    "operator_cardinality": 48549,
                    "cumulative_rows_scanned": 27876875,
                    "operator_rows_scanned": 0,
                    "operator_timing": 0.004886198,
                    "result_set_size": 4660704,
                    "children": [
                        {
                            "operator_name": "PROJECTION",
                            "cpu_time": 0.9890704510000001,
                            "extra_info": {
                                "Projections": [
                                    "#0",
                                    "#1",
                                    "#2",
                                    "#3",
                                    "#4",
                                    "#5",
                                    "__internal_compress_string_hugeint(#6)",
                                    "#7",
                                    "#8"
                                ],
                                "Estimated Cardinality": "1160862"
                            },
                            "cumulative_cardinality": 14544282,
                            "operator_type": "PROJECTION",
                            "operator_cardinality": 48549,
                            "cumulative_rows_scanned": 27876875,
                            "operator_rows_scanned": 0,
                            "operator_timing": 0.0004437490000000001,
                            "result_set_size": 4660704,
                            "children": [
                                {
                                    "operator_name": "PROJECTION",
                                    "cpu_time": 0.9886267020000001,
                                    "extra_info": {
                                        "Projections": [
                                            "UserId",
                                            "displayname",
                                            "TotalBounty",
                                            "GoldCount",
                                            "SilverCount",
                                            "BronzeCount",
                                            "Bounty_Status",
                                            "LatestPostTitle",
                                            "LatestPostId"
                                        ],
                                        "Estimated Cardinality": "1160862"
                                    },
                                    "cumulative_cardinality": 14495733,
                                    "operator_type": "PROJECTION",
                                    "operator_cardinality": 48549,
                                    "cumulative_rows_scanned": 27876875,
                                    "operator_rows_scanned": 0,
                                    "operator_timing": 0.0003236730000000001,
                                    "result_set_size": 4660704,
                                    "children": [
                                        {
                                            "operator_name": "PROJECTION",
                                            "cpu_time": 0.9883030290000001,
                                            "extra_info": {
                                                "Projections": [
                                                    "UserId",
                                                    "displayname",
                                                    "TotalBounty",
                                                    "GoldCount",
                                                    "SilverCount",
                                                    "BronzeCount",
                                                    "LatestPostId",
                                                    "LatestPostTitle"
                                                ],
                                                "Estimated Cardinality": "1160862"
                                            },
                                            "cumulative_cardinality": 14447184,
                                            "operator_type": "PROJECTION",
                                            "operator_cardinality": 48549,
                                            "cumulative_rows_scanned": 27876875,
                                            "operator_rows_scanned": 0,
                                            "operator_timing": 0.001116683,
                                            "result_set_size": 3883920,
                                            "children": [
                                                {
                                                    "operator_name": "HASH_JOIN",
                                                    "cpu_time": 0.9871863460000001,
                                                    "extra_info": {
                                                        "Join Type": "LEFT",
                                                        "Conditions": "UserId = PostId",
                                                        "Estimated Cardinality": "1160862"
                                                    },
                                                    "cumulative_cardinality": 14398635,
                                                    "operator_type": "HASH_JOIN",
                                                    "operator_cardinality": 48549,
                                                    "cumulative_rows_scanned": 27876875,
                                                    "operator_rows_scanned": 0,
                                                    "operator_timing": 0.00575767,
                                                    "result_set_size": 3883920,
                                                    "children": [
                                                        {
                                                            "operator_name": "HASH_JOIN",
                                                            "cpu_time": 0.899074096,
                                                            "extra_info": {
                                                                "Join Type": "RIGHT",
                                                                "Conditions": "userid = UserId",
                                                                "Estimated Cardinality": "1160862"
                                                            },
                                                            "cumulative_cardinality": 14052750,
                                                            "operator_type": "HASH_JOIN",
                                                            "operator_cardinality": 48549,
                                                            "cumulative_rows_scanned": 24026759,
                                                            "operator_rows_scanned": 0,
                                                            "operator_timing": 0.01125776999999999,
                                                            "result_set_size": 2912940,
                                                            "children": [
                                                                {
                                                                    "operator_name": "HASH_GROUP_BY",
                                                                    "cpu_time": 0.11734352799999988,
                                                                    "extra_info": {
                                                                        "Groups": "#0",
                                                                        "Aggregates": [
                                                                            "count(#1)",
                                                                            "count(#2)",
                                                                            "count(#3)"
                                                                        ],
                                                                        "Estimated Cardinality": "1160862"
                                                                    },
                                                                    "cumulative_cardinality": 5192469,
                                                                    "operator_type": "HASH_GROUP_BY",
                                                                    "operator_cardinality": 549021,
                                                                    "cumulative_rows_scanned": 2321724,
                                                                    "operator_rows_scanned": 0,
                                                                    "operator_timing": 0.08726183299999987,
                                                                    "result_set_size": 15372588,
                                                                    "children": [
                                                                        {
                                                                            "operator_name": "PROJECTION",
                                                                            "cpu_time": 0.030081695000000006,
                                                                            "extra_info": {
                                                                                "Projections": [
                                                                                    "userid",
                                                                                    "CASE  WHEN ((class = 1)) THEN (1) ELSE NULL END",
                                                                                    "CASE  WHEN ((class = 2)) THEN (1) ELSE NULL END",
                                                                                    "CASE  WHEN ((class = 3)) THEN (1) ELSE NULL END"
                                                                                ],
                                                                                "Estimated Cardinality": "2321724"
                                                                            },
                                                                            "cumulative_cardinality": 4643448,
                                                                            "operator_type": "PROJECTION",
                                                                            "operator_cardinality": 2321724,
                                                                            "cumulative_rows_scanned": 2321724,
                                                                            "operator_rows_scanned": 0,
                                                                            "operator_timing": 0.013330303000000014,
                                                                            "result_set_size": 37147584,
                                                                            "children": [
                                                                                {
                                                                                    "operator_name": "READ_PARQUET ",
                                                                                    "cpu_time": 0.016751391999999993,
                                                                                    "extra_info": {
                                                                                        "Function": "READ_PARQUET",
                                                                                        "Projections": [
                                                                                            "userid",
                                                                                            "class"
                                                                                        ],
                                                                                        "Estimated Cardinality": "2321724"
                                                                                    },
                                                                                    "cumulative_cardinality": 2321724,
                                                                                    "operator_type": "TABLE_SCAN",
                                                                                    "operator_cardinality": 2321724,
                                                                                    "cumulative_rows_scanned": 2321724,
                                                                                    "operator_rows_scanned": 2321724,
                                                                                    "operator_timing": 0.016751391999999993,
                                                                                    "result_set_size": 13930344,
                                                                                    "children": []
                                                                                }
                                                                            ]
                                                                        }
                                                                    ]
                                                                },
                                                                {
                                                                    "operator_name": "PROJECTION",
                                                                    "cpu_time": 0.7704727980000001,
                                                                    "extra_info": {
                                                                        "Projections": [
                                                                            "#0",
                                                                            "#1",
                                                                            "#3"
                                                                        ],
                                                                        "Estimated Cardinality": "252142"
                                                                    },
                                                                    "cumulative_cardinality": 8811732,
                                                                    "operator_type": "PROJECTION",
                                                                    "operator_cardinality": 48549,
                                                                    "cumulative_rows_scanned": 21705035,
                                                                    "operator_rows_scanned": 0,
                                                                    "operator_timing": 0.000025689999999999983,
                                                                    "result_set_size": 1747764,
                                                                    "children": [
                                                                        {
                                                                            "operator_name": "FILTER",
                                                                            "cpu_time": 0.7704471080000002,
                                                                            "extra_info": {
                                                                                "Expression": "(QuestionCount > 5)",
                                                                                "Estimated Cardinality": "252142"
                                                                            },
                                                                            "cumulative_cardinality": 8763183,
                                                                            "operator_type": "FILTER",
                                                                            "operator_cardinality": 48549,
                                                                            "cumulative_rows_scanned": 21705035,
                                                                            "operator_rows_scanned": 0,
                                                                            "operator_timing": 0.0004398929999999999,
                                                                            "result_set_size": 2136156,
                                                                            "children": [
                                                                                {
                                                                                    "operator_name": "HASH_GROUP_BY",
                                                                                    "cpu_time": 0.7700072150000001,
                                                                                    "extra_info": {
                                                                                        "Groups": [
                                                                                            "#0",
                                                                                            "#1"
                                                                                        ],
                                                                                        "Aggregates": [
                                                                                            "count(DISTINCT #2)",
                                                                                            "sum(#3)"
                                                                                        ],
                                                                                        "Estimated Cardinality": "1260710"
                                                                                    },
                                                                                    "cumulative_cardinality": 8714634,
                                                                                    "operator_type": "HASH_GROUP_BY",
                                                                                    "operator_cardinality": 329473,
                                                                                    "cumulative_rows_scanned": 21705035,
                                                                                    "operator_rows_scanned": 0,
                                                                                    "operator_timing": 0.24699383699999988,
                                                                                    "result_set_size": 14496812,
                                                                                    "children": [
                                                                                        {
                                                                                            "operator_name": "PROJECTION",
                                                                                            "cpu_time": 0.5230133780000003,
                                                                                            "extra_info": {
                                                                                                "Projections": [
                                                                                                    "id",
                                                                                                    "displayname",
                                                                                                    "id",
                                                                                                    "bountyamount"
                                                                                                ],
                                                                                                "Estimated Cardinality": "2548818"
                                                                                            },
                                                                                            "cumulative_cardinality": 8385161,
                                                                                            "operator_type": "PROJECTION",
                                                                                            "operator_cardinality": 1745366,
                                                                                            "cumulative_rows_scanned": 21705035,
                                                                                            "operator_rows_scanned": 0,
                                                                                            "operator_timing": 0.0002759519999999998,
                                                                                            "result_set_size": 48870248,
                                                                                            "children": [
                                                                                                {
                                                                                                    "operator_name": "HASH_JOIN",
                                                                                                    "cpu_time": 0.5227374260000003,
                                                                                                    "extra_info": {
                                                                                                        "Join Type": "RIGHT",
                                                                                                        "Conditions": "userid = id",
                                                                                                        "Estimated Cardinality": "2548818"
                                                                                                    },
                                                                                                    "cumulative_cardinality": 6639795,
                                                                                                    "operator_type": "HASH_JOIN",
                                                                                                    "operator_cardinality": 1745366,
                                                                                                    "cumulative_rows_scanned": 21705035,
                                                                                                    "operator_rows_scanned": 0,
                                                                                                    "operator_timing": 0.10036979700000012,
                                                                                                    "result_set_size": 48870248,
                                                                                                    "children": [
                                                                                                        {
                                                                                                            "operator_name": "HASH_JOIN",
                                                                                                            "cpu_time": 0.063886196,
                                                                                                            "extra_info": {
                                                                                                                "Join Type": "SEMI",
                                                                                                                "Conditions": "postid = #0",
                                                                                                                "Estimated Cardinality": "2548818"
                                                                                                            },
                                                                                                            "cumulative_cardinality": 375925,
                                                                                                            "operator_type": "HASH_JOIN",
                                                                                                            "operator_cardinality": 2072,
                                                                                                            "cumulative_rows_scanned": 16594209,
                                                                                                            "operator_rows_scanned": 0,
                                                                                                            "operator_timing": 0.005057674999999999,
                                                                                                            "result_set_size": 16576,
                                                                                                            "children": [
                                                                                                                {
                                                                                                                    "operator_name": "READ_PARQUET ",
                                                                                                                    "cpu_time": 0.022338489999999992,
                                                                                                                    "extra_info": {
                                                                                                                        "Function": "READ_PARQUET",
                                                                                                                        "Projections": [
                                                                                                                            "postid",
                                                                                                                            "userid",
                                                                                                                            "bountyamount"
                                                                                                                        ],
                                                                                                                        "Estimated Cardinality": "12744093"
                                                                                                                    },
                                                                                                                    "cumulative_cardinality": 2185,
                                                                                                                    "operator_type": "TABLE_SCAN",
                                                                                                                    "operator_cardinality": 2185,
                                                                                                                    "cumulative_rows_scanned": 12744093,
                                                                                                                    "operator_rows_scanned": 12744093,
                                                                                                                    "operator_timing": 0.022338489999999992,
                                                                                                                    "result_set_size": 26220,
                                                                                                                    "children": []
                                                                                                                },
                                                                                                                {
                                                                                                                    "operator_name": "PROJECTION",
                                                                                                                    "cpu_time": 0.03649003100000002,
                                                                                                                    "extra_info": {
                                                                                                                        "Projections": "#0",
                                                                                                                        "Estimated Cardinality": "770023"
                                                                                                                    },
                                                                                                                    "cumulative_cardinality": 371668,
                                                                                                                    "operator_type": "PROJECTION",
                                                                                                                    "operator_cardinality": 74333,
                                                                                                                    "cumulative_rows_scanned": 3850116,
                                                                                                                    "operator_rows_scanned": 0,
                                                                                                                    "operator_timing": 0.000005056999999999998,
                                                                                                                    "result_set_size": 297332,
                                                                                                                    "children": [
                                                                                                                        {
                                                                                                                            "operator_name": "FILTER",
                                                                                                                            "cpu_time": 0.03648497400000002,
                                                                                                                            "extra_info": {
                                                                                                                                "Expression": "(PostId <= 4978525)",
                                                                                                                                "Estimated Cardinality": "770023"
                                                                                                                            },
                                                                                                                            "cumulative_cardinality": 297335,
                                                                                                                            "operator_type": "FILTER",
                                                                                                                            "operator_cardinality": 74333,
                                                                                                                            "cumulative_rows_scanned": 3850116,
                                                                                                                            "operator_rows_scanned": 0,
                                                                                                                            "operator_timing": 0.00010790199999999996,
                                                                                                                            "result_set_size": 1783992,
                                                                                                                            "children": [
                                                                                                                                {
                                                                                                                                    "operator_name": "PROJECTION",
                                                                                                                                    "cpu_time": 0.03637707200000002,
                                                                                                                                    "extra_info": {
                                                                                                                                        "Projections": [
                                                                                                                                            "#0",
                                                                                                                                            "#1",
                                                                                                                                            "#2",
                                                                                                                                            "#3"
                                                                                                                                        ],
                                                                                                                                        "Estimated Cardinality": "770023"
                                                                                                                                    },
                                                                                                                                    "cumulative_cardinality": 223002,
                                                                                                                                    "operator_type": "PROJECTION",
                                                                                                                                    "operator_cardinality": 74334,
                                                                                                                                    "cumulative_rows_scanned": 3850116,
                                                                                                                                    "operator_rows_scanned": 0,
                                                                                                                                    "operator_timing": 0.000010291,
                                                                                                                                    "result_set_size": 1784016,
                                                                                                                                    "children": [
                                                                                                                                        {
                                                                                                                                            "operator_name": "WINDOW",
                                                                                                                                            "cpu_time": 0.036366781000000015,
                                                                                                                                            "extra_info": {
                                                                                                                                                "Projections": "ROW_NUMBER() OVER (PARTITION BY owneruserid ORDER BY creationdate DESC NULLS LAST)"
                                                                                                                                            },
                                                                                                                                            "cumulative_cardinality": 148668,
                                                                                                                                            "operator_type": "WINDOW",
                                                                                                                                            "operator_cardinality": 74334,
                                                                                                                                            "cumulative_rows_scanned": 3850116,
                                                                                                                                            "operator_rows_scanned": 0,
                                                                                                                                            "operator_timing": 0.011143320000000002,
                                                                                                                                            "result_set_size": 1784016,
                                                                                                                                            "children": [
                                                                                                                                                {
                                                                                                                                                    "operator_name": "READ_PARQUET ",
                                                                                                                                                    "cpu_time": 0.02522346100000001,
                                                                                                                                                    "extra_info": {
                                                                                                                                                        "Function": "READ_PARQUET",
                                                                                                                                                        "Projections": [
                                                                                                                                                            "id",
                                                                                                                                                            "creationdate",
                                                                                                                                                            "owneruserid"
                                                                                                                                                        ],
                                                                                                                                                        "Filters": [
                                                                                                                                                            "creationdate>='2023-10-01 12:34:56'::TIMESTAMP",
                                                                                                                                                            "posttypeid=1"
                                                                                                                                                        ],
                                                                                                                                                        "Estimated Cardinality": "770023"
                                                                                                                                                    },
                                                                                                                                                    "cumulative_cardinality": 74334,
                                                                                                                                                    "operator_type": "TABLE_SCAN",
                                                                                                                                                    "operator_cardinality": 74334,
                                                                                                                                                    "cumulative_rows_scanned": 3850116,
                                                                                                                                                    "operator_rows_scanned": 3850116,
                                                                                                                                                    "operator_timing": 0.02522346100000001,
                                                                                                                                                    "result_set_size": 1189344,
                                                                                                                                                    "children": []
                                                                                                                                                }
                                                                                                                                            ]
                                                                                                                                        }
                                                                                                                                    ]
                                                                                                                                }
                                                                                                                            ]
                                                                                                                        }
                                                                                                                    ]
                                                                                                                }
                                                                                                            ]
                                                                                                        },
                                                                                                        {
                                                                                                            "operator_name": "HASH_JOIN",
                                                                                                            "cpu_time": 0.3584814330000002,
                                                                                                            "extra_info": {
                                                                                                                "Join Type": "INNER",
                                                                                                                "Conditions": "id = owneruserid",
                                                                                                                "Estimated Cardinality": "770023"
                                                                                                            },
                                                                                                            "cumulative_cardinality": 4518504,
                                                                                                            "operator_type": "HASH_JOIN",
                                                                                                            "operator_cardinality": 1589663,
                                                                                                            "cumulative_rows_scanned": 5110826,
                                                                                                            "operator_rows_scanned": 0,
                                                                                                            "operator_timing": 0.1498556440000001,
                                                                                                            "result_set_size": 38151912,
                                                                                                            "children": [
                                                                                                                {
                                                                                                                    "operator_name": "READ_PARQUET ",
                                                                                                                    "cpu_time": 0.08618382300000003,
                                                                                                                    "extra_info": {
                                                                                                                        "Function": "READ_PARQUET",
                                                                                                                        "Projections": [
                                                                                                                            "id",
                                                                                                                            "displayname"
                                                                                                                        ],
                                                                                                                        "Filters": "id<=1416539",
                                                                                                                        "Estimated Cardinality": "1260710"
                                                                                                                    },
                                                                                                                    "cumulative_cardinality": 1260677,
                                                                                                                    "operator_type": "TABLE_SCAN",
                                                                                                                    "operator_cardinality": 1260677,
                                                                                                                    "cumulative_rows_scanned": 1260710,
                                                                                                                    "operator_rows_scanned": 1260710,
                                                                                                                    "operator_timing": 0.08618382300000003,
                                                                                                                    "result_set_size": 25213540,
                                                                                                                    "children": []
                                                                                                                },
                                                                                                                {
                                                                                                                    "operator_name": "READ_PARQUET ",
                                                                                                                    "cpu_time": 0.12244196600000005,
                                                                                                                    "extra_info": {
                                                                                                                        "Function": "READ_PARQUET",
                                                                                                                        "Projections": [
                                                                                                                            "id",
                                                                                                                            "owneruserid"
                                                                                                                        ],
                                                                                                                        "Filters": "posttypeid=1",
                                                                                                                        "Estimated Cardinality": "770023"
                                                                                                                    },
                                                                                                                    "cumulative_cardinality": 1668164,
                                                                                                                    "operator_type": "TABLE_SCAN",
                                                                                                                    "operator_cardinality": 1668164,
                                                                                                                    "cumulative_rows_scanned": 3850116,
                                                                                                                    "operator_rows_scanned": 3850116,
                                                                                                                    "operator_timing": 0.12244196600000005,
                                                                                                                    "result_set_size": 13345312,
                                                                                                                    "children": []
                                                                                                                }
                                                                                                            ]
                                                                                                        }
                                                                                                    ]
                                                                                                }
                                                                                            ]
                                                                                        }
                                                                                    ]
                                                                                }
                                                                            ]
                                                                        }
                                                                    ]
                                                                }
                                                            ]
                                                        },
                                                        {
                                                            "operator_name": "PROJECTION",
                                                            "cpu_time": 0.08235458000000001,
                                                            "extra_info": {
                                                                "Projections": [
                                                                    "PostId",
                                                                    "title"
                                                                ],
                                                                "Estimated Cardinality": "770023"
                                                            },
                                                            "cumulative_cardinality": 297336,
                                                            "operator_type": "PROJECTION",
                                                            "operator_cardinality": 74334,
                                                            "cumulative_rows_scanned": 3850116,
                                                            "operator_rows_scanned": 0,
                                                            "operator_timing": 0.0000064499999999999975,
                                                            "result_set_size": 1486680,
                                                            "children": [
                                                                {
                                                                    "operator_name": "PROJECTION",
                                                                    "cpu_time": 0.08234813,
                                                                    "extra_info": {
                                                                        "Projections": [
                                                                            "#0",
                                                                            "#1",
                                                                            "#2",
                                                                            "#3",
                                                                            "#4"
                                                                        ],
                                                                        "Estimated Cardinality": "770023"
                                                                    },
                                                                    "cumulative_cardinality": 223002,
                                                                    "operator_type": "PROJECTION",
                                                                    "operator_cardinality": 74334,
                                                                    "cumulative_rows_scanned": 3850116,
                                                                    "operator_rows_scanned": 0,
                                                                    "operator_timing": 0.000012279999999999996,
                                                                    "result_set_size": 2973360,
                                                                    "children": [
                                                                        {
                                                                            "operator_name": "WINDOW",
                                                                            "cpu_time": 0.08233585,
                                                                            "extra_info": {
                                                                                "Projections": "ROW_NUMBER() OVER (PARTITION BY owneruserid ORDER BY creationdate DESC NULLS LAST)"
                                                                            },
                                                                            "cumulative_cardinality": 148668,
                                                                            "operator_type": "WINDOW",
                                                                            "operator_cardinality": 74334,
                                                                            "cumulative_rows_scanned": 3850116,
                                                                            "operator_rows_scanned": 0,
                                                                            "operator_timing": 0.015484078,
                                                                            "result_set_size": 2973360,
                                                                            "children": [
                                                                                {
                                                                                    "operator_name": "READ_PARQUET ",
                                                                                    "cpu_time": 0.066851772,
                                                                                    "extra_info": {
                                                                                        "Function": "READ_PARQUET",
                                                                                        "Projections": [
                                                                                            "id",
                                                                                            "creationdate",
                                                                                            "owneruserid",
                                                                                            "title"
                                                                                        ],
                                                                                        "Filters": [
                                                                                            "creationdate>='2023-10-01 12:34:56'::TIMESTAMP",
                                                                                            "posttypeid=1"
                                                                                        ],
                                                                                        "Estimated Cardinality": "770023"
                                                                                    },
                                                                                    "cumulative_cardinality": 74334,
                                                                                    "operator_type": "TABLE_SCAN",
                                                                                    "operator_cardinality": 74334,
                                                                                    "cumulative_rows_scanned": 3850116,
                                                                                    "operator_rows_scanned": 3850116,
                                                                                    "operator_timing": 0.066851772,
                                                                                    "result_set_size": 2378688,
                                                                                    "children": []
                                                                                }
                                                                            ]
                                                                        }
                                                                    ]
                                                                }
                                                            ]
                                                        }
                                                    ]
                                                }
                                            ]
                                        }
                                    ]
                                }
                            ]
                        }
                    ]
                }
            ]
        }
    ]
}