{
    "rows_returned": 100,
    "query_name": "\nWITH RankedPosts AS (\n    SELECT \n        p.Id AS PostId,\n        p.Title,\n        p.CreationDate,\n        p.Score,\n        p.OwnerUserId,\n        u.DisplayName AS OwnerDisplayName,\n        ROW_NUMBER() OVER (PARTITION BY p.OwnerUserId ORDER BY p.CreationDate DESC) AS Rank,\n        COUNT(c.Id) AS CommentCount,\n        SUM(CASE WHEN v.VoteTypeId = 2 THEN 1 ELSE 0 END) AS UpVotes,\n        SUM(CASE WHEN v.VoteTypeId = 3 THEN 1 ELSE 0 END) AS DownVotes\n    FROM \n        Posts p\n    LEFT JOIN \n        Users u ON p.OwnerUserId = u.Id\n    LEFT JOIN \n        Comments c ON c.PostId = p.Id\n    LEFT JOIN \n        Votes v ON v.PostId = p.Id\n    WHERE \n        p.CreationDate >= (CAST('2024-10-01 12:34:56' AS TIMESTAMP) - INTERVAL '1 year')\n    GROUP BY \n        p.Id, p.Title, p.CreationDate, p.Score, p.OwnerUserId, u.DisplayName\n),\nClosedPosts AS (\n    SELECT \n        ph.PostId,\n        ph.CreationDate,\n        ph.Comment,\n        ph.UserDisplayName,\n        pt.Name AS PostHistoryType\n    FROM \n        PostHistory ph\n    JOIN \n        PostHistoryTypes pt ON ph.PostHistoryTypeId = pt.Id\n    WHERE \n        pt.Name IN ('Post Closed', 'Post Reopened')\n),\nUserBadgeCounts AS (\n    SELECT \n        u.Id AS UserId,\n        COUNT(b.Id) AS BadgeCount,\n        MAX(b.Class) AS HighestBadgeClass\n    FROM \n        Users u\n    LEFT JOIN \n        Badges b ON u.Id = b.UserId\n    GROUP BY \n        u.Id\n)\nSELECT \n    rp.PostId,\n    rp.Title,\n    rp.CreationDate,\n    rp.Score,\n    rp.CommentCount,\n    rp.OwnerDisplayName,\n    CASE \n        WHEN cb.PostId IS NOT NULL THEN 'Closed'\n        ELSE 'Open'\n    END AS PostStatus,\n    ub.BadgeCount,\n    ub.HighestBadgeClass\nFROM \n    RankedPosts rp\nLEFT JOIN \n    ClosedPosts cb ON rp.PostId = cb.PostId\nJOIN \n    UserBadgeCounts ub ON rp.OwnerUserId = ub.UserId\nWHERE \n    ub.BadgeCount > 0 \nORDER BY \n    rp.Score DESC, rp.CreationDate DESC\nLIMIT 100;\n",
    "blocked_thread_time": 0.0,
    "cpu_time": 1.713855420000001,
    "extra_info": {},
    "cumulative_cardinality": 34487846,
    "cumulative_rows_scanned": 40474453,
    "result_set_size": 8200,
    "latency": 1.901682314,
    "children": [
        {
            "operator_name": "STREAMING_LIMIT",
            "cpu_time": 1.713855420000001,
            "extra_info": {},
            "cumulative_cardinality": 34487846,
            "operator_type": "STREAMING_LIMIT",
            "operator_cardinality": 100,
            "cumulative_rows_scanned": 40474453,
            "operator_rows_scanned": 0,
            "operator_timing": 0.000001663,
            "result_set_size": 8200,
            "children": [
                {
                    "operator_name": "PROJECTION",
                    "cpu_time": 1.713853757000001,
                    "extra_info": {
                        "Projections": [
                            "#0",
                            "#1",
                            "#2",
                            "__internal_decompress_integral_integer(#3, -72)",
                            "#4",
                            "#5",
                            "__internal_decompress_string(#6)",
                            "#7",
                            "#8"
                        ],
                        "Estimated Cardinality": "770023"
                    },
                    "cumulative_cardinality": 34487746,
                    "operator_type": "PROJECTION",
                    "operator_cardinality": 4096,
                    "cumulative_rows_scanned": 40474453,
                    "operator_rows_scanned": 0,
                    "operator_timing": 0.000042539999999999996,
                    "result_set_size": 335872,
                    "children": [
                        {
                            "operator_name": "ORDER_BY",
                            "cpu_time": 1.713811217000001,
                            "extra_info": {
                                "Order By": [
                                    "rp.Score DESC",
                                    "rp.CreationDate DESC"
                                ]
                            },
                            "cumulative_cardinality": 34483650,
                            "operator_type": "ORDER_BY",
                            "operator_cardinality": 4096,
                            "cumulative_rows_scanned": 40474453,
                            "operator_rows_scanned": 0,
                            "operator_timing": 0.009937573999999998,
                            "result_set_size": 294912,
                            "children": [
                                {
                                    "operator_name": "PROJECTION",
                                    "cpu_time": 1.703873643000001,
                                    "extra_info": {
                                        "Projections": [
                                            "#0",
                                            "#1",
                                            "#2",
                                            "__internal_compress_integral_usmallint(#3, -72)",
                                            "#4",
                                            "#5",
                                            "__internal_compress_string_ubigint(#6)",
                                            "#7",
                                            "#8"
                                        ],
                                        "Estimated Cardinality": "770023"
                                    },
                                    "cumulative_cardinality": 34479554,
                                    "operator_type": "PROJECTION",
                                    "operator_cardinality": 142472,
                                    "cumulative_rows_scanned": 40474453,
                                    "operator_rows_scanned": 0,
                                    "operator_timing": 0.00027659,
                                    "result_set_size": 10257984,
                                    "children": [
                                        {
                                            "operator_name": "PROJECTION",
                                            "cpu_time": 1.703597053000001,
                                            "extra_info": {
                                                "Projections": [
                                                    "PostId",
                                                    "title",
                                                    "creationdate",
                                                    "score",
                                                    "CommentCount",
                                                    "OwnerDisplayName",
                                                    "PostStatus",
                                                    "BadgeCount",
                                                    "HighestBadgeClass"
                                                ],
                                                "Estimated Cardinality": "770023"
                                            },
                                            "cumulative_cardinality": 34337082,
                                            "operator_type": "PROJECTION",
                                            "operator_cardinality": 142472,
                                            "cumulative_rows_scanned": 40474453,
                                            "operator_rows_scanned": 0,
                                            "operator_timing": 0.00033961400000000007,
                                            "result_set_size": 11682704,
                                            "children": [
                                                {
                                                    "operator_name": "HASH_JOIN",
                                                    "cpu_time": 1.703257439000001,
                                                    "extra_info": {
                                                        "Join Type": "INNER",
                                                        "Conditions": "owneruserid = UserId",
                                                        "Estimated Cardinality": "770023"
                                                    },
                                                    "cumulative_cardinality": 34194610,
                                                    "operator_type": "HASH_JOIN",
                                                    "operator_cardinality": 142472,
                                                    "cumulative_rows_scanned": 40474453,
                                                    "operator_rows_scanned": 0,
                                                    "operator_timing": 0.032552623999999995,
                                                    "result_set_size": 9973040,
                                                    "children": [
                                                        {
                                                            "operator_name": "HASH_JOIN",
                                                            "cpu_time": 1.2177533090000012,
                                                            "extra_info": {
                                                                "Join Type": "LEFT",
                                                                "Conditions": "PostId = postid",
                                                                "Estimated Cardinality": "3850116"
                                                            },
                                                            "cumulative_cardinality": 19559827,
                                                            "operator_type": "HASH_JOIN",
                                                            "operator_cardinality": 146495,
                                                            "cumulative_rows_scanned": 36892019,
                                                            "operator_rows_scanned": 0,
                                                            "operator_timing": 0.011014004999999999,
                                                            "result_set_size": 9375680,
                                                            "children": [
                                                                {
                                                                    "operator_name": "PROJECTION",
                                                                    "cpu_time": 1.028293405000001,
                                                                    "extra_info": {
                                                                        "Projections": [
                                                                            "PostId",
                                                                            "title",
                                                                            "creationdate",
                                                                            "score",
                                                                            "owneruserid",
                                                                            "OwnerDisplayName",
                                                                            "CommentCount"
                                                                        ],
                                                                        "Estimated Cardinality": "3850116"
                                                                    },
                                                                    "cumulative_cardinality": 19018872,
                                                                    "operator_type": "PROJECTION",
                                                                    "operator_cardinality": 145542,
                                                                    "cumulative_rows_scanned": 25096741,
                                                                    "operator_rows_scanned": 0,
                                                                    "operator_timing": 0.000040605000000000015,
                                                                    "result_set_size": 8732520,
                                                                    "children": [
                                                                        {
                                                                            "operator_name": "PROJECTION",
                                                                            "cpu_time": 1.028252800000001,
                                                                            "extra_info": {
                                                                                "Projections": [
                                                                                    "#0",
                                                                                    "#1",
                                                                                    "#2",
                                                                                    "#3",
                                                                                    "#4",
                                                                                    "#5",
                                                                                    "#6",
                                                                                    "#7"
                                                                                ],
                                                                                "Estimated Cardinality": "3850116"
                                                                            },
                                                                            "cumulative_cardinality": 18873330,
                                                                            "operator_type": "PROJECTION",
                                                                            "operator_cardinality": 145542,
                                                                            "cumulative_rows_scanned": 25096741,
                                                                            "operator_rows_scanned": 0,
                                                                            "operator_timing": 0.000045169999999999996,
                                                                            "result_set_size": 9896856,
                                                                            "children": [
                                                                                {
                                                                                    "operator_name": "WINDOW",
                                                                                    "cpu_time": 1.0282076300000011,
                                                                                    "extra_info": {
                                                                                        "Projections": "ROW_NUMBER() OVER (PARTITION BY owneruserid ORDER BY creationdate DESC NULLS LAST)"
                                                                                    },
                                                                                    "cumulative_cardinality": 18727788,
                                                                                    "operator_type": "WINDOW",
                                                                                    "operator_cardinality": 145542,
                                                                                    "cumulative_rows_scanned": 25096741,
                                                                                    "operator_rows_scanned": 0,
                                                                                    "operator_timing": 0.04858117299999999,
                                                                                    "result_set_size": 9896856,
                                                                                    "children": [
                                                                                        {
                                                                                            "operator_name": "PROJECTION",
                                                                                            "cpu_time": 0.9796264570000012,
                                                                                            "extra_info": {
                                                                                                "Projections": [
                                                                                                    "#0",
                                                                                                    "#1",
                                                                                                    "#2",
                                                                                                    "__internal_decompress_integral_integer(#3, -72)",
                                                                                                    "#4",
                                                                                                    "#5",
                                                                                                    "#6"
                                                                                                ],
                                                                                                "Estimated Cardinality": "3850116"
                                                                                            },
                                                                                            "cumulative_cardinality": 18582246,
                                                                                            "operator_type": "PROJECTION",
                                                                                            "operator_cardinality": 145542,
                                                                                            "cumulative_rows_scanned": 25096741,
                                                                                            "operator_rows_scanned": 0,
                                                                                            "operator_timing": 0.00006682299999999998,
                                                                                            "result_set_size": 8732520,
                                                                                            "children": [
                                                                                                {
                                                                                                    "operator_name": "HASH_GROUP_BY",
                                                                                                    "cpu_time": 0.9795596340000011,
                                                                                                    "extra_info": {
                                                                                                        "Groups": [
                                                                                                            "#0",
                                                                                                            "#1",
                                                                                                            "#2",
                                                                                                            "#3",
                                                                                                            "#4",
                                                                                                            "#5"
                                                                                                        ],
                                                                                                        "Aggregates": "count(#6)",
                                                                                                        "Estimated Cardinality": "3850116"
                                                                                                    },
                                                                                                    "cumulative_cardinality": 18436704,
                                                                                                    "operator_type": "HASH_GROUP_BY",
                                                                                                    "operator_cardinality": 145542,
                                                                                                    "cumulative_rows_scanned": 25096741,
                                                                                                    "operator_rows_scanned": 0,
                                                                                                    "operator_timing": 0.09674742399999998,
                                                                                                    "result_set_size": 8441436,
                                                                                                    "children": [
                                                                                                        {
                                                                                                            "operator_name": "PROJECTION",
                                                                                                            "cpu_time": 0.8828122100000011,
                                                                                                            "extra_info": {
                                                                                                                "Projections": [
                                                                                                                    "id",
                                                                                                                    "title",
                                                                                                                    "creationdate",
                                                                                                                    "score",
                                                                                                                    "owneruserid",
                                                                                                                    "displayname",
                                                                                                                    "id"
                                                                                                                ],
                                                                                                                "Estimated Cardinality": "12744093"
                                                                                                            },
                                                                                                            "cumulative_cardinality": 18291162,
                                                                                                            "operator_type": "PROJECTION",
                                                                                                            "operator_cardinality": 954760,
                                                                                                            "cumulative_rows_scanned": 25096741,
                                                                                                            "operator_rows_scanned": 0,
                                                                                                            "operator_timing": 0.000265633,
                                                                                                            "result_set_size": 51557040,
                                                                                                            "children": [
                                                                                                                {
                                                                                                                    "operator_name": "PROJECTION",
                                                                                                                    "cpu_time": 0.882546577000001,
                                                                                                                    "extra_info": {
                                                                                                                        "Projections": [
                                                                                                                            "#0",
                                                                                                                            "#1",
                                                                                                                            "#2",
                                                                                                                            "#3",
                                                                                                                            "__internal_compress_integral_usmallint(#4, -72)",
                                                                                                                            "#5",
                                                                                                                            "#6",
                                                                                                                            "#7"
                                                                                                                        ],
                                                                                                                        "Estimated Cardinality": "12744093"
                                                                                                                    },
                                                                                                                    "cumulative_cardinality": 17336402,
                                                                                                                    "operator_type": "PROJECTION",
                                                                                                                    "operator_cardinality": 954760,
                                                                                                                    "cumulative_rows_scanned": 25096741,
                                                                                                                    "operator_rows_scanned": 0,
                                                                                                                    "operator_timing": 0.001279722999999999,
                                                                                                                    "result_set_size": 55376080,
                                                                                                                    "children": [
                                                                                                                        {
                                                                                                                            "operator_name": "HASH_JOIN",
                                                                                                                            "cpu_time": 0.881266854000001,
                                                                                                                            "extra_info": {
                                                                                                                                "Join Type": "LEFT",
                                                                                                                                "Conditions": "id = postid",
                                                                                                                                "Estimated Cardinality": "12744093"
                                                                                                                            },
                                                                                                                            "cumulative_cardinality": 16381642,
                                                                                                                            "operator_type": "HASH_JOIN",
                                                                                                                            "operator_cardinality": 954760,
                                                                                                                            "cumulative_rows_scanned": 25096741,
                                                                                                                            "operator_rows_scanned": 0,
                                                                                                                            "operator_timing": 0.5587120590000002,
                                                                                                                            "result_set_size": 57285600,
                                                                                                                            "children": [
                                                                                                                                {
                                                                                                                                    "operator_name": "PROJECTION",
                                                                                                                                    "cpu_time": 0.25052187200000003,
                                                                                                                                    "extra_info": {
                                                                                                                                        "Projections": [
                                                                                                                                            "#0",
                                                                                                                                            "#1",
                                                                                                                                            "#2",
                                                                                                                                            "#3",
                                                                                                                                            "__internal_decompress_integral_integer(#4, -72)",
                                                                                                                                            "#5",
                                                                                                                                            "#6"
                                                                                                                                        ],
                                                                                                                                        "Estimated Cardinality": "7241822"
                                                                                                                                    },
                                                                                                                                    "cumulative_cardinality": 2682789,
                                                                                                                                    "operator_type": "PROJECTION",
                                                                                                                                    "operator_cardinality": 349210,
                                                                                                                                    "cumulative_rows_scanned": 12352648,
                                                                                                                                    "operator_rows_scanned": 0,
                                                                                                                                    "operator_timing": 0.000217829,
                                                                                                                                    "result_set_size": 19555760,
                                                                                                                                    "children": [
                                                                                                                                        {
                                                                                                                                            "operator_name": "HASH_JOIN",
                                                                                                                                            "cpu_time": 0.25030404300000003,
                                                                                                                                            "extra_info": {
                                                                                                                                                "Join Type": "RIGHT",
                                                                                                                                                "Conditions": "postid = id",
                                                                                                                                                "Estimated Cardinality": "7241822"
                                                                                                                                            },
                                                                                                                                            "cumulative_cardinality": 2333579,
                                                                                                                                            "operator_type": "HASH_JOIN",
                                                                                                                                            "operator_cardinality": 349210,
                                                                                                                                            "cumulative_rows_scanned": 12352648,
                                                                                                                                            "operator_rows_scanned": 0,
                                                                                                                                            "operator_timing": 0.04522694000000005,
                                                                                                                                            "result_set_size": 18857340,
                                                                                                                                            "children": [
                                                                                                                                                {
                                                                                                                                                    "operator_name": "READ_PARQUET ",
                                                                                                                                                    "cpu_time": 0.014354405999999991,
                                                                                                                                                    "extra_info": {
                                                                                                                                                        "Function": "READ_PARQUET",
                                                                                                                                                        "Projections": [
                                                                                                                                                            "id",
                                                                                                                                                            "postid"
                                                                                                                                                        ],
                                                                                                                                                        "Estimated Cardinality": "7241822"
                                                                                                                                                    },
                                                                                                                                                    "cumulative_cardinality": 287064,
                                                                                                                                                    "operator_type": "TABLE_SCAN",
                                                                                                                                                    "operator_cardinality": 287064,
                                                                                                                                                    "cumulative_rows_scanned": 7241822,
                                                                                                                                                    "operator_rows_scanned": 7241822,
                                                                                                                                                    "operator_timing": 0.014354405999999991,
                                                                                                                                                    "result_set_size": 2296512,
                                                                                                                                                    "children": []
                                                                                                                                                },
                                                                                                                                                {
                                                                                                                                                    "operator_name": "PROJECTION",
                                                                                                                                                    "cpu_time": 0.190722697,
                                                                                                                                                    "extra_info": {
                                                                                                                                                        "Projections": [
                                                                                                                                                            "#0",
                                                                                                                                                            "#1",
                                                                                                                                                            "#2",
                                                                                                                                                            "__internal_compress_integral_usmallint(#3, -72)",
                                                                                                                                                            "#4",
                                                                                                                                                            "#5"
                                                                                                                                                        ],
                                                                                                                                                        "Estimated Cardinality": "1260710"
                                                                                                                                                    },
                                                                                                                                                    "cumulative_cardinality": 1697305,
                                                                                                                                                    "operator_type": "PROJECTION",
                                                                                                                                                    "operator_cardinality": 145542,
                                                                                                                                                    "cumulative_rows_scanned": 5110826,
                                                                                                                                                    "operator_rows_scanned": 0,
                                                                                                                                                    "operator_timing": 0.0009550259999999991,
                                                                                                                                                    "result_set_size": 7277100,
                                                                                                                                                    "children": [
                                                                                                                                                        {
                                                                                                                                                            "operator_name": "HASH_JOIN",
                                                                                                                                                            "cpu_time": 0.189767671,
                                                                                                                                                            "extra_info": {
                                                                                                                                                                "Join Type": "RIGHT",
                                                                                                                                                                "Conditions": "id = owneruserid",
                                                                                                                                                                "Estimated Cardinality": "1260710"
                                                                                                                                                            },
                                                                                                                                                            "cumulative_cardinality": 1551763,
                                                                                                                                                            "operator_type": "HASH_JOIN",
                                                                                                                                                            "operator_cardinality": 145542,
                                                                                                                                                            "cumulative_rows_scanned": 5110826,
                                                                                                                                                            "operator_rows_scanned": 0,
                                                                                                                                                            "operator_timing": 0.03284426499999997,
                                                                                                                                                            "result_set_size": 7568184,
                                                                                                                                                            "children": [
                                                                                                                                                                {
                                                                                                                                                                    "operator_name": "READ_PARQUET ",
                                                                                                                                                                    "cpu_time": 0.08831252300000003,
                                                                                                                                                                    "extra_info": {
                                                                                                                                                                        "Function": "READ_PARQUET",
                                                                                                                                                                        "Projections": [
                                                                                                                                                                            "id",
                                                                                                                                                                            "displayname"
                                                                                                                                                                        ],
                                                                                                                                                                        "Estimated Cardinality": "1260710"
                                                                                                                                                                    },
                                                                                                                                                                    "cumulative_cardinality": 1260679,
                                                                                                                                                                    "operator_type": "TABLE_SCAN",
                                                                                                                                                                    "operator_cardinality": 1260679,
                                                                                                                                                                    "cumulative_rows_scanned": 1260710,
                                                                                                                                                                    "operator_rows_scanned": 1260710,
                                                                                                                                                                    "operator_timing": 0.08831252300000003,
                                                                                                                                                                    "result_set_size": 25213580,
                                                                                                                                                                    "children": []
                                                                                                                                                                },
                                                                                                                                                                {
                                                                                                                                                                    "operator_name": "READ_PARQUET ",
                                                                                                                                                                    "cpu_time": 0.068610883,
                                                                                                                                                                    "extra_info": {
                                                                                                                                                                        "Function": "READ_PARQUET",
                                                                                                                                                                        "Projections": [
                                                                                                                                                                            "id",
                                                                                                                                                                            "creationdate",
                                                                                                                                                                            "score",
                                                                                                                                                                            "owneruserid",
                                                                                                                                                                            "title"
                                                                                                                                                                        ],
                                                                                                                                                                        "Filters": "creationdate>='2023-10-01 12:34:56'::TIMESTAMP",
                                                                                                                                                                        "Estimated Cardinality": "770023"
                                                                                                                                                                    },
                                                                                                                                                                    "cumulative_cardinality": 145542,
                                                                                                                                                                    "operator_type": "TABLE_SCAN",
                                                                                                                                                                    "operator_cardinality": 145542,
                                                                                                                                                                    "cumulative_rows_scanned": 3850116,
                                                                                                                                                                    "operator_rows_scanned": 3850116,
                                                                                                                                                                    "operator_timing": 0.068610883,
                                                                                                                                                                    "result_set_size": 5239512,
                                                                                                                                                                    "children": []
                                                                                                                                                                }
                                                                                                                                                            ]
                                                                                                                                                        }
                                                                                                                                                    ]
                                                                                                                                                }
                                                                                                                                            ]
                                                                                                                                        }
                                                                                                                                    ]
                                                                                                                                },
                                                                                                                                {
                                                                                                                                    "operator_name": "READ_PARQUET ",
                                                                                                                                    "cpu_time": 0.07203292300000069,
                                                                                                                                    "extra_info": {
                                                                                                                                        "Function": "READ_PARQUET",
                                                                                                                                        "Projections": "postid",
                                                                                                                                        "Estimated Cardinality": "12744093"
                                                                                                                                    },
                                                                                                                                    "cumulative_cardinality": 12744093,
                                                                                                                                    "operator_type": "TABLE_SCAN",
                                                                                                                                    "operator_cardinality": 12744093,
                                                                                                                                    "cumulative_rows_scanned": 12744093,
                                                                                                                                    "operator_rows_scanned": 12744093,
                                                                                                                                    "operator_timing": 0.07203292300000069,
                                                                                                                                    "result_set_size": 50976372,
                                                                                                                                    "children": []
                                                                                                                                }
                                                                                                                            ]
                                                                                                                        }
                                                                                                                    ]
                                                                                                                }
                                                                                                            ]
                                                                                                        }
                                                                                                    ]
                                                                                                }
                                                                                            ]
                                                                                        }
                                                                                    ]
                                                                                }
                                                                            ]
                                                                        }
                                                                    ]
                                                                },
                                                                {
                                                                    "operator_name": "PROJECTION",
                                                                    "cpu_time": 0.17844589900000013,
                                                                    "extra_info": {
                                                                        "Projections": "postid",
                                                                        "Estimated Cardinality": "2081513"
                                                                    },
                                                                    "cumulative_cardinality": 394460,
                                                                    "operator_type": "PROJECTION",
                                                                    "operator_cardinality": 131474,
                                                                    "cumulative_rows_scanned": 11795278,
                                                                    "operator_rows_scanned": 0,
                                                                    "operator_timing": 0.000011361000000000004,
                                                                    "result_set_size": 525896,
                                                                    "children": [
                                                                        {
                                                                            "operator_name": "HASH_JOIN",
                                                                            "cpu_time": 0.17843453800000014,
                                                                            "extra_info": {
                                                                                "Join Type": "INNER",
                                                                                "Conditions": "posthistorytypeid = id",
                                                                                "Estimated Cardinality": "2081513"
                                                                            },
                                                                            "cumulative_cardinality": 262986,
                                                                            "operator_type": "HASH_JOIN",
                                                                            "operator_cardinality": 131474,
                                                                            "cumulative_rows_scanned": 11795278,
                                                                            "operator_rows_scanned": 0,
                                                                            "operator_timing": 0.006492091999999987,
                                                                            "result_set_size": 788844,
                                                                            "children": [
                                                                                {
                                                                                    "operator_name": "READ_PARQUET ",
                                                                                    "cpu_time": 0.17159409500000017,
                                                                                    "extra_info": {
                                                                                        "Function": "READ_PARQUET",
                                                                                        "Projections": [
                                                                                            "posthistorytypeid",
                                                                                            "postid"
                                                                                        ],
                                                                                        "Estimated Cardinality": "11795244"
                                                                                    },
                                                                                    "cumulative_cardinality": 131474,
                                                                                    "operator_type": "TABLE_SCAN",
                                                                                    "operator_cardinality": 131474,
                                                                                    "cumulative_rows_scanned": 11795244,
                                                                                    "operator_rows_scanned": 11795244,
                                                                                    "operator_timing": 0.17159409500000017,
                                                                                    "result_set_size": 788844,
                                                                                    "children": []
                                                                                },
                                                                                {
                                                                                    "operator_name": "PROJECTION",
                                                                                    "cpu_time": 0.000348351,
                                                                                    "extra_info": {
                                                                                        "Projections": "#0",
                                                                                        "Estimated Cardinality": "6"
                                                                                    },
                                                                                    "cumulative_cardinality": 38,
                                                                                    "operator_type": "PROJECTION",
                                                                                    "operator_cardinality": 2,
                                                                                    "cumulative_rows_scanned": 34,
                                                                                    "operator_rows_scanned": 0,
                                                                                    "operator_timing": 3.11e-7,
                                                                                    "result_set_size": 4,
                                                                                    "children": [
                                                                                        {
                                                                                            "operator_name": "FILTER",
                                                                                            "cpu_time": 0.00034804,
                                                                                            "extra_info": {
                                                                                                "Expression": "((name = 'Post Closed') OR (name = 'Post Reopened'))",
                                                                                                "Estimated Cardinality": "6"
                                                                                            },
                                                                                            "cumulative_cardinality": 36,
                                                                                            "operator_type": "FILTER",
                                                                                            "operator_cardinality": 2,
                                                                                            "cumulative_rows_scanned": 34,
                                                                                            "operator_rows_scanned": 0,
                                                                                            "operator_timing": 0.000026169,
                                                                                            "result_set_size": 36,
                                                                                            "children": [
                                                                                                {
                                                                                                    "operator_name": "READ_PARQUET ",
                                                                                                    "cpu_time": 0.000321871,
                                                                                                    "extra_info": {
                                                                                                        "Function": "READ_PARQUET",
                                                                                                        "Projections": [
                                                                                                            "id",
                                                                                                            "name"
                                                                                                        ],
                                                                                                        "Filters": "optional: name IN ('Post Closed', 'Post Reopened')",
                                                                                                        "Estimated Cardinality": "34"
                                                                                                    },
                                                                                                    "cumulative_cardinality": 34,
                                                                                                    "operator_type": "TABLE_SCAN",
                                                                                                    "operator_cardinality": 34,
                                                                                                    "cumulative_rows_scanned": 34,
                                                                                                    "operator_rows_scanned": 34,
                                                                                                    "operator_timing": 0.000321871,
                                                                                                    "result_set_size": 612,
                                                                                                    "children": []
                                                                                                }
                                                                                            ]
                                                                                        }
                                                                                    ]
                                                                                }
                                                                            ]
                                                                        }
                                                                    ]
                                                                }
                                                            ]
                                                        },
                                                        {
                                                            "operator_name": "FILTER",
                                                            "cpu_time": 0.45295150599999967,
                                                            "extra_info": {
                                                                "Expression": "(BadgeCount > 0)",
                                                                "Estimated Cardinality": "252142"
                                                            },
                                                            "cumulative_cardinality": 14492311,
                                                            "operator_type": "FILTER",
                                                            "operator_cardinality": 549021,
                                                            "cumulative_rows_scanned": 3582434,
                                                            "operator_rows_scanned": 0,
                                                            "operator_timing": 0.001630212000000002,
                                                            "result_set_size": 7686294,
                                                            "children": [
                                                                {
                                                                    "operator_name": "HASH_GROUP_BY",
                                                                    "cpu_time": 0.45132129399999965,
                                                                    "extra_info": {
                                                                        "Groups": "#0",
                                                                        "Aggregates": [
                                                                            "count(#1)",
                                                                            "max(#2)"
                                                                        ],
                                                                        "Estimated Cardinality": "1260710"
                                                                    },
                                                                    "cumulative_cardinality": 13943290,
                                                                    "operator_type": "HASH_GROUP_BY",
                                                                    "operator_cardinality": 1260679,
                                                                    "cumulative_rows_scanned": 3582434,
                                                                    "operator_rows_scanned": 0,
                                                                    "operator_timing": 0.20420829200000007,
                                                                    "result_set_size": 17649506,
                                                                    "children": [
                                                                        {
                                                                            "operator_name": "PROJECTION",
                                                                            "cpu_time": 0.24711300199999955,
                                                                            "extra_info": {
                                                                                "Projections": [
                                                                                    "id",
                                                                                    "id",
                                                                                    "class"
                                                                                ],
                                                                                "Estimated Cardinality": "2321724"
                                                                            },
                                                                            "cumulative_cardinality": 12682611,
                                                                            "operator_type": "PROJECTION",
                                                                            "operator_cardinality": 3033382,
                                                                            "cumulative_rows_scanned": 3582434,
                                                                            "operator_rows_scanned": 0,
                                                                            "operator_timing": 0.00036699499999999854,
                                                                            "result_set_size": 30333820,
                                                                            "children": [
                                                                                {
                                                                                    "operator_name": "FILTER",
                                                                                    "cpu_time": 0.24674600699999955,
                                                                                    "extra_info": {
                                                                                        "Expression": "(id <= 1416539)",
                                                                                        "Estimated Cardinality": "2321724"
                                                                                    },
                                                                                    "cumulative_cardinality": 9649229,
                                                                                    "operator_type": "FILTER",
                                                                                    "operator_cardinality": 3033382,
                                                                                    "cumulative_rows_scanned": 3582434,
                                                                                    "operator_rows_scanned": 0,
                                                                                    "operator_timing": 0.003814381000000009,
                                                                                    "result_set_size": 30333820,
                                                                                    "children": [
                                                                                        {
                                                                                            "operator_name": "HASH_JOIN",
                                                                                            "cpu_time": 0.24293162599999954,
                                                                                            "extra_info": {
                                                                                                "Join Type": "RIGHT",
                                                                                                "Conditions": "userid = id",
                                                                                                "Estimated Cardinality": "2321724"
                                                                                            },
                                                                                            "cumulative_cardinality": 6615847,
                                                                                            "operator_type": "HASH_JOIN",
                                                                                            "operator_cardinality": 3033413,
                                                                                            "cumulative_rows_scanned": 3582434,
                                                                                            "operator_rows_scanned": 0,
                                                                                            "operator_timing": 0.17691462299999955,
                                                                                            "result_set_size": 30334130,
                                                                                            "children": [
                                                                                                {
                                                                                                    "operator_name": "READ_PARQUET ",
                                                                                                    "cpu_time": 0.05805830199999998,
                                                                                                    "extra_info": {
                                                                                                        "Function": "READ_PARQUET",
                                                                                                        "Projections": [
                                                                                                            "id",
                                                                                                            "userid",
                                                                                                            "class"
                                                                                                        ],
                                                                                                        "Estimated Cardinality": "2321724"
                                                                                                    },
                                                                                                    "cumulative_cardinality": 2321724,
                                                                                                    "operator_type": "TABLE_SCAN",
                                                                                                    "operator_cardinality": 2321724,
                                                                                                    "cumulative_rows_scanned": 2321724,
                                                                                                    "operator_rows_scanned": 2321724,
                                                                                                    "operator_timing": 0.05805830199999998,
                                                                                                    "result_set_size": 23217240,
                                                                                                    "children": []
                                                                                                },
                                                                                                {
                                                                                                    "operator_name": "READ_PARQUET ",
                                                                                                    "cpu_time": 0.00795870100000001,
                                                                                                    "extra_info": {
                                                                                                        "Function": "READ_PARQUET",
                                                                                                        "Projections": "id",
                                                                                                        "Estimated Cardinality": "1260710"
                                                                                                    },
                                                                                                    "cumulative_cardinality": 1260710,
                                                                                                    "operator_type": "TABLE_SCAN",
                                                                                                    "operator_cardinality": 1260710,
                                                                                                    "cumulative_rows_scanned": 1260710,
                                                                                                    "operator_rows_scanned": 1260710,
                                                                                                    "operator_timing": 0.00795870100000001,
                                                                                                    "result_set_size": 5042840,
                                                                                                    "children": []
                                                                                                }
                                                                                            ]
                                                                                        }
                                                                                    ]
                                                                                }
                                                                            ]
                                                                        }
                                                                    ]
                                                                }
                                                            ]
                                                        }
                                                    ]
                                                }
                                            ]
                                        }
                                    ]
                                }
                            ]
                        }
                    ]
                }
            ]
        }
    ]
}