{
    "rows_returned": 10,
    "query_name": "\nWITH RECURSIVE UserReputationCTE AS (\n    SELECT u.Id, u.DisplayName, u.Reputation, 1 AS Level\n    FROM Users u\n    WHERE u.Reputation > 1000\n  UNION ALL\n    SELECT u.Id, u.DisplayName, u.Reputation, ur.Level + 1\n    FROM Users u\n    INNER JOIN UserReputationCTE ur ON u.Reputation > ur.Reputation\n    WHERE ur.Level < 5\n),\n\nPostsWithVoteCount AS (\n    SELECT p.Id AS PostId, \n           p.Title, \n           p.CreationDate,\n           COUNT(v.Id) AS VoteCount,\n           SUM(CASE WHEN v.VoteTypeId = 2 THEN 1 ELSE 0 END) AS UpVotes,\n           SUM(CASE WHEN v.VoteTypeId = 3 THEN 1 ELSE 0 END) AS DownVotes\n    FROM Posts p\n    LEFT JOIN Votes v ON p.Id = v.PostId\n    WHERE p.CreationDate > (CAST('2024-10-01 12:34:56' AS TIMESTAMP) - INTERVAL '30 days')\n    GROUP BY p.Id, p.Title, p.CreationDate\n),\n\nClosedPosts AS (\n    SELECT ph.PostId,\n           ph.CreationDate,\n           COUNT(*) AS CloseCount,\n           STRING_AGG(DISTINCT c.Name, ', ') AS CloseReasons\n    FROM PostHistory ph\n    INNER JOIN CloseReasonTypes c ON CAST(ph.Comment AS INTEGER) = c.Id\n    WHERE ph.PostHistoryTypeId IN (10, 11) \n    GROUP BY ph.PostId, ph.CreationDate\n),\n\nTopPosts AS (\n    SELECT pw.PostId, \n           pw.Title, \n           pw.CreationDate, \n           pw.VoteCount, \n           pw.UpVotes, \n           pw.DownVotes,\n           COALESCE(cp.CloseCount, 0) AS CloseCount,\n           COALESCE(cp.CloseReasons, 'No reasons') AS CloseReasons,\n           u.DisplayName AS OwnerDisplayName\n    FROM PostsWithVoteCount pw\n    LEFT JOIN ClosedPosts cp ON pw.PostId = cp.PostId\n    INNER JOIN Posts p ON pw.PostId = p.Id\n    INNER JOIN Users u ON p.OwnerUserId = u.Id\n    WHERE u.Reputation > 5000\n)\n\nSELECT tp.*, \n       CASE \n          WHEN tp.VoteCount > 50 THEN 'Hot'\n          WHEN tp.VoteCount BETWEEN 20 AND 50 THEN 'Trending'\n          ELSE 'New'\n       END AS PostStatus\nFROM TopPosts tp\nORDER BY tp.VoteCount DESC, tp.CreationDate ASC\nLIMIT 10;\n",
    "blocked_thread_time": 0.0,
    "cpu_time": 0.9239581259999987,
    "extra_info": {},
    "cumulative_cardinality": 6124343,
    "cumulative_rows_scanned": 33500291,
    "result_set_size": 1240,
    "latency": 1.030229821,
    "children": [
        {
            "operator_name": "STREAMING_LIMIT",
            "cpu_time": 0.9239581259999987,
            "extra_info": {},
            "cumulative_cardinality": 6124343,
            "operator_type": "STREAMING_LIMIT",
            "operator_cardinality": 10,
            "cumulative_rows_scanned": 33500291,
            "operator_rows_scanned": 0,
            "operator_timing": 0.000001184,
            "result_set_size": 1240,
            "children": [
                {
                    "operator_name": "PROJECTION",
                    "cpu_time": 0.9239569419999987,
                    "extra_info": {
                        "Projections": [
                            "#0",
                            "#1",
                            "#2",
                            "#3",
                            "#4",
                            "#5",
                            "#6",
                            "#7",
                            "#8",
                            "__internal_decompress_string(#9)"
                        ],
                        "Estimated Cardinality": "770023"
                    },
                    "cumulative_cardinality": 6124333,
                    "operator_type": "PROJECTION",
                    "operator_cardinality": 2990,
                    "cumulative_rows_scanned": 33500291,
                    "operator_rows_scanned": 0,
                    "operator_timing": 0.000029556,
                    "result_set_size": 370760,
                    "children": [
                        {
                            "operator_name": "ORDER_BY",
                            "cpu_time": 0.9239273859999987,
                            "extra_info": {
                                "Order By": [
                                    "tp.VoteCount DESC",
                                    "tp.creationdate ASC"
                                ]
                            },
                            "cumulative_cardinality": 6121343,
                            "operator_type": "ORDER_BY",
                            "operator_cardinality": 2990,
                            "cumulative_rows_scanned": 33500291,
                            "operator_rows_scanned": 0,
                            "operator_timing": 0.00027049699999999997,
                            "result_set_size": 370760,
                            "children": [
                                {
                                    "operator_name": "PROJECTION",
                                    "cpu_time": 0.9236568889999986,
                                    "extra_info": {
                                        "Projections": [
                                            "#0",
                                            "#1",
                                            "#2",
                                            "#3",
                                            "#4",
                                            "#5",
                                            "#6",
                                            "#7",
                                            "#8",
                                            "__internal_compress_string_hugeint(#9)"
                                        ],
                                        "Estimated Cardinality": "770023"
                                    },
                                    "cumulative_cardinality": 6118353,
                                    "operator_type": "PROJECTION",
                                    "operator_cardinality": 2990,
                                    "cumulative_rows_scanned": 33500291,
                                    "operator_rows_scanned": 0,
                                    "operator_timing": 0.000031087,
                                    "result_set_size": 370760,
                                    "children": [
                                        {
                                            "operator_name": "PROJECTION",
                                            "cpu_time": 0.9236258019999987,
                                            "extra_info": {
                                                "Projections": [
                                                    "PostId",
                                                    "title",
                                                    "creationdate",
                                                    "VoteCount",
                                                    "UpVotes",
                                                    "DownVotes",
                                                    "CloseCount",
                                                    "CloseReasons",
                                                    "OwnerDisplayName",
                                                    "PostStatus"
                                                ],
                                                "Estimated Cardinality": "770023"
                                            },
                                            "cumulative_cardinality": 6115363,
                                            "operator_type": "PROJECTION",
                                            "operator_cardinality": 2990,
                                            "cumulative_rows_scanned": 33500291,
                                            "operator_rows_scanned": 0,
                                            "operator_timing": 0.00008970799999999999,
                                            "result_set_size": 370760,
                                            "children": [
                                                {
                                                    "operator_name": "PROJECTION",
                                                    "cpu_time": 0.9235360939999987,
                                                    "extra_info": {
                                                        "Projections": [
                                                            "PostId",
                                                            "title",
                                                            "creationdate",
                                                            "VoteCount",
                                                            "UpVotes",
                                                            "DownVotes",
                                                            "CloseCount",
                                                            "CloseReasons",
                                                            "OwnerDisplayName"
                                                        ],
                                                        "Estimated Cardinality": "770023"
                                                    },
                                                    "cumulative_cardinality": 6112373,
                                                    "operator_type": "PROJECTION",
                                                    "operator_cardinality": 2990,
                                                    "cumulative_rows_scanned": 33500291,
                                                    "operator_rows_scanned": 0,
                                                    "operator_timing": 0.00007237599999999999,
                                                    "result_set_size": 322920,
                                                    "children": [
                                                        {
                                                            "operator_name": "HASH_JOIN",
                                                            "cpu_time": 0.9234637179999987,
                                                            "extra_info": {
                                                                "Join Type": "INNER",
                                                                "Conditions": "PostId = id",
                                                                "Estimated Cardinality": "770023"
                                                            },
                                                            "cumulative_cardinality": 6109383,
                                                            "operator_type": "HASH_JOIN",
                                                            "operator_cardinality": 2990,
                                                            "cumulative_rows_scanned": 33500291,
                                                            "operator_rows_scanned": 0,
                                                            "operator_timing": 0.09987815,
                                                            "result_set_size": 322920,
                                                            "children": [
                                                                {
                                                                    "operator_name": "HASH_JOIN",
                                                                    "cpu_time": 0.6343642139999986,
                                                                    "extra_info": {
                                                                        "Join Type": "LEFT",
                                                                        "Conditions": "PostId = postid",
                                                                        "Estimated Cardinality": "3850116"
                                                                    },
                                                                    "cumulative_cardinality": 723928,
                                                                    "operator_type": "HASH_JOIN",
                                                                    "operator_cardinality": 9934,
                                                                    "cumulative_rows_scanned": 28389465,
                                                                    "operator_rows_scanned": 0,
                                                                    "operator_timing": 0.005657477999999999,
                                                                    "result_set_size": 913928,
                                                                    "children": [
                                                                        {
                                                                            "operator_name": "HASH_GROUP_BY",
                                                                            "cpu_time": 0.08604475600000001,
                                                                            "extra_info": {
                                                                                "Groups": [
                                                                                    "#0",
                                                                                    "#1",
                                                                                    "#2"
                                                                                ],
                                                                                "Aggregates": [
                                                                                    "count(#3)",
                                                                                    "sum(#4)",
                                                                                    "sum(#5)"
                                                                                ],
                                                                                "Estimated Cardinality": "3850116"
                                                                            },
                                                                            "cumulative_cardinality": 96652,
                                                                            "operator_type": "HASH_GROUP_BY",
                                                                            "operator_cardinality": 9927,
                                                                            "cumulative_rows_scanned": 16594209,
                                                                            "operator_rows_scanned": 0,
                                                                            "operator_timing": 0.0032226610000000004,
                                                                            "result_set_size": 675036,
                                                                            "children": [
                                                                                {
                                                                                    "operator_name": "PROJECTION",
                                                                                    "cpu_time": 0.08282209500000001,
                                                                                    "extra_info": {
                                                                                        "Projections": [
                                                                                            "id",
                                                                                            "title",
                                                                                            "creationdate",
                                                                                            "id",
                                                                                            "CASE  WHEN ((votetypeid = 2)) THEN (1) ELSE 0 END",
                                                                                            "CASE  WHEN ((votetypeid = 3)) THEN (1) ELSE 0 END"
                                                                                        ],
                                                                                        "Estimated Cardinality": "12744093"
                                                                                    },
                                                                                    "cumulative_cardinality": 86725,
                                                                                    "operator_type": "PROJECTION",
                                                                                    "operator_cardinality": 23952,
                                                                                    "cumulative_rows_scanned": 16594209,
                                                                                    "operator_rows_scanned": 0,
                                                                                    "operator_timing": 0.00029545200000000003,
                                                                                    "result_set_size": 958080,
                                                                                    "children": [
                                                                                        {
                                                                                            "operator_name": "HASH_JOIN",
                                                                                            "cpu_time": 0.08252664300000001,
                                                                                            "extra_info": {
                                                                                                "Join Type": "RIGHT",
                                                                                                "Conditions": "postid = id",
                                                                                                "Estimated Cardinality": "12744093"
                                                                                            },
                                                                                            "cumulative_cardinality": 62773,
                                                                                            "operator_type": "HASH_JOIN",
                                                                                            "operator_cardinality": 23952,
                                                                                            "cumulative_rows_scanned": 16594209,
                                                                                            "operator_rows_scanned": 0,
                                                                                            "operator_timing": 0.008915754,
                                                                                            "result_set_size": 814368,
                                                                                            "children": [
                                                                                                {
                                                                                                    "operator_name": "READ_PARQUET ",
                                                                                                    "cpu_time": 0.021382851999999997,
                                                                                                    "extra_info": {
                                                                                                        "Function": "READ_PARQUET",
                                                                                                        "Projections": [
                                                                                                            "id",
                                                                                                            "postid",
                                                                                                            "votetypeid"
                                                                                                        ],
                                                                                                        "Estimated Cardinality": "12744093"
                                                                                                    },
                                                                                                    "cumulative_cardinality": 28894,
                                                                                                    "operator_type": "TABLE_SCAN",
                                                                                                    "operator_cardinality": 28894,
                                                                                                    "cumulative_rows_scanned": 12744093,
                                                                                                    "operator_rows_scanned": 12744093,
                                                                                                    "operator_timing": 0.021382851999999997,
                                                                                                    "result_set_size": 288940,
                                                                                                    "children": []
                                                                                                },
                                                                                                {
                                                                                                    "operator_name": "READ_PARQUET ",
                                                                                                    "cpu_time": 0.052228037000000005,
                                                                                                    "extra_info": {
                                                                                                        "Function": "READ_PARQUET",
                                                                                                        "Projections": [
                                                                                                            "id",
                                                                                                            "creationdate",
                                                                                                            "title"
                                                                                                        ],
                                                                                                        "Filters": "creationdate>'2024-09-01 12:34:56'::TIMESTAMP",
                                                                                                        "Estimated Cardinality": "770023"
                                                                                                    },
                                                                                                    "cumulative_cardinality": 9927,
                                                                                                    "operator_type": "TABLE_SCAN",
                                                                                                    "operator_cardinality": 9927,
                                                                                                    "cumulative_rows_scanned": 3850116,
                                                                                                    "operator_rows_scanned": 3850116,
                                                                                                    "operator_timing": 0.052228037000000005,
                                                                                                    "result_set_size": 277956,
                                                                                                    "children": []
                                                                                                }
                                                                                            ]
                                                                                        }
                                                                                    ]
                                                                                }
                                                                            ]
                                                                        },
                                                                        {
                                                                            "operator_name": "PROJECTION",
                                                                            "cpu_time": 0.5426619799999987,
                                                                            "extra_info": {
                                                                                "Projections": [
                                                                                    "postid",
                                                                                    "CloseCount",
                                                                                    "CloseReasons"
                                                                                ],
                                                                                "Estimated Cardinality": "1179524"
                                                                            },
                                                                            "cumulative_cardinality": 617342,
                                                                            "operator_type": "PROJECTION",
                                                                            "operator_cardinality": 121464,
                                                                            "cumulative_rows_scanned": 11795256,
                                                                            "operator_rows_scanned": 0,
                                                                            "operator_timing": 0.000011265000000000005,
                                                                            "result_set_size": 3400992,
                                                                            "children": [
                                                                                {
                                                                                    "operator_name": "HASH_GROUP_BY",
                                                                                    "cpu_time": 0.5426507149999986,
                                                                                    "extra_info": {
                                                                                        "Groups": [
                                                                                            "#0",
                                                                                            "#1"
                                                                                        ],
                                                                                        "Aggregates": [
                                                                                            "count_star()",
                                                                                            "string_agg(DISTINCT #2)"
                                                                                        ],
                                                                                        "Estimated Cardinality": "1179524"
                                                                                    },
                                                                                    "cumulative_cardinality": 495878,
                                                                                    "operator_type": "HASH_GROUP_BY",
                                                                                    "operator_cardinality": 121464,
                                                                                    "cumulative_rows_scanned": 11795256,
                                                                                    "operator_rows_scanned": 0,
                                                                                    "operator_timing": 0.026325254,
                                                                                    "result_set_size": 4372704,
                                                                                    "children": [
                                                                                        {
                                                                                            "operator_name": "PROJECTION",
                                                                                            "cpu_time": 0.5163254609999987,
                                                                                            "extra_info": {
                                                                                                "Projections": [
                                                                                                    "postid",
                                                                                                    "creationdate",
                                                                                                    "name"
                                                                                                ],
                                                                                                "Estimated Cardinality": "2359048"
                                                                                            },
                                                                                            "cumulative_cardinality": 374414,
                                                                                            "operator_type": "PROJECTION",
                                                                                            "operator_cardinality": 121464,
                                                                                            "cumulative_rows_scanned": 11795256,
                                                                                            "operator_rows_scanned": 0,
                                                                                            "operator_timing": 0.000022314000000000004,
                                                                                            "result_set_size": 3400992,
                                                                                            "children": [
                                                                                                {
                                                                                                    "operator_name": "HASH_JOIN",
                                                                                                    "cpu_time": 0.5163031469999987,
                                                                                                    "extra_info": {
                                                                                                        "Join Type": "INNER",
                                                                                                        "Conditions": "CAST(comment AS INTEGER) = CAST(id AS INTEGER)",
                                                                                                        "Estimated Cardinality": "2359048"
                                                                                                    },
                                                                                                    "cumulative_cardinality": 252950,
                                                                                                    "operator_type": "HASH_JOIN",
                                                                                                    "operator_cardinality": 121464,
                                                                                                    "cumulative_rows_scanned": 11795256,
                                                                                                    "operator_rows_scanned": 0,
                                                                                                    "operator_timing": 0.033820495999999714,
                                                                                                    "result_set_size": 3400992,
                                                                                                    "children": [
                                                                                                        {
                                                                                                            "operator_name": "READ_PARQUET ",
                                                                                                            "cpu_time": 0.482188901999999,
                                                                                                            "extra_info": {
                                                                                                                "Function": "READ_PARQUET",
                                                                                                                "Projections": [
                                                                                                                    "postid",
                                                                                                                    "creationdate",
                                                                                                                    "comment"
                                                                                                                ],
                                                                                                                "Filters": "posthistorytypeid>=10 AND posthistorytypeid<=11",
                                                                                                                "Estimated Cardinality": "2359048"
                                                                                                            },
                                                                                                            "cumulative_cardinality": 131474,
                                                                                                            "operator_type": "TABLE_SCAN",
                                                                                                            "operator_cardinality": 131474,
                                                                                                            "cumulative_rows_scanned": 11795244,
                                                                                                            "operator_rows_scanned": 11795244,
                                                                                                            "operator_timing": 0.482188901999999,
                                                                                                            "result_set_size": 3681272,
                                                                                                            "children": []
                                                                                                        },
                                                                                                        {
                                                                                                            "operator_name": "READ_PARQUET ",
                                                                                                            "cpu_time": 0.000293749,
                                                                                                            "extra_info": {
                                                                                                                "Function": "READ_PARQUET",
                                                                                                                "Projections": [
                                                                                                                    "id",
                                                                                                                    "name"
                                                                                                                ],
                                                                                                                "Estimated Cardinality": "12"
                                                                                                            },
                                                                                                            "cumulative_cardinality": 12,
                                                                                                            "operator_type": "TABLE_SCAN",
                                                                                                            "operator_cardinality": 12,
                                                                                                            "cumulative_rows_scanned": 12,
                                                                                                            "operator_rows_scanned": 12,
                                                                                                            "operator_timing": 0.000293749,
                                                                                                            "result_set_size": 216,
                                                                                                            "children": []
                                                                                                        }
                                                                                                    ]
                                                                                                }
                                                                                            ]
                                                                                        }
                                                                                    ]
                                                                                }
                                                                            ]
                                                                        }
                                                                    ]
                                                                },
                                                                {
                                                                    "operator_name": "HASH_JOIN",
                                                                    "cpu_time": 0.18922135400000006,
                                                                    "extra_info": {
                                                                        "Join Type": "INNER",
                                                                        "Conditions": "owneruserid = id",
                                                                        "Estimated Cardinality": "770023"
                                                                    },
                                                                    "cumulative_cardinality": 5382465,
                                                                    "operator_type": "HASH_JOIN",
                                                                    "operator_cardinality": 1703685,
                                                                    "cumulative_rows_scanned": 5110826,
                                                                    "operator_rows_scanned": 0,
                                                                    "operator_timing": 0.06200916000000007,
                                                                    "result_set_size": 34073700,
                                                                    "children": [
                                                                        {
                                                                            "operator_name": "READ_PARQUET ",
                                                                            "cpu_time": 0.079601757,
                                                                            "extra_info": {
                                                                                "Function": "READ_PARQUET",
                                                                                "Projections": [
                                                                                    "id",
                                                                                    "owneruserid"
                                                                                ],
                                                                                "Estimated Cardinality": "3850116"
                                                                            },
                                                                            "cumulative_cardinality": 3673922,
                                                                            "operator_type": "TABLE_SCAN",
                                                                            "operator_cardinality": 3673922,
                                                                            "cumulative_rows_scanned": 3850116,
                                                                            "operator_rows_scanned": 3850116,
                                                                            "operator_timing": 0.079601757,
                                                                            "result_set_size": 29391376,
                                                                            "children": []
                                                                        },
                                                                        {
                                                                            "operator_name": "FILTER",
                                                                            "cpu_time": 0.047610437,
                                                                            "extra_info": {
                                                                                "Expression": "(id <= 1416539)",
                                                                                "Estimated Cardinality": "252142"
                                                                            },
                                                                            "cumulative_cardinality": 4858,
                                                                            "operator_type": "FILTER",
                                                                            "operator_cardinality": 2429,
                                                                            "cumulative_rows_scanned": 1260710,
                                                                            "operator_rows_scanned": 0,
                                                                            "operator_timing": 0.0002840910000000002,
                                                                            "result_set_size": 48580,
                                                                            "children": [
                                                                                {
                                                                                    "operator_name": "READ_PARQUET ",
                                                                                    "cpu_time": 0.047326346,
                                                                                    "extra_info": {
                                                                                        "Function": "READ_PARQUET",
                                                                                        "Projections": [
                                                                                            "id",
                                                                                            "displayname"
                                                                                        ],
                                                                                        "Filters": "reputation>5000",
                                                                                        "Estimated Cardinality": "252142"
                                                                                    },
                                                                                    "cumulative_cardinality": 2429,
                                                                                    "operator_type": "TABLE_SCAN",
                                                                                    "operator_cardinality": 2429,
                                                                                    "cumulative_rows_scanned": 1260710,
                                                                                    "operator_rows_scanned": 1260710,
                                                                                    "operator_timing": 0.047326346,
                                                                                    "result_set_size": 48580,
                                                                                    "children": []
                                                                                }
                                                                            ]
                                                                        }
                                                                    ]
                                                                }
                                                            ]
                                                        }
                                                    ]
                                                }
                                            ]
                                        }
                                    ]
                                }
                            ]
                        }
                    ]
                }
            ]
        }
    ]
}