{
    "rows_returned": 10,
    "query_name": "WITH RankedPosts AS (\n    SELECT \n        p.Id,\n        p.Title,\n        p.CreationDate,\n        p.Score,\n        p.ViewCount,\n        p.OwnerUserId,\n        U.DisplayName AS OwnerDisplayName,\n        ROW_NUMBER() OVER (PARTITION BY p.OwnerUserId ORDER BY p.CreationDate DESC) AS PostRank\n    FROM \n        Posts p\n    JOIN \n        Users U ON p.OwnerUserId = U.Id\n    WHERE \n        p.PostTypeId = 1 \n),\nUserBadges AS (\n    SELECT \n        b.UserId,\n        COUNT(*) AS BadgeCount,\n        STRING_AGG(b.Name, ', ') AS BadgeNames\n    FROM \n        Badges b\n    GROUP BY \n        b.UserId\n),\nClosedQuestions AS (\n    SELECT \n        ph.PostId,\n        ph.CreationDate AS ClosedDate,\n        ph.Comment AS CloseReason\n    FROM \n        PostHistory ph\n    WHERE \n        ph.PostHistoryTypeId = 10 \n),\nRecentPosts AS (\n    SELECT \n        p.Id,\n        p.Title,\n        p.ViewCount,\n        COALESCE(rp.BadgeCount, 0) AS BadgeCount,\n        COALESCE(cl.ClosedDate, NULL) AS LastClosedDate,\n        COALESCE(cl.CloseReason, 'Not Closed') AS LastCloseReason\n    FROM \n        Posts p\n    LEFT JOIN \n        UserBadges rp ON p.OwnerUserId = rp.UserId\n    LEFT JOIN \n        ClosedQuestions cl ON p.Id = cl.PostId\n    WHERE \n        p.CreationDate > cast('2024-10-01 12:34:56' as timestamp) - INTERVAL '30 days'\n)\nSELECT \n    rp.Id,\n    rp.Title,\n    rp.ViewCount,\n    rp.BadgeCount,\n    rp.LastClosedDate,\n    rp.LastCloseReason,\n    CASE \n        WHEN rp.BadgeCount > 0 THEN 'Has Badges'\n        ELSE 'No Badges'\n    END AS BadgeStatus,\n    CASE \n        WHEN rp.LastClosedDate IS NOT NULL THEN 'Closed'\n        ELSE 'Open'\n    END AS PostStatus\nFROM \n    RecentPosts rp\nWHERE \n    rp.ViewCount > (SELECT AVG(ViewCount) FROM Posts)\nORDER BY \n    rp.ViewCount DESC\nFETCH FIRST 10 ROWS ONLY;",
    "blocked_thread_time": 0.0,
    "cpu_time": 0.20620194200000014,
    "extra_info": {},
    "cumulative_cardinality": 12933416,
    "cumulative_rows_scanned": 21817200,
    "result_set_size": 880,
    "latency": 0.225065778,
    "children": [
        {
            "operator_name": "STREAMING_LIMIT",
            "cpu_time": 0.20620194200000014,
            "extra_info": {},
            "cumulative_cardinality": 12933416,
            "operator_type": "STREAMING_LIMIT",
            "operator_cardinality": 10,
            "cumulative_rows_scanned": 21817200,
            "operator_rows_scanned": 0,
            "operator_timing": 0.000001272,
            "result_set_size": 880,
            "children": [
                {
                    "operator_name": "PROJECTION",
                    "cpu_time": 0.20620067000000014,
                    "extra_info": {
                        "Projections": [
                            "#0",
                            "#1",
                            "#2",
                            "#3",
                            "#4",
                            "#5",
                            "__internal_decompress_string(#6)",
                            "__internal_decompress_string(#7)"
                        ],
                        "Estimated Cardinality": "1"
                    },
                    "cumulative_cardinality": 12933406,
                    "operator_type": "PROJECTION",
                    "operator_cardinality": 29,
                    "cumulative_rows_scanned": 21817200,
                    "operator_rows_scanned": 0,
                    "operator_timing": 0.000003247,
                    "result_set_size": 2552,
                    "children": [
                        {
                            "operator_name": "ORDER_BY",
                            "cpu_time": 0.20619742300000013,
                            "extra_info": {
                                "Order By": "rp.ViewCount DESC"
                            },
                            "cumulative_cardinality": 12933377,
                            "operator_type": "ORDER_BY",
                            "operator_cardinality": 29,
                            "cumulative_rows_scanned": 21817200,
                            "operator_rows_scanned": 0,
                            "operator_timing": 0.00008593199999999999,
                            "result_set_size": 2320,
                            "children": [
                                {
                                    "operator_name": "PROJECTION",
                                    "cpu_time": 0.20611149100000012,
                                    "extra_info": {
                                        "Projections": [
                                            "#0",
                                            "#1",
                                            "#2",
                                            "#3",
                                            "#4",
                                            "#5",
                                            "__internal_compress_string_hugeint(#6)",
                                            "__internal_compress_string_ubigint(#7)"
                                        ],
                                        "Estimated Cardinality": "1"
                                    },
                                    "cumulative_cardinality": 12933348,
                                    "operator_type": "PROJECTION",
                                    "operator_cardinality": 29,
                                    "cumulative_rows_scanned": 21817200,
                                    "operator_rows_scanned": 0,
                                    "operator_timing": 0.000004739,
                                    "result_set_size": 2320,
                                    "children": [
                                        {
                                            "operator_name": "PROJECTION",
                                            "cpu_time": 0.20610675200000012,
                                            "extra_info": {
                                                "Projections": [
                                                    "id",
                                                    "title",
                                                    "viewcount",
                                                    "BadgeCount",
                                                    "LastClosedDate",
                                                    "LastCloseReason",
                                                    "BadgeStatus",
                                                    "PostStatus"
                                                ],
                                                "Estimated Cardinality": "1"
                                            },
                                            "cumulative_cardinality": 12933319,
                                            "operator_type": "PROJECTION",
                                            "operator_cardinality": 29,
                                            "cumulative_rows_scanned": 21817200,
                                            "operator_rows_scanned": 0,
                                            "operator_timing": 0.000009478,
                                            "result_set_size": 2552,
                                            "children": [
                                                {
                                                    "operator_name": "NESTED_LOOP_JOIN",
                                                    "cpu_time": 0.2060972740000001,
                                                    "extra_info": {
                                                        "Join Type": "INNER",
                                                        "Conditions": "CAST(viewcount AS DOUBLE) > SUBQUERY",
                                                        "Estimated Cardinality": "1"
                                                    },
                                                    "cumulative_cardinality": 12933290,
                                                    "operator_type": "NESTED_LOOP_JOIN",
                                                    "operator_cardinality": 29,
                                                    "cumulative_rows_scanned": 21817200,
                                                    "operator_rows_scanned": 0,
                                                    "operator_timing": 0.00022167599999999997,
                                                    "result_set_size": 1856,
                                                    "children": [
                                                        {
                                                            "operator_name": "PROJECTION",
                                                            "cpu_time": 0.16116929600000007,
                                                            "extra_info": {
                                                                "Projections": [
                                                                    "id",
                                                                    "title",
                                                                    "viewcount",
                                                                    "BadgeCount",
                                                                    "ClosedDate",
                                                                    "LastCloseReason"
                                                                ],
                                                                "Estimated Cardinality": "2359048"
                                                            },
                                                            "cumulative_cardinality": 5233025,
                                                            "operator_type": "PROJECTION",
                                                            "operator_cardinality": 9934,
                                                            "cumulative_rows_scanned": 17967084,
                                                            "operator_rows_scanned": 0,
                                                            "operator_timing": 0.000174826,
                                                            "result_set_size": 556304,
                                                            "children": [
                                                                {
                                                                    "operator_name": "HASH_JOIN",
                                                                    "cpu_time": 0.16099447000000008,
                                                                    "extra_info": {
                                                                        "Join Type": "RIGHT",
                                                                        "Conditions": "postid = id",
                                                                        "Estimated Cardinality": "2359048"
                                                                    },
                                                                    "cumulative_cardinality": 5223091,
                                                                    "operator_type": "HASH_JOIN",
                                                                    "operator_cardinality": 9934,
                                                                    "cumulative_rows_scanned": 17967084,
                                                                    "operator_rows_scanned": 0,
                                                                    "operator_timing": 0.0012040459999999998,
                                                                    "result_set_size": 556304,
                                                                    "children": [
                                                                        {
                                                                            "operator_name": "READ_PARQUET ",
                                                                            "cpu_time": 0.010367459000000002,
                                                                            "extra_info": {
                                                                                "Function": "READ_PARQUET",
                                                                                "Projections": [
                                                                                    "postid",
                                                                                    "creationdate",
                                                                                    "comment"
                                                                                ],
                                                                                "Filters": "posthistorytypeid=10",
                                                                                "Estimated Cardinality": "2359048"
                                                                            },
                                                                            "cumulative_cardinality": 834,
                                                                            "operator_type": "TABLE_SCAN",
                                                                            "operator_cardinality": 834,
                                                                            "cumulative_rows_scanned": 11795244,
                                                                            "operator_rows_scanned": 11795244,
                                                                            "operator_timing": 0.010367459000000002,
                                                                            "result_set_size": 23352,
                                                                            "children": []
                                                                        },
                                                                        {
                                                                            "operator_name": "HASH_JOIN",
                                                                            "cpu_time": 0.14942296500000007,
                                                                            "extra_info": {
                                                                                "Join Type": "LEFT",
                                                                                "Conditions": "owneruserid = userid",
                                                                                "Estimated Cardinality": "1160862"
                                                                            },
                                                                            "cumulative_cardinality": 5212323,
                                                                            "operator_type": "HASH_JOIN",
                                                                            "operator_cardinality": 9927,
                                                                            "cumulative_rows_scanned": 6171840,
                                                                            "operator_rows_scanned": 0,
                                                                            "operator_timing": 0.016754252,
                                                                            "result_set_size": 317664,
                                                                            "children": [
                                                                                {
                                                                                    "operator_name": "READ_PARQUET ",
                                                                                    "cpu_time": 0.06283538500000001,
                                                                                    "extra_info": {
                                                                                        "Function": "READ_PARQUET",
                                                                                        "Projections": [
                                                                                            "id",
                                                                                            "viewcount",
                                                                                            "owneruserid",
                                                                                            "title"
                                                                                        ],
                                                                                        "Filters": "creationdate>'2024-09-01 12:34:56'::TIMESTAMP",
                                                                                        "Estimated Cardinality": "770023"
                                                                                    },
                                                                                    "cumulative_cardinality": 9927,
                                                                                    "operator_type": "TABLE_SCAN",
                                                                                    "operator_cardinality": 9927,
                                                                                    "cumulative_rows_scanned": 3850116,
                                                                                    "operator_rows_scanned": 3850116,
                                                                                    "operator_timing": 0.06283538500000001,
                                                                                    "result_set_size": 277956,
                                                                                    "children": []
                                                                                },
                                                                                {
                                                                                    "operator_name": "HASH_GROUP_BY",
                                                                                    "cpu_time": 0.06983332800000006,
                                                                                    "extra_info": {
                                                                                        "Groups": "#0",
                                                                                        "Aggregates": "count_star()",
                                                                                        "Estimated Cardinality": "1160862"
                                                                                    },
                                                                                    "cumulative_cardinality": 5192469,
                                                                                    "operator_type": "HASH_GROUP_BY",
                                                                                    "operator_cardinality": 549021,
                                                                                    "cumulative_rows_scanned": 2321724,
                                                                                    "operator_rows_scanned": 0,
                                                                                    "operator_timing": 0.05830389800000006,
                                                                                    "result_set_size": 6588252,
                                                                                    "children": [
                                                                                        {
                                                                                            "operator_name": "PROJECTION",
                                                                                            "cpu_time": 0.01152942999999999,
                                                                                            "extra_info": {
                                                                                                "Projections": "userid",
                                                                                                "Estimated Cardinality": "2321724"
                                                                                            },
                                                                                            "cumulative_cardinality": 4643448,
                                                                                            "operator_type": "PROJECTION",
                                                                                            "operator_cardinality": 2321724,
                                                                                            "cumulative_rows_scanned": 2321724,
                                                                                            "operator_rows_scanned": 0,
                                                                                            "operator_timing": 0.0001948429999999993,
                                                                                            "result_set_size": 9286896,
                                                                                            "children": [
                                                                                                {
                                                                                                    "operator_name": "READ_PARQUET ",
                                                                                                    "cpu_time": 0.01133458699999999,
                                                                                                    "extra_info": {
                                                                                                        "Function": "READ_PARQUET",
                                                                                                        "Projections": "userid",
                                                                                                        "Estimated Cardinality": "2321724"
                                                                                                    },
                                                                                                    "cumulative_cardinality": 2321724,
                                                                                                    "operator_type": "TABLE_SCAN",
                                                                                                    "operator_cardinality": 2321724,
                                                                                                    "cumulative_rows_scanned": 2321724,
                                                                                                    "operator_rows_scanned": 2321724,
                                                                                                    "operator_timing": 0.01133458699999999,
                                                                                                    "result_set_size": 9286896,
                                                                                                    "children": []
                                                                                                }
                                                                                            ]
                                                                                        }
                                                                                    ]
                                                                                }
                                                                            ]
                                                                        }
                                                                    ]
                                                                }
                                                            ]
                                                        },
                                                        {
                                                            "operator_name": "PROJECTION",
                                                            "cpu_time": 0.04470630200000003,
                                                            "extra_info": {
                                                                "Projections": [
                                                                    "CASE  WHEN ((#1 > 1)) THEN (error('More than one row returned by a subquery used as an expression - scalar subqueries can only return a single row.",
                                                                    "Use \"SET scalar_subquery_error_on_multiple_rows=false\" to revert to previous behavior of returning a random row.')) ELSE #0 END"
                                                                ],
                                                                "Estimated Cardinality": "1"
                                                            },
                                                            "cumulative_cardinality": 7700236,
                                                            "operator_type": "PROJECTION",
                                                            "operator_cardinality": 1,
                                                            "cumulative_rows_scanned": 3850116,
                                                            "operator_rows_scanned": 0,
                                                            "operator_timing": 0.000002394,
                                                            "result_set_size": 8,
                                                            "children": [
                                                                {
                                                                    "operator_name": "UNGROUPED_AGGREGATE",
                                                                    "cpu_time": 0.04470390800000003,
                                                                    "extra_info": {
                                                                        "Aggregates": [
                                                                            "\"first\"(#0)",
                                                                            "count_star()"
                                                                        ]
                                                                    },
                                                                    "cumulative_cardinality": 7700235,
                                                                    "operator_type": "UNGROUPED_AGGREGATE",
                                                                    "operator_cardinality": 1,
                                                                    "cumulative_rows_scanned": 3850116,
                                                                    "operator_rows_scanned": 0,
                                                                    "operator_timing": 0.000001593,
                                                                    "result_set_size": 16,
                                                                    "children": [
                                                                        {
                                                                            "operator_name": "PROJECTION",
                                                                            "cpu_time": 0.04470231500000003,
                                                                            "extra_info": {
                                                                                "Projections": "#0",
                                                                                "Estimated Cardinality": "1"
                                                                            },
                                                                            "cumulative_cardinality": 7700234,
                                                                            "operator_type": "PROJECTION",
                                                                            "operator_cardinality": 1,
                                                                            "cumulative_rows_scanned": 3850116,
                                                                            "operator_rows_scanned": 0,
                                                                            "operator_timing": 2.8e-7,
                                                                            "result_set_size": 8,
                                                                            "children": [
                                                                                {
                                                                                    "operator_name": "UNGROUPED_AGGREGATE",
                                                                                    "cpu_time": 0.04470203500000003,
                                                                                    "extra_info": {
                                                                                        "Aggregates": "avg(#0)"
                                                                                    },
                                                                                    "cumulative_cardinality": 7700233,
                                                                                    "operator_type": "UNGROUPED_AGGREGATE",
                                                                                    "operator_cardinality": 1,
                                                                                    "cumulative_rows_scanned": 3850116,
                                                                                    "operator_rows_scanned": 0,
                                                                                    "operator_timing": 0.020223281000000037,
                                                                                    "result_set_size": 8,
                                                                                    "children": [
                                                                                        {
                                                                                            "operator_name": "PROJECTION",
                                                                                            "cpu_time": 0.02447875399999999,
                                                                                            "extra_info": {
                                                                                                "Projections": "viewcount",
                                                                                                "Estimated Cardinality": "3850116"
                                                                                            },
                                                                                            "cumulative_cardinality": 7700232,
                                                                                            "operator_type": "PROJECTION",
                                                                                            "operator_cardinality": 3850116,
                                                                                            "cumulative_rows_scanned": 3850116,
                                                                                            "operator_rows_scanned": 0,
                                                                                            "operator_timing": 0.0001544310000000023,
                                                                                            "result_set_size": 15400464,
                                                                                            "children": [
                                                                                                {
                                                                                                    "operator_name": "READ_PARQUET ",
                                                                                                    "cpu_time": 0.024324322999999988,
                                                                                                    "extra_info": {
                                                                                                        "Function": "READ_PARQUET",
                                                                                                        "Projections": "viewcount",
                                                                                                        "Estimated Cardinality": "3850116"
                                                                                                    },
                                                                                                    "cumulative_cardinality": 3850116,
                                                                                                    "operator_type": "TABLE_SCAN",
                                                                                                    "operator_cardinality": 3850116,
                                                                                                    "cumulative_rows_scanned": 3850116,
                                                                                                    "operator_rows_scanned": 3850116,
                                                                                                    "operator_timing": 0.024324322999999988,
                                                                                                    "result_set_size": 15400464,
                                                                                                    "children": []
                                                                                                }
                                                                                            ]
                                                                                        }
                                                                                    ]
                                                                                }
                                                                            ]
                                                                        }
                                                                    ]
                                                                }
                                                            ]
                                                        }
                                                    ]
                                                }
                                            ]
                                        }
                                    ]
                                }
                            ]
                        }
                    ]
                }
            ]
        }
    ]
}