{
    "rows_returned": 0,
    "query_name": "\nWITH RECURSIVE UserPostCounts AS (\n    SELECT \n        u.Id AS UserId,\n        COUNT(p.Id) AS PostCount\n    FROM \n        Users u\n    LEFT JOIN \n        Posts p ON u.Id = p.OwnerUserId\n    GROUP BY \n        u.Id\n),\nUserScore AS (\n    SELECT \n        u.Id AS UserId,\n        SUM(CASE WHEN v.VoteTypeId = 2 THEN 1 ELSE 0 END) AS Upvotes,\n        SUM(CASE WHEN v.VoteTypeId = 3 THEN 1 ELSE 0 END) AS Downvotes,\n        (SUM(CASE WHEN v.VoteTypeId = 2 THEN 1 ELSE 0 END) - SUM(CASE WHEN v.VoteTypeId = 3 THEN 1 ELSE 0 END)) AS Score\n    FROM \n        Users u\n    LEFT JOIN \n        Votes v ON u.Id = v.UserId\n    GROUP BY \n        u.Id\n),\nTopUsers AS (\n    SELECT \n        u.Id,\n        u.DisplayName,\n        u.Reputation,\n        COALESCE(p.PostCount, 0) AS TotalPosts,\n        COALESCE(s.Upvotes, 0) AS TotalUpvotes,\n        COALESCE(s.Downvotes, 0) AS TotalDownvotes,\n        COALESCE(s.Score, 0) AS TotalScore\n    FROM \n        Users u\n    LEFT JOIN \n        UserPostCounts p ON u.Id = p.UserId\n    LEFT JOIN \n        UserScore s ON u.Id = s.UserId\n    WHERE \n        u.Reputation > 1000\n    ORDER BY \n        TotalScore DESC\n    LIMIT 10\n),\nPostStatistics AS (\n    SELECT \n        p.Id AS PostId,\n        p.Title,\n        p.CreationDate,\n        p.ViewCount,\n        COALESCE(COUNT(c.Id), 0) AS CommentCount,\n        COALESCE(SUM(CASE WHEN v.VoteTypeId = 2 THEN 1 ELSE 0 END), 0) AS UpvoteCount,\n        COALESCE(SUM(CASE WHEN v.VoteTypeId = 3 THEN 1 ELSE 0 END), 0) AS DownvoteCount,\n        COALESCE(AVG(p.Score), 0) AS AverageScore\n    FROM \n        Posts p\n    LEFT JOIN \n        Comments c ON p.Id = c.PostId\n    LEFT JOIN \n        Votes v ON p.Id = v.PostId\n    WHERE \n        p.CreationDate >= TIMESTAMP '2024-10-01 12:34:56' - INTERVAL '30 days'\n    GROUP BY \n        p.Id, p.Title, p.CreationDate, p.ViewCount\n),\nCombinedStatistics AS (\n    SELECT \n        u.DisplayName,\n        p.Title,\n        p.ViewCount,\n        p.CommentCount,\n        p.UpvoteCount,\n        p.DownvoteCount,\n        u.TotalPosts,\n        p.AverageScore\n    FROM \n        TopUsers u\n    JOIN \n        PostStatistics p ON u.Id = p.PostId\n)\nSELECT \n    cs.DisplayName,\n    cs.Title,\n    cs.ViewCount,\n    cs.CommentCount,\n    cs.UpvoteCount,\n    cs.DownvoteCount,\n    cs.TotalPosts,\n    CASE \n        WHEN cs.AverageScore IS NULL THEN 'No Score'\n        ELSE CAST(cs.AverageScore AS VARCHAR)\n    END AS AverageScore\nFROM \n    CombinedStatistics cs\nORDER BY \n    cs.UpvoteCount DESC, cs.ViewCount DESC;\n",
    "blocked_thread_time": 0.0,
    "cpu_time": 5.009730377999999,
    "extra_info": {},
    "cumulative_cardinality": 47415473,
    "cumulative_rows_scanned": 44212370,
    "result_set_size": 0,
    "latency": 5.542450826,
    "children": [
        {
            "operator_name": "ORDER_BY",
            "cpu_time": 5.009730377999999,
            "extra_info": {
                "Order By": [
                    "cs.UpvoteCount DESC",
                    "cs.ViewCount DESC"
                ]
            },
            "cumulative_cardinality": 47415473,
            "operator_type": "ORDER_BY",
            "operator_cardinality": 0,
            "cumulative_rows_scanned": 44212370,
            "operator_rows_scanned": 0,
            "operator_timing": 3.81e-7,
            "result_set_size": 0,
            "children": [
                {
                    "operator_name": "PROJECTION",
                    "cpu_time": 5.009729996999998,
                    "extra_info": {
                        "Projections": [
                            "displayname",
                            "title",
                            "viewcount",
                            "CommentCount",
                            "UpvoteCount",
                            "DownvoteCount",
                            "TotalPosts",
                            "AverageScore"
                        ],
                        "Estimated Cardinality": "30"
                    },
                    "cumulative_cardinality": 47415473,
                    "operator_type": "PROJECTION",
                    "operator_cardinality": 0,
                    "cumulative_rows_scanned": 44212370,
                    "operator_rows_scanned": 0,
                    "operator_timing": 0.0,
                    "result_set_size": 0,
                    "children": [
                        {
                            "operator_name": "PROJECTION",
                            "cpu_time": 5.009729996999998,
                            "extra_info": {
                                "Projections": [
                                    "displayname",
                                    "title",
                                    "viewcount",
                                    "CommentCount",
                                    "UpvoteCount",
                                    "DownvoteCount",
                                    "TotalPosts",
                                    "AverageScore"
                                ],
                                "Estimated Cardinality": "30"
                            },
                            "cumulative_cardinality": 47415473,
                            "operator_type": "PROJECTION",
                            "operator_cardinality": 0,
                            "cumulative_rows_scanned": 44212370,
                            "operator_rows_scanned": 0,
                            "operator_timing": 0.0,
                            "result_set_size": 0,
                            "children": [
                                {
                                    "operator_name": "HASH_JOIN",
                                    "cpu_time": 5.009729996999998,
                                    "extra_info": {
                                        "Join Type": "INNER",
                                        "Conditions": "PostId = id",
                                        "Estimated Cardinality": "30"
                                    },
                                    "cumulative_cardinality": 47415473,
                                    "operator_type": "HASH_JOIN",
                                    "operator_cardinality": 0,
                                    "cumulative_rows_scanned": 44212370,
                                    "operator_rows_scanned": 0,
                                    "operator_timing": 0.000109655,
                                    "result_set_size": 0,
                                    "children": [
                                        {
                                            "operator_name": "PROJECTION",
                                            "cpu_time": 1.6767387680000008,
                                            "extra_info": {
                                                "Projections": [
                                                    "PostId",
                                                    "title",
                                                    "viewcount",
                                                    "CommentCount",
                                                    "UpvoteCount",
                                                    "DownvoteCount",
                                                    "AverageScore"
                                                ],
                                                "Estimated Cardinality": "3850116"
                                            },
                                            "cumulative_cardinality": 25610534,
                                            "operator_type": "PROJECTION",
                                            "operator_cardinality": 0,
                                            "cumulative_rows_scanned": 23836031,
                                            "operator_rows_scanned": 0,
                                            "operator_timing": 0.0,
                                            "result_set_size": 0,
                                            "children": [
                                                {
                                                    "operator_name": "HASH_GROUP_BY",
                                                    "cpu_time": 1.6767387680000008,
                                                    "extra_info": {
                                                        "Groups": [
                                                            "#0",
                                                            "#1",
                                                            "#2",
                                                            "#3"
                                                        ],
                                                        "Aggregates": [
                                                            "count(#4)",
                                                            "sum(#5)",
                                                            "sum(#6)",
                                                            "avg(#7)"
                                                        ],
                                                        "Estimated Cardinality": "3850116"
                                                    },
                                                    "cumulative_cardinality": 25610534,
                                                    "operator_type": "HASH_GROUP_BY",
                                                    "operator_cardinality": 0,
                                                    "cumulative_rows_scanned": 23836031,
                                                    "operator_rows_scanned": 0,
                                                    "operator_timing": 0.000002174,
                                                    "result_set_size": 0,
                                                    "children": [
                                                        {
                                                            "operator_name": "PROJECTION",
                                                            "cpu_time": 1.6767365940000007,
                                                            "extra_info": {
                                                                "Projections": [
                                                                    "id",
                                                                    "title",
                                                                    "creationdate",
                                                                    "viewcount",
                                                                    "id",
                                                                    "CASE  WHEN ((votetypeid = 2)) THEN (1) ELSE 0 END",
                                                                    "CASE  WHEN ((votetypeid = 3)) THEN (1) ELSE 0 END",
                                                                    "score"
                                                                ],
                                                                "Estimated Cardinality": "12744093"
                                                            },
                                                            "cumulative_cardinality": 25610534,
                                                            "operator_type": "PROJECTION",
                                                            "operator_cardinality": 0,
                                                            "cumulative_rows_scanned": 23836031,
                                                            "operator_rows_scanned": 0,
                                                            "operator_timing": 0.0,
                                                            "result_set_size": 0,
                                                            "children": [
                                                                {
                                                                    "operator_name": "PROJECTION",
                                                                    "cpu_time": 1.6767365940000007,
                                                                    "extra_info": {
                                                                        "Projections": [
                                                                            "#0",
                                                                            "#1",
                                                                            "#2",
                                                                            "#3",
                                                                            "#4",
                                                                            "#5",
                                                                            "__internal_decompress_integral_smallint(#6, 1)"
                                                                        ],
                                                                        "Estimated Cardinality": "12744093"
                                                                    },
                                                                    "cumulative_cardinality": 25610534,
                                                                    "operator_type": "PROJECTION",
                                                                    "operator_cardinality": 0,
                                                                    "cumulative_rows_scanned": 23836031,
                                                                    "operator_rows_scanned": 0,
                                                                    "operator_timing": 0.0,
                                                                    "result_set_size": 0,
                                                                    "children": [
                                                                        {
                                                                            "operator_name": "FILTER",
                                                                            "cpu_time": 1.6767365940000007,
                                                                            "extra_info": {
                                                                                "Expression": "(#1 <= 1416570)",
                                                                                "Estimated Cardinality": "12744093"
                                                                            },
                                                                            "cumulative_cardinality": 25610534,
                                                                            "operator_type": "FILTER",
                                                                            "operator_cardinality": 0,
                                                                            "cumulative_rows_scanned": 23836031,
                                                                            "operator_rows_scanned": 0,
                                                                            "operator_timing": 0.0008072259999999999,
                                                                            "result_set_size": 0,
                                                                            "children": [
                                                                                {
                                                                                    "operator_name": "HASH_JOIN",
                                                                                    "cpu_time": 1.6759293680000007,
                                                                                    "extra_info": {
                                                                                        "Join Type": "LEFT",
                                                                                        "Conditions": "id = postid",
                                                                                        "Estimated Cardinality": "12744093"
                                                                                    },
                                                                                    "cumulative_cardinality": 25610534,
                                                                                    "operator_type": "HASH_JOIN",
                                                                                    "operator_cardinality": 69092,
                                                                                    "cumulative_rows_scanned": 23836031,
                                                                                    "operator_rows_scanned": 0,
                                                                                    "operator_timing": 0.8886930439999999,
                                                                                    "result_set_size": 2832772,
                                                                                    "children": [
                                                                                        {
                                                                                            "operator_name": "HASH_JOIN",
                                                                                            "cpu_time": 0.418684121,
                                                                                            "extra_info": {
                                                                                                "Join Type": "RIGHT",
                                                                                                "Conditions": "postid = id",
                                                                                                "Estimated Cardinality": "7241822"
                                                                                            },
                                                                                            "cumulative_cardinality": 53256,
                                                                                            "operator_type": "HASH_JOIN",
                                                                                            "operator_cardinality": 23844,
                                                                                            "cumulative_rows_scanned": 11091938,
                                                                                            "operator_rows_scanned": 0,
                                                                                            "operator_timing": 0.004120421,
                                                                                            "result_set_size": 953760,
                                                                                            "children": [
                                                                                                {
                                                                                                    "operator_name": "READ_PARQUET ",
                                                                                                    "cpu_time": 0.023033772000000008,
                                                                                                    "extra_info": {
                                                                                                        "Function": "READ_PARQUET",
                                                                                                        "Projections": [
                                                                                                            "id",
                                                                                                            "postid"
                                                                                                        ],
                                                                                                        "Estimated Cardinality": "7241822"
                                                                                                    },
                                                                                                    "cumulative_cardinality": 19485,
                                                                                                    "operator_type": "TABLE_SCAN",
                                                                                                    "operator_cardinality": 19485,
                                                                                                    "cumulative_rows_scanned": 7241822,
                                                                                                    "operator_rows_scanned": 7241822,
                                                                                                    "operator_timing": 0.023033772000000008,
                                                                                                    "result_set_size": 155880,
                                                                                                    "children": []
                                                                                                },
                                                                                                {
                                                                                                    "operator_name": "READ_PARQUET ",
                                                                                                    "cpu_time": 0.391529928,
                                                                                                    "extra_info": {
                                                                                                        "Function": "READ_PARQUET",
                                                                                                        "Projections": [
                                                                                                            "id",
                                                                                                            "creationdate",
                                                                                                            "score",
                                                                                                            "viewcount",
                                                                                                            "title"
                                                                                                        ],
                                                                                                        "Filters": "creationdate>='2024-09-01 12:34:56'::TIMESTAMP",
                                                                                                        "Estimated Cardinality": "770023"
                                                                                                    },
                                                                                                    "cumulative_cardinality": 9927,
                                                                                                    "operator_type": "TABLE_SCAN",
                                                                                                    "operator_cardinality": 9927,
                                                                                                    "cumulative_rows_scanned": 3850116,
                                                                                                    "operator_rows_scanned": 3850116,
                                                                                                    "operator_timing": 0.391529928,
                                                                                                    "result_set_size": 357372,
                                                                                                    "children": []
                                                                                                }
                                                                                            ]
                                                                                        },
                                                                                        {
                                                                                            "operator_name": "PROJECTION",
                                                                                            "cpu_time": 0.3685522030000007,
                                                                                            "extra_info": {
                                                                                                "Projections": [
                                                                                                    "#0",
                                                                                                    "__internal_compress_integral_utinyint(#1, 1)"
                                                                                                ],
                                                                                                "Estimated Cardinality": "12744093"
                                                                                            },
                                                                                            "cumulative_cardinality": 25488186,
                                                                                            "operator_type": "PROJECTION",
                                                                                            "operator_cardinality": 12744093,
                                                                                            "cumulative_rows_scanned": 12744093,
                                                                                            "operator_rows_scanned": 0,
                                                                                            "operator_timing": 0.005572477999999958,
                                                                                            "result_set_size": 63720465,
                                                                                            "children": [
                                                                                                {
                                                                                                    "operator_name": "READ_PARQUET ",
                                                                                                    "cpu_time": 0.36297972500000075,
                                                                                                    "extra_info": {
                                                                                                        "Function": "READ_PARQUET",
                                                                                                        "Projections": [
                                                                                                            "postid",
                                                                                                            "votetypeid"
                                                                                                        ],
                                                                                                        "Estimated Cardinality": "12744093"
                                                                                                    },
                                                                                                    "cumulative_cardinality": 12744093,
                                                                                                    "operator_type": "TABLE_SCAN",
                                                                                                    "operator_cardinality": 12744093,
                                                                                                    "cumulative_rows_scanned": 12744093,
                                                                                                    "operator_rows_scanned": 12744093,
                                                                                                    "operator_timing": 0.36297972500000075,
                                                                                                    "result_set_size": 76464558,
                                                                                                    "children": []
                                                                                                }
                                                                                            ]
                                                                                        }
                                                                                    ]
                                                                                }
                                                                            ]
                                                                        }
                                                                    ]
                                                                }
                                                            ]
                                                        }
                                                    ]
                                                }
                                            ]
                                        },
                                        {
                                            "operator_name": "PROJECTION",
                                            "cpu_time": 3.3328815739999977,
                                            "extra_info": {
                                                "Projections": [
                                                    "#0",
                                                    "#1",
                                                    "#2"
                                                ],
                                                "Estimated Cardinality": "10"
                                            },
                                            "cumulative_cardinality": 21804939,
                                            "operator_type": "PROJECTION",
                                            "operator_cardinality": 10,
                                            "cumulative_rows_scanned": 20376339,
                                            "operator_rows_scanned": 0,
                                            "operator_timing": 5.11e-7,
                                            "result_set_size": 280,
                                            "children": [
                                                {
                                                    "operator_name": "FILTER",
                                                    "cpu_time": 3.3328810629999976,
                                                    "extra_info": {
                                                        "Expression": "(id >= 1)",
                                                        "Estimated Cardinality": "10"
                                                    },
                                                    "cumulative_cardinality": 21804929,
                                                    "operator_type": "FILTER",
                                                    "operator_cardinality": 10,
                                                    "cumulative_rows_scanned": 20376339,
                                                    "operator_rows_scanned": 0,
                                                    "operator_timing": 0.000006182,
                                                    "result_set_size": 440,
                                                    "children": [
                                                        {
                                                            "operator_name": "STREAMING_LIMIT",
                                                            "cpu_time": 3.3328748809999977,
                                                            "extra_info": {},
                                                            "cumulative_cardinality": 21804919,
                                                            "operator_type": "STREAMING_LIMIT",
                                                            "operator_cardinality": 10,
                                                            "cumulative_rows_scanned": 20376339,
                                                            "operator_rows_scanned": 0,
                                                            "operator_timing": 0.0000022650000000000003,
                                                            "result_set_size": 440,
                                                            "children": [
                                                                {
                                                                    "operator_name": "ORDER_BY",
                                                                    "cpu_time": 3.3328726159999977,
                                                                    "extra_info": {
                                                                        "Order By": "COALESCE(s.Score, 0) DESC"
                                                                    },
                                                                    "cumulative_cardinality": 21804909,
                                                                    "operator_type": "ORDER_BY",
                                                                    "operator_cardinality": 4096,
                                                                    "cumulative_rows_scanned": 20376339,
                                                                    "operator_rows_scanned": 0,
                                                                    "operator_timing": 0.001133803,
                                                                    "result_set_size": 180224,
                                                                    "children": [
                                                                        {
                                                                            "operator_name": "PROJECTION",
                                                                            "cpu_time": 3.3317388129999976,
                                                                            "extra_info": {
                                                                                "Projections": [
                                                                                    "id",
                                                                                    "displayname",
                                                                                    "TotalPosts",
                                                                                    "TotalScore"
                                                                                ],
                                                                                "Estimated Cardinality": "1260710"
                                                                            },
                                                                            "cumulative_cardinality": 21800813,
                                                                            "operator_type": "PROJECTION",
                                                                            "operator_cardinality": 11215,
                                                                            "cumulative_rows_scanned": 20376339,
                                                                            "operator_rows_scanned": 0,
                                                                            "operator_timing": 0.0012097359999999997,
                                                                            "result_set_size": 493460,
                                                                            "children": [
                                                                                {
                                                                                    "operator_name": "HASH_JOIN",
                                                                                    "cpu_time": 3.330529076999998,
                                                                                    "extra_info": {
                                                                                        "Join Type": "LEFT",
                                                                                        "Conditions": "id = UserId",
                                                                                        "Estimated Cardinality": "1260710"
                                                                                    },
                                                                                    "cumulative_cardinality": 21789598,
                                                                                    "operator_type": "HASH_JOIN",
                                                                                    "operator_cardinality": 11215,
                                                                                    "cumulative_rows_scanned": 20376339,
                                                                                    "operator_rows_scanned": 0,
                                                                                    "operator_timing": 0.07528391400000001,
                                                                                    "result_set_size": 493460,
                                                                                    "children": [
                                                                                        {
                                                                                            "operator_name": "HASH_JOIN",
                                                                                            "cpu_time": 1.4206929500000003,
                                                                                            "extra_info": {
                                                                                                "Join Type": "RIGHT",
                                                                                                "Conditions": "UserId = id",
                                                                                                "Estimated Cardinality": "1260710"
                                                                                            },
                                                                                            "cumulative_cardinality": 15378256,
                                                                                            "operator_type": "HASH_JOIN",
                                                                                            "operator_cardinality": 11215,
                                                                                            "cumulative_rows_scanned": 6371536,
                                                                                            "operator_rows_scanned": 0,
                                                                                            "operator_timing": 0.02697268500000002,
                                                                                            "result_set_size": 314020,
                                                                                            "children": [
                                                                                                {
                                                                                                    "operator_name": "HASH_GROUP_BY",
                                                                                                    "cpu_time": 0.8774921930000009,
                                                                                                    "extra_info": {
                                                                                                        "Groups": "#0",
                                                                                                        "Aggregates": "count(#1)",
                                                                                                        "Estimated Cardinality": "1260710"
                                                                                                    },
                                                                                                    "cumulative_cardinality": 15355826,
                                                                                                    "operator_type": "HASH_GROUP_BY",
                                                                                                    "operator_cardinality": 1260710,
                                                                                                    "cumulative_rows_scanned": 5110826,
                                                                                                    "operator_rows_scanned": 0,
                                                                                                    "operator_timing": 0.3565855550000002,
                                                                                                    "result_set_size": 15128520,
                                                                                                    "children": [
                                                                                                        {
                                                                                                            "operator_name": "PROJECTION",
                                                                                                            "cpu_time": 0.5209066380000007,
                                                                                                            "extra_info": {
                                                                                                                "Projections": [
                                                                                                                    "id",
                                                                                                                    "id"
                                                                                                                ],
                                                                                                                "Estimated Cardinality": "3850116"
                                                                                                            },
                                                                                                            "cumulative_cardinality": 14095116,
                                                                                                            "operator_type": "PROJECTION",
                                                                                                            "operator_cardinality": 4574495,
                                                                                                            "cumulative_rows_scanned": 5110826,
                                                                                                            "operator_rows_scanned": 0,
                                                                                                            "operator_timing": 0.0010672249999999959,
                                                                                                            "result_set_size": 36595960,
                                                                                                            "children": [
                                                                                                                {
                                                                                                                    "operator_name": "HASH_JOIN",
                                                                                                                    "cpu_time": 0.5198394130000007,
                                                                                                                    "extra_info": {
                                                                                                                        "Join Type": "RIGHT",
                                                                                                                        "Conditions": "owneruserid = id",
                                                                                                                        "Estimated Cardinality": "3850116"
                                                                                                                    },
                                                                                                                    "cumulative_cardinality": 9520621,
                                                                                                                    "operator_type": "HASH_JOIN",
                                                                                                                    "operator_cardinality": 4574495,
                                                                                                                    "cumulative_rows_scanned": 5110826,
                                                                                                                    "operator_rows_scanned": 0,
                                                                                                                    "operator_timing": 0.3337564320000002,
                                                                                                                    "result_set_size": 36595960,
                                                                                                                    "children": [
                                                                                                                        {
                                                                                                                            "operator_name": "READ_PARQUET ",
                                                                                                                            "cpu_time": 0.1733654170000005,
                                                                                                                            "extra_info": {
                                                                                                                                "Function": "READ_PARQUET",
                                                                                                                                "Projections": [
                                                                                                                                    "id",
                                                                                                                                    "owneruserid"
                                                                                                                                ],
                                                                                                                                "Estimated Cardinality": "3850116"
                                                                                                                            },
                                                                                                                            "cumulative_cardinality": 3685416,
                                                                                                                            "operator_type": "TABLE_SCAN",
                                                                                                                            "operator_cardinality": 3685416,
                                                                                                                            "cumulative_rows_scanned": 3850116,
                                                                                                                            "operator_rows_scanned": 3850116,
                                                                                                                            "operator_timing": 0.1733654170000005,
                                                                                                                            "result_set_size": 29483328,
                                                                                                                            "children": []
                                                                                                                        },
                                                                                                                        {
                                                                                                                            "operator_name": "READ_PARQUET ",
                                                                                                                            "cpu_time": 0.01271756399999998,
                                                                                                                            "extra_info": {
                                                                                                                                "Function": "READ_PARQUET",
                                                                                                                                "Projections": "id",
                                                                                                                                "Estimated Cardinality": "1260710"
                                                                                                                            },
                                                                                                                            "cumulative_cardinality": 1260710,
                                                                                                                            "operator_type": "TABLE_SCAN",
                                                                                                                            "operator_cardinality": 1260710,
                                                                                                                            "cumulative_rows_scanned": 1260710,
                                                                                                                            "operator_rows_scanned": 1260710,
                                                                                                                            "operator_timing": 0.01271756399999998,
                                                                                                                            "result_set_size": 5042840,
                                                                                                                            "children": []
                                                                                                                        }
                                                                                                                    ]
                                                                                                                }
                                                                                                            ]
                                                                                                        }
                                                                                                    ]
                                                                                                },
                                                                                                {
                                                                                                    "operator_name": "READ_PARQUET ",
                                                                                                    "cpu_time": 0.5162280719999994,
                                                                                                    "extra_info": {
                                                                                                        "Function": "READ_PARQUET",
                                                                                                        "Projections": [
                                                                                                            "id",
                                                                                                            "displayname"
                                                                                                        ],
                                                                                                        "Filters": "reputation>1000",
                                                                                                        "Estimated Cardinality": "252142"
                                                                                                    },
                                                                                                    "cumulative_cardinality": 11215,
                                                                                                    "operator_type": "TABLE_SCAN",
                                                                                                    "operator_cardinality": 11215,
                                                                                                    "cumulative_rows_scanned": 1260710,
                                                                                                    "operator_rows_scanned": 1260710,
                                                                                                    "operator_timing": 0.5162280719999994,
                                                                                                    "result_set_size": 224300,
                                                                                                    "children": []
                                                                                                }
                                                                                            ]
                                                                                        },
                                                                                        {
                                                                                            "operator_name": "PROJECTION",
                                                                                            "cpu_time": 1.8345522129999978,
                                                                                            "extra_info": {
                                                                                                "Projections": [
                                                                                                    "UserId",
                                                                                                    "Score"
                                                                                                ],
                                                                                                "Estimated Cardinality": "1260710"
                                                                                            },
                                                                                            "cumulative_cardinality": 6400127,
                                                                                            "operator_type": "PROJECTION",
                                                                                            "operator_cardinality": 1260710,
                                                                                            "cumulative_rows_scanned": 14004803,
                                                                                            "operator_rows_scanned": 0,
                                                                                            "operator_timing": 0.012459161,
                                                                                            "result_set_size": 25214200,
                                                                                            "children": [
                                                                                                {
                                                                                                    "operator_name": "HASH_GROUP_BY",
                                                                                                    "cpu_time": 1.8220930519999978,
                                                                                                    "extra_info": {
                                                                                                        "Groups": "#0",
                                                                                                        "Aggregates": [
                                                                                                            "sum(#1)",
                                                                                                            "sum(#2)"
                                                                                                        ],
                                                                                                        "Estimated Cardinality": "1260710"
                                                                                                    },
                                                                                                    "cumulative_cardinality": 5139417,
                                                                                                    "operator_type": "HASH_GROUP_BY",
                                                                                                    "operator_cardinality": 1260710,
                                                                                                    "cumulative_rows_scanned": 14004803,
                                                                                                    "operator_rows_scanned": 0,
                                                                                                    "operator_timing": 0.3724982470000002,
                                                                                                    "result_set_size": 45385560,
                                                                                                    "children": [
                                                                                                        {
                                                                                                            "operator_name": "PROJECTION",
                                                                                                            "cpu_time": 1.4495948049999976,
                                                                                                            "extra_info": {
                                                                                                                "Projections": [
                                                                                                                    "id",
                                                                                                                    "CASE  WHEN ((votetypeid = 2)) THEN (1) ELSE 0 END",
                                                                                                                    "CASE  WHEN ((votetypeid = 3)) THEN (1) ELSE 0 END"
                                                                                                                ],
                                                                                                                "Estimated Cardinality": "12744093"
                                                                                                            },
                                                                                                            "cumulative_cardinality": 3878707,
                                                                                                            "operator_type": "PROJECTION",
                                                                                                            "operator_cardinality": 1288855,
                                                                                                            "cumulative_rows_scanned": 14004803,
                                                                                                            "operator_rows_scanned": 0,
                                                                                                            "operator_timing": 0.004410562000000001,
                                                                                                            "result_set_size": 15466260,
                                                                                                            "children": [
                                                                                                                {
                                                                                                                    "operator_name": "HASH_JOIN",
                                                                                                                    "cpu_time": 1.4451842429999977,
                                                                                                                    "extra_info": {
                                                                                                                        "Join Type": "RIGHT",
                                                                                                                        "Conditions": "userid = id",
                                                                                                                        "Estimated Cardinality": "12744093"
                                                                                                                    },
                                                                                                                    "cumulative_cardinality": 2589852,
                                                                                                                    "operator_type": "HASH_JOIN",
                                                                                                                    "operator_cardinality": 1288855,
                                                                                                                    "cumulative_rows_scanned": 14004803,
                                                                                                                    "operator_rows_scanned": 0,
                                                                                                                    "operator_timing": 0.10729100599999954,
                                                                                                                    "result_set_size": 7733130,
                                                                                                                    "children": [
                                                                                                                        {
                                                                                                                            "operator_name": "READ_PARQUET ",
                                                                                                                            "cpu_time": 1.283039189999998,
                                                                                                                            "extra_info": {
                                                                                                                                "Function": "READ_PARQUET",
                                                                                                                                "Projections": [
                                                                                                                                    "votetypeid",
                                                                                                                                    "userid"
                                                                                                                                ],
                                                                                                                                "Estimated Cardinality": "12744093"
                                                                                                                            },
                                                                                                                            "cumulative_cardinality": 40287,
                                                                                                                            "operator_type": "TABLE_SCAN",
                                                                                                                            "operator_cardinality": 40287,
                                                                                                                            "cumulative_rows_scanned": 12744093,
                                                                                                                            "operator_rows_scanned": 12744093,
                                                                                                                            "operator_timing": 1.283039189999998,
                                                                                                                            "result_set_size": 241722,
                                                                                                                            "children": []
                                                                                                                        },
                                                                                                                        {
                                                                                                                            "operator_name": "READ_PARQUET ",
                                                                                                                            "cpu_time": 0.05485404700000003,
                                                                                                                            "extra_info": {
                                                                                                                                "Function": "READ_PARQUET",
                                                                                                                                "Projections": "id",
                                                                                                                                "Estimated Cardinality": "1260710"
                                                                                                                            },
                                                                                                                            "cumulative_cardinality": 1260710,
                                                                                                                            "operator_type": "TABLE_SCAN",
                                                                                                                            "operator_cardinality": 1260710,
                                                                                                                            "cumulative_rows_scanned": 1260710,
                                                                                                                            "operator_rows_scanned": 1260710,
                                                                                                                            "operator_timing": 0.05485404700000003,
                                                                                                                            "result_set_size": 5042840,
                                                                                                                            "children": []
                                                                                                                        }
                                                                                                                    ]
                                                                                                                }
                                                                                                            ]
                                                                                                        }
                                                                                                    ]
                                                                                                }
                                                                                            ]
                                                                                        }
                                                                                    ]
                                                                                }
                                                                            ]
                                                                        }
                                                                    ]
                                                                }
                                                            ]
                                                        }
                                                    ]
                                                }
                                            ]
                                        }
                                    ]
                                }
                            ]
                        }
                    ]
                }
            ]
        }
    ]
}