{
    "rows_returned": 10,
    "query_name": "WITH UserBadges AS (\n    SELECT \n        b.UserId,\n        COUNT(CASE WHEN b.Class = 1 THEN 1 END) AS GoldBadges,\n        COUNT(CASE WHEN b.Class = 2 THEN 1 END) AS SilverBadges,\n        COUNT(CASE WHEN b.Class = 3 THEN 1 END) AS BronzeBadges\n    FROM \n        Badges b\n    GROUP BY \n        b.UserId\n),\nPostStats AS (\n    SELECT \n        p.OwnerUserId,\n        COUNT(CASE WHEN p.PostTypeId = 1 THEN 1 END) AS QuestionsAsked,\n        COUNT(CASE WHEN p.PostTypeId = 2 THEN 1 END) AS AnswersGiven,\n        SUM(COALESCE(p.Score, 0)) AS TotalScore,\n        COUNT(DISTINCT c.Id) AS CommentCount\n    FROM \n        Posts p\n    LEFT JOIN \n        Comments c ON p.Id = c.PostId\n    GROUP BY \n        p.OwnerUserId\n),\nUserMetrics AS (\n    SELECT \n        u.Id AS UserId,\n        u.DisplayName,\n        COALESCE(ub.GoldBadges, 0) AS GoldBadges,\n        COALESCE(ub.SilverBadges, 0) AS SilverBadges,\n        COALESCE(ub.BronzeBadges, 0) AS BronzeBadges,\n        COALESCE(ps.QuestionsAsked, 0) AS QuestionsAsked,\n        COALESCE(ps.AnswersGiven, 0) AS AnswersGiven,\n        COALESCE(ps.TotalScore, 0) AS TotalScore,\n        COALESCE(ps.CommentCount, 0) AS CommentCount\n    FROM \n        Users u\n    LEFT JOIN \n        UserBadges ub ON u.Id = ub.UserId\n    LEFT JOIN \n        PostStats ps ON u.Id = ps.OwnerUserId\n)\nSELECT \n    um.UserId,\n    um.DisplayName,\n    um.GoldBadges,\n    um.SilverBadges,\n    um.BronzeBadges,\n    um.QuestionsAsked,\n    um.AnswersGiven,\n    um.TotalScore,\n    um.CommentCount,\n    CASE \n        WHEN um.TotalScore > 1000 THEN 'High Contributor'\n        WHEN um.TotalScore BETWEEN 500 AND 1000 THEN 'Medium Contributor'\n        ELSE 'Low Contributor'\n    END AS ContributionLevel\nFROM \n    UserMetrics um\nWHERE \n    um.TotalScore IS NOT NULL\nORDER BY \n    um.TotalScore DESC\nFETCH FIRST 10 ROWS ONLY;\n",
    "blocked_thread_time": 0.0,
    "cpu_time": 2.9317202749999995,
    "extra_info": {},
    "cumulative_cardinality": 54859319,
    "cumulative_rows_scanned": 14674372,
    "result_set_size": 1000,
    "latency": 3.938293783,
    "children": [
        {
            "operator_name": "STREAMING_LIMIT",
            "cpu_time": 2.9317202749999995,
            "extra_info": {},
            "cumulative_cardinality": 54859319,
            "operator_type": "STREAMING_LIMIT",
            "operator_cardinality": 10,
            "cumulative_rows_scanned": 14674372,
            "operator_rows_scanned": 0,
            "operator_timing": 0.000003436,
            "result_set_size": 1000,
            "children": [
                {
                    "operator_name": "ORDER_BY",
                    "cpu_time": 2.9317168389999995,
                    "extra_info": {
                        "Order By": "um.TotalScore DESC"
                    },
                    "cumulative_cardinality": 54859309,
                    "operator_type": "ORDER_BY",
                    "operator_cardinality": 4096,
                    "cumulative_rows_scanned": 14674372,
                    "operator_rows_scanned": 0,
                    "operator_timing": 0.17652965099999998,
                    "result_set_size": 409600,
                    "children": [
                        {
                            "operator_name": "PROJECTION",
                            "cpu_time": 2.7551871879999994,
                            "extra_info": {
                                "Projections": [
                                    "UserId",
                                    "displayname",
                                    "GoldBadges",
                                    "SilverBadges",
                                    "BronzeBadges",
                                    "QuestionsAsked",
                                    "AnswersGiven",
                                    "TotalScore",
                                    "CommentCount",
                                    "ContributionLevel"
                                ],
                                "Estimated Cardinality": "770023"
                            },
                            "cumulative_cardinality": 54855213,
                            "operator_type": "PROJECTION",
                            "operator_cardinality": 1260710,
                            "cumulative_rows_scanned": 14674372,
                            "operator_rows_scanned": 0,
                            "operator_timing": 0.008121362999999996,
                            "result_set_size": 126071000,
                            "children": [
                                {
                                    "operator_name": "PROJECTION",
                                    "cpu_time": 2.7470658249999995,
                                    "extra_info": {
                                        "Projections": [
                                            "UserId",
                                            "displayname",
                                            "GoldBadges",
                                            "SilverBadges",
                                            "BronzeBadges",
                                            "QuestionsAsked",
                                            "AnswersGiven",
                                            "TotalScore",
                                            "CommentCount"
                                        ],
                                        "Estimated Cardinality": "770023"
                                    },
                                    "cumulative_cardinality": 53594503,
                                    "operator_type": "PROJECTION",
                                    "operator_cardinality": 1260710,
                                    "cumulative_rows_scanned": 14674372,
                                    "operator_rows_scanned": 0,
                                    "operator_timing": 0.045167784,
                                    "result_set_size": 105899640,
                                    "children": [
                                        {
                                            "operator_name": "FILTER",
                                            "cpu_time": 2.7018980409999993,
                                            "extra_info": {
                                                "Expression": "(COALESCE(TotalScore, 0) IS NOT NULL)",
                                                "Estimated Cardinality": "770023"
                                            },
                                            "cumulative_cardinality": 52333793,
                                            "operator_type": "FILTER",
                                            "operator_cardinality": 1260710,
                                            "cumulative_rows_scanned": 14674372,
                                            "operator_rows_scanned": 0,
                                            "operator_timing": 0.011901774999999996,
                                            "result_set_size": 105899640,
                                            "children": [
                                                {
                                                    "operator_name": "HASH_JOIN",
                                                    "cpu_time": 2.689996265999999,
                                                    "extra_info": {
                                                        "Join Type": "RIGHT",
                                                        "Conditions": "owneruserid = id",
                                                        "Estimated Cardinality": "3850116"
                                                    },
                                                    "cumulative_cardinality": 51073083,
                                                    "operator_type": "HASH_JOIN",
                                                    "operator_cardinality": 1260710,
                                                    "cumulative_rows_scanned": 14674372,
                                                    "operator_rows_scanned": 0,
                                                    "operator_timing": 0.14939116899999996,
                                                    "result_set_size": 105899640,
                                                    "children": [
                                                        {
                                                            "operator_name": "HASH_GROUP_BY",
                                                            "cpu_time": 2.2589346839999993,
                                                            "extra_info": {
                                                                "Groups": "#0",
                                                                "Aggregates": [
                                                                    "count(#1)",
                                                                    "count(#2)",
                                                                    "sum(#3)",
                                                                    "count(DISTINCT #4)"
                                                                ],
                                                                "Estimated Cardinality": "3850116"
                                                            },
                                                            "cumulative_cardinality": 42098484,
                                                            "operator_type": "HASH_GROUP_BY",
                                                            "operator_cardinality": 371632,
                                                            "cumulative_rows_scanned": 11091938,
                                                            "operator_rows_scanned": 0,
                                                            "operator_timing": 1.3816522819999988,
                                                            "result_set_size": 16351808,
                                                            "children": [
                                                                {
                                                                    "operator_name": "PROJECTION",
                                                                    "cpu_time": 0.8772824020000004,
                                                                    "extra_info": {
                                                                        "Projections": [
                                                                            "owneruserid",
                                                                            "CASE  WHEN ((posttypeid = 1)) THEN (1) ELSE NULL END",
                                                                            "CASE  WHEN ((posttypeid = 2)) THEN (1) ELSE NULL END",
                                                                            "score",
                                                                            "id"
                                                                        ],
                                                                        "Estimated Cardinality": "7241822"
                                                                    },
                                                                    "cumulative_cardinality": 41726852,
                                                                    "operator_type": "PROJECTION",
                                                                    "operator_cardinality": 8928266,
                                                                    "cumulative_rows_scanned": 11091938,
                                                                    "operator_rows_scanned": 0,
                                                                    "operator_timing": 0.046447695000000025,
                                                                    "result_set_size": 178565320,
                                                                    "children": [
                                                                        {
                                                                            "operator_name": "PROJECTION",
                                                                            "cpu_time": 0.8308347070000004,
                                                                            "extra_info": {
                                                                                "Projections": [
                                                                                    "#0",
                                                                                    "__internal_decompress_integral_smallint(#1, 1)",
                                                                                    "__internal_decompress_integral_integer(#2, -72)",
                                                                                    "#3"
                                                                                ],
                                                                                "Estimated Cardinality": "7241822"
                                                                            },
                                                                            "cumulative_cardinality": 32798586,
                                                                            "operator_type": "PROJECTION",
                                                                            "operator_cardinality": 8928266,
                                                                            "cumulative_rows_scanned": 11091938,
                                                                            "operator_rows_scanned": 0,
                                                                            "operator_timing": 0.005411728999999975,
                                                                            "result_set_size": 124995724,
                                                                            "children": [
                                                                                {
                                                                                    "operator_name": "HASH_JOIN",
                                                                                    "cpu_time": 0.8254229780000004,
                                                                                    "extra_info": {
                                                                                        "Join Type": "RIGHT",
                                                                                        "Conditions": "postid = id",
                                                                                        "Estimated Cardinality": "7241822"
                                                                                    },
                                                                                    "cumulative_cardinality": 23870320,
                                                                                    "operator_type": "HASH_JOIN",
                                                                                    "operator_cardinality": 8928266,
                                                                                    "cumulative_rows_scanned": 11091938,
                                                                                    "operator_rows_scanned": 0,
                                                                                    "operator_timing": 0.6105251490000004,
                                                                                    "result_set_size": 98210926,
                                                                                    "children": [
                                                                                        {
                                                                                            "operator_name": "READ_PARQUET ",
                                                                                            "cpu_time": 0.13320913900000012,
                                                                                            "extra_info": {
                                                                                                "Function": "READ_PARQUET",
                                                                                                "Projections": [
                                                                                                    "id",
                                                                                                    "postid"
                                                                                                ],
                                                                                                "Estimated Cardinality": "7241822"
                                                                                            },
                                                                                            "cumulative_cardinality": 7241822,
                                                                                            "operator_type": "TABLE_SCAN",
                                                                                            "operator_cardinality": 7241822,
                                                                                            "cumulative_rows_scanned": 7241822,
                                                                                            "operator_rows_scanned": 7241822,
                                                                                            "operator_timing": 0.13320913900000012,
                                                                                            "result_set_size": 57934576,
                                                                                            "children": []
                                                                                        },
                                                                                        {
                                                                                            "operator_name": "PROJECTION",
                                                                                            "cpu_time": 0.08168868999999994,
                                                                                            "extra_info": {
                                                                                                "Projections": [
                                                                                                    "#0",
                                                                                                    "__internal_compress_integral_utinyint(#1, 1)",
                                                                                                    "__internal_compress_integral_usmallint(#2, -72)",
                                                                                                    "#3"
                                                                                                ],
                                                                                                "Estimated Cardinality": "3850116"
                                                                                            },
                                                                                            "cumulative_cardinality": 7700232,
                                                                                            "operator_type": "PROJECTION",
                                                                                            "operator_cardinality": 3850116,
                                                                                            "cumulative_rows_scanned": 3850116,
                                                                                            "operator_rows_scanned": 0,
                                                                                            "operator_timing": 0.0022374529999999973,
                                                                                            "result_set_size": 42351276,
                                                                                            "children": [
                                                                                                {
                                                                                                    "operator_name": "READ_PARQUET ",
                                                                                                    "cpu_time": 0.07945123699999994,
                                                                                                    "extra_info": {
                                                                                                        "Function": "READ_PARQUET",
                                                                                                        "Projections": [
                                                                                                            "id",
                                                                                                            "posttypeid",
                                                                                                            "score",
                                                                                                            "owneruserid"
                                                                                                        ],
                                                                                                        "Estimated Cardinality": "3850116"
                                                                                                    },
                                                                                                    "cumulative_cardinality": 3850116,
                                                                                                    "operator_type": "TABLE_SCAN",
                                                                                                    "operator_cardinality": 3850116,
                                                                                                    "cumulative_rows_scanned": 3850116,
                                                                                                    "operator_rows_scanned": 3850116,
                                                                                                    "operator_timing": 0.07945123699999994,
                                                                                                    "result_set_size": 53901624,
                                                                                                    "children": []
                                                                                                }
                                                                                            ]
                                                                                        }
                                                                                    ]
                                                                                }
                                                                            ]
                                                                        }
                                                                    ]
                                                                }
                                                            ]
                                                        },
                                                        {
                                                            "operator_name": "HASH_JOIN",
                                                            "cpu_time": 0.2816704129999999,
                                                            "extra_info": {
                                                                "Join Type": "LEFT",
                                                                "Conditions": "id = userid",
                                                                "Estimated Cardinality": "1260710"
                                                            },
                                                            "cumulative_cardinality": 7713889,
                                                            "operator_type": "HASH_JOIN",
                                                            "operator_cardinality": 1260710,
                                                            "cumulative_rows_scanned": 3582434,
                                                            "operator_rows_scanned": 0,
                                                            "operator_timing": 0.08198980599999986,
                                                            "result_set_size": 55471240,
                                                            "children": [
                                                                {
                                                                    "operator_name": "READ_PARQUET ",
                                                                    "cpu_time": 0.07754913200000006,
                                                                    "extra_info": {
                                                                        "Function": "READ_PARQUET",
                                                                        "Projections": [
                                                                            "id",
                                                                            "displayname"
                                                                        ],
                                                                        "Estimated Cardinality": "1260710"
                                                                    },
                                                                    "cumulative_cardinality": 1260710,
                                                                    "operator_type": "TABLE_SCAN",
                                                                    "operator_cardinality": 1260710,
                                                                    "cumulative_rows_scanned": 1260710,
                                                                    "operator_rows_scanned": 1260710,
                                                                    "operator_timing": 0.07754913200000006,
                                                                    "result_set_size": 25214200,
                                                                    "children": []
                                                                },
                                                                {
                                                                    "operator_name": "HASH_GROUP_BY",
                                                                    "cpu_time": 0.12213147499999998,
                                                                    "extra_info": {
                                                                        "Groups": "#0",
                                                                        "Aggregates": [
                                                                            "count(#1)",
                                                                            "count(#2)",
                                                                            "count(#3)"
                                                                        ],
                                                                        "Estimated Cardinality": "1160862"
                                                                    },
                                                                    "cumulative_cardinality": 5192469,
                                                                    "operator_type": "HASH_GROUP_BY",
                                                                    "operator_cardinality": 549021,
                                                                    "cumulative_rows_scanned": 2321724,
                                                                    "operator_rows_scanned": 0,
                                                                    "operator_timing": 0.08982816099999998,
                                                                    "result_set_size": 15372588,
                                                                    "children": [
                                                                        {
                                                                            "operator_name": "PROJECTION",
                                                                            "cpu_time": 0.032303314,
                                                                            "extra_info": {
                                                                                "Projections": [
                                                                                    "userid",
                                                                                    "CASE  WHEN ((class = 1)) THEN (1) ELSE NULL END",
                                                                                    "CASE  WHEN ((class = 2)) THEN (1) ELSE NULL END",
                                                                                    "CASE  WHEN ((class = 3)) THEN (1) ELSE NULL END"
                                                                                ],
                                                                                "Estimated Cardinality": "2321724"
                                                                            },
                                                                            "cumulative_cardinality": 4643448,
                                                                            "operator_type": "PROJECTION",
                                                                            "operator_cardinality": 2321724,
                                                                            "cumulative_rows_scanned": 2321724,
                                                                            "operator_rows_scanned": 0,
                                                                            "operator_timing": 0.014358501999999988,
                                                                            "result_set_size": 37147584,
                                                                            "children": [
                                                                                {
                                                                                    "operator_name": "READ_PARQUET ",
                                                                                    "cpu_time": 0.017944812000000015,
                                                                                    "extra_info": {
                                                                                        "Function": "READ_PARQUET",
                                                                                        "Projections": [
                                                                                            "userid",
                                                                                            "class"
                                                                                        ],
                                                                                        "Estimated Cardinality": "2321724"
                                                                                    },
                                                                                    "cumulative_cardinality": 2321724,
                                                                                    "operator_type": "TABLE_SCAN",
                                                                                    "operator_cardinality": 2321724,
                                                                                    "cumulative_rows_scanned": 2321724,
                                                                                    "operator_rows_scanned": 2321724,
                                                                                    "operator_timing": 0.017944812000000015,
                                                                                    "result_set_size": 13930344,
                                                                                    "children": []
                                                                                }
                                                                            ]
                                                                        }
                                                                    ]
                                                                }
                                                            ]
                                                        }
                                                    ]
                                                }
                                            ]
                                        }
                                    ]
                                }
                            ]
                        }
                    ]
                }
            ]
        }
    ]
}