{
    "rows_returned": 1589663,
    "query_name": "\nWITH RECURSIVE UserHierarchy AS (\n    SELECT \n        U.Id,\n        U.DisplayName,\n        U.Reputation,\n        U.CreationDate,\n        U.LastAccessDate,\n        U.Location,\n        1 AS Level\n    FROM \n        Users U\n    WHERE \n        U.Reputation > 5000  \n    UNION ALL\n    SELECT \n        U.Id,\n        U.DisplayName,\n        U.Reputation,\n        U.CreationDate,\n        U.LastAccessDate,\n        U.Location,\n        UH.Level + 1\n    FROM \n        Users U\n    JOIN \n        UserHierarchy UH ON U.Id = UH.Id + 1  \n    WHERE \n        U.Reputation > UH.Reputation  \n),\nPostVoteDetails AS (\n    SELECT \n        P.Id AS PostId,\n        P.Title,\n        COUNT(V.Id) AS VoteCount,\n        SUM(CASE WHEN V.VoteTypeId = 2 THEN 1 ELSE 0 END) AS UpVotes,  \n        SUM(CASE WHEN V.VoteTypeId = 3 THEN 1 ELSE 0 END) AS DownVotes   \n    FROM \n        Posts P\n    LEFT JOIN \n        Votes V ON P.Id = V.PostId\n    WHERE \n        P.CreationDate > (CAST('2024-10-01 12:34:56' AS timestamp) - INTERVAL '30 days')  \n    GROUP BY \n        P.Id, P.Title\n),\nRecentPosts AS (\n    SELECT \n        P.Id,\n        P.Title,\n        P.CreationDate,\n        P.Score,\n        P.ViewCount,\n        P.OwnerUserId,\n        U.DisplayName AS OwnerDisplayName,\n        PV.VoteCount,\n        PV.UpVotes,\n        PV.DownVotes\n    FROM \n        Posts P\n    JOIN \n        Users U ON P.OwnerUserId = U.Id\n    LEFT JOIN \n        PostVoteDetails PV ON P.Id = PV.PostId\n    WHERE \n        P.PostTypeId = 1  \n),\n\nTopUsers AS (\n    SELECT \n        U.Id,\n        U.DisplayName,\n        U.Reputation\n    FROM \n        Users U\n    WHERE \n        U.Reputation >= (\n            SELECT \n                AVG(Reputation) \n            FROM \n                Users \n            WHERE \n                LastAccessDate > (CAST('2024-10-01 12:34:56' AS timestamp) - INTERVAL '1 year')  \n        )\n    ORDER BY \n        U.Reputation DESC\n    LIMIT 10\n)\n\nSELECT \n    RP.Title, \n    RP.CreationDate, \n    RP.Score,\n    RP.ViewCount,\n    RP.OwnerDisplayName,\n    TU.DisplayName AS TopUser,\n    TU.Reputation AS TopUserReputation,\n    COALESCE(RP.VoteCount, 0) AS TotalVotes,\n    COALESCE(RP.UpVotes, 0) AS TotalUpVotes,\n    COALESCE(RP.DownVotes, 0) AS TotalDownVotes,\n    CASE \n        WHEN RP.OwnerUserId IS NULL THEN 'Unknown'\n        ELSE 'Known User'\n    END AS UserStatus\nFROM \n    RecentPosts RP\nLEFT JOIN \n    TopUsers TU ON RP.OwnerUserId = TU.Id\nORDER BY \n    RP.Score DESC,  \n    RP.ViewCount DESC;\n",
    "blocked_thread_time": 0.0,
    "cpu_time": 3.595417502000001,
    "extra_info": {},
    "cumulative_cardinality": 17750970,
    "cumulative_rows_scanned": 24226455,
    "result_set_size": 197118212,
    "latency": 7.718821101,
    "children": [
        {
            "operator_name": "PROJECTION",
            "cpu_time": 3.595417502000001,
            "extra_info": {
                "Projections": [
                    "#0",
                    "#1",
                    "__internal_decompress_integral_integer(#2, -72)",
                    "#3",
                    "#4",
                    "#5",
                    "#6",
                    "#7",
                    "#8",
                    "#9",
                    "__internal_decompress_string(#10)"
                ],
                "Estimated Cardinality": "3850116"
            },
            "cumulative_cardinality": 17750970,
            "operator_type": "PROJECTION",
            "operator_cardinality": 1589663,
            "cumulative_rows_scanned": 24226455,
            "operator_rows_scanned": 0,
            "operator_timing": 0.015623708999999982,
            "result_set_size": 197118212,
            "children": [
                {
                    "operator_name": "ORDER_BY",
                    "cpu_time": 3.5797937930000012,
                    "extra_info": {
                        "Order By": [
                            "RP.Score DESC",
                            "RP.ViewCount DESC"
                        ]
                    },
                    "cumulative_cardinality": 16161307,
                    "operator_type": "ORDER_BY",
                    "operator_cardinality": 1589663,
                    "cumulative_rows_scanned": 24226455,
                    "operator_rows_scanned": 0,
                    "operator_timing": 0.3134646860000004,
                    "result_set_size": 193938886,
                    "children": [
                        {
                            "operator_name": "PROJECTION",
                            "cpu_time": 3.2663291070000007,
                            "extra_info": {
                                "Projections": [
                                    "#0",
                                    "#1",
                                    "__internal_compress_integral_usmallint(#2, -72)",
                                    "#3",
                                    "#4",
                                    "#5",
                                    "#6",
                                    "#7",
                                    "#8",
                                    "#9",
                                    "__internal_compress_string_hugeint(#10)"
                                ],
                                "Estimated Cardinality": "3850116"
                            },
                            "cumulative_cardinality": 14571644,
                            "operator_type": "PROJECTION",
                            "operator_cardinality": 1589663,
                            "cumulative_rows_scanned": 24226455,
                            "operator_rows_scanned": 0,
                            "operator_timing": 0.002211504999999998,
                            "result_set_size": 193938886,
                            "children": [
                                {
                                    "operator_name": "PROJECTION",
                                    "cpu_time": 3.2641176020000007,
                                    "extra_info": {
                                        "Projections": [
                                            "title",
                                            "creationdate",
                                            "score",
                                            "viewcount",
                                            "OwnerDisplayName",
                                            "TopUser",
                                            "TopUserReputation",
                                            "TotalVotes",
                                            "TotalUpVotes",
                                            "TotalDownVotes",
                                            "UserStatus"
                                        ],
                                        "Estimated Cardinality": "3850116"
                                    },
                                    "cumulative_cardinality": 12981981,
                                    "operator_type": "PROJECTION",
                                    "operator_cardinality": 1589663,
                                    "cumulative_rows_scanned": 24226455,
                                    "operator_rows_scanned": 0,
                                    "operator_timing": 0.03148576100000006,
                                    "result_set_size": 197118212,
                                    "children": [
                                        {
                                            "operator_name": "HASH_JOIN",
                                            "cpu_time": 3.232631841000001,
                                            "extra_info": {
                                                "Join Type": "LEFT",
                                                "Conditions": "owneruserid = id",
                                                "Estimated Cardinality": "3850116"
                                            },
                                            "cumulative_cardinality": 11392318,
                                            "operator_type": "HASH_JOIN",
                                            "operator_cardinality": 1589663,
                                            "cumulative_rows_scanned": 24226455,
                                            "operator_rows_scanned": 0,
                                            "operator_timing": 0.018564196000000078,
                                            "result_set_size": 171683604,
                                            "children": [
                                                {
                                                    "operator_name": "PROJECTION",
                                                    "cpu_time": 2.8288689809999994,
                                                    "extra_info": {
                                                        "Projections": [
                                                            "title",
                                                            "creationdate",
                                                            "score",
                                                            "viewcount",
                                                            "owneruserid",
                                                            "OwnerDisplayName",
                                                            "VoteCount",
                                                            "UpVotes",
                                                            "DownVotes"
                                                        ],
                                                        "Estimated Cardinality": "3850116"
                                                    },
                                                    "cumulative_cardinality": 7804409,
                                                    "operator_type": "PROJECTION",
                                                    "operator_cardinality": 1589663,
                                                    "cumulative_rows_scanned": 21705035,
                                                    "operator_rows_scanned": 0,
                                                    "operator_timing": 0.000502733999999999,
                                                    "result_set_size": 146248996,
                                                    "children": [
                                                        {
                                                            "operator_name": "HASH_JOIN",
                                                            "cpu_time": 2.8283662469999995,
                                                            "extra_info": {
                                                                "Join Type": "RIGHT",
                                                                "Conditions": "PostId = id",
                                                                "Estimated Cardinality": "3850116"
                                                            },
                                                            "cumulative_cardinality": 6214746,
                                                            "operator_type": "HASH_JOIN",
                                                            "operator_cardinality": 1589663,
                                                            "cumulative_rows_scanned": 21705035,
                                                            "operator_rows_scanned": 0,
                                                            "operator_timing": 0.4011911069999999,
                                                            "result_set_size": 146248996,
                                                            "children": [
                                                                {
                                                                    "operator_name": "PROJECTION",
                                                                    "cpu_time": 0.123244203,
                                                                    "extra_info": {
                                                                        "Projections": [
                                                                            "PostId",
                                                                            "VoteCount",
                                                                            "UpVotes",
                                                                            "DownVotes"
                                                                        ],
                                                                        "Estimated Cardinality": "3850116"
                                                                    },
                                                                    "cumulative_cardinality": 106579,
                                                                    "operator_type": "PROJECTION",
                                                                    "operator_cardinality": 9927,
                                                                    "cumulative_rows_scanned": 16594209,
                                                                    "operator_rows_scanned": 0,
                                                                    "operator_timing": 0.0000027339999999999996,
                                                                    "result_set_size": 436788,
                                                                    "children": [
                                                                        {
                                                                            "operator_name": "HASH_GROUP_BY",
                                                                            "cpu_time": 0.12324146899999999,
                                                                            "extra_info": {
                                                                                "Groups": [
                                                                                    "#0",
                                                                                    "#1"
                                                                                ],
                                                                                "Aggregates": [
                                                                                    "count(#2)",
                                                                                    "sum(#3)",
                                                                                    "sum(#4)"
                                                                                ],
                                                                                "Estimated Cardinality": "3850116"
                                                                            },
                                                                            "cumulative_cardinality": 96652,
                                                                            "operator_type": "HASH_GROUP_BY",
                                                                            "operator_cardinality": 9927,
                                                                            "cumulative_rows_scanned": 16594209,
                                                                            "operator_rows_scanned": 0,
                                                                            "operator_timing": 0.004227884,
                                                                            "result_set_size": 595620,
                                                                            "children": [
                                                                                {
                                                                                    "operator_name": "PROJECTION",
                                                                                    "cpu_time": 0.11901358499999999,
                                                                                    "extra_info": {
                                                                                        "Projections": [
                                                                                            "id",
                                                                                            "title",
                                                                                            "id",
                                                                                            "CASE  WHEN ((votetypeid = 2)) THEN (1) ELSE 0 END",
                                                                                            "CASE  WHEN ((votetypeid = 3)) THEN (1) ELSE 0 END"
                                                                                        ],
                                                                                        "Estimated Cardinality": "12744093"
                                                                                    },
                                                                                    "cumulative_cardinality": 86725,
                                                                                    "operator_type": "PROJECTION",
                                                                                    "operator_cardinality": 23952,
                                                                                    "cumulative_rows_scanned": 16594209,
                                                                                    "operator_rows_scanned": 0,
                                                                                    "operator_timing": 0.00036809499999999987,
                                                                                    "result_set_size": 766464,
                                                                                    "children": [
                                                                                        {
                                                                                            "operator_name": "HASH_JOIN",
                                                                                            "cpu_time": 0.11864548999999999,
                                                                                            "extra_info": {
                                                                                                "Join Type": "RIGHT",
                                                                                                "Conditions": "postid = id",
                                                                                                "Estimated Cardinality": "12744093"
                                                                                            },
                                                                                            "cumulative_cardinality": 62773,
                                                                                            "operator_type": "HASH_JOIN",
                                                                                            "operator_cardinality": 23952,
                                                                                            "cumulative_rows_scanned": 16594209,
                                                                                            "operator_rows_scanned": 0,
                                                                                            "operator_timing": 0.0025640759999999985,
                                                                                            "result_set_size": 622752,
                                                                                            "children": [
                                                                                                {
                                                                                                    "operator_name": "READ_PARQUET ",
                                                                                                    "cpu_time": 0.03661876899999999,
                                                                                                    "extra_info": {
                                                                                                        "Function": "READ_PARQUET",
                                                                                                        "Projections": [
                                                                                                            "id",
                                                                                                            "postid",
                                                                                                            "votetypeid"
                                                                                                        ],
                                                                                                        "Estimated Cardinality": "12744093"
                                                                                                    },
                                                                                                    "cumulative_cardinality": 28894,
                                                                                                    "operator_type": "TABLE_SCAN",
                                                                                                    "operator_cardinality": 28894,
                                                                                                    "cumulative_rows_scanned": 12744093,
                                                                                                    "operator_rows_scanned": 12744093,
                                                                                                    "operator_timing": 0.03661876899999999,
                                                                                                    "result_set_size": 288940,
                                                                                                    "children": []
                                                                                                },
                                                                                                {
                                                                                                    "operator_name": "READ_PARQUET ",
                                                                                                    "cpu_time": 0.079462645,
                                                                                                    "extra_info": {
                                                                                                        "Function": "READ_PARQUET",
                                                                                                        "Projections": [
                                                                                                            "id",
                                                                                                            "title"
                                                                                                        ],
                                                                                                        "Filters": "creationdate>'2024-09-01 12:34:56'::TIMESTAMP",
                                                                                                        "Estimated Cardinality": "770023"
                                                                                                    },
                                                                                                    "cumulative_cardinality": 9927,
                                                                                                    "operator_type": "TABLE_SCAN",
                                                                                                    "operator_cardinality": 9927,
                                                                                                    "cumulative_rows_scanned": 3850116,
                                                                                                    "operator_rows_scanned": 3850116,
                                                                                                    "operator_timing": 0.079462645,
                                                                                                    "result_set_size": 198540,
                                                                                                    "children": []
                                                                                                }
                                                                                            ]
                                                                                        }
                                                                                    ]
                                                                                }
                                                                            ]
                                                                        }
                                                                    ]
                                                                },
                                                                {
                                                                    "operator_name": "HASH_JOIN",
                                                                    "cpu_time": 2.3039309369999996,
                                                                    "extra_info": {
                                                                        "Join Type": "INNER",
                                                                        "Conditions": "id = owneruserid",
                                                                        "Estimated Cardinality": "770023"
                                                                    },
                                                                    "cumulative_cardinality": 4518504,
                                                                    "operator_type": "HASH_JOIN",
                                                                    "operator_cardinality": 1589663,
                                                                    "cumulative_rows_scanned": 5110826,
                                                                    "operator_rows_scanned": 0,
                                                                    "operator_timing": 0.4552938730000004,
                                                                    "result_set_size": 89021128,
                                                                    "children": [
                                                                        {
                                                                            "operator_name": "READ_PARQUET ",
                                                                            "cpu_time": 0.17128710900000021,
                                                                            "extra_info": {
                                                                                "Function": "READ_PARQUET",
                                                                                "Projections": [
                                                                                    "id",
                                                                                    "displayname"
                                                                                ],
                                                                                "Filters": "id<=1416539",
                                                                                "Estimated Cardinality": "1260710"
                                                                            },
                                                                            "cumulative_cardinality": 1260677,
                                                                            "operator_type": "TABLE_SCAN",
                                                                            "operator_cardinality": 1260677,
                                                                            "cumulative_rows_scanned": 1260710,
                                                                            "operator_rows_scanned": 1260710,
                                                                            "operator_timing": 0.17128710900000021,
                                                                            "result_set_size": 25213540,
                                                                            "children": []
                                                                        },
                                                                        {
                                                                            "operator_name": "READ_PARQUET ",
                                                                            "cpu_time": 1.6773499549999993,
                                                                            "extra_info": {
                                                                                "Function": "READ_PARQUET",
                                                                                "Projections": [
                                                                                    "id",
                                                                                    "creationdate",
                                                                                    "score",
                                                                                    "viewcount",
                                                                                    "owneruserid",
                                                                                    "title"
                                                                                ],
                                                                                "Filters": "posttypeid=1",
                                                                                "Estimated Cardinality": "770023"
                                                                            },
                                                                            "cumulative_cardinality": 1668164,
                                                                            "operator_type": "TABLE_SCAN",
                                                                            "operator_cardinality": 1668164,
                                                                            "cumulative_rows_scanned": 3850116,
                                                                            "operator_rows_scanned": 3850116,
                                                                            "operator_timing": 1.6773499549999993,
                                                                            "result_set_size": 66726560,
                                                                            "children": []
                                                                        }
                                                                    ]
                                                                }
                                                            ]
                                                        }
                                                    ]
                                                },
                                                {
                                                    "operator_name": "STREAMING_LIMIT",
                                                    "cpu_time": 0.3851986640000011,
                                                    "extra_info": {},
                                                    "cumulative_cardinality": 1998246,
                                                    "operator_type": "STREAMING_LIMIT",
                                                    "operator_cardinality": 10,
                                                    "cumulative_rows_scanned": 2521420,
                                                    "operator_rows_scanned": 0,
                                                    "operator_timing": 0.0000019930000000000002,
                                                    "result_set_size": 240,
                                                    "children": [
                                                        {
                                                            "operator_name": "ORDER_BY",
                                                            "cpu_time": 0.3851966710000011,
                                                            "extra_info": {
                                                                "Order By": "U.Reputation DESC"
                                                            },
                                                            "cumulative_cardinality": 1998236,
                                                            "operator_type": "ORDER_BY",
                                                            "operator_cardinality": 4096,
                                                            "cumulative_rows_scanned": 2521420,
                                                            "operator_rows_scanned": 0,
                                                            "operator_timing": 0.002817117,
                                                            "result_set_size": 98304,
                                                            "children": [
                                                                {
                                                                    "operator_name": "PROJECTION",
                                                                    "cpu_time": 0.3823795540000011,
                                                                    "extra_info": {
                                                                        "Projections": [
                                                                            "id",
                                                                            "displayname",
                                                                            "reputation"
                                                                        ],
                                                                        "Estimated Cardinality": "2"
                                                                    },
                                                                    "cumulative_cardinality": 1994140,
                                                                    "operator_type": "PROJECTION",
                                                                    "operator_cardinality": 42970,
                                                                    "cumulative_rows_scanned": 2521420,
                                                                    "operator_rows_scanned": 0,
                                                                    "operator_timing": 0.000060540000000000007,
                                                                    "result_set_size": 1031280,
                                                                    "children": [
                                                                        {
                                                                            "operator_name": "NESTED_LOOP_JOIN",
                                                                            "cpu_time": 0.3823190140000011,
                                                                            "extra_info": {
                                                                                "Join Type": "INNER",
                                                                                "Conditions": "CAST(reputation AS DOUBLE) >= SUBQUERY",
                                                                                "Estimated Cardinality": "2"
                                                                            },
                                                                            "cumulative_cardinality": 1951170,
                                                                            "operator_type": "NESTED_LOOP_JOIN",
                                                                            "operator_cardinality": 42970,
                                                                            "cumulative_rows_scanned": 2521420,
                                                                            "operator_rows_scanned": 0,
                                                                            "operator_timing": 0.1727085860000012,
                                                                            "result_set_size": 1375040,
                                                                            "children": [
                                                                                {
                                                                                    "operator_name": "READ_PARQUET ",
                                                                                    "cpu_time": 0.15964913699999989,
                                                                                    "extra_info": {
                                                                                        "Function": "READ_PARQUET",
                                                                                        "Projections": [
                                                                                            "id",
                                                                                            "reputation",
                                                                                            "displayname"
                                                                                        ],
                                                                                        "Estimated Cardinality": "1260710"
                                                                                    },
                                                                                    "cumulative_cardinality": 1260710,
                                                                                    "operator_type": "TABLE_SCAN",
                                                                                    "operator_cardinality": 1260710,
                                                                                    "cumulative_rows_scanned": 1260710,
                                                                                    "operator_rows_scanned": 1260710,
                                                                                    "operator_timing": 0.15964913699999989,
                                                                                    "result_set_size": 30257040,
                                                                                    "children": []
                                                                                },
                                                                                {
                                                                                    "operator_name": "PROJECTION",
                                                                                    "cpu_time": 0.04996129099999999,
                                                                                    "extra_info": {
                                                                                        "Projections": [
                                                                                            "CASE  WHEN ((#1 > 1)) THEN (error('More than one row returned by a subquery used as an expression - scalar subqueries can only return a single row.",
                                                                                            "Use \"SET scalar_subquery_error_on_multiple_rows=false\" to revert to previous behavior of returning a random row.')) ELSE #0 END"
                                                                                        ],
                                                                                        "Estimated Cardinality": "1"
                                                                                    },
                                                                                    "cumulative_cardinality": 647490,
                                                                                    "operator_type": "PROJECTION",
                                                                                    "operator_cardinality": 1,
                                                                                    "cumulative_rows_scanned": 1260710,
                                                                                    "operator_rows_scanned": 0,
                                                                                    "operator_timing": 0.000003637,
                                                                                    "result_set_size": 8,
                                                                                    "children": [
                                                                                        {
                                                                                            "operator_name": "UNGROUPED_AGGREGATE",
                                                                                            "cpu_time": 0.04995765399999999,
                                                                                            "extra_info": {
                                                                                                "Aggregates": [
                                                                                                    "\"first\"(#0)",
                                                                                                    "count_star()"
                                                                                                ]
                                                                                            },
                                                                                            "cumulative_cardinality": 647489,
                                                                                            "operator_type": "UNGROUPED_AGGREGATE",
                                                                                            "operator_cardinality": 1,
                                                                                            "cumulative_rows_scanned": 1260710,
                                                                                            "operator_rows_scanned": 0,
                                                                                            "operator_timing": 0.0000031160000000000003,
                                                                                            "result_set_size": 16,
                                                                                            "children": [
                                                                                                {
                                                                                                    "operator_name": "PROJECTION",
                                                                                                    "cpu_time": 0.04995453799999999,
                                                                                                    "extra_info": {
                                                                                                        "Projections": "#0",
                                                                                                        "Estimated Cardinality": "1"
                                                                                                    },
                                                                                                    "cumulative_cardinality": 647488,
                                                                                                    "operator_type": "PROJECTION",
                                                                                                    "operator_cardinality": 1,
                                                                                                    "cumulative_rows_scanned": 1260710,
                                                                                                    "operator_rows_scanned": 0,
                                                                                                    "operator_timing": 7.12e-7,
                                                                                                    "result_set_size": 8,
                                                                                                    "children": [
                                                                                                        {
                                                                                                            "operator_name": "UNGROUPED_AGGREGATE",
                                                                                                            "cpu_time": 0.04995382599999999,
                                                                                                            "extra_info": {
                                                                                                                "Aggregates": "avg(#0)"
                                                                                                            },
                                                                                                            "cumulative_cardinality": 647487,
                                                                                                            "operator_type": "UNGROUPED_AGGREGATE",
                                                                                                            "operator_cardinality": 1,
                                                                                                            "cumulative_rows_scanned": 1260710,
                                                                                                            "operator_rows_scanned": 0,
                                                                                                            "operator_timing": 0.002680488999999999,
                                                                                                            "result_set_size": 8,
                                                                                                            "children": [
                                                                                                                {
                                                                                                                    "operator_name": "PROJECTION",
                                                                                                                    "cpu_time": 0.04727333699999999,
                                                                                                                    "extra_info": {
                                                                                                                        "Projections": "reputation",
                                                                                                                        "Estimated Cardinality": "252142"
                                                                                                                    },
                                                                                                                    "cumulative_cardinality": 647486,
                                                                                                                    "operator_type": "PROJECTION",
                                                                                                                    "operator_cardinality": 323743,
                                                                                                                    "cumulative_rows_scanned": 1260710,
                                                                                                                    "operator_rows_scanned": 0,
                                                                                                                    "operator_timing": 0.00010348799999999983,
                                                                                                                    "result_set_size": 1294972,
                                                                                                                    "children": [
                                                                                                                        {
                                                                                                                            "operator_name": "READ_PARQUET ",
                                                                                                                            "cpu_time": 0.04716984899999999,
                                                                                                                            "extra_info": {
                                                                                                                                "Function": "READ_PARQUET",
                                                                                                                                "Projections": "reputation",
                                                                                                                                "Filters": "lastaccessdate>'2023-10-01 12:34:56'::TIMESTAMP",
                                                                                                                                "Estimated Cardinality": "252142"
                                                                                                                            },
                                                                                                                            "cumulative_cardinality": 323743,
                                                                                                                            "operator_type": "TABLE_SCAN",
                                                                                                                            "operator_cardinality": 323743,
                                                                                                                            "cumulative_rows_scanned": 1260710,
                                                                                                                            "operator_rows_scanned": 1260710,
                                                                                                                            "operator_timing": 0.04716984899999999,
                                                                                                                            "result_set_size": 1294972,
                                                                                                                            "children": []
                                                                                                                        }
                                                                                                                    ]
                                                                                                                }
                                                                                                            ]
                                                                                                        }
                                                                                                    ]
                                                                                                }
                                                                                            ]
                                                                                        }
                                                                                    ]
                                                                                }
                                                                            ]
                                                                        }
                                                                    ]
                                                                }
                                                            ]
                                                        }
                                                    ]
                                                }
                                            ]
                                        }
                                    ]
                                }
                            ]
                        }
                    ]
                }
            ]
        }
    ]
}