{
    "rows_returned": 10,
    "query_name": "WITH UserBadgeCount AS (\n    SELECT \n        U.Id AS UserId,\n        COUNT(B.Id) AS BadgeCount,\n        SUM(CASE WHEN B.Class = 1 THEN 1 ELSE 0 END) AS GoldBadges,\n        SUM(CASE WHEN B.Class = 2 THEN 1 ELSE 0 END) AS SilverBadges,\n        SUM(CASE WHEN B.Class = 3 THEN 1 ELSE 0 END) AS BronzeBadges\n    FROM Users U\n    LEFT JOIN Badges B ON U.Id = B.UserId\n    GROUP BY U.Id\n),\nTopUsers AS (\n    SELECT \n        U.Id,\n        U.DisplayName,\n        U.Reputation,\n        U.LastAccessDate,\n        COALESCE(UB.BadgeCount, 0) AS BadgeCount\n    FROM Users U\n    LEFT JOIN UserBadgeCount UB ON U.Id = UB.UserId\n    WHERE U.Reputation > 1000\n    ORDER BY U.Reputation DESC\n    LIMIT 10\n),\nPostStats AS (\n    SELECT \n        P.OwnerUserId,\n        COUNT(P.Id) AS PostCount,\n        AVG(P.Score) AS AvgScore,\n        SUM(P.ViewCount) AS TotalViews\n    FROM Posts P\n    WHERE P.CreationDate >= cast('2024-10-01 12:34:56' as timestamp) - INTERVAL '1 year'\n    GROUP BY P.OwnerUserId\n)\nSELECT \n    TU.DisplayName,\n    TU.Reputation,\n    TU.BadgeCount,\n    COALESCE(PS.PostCount, 0) AS PostCount,\n    COALESCE(PS.AvgScore, 0) AS AvgScore,\n    COALESCE(PS.TotalViews, 0) AS TotalViews\nFROM TopUsers TU\nLEFT JOIN PostStats PS ON TU.Id = PS.OwnerUserId\nWHERE TU.BadgeCount > 0\nORDER BY TU.Reputation DESC, TU.BadgeCount DESC;",
    "blocked_thread_time": 0.0,
    "cpu_time": 0.5124015899999995,
    "extra_info": {},
    "cumulative_cardinality": 11271298,
    "cumulative_rows_scanned": 8693260,
    "result_set_size": 600,
    "latency": 0.545961075,
    "children": [
        {
            "operator_name": "ORDER_BY",
            "cpu_time": 0.5124015899999995,
            "extra_info": {
                "Order By": [
                    "TU.Reputation DESC",
                    "TU.BadgeCount DESC"
                ]
            },
            "cumulative_cardinality": 11271298,
            "operator_type": "ORDER_BY",
            "operator_cardinality": 10,
            "cumulative_rows_scanned": 8693260,
            "operator_rows_scanned": 0,
            "operator_timing": 0.000093434,
            "result_set_size": 600,
            "children": [
                {
                    "operator_name": "PROJECTION",
                    "cpu_time": 0.5123081559999996,
                    "extra_info": {
                        "Projections": [
                            "displayname",
                            "reputation",
                            "BadgeCount",
                            "PostCount",
                            "AvgScore",
                            "TotalViews"
                        ],
                        "Estimated Cardinality": "385011"
                    },
                    "cumulative_cardinality": 11271288,
                    "operator_type": "PROJECTION",
                    "operator_cardinality": 10,
                    "cumulative_rows_scanned": 8693260,
                    "operator_rows_scanned": 0,
                    "operator_timing": 0.000023784,
                    "result_set_size": 600,
                    "children": [
                        {
                            "operator_name": "HASH_JOIN",
                            "cpu_time": 0.5122843719999995,
                            "extra_info": {
                                "Join Type": "RIGHT",
                                "Conditions": "owneruserid = id",
                                "Estimated Cardinality": "385011"
                            },
                            "cumulative_cardinality": 11271278,
                            "operator_type": "HASH_JOIN",
                            "operator_cardinality": 10,
                            "cumulative_rows_scanned": 8693260,
                            "operator_rows_scanned": 0,
                            "operator_timing": 0.000244864,
                            "result_set_size": 600,
                            "children": [
                                {
                                    "operator_name": "HASH_GROUP_BY",
                                    "cpu_time": 0.03485673999999998,
                                    "extra_info": {
                                        "Groups": "#0",
                                        "Aggregates": [
                                            "count_star()",
                                            "avg(#1)",
                                            "sum(#2)"
                                        ],
                                        "Estimated Cardinality": "385011"
                                    },
                                    "cumulative_cardinality": 323537,
                                    "operator_type": "HASH_GROUP_BY",
                                    "operator_cardinality": 32453,
                                    "cumulative_rows_scanned": 3850116,
                                    "operator_rows_scanned": 0,
                                    "operator_timing": 0.006346359999999999,
                                    "result_set_size": 1168308,
                                    "children": [
                                        {
                                            "operator_name": "PROJECTION",
                                            "cpu_time": 0.028510379999999988,
                                            "extra_info": {
                                                "Projections": [
                                                    "owneruserid",
                                                    "score",
                                                    "viewcount"
                                                ],
                                                "Estimated Cardinality": "770023"
                                            },
                                            "cumulative_cardinality": 291084,
                                            "operator_type": "PROJECTION",
                                            "operator_cardinality": 145542,
                                            "cumulative_rows_scanned": 3850116,
                                            "operator_rows_scanned": 0,
                                            "operator_timing": 0.000016599999999999997,
                                            "result_set_size": 1746504,
                                            "children": [
                                                {
                                                    "operator_name": "READ_PARQUET ",
                                                    "cpu_time": 0.02849377999999999,
                                                    "extra_info": {
                                                        "Function": "READ_PARQUET",
                                                        "Projections": [
                                                            "id",
                                                            "score",
                                                            "viewcount",
                                                            "owneruserid"
                                                        ],
                                                        "Filters": "creationdate>='2023-10-01 12:34:56'::TIMESTAMP",
                                                        "Estimated Cardinality": "770023"
                                                    },
                                                    "cumulative_cardinality": 145542,
                                                    "operator_type": "TABLE_SCAN",
                                                    "operator_cardinality": 145542,
                                                    "cumulative_rows_scanned": 3850116,
                                                    "operator_rows_scanned": 3850116,
                                                    "operator_timing": 0.02849377999999999,
                                                    "result_set_size": 2328672,
                                                    "children": []
                                                }
                                            ]
                                        }
                                    ]
                                },
                                {
                                    "operator_name": "FILTER",
                                    "cpu_time": 0.4771827679999996,
                                    "extra_info": {
                                        "Expression": "(BadgeCount > 0)",
                                        "Estimated Cardinality": "10"
                                    },
                                    "cumulative_cardinality": 10947731,
                                    "operator_type": "FILTER",
                                    "operator_cardinality": 10,
                                    "cumulative_rows_scanned": 4843144,
                                    "operator_rows_scanned": 0,
                                    "operator_timing": 0.000005681,
                                    "result_set_size": 320,
                                    "children": [
                                        {
                                            "operator_name": "STREAMING_LIMIT",
                                            "cpu_time": 0.4771770869999996,
                                            "extra_info": {},
                                            "cumulative_cardinality": 10947721,
                                            "operator_type": "STREAMING_LIMIT",
                                            "operator_cardinality": 10,
                                            "cumulative_rows_scanned": 4843144,
                                            "operator_rows_scanned": 0,
                                            "operator_timing": 0.000001533,
                                            "result_set_size": 320,
                                            "children": [
                                                {
                                                    "operator_name": "ORDER_BY",
                                                    "cpu_time": 0.4771755539999996,
                                                    "extra_info": {
                                                        "Order By": "U.Reputation DESC"
                                                    },
                                                    "cumulative_cardinality": 10947711,
                                                    "operator_type": "ORDER_BY",
                                                    "operator_cardinality": 4096,
                                                    "cumulative_rows_scanned": 4843144,
                                                    "operator_rows_scanned": 0,
                                                    "operator_timing": 0.00046437599999999996,
                                                    "result_set_size": 131072,
                                                    "children": [
                                                        {
                                                            "operator_name": "PROJECTION",
                                                            "cpu_time": 0.4767111779999996,
                                                            "extra_info": {
                                                                "Projections": [
                                                                    "id",
                                                                    "displayname",
                                                                    "reputation",
                                                                    "BadgeCount"
                                                                ],
                                                                "Estimated Cardinality": "1260710"
                                                            },
                                                            "cumulative_cardinality": 10943615,
                                                            "operator_type": "PROJECTION",
                                                            "operator_cardinality": 11215,
                                                            "cumulative_rows_scanned": 4843144,
                                                            "operator_rows_scanned": 0,
                                                            "operator_timing": 0.000405145,
                                                            "result_set_size": 358880,
                                                            "children": [
                                                                {
                                                                    "operator_name": "HASH_JOIN",
                                                                    "cpu_time": 0.47630603299999963,
                                                                    "extra_info": {
                                                                        "Join Type": "RIGHT",
                                                                        "Conditions": "UserId = id",
                                                                        "Estimated Cardinality": "1260710"
                                                                    },
                                                                    "cumulative_cardinality": 10932400,
                                                                    "operator_type": "HASH_JOIN",
                                                                    "operator_cardinality": 11215,
                                                                    "cumulative_rows_scanned": 4843144,
                                                                    "operator_rows_scanned": 0,
                                                                    "operator_timing": 0.01537893500000001,
                                                                    "result_set_size": 358880,
                                                                    "children": [
                                                                        {
                                                                            "operator_name": "HASH_GROUP_BY",
                                                                            "cpu_time": 0.40746322499999976,
                                                                            "extra_info": {
                                                                                "Groups": "#0",
                                                                                "Aggregates": "count(#1)",
                                                                                "Estimated Cardinality": "1260710"
                                                                            },
                                                                            "cumulative_cardinality": 10909970,
                                                                            "operator_type": "HASH_GROUP_BY",
                                                                            "operator_cardinality": 1260710,
                                                                            "cumulative_rows_scanned": 3582434,
                                                                            "operator_rows_scanned": 0,
                                                                            "operator_timing": 0.16658837599999976,
                                                                            "result_set_size": 15128520,
                                                                            "children": [
                                                                                {
                                                                                    "operator_name": "PROJECTION",
                                                                                    "cpu_time": 0.24087484899999997,
                                                                                    "extra_info": {
                                                                                        "Projections": [
                                                                                            "id",
                                                                                            "id"
                                                                                        ],
                                                                                        "Estimated Cardinality": "2321724"
                                                                                    },
                                                                                    "cumulative_cardinality": 9649260,
                                                                                    "operator_type": "PROJECTION",
                                                                                    "operator_cardinality": 3033413,
                                                                                    "cumulative_rows_scanned": 3582434,
                                                                                    "operator_rows_scanned": 0,
                                                                                    "operator_timing": 0.0003598569999999987,
                                                                                    "result_set_size": 24267304,
                                                                                    "children": [
                                                                                        {
                                                                                            "operator_name": "HASH_JOIN",
                                                                                            "cpu_time": 0.24051499199999998,
                                                                                            "extra_info": {
                                                                                                "Join Type": "RIGHT",
                                                                                                "Conditions": "userid = id",
                                                                                                "Estimated Cardinality": "2321724"
                                                                                            },
                                                                                            "cumulative_cardinality": 6615847,
                                                                                            "operator_type": "HASH_JOIN",
                                                                                            "operator_cardinality": 3033413,
                                                                                            "cumulative_rows_scanned": 3582434,
                                                                                            "operator_rows_scanned": 0,
                                                                                            "operator_timing": 0.17277030399999993,
                                                                                            "result_set_size": 24267304,
                                                                                            "children": [
                                                                                                {
                                                                                                    "operator_name": "READ_PARQUET ",
                                                                                                    "cpu_time": 0.06127349500000004,
                                                                                                    "extra_info": {
                                                                                                        "Function": "READ_PARQUET",
                                                                                                        "Projections": [
                                                                                                            "id",
                                                                                                            "userid"
                                                                                                        ],
                                                                                                        "Estimated Cardinality": "2321724"
                                                                                                    },
                                                                                                    "cumulative_cardinality": 2321724,
                                                                                                    "operator_type": "TABLE_SCAN",
                                                                                                    "operator_cardinality": 2321724,
                                                                                                    "cumulative_rows_scanned": 2321724,
                                                                                                    "operator_rows_scanned": 2321724,
                                                                                                    "operator_timing": 0.06127349500000004,
                                                                                                    "result_set_size": 18573792,
                                                                                                    "children": []
                                                                                                },
                                                                                                {
                                                                                                    "operator_name": "READ_PARQUET ",
                                                                                                    "cpu_time": 0.006471193000000005,
                                                                                                    "extra_info": {
                                                                                                        "Function": "READ_PARQUET",
                                                                                                        "Projections": "id",
                                                                                                        "Estimated Cardinality": "1260710"
                                                                                                    },
                                                                                                    "cumulative_cardinality": 1260710,
                                                                                                    "operator_type": "TABLE_SCAN",
                                                                                                    "operator_cardinality": 1260710,
                                                                                                    "cumulative_rows_scanned": 1260710,
                                                                                                    "operator_rows_scanned": 1260710,
                                                                                                    "operator_timing": 0.006471193000000005,
                                                                                                    "result_set_size": 5042840,
                                                                                                    "children": []
                                                                                                }
                                                                                            ]
                                                                                        }
                                                                                    ]
                                                                                }
                                                                            ]
                                                                        },
                                                                        {
                                                                            "operator_name": "READ_PARQUET ",
                                                                            "cpu_time": 0.05346387299999991,
                                                                            "extra_info": {
                                                                                "Function": "READ_PARQUET",
                                                                                "Projections": [
                                                                                    "id",
                                                                                    "reputation",
                                                                                    "displayname"
                                                                                ],
                                                                                "Filters": "reputation>1000",
                                                                                "Estimated Cardinality": "252142"
                                                                            },
                                                                            "cumulative_cardinality": 11215,
                                                                            "operator_type": "TABLE_SCAN",
                                                                            "operator_cardinality": 11215,
                                                                            "cumulative_rows_scanned": 1260710,
                                                                            "operator_rows_scanned": 1260710,
                                                                            "operator_timing": 0.05346387299999991,
                                                                            "result_set_size": 269160,
                                                                            "children": []
                                                                        }
                                                                    ]
                                                                }
                                                            ]
                                                        }
                                                    ]
                                                }
                                            ]
                                        }
                                    ]
                                }
                            ]
                        }
                    ]
                }
            ]
        }
    ]
}