{
    "rows_returned": 0,
    "query_name": "\nWITH UserVoteSummary AS (\n    SELECT \n        U.Id AS UserId,\n        U.DisplayName,\n        COALESCE(SUM(CASE WHEN V.VoteTypeId = 2 THEN 1 ELSE 0 END), 0) AS TotalUpvotes,\n        COALESCE(SUM(CASE WHEN V.VoteTypeId = 3 THEN 1 ELSE 0 END), 0) AS TotalDownvotes\n    FROM Users U\n    LEFT JOIN Votes V ON U.Id = V.UserId\n    GROUP BY U.Id, U.DisplayName\n),\nPostActivitySummary AS (\n    SELECT \n        P.Id AS PostId,\n        P.Title,\n        P.ViewCount,\n        COALESCE(PS.TotalAnswers, 0) AS TotalAnswers,\n        COALESCE(PS.TotalComments, 0) AS TotalComments\n    FROM Posts P\n    LEFT JOIN (\n        SELECT \n            A.ParentId,\n            COUNT(*) AS TotalAnswers,\n            COUNT(DISTINCT C.Id) AS TotalComments\n        FROM Posts A\n        LEFT JOIN Comments C ON A.Id = C.PostId\n        WHERE A.PostTypeId = 2\n        GROUP BY A.ParentId\n    ) PS ON P.Id = PS.ParentId\n    WHERE P.PostTypeId = 1\n),\nClosedPostSummary AS (\n    SELECT \n        PH.PostId,\n        COUNT(PH.Id) AS CloseCount,\n        MAX(PH.CreationDate) AS LastClosedDate\n    FROM PostHistory PH\n    WHERE PH.PostHistoryTypeId = 10\n    GROUP BY PH.PostId\n)\nSELECT \n    UPS.DisplayName AS UserName,\n    UPS.TotalUpvotes,\n    UPS.TotalDownvotes,\n    PAS.PostId,\n    PAS.Title AS PostTitle,\n    PAS.ViewCount,\n    PAS.TotalAnswers,\n    PAS.TotalComments,\n    CPS.CloseCount,\n    CPS.LastClosedDate\nFROM UserVoteSummary UPS\nINNER JOIN Posts P ON UPS.UserId = P.OwnerUserId\nINNER JOIN PostActivitySummary PAS ON P.Id = PAS.PostId\nLEFT JOIN ClosedPostSummary CPS ON PAS.PostId = CPS.PostId\nWHERE UPS.TotalUpvotes > UPS.TotalDownvotes\nORDER BY PAS.ViewCount DESC, UPS.TotalUpvotes DESC;\n",
    "blocked_thread_time": 0.0,
    "cpu_time": 6.4087393690000045,
    "extra_info": {},
    "cumulative_cardinality": 26380000,
    "cumulative_rows_scanned": 44592217,
    "result_set_size": 0,
    "latency": 7.152960713,
    "children": [
        {
            "operator_name": "ORDER_BY",
            "cpu_time": 6.4087393690000045,
            "extra_info": {
                "Order By": [
                    "PAS.ViewCount DESC",
                    "UPS.TotalUpvotes DESC"
                ]
            },
            "cumulative_cardinality": 26380000,
            "operator_type": "ORDER_BY",
            "operator_cardinality": 0,
            "cumulative_rows_scanned": 44592217,
            "operator_rows_scanned": 0,
            "operator_timing": 2.61e-7,
            "result_set_size": 0,
            "children": [
                {
                    "operator_name": "PROJECTION",
                    "cpu_time": 6.408739108000004,
                    "extra_info": {
                        "Projections": [
                            "UserName",
                            "TotalUpvotes",
                            "TotalDownvotes",
                            "PostId",
                            "PostTitle",
                            "viewcount",
                            "TotalAnswers",
                            "TotalComments",
                            "CloseCount",
                            "LastClosedDate"
                        ],
                        "Estimated Cardinality": "1179524"
                    },
                    "cumulative_cardinality": 26380000,
                    "operator_type": "PROJECTION",
                    "operator_cardinality": 0,
                    "cumulative_rows_scanned": 44592217,
                    "operator_rows_scanned": 0,
                    "operator_timing": 0.0,
                    "result_set_size": 0,
                    "children": [
                        {
                            "operator_name": "HASH_JOIN",
                            "cpu_time": 6.408739108000004,
                            "extra_info": {
                                "Join Type": "LEFT",
                                "Conditions": "PostId = postid",
                                "Estimated Cardinality": "1179524"
                            },
                            "cumulative_cardinality": 26380000,
                            "operator_type": "HASH_JOIN",
                            "operator_cardinality": 0,
                            "cumulative_rows_scanned": 44592217,
                            "operator_rows_scanned": 0,
                            "operator_timing": 0.006708386000000002,
                            "result_set_size": 0,
                            "children": [
                                {
                                    "operator_name": "HASH_JOIN",
                                    "cpu_time": 3.3218389489999964,
                                    "extra_info": {
                                        "Join Type": "INNER",
                                        "Conditions": "PostId = id",
                                        "Estimated Cardinality": "770023"
                                    },
                                    "cumulative_cardinality": 26016565,
                                    "operator_type": "HASH_JOIN",
                                    "operator_cardinality": 0,
                                    "cumulative_rows_scanned": 32796973,
                                    "operator_rows_scanned": 0,
                                    "operator_timing": 0.000053540000000000006,
                                    "result_set_size": 0,
                                    "children": [
                                        {
                                            "operator_name": "PROJECTION",
                                            "cpu_time": 2.154366864999997,
                                            "extra_info": {
                                                "Projections": [
                                                    "PostId",
                                                    "title",
                                                    "viewcount",
                                                    "TotalAnswers",
                                                    "TotalComments"
                                                ],
                                                "Estimated Cardinality": "3850116"
                                            },
                                            "cumulative_cardinality": 19586338,
                                            "operator_type": "PROJECTION",
                                            "operator_cardinality": 4096,
                                            "cumulative_rows_scanned": 14942054,
                                            "operator_rows_scanned": 0,
                                            "operator_timing": 0.000076042,
                                            "result_set_size": 163840,
                                            "children": [
                                                {
                                                    "operator_name": "HASH_JOIN",
                                                    "cpu_time": 2.154290822999997,
                                                    "extra_info": {
                                                        "Join Type": "RIGHT",
                                                        "Conditions": "parentid = id",
                                                        "Estimated Cardinality": "3850116"
                                                    },
                                                    "cumulative_cardinality": 19582242,
                                                    "operator_type": "HASH_JOIN",
                                                    "operator_cardinality": 4096,
                                                    "cumulative_rows_scanned": 14942054,
                                                    "operator_rows_scanned": 0,
                                                    "operator_timing": 0.203009716,
                                                    "result_set_size": 163840,
                                                    "children": [
                                                        {
                                                            "operator_name": "HASH_GROUP_BY",
                                                            "cpu_time": 1.3337147389999982,
                                                            "extra_info": {
                                                                "Groups": "#0",
                                                                "Aggregates": [
                                                                    "count_star()",
                                                                    "count(DISTINCT #1)"
                                                                ],
                                                                "Estimated Cardinality": "3850116"
                                                            },
                                                            "cumulative_cardinality": 17909982,
                                                            "operator_type": "HASH_GROUP_BY",
                                                            "operator_cardinality": 2048,
                                                            "cumulative_rows_scanned": 11091938,
                                                            "operator_rows_scanned": 0,
                                                            "operator_timing": 0.6481439099999988,
                                                            "result_set_size": 40960,
                                                            "children": [
                                                                {
                                                                    "operator_name": "PROJECTION",
                                                                    "cpu_time": 0.6855708289999994,
                                                                    "extra_info": {
                                                                        "Projections": [
                                                                            "parentid",
                                                                            "id"
                                                                        ],
                                                                        "Estimated Cardinality": "7241822"
                                                                    },
                                                                    "cumulative_cardinality": 17907934,
                                                                    "operator_type": "PROJECTION",
                                                                    "operator_cardinality": 4244413,
                                                                    "cumulative_rows_scanned": 11091938,
                                                                    "operator_rows_scanned": 0,
                                                                    "operator_timing": 0.000964664000000003,
                                                                    "result_set_size": 33955304,
                                                                    "children": [
                                                                        {
                                                                            "operator_name": "HASH_JOIN",
                                                                            "cpu_time": 0.6846061649999995,
                                                                            "extra_info": {
                                                                                "Join Type": "RIGHT",
                                                                                "Conditions": "postid = id",
                                                                                "Estimated Cardinality": "7241822"
                                                                            },
                                                                            "cumulative_cardinality": 13663521,
                                                                            "operator_type": "HASH_JOIN",
                                                                            "operator_cardinality": 4244413,
                                                                            "cumulative_rows_scanned": 11091938,
                                                                            "operator_rows_scanned": 0,
                                                                            "operator_timing": 0.3906662839999996,
                                                                            "result_set_size": 33955304,
                                                                            "children": [
                                                                                {
                                                                                    "operator_name": "READ_PARQUET ",
                                                                                    "cpu_time": 0.1469948400000001,
                                                                                    "extra_info": {
                                                                                        "Function": "READ_PARQUET",
                                                                                        "Projections": [
                                                                                            "id",
                                                                                            "postid"
                                                                                        ],
                                                                                        "Estimated Cardinality": "7241822"
                                                                                    },
                                                                                    "cumulative_cardinality": 7241815,
                                                                                    "operator_type": "TABLE_SCAN",
                                                                                    "operator_cardinality": 7241815,
                                                                                    "cumulative_rows_scanned": 7241822,
                                                                                    "operator_rows_scanned": 7241822,
                                                                                    "operator_timing": 0.1469948400000001,
                                                                                    "result_set_size": 57934520,
                                                                                    "children": []
                                                                                },
                                                                                {
                                                                                    "operator_name": "READ_PARQUET ",
                                                                                    "cpu_time": 0.14694504099999986,
                                                                                    "extra_info": {
                                                                                        "Function": "READ_PARQUET",
                                                                                        "Projections": [
                                                                                            "id",
                                                                                            "parentid"
                                                                                        ],
                                                                                        "Filters": "posttypeid=2",
                                                                                        "Estimated Cardinality": "770023"
                                                                                    },
                                                                                    "cumulative_cardinality": 2177293,
                                                                                    "operator_type": "TABLE_SCAN",
                                                                                    "operator_cardinality": 2177293,
                                                                                    "cumulative_rows_scanned": 3850116,
                                                                                    "operator_rows_scanned": 3850116,
                                                                                    "operator_timing": 0.14694504099999986,
                                                                                    "result_set_size": 17418344,
                                                                                    "children": []
                                                                                }
                                                                            ]
                                                                        }
                                                                    ]
                                                                }
                                                            ]
                                                        },
                                                        {
                                                            "operator_name": "READ_PARQUET ",
                                                            "cpu_time": 0.6175663679999991,
                                                            "extra_info": {
                                                                "Function": "READ_PARQUET",
                                                                "Projections": [
                                                                    "id",
                                                                    "viewcount",
                                                                    "title"
                                                                ],
                                                                "Filters": "posttypeid=1",
                                                                "Estimated Cardinality": "770023"
                                                            },
                                                            "cumulative_cardinality": 1668164,
                                                            "operator_type": "TABLE_SCAN",
                                                            "operator_cardinality": 1668164,
                                                            "cumulative_rows_scanned": 3850116,
                                                            "operator_rows_scanned": 3850116,
                                                            "operator_timing": 0.6175663679999991,
                                                            "result_set_size": 40035936,
                                                            "children": []
                                                        }
                                                    ]
                                                }
                                            ]
                                        },
                                        {
                                            "operator_name": "HASH_JOIN",
                                            "cpu_time": 1.1674185439999996,
                                            "extra_info": {
                                                "Join Type": "INNER",
                                                "Conditions": "owneruserid = UserId",
                                                "Estimated Cardinality": "770023"
                                            },
                                            "cumulative_cardinality": 6430227,
                                            "operator_type": "HASH_JOIN",
                                            "operator_cardinality": 0,
                                            "cumulative_rows_scanned": 17854919,
                                            "operator_rows_scanned": 0,
                                            "operator_timing": 0.000014638000000000001,
                                            "result_set_size": 0,
                                            "children": [
                                                {
                                                    "operator_name": "READ_PARQUET ",
                                                    "cpu_time": 0.003483007,
                                                    "extra_info": {
                                                        "Function": "READ_PARQUET",
                                                        "Projections": [
                                                            "id",
                                                            "owneruserid"
                                                        ],
                                                        "Estimated Cardinality": "3850116"
                                                    },
                                                    "cumulative_cardinality": 2048,
                                                    "operator_type": "TABLE_SCAN",
                                                    "operator_cardinality": 2048,
                                                    "cumulative_rows_scanned": 3850116,
                                                    "operator_rows_scanned": 3850116,
                                                    "operator_timing": 0.003483007,
                                                    "result_set_size": 16384,
                                                    "children": []
                                                },
                                                {
                                                    "operator_name": "PROJECTION",
                                                    "cpu_time": 1.1639208989999996,
                                                    "extra_info": {
                                                        "Projections": [
                                                            "UserId",
                                                            "displayname",
                                                            "TotalUpvotes",
                                                            "TotalDownvotes"
                                                        ],
                                                        "Estimated Cardinality": "252142"
                                                    },
                                                    "cumulative_cardinality": 6428179,
                                                    "operator_type": "PROJECTION",
                                                    "operator_cardinality": 0,
                                                    "cumulative_rows_scanned": 14004803,
                                                    "operator_rows_scanned": 0,
                                                    "operator_timing": 0.0,
                                                    "result_set_size": 0,
                                                    "children": [
                                                        {
                                                            "operator_name": "FILTER",
                                                            "cpu_time": 1.1639208989999996,
                                                            "extra_info": {
                                                                "Expression": "(COALESCE(sum(CASE  WHEN ((votetypeid = CAST(2 AS SMALLINT))) THEN (CAST(1 AS INTEGER)) ELSE CAST(0 AS INTEGER) END), 0) > COALESCE(sum(CASE  WHEN ((votetypeid = CAST(3 AS SMALLINT))) THEN (CAST(1 AS INTEGER)) ELSE CAST(0 AS INTEGER) END), 0))",
                                                                "Estimated Cardinality": "1260710"
                                                            },
                                                            "cumulative_cardinality": 6428179,
                                                            "operator_type": "FILTER",
                                                            "operator_cardinality": 0,
                                                            "cumulative_rows_scanned": 14004803,
                                                            "operator_rows_scanned": 0,
                                                            "operator_timing": 0.032834972000000004,
                                                            "result_set_size": 0,
                                                            "children": [
                                                                {
                                                                    "operator_name": "HASH_GROUP_BY",
                                                                    "cpu_time": 1.1310859269999995,
                                                                    "extra_info": {
                                                                        "Groups": [
                                                                            "#0",
                                                                            "#1"
                                                                        ],
                                                                        "Aggregates": [
                                                                            "sum(#2)",
                                                                            "sum(#3)"
                                                                        ],
                                                                        "Estimated Cardinality": "1260710"
                                                                    },
                                                                    "cumulative_cardinality": 6428179,
                                                                    "operator_type": "HASH_GROUP_BY",
                                                                    "operator_cardinality": 1260679,
                                                                    "cumulative_rows_scanned": 14004803,
                                                                    "operator_rows_scanned": 0,
                                                                    "operator_timing": 0.5272750699999996,
                                                                    "result_set_size": 65555308,
                                                                    "children": [
                                                                        {
                                                                            "operator_name": "PROJECTION",
                                                                            "cpu_time": 0.603810857,
                                                                            "extra_info": {
                                                                                "Projections": [
                                                                                    "id",
                                                                                    "displayname",
                                                                                    "CASE  WHEN ((votetypeid = 2)) THEN (1) ELSE 0 END",
                                                                                    "CASE  WHEN ((votetypeid = 3)) THEN (1) ELSE 0 END"
                                                                                ],
                                                                                "Estimated Cardinality": "12744093"
                                                                            },
                                                                            "cumulative_cardinality": 5167500,
                                                                            "operator_type": "PROJECTION",
                                                                            "operator_cardinality": 1288824,
                                                                            "cumulative_rows_scanned": 14004803,
                                                                            "operator_rows_scanned": 0,
                                                                            "operator_timing": 0.004576320999999994,
                                                                            "result_set_size": 36087072,
                                                                            "children": [
                                                                                {
                                                                                    "operator_name": "FILTER",
                                                                                    "cpu_time": 0.599234536,
                                                                                    "extra_info": {
                                                                                        "Expression": "(id <= 1416539)",
                                                                                        "Estimated Cardinality": "12744093"
                                                                                    },
                                                                                    "cumulative_cardinality": 3878676,
                                                                                    "operator_type": "FILTER",
                                                                                    "operator_cardinality": 1288824,
                                                                                    "cumulative_rows_scanned": 14004803,
                                                                                    "operator_rows_scanned": 0,
                                                                                    "operator_timing": 0.0032117459999999984,
                                                                                    "result_set_size": 28354128,
                                                                                    "children": [
                                                                                        {
                                                                                            "operator_name": "HASH_JOIN",
                                                                                            "cpu_time": 0.59602279,
                                                                                            "extra_info": {
                                                                                                "Join Type": "RIGHT",
                                                                                                "Conditions": "userid = id",
                                                                                                "Estimated Cardinality": "12744093"
                                                                                            },
                                                                                            "cumulative_cardinality": 2589852,
                                                                                            "operator_type": "HASH_JOIN",
                                                                                            "operator_cardinality": 1288855,
                                                                                            "cumulative_rows_scanned": 14004803,
                                                                                            "operator_rows_scanned": 0,
                                                                                            "operator_timing": 0.17874437499999987,
                                                                                            "result_set_size": 28354810,
                                                                                            "children": [
                                                                                                {
                                                                                                    "operator_name": "READ_PARQUET ",
                                                                                                    "cpu_time": 0.2685466160000001,
                                                                                                    "extra_info": {
                                                                                                        "Function": "READ_PARQUET",
                                                                                                        "Projections": [
                                                                                                            "votetypeid",
                                                                                                            "userid"
                                                                                                        ],
                                                                                                        "Estimated Cardinality": "12744093"
                                                                                                    },
                                                                                                    "cumulative_cardinality": 40287,
                                                                                                    "operator_type": "TABLE_SCAN",
                                                                                                    "operator_cardinality": 40287,
                                                                                                    "cumulative_rows_scanned": 12744093,
                                                                                                    "operator_rows_scanned": 12744093,
                                                                                                    "operator_timing": 0.2685466160000001,
                                                                                                    "result_set_size": 241722,
                                                                                                    "children": []
                                                                                                },
                                                                                                {
                                                                                                    "operator_name": "READ_PARQUET ",
                                                                                                    "cpu_time": 0.148731799,
                                                                                                    "extra_info": {
                                                                                                        "Function": "READ_PARQUET",
                                                                                                        "Projections": [
                                                                                                            "id",
                                                                                                            "displayname"
                                                                                                        ],
                                                                                                        "Estimated Cardinality": "1260710"
                                                                                                    },
                                                                                                    "cumulative_cardinality": 1260710,
                                                                                                    "operator_type": "TABLE_SCAN",
                                                                                                    "operator_cardinality": 1260710,
                                                                                                    "cumulative_rows_scanned": 1260710,
                                                                                                    "operator_rows_scanned": 1260710,
                                                                                                    "operator_timing": 0.148731799,
                                                                                                    "result_set_size": 25214200,
                                                                                                    "children": []
                                                                                                }
                                                                                            ]
                                                                                        }
                                                                                    ]
                                                                                }
                                                                            ]
                                                                        }
                                                                    ]
                                                                }
                                                            ]
                                                        }
                                                    ]
                                                }
                                            ]
                                        }
                                    ]
                                },
                                {
                                    "operator_name": "HASH_GROUP_BY",
                                    "cpu_time": 3.080191773000008,
                                    "extra_info": {
                                        "Groups": "#0",
                                        "Aggregates": [
                                            "count_star()",
                                            "max(#1)"
                                        ],
                                        "Estimated Cardinality": "1179524"
                                    },
                                    "cumulative_cardinality": 363435,
                                    "operator_type": "HASH_GROUP_BY",
                                    "operator_cardinality": 120507,
                                    "cumulative_rows_scanned": 11795244,
                                    "operator_rows_scanned": 0,
                                    "operator_timing": 0.04972557900000007,
                                    "result_set_size": 2410140,
                                    "children": [
                                        {
                                            "operator_name": "PROJECTION",
                                            "cpu_time": 3.030466194000008,
                                            "extra_info": {
                                                "Projections": [
                                                    "postid",
                                                    "creationdate"
                                                ],
                                                "Estimated Cardinality": "2359048"
                                            },
                                            "cumulative_cardinality": 242928,
                                            "operator_type": "PROJECTION",
                                            "operator_cardinality": 121464,
                                            "cumulative_rows_scanned": 11795244,
                                            "operator_rows_scanned": 0,
                                            "operator_timing": 0.001099607999999997,
                                            "result_set_size": 1457568,
                                            "children": [
                                                {
                                                    "operator_name": "READ_PARQUET ",
                                                    "cpu_time": 3.029366586000008,
                                                    "extra_info": {
                                                        "Function": "READ_PARQUET",
                                                        "Projections": [
                                                            "id",
                                                            "postid",
                                                            "creationdate"
                                                        ],
                                                        "Filters": "posthistorytypeid=10",
                                                        "Estimated Cardinality": "2359048"
                                                    },
                                                    "cumulative_cardinality": 121464,
                                                    "operator_type": "TABLE_SCAN",
                                                    "operator_cardinality": 121464,
                                                    "cumulative_rows_scanned": 11795244,
                                                    "operator_rows_scanned": 11795244,
                                                    "operator_timing": 3.029366586000008,
                                                    "result_set_size": 1943424,
                                                    "children": []
                                                }
                                            ]
                                        }
                                    ]
                                }
                            ]
                        }
                    ]
                }
            ]
        }
    ]
}