{
    "rows_returned": 50,
    "query_name": "WITH RECURSIVE PostHierarchy AS (\n    \n    SELECT \n        p.Id AS PostId,\n        p.Title,\n        p.Score,\n        p.CreationDate,\n        p.OwnerUserId,\n        p.AcceptedAnswerId,\n        0 AS Level\n    FROM \n        Posts p\n    WHERE \n        p.PostTypeId = 1\n    UNION ALL\n    \n    SELECT \n        p.Id,\n        p.Title,\n        p.Score,\n        p.CreationDate,\n        p.OwnerUserId,\n        p.AcceptedAnswerId,\n        ph.Level + 1 AS Level\n    FROM \n        Posts p\n    JOIN \n        PostHierarchy ph ON p.ParentId = ph.PostId\n    WHERE \n        p.PostTypeId = 2\n),\nUserStats AS (\n    SELECT \n        u.Id AS UserId,\n        u.DisplayName,\n        COUNT(DISTINCT p.Id) AS TotalPosts,\n        SUM(CASE WHEN p.PostTypeId = 1 THEN 1 ELSE 0 END) AS TotalQuestions,\n        SUM(CASE WHEN p.PostTypeId = 2 THEN 1 ELSE 0 END) AS TotalAnswers,\n        COALESCE(SUM(p.Score), 0) AS TotalScore\n    FROM \n        Users u\n    LEFT JOIN \n        Posts p ON u.Id = p.OwnerUserId\n    GROUP BY \n        u.Id, u.DisplayName\n),\nVoterStats AS (\n    SELECT \n        v.UserId,\n        COUNT(*) AS TotalVotes,\n        SUM(CASE WHEN vt.Name = 'UpMod' THEN 1 ELSE 0 END) AS UpVotes,\n        SUM(CASE WHEN vt.Name = 'DownMod' THEN 1 ELSE 0 END) AS DownVotes\n    FROM \n        Votes v\n    JOIN \n        VoteTypes vt ON v.VoteTypeId = vt.Id\n    GROUP BY \n        v.UserId\n),\nBadgesEarned AS (\n    SELECT \n        b.UserId,\n        COUNT(*) AS BadgeCount,\n        MAX(b.Class) AS HighestBadgeClass\n    FROM \n        Badges b\n    GROUP BY \n        b.UserId\n)\n\nSELECT \n    us.UserId,\n    us.DisplayName,\n    us.TotalPosts,\n    us.TotalQuestions,\n    us.TotalAnswers,\n    us.TotalScore,\n    COALESCE(vs.TotalVotes, 0) AS TotalVotes,\n    COALESCE(vs.UpVotes, 0) AS UpVotes,\n    COALESCE(vs.DownVotes, 0) AS DownVotes,\n    COALESCE(be.BadgeCount, 0) AS BadgeCount,\n    COALESCE(be.HighestBadgeClass, 0) AS HighestBadgeClass\nFROM \n    UserStats us\nLEFT JOIN \n    VoterStats vs ON us.UserId = vs.UserId\nLEFT JOIN \n    BadgesEarned be ON us.UserId = be.UserId\nWHERE \n    us.TotalPosts > 10  \nORDER BY \n    us.TotalScore DESC, us.TotalPosts DESC  \nLIMIT 50;",
    "blocked_thread_time": 0.0,
    "cpu_time": 2.529979187000001,
    "extra_info": {},
    "cumulative_cardinality": 58981068,
    "cumulative_rows_scanned": 20176658,
    "result_set_size": 6300,
    "latency": 3.397266356,
    "children": [
        {
            "operator_name": "STREAMING_LIMIT",
            "cpu_time": 2.529979187000001,
            "extra_info": {},
            "cumulative_cardinality": 58981068,
            "operator_type": "STREAMING_LIMIT",
            "operator_cardinality": 50,
            "cumulative_rows_scanned": 20176658,
            "operator_rows_scanned": 0,
            "operator_timing": 0.000002164,
            "result_set_size": 6300,
            "children": [
                {
                    "operator_name": "ORDER_BY",
                    "cpu_time": 2.5299770230000007,
                    "extra_info": {
                        "Order By": [
                            "us.TotalScore DESC",
                            "us.TotalPosts DESC"
                        ]
                    },
                    "cumulative_cardinality": 58981018,
                    "operator_type": "ORDER_BY",
                    "operator_cardinality": 4096,
                    "cumulative_rows_scanned": 20176658,
                    "operator_rows_scanned": 0,
                    "operator_timing": 0.003993651,
                    "result_set_size": 516096,
                    "children": [
                        {
                            "operator_name": "PROJECTION",
                            "cpu_time": 2.5259833720000007,
                            "extra_info": {
                                "Projections": [
                                    "UserId",
                                    "displayname",
                                    "TotalPosts",
                                    "TotalQuestions",
                                    "TotalAnswers",
                                    "TotalScore",
                                    "TotalVotes",
                                    "UpVotes",
                                    "DownVotes",
                                    "BadgeCount",
                                    "HighestBadgeClass"
                                ],
                                "Estimated Cardinality": "6372046"
                            },
                            "cumulative_cardinality": 58976922,
                            "operator_type": "PROJECTION",
                            "operator_cardinality": 36838,
                            "cumulative_rows_scanned": 20176658,
                            "operator_rows_scanned": 0,
                            "operator_timing": 0.001367388,
                            "result_set_size": 4641588,
                            "children": [
                                {
                                    "operator_name": "HASH_JOIN",
                                    "cpu_time": 2.524615984000001,
                                    "extra_info": {
                                        "Join Type": "LEFT",
                                        "Conditions": "UserId = userid",
                                        "Estimated Cardinality": "6372046"
                                    },
                                    "cumulative_cardinality": 58940084,
                                    "operator_type": "HASH_JOIN",
                                    "operator_cardinality": 36838,
                                    "cumulative_rows_scanned": 20176658,
                                    "operator_rows_scanned": 0,
                                    "operator_timing": 0.021375735000000003,
                                    "result_set_size": 4936292,
                                    "children": [
                                        {
                                            "operator_name": "HASH_JOIN",
                                            "cpu_time": 2.408360757000001,
                                            "extra_info": {
                                                "Join Type": "RIGHT",
                                                "Conditions": "userid = UserId",
                                                "Estimated Cardinality": "6372046"
                                            },
                                            "cumulative_cardinality": 53710777,
                                            "operator_type": "HASH_JOIN",
                                            "operator_cardinality": 36838,
                                            "cumulative_rows_scanned": 17854934,
                                            "operator_rows_scanned": 0,
                                            "operator_timing": 0.007101220000000002,
                                            "result_set_size": 4420560,
                                            "children": [
                                                {
                                                    "operator_name": "HASH_GROUP_BY",
                                                    "cpu_time": 0.4272092480000006,
                                                    "extra_info": {
                                                        "Groups": "#0",
                                                        "Aggregates": [
                                                            "count_star()",
                                                            "sum(#1)",
                                                            "sum(#2)"
                                                        ],
                                                        "Estimated Cardinality": "6372046"
                                                    },
                                                    "cumulative_cardinality": 38244437,
                                                    "operator_type": "HASH_GROUP_BY",
                                                    "operator_cardinality": 12143,
                                                    "cumulative_rows_scanned": 12744108,
                                                    "operator_rows_scanned": 0,
                                                    "operator_timing": 0.11382187100000005,
                                                    "result_set_size": 534292,
                                                    "children": [
                                                        {
                                                            "operator_name": "PROJECTION",
                                                            "cpu_time": 0.3133873770000005,
                                                            "extra_info": {
                                                                "Projections": [
                                                                    "userid",
                                                                    "CASE  WHEN ((name = 'UpMod')) THEN (1) ELSE 0 END",
                                                                    "CASE  WHEN ((name = 'DownMod')) THEN (1) ELSE 0 END"
                                                                ],
                                                                "Estimated Cardinality": "12744093"
                                                            },
                                                            "cumulative_cardinality": 38232294,
                                                            "operator_type": "PROJECTION",
                                                            "operator_cardinality": 12744093,
                                                            "cumulative_rows_scanned": 12744108,
                                                            "operator_rows_scanned": 0,
                                                            "operator_timing": 0.11386501800000012,
                                                            "result_set_size": 152929116,
                                                            "children": [
                                                                {
                                                                    "operator_name": "HASH_JOIN",
                                                                    "cpu_time": 0.19952235900000043,
                                                                    "extra_info": {
                                                                        "Join Type": "INNER",
                                                                        "Conditions": "votetypeid = id",
                                                                        "Estimated Cardinality": "12744093"
                                                                    },
                                                                    "cumulative_cardinality": 25488201,
                                                                    "operator_type": "HASH_JOIN",
                                                                    "operator_cardinality": 12744093,
                                                                    "cumulative_rows_scanned": 12744108,
                                                                    "operator_rows_scanned": 0,
                                                                    "operator_timing": 0.03384640199999984,
                                                                    "result_set_size": 254881860,
                                                                    "children": [
                                                                        {
                                                                            "operator_name": "READ_PARQUET ",
                                                                            "cpu_time": 0.1653351910000006,
                                                                            "extra_info": {
                                                                                "Function": "READ_PARQUET",
                                                                                "Projections": [
                                                                                    "votetypeid",
                                                                                    "userid"
                                                                                ],
                                                                                "Estimated Cardinality": "12744093"
                                                                            },
                                                                            "cumulative_cardinality": 12744093,
                                                                            "operator_type": "TABLE_SCAN",
                                                                            "operator_cardinality": 12744093,
                                                                            "cumulative_rows_scanned": 12744093,
                                                                            "operator_rows_scanned": 12744093,
                                                                            "operator_timing": 0.1653351910000006,
                                                                            "result_set_size": 76464558,
                                                                            "children": []
                                                                        },
                                                                        {
                                                                            "operator_name": "READ_PARQUET ",
                                                                            "cpu_time": 0.000340766,
                                                                            "extra_info": {
                                                                                "Function": "READ_PARQUET",
                                                                                "Projections": [
                                                                                    "id",
                                                                                    "name"
                                                                                ],
                                                                                "Estimated Cardinality": "15"
                                                                            },
                                                                            "cumulative_cardinality": 15,
                                                                            "operator_type": "TABLE_SCAN",
                                                                            "operator_cardinality": 15,
                                                                            "cumulative_rows_scanned": 15,
                                                                            "operator_rows_scanned": 15,
                                                                            "operator_timing": 0.000340766,
                                                                            "result_set_size": 270,
                                                                            "children": []
                                                                        }
                                                                    ]
                                                                }
                                                            ]
                                                        }
                                                    ]
                                                },
                                                {
                                                    "operator_name": "PROJECTION",
                                                    "cpu_time": 1.9740502890000005,
                                                    "extra_info": {
                                                        "Projections": [
                                                            "UserId",
                                                            "displayname",
                                                            "TotalPosts",
                                                            "TotalQuestions",
                                                            "TotalAnswers",
                                                            "TotalScore"
                                                        ],
                                                        "Estimated Cardinality": "252142"
                                                    },
                                                    "cumulative_cardinality": 15429502,
                                                    "operator_type": "PROJECTION",
                                                    "operator_cardinality": 36838,
                                                    "cumulative_rows_scanned": 5110826,
                                                    "operator_rows_scanned": 0,
                                                    "operator_timing": 0.000761452,
                                                    "result_set_size": 2799688,
                                                    "children": [
                                                        {
                                                            "operator_name": "FILTER",
                                                            "cpu_time": 1.9732888370000004,
                                                            "extra_info": {
                                                                "Expression": "(TotalPosts > 10)",
                                                                "Estimated Cardinality": "252142"
                                                            },
                                                            "cumulative_cardinality": 15392664,
                                                            "operator_type": "FILTER",
                                                            "operator_cardinality": 36838,
                                                            "cumulative_rows_scanned": 5110826,
                                                            "operator_rows_scanned": 0,
                                                            "operator_timing": 0.0020857039999999986,
                                                            "result_set_size": 2799688,
                                                            "children": [
                                                                {
                                                                    "operator_name": "HASH_GROUP_BY",
                                                                    "cpu_time": 1.9712031330000004,
                                                                    "extra_info": {
                                                                        "Groups": [
                                                                            "#0",
                                                                            "#1"
                                                                        ],
                                                                        "Aggregates": [
                                                                            "count(DISTINCT #2)",
                                                                            "sum(#3)",
                                                                            "sum(#4)",
                                                                            "sum(#5)"
                                                                        ],
                                                                        "Estimated Cardinality": "1260710"
                                                                    },
                                                                    "cumulative_cardinality": 15355826,
                                                                    "operator_type": "HASH_GROUP_BY",
                                                                    "operator_cardinality": 1260710,
                                                                    "cumulative_rows_scanned": 5110826,
                                                                    "operator_rows_scanned": 0,
                                                                    "operator_timing": 1.4227046890000006,
                                                                    "result_set_size": 95813960,
                                                                    "children": [
                                                                        {
                                                                            "operator_name": "PROJECTION",
                                                                            "cpu_time": 0.5484984439999998,
                                                                            "extra_info": {
                                                                                "Projections": [
                                                                                    "id",
                                                                                    "displayname",
                                                                                    "id",
                                                                                    "CASE  WHEN ((posttypeid = 1)) THEN (1) ELSE 0 END",
                                                                                    "CASE  WHEN ((posttypeid = 2)) THEN (1) ELSE 0 END",
                                                                                    "score"
                                                                                ],
                                                                                "Estimated Cardinality": "3850116"
                                                                            },
                                                                            "cumulative_cardinality": 14095116,
                                                                            "operator_type": "PROJECTION",
                                                                            "operator_cardinality": 4574495,
                                                                            "cumulative_rows_scanned": 5110826,
                                                                            "operator_rows_scanned": 0,
                                                                            "operator_timing": 0.050957958999999976,
                                                                            "result_set_size": 164681820,
                                                                            "children": [
                                                                                {
                                                                                    "operator_name": "HASH_JOIN",
                                                                                    "cpu_time": 0.49754048499999987,
                                                                                    "extra_info": {
                                                                                        "Join Type": "RIGHT",
                                                                                        "Conditions": "owneruserid = id",
                                                                                        "Estimated Cardinality": "3850116"
                                                                                    },
                                                                                    "cumulative_cardinality": 9520621,
                                                                                    "operator_type": "HASH_JOIN",
                                                                                    "operator_cardinality": 4574495,
                                                                                    "cumulative_rows_scanned": 5110826,
                                                                                    "operator_rows_scanned": 0,
                                                                                    "operator_timing": 0.281980925,
                                                                                    "result_set_size": 137234850,
                                                                                    "children": [
                                                                                        {
                                                                                            "operator_name": "READ_PARQUET ",
                                                                                            "cpu_time": 0.13720882799999984,
                                                                                            "extra_info": {
                                                                                                "Function": "READ_PARQUET",
                                                                                                "Projections": [
                                                                                                    "id",
                                                                                                    "posttypeid",
                                                                                                    "score",
                                                                                                    "owneruserid"
                                                                                                ],
                                                                                                "Estimated Cardinality": "3850116"
                                                                                            },
                                                                                            "cumulative_cardinality": 3685416,
                                                                                            "operator_type": "TABLE_SCAN",
                                                                                            "operator_cardinality": 3685416,
                                                                                            "cumulative_rows_scanned": 3850116,
                                                                                            "operator_rows_scanned": 3850116,
                                                                                            "operator_timing": 0.13720882799999984,
                                                                                            "result_set_size": 51595824,
                                                                                            "children": []
                                                                                        },
                                                                                        {
                                                                                            "operator_name": "READ_PARQUET ",
                                                                                            "cpu_time": 0.07835073200000003,
                                                                                            "extra_info": {
                                                                                                "Function": "READ_PARQUET",
                                                                                                "Projections": [
                                                                                                    "id",
                                                                                                    "displayname"
                                                                                                ],
                                                                                                "Estimated Cardinality": "1260710"
                                                                                            },
                                                                                            "cumulative_cardinality": 1260710,
                                                                                            "operator_type": "TABLE_SCAN",
                                                                                            "operator_cardinality": 1260710,
                                                                                            "cumulative_rows_scanned": 1260710,
                                                                                            "operator_rows_scanned": 1260710,
                                                                                            "operator_timing": 0.07835073200000003,
                                                                                            "result_set_size": 25214200,
                                                                                            "children": []
                                                                                        }
                                                                                    ]
                                                                                }
                                                                            ]
                                                                        }
                                                                    ]
                                                                }
                                                            ]
                                                        }
                                                    ]
                                                }
                                            ]
                                        },
                                        {
                                            "operator_name": "HASH_GROUP_BY",
                                            "cpu_time": 0.09487949199999995,
                                            "extra_info": {
                                                "Groups": "#0",
                                                "Aggregates": [
                                                    "count_star()",
                                                    "max(#1)"
                                                ],
                                                "Estimated Cardinality": "1160862"
                                            },
                                            "cumulative_cardinality": 5192469,
                                            "operator_type": "HASH_GROUP_BY",
                                            "operator_cardinality": 549021,
                                            "cumulative_rows_scanned": 2321724,
                                            "operator_rows_scanned": 0,
                                            "operator_timing": 0.07704595299999996,
                                            "result_set_size": 7686294,
                                            "children": [
                                                {
                                                    "operator_name": "PROJECTION",
                                                    "cpu_time": 0.01783353899999999,
                                                    "extra_info": {
                                                        "Projections": [
                                                            "userid",
                                                            "class"
                                                        ],
                                                        "Estimated Cardinality": "2321724"
                                                    },
                                                    "cumulative_cardinality": 4643448,
                                                    "operator_type": "PROJECTION",
                                                    "operator_cardinality": 2321724,
                                                    "cumulative_rows_scanned": 2321724,
                                                    "operator_rows_scanned": 0,
                                                    "operator_timing": 0.0002451039999999999,
                                                    "result_set_size": 13930344,
                                                    "children": [
                                                        {
                                                            "operator_name": "READ_PARQUET ",
                                                            "cpu_time": 0.01758843499999999,
                                                            "extra_info": {
                                                                "Function": "READ_PARQUET",
                                                                "Projections": [
                                                                    "userid",
                                                                    "class"
                                                                ],
                                                                "Estimated Cardinality": "2321724"
                                                            },
                                                            "cumulative_cardinality": 2321724,
                                                            "operator_type": "TABLE_SCAN",
                                                            "operator_cardinality": 2321724,
                                                            "cumulative_rows_scanned": 2321724,
                                                            "operator_rows_scanned": 2321724,
                                                            "operator_timing": 0.01758843499999999,
                                                            "result_set_size": 13930344,
                                                            "children": []
                                                        }
                                                    ]
                                                }
                                            ]
                                        }
                                    ]
                                }
                            ]
                        }
                    ]
                }
            ]
        }
    ]
}