{
    "rows_returned": 10,
    "query_name": "\nWITH RecentPosts AS (\n    SELECT \n        p.Id AS PostId,\n        p.Title,\n        p.CreationDate,\n        p.OwnerUserId,\n        COUNT(c.Id) AS CommentCount,\n        SUM(CASE WHEN v.VoteTypeId = 2 THEN 1 ELSE 0 END) AS UpVotes,\n        SUM(CASE WHEN v.VoteTypeId = 3 THEN 1 ELSE 0 END) AS DownVotes\n    FROM \n        Posts p\n    LEFT JOIN \n        Comments c ON p.Id = c.PostId\n    LEFT JOIN \n        Votes v ON p.Id = v.PostId\n    WHERE \n        p.CreationDate >= TIMESTAMP '2024-10-01 12:34:56' - INTERVAL '30 days'\n    GROUP BY \n        p.Id, p.Title, p.CreationDate, p.OwnerUserId\n),\nUsersWithBadges AS (\n    SELECT \n        u.Id AS UserId,\n        u.DisplayName,\n        COUNT(b.Id) AS BadgeCount\n    FROM \n        Users u\n    LEFT JOIN \n        Badges b ON u.Id = b.UserId\n    GROUP BY \n        u.Id, u.DisplayName\n),\nTopContributors AS (\n    SELECT \n        u.DisplayName,\n        SUM(rp.UpVotes - rp.DownVotes) AS NetVotes,\n        COUNT(rp.PostId) AS TotalPosts\n    FROM \n        UsersWithBadges uwb\n    JOIN \n        RecentPosts rp ON uwb.UserId = rp.OwnerUserId\n    JOIN \n        Users u ON uwb.UserId = u.Id\n    GROUP BY \n        u.DisplayName\n    ORDER BY \n        NetVotes DESC\n    LIMIT 5\n),\nPostHistoryChanges AS (\n    SELECT \n        ph.PostId,\n        p.Title,\n        ph.CreationDate,\n        ph.UserDisplayName,\n        ph.Comment,\n        ph.UserId,\n        p.ViewCount,\n        pt.Name AS PostHistoryType\n    FROM \n        PostHistory ph\n    INNER JOIN \n        Posts p ON ph.PostId = p.Id\n    LEFT JOIN \n        PostHistoryTypes pt ON ph.PostHistoryTypeId = pt.Id\n    WHERE \n        ph.CreationDate >= TIMESTAMP '2024-10-01 12:34:56' - INTERVAL '60 days'\n)\nSELECT \n    p.Title AS PostTitle,\n    p.CreationDate AS PostCreationDate,\n    u.DisplayName AS PostOwner,\n    ph.UserDisplayName AS LastEditedBy,\n    ph.CreationDate AS LastEditDate,\n    ph.Comment AS EditComment,\n    ph.PostHistoryType AS ChangeType,\n    rp.CommentCount,\n    rp.UpVotes,\n    rp.DownVotes\nFROM \n    RecentPosts rp\nJOIN \n    Posts p ON rp.PostId = p.Id\nJOIN \n    Users u ON p.OwnerUserId = u.Id\nLEFT JOIN \n    PostHistoryChanges ph ON rp.PostId = ph.PostId\nWHERE \n    rp.CommentCount > 0\n    OR (rp.UpVotes - rp.DownVotes) > 0\nORDER BY \n    rp.CreationDate DESC\nLIMIT \n    10;\n",
    "blocked_thread_time": 0.0,
    "cpu_time": 5.138724949,
    "extra_info": {},
    "cumulative_cardinality": 32677535,
    "cumulative_rows_scanned": 44592251,
    "result_set_size": 1360,
    "latency": 5.319547899,
    "children": [
        {
            "operator_name": "PROJECTION",
            "cpu_time": 5.138724949,
            "extra_info": {
                "Projections": [
                    "#0",
                    "#1",
                    "#2",
                    "#3",
                    "#4",
                    "#5",
                    "#6",
                    "#7",
                    "#8",
                    "#9"
                ],
                "Estimated Cardinality": "10"
            },
            "cumulative_cardinality": 32677535,
            "operator_type": "PROJECTION",
            "operator_cardinality": 10,
            "cumulative_rows_scanned": 44592251,
            "operator_rows_scanned": 0,
            "operator_timing": 0.000001072,
            "result_set_size": 1360,
            "children": [
                {
                    "operator_name": "STREAMING_LIMIT",
                    "cpu_time": 5.138723877,
                    "extra_info": {},
                    "cumulative_cardinality": 32677525,
                    "operator_type": "STREAMING_LIMIT",
                    "operator_cardinality": 10,
                    "cumulative_rows_scanned": 44592251,
                    "operator_rows_scanned": 0,
                    "operator_timing": 0.000001994,
                    "result_set_size": 1440,
                    "children": [
                        {
                            "operator_name": "ORDER_BY",
                            "cpu_time": 5.1387218830000005,
                            "extra_info": {
                                "Order By": "creationdate DESC"
                            },
                            "cumulative_cardinality": 32677515,
                            "operator_type": "ORDER_BY",
                            "operator_cardinality": 4096,
                            "cumulative_rows_scanned": 44592251,
                            "operator_rows_scanned": 0,
                            "operator_timing": 0.004746581,
                            "result_set_size": 589824,
                            "children": [
                                {
                                    "operator_name": "PROJECTION",
                                    "cpu_time": 5.1339753020000005,
                                    "extra_info": {
                                        "Projections": [
                                            "PostTitle",
                                            "PostCreationDate",
                                            "PostOwner",
                                            "LastEditedBy",
                                            "LastEditDate",
                                            "EditComment",
                                            "ChangeType",
                                            "CommentCount",
                                            "UpVotes",
                                            "DownVotes",
                                            "creationdate"
                                        ],
                                        "Estimated Cardinality": "3850116"
                                    },
                                    "cumulative_cardinality": 32673419,
                                    "operator_type": "PROJECTION",
                                    "operator_cardinality": 28968,
                                    "cumulative_rows_scanned": 44592251,
                                    "operator_rows_scanned": 0,
                                    "operator_timing": 0.000020098000000000006,
                                    "result_set_size": 4171392,
                                    "children": [
                                        {
                                            "operator_name": "CTE",
                                            "cpu_time": 5.133955204,
                                            "extra_info": {
                                                "CTE Name": "RecentPosts",
                                                "Table Index": "0"
                                            },
                                            "cumulative_cardinality": 32644451,
                                            "operator_type": "CTE",
                                            "operator_cardinality": 0,
                                            "cumulative_rows_scanned": 44592251,
                                            "operator_rows_scanned": 0,
                                            "operator_timing": 0.000254374,
                                            "result_set_size": 0,
                                            "children": [
                                                {
                                                    "operator_name": "FILTER",
                                                    "cpu_time": 0.8260882259999995,
                                                    "extra_info": {
                                                        "Expression": "((CommentCount > 0) OR ((UpVotes - DownVotes) > 0))",
                                                        "Estimated Cardinality": "3850116"
                                                    },
                                                    "cumulative_cardinality": 25766709,
                                                    "operator_type": "FILTER",
                                                    "operator_cardinality": 8064,
                                                    "cumulative_rows_scanned": 23836031,
                                                    "operator_rows_scanned": 0,
                                                    "operator_timing": 0.000083876,
                                                    "result_set_size": 580608,
                                                    "children": [
                                                        {
                                                            "operator_name": "HASH_GROUP_BY",
                                                            "cpu_time": 0.8260043499999995,
                                                            "extra_info": {
                                                                "Groups": [
                                                                    "#0",
                                                                    "#1",
                                                                    "#2",
                                                                    "#3"
                                                                ],
                                                                "Aggregates": [
                                                                    "count(#4)",
                                                                    "sum(#5)",
                                                                    "sum(#6)"
                                                                ],
                                                                "Estimated Cardinality": "3850116"
                                                            },
                                                            "cumulative_cardinality": 25758645,
                                                            "operator_type": "HASH_GROUP_BY",
                                                            "operator_cardinality": 9927,
                                                            "cumulative_rows_scanned": 23836031,
                                                            "operator_rows_scanned": 0,
                                                            "operator_timing": 0.005391554999999998,
                                                            "result_set_size": 714744,
                                                            "children": [
                                                                {
                                                                    "operator_name": "PROJECTION",
                                                                    "cpu_time": 0.8206127949999995,
                                                                    "extra_info": {
                                                                        "Projections": [
                                                                            "id",
                                                                            "title",
                                                                            "creationdate",
                                                                            "owneruserid",
                                                                            "id",
                                                                            "CASE  WHEN ((votetypeid = 2)) THEN (1) ELSE 0 END",
                                                                            "CASE  WHEN ((votetypeid = 3)) THEN (1) ELSE 0 END"
                                                                        ],
                                                                        "Estimated Cardinality": "12744093"
                                                                    },
                                                                    "cumulative_cardinality": 25748718,
                                                                    "operator_type": "PROJECTION",
                                                                    "operator_cardinality": 69092,
                                                                    "cumulative_rows_scanned": 23836031,
                                                                    "operator_rows_scanned": 0,
                                                                    "operator_timing": 0.0003481009999999999,
                                                                    "result_set_size": 3040048,
                                                                    "children": [
                                                                        {
                                                                            "operator_name": "PROJECTION",
                                                                            "cpu_time": 0.8202646939999995,
                                                                            "extra_info": {
                                                                                "Projections": [
                                                                                    "#0",
                                                                                    "#1",
                                                                                    "#2",
                                                                                    "#3",
                                                                                    "#4",
                                                                                    "__internal_decompress_integral_smallint(#5, 1)"
                                                                                ],
                                                                                "Estimated Cardinality": "12744093"
                                                                            },
                                                                            "cumulative_cardinality": 25679626,
                                                                            "operator_type": "PROJECTION",
                                                                            "operator_cardinality": 69092,
                                                                            "cumulative_rows_scanned": 23836031,
                                                                            "operator_rows_scanned": 0,
                                                                            "operator_timing": 0.000055358,
                                                                            "result_set_size": 2625496,
                                                                            "children": [
                                                                                {
                                                                                    "operator_name": "HASH_JOIN",
                                                                                    "cpu_time": 0.8202093359999995,
                                                                                    "extra_info": {
                                                                                        "Join Type": "LEFT",
                                                                                        "Conditions": "id = postid",
                                                                                        "Estimated Cardinality": "12744093"
                                                                                    },
                                                                                    "cumulative_cardinality": 25610534,
                                                                                    "operator_type": "HASH_JOIN",
                                                                                    "operator_cardinality": 69092,
                                                                                    "cumulative_rows_scanned": 23836031,
                                                                                    "operator_rows_scanned": 0,
                                                                                    "operator_timing": 0.6064514049999995,
                                                                                    "result_set_size": 2556404,
                                                                                    "children": [
                                                                                        {
                                                                                            "operator_name": "HASH_JOIN",
                                                                                            "cpu_time": 0.07996682299999999,
                                                                                            "extra_info": {
                                                                                                "Join Type": "RIGHT",
                                                                                                "Conditions": "postid = id",
                                                                                                "Estimated Cardinality": "7241822"
                                                                                            },
                                                                                            "cumulative_cardinality": 53256,
                                                                                            "operator_type": "HASH_JOIN",
                                                                                            "operator_cardinality": 23844,
                                                                                            "cumulative_rows_scanned": 11091938,
                                                                                            "operator_rows_scanned": 0,
                                                                                            "operator_timing": 0.002307582,
                                                                                            "result_set_size": 858384,
                                                                                            "children": [
                                                                                                {
                                                                                                    "operator_name": "READ_PARQUET ",
                                                                                                    "cpu_time": 0.012691271999999998,
                                                                                                    "extra_info": {
                                                                                                        "Function": "READ_PARQUET",
                                                                                                        "Projections": [
                                                                                                            "id",
                                                                                                            "postid"
                                                                                                        ],
                                                                                                        "Estimated Cardinality": "7241822"
                                                                                                    },
                                                                                                    "cumulative_cardinality": 19485,
                                                                                                    "operator_type": "TABLE_SCAN",
                                                                                                    "operator_cardinality": 19485,
                                                                                                    "cumulative_rows_scanned": 7241822,
                                                                                                    "operator_rows_scanned": 7241822,
                                                                                                    "operator_timing": 0.012691271999999998,
                                                                                                    "result_set_size": 155880,
                                                                                                    "children": []
                                                                                                },
                                                                                                {
                                                                                                    "operator_name": "READ_PARQUET ",
                                                                                                    "cpu_time": 0.064967969,
                                                                                                    "extra_info": {
                                                                                                        "Function": "READ_PARQUET",
                                                                                                        "Projections": [
                                                                                                            "id",
                                                                                                            "creationdate",
                                                                                                            "owneruserid",
                                                                                                            "title"
                                                                                                        ],
                                                                                                        "Filters": "creationdate>='2024-09-01 12:34:56'::TIMESTAMP",
                                                                                                        "Estimated Cardinality": "770023"
                                                                                                    },
                                                                                                    "cumulative_cardinality": 9927,
                                                                                                    "operator_type": "TABLE_SCAN",
                                                                                                    "operator_cardinality": 9927,
                                                                                                    "cumulative_rows_scanned": 3850116,
                                                                                                    "operator_rows_scanned": 3850116,
                                                                                                    "operator_timing": 0.064967969,
                                                                                                    "result_set_size": 317664,
                                                                                                    "children": []
                                                                                                }
                                                                                            ]
                                                                                        },
                                                                                        {
                                                                                            "operator_name": "PROJECTION",
                                                                                            "cpu_time": 0.1337911079999999,
                                                                                            "extra_info": {
                                                                                                "Projections": [
                                                                                                    "#0",
                                                                                                    "__internal_compress_integral_utinyint(#1, 1)"
                                                                                                ],
                                                                                                "Estimated Cardinality": "12744093"
                                                                                            },
                                                                                            "cumulative_cardinality": 25488186,
                                                                                            "operator_type": "PROJECTION",
                                                                                            "operator_cardinality": 12744093,
                                                                                            "cumulative_rows_scanned": 12744093,
                                                                                            "operator_rows_scanned": 0,
                                                                                            "operator_timing": 0.0031787420000000738,
                                                                                            "result_set_size": 63720465,
                                                                                            "children": [
                                                                                                {
                                                                                                    "operator_name": "READ_PARQUET ",
                                                                                                    "cpu_time": 0.13061236599999984,
                                                                                                    "extra_info": {
                                                                                                        "Function": "READ_PARQUET",
                                                                                                        "Projections": [
                                                                                                            "postid",
                                                                                                            "votetypeid"
                                                                                                        ],
                                                                                                        "Estimated Cardinality": "12744093"
                                                                                                    },
                                                                                                    "cumulative_cardinality": 12744093,
                                                                                                    "operator_type": "TABLE_SCAN",
                                                                                                    "operator_cardinality": 12744093,
                                                                                                    "cumulative_rows_scanned": 12744093,
                                                                                                    "operator_rows_scanned": 12744093,
                                                                                                    "operator_timing": 0.13061236599999984,
                                                                                                    "result_set_size": 76464558,
                                                                                                    "children": []
                                                                                                }
                                                                                            ]
                                                                                        }
                                                                                    ]
                                                                                }
                                                                            ]
                                                                        }
                                                                    ]
                                                                }
                                                            ]
                                                        }
                                                    ]
                                                },
                                                {
                                                    "operator_name": "HASH_JOIN",
                                                    "cpu_time": 4.307612604000001,
                                                    "extra_info": {
                                                        "Join Type": "LEFT",
                                                        "Conditions": "PostId = postid",
                                                        "Estimated Cardinality": "3850116"
                                                    },
                                                    "cumulative_cardinality": 6877742,
                                                    "operator_type": "HASH_JOIN",
                                                    "operator_cardinality": 28968,
                                                    "cumulative_rows_scanned": 20756220,
                                                    "operator_rows_scanned": 0,
                                                    "operator_timing": 0.01442587,
                                                    "result_set_size": 13151472,
                                                    "children": [
                                                        {
                                                            "operator_name": "HASH_JOIN",
                                                            "cpu_time": 3.8908346180000004,
                                                            "extra_info": {
                                                                "Join Type": "INNER",
                                                                "Conditions": "id = PostId",
                                                                "Estimated Cardinality": "3850116"
                                                            },
                                                            "cumulative_cardinality": 2575242,
                                                            "operator_type": "HASH_JOIN",
                                                            "operator_cardinality": 8044,
                                                            "cumulative_rows_scanned": 5110826,
                                                            "operator_rows_scanned": 0,
                                                            "operator_timing": 0.0012464869999999997,
                                                            "result_set_size": 2976280,
                                                            "children": [
                                                                {
                                                                    "operator_name": "PROJECTION",
                                                                    "cpu_time": 3.8894150770000007,
                                                                    "extra_info": {
                                                                        "Projections": [
                                                                            "#0",
                                                                            "#1",
                                                                            "#2",
                                                                            "#3",
                                                                            "#4",
                                                                            "#5",
                                                                            "#6",
                                                                            "#7",
                                                                            "#8",
                                                                            "#9",
                                                                            "#10",
                                                                            "#11",
                                                                            "#12",
                                                                            "#13",
                                                                            "#14",
                                                                            "#15",
                                                                            "#16",
                                                                            "#17",
                                                                            "#18",
                                                                            "#19",
                                                                            "#20",
                                                                            "#21",
                                                                            "#22",
                                                                            "#23",
                                                                            "#24",
                                                                            "#25",
                                                                            "#26",
                                                                            "#27",
                                                                            "#28",
                                                                            "#29",
                                                                            "#30",
                                                                            "#31",
                                                                            "__internal_decompress_integral_integer(#32, 0)",
                                                                            "#33",
                                                                            "#34"
                                                                        ],
                                                                        "Estimated Cardinality": "3850116"
                                                                    },
                                                                    "cumulative_cardinality": 2551070,
                                                                    "operator_type": "PROJECTION",
                                                                    "operator_cardinality": 9904,
                                                                    "cumulative_rows_scanned": 5110826,
                                                                    "operator_rows_scanned": 0,
                                                                    "operator_timing": 0.000036499,
                                                                    "result_set_size": 2951392,
                                                                    "children": [
                                                                        {
                                                                            "operator_name": "HASH_JOIN",
                                                                            "cpu_time": 3.8893785780000005,
                                                                            "extra_info": {
                                                                                "Join Type": "INNER",
                                                                                "Conditions": "owneruserid = id",
                                                                                "Estimated Cardinality": "3850116"
                                                                            },
                                                                            "cumulative_cardinality": 2541166,
                                                                            "operator_type": "HASH_JOIN",
                                                                            "operator_cardinality": 9904,
                                                                            "cumulative_rows_scanned": 5110826,
                                                                            "operator_rows_scanned": 0,
                                                                            "operator_timing": 0.19302005699999997,
                                                                            "result_set_size": 2931584,
                                                                            "children": [
                                                                                {
                                                                                    "operator_name": "READ_PARQUET ",
                                                                                    "cpu_time": 3.4244072910000005,
                                                                                    "extra_info": {
                                                                                        "Function": "READ_PARQUET",
                                                                                        "Projections": [
                                                                                            "id",
                                                                                            "posttypeid",
                                                                                            "acceptedanswerid",
                                                                                            "parentid",
                                                                                            "creationdate",
                                                                                            "score",
                                                                                            "viewcount",
                                                                                            "body",
                                                                                            "owneruserid",
                                                                                            "ownerdisplayname",
                                                                                            "lasteditoruserid",
                                                                                            "lasteditordisplayname",
                                                                                            "lasteditdate",
                                                                                            "lastactivitydate",
                                                                                            "title",
                                                                                            "tags",
                                                                                            "answercount",
                                                                                            "commentcount",
                                                                                            "favoritecount",
                                                                                            "closeddate",
                                                                                            "communityowneddate",
                                                                                            "contentlicense"
                                                                                        ],
                                                                                        "Estimated Cardinality": "3850116"
                                                                                    },
                                                                                    "cumulative_cardinality": 9904,
                                                                                    "operator_type": "TABLE_SCAN",
                                                                                    "operator_cardinality": 9904,
                                                                                    "cumulative_rows_scanned": 3850116,
                                                                                    "operator_rows_scanned": 3850116,
                                                                                    "operator_timing": 3.4244072910000005,
                                                                                    "result_set_size": 1762912,
                                                                                    "children": []
                                                                                },
                                                                                {
                                                                                    "operator_name": "PROJECTION",
                                                                                    "cpu_time": 0.27195123000000004,
                                                                                    "extra_info": {
                                                                                        "Projections": [
                                                                                            "#0",
                                                                                            "#1",
                                                                                            "#2",
                                                                                            "#3",
                                                                                            "#4",
                                                                                            "#5",
                                                                                            "#6",
                                                                                            "#7",
                                                                                            "#8",
                                                                                            "#9",
                                                                                            "__internal_compress_integral_usmallint(#10, 0)",
                                                                                            "#11",
                                                                                            "#12"
                                                                                        ],
                                                                                        "Estimated Cardinality": "1260710"
                                                                                    },
                                                                                    "cumulative_cardinality": 2521358,
                                                                                    "operator_type": "PROJECTION",
                                                                                    "operator_cardinality": 1260679,
                                                                                    "cumulative_rows_scanned": 1260710,
                                                                                    "operator_rows_scanned": 0,
                                                                                    "operator_timing": 0.0010182629999999993,
                                                                                    "result_set_size": 148760122,
                                                                                    "children": [
                                                                                        {
                                                                                            "operator_name": "READ_PARQUET ",
                                                                                            "cpu_time": 0.270932967,
                                                                                            "extra_info": {
                                                                                                "Function": "READ_PARQUET",
                                                                                                "Projections": [
                                                                                                    "id",
                                                                                                    "reputation",
                                                                                                    "creationdate",
                                                                                                    "displayname",
                                                                                                    "lastaccessdate",
                                                                                                    "websiteurl",
                                                                                                    "location",
                                                                                                    "aboutme",
                                                                                                    "views",
                                                                                                    "upvotes",
                                                                                                    "downvotes",
                                                                                                    "profileimageurl",
                                                                                                    "accountid"
                                                                                                ],
                                                                                                "Filters": "id<=1416539",
                                                                                                "Estimated Cardinality": "1260710"
                                                                                            },
                                                                                            "cumulative_cardinality": 1260679,
                                                                                            "operator_type": "TABLE_SCAN",
                                                                                            "operator_cardinality": 1260679,
                                                                                            "cumulative_rows_scanned": 1260710,
                                                                                            "operator_rows_scanned": 1260710,
                                                                                            "operator_timing": 0.270932967,
                                                                                            "result_set_size": 151281480,
                                                                                            "children": []
                                                                                        }
                                                                                    ]
                                                                                }
                                                                            ]
                                                                        }
                                                                    ]
                                                                },
                                                                {
                                                                    "operator_name": "FILTER",
                                                                    "cpu_time": 0.00017305400000000001,
                                                                    "extra_info": {
                                                                        "Expression": "((CommentCount > 0) OR ((UpVotes - DownVotes) > 0))",
                                                                        "Estimated Cardinality": "3850116"
                                                                    },
                                                                    "cumulative_cardinality": 16128,
                                                                    "operator_type": "FILTER",
                                                                    "operator_cardinality": 8064,
                                                                    "cumulative_rows_scanned": 0,
                                                                    "operator_rows_scanned": 0,
                                                                    "operator_timing": 0.000070031,
                                                                    "result_set_size": 580608,
                                                                    "children": [
                                                                        {
                                                                            "operator_name": "CTE_SCAN",
                                                                            "cpu_time": 0.00010302300000000002,
                                                                            "extra_info": {
                                                                                "CTE Index": "0",
                                                                                "Estimated Cardinality": "3850116"
                                                                            },
                                                                            "cumulative_cardinality": 8064,
                                                                            "operator_type": "CTE_SCAN",
                                                                            "operator_cardinality": 8064,
                                                                            "cumulative_rows_scanned": 0,
                                                                            "operator_rows_scanned": 0,
                                                                            "operator_timing": 0.00010302300000000002,
                                                                            "result_set_size": 580608,
                                                                            "children": []
                                                                        }
                                                                    ]
                                                                }
                                                            ]
                                                        },
                                                        {
                                                            "operator_name": "PROJECTION",
                                                            "cpu_time": 0.40235211600000037,
                                                            "extra_info": {
                                                                "Projections": [
                                                                    "postid",
                                                                    "title",
                                                                    "creationdate",
                                                                    "userdisplayname",
                                                                    "comment",
                                                                    "userid",
                                                                    "viewcount",
                                                                    "PostHistoryType"
                                                                ],
                                                                "Estimated Cardinality": "2359048"
                                                            },
                                                            "cumulative_cardinality": 4273532,
                                                            "operator_type": "PROJECTION",
                                                            "operator_cardinality": 70662,
                                                            "cumulative_rows_scanned": 15645394,
                                                            "operator_rows_scanned": 0,
                                                            "operator_timing": 0.000024701000000000006,
                                                            "result_set_size": 5935608,
                                                            "children": [
                                                                {
                                                                    "operator_name": "HASH_JOIN",
                                                                    "cpu_time": 0.40232741500000035,
                                                                    "extra_info": {
                                                                        "Join Type": "LEFT",
                                                                        "Conditions": "posthistorytypeid = id",
                                                                        "Estimated Cardinality": "2359048"
                                                                    },
                                                                    "cumulative_cardinality": 4202870,
                                                                    "operator_type": "HASH_JOIN",
                                                                    "operator_cardinality": 70662,
                                                                    "cumulative_rows_scanned": 15645394,
                                                                    "operator_rows_scanned": 0,
                                                                    "operator_timing": 0.0018818799999999996,
                                                                    "result_set_size": 5935608,
                                                                    "children": [
                                                                        {
                                                                            "operator_name": "PROJECTION",
                                                                            "cpu_time": 0.4001199660000003,
                                                                            "extra_info": {
                                                                                "Projections": [
                                                                                    "#0",
                                                                                    "#1",
                                                                                    "__internal_decompress_integral_smallint(#2, 1)",
                                                                                    "#3",
                                                                                    "#4",
                                                                                    "#5",
                                                                                    "#6",
                                                                                    "#7"
                                                                                ],
                                                                                "Estimated Cardinality": "2359048"
                                                                            },
                                                                            "cumulative_cardinality": 4132174,
                                                                            "operator_type": "PROJECTION",
                                                                            "operator_cardinality": 70662,
                                                                            "cumulative_rows_scanned": 15645360,
                                                                            "operator_rows_scanned": 0,
                                                                            "operator_timing": 0.000051857,
                                                                            "result_set_size": 4946340,
                                                                            "children": [
                                                                                {
                                                                                    "operator_name": "HASH_JOIN",
                                                                                    "cpu_time": 0.40006810900000034,
                                                                                    "extra_info": {
                                                                                        "Join Type": "INNER",
                                                                                        "Conditions": "id = postid",
                                                                                        "Estimated Cardinality": "2359048"
                                                                                    },
                                                                                    "cumulative_cardinality": 4061512,
                                                                                    "operator_type": "HASH_JOIN",
                                                                                    "operator_cardinality": 70662,
                                                                                    "cumulative_rows_scanned": 15645360,
                                                                                    "operator_rows_scanned": 0,
                                                                                    "operator_timing": 0.039859872999999955,
                                                                                    "result_set_size": 4875678,
                                                                                    "children": [
                                                                                        {
                                                                                            "operator_name": "READ_PARQUET ",
                                                                                            "cpu_time": 0.3472299610000004,
                                                                                            "extra_info": {
                                                                                                "Function": "READ_PARQUET",
                                                                                                "Projections": [
                                                                                                    "id",
                                                                                                    "viewcount",
                                                                                                    "title"
                                                                                                ],
                                                                                                "Estimated Cardinality": "3850116"
                                                                                            },
                                                                                            "cumulative_cardinality": 3849526,
                                                                                            "operator_type": "TABLE_SCAN",
                                                                                            "operator_cardinality": 3849526,
                                                                                            "cumulative_rows_scanned": 3850116,
                                                                                            "operator_rows_scanned": 3850116,
                                                                                            "operator_timing": 0.3472299610000004,
                                                                                            "result_set_size": 92388624,
                                                                                            "children": []
                                                                                        },
                                                                                        {
                                                                                            "operator_name": "PROJECTION",
                                                                                            "cpu_time": 0.012978275,
                                                                                            "extra_info": {
                                                                                                "Projections": [
                                                                                                    "__internal_compress_integral_utinyint(#0, 1)",
                                                                                                    "#1",
                                                                                                    "#2",
                                                                                                    "#3",
                                                                                                    "#4",
                                                                                                    "#5"
                                                                                                ],
                                                                                                "Estimated Cardinality": "2359048"
                                                                                            },
                                                                                            "cumulative_cardinality": 141324,
                                                                                            "operator_type": "PROJECTION",
                                                                                            "operator_cardinality": 70662,
                                                                                            "cumulative_rows_scanned": 11795244,
                                                                                            "operator_rows_scanned": 0,
                                                                                            "operator_timing": 0.000041817,
                                                                                            "result_set_size": 3462438,
                                                                                            "children": [
                                                                                                {
                                                                                                    "operator_name": "READ_PARQUET ",
                                                                                                    "cpu_time": 0.012936458,
                                                                                                    "extra_info": {
                                                                                                        "Function": "READ_PARQUET",
                                                                                                        "Projections": [
                                                                                                            "posthistorytypeid",
                                                                                                            "postid",
                                                                                                            "creationdate",
                                                                                                            "userid",
                                                                                                            "userdisplayname",
                                                                                                            "comment"
                                                                                                        ],
                                                                                                        "Filters": "creationdate>='2024-08-02 12:34:56'::TIMESTAMP",
                                                                                                        "Estimated Cardinality": "2359048"
                                                                                                    },
                                                                                                    "cumulative_cardinality": 70662,
                                                                                                    "operator_type": "TABLE_SCAN",
                                                                                                    "operator_cardinality": 70662,
                                                                                                    "cumulative_rows_scanned": 11795244,
                                                                                                    "operator_rows_scanned": 11795244,
                                                                                                    "operator_timing": 0.012936458,
                                                                                                    "result_set_size": 3533100,
                                                                                                    "children": []
                                                                                                }
                                                                                            ]
                                                                                        }
                                                                                    ]
                                                                                }
                                                                            ]
                                                                        },
                                                                        {
                                                                            "operator_name": "READ_PARQUET ",
                                                                            "cpu_time": 0.000325569,
                                                                            "extra_info": {
                                                                                "Function": "READ_PARQUET",
                                                                                "Projections": [
                                                                                    "id",
                                                                                    "name"
                                                                                ],
                                                                                "Estimated Cardinality": "34"
                                                                            },
                                                                            "cumulative_cardinality": 34,
                                                                            "operator_type": "TABLE_SCAN",
                                                                            "operator_cardinality": 34,
                                                                            "cumulative_rows_scanned": 34,
                                                                            "operator_rows_scanned": 34,
                                                                            "operator_timing": 0.000325569,
                                                                            "result_set_size": 612,
                                                                            "children": []
                                                                        }
                                                                    ]
                                                                }
                                                            ]
                                                        }
                                                    ]
                                                }
                                            ]
                                        }
                                    ]
                                }
                            ]
                        }
                    ]
                }
            ]
        }
    ]
}