{
    "rows_returned": 10,
    "query_name": "WITH RECURSIVE UserHierarchy AS (\n    SELECT Id, DisplayName, Reputation, CreationDate, LastAccessDate, WebsiteUrl,\n           Location, UpVotes, DownVotes, 1 AS Level\n    FROM Users\n    WHERE Reputation > 1000 \n\n    UNION ALL\n\n    SELECT U.Id, U.DisplayName, U.Reputation, U.CreationDate, U.LastAccessDate, U.WebsiteUrl,\n           U.Location, U.UpVotes, U.DownVotes, UH.Level + 1\n    FROM Users U\n    JOIN UserHierarchy UH ON U.Reputation < UH.Reputation \n)\nSELECT U.DisplayName, U.Reputation, U.Location, \n       COUNT(DISTINCT PH.PostId) AS PostCount,\n       SUM(COALESCE(P.Score, 0)) AS TotalScore,\n       AVG(PH.CommentEvaluation) AS AvgCommentEval\nFROM Users U \nLEFT JOIN Posts P ON U.Id = P.OwnerUserId\nLEFT JOIN (\n    SELECT PH.UserId, PH.PostId,\n           CASE \n               WHEN PH.PostHistoryTypeId = 10 THEN COUNT(*) \n               ELSE 0\n           END AS CommentEvaluation\n    FROM PostHistory PH\n    GROUP BY PH.UserId, PH.PostId, PH.PostHistoryTypeId\n) AS PH ON P.Id = PH.PostId\nWHERE U.Reputation > 500 \nGROUP BY U.DisplayName, U.Reputation, U.Location\nHAVING COUNT(DISTINCT P.Id) > 5 \nORDER BY TotalScore DESC, U.Reputation ASC\nOFFSET 5 ROWS FETCH NEXT 10 ROWS ONLY;",
    "blocked_thread_time": 0.0,
    "cpu_time": 5.157959163000006,
    "extra_info": {},
    "cumulative_cardinality": 86322452,
    "cumulative_rows_scanned": 16906070,
    "result_set_size": 680,
    "latency": 6.472206045,
    "children": [
        {
            "operator_name": "STREAMING_LIMIT",
            "cpu_time": 5.157959163000006,
            "extra_info": {},
            "cumulative_cardinality": 86322452,
            "operator_type": "STREAMING_LIMIT",
            "operator_cardinality": 10,
            "cumulative_rows_scanned": 16906070,
            "operator_rows_scanned": 0,
            "operator_timing": 0.000015218,
            "result_set_size": 680,
            "children": [
                {
                    "operator_name": "ORDER_BY",
                    "cpu_time": 5.157943945000007,
                    "extra_info": {
                        "Order By": [
                            "sum(COALESCE(P.Score, 0)) DESC",
                            "U.Reputation ASC"
                        ]
                    },
                    "cumulative_cardinality": 86322442,
                    "operator_type": "ORDER_BY",
                    "operator_cardinality": 4096,
                    "cumulative_rows_scanned": 16906070,
                    "operator_rows_scanned": 0,
                    "operator_timing": 0.00133226,
                    "result_set_size": 278528,
                    "children": [
                        {
                            "operator_name": "PROJECTION",
                            "cpu_time": 5.156611685000007,
                            "extra_info": {
                                "Projections": [
                                    "displayname",
                                    "reputation",
                                    "location",
                                    "PostCount",
                                    "TotalScore",
                                    "AvgCommentEval"
                                ],
                                "Estimated Cardinality": "252142"
                            },
                            "cumulative_cardinality": 86318346,
                            "operator_type": "PROJECTION",
                            "operator_cardinality": 20407,
                            "cumulative_rows_scanned": 16906070,
                            "operator_rows_scanned": 0,
                            "operator_timing": 0.000004366999999999999,
                            "result_set_size": 1387676,
                            "children": [
                                {
                                    "operator_name": "FILTER",
                                    "cpu_time": 5.156607318000007,
                                    "extra_info": {
                                        "Expression": "(count(DISTINCT id) > 5)",
                                        "Estimated Cardinality": "252142"
                                    },
                                    "cumulative_cardinality": 86297939,
                                    "operator_type": "FILTER",
                                    "operator_cardinality": 20407,
                                    "cumulative_rows_scanned": 16906070,
                                    "operator_rows_scanned": 0,
                                    "operator_timing": 0.000053031,
                                    "result_set_size": 1550932,
                                    "children": [
                                        {
                                            "operator_name": "HASH_GROUP_BY",
                                            "cpu_time": 5.156554287000007,
                                            "extra_info": {
                                                "Groups": [
                                                    "#0",
                                                    "#1",
                                                    "#2"
                                                ],
                                                "Aggregates": [
                                                    "count(DISTINCT #3)",
                                                    "count(DISTINCT #4)",
                                                    "sum(#5)",
                                                    "avg(#6)"
                                                ],
                                                "Estimated Cardinality": "1260710"
                                            },
                                            "cumulative_cardinality": 86277532,
                                            "operator_type": "HASH_GROUP_BY",
                                            "operator_cardinality": 21373,
                                            "cumulative_rows_scanned": 16906070,
                                            "operator_rows_scanned": 0,
                                            "operator_timing": 1.739426027000003,
                                            "result_set_size": 1624348,
                                            "children": [
                                                {
                                                    "operator_name": "PROJECTION",
                                                    "cpu_time": 3.4171282600000037,
                                                    "extra_info": {
                                                        "Projections": [
                                                            "displayname",
                                                            "reputation",
                                                            "location",
                                                            "id",
                                                            "postid",
                                                            "COALESCE(score, 0)",
                                                            "CommentEvaluation"
                                                        ],
                                                        "Estimated Cardinality": "5897622"
                                                    },
                                                    "cumulative_cardinality": 86256159,
                                                    "operator_type": "PROJECTION",
                                                    "operator_cardinality": 6177546,
                                                    "cumulative_rows_scanned": 16906070,
                                                    "operator_rows_scanned": 0,
                                                    "operator_timing": 0.06839997099999974,
                                                    "result_set_size": 345942576,
                                                    "children": [
                                                        {
                                                            "operator_name": "HASH_JOIN",
                                                            "cpu_time": 3.348728289000004,
                                                            "extra_info": {
                                                                "Join Type": "LEFT",
                                                                "Conditions": "id = postid",
                                                                "Estimated Cardinality": "5897622"
                                                            },
                                                            "cumulative_cardinality": 80078613,
                                                            "operator_type": "HASH_JOIN",
                                                            "operator_cardinality": 6177546,
                                                            "cumulative_rows_scanned": 16906070,
                                                            "operator_rows_scanned": 0,
                                                            "operator_timing": 0.7779972340000001,
                                                            "result_set_size": 345942576,
                                                            "children": [
                                                                {
                                                                    "operator_name": "HASH_JOIN",
                                                                    "cpu_time": 0.3258572520000007,
                                                                    "extra_info": {
                                                                        "Join Type": "RIGHT",
                                                                        "Conditions": "owneruserid = id",
                                                                        "Estimated Cardinality": "3850116"
                                                                    },
                                                                    "cumulative_cardinality": 6382932,
                                                                    "operator_type": "HASH_JOIN",
                                                                    "operator_cardinality": 2678147,
                                                                    "cumulative_rows_scanned": 5110826,
                                                                    "operator_rows_scanned": 0,
                                                                    "operator_timing": 0.14205786100000062,
                                                                    "result_set_size": 117838468,
                                                                    "children": [
                                                                        {
                                                                            "operator_name": "READ_PARQUET ",
                                                                            "cpu_time": 0.11647842700000006,
                                                                            "extra_info": {
                                                                                "Function": "READ_PARQUET",
                                                                                "Projections": [
                                                                                    "id",
                                                                                    "score",
                                                                                    "owneruserid"
                                                                                ],
                                                                                "Estimated Cardinality": "3850116"
                                                                            },
                                                                            "cumulative_cardinality": 3683408,
                                                                            "operator_type": "TABLE_SCAN",
                                                                            "operator_cardinality": 3683408,
                                                                            "cumulative_rows_scanned": 3850116,
                                                                            "operator_rows_scanned": 3850116,
                                                                            "operator_timing": 0.11647842700000006,
                                                                            "result_set_size": 44200896,
                                                                            "children": []
                                                                        },
                                                                        {
                                                                            "operator_name": "READ_PARQUET ",
                                                                            "cpu_time": 0.06732096400000001,
                                                                            "extra_info": {
                                                                                "Function": "READ_PARQUET",
                                                                                "Projections": [
                                                                                    "id",
                                                                                    "reputation",
                                                                                    "displayname",
                                                                                    "location"
                                                                                ],
                                                                                "Filters": "reputation>500",
                                                                                "Estimated Cardinality": "252142"
                                                                            },
                                                                            "cumulative_cardinality": 21377,
                                                                            "operator_type": "TABLE_SCAN",
                                                                            "operator_cardinality": 21377,
                                                                            "cumulative_rows_scanned": 1260710,
                                                                            "operator_rows_scanned": 1260710,
                                                                            "operator_timing": 0.06732096400000001,
                                                                            "result_set_size": 855080,
                                                                            "children": []
                                                                        }
                                                                    ]
                                                                },
                                                                {
                                                                    "operator_name": "PROJECTION",
                                                                    "cpu_time": 2.244873803000003,
                                                                    "extra_info": {
                                                                        "Projections": [
                                                                            "postid",
                                                                            "CommentEvaluation"
                                                                        ],
                                                                        "Estimated Cardinality": "5897622"
                                                                    },
                                                                    "cumulative_cardinality": 67518135,
                                                                    "operator_type": "PROJECTION",
                                                                    "operator_cardinality": 10710801,
                                                                    "cumulative_rows_scanned": 11795244,
                                                                    "operator_rows_scanned": 0,
                                                                    "operator_timing": 0.02252650500000033,
                                                                    "result_set_size": 128529612,
                                                                    "children": [
                                                                        {
                                                                            "operator_name": "PROJECTION",
                                                                            "cpu_time": 2.2223472980000025,
                                                                            "extra_info": {
                                                                                "Projections": [
                                                                                    "#0",
                                                                                    "#1",
                                                                                    "__internal_decompress_integral_smallint(#2, 1)",
                                                                                    "#3"
                                                                                ],
                                                                                "Estimated Cardinality": "5897622"
                                                                            },
                                                                            "cumulative_cardinality": 56807334,
                                                                            "operator_type": "PROJECTION",
                                                                            "operator_cardinality": 10710801,
                                                                            "cumulative_rows_scanned": 11795244,
                                                                            "operator_rows_scanned": 0,
                                                                            "operator_timing": 0.00287791199999996,
                                                                            "result_set_size": 192794418,
                                                                            "children": [
                                                                                {
                                                                                    "operator_name": "HASH_GROUP_BY",
                                                                                    "cpu_time": 2.2194693860000028,
                                                                                    "extra_info": {
                                                                                        "Groups": [
                                                                                            "#0",
                                                                                            "#1",
                                                                                            "#2"
                                                                                        ],
                                                                                        "Aggregates": "count_star()",
                                                                                        "Estimated Cardinality": "5897622"
                                                                                    },
                                                                                    "cumulative_cardinality": 46096533,
                                                                                    "operator_type": "HASH_GROUP_BY",
                                                                                    "operator_cardinality": 10710801,
                                                                                    "cumulative_rows_scanned": 11795244,
                                                                                    "operator_rows_scanned": 0,
                                                                                    "operator_timing": 1.9072582170000028,
                                                                                    "result_set_size": 182083617,
                                                                                    "children": [
                                                                                        {
                                                                                            "operator_name": "PROJECTION",
                                                                                            "cpu_time": 0.3122111690000002,
                                                                                            "extra_info": {
                                                                                                "Projections": [
                                                                                                    "userid",
                                                                                                    "postid",
                                                                                                    "posthistorytypeid"
                                                                                                ],
                                                                                                "Estimated Cardinality": "11795244"
                                                                                            },
                                                                                            "cumulative_cardinality": 35385732,
                                                                                            "operator_type": "PROJECTION",
                                                                                            "operator_cardinality": 11795244,
                                                                                            "cumulative_rows_scanned": 11795244,
                                                                                            "operator_rows_scanned": 0,
                                                                                            "operator_timing": 0.0020464730000000282,
                                                                                            "result_set_size": 106157196,
                                                                                            "children": [
                                                                                                {
                                                                                                    "operator_name": "PROJECTION",
                                                                                                    "cpu_time": 0.31016469600000013,
                                                                                                    "extra_info": {
                                                                                                        "Projections": [
                                                                                                            "__internal_compress_integral_utinyint(#0, 1)",
                                                                                                            "#1",
                                                                                                            "#2"
                                                                                                        ],
                                                                                                        "Estimated Cardinality": "11795244"
                                                                                                    },
                                                                                                    "cumulative_cardinality": 23590488,
                                                                                                    "operator_type": "PROJECTION",
                                                                                                    "operator_cardinality": 11795244,
                                                                                                    "cumulative_rows_scanned": 11795244,
                                                                                                    "operator_rows_scanned": 0,
                                                                                                    "operator_timing": 0.007089875000000022,
                                                                                                    "result_set_size": 106157196,
                                                                                                    "children": [
                                                                                                        {
                                                                                                            "operator_name": "READ_PARQUET ",
                                                                                                            "cpu_time": 0.3030748210000001,
                                                                                                            "extra_info": {
                                                                                                                "Function": "READ_PARQUET",
                                                                                                                "Projections": [
                                                                                                                    "posthistorytypeid",
                                                                                                                    "postid",
                                                                                                                    "userid"
                                                                                                                ],
                                                                                                                "Estimated Cardinality": "11795244"
                                                                                                            },
                                                                                                            "cumulative_cardinality": 11795244,
                                                                                                            "operator_type": "TABLE_SCAN",
                                                                                                            "operator_cardinality": 11795244,
                                                                                                            "cumulative_rows_scanned": 11795244,
                                                                                                            "operator_rows_scanned": 11795244,
                                                                                                            "operator_timing": 0.3030748210000001,
                                                                                                            "result_set_size": 117952440,
                                                                                                            "children": []
                                                                                                        }
                                                                                                    ]
                                                                                                }
                                                                                            ]
                                                                                        }
                                                                                    ]
                                                                                }
                                                                            ]
                                                                        }
                                                                    ]
                                                                }
                                                            ]
                                                        }
                                                    ]
                                                }
                                            ]
                                        }
                                    ]
                                }
                            ]
                        }
                    ]
                }
            ]
        }
    ]
}