{
    "rows_returned": 8,
    "query_name": "\nWITH RankedPosts AS (\n    SELECT \n        p.Id, \n        p.Title, \n        p.CreationDate, \n        p.Score, \n        p.ViewCount,\n        ROW_NUMBER() OVER (PARTITION BY p.OwnerUserId ORDER BY p.CreationDate DESC) AS PostRank,\n        p.OwnerUserId\n    FROM \n        Posts p\n    WHERE \n        p.CreationDate >= TIMESTAMP '2024-10-01 12:34:56' - INTERVAL '1 year' \n        AND p.Score > 10\n),\nUserStatistics AS (\n    SELECT \n        u.Id AS UserId,\n        u.DisplayName,\n        COUNT(DISTINCT p.Id) AS TotalPosts,\n        SUM(COALESCE(v.BountyAmount, 0)) AS TotalBounty,\n        SUM(CASE WHEN b.Class = 1 THEN 1 ELSE 0 END) AS GoldBadges,\n        SUM(CASE WHEN b.Class = 2 THEN 1 ELSE 0 END) AS SilverBadges,\n        SUM(CASE WHEN b.Class = 3 THEN 1 ELSE 0 END) AS BronzeBadges\n    FROM \n        Users u\n    LEFT JOIN \n        Posts p ON u.Id = p.OwnerUserId\n    LEFT JOIN \n        Badges b ON u.Id = b.UserId\n    LEFT JOIN \n        Votes v ON p.Id = v.PostId AND v.VoteTypeId = 8  \n    GROUP BY \n        u.Id, u.DisplayName\n)\nSELECT \n    us.UserId,\n    us.DisplayName,\n    us.TotalPosts,\n    us.TotalBounty,\n    us.GoldBadges,\n    us.SilverBadges,\n    us.BronzeBadges,\n    COUNT(rp.Id) AS RecentPostsCount,\n    AVG(rp.Score) AS AverageRecentPostScore\nFROM \n    UserStatistics us\nLEFT JOIN \n    RankedPosts rp ON us.UserId = rp.OwnerUserId\nGROUP BY \n    us.UserId, us.DisplayName, us.TotalPosts, us.TotalBounty, us.GoldBadges, us.SilverBadges, us.BronzeBadges\nHAVING \n    COUNT(rp.Id) > 5 \n    AND AVG(COALESCE(rp.Score, 0)) >= 20\nORDER BY \n    us.TotalBounty DESC, AverageRecentPostScore DESC;\n",
    "blocked_thread_time": 0.0,
    "cpu_time": 64.61412159599833,
    "extra_info": {},
    "cumulative_cardinality": 2950488451,
    "cumulative_rows_scanned": 24026759,
    "result_set_size": 864,
    "latency": 79.414778429,
    "children": [
        {
            "operator_name": "ORDER_BY",
            "cpu_time": 64.61412159599833,
            "extra_info": {
                "Order By": [
                    "us.TotalBounty DESC",
                    "avg(rp.Score) DESC"
                ]
            },
            "cumulative_cardinality": 2950488451,
            "operator_type": "ORDER_BY",
            "operator_cardinality": 8,
            "cumulative_rows_scanned": 24026759,
            "operator_rows_scanned": 0,
            "operator_timing": 0.000067717,
            "result_set_size": 864,
            "children": [
                {
                    "operator_name": "PROJECTION",
                    "cpu_time": 64.61405387899833,
                    "extra_info": {
                        "Projections": [
                            "#0",
                            "#1",
                            "#2",
                            "#3",
                            "#4",
                            "#5",
                            "#6",
                            "#7",
                            "#9"
                        ],
                        "Estimated Cardinality": "126071"
                    },
                    "cumulative_cardinality": 2950488443,
                    "operator_type": "PROJECTION",
                    "operator_cardinality": 8,
                    "cumulative_rows_scanned": 24026759,
                    "operator_rows_scanned": 0,
                    "operator_timing": 0.000003166,
                    "result_set_size": 864,
                    "children": [
                        {
                            "operator_name": "FILTER",
                            "cpu_time": 64.61405071299833,
                            "extra_info": {
                                "Expression": "((count(id) > 5) AND (avg(COALESCE(score, CAST(0 AS INTEGER))) >= 20.0))",
                                "Estimated Cardinality": "126071"
                            },
                            "cumulative_cardinality": 2950488435,
                            "operator_type": "FILTER",
                            "operator_cardinality": 8,
                            "cumulative_rows_scanned": 24026759,
                            "operator_rows_scanned": 0,
                            "operator_timing": 0.007207305000000004,
                            "result_set_size": 928,
                            "children": [
                                {
                                    "operator_name": "HASH_GROUP_BY",
                                    "cpu_time": 64.60684340799834,
                                    "extra_info": {
                                        "Groups": [
                                            "#0",
                                            "#1",
                                            "#2",
                                            "#3",
                                            "#4",
                                            "#5",
                                            "#6"
                                        ],
                                        "Aggregates": [
                                            "count(#7)",
                                            "avg(#8)",
                                            "avg(#9)"
                                        ],
                                        "Estimated Cardinality": "630355"
                                    },
                                    "cumulative_cardinality": 2950488427,
                                    "operator_type": "HASH_GROUP_BY",
                                    "operator_cardinality": 1260710,
                                    "cumulative_rows_scanned": 24026759,
                                    "operator_rows_scanned": 0,
                                    "operator_timing": 0.316799812,
                                    "result_set_size": 146242360,
                                    "children": [
                                        {
                                            "operator_name": "PROJECTION",
                                            "cpu_time": 64.29004359599834,
                                            "extra_info": {
                                                "Projections": [
                                                    "UserId",
                                                    "displayname",
                                                    "TotalPosts",
                                                    "TotalBounty",
                                                    "GoldBadges",
                                                    "SilverBadges",
                                                    "BronzeBadges",
                                                    "id",
                                                    "COALESCE(score, 0)",
                                                    "score"
                                                ],
                                                "Estimated Cardinality": "1260710"
                                            },
                                            "cumulative_cardinality": 2949227717,
                                            "operator_type": "PROJECTION",
                                            "operator_cardinality": 1261227,
                                            "cumulative_rows_scanned": 24026759,
                                            "operator_rows_scanned": 0,
                                            "operator_timing": 0.009733731999999993,
                                            "result_set_size": 131167608,
                                            "children": [
                                                {
                                                    "operator_name": "HASH_JOIN",
                                                    "cpu_time": 64.28030986399834,
                                                    "extra_info": {
                                                        "Join Type": "LEFT",
                                                        "Conditions": "UserId = owneruserid",
                                                        "Estimated Cardinality": "1260710"
                                                    },
                                                    "cumulative_cardinality": 2947966490,
                                                    "operator_type": "HASH_JOIN",
                                                    "operator_cardinality": 1261227,
                                                    "cumulative_rows_scanned": 24026759,
                                                    "operator_rows_scanned": 0,
                                                    "operator_timing": 0.014487272000000027,
                                                    "result_set_size": 126122700,
                                                    "children": [
                                                        {
                                                            "operator_name": "HASH_GROUP_BY",
                                                            "cpu_time": 64.24132764999834,
                                                            "extra_info": {
                                                                "Groups": [
                                                                    "#0",
                                                                    "#1"
                                                                ],
                                                                "Aggregates": [
                                                                    "count(DISTINCT #2)",
                                                                    "sum(#3)",
                                                                    "sum(#4)",
                                                                    "sum(#5)",
                                                                    "sum(#6)"
                                                                ],
                                                                "Estimated Cardinality": "1260710"
                                                            },
                                                            "cumulative_cardinality": 2946700171,
                                                            "operator_type": "HASH_GROUP_BY",
                                                            "operator_cardinality": 1260710,
                                                            "cumulative_rows_scanned": 20176643,
                                                            "operator_rows_scanned": 0,
                                                            "operator_timing": 39.62035537800043,
                                                            "result_set_size": 115985320,
                                                            "children": [
                                                                {
                                                                    "operator_name": "PROJECTION",
                                                                    "cpu_time": 24.620972271997907,
                                                                    "extra_info": {
                                                                        "Projections": [
                                                                            "id",
                                                                            "displayname",
                                                                            "id",
                                                                            "COALESCE(bountyamount, 0)",
                                                                            "CASE  WHEN ((class = 1)) THEN (1) ELSE 0 END",
                                                                            "CASE  WHEN ((class = 2)) THEN (1) ELSE 0 END",
                                                                            "CASE  WHEN ((class = 3)) THEN (1) ELSE 0 END"
                                                                        ],
                                                                        "Estimated Cardinality": "3850116"
                                                                    },
                                                                    "cumulative_cardinality": 2945439461,
                                                                    "operator_type": "PROJECTION",
                                                                    "operator_cardinality": 586338696,
                                                                    "cumulative_rows_scanned": 20176643,
                                                                    "operator_rows_scanned": 0,
                                                                    "operator_timing": 9.037835164999859,
                                                                    "result_set_size": 23453547840,
                                                                    "children": [
                                                                        {
                                                                            "operator_name": "PROJECTION",
                                                                            "cpu_time": 15.58313710699805,
                                                                            "extra_info": {
                                                                                "Projections": [
                                                                                    "#0",
                                                                                    "#1",
                                                                                    "#2",
                                                                                    "#3",
                                                                                    "__internal_decompress_integral_integer(#4, 0)"
                                                                                ],
                                                                                "Estimated Cardinality": "3850116"
                                                                            },
                                                                            "cumulative_cardinality": 2359100765,
                                                                            "operator_type": "PROJECTION",
                                                                            "operator_cardinality": 586338696,
                                                                            "cumulative_rows_scanned": 20176643,
                                                                            "operator_rows_scanned": 0,
                                                                            "operator_timing": 0.24247137899994098,
                                                                            "result_set_size": 17590160880,
                                                                            "children": [
                                                                                {
                                                                                    "operator_name": "HASH_JOIN",
                                                                                    "cpu_time": 15.34066572799811,
                                                                                    "extra_info": {
                                                                                        "Join Type": "LEFT",
                                                                                        "Conditions": "id = postid",
                                                                                        "Estimated Cardinality": "3850116"
                                                                                    },
                                                                                    "cumulative_cardinality": 1772762069,
                                                                                    "operator_type": "HASH_JOIN",
                                                                                    "operator_cardinality": 586338696,
                                                                                    "cumulative_rows_scanned": 20176643,
                                                                                    "operator_rows_scanned": 0,
                                                                                    "operator_timing": 8.264716401998259,
                                                                                    "result_set_size": 16417483488,
                                                                                    "children": [
                                                                                        {
                                                                                            "operator_name": "PROJECTION",
                                                                                            "cpu_time": 6.884985617999851,
                                                                                            "extra_info": {
                                                                                                "Projections": [
                                                                                                    "#0",
                                                                                                    "#1",
                                                                                                    "#2",
                                                                                                    "__internal_decompress_integral_smallint(#3, 1)"
                                                                                                ],
                                                                                                "Estimated Cardinality": "3850116"
                                                                                            },
                                                                                            "cumulative_cardinality": 1186343167,
                                                                                            "operator_type": "PROJECTION",
                                                                                            "operator_cardinality": 586089549,
                                                                                            "cumulative_rows_scanned": 7432550,
                                                                                            "operator_rows_scanned": 0,
                                                                                            "operator_timing": 0.2298458099999826,
                                                                                            "result_set_size": 15238328274,
                                                                                            "children": [
                                                                                                {
                                                                                                    "operator_name": "HASH_JOIN",
                                                                                                    "cpu_time": 6.655139807999868,
                                                                                                    "extra_info": {
                                                                                                        "Join Type": "LEFT",
                                                                                                        "Conditions": "id = userid",
                                                                                                        "Estimated Cardinality": "3850116"
                                                                                                    },
                                                                                                    "cumulative_cardinality": 600253618,
                                                                                                    "operator_type": "HASH_JOIN",
                                                                                                    "operator_cardinality": 586089549,
                                                                                                    "cumulative_rows_scanned": 7432550,
                                                                                                    "operator_rows_scanned": 0,
                                                                                                    "operator_timing": 6.131873169999867,
                                                                                                    "result_set_size": 14652238725,
                                                                                                    "children": [
                                                                                                        {
                                                                                                            "operator_name": "HASH_JOIN",
                                                                                                            "cpu_time": 0.5048856410000003,
                                                                                                            "extra_info": {
                                                                                                                "Join Type": "RIGHT",
                                                                                                                "Conditions": "owneruserid = id",
                                                                                                                "Estimated Cardinality": "3850116"
                                                                                                            },
                                                                                                            "cumulative_cardinality": 9520621,
                                                                                                            "operator_type": "HASH_JOIN",
                                                                                                            "operator_cardinality": 4574495,
                                                                                                            "cumulative_rows_scanned": 5110826,
                                                                                                            "operator_rows_scanned": 0,
                                                                                                            "operator_timing": 0.31924268500000047,
                                                                                                            "result_set_size": 109787880,
                                                                                                            "children": [
                                                                                                                {
                                                                                                                    "operator_name": "READ_PARQUET ",
                                                                                                                    "cpu_time": 0.10844111699999985,
                                                                                                                    "extra_info": {
                                                                                                                        "Function": "READ_PARQUET",
                                                                                                                        "Projections": [
                                                                                                                            "id",
                                                                                                                            "owneruserid"
                                                                                                                        ],
                                                                                                                        "Estimated Cardinality": "3850116"
                                                                                                                    },
                                                                                                                    "cumulative_cardinality": 3685416,
                                                                                                                    "operator_type": "TABLE_SCAN",
                                                                                                                    "operator_cardinality": 3685416,
                                                                                                                    "cumulative_rows_scanned": 3850116,
                                                                                                                    "operator_rows_scanned": 3850116,
                                                                                                                    "operator_timing": 0.10844111699999985,
                                                                                                                    "result_set_size": 29483328,
                                                                                                                    "children": []
                                                                                                                },
                                                                                                                {
                                                                                                                    "operator_name": "READ_PARQUET ",
                                                                                                                    "cpu_time": 0.07720183899999997,
                                                                                                                    "extra_info": {
                                                                                                                        "Function": "READ_PARQUET",
                                                                                                                        "Projections": [
                                                                                                                            "id",
                                                                                                                            "displayname"
                                                                                                                        ],
                                                                                                                        "Estimated Cardinality": "1260710"
                                                                                                                    },
                                                                                                                    "cumulative_cardinality": 1260710,
                                                                                                                    "operator_type": "TABLE_SCAN",
                                                                                                                    "operator_cardinality": 1260710,
                                                                                                                    "cumulative_rows_scanned": 1260710,
                                                                                                                    "operator_rows_scanned": 1260710,
                                                                                                                    "operator_timing": 0.07720183899999997,
                                                                                                                    "result_set_size": 25214200,
                                                                                                                    "children": []
                                                                                                                }
                                                                                                            ]
                                                                                                        },
                                                                                                        {
                                                                                                            "operator_name": "PROJECTION",
                                                                                                            "cpu_time": 0.018380997000000034,
                                                                                                            "extra_info": {
                                                                                                                "Projections": [
                                                                                                                    "#0",
                                                                                                                    "__internal_compress_integral_utinyint(#1, 1)"
                                                                                                                ],
                                                                                                                "Estimated Cardinality": "2321724"
                                                                                                            },
                                                                                                            "cumulative_cardinality": 4643448,
                                                                                                            "operator_type": "PROJECTION",
                                                                                                            "operator_cardinality": 2321724,
                                                                                                            "cumulative_rows_scanned": 2321724,
                                                                                                            "operator_rows_scanned": 0,
                                                                                                            "operator_timing": 0.000600061999999998,
                                                                                                            "result_set_size": 11608620,
                                                                                                            "children": [
                                                                                                                {
                                                                                                                    "operator_name": "READ_PARQUET ",
                                                                                                                    "cpu_time": 0.017780935000000036,
                                                                                                                    "extra_info": {
                                                                                                                        "Function": "READ_PARQUET",
                                                                                                                        "Projections": [
                                                                                                                            "userid",
                                                                                                                            "class"
                                                                                                                        ],
                                                                                                                        "Estimated Cardinality": "2321724"
                                                                                                                    },
                                                                                                                    "cumulative_cardinality": 2321724,
                                                                                                                    "operator_type": "TABLE_SCAN",
                                                                                                                    "operator_cardinality": 2321724,
                                                                                                                    "cumulative_rows_scanned": 2321724,
                                                                                                                    "operator_rows_scanned": 2321724,
                                                                                                                    "operator_timing": 0.017780935000000036,
                                                                                                                    "result_set_size": 13930344,
                                                                                                                    "children": []
                                                                                                                }
                                                                                                            ]
                                                                                                        }
                                                                                                    ]
                                                                                                }
                                                                                            ]
                                                                                        },
                                                                                        {
                                                                                            "operator_name": "PROJECTION",
                                                                                            "cpu_time": 0.1909637080000001,
                                                                                            "extra_info": {
                                                                                                "Projections": [
                                                                                                    "#0",
                                                                                                    "__internal_compress_integral_usmallint(#1, 0)"
                                                                                                ],
                                                                                                "Estimated Cardinality": "2548818"
                                                                                            },
                                                                                            "cumulative_cardinality": 80206,
                                                                                            "operator_type": "PROJECTION",
                                                                                            "operator_cardinality": 40103,
                                                                                            "cumulative_rows_scanned": 12744093,
                                                                                            "operator_rows_scanned": 0,
                                                                                            "operator_timing": 0.002900019000000008,
                                                                                            "result_set_size": 240618,
                                                                                            "children": [
                                                                                                {
                                                                                                    "operator_name": "READ_PARQUET ",
                                                                                                    "cpu_time": 0.1880636890000001,
                                                                                                    "extra_info": {
                                                                                                        "Function": "READ_PARQUET",
                                                                                                        "Projections": [
                                                                                                            "postid",
                                                                                                            "bountyamount"
                                                                                                        ],
                                                                                                        "Filters": "votetypeid=8",
                                                                                                        "Estimated Cardinality": "2548818"
                                                                                                    },
                                                                                                    "cumulative_cardinality": 40103,
                                                                                                    "operator_type": "TABLE_SCAN",
                                                                                                    "operator_cardinality": 40103,
                                                                                                    "cumulative_rows_scanned": 12744093,
                                                                                                    "operator_rows_scanned": 12744093,
                                                                                                    "operator_timing": 0.1880636890000001,
                                                                                                    "result_set_size": 320824,
                                                                                                    "children": []
                                                                                                }
                                                                                            ]
                                                                                        }
                                                                                    ]
                                                                                }
                                                                            ]
                                                                        }
                                                                    ]
                                                                }
                                                            ]
                                                        },
                                                        {
                                                            "operator_name": "PROJECTION",
                                                            "cpu_time": 0.024494941999999995,
                                                            "extra_info": {
                                                                "Projections": [
                                                                    "id",
                                                                    "score",
                                                                    "owneruserid"
                                                                ],
                                                                "Estimated Cardinality": "770023"
                                                            },
                                                            "cumulative_cardinality": 5092,
                                                            "operator_type": "PROJECTION",
                                                            "operator_cardinality": 1273,
                                                            "cumulative_rows_scanned": 3850116,
                                                            "operator_rows_scanned": 0,
                                                            "operator_timing": 0.000001934,
                                                            "result_set_size": 15276,
                                                            "children": [
                                                                {
                                                                    "operator_name": "PROJECTION",
                                                                    "cpu_time": 0.024493007999999997,
                                                                    "extra_info": {
                                                                        "Projections": [
                                                                            "#0",
                                                                            "#1",
                                                                            "#2",
                                                                            "#3",
                                                                            "#4"
                                                                        ],
                                                                        "Estimated Cardinality": "770023"
                                                                    },
                                                                    "cumulative_cardinality": 3819,
                                                                    "operator_type": "PROJECTION",
                                                                    "operator_cardinality": 1273,
                                                                    "cumulative_rows_scanned": 3850116,
                                                                    "operator_rows_scanned": 0,
                                                                    "operator_timing": 0.000003137,
                                                                    "result_set_size": 35644,
                                                                    "children": [
                                                                        {
                                                                            "operator_name": "WINDOW",
                                                                            "cpu_time": 0.024489870999999996,
                                                                            "extra_info": {
                                                                                "Projections": "ROW_NUMBER() OVER (PARTITION BY owneruserid ORDER BY creationdate DESC NULLS LAST)"
                                                                            },
                                                                            "cumulative_cardinality": 2546,
                                                                            "operator_type": "WINDOW",
                                                                            "operator_cardinality": 1273,
                                                                            "cumulative_rows_scanned": 3850116,
                                                                            "operator_rows_scanned": 0,
                                                                            "operator_timing": 0.0011575420000000001,
                                                                            "result_set_size": 35644,
                                                                            "children": [
                                                                                {
                                                                                    "operator_name": "READ_PARQUET ",
                                                                                    "cpu_time": 0.023332328999999995,
                                                                                    "extra_info": {
                                                                                        "Function": "READ_PARQUET",
                                                                                        "Projections": [
                                                                                            "id",
                                                                                            "creationdate",
                                                                                            "score",
                                                                                            "owneruserid"
                                                                                        ],
                                                                                        "Filters": [
                                                                                            "creationdate>='2023-10-01 12:34:56'::TIMESTAMP",
                                                                                            "score>10"
                                                                                        ],
                                                                                        "Estimated Cardinality": "770023"
                                                                                    },
                                                                                    "cumulative_cardinality": 1273,
                                                                                    "operator_type": "TABLE_SCAN",
                                                                                    "operator_cardinality": 1273,
                                                                                    "cumulative_rows_scanned": 3850116,
                                                                                    "operator_rows_scanned": 3850116,
                                                                                    "operator_timing": 0.023332328999999995,
                                                                                    "result_set_size": 25460,
                                                                                    "children": []
                                                                                }
                                                                            ]
                                                                        }
                                                                    ]
                                                                }
                                                            ]
                                                        }
                                                    ]
                                                }
                                            ]
                                        }
                                    ]
                                }
                            ]
                        }
                    ]
                }
            ]
        }
    ]
}