{
    "rows_returned": 100,
    "query_name": "\nWITH RECURSIVE UserBadgeCounts AS (\n    SELECT UserId, COUNT(*) AS BadgeCount\n    FROM Badges\n    GROUP BY UserId\n),\nPostVoteCounts AS (\n    SELECT PostId, \n           SUM(CASE WHEN VoteTypeId = 2 THEN 1 ELSE 0 END) AS UpVotes,\n           SUM(CASE WHEN VoteTypeId = 3 THEN 1 ELSE 0 END) AS DownVotes,\n           COUNT(*) AS TotalVotes\n    FROM Votes\n    GROUP BY PostId\n),\nRecentPosts AS (\n    SELECT p.Id AS PostId, \n           p.Title, \n           p.Score, \n           p.CreationDate,\n           COALESCE(v.UpVotes, 0) AS UpVotes,\n           COALESCE(v.DownVotes, 0) AS DownVotes,\n           COALESCE(bc.BadgeCount, 0) AS UserBadgeCount\n    FROM Posts p\n    LEFT JOIN PostVoteCounts v ON p.Id = v.PostId\n    LEFT JOIN Users u ON p.OwnerUserId = u.Id\n    LEFT JOIN UserBadgeCounts bc ON u.Id = bc.UserId\n    WHERE p.CreationDate >= TIMESTAMP '2024-10-01 12:34:56' - INTERVAL '30 days'\n),\nCloseReasons AS (\n    SELECT ph.PostId, \n           MAX(ph.CreationDate) AS LastCloseDate, \n           STRING_AGG(cr.Name, ', ') AS CloseReasonNames\n    FROM PostHistory ph\n    JOIN CloseReasonTypes cr ON CAST(ph.Comment AS INTEGER) = cr.Id\n    WHERE ph.PostHistoryTypeId = 10\n    GROUP BY ph.PostId\n)\nSELECT rp.PostId, \n       rp.Title,\n       rp.Score, \n       rp.CreationDate, \n       rp.UpVotes, \n       rp.DownVotes, \n       rp.UserBadgeCount,\n       cr.LastCloseDate,\n       cr.CloseReasonNames,\n       CASE \n           WHEN cr.LastCloseDate IS NOT NULL THEN 'Closed'\n           ELSE 'Open'\n       END AS PostStatus\nFROM RecentPosts rp\nLEFT JOIN CloseReasons cr ON rp.PostId = cr.PostId\nORDER BY rp.Score DESC, rp.CreationDate DESC\nLIMIT 100;\n",
    "blocked_thread_time": 0.0,
    "cpu_time": 1.805684121,
    "extra_info": {},
    "cumulative_cardinality": 36479211,
    "cumulative_rows_scanned": 31971899,
    "result_set_size": 11200,
    "latency": 1.993428988,
    "children": [
        {
            "operator_name": "STREAMING_LIMIT",
            "cpu_time": 1.805684121,
            "extra_info": {},
            "cumulative_cardinality": 36479211,
            "operator_type": "STREAMING_LIMIT",
            "operator_cardinality": 100,
            "cumulative_rows_scanned": 31971899,
            "operator_rows_scanned": 0,
            "operator_timing": 0.000001212,
            "result_set_size": 11200,
            "children": [
                {
                    "operator_name": "PROJECTION",
                    "cpu_time": 1.8056829090000002,
                    "extra_info": {
                        "Projections": [
                            "#0",
                            "#1",
                            "__internal_decompress_integral_integer(#2, -72)",
                            "#3",
                            "#4",
                            "#5",
                            "#6",
                            "#7",
                            "#8",
                            "__internal_decompress_string(#9)"
                        ],
                        "Estimated Cardinality": "6372046"
                    },
                    "cumulative_cardinality": 36479111,
                    "operator_type": "PROJECTION",
                    "operator_cardinality": 4096,
                    "cumulative_rows_scanned": 31971899,
                    "operator_rows_scanned": 0,
                    "operator_timing": 0.000038251,
                    "result_set_size": 458752,
                    "children": [
                        {
                            "operator_name": "ORDER_BY",
                            "cpu_time": 1.805644658,
                            "extra_info": {
                                "Order By": [
                                    "rp.Score DESC",
                                    "rp.CreationDate DESC"
                                ]
                            },
                            "cumulative_cardinality": 36475015,
                            "operator_type": "ORDER_BY",
                            "operator_cardinality": 4096,
                            "cumulative_rows_scanned": 31971899,
                            "operator_rows_scanned": 0,
                            "operator_timing": 0.001189464,
                            "result_set_size": 417792,
                            "children": [
                                {
                                    "operator_name": "PROJECTION",
                                    "cpu_time": 1.804455194,
                                    "extra_info": {
                                        "Projections": [
                                            "#0",
                                            "#1",
                                            "__internal_compress_integral_usmallint(#2, -72)",
                                            "#3",
                                            "#4",
                                            "#5",
                                            "#6",
                                            "#7",
                                            "#8",
                                            "__internal_compress_string_ubigint(#9)"
                                        ],
                                        "Estimated Cardinality": "6372046"
                                    },
                                    "cumulative_cardinality": 36470919,
                                    "operator_type": "PROJECTION",
                                    "operator_cardinality": 9927,
                                    "cumulative_rows_scanned": 31971899,
                                    "operator_rows_scanned": 0,
                                    "operator_timing": 0.00006229799999999999,
                                    "result_set_size": 1012554,
                                    "children": [
                                        {
                                            "operator_name": "PROJECTION",
                                            "cpu_time": 1.804392896,
                                            "extra_info": {
                                                "Projections": [
                                                    "PostId",
                                                    "title",
                                                    "score",
                                                    "creationdate",
                                                    "UpVotes",
                                                    "DownVotes",
                                                    "UserBadgeCount",
                                                    "LastCloseDate",
                                                    "CloseReasonNames",
                                                    "PostStatus"
                                                ],
                                                "Estimated Cardinality": "6372046"
                                            },
                                            "cumulative_cardinality": 36460992,
                                            "operator_type": "PROJECTION",
                                            "operator_cardinality": 9927,
                                            "cumulative_rows_scanned": 31971899,
                                            "operator_rows_scanned": 0,
                                            "operator_timing": 0.000063592,
                                            "result_set_size": 1111824,
                                            "children": [
                                                {
                                                    "operator_name": "HASH_JOIN",
                                                    "cpu_time": 1.804329304,
                                                    "extra_info": {
                                                        "Join Type": "LEFT",
                                                        "Conditions": "PostId = postid",
                                                        "Estimated Cardinality": "6372046"
                                                    },
                                                    "cumulative_cardinality": 36451065,
                                                    "operator_type": "HASH_JOIN",
                                                    "operator_cardinality": 9927,
                                                    "cumulative_rows_scanned": 31971899,
                                                    "operator_rows_scanned": 0,
                                                    "operator_timing": 0.007310331000000001,
                                                    "result_set_size": 952992,
                                                    "children": [
                                                        {
                                                            "operator_name": "PROJECTION",
                                                            "cpu_time": 1.2740001229999995,
                                                            "extra_info": {
                                                                "Projections": [
                                                                    "PostId",
                                                                    "title",
                                                                    "score",
                                                                    "creationdate",
                                                                    "UpVotes",
                                                                    "DownVotes",
                                                                    "UserBadgeCount"
                                                                ],
                                                                "Estimated Cardinality": "6372046"
                                                            },
                                                            "cumulative_cardinality": 35956227,
                                                            "operator_type": "PROJECTION",
                                                            "operator_cardinality": 9927,
                                                            "cumulative_rows_scanned": 20176643,
                                                            "operator_rows_scanned": 0,
                                                            "operator_timing": 0.0007276809999999998,
                                                            "result_set_size": 714744,
                                                            "children": [
                                                                {
                                                                    "operator_name": "HASH_JOIN",
                                                                    "cpu_time": 1.2732724419999994,
                                                                    "extra_info": {
                                                                        "Join Type": "LEFT",
                                                                        "Conditions": "id = userid",
                                                                        "Estimated Cardinality": "6372046"
                                                                    },
                                                                    "cumulative_cardinality": 35946300,
                                                                    "operator_type": "HASH_JOIN",
                                                                    "operator_cardinality": 9927,
                                                                    "cumulative_rows_scanned": 20176643,
                                                                    "operator_rows_scanned": 0,
                                                                    "operator_timing": 0.024362433,
                                                                    "result_set_size": 714744,
                                                                    "children": [
                                                                        {
                                                                            "operator_name": "HASH_JOIN",
                                                                            "cpu_time": 1.1760923119999993,
                                                                            "extra_info": {
                                                                                "Join Type": "LEFT",
                                                                                "Conditions": "owneruserid = id",
                                                                                "Estimated Cardinality": "6372046"
                                                                            },
                                                                            "cumulative_cardinality": 30743904,
                                                                            "operator_type": "HASH_JOIN",
                                                                            "operator_cardinality": 9927,
                                                                            "cumulative_rows_scanned": 17854919,
                                                                            "operator_rows_scanned": 0,
                                                                            "operator_timing": 0.053660293000000005,
                                                                            "result_set_size": 675036,
                                                                            "children": [
                                                                                {
                                                                                    "operator_name": "HASH_JOIN",
                                                                                    "cpu_time": 1.1155442539999991,
                                                                                    "extra_info": {
                                                                                        "Join Type": "RIGHT",
                                                                                        "Conditions": "postid = id",
                                                                                        "Estimated Cardinality": "6372046"
                                                                                    },
                                                                                    "cumulative_cardinality": 29473267,
                                                                                    "operator_type": "HASH_JOIN",
                                                                                    "operator_cardinality": 9927,
                                                                                    "cumulative_rows_scanned": 16594209,
                                                                                    "operator_rows_scanned": 0,
                                                                                    "operator_timing": 0.03320832500000002,
                                                                                    "result_set_size": 675036,
                                                                                    "children": [
                                                                                        {
                                                                                            "operator_name": "HASH_GROUP_BY",
                                                                                            "cpu_time": 1.0202124039999991,
                                                                                            "extra_info": {
                                                                                                "Groups": "#0",
                                                                                                "Aggregates": [
                                                                                                    "sum(#1)",
                                                                                                    "sum(#2)"
                                                                                                ],
                                                                                                "Estimated Cardinality": "6372046"
                                                                                            },
                                                                                            "cumulative_cardinality": 29453413,
                                                                                            "operator_type": "HASH_GROUP_BY",
                                                                                            "operator_cardinality": 3965227,
                                                                                            "cumulative_rows_scanned": 12744093,
                                                                                            "operator_rows_scanned": 0,
                                                                                            "operator_timing": 0.7749877759999989,
                                                                                            "result_set_size": 142748172,
                                                                                            "children": [
                                                                                                {
                                                                                                    "operator_name": "PROJECTION",
                                                                                                    "cpu_time": 0.24522462800000022,
                                                                                                    "extra_info": {
                                                                                                        "Projections": [
                                                                                                            "postid",
                                                                                                            "CASE  WHEN ((votetypeid = 2)) THEN (1) ELSE 0 END",
                                                                                                            "CASE  WHEN ((votetypeid = 3)) THEN (1) ELSE 0 END"
                                                                                                        ],
                                                                                                        "Estimated Cardinality": "12744093"
                                                                                                    },
                                                                                                    "cumulative_cardinality": 25488186,
                                                                                                    "operator_type": "PROJECTION",
                                                                                                    "operator_cardinality": 12744093,
                                                                                                    "cumulative_rows_scanned": 12744093,
                                                                                                    "operator_rows_scanned": 0,
                                                                                                    "operator_timing": 0.10234109600000045,
                                                                                                    "result_set_size": 152929116,
                                                                                                    "children": [
                                                                                                        {
                                                                                                            "operator_name": "READ_PARQUET ",
                                                                                                            "cpu_time": 0.14288353199999979,
                                                                                                            "extra_info": {
                                                                                                                "Function": "READ_PARQUET",
                                                                                                                "Projections": [
                                                                                                                    "postid",
                                                                                                                    "votetypeid"
                                                                                                                ],
                                                                                                                "Estimated Cardinality": "12744093"
                                                                                                            },
                                                                                                            "cumulative_cardinality": 12744093,
                                                                                                            "operator_type": "TABLE_SCAN",
                                                                                                            "operator_cardinality": 12744093,
                                                                                                            "cumulative_rows_scanned": 12744093,
                                                                                                            "operator_rows_scanned": 12744093,
                                                                                                            "operator_timing": 0.14288353199999979,
                                                                                                            "result_set_size": 76464558,
                                                                                                            "children": []
                                                                                                        }
                                                                                                    ]
                                                                                                }
                                                                                            ]
                                                                                        },
                                                                                        {
                                                                                            "operator_name": "READ_PARQUET ",
                                                                                            "cpu_time": 0.06212352500000001,
                                                                                            "extra_info": {
                                                                                                "Function": "READ_PARQUET",
                                                                                                "Projections": [
                                                                                                    "id",
                                                                                                    "creationdate",
                                                                                                    "score",
                                                                                                    "owneruserid",
                                                                                                    "title"
                                                                                                ],
                                                                                                "Filters": "creationdate>='2024-09-01 12:34:56'::TIMESTAMP",
                                                                                                "Estimated Cardinality": "770023"
                                                                                            },
                                                                                            "cumulative_cardinality": 9927,
                                                                                            "operator_type": "TABLE_SCAN",
                                                                                            "operator_cardinality": 9927,
                                                                                            "cumulative_rows_scanned": 3850116,
                                                                                            "operator_rows_scanned": 3850116,
                                                                                            "operator_timing": 0.06212352500000001,
                                                                                            "result_set_size": 357372,
                                                                                            "children": []
                                                                                        }
                                                                                    ]
                                                                                },
                                                                                {
                                                                                    "operator_name": "READ_PARQUET ",
                                                                                    "cpu_time": 0.006887765000000012,
                                                                                    "extra_info": {
                                                                                        "Function": "READ_PARQUET",
                                                                                        "Projections": "id",
                                                                                        "Estimated Cardinality": "1260710"
                                                                                    },
                                                                                    "cumulative_cardinality": 1260710,
                                                                                    "operator_type": "TABLE_SCAN",
                                                                                    "operator_cardinality": 1260710,
                                                                                    "cumulative_rows_scanned": 1260710,
                                                                                    "operator_rows_scanned": 1260710,
                                                                                    "operator_timing": 0.006887765000000012,
                                                                                    "result_set_size": 5042840,
                                                                                    "children": []
                                                                                }
                                                                            ]
                                                                        },
                                                                        {
                                                                            "operator_name": "HASH_GROUP_BY",
                                                                            "cpu_time": 0.07281769700000006,
                                                                            "extra_info": {
                                                                                "Groups": "#0",
                                                                                "Aggregates": "count_star()",
                                                                                "Estimated Cardinality": "1160862"
                                                                            },
                                                                            "cumulative_cardinality": 5192469,
                                                                            "operator_type": "HASH_GROUP_BY",
                                                                            "operator_cardinality": 549021,
                                                                            "cumulative_rows_scanned": 2321724,
                                                                            "operator_rows_scanned": 0,
                                                                            "operator_timing": 0.06059384000000007,
                                                                            "result_set_size": 6588252,
                                                                            "children": [
                                                                                {
                                                                                    "operator_name": "PROJECTION",
                                                                                    "cpu_time": 0.012223856999999989,
                                                                                    "extra_info": {
                                                                                        "Projections": "userid",
                                                                                        "Estimated Cardinality": "2321724"
                                                                                    },
                                                                                    "cumulative_cardinality": 4643448,
                                                                                    "operator_type": "PROJECTION",
                                                                                    "operator_cardinality": 2321724,
                                                                                    "cumulative_rows_scanned": 2321724,
                                                                                    "operator_rows_scanned": 0,
                                                                                    "operator_timing": 0.00016775999999999927,
                                                                                    "result_set_size": 9286896,
                                                                                    "children": [
                                                                                        {
                                                                                            "operator_name": "READ_PARQUET ",
                                                                                            "cpu_time": 0.01205609699999999,
                                                                                            "extra_info": {
                                                                                                "Function": "READ_PARQUET",
                                                                                                "Projections": "userid",
                                                                                                "Estimated Cardinality": "2321724"
                                                                                            },
                                                                                            "cumulative_cardinality": 2321724,
                                                                                            "operator_type": "TABLE_SCAN",
                                                                                            "operator_cardinality": 2321724,
                                                                                            "cumulative_rows_scanned": 2321724,
                                                                                            "operator_rows_scanned": 2321724,
                                                                                            "operator_timing": 0.01205609699999999,
                                                                                            "result_set_size": 9286896,
                                                                                            "children": []
                                                                                        }
                                                                                    ]
                                                                                }
                                                                            ]
                                                                        }
                                                                    ]
                                                                }
                                                            ]
                                                        },
                                                        {
                                                            "operator_name": "HASH_GROUP_BY",
                                                            "cpu_time": 0.5230188500000005,
                                                            "extra_info": {
                                                                "Groups": "#0",
                                                                "Aggregates": [
                                                                    "max(#1)",
                                                                    "string_agg(#2)"
                                                                ],
                                                                "Estimated Cardinality": "1179524"
                                                            },
                                                            "cumulative_cardinality": 484911,
                                                            "operator_type": "HASH_GROUP_BY",
                                                            "operator_cardinality": 120507,
                                                            "cumulative_rows_scanned": 11795256,
                                                            "operator_rows_scanned": 0,
                                                            "operator_timing": 0.010100857000000001,
                                                            "result_set_size": 3374196,
                                                            "children": [
                                                                {
                                                                    "operator_name": "PROJECTION",
                                                                    "cpu_time": 0.5129179930000005,
                                                                    "extra_info": {
                                                                        "Projections": [
                                                                            "postid",
                                                                            "creationdate",
                                                                            "name"
                                                                        ],
                                                                        "Estimated Cardinality": "2359048"
                                                                    },
                                                                    "cumulative_cardinality": 364404,
                                                                    "operator_type": "PROJECTION",
                                                                    "operator_cardinality": 121464,
                                                                    "cumulative_rows_scanned": 11795256,
                                                                    "operator_rows_scanned": 0,
                                                                    "operator_timing": 0.000022555000000000007,
                                                                    "result_set_size": 3400992,
                                                                    "children": [
                                                                        {
                                                                            "operator_name": "HASH_JOIN",
                                                                            "cpu_time": 0.5128954380000005,
                                                                            "extra_info": {
                                                                                "Join Type": "INNER",
                                                                                "Conditions": "CAST(comment AS INTEGER) = CAST(id AS INTEGER)",
                                                                                "Estimated Cardinality": "2359048"
                                                                            },
                                                                            "cumulative_cardinality": 242940,
                                                                            "operator_type": "HASH_JOIN",
                                                                            "operator_cardinality": 121464,
                                                                            "cumulative_rows_scanned": 11795256,
                                                                            "operator_rows_scanned": 0,
                                                                            "operator_timing": 0.03139337399999994,
                                                                            "result_set_size": 3400992,
                                                                            "children": [
                                                                                {
                                                                                    "operator_name": "READ_PARQUET ",
                                                                                    "cpu_time": 0.4811879470000006,
                                                                                    "extra_info": {
                                                                                        "Function": "READ_PARQUET",
                                                                                        "Projections": [
                                                                                            "postid",
                                                                                            "creationdate",
                                                                                            "comment"
                                                                                        ],
                                                                                        "Filters": "posthistorytypeid=10",
                                                                                        "Estimated Cardinality": "2359048"
                                                                                    },
                                                                                    "cumulative_cardinality": 121464,
                                                                                    "operator_type": "TABLE_SCAN",
                                                                                    "operator_cardinality": 121464,
                                                                                    "cumulative_rows_scanned": 11795244,
                                                                                    "operator_rows_scanned": 11795244,
                                                                                    "operator_timing": 0.4811879470000006,
                                                                                    "result_set_size": 3400992,
                                                                                    "children": []
                                                                                },
                                                                                {
                                                                                    "operator_name": "READ_PARQUET ",
                                                                                    "cpu_time": 0.000314117,
                                                                                    "extra_info": {
                                                                                        "Function": "READ_PARQUET",
                                                                                        "Projections": [
                                                                                            "id",
                                                                                            "name"
                                                                                        ],
                                                                                        "Estimated Cardinality": "12"
                                                                                    },
                                                                                    "cumulative_cardinality": 12,
                                                                                    "operator_type": "TABLE_SCAN",
                                                                                    "operator_cardinality": 12,
                                                                                    "cumulative_rows_scanned": 12,
                                                                                    "operator_rows_scanned": 12,
                                                                                    "operator_timing": 0.000314117,
                                                                                    "result_set_size": 216,
                                                                                    "children": []
                                                                                }
                                                                            ]
                                                                        }
                                                                    ]
                                                                }
                                                            ]
                                                        }
                                                    ]
                                                }
                                            ]
                                        }
                                    ]
                                }
                            ]
                        }
                    ]
                }
            ]
        }
    ]
}