{
    "rows_returned": 10,
    "query_name": "WITH UserStats AS (\n    SELECT \n        u.Id AS UserId,\n        u.DisplayName,\n        COUNT(DISTINCT p.Id) AS PostCount,\n        SUM(CASE WHEN p.Score > 0 THEN 1 ELSE 0 END) AS PositivePosts,\n        SUM(CASE WHEN p.Score < 0 THEN 1 ELSE 0 END) AS NegativePosts,\n        AVG(u.Reputation) AS AvgReputation,\n        COUNT(DISTINCT b.Id) AS BadgeCount\n    FROM Users u\n    LEFT JOIN Posts p ON u.Id = p.OwnerUserId\n    LEFT JOIN Badges b ON u.Id = b.UserId\n    GROUP BY u.Id, u.DisplayName\n),\nTopUsers AS (\n    SELECT \n        UserId,\n        DisplayName,\n        PostCount,\n        PositivePosts,\n        NegativePosts,\n        AvgReputation,\n        BadgeCount,\n        RANK() OVER (ORDER BY PostCount DESC) AS Rank\n    FROM UserStats\n),\nUserActivity AS (\n    SELECT \n        u.Id AS UserId,\n        COUNT(c.Id) AS CommentCount,\n        COUNT(v.Id) AS VoteCount\n    FROM Users u\n    LEFT JOIN Comments c ON u.Id = c.UserId\n    LEFT JOIN Votes v ON u.Id = v.UserId\n    GROUP BY u.Id\n),\nFinalReport AS (\n    SELECT \n        tu.DisplayName,\n        tu.PostCount,\n        tu.PositivePosts,\n        tu.NegativePosts,\n        uA.CommentCount,\n        uA.VoteCount,\n        tu.AvgReputation,\n        tu.BadgeCount,\n        CASE \n            WHEN tu.AvgReputation IS NULL THEN 'No Reputation'\n            WHEN tu.AvgReputation < 1000 THEN 'Novice'\n            WHEN tu.AvgReputation < 5000 THEN 'Intermediate'\n            ELSE 'Expert'\n        END AS ReputationLevel\n    FROM TopUsers tu\n    JOIN UserActivity uA ON tu.UserId = uA.UserId\n)\nSELECT \n    *,\n    (PostCount + CommentCount + VoteCount) AS TotalEngagement\nFROM FinalReport\nWHERE BadgeCount > 0\nORDER BY TotalEngagement DESC\nLIMIT 10\n;\n",
    "blocked_thread_time": 0.0,
    "cpu_time": 77.34793316600089,
    "extra_info": {},
    "cumulative_cardinality": 1306396739,
    "cumulative_rows_scanned": 28679175,
    "result_set_size": 1120,
    "latency": 88.06886858,
    "children": [
        {
            "operator_name": "STREAMING_LIMIT",
            "cpu_time": 77.34793316600089,
            "extra_info": {},
            "cumulative_cardinality": 1306396739,
            "operator_type": "STREAMING_LIMIT",
            "operator_cardinality": 10,
            "cumulative_rows_scanned": 28679175,
            "operator_rows_scanned": 0,
            "operator_timing": 0.000001393,
            "result_set_size": 1120,
            "children": [
                {
                    "operator_name": "PROJECTION",
                    "cpu_time": 77.34793177300088,
                    "extra_info": {
                        "Projections": [
                            "#0",
                            "#1",
                            "#2",
                            "#3",
                            "#4",
                            "#5",
                            "#6",
                            "#7",
                            "__internal_decompress_string(#8)",
                            "#9"
                        ],
                        "Estimated Cardinality": "252142"
                    },
                    "cumulative_cardinality": 1306396729,
                    "operator_type": "PROJECTION",
                    "operator_cardinality": 4096,
                    "cumulative_rows_scanned": 28679175,
                    "operator_rows_scanned": 0,
                    "operator_timing": 0.000040867,
                    "result_set_size": 458752,
                    "children": [
                        {
                            "operator_name": "ORDER_BY",
                            "cpu_time": 77.34789090600088,
                            "extra_info": {
                                "Order By": "((FinalReport.PostCount + FinalReport.CommentCount) + FinalReport.VoteCount) DESC"
                            },
                            "cumulative_cardinality": 1306392633,
                            "operator_type": "ORDER_BY",
                            "operator_cardinality": 4096,
                            "cumulative_rows_scanned": 28679175,
                            "operator_rows_scanned": 0,
                            "operator_timing": 0.04038889399999999,
                            "result_set_size": 458752,
                            "children": [
                                {
                                    "operator_name": "PROJECTION",
                                    "cpu_time": 77.30750201200088,
                                    "extra_info": {
                                        "Projections": [
                                            "#0",
                                            "#1",
                                            "#2",
                                            "#3",
                                            "#4",
                                            "#5",
                                            "#6",
                                            "#7",
                                            "__internal_compress_string_hugeint(#8)",
                                            "#9"
                                        ],
                                        "Estimated Cardinality": "252142"
                                    },
                                    "cumulative_cardinality": 1306388537,
                                    "operator_type": "PROJECTION",
                                    "operator_cardinality": 549021,
                                    "cumulative_rows_scanned": 28679175,
                                    "operator_rows_scanned": 0,
                                    "operator_timing": 0.0030144829999999975,
                                    "result_set_size": 61490352,
                                    "children": [
                                        {
                                            "operator_name": "PROJECTION",
                                            "cpu_time": 77.30448752900088,
                                            "extra_info": {
                                                "Projections": [
                                                    "displayname",
                                                    "PostCount",
                                                    "PositivePosts",
                                                    "NegativePosts",
                                                    "CommentCount",
                                                    "VoteCount",
                                                    "AvgReputation",
                                                    "BadgeCount",
                                                    "ReputationLevel",
                                                    "TotalEngagement"
                                                ],
                                                "Estimated Cardinality": "252142"
                                            },
                                            "cumulative_cardinality": 1305839516,
                                            "operator_type": "PROJECTION",
                                            "operator_cardinality": 549021,
                                            "cumulative_rows_scanned": 28679175,
                                            "operator_rows_scanned": 0,
                                            "operator_timing": 0.005013872000000005,
                                            "result_set_size": 61490352,
                                            "children": [
                                                {
                                                    "operator_name": "PROJECTION",
                                                    "cpu_time": 77.29947365700087,
                                                    "extra_info": {
                                                        "Projections": [
                                                            "displayname",
                                                            "PostCount",
                                                            "PositivePosts",
                                                            "NegativePosts",
                                                            "CommentCount",
                                                            "VoteCount",
                                                            "AvgReputation",
                                                            "BadgeCount",
                                                            "ReputationLevel"
                                                        ],
                                                        "Estimated Cardinality": "252142"
                                                    },
                                                    "cumulative_cardinality": 1305290495,
                                                    "operator_type": "PROJECTION",
                                                    "operator_cardinality": 549021,
                                                    "cumulative_rows_scanned": 28679175,
                                                    "operator_rows_scanned": 0,
                                                    "operator_timing": 0.005190120999999999,
                                                    "result_set_size": 57098184,
                                                    "children": [
                                                        {
                                                            "operator_name": "HASH_JOIN",
                                                            "cpu_time": 77.29428353600088,
                                                            "extra_info": {
                                                                "Join Type": "INNER",
                                                                "Conditions": "UserId = UserId",
                                                                "Estimated Cardinality": "252142"
                                                            },
                                                            "cumulative_cardinality": 1304741474,
                                                            "operator_type": "HASH_JOIN",
                                                            "operator_cardinality": 549021,
                                                            "cumulative_rows_scanned": 28679175,
                                                            "operator_rows_scanned": 0,
                                                            "operator_timing": 0.09944906500000002,
                                                            "result_set_size": 48313848,
                                                            "children": [
                                                                {
                                                                    "operator_name": "HASH_GROUP_BY",
                                                                    "cpu_time": 3.1753552399999916,
                                                                    "extra_info": {
                                                                        "Groups": "#0",
                                                                        "Aggregates": [
                                                                            "count(#1)",
                                                                            "count(#2)"
                                                                        ],
                                                                        "Estimated Cardinality": "1260710"
                                                                    },
                                                                    "cumulative_cardinality": 115290838,
                                                                    "operator_type": "HASH_GROUP_BY",
                                                                    "operator_cardinality": 1260710,
                                                                    "cumulative_rows_scanned": 21246625,
                                                                    "operator_rows_scanned": 0,
                                                                    "operator_timing": 0.5884538880000031,
                                                                    "result_set_size": 25214200,
                                                                    "children": [
                                                                        {
                                                                            "operator_name": "PROJECTION",
                                                                            "cpu_time": 2.5869013519999884,
                                                                            "extra_info": {
                                                                                "Projections": [
                                                                                    "id",
                                                                                    "id",
                                                                                    "id"
                                                                                ],
                                                                                "Estimated Cardinality": "12744093"
                                                                            },
                                                                            "cumulative_cardinality": 114030128,
                                                                            "operator_type": "PROJECTION",
                                                                            "operator_cardinality": 48930015,
                                                                            "cumulative_rows_scanned": 21246625,
                                                                            "operator_rows_scanned": 0,
                                                                            "operator_timing": 0.004631220999999711,
                                                                            "result_set_size": 587160180,
                                                                            "children": [
                                                                                {
                                                                                    "operator_name": "HASH_JOIN",
                                                                                    "cpu_time": 2.5822701309999885,
                                                                                    "extra_info": {
                                                                                        "Join Type": "RIGHT",
                                                                                        "Conditions": "userid = id",
                                                                                        "Estimated Cardinality": "12744093"
                                                                                    },
                                                                                    "cumulative_cardinality": 65100113,
                                                                                    "operator_type": "HASH_JOIN",
                                                                                    "operator_cardinality": 48930015,
                                                                                    "cumulative_rows_scanned": 21246625,
                                                                                    "operator_rows_scanned": 0,
                                                                                    "operator_timing": 1.9810481739999874,
                                                                                    "result_set_size": 587160180,
                                                                                    "children": [
                                                                                        {
                                                                                            "operator_name": "READ_PARQUET ",
                                                                                            "cpu_time": 0.15953847100000035,
                                                                                            "extra_info": {
                                                                                                "Function": "READ_PARQUET",
                                                                                                "Projections": [
                                                                                                    "id",
                                                                                                    "userid"
                                                                                                ],
                                                                                                "Estimated Cardinality": "12744093"
                                                                                            },
                                                                                            "cumulative_cardinality": 40287,
                                                                                            "operator_type": "TABLE_SCAN",
                                                                                            "operator_cardinality": 40287,
                                                                                            "cumulative_rows_scanned": 12744093,
                                                                                            "operator_rows_scanned": 12744093,
                                                                                            "operator_timing": 0.15953847100000035,
                                                                                            "result_set_size": 322296,
                                                                                            "children": []
                                                                                        },
                                                                                        {
                                                                                            "operator_name": "HASH_JOIN",
                                                                                            "cpu_time": 0.4416834860000005,
                                                                                            "extra_info": {
                                                                                                "Join Type": "RIGHT",
                                                                                                "Conditions": "userid = id",
                                                                                                "Estimated Cardinality": "7241822"
                                                                                            },
                                                                                            "cumulative_cardinality": 16129811,
                                                                                            "operator_type": "HASH_JOIN",
                                                                                            "operator_cardinality": 7938360,
                                                                                            "cumulative_rows_scanned": 8502532,
                                                                                            "operator_rows_scanned": 0,
                                                                                            "operator_timing": 0.28660728800000046,
                                                                                            "result_set_size": 63506880,
                                                                                            "children": [
                                                                                                {
                                                                                                    "operator_name": "READ_PARQUET ",
                                                                                                    "cpu_time": 0.147922399,
                                                                                                    "extra_info": {
                                                                                                        "Function": "READ_PARQUET",
                                                                                                        "Projections": [
                                                                                                            "id",
                                                                                                            "userid"
                                                                                                        ],
                                                                                                        "Estimated Cardinality": "7241822"
                                                                                                    },
                                                                                                    "cumulative_cardinality": 6930741,
                                                                                                    "operator_type": "TABLE_SCAN",
                                                                                                    "operator_cardinality": 6930741,
                                                                                                    "cumulative_rows_scanned": 7241822,
                                                                                                    "operator_rows_scanned": 7241822,
                                                                                                    "operator_timing": 0.147922399,
                                                                                                    "result_set_size": 55445928,
                                                                                                    "children": []
                                                                                                },
                                                                                                {
                                                                                                    "operator_name": "READ_PARQUET ",
                                                                                                    "cpu_time": 0.007153798999999992,
                                                                                                    "extra_info": {
                                                                                                        "Function": "READ_PARQUET",
                                                                                                        "Projections": "id",
                                                                                                        "Estimated Cardinality": "1260710"
                                                                                                    },
                                                                                                    "cumulative_cardinality": 1260710,
                                                                                                    "operator_type": "TABLE_SCAN",
                                                                                                    "operator_cardinality": 1260710,
                                                                                                    "cumulative_rows_scanned": 1260710,
                                                                                                    "operator_rows_scanned": 1260710,
                                                                                                    "operator_timing": 0.007153798999999992,
                                                                                                    "result_set_size": 5042840,
                                                                                                    "children": []
                                                                                                }
                                                                                            ]
                                                                                        }
                                                                                    ]
                                                                                }
                                                                            ]
                                                                        }
                                                                    ]
                                                                },
                                                                {
                                                                    "operator_name": "PROJECTION",
                                                                    "cpu_time": 74.01947923100089,
                                                                    "extra_info": {
                                                                        "Projections": [
                                                                            "#0",
                                                                            "#1",
                                                                            "#2",
                                                                            "#3",
                                                                            "#4",
                                                                            "#5",
                                                                            "#6"
                                                                        ],
                                                                        "Estimated Cardinality": "252142"
                                                                    },
                                                                    "cumulative_cardinality": 1188901615,
                                                                    "operator_type": "PROJECTION",
                                                                    "operator_cardinality": 549021,
                                                                    "cumulative_rows_scanned": 7432550,
                                                                    "operator_rows_scanned": 0,
                                                                    "operator_timing": 0.0002045540000000004,
                                                                    "result_set_size": 41725596,
                                                                    "children": [
                                                                        {
                                                                            "operator_name": "FILTER",
                                                                            "cpu_time": 74.01927467700088,
                                                                            "extra_info": {
                                                                                "Expression": "(BadgeCount > 0)",
                                                                                "Estimated Cardinality": "252142"
                                                                            },
                                                                            "cumulative_cardinality": 1188352594,
                                                                            "operator_type": "FILTER",
                                                                            "operator_cardinality": 549021,
                                                                            "cumulative_rows_scanned": 7432550,
                                                                            "operator_rows_scanned": 0,
                                                                            "operator_timing": 0.004235503,
                                                                            "result_set_size": 46117764,
                                                                            "children": [
                                                                                {
                                                                                    "operator_name": "PROJECTION",
                                                                                    "cpu_time": 74.01503917400088,
                                                                                    "extra_info": {
                                                                                        "Projections": [
                                                                                            "#0",
                                                                                            "#1",
                                                                                            "#2",
                                                                                            "#3",
                                                                                            "#4",
                                                                                            "#5",
                                                                                            "#6",
                                                                                            "#7"
                                                                                        ],
                                                                                        "Estimated Cardinality": "1260710"
                                                                                    },
                                                                                    "cumulative_cardinality": 1187803573,
                                                                                    "operator_type": "PROJECTION",
                                                                                    "operator_cardinality": 1260710,
                                                                                    "cumulative_rows_scanned": 7432550,
                                                                                    "operator_rows_scanned": 0,
                                                                                    "operator_timing": 0.00023850999999999967,
                                                                                    "result_set_size": 105899640,
                                                                                    "children": [
                                                                                        {
                                                                                            "operator_name": "WINDOW",
                                                                                            "cpu_time": 74.01480066400087,
                                                                                            "extra_info": {
                                                                                                "Projections": "RANK() OVER (ORDER BY PostCount DESC NULLS LAST)"
                                                                                            },
                                                                                            "cumulative_cardinality": 1186542863,
                                                                                            "operator_type": "WINDOW",
                                                                                            "operator_cardinality": 1260710,
                                                                                            "cumulative_rows_scanned": 7432550,
                                                                                            "operator_rows_scanned": 0,
                                                                                            "operator_timing": 0.109713738,
                                                                                            "result_set_size": 105899640,
                                                                                            "children": [
                                                                                                {
                                                                                                    "operator_name": "HASH_GROUP_BY",
                                                                                                    "cpu_time": 73.90508692600088,
                                                                                                    "extra_info": {
                                                                                                        "Groups": [
                                                                                                            "#0",
                                                                                                            "#1"
                                                                                                        ],
                                                                                                        "Aggregates": [
                                                                                                            "count(DISTINCT #2)",
                                                                                                            "sum(#3)",
                                                                                                            "sum(#4)",
                                                                                                            "avg(#5)",
                                                                                                            "count(DISTINCT #6)"
                                                                                                        ],
                                                                                                        "Estimated Cardinality": "1260710"
                                                                                                    },
                                                                                                    "cumulative_cardinality": 1185282153,
                                                                                                    "operator_type": "HASH_GROUP_BY",
                                                                                                    "operator_cardinality": 1260710,
                                                                                                    "cumulative_rows_scanned": 7432550,
                                                                                                    "operator_rows_scanned": 0,
                                                                                                    "operator_timing": 61.06650512600099,
                                                                                                    "result_set_size": 95813960,
                                                                                                    "children": [
                                                                                                        {
                                                                                                            "operator_name": "PROJECTION",
                                                                                                            "cpu_time": 12.838581799999888,
                                                                                                            "extra_info": {
                                                                                                                "Projections": [
                                                                                                                    "id",
                                                                                                                    "displayname",
                                                                                                                    "id",
                                                                                                                    "CASE  WHEN ((score > 0)) THEN (1) ELSE 0 END",
                                                                                                                    "CASE  WHEN ((score < 0)) THEN (1) ELSE 0 END",
                                                                                                                    "reputation",
                                                                                                                    "id"
                                                                                                                ],
                                                                                                                "Estimated Cardinality": "3850116"
                                                                                                            },
                                                                                                            "cumulative_cardinality": 1184021443,
                                                                                                            "operator_type": "PROJECTION",
                                                                                                            "operator_cardinality": 586089549,
                                                                                                            "cumulative_rows_scanned": 7432550,
                                                                                                            "operator_rows_scanned": 0,
                                                                                                            "operator_timing": 3.7651938950000683,
                                                                                                            "result_set_size": 23443581960,
                                                                                                            "children": [
                                                                                                                {
                                                                                                                    "operator_name": "HASH_JOIN",
                                                                                                                    "cpu_time": 9.07338790499982,
                                                                                                                    "extra_info": {
                                                                                                                        "Join Type": "LEFT",
                                                                                                                        "Conditions": "id = userid",
                                                                                                                        "Estimated Cardinality": "3850116"
                                                                                                                    },
                                                                                                                    "cumulative_cardinality": 597931894,
                                                                                                                    "operator_type": "HASH_JOIN",
                                                                                                                    "operator_cardinality": 586089549,
                                                                                                                    "cumulative_rows_scanned": 7432550,
                                                                                                                    "operator_rows_scanned": 0,
                                                                                                                    "operator_timing": 8.45088797199982,
                                                                                                                    "result_set_size": 21099223764,
                                                                                                                    "children": [
                                                                                                                        {
                                                                                                                            "operator_name": "HASH_JOIN",
                                                                                                                            "cpu_time": 0.597172860000001,
                                                                                                                            "extra_info": {
                                                                                                                                "Join Type": "RIGHT",
                                                                                                                                "Conditions": "owneruserid = id",
                                                                                                                                "Estimated Cardinality": "3850116"
                                                                                                                            },
                                                                                                                            "cumulative_cardinality": 9520621,
                                                                                                                            "operator_type": "HASH_JOIN",
                                                                                                                            "operator_cardinality": 4574495,
                                                                                                                            "cumulative_rows_scanned": 5110826,
                                                                                                                            "operator_rows_scanned": 0,
                                                                                                                            "operator_timing": 0.35987903100000096,
                                                                                                                            "result_set_size": 146383840,
                                                                                                                            "children": [
                                                                                                                                {
                                                                                                                                    "operator_name": "READ_PARQUET ",
                                                                                                                                    "cpu_time": 0.1515726149999999,
                                                                                                                                    "extra_info": {
                                                                                                                                        "Function": "READ_PARQUET",
                                                                                                                                        "Projections": [
                                                                                                                                            "id",
                                                                                                                                            "score",
                                                                                                                                            "owneruserid"
                                                                                                                                        ],
                                                                                                                                        "Estimated Cardinality": "3850116"
                                                                                                                                    },
                                                                                                                                    "cumulative_cardinality": 3685416,
                                                                                                                                    "operator_type": "TABLE_SCAN",
                                                                                                                                    "operator_cardinality": 3685416,
                                                                                                                                    "cumulative_rows_scanned": 3850116,
                                                                                                                                    "operator_rows_scanned": 3850116,
                                                                                                                                    "operator_timing": 0.1515726149999999,
                                                                                                                                    "result_set_size": 44224992,
                                                                                                                                    "children": []
                                                                                                                                },
                                                                                                                                {
                                                                                                                                    "operator_name": "READ_PARQUET ",
                                                                                                                                    "cpu_time": 0.08572121400000005,
                                                                                                                                    "extra_info": {
                                                                                                                                        "Function": "READ_PARQUET",
                                                                                                                                        "Projections": [
                                                                                                                                            "id",
                                                                                                                                            "reputation",
                                                                                                                                            "displayname"
                                                                                                                                        ],
                                                                                                                                        "Estimated Cardinality": "1260710"
                                                                                                                                    },
                                                                                                                                    "cumulative_cardinality": 1260710,
                                                                                                                                    "operator_type": "TABLE_SCAN",
                                                                                                                                    "operator_cardinality": 1260710,
                                                                                                                                    "cumulative_rows_scanned": 1260710,
                                                                                                                                    "operator_rows_scanned": 1260710,
                                                                                                                                    "operator_timing": 0.08572121400000005,
                                                                                                                                    "result_set_size": 30257040,
                                                                                                                                    "children": []
                                                                                                                                }
                                                                                                                            ]
                                                                                                                        },
                                                                                                                        {
                                                                                                                            "operator_name": "READ_PARQUET ",
                                                                                                                            "cpu_time": 0.02532707299999999,
                                                                                                                            "extra_info": {
                                                                                                                                "Function": "READ_PARQUET",
                                                                                                                                "Projections": [
                                                                                                                                    "id",
                                                                                                                                    "userid"
                                                                                                                                ],
                                                                                                                                "Estimated Cardinality": "2321724"
                                                                                                                            },
                                                                                                                            "cumulative_cardinality": 2321724,
                                                                                                                            "operator_type": "TABLE_SCAN",
                                                                                                                            "operator_cardinality": 2321724,
                                                                                                                            "cumulative_rows_scanned": 2321724,
                                                                                                                            "operator_rows_scanned": 2321724,
                                                                                                                            "operator_timing": 0.02532707299999999,
                                                                                                                            "result_set_size": 18573792,
                                                                                                                            "children": []
                                                                                                                        }
                                                                                                                    ]
                                                                                                                }
                                                                                                            ]
                                                                                                        }
                                                                                                    ]
                                                                                                }
                                                                                            ]
                                                                                        }
                                                                                    ]
                                                                                }
                                                                            ]
                                                                        }
                                                                    ]
                                                                }
                                                            ]
                                                        }
                                                    ]
                                                }
                                            ]
                                        }
                                    ]
                                }
                            ]
                        }
                    ]
                }
            ]
        }
    ]
}