{
    "rows_returned": 0,
    "query_name": "\nWITH UserScore AS (\n    SELECT \n        u.Id AS UserId,\n        u.DisplayName,\n        COALESCE(SUM(CASE WHEN v.VoteTypeId = 2 THEN 1 ELSE 0 END) - SUM(CASE WHEN v.VoteTypeId = 3 THEN 1 ELSE 0 END), 0) AS NetVotes,\n        COALESCE(SUM(CASE WHEN b.Class = 1 THEN 1 ELSE 0 END), 0) AS GoldBadges,\n        COALESCE(SUM(CASE WHEN b.Class = 2 THEN 1 ELSE 0 END), 0) AS SilverBadges,\n        COALESCE(SUM(CASE WHEN b.Class = 3 THEN 1 ELSE 0 END), 0) AS BronzeBadges\n    FROM \n        Users u\n    LEFT JOIN \n        Votes v ON u.Id = v.UserId\n    LEFT JOIN \n        Badges b ON u.Id = b.UserId\n    GROUP BY \n        u.Id, u.DisplayName\n),\nPostEngagement AS (\n    SELECT \n        p.Id AS PostId,\n        p.OwnerUserId,\n        COUNT(c.Id) AS CommentCount,\n        COUNT(DISTINCT p2.Id) AS RelatedPosts\n    FROM \n        Posts p\n    LEFT JOIN \n        Comments c ON p.Id = c.PostId\n    LEFT JOIN \n        PostLinks pl ON p.Id = pl.PostId\n    LEFT JOIN \n        Posts p2 ON pl.RelatedPostId = p2.Id\n    WHERE \n        p.CreationDate >= (CAST('2024-10-01 12:34:56' AS TIMESTAMP) - INTERVAL '30 days')\n    GROUP BY \n        p.Id, p.OwnerUserId\n)\nSELECT \n    us.UserId,\n    us.DisplayName,\n    us.NetVotes,\n    us.GoldBadges,\n    us.SilverBadges,\n    us.BronzeBadges,\n    COALESCE(pe.CommentCount, 0) AS CommentCount,\n    COALESCE(pe.RelatedPosts, 0) AS RelatedPosts\nFROM \n    UserScore us\nLEFT JOIN \n    PostEngagement pe ON us.UserId = pe.OwnerUserId\nWHERE \n    us.NetVotes > 10 \n    AND (us.GoldBadges > 0 OR us.SilverBadges > 2)\nORDER BY \n    us.NetVotes DESC, us.DisplayName ASC\nLIMIT 50;\n",
    "blocked_thread_time": 0.0,
    "cpu_time": 1.5372761760000009,
    "extra_info": {},
    "cumulative_cardinality": 31199867,
    "cumulative_rows_scanned": 31681572,
    "result_set_size": 0,
    "latency": 1.773180299,
    "children": [
        {
            "operator_name": "STREAMING_LIMIT",
            "cpu_time": 1.5372761760000009,
            "extra_info": {},
            "cumulative_cardinality": 31199867,
            "operator_type": "STREAMING_LIMIT",
            "operator_cardinality": 0,
            "cumulative_rows_scanned": 31681572,
            "operator_rows_scanned": 0,
            "operator_timing": 0.0,
            "result_set_size": 0,
            "children": [
                {
                    "operator_name": "ORDER_BY",
                    "cpu_time": 1.5372761760000009,
                    "extra_info": {
                        "Order By": [
                            "us.NetVotes DESC",
                            "us.DisplayName ASC"
                        ]
                    },
                    "cumulative_cardinality": 31199867,
                    "operator_type": "ORDER_BY",
                    "operator_cardinality": 0,
                    "cumulative_rows_scanned": 31681572,
                    "operator_rows_scanned": 0,
                    "operator_timing": 3e-7,
                    "result_set_size": 0,
                    "children": [
                        {
                            "operator_name": "PROJECTION",
                            "cpu_time": 1.537275876000001,
                            "extra_info": {
                                "Projections": [
                                    "UserId",
                                    "displayname",
                                    "NetVotes",
                                    "GoldBadges",
                                    "SilverBadges",
                                    "BronzeBadges",
                                    "CommentCount",
                                    "RelatedPosts"
                                ],
                                "Estimated Cardinality": "3850116"
                            },
                            "cumulative_cardinality": 31199867,
                            "operator_type": "PROJECTION",
                            "operator_cardinality": 0,
                            "cumulative_rows_scanned": 31681572,
                            "operator_rows_scanned": 0,
                            "operator_timing": 0.0,
                            "result_set_size": 0,
                            "children": [
                                {
                                    "operator_name": "HASH_JOIN",
                                    "cpu_time": 1.537275876000001,
                                    "extra_info": {
                                        "Join Type": "RIGHT",
                                        "Conditions": "owneruserid = UserId",
                                        "Estimated Cardinality": "3850116"
                                    },
                                    "cumulative_cardinality": 31199867,
                                    "operator_type": "HASH_JOIN",
                                    "operator_cardinality": 0,
                                    "cumulative_rows_scanned": 31681572,
                                    "operator_rows_scanned": 0,
                                    "operator_timing": 0.000022762,
                                    "result_set_size": 0,
                                    "children": [
                                        {
                                            "operator_name": "PROJECTION",
                                            "cpu_time": 0.26443380399999994,
                                            "extra_info": {
                                                "Projections": [
                                                    "owneruserid",
                                                    "CommentCount",
                                                    "RelatedPosts"
                                                ],
                                                "Estimated Cardinality": "3850116"
                                            },
                                            "cumulative_cardinality": 4400904,
                                            "operator_type": "PROJECTION",
                                            "operator_cardinality": 2048,
                                            "cumulative_rows_scanned": 15355045,
                                            "operator_rows_scanned": 0,
                                            "operator_timing": 7.21e-7,
                                            "result_set_size": 40960,
                                            "children": [
                                                {
                                                    "operator_name": "HASH_GROUP_BY",
                                                    "cpu_time": 0.26443308299999996,
                                                    "extra_info": {
                                                        "Groups": [
                                                            "#0",
                                                            "#1"
                                                        ],
                                                        "Aggregates": [
                                                            "count(#2)",
                                                            "count(DISTINCT #3)"
                                                        ],
                                                        "Estimated Cardinality": "3850116"
                                                    },
                                                    "cumulative_cardinality": 4398856,
                                                    "operator_type": "HASH_GROUP_BY",
                                                    "operator_cardinality": 2048,
                                                    "cumulative_rows_scanned": 15355045,
                                                    "operator_rows_scanned": 0,
                                                    "operator_timing": 0.002123596,
                                                    "result_set_size": 49152,
                                                    "children": [
                                                        {
                                                            "operator_name": "PROJECTION",
                                                            "cpu_time": 0.26230948699999995,
                                                            "extra_info": {
                                                                "Projections": [
                                                                    "id",
                                                                    "owneruserid",
                                                                    "id",
                                                                    "id"
                                                                ],
                                                                "Estimated Cardinality": "7241822"
                                                            },
                                                            "cumulative_cardinality": 4396808,
                                                            "operator_type": "PROJECTION",
                                                            "operator_cardinality": 26815,
                                                            "cumulative_rows_scanned": 15355045,
                                                            "operator_rows_scanned": 0,
                                                            "operator_timing": 0.000013111999999999999,
                                                            "result_set_size": 429040,
                                                            "children": [
                                                                {
                                                                    "operator_name": "HASH_JOIN",
                                                                    "cpu_time": 0.26229637499999997,
                                                                    "extra_info": {
                                                                        "Join Type": "LEFT",
                                                                        "Conditions": "relatedpostid = id",
                                                                        "Estimated Cardinality": "7241822"
                                                                    },
                                                                    "cumulative_cardinality": 4369993,
                                                                    "operator_type": "HASH_JOIN",
                                                                    "operator_cardinality": 26815,
                                                                    "cumulative_rows_scanned": 15355045,
                                                                    "operator_rows_scanned": 0,
                                                                    "operator_timing": 0.1834468660000001,
                                                                    "result_set_size": 429040,
                                                                    "children": [
                                                                        {
                                                                            "operator_name": "HASH_JOIN",
                                                                            "cpu_time": 0.057748375,
                                                                            "extra_info": {
                                                                                "Join Type": "LEFT",
                                                                                "Conditions": "id = postid",
                                                                                "Estimated Cardinality": "7241822"
                                                                            },
                                                                            "cumulative_cardinality": 493062,
                                                                            "operator_type": "HASH_JOIN",
                                                                            "operator_cardinality": 26815,
                                                                            "cumulative_rows_scanned": 11504929,
                                                                            "operator_rows_scanned": 0,
                                                                            "operator_timing": 0.019748939999999996,
                                                                            "result_set_size": 429040,
                                                                            "children": [
                                                                                {
                                                                                    "operator_name": "HASH_JOIN",
                                                                                    "cpu_time": 0.033298643,
                                                                                    "extra_info": {
                                                                                        "Join Type": "RIGHT",
                                                                                        "Conditions": "postid = id",
                                                                                        "Estimated Cardinality": "7241822"
                                                                                    },
                                                                                    "cumulative_cardinality": 53256,
                                                                                    "operator_type": "HASH_JOIN",
                                                                                    "operator_cardinality": 23844,
                                                                                    "cumulative_rows_scanned": 11091938,
                                                                                    "operator_rows_scanned": 0,
                                                                                    "operator_timing": 0.0015552989999999996,
                                                                                    "result_set_size": 286128,
                                                                                    "children": [
                                                                                        {
                                                                                            "operator_name": "READ_PARQUET ",
                                                                                            "cpu_time": 0.012663578,
                                                                                            "extra_info": {
                                                                                                "Function": "READ_PARQUET",
                                                                                                "Projections": [
                                                                                                    "id",
                                                                                                    "postid"
                                                                                                ],
                                                                                                "Estimated Cardinality": "7241822"
                                                                                            },
                                                                                            "cumulative_cardinality": 19485,
                                                                                            "operator_type": "TABLE_SCAN",
                                                                                            "operator_cardinality": 19485,
                                                                                            "cumulative_rows_scanned": 7241822,
                                                                                            "operator_rows_scanned": 7241822,
                                                                                            "operator_timing": 0.012663578,
                                                                                            "result_set_size": 155880,
                                                                                            "children": []
                                                                                        },
                                                                                        {
                                                                                            "operator_name": "READ_PARQUET ",
                                                                                            "cpu_time": 0.019079766,
                                                                                            "extra_info": {
                                                                                                "Function": "READ_PARQUET",
                                                                                                "Projections": [
                                                                                                    "id",
                                                                                                    "owneruserid"
                                                                                                ],
                                                                                                "Filters": "creationdate>='2024-09-01 12:34:56'::TIMESTAMP",
                                                                                                "Estimated Cardinality": "770023"
                                                                                            },
                                                                                            "cumulative_cardinality": 9927,
                                                                                            "operator_type": "TABLE_SCAN",
                                                                                            "operator_cardinality": 9927,
                                                                                            "cumulative_rows_scanned": 3850116,
                                                                                            "operator_rows_scanned": 3850116,
                                                                                            "operator_timing": 0.019079766,
                                                                                            "result_set_size": 79416,
                                                                                            "children": []
                                                                                        }
                                                                                    ]
                                                                                },
                                                                                {
                                                                                    "operator_name": "READ_PARQUET ",
                                                                                    "cpu_time": 0.004700792000000001,
                                                                                    "extra_info": {
                                                                                        "Function": "READ_PARQUET",
                                                                                        "Projections": [
                                                                                            "postid",
                                                                                            "relatedpostid"
                                                                                        ],
                                                                                        "Estimated Cardinality": "412991"
                                                                                    },
                                                                                    "cumulative_cardinality": 412991,
                                                                                    "operator_type": "TABLE_SCAN",
                                                                                    "operator_cardinality": 412991,
                                                                                    "cumulative_rows_scanned": 412991,
                                                                                    "operator_rows_scanned": 412991,
                                                                                    "operator_timing": 0.004700792000000001,
                                                                                    "result_set_size": 3303928,
                                                                                    "children": []
                                                                                }
                                                                            ]
                                                                        },
                                                                        {
                                                                            "operator_name": "READ_PARQUET ",
                                                                            "cpu_time": 0.021101133999999896,
                                                                            "extra_info": {
                                                                                "Function": "READ_PARQUET",
                                                                                "Projections": "id",
                                                                                "Estimated Cardinality": "3850116"
                                                                            },
                                                                            "cumulative_cardinality": 3850116,
                                                                            "operator_type": "TABLE_SCAN",
                                                                            "operator_cardinality": 3850116,
                                                                            "cumulative_rows_scanned": 3850116,
                                                                            "operator_rows_scanned": 3850116,
                                                                            "operator_timing": 0.021101133999999896,
                                                                            "result_set_size": 15400464,
                                                                            "children": []
                                                                        }
                                                                    ]
                                                                }
                                                            ]
                                                        }
                                                    ]
                                                }
                                            ]
                                        },
                                        {
                                            "operator_name": "PROJECTION",
                                            "cpu_time": 1.272819310000001,
                                            "extra_info": {
                                                "Projections": [
                                                    "UserId",
                                                    "displayname",
                                                    "NetVotes",
                                                    "GoldBadges",
                                                    "SilverBadges",
                                                    "BronzeBadges"
                                                ],
                                                "Estimated Cardinality": "252142"
                                            },
                                            "cumulative_cardinality": 26798963,
                                            "operator_type": "PROJECTION",
                                            "operator_cardinality": 0,
                                            "cumulative_rows_scanned": 16326527,
                                            "operator_rows_scanned": 0,
                                            "operator_timing": 0.0,
                                            "result_set_size": 0,
                                            "children": [
                                                {
                                                    "operator_name": "FILTER",
                                                    "cpu_time": 1.272819310000001,
                                                    "extra_info": {
                                                        "Expression": "(((COALESCE(sum(CASE  WHEN ((class = CAST(1 AS SMALLINT))) THEN (CAST(1 AS INTEGER)) ELSE CAST(0 AS INTEGER) END), 0) > 0) OR (COALESCE(sum(CASE  WHEN ((class = CAST(2 AS SMALLINT))) THEN (CAST(1 AS INTEGER)) ELSE CAST(0 AS INTEGER) END), 0) > 2)) AND (COALESCE((sum(CASE  WHEN ((votetypeid = CAST(2 AS SMALLINT))) THEN (CAST(1 AS INTEGER)) ELSE CAST(0 AS INTEGER) END) - sum(CASE  WHEN ((votetypeid = CAST(3 AS SMALLINT))) THEN (CAST(1 AS INTEGER)) ELSE CAST(0 AS INTEGER) END)), 0) > 10))",
                                                        "Estimated Cardinality": "252142"
                                                    },
                                                    "cumulative_cardinality": 26798963,
                                                    "operator_type": "FILTER",
                                                    "operator_cardinality": 0,
                                                    "cumulative_rows_scanned": 16326527,
                                                    "operator_rows_scanned": 0,
                                                    "operator_timing": 0.029760928000000013,
                                                    "result_set_size": 0,
                                                    "children": [
                                                        {
                                                            "operator_name": "HASH_GROUP_BY",
                                                            "cpu_time": 1.243058382000001,
                                                            "extra_info": {
                                                                "Groups": [
                                                                    "#0",
                                                                    "#1"
                                                                ],
                                                                "Aggregates": [
                                                                    "sum(#2)",
                                                                    "sum(#3)",
                                                                    "sum(#4)",
                                                                    "sum(#5)",
                                                                    "sum(#6)"
                                                                ],
                                                                "Estimated Cardinality": "1260710"
                                                            },
                                                            "cumulative_cardinality": 26798963,
                                                            "operator_type": "HASH_GROUP_BY",
                                                            "operator_cardinality": 1260710,
                                                            "cumulative_rows_scanned": 16326527,
                                                            "operator_rows_scanned": 0,
                                                            "operator_timing": 0.6455807640000002,
                                                            "result_set_size": 126071000,
                                                            "children": [
                                                                {
                                                                    "operator_name": "PROJECTION",
                                                                    "cpu_time": 0.5974776180000008,
                                                                    "extra_info": {
                                                                        "Projections": [
                                                                            "id",
                                                                            "displayname",
                                                                            "CASE  WHEN ((votetypeid = 2)) THEN (1) ELSE 0 END",
                                                                            "CASE  WHEN ((votetypeid = 3)) THEN (1) ELSE 0 END",
                                                                            "CASE  WHEN ((class = 1)) THEN (1) ELSE 0 END",
                                                                            "CASE  WHEN ((class = 2)) THEN (1) ELSE 0 END",
                                                                            "CASE  WHEN ((class = 3)) THEN (1) ELSE 0 END"
                                                                        ],
                                                                        "Estimated Cardinality": "12744093"
                                                                    },
                                                                    "cumulative_cardinality": 25538253,
                                                                    "operator_type": "PROJECTION",
                                                                    "operator_cardinality": 6101651,
                                                                    "cumulative_rows_scanned": 16326527,
                                                                    "operator_rows_scanned": 0,
                                                                    "operator_timing": 0.053553521000000014,
                                                                    "result_set_size": 244066040,
                                                                    "children": [
                                                                        {
                                                                            "operator_name": "PROJECTION",
                                                                            "cpu_time": 0.5439240970000008,
                                                                            "extra_info": {
                                                                                "Projections": [
                                                                                    "#0",
                                                                                    "#1",
                                                                                    "#2",
                                                                                    "__internal_decompress_integral_smallint(#3, 1)"
                                                                                ],
                                                                                "Estimated Cardinality": "12744093"
                                                                            },
                                                                            "cumulative_cardinality": 19436602,
                                                                            "operator_type": "PROJECTION",
                                                                            "operator_cardinality": 6101651,
                                                                            "cumulative_rows_scanned": 16326527,
                                                                            "operator_rows_scanned": 0,
                                                                            "operator_timing": 0.002863279000000006,
                                                                            "result_set_size": 146439624,
                                                                            "children": [
                                                                                {
                                                                                    "operator_name": "HASH_JOIN",
                                                                                    "cpu_time": 0.5410608180000007,
                                                                                    "extra_info": {
                                                                                        "Join Type": "LEFT",
                                                                                        "Conditions": "id = userid",
                                                                                        "Estimated Cardinality": "12744093"
                                                                                    },
                                                                                    "cumulative_cardinality": 13334951,
                                                                                    "operator_type": "HASH_JOIN",
                                                                                    "operator_cardinality": 6101651,
                                                                                    "cumulative_rows_scanned": 16326527,
                                                                                    "operator_rows_scanned": 0,
                                                                                    "operator_timing": 0.2015078049999999,
                                                                                    "result_set_size": 140337973,
                                                                                    "children": [
                                                                                        {
                                                                                            "operator_name": "HASH_JOIN",
                                                                                            "cpu_time": 0.3225801090000008,
                                                                                            "extra_info": {
                                                                                                "Join Type": "RIGHT",
                                                                                                "Conditions": "userid = id",
                                                                                                "Estimated Cardinality": "12744093"
                                                                                            },
                                                                                            "cumulative_cardinality": 2589852,
                                                                                            "operator_type": "HASH_JOIN",
                                                                                            "operator_cardinality": 1288855,
                                                                                            "cumulative_rows_scanned": 14004803,
                                                                                            "operator_rows_scanned": 0,
                                                                                            "operator_timing": 0.1084711010000009,
                                                                                            "result_set_size": 28354810,
                                                                                            "children": [
                                                                                                {
                                                                                                    "operator_name": "READ_PARQUET ",
                                                                                                    "cpu_time": 0.13744521199999982,
                                                                                                    "extra_info": {
                                                                                                        "Function": "READ_PARQUET",
                                                                                                        "Projections": [
                                                                                                            "votetypeid",
                                                                                                            "userid"
                                                                                                        ],
                                                                                                        "Estimated Cardinality": "12744093"
                                                                                                    },
                                                                                                    "cumulative_cardinality": 40287,
                                                                                                    "operator_type": "TABLE_SCAN",
                                                                                                    "operator_cardinality": 40287,
                                                                                                    "cumulative_rows_scanned": 12744093,
                                                                                                    "operator_rows_scanned": 12744093,
                                                                                                    "operator_timing": 0.13744521199999982,
                                                                                                    "result_set_size": 241722,
                                                                                                    "children": []
                                                                                                },
                                                                                                {
                                                                                                    "operator_name": "READ_PARQUET ",
                                                                                                    "cpu_time": 0.07666379600000006,
                                                                                                    "extra_info": {
                                                                                                        "Function": "READ_PARQUET",
                                                                                                        "Projections": [
                                                                                                            "id",
                                                                                                            "displayname"
                                                                                                        ],
                                                                                                        "Estimated Cardinality": "1260710"
                                                                                                    },
                                                                                                    "cumulative_cardinality": 1260710,
                                                                                                    "operator_type": "TABLE_SCAN",
                                                                                                    "operator_cardinality": 1260710,
                                                                                                    "cumulative_rows_scanned": 1260710,
                                                                                                    "operator_rows_scanned": 1260710,
                                                                                                    "operator_timing": 0.07666379600000006,
                                                                                                    "result_set_size": 25214200,
                                                                                                    "children": []
                                                                                                }
                                                                                            ]
                                                                                        },
                                                                                        {
                                                                                            "operator_name": "PROJECTION",
                                                                                            "cpu_time": 0.016972904000000025,
                                                                                            "extra_info": {
                                                                                                "Projections": [
                                                                                                    "#0",
                                                                                                    "__internal_compress_integral_utinyint(#1, 1)"
                                                                                                ],
                                                                                                "Estimated Cardinality": "2321724"
                                                                                            },
                                                                                            "cumulative_cardinality": 4643448,
                                                                                            "operator_type": "PROJECTION",
                                                                                            "operator_cardinality": 2321724,
                                                                                            "cumulative_rows_scanned": 2321724,
                                                                                            "operator_rows_scanned": 0,
                                                                                            "operator_timing": 0.0006153620000000008,
                                                                                            "result_set_size": 11608620,
                                                                                            "children": [
                                                                                                {
                                                                                                    "operator_name": "READ_PARQUET ",
                                                                                                    "cpu_time": 0.016357542000000024,
                                                                                                    "extra_info": {
                                                                                                        "Function": "READ_PARQUET",
                                                                                                        "Projections": [
                                                                                                            "userid",
                                                                                                            "class"
                                                                                                        ],
                                                                                                        "Estimated Cardinality": "2321724"
                                                                                                    },
                                                                                                    "cumulative_cardinality": 2321724,
                                                                                                    "operator_type": "TABLE_SCAN",
                                                                                                    "operator_cardinality": 2321724,
                                                                                                    "cumulative_rows_scanned": 2321724,
                                                                                                    "operator_rows_scanned": 2321724,
                                                                                                    "operator_timing": 0.016357542000000024,
                                                                                                    "result_set_size": 13930344,
                                                                                                    "children": []
                                                                                                }
                                                                                            ]
                                                                                        }
                                                                                    ]
                                                                                }
                                                                            ]
                                                                        }
                                                                    ]
                                                                }
                                                            ]
                                                        }
                                                    ]
                                                }
                                            ]
                                        }
                                    ]
                                }
                            ]
                        }
                    ]
                }
            ]
        }
    ]
}