{
    "rows_returned": 1720,
    "query_name": "\nWITH RECURSIVE UserReputation AS (\n    SELECT \n        u.Id,\n        u.DisplayName,\n        u.Reputation,\n        u.CreationDate,\n        0 AS Level\n    FROM Users u\n    WHERE u.Reputation IS NOT NULL\n\n    UNION ALL\n\n    SELECT \n        u.Id,\n        u.DisplayName,\n        u.Reputation,\n        u.CreationDate,\n        ur.Level + 1\n    FROM Users u\n    JOIN UserReputation ur ON u.Id = ur.Id\n    WHERE ur.Level < 2\n),\n\nPostStats AS (\n    SELECT \n        p.OwnerUserId,\n        COUNT(p.Id) AS PostCount,\n        SUM(CASE WHEN p.Score > 0 THEN 1 ELSE 0 END) AS PositivePosts,\n        SUM(CASE WHEN p.Score < 0 THEN 1 ELSE 0 END) AS NegativePosts,\n        AVG(v.BountyAmount) AS AverageBounty\n    FROM Posts p\n    LEFT JOIN Votes v ON p.Id = v.PostId AND v.VoteTypeId IN (8, 9)\n    GROUP BY p.OwnerUserId\n),\n\nUserBadgeSummary AS (\n    SELECT \n        b.UserId,\n        COUNT(CASE WHEN b.Class = 1 THEN 1 END) AS GoldBadges,\n        COUNT(CASE WHEN b.Class = 2 THEN 1 END) AS SilverBadges,\n        COUNT(CASE WHEN b.Class = 3 THEN 1 END) AS BronzeBadges\n    FROM Badges b\n    GROUP BY b.UserId\n),\n\nFilteredPosts AS (\n    SELECT \n        p.Id,\n        p.OwnerUserId,\n        p.Title,\n        p.CreationDate,\n        p.ViewCount,\n        COALESCE(ct.Name, 'Other') AS CloseReason,\n        ROW_NUMBER() OVER (PARTITION BY p.OwnerUserId ORDER BY p.CreationDate DESC) AS rn\n    FROM Posts p\n    LEFT JOIN PostHistory ph ON p.Id = ph.PostId AND ph.PostHistoryTypeId IN (10, 11)\n    LEFT JOIN CloseReasonTypes ct ON ph.Comment::integer = ct.Id\n    WHERE p.CreationDate >= CAST('2024-10-01 12:34:56' AS timestamp) - INTERVAL '1 year' \n)\n\nSELECT \n    u.DisplayName,\n    u.Reputation,\n    u.CreationDate,\n    us.PostCount,\n    us.PositivePosts,\n    us.NegativePosts,\n    us.AverageBounty,\n    ubs.GoldBadges,\n    ubs.SilverBadges,\n    ubs.BronzeBadges,\n    COUNT(f.Id) AS RecentPostsWithCloseReasons\nFROM Users u\nJOIN PostStats us ON u.Id = us.OwnerUserId\nJOIN UserBadgeSummary ubs ON u.Id = ubs.UserId\nLEFT JOIN FilteredPosts f ON u.Id = f.OwnerUserId\nWHERE u.Reputation > 1000\nGROUP BY \n    u.DisplayName, \n    u.Reputation, \n    u.CreationDate, \n    us.PostCount, \n    us.PositivePosts, \n    us.NegativePosts, \n    us.AverageBounty, \n    ubs.GoldBadges, \n    ubs.SilverBadges, \n    ubs.BronzeBadges\nHAVING COUNT(f.Id) > 5\nORDER BY u.Reputation DESC;\n",
    "blocked_thread_time": 0.0,
    "cpu_time": 2.4005299270000022,
    "extra_info": {},
    "cumulative_cardinality": 25312297,
    "cumulative_rows_scanned": 35822015,
    "result_set_size": 185760,
    "latency": 2.681787582,
    "children": [
        {
            "operator_name": "ORDER_BY",
            "cpu_time": 2.4005299270000022,
            "extra_info": {
                "Order By": "u.Reputation DESC"
            },
            "cumulative_cardinality": 25312297,
            "operator_type": "ORDER_BY",
            "operator_cardinality": 1720,
            "cumulative_rows_scanned": 35822015,
            "operator_rows_scanned": 0,
            "operator_timing": 0.00018598699999999998,
            "result_set_size": 185760,
            "children": [
                {
                    "operator_name": "FILTER",
                    "cpu_time": 2.400343940000002,
                    "extra_info": {
                        "Expression": "(count(id) > 5)",
                        "Estimated Cardinality": "252142"
                    },
                    "cumulative_cardinality": 25310577,
                    "operator_type": "FILTER",
                    "operator_cardinality": 1720,
                    "cumulative_rows_scanned": 35822015,
                    "operator_rows_scanned": 0,
                    "operator_timing": 0.00010635,
                    "result_set_size": 185760,
                    "children": [
                        {
                            "operator_name": "HASH_GROUP_BY",
                            "cpu_time": 2.4002375900000024,
                            "extra_info": {
                                "Groups": [
                                    "#0",
                                    "#1",
                                    "#2",
                                    "#3",
                                    "#4",
                                    "#5",
                                    "#6",
                                    "#7",
                                    "#8",
                                    "#9"
                                ],
                                "Aggregates": "count(#10)",
                                "Estimated Cardinality": "1260710"
                            },
                            "cumulative_cardinality": 25308857,
                            "operator_type": "HASH_GROUP_BY",
                            "operator_cardinality": 11214,
                            "cumulative_rows_scanned": 35822015,
                            "operator_rows_scanned": 0,
                            "operator_timing": 0.008230034999999997,
                            "result_set_size": 1211112,
                            "children": [
                                {
                                    "operator_name": "PROJECTION",
                                    "cpu_time": 2.3920075550000024,
                                    "extra_info": {
                                        "Projections": [
                                            "displayname",
                                            "reputation",
                                            "creationdate",
                                            "PostCount",
                                            "PositivePosts",
                                            "NegativePosts",
                                            "AverageBounty",
                                            "GoldBadges",
                                            "SilverBadges",
                                            "BronzeBadges",
                                            "id"
                                        ],
                                        "Estimated Cardinality": "2359048"
                                    },
                                    "cumulative_cardinality": 25297643,
                                    "operator_type": "PROJECTION",
                                    "operator_cardinality": 79977,
                                    "cumulative_rows_scanned": 35822015,
                                    "operator_rows_scanned": 0,
                                    "operator_timing": 0.000045461999999999986,
                                    "result_set_size": 8317608,
                                    "children": [
                                        {
                                            "operator_name": "HASH_JOIN",
                                            "cpu_time": 2.3919620930000023,
                                            "extra_info": {
                                                "Join Type": "RIGHT",
                                                "Conditions": "owneruserid = id",
                                                "Estimated Cardinality": "2359048"
                                            },
                                            "cumulative_cardinality": 25217666,
                                            "operator_type": "HASH_JOIN",
                                            "operator_cardinality": 79977,
                                            "cumulative_rows_scanned": 35822015,
                                            "operator_rows_scanned": 0,
                                            "operator_timing": 0.006180265000000001,
                                            "result_set_size": 8317608,
                                            "children": [
                                                {
                                                    "operator_name": "PROJECTION",
                                                    "cpu_time": 0.12030634299999998,
                                                    "extra_info": {
                                                        "Projections": [
                                                            "id",
                                                            "owneruserid"
                                                        ],
                                                        "Estimated Cardinality": "2359048"
                                                    },
                                                    "cumulative_cardinality": 887046,
                                                    "operator_type": "PROJECTION",
                                                    "operator_cardinality": 146495,
                                                    "cumulative_rows_scanned": 15645372,
                                                    "operator_rows_scanned": 0,
                                                    "operator_timing": 0.000014881000000000016,
                                                    "result_set_size": 1171960,
                                                    "children": [
                                                        {
                                                            "operator_name": "PROJECTION",
                                                            "cpu_time": 0.12029146199999999,
                                                            "extra_info": {
                                                                "Projections": [
                                                                    "#0",
                                                                    "#1",
                                                                    "#2",
                                                                    "#3",
                                                                    "#4"
                                                                ],
                                                                "Estimated Cardinality": "2359048"
                                                            },
                                                            "cumulative_cardinality": 740551,
                                                            "operator_type": "PROJECTION",
                                                            "operator_cardinality": 146495,
                                                            "cumulative_rows_scanned": 15645372,
                                                            "operator_rows_scanned": 0,
                                                            "operator_timing": 0.00002519600000000001,
                                                            "result_set_size": 3808870,
                                                            "children": [
                                                                {
                                                                    "operator_name": "WINDOW",
                                                                    "cpu_time": 0.12026626599999998,
                                                                    "extra_info": {
                                                                        "Projections": "ROW_NUMBER() OVER (PARTITION BY owneruserid ORDER BY creationdate DESC NULLS LAST)"
                                                                    },
                                                                    "cumulative_cardinality": 594056,
                                                                    "operator_type": "WINDOW",
                                                                    "operator_cardinality": 146495,
                                                                    "cumulative_rows_scanned": 15645372,
                                                                    "operator_rows_scanned": 0,
                                                                    "operator_timing": 0.03283767,
                                                                    "result_set_size": 3808870,
                                                                    "children": [
                                                                        {
                                                                            "operator_name": "HASH_JOIN",
                                                                            "cpu_time": 0.08742859599999998,
                                                                            "extra_info": {
                                                                                "Join Type": "LEFT",
                                                                                "Conditions": "CAST(comment AS INTEGER) = CAST(id AS INTEGER)",
                                                                                "Estimated Cardinality": "2359048"
                                                                            },
                                                                            "cumulative_cardinality": 447561,
                                                                            "operator_type": "HASH_JOIN",
                                                                            "operator_cardinality": 146495,
                                                                            "cumulative_rows_scanned": 15645372,
                                                                            "operator_rows_scanned": 0,
                                                                            "operator_timing": 0.0009319599999999998,
                                                                            "result_set_size": 2636910,
                                                                            "children": [
                                                                                {
                                                                                    "operator_name": "HASH_JOIN",
                                                                                    "cpu_time": 0.08616690999999999,
                                                                                    "extra_info": {
                                                                                        "Join Type": "RIGHT",
                                                                                        "Conditions": "postid = id",
                                                                                        "Estimated Cardinality": "2359048"
                                                                                    },
                                                                                    "cumulative_cardinality": 301054,
                                                                                    "operator_type": "HASH_JOIN",
                                                                                    "operator_cardinality": 146495,
                                                                                    "cumulative_rows_scanned": 15645360,
                                                                                    "operator_rows_scanned": 0,
                                                                                    "operator_timing": 0.008948627999999998,
                                                                                    "result_set_size": 4687840,
                                                                                    "children": [
                                                                                        {
                                                                                            "operator_name": "READ_PARQUET ",
                                                                                            "cpu_time": 0.05133709499999999,
                                                                                            "extra_info": {
                                                                                                "Function": "READ_PARQUET",
                                                                                                "Projections": [
                                                                                                    "postid",
                                                                                                    "comment"
                                                                                                ],
                                                                                                "Filters": "posthistorytypeid>=10 AND posthistorytypeid<=11",
                                                                                                "Estimated Cardinality": "2359048"
                                                                                            },
                                                                                            "cumulative_cardinality": 9017,
                                                                                            "operator_type": "TABLE_SCAN",
                                                                                            "operator_cardinality": 9017,
                                                                                            "cumulative_rows_scanned": 11795244,
                                                                                            "operator_rows_scanned": 11795244,
                                                                                            "operator_timing": 0.05133709499999999,
                                                                                            "result_set_size": 180340,
                                                                                            "children": []
                                                                                        },
                                                                                        {
                                                                                            "operator_name": "READ_PARQUET ",
                                                                                            "cpu_time": 0.025881187,
                                                                                            "extra_info": {
                                                                                                "Function": "READ_PARQUET",
                                                                                                "Projections": [
                                                                                                    "id",
                                                                                                    "creationdate",
                                                                                                    "owneruserid"
                                                                                                ],
                                                                                                "Filters": "creationdate>='2023-10-01 12:34:56'::TIMESTAMP",
                                                                                                "Estimated Cardinality": "770023"
                                                                                            },
                                                                                            "cumulative_cardinality": 145542,
                                                                                            "operator_type": "TABLE_SCAN",
                                                                                            "operator_cardinality": 145542,
                                                                                            "cumulative_rows_scanned": 3850116,
                                                                                            "operator_rows_scanned": 3850116,
                                                                                            "operator_timing": 0.025881187,
                                                                                            "result_set_size": 2328672,
                                                                                            "children": []
                                                                                        }
                                                                                    ]
                                                                                },
                                                                                {
                                                                                    "operator_name": "READ_PARQUET ",
                                                                                    "cpu_time": 0.000329726,
                                                                                    "extra_info": {
                                                                                        "Function": "READ_PARQUET",
                                                                                        "Projections": "id",
                                                                                        "Estimated Cardinality": "12"
                                                                                    },
                                                                                    "cumulative_cardinality": 12,
                                                                                    "operator_type": "TABLE_SCAN",
                                                                                    "operator_cardinality": 12,
                                                                                    "cumulative_rows_scanned": 12,
                                                                                    "operator_rows_scanned": 12,
                                                                                    "operator_timing": 0.000329726,
                                                                                    "result_set_size": 24,
                                                                                    "children": []
                                                                                }
                                                                            ]
                                                                        }
                                                                    ]
                                                                }
                                                            ]
                                                        }
                                                    ]
                                                },
                                                {
                                                    "operator_name": "HASH_JOIN",
                                                    "cpu_time": 2.2654754850000023,
                                                    "extra_info": {
                                                        "Join Type": "INNER",
                                                        "Conditions": "owneruserid = id",
                                                        "Estimated Cardinality": "354518"
                                                    },
                                                    "cumulative_cardinality": 24250643,
                                                    "operator_type": "HASH_JOIN",
                                                    "operator_cardinality": 11214,
                                                    "cumulative_rows_scanned": 20176643,
                                                    "operator_rows_scanned": 0,
                                                    "operator_timing": 0.00812243899999999,
                                                    "result_set_size": 1166256,
                                                    "children": [
                                                        {
                                                            "operator_name": "HASH_GROUP_BY",
                                                            "cpu_time": 1.115537394000001,
                                                            "extra_info": {
                                                                "Groups": "#0",
                                                                "Aggregates": [
                                                                    "count_star()",
                                                                    "sum(#1)",
                                                                    "sum(#2)",
                                                                    "avg(#3)"
                                                                ],
                                                                "Estimated Cardinality": "1925058"
                                                            },
                                                            "cumulative_cardinality": 19013315,
                                                            "operator_type": "HASH_GROUP_BY",
                                                            "operator_cardinality": 370610,
                                                            "cumulative_rows_scanned": 16594209,
                                                            "operator_rows_scanned": 0,
                                                            "operator_timing": 0.25035076100000003,
                                                            "result_set_size": 19271720,
                                                            "children": [
                                                                {
                                                                    "operator_name": "PROJECTION",
                                                                    "cpu_time": 0.865186633000001,
                                                                    "extra_info": {
                                                                        "Projections": [
                                                                            "owneruserid",
                                                                            "CASE  WHEN ((score > 0)) THEN (1) ELSE 0 END",
                                                                            "CASE  WHEN ((score < 0)) THEN (1) ELSE 0 END",
                                                                            "bountyamount"
                                                                        ],
                                                                        "Estimated Cardinality": "3850116"
                                                                    },
                                                                    "cumulative_cardinality": 18642705,
                                                                    "operator_type": "PROJECTION",
                                                                    "operator_cardinality": 3699809,
                                                                    "cumulative_rows_scanned": 16594209,
                                                                    "operator_rows_scanned": 0,
                                                                    "operator_timing": 0.05190553499999987,
                                                                    "result_set_size": 59196944,
                                                                    "children": [
                                                                        {
                                                                            "operator_name": "PROJECTION",
                                                                            "cpu_time": 0.8132810980000011,
                                                                            "extra_info": {
                                                                                "Projections": [
                                                                                    "#0",
                                                                                    "#1",
                                                                                    "#2",
                                                                                    "__internal_decompress_integral_integer(#3, 0)"
                                                                                ],
                                                                                "Estimated Cardinality": "3850116"
                                                                            },
                                                                            "cumulative_cardinality": 14942896,
                                                                            "operator_type": "PROJECTION",
                                                                            "operator_cardinality": 3699809,
                                                                            "cumulative_rows_scanned": 16594209,
                                                                            "operator_rows_scanned": 0,
                                                                            "operator_timing": 0.0024676350000000006,
                                                                            "result_set_size": 59196944,
                                                                            "children": [
                                                                                {
                                                                                    "operator_name": "FILTER",
                                                                                    "cpu_time": 0.8108134630000011,
                                                                                    "extra_info": {
                                                                                        "Expression": "(#2 BETWEEN 2 AND 1416532)",
                                                                                        "Estimated Cardinality": "3850116"
                                                                                    },
                                                                                    "cumulative_cardinality": 11243087,
                                                                                    "operator_type": "FILTER",
                                                                                    "operator_cardinality": 3699809,
                                                                                    "cumulative_rows_scanned": 16594209,
                                                                                    "operator_rows_scanned": 0,
                                                                                    "operator_timing": 0.031358471000000034,
                                                                                    "result_set_size": 51797326,
                                                                                    "children": [
                                                                                        {
                                                                                            "operator_name": "HASH_JOIN",
                                                                                            "cpu_time": 0.7794549920000011,
                                                                                            "extra_info": {
                                                                                                "Join Type": "LEFT",
                                                                                                "Conditions": "id = postid",
                                                                                                "Estimated Cardinality": "3850116"
                                                                                            },
                                                                                            "cumulative_cardinality": 7543278,
                                                                                            "operator_type": "HASH_JOIN",
                                                                                            "operator_cardinality": 3699809,
                                                                                            "cumulative_rows_scanned": 16594209,
                                                                                            "operator_rows_scanned": 0,
                                                                                            "operator_timing": 0.16065969700000055,
                                                                                            "result_set_size": 51797326,
                                                                                            "children": [
                                                                                                {
                                                                                                    "operator_name": "READ_PARQUET ",
                                                                                                    "cpu_time": 0.18838581400000018,
                                                                                                    "extra_info": {
                                                                                                        "Function": "READ_PARQUET",
                                                                                                        "Projections": [
                                                                                                            "id",
                                                                                                            "score",
                                                                                                            "owneruserid"
                                                                                                        ],
                                                                                                        "Estimated Cardinality": "3850116"
                                                                                                    },
                                                                                                    "cumulative_cardinality": 3683373,
                                                                                                    "operator_type": "TABLE_SCAN",
                                                                                                    "operator_cardinality": 3683373,
                                                                                                    "cumulative_rows_scanned": 3850116,
                                                                                                    "operator_rows_scanned": 3850116,
                                                                                                    "operator_timing": 0.18838581400000018,
                                                                                                    "result_set_size": 44200476,
                                                                                                    "children": []
                                                                                                },
                                                                                                {
                                                                                                    "operator_name": "PROJECTION",
                                                                                                    "cpu_time": 0.4304094810000005,
                                                                                                    "extra_info": {
                                                                                                        "Projections": [
                                                                                                            "#0",
                                                                                                            "__internal_compress_integral_usmallint(#1, 0)"
                                                                                                        ],
                                                                                                        "Estimated Cardinality": "2548818"
                                                                                                    },
                                                                                                    "cumulative_cardinality": 160096,
                                                                                                    "operator_type": "PROJECTION",
                                                                                                    "operator_cardinality": 80048,
                                                                                                    "cumulative_rows_scanned": 12744093,
                                                                                                    "operator_rows_scanned": 0,
                                                                                                    "operator_timing": 0.0064987769999999955,
                                                                                                    "result_set_size": 480288,
                                                                                                    "children": [
                                                                                                        {
                                                                                                            "operator_name": "READ_PARQUET ",
                                                                                                            "cpu_time": 0.42391070400000047,
                                                                                                            "extra_info": {
                                                                                                                "Function": "READ_PARQUET",
                                                                                                                "Projections": [
                                                                                                                    "postid",
                                                                                                                    "bountyamount"
                                                                                                                ],
                                                                                                                "Filters": "votetypeid>=8 AND votetypeid<=9",
                                                                                                                "Estimated Cardinality": "2548818"
                                                                                                            },
                                                                                                            "cumulative_cardinality": 80048,
                                                                                                            "operator_type": "TABLE_SCAN",
                                                                                                            "operator_cardinality": 80048,
                                                                                                            "cumulative_rows_scanned": 12744093,
                                                                                                            "operator_rows_scanned": 12744093,
                                                                                                            "operator_timing": 0.42391070400000047,
                                                                                                            "result_set_size": 640384,
                                                                                                            "children": []
                                                                                                        }
                                                                                                    ]
                                                                                                }
                                                                                            ]
                                                                                        }
                                                                                    ]
                                                                                }
                                                                            ]
                                                                        }
                                                                    ]
                                                                }
                                                            ]
                                                        },
                                                        {
                                                            "operator_name": "HASH_JOIN",
                                                            "cpu_time": 1.1418156520000011,
                                                            "extra_info": {
                                                                "Join Type": "INNER",
                                                                "Conditions": "userid = id",
                                                                "Estimated Cardinality": "232172"
                                                            },
                                                            "cumulative_cardinality": 5226114,
                                                            "operator_type": "HASH_JOIN",
                                                            "operator_cardinality": 11215,
                                                            "cumulative_rows_scanned": 3582434,
                                                            "operator_rows_scanned": 0,
                                                            "operator_timing": 0.012372564999999999,
                                                            "result_set_size": 628040,
                                                            "children": [
                                                                {
                                                                    "operator_name": "HASH_GROUP_BY",
                                                                    "cpu_time": 0.2536531680000002,
                                                                    "extra_info": {
                                                                        "Groups": "#0",
                                                                        "Aggregates": [
                                                                            "count(#1)",
                                                                            "count(#2)",
                                                                            "count(#3)"
                                                                        ],
                                                                        "Estimated Cardinality": "1160862"
                                                                    },
                                                                    "cumulative_cardinality": 5192469,
                                                                    "operator_type": "HASH_GROUP_BY",
                                                                    "operator_cardinality": 549021,
                                                                    "cumulative_rows_scanned": 2321724,
                                                                    "operator_rows_scanned": 0,
                                                                    "operator_timing": 0.19313425000000012,
                                                                    "result_set_size": 15372588,
                                                                    "children": [
                                                                        {
                                                                            "operator_name": "PROJECTION",
                                                                            "cpu_time": 0.06051891800000007,
                                                                            "extra_info": {
                                                                                "Projections": [
                                                                                    "userid",
                                                                                    "CASE  WHEN ((class = 1)) THEN (1) ELSE NULL END",
                                                                                    "CASE  WHEN ((class = 2)) THEN (1) ELSE NULL END",
                                                                                    "CASE  WHEN ((class = 3)) THEN (1) ELSE NULL END"
                                                                                ],
                                                                                "Estimated Cardinality": "2321724"
                                                                            },
                                                                            "cumulative_cardinality": 4643448,
                                                                            "operator_type": "PROJECTION",
                                                                            "operator_cardinality": 2321724,
                                                                            "cumulative_rows_scanned": 2321724,
                                                                            "operator_rows_scanned": 0,
                                                                            "operator_timing": 0.026638661000000015,
                                                                            "result_set_size": 37147584,
                                                                            "children": [
                                                                                {
                                                                                    "operator_name": "READ_PARQUET ",
                                                                                    "cpu_time": 0.03388025700000005,
                                                                                    "extra_info": {
                                                                                        "Function": "READ_PARQUET",
                                                                                        "Projections": [
                                                                                            "userid",
                                                                                            "class"
                                                                                        ],
                                                                                        "Estimated Cardinality": "2321724"
                                                                                    },
                                                                                    "cumulative_cardinality": 2321724,
                                                                                    "operator_type": "TABLE_SCAN",
                                                                                    "operator_cardinality": 2321724,
                                                                                    "cumulative_rows_scanned": 2321724,
                                                                                    "operator_rows_scanned": 2321724,
                                                                                    "operator_timing": 0.03388025700000005,
                                                                                    "result_set_size": 13930344,
                                                                                    "children": []
                                                                                }
                                                                            ]
                                                                        }
                                                                    ]
                                                                },
                                                                {
                                                                    "operator_name": "FILTER",
                                                                    "cpu_time": 0.8757899190000009,
                                                                    "extra_info": {
                                                                        "Expression": "(id BETWEEN 2 AND 1416532)",
                                                                        "Estimated Cardinality": "252142"
                                                                    },
                                                                    "cumulative_cardinality": 22430,
                                                                    "operator_type": "FILTER",
                                                                    "operator_cardinality": 11215,
                                                                    "cumulative_rows_scanned": 1260710,
                                                                    "operator_rows_scanned": 0,
                                                                    "operator_timing": 0.0015775000000000006,
                                                                    "result_set_size": 358880,
                                                                    "children": [
                                                                        {
                                                                            "operator_name": "READ_PARQUET ",
                                                                            "cpu_time": 0.8742124190000009,
                                                                            "extra_info": {
                                                                                "Function": "READ_PARQUET",
                                                                                "Projections": [
                                                                                    "id",
                                                                                    "reputation",
                                                                                    "creationdate",
                                                                                    "displayname"
                                                                                ],
                                                                                "Filters": "reputation>1000",
                                                                                "Estimated Cardinality": "252142"
                                                                            },
                                                                            "cumulative_cardinality": 11215,
                                                                            "operator_type": "TABLE_SCAN",
                                                                            "operator_cardinality": 11215,
                                                                            "cumulative_rows_scanned": 1260710,
                                                                            "operator_rows_scanned": 1260710,
                                                                            "operator_timing": 0.8742124190000009,
                                                                            "result_set_size": 358880,
                                                                            "children": []
                                                                        }
                                                                    ]
                                                                }
                                                            ]
                                                        }
                                                    ]
                                                }
                                            ]
                                        }
                                    ]
                                }
                            ]
                        }
                    ]
                }
            ]
        }
    ]
}