{
    "rows_returned": 10,
    "query_name": "\nWITH RECURSIVE UserBadgeCount AS (\n    SELECT \n        UserId,\n        COUNT(*) AS BadgeCount,\n        MIN(Date) AS FirstBadgeDate\n    FROM Badges\n    GROUP BY UserId\n),\nPostAnalytics AS (\n    SELECT \n        p.Id AS PostId,\n        p.Title,\n        p.CreationDate,\n        p.OwnerUserId,\n        p.Score,\n        COALESCE(COUNT(c.Id), 0) AS CommentCount,\n        COALESCE(SUM(CASE WHEN v.CreationDate IS NOT NULL THEN 1 ELSE 0 END), 0) AS VoteCount,\n        ROW_NUMBER() OVER (PARTITION BY p.OwnerUserId ORDER BY p.CreationDate DESC) AS UserPostRank\n    FROM Posts p\n    LEFT JOIN Comments c ON p.Id = c.PostId\n    LEFT JOIN Votes v ON p.Id = v.PostId\n    WHERE p.CreationDate >= TIMESTAMP '2024-10-01 12:34:56' - INTERVAL '1 year'\n    GROUP BY p.Id, p.Title, p.CreationDate, p.OwnerUserId, p.Score\n),\nTopPosts AS (\n    SELECT \n        pa.PostId,\n        pa.Title,\n        pa.CreationDate,\n        pa.Score,\n        ub.BadgeCount,\n        pa.CommentCount,\n        pa.VoteCount\n    FROM PostAnalytics pa\n    JOIN UserBadgeCount ub ON pa.OwnerUserId = ub.UserId\n    WHERE ub.BadgeCount > 0\n    ORDER BY pa.Score DESC\n    LIMIT 10\n),\nRecentPostHistory AS (\n    SELECT \n        ph.PostId,\n        ph.CreationDate,\n        p.Title,\n        p.OwnerUserId,\n        p.Score,\n        PHT.Name AS HistoryType\n    FROM PostHistory ph\n    JOIN PostHistoryTypes PHT ON ph.PostHistoryTypeId = PHT.Id\n    JOIN Posts p ON ph.PostId = p.Id\n    WHERE ph.CreationDate >= TIMESTAMP '2024-10-01 12:34:56' - INTERVAL '30 days'\n)\nSELECT \n    tp.Title AS TopPostTitle,\n    tp.CreationDate AS TopPostDate,\n    tp.Score AS TopPostScore,\n    tp.CommentCount AS TopPostCommentCount,\n    tp.VoteCount AS TopPostVoteCount,\n    rph.Title AS RecentPostTitle,\n    rph.CreationDate AS RecentEditDate,\n    rph.HistoryType AS RecentEditType\nFROM TopPosts tp\nLEFT JOIN RecentPostHistory rph ON tp.PostId = rph.PostId\nORDER BY tp.Score DESC, rph.CreationDate DESC NULLS LAST;\n",
    "blocked_thread_time": 0.0,
    "cpu_time": 0.8078530230000003,
    "extra_info": {},
    "cumulative_cardinality": 17734000,
    "cumulative_rows_scanned": 41803149,
    "result_set_size": 920,
    "latency": 0.885712978,
    "children": [
        {
            "operator_name": "PROJECTION",
            "cpu_time": 0.8078530230000003,
            "extra_info": {
                "Projections": [
                    "#0",
                    "#1",
                    "__internal_decompress_integral_integer(#2, -72)",
                    "#3",
                    "#4",
                    "#5",
                    "#6",
                    "#7"
                ],
                "Estimated Cardinality": "2359048"
            },
            "cumulative_cardinality": 17734000,
            "operator_type": "PROJECTION",
            "operator_cardinality": 10,
            "cumulative_rows_scanned": 41803149,
            "operator_rows_scanned": 0,
            "operator_timing": 0.000001492,
            "result_set_size": 920,
            "children": [
                {
                    "operator_name": "ORDER_BY",
                    "cpu_time": 0.8078515310000003,
                    "extra_info": {
                        "Order By": [
                            "tp.Score DESC",
                            "rph.CreationDate DESC"
                        ]
                    },
                    "cumulative_cardinality": 17733990,
                    "operator_type": "ORDER_BY",
                    "operator_cardinality": 10,
                    "cumulative_rows_scanned": 41803149,
                    "operator_rows_scanned": 0,
                    "operator_timing": 0.000050323,
                    "result_set_size": 900,
                    "children": [
                        {
                            "operator_name": "PROJECTION",
                            "cpu_time": 0.8078012080000003,
                            "extra_info": {
                                "Projections": [
                                    "#0",
                                    "#1",
                                    "__internal_compress_integral_usmallint(#2, -72)",
                                    "#3",
                                    "#4",
                                    "#5",
                                    "#6",
                                    "#7"
                                ],
                                "Estimated Cardinality": "2359048"
                            },
                            "cumulative_cardinality": 17733980,
                            "operator_type": "PROJECTION",
                            "operator_cardinality": 10,
                            "cumulative_rows_scanned": 41803149,
                            "operator_rows_scanned": 0,
                            "operator_timing": 0.000002524,
                            "result_set_size": 900,
                            "children": [
                                {
                                    "operator_name": "PROJECTION",
                                    "cpu_time": 0.8077986840000003,
                                    "extra_info": {
                                        "Projections": [
                                            "TopPostTitle",
                                            "TopPostDate",
                                            "TopPostScore",
                                            "TopPostCommentCount",
                                            "TopPostVoteCount",
                                            "RecentPostTitle",
                                            "RecentEditDate",
                                            "RecentEditType"
                                        ],
                                        "Estimated Cardinality": "2359048"
                                    },
                                    "cumulative_cardinality": 17733970,
                                    "operator_type": "PROJECTION",
                                    "operator_cardinality": 10,
                                    "cumulative_rows_scanned": 41803149,
                                    "operator_rows_scanned": 0,
                                    "operator_timing": 0.000001452,
                                    "result_set_size": 920,
                                    "children": [
                                        {
                                            "operator_name": "HASH_JOIN",
                                            "cpu_time": 0.8077972320000003,
                                            "extra_info": {
                                                "Join Type": "RIGHT",
                                                "Conditions": "postid = PostId",
                                                "Estimated Cardinality": "2359048"
                                            },
                                            "cumulative_cardinality": 17733960,
                                            "operator_type": "HASH_JOIN",
                                            "operator_cardinality": 10,
                                            "cumulative_rows_scanned": 41803149,
                                            "operator_rows_scanned": 0,
                                            "operator_timing": 0.00039938899999999994,
                                            "result_set_size": 920,
                                            "children": [
                                                {
                                                    "operator_name": "PROJECTION",
                                                    "cpu_time": 0.35085818700000027,
                                                    "extra_info": {
                                                        "Projections": [
                                                            "postid",
                                                            "creationdate",
                                                            "title",
                                                            "HistoryType"
                                                        ],
                                                        "Estimated Cardinality": "2359048"
                                                    },
                                                    "cumulative_cardinality": 3999076,
                                                    "operator_type": "PROJECTION",
                                                    "operator_cardinality": 37379,
                                                    "cumulative_rows_scanned": 15645394,
                                                    "operator_rows_scanned": 0,
                                                    "operator_timing": 0.000009292000000000002,
                                                    "result_set_size": 1644676,
                                                    "children": [
                                                        {
                                                            "operator_name": "HASH_JOIN",
                                                            "cpu_time": 0.35084889500000027,
                                                            "extra_info": {
                                                                "Join Type": "INNER",
                                                                "Conditions": "id = postid",
                                                                "Estimated Cardinality": "2359048"
                                                            },
                                                            "cumulative_cardinality": 3961697,
                                                            "operator_type": "HASH_JOIN",
                                                            "operator_cardinality": 37379,
                                                            "cumulative_rows_scanned": 15645394,
                                                            "operator_rows_scanned": 0,
                                                            "operator_timing": 0.031230523000000038,
                                                            "result_set_size": 1644676,
                                                            "children": [
                                                                {
                                                                    "operator_name": "READ_PARQUET ",
                                                                    "cpu_time": 0.31083967400000023,
                                                                    "extra_info": {
                                                                        "Function": "READ_PARQUET",
                                                                        "Projections": [
                                                                            "id",
                                                                            "title"
                                                                        ],
                                                                        "Estimated Cardinality": "3850116"
                                                                    },
                                                                    "cumulative_cardinality": 3849526,
                                                                    "operator_type": "TABLE_SCAN",
                                                                    "operator_cardinality": 3849526,
                                                                    "cumulative_rows_scanned": 3850116,
                                                                    "operator_rows_scanned": 3850116,
                                                                    "operator_timing": 0.31083967400000023,
                                                                    "result_set_size": 76990520,
                                                                    "children": []
                                                                },
                                                                {
                                                                    "operator_name": "HASH_JOIN",
                                                                    "cpu_time": 0.008778698000000001,
                                                                    "extra_info": {
                                                                        "Join Type": "INNER",
                                                                        "Conditions": "posthistorytypeid = id",
                                                                        "Estimated Cardinality": "2359048"
                                                                    },
                                                                    "cumulative_cardinality": 74792,
                                                                    "operator_type": "HASH_JOIN",
                                                                    "operator_cardinality": 37379,
                                                                    "cumulative_rows_scanned": 11795278,
                                                                    "operator_rows_scanned": 0,
                                                                    "operator_timing": 0.000454682,
                                                                    "result_set_size": 1046612,
                                                                    "children": [
                                                                        {
                                                                            "operator_name": "READ_PARQUET ",
                                                                            "cpu_time": 0.007971558000000002,
                                                                            "extra_info": {
                                                                                "Function": "READ_PARQUET",
                                                                                "Projections": [
                                                                                    "posthistorytypeid",
                                                                                    "postid",
                                                                                    "creationdate"
                                                                                ],
                                                                                "Filters": "creationdate>='2024-09-01 12:34:56'::TIMESTAMP",
                                                                                "Estimated Cardinality": "2359048"
                                                                            },
                                                                            "cumulative_cardinality": 37379,
                                                                            "operator_type": "TABLE_SCAN",
                                                                            "operator_cardinality": 37379,
                                                                            "cumulative_rows_scanned": 11795244,
                                                                            "operator_rows_scanned": 11795244,
                                                                            "operator_timing": 0.007971558000000002,
                                                                            "result_set_size": 523306,
                                                                            "children": []
                                                                        },
                                                                        {
                                                                            "operator_name": "READ_PARQUET ",
                                                                            "cpu_time": 0.000352458,
                                                                            "extra_info": {
                                                                                "Function": "READ_PARQUET",
                                                                                "Projections": [
                                                                                    "id",
                                                                                    "name"
                                                                                ],
                                                                                "Estimated Cardinality": "34"
                                                                            },
                                                                            "cumulative_cardinality": 34,
                                                                            "operator_type": "TABLE_SCAN",
                                                                            "operator_cardinality": 34,
                                                                            "cumulative_rows_scanned": 34,
                                                                            "operator_rows_scanned": 34,
                                                                            "operator_timing": 0.000352458,
                                                                            "result_set_size": 612,
                                                                            "children": []
                                                                        }
                                                                    ]
                                                                }
                                                            ]
                                                        }
                                                    ]
                                                },
                                                {
                                                    "operator_name": "STREAMING_LIMIT",
                                                    "cpu_time": 0.45653965600000007,
                                                    "extra_info": {},
                                                    "cumulative_cardinality": 13734874,
                                                    "operator_type": "STREAMING_LIMIT",
                                                    "operator_cardinality": 10,
                                                    "cumulative_rows_scanned": 26157755,
                                                    "operator_rows_scanned": 0,
                                                    "operator_timing": 0.000001444,
                                                    "result_set_size": 560,
                                                    "children": [
                                                        {
                                                            "operator_name": "PROJECTION",
                                                            "cpu_time": 0.45653821200000005,
                                                            "extra_info": {
                                                                "Projections": [
                                                                    "#0",
                                                                    "#1",
                                                                    "#2",
                                                                    "__internal_decompress_integral_integer(#3, -72)",
                                                                    "#4",
                                                                    "#5"
                                                                ],
                                                                "Estimated Cardinality": "385010"
                                                            },
                                                            "cumulative_cardinality": 13734864,
                                                            "operator_type": "PROJECTION",
                                                            "operator_cardinality": 4096,
                                                            "cumulative_rows_scanned": 26157755,
                                                            "operator_rows_scanned": 0,
                                                            "operator_timing": 0.000004739,
                                                            "result_set_size": 229376,
                                                            "children": [
                                                                {
                                                                    "operator_name": "ORDER_BY",
                                                                    "cpu_time": 0.4565334730000001,
                                                                    "extra_info": {
                                                                        "Order By": "pa.Score DESC"
                                                                    },
                                                                    "cumulative_cardinality": 13730768,
                                                                    "operator_type": "ORDER_BY",
                                                                    "operator_cardinality": 4096,
                                                                    "cumulative_rows_scanned": 26157755,
                                                                    "operator_rows_scanned": 0,
                                                                    "operator_timing": 0.005935438,
                                                                    "result_set_size": 221184,
                                                                    "children": [
                                                                        {
                                                                            "operator_name": "PROJECTION",
                                                                            "cpu_time": 0.45059803500000006,
                                                                            "extra_info": {
                                                                                "Projections": [
                                                                                    "#0",
                                                                                    "#1",
                                                                                    "#2",
                                                                                    "__internal_compress_integral_usmallint(#3, -72)",
                                                                                    "#4",
                                                                                    "#5"
                                                                                ],
                                                                                "Estimated Cardinality": "385010"
                                                                            },
                                                                            "cumulative_cardinality": 13726672,
                                                                            "operator_type": "PROJECTION",
                                                                            "operator_cardinality": 141537,
                                                                            "cumulative_rows_scanned": 26157755,
                                                                            "operator_rows_scanned": 0,
                                                                            "operator_timing": 0.00015773100000000007,
                                                                            "result_set_size": 7642998,
                                                                            "children": [
                                                                                {
                                                                                    "operator_name": "PROJECTION",
                                                                                    "cpu_time": 0.45044030400000007,
                                                                                    "extra_info": {
                                                                                        "Projections": [
                                                                                            "PostId",
                                                                                            "title",
                                                                                            "creationdate",
                                                                                            "score",
                                                                                            "CommentCount",
                                                                                            "VoteCount"
                                                                                        ],
                                                                                        "Estimated Cardinality": "385010"
                                                                                    },
                                                                                    "cumulative_cardinality": 13585135,
                                                                                    "operator_type": "PROJECTION",
                                                                                    "operator_cardinality": 141537,
                                                                                    "cumulative_rows_scanned": 26157755,
                                                                                    "operator_rows_scanned": 0,
                                                                                    "operator_timing": 0.00003714900000000002,
                                                                                    "result_set_size": 7926072,
                                                                                    "children": [
                                                                                        {
                                                                                            "operator_name": "HASH_JOIN",
                                                                                            "cpu_time": 0.45040315500000005,
                                                                                            "extra_info": {
                                                                                                "Join Type": "INNER",
                                                                                                "Conditions": "owneruserid = userid",
                                                                                                "Estimated Cardinality": "385010"
                                                                                            },
                                                                                            "cumulative_cardinality": 13443598,
                                                                                            "operator_type": "HASH_JOIN",
                                                                                            "operator_cardinality": 141537,
                                                                                            "cumulative_rows_scanned": 26157755,
                                                                                            "operator_rows_scanned": 0,
                                                                                            "operator_timing": 0.025233527999999998,
                                                                                            "result_set_size": 8492220,
                                                                                            "children": [
                                                                                                {
                                                                                                    "operator_name": "PROJECTION",
                                                                                                    "cpu_time": 0.34601592600000003,
                                                                                                    "extra_info": {
                                                                                                        "Projections": [
                                                                                                            "PostId",
                                                                                                            "title",
                                                                                                            "creationdate",
                                                                                                            "owneruserid",
                                                                                                            "score",
                                                                                                            "CommentCount",
                                                                                                            "VoteCount"
                                                                                                        ],
                                                                                                        "Estimated Cardinality": "3850116"
                                                                                                    },
                                                                                                    "cumulative_cardinality": 7011550,
                                                                                                    "operator_type": "PROJECTION",
                                                                                                    "operator_cardinality": 143630,
                                                                                                    "cumulative_rows_scanned": 23836031,
                                                                                                    "operator_rows_scanned": 0,
                                                                                                    "operator_timing": 0.0024438270000000004,
                                                                                                    "result_set_size": 8617800,
                                                                                                    "children": [
                                                                                                        {
                                                                                                            "operator_name": "PROJECTION",
                                                                                                            "cpu_time": 0.343572099,
                                                                                                            "extra_info": {
                                                                                                                "Projections": [
                                                                                                                    "#0",
                                                                                                                    "#1",
                                                                                                                    "#2",
                                                                                                                    "#3",
                                                                                                                    "#4",
                                                                                                                    "#5",
                                                                                                                    "#6",
                                                                                                                    "#7"
                                                                                                                ],
                                                                                                                "Estimated Cardinality": "3850116"
                                                                                                            },
                                                                                                            "cumulative_cardinality": 6867920,
                                                                                                            "operator_type": "PROJECTION",
                                                                                                            "operator_cardinality": 143630,
                                                                                                            "cumulative_rows_scanned": 23836031,
                                                                                                            "operator_rows_scanned": 0,
                                                                                                            "operator_timing": 0.00003984199999999999,
                                                                                                            "result_set_size": 9766840,
                                                                                                            "children": [
                                                                                                                {
                                                                                                                    "operator_name": "WINDOW",
                                                                                                                    "cpu_time": 0.343532257,
                                                                                                                    "extra_info": {
                                                                                                                        "Projections": "ROW_NUMBER() OVER (PARTITION BY owneruserid ORDER BY creationdate DESC NULLS LAST)"
                                                                                                                    },
                                                                                                                    "cumulative_cardinality": 6724290,
                                                                                                                    "operator_type": "WINDOW",
                                                                                                                    "operator_cardinality": 143630,
                                                                                                                    "cumulative_rows_scanned": 23836031,
                                                                                                                    "operator_rows_scanned": 0,
                                                                                                                    "operator_timing": 0.04105901,
                                                                                                                    "result_set_size": 9766840,
                                                                                                                    "children": [
                                                                                                                        {
                                                                                                                            "operator_name": "PROJECTION",
                                                                                                                            "cpu_time": 0.302473247,
                                                                                                                            "extra_info": {
                                                                                                                                "Projections": [
                                                                                                                                    "#0",
                                                                                                                                    "#1",
                                                                                                                                    "#2",
                                                                                                                                    "#3",
                                                                                                                                    "__internal_decompress_integral_integer(#4, -72)",
                                                                                                                                    "#5",
                                                                                                                                    "#6"
                                                                                                                                ],
                                                                                                                                "Estimated Cardinality": "3850116"
                                                                                                                            },
                                                                                                                            "cumulative_cardinality": 6580660,
                                                                                                                            "operator_type": "PROJECTION",
                                                                                                                            "operator_cardinality": 143630,
                                                                                                                            "cumulative_rows_scanned": 23836031,
                                                                                                                            "operator_rows_scanned": 0,
                                                                                                                            "operator_timing": 0.00006618600000000002,
                                                                                                                            "result_set_size": 8617800,
                                                                                                                            "children": [
                                                                                                                                {
                                                                                                                                    "operator_name": "HASH_GROUP_BY",
                                                                                                                                    "cpu_time": 0.302407061,
                                                                                                                                    "extra_info": {
                                                                                                                                        "Groups": [
                                                                                                                                            "#0",
                                                                                                                                            "#1",
                                                                                                                                            "#2",
                                                                                                                                            "#3",
                                                                                                                                            "#4"
                                                                                                                                        ],
                                                                                                                                        "Aggregates": [
                                                                                                                                            "count(#5)",
                                                                                                                                            "sum(#6)"
                                                                                                                                        ],
                                                                                                                                        "Estimated Cardinality": "3850116"
                                                                                                                                    },
                                                                                                                                    "cumulative_cardinality": 6437030,
                                                                                                                                    "operator_type": "HASH_GROUP_BY",
                                                                                                                                    "operator_cardinality": 143630,
                                                                                                                                    "cumulative_rows_scanned": 23836031,
                                                                                                                                    "operator_rows_scanned": 0,
                                                                                                                                    "operator_timing": 0.09203883699999994,
                                                                                                                                    "result_set_size": 8330540,
                                                                                                                                    "children": [
                                                                                                                                        {
                                                                                                                                            "operator_name": "PROJECTION",
                                                                                                                                            "cpu_time": 0.21036822400000005,
                                                                                                                                            "extra_info": {
                                                                                                                                                "Projections": [
                                                                                                                                                    "id",
                                                                                                                                                    "title",
                                                                                                                                                    "creationdate",
                                                                                                                                                    "owneruserid",
                                                                                                                                                    "score",
                                                                                                                                                    "id",
                                                                                                                                                    "CASE  WHEN ((creationdate IS NOT NULL)) THEN (1) ELSE 0 END"
                                                                                                                                                ],
                                                                                                                                                "Estimated Cardinality": "12744093"
                                                                                                                                            },
                                                                                                                                            "cumulative_cardinality": 6293400,
                                                                                                                                            "operator_type": "PROJECTION",
                                                                                                                                            "operator_cardinality": 941272,
                                                                                                                                            "cumulative_rows_scanned": 23836031,
                                                                                                                                            "operator_rows_scanned": 0,
                                                                                                                                            "operator_timing": 0.002247871000000001,
                                                                                                                                            "result_set_size": 39533424,
                                                                                                                                            "children": [
                                                                                                                                                {
                                                                                                                                                    "operator_name": "PROJECTION",
                                                                                                                                                    "cpu_time": 0.20812035300000004,
                                                                                                                                                    "extra_info": {
                                                                                                                                                        "Projections": [
                                                                                                                                                            "#0",
                                                                                                                                                            "#1",
                                                                                                                                                            "#2",
                                                                                                                                                            "#3",
                                                                                                                                                            "__internal_compress_integral_usmallint(#4, -72)",
                                                                                                                                                            "#5",
                                                                                                                                                            "#6"
                                                                                                                                                        ],
                                                                                                                                                        "Estimated Cardinality": "12744093"
                                                                                                                                                    },
                                                                                                                                                    "cumulative_cardinality": 5352128,
                                                                                                                                                    "operator_type": "PROJECTION",
                                                                                                                                                    "operator_cardinality": 941272,
                                                                                                                                                    "cumulative_rows_scanned": 23836031,
                                                                                                                                                    "operator_rows_scanned": 0,
                                                                                                                                                    "operator_timing": 0.0005647569999999999,
                                                                                                                                                    "result_set_size": 43298512,
                                                                                                                                                    "children": [
                                                                                                                                                        {
                                                                                                                                                            "operator_name": "PROJECTION",
                                                                                                                                                            "cpu_time": 0.20755559600000004,
                                                                                                                                                            "extra_info": {
                                                                                                                                                                "Projections": [
                                                                                                                                                                    "#0",
                                                                                                                                                                    "#1",
                                                                                                                                                                    "#2",
                                                                                                                                                                    "#3",
                                                                                                                                                                    "__internal_decompress_integral_integer(#4, -72)",
                                                                                                                                                                    "#5",
                                                                                                                                                                    "#6"
                                                                                                                                                                ],
                                                                                                                                                                "Estimated Cardinality": "12744093"
                                                                                                                                                            },
                                                                                                                                                            "cumulative_cardinality": 4410856,
                                                                                                                                                            "operator_type": "PROJECTION",
                                                                                                                                                            "operator_cardinality": 941272,
                                                                                                                                                            "cumulative_rows_scanned": 23836031,
                                                                                                                                                            "operator_rows_scanned": 0,
                                                                                                                                                            "operator_timing": 0.001101899999999999,
                                                                                                                                                            "result_set_size": 45181056,
                                                                                                                                                            "children": [
                                                                                                                                                                {
                                                                                                                                                                    "operator_name": "FILTER",
                                                                                                                                                                    "cpu_time": 0.20645369600000005,
                                                                                                                                                                    "extra_info": {
                                                                                                                                                                        "Expression": "(#5 BETWEEN 2 AND 1416532)",
                                                                                                                                                                        "Estimated Cardinality": "12744093"
                                                                                                                                                                    },
                                                                                                                                                                    "cumulative_cardinality": 3469584,
                                                                                                                                                                    "operator_type": "FILTER",
                                                                                                                                                                    "operator_cardinality": 941272,
                                                                                                                                                                    "cumulative_rows_scanned": 23836031,
                                                                                                                                                                    "operator_rows_scanned": 0,
                                                                                                                                                                    "operator_timing": 0.010117910999999995,
                                                                                                                                                                    "result_set_size": 43298512,
                                                                                                                                                                    "children": [
                                                                                                                                                                        {
                                                                                                                                                                            "operator_name": "HASH_JOIN",
                                                                                                                                                                            "cpu_time": 0.19633578500000004,
                                                                                                                                                                            "extra_info": {
                                                                                                                                                                                "Join Type": "RIGHT",
                                                                                                                                                                                "Conditions": "postid = id",
                                                                                                                                                                                "Estimated Cardinality": "12744093"
                                                                                                                                                                            },
                                                                                                                                                                            "cumulative_cardinality": 2528312,
                                                                                                                                                                            "operator_type": "HASH_JOIN",
                                                                                                                                                                            "operator_cardinality": 954760,
                                                                                                                                                                            "cumulative_rows_scanned": 23836031,
                                                                                                                                                                            "operator_rows_scanned": 0,
                                                                                                                                                                            "operator_timing": 0.06557524600000009,
                                                                                                                                                                            "result_set_size": 43918960,
                                                                                                                                                                            "children": [
                                                                                                                                                                                {
                                                                                                                                                                                    "operator_name": "READ_PARQUET ",
                                                                                                                                                                                    "cpu_time": 0.02213827700000002,
                                                                                                                                                                                    "extra_info": {
                                                                                                                                                                                        "Function": "READ_PARQUET",
                                                                                                                                                                                        "Projections": [
                                                                                                                                                                                            "postid",
                                                                                                                                                                                            "creationdate"
                                                                                                                                                                                        ],
                                                                                                                                                                                        "Estimated Cardinality": "12744093"
                                                                                                                                                                                    },
                                                                                                                                                                                    "cumulative_cardinality": 442526,
                                                                                                                                                                                    "operator_type": "TABLE_SCAN",
                                                                                                                                                                                    "operator_cardinality": 442526,
                                                                                                                                                                                    "cumulative_rows_scanned": 12744093,
                                                                                                                                                                                    "operator_rows_scanned": 12744093,
                                                                                                                                                                                    "operator_timing": 0.02213827700000002,
                                                                                                                                                                                    "result_set_size": 5310312,
                                                                                                                                                                                    "children": []
                                                                                                                                                                                },
                                                                                                                                                                                {
                                                                                                                                                                                    "operator_name": "PROJECTION",
                                                                                                                                                                                    "cpu_time": 0.10862226199999994,
                                                                                                                                                                                    "extra_info": {
                                                                                                                                                                                        "Projections": [
                                                                                                                                                                                            "#0",
                                                                                                                                                                                            "#1",
                                                                                                                                                                                            "#2",
                                                                                                                                                                                            "__internal_compress_integral_usmallint(#3, -72)",
                                                                                                                                                                                            "#4",
                                                                                                                                                                                            "#5"
                                                                                                                                                                                        ],
                                                                                                                                                                                        "Estimated Cardinality": "7241822"
                                                                                                                                                                                    },
                                                                                                                                                                                    "cumulative_cardinality": 1131026,
                                                                                                                                                                                    "operator_type": "PROJECTION",
                                                                                                                                                                                    "operator_cardinality": 349210,
                                                                                                                                                                                    "cumulative_rows_scanned": 11091938,
                                                                                                                                                                                    "operator_rows_scanned": 0,
                                                                                                                                                                                    "operator_timing": 0.0001735859999999999,
                                                                                                                                                                                    "result_set_size": 13269980,
                                                                                                                                                                                    "children": [
                                                                                                                                                                                        {
                                                                                                                                                                                            "operator_name": "HASH_JOIN",
                                                                                                                                                                                            "cpu_time": 0.10844867599999994,
                                                                                                                                                                                            "extra_info": {
                                                                                                                                                                                                "Join Type": "RIGHT",
                                                                                                                                                                                                "Conditions": "postid = id",
                                                                                                                                                                                                "Estimated Cardinality": "7241822"
                                                                                                                                                                                            },
                                                                                                                                                                                            "cumulative_cardinality": 781816,
                                                                                                                                                                                            "operator_type": "HASH_JOIN",
                                                                                                                                                                                            "operator_cardinality": 349210,
                                                                                                                                                                                            "cumulative_rows_scanned": 11091938,
                                                                                                                                                                                            "operator_rows_scanned": 0,
                                                                                                                                                                                            "operator_timing": 0.024509934999999986,
                                                                                                                                                                                            "result_set_size": 13968400,
                                                                                                                                                                                            "children": [
                                                                                                                                                                                                {
                                                                                                                                                                                                    "operator_name": "READ_PARQUET ",
                                                                                                                                                                                                    "cpu_time": 0.014016529999999994,
                                                                                                                                                                                                    "extra_info": {
                                                                                                                                                                                                        "Function": "READ_PARQUET",
                                                                                                                                                                                                        "Projections": [
                                                                                                                                                                                                            "id",
                                                                                                                                                                                                            "postid"
                                                                                                                                                                                                        ],
                                                                                                                                                                                                        "Estimated Cardinality": "7241822"
                                                                                                                                                                                                    },
                                                                                                                                                                                                    "cumulative_cardinality": 287064,
                                                                                                                                                                                                    "operator_type": "TABLE_SCAN",
                                                                                                                                                                                                    "operator_cardinality": 287064,
                                                                                                                                                                                                    "cumulative_rows_scanned": 7241822,
                                                                                                                                                                                                    "operator_rows_scanned": 7241822,
                                                                                                                                                                                                    "operator_timing": 0.014016529999999994,
                                                                                                                                                                                                    "result_set_size": 2296512,
                                                                                                                                                                                                    "children": []
                                                                                                                                                                                                },
                                                                                                                                                                                                {
                                                                                                                                                                                                    "operator_name": "READ_PARQUET ",
                                                                                                                                                                                                    "cpu_time": 0.06992221099999996,
                                                                                                                                                                                                    "extra_info": {
                                                                                                                                                                                                        "Function": "READ_PARQUET",
                                                                                                                                                                                                        "Projections": [
                                                                                                                                                                                                            "id",
                                                                                                                                                                                                            "creationdate",
                                                                                                                                                                                                            "score",
                                                                                                                                                                                                            "owneruserid",
                                                                                                                                                                                                            "title"
                                                                                                                                                                                                        ],
                                                                                                                                                                                                        "Filters": "creationdate>='2023-10-01 12:34:56'::TIMESTAMP",
                                                                                                                                                                                                        "Estimated Cardinality": "770023"
                                                                                                                                                                                                    },
                                                                                                                                                                                                    "cumulative_cardinality": 145542,
                                                                                                                                                                                                    "operator_type": "TABLE_SCAN",
                                                                                                                                                                                                    "operator_cardinality": 145542,
                                                                                                                                                                                                    "cumulative_rows_scanned": 3850116,
                                                                                                                                                                                                    "operator_rows_scanned": 3850116,
                                                                                                                                                                                                    "operator_timing": 0.06992221099999996,
                                                                                                                                                                                                    "result_set_size": 5239512,
                                                                                                                                                                                                    "children": []
                                                                                                                                                                                                }
                                                                                                                                                                                            ]
                                                                                                                                                                                        }
                                                                                                                                                                                    ]
                                                                                                                                                                                }
                                                                                                                                                                            ]
                                                                                                                                                                        }
                                                                                                                                                                    ]
                                                                                                                                                                }
                                                                                                                                                            ]
                                                                                                                                                        }
                                                                                                                                                    ]
                                                                                                                                                }
                                                                                                                                            ]
                                                                                                                                        }
                                                                                                                                    ]
                                                                                                                                }
                                                                                                                            ]
                                                                                                                        }
                                                                                                                    ]
                                                                                                                }
                                                                                                            ]
                                                                                                        }
                                                                                                    ]
                                                                                                },
                                                                                                {
                                                                                                    "operator_name": "PROJECTION",
                                                                                                    "cpu_time": 0.07915370100000002,
                                                                                                    "extra_info": {
                                                                                                        "Projections": "#0",
                                                                                                        "Estimated Cardinality": "232172"
                                                                                                    },
                                                                                                    "cumulative_cardinality": 6290511,
                                                                                                    "operator_type": "PROJECTION",
                                                                                                    "operator_cardinality": 549021,
                                                                                                    "cumulative_rows_scanned": 2321724,
                                                                                                    "operator_rows_scanned": 0,
                                                                                                    "operator_timing": 0.000032768000000000036,
                                                                                                    "result_set_size": 2196084,
                                                                                                    "children": [
                                                                                                        {
                                                                                                            "operator_name": "FILTER",
                                                                                                            "cpu_time": 0.07912093300000002,
                                                                                                            "extra_info": {
                                                                                                                "Expression": "(BadgeCount > 0)",
                                                                                                                "Estimated Cardinality": "232172"
                                                                                                            },
                                                                                                            "cumulative_cardinality": 5741490,
                                                                                                            "operator_type": "FILTER",
                                                                                                            "operator_cardinality": 549021,
                                                                                                            "cumulative_rows_scanned": 2321724,
                                                                                                            "operator_rows_scanned": 0,
                                                                                                            "operator_timing": 0.0006538870000000009,
                                                                                                            "result_set_size": 6588252,
                                                                                                            "children": [
                                                                                                                {
                                                                                                                    "operator_name": "HASH_GROUP_BY",
                                                                                                                    "cpu_time": 0.07846704600000001,
                                                                                                                    "extra_info": {
                                                                                                                        "Groups": "#0",
                                                                                                                        "Aggregates": "count_star()",
                                                                                                                        "Estimated Cardinality": "1160862"
                                                                                                                    },
                                                                                                                    "cumulative_cardinality": 5192469,
                                                                                                                    "operator_type": "HASH_GROUP_BY",
                                                                                                                    "operator_cardinality": 549021,
                                                                                                                    "cumulative_rows_scanned": 2321724,
                                                                                                                    "operator_rows_scanned": 0,
                                                                                                                    "operator_timing": 0.06524785999999999,
                                                                                                                    "result_set_size": 6588252,
                                                                                                                    "children": [
                                                                                                                        {
                                                                                                                            "operator_name": "PROJECTION",
                                                                                                                            "cpu_time": 0.013219186000000015,
                                                                                                                            "extra_info": {
                                                                                                                                "Projections": "userid",
                                                                                                                                "Estimated Cardinality": "2321724"
                                                                                                                            },
                                                                                                                            "cumulative_cardinality": 4643448,
                                                                                                                            "operator_type": "PROJECTION",
                                                                                                                            "operator_cardinality": 2321724,
                                                                                                                            "cumulative_rows_scanned": 2321724,
                                                                                                                            "operator_rows_scanned": 0,
                                                                                                                            "operator_timing": 0.00018852499999999934,
                                                                                                                            "result_set_size": 9286896,
                                                                                                                            "children": [
                                                                                                                                {
                                                                                                                                    "operator_name": "READ_PARQUET ",
                                                                                                                                    "cpu_time": 0.013030661000000015,
                                                                                                                                    "extra_info": {
                                                                                                                                        "Function": "READ_PARQUET",
                                                                                                                                        "Projections": "userid",
                                                                                                                                        "Estimated Cardinality": "2321724"
                                                                                                                                    },
                                                                                                                                    "cumulative_cardinality": 2321724,
                                                                                                                                    "operator_type": "TABLE_SCAN",
                                                                                                                                    "operator_cardinality": 2321724,
                                                                                                                                    "cumulative_rows_scanned": 2321724,
                                                                                                                                    "operator_rows_scanned": 2321724,
                                                                                                                                    "operator_timing": 0.013030661000000015,
                                                                                                                                    "result_set_size": 9286896,
                                                                                                                                    "children": []
                                                                                                                                }
                                                                                                                            ]
                                                                                                                        }
                                                                                                                    ]
                                                                                                                }
                                                                                                            ]
                                                                                                        }
                                                                                                    ]
                                                                                                }
                                                                                            ]
                                                                                        }
                                                                                    ]
                                                                                }
                                                                            ]
                                                                        }
                                                                    ]
                                                                }
                                                            ]
                                                        }
                                                    ]
                                                }
                                            ]
                                        }
                                    ]
                                }
                            ]
                        }
                    ]
                }
            ]
        }
    ]
}