{
    "rows_returned": 31,
    "query_name": "WITH RecentVotes AS (\n    SELECT \n        P.Id AS PostId,\n        SUM(CASE WHEN V.VoteTypeId = 2 THEN 1 ELSE 0 END) AS UpVotes,\n        SUM(CASE WHEN V.VoteTypeId = 3 THEN 1 ELSE 0 END) AS DownVotes,\n        COUNT(*) AS TotalVotes\n    FROM \n        Posts P\n    LEFT JOIN \n        Votes V ON P.Id = V.PostId\n    WHERE \n        P.CreationDate >= cast('2024-10-01 12:34:56' as timestamp) - INTERVAL '30 days'\n    GROUP BY \n        P.Id\n), \nUserBadges AS (\n    SELECT \n        U.Id AS UserId,\n        COUNT(CASE WHEN B.Class = 1 THEN 1 END) AS GoldBadges,\n        COUNT(CASE WHEN B.Class = 2 THEN 1 END) AS SilverBadges,\n        COUNT(CASE WHEN B.Class = 3 THEN 1 END) AS BronzeBadges\n    FROM \n        Users U\n    LEFT JOIN \n        Badges B ON U.Id = B.UserId\n    GROUP BY \n        U.Id\n), \nPostEditHistory AS (\n    SELECT \n        Ph.PostId,\n        COUNT(*) AS EditCount,\n        MAX(Ph.CreationDate) AS LastEditDate\n    FROM \n        PostHistory Ph\n    WHERE \n        Ph.PostHistoryTypeId IN (4, 5, 6) \n    GROUP BY \n        Ph.PostId\n)\n\nSELECT \n    P.Title,\n    P.Body,\n    R.UpVotes,\n    R.DownVotes,\n    R.TotalVotes,\n    U.DisplayName AS PostOwner,\n    U.Reputation AS OwnerReputation,\n    UB.GoldBadges,\n    UB.SilverBadges,\n    UB.BronzeBadges,\n    PE.EditCount,\n    PE.LastEditDate\nFROM \n    Posts P\nJOIN \n    Users U ON P.OwnerUserId = U.Id\nJOIN \n    RecentVotes R ON P.Id = R.PostId\nJOIN \n    UserBadges UB ON U.Id = UB.UserId\nLEFT JOIN \n    PostEditHistory PE ON P.Id = PE.PostId\nWHERE \n    P.PostTypeId = 1 \n    AND U.Reputation > 100 \n    AND R.TotalVotes > 0 \n    AND (R.UpVotes - R.DownVotes) > 10 \nORDER BY \n    R.TotalVotes DESC, \n    U.Reputation DESC\nLIMIT 50;",
    "blocked_thread_time": 0.0,
    "cpu_time": 2.5338033660000003,
    "extra_info": {},
    "cumulative_cardinality": 23916728,
    "cumulative_rows_scanned": 37082713,
    "result_set_size": 4092,
    "latency": 2.660765828,
    "children": [
        {
            "operator_name": "STREAMING_LIMIT",
            "cpu_time": 2.5338033660000003,
            "extra_info": {},
            "cumulative_cardinality": 23916728,
            "operator_type": "STREAMING_LIMIT",
            "operator_cardinality": 31,
            "cumulative_rows_scanned": 37082713,
            "operator_rows_scanned": 0,
            "operator_timing": 0.000002375,
            "result_set_size": 4092,
            "children": [
                {
                    "operator_name": "ORDER_BY",
                    "cpu_time": 2.533800991,
                    "extra_info": {
                        "Order By": [
                            "R.TotalVotes DESC",
                            "U.Reputation DESC"
                        ]
                    },
                    "cumulative_cardinality": 23916697,
                    "operator_type": "ORDER_BY",
                    "operator_cardinality": 31,
                    "cumulative_rows_scanned": 37082713,
                    "operator_rows_scanned": 0,
                    "operator_timing": 0.000497189,
                    "result_set_size": 4092,
                    "children": [
                        {
                            "operator_name": "PROJECTION",
                            "cpu_time": 2.5333038020000003,
                            "extra_info": {
                                "Projections": [
                                    "title",
                                    "body",
                                    "UpVotes",
                                    "DownVotes",
                                    "TotalVotes",
                                    "PostOwner",
                                    "OwnerReputation",
                                    "GoldBadges",
                                    "SilverBadges",
                                    "BronzeBadges",
                                    "EditCount",
                                    "LastEditDate"
                                ],
                                "Estimated Cardinality": "1179524"
                            },
                            "cumulative_cardinality": 23916666,
                            "operator_type": "PROJECTION",
                            "operator_cardinality": 31,
                            "cumulative_rows_scanned": 37082713,
                            "operator_rows_scanned": 0,
                            "operator_timing": 0.000006593,
                            "result_set_size": 4092,
                            "children": [
                                {
                                    "operator_name": "HASH_JOIN",
                                    "cpu_time": 2.533297209,
                                    "extra_info": {
                                        "Join Type": "RIGHT",
                                        "Conditions": "postid = id",
                                        "Estimated Cardinality": "1179524"
                                    },
                                    "cumulative_cardinality": 23916635,
                                    "operator_type": "HASH_JOIN",
                                    "operator_cardinality": 31,
                                    "cumulative_rows_scanned": 37082713,
                                    "operator_rows_scanned": 0,
                                    "operator_timing": 0.0066234649999999924,
                                    "result_set_size": 4836,
                                    "children": [
                                        {
                                            "operator_name": "HASH_GROUP_BY",
                                            "cpu_time": 0.7862655489999997,
                                            "extra_info": {
                                                "Groups": "#0",
                                                "Aggregates": [
                                                    "count_star()",
                                                    "max(#1)"
                                                ],
                                                "Estimated Cardinality": "1179524"
                                            },
                                            "cumulative_cardinality": 9473094,
                                            "operator_type": "HASH_GROUP_BY",
                                            "operator_cardinality": 1807830,
                                            "cumulative_rows_scanned": 11795244,
                                            "operator_rows_scanned": 0,
                                            "operator_timing": 0.3054877959999998,
                                            "result_set_size": 36156600,
                                            "children": [
                                                {
                                                    "operator_name": "PROJECTION",
                                                    "cpu_time": 0.48077775299999986,
                                                    "extra_info": {
                                                        "Projections": [
                                                            "postid",
                                                            "creationdate"
                                                        ],
                                                        "Estimated Cardinality": "2359048"
                                                    },
                                                    "cumulative_cardinality": 7665264,
                                                    "operator_type": "PROJECTION",
                                                    "operator_cardinality": 3832632,
                                                    "cumulative_rows_scanned": 11795244,
                                                    "operator_rows_scanned": 0,
                                                    "operator_timing": 0.0009941960000000043,
                                                    "result_set_size": 45991584,
                                                    "children": [
                                                        {
                                                            "operator_name": "READ_PARQUET ",
                                                            "cpu_time": 0.47978355699999986,
                                                            "extra_info": {
                                                                "Function": "READ_PARQUET",
                                                                "Projections": [
                                                                    "postid",
                                                                    "creationdate"
                                                                ],
                                                                "Filters": "posthistorytypeid>=4 AND posthistorytypeid<=6",
                                                                "Estimated Cardinality": "2359048"
                                                            },
                                                            "cumulative_cardinality": 3832632,
                                                            "operator_type": "TABLE_SCAN",
                                                            "operator_cardinality": 3832632,
                                                            "cumulative_rows_scanned": 11795244,
                                                            "operator_rows_scanned": 11795244,
                                                            "operator_timing": 0.47978355699999986,
                                                            "result_set_size": 45991584,
                                                            "children": []
                                                        }
                                                    ]
                                                }
                                            ]
                                        },
                                        {
                                            "operator_name": "HASH_JOIN",
                                            "cpu_time": 1.7404081950000003,
                                            "extra_info": {
                                                "Join Type": "INNER",
                                                "Conditions": "UserId = owneruserid",
                                                "Estimated Cardinality": "30800"
                                            },
                                            "cumulative_cardinality": 14443510,
                                            "operator_type": "HASH_JOIN",
                                            "operator_cardinality": 31,
                                            "cumulative_rows_scanned": 25287469,
                                            "operator_rows_scanned": 0,
                                            "operator_timing": 0.0047160890000000006,
                                            "result_set_size": 4216,
                                            "children": [
                                                {
                                                    "operator_name": "HASH_GROUP_BY",
                                                    "cpu_time": 0.4670295560000004,
                                                    "extra_info": {
                                                        "Groups": "#0",
                                                        "Aggregates": [
                                                            "count(#1)",
                                                            "count(#2)",
                                                            "count(#3)"
                                                        ],
                                                        "Estimated Cardinality": "1260710"
                                                    },
                                                    "cumulative_cardinality": 13943290,
                                                    "operator_type": "HASH_GROUP_BY",
                                                    "operator_cardinality": 1260679,
                                                    "cumulative_rows_scanned": 3582434,
                                                    "operator_rows_scanned": 0,
                                                    "operator_timing": 0.22032888500000014,
                                                    "result_set_size": 35299012,
                                                    "children": [
                                                        {
                                                            "operator_name": "PROJECTION",
                                                            "cpu_time": 0.24670067100000026,
                                                            "extra_info": {
                                                                "Projections": [
                                                                    "id",
                                                                    "CASE  WHEN ((class = 1)) THEN (1) ELSE NULL END",
                                                                    "CASE  WHEN ((class = 2)) THEN (1) ELSE NULL END",
                                                                    "CASE  WHEN ((class = 3)) THEN (1) ELSE NULL END"
                                                                ],
                                                                "Estimated Cardinality": "2321724"
                                                            },
                                                            "cumulative_cardinality": 12682611,
                                                            "operator_type": "PROJECTION",
                                                            "operator_cardinality": 3033382,
                                                            "cumulative_rows_scanned": 3582434,
                                                            "operator_rows_scanned": 0,
                                                            "operator_timing": 0.015696982,
                                                            "result_set_size": 48534112,
                                                            "children": [
                                                                {
                                                                    "operator_name": "FILTER",
                                                                    "cpu_time": 0.23100368900000026,
                                                                    "extra_info": {
                                                                        "Expression": "(id <= 1416539)",
                                                                        "Estimated Cardinality": "2321724"
                                                                    },
                                                                    "cumulative_cardinality": 9649229,
                                                                    "operator_type": "FILTER",
                                                                    "operator_cardinality": 3033382,
                                                                    "cumulative_rows_scanned": 3582434,
                                                                    "operator_rows_scanned": 0,
                                                                    "operator_timing": 0.003707557999999991,
                                                                    "result_set_size": 18200292,
                                                                    "children": [
                                                                        {
                                                                            "operator_name": "HASH_JOIN",
                                                                            "cpu_time": 0.22729613100000026,
                                                                            "extra_info": {
                                                                                "Join Type": "RIGHT",
                                                                                "Conditions": "userid = id",
                                                                                "Estimated Cardinality": "2321724"
                                                                            },
                                                                            "cumulative_cardinality": 6615847,
                                                                            "operator_type": "HASH_JOIN",
                                                                            "operator_cardinality": 3033413,
                                                                            "cumulative_rows_scanned": 3582434,
                                                                            "operator_rows_scanned": 0,
                                                                            "operator_timing": 0.1769262200000002,
                                                                            "result_set_size": 18200478,
                                                                            "children": [
                                                                                {
                                                                                    "operator_name": "READ_PARQUET ",
                                                                                    "cpu_time": 0.04335701400000009,
                                                                                    "extra_info": {
                                                                                        "Function": "READ_PARQUET",
                                                                                        "Projections": [
                                                                                            "userid",
                                                                                            "class"
                                                                                        ],
                                                                                        "Estimated Cardinality": "2321724"
                                                                                    },
                                                                                    "cumulative_cardinality": 2321724,
                                                                                    "operator_type": "TABLE_SCAN",
                                                                                    "operator_cardinality": 2321724,
                                                                                    "cumulative_rows_scanned": 2321724,
                                                                                    "operator_rows_scanned": 2321724,
                                                                                    "operator_timing": 0.04335701400000009,
                                                                                    "result_set_size": 13930344,
                                                                                    "children": []
                                                                                },
                                                                                {
                                                                                    "operator_name": "READ_PARQUET ",
                                                                                    "cpu_time": 0.0070128969999999945,
                                                                                    "extra_info": {
                                                                                        "Function": "READ_PARQUET",
                                                                                        "Projections": "id",
                                                                                        "Estimated Cardinality": "1260710"
                                                                                    },
                                                                                    "cumulative_cardinality": 1260710,
                                                                                    "operator_type": "TABLE_SCAN",
                                                                                    "operator_cardinality": 1260710,
                                                                                    "cumulative_rows_scanned": 1260710,
                                                                                    "operator_rows_scanned": 1260710,
                                                                                    "operator_timing": 0.0070128969999999945,
                                                                                    "result_set_size": 5042840,
                                                                                    "children": []
                                                                                }
                                                                            ]
                                                                        }
                                                                    ]
                                                                }
                                                            ]
                                                        }
                                                    ]
                                                },
                                                {
                                                    "operator_name": "HASH_JOIN",
                                                    "cpu_time": 1.26866255,
                                                    "extra_info": {
                                                        "Join Type": "INNER",
                                                        "Conditions": "owneruserid = id",
                                                        "Estimated Cardinality": "30800"
                                                    },
                                                    "cumulative_cardinality": 500189,
                                                    "operator_type": "HASH_JOIN",
                                                    "operator_cardinality": 31,
                                                    "cumulative_rows_scanned": 21705035,
                                                    "operator_rows_scanned": 0,
                                                    "operator_timing": 0.013285524999999996,
                                                    "result_set_size": 3348,
                                                    "children": [
                                                        {
                                                            "operator_name": "HASH_JOIN",
                                                            "cpu_time": 1.190013678,
                                                            "extra_info": {
                                                                "Join Type": "INNER",
                                                                "Conditions": "id = PostId",
                                                                "Estimated Cardinality": "154004"
                                                            },
                                                            "cumulative_cardinality": 111380,
                                                            "operator_type": "HASH_JOIN",
                                                            "operator_cardinality": 31,
                                                            "cumulative_rows_scanned": 20444325,
                                                            "operator_rows_scanned": 0,
                                                            "operator_timing": 0.000272728,
                                                            "result_set_size": 2604,
                                                            "children": [
                                                                {
                                                                    "operator_name": "READ_PARQUET ",
                                                                    "cpu_time": 1.157016594,
                                                                    "extra_info": {
                                                                        "Function": "READ_PARQUET",
                                                                        "Projections": [
                                                                            "id",
                                                                            "body",
                                                                            "owneruserid",
                                                                            "title"
                                                                        ],
                                                                        "Filters": "posttypeid=1",
                                                                        "Estimated Cardinality": "770023"
                                                                    },
                                                                    "cumulative_cardinality": 4673,
                                                                    "operator_type": "TABLE_SCAN",
                                                                    "operator_cardinality": 4673,
                                                                    "cumulative_rows_scanned": 3850116,
                                                                    "operator_rows_scanned": 3850116,
                                                                    "operator_timing": 1.157016594,
                                                                    "result_set_size": 186920,
                                                                    "children": []
                                                                },
                                                                {
                                                                    "operator_name": "FILTER",
                                                                    "cpu_time": 0.032724355999999996,
                                                                    "extra_info": {
                                                                        "Expression": "((UpVotes - DownVotes) > 10)",
                                                                        "Estimated Cardinality": "770023"
                                                                    },
                                                                    "cumulative_cardinality": 106676,
                                                                    "operator_type": "FILTER",
                                                                    "operator_cardinality": 97,
                                                                    "cumulative_rows_scanned": 16594209,
                                                                    "operator_rows_scanned": 0,
                                                                    "operator_timing": 0.000078187,
                                                                    "result_set_size": 4268,
                                                                    "children": [
                                                                        {
                                                                            "operator_name": "FILTER",
                                                                            "cpu_time": 0.032646168999999996,
                                                                            "extra_info": {
                                                                                "Expression": "(TotalVotes > 0)",
                                                                                "Estimated Cardinality": "770023"
                                                                            },
                                                                            "cumulative_cardinality": 106579,
                                                                            "operator_type": "FILTER",
                                                                            "operator_cardinality": 9927,
                                                                            "cumulative_rows_scanned": 16594209,
                                                                            "operator_rows_scanned": 0,
                                                                            "operator_timing": 0.000013645,
                                                                            "result_set_size": 436788,
                                                                            "children": [
                                                                                {
                                                                                    "operator_name": "HASH_GROUP_BY",
                                                                                    "cpu_time": 0.032632523999999996,
                                                                                    "extra_info": {
                                                                                        "Groups": "#0",
                                                                                        "Aggregates": [
                                                                                            "sum(#1)",
                                                                                            "sum(#2)",
                                                                                            "count_star()"
                                                                                        ],
                                                                                        "Estimated Cardinality": "3850116"
                                                                                    },
                                                                                    "cumulative_cardinality": 96652,
                                                                                    "operator_type": "HASH_GROUP_BY",
                                                                                    "operator_cardinality": 9927,
                                                                                    "cumulative_rows_scanned": 16594209,
                                                                                    "operator_rows_scanned": 0,
                                                                                    "operator_timing": 0.0017403899999999999,
                                                                                    "result_set_size": 436788,
                                                                                    "children": [
                                                                                        {
                                                                                            "operator_name": "PROJECTION",
                                                                                            "cpu_time": 0.030892133999999998,
                                                                                            "extra_info": {
                                                                                                "Projections": [
                                                                                                    "id",
                                                                                                    "CASE  WHEN ((votetypeid = 2)) THEN (1) ELSE 0 END",
                                                                                                    "CASE  WHEN ((votetypeid = 3)) THEN (1) ELSE 0 END"
                                                                                                ],
                                                                                                "Estimated Cardinality": "12744093"
                                                                                            },
                                                                                            "cumulative_cardinality": 86725,
                                                                                            "operator_type": "PROJECTION",
                                                                                            "operator_cardinality": 23952,
                                                                                            "cumulative_rows_scanned": 16594209,
                                                                                            "operator_rows_scanned": 0,
                                                                                            "operator_timing": 0.000269613,
                                                                                            "result_set_size": 287424,
                                                                                            "children": [
                                                                                                {
                                                                                                    "operator_name": "HASH_JOIN",
                                                                                                    "cpu_time": 0.030622521,
                                                                                                    "extra_info": {
                                                                                                        "Join Type": "RIGHT",
                                                                                                        "Conditions": "postid = id",
                                                                                                        "Estimated Cardinality": "12744093"
                                                                                                    },
                                                                                                    "cumulative_cardinality": 62773,
                                                                                                    "operator_type": "HASH_JOIN",
                                                                                                    "operator_cardinality": 23952,
                                                                                                    "cumulative_rows_scanned": 16594209,
                                                                                                    "operator_rows_scanned": 0,
                                                                                                    "operator_timing": 0.0011050080000000002,
                                                                                                    "result_set_size": 143712,
                                                                                                    "children": [
                                                                                                        {
                                                                                                            "operator_name": "READ_PARQUET ",
                                                                                                            "cpu_time": 0.015429530999999996,
                                                                                                            "extra_info": {
                                                                                                                "Function": "READ_PARQUET",
                                                                                                                "Projections": [
                                                                                                                    "postid",
                                                                                                                    "votetypeid"
                                                                                                                ],
                                                                                                                "Estimated Cardinality": "12744093"
                                                                                                            },
                                                                                                            "cumulative_cardinality": 28894,
                                                                                                            "operator_type": "TABLE_SCAN",
                                                                                                            "operator_cardinality": 28894,
                                                                                                            "cumulative_rows_scanned": 12744093,
                                                                                                            "operator_rows_scanned": 12744093,
                                                                                                            "operator_timing": 0.015429530999999996,
                                                                                                            "result_set_size": 173364,
                                                                                                            "children": []
                                                                                                        },
                                                                                                        {
                                                                                                            "operator_name": "READ_PARQUET ",
                                                                                                            "cpu_time": 0.014087982,
                                                                                                            "extra_info": {
                                                                                                                "Function": "READ_PARQUET",
                                                                                                                "Projections": "id",
                                                                                                                "Filters": "creationdate>='2024-09-01 12:34:56'::TIMESTAMP",
                                                                                                                "Estimated Cardinality": "770023"
                                                                                                            },
                                                                                                            "cumulative_cardinality": 9927,
                                                                                                            "operator_type": "TABLE_SCAN",
                                                                                                            "operator_cardinality": 9927,
                                                                                                            "cumulative_rows_scanned": 3850116,
                                                                                                            "operator_rows_scanned": 3850116,
                                                                                                            "operator_timing": 0.014087982,
                                                                                                            "result_set_size": 39708,
                                                                                                            "children": []
                                                                                                        }
                                                                                                    ]
                                                                                                }
                                                                                            ]
                                                                                        }
                                                                                    ]
                                                                                }
                                                                            ]
                                                                        }
                                                                    ]
                                                                }
                                                            ]
                                                        },
                                                        {
                                                            "operator_name": "FILTER",
                                                            "cpu_time": 0.06536334700000004,
                                                            "extra_info": {
                                                                "Expression": "(id <= 1416539)",
                                                                "Estimated Cardinality": "252142"
                                                            },
                                                            "cumulative_cardinality": 388778,
                                                            "operator_type": "FILTER",
                                                            "operator_cardinality": 194389,
                                                            "cumulative_rows_scanned": 1260710,
                                                            "operator_rows_scanned": 0,
                                                            "operator_timing": 0.0007094719999999995,
                                                            "result_set_size": 4665336,
                                                            "children": [
                                                                {
                                                                    "operator_name": "READ_PARQUET ",
                                                                    "cpu_time": 0.06465387500000004,
                                                                    "extra_info": {
                                                                        "Function": "READ_PARQUET",
                                                                        "Projections": [
                                                                            "id",
                                                                            "reputation",
                                                                            "displayname"
                                                                        ],
                                                                        "Filters": "reputation>100",
                                                                        "Estimated Cardinality": "252142"
                                                                    },
                                                                    "cumulative_cardinality": 194389,
                                                                    "operator_type": "TABLE_SCAN",
                                                                    "operator_cardinality": 194389,
                                                                    "cumulative_rows_scanned": 1260710,
                                                                    "operator_rows_scanned": 1260710,
                                                                    "operator_timing": 0.06465387500000004,
                                                                    "result_set_size": 4665336,
                                                                    "children": []
                                                                }
                                                            ]
                                                        }
                                                    ]
                                                }
                                            ]
                                        }
                                    ]
                                }
                            ]
                        }
                    ]
                }
            ]
        }
    ]
}