{
    "rows_returned": 62575,
    "query_name": "WITH UserPostStatistics AS (\n    SELECT \n        u.Id AS UserId,\n        u.DisplayName,\n        COUNT(DISTINCT p.Id) AS TotalPosts,\n        SUM(CASE WHEN p.PostTypeId = 1 THEN 1 ELSE 0 END) AS TotalQuestions,\n        SUM(CASE WHEN p.PostTypeId = 2 THEN 1 ELSE 0 END) AS TotalAnswers,\n        COALESCE(SUM(v.BountyAmount), 0) AS TotalBounty\n    FROM Users u\n    LEFT JOIN Posts p ON u.Id = p.OwnerUserId\n    LEFT JOIN Votes v ON v.UserId = u.Id\n    GROUP BY u.Id, u.DisplayName\n),\nTopUsers AS (\n    SELECT \n        UserId,\n        DisplayName,\n        TotalPosts,\n        TotalQuestions,\n        TotalAnswers,\n        TotalBounty,\n        RANK() OVER (ORDER BY TotalPosts DESC) AS PostRank\n    FROM UserPostStatistics\n),\nClosedPostStatistics AS (\n    SELECT \n        ph.UserId,\n        COUNT(ph.Id) AS TotalClosedPosts,\n        MAX(ph.CreationDate) AS LastClosedDate\n    FROM PostHistory ph\n    WHERE ph.PostHistoryTypeId IN (10, 11) \n    GROUP BY ph.UserId\n),\nFinalStatistics AS (\n    SELECT \n        tu.UserId,\n        tu.DisplayName,\n        tu.TotalPosts,\n        tu.TotalQuestions,\n        tu.TotalAnswers,\n        tu.TotalBounty,\n        COALESCE(cps.TotalClosedPosts, 0) AS TotalClosedPosts,\n        cps.LastClosedDate\n    FROM TopUsers tu\n    LEFT JOIN ClosedPostStatistics cps ON tu.UserId = cps.UserId\n)\nSELECT \n    *,\n    CASE \n        WHEN TotalClosedPosts > 0 THEN 'Active Contributor'\n        ELSE 'New Contributor'\n    END AS ContributorStatus\nFROM FinalStatistics\nWHERE TotalPosts > 5\nORDER BY TotalPosts DESC, TotalBounty DESC;",
    "blocked_thread_time": 0.0,
    "cpu_time": 4.95934382399999,
    "extra_info": {},
    "cumulative_cardinality": 77467826,
    "cumulative_rows_scanned": 29650163,
    "result_set_size": 6758100,
    "latency": 6.62182313,
    "children": [
        {
            "operator_name": "ORDER_BY",
            "cpu_time": 4.95934382399999,
            "extra_info": {
                "Order By": [
                    "FinalStatistics.TotalPosts DESC",
                    "FinalStatistics.TotalBounty DESC"
                ]
            },
            "cumulative_cardinality": 77467826,
            "operator_type": "ORDER_BY",
            "operator_cardinality": 62575,
            "cumulative_rows_scanned": 29650163,
            "operator_rows_scanned": 0,
            "operator_timing": 0.006562704000000002,
            "result_set_size": 6758100,
            "children": [
                {
                    "operator_name": "PROJECTION",
                    "cpu_time": 4.952781119999989,
                    "extra_info": {
                        "Projections": [
                            "UserId",
                            "displayname",
                            "TotalPosts",
                            "TotalQuestions",
                            "TotalAnswers",
                            "TotalBounty",
                            "TotalClosedPosts",
                            "LastClosedDate",
                            "ContributorStatus"
                        ],
                        "Estimated Cardinality": "1179524"
                    },
                    "cumulative_cardinality": 77405251,
                    "operator_type": "PROJECTION",
                    "operator_cardinality": 62575,
                    "cumulative_rows_scanned": 29650163,
                    "operator_rows_scanned": 0,
                    "operator_timing": 0.00011163500000000004,
                    "result_set_size": 6758100,
                    "children": [
                        {
                            "operator_name": "PROJECTION",
                            "cpu_time": 4.95266948499999,
                            "extra_info": {
                                "Projections": [
                                    "UserId",
                                    "displayname",
                                    "TotalPosts",
                                    "TotalQuestions",
                                    "TotalAnswers",
                                    "TotalBounty",
                                    "TotalClosedPosts",
                                    "LastClosedDate"
                                ],
                                "Estimated Cardinality": "1179524"
                            },
                            "cumulative_cardinality": 77342676,
                            "operator_type": "PROJECTION",
                            "operator_cardinality": 62575,
                            "cumulative_rows_scanned": 29650163,
                            "operator_rows_scanned": 0,
                            "operator_timing": 0.00034992199999999996,
                            "result_set_size": 5756900,
                            "children": [
                                {
                                    "operator_name": "HASH_JOIN",
                                    "cpu_time": 4.95231956299999,
                                    "extra_info": {
                                        "Join Type": "RIGHT",
                                        "Conditions": "userid = UserId",
                                        "Estimated Cardinality": "1179524"
                                    },
                                    "cumulative_cardinality": 77280101,
                                    "operator_type": "HASH_JOIN",
                                    "operator_cardinality": 62575,
                                    "cumulative_rows_scanned": 29650163,
                                    "operator_rows_scanned": 0,
                                    "operator_timing": 0.006456422,
                                    "result_set_size": 5756900,
                                    "children": [
                                        {
                                            "operator_name": "HASH_GROUP_BY",
                                            "cpu_time": 0.38985709100000027,
                                            "extra_info": {
                                                "Groups": "#0",
                                                "Aggregates": [
                                                    "count_star()",
                                                    "max(#1)"
                                                ],
                                                "Estimated Cardinality": "1179524"
                                            },
                                            "cumulative_cardinality": 263118,
                                            "operator_type": "HASH_GROUP_BY",
                                            "operator_cardinality": 170,
                                            "cumulative_rows_scanned": 11795244,
                                            "operator_rows_scanned": 0,
                                            "operator_timing": 0.018890745000000028,
                                            "result_set_size": 3400,
                                            "children": [
                                                {
                                                    "operator_name": "PROJECTION",
                                                    "cpu_time": 0.3709663460000002,
                                                    "extra_info": {
                                                        "Projections": [
                                                            "userid",
                                                            "creationdate"
                                                        ],
                                                        "Estimated Cardinality": "2359048"
                                                    },
                                                    "cumulative_cardinality": 262948,
                                                    "operator_type": "PROJECTION",
                                                    "operator_cardinality": 131474,
                                                    "cumulative_rows_scanned": 11795244,
                                                    "operator_rows_scanned": 0,
                                                    "operator_timing": 0.0006886370000000056,
                                                    "result_set_size": 1577688,
                                                    "children": [
                                                        {
                                                            "operator_name": "READ_PARQUET ",
                                                            "cpu_time": 0.37027770900000023,
                                                            "extra_info": {
                                                                "Function": "READ_PARQUET",
                                                                "Projections": [
                                                                    "id",
                                                                    "creationdate",
                                                                    "userid"
                                                                ],
                                                                "Filters": "posthistorytypeid>=10 AND posthistorytypeid<=11",
                                                                "Estimated Cardinality": "2359048"
                                                            },
                                                            "cumulative_cardinality": 131474,
                                                            "operator_type": "TABLE_SCAN",
                                                            "operator_cardinality": 131474,
                                                            "cumulative_rows_scanned": 11795244,
                                                            "operator_rows_scanned": 11795244,
                                                            "operator_timing": 0.37027770900000023,
                                                            "result_set_size": 2103584,
                                                            "children": []
                                                        }
                                                    ]
                                                }
                                            ]
                                        },
                                        {
                                            "operator_name": "PROJECTION",
                                            "cpu_time": 4.55600604999999,
                                            "extra_info": {
                                                "Projections": [
                                                    "#0",
                                                    "#1",
                                                    "#2",
                                                    "#3",
                                                    "#4",
                                                    "#5"
                                                ],
                                                "Estimated Cardinality": "252142"
                                            },
                                            "cumulative_cardinality": 76954408,
                                            "operator_type": "PROJECTION",
                                            "operator_cardinality": 62575,
                                            "cumulative_rows_scanned": 17854919,
                                            "operator_rows_scanned": 0,
                                            "operator_timing": 0.000012595000000000004,
                                            "result_set_size": 4755700,
                                            "children": [
                                                {
                                                    "operator_name": "FILTER",
                                                    "cpu_time": 4.55599345499999,
                                                    "extra_info": {
                                                        "Expression": "(TotalPosts > 5)",
                                                        "Estimated Cardinality": "252142"
                                                    },
                                                    "cumulative_cardinality": 76891833,
                                                    "operator_type": "FILTER",
                                                    "operator_cardinality": 62575,
                                                    "cumulative_rows_scanned": 17854919,
                                                    "operator_rows_scanned": 0,
                                                    "operator_timing": 0.0017380899999999973,
                                                    "result_set_size": 5256300,
                                                    "children": [
                                                        {
                                                            "operator_name": "PROJECTION",
                                                            "cpu_time": 4.55425536499999,
                                                            "extra_info": {
                                                                "Projections": [
                                                                    "#0",
                                                                    "#1",
                                                                    "#2",
                                                                    "#3",
                                                                    "#4",
                                                                    "#5",
                                                                    "#6"
                                                                ],
                                                                "Estimated Cardinality": "1260710"
                                                            },
                                                            "cumulative_cardinality": 76829258,
                                                            "operator_type": "PROJECTION",
                                                            "operator_cardinality": 1260710,
                                                            "cumulative_rows_scanned": 17854919,
                                                            "operator_rows_scanned": 0,
                                                            "operator_timing": 0.0001807750000000005,
                                                            "result_set_size": 105899640,
                                                            "children": [
                                                                {
                                                                    "operator_name": "WINDOW",
                                                                    "cpu_time": 4.55407458999999,
                                                                    "extra_info": {
                                                                        "Projections": "RANK() OVER (ORDER BY TotalPosts DESC NULLS LAST)"
                                                                    },
                                                                    "cumulative_cardinality": 75568548,
                                                                    "operator_type": "WINDOW",
                                                                    "operator_cardinality": 1260710,
                                                                    "cumulative_rows_scanned": 17854919,
                                                                    "operator_rows_scanned": 0,
                                                                    "operator_timing": 0.15794791699999994,
                                                                    "result_set_size": 105899640,
                                                                    "children": [
                                                                        {
                                                                            "operator_name": "PROJECTION",
                                                                            "cpu_time": 4.396126672999991,
                                                                            "extra_info": {
                                                                                "Projections": [
                                                                                    "UserId",
                                                                                    "displayname",
                                                                                    "TotalPosts",
                                                                                    "TotalQuestions",
                                                                                    "TotalAnswers",
                                                                                    "TotalBounty"
                                                                                ],
                                                                                "Estimated Cardinality": "1260710"
                                                                            },
                                                                            "cumulative_cardinality": 74307838,
                                                                            "operator_type": "PROJECTION",
                                                                            "operator_cardinality": 1260710,
                                                                            "cumulative_rows_scanned": 17854919,
                                                                            "operator_rows_scanned": 0,
                                                                            "operator_timing": 0.009176358999999999,
                                                                            "result_set_size": 95813960,
                                                                            "children": [
                                                                                {
                                                                                    "operator_name": "HASH_GROUP_BY",
                                                                                    "cpu_time": 4.386950313999991,
                                                                                    "extra_info": {
                                                                                        "Groups": [
                                                                                            "#0",
                                                                                            "#1"
                                                                                        ],
                                                                                        "Aggregates": [
                                                                                            "count(DISTINCT #2)",
                                                                                            "sum(#3)",
                                                                                            "sum(#4)",
                                                                                            "sum(#5)"
                                                                                        ],
                                                                                        "Estimated Cardinality": "1260710"
                                                                                    },
                                                                                    "cumulative_cardinality": 73047128,
                                                                                    "operator_type": "HASH_GROUP_BY",
                                                                                    "operator_cardinality": 1260710,
                                                                                    "cumulative_rows_scanned": 17854919,
                                                                                    "operator_rows_scanned": 0,
                                                                                    "operator_timing": 2.2683360039999965,
                                                                                    "result_set_size": 95813960,
                                                                                    "children": [
                                                                                        {
                                                                                            "operator_name": "PROJECTION",
                                                                                            "cpu_time": 2.118614309999995,
                                                                                            "extra_info": {
                                                                                                "Projections": [
                                                                                                    "id",
                                                                                                    "displayname",
                                                                                                    "id",
                                                                                                    "CASE  WHEN ((posttypeid = 1)) THEN (1) ELSE 0 END",
                                                                                                    "CASE  WHEN ((posttypeid = 2)) THEN (1) ELSE 0 END",
                                                                                                    "bountyamount"
                                                                                                ],
                                                                                                "Estimated Cardinality": "12744093"
                                                                                            },
                                                                                            "cumulative_cardinality": 71786418,
                                                                                            "operator_type": "PROJECTION",
                                                                                            "operator_cardinality": 19217005,
                                                                                            "cumulative_rows_scanned": 17854919,
                                                                                            "operator_rows_scanned": 0,
                                                                                            "operator_timing": 0.08065412400000037,
                                                                                            "result_set_size": 691812180,
                                                                                            "children": [
                                                                                                {
                                                                                                    "operator_name": "PROJECTION",
                                                                                                    "cpu_time": 2.0379601859999945,
                                                                                                    "extra_info": {
                                                                                                        "Projections": [
                                                                                                            "#0",
                                                                                                            "#1",
                                                                                                            "__internal_decompress_integral_smallint(#2, 1)",
                                                                                                            "#3",
                                                                                                            "#4"
                                                                                                        ],
                                                                                                        "Estimated Cardinality": "12744093"
                                                                                                    },
                                                                                                    "cumulative_cardinality": 52569413,
                                                                                                    "operator_type": "PROJECTION",
                                                                                                    "operator_cardinality": 19217005,
                                                                                                    "cumulative_rows_scanned": 17854919,
                                                                                                    "operator_rows_scanned": 0,
                                                                                                    "operator_timing": 0.010398554999999789,
                                                                                                    "result_set_size": 576510150,
                                                                                                    "children": [
                                                                                                        {
                                                                                                            "operator_name": "HASH_JOIN",
                                                                                                            "cpu_time": 2.027561630999995,
                                                                                                            "extra_info": {
                                                                                                                "Join Type": "RIGHT",
                                                                                                                "Conditions": "userid = id",
                                                                                                                "Estimated Cardinality": "12744093"
                                                                                                            },
                                                                                                            "cumulative_cardinality": 33352408,
                                                                                                            "operator_type": "HASH_JOIN",
                                                                                                            "operator_cardinality": 19217005,
                                                                                                            "cumulative_rows_scanned": 17854919,
                                                                                                            "operator_rows_scanned": 0,
                                                                                                            "operator_timing": 1.4296111539999947,
                                                                                                            "result_set_size": 557293145,
                                                                                                            "children": [
                                                                                                                {
                                                                                                                    "operator_name": "READ_PARQUET ",
                                                                                                                    "cpu_time": 0.14509395699999997,
                                                                                                                    "extra_info": {
                                                                                                                        "Function": "READ_PARQUET",
                                                                                                                        "Projections": [
                                                                                                                            "userid",
                                                                                                                            "bountyamount"
                                                                                                                        ],
                                                                                                                        "Estimated Cardinality": "12744093"
                                                                                                                    },
                                                                                                                    "cumulative_cardinality": 40287,
                                                                                                                    "operator_type": "TABLE_SCAN",
                                                                                                                    "operator_cardinality": 40287,
                                                                                                                    "cumulative_rows_scanned": 12744093,
                                                                                                                    "operator_rows_scanned": 12744093,
                                                                                                                    "operator_timing": 0.14509395699999997,
                                                                                                                    "result_set_size": 322296,
                                                                                                                    "children": []
                                                                                                                },
                                                                                                                {
                                                                                                                    "operator_name": "PROJECTION",
                                                                                                                    "cpu_time": 0.4528565200000003,
                                                                                                                    "extra_info": {
                                                                                                                        "Projections": [
                                                                                                                            "#0",
                                                                                                                            "__internal_compress_integral_utinyint(#1, 1)",
                                                                                                                            "#2",
                                                                                                                            "#3"
                                                                                                                        ],
                                                                                                                        "Estimated Cardinality": "3850116"
                                                                                                                    },
                                                                                                                    "cumulative_cardinality": 14095116,
                                                                                                                    "operator_type": "PROJECTION",
                                                                                                                    "operator_cardinality": 4574495,
                                                                                                                    "cumulative_rows_scanned": 5110826,
                                                                                                                    "operator_rows_scanned": 0,
                                                                                                                    "operator_timing": 0.0021635540000000016,
                                                                                                                    "result_set_size": 114362375,
                                                                                                                    "children": [
                                                                                                                        {
                                                                                                                            "operator_name": "HASH_JOIN",
                                                                                                                            "cpu_time": 0.4506929660000003,
                                                                                                                            "extra_info": {
                                                                                                                                "Join Type": "RIGHT",
                                                                                                                                "Conditions": "owneruserid = id",
                                                                                                                                "Estimated Cardinality": "3850116"
                                                                                                                            },
                                                                                                                            "cumulative_cardinality": 9520621,
                                                                                                                            "operator_type": "HASH_JOIN",
                                                                                                                            "operator_cardinality": 4574495,
                                                                                                                            "cumulative_rows_scanned": 5110826,
                                                                                                                            "operator_rows_scanned": 0,
                                                                                                                            "operator_timing": 0.2635755640000004,
                                                                                                                            "result_set_size": 118936870,
                                                                                                                            "children": [
                                                                                                                                {
                                                                                                                                    "operator_name": "READ_PARQUET ",
                                                                                                                                    "cpu_time": 0.1104287069999999,
                                                                                                                                    "extra_info": {
                                                                                                                                        "Function": "READ_PARQUET",
                                                                                                                                        "Projections": [
                                                                                                                                            "id",
                                                                                                                                            "posttypeid",
                                                                                                                                            "owneruserid"
                                                                                                                                        ],
                                                                                                                                        "Estimated Cardinality": "3850116"
                                                                                                                                    },
                                                                                                                                    "cumulative_cardinality": 3685416,
                                                                                                                                    "operator_type": "TABLE_SCAN",
                                                                                                                                    "operator_cardinality": 3685416,
                                                                                                                                    "cumulative_rows_scanned": 3850116,
                                                                                                                                    "operator_rows_scanned": 3850116,
                                                                                                                                    "operator_timing": 0.1104287069999999,
                                                                                                                                    "result_set_size": 36854160,
                                                                                                                                    "children": []
                                                                                                                                },
                                                                                                                                {
                                                                                                                                    "operator_name": "READ_PARQUET ",
                                                                                                                                    "cpu_time": 0.07668869500000004,
                                                                                                                                    "extra_info": {
                                                                                                                                        "Function": "READ_PARQUET",
                                                                                                                                        "Projections": [
                                                                                                                                            "id",
                                                                                                                                            "displayname"
                                                                                                                                        ],
                                                                                                                                        "Estimated Cardinality": "1260710"
                                                                                                                                    },
                                                                                                                                    "cumulative_cardinality": 1260710,
                                                                                                                                    "operator_type": "TABLE_SCAN",
                                                                                                                                    "operator_cardinality": 1260710,
                                                                                                                                    "cumulative_rows_scanned": 1260710,
                                                                                                                                    "operator_rows_scanned": 1260710,
                                                                                                                                    "operator_timing": 0.07668869500000004,
                                                                                                                                    "result_set_size": 25214200,
                                                                                                                                    "children": []
                                                                                                                                }
                                                                                                                            ]
                                                                                                                        }
                                                                                                                    ]
                                                                                                                }
                                                                                                            ]
                                                                                                        }
                                                                                                    ]
                                                                                                }
                                                                                            ]
                                                                                        }
                                                                                    ]
                                                                                }
                                                                            ]
                                                                        }
                                                                    ]
                                                                }
                                                            ]
                                                        }
                                                    ]
                                                }
                                            ]
                                        }
                                    ]
                                }
                            ]
                        }
                    ]
                }
            ]
        }
    ]
}