{
    "rows_returned": 476,
    "query_name": "WITH RankedPosts AS (\n    SELECT \n        p.Id,\n        p.Title,\n        p.OwnerUserId,\n        COALESCE(SUM(CASE WHEN v.VoteTypeId = 2 THEN 1 ELSE 0 END) - \n                 SUM(CASE WHEN v.VoteTypeId = 3 THEN 1 ELSE 0 END), 0) AS Score,\n        ROW_NUMBER() OVER (PARTITION BY p.OwnerUserId ORDER BY COALESCE(SUM(CASE WHEN v.VoteTypeId = 2 THEN 1 ELSE 0 END) - \n                 SUM(CASE WHEN v.VoteTypeId = 3 THEN 1 ELSE 0 END), 0) DESC) AS PostRank\n    FROM \n        Posts p \n    LEFT JOIN \n        Votes v ON p.Id = v.PostId\n    GROUP BY \n        p.Id, p.Title, p.OwnerUserId\n),\nHighScoreUsers AS (\n    SELECT \n        u.Id AS UserId,\n        u.DisplayName,\n        u.Reputation\n    FROM \n        Users u\n    WHERE \n        u.Reputation > 1000\n)\nSELECT \n    u.DisplayName,\n    COUNT(p.Id) AS TotalPosts,\n    AVG(rp.Score) AS AverageScore\nFROM \n    HighScoreUsers u\nLEFT JOIN \n    RankedPosts rp ON u.UserId = rp.OwnerUserId\nLEFT JOIN \n    Posts p ON p.OwnerUserId = u.UserId\nGROUP BY \n    u.DisplayName\nHAVING \n    AVG(rp.Score) > 10\nORDER BY \n    AverageScore DESC;",
    "blocked_thread_time": 0.0,
    "cpu_time": 174.20541014294386,
    "extra_info": {},
    "cumulative_cardinality": 10635387685,
    "cumulative_rows_scanned": 21705035,
    "result_set_size": 15232,
    "latency": 187.429786554,
    "children": [
        {
            "operator_name": "ORDER_BY",
            "cpu_time": 174.20541014294386,
            "extra_info": {
                "Order By": "avg(rp.Score) DESC"
            },
            "cumulative_cardinality": 10635387685,
            "operator_type": "ORDER_BY",
            "operator_cardinality": 476,
            "cumulative_rows_scanned": 21705035,
            "operator_rows_scanned": 0,
            "operator_timing": 0.000108623,
            "result_set_size": 15232,
            "children": [
                {
                    "operator_name": "PROJECTION",
                    "cpu_time": 174.20530151994387,
                    "extra_info": {
                        "Projections": [
                            "displayname",
                            "TotalPosts",
                            "AverageScore"
                        ],
                        "Estimated Cardinality": "252142"
                    },
                    "cumulative_cardinality": 10635387209,
                    "operator_type": "PROJECTION",
                    "operator_cardinality": 476,
                    "cumulative_rows_scanned": 21705035,
                    "operator_rows_scanned": 0,
                    "operator_timing": 0.0000014240000000000003,
                    "result_set_size": 15232,
                    "children": [
                        {
                            "operator_name": "FILTER",
                            "cpu_time": 174.20530009594387,
                            "extra_info": {
                                "Expression": "(avg(Score) > 10.0)",
                                "Estimated Cardinality": "252142"
                            },
                            "cumulative_cardinality": 10635386733,
                            "operator_type": "FILTER",
                            "operator_cardinality": 476,
                            "cumulative_rows_scanned": 21705035,
                            "operator_rows_scanned": 0,
                            "operator_timing": 0.000085259,
                            "result_set_size": 15232,
                            "children": [
                                {
                                    "operator_name": "HASH_GROUP_BY",
                                    "cpu_time": 174.20521483694387,
                                    "extra_info": {
                                        "Groups": "#0",
                                        "Aggregates": [
                                            "avg(#1)",
                                            "count(#2)"
                                        ],
                                        "Estimated Cardinality": "1260710"
                                    },
                                    "cumulative_cardinality": 10635386257,
                                    "operator_type": "HASH_GROUP_BY",
                                    "operator_cardinality": 10559,
                                    "cumulative_rows_scanned": 21705035,
                                    "operator_rows_scanned": 0,
                                    "operator_timing": 135.383649188983,
                                    "result_set_size": 337888,
                                    "children": [
                                        {
                                            "operator_name": "PROJECTION",
                                            "cpu_time": 38.821565647960874,
                                            "extra_info": {
                                                "Projections": [
                                                    "displayname",
                                                    "Score",
                                                    "id"
                                                ],
                                                "Estimated Cardinality": "3850116"
                                            },
                                            "cumulative_cardinality": 10635375698,
                                            "operator_type": "PROJECTION",
                                            "operator_cardinality": 5287205398,
                                            "cumulative_rows_scanned": 21705035,
                                            "operator_rows_scanned": 0,
                                            "operator_timing": 0.420919529990236,
                                            "result_set_size": 190339394328,
                                            "children": [
                                                {
                                                    "operator_name": "HASH_JOIN",
                                                    "cpu_time": 38.40064611797064,
                                                    "extra_info": {
                                                        "Join Type": "LEFT",
                                                        "Conditions": "UserId = owneruserid",
                                                        "Estimated Cardinality": "3850116"
                                                    },
                                                    "cumulative_cardinality": 5348170300,
                                                    "operator_type": "HASH_JOIN",
                                                    "operator_cardinality": 5287205398,
                                                    "cumulative_rows_scanned": 21705035,
                                                    "operator_rows_scanned": 0,
                                                    "operator_timing": 33.65497953097064,
                                                    "result_set_size": 190339394328,
                                                    "children": [
                                                        {
                                                            "operator_name": "HASH_JOIN",
                                                            "cpu_time": 4.701134348999997,
                                                            "extra_info": {
                                                                "Join Type": "RIGHT",
                                                                "Conditions": "owneruserid = UserId",
                                                                "Estimated Cardinality": "3850116"
                                                            },
                                                            "cumulative_cardinality": 57114786,
                                                            "operator_type": "HASH_JOIN",
                                                            "operator_cardinality": 2396486,
                                                            "cumulative_rows_scanned": 17854919,
                                                            "operator_rows_scanned": 0,
                                                            "operator_timing": 0.0628022570000002,
                                                            "result_set_size": 86273496,
                                                            "children": [
                                                                {
                                                                    "operator_name": "PROJECTION",
                                                                    "cpu_time": 4.584412922999996,
                                                                    "extra_info": {
                                                                        "Projections": [
                                                                            "owneruserid",
                                                                            "Score"
                                                                        ],
                                                                        "Estimated Cardinality": "3850116"
                                                                    },
                                                                    "cumulative_cardinality": 54707085,
                                                                    "operator_type": "PROJECTION",
                                                                    "operator_cardinality": 3850116,
                                                                    "cumulative_rows_scanned": 16594209,
                                                                    "operator_rows_scanned": 0,
                                                                    "operator_timing": 0.05389308000000001,
                                                                    "result_set_size": 77002320,
                                                                    "children": [
                                                                        {
                                                                            "operator_name": "PROJECTION",
                                                                            "cpu_time": 4.530519842999996,
                                                                            "extra_info": {
                                                                                "Projections": [
                                                                                    "#0",
                                                                                    "#1",
                                                                                    "#2",
                                                                                    "#3",
                                                                                    "#4",
                                                                                    "#5"
                                                                                ],
                                                                                "Estimated Cardinality": "3850116"
                                                                            },
                                                                            "cumulative_cardinality": 50856969,
                                                                            "operator_type": "PROJECTION",
                                                                            "operator_cardinality": 3850116,
                                                                            "cumulative_rows_scanned": 16594209,
                                                                            "operator_rows_scanned": 0,
                                                                            "operator_timing": 0.0008236500000000014,
                                                                            "result_set_size": 246407424,
                                                                            "children": [
                                                                                {
                                                                                    "operator_name": "WINDOW",
                                                                                    "cpu_time": 4.529696192999996,
                                                                                    "extra_info": {
                                                                                        "Projections": "ROW_NUMBER() OVER (PARTITION BY owneruserid ORDER BY COALESCE((sum(CASE  WHEN ((votetypeid = CAST(2 AS SMALLINT))) THEN (CAST(1 AS INTEGER)) ELSE CAST(0 AS INTEGER) END) - sum(CASE  WHEN ((votetypeid = CAST(3 AS SMALLINT))) THEN (CAST(1 AS INTEGER)) ELSE CAST(0 AS INTEGER) END)), 0) DESC NULLS LAST)"
                                                                                    },
                                                                                    "cumulative_cardinality": 47006853,
                                                                                    "operator_type": "WINDOW",
                                                                                    "operator_cardinality": 3850116,
                                                                                    "cumulative_rows_scanned": 16594209,
                                                                                    "operator_rows_scanned": 0,
                                                                                    "operator_timing": 1.3550129849999994,
                                                                                    "result_set_size": 246407424,
                                                                                    "children": [
                                                                                        {
                                                                                            "operator_name": "HASH_GROUP_BY",
                                                                                            "cpu_time": 3.1746832079999967,
                                                                                            "extra_info": {
                                                                                                "Groups": [
                                                                                                    "#0",
                                                                                                    "#1",
                                                                                                    "#2"
                                                                                                ],
                                                                                                "Aggregates": [
                                                                                                    "sum(#3)",
                                                                                                    "sum(#4)"
                                                                                                ],
                                                                                                "Estimated Cardinality": "3850116"
                                                                                            },
                                                                                            "cumulative_cardinality": 43156737,
                                                                                            "operator_type": "HASH_GROUP_BY",
                                                                                            "operator_cardinality": 3850116,
                                                                                            "cumulative_rows_scanned": 16594209,
                                                                                            "operator_rows_scanned": 0,
                                                                                            "operator_timing": 1.6088978199999966,
                                                                                            "result_set_size": 215606496,
                                                                                            "children": [
                                                                                                {
                                                                                                    "operator_name": "PROJECTION",
                                                                                                    "cpu_time": 1.565785388,
                                                                                                    "extra_info": {
                                                                                                        "Projections": [
                                                                                                            "id",
                                                                                                            "title",
                                                                                                            "owneruserid",
                                                                                                            "CASE  WHEN ((votetypeid = 2)) THEN (1) ELSE 0 END",
                                                                                                            "CASE  WHEN ((votetypeid = 3)) THEN (1) ELSE 0 END"
                                                                                                        ],
                                                                                                        "Estimated Cardinality": "12744093"
                                                                                                    },
                                                                                                    "cumulative_cardinality": 39306621,
                                                                                                    "operator_type": "PROJECTION",
                                                                                                    "operator_cardinality": 11356206,
                                                                                                    "cumulative_rows_scanned": 16594209,
                                                                                                    "operator_rows_scanned": 0,
                                                                                                    "operator_timing": 0.08029610299999963,
                                                                                                    "result_set_size": 363398592,
                                                                                                    "children": [
                                                                                                        {
                                                                                                            "operator_name": "HASH_JOIN",
                                                                                                            "cpu_time": 1.4854892850000003,
                                                                                                            "extra_info": {
                                                                                                                "Join Type": "RIGHT",
                                                                                                                "Conditions": "postid = id",
                                                                                                                "Estimated Cardinality": "12744093"
                                                                                                            },
                                                                                                            "cumulative_cardinality": 27950415,
                                                                                                            "operator_type": "HASH_JOIN",
                                                                                                            "operator_cardinality": 11356206,
                                                                                                            "cumulative_rows_scanned": 16594209,
                                                                                                            "operator_rows_scanned": 0,
                                                                                                            "operator_timing": 0.9454779150000007,
                                                                                                            "result_set_size": 295261356,
                                                                                                            "children": [
                                                                                                                {
                                                                                                                    "operator_name": "READ_PARQUET ",
                                                                                                                    "cpu_time": 0.22130362099999942,
                                                                                                                    "extra_info": {
                                                                                                                        "Function": "READ_PARQUET",
                                                                                                                        "Projections": [
                                                                                                                            "postid",
                                                                                                                            "votetypeid"
                                                                                                                        ],
                                                                                                                        "Estimated Cardinality": "12744093"
                                                                                                                    },
                                                                                                                    "cumulative_cardinality": 12744093,
                                                                                                                    "operator_type": "TABLE_SCAN",
                                                                                                                    "operator_cardinality": 12744093,
                                                                                                                    "cumulative_rows_scanned": 12744093,
                                                                                                                    "operator_rows_scanned": 12744093,
                                                                                                                    "operator_timing": 0.22130362099999942,
                                                                                                                    "result_set_size": 76464558,
                                                                                                                    "children": []
                                                                                                                },
                                                                                                                {
                                                                                                                    "operator_name": "READ_PARQUET ",
                                                                                                                    "cpu_time": 0.3187077490000003,
                                                                                                                    "extra_info": {
                                                                                                                        "Function": "READ_PARQUET",
                                                                                                                        "Projections": [
                                                                                                                            "id",
                                                                                                                            "owneruserid",
                                                                                                                            "title"
                                                                                                                        ],
                                                                                                                        "Estimated Cardinality": "3850116"
                                                                                                                    },
                                                                                                                    "cumulative_cardinality": 3850116,
                                                                                                                    "operator_type": "TABLE_SCAN",
                                                                                                                    "operator_cardinality": 3850116,
                                                                                                                    "cumulative_rows_scanned": 3850116,
                                                                                                                    "operator_rows_scanned": 3850116,
                                                                                                                    "operator_timing": 0.3187077490000003,
                                                                                                                    "result_set_size": 92402784,
                                                                                                                    "children": []
                                                                                                                }
                                                                                                            ]
                                                                                                        }
                                                                                                    ]
                                                                                                }
                                                                                            ]
                                                                                        }
                                                                                    ]
                                                                                }
                                                                            ]
                                                                        }
                                                                    ]
                                                                },
                                                                {
                                                                    "operator_name": "READ_PARQUET ",
                                                                    "cpu_time": 0.05391916900000003,
                                                                    "extra_info": {
                                                                        "Function": "READ_PARQUET",
                                                                        "Projections": [
                                                                            "id",
                                                                            "displayname"
                                                                        ],
                                                                        "Filters": "reputation>1000",
                                                                        "Estimated Cardinality": "252142"
                                                                    },
                                                                    "cumulative_cardinality": 11215,
                                                                    "operator_type": "TABLE_SCAN",
                                                                    "operator_cardinality": 11215,
                                                                    "cumulative_rows_scanned": 1260710,
                                                                    "operator_rows_scanned": 1260710,
                                                                    "operator_timing": 0.05391916900000003,
                                                                    "result_set_size": 224300,
                                                                    "children": []
                                                                }
                                                            ]
                                                        },
                                                        {
                                                            "operator_name": "READ_PARQUET ",
                                                            "cpu_time": 0.04453223800000016,
                                                            "extra_info": {
                                                                "Function": "READ_PARQUET",
                                                                "Projections": [
                                                                    "id",
                                                                    "owneruserid"
                                                                ],
                                                                "Estimated Cardinality": "3850116"
                                                            },
                                                            "cumulative_cardinality": 3850116,
                                                            "operator_type": "TABLE_SCAN",
                                                            "operator_cardinality": 3850116,
                                                            "cumulative_rows_scanned": 3850116,
                                                            "operator_rows_scanned": 3850116,
                                                            "operator_timing": 0.04453223800000016,
                                                            "result_set_size": 30800928,
                                                            "children": []
                                                        }
                                                    ]
                                                }
                                            ]
                                        }
                                    ]
                                }
                            ]
                        }
                    ]
                }
            ]
        }
    ]
}