{
    "rows_returned": 35212,
    "query_name": "WITH RankedPosts AS (\n    SELECT \n        p.Id,\n        p.Title,\n        p.CreationDate,\n        p.OwnerDisplayName,\n        p.Score,\n        p.ViewCount,\n        COUNT(a.Id) AS AnswerCount,\n        RANK() OVER (PARTITION BY p.Id ORDER BY p.Score DESC) AS ScoreRank\n    FROM \n        Posts p\n    LEFT JOIN \n        Posts a ON p.Id = a.ParentId\n    WHERE \n        p.PostTypeId = 1 \n    GROUP BY \n        p.Id, p.Title, p.CreationDate, p.OwnerDisplayName, p.Score, p.ViewCount\n),\nPostHistoryWithTypes AS (\n    SELECT \n        ph.PostId,\n        MAX(CASE WHEN pht.Name = 'Post Closed' THEN ph.CreationDate END) AS LastCloseDate,\n        MAX(CASE WHEN pht.Name = 'Post Reopened' THEN ph.CreationDate END) AS LastReopenDate\n    FROM \n        PostHistory ph\n    JOIN \n        PostHistoryTypes pht ON ph.PostHistoryTypeId = pht.Id\n    GROUP BY \n        ph.PostId\n),\nUserVoteStats AS (\n    SELECT \n        v.PostId,\n        COUNT(CASE WHEN vt.Name = 'UpMod' THEN 1 END) AS UpVoteCount,\n        COUNT(CASE WHEN vt.Name = 'DownMod' THEN 1 END) AS DownVoteCount\n    FROM \n        Votes v\n    JOIN \n        VoteTypes vt ON v.VoteTypeId = vt.Id\n    GROUP BY \n        v.PostId\n)\nSELECT \n    rp.Id AS PostId,\n    rp.Title,\n    rp.CreationDate,\n    rp.OwnerDisplayName,\n    rp.Score,\n    rp.ViewCount,\n    rp.AnswerCount,\n    phwt.LastCloseDate,\n    phwt.LastReopenDate,\n    uvs.UpVoteCount,\n    uvs.DownVoteCount,\n    CASE \n        WHEN phwt.LastCloseDate IS NOT NULL AND phwt.LastReopenDate IS NULL THEN 'Closed' \n        WHEN phwt.LastReopenDate IS NOT NULL THEN 'Reopened' \n        ELSE 'Active' \n    END AS PostStatus\nFROM \n    RankedPosts rp\nLEFT JOIN \n    PostHistoryWithTypes phwt ON rp.Id = phwt.PostId\nLEFT JOIN \n    UserVoteStats uvs ON rp.Id = uvs.PostId\nWHERE \n    rp.Score > 10 \nORDER BY \n    rp.Score DESC,\n    rp.CreationDate ASC;",
    "blocked_thread_time": 0.0,
    "cpu_time": 4.831542805999996,
    "extra_info": {},
    "cumulative_cardinality": 99705870,
    "cumulative_rows_scanned": 32239618,
    "result_set_size": 3802896,
    "latency": 5.192116431,
    "children": [
        {
            "operator_name": "PROJECTION",
            "cpu_time": 4.831542805999996,
            "extra_info": {
                "Projections": [
                    "#0",
                    "#1",
                    "#2",
                    "#3",
                    "__internal_decompress_integral_integer(#4, 10)",
                    "#5",
                    "#6",
                    "#7",
                    "#8",
                    "#9",
                    "#10",
                    "__internal_decompress_string(#11)"
                ],
                "Estimated Cardinality": "6372046"
            },
            "cumulative_cardinality": 99705870,
            "operator_type": "PROJECTION",
            "operator_cardinality": 35212,
            "cumulative_rows_scanned": 32239618,
            "operator_rows_scanned": 0,
            "operator_timing": 0.00036362799999999995,
            "result_set_size": 3802896,
            "children": [
                {
                    "operator_name": "ORDER_BY",
                    "cpu_time": 4.831179177999997,
                    "extra_info": {
                        "Order By": [
                            "rp.Score DESC",
                            "rp.CreationDate ASC"
                        ]
                    },
                    "cumulative_cardinality": 99670658,
                    "operator_type": "ORDER_BY",
                    "operator_cardinality": 35212,
                    "cumulative_rows_scanned": 32239618,
                    "operator_rows_scanned": 0,
                    "operator_timing": 0.005060081,
                    "result_set_size": 3732472,
                    "children": [
                        {
                            "operator_name": "PROJECTION",
                            "cpu_time": 4.826119096999997,
                            "extra_info": {
                                "Projections": [
                                    "#0",
                                    "#1",
                                    "#2",
                                    "#3",
                                    "__internal_compress_integral_usmallint(#4, 10)",
                                    "#5",
                                    "#6",
                                    "#7",
                                    "#8",
                                    "#9",
                                    "#10",
                                    "__internal_compress_string_hugeint(#11)"
                                ],
                                "Estimated Cardinality": "6372046"
                            },
                            "cumulative_cardinality": 99635446,
                            "operator_type": "PROJECTION",
                            "operator_cardinality": 35212,
                            "cumulative_rows_scanned": 32239618,
                            "operator_rows_scanned": 0,
                            "operator_timing": 0.000478067,
                            "result_set_size": 3732472,
                            "children": [
                                {
                                    "operator_name": "PROJECTION",
                                    "cpu_time": 4.825641029999996,
                                    "extra_info": {
                                        "Projections": [
                                            "PostId",
                                            "title",
                                            "creationdate",
                                            "ownerdisplayname",
                                            "score",
                                            "viewcount",
                                            "AnswerCount",
                                            "LastCloseDate",
                                            "LastReopenDate",
                                            "UpVoteCount",
                                            "DownVoteCount",
                                            "PostStatus"
                                        ],
                                        "Estimated Cardinality": "6372046"
                                    },
                                    "cumulative_cardinality": 99600234,
                                    "operator_type": "PROJECTION",
                                    "operator_cardinality": 35212,
                                    "cumulative_rows_scanned": 32239618,
                                    "operator_rows_scanned": 0,
                                    "operator_timing": 0.0010343740000000004,
                                    "result_set_size": 3802896,
                                    "children": [
                                        {
                                            "operator_name": "HASH_JOIN",
                                            "cpu_time": 4.824606655999997,
                                            "extra_info": {
                                                "Join Type": "LEFT",
                                                "Conditions": "id = postid",
                                                "Estimated Cardinality": "6372046"
                                            },
                                            "cumulative_cardinality": 99565022,
                                            "operator_type": "HASH_JOIN",
                                            "operator_cardinality": 35212,
                                            "cumulative_rows_scanned": 32239618,
                                            "operator_rows_scanned": 0,
                                            "operator_timing": 0.2247358740000001,
                                            "result_set_size": 3239504,
                                            "children": [
                                                {
                                                    "operator_name": "HASH_JOIN",
                                                    "cpu_time": 3.4586805999999983,
                                                    "extra_info": {
                                                        "Join Type": "RIGHT",
                                                        "Conditions": "postid = id",
                                                        "Estimated Cardinality": "5897622"
                                                    },
                                                    "cumulative_cardinality": 57332289,
                                                    "operator_type": "HASH_JOIN",
                                                    "operator_cardinality": 35212,
                                                    "cumulative_rows_scanned": 19495510,
                                                    "operator_rows_scanned": 0,
                                                    "operator_timing": 0.05286994700000016,
                                                    "result_set_size": 2676112,
                                                    "children": [
                                                        {
                                                            "operator_name": "HASH_GROUP_BY",
                                                            "cpu_time": 1.255264507999999,
                                                            "extra_info": {
                                                                "Groups": "#0",
                                                                "Aggregates": [
                                                                    "max(#1)",
                                                                    "max(#2)"
                                                                ],
                                                                "Estimated Cardinality": "5897622"
                                                            },
                                                            "cumulative_cardinality": 39235882,
                                                            "operator_type": "HASH_GROUP_BY",
                                                            "operator_cardinality": 3850116,
                                                            "cumulative_rows_scanned": 11795278,
                                                            "operator_rows_scanned": 0,
                                                            "operator_timing": 0.7737702779999999,
                                                            "result_set_size": 77002320,
                                                            "children": [
                                                                {
                                                                    "operator_name": "PROJECTION",
                                                                    "cpu_time": 0.4814942299999989,
                                                                    "extra_info": {
                                                                        "Projections": [
                                                                            "postid",
                                                                            "CASE  WHEN ((name = 'Post Closed')) THEN (creationdate) ELSE NULL END",
                                                                            "CASE  WHEN ((name = 'Post Reopened')) THEN (creationdate) ELSE NULL END"
                                                                        ],
                                                                        "Estimated Cardinality": "11795244"
                                                                    },
                                                                    "cumulative_cardinality": 35385766,
                                                                    "operator_type": "PROJECTION",
                                                                    "operator_cardinality": 11795244,
                                                                    "cumulative_rows_scanned": 11795278,
                                                                    "operator_rows_scanned": 0,
                                                                    "operator_timing": 0.08481481300000016,
                                                                    "result_set_size": 235904880,
                                                                    "children": [
                                                                        {
                                                                            "operator_name": "HASH_JOIN",
                                                                            "cpu_time": 0.39667941699999876,
                                                                            "extra_info": {
                                                                                "Join Type": "INNER",
                                                                                "Conditions": "posthistorytypeid = id",
                                                                                "Estimated Cardinality": "11795244"
                                                                            },
                                                                            "cumulative_cardinality": 23590522,
                                                                            "operator_type": "HASH_JOIN",
                                                                            "operator_cardinality": 11795244,
                                                                            "cumulative_rows_scanned": 11795278,
                                                                            "operator_rows_scanned": 0,
                                                                            "operator_timing": 0.04311354599999999,
                                                                            "result_set_size": 330266832,
                                                                            "children": [
                                                                                {
                                                                                    "operator_name": "READ_PARQUET ",
                                                                                    "cpu_time": 0.35326711299999874,
                                                                                    "extra_info": {
                                                                                        "Function": "READ_PARQUET",
                                                                                        "Projections": [
                                                                                            "posthistorytypeid",
                                                                                            "postid",
                                                                                            "creationdate"
                                                                                        ],
                                                                                        "Estimated Cardinality": "11795244"
                                                                                    },
                                                                                    "cumulative_cardinality": 11795244,
                                                                                    "operator_type": "TABLE_SCAN",
                                                                                    "operator_cardinality": 11795244,
                                                                                    "cumulative_rows_scanned": 11795244,
                                                                                    "operator_rows_scanned": 11795244,
                                                                                    "operator_timing": 0.35326711299999874,
                                                                                    "result_set_size": 165133416,
                                                                                    "children": []
                                                                                },
                                                                                {
                                                                                    "operator_name": "READ_PARQUET ",
                                                                                    "cpu_time": 0.000298758,
                                                                                    "extra_info": {
                                                                                        "Function": "READ_PARQUET",
                                                                                        "Projections": [
                                                                                            "id",
                                                                                            "name"
                                                                                        ],
                                                                                        "Estimated Cardinality": "34"
                                                                                    },
                                                                                    "cumulative_cardinality": 34,
                                                                                    "operator_type": "TABLE_SCAN",
                                                                                    "operator_cardinality": 34,
                                                                                    "cumulative_rows_scanned": 34,
                                                                                    "operator_rows_scanned": 34,
                                                                                    "operator_timing": 0.000298758,
                                                                                    "result_set_size": 612,
                                                                                    "children": []
                                                                                }
                                                                            ]
                                                                        }
                                                                    ]
                                                                }
                                                            ]
                                                        },
                                                        {
                                                            "operator_name": "PROJECTION",
                                                            "cpu_time": 2.150546144999999,
                                                            "extra_info": {
                                                                "Projections": [
                                                                    "#0",
                                                                    "#1",
                                                                    "#2",
                                                                    "#3",
                                                                    "#4",
                                                                    "#5",
                                                                    "#6"
                                                                ],
                                                                "Estimated Cardinality": "385011"
                                                            },
                                                            "cumulative_cardinality": 18061195,
                                                            "operator_type": "PROJECTION",
                                                            "operator_cardinality": 35212,
                                                            "cumulative_rows_scanned": 7700232,
                                                            "operator_rows_scanned": 0,
                                                            "operator_timing": 0.00005773999999999999,
                                                            "result_set_size": 2112720,
                                                            "children": [
                                                                {
                                                                    "operator_name": "FILTER",
                                                                    "cpu_time": 2.150488404999999,
                                                                    "extra_info": {
                                                                        "Expression": "(score > 10)",
                                                                        "Estimated Cardinality": "385011"
                                                                    },
                                                                    "cumulative_cardinality": 18025983,
                                                                    "operator_type": "FILTER",
                                                                    "operator_cardinality": 35212,
                                                                    "cumulative_rows_scanned": 7700232,
                                                                    "operator_rows_scanned": 0,
                                                                    "operator_timing": 0.010824950000000014,
                                                                    "result_set_size": 2394416,
                                                                    "children": [
                                                                        {
                                                                            "operator_name": "PROJECTION",
                                                                            "cpu_time": 2.139663454999999,
                                                                            "extra_info": {
                                                                                "Projections": [
                                                                                    "#0",
                                                                                    "#1",
                                                                                    "#2",
                                                                                    "#3",
                                                                                    "#4",
                                                                                    "#5",
                                                                                    "#6",
                                                                                    "#7"
                                                                                ],
                                                                                "Estimated Cardinality": "1925058"
                                                                            },
                                                                            "cumulative_cardinality": 17990771,
                                                                            "operator_type": "PROJECTION",
                                                                            "operator_cardinality": 1668164,
                                                                            "cumulative_rows_scanned": 7700232,
                                                                            "operator_rows_scanned": 0,
                                                                            "operator_timing": 0.0002584240000000006,
                                                                            "result_set_size": 113435152,
                                                                            "children": [
                                                                                {
                                                                                    "operator_name": "WINDOW",
                                                                                    "cpu_time": 2.139405030999999,
                                                                                    "extra_info": {
                                                                                        "Projections": "RANK() OVER (PARTITION BY id ORDER BY score DESC NULLS LAST)"
                                                                                    },
                                                                                    "cumulative_cardinality": 16322607,
                                                                                    "operator_type": "WINDOW",
                                                                                    "operator_cardinality": 1668164,
                                                                                    "cumulative_rows_scanned": 7700232,
                                                                                    "operator_rows_scanned": 0,
                                                                                    "operator_timing": 0.4014578299999998,
                                                                                    "result_set_size": 113435152,
                                                                                    "children": [
                                                                                        {
                                                                                            "operator_name": "PROJECTION",
                                                                                            "cpu_time": 1.7379472009999992,
                                                                                            "extra_info": {
                                                                                                "Projections": [
                                                                                                    "#0",
                                                                                                    "#1",
                                                                                                    "#2",
                                                                                                    "#3",
                                                                                                    "__internal_decompress_integral_integer(#4, -72)",
                                                                                                    "#5",
                                                                                                    "#6"
                                                                                                ],
                                                                                                "Estimated Cardinality": "1925058"
                                                                                            },
                                                                                            "cumulative_cardinality": 14654443,
                                                                                            "operator_type": "PROJECTION",
                                                                                            "operator_cardinality": 1668164,
                                                                                            "cumulative_rows_scanned": 7700232,
                                                                                            "operator_rows_scanned": 0,
                                                                                            "operator_timing": 0.0013951860000000016,
                                                                                            "result_set_size": 100089840,
                                                                                            "children": [
                                                                                                {
                                                                                                    "operator_name": "HASH_GROUP_BY",
                                                                                                    "cpu_time": 1.7365520149999991,
                                                                                                    "extra_info": {
                                                                                                        "Groups": [
                                                                                                            "#0",
                                                                                                            "#1",
                                                                                                            "#2",
                                                                                                            "#3",
                                                                                                            "#4",
                                                                                                            "#5"
                                                                                                        ],
                                                                                                        "Aggregates": "count(#6)",
                                                                                                        "Estimated Cardinality": "1925058"
                                                                                                    },
                                                                                                    "cumulative_cardinality": 12986279,
                                                                                                    "operator_type": "HASH_GROUP_BY",
                                                                                                    "operator_cardinality": 1668164,
                                                                                                    "cumulative_rows_scanned": 7700232,
                                                                                                    "operator_rows_scanned": 0,
                                                                                                    "operator_timing": 0.6533964599999994,
                                                                                                    "result_set_size": 96753512,
                                                                                                    "children": [
                                                                                                        {
                                                                                                            "operator_name": "PROJECTION",
                                                                                                            "cpu_time": 1.0831555549999998,
                                                                                                            "extra_info": {
                                                                                                                "Projections": [
                                                                                                                    "id",
                                                                                                                    "title",
                                                                                                                    "creationdate",
                                                                                                                    "ownerdisplayname",
                                                                                                                    "score",
                                                                                                                    "viewcount",
                                                                                                                    "id"
                                                                                                                ],
                                                                                                                "Estimated Cardinality": "3850116"
                                                                                                            },
                                                                                                            "cumulative_cardinality": 11318115,
                                                                                                            "operator_type": "PROJECTION",
                                                                                                            "operator_cardinality": 2490886,
                                                                                                            "cumulative_rows_scanned": 7700232,
                                                                                                            "operator_rows_scanned": 0,
                                                                                                            "operator_timing": 0.0009043070000000071,
                                                                                                            "result_set_size": 134507844,
                                                                                                            "children": [
                                                                                                                {
                                                                                                                    "operator_name": "PROJECTION",
                                                                                                                    "cpu_time": 1.0822512479999997,
                                                                                                                    "extra_info": {
                                                                                                                        "Projections": [
                                                                                                                            "#0",
                                                                                                                            "#1",
                                                                                                                            "#2",
                                                                                                                            "__internal_compress_integral_usmallint(#3, -72)",
                                                                                                                            "#4",
                                                                                                                            "#5",
                                                                                                                            "#6"
                                                                                                                        ],
                                                                                                                        "Estimated Cardinality": "3850116"
                                                                                                                    },
                                                                                                                    "cumulative_cardinality": 8827229,
                                                                                                                    "operator_type": "PROJECTION",
                                                                                                                    "operator_cardinality": 2490886,
                                                                                                                    "cumulative_rows_scanned": 7700232,
                                                                                                                    "operator_rows_scanned": 0,
                                                                                                                    "operator_timing": 0.0033196599999999903,
                                                                                                                    "result_set_size": 134507844,
                                                                                                                    "children": [
                                                                                                                        {
                                                                                                                            "operator_name": "HASH_JOIN",
                                                                                                                            "cpu_time": 1.0789315879999997,
                                                                                                                            "extra_info": {
                                                                                                                                "Join Type": "RIGHT",
                                                                                                                                "Conditions": "parentid = id",
                                                                                                                                "Estimated Cardinality": "3850116"
                                                                                                                            },
                                                                                                                            "cumulative_cardinality": 6336343,
                                                                                                                            "operator_type": "HASH_JOIN",
                                                                                                                            "operator_cardinality": 2490886,
                                                                                                                            "cumulative_rows_scanned": 7700232,
                                                                                                                            "operator_rows_scanned": 0,
                                                                                                                            "operator_timing": 0.3809915370000005,
                                                                                                                            "result_set_size": 139489616,
                                                                                                                            "children": [
                                                                                                                                {
                                                                                                                                    "operator_name": "READ_PARQUET ",
                                                                                                                                    "cpu_time": 0.1386723390000001,
                                                                                                                                    "extra_info": {
                                                                                                                                        "Function": "READ_PARQUET",
                                                                                                                                        "Projections": [
                                                                                                                                            "id",
                                                                                                                                            "parentid"
                                                                                                                                        ],
                                                                                                                                        "Estimated Cardinality": "3850116"
                                                                                                                                    },
                                                                                                                                    "cumulative_cardinality": 2177293,
                                                                                                                                    "operator_type": "TABLE_SCAN",
                                                                                                                                    "operator_cardinality": 2177293,
                                                                                                                                    "cumulative_rows_scanned": 3850116,
                                                                                                                                    "operator_rows_scanned": 3850116,
                                                                                                                                    "operator_timing": 0.1386723390000001,
                                                                                                                                    "result_set_size": 17418344,
                                                                                                                                    "children": []
                                                                                                                                },
                                                                                                                                {
                                                                                                                                    "operator_name": "READ_PARQUET ",
                                                                                                                                    "cpu_time": 0.5592677119999993,
                                                                                                                                    "extra_info": {
                                                                                                                                        "Function": "READ_PARQUET",
                                                                                                                                        "Projections": [
                                                                                                                                            "id",
                                                                                                                                            "creationdate",
                                                                                                                                            "score",
                                                                                                                                            "viewcount",
                                                                                                                                            "ownerdisplayname",
                                                                                                                                            "title"
                                                                                                                                        ],
                                                                                                                                        "Filters": "posttypeid=1",
                                                                                                                                        "Estimated Cardinality": "770023"
                                                                                                                                    },
                                                                                                                                    "cumulative_cardinality": 1668164,
                                                                                                                                    "operator_type": "TABLE_SCAN",
                                                                                                                                    "operator_cardinality": 1668164,
                                                                                                                                    "cumulative_rows_scanned": 3850116,
                                                                                                                                    "operator_rows_scanned": 3850116,
                                                                                                                                    "operator_timing": 0.5592677119999993,
                                                                                                                                    "result_set_size": 86744528,
                                                                                                                                    "children": []
                                                                                                                                }
                                                                                                                            ]
                                                                                                                        }
                                                                                                                    ]
                                                                                                                }
                                                                                                            ]
                                                                                                        }
                                                                                                    ]
                                                                                                }
                                                                                            ]
                                                                                        }
                                                                                    ]
                                                                                }
                                                                            ]
                                                                        }
                                                                    ]
                                                                }
                                                            ]
                                                        }
                                                    ]
                                                },
                                                {
                                                    "operator_name": "HASH_GROUP_BY",
                                                    "cpu_time": 1.1411901819999979,
                                                    "extra_info": {
                                                        "Groups": "#0",
                                                        "Aggregates": [
                                                            "count(#1)",
                                                            "count(#2)"
                                                        ],
                                                        "Estimated Cardinality": "6372046"
                                                    },
                                                    "cumulative_cardinality": 42197521,
                                                    "operator_type": "HASH_GROUP_BY",
                                                    "operator_cardinality": 3965227,
                                                    "cumulative_rows_scanned": 12744108,
                                                    "operator_rows_scanned": 0,
                                                    "operator_timing": 0.7126818439999985,
                                                    "result_set_size": 79304540,
                                                    "children": [
                                                        {
                                                            "operator_name": "PROJECTION",
                                                            "cpu_time": 0.42850833799999943,
                                                            "extra_info": {
                                                                "Projections": [
                                                                    "postid",
                                                                    "CASE  WHEN ((name = 'UpMod')) THEN (1) ELSE NULL END",
                                                                    "CASE  WHEN ((name = 'DownMod')) THEN (1) ELSE NULL END"
                                                                ],
                                                                "Estimated Cardinality": "12744093"
                                                            },
                                                            "cumulative_cardinality": 38232294,
                                                            "operator_type": "PROJECTION",
                                                            "operator_cardinality": 12744093,
                                                            "cumulative_rows_scanned": 12744108,
                                                            "operator_rows_scanned": 0,
                                                            "operator_timing": 0.13076570999999923,
                                                            "result_set_size": 152929116,
                                                            "children": [
                                                                {
                                                                    "operator_name": "HASH_JOIN",
                                                                    "cpu_time": 0.2977426280000002,
                                                                    "extra_info": {
                                                                        "Join Type": "INNER",
                                                                        "Conditions": "votetypeid = id",
                                                                        "Estimated Cardinality": "12744093"
                                                                    },
                                                                    "cumulative_cardinality": 25488201,
                                                                    "operator_type": "HASH_JOIN",
                                                                    "operator_cardinality": 12744093,
                                                                    "cumulative_rows_scanned": 12744108,
                                                                    "operator_rows_scanned": 0,
                                                                    "operator_timing": 0.03865633800000009,
                                                                    "result_set_size": 254881860,
                                                                    "children": [
                                                                        {
                                                                            "operator_name": "READ_PARQUET ",
                                                                            "cpu_time": 0.25877259400000013,
                                                                            "extra_info": {
                                                                                "Function": "READ_PARQUET",
                                                                                "Projections": [
                                                                                    "postid",
                                                                                    "votetypeid"
                                                                                ],
                                                                                "Estimated Cardinality": "12744093"
                                                                            },
                                                                            "cumulative_cardinality": 12744093,
                                                                            "operator_type": "TABLE_SCAN",
                                                                            "operator_cardinality": 12744093,
                                                                            "cumulative_rows_scanned": 12744093,
                                                                            "operator_rows_scanned": 12744093,
                                                                            "operator_timing": 0.25877259400000013,
                                                                            "result_set_size": 76464558,
                                                                            "children": []
                                                                        },
                                                                        {
                                                                            "operator_name": "READ_PARQUET ",
                                                                            "cpu_time": 0.000313696,
                                                                            "extra_info": {
                                                                                "Function": "READ_PARQUET",
                                                                                "Projections": [
                                                                                    "id",
                                                                                    "name"
                                                                                ],
                                                                                "Estimated Cardinality": "15"
                                                                            },
                                                                            "cumulative_cardinality": 15,
                                                                            "operator_type": "TABLE_SCAN",
                                                                            "operator_cardinality": 15,
                                                                            "cumulative_rows_scanned": 15,
                                                                            "operator_rows_scanned": 15,
                                                                            "operator_timing": 0.000313696,
                                                                            "result_set_size": 270,
                                                                            "children": []
                                                                        }
                                                                    ]
                                                                }
                                                            ]
                                                        }
                                                    ]
                                                }
                                            ]
                                        }
                                    ]
                                }
                            ]
                        }
                    ]
                }
            ]
        }
    ]
}