{
    "rows_returned": 50,
    "query_name": "WITH RECURSIVE VotesCTE AS (\n    SELECT PostId,\n           COUNT(*) AS TotalVotes,\n           SUM(CASE WHEN VoteTypeId = 2 THEN 1 ELSE 0 END) AS UpVotes,\n           SUM(CASE WHEN VoteTypeId = 3 THEN 1 ELSE 0 END) AS DownVotes,\n           ROW_NUMBER() OVER (PARTITION BY PostId ORDER BY COUNT(*) DESC) AS rn\n    FROM Votes\n    GROUP BY PostId\n    HAVING COUNT(*) > 0\n),\nRecentPosts AS (\n    SELECT p.Id,\n           p.Title,\n           p.CreationDate,\n           p.ViewCount,\n           p.Score,\n           COALESCE(STRING_AGG(DISTINCT t.TagName, ', '), 'No Tags') AS Tags,\n           u.DisplayName AS Author\n    FROM Posts p\n    JOIN Users u ON p.OwnerUserId = u.Id\n    LEFT JOIN Tags t ON t.ExcerptPostId = p.Id\n    WHERE p.CreationDate >= cast('2024-10-01 12:34:56' as timestamp) - INTERVAL '30 days'\n    GROUP BY p.Id, p.Title, p.CreationDate, p.ViewCount, p.Score, u.DisplayName\n),\nClosedPosts AS (\n    SELECT ph.PostId,\n           ph.CreationDate,\n           ph.UserDisplayName,\n           ph.Comment AS CloseReason\n    FROM PostHistory ph\n    WHERE ph.PostHistoryTypeId = 10\n)\nSELECT rp.Id AS PostID,\n       rp.Title,\n       rp.CreationDate,\n       rp.ViewCount,\n       rp.Score,\n       rp.Tags,\n       rp.Author,\n       COALESCE(vs.TotalVotes, 0) AS TotalVotes,\n       COALESCE(vs.UpVotes, 0) AS UpVotes,\n       COALESCE(vs.DownVotes, 0) AS DownVotes,\n       CASE WHEN cp.PostId IS NOT NULL THEN 'Closed' ELSE 'Open' END AS PostStatus,\n       cp.CloseReason AS CloseReasonDetails\nFROM RecentPosts rp\nLEFT JOIN VotesCTE vs ON rp.Id = vs.PostId\nLEFT JOIN ClosedPosts cp ON rp.Id = cp.PostId\nWHERE rp.ViewCount >= 100\nORDER BY rp.CreationDate DESC\nLIMIT 50;",
    "blocked_thread_time": 0.0,
    "cpu_time": 2.341572756,
    "extra_info": {},
    "cumulative_cardinality": 46707507,
    "cumulative_rows_scanned": 29652139,
    "result_set_size": 7000,
    "latency": 2.531392451,
    "children": [
        {
            "operator_name": "STREAMING_LIMIT",
            "cpu_time": 2.341572756,
            "extra_info": {},
            "cumulative_cardinality": 46707507,
            "operator_type": "STREAMING_LIMIT",
            "operator_cardinality": 50,
            "cumulative_rows_scanned": 29652139,
            "operator_rows_scanned": 0,
            "operator_timing": 0.0000012019999999999999,
            "result_set_size": 7000,
            "children": [
                {
                    "operator_name": "PROJECTION",
                    "cpu_time": 2.341571554,
                    "extra_info": {
                        "Projections": [
                            "#0",
                            "#1",
                            "#2",
                            "#3",
                            "__internal_decompress_integral_integer(#4, -72)",
                            "#5",
                            "#6",
                            "#7",
                            "#8",
                            "#9",
                            "__internal_decompress_string(#10)",
                            "#11"
                        ],
                        "Estimated Cardinality": "2359048"
                    },
                    "cumulative_cardinality": 46707457,
                    "operator_type": "PROJECTION",
                    "operator_cardinality": 734,
                    "cumulative_rows_scanned": 29652139,
                    "operator_rows_scanned": 0,
                    "operator_timing": 0.000011231,
                    "result_set_size": 102760,
                    "children": [
                        {
                            "operator_name": "ORDER_BY",
                            "cpu_time": 2.3415603230000004,
                            "extra_info": {
                                "Order By": "rp.CreationDate DESC"
                            },
                            "cumulative_cardinality": 46706723,
                            "operator_type": "ORDER_BY",
                            "operator_cardinality": 734,
                            "cumulative_rows_scanned": 29652139,
                            "operator_rows_scanned": 0,
                            "operator_timing": 0.000289088,
                            "result_set_size": 95420,
                            "children": [
                                {
                                    "operator_name": "PROJECTION",
                                    "cpu_time": 2.3412712350000002,
                                    "extra_info": {
                                        "Projections": [
                                            "#0",
                                            "#1",
                                            "#2",
                                            "#3",
                                            "__internal_compress_integral_usmallint(#4, -72)",
                                            "#5",
                                            "#6",
                                            "#7",
                                            "#8",
                                            "#9",
                                            "__internal_compress_string_ubigint(#10)",
                                            "#11"
                                        ],
                                        "Estimated Cardinality": "2359048"
                                    },
                                    "cumulative_cardinality": 46705989,
                                    "operator_type": "PROJECTION",
                                    "operator_cardinality": 734,
                                    "cumulative_rows_scanned": 29652139,
                                    "operator_rows_scanned": 0,
                                    "operator_timing": 0.000015028,
                                    "result_set_size": 95420,
                                    "children": [
                                        {
                                            "operator_name": "PROJECTION",
                                            "cpu_time": 2.3412562070000003,
                                            "extra_info": {
                                                "Projections": [
                                                    "PostID",
                                                    "title",
                                                    "creationdate",
                                                    "viewcount",
                                                    "score",
                                                    "Tags",
                                                    "Author",
                                                    "TotalVotes",
                                                    "UpVotes",
                                                    "DownVotes",
                                                    "PostStatus",
                                                    "CloseReasonDetails"
                                                ],
                                                "Estimated Cardinality": "2359048"
                                            },
                                            "cumulative_cardinality": 46705255,
                                            "operator_type": "PROJECTION",
                                            "operator_cardinality": 734,
                                            "cumulative_rows_scanned": 29652139,
                                            "operator_rows_scanned": 0,
                                            "operator_timing": 0.00009204299999999999,
                                            "result_set_size": 102760,
                                            "children": [
                                                {
                                                    "operator_name": "HASH_JOIN",
                                                    "cpu_time": 2.3411641640000003,
                                                    "extra_info": {
                                                        "Join Type": "LEFT",
                                                        "Conditions": "id = postid",
                                                        "Estimated Cardinality": "2359048"
                                                    },
                                                    "cumulative_cardinality": 46704521,
                                                    "operator_type": "HASH_JOIN",
                                                    "operator_cardinality": 734,
                                                    "cumulative_rows_scanned": 29652139,
                                                    "operator_rows_scanned": 0,
                                                    "operator_timing": 0.06751898599999968,
                                                    "result_set_size": 93952,
                                                    "children": [
                                                        {
                                                            "operator_name": "HASH_JOIN",
                                                            "cpu_time": 1.902402338000002,
                                                            "extra_info": {
                                                                "Join Type": "RIGHT",
                                                                "Conditions": "postid = id",
                                                                "Estimated Cardinality": "1274409"
                                                            },
                                                            "cumulative_cardinality": 46582323,
                                                            "operator_type": "HASH_JOIN",
                                                            "operator_cardinality": 728,
                                                            "cumulative_rows_scanned": 17856895,
                                                            "operator_rows_scanned": 0,
                                                            "operator_timing": 0.040138340000000126,
                                                            "result_set_size": 78624,
                                                            "children": [
                                                                {
                                                                    "operator_name": "PROJECTION",
                                                                    "cpu_time": 1.6924752850000018,
                                                                    "extra_info": {
                                                                        "Projections": [
                                                                            "postid",
                                                                            "TotalVotes",
                                                                            "UpVotes",
                                                                            "DownVotes"
                                                                        ],
                                                                        "Estimated Cardinality": "1274409"
                                                                    },
                                                                    "cumulative_cardinality": 45314321,
                                                                    "operator_type": "PROJECTION",
                                                                    "operator_cardinality": 3965227,
                                                                    "cumulative_rows_scanned": 12744093,
                                                                    "operator_rows_scanned": 0,
                                                                    "operator_timing": 0.00030565999999999753,
                                                                    "result_set_size": 174469988,
                                                                    "children": [
                                                                        {
                                                                            "operator_name": "PROJECTION",
                                                                            "cpu_time": 1.6921696250000018,
                                                                            "extra_info": {
                                                                                "Projections": [
                                                                                    "#0",
                                                                                    "#1",
                                                                                    "#2",
                                                                                    "#3",
                                                                                    "#4"
                                                                                ],
                                                                                "Estimated Cardinality": "1274409"
                                                                            },
                                                                            "cumulative_cardinality": 41349094,
                                                                            "operator_type": "PROJECTION",
                                                                            "operator_cardinality": 3965227,
                                                                            "cumulative_rows_scanned": 12744093,
                                                                            "operator_rows_scanned": 0,
                                                                            "operator_timing": 0.00042628000000000127,
                                                                            "result_set_size": 206191804,
                                                                            "children": [
                                                                                {
                                                                                    "operator_name": "WINDOW",
                                                                                    "cpu_time": 1.6917433450000017,
                                                                                    "extra_info": {
                                                                                        "Projections": "ROW_NUMBER() OVER (PARTITION BY postid ORDER BY count_star() DESC NULLS LAST)"
                                                                                    },
                                                                                    "cumulative_cardinality": 37383867,
                                                                                    "operator_type": "WINDOW",
                                                                                    "operator_cardinality": 3965227,
                                                                                    "cumulative_rows_scanned": 12744093,
                                                                                    "operator_rows_scanned": 0,
                                                                                    "operator_timing": 0.6124529730000001,
                                                                                    "result_set_size": 206191804,
                                                                                    "children": [
                                                                                        {
                                                                                            "operator_name": "FILTER",
                                                                                            "cpu_time": 1.0792903720000016,
                                                                                            "extra_info": {
                                                                                                "Expression": "(count_star() > 0)",
                                                                                                "Estimated Cardinality": "1274409"
                                                                                            },
                                                                                            "cumulative_cardinality": 33418640,
                                                                                            "operator_type": "FILTER",
                                                                                            "operator_cardinality": 3965227,
                                                                                            "cumulative_rows_scanned": 12744093,
                                                                                            "operator_rows_scanned": 0,
                                                                                            "operator_timing": 0.004583074000000001,
                                                                                            "result_set_size": 174469988,
                                                                                            "children": [
                                                                                                {
                                                                                                    "operator_name": "HASH_GROUP_BY",
                                                                                                    "cpu_time": 1.0747072980000016,
                                                                                                    "extra_info": {
                                                                                                        "Groups": "#0",
                                                                                                        "Aggregates": [
                                                                                                            "count_star()",
                                                                                                            "sum(#1)",
                                                                                                            "sum(#2)"
                                                                                                        ],
                                                                                                        "Estimated Cardinality": "6372046"
                                                                                                    },
                                                                                                    "cumulative_cardinality": 29453413,
                                                                                                    "operator_type": "HASH_GROUP_BY",
                                                                                                    "operator_cardinality": 3965227,
                                                                                                    "cumulative_rows_scanned": 12744093,
                                                                                                    "operator_rows_scanned": 0,
                                                                                                    "operator_timing": 0.8395352240000018,
                                                                                                    "result_set_size": 174469988,
                                                                                                    "children": [
                                                                                                        {
                                                                                                            "operator_name": "PROJECTION",
                                                                                                            "cpu_time": 0.23517207399999995,
                                                                                                            "extra_info": {
                                                                                                                "Projections": [
                                                                                                                    "postid",
                                                                                                                    "CASE  WHEN ((votetypeid = 2)) THEN (1) ELSE 0 END",
                                                                                                                    "CASE  WHEN ((votetypeid = 3)) THEN (1) ELSE 0 END"
                                                                                                                ],
                                                                                                                "Estimated Cardinality": "12744093"
                                                                                                            },
                                                                                                            "cumulative_cardinality": 25488186,
                                                                                                            "operator_type": "PROJECTION",
                                                                                                            "operator_cardinality": 12744093,
                                                                                                            "cumulative_rows_scanned": 12744093,
                                                                                                            "operator_rows_scanned": 0,
                                                                                                            "operator_timing": 0.10205131600000043,
                                                                                                            "result_set_size": 152929116,
                                                                                                            "children": [
                                                                                                                {
                                                                                                                    "operator_name": "READ_PARQUET ",
                                                                                                                    "cpu_time": 0.1331207579999995,
                                                                                                                    "extra_info": {
                                                                                                                        "Function": "READ_PARQUET",
                                                                                                                        "Projections": [
                                                                                                                            "postid",
                                                                                                                            "votetypeid"
                                                                                                                        ],
                                                                                                                        "Estimated Cardinality": "12744093"
                                                                                                                    },
                                                                                                                    "cumulative_cardinality": 12744093,
                                                                                                                    "operator_type": "TABLE_SCAN",
                                                                                                                    "operator_cardinality": 12744093,
                                                                                                                    "cumulative_rows_scanned": 12744093,
                                                                                                                    "operator_rows_scanned": 12744093,
                                                                                                                    "operator_timing": 0.1331207579999995,
                                                                                                                    "result_set_size": 76464558,
                                                                                                                    "children": []
                                                                                                                }
                                                                                                            ]
                                                                                                        }
                                                                                                    ]
                                                                                                }
                                                                                            ]
                                                                                        }
                                                                                    ]
                                                                                }
                                                                            ]
                                                                        }
                                                                    ]
                                                                },
                                                                {
                                                                    "operator_name": "PROJECTION",
                                                                    "cpu_time": 0.16978871300000006,
                                                                    "extra_info": {
                                                                        "Projections": [
                                                                            "id",
                                                                            "title",
                                                                            "creationdate",
                                                                            "viewcount",
                                                                            "score",
                                                                            "Tags",
                                                                            "Author"
                                                                        ],
                                                                        "Estimated Cardinality": "385011"
                                                                    },
                                                                    "cumulative_cardinality": 1267274,
                                                                    "operator_type": "PROJECTION",
                                                                    "operator_cardinality": 728,
                                                                    "cumulative_rows_scanned": 5112802,
                                                                    "operator_rows_scanned": 0,
                                                                    "operator_timing": 0.000023103,
                                                                    "result_set_size": 49504,
                                                                    "children": [
                                                                        {
                                                                            "operator_name": "PROJECTION",
                                                                            "cpu_time": 0.16976561000000007,
                                                                            "extra_info": {
                                                                                "Projections": [
                                                                                    "#0",
                                                                                    "#1",
                                                                                    "#2",
                                                                                    "#3",
                                                                                    "__internal_decompress_integral_integer(#4, -72)",
                                                                                    "#5",
                                                                                    "#6"
                                                                                ],
                                                                                "Estimated Cardinality": "385011"
                                                                            },
                                                                            "cumulative_cardinality": 1266546,
                                                                            "operator_type": "PROJECTION",
                                                                            "operator_cardinality": 728,
                                                                            "cumulative_rows_scanned": 5112802,
                                                                            "operator_rows_scanned": 0,
                                                                            "operator_timing": 0.000002364,
                                                                            "result_set_size": 49504,
                                                                            "children": [
                                                                                {
                                                                                    "operator_name": "HASH_GROUP_BY",
                                                                                    "cpu_time": 0.16976324600000006,
                                                                                    "extra_info": {
                                                                                        "Groups": [
                                                                                            "#0",
                                                                                            "#1",
                                                                                            "#2",
                                                                                            "#3",
                                                                                            "#4",
                                                                                            "#5"
                                                                                        ],
                                                                                        "Aggregates": "string_agg(DISTINCT #6)",
                                                                                        "Estimated Cardinality": "385011"
                                                                                    },
                                                                                    "cumulative_cardinality": 1265818,
                                                                                    "operator_type": "HASH_GROUP_BY",
                                                                                    "operator_cardinality": 728,
                                                                                    "cumulative_rows_scanned": 5112802,
                                                                                    "operator_rows_scanned": 0,
                                                                                    "operator_timing": 0.000206104,
                                                                                    "result_set_size": 48048,
                                                                                    "children": [
                                                                                        {
                                                                                            "operator_name": "PROJECTION",
                                                                                            "cpu_time": 0.16955714200000005,
                                                                                            "extra_info": {
                                                                                                "Projections": [
                                                                                                    "id",
                                                                                                    "title",
                                                                                                    "creationdate",
                                                                                                    "viewcount",
                                                                                                    "score",
                                                                                                    "displayname",
                                                                                                    "tagname"
                                                                                                ],
                                                                                                "Estimated Cardinality": "770023"
                                                                                            },
                                                                                            "cumulative_cardinality": 1265090,
                                                                                            "operator_type": "PROJECTION",
                                                                                            "operator_cardinality": 728,
                                                                                            "cumulative_rows_scanned": 5112802,
                                                                                            "operator_rows_scanned": 0,
                                                                                            "operator_timing": 0.000002645,
                                                                                            "result_set_size": 48048,
                                                                                            "children": [
                                                                                                {
                                                                                                    "operator_name": "PROJECTION",
                                                                                                    "cpu_time": 0.16955449700000005,
                                                                                                    "extra_info": {
                                                                                                        "Projections": [
                                                                                                            "#0",
                                                                                                            "#1",
                                                                                                            "#2",
                                                                                                            "__internal_compress_integral_usmallint(#3, -72)",
                                                                                                            "#4",
                                                                                                            "#5",
                                                                                                            "#6"
                                                                                                        ],
                                                                                                        "Estimated Cardinality": "770023"
                                                                                                    },
                                                                                                    "cumulative_cardinality": 1264362,
                                                                                                    "operator_type": "PROJECTION",
                                                                                                    "operator_cardinality": 728,
                                                                                                    "cumulative_rows_scanned": 5112802,
                                                                                                    "operator_rows_scanned": 0,
                                                                                                    "operator_timing": 0.000005871,
                                                                                                    "result_set_size": 48048,
                                                                                                    "children": [
                                                                                                        {
                                                                                                            "operator_name": "HASH_JOIN",
                                                                                                            "cpu_time": 0.16954862600000006,
                                                                                                            "extra_info": {
                                                                                                                "Join Type": "LEFT",
                                                                                                                "Conditions": "id = excerptpostid",
                                                                                                                "Estimated Cardinality": "770023"
                                                                                                            },
                                                                                                            "cumulative_cardinality": 1263634,
                                                                                                            "operator_type": "HASH_JOIN",
                                                                                                            "operator_cardinality": 728,
                                                                                                            "cumulative_rows_scanned": 5112802,
                                                                                                            "operator_rows_scanned": 0,
                                                                                                            "operator_timing": 0.00048033600000000004,
                                                                                                            "result_set_size": 49504,
                                                                                                            "children": [
                                                                                                                {
                                                                                                                    "operator_name": "HASH_JOIN",
                                                                                                                    "cpu_time": 0.16847416000000007,
                                                                                                                    "extra_info": {
                                                                                                                        "Join Type": "INNER",
                                                                                                                        "Conditions": "id = owneruserid",
                                                                                                                        "Estimated Cardinality": "770023"
                                                                                                                    },
                                                                                                                    "cumulative_cardinality": 1260930,
                                                                                                                    "operator_type": "HASH_JOIN",
                                                                                                                    "operator_cardinality": 728,
                                                                                                                    "cumulative_rows_scanned": 5110826,
                                                                                                                    "operator_rows_scanned": 0,
                                                                                                                    "operator_timing": 0.010384860000000055,
                                                                                                                    "result_set_size": 37856,
                                                                                                                    "children": [
                                                                                                                        {
                                                                                                                            "operator_name": "READ_PARQUET ",
                                                                                                                            "cpu_time": 0.08443525400000002,
                                                                                                                            "extra_info": {
                                                                                                                                "Function": "READ_PARQUET",
                                                                                                                                "Projections": [
                                                                                                                                    "id",
                                                                                                                                    "displayname"
                                                                                                                                ],
                                                                                                                                "Filters": "id<=1416539",
                                                                                                                                "Estimated Cardinality": "1260710"
                                                                                                                            },
                                                                                                                            "cumulative_cardinality": 1259469,
                                                                                                                            "operator_type": "TABLE_SCAN",
                                                                                                                            "operator_cardinality": 1259469,
                                                                                                                            "cumulative_rows_scanned": 1260710,
                                                                                                                            "operator_rows_scanned": 1260710,
                                                                                                                            "operator_timing": 0.08443525400000002,
                                                                                                                            "result_set_size": 25189380,
                                                                                                                            "children": []
                                                                                                                        },
                                                                                                                        {
                                                                                                                            "operator_name": "READ_PARQUET ",
                                                                                                                            "cpu_time": 0.073654046,
                                                                                                                            "extra_info": {
                                                                                                                                "Function": "READ_PARQUET",
                                                                                                                                "Projections": [
                                                                                                                                    "id",
                                                                                                                                    "creationdate",
                                                                                                                                    "score",
                                                                                                                                    "viewcount",
                                                                                                                                    "owneruserid",
                                                                                                                                    "title"
                                                                                                                                ],
                                                                                                                                "Filters": [
                                                                                                                                    "viewcount>=100",
                                                                                                                                    "creationdate>='2024-09-01 12:34:56'::TIMESTAMP"
                                                                                                                                ],
                                                                                                                                "Estimated Cardinality": "770023"
                                                                                                                            },
                                                                                                                            "cumulative_cardinality": 733,
                                                                                                                            "operator_type": "TABLE_SCAN",
                                                                                                                            "operator_cardinality": 733,
                                                                                                                            "cumulative_rows_scanned": 3850116,
                                                                                                                            "operator_rows_scanned": 3850116,
                                                                                                                            "operator_timing": 0.073654046,
                                                                                                                            "result_set_size": 29320,
                                                                                                                            "children": []
                                                                                                                        }
                                                                                                                    ]
                                                                                                                },
                                                                                                                {
                                                                                                                    "operator_name": "READ_PARQUET ",
                                                                                                                    "cpu_time": 0.00059413,
                                                                                                                    "extra_info": {
                                                                                                                        "Function": "READ_PARQUET",
                                                                                                                        "Projections": [
                                                                                                                            "tagname",
                                                                                                                            "excerptpostid"
                                                                                                                        ],
                                                                                                                        "Estimated Cardinality": "1976"
                                                                                                                    },
                                                                                                                    "cumulative_cardinality": 1976,
                                                                                                                    "operator_type": "TABLE_SCAN",
                                                                                                                    "operator_cardinality": 1976,
                                                                                                                    "cumulative_rows_scanned": 1976,
                                                                                                                    "operator_rows_scanned": 1976,
                                                                                                                    "operator_timing": 0.00059413,
                                                                                                                    "result_set_size": 39520,
                                                                                                                    "children": []
                                                                                                                }
                                                                                                            ]
                                                                                                        }
                                                                                                    ]
                                                                                                }
                                                                                            ]
                                                                                        }
                                                                                    ]
                                                                                }
                                                                            ]
                                                                        }
                                                                    ]
                                                                }
                                                            ]
                                                        },
                                                        {
                                                            "operator_name": "READ_PARQUET ",
                                                            "cpu_time": 0.37124283999999874,
                                                            "extra_info": {
                                                                "Function": "READ_PARQUET",
                                                                "Projections": [
                                                                    "postid",
                                                                    "comment"
                                                                ],
                                                                "Filters": "posthistorytypeid=10",
                                                                "Estimated Cardinality": "2359048"
                                                            },
                                                            "cumulative_cardinality": 121464,
                                                            "operator_type": "TABLE_SCAN",
                                                            "operator_cardinality": 121464,
                                                            "cumulative_rows_scanned": 11795244,
                                                            "operator_rows_scanned": 11795244,
                                                            "operator_timing": 0.37124283999999874,
                                                            "result_set_size": 2429280,
                                                            "children": []
                                                        }
                                                    ]
                                                }
                                            ]
                                        }
                                    ]
                                }
                            ]
                        }
                    ]
                }
            ]
        }
    ]
}