{
    "rows_returned": 1271,
    "query_name": "WITH RecentPostStats AS (\n    SELECT \n        P.Id AS PostId,\n        P.Title,\n        P.CreationDate,\n        U.DisplayName AS OwnerDisplayName,\n        P.Score,\n        P.AnswerCount,\n        ROW_NUMBER() OVER (PARTITION BY U.Location ORDER BY P.CreationDate DESC) AS RecentRank\n    FROM \n        Posts P\n    JOIN \n        Users U ON P.OwnerUserId = U.Id\n    WHERE \n        P.PostTypeId = 1 \n        AND P.CreationDate >= cast('2024-10-01 12:34:56' as timestamp) - INTERVAL '30 days'\n),\nAnswerStatistics AS (\n    SELECT \n        P.Id AS QuestionId,\n        COUNT(A.Id) AS TotalAnswers,\n        AVG(A.Score) AS AvgAnswerScore\n    FROM \n        Posts P\n    LEFT JOIN \n        Posts A ON P.Id = A.ParentId\n    WHERE \n        P.PostTypeId = 1 \n    GROUP BY \n        P.Id\n),\nHighScoreQuestions AS (\n    SELECT \n        R.PostId,\n        R.Title,\n        R.OwnerDisplayName,\n        R.CreationDate,\n        R.Score,\n        A.TotalAnswers,\n        A.AvgAnswerScore\n    FROM \n        RecentPostStats R\n    JOIN \n        AnswerStatistics A ON R.PostId = A.QuestionId\n    WHERE \n        R.Score > (SELECT AVG(Score) FROM Posts WHERE PostTypeId = 1) \n),\nClosedPosts AS (\n    SELECT \n        P.Id AS ClosedPostId,\n        P.Title,\n        PH.CreationDate AS ClosedDate,\n        PH.Comment AS CloseReason\n    FROM \n        Posts P\n    JOIN \n        PostHistory PH ON P.Id = PH.PostId\n    WHERE \n        PH.PostHistoryTypeId = 10 \n)\nSELECT \n    Q.Title AS QuestionTitle,\n    Q.OwnerDisplayName,\n    Q.CreationDate AS QuestionDate,\n    Q.Score AS QuestionScore,\n    Q.TotalAnswers,\n    Q.AvgAnswerScore,\n    C.ClosedPostId,\n    C.ClosedDate,\n    COALESCE(C.CloseReason, 'Not Closed') AS CloseReason\nFROM \n    HighScoreQuestions Q\nLEFT JOIN \n    ClosedPosts C ON Q.PostId = C.ClosedPostId\nWHERE \n    (C.ClosedPostId IS NULL OR C.ClosedDate >= cast('2024-10-01 12:34:56' as timestamp) - INTERVAL '7 days')\nORDER BY \n    Q.Score DESC,\n    Q.CreationDate ASC;",
    "blocked_thread_time": 0.0,
    "cpu_time": 1.8765485830000008,
    "extra_info": {},
    "cumulative_cardinality": 19343988,
    "cumulative_rows_scanned": 32306534,
    "result_set_size": 111848,
    "latency": 2.016450347,
    "children": [
        {
            "operator_name": "PROJECTION",
            "cpu_time": 1.8765485830000008,
            "extra_info": {
                "Projections": [
                    "#0",
                    "#1",
                    "#2",
                    "__internal_decompress_integral_integer(#3, -72)",
                    "#4",
                    "#5",
                    "#6",
                    "#7",
                    "#8"
                ],
                "Estimated Cardinality": "471809"
            },
            "cumulative_cardinality": 19343988,
            "operator_type": "PROJECTION",
            "operator_cardinality": 1271,
            "cumulative_rows_scanned": 32306534,
            "operator_rows_scanned": 0,
            "operator_timing": 0.0000027660000000000003,
            "result_set_size": 111848,
            "children": [
                {
                    "operator_name": "ORDER_BY",
                    "cpu_time": 1.876545817000001,
                    "extra_info": {
                        "Order By": [
                            "Q.Score DESC",
                            "Q.CreationDate ASC"
                        ]
                    },
                    "cumulative_cardinality": 19342717,
                    "operator_type": "ORDER_BY",
                    "operator_cardinality": 1271,
                    "cumulative_rows_scanned": 32306534,
                    "operator_rows_scanned": 0,
                    "operator_timing": 0.00032971500000000006,
                    "result_set_size": 109306,
                    "children": [
                        {
                            "operator_name": "PROJECTION",
                            "cpu_time": 1.876216102000001,
                            "extra_info": {
                                "Projections": [
                                    "#0",
                                    "#1",
                                    "#2",
                                    "__internal_compress_integral_usmallint(#3, -72)",
                                    "#4",
                                    "#5",
                                    "#6",
                                    "#7",
                                    "#8"
                                ],
                                "Estimated Cardinality": "471809"
                            },
                            "cumulative_cardinality": 19341446,
                            "operator_type": "PROJECTION",
                            "operator_cardinality": 1271,
                            "cumulative_rows_scanned": 32306534,
                            "operator_rows_scanned": 0,
                            "operator_timing": 0.000011069999999999999,
                            "result_set_size": 109306,
                            "children": [
                                {
                                    "operator_name": "PROJECTION",
                                    "cpu_time": 1.876205032000001,
                                    "extra_info": {
                                        "Projections": [
                                            "QuestionTitle",
                                            "OwnerDisplayName",
                                            "QuestionDate",
                                            "QuestionScore",
                                            "TotalAnswers",
                                            "AvgAnswerScore",
                                            "ClosedPostId",
                                            "ClosedDate",
                                            "CloseReason"
                                        ],
                                        "Estimated Cardinality": "471809"
                                    },
                                    "cumulative_cardinality": 19340175,
                                    "operator_type": "PROJECTION",
                                    "operator_cardinality": 1271,
                                    "cumulative_rows_scanned": 32306534,
                                    "operator_rows_scanned": 0,
                                    "operator_timing": 0.000036027,
                                    "result_set_size": 111848,
                                    "children": [
                                        {
                                            "operator_name": "FILTER",
                                            "cpu_time": 1.876169005000001,
                                            "extra_info": {
                                                "Expression": "((ClosedPostId IS NULL) OR (ClosedDate >= '2024-09-24 12:34:56'::TIMESTAMP))",
                                                "Estimated Cardinality": "471809"
                                            },
                                            "cumulative_cardinality": 19338904,
                                            "operator_type": "FILTER",
                                            "operator_cardinality": 1271,
                                            "cumulative_rows_scanned": 32306534,
                                            "operator_rows_scanned": 0,
                                            "operator_timing": 0.000081071,
                                            "result_set_size": 111848,
                                            "children": [
                                                {
                                                    "operator_name": "HASH_JOIN",
                                                    "cpu_time": 1.876087934000001,
                                                    "extra_info": {
                                                        "Join Type": "RIGHT",
                                                        "Conditions": "ClosedPostId = PostId",
                                                        "Estimated Cardinality": "2359048"
                                                    },
                                                    "cumulative_cardinality": 19337633,
                                                    "operator_type": "HASH_JOIN",
                                                    "operator_cardinality": 1336,
                                                    "cumulative_rows_scanned": 32306534,
                                                    "operator_rows_scanned": 0,
                                                    "operator_timing": 0.001977921,
                                                    "result_set_size": 117568,
                                                    "children": [
                                                        {
                                                            "operator_name": "PROJECTION",
                                                            "cpu_time": 0.8022295500000007,
                                                            "extra_info": {
                                                                "Projections": [
                                                                    "ClosedPostId",
                                                                    "ClosedDate",
                                                                    "CloseReason"
                                                                ],
                                                                "Estimated Cardinality": "2359048"
                                                            },
                                                            "cumulative_cardinality": 4214508,
                                                            "operator_type": "PROJECTION",
                                                            "operator_cardinality": 121464,
                                                            "cumulative_rows_scanned": 15645360,
                                                            "operator_rows_scanned": 0,
                                                            "operator_timing": 0.000026918999999999994,
                                                            "result_set_size": 3400992,
                                                            "children": [
                                                                {
                                                                    "operator_name": "HASH_JOIN",
                                                                    "cpu_time": 0.8022026310000008,
                                                                    "extra_info": {
                                                                        "Join Type": "INNER",
                                                                        "Conditions": "postid = id",
                                                                        "Estimated Cardinality": "2359048"
                                                                    },
                                                                    "cumulative_cardinality": 4093044,
                                                                    "operator_type": "HASH_JOIN",
                                                                    "operator_cardinality": 121464,
                                                                    "cumulative_rows_scanned": 15645360,
                                                                    "operator_rows_scanned": 0,
                                                                    "operator_timing": 0.23887320399999915,
                                                                    "result_set_size": 3400992,
                                                                    "children": [
                                                                        {
                                                                            "operator_name": "READ_PARQUET ",
                                                                            "cpu_time": 0.5423513140000017,
                                                                            "extra_info": {
                                                                                "Function": "READ_PARQUET",
                                                                                "Projections": [
                                                                                    "postid",
                                                                                    "creationdate",
                                                                                    "comment"
                                                                                ],
                                                                                "Filters": "posthistorytypeid=10",
                                                                                "Estimated Cardinality": "2359048"
                                                                            },
                                                                            "cumulative_cardinality": 121464,
                                                                            "operator_type": "TABLE_SCAN",
                                                                            "operator_cardinality": 121464,
                                                                            "cumulative_rows_scanned": 11795244,
                                                                            "operator_rows_scanned": 11795244,
                                                                            "operator_timing": 0.5423513140000017,
                                                                            "result_set_size": 3400992,
                                                                            "children": []
                                                                        },
                                                                        {
                                                                            "operator_name": "READ_PARQUET ",
                                                                            "cpu_time": 0.020978112999999927,
                                                                            "extra_info": {
                                                                                "Function": "READ_PARQUET",
                                                                                "Projections": "id",
                                                                                "Estimated Cardinality": "3850116"
                                                                            },
                                                                            "cumulative_cardinality": 3850116,
                                                                            "operator_type": "TABLE_SCAN",
                                                                            "operator_cardinality": 3850116,
                                                                            "cumulative_rows_scanned": 3850116,
                                                                            "operator_rows_scanned": 3850116,
                                                                            "operator_timing": 0.020978112999999927,
                                                                            "result_set_size": 15400464,
                                                                            "children": []
                                                                        }
                                                                    ]
                                                                }
                                                            ]
                                                        },
                                                        {
                                                            "operator_name": "PROJECTION",
                                                            "cpu_time": 1.071880463,
                                                            "extra_info": {
                                                                "Projections": [
                                                                    "PostId",
                                                                    "title",
                                                                    "OwnerDisplayName",
                                                                    "creationdate",
                                                                    "score",
                                                                    "TotalAnswers",
                                                                    "AvgAnswerScore"
                                                                ],
                                                                "Estimated Cardinality": "0"
                                                            },
                                                            "cumulative_cardinality": 15121789,
                                                            "operator_type": "PROJECTION",
                                                            "operator_cardinality": 1332,
                                                            "cumulative_rows_scanned": 16661174,
                                                            "operator_rows_scanned": 0,
                                                            "operator_timing": 0.0000061209999999999995,
                                                            "result_set_size": 85248,
                                                            "children": [
                                                                {
                                                                    "operator_name": "HASH_JOIN",
                                                                    "cpu_time": 1.071874342,
                                                                    "extra_info": {
                                                                        "Join Type": "INNER",
                                                                        "Conditions": "QuestionId = PostId",
                                                                        "Estimated Cardinality": "0"
                                                                    },
                                                                    "cumulative_cardinality": 15120457,
                                                                    "operator_type": "HASH_JOIN",
                                                                    "operator_cardinality": 1332,
                                                                    "cumulative_rows_scanned": 16661174,
                                                                    "operator_rows_scanned": 0,
                                                                    "operator_timing": 0.0034899009999999997,
                                                                    "result_set_size": 85248,
                                                                    "children": [
                                                                        {
                                                                            "operator_name": "HASH_GROUP_BY",
                                                                            "cpu_time": 0.78632922,
                                                                            "extra_info": {
                                                                                "Groups": "#0",
                                                                                "Aggregates": [
                                                                                    "count(#1)",
                                                                                    "avg(#2)"
                                                                                ],
                                                                                "Estimated Cardinality": "1925058"
                                                                            },
                                                                            "cumulative_cardinality": 10495393,
                                                                            "operator_type": "HASH_GROUP_BY",
                                                                            "operator_cardinality": 1668164,
                                                                            "cumulative_rows_scanned": 7700232,
                                                                            "operator_rows_scanned": 0,
                                                                            "operator_timing": 0.3077675019999998,
                                                                            "result_set_size": 33363280,
                                                                            "children": [
                                                                                {
                                                                                    "operator_name": "PROJECTION",
                                                                                    "cpu_time": 0.4785617180000003,
                                                                                    "extra_info": {
                                                                                        "Projections": [
                                                                                            "id",
                                                                                            "id",
                                                                                            "score"
                                                                                        ],
                                                                                        "Estimated Cardinality": "3850116"
                                                                                    },
                                                                                    "cumulative_cardinality": 8827229,
                                                                                    "operator_type": "PROJECTION",
                                                                                    "operator_cardinality": 2490886,
                                                                                    "cumulative_rows_scanned": 7700232,
                                                                                    "operator_rows_scanned": 0,
                                                                                    "operator_timing": 0.000492176999999994,
                                                                                    "result_set_size": 29890632,
                                                                                    "children": [
                                                                                        {
                                                                                            "operator_name": "HASH_JOIN",
                                                                                            "cpu_time": 0.4780695410000003,
                                                                                            "extra_info": {
                                                                                                "Join Type": "RIGHT",
                                                                                                "Conditions": "parentid = id",
                                                                                                "Estimated Cardinality": "3850116"
                                                                                            },
                                                                                            "cumulative_cardinality": 6336343,
                                                                                            "operator_type": "HASH_JOIN",
                                                                                            "operator_cardinality": 2490886,
                                                                                            "cumulative_rows_scanned": 7700232,
                                                                                            "operator_rows_scanned": 0,
                                                                                            "operator_timing": 0.2166619450000004,
                                                                                            "result_set_size": 29890632,
                                                                                            "children": [
                                                                                                {
                                                                                                    "operator_name": "READ_PARQUET ",
                                                                                                    "cpu_time": 0.17035315499999992,
                                                                                                    "extra_info": {
                                                                                                        "Function": "READ_PARQUET",
                                                                                                        "Projections": [
                                                                                                            "id",
                                                                                                            "parentid",
                                                                                                            "score"
                                                                                                        ],
                                                                                                        "Estimated Cardinality": "3850116"
                                                                                                    },
                                                                                                    "cumulative_cardinality": 2177293,
                                                                                                    "operator_type": "TABLE_SCAN",
                                                                                                    "operator_cardinality": 2177293,
                                                                                                    "cumulative_rows_scanned": 3850116,
                                                                                                    "operator_rows_scanned": 3850116,
                                                                                                    "operator_timing": 0.17035315499999992,
                                                                                                    "result_set_size": 26127516,
                                                                                                    "children": []
                                                                                                },
                                                                                                {
                                                                                                    "operator_name": "READ_PARQUET ",
                                                                                                    "cpu_time": 0.09105444099999997,
                                                                                                    "extra_info": {
                                                                                                        "Function": "READ_PARQUET",
                                                                                                        "Projections": "id",
                                                                                                        "Filters": "posttypeid=1",
                                                                                                        "Estimated Cardinality": "770023"
                                                                                                    },
                                                                                                    "cumulative_cardinality": 1668164,
                                                                                                    "operator_type": "TABLE_SCAN",
                                                                                                    "operator_cardinality": 1668164,
                                                                                                    "cumulative_rows_scanned": 3850116,
                                                                                                    "operator_rows_scanned": 3850116,
                                                                                                    "operator_timing": 0.09105444099999997,
                                                                                                    "result_set_size": 6672656,
                                                                                                    "children": []
                                                                                                }
                                                                                            ]
                                                                                        }
                                                                                    ]
                                                                                }
                                                                            ]
                                                                        },
                                                                        {
                                                                            "operator_name": "NESTED_LOOP_JOIN",
                                                                            "cpu_time": 0.2820552209999999,
                                                                            "extra_info": {
                                                                                "Join Type": "INNER",
                                                                                "Conditions": "CAST(score AS DOUBLE) > SUBQUERY",
                                                                                "Estimated Cardinality": "0"
                                                                            },
                                                                            "cumulative_cardinality": 4623732,
                                                                            "operator_type": "NESTED_LOOP_JOIN",
                                                                            "operator_cardinality": 1332,
                                                                            "cumulative_rows_scanned": 8960942,
                                                                            "operator_rows_scanned": 0,
                                                                            "operator_timing": 0.000191899,
                                                                            "result_set_size": 74592,
                                                                            "children": [
                                                                                {
                                                                                    "operator_name": "PROJECTION",
                                                                                    "cpu_time": 0.18543058899999995,
                                                                                    "extra_info": {
                                                                                        "Projections": [
                                                                                            "PostId",
                                                                                            "title",
                                                                                            "creationdate",
                                                                                            "OwnerDisplayName",
                                                                                            "score"
                                                                                        ],
                                                                                        "Estimated Cardinality": "770023"
                                                                                    },
                                                                                    "cumulative_cardinality": 1286068,
                                                                                    "operator_type": "PROJECTION",
                                                                                    "operator_cardinality": 5081,
                                                                                    "cumulative_rows_scanned": 5110826,
                                                                                    "operator_rows_scanned": 0,
                                                                                    "operator_timing": 0.000003318,
                                                                                    "result_set_size": 243888,
                                                                                    "children": [
                                                                                        {
                                                                                            "operator_name": "PROJECTION",
                                                                                            "cpu_time": 0.18542727099999995,
                                                                                            "extra_info": {
                                                                                                "Projections": [
                                                                                                    "#0",
                                                                                                    "#1",
                                                                                                    "#2",
                                                                                                    "#3",
                                                                                                    "#4",
                                                                                                    "#5",
                                                                                                    "#6",
                                                                                                    "#7",
                                                                                                    "#8"
                                                                                                ],
                                                                                                "Estimated Cardinality": "770023"
                                                                                            },
                                                                                            "cumulative_cardinality": 1280987,
                                                                                            "operator_type": "PROJECTION",
                                                                                            "operator_cardinality": 5081,
                                                                                            "cumulative_rows_scanned": 5110826,
                                                                                            "operator_rows_scanned": 0,
                                                                                            "operator_timing": 0.000005933,
                                                                                            "result_set_size": 406480,
                                                                                            "children": [
                                                                                                {
                                                                                                    "operator_name": "WINDOW",
                                                                                                    "cpu_time": 0.18542133799999994,
                                                                                                    "extra_info": {
                                                                                                        "Projections": "ROW_NUMBER() OVER (PARTITION BY location ORDER BY creationdate DESC NULLS LAST)"
                                                                                                    },
                                                                                                    "cumulative_cardinality": 1275906,
                                                                                                    "operator_type": "WINDOW",
                                                                                                    "operator_cardinality": 5081,
                                                                                                    "cumulative_rows_scanned": 5110826,
                                                                                                    "operator_rows_scanned": 0,
                                                                                                    "operator_timing": 0.004066126,
                                                                                                    "result_set_size": 406480,
                                                                                                    "children": [
                                                                                                        {
                                                                                                            "operator_name": "HASH_JOIN",
                                                                                                            "cpu_time": 0.18135521199999993,
                                                                                                            "extra_info": {
                                                                                                                "Join Type": "INNER",
                                                                                                                "Conditions": "id = owneruserid",
                                                                                                                "Estimated Cardinality": "770023"
                                                                                                            },
                                                                                                            "cumulative_cardinality": 1270825,
                                                                                                            "operator_type": "HASH_JOIN",
                                                                                                            "operator_cardinality": 5081,
                                                                                                            "cumulative_rows_scanned": 5110826,
                                                                                                            "operator_rows_scanned": 0,
                                                                                                            "operator_timing": 0.01080557100000001,
                                                                                                            "result_set_size": 365832,
                                                                                                            "children": [
                                                                                                                {
                                                                                                                    "operator_name": "READ_PARQUET ",
                                                                                                                    "cpu_time": 0.09707957099999992,
                                                                                                                    "extra_info": {
                                                                                                                        "Function": "READ_PARQUET",
                                                                                                                        "Projections": [
                                                                                                                            "id",
                                                                                                                            "displayname",
                                                                                                                            "location"
                                                                                                                        ],
                                                                                                                        "Filters": "id<=1416539",
                                                                                                                        "Estimated Cardinality": "1260710"
                                                                                                                    },
                                                                                                                    "cumulative_cardinality": 1260648,
                                                                                                                    "operator_type": "TABLE_SCAN",
                                                                                                                    "operator_cardinality": 1260648,
                                                                                                                    "cumulative_rows_scanned": 1260710,
                                                                                                                    "operator_rows_scanned": 1260710,
                                                                                                                    "operator_timing": 0.09707957099999992,
                                                                                                                    "result_set_size": 45383328,
                                                                                                                    "children": []
                                                                                                                },
                                                                                                                {
                                                                                                                    "operator_name": "READ_PARQUET ",
                                                                                                                    "cpu_time": 0.07347007,
                                                                                                                    "extra_info": {
                                                                                                                        "Function": "READ_PARQUET",
                                                                                                                        "Projections": [
                                                                                                                            "id",
                                                                                                                            "creationdate",
                                                                                                                            "score",
                                                                                                                            "owneruserid",
                                                                                                                            "title"
                                                                                                                        ],
                                                                                                                        "Filters": [
                                                                                                                            "posttypeid=1",
                                                                                                                            "creationdate>='2024-09-01 12:34:56'::TIMESTAMP"
                                                                                                                        ],
                                                                                                                        "Estimated Cardinality": "770023"
                                                                                                                    },
                                                                                                                    "cumulative_cardinality": 5096,
                                                                                                                    "operator_type": "TABLE_SCAN",
                                                                                                                    "operator_cardinality": 5096,
                                                                                                                    "cumulative_rows_scanned": 3850116,
                                                                                                                    "operator_rows_scanned": 3850116,
                                                                                                                    "operator_timing": 0.07347007,
                                                                                                                    "result_set_size": 183456,
                                                                                                                    "children": []
                                                                                                                }
                                                                                                            ]
                                                                                                        }
                                                                                                    ]
                                                                                                }
                                                                                            ]
                                                                                        }
                                                                                    ]
                                                                                },
                                                                                {
                                                                                    "operator_name": "PROJECTION",
                                                                                    "cpu_time": 0.09643273299999996,
                                                                                    "extra_info": {
                                                                                        "Projections": [
                                                                                            "CASE  WHEN ((#1 > 1)) THEN (error('More than one row returned by a subquery used as an expression - scalar subqueries can only return a single row.",
                                                                                            "Use \"SET scalar_subquery_error_on_multiple_rows=false\" to revert to previous behavior of returning a random row.')) ELSE #0 END"
                                                                                        ],
                                                                                        "Estimated Cardinality": "1"
                                                                                    },
                                                                                    "cumulative_cardinality": 3336332,
                                                                                    "operator_type": "PROJECTION",
                                                                                    "operator_cardinality": 1,
                                                                                    "cumulative_rows_scanned": 3850116,
                                                                                    "operator_rows_scanned": 0,
                                                                                    "operator_timing": 0.000002484,
                                                                                    "result_set_size": 8,
                                                                                    "children": [
                                                                                        {
                                                                                            "operator_name": "UNGROUPED_AGGREGATE",
                                                                                            "cpu_time": 0.09643024899999997,
                                                                                            "extra_info": {
                                                                                                "Aggregates": [
                                                                                                    "\"first\"(#0)",
                                                                                                    "count_star()"
                                                                                                ]
                                                                                            },
                                                                                            "cumulative_cardinality": 3336331,
                                                                                            "operator_type": "UNGROUPED_AGGREGATE",
                                                                                            "operator_cardinality": 1,
                                                                                            "cumulative_rows_scanned": 3850116,
                                                                                            "operator_rows_scanned": 0,
                                                                                            "operator_timing": 0.000001663,
                                                                                            "result_set_size": 16,
                                                                                            "children": [
                                                                                                {
                                                                                                    "operator_name": "PROJECTION",
                                                                                                    "cpu_time": 0.09642858599999997,
                                                                                                    "extra_info": {
                                                                                                        "Projections": "#0",
                                                                                                        "Estimated Cardinality": "1"
                                                                                                    },
                                                                                                    "cumulative_cardinality": 3336330,
                                                                                                    "operator_type": "PROJECTION",
                                                                                                    "operator_cardinality": 1,
                                                                                                    "cumulative_rows_scanned": 3850116,
                                                                                                    "operator_rows_scanned": 0,
                                                                                                    "operator_timing": 2e-7,
                                                                                                    "result_set_size": 8,
                                                                                                    "children": [
                                                                                                        {
                                                                                                            "operator_name": "UNGROUPED_AGGREGATE",
                                                                                                            "cpu_time": 0.09642838599999996,
                                                                                                            "extra_info": {
                                                                                                                "Aggregates": "avg(#0)"
                                                                                                            },
                                                                                                            "cumulative_cardinality": 3336329,
                                                                                                            "operator_type": "UNGROUPED_AGGREGATE",
                                                                                                            "operator_cardinality": 1,
                                                                                                            "cumulative_rows_scanned": 3850116,
                                                                                                            "operator_rows_scanned": 0,
                                                                                                            "operator_timing": 0.0066866919999999915,
                                                                                                            "result_set_size": 8,
                                                                                                            "children": [
                                                                                                                {
                                                                                                                    "operator_name": "PROJECTION",
                                                                                                                    "cpu_time": 0.08974169399999997,
                                                                                                                    "extra_info": {
                                                                                                                        "Projections": "score",
                                                                                                                        "Estimated Cardinality": "770023"
                                                                                                                    },
                                                                                                                    "cumulative_cardinality": 3336328,
                                                                                                                    "operator_type": "PROJECTION",
                                                                                                                    "operator_cardinality": 1668164,
                                                                                                                    "cumulative_rows_scanned": 3850116,
                                                                                                                    "operator_rows_scanned": 0,
                                                                                                                    "operator_timing": 0.00014863100000000256,
                                                                                                                    "result_set_size": 6672656,
                                                                                                                    "children": [
                                                                                                                        {
                                                                                                                            "operator_name": "READ_PARQUET ",
                                                                                                                            "cpu_time": 0.08959306299999997,
                                                                                                                            "extra_info": {
                                                                                                                                "Function": "READ_PARQUET",
                                                                                                                                "Projections": "score",
                                                                                                                                "Filters": "posttypeid=1",
                                                                                                                                "Estimated Cardinality": "770023"
                                                                                                                            },
                                                                                                                            "cumulative_cardinality": 1668164,
                                                                                                                            "operator_type": "TABLE_SCAN",
                                                                                                                            "operator_cardinality": 1668164,
                                                                                                                            "cumulative_rows_scanned": 3850116,
                                                                                                                            "operator_rows_scanned": 3850116,
                                                                                                                            "operator_timing": 0.08959306299999997,
                                                                                                                            "result_set_size": 6672656,
                                                                                                                            "children": []
                                                                                                                        }
                                                                                                                    ]
                                                                                                                }
                                                                                                            ]
                                                                                                        }
                                                                                                    ]
                                                                                                }
                                                                                            ]
                                                                                        }
                                                                                    ]
                                                                                }
                                                                            ]
                                                                        }
                                                                    ]
                                                                }
                                                            ]
                                                        }
                                                    ]
                                                }
                                            ]
                                        }
                                    ]
                                }
                            ]
                        }
                    ]
                }
            ]
        }
    ]
}