{
    "rows_returned": 10,
    "query_name": "\nWITH RECURSIVE RecursivePosts AS (\n    SELECT \n        p.Id AS PostID,\n        p.Title,\n        p.OwnerUserId,\n        p.AcceptedAnswerId,\n        p.CreationDate,\n        p.Score,\n        p.ViewCount,\n        1 AS Level\n    FROM Posts p\n    WHERE p.PostTypeId = 1  \n\n    UNION ALL\n\n    SELECT \n        a.Id,\n        a.Title,\n        a.OwnerUserId,\n        a.AcceptedAnswerId,\n        a.CreationDate,\n        a.Score,\n        a.ViewCount,\n        rp.Level + 1\n    FROM Posts a\n    JOIN RecursivePosts rp ON a.ParentId = rp.PostID\n)\n\nSELECT \n    u.Id AS UserID,\n    u.DisplayName,\n    u.Reputation,\n    COUNT(DISTINCT p.Id) AS QuestionCount,\n    COUNT(DISTINCT a.Id) AS AnswerCount,\n    SUM(CASE WHEN a.AcceptedAnswerId IS NOT NULL THEN 1 ELSE 0 END) AS AcceptedAnswerCount,\n    SUM(COALESCE(COMMENT_COUNT.comment_count, 0)) AS TotalCommentCount,\n    SUM(COALESCE(VOTE_COUNT.upvote_count, 0)) AS TotalUpVotes,\n    SUM(COALESCE(VOTE_COUNT.downvote_count, 0)) AS TotalDownVotes\nFROM Users u\nLEFT JOIN Posts p ON u.Id = p.OwnerUserId AND p.PostTypeId = 1  \nLEFT JOIN Posts a ON p.Id = a.ParentId  \nLEFT JOIN (\n    SELECT \n        c.PostId,\n        COUNT(c.Id) AS comment_count\n    FROM Comments c\n    GROUP BY c.PostId\n) AS COMMENT_COUNT ON p.Id = COMMENT_COUNT.PostId\nLEFT JOIN (\n    SELECT \n        v.PostId,\n        SUM(CASE WHEN vt.Name = 'UpMod' THEN 1 ELSE 0 END) AS upvote_count,\n        SUM(CASE WHEN vt.Name = 'DownMod' THEN 1 ELSE 0 END) AS downvote_count\n    FROM Votes v\n    JOIN VoteTypes vt ON v.VoteTypeId = vt.Id\n    GROUP BY v.PostId\n) AS VOTE_COUNT ON p.Id = VOTE_COUNT.PostId\nWHERE u.Reputation > 1000  \nGROUP BY u.Id, u.DisplayName, u.Reputation\nHAVING COUNT(DISTINCT p.Id) > 0  \nORDER BY u.Reputation DESC\nLIMIT 10;\n",
    "blocked_thread_time": 0.0,
    "cpu_time": 2.810863499000001,
    "extra_info": {},
    "cumulative_cardinality": 66724777,
    "cumulative_rows_scanned": 28946872,
    "result_set_size": 1040,
    "latency": 3.230201578,
    "children": [
        {
            "operator_name": "STREAMING_LIMIT",
            "cpu_time": 2.810863499000001,
            "extra_info": {},
            "cumulative_cardinality": 66724777,
            "operator_type": "STREAMING_LIMIT",
            "operator_cardinality": 10,
            "cumulative_rows_scanned": 28946872,
            "operator_rows_scanned": 0,
            "operator_timing": 0.000001282,
            "result_set_size": 1040,
            "children": [
                {
                    "operator_name": "ORDER_BY",
                    "cpu_time": 2.8108622170000013,
                    "extra_info": {
                        "Order By": "u.Reputation DESC"
                    },
                    "cumulative_cardinality": 66724767,
                    "operator_type": "ORDER_BY",
                    "operator_cardinality": 4096,
                    "cumulative_rows_scanned": 28946872,
                    "operator_rows_scanned": 0,
                    "operator_timing": 0.0005130180000000001,
                    "result_set_size": 425984,
                    "children": [
                        {
                            "operator_name": "FILTER",
                            "cpu_time": 2.8103491990000014,
                            "extra_info": {
                                "Expression": "(count(DISTINCT id) > 0)",
                                "Estimated Cardinality": "252142"
                            },
                            "cumulative_cardinality": 66720671,
                            "operator_type": "FILTER",
                            "operator_cardinality": 10348,
                            "cumulative_rows_scanned": 28946872,
                            "operator_rows_scanned": 0,
                            "operator_timing": 0.000030368,
                            "result_set_size": 1076192,
                            "children": [
                                {
                                    "operator_name": "HASH_GROUP_BY",
                                    "cpu_time": 2.8103188310000013,
                                    "extra_info": {
                                        "Groups": [
                                            "#0",
                                            "#1",
                                            "#2"
                                        ],
                                        "Aggregates": [
                                            "count(DISTINCT #3)",
                                            "count(DISTINCT #4)",
                                            "sum(#5)",
                                            "sum(#6)",
                                            "sum(#7)",
                                            "sum(#8)"
                                        ],
                                        "Estimated Cardinality": "1260710"
                                    },
                                    "cumulative_cardinality": 66710323,
                                    "operator_type": "HASH_GROUP_BY",
                                    "operator_cardinality": 11215,
                                    "cumulative_rows_scanned": 28946872,
                                    "operator_rows_scanned": 0,
                                    "operator_timing": 0.22550873899999993,
                                    "result_set_size": 1166360,
                                    "children": [
                                        {
                                            "operator_name": "PROJECTION",
                                            "cpu_time": 2.5848100920000014,
                                            "extra_info": {
                                                "Projections": [
                                                    "id",
                                                    "displayname",
                                                    "reputation",
                                                    "id",
                                                    "id",
                                                    "CASE  WHEN ((acceptedanswerid IS NOT NULL)) THEN (1) ELSE 0 END",
                                                    "COALESCE(comment_count, 0)",
                                                    "COALESCE(upvote_count, 0)",
                                                    "COALESCE(downvote_count, 0)"
                                                ],
                                                "Estimated Cardinality": "6372046"
                                            },
                                            "cumulative_cardinality": 66699108,
                                            "operator_type": "PROJECTION",
                                            "operator_cardinality": 875991,
                                            "cumulative_rows_scanned": 28946872,
                                            "operator_rows_scanned": 0,
                                            "operator_timing": 0.03674424900000002,
                                            "result_set_size": 66575316,
                                            "children": [
                                                {
                                                    "operator_name": "HASH_JOIN",
                                                    "cpu_time": 2.5480658430000016,
                                                    "extra_info": {
                                                        "Join Type": "RIGHT",
                                                        "Conditions": "postid = id",
                                                        "Estimated Cardinality": "6372046"
                                                    },
                                                    "cumulative_cardinality": 65823117,
                                                    "operator_type": "HASH_JOIN",
                                                    "operator_cardinality": 875991,
                                                    "cumulative_rows_scanned": 28946872,
                                                    "operator_rows_scanned": 0,
                                                    "operator_timing": 0.25545693199999997,
                                                    "result_set_size": 66575316,
                                                    "children": [
                                                        {
                                                            "operator_name": "HASH_GROUP_BY",
                                                            "cpu_time": 1.2274995159999997,
                                                            "extra_info": {
                                                                "Groups": "#0",
                                                                "Aggregates": [
                                                                    "sum(#1)",
                                                                    "sum(#2)"
                                                                ],
                                                                "Estimated Cardinality": "6372046"
                                                            },
                                                            "cumulative_cardinality": 42197521,
                                                            "operator_type": "HASH_GROUP_BY",
                                                            "operator_cardinality": 3965227,
                                                            "cumulative_rows_scanned": 12744108,
                                                            "operator_rows_scanned": 0,
                                                            "operator_timing": 0.821994105,
                                                            "result_set_size": 142748172,
                                                            "children": [
                                                                {
                                                                    "operator_name": "PROJECTION",
                                                                    "cpu_time": 0.40550541099999965,
                                                                    "extra_info": {
                                                                        "Projections": [
                                                                            "postid",
                                                                            "CASE  WHEN ((name = 'UpMod')) THEN (1) ELSE 0 END",
                                                                            "CASE  WHEN ((name = 'DownMod')) THEN (1) ELSE 0 END"
                                                                        ],
                                                                        "Estimated Cardinality": "12744093"
                                                                    },
                                                                    "cumulative_cardinality": 38232294,
                                                                    "operator_type": "PROJECTION",
                                                                    "operator_cardinality": 12744093,
                                                                    "cumulative_rows_scanned": 12744108,
                                                                    "operator_rows_scanned": 0,
                                                                    "operator_timing": 0.11782637200000005,
                                                                    "result_set_size": 152929116,
                                                                    "children": [
                                                                        {
                                                                            "operator_name": "HASH_JOIN",
                                                                            "cpu_time": 0.2876790389999996,
                                                                            "extra_info": {
                                                                                "Join Type": "INNER",
                                                                                "Conditions": "votetypeid = id",
                                                                                "Estimated Cardinality": "12744093"
                                                                            },
                                                                            "cumulative_cardinality": 25488201,
                                                                            "operator_type": "HASH_JOIN",
                                                                            "operator_cardinality": 12744093,
                                                                            "cumulative_rows_scanned": 12744108,
                                                                            "operator_rows_scanned": 0,
                                                                            "operator_timing": 0.03630253799999994,
                                                                            "result_set_size": 254881860,
                                                                            "children": [
                                                                                {
                                                                                    "operator_name": "READ_PARQUET ",
                                                                                    "cpu_time": 0.25106245499999963,
                                                                                    "extra_info": {
                                                                                        "Function": "READ_PARQUET",
                                                                                        "Projections": [
                                                                                            "postid",
                                                                                            "votetypeid"
                                                                                        ],
                                                                                        "Estimated Cardinality": "12744093"
                                                                                    },
                                                                                    "cumulative_cardinality": 12744093,
                                                                                    "operator_type": "TABLE_SCAN",
                                                                                    "operator_cardinality": 12744093,
                                                                                    "cumulative_rows_scanned": 12744093,
                                                                                    "operator_rows_scanned": 12744093,
                                                                                    "operator_timing": 0.25106245499999963,
                                                                                    "result_set_size": 76464558,
                                                                                    "children": []
                                                                                },
                                                                                {
                                                                                    "operator_name": "READ_PARQUET ",
                                                                                    "cpu_time": 0.000314046,
                                                                                    "extra_info": {
                                                                                        "Function": "READ_PARQUET",
                                                                                        "Projections": [
                                                                                            "id",
                                                                                            "name"
                                                                                        ],
                                                                                        "Estimated Cardinality": "15"
                                                                                    },
                                                                                    "cumulative_cardinality": 15,
                                                                                    "operator_type": "TABLE_SCAN",
                                                                                    "operator_cardinality": 15,
                                                                                    "cumulative_rows_scanned": 15,
                                                                                    "operator_rows_scanned": 15,
                                                                                    "operator_timing": 0.000314046,
                                                                                    "result_set_size": 270,
                                                                                    "children": []
                                                                                }
                                                                            ]
                                                                        }
                                                                    ]
                                                                }
                                                            ]
                                                        },
                                                        {
                                                            "operator_name": "HASH_JOIN",
                                                            "cpu_time": 1.065109395000002,
                                                            "extra_info": {
                                                                "Join Type": "LEFT",
                                                                "Conditions": "id = postid",
                                                                "Estimated Cardinality": "3850116"
                                                            },
                                                            "cumulative_cardinality": 22749605,
                                                            "operator_type": "HASH_JOIN",
                                                            "operator_cardinality": 875991,
                                                            "cumulative_rows_scanned": 16202764,
                                                            "operator_rows_scanned": 0,
                                                            "operator_timing": 0.15265666400000028,
                                                            "result_set_size": 38543604,
                                                            "children": [
                                                                {
                                                                    "operator_name": "HASH_JOIN",
                                                                    "cpu_time": 0.5599321070000007,
                                                                    "extra_info": {
                                                                        "Join Type": "RIGHT",
                                                                        "Conditions": "parentid = id",
                                                                        "Estimated Cardinality": "3850116"
                                                                    },
                                                                    "cumulative_cardinality": 5226298,
                                                                    "operator_type": "HASH_JOIN",
                                                                    "operator_cardinality": 875991,
                                                                    "cumulative_rows_scanned": 8960942,
                                                                    "operator_rows_scanned": 0,
                                                                    "operator_timing": 0.14088244800000035,
                                                                    "result_set_size": 31535676,
                                                                    "children": [
                                                                        {
                                                                            "operator_name": "READ_PARQUET ",
                                                                            "cpu_time": 0.17789192900000025,
                                                                            "extra_info": {
                                                                                "Function": "READ_PARQUET",
                                                                                "Projections": [
                                                                                    "id",
                                                                                    "acceptedanswerid",
                                                                                    "parentid"
                                                                                ],
                                                                                "Estimated Cardinality": "3850116"
                                                                            },
                                                                            "cumulative_cardinality": 2177293,
                                                                            "operator_type": "TABLE_SCAN",
                                                                            "operator_cardinality": 2177293,
                                                                            "cumulative_rows_scanned": 3850116,
                                                                            "operator_rows_scanned": 3850116,
                                                                            "operator_timing": 0.17789192900000025,
                                                                            "result_set_size": 26127516,
                                                                            "children": []
                                                                        },
                                                                        {
                                                                            "operator_name": "HASH_JOIN",
                                                                            "cpu_time": 0.24115773000000018,
                                                                            "extra_info": {
                                                                                "Join Type": "RIGHT",
                                                                                "Conditions": "owneruserid = id",
                                                                                "Estimated Cardinality": "770023"
                                                                            },
                                                                            "cumulative_cardinality": 2173014,
                                                                            "operator_type": "HASH_JOIN",
                                                                            "operator_cardinality": 573272,
                                                                            "cumulative_rows_scanned": 5110826,
                                                                            "operator_rows_scanned": 0,
                                                                            "operator_timing": 0.04220024500000011,
                                                                            "result_set_size": 16051616,
                                                                            "children": [
                                                                                {
                                                                                    "operator_name": "READ_PARQUET ",
                                                                                    "cpu_time": 0.14540562900000004,
                                                                                    "extra_info": {
                                                                                        "Function": "READ_PARQUET",
                                                                                        "Projections": [
                                                                                            "id",
                                                                                            "owneruserid"
                                                                                        ],
                                                                                        "Filters": "posttypeid=1",
                                                                                        "Estimated Cardinality": "770023"
                                                                                    },
                                                                                    "cumulative_cardinality": 1588527,
                                                                                    "operator_type": "TABLE_SCAN",
                                                                                    "operator_cardinality": 1588527,
                                                                                    "cumulative_rows_scanned": 3850116,
                                                                                    "operator_rows_scanned": 3850116,
                                                                                    "operator_timing": 0.14540562900000004,
                                                                                    "result_set_size": 12708216,
                                                                                    "children": []
                                                                                },
                                                                                {
                                                                                    "operator_name": "READ_PARQUET ",
                                                                                    "cpu_time": 0.053551856000000043,
                                                                                    "extra_info": {
                                                                                        "Function": "READ_PARQUET",
                                                                                        "Projections": [
                                                                                            "id",
                                                                                            "reputation",
                                                                                            "displayname"
                                                                                        ],
                                                                                        "Filters": "reputation>1000",
                                                                                        "Estimated Cardinality": "252142"
                                                                                    },
                                                                                    "cumulative_cardinality": 11215,
                                                                                    "operator_type": "TABLE_SCAN",
                                                                                    "operator_cardinality": 11215,
                                                                                    "cumulative_rows_scanned": 1260710,
                                                                                    "operator_rows_scanned": 1260710,
                                                                                    "operator_timing": 0.053551856000000043,
                                                                                    "result_set_size": 269160,
                                                                                    "children": []
                                                                                }
                                                                            ]
                                                                        }
                                                                    ]
                                                                },
                                                                {
                                                                    "operator_name": "HASH_GROUP_BY",
                                                                    "cpu_time": 0.3525206240000009,
                                                                    "extra_info": {
                                                                        "Groups": "#0",
                                                                        "Aggregates": "count_star()",
                                                                        "Estimated Cardinality": "3620911"
                                                                    },
                                                                    "cumulative_cardinality": 16647316,
                                                                    "operator_type": "HASH_GROUP_BY",
                                                                    "operator_cardinality": 2163672,
                                                                    "cumulative_rows_scanned": 7241822,
                                                                    "operator_rows_scanned": 0,
                                                                    "operator_timing": 0.26827422100000103,
                                                                    "result_set_size": 25964064,
                                                                    "children": [
                                                                        {
                                                                            "operator_name": "PROJECTION",
                                                                            "cpu_time": 0.08424640299999987,
                                                                            "extra_info": {
                                                                                "Projections": "postid",
                                                                                "Estimated Cardinality": "7241822"
                                                                            },
                                                                            "cumulative_cardinality": 14483644,
                                                                            "operator_type": "PROJECTION",
                                                                            "operator_cardinality": 7241822,
                                                                            "cumulative_rows_scanned": 7241822,
                                                                            "operator_rows_scanned": 0,
                                                                            "operator_timing": 0.0003789540000000037,
                                                                            "result_set_size": 28967288,
                                                                            "children": [
                                                                                {
                                                                                    "operator_name": "READ_PARQUET ",
                                                                                    "cpu_time": 0.08386744899999987,
                                                                                    "extra_info": {
                                                                                        "Function": "READ_PARQUET",
                                                                                        "Projections": [
                                                                                            "id",
                                                                                            "postid"
                                                                                        ],
                                                                                        "Estimated Cardinality": "7241822"
                                                                                    },
                                                                                    "cumulative_cardinality": 7241822,
                                                                                    "operator_type": "TABLE_SCAN",
                                                                                    "operator_cardinality": 7241822,
                                                                                    "cumulative_rows_scanned": 7241822,
                                                                                    "operator_rows_scanned": 7241822,
                                                                                    "operator_timing": 0.08386744899999987,
                                                                                    "result_set_size": 57934576,
                                                                                    "children": []
                                                                                }
                                                                            ]
                                                                        }
                                                                    ]
                                                                }
                                                            ]
                                                        }
                                                    ]
                                                }
                                            ]
                                        }
                                    ]
                                }
                            ]
                        }
                    ]
                }
            ]
        }
    ]
}