{
    "rows_returned": 100,
    "query_name": "\nWITH RECURSIVE UserBadgeCounts AS (\n    SELECT \n        u.Id AS UserId,\n        u.DisplayName,\n        SUM(CASE WHEN b.Class = 1 THEN 1 ELSE 0 END) AS GoldBadgeCount,\n        SUM(CASE WHEN b.Class = 2 THEN 1 ELSE 0 END) AS SilverBadgeCount,\n        SUM(CASE WHEN b.Class = 3 THEN 1 ELSE 0 END) AS BronzeBadgeCount\n    FROM \n        Users u\n    LEFT JOIN \n        Badges b ON u.Id = b.UserId\n    GROUP BY \n        u.Id, u.DisplayName\n),\nPostMetrics AS (\n    SELECT\n        p.OwnerUserId,\n        COUNT(DISTINCT p.Id) AS TotalPosts,\n        COUNT(DISTINCT CASE WHEN p.PostTypeId = 1 THEN p.Id END) AS TotalQuestions,\n        COUNT(DISTINCT CASE WHEN p.PostTypeId = 2 THEN p.Id END) AS TotalAnswers,\n        SUM(p.Score) AS TotalScore,\n        AVG(p.ViewCount) AS AvgViewCount,\n        MAX(p.CreationDate) AS LastPostDate\n    FROM \n        Posts p\n    GROUP BY \n        p.OwnerUserId\n),\nCombinedMetrics AS (\n    SELECT \n        u.Id AS UserId,\n        u.DisplayName,\n        COALESCE(ubc.GoldBadgeCount, 0) AS GoldBadgeCount,\n        COALESCE(ubc.SilverBadgeCount, 0) AS SilverBadgeCount,\n        COALESCE(ubc.BronzeBadgeCount, 0) AS BronzeBadgeCount,\n        COALESCE(pm.TotalPosts, 0) AS TotalPosts,\n        COALESCE(pm.TotalQuestions, 0) AS TotalQuestions,\n        COALESCE(pm.TotalAnswers, 0) AS TotalAnswers,\n        COALESCE(pm.TotalScore, 0) AS TotalScore,\n        COALESCE(pm.AvgViewCount, 0) AS AvgViewCount,\n        pm.LastPostDate\n    FROM \n        Users u\n    LEFT JOIN \n        UserBadgeCounts ubc ON u.Id = ubc.UserId\n    LEFT JOIN \n        PostMetrics pm ON u.Id = pm.OwnerUserId\n)\nSELECT \n    c.UserId,\n    c.DisplayName,\n    c.GoldBadgeCount,\n    c.SilverBadgeCount,\n    c.BronzeBadgeCount,\n    c.TotalPosts,\n    c.TotalQuestions,\n    c.TotalAnswers,\n    c.TotalScore,\n    c.AvgViewCount,\n    CASE \n        WHEN c.LastPostDate IS NOT NULL THEN DATE '2024-10-01' - c.LastPostDate \n        ELSE NULL \n    END AS DaysSinceLastPost\nFROM \n    CombinedMetrics c\nWHERE \n    (c.TotalQuestions > 0 OR c.TotalAnswers > 0)\n    AND (c.GoldBadgeCount > 0 OR c.SilverBadgeCount > 0 OR c.BronzeBadgeCount > 0)\nORDER BY \n    c.TotalScore DESC,\n    c.TotalPosts DESC\nLIMIT 100;\n",
    "blocked_thread_time": 0.0,
    "cpu_time": 2.882205070999998,
    "extra_info": {},
    "cumulative_cardinality": 23833414,
    "cumulative_rows_scanned": 8693260,
    "result_set_size": 13200,
    "latency": 3.313216646,
    "children": [
        {
            "operator_name": "STREAMING_LIMIT",
            "cpu_time": 2.882205070999998,
            "extra_info": {},
            "cumulative_cardinality": 23833414,
            "operator_type": "STREAMING_LIMIT",
            "operator_cardinality": 100,
            "cumulative_rows_scanned": 8693260,
            "operator_rows_scanned": 0,
            "operator_timing": 0.000002575,
            "result_set_size": 13200,
            "children": [
                {
                    "operator_name": "ORDER_BY",
                    "cpu_time": 2.882202495999998,
                    "extra_info": {
                        "Order By": [
                            "c.TotalScore DESC",
                            "c.TotalPosts DESC"
                        ]
                    },
                    "cumulative_cardinality": 23833314,
                    "operator_type": "ORDER_BY",
                    "operator_cardinality": 4096,
                    "cumulative_rows_scanned": 8693260,
                    "operator_rows_scanned": 0,
                    "operator_timing": 0.026577834000000005,
                    "result_set_size": 540672,
                    "children": [
                        {
                            "operator_name": "PROJECTION",
                            "cpu_time": 2.855624661999998,
                            "extra_info": {
                                "Projections": [
                                    "UserId",
                                    "displayname",
                                    "GoldBadgeCount",
                                    "SilverBadgeCount",
                                    "BronzeBadgeCount",
                                    "TotalPosts",
                                    "TotalQuestions",
                                    "TotalAnswers",
                                    "TotalScore",
                                    "AvgViewCount",
                                    "DaysSinceLastPost"
                                ],
                                "Estimated Cardinality": "77002"
                            },
                            "cumulative_cardinality": 23829218,
                            "operator_type": "PROJECTION",
                            "operator_cardinality": 339668,
                            "cumulative_rows_scanned": 8693260,
                            "operator_rows_scanned": 0,
                            "operator_timing": 0.0034735189999999996,
                            "result_set_size": 44836176,
                            "children": [
                                {
                                    "operator_name": "PROJECTION",
                                    "cpu_time": 2.852151142999998,
                                    "extra_info": {
                                        "Projections": [
                                            "UserId",
                                            "displayname",
                                            "GoldBadgeCount",
                                            "SilverBadgeCount",
                                            "BronzeBadgeCount",
                                            "TotalPosts",
                                            "TotalQuestions",
                                            "TotalAnswers",
                                            "TotalScore",
                                            "AvgViewCount",
                                            "LastPostDate"
                                        ],
                                        "Estimated Cardinality": "77002"
                                    },
                                    "cumulative_cardinality": 23489550,
                                    "operator_type": "PROJECTION",
                                    "operator_cardinality": 339668,
                                    "cumulative_rows_scanned": 8693260,
                                    "operator_rows_scanned": 0,
                                    "operator_timing": 0.020517714,
                                    "result_set_size": 42118832,
                                    "children": [
                                        {
                                            "operator_name": "HASH_JOIN",
                                            "cpu_time": 2.8316334289999983,
                                            "extra_info": {
                                                "Join Type": "INNER",
                                                "Conditions": "owneruserid = id",
                                                "Estimated Cardinality": "77002"
                                            },
                                            "cumulative_cardinality": 23149882,
                                            "operator_type": "HASH_JOIN",
                                            "operator_cardinality": 339668,
                                            "cumulative_rows_scanned": 8693260,
                                            "operator_rows_scanned": 0,
                                            "operator_timing": 0.079379225,
                                            "result_set_size": 42118832,
                                            "children": [
                                                {
                                                    "operator_name": "FILTER",
                                                    "cpu_time": 1.6857988429999988,
                                                    "extra_info": {
                                                        "Expression": "((COALESCE(TotalQuestions, 0) > 0) OR (COALESCE(TotalAnswers, 0) > 0))",
                                                        "Estimated Cardinality": "385011"
                                                    },
                                                    "cumulative_cardinality": 8443489,
                                                    "operator_type": "FILTER",
                                                    "operator_cardinality": 371625,
                                                    "cumulative_rows_scanned": 3850116,
                                                    "operator_rows_scanned": 0,
                                                    "operator_timing": 0.005608280000000001,
                                                    "result_set_size": 22297500,
                                                    "children": [
                                                        {
                                                            "operator_name": "HASH_GROUP_BY",
                                                            "cpu_time": 1.680190562999999,
                                                            "extra_info": {
                                                                "Groups": "#0",
                                                                "Aggregates": [
                                                                    "count(DISTINCT #1)",
                                                                    "count(DISTINCT #2)",
                                                                    "count(DISTINCT #3)",
                                                                    "sum(#4)",
                                                                    "avg(#5)",
                                                                    "max(#6)"
                                                                ],
                                                                "Estimated Cardinality": "1925058"
                                                            },
                                                            "cumulative_cardinality": 8071864,
                                                            "operator_type": "HASH_GROUP_BY",
                                                            "operator_cardinality": 371632,
                                                            "cumulative_rows_scanned": 3850116,
                                                            "operator_rows_scanned": 0,
                                                            "operator_timing": 1.453040512999999,
                                                            "result_set_size": 22297920,
                                                            "children": [
                                                                {
                                                                    "operator_name": "PROJECTION",
                                                                    "cpu_time": 0.22715004999999994,
                                                                    "extra_info": {
                                                                        "Projections": [
                                                                            "owneruserid",
                                                                            "id",
                                                                            "CASE  WHEN ((posttypeid = 1)) THEN (id) ELSE NULL END",
                                                                            "CASE  WHEN ((posttypeid = 2)) THEN (id) ELSE NULL END",
                                                                            "score",
                                                                            "viewcount",
                                                                            "creationdate"
                                                                        ],
                                                                        "Estimated Cardinality": "3850116"
                                                                    },
                                                                    "cumulative_cardinality": 7700232,
                                                                    "operator_type": "PROJECTION",
                                                                    "operator_cardinality": 3850116,
                                                                    "cumulative_rows_scanned": 3850116,
                                                                    "operator_rows_scanned": 0,
                                                                    "operator_timing": 0.06528840099999995,
                                                                    "result_set_size": 123203712,
                                                                    "children": [
                                                                        {
                                                                            "operator_name": "READ_PARQUET ",
                                                                            "cpu_time": 0.16186164899999997,
                                                                            "extra_info": {
                                                                                "Function": "READ_PARQUET",
                                                                                "Projections": [
                                                                                    "id",
                                                                                    "posttypeid",
                                                                                    "creationdate",
                                                                                    "score",
                                                                                    "viewcount",
                                                                                    "owneruserid"
                                                                                ],
                                                                                "Estimated Cardinality": "3850116"
                                                                            },
                                                                            "cumulative_cardinality": 3850116,
                                                                            "operator_type": "TABLE_SCAN",
                                                                            "operator_cardinality": 3850116,
                                                                            "cumulative_rows_scanned": 3850116,
                                                                            "operator_rows_scanned": 3850116,
                                                                            "operator_timing": 0.16186164899999997,
                                                                            "result_set_size": 100103016,
                                                                            "children": []
                                                                        }
                                                                    ]
                                                                }
                                                            ]
                                                        }
                                                    ]
                                                },
                                                {
                                                    "operator_name": "FILTER",
                                                    "cpu_time": 1.0664553609999996,
                                                    "extra_info": {
                                                        "Expression": "(id <= 1416539)",
                                                        "Estimated Cardinality": "252142"
                                                    },
                                                    "cumulative_cardinality": 14366725,
                                                    "operator_type": "FILTER",
                                                    "operator_cardinality": 549021,
                                                    "cumulative_rows_scanned": 4843144,
                                                    "operator_rows_scanned": 0,
                                                    "operator_timing": 0.001266566999999999,
                                                    "result_set_size": 37333428,
                                                    "children": [
                                                        {
                                                            "operator_name": "HASH_JOIN",
                                                            "cpu_time": 1.0651887939999996,
                                                            "extra_info": {
                                                                "Join Type": "INNER",
                                                                "Conditions": "id = UserId",
                                                                "Estimated Cardinality": "252142"
                                                            },
                                                            "cumulative_cardinality": 13817704,
                                                            "operator_type": "HASH_JOIN",
                                                            "operator_cardinality": 549021,
                                                            "cumulative_rows_scanned": 4843144,
                                                            "operator_rows_scanned": 0,
                                                            "operator_timing": 0.08923221700000004,
                                                            "result_set_size": 37333428,
                                                            "children": [
                                                                {
                                                                    "operator_name": "READ_PARQUET ",
                                                                    "cpu_time": 0.08505312099999998,
                                                                    "extra_info": {
                                                                        "Function": "READ_PARQUET",
                                                                        "Projections": [
                                                                            "id",
                                                                            "displayname"
                                                                        ],
                                                                        "Estimated Cardinality": "1260710"
                                                                    },
                                                                    "cumulative_cardinality": 1260671,
                                                                    "operator_type": "TABLE_SCAN",
                                                                    "operator_cardinality": 1260671,
                                                                    "cumulative_rows_scanned": 1260710,
                                                                    "operator_rows_scanned": 1260710,
                                                                    "operator_timing": 0.08505312099999998,
                                                                    "result_set_size": 25213420,
                                                                    "children": []
                                                                },
                                                                {
                                                                    "operator_name": "PROJECTION",
                                                                    "cpu_time": 0.8909034559999995,
                                                                    "extra_info": {
                                                                        "Projections": [
                                                                            "#0",
                                                                            "#2",
                                                                            "#3",
                                                                            "#4"
                                                                        ],
                                                                        "Estimated Cardinality": "252142"
                                                                    },
                                                                    "cumulative_cardinality": 12008012,
                                                                    "operator_type": "PROJECTION",
                                                                    "operator_cardinality": 549021,
                                                                    "cumulative_rows_scanned": 3582434,
                                                                    "operator_rows_scanned": 0,
                                                                    "operator_timing": 0.00006743700000000003,
                                                                    "result_set_size": 28549092,
                                                                    "children": [
                                                                        {
                                                                            "operator_name": "FILTER",
                                                                            "cpu_time": 0.8908360189999995,
                                                                            "extra_info": {
                                                                                "Expression": "((COALESCE(GoldBadgeCount, 0) > 0) OR (COALESCE(SilverBadgeCount, 0) > 0) OR (COALESCE(BronzeBadgeCount, 0) > 0))",
                                                                                "Estimated Cardinality": "252142"
                                                                            },
                                                                            "cumulative_cardinality": 11458991,
                                                                            "operator_type": "FILTER",
                                                                            "operator_cardinality": 549021,
                                                                            "cumulative_rows_scanned": 3582434,
                                                                            "operator_rows_scanned": 0,
                                                                            "operator_timing": 0.02708794899999997,
                                                                            "result_set_size": 37333428,
                                                                            "children": [
                                                                                {
                                                                                    "operator_name": "HASH_GROUP_BY",
                                                                                    "cpu_time": 0.8637480699999995,
                                                                                    "extra_info": {
                                                                                        "Groups": [
                                                                                            "#0",
                                                                                            "#1"
                                                                                        ],
                                                                                        "Aggregates": [
                                                                                            "sum(#2)",
                                                                                            "sum(#3)",
                                                                                            "sum(#4)"
                                                                                        ],
                                                                                        "Estimated Cardinality": "1260710"
                                                                                    },
                                                                                    "cumulative_cardinality": 10909970,
                                                                                    "operator_type": "HASH_GROUP_BY",
                                                                                    "operator_cardinality": 1260710,
                                                                                    "cumulative_rows_scanned": 3582434,
                                                                                    "operator_rows_scanned": 0,
                                                                                    "operator_timing": 0.505300775,
                                                                                    "result_set_size": 85728280,
                                                                                    "children": [
                                                                                        {
                                                                                            "operator_name": "PROJECTION",
                                                                                            "cpu_time": 0.3584472949999995,
                                                                                            "extra_info": {
                                                                                                "Projections": [
                                                                                                    "id",
                                                                                                    "displayname",
                                                                                                    "CASE  WHEN ((class = 1)) THEN (1) ELSE 0 END",
                                                                                                    "CASE  WHEN ((class = 2)) THEN (1) ELSE 0 END",
                                                                                                    "CASE  WHEN ((class = 3)) THEN (1) ELSE 0 END"
                                                                                                ],
                                                                                                "Estimated Cardinality": "2321724"
                                                                                            },
                                                                                            "cumulative_cardinality": 9649260,
                                                                                            "operator_type": "PROJECTION",
                                                                                            "operator_cardinality": 3033413,
                                                                                            "cumulative_rows_scanned": 3582434,
                                                                                            "operator_rows_scanned": 0,
                                                                                            "operator_timing": 0.01688794600000006,
                                                                                            "result_set_size": 97069216,
                                                                                            "children": [
                                                                                                {
                                                                                                    "operator_name": "HASH_JOIN",
                                                                                                    "cpu_time": 0.34155934899999946,
                                                                                                    "extra_info": {
                                                                                                        "Join Type": "RIGHT",
                                                                                                        "Conditions": "userid = id",
                                                                                                        "Estimated Cardinality": "2321724"
                                                                                                    },
                                                                                                    "cumulative_cardinality": 6615847,
                                                                                                    "operator_type": "HASH_JOIN",
                                                                                                    "operator_cardinality": 3033413,
                                                                                                    "cumulative_rows_scanned": 3582434,
                                                                                                    "operator_rows_scanned": 0,
                                                                                                    "operator_timing": 0.22034133799999944,
                                                                                                    "result_set_size": 66735086,
                                                                                                    "children": [
                                                                                                        {
                                                                                                            "operator_name": "READ_PARQUET ",
                                                                                                            "cpu_time": 0.04394785400000006,
                                                                                                            "extra_info": {
                                                                                                                "Function": "READ_PARQUET",
                                                                                                                "Projections": [
                                                                                                                    "userid",
                                                                                                                    "class"
                                                                                                                ],
                                                                                                                "Estimated Cardinality": "2321724"
                                                                                                            },
                                                                                                            "cumulative_cardinality": 2321724,
                                                                                                            "operator_type": "TABLE_SCAN",
                                                                                                            "operator_cardinality": 2321724,
                                                                                                            "cumulative_rows_scanned": 2321724,
                                                                                                            "operator_rows_scanned": 2321724,
                                                                                                            "operator_timing": 0.04394785400000006,
                                                                                                            "result_set_size": 13930344,
                                                                                                            "children": []
                                                                                                        },
                                                                                                        {
                                                                                                            "operator_name": "READ_PARQUET ",
                                                                                                            "cpu_time": 0.07727015699999995,
                                                                                                            "extra_info": {
                                                                                                                "Function": "READ_PARQUET",
                                                                                                                "Projections": [
                                                                                                                    "id",
                                                                                                                    "displayname"
                                                                                                                ],
                                                                                                                "Estimated Cardinality": "1260710"
                                                                                                            },
                                                                                                            "cumulative_cardinality": 1260710,
                                                                                                            "operator_type": "TABLE_SCAN",
                                                                                                            "operator_cardinality": 1260710,
                                                                                                            "cumulative_rows_scanned": 1260710,
                                                                                                            "operator_rows_scanned": 1260710,
                                                                                                            "operator_timing": 0.07727015699999995,
                                                                                                            "result_set_size": 25214200,
                                                                                                            "children": []
                                                                                                        }
                                                                                                    ]
                                                                                                }
                                                                                            ]
                                                                                        }
                                                                                    ]
                                                                                }
                                                                            ]
                                                                        }
                                                                    ]
                                                                }
                                                            ]
                                                        }
                                                    ]
                                                }
                                            ]
                                        }
                                    ]
                                }
                            ]
                        }
                    ]
                }
            ]
        }
    ]
}