{
    "rows_returned": 11215,
    "query_name": "\nWITH RECURSIVE UserActivity AS (\n    SELECT \n        u.Id AS UserId, \n        u.DisplayName, \n        u.Reputation, \n        COUNT(p.Id) AS PostCount,\n        SUM(CASE WHEN p.Score > 0 THEN p.Score ELSE 0 END) AS PositiveScore\n    FROM \n        Users u\n    LEFT JOIN \n        Posts p ON u.Id = p.OwnerUserId\n    GROUP BY \n        u.Id, u.DisplayName, u.Reputation\n), \nRecentPosts AS (\n    SELECT \n        p.Id AS PostId, \n        p.Title, \n        p.CreationDate, \n        p.Score, \n        u.DisplayName AS OwnerDisplayName\n    FROM \n        Posts p\n    JOIN \n        Users u ON p.OwnerUserId = u.Id\n    WHERE \n        p.CreationDate >= CURRENT_DATE - INTERVAL '1 YEAR'\n    ORDER BY \n        p.CreationDate DESC\n    LIMIT 10\n),\nPostHistoryDetails AS (\n    SELECT \n        ph.PostId,\n        ph.CreationDate AS HistoryDate,\n        pht.Name AS HistoryTypeName,\n        ph.UserDisplayName AS EditorName\n    FROM \n        PostHistory ph\n    JOIN \n        PostHistoryTypes pht ON ph.PostHistoryTypeId = pht.Id\n    WHERE \n        ph.CreationDate >= CURRENT_DATE - INTERVAL '6 MONTH'\n)\nSELECT \n    ua.UserId,\n    ua.DisplayName,\n    ua.Reputation,\n    ua.PostCount,\n    ua.PositiveScore,\n    rp.PostId,\n    rp.Title AS RecentPostTitle,\n    rp.CreationDate AS RecentPostDate,\n    rp.Score AS RecentPostScore,\n    rp.OwnerDisplayName,\n    phd.HistoryDate,\n    phd.HistoryTypeName,\n    phd.EditorName\nFROM \n    UserActivity ua\nLEFT JOIN \n    RecentPosts rp ON ua.PostCount > 0\nLEFT JOIN \n    PostHistoryDetails phd ON rp.PostId = phd.PostId\nWHERE \n    ua.Reputation > 1000\nORDER BY \n    ua.Reputation DESC, \n    rp.CreationDate DESC;\n",
    "blocked_thread_time": 0.0,
    "cpu_time": 0.3882533790000003,
    "extra_info": {},
    "cumulative_cardinality": 8545717,
    "cumulative_rows_scanned": 6371570,
    "result_set_size": 1525240,
    "latency": 0.444659076,
    "children": [
        {
            "operator_name": "ORDER_BY",
            "cpu_time": 0.3882533790000003,
            "extra_info": {
                "Order By": [
                    "ua.Reputation DESC",
                    "rp.CreationDate DESC"
                ]
            },
            "cumulative_cardinality": 8545717,
            "operator_type": "ORDER_BY",
            "operator_cardinality": 11215,
            "cumulative_rows_scanned": 6371570,
            "operator_rows_scanned": 0,
            "operator_timing": 0.00118767,
            "result_set_size": 1525240,
            "children": [
                {
                    "operator_name": "PROJECTION",
                    "cpu_time": 0.3870657090000003,
                    "extra_info": {
                        "Projections": [
                            "UserId",
                            "displayname",
                            "reputation",
                            "PostCount",
                            "PositiveScore",
                            "PostId",
                            "RecentPostTitle",
                            "RecentPostDate",
                            "RecentPostScore",
                            "OwnerDisplayName",
                            "HistoryDate",
                            "HistoryTypeName",
                            "EditorName"
                        ],
                        "Estimated Cardinality": "2359048"
                    },
                    "cumulative_cardinality": 8534502,
                    "operator_type": "PROJECTION",
                    "operator_cardinality": 11215,
                    "cumulative_rows_scanned": 6371570,
                    "operator_rows_scanned": 0,
                    "operator_timing": 0.0000040079999999999996,
                    "result_set_size": 1525240,
                    "children": [
                        {
                            "operator_name": "HASH_JOIN",
                            "cpu_time": 0.3870617010000003,
                            "extra_info": {
                                "Join Type": "RIGHT",
                                "Conditions": "postid = PostId",
                                "Estimated Cardinality": "2359048"
                            },
                            "cumulative_cardinality": 8523287,
                            "operator_type": "HASH_JOIN",
                            "operator_cardinality": 11215,
                            "cumulative_rows_scanned": 6371570,
                            "operator_rows_scanned": 0,
                            "operator_timing": 0.000836325,
                            "result_set_size": 1525240,
                            "children": [
                                {
                                    "operator_name": "PROJECTION",
                                    "cpu_time": 0.00049698,
                                    "extra_info": {
                                        "Projections": [
                                            "postid",
                                            "HistoryDate",
                                            "HistoryTypeName",
                                            "EditorName"
                                        ],
                                        "Estimated Cardinality": "2359048"
                                    },
                                    "cumulative_cardinality": 34,
                                    "operator_type": "PROJECTION",
                                    "operator_cardinality": 0,
                                    "cumulative_rows_scanned": 34,
                                    "operator_rows_scanned": 0,
                                    "operator_timing": 0.0,
                                    "result_set_size": 0,
                                    "children": [
                                        {
                                            "operator_name": "HASH_JOIN",
                                            "cpu_time": 0.00049698,
                                            "extra_info": {
                                                "Join Type": "INNER",
                                                "Conditions": "posthistorytypeid = id",
                                                "Estimated Cardinality": "2359048"
                                            },
                                            "cumulative_cardinality": 34,
                                            "operator_type": "HASH_JOIN",
                                            "operator_cardinality": 0,
                                            "cumulative_rows_scanned": 34,
                                            "operator_rows_scanned": 0,
                                            "operator_timing": 0.00018254099999999999,
                                            "result_set_size": 0,
                                            "children": [
                                                {
                                                    "operator_name": "EMPTY_RESULT",
                                                    "cpu_time": 1.61e-7,
                                                    "extra_info": {},
                                                    "cumulative_cardinality": 0,
                                                    "operator_type": "EMPTY_RESULT",
                                                    "operator_cardinality": 0,
                                                    "cumulative_rows_scanned": 0,
                                                    "operator_rows_scanned": 0,
                                                    "operator_timing": 1.61e-7,
                                                    "result_set_size": 0,
                                                    "children": []
                                                },
                                                {
                                                    "operator_name": "READ_PARQUET ",
                                                    "cpu_time": 0.00031427800000000003,
                                                    "extra_info": {
                                                        "Function": "READ_PARQUET",
                                                        "Projections": [
                                                            "id",
                                                            "name"
                                                        ],
                                                        "Estimated Cardinality": "34"
                                                    },
                                                    "cumulative_cardinality": 34,
                                                    "operator_type": "TABLE_SCAN",
                                                    "operator_cardinality": 34,
                                                    "cumulative_rows_scanned": 34,
                                                    "operator_rows_scanned": 34,
                                                    "operator_timing": 0.00031427800000000003,
                                                    "result_set_size": 612,
                                                    "children": []
                                                }
                                            ]
                                        }
                                    ]
                                },
                                {
                                    "operator_name": "BLOCKWISE_NL_JOIN",
                                    "cpu_time": 0.3857283960000003,
                                    "extra_info": {
                                        "Join Type": "LEFT",
                                        "Condition": "(PostCount > 0)"
                                    },
                                    "cumulative_cardinality": 8512038,
                                    "operator_type": "BLOCKWISE_NL_JOIN",
                                    "operator_cardinality": 11215,
                                    "cumulative_rows_scanned": 6371536,
                                    "operator_rows_scanned": 0,
                                    "operator_timing": 0.000032251999999999995,
                                    "result_set_size": 1076640,
                                    "children": [
                                        {
                                            "operator_name": "HASH_GROUP_BY",
                                            "cpu_time": 0.3803431730000003,
                                            "extra_info": {
                                                "Groups": [
                                                    "#0",
                                                    "#1",
                                                    "#2"
                                                ],
                                                "Aggregates": [
                                                    "count(#3)",
                                                    "sum(#4)"
                                                ],
                                                "Estimated Cardinality": "1260710"
                                            },
                                            "cumulative_cardinality": 8498775,
                                            "operator_type": "HASH_GROUP_BY",
                                            "operator_cardinality": 11215,
                                            "cumulative_rows_scanned": 5110826,
                                            "operator_rows_scanned": 0,
                                            "operator_timing": 0.09342433600000014,
                                            "result_set_size": 538320,
                                            "children": [
                                                {
                                                    "operator_name": "PROJECTION",
                                                    "cpu_time": 0.2869188370000002,
                                                    "extra_info": {
                                                        "Projections": [
                                                            "id",
                                                            "displayname",
                                                            "reputation",
                                                            "id",
                                                            "CASE  WHEN ((score > 0)) THEN (score) ELSE 0 END"
                                                        ],
                                                        "Estimated Cardinality": "3850116"
                                                    },
                                                    "cumulative_cardinality": 8487560,
                                                    "operator_type": "PROJECTION",
                                                    "operator_cardinality": 2396486,
                                                    "cumulative_rows_scanned": 5110826,
                                                    "operator_rows_scanned": 0,
                                                    "operator_timing": 0.02988077699999998,
                                                    "result_set_size": 76687552,
                                                    "children": [
                                                        {
                                                            "operator_name": "HASH_JOIN",
                                                            "cpu_time": 0.25703806000000023,
                                                            "extra_info": {
                                                                "Join Type": "RIGHT",
                                                                "Conditions": "owneruserid = id",
                                                                "Estimated Cardinality": "3850116"
                                                            },
                                                            "cumulative_cardinality": 6091074,
                                                            "operator_type": "HASH_JOIN",
                                                            "operator_cardinality": 2396486,
                                                            "cumulative_rows_scanned": 5110826,
                                                            "operator_rows_scanned": 0,
                                                            "operator_timing": 0.09297422000000007,
                                                            "result_set_size": 76687552,
                                                            "children": [
                                                                {
                                                                    "operator_name": "READ_PARQUET ",
                                                                    "cpu_time": 0.11005615100000014,
                                                                    "extra_info": {
                                                                        "Function": "READ_PARQUET",
                                                                        "Projections": [
                                                                            "id",
                                                                            "score",
                                                                            "owneruserid"
                                                                        ],
                                                                        "Estimated Cardinality": "3850116"
                                                                    },
                                                                    "cumulative_cardinality": 3683373,
                                                                    "operator_type": "TABLE_SCAN",
                                                                    "operator_cardinality": 3683373,
                                                                    "cumulative_rows_scanned": 3850116,
                                                                    "operator_rows_scanned": 3850116,
                                                                    "operator_timing": 0.11005615100000014,
                                                                    "result_set_size": 44200476,
                                                                    "children": []
                                                                },
                                                                {
                                                                    "operator_name": "READ_PARQUET ",
                                                                    "cpu_time": 0.054007689000000025,
                                                                    "extra_info": {
                                                                        "Function": "READ_PARQUET",
                                                                        "Projections": [
                                                                            "id",
                                                                            "reputation",
                                                                            "displayname"
                                                                        ],
                                                                        "Filters": "reputation>1000",
                                                                        "Estimated Cardinality": "252142"
                                                                    },
                                                                    "cumulative_cardinality": 11215,
                                                                    "operator_type": "TABLE_SCAN",
                                                                    "operator_cardinality": 11215,
                                                                    "cumulative_rows_scanned": 1260710,
                                                                    "operator_rows_scanned": 1260710,
                                                                    "operator_timing": 0.054007689000000025,
                                                                    "result_set_size": 269160,
                                                                    "children": []
                                                                }
                                                            ]
                                                        }
                                                    ]
                                                }
                                            ]
                                        },
                                        {
                                            "operator_name": "STREAMING_LIMIT",
                                            "cpu_time": 0.005352971000000001,
                                            "extra_info": {},
                                            "cumulative_cardinality": 2048,
                                            "operator_type": "STREAMING_LIMIT",
                                            "operator_cardinality": 0,
                                            "cumulative_rows_scanned": 1260710,
                                            "operator_rows_scanned": 0,
                                            "operator_timing": 0.0,
                                            "result_set_size": 0,
                                            "children": [
                                                {
                                                    "operator_name": "ORDER_BY",
                                                    "cpu_time": 0.005352971000000001,
                                                    "extra_info": {
                                                        "Order By": "p.CreationDate DESC"
                                                    },
                                                    "cumulative_cardinality": 2048,
                                                    "operator_type": "ORDER_BY",
                                                    "operator_cardinality": 0,
                                                    "cumulative_rows_scanned": 1260710,
                                                    "operator_rows_scanned": 0,
                                                    "operator_timing": 2.8e-7,
                                                    "result_set_size": 0,
                                                    "children": [
                                                        {
                                                            "operator_name": "PROJECTION",
                                                            "cpu_time": 0.005352691000000001,
                                                            "extra_info": {
                                                                "Projections": [
                                                                    "PostId",
                                                                    "title",
                                                                    "creationdate",
                                                                    "score",
                                                                    "OwnerDisplayName"
                                                                ],
                                                                "Estimated Cardinality": "770023"
                                                            },
                                                            "cumulative_cardinality": 2048,
                                                            "operator_type": "PROJECTION",
                                                            "operator_cardinality": 0,
                                                            "cumulative_rows_scanned": 1260710,
                                                            "operator_rows_scanned": 0,
                                                            "operator_timing": 0.0,
                                                            "result_set_size": 0,
                                                            "children": [
                                                                {
                                                                    "operator_name": "HASH_JOIN",
                                                                    "cpu_time": 0.005352691000000001,
                                                                    "extra_info": {
                                                                        "Join Type": "INNER",
                                                                        "Conditions": "id = owneruserid",
                                                                        "Estimated Cardinality": "770023"
                                                                    },
                                                                    "cumulative_cardinality": 2048,
                                                                    "operator_type": "HASH_JOIN",
                                                                    "operator_cardinality": 0,
                                                                    "cumulative_rows_scanned": 1260710,
                                                                    "operator_rows_scanned": 0,
                                                                    "operator_timing": 0.000014217,
                                                                    "result_set_size": 0,
                                                                    "children": [
                                                                        {
                                                                            "operator_name": "READ_PARQUET ",
                                                                            "cpu_time": 0.005338263,
                                                                            "extra_info": {
                                                                                "Function": "READ_PARQUET",
                                                                                "Projections": [
                                                                                    "id",
                                                                                    "displayname"
                                                                                ],
                                                                                "Estimated Cardinality": "1260710"
                                                                            },
                                                                            "cumulative_cardinality": 2048,
                                                                            "operator_type": "TABLE_SCAN",
                                                                            "operator_cardinality": 2048,
                                                                            "cumulative_rows_scanned": 1260710,
                                                                            "operator_rows_scanned": 1260710,
                                                                            "operator_timing": 0.005338263,
                                                                            "result_set_size": 40960,
                                                                            "children": []
                                                                        },
                                                                        {
                                                                            "operator_name": "EMPTY_RESULT",
                                                                            "cpu_time": 2.11e-7,
                                                                            "extra_info": {},
                                                                            "cumulative_cardinality": 0,
                                                                            "operator_type": "EMPTY_RESULT",
                                                                            "operator_cardinality": 0,
                                                                            "cumulative_rows_scanned": 0,
                                                                            "operator_rows_scanned": 0,
                                                                            "operator_timing": 2.11e-7,
                                                                            "result_set_size": 0,
                                                                            "children": []
                                                                        }
                                                                    ]
                                                                }
                                                            ]
                                                        }
                                                    ]
                                                }
                                            ]
                                        }
                                    ]
                                }
                            ]
                        }
                    ]
                }
            ]
        }
    ]
}