{
    "rows_returned": 100,
    "query_name": "WITH RankedPosts AS (\n    SELECT \n        p.Id AS PostId,\n        p.Title,\n        p.CreationDate,\n        p.Score,\n        p.OwnerUserId,\n        u.DisplayName AS OwnerDisplayName,\n        ROW_NUMBER() OVER (PARTITION BY p.OwnerUserId ORDER BY p.CreationDate DESC) AS PostRank\n    FROM \n        Posts p\n    JOIN \n        Users u ON p.OwnerUserId = u.Id\n    WHERE \n        p.CreationDate >= cast('2024-10-01 12:34:56' as timestamp) - INTERVAL '1 year'\n),\nPostStatistics AS (\n    SELECT \n        rp.OwnerUserId,\n        COUNT(rp.PostId) AS TotalPosts,\n        SUM(rp.Score) AS TotalScore,\n        AVG(rp.Score) AS AvgScore\n    FROM \n        RankedPosts rp\n    GROUP BY \n        rp.OwnerUserId\n),\nCloseReasonCounts AS (\n    SELECT \n        ph.UserId,\n        COUNT(CASE WHEN ph.PostHistoryTypeId = 10 THEN 1 END) AS CloseVoteCount,\n        COUNT(CASE WHEN ph.PostHistoryTypeId = 11 THEN 1 END) AS ReopenVoteCount\n    FROM \n        PostHistory ph\n    GROUP BY \n        ph.UserId\n)\nSELECT \n    us.DisplayName AS UserName,\n    ps.TotalPosts,\n    ps.TotalScore,\n    ps.AvgScore,\n    COALESCE(cr.CloseVoteCount, 0) AS CloseVotes,\n    COALESCE(cr.ReopenVoteCount, 0) AS ReopenVotes,\n    CASE \n        WHEN ps.AvgScore > 50 THEN 'High Performer'\n        WHEN ps.AvgScore BETWEEN 20 AND 50 THEN 'Average Performer'\n        ELSE 'Low Performer'\n    END AS PerformerStatus\nFROM \n    PostStatistics ps\nJOIN \n    Users us ON ps.OwnerUserId = us.Id\nLEFT JOIN \n    CloseReasonCounts cr ON cr.UserId = us.Id\nWHERE \n    ps.TotalPosts > 10\nORDER BY \n    ps.TotalScore DESC\nLIMIT 100;",
    "blocked_thread_time": 0.0,
    "cpu_time": 0.6403437019999997,
    "extra_info": {},
    "cumulative_cardinality": 27379069,
    "cumulative_rows_scanned": 18166780,
    "result_set_size": 8000,
    "latency": 0.751389019,
    "children": [
        {
            "operator_name": "STREAMING_LIMIT",
            "cpu_time": 0.6403437019999997,
            "extra_info": {},
            "cumulative_cardinality": 27379069,
            "operator_type": "STREAMING_LIMIT",
            "operator_cardinality": 100,
            "cumulative_rows_scanned": 18166780,
            "operator_rows_scanned": 0,
            "operator_timing": 0.0000011320000000000001,
            "result_set_size": 8000,
            "children": [
                {
                    "operator_name": "ORDER_BY",
                    "cpu_time": 0.6403425699999997,
                    "extra_info": {
                        "Order By": "ps.TotalScore DESC"
                    },
                    "cumulative_cardinality": 27378969,
                    "operator_type": "ORDER_BY",
                    "operator_cardinality": 2171,
                    "cumulative_rows_scanned": 18166780,
                    "operator_rows_scanned": 0,
                    "operator_timing": 0.000208568,
                    "result_set_size": 173680,
                    "children": [
                        {
                            "operator_name": "PROJECTION",
                            "cpu_time": 0.6401340019999997,
                            "extra_info": {
                                "Projections": [
                                    "UserName",
                                    "TotalPosts",
                                    "TotalScore",
                                    "AvgScore",
                                    "CloseVotes",
                                    "ReopenVotes",
                                    "PerformerStatus"
                                ],
                                "Estimated Cardinality": "5897622"
                            },
                            "cumulative_cardinality": 27376798,
                            "operator_type": "PROJECTION",
                            "operator_cardinality": 2171,
                            "cumulative_rows_scanned": 18166780,
                            "operator_rows_scanned": 0,
                            "operator_timing": 0.000224759,
                            "result_set_size": 173680,
                            "children": [
                                {
                                    "operator_name": "HASH_JOIN",
                                    "cpu_time": 0.6399092429999997,
                                    "extra_info": {
                                        "Join Type": "RIGHT",
                                        "Conditions": "userid = id",
                                        "Estimated Cardinality": "5897622"
                                    },
                                    "cumulative_cardinality": 27374627,
                                    "operator_type": "HASH_JOIN",
                                    "operator_cardinality": 2171,
                                    "cumulative_rows_scanned": 18166780,
                                    "operator_rows_scanned": 0,
                                    "operator_timing": 0.004025000999999998,
                                    "result_set_size": 164996,
                                    "children": [
                                        {
                                            "operator_name": "HASH_GROUP_BY",
                                            "cpu_time": 0.4459845429999996,
                                            "extra_info": {
                                                "Groups": "#0",
                                                "Aggregates": [
                                                    "count(#1)",
                                                    "count(#2)"
                                                ],
                                                "Estimated Cardinality": "5897622"
                                            },
                                            "cumulative_cardinality": 23964605,
                                            "operator_type": "HASH_GROUP_BY",
                                            "operator_cardinality": 374117,
                                            "cumulative_rows_scanned": 11795244,
                                            "operator_rows_scanned": 0,
                                            "operator_timing": 0.25101272299999966,
                                            "result_set_size": 7482340,
                                            "children": [
                                                {
                                                    "operator_name": "PROJECTION",
                                                    "cpu_time": 0.19497181999999996,
                                                    "extra_info": {
                                                        "Projections": [
                                                            "userid",
                                                            "CASE  WHEN ((posthistorytypeid = 10)) THEN (1) ELSE NULL END",
                                                            "CASE  WHEN ((posthistorytypeid = 11)) THEN (1) ELSE NULL END"
                                                        ],
                                                        "Estimated Cardinality": "11795244"
                                                    },
                                                    "cumulative_cardinality": 23590488,
                                                    "operator_type": "PROJECTION",
                                                    "operator_cardinality": 11795244,
                                                    "cumulative_rows_scanned": 11795244,
                                                    "operator_rows_scanned": 0,
                                                    "operator_timing": 0.07010172799999999,
                                                    "result_set_size": 141542928,
                                                    "children": [
                                                        {
                                                            "operator_name": "READ_PARQUET ",
                                                            "cpu_time": 0.12487009199999997,
                                                            "extra_info": {
                                                                "Function": "READ_PARQUET",
                                                                "Projections": [
                                                                    "posthistorytypeid",
                                                                    "userid"
                                                                ],
                                                                "Estimated Cardinality": "11795244"
                                                            },
                                                            "cumulative_cardinality": 11795244,
                                                            "operator_type": "TABLE_SCAN",
                                                            "operator_cardinality": 11795244,
                                                            "cumulative_rows_scanned": 11795244,
                                                            "operator_rows_scanned": 11795244,
                                                            "operator_timing": 0.12487009199999997,
                                                            "result_set_size": 70771464,
                                                            "children": []
                                                        }
                                                    ]
                                                }
                                            ]
                                        },
                                        {
                                            "operator_name": "HASH_JOIN",
                                            "cpu_time": 0.18989969900000014,
                                            "extra_info": {
                                                "Join Type": "INNER",
                                                "Conditions": "id = owneruserid",
                                                "Estimated Cardinality": "77002"
                                            },
                                            "cumulative_cardinality": 3407851,
                                            "operator_type": "HASH_JOIN",
                                            "operator_cardinality": 2171,
                                            "cumulative_rows_scanned": 6371536,
                                            "operator_rows_scanned": 0,
                                            "operator_timing": 0.01544389700000008,
                                            "result_set_size": 121576,
                                            "children": [
                                                {
                                                    "operator_name": "READ_PARQUET ",
                                                    "cpu_time": 0.08452586600000005,
                                                    "extra_info": {
                                                        "Function": "READ_PARQUET",
                                                        "Projections": [
                                                            "id",
                                                            "displayname"
                                                        ],
                                                        "Filters": "id<=1416539",
                                                        "Estimated Cardinality": "1260710"
                                                    },
                                                    "cumulative_cardinality": 1246586,
                                                    "operator_type": "TABLE_SCAN",
                                                    "operator_cardinality": 1246586,
                                                    "cumulative_rows_scanned": 1260710,
                                                    "operator_rows_scanned": 1260710,
                                                    "operator_timing": 0.08452586600000005,
                                                    "result_set_size": 24931720,
                                                    "children": []
                                                },
                                                {
                                                    "operator_name": "FILTER",
                                                    "cpu_time": 0.089929936,
                                                    "extra_info": {
                                                        "Expression": "(TotalPosts > 10)",
                                                        "Estimated Cardinality": "77002"
                                                    },
                                                    "cumulative_cardinality": 2159094,
                                                    "operator_type": "FILTER",
                                                    "operator_cardinality": 2171,
                                                    "cumulative_rows_scanned": 5110826,
                                                    "operator_rows_scanned": 0,
                                                    "operator_timing": 0.00007428099999999998,
                                                    "result_set_size": 78156,
                                                    "children": [
                                                        {
                                                            "operator_name": "HASH_GROUP_BY",
                                                            "cpu_time": 0.089855655,
                                                            "extra_info": {
                                                                "Groups": "#0",
                                                                "Aggregates": [
                                                                    "count_star()",
                                                                    "sum(#1)",
                                                                    "avg(#2)"
                                                                ],
                                                                "Estimated Cardinality": "385011"
                                                            },
                                                            "cumulative_cardinality": 2156923,
                                                            "operator_type": "HASH_GROUP_BY",
                                                            "operator_cardinality": 32452,
                                                            "cumulative_rows_scanned": 5110826,
                                                            "operator_rows_scanned": 0,
                                                            "operator_timing": 0.004475945,
                                                            "result_set_size": 1168272,
                                                            "children": [
                                                                {
                                                                    "operator_name": "PROJECTION",
                                                                    "cpu_time": 0.08537971000000001,
                                                                    "extra_info": {
                                                                        "Projections": [
                                                                            "owneruserid",
                                                                            "score",
                                                                            "score"
                                                                        ],
                                                                        "Estimated Cardinality": "770023"
                                                                    },
                                                                    "cumulative_cardinality": 2124471,
                                                                    "operator_type": "PROJECTION",
                                                                    "operator_cardinality": 143650,
                                                                    "cumulative_rows_scanned": 5110826,
                                                                    "operator_rows_scanned": 0,
                                                                    "operator_timing": 0.000012872000000000012,
                                                                    "result_set_size": 1723800,
                                                                    "children": [
                                                                        {
                                                                            "operator_name": "PROJECTION",
                                                                            "cpu_time": 0.08536683800000001,
                                                                            "extra_info": {
                                                                                "Projections": [
                                                                                    "PostId",
                                                                                    "score",
                                                                                    "owneruserid"
                                                                                ],
                                                                                "Estimated Cardinality": "770023"
                                                                            },
                                                                            "cumulative_cardinality": 1980821,
                                                                            "operator_type": "PROJECTION",
                                                                            "operator_cardinality": 143650,
                                                                            "cumulative_rows_scanned": 5110826,
                                                                            "operator_rows_scanned": 0,
                                                                            "operator_timing": 0.000011673000000000003,
                                                                            "result_set_size": 1723800,
                                                                            "children": [
                                                                                {
                                                                                    "operator_name": "PROJECTION",
                                                                                    "cpu_time": 0.08535516500000001,
                                                                                    "extra_info": {
                                                                                        "Projections": [
                                                                                            "#0",
                                                                                            "#1",
                                                                                            "#2",
                                                                                            "#3",
                                                                                            "#4",
                                                                                            "#5"
                                                                                        ],
                                                                                        "Estimated Cardinality": "770023"
                                                                                    },
                                                                                    "cumulative_cardinality": 1837171,
                                                                                    "operator_type": "PROJECTION",
                                                                                    "operator_cardinality": 143650,
                                                                                    "cumulative_rows_scanned": 5110826,
                                                                                    "operator_rows_scanned": 0,
                                                                                    "operator_timing": 0.000019302999999999998,
                                                                                    "result_set_size": 4596800,
                                                                                    "children": [
                                                                                        {
                                                                                            "operator_name": "WINDOW",
                                                                                            "cpu_time": 0.08533586200000001,
                                                                                            "extra_info": {
                                                                                                "Projections": "ROW_NUMBER() OVER (PARTITION BY owneruserid ORDER BY creationdate DESC NULLS LAST)"
                                                                                            },
                                                                                            "cumulative_cardinality": 1693521,
                                                                                            "operator_type": "WINDOW",
                                                                                            "operator_cardinality": 143650,
                                                                                            "cumulative_rows_scanned": 5110826,
                                                                                            "operator_rows_scanned": 0,
                                                                                            "operator_timing": 0.023872685,
                                                                                            "result_set_size": 4596800,
                                                                                            "children": [
                                                                                                {
                                                                                                    "operator_name": "HASH_JOIN",
                                                                                                    "cpu_time": 0.06146317700000001,
                                                                                                    "extra_info": {
                                                                                                        "Join Type": "INNER",
                                                                                                        "Conditions": "id = owneruserid",
                                                                                                        "Estimated Cardinality": "770023"
                                                                                                    },
                                                                                                    "cumulative_cardinality": 1549871,
                                                                                                    "operator_type": "HASH_JOIN",
                                                                                                    "operator_cardinality": 143650,
                                                                                                    "cumulative_rows_scanned": 5110826,
                                                                                                    "operator_rows_scanned": 0,
                                                                                                    "operator_timing": 0.02151255700000001,
                                                                                                    "result_set_size": 3447600,
                                                                                                    "children": [
                                                                                                        {
                                                                                                            "operator_name": "READ_PARQUET ",
                                                                                                            "cpu_time": 0.016356748000000004,
                                                                                                            "extra_info": {
                                                                                                                "Function": "READ_PARQUET",
                                                                                                                "Projections": "id",
                                                                                                                "Filters": "id<=1416539",
                                                                                                                "Estimated Cardinality": "1260710"
                                                                                                            },
                                                                                                            "cumulative_cardinality": 1260679,
                                                                                                            "operator_type": "TABLE_SCAN",
                                                                                                            "operator_cardinality": 1260679,
                                                                                                            "cumulative_rows_scanned": 1260710,
                                                                                                            "operator_rows_scanned": 1260710,
                                                                                                            "operator_timing": 0.016356748000000004,
                                                                                                            "result_set_size": 5042716,
                                                                                                            "children": []
                                                                                                        },
                                                                                                        {
                                                                                                            "operator_name": "READ_PARQUET ",
                                                                                                            "cpu_time": 0.023593871999999995,
                                                                                                            "extra_info": {
                                                                                                                "Function": "READ_PARQUET",
                                                                                                                "Projections": [
                                                                                                                    "id",
                                                                                                                    "creationdate",
                                                                                                                    "score",
                                                                                                                    "owneruserid"
                                                                                                                ],
                                                                                                                "Filters": "creationdate>='2023-10-01 12:34:56'::TIMESTAMP",
                                                                                                                "Estimated Cardinality": "770023"
                                                                                                            },
                                                                                                            "cumulative_cardinality": 145542,
                                                                                                            "operator_type": "TABLE_SCAN",
                                                                                                            "operator_cardinality": 145542,
                                                                                                            "cumulative_rows_scanned": 3850116,
                                                                                                            "operator_rows_scanned": 3850116,
                                                                                                            "operator_timing": 0.023593871999999995,
                                                                                                            "result_set_size": 2910840,
                                                                                                            "children": []
                                                                                                        }
                                                                                                    ]
                                                                                                }
                                                                                            ]
                                                                                        }
                                                                                    ]
                                                                                }
                                                                            ]
                                                                        }
                                                                    ]
                                                                }
                                                            ]
                                                        }
                                                    ]
                                                }
                                            ]
                                        }
                                    ]
                                }
                            ]
                        }
                    ]
                }
            ]
        }
    ]
}