{
    "rows_returned": 90,
    "query_name": "\nWITH RecentPosts AS (\n    SELECT \n        p.Id AS PostId, \n        p.Title, \n        p.CreationDate, \n        p.Score, \n        p.ViewCount, \n        p.AnswerCount,\n        p.OwnerUserId,\n        ROW_NUMBER() OVER (PARTITION BY p.OwnerUserId ORDER BY p.CreationDate DESC) AS rn\n    FROM \n        Posts p\n    WHERE \n        p.CreationDate >= (CAST('2024-10-01 12:34:56' AS TIMESTAMP) - INTERVAL '30 days')\n),\nUsersWithBadges AS (\n    SELECT \n        u.Id AS UserId, \n        u.DisplayName, \n        COUNT(DISTINCT b.Id) AS BadgeCount\n    FROM \n        Users u\n    LEFT JOIN \n        Badges b ON u.Id = b.UserId\n    GROUP BY \n        u.Id, u.DisplayName\n),\nPostHistorySummary AS (\n    SELECT \n        ph.PostId,\n        COUNT(CASE WHEN ph.PostHistoryTypeId IN (10, 11) THEN 1 END) AS CloseReopenCount,\n        COUNT(CASE WHEN ph.PostHistoryTypeId IN (12, 13) THEN 1 END) AS DeleteUndeleteCount,\n        MAX(ph.CreationDate) AS LastEdited\n    FROM \n        PostHistory ph\n    GROUP BY \n        ph.PostId\n),\nHighScoringPosts AS (\n    SELECT \n        rp.PostId, \n        rp.Title, \n        rp.Score, \n        rp.ViewCount, \n        rp.AnswerCount, \n        ub.BadgeCount\n    FROM \n        RecentPosts rp\n    JOIN \n        UsersWithBadges ub ON rp.OwnerUserId = ub.UserId\n    WHERE \n        rp.Score > 10\n        AND ub.BadgeCount > 5\n),\nFinalSummary AS (\n    SELECT \n        hsp.PostId, \n        hsp.Title, \n        hsp.Score, \n        hsp.ViewCount, \n        hsp.AnswerCount,\n        ph.CloseReopenCount,\n        ph.DeleteUndeleteCount,\n        ph.LastEdited\n    FROM \n        HighScoringPosts hsp\n    JOIN \n        PostHistorySummary ph ON hsp.PostId = ph.PostId\n)\nSELECT \n    fs.PostId,\n    fs.Title,\n    fs.Score,\n    fs.ViewCount,\n    fs.AnswerCount,\n    fs.CloseReopenCount,\n    fs.DeleteUndeleteCount,\n    fs.LastEdited,\n    CASE \n        WHEN fs.CloseReopenCount > 2 THEN 'Frequently Closed/Reopened'\n        ELSE 'Rarely Closed/Reopened'\n    END AS ClosureStatus\nFROM \n    FinalSummary fs\nORDER BY \n    fs.Score DESC, \n    fs.ViewCount DESC;\n",
    "blocked_thread_time": 0.0,
    "cpu_time": 2.3622763079999993,
    "extra_info": {},
    "cumulative_cardinality": 38639366,
    "cumulative_rows_scanned": 19227794,
    "result_set_size": 6480,
    "latency": 2.9367231,
    "children": [
        {
            "operator_name": "PROJECTION",
            "cpu_time": 2.3622763079999993,
            "extra_info": {
                "Projections": [
                    "#0",
                    "#1",
                    "__internal_decompress_integral_integer(#2, 10)",
                    "#3",
                    "__internal_decompress_integral_integer(#4, 0)",
                    "#5",
                    "#6",
                    "#7",
                    "#8"
                ],
                "Estimated Cardinality": "47179"
            },
            "cumulative_cardinality": 38639366,
            "operator_type": "PROJECTION",
            "operator_cardinality": 90,
            "cumulative_rows_scanned": 19227794,
            "operator_rows_scanned": 0,
            "operator_timing": 0.000004418,
            "result_set_size": 6480,
            "children": [
                {
                    "operator_name": "ORDER_BY",
                    "cpu_time": 2.3622718899999993,
                    "extra_info": {
                        "Order By": [
                            "fs.Score DESC",
                            "fs.ViewCount DESC"
                        ]
                    },
                    "cumulative_cardinality": 38639276,
                    "operator_type": "ORDER_BY",
                    "operator_cardinality": 90,
                    "cumulative_rows_scanned": 19227794,
                    "operator_rows_scanned": 0,
                    "operator_timing": 0.00009472699999999999,
                    "result_set_size": 6030,
                    "children": [
                        {
                            "operator_name": "PROJECTION",
                            "cpu_time": 2.3621771629999992,
                            "extra_info": {
                                "Projections": [
                                    "#0",
                                    "#1",
                                    "__internal_compress_integral_usmallint(#2, 10)",
                                    "#3",
                                    "__internal_compress_integral_utinyint(#4, 0)",
                                    "#5",
                                    "#6",
                                    "#7",
                                    "#8"
                                ],
                                "Estimated Cardinality": "47179"
                            },
                            "cumulative_cardinality": 38639186,
                            "operator_type": "PROJECTION",
                            "operator_cardinality": 90,
                            "cumulative_rows_scanned": 19227794,
                            "operator_rows_scanned": 0,
                            "operator_timing": 0.000083616,
                            "result_set_size": 6030,
                            "children": [
                                {
                                    "operator_name": "PROJECTION",
                                    "cpu_time": 2.3620935469999993,
                                    "extra_info": {
                                        "Projections": [
                                            "PostId",
                                            "title",
                                            "score",
                                            "viewcount",
                                            "answercount",
                                            "CloseReopenCount",
                                            "DeleteUndeleteCount",
                                            "LastEdited",
                                            "ClosureStatus"
                                        ],
                                        "Estimated Cardinality": "47179"
                                    },
                                    "cumulative_cardinality": 38639096,
                                    "operator_type": "PROJECTION",
                                    "operator_cardinality": 90,
                                    "cumulative_rows_scanned": 19227794,
                                    "operator_rows_scanned": 0,
                                    "operator_timing": 0.000017562,
                                    "result_set_size": 6480,
                                    "children": [
                                        {
                                            "operator_name": "PROJECTION",
                                            "cpu_time": 2.3620759849999993,
                                            "extra_info": {
                                                "Projections": [
                                                    "PostId",
                                                    "title",
                                                    "score",
                                                    "viewcount",
                                                    "answercount",
                                                    "CloseReopenCount",
                                                    "DeleteUndeleteCount",
                                                    "LastEdited"
                                                ],
                                                "Estimated Cardinality": "47179"
                                            },
                                            "cumulative_cardinality": 38639006,
                                            "operator_type": "PROJECTION",
                                            "operator_cardinality": 90,
                                            "cumulative_rows_scanned": 19227794,
                                            "operator_rows_scanned": 0,
                                            "operator_timing": 0.000003968,
                                            "result_set_size": 5040,
                                            "children": [
                                                {
                                                    "operator_name": "HASH_JOIN",
                                                    "cpu_time": 2.362072016999999,
                                                    "extra_info": {
                                                        "Join Type": "INNER",
                                                        "Conditions": "postid = PostId",
                                                        "Estimated Cardinality": "47179"
                                                    },
                                                    "cumulative_cardinality": 38638916,
                                                    "operator_type": "HASH_JOIN",
                                                    "operator_cardinality": 90,
                                                    "cumulative_rows_scanned": 19227794,
                                                    "operator_rows_scanned": 0,
                                                    "operator_timing": 0.020454006000000007,
                                                    "result_set_size": 5040,
                                                    "children": [
                                                        {
                                                            "operator_name": "HASH_GROUP_BY",
                                                            "cpu_time": 1.5351201989999992,
                                                            "extra_info": {
                                                                "Groups": "#0",
                                                                "Aggregates": [
                                                                    "count(#1)",
                                                                    "count(#2)",
                                                                    "max(#3)"
                                                                ],
                                                                "Estimated Cardinality": "5897622"
                                                            },
                                                            "cumulative_cardinality": 27440604,
                                                            "operator_type": "HASH_GROUP_BY",
                                                            "operator_cardinality": 3850116,
                                                            "cumulative_rows_scanned": 11795244,
                                                            "operator_rows_scanned": 0,
                                                            "operator_timing": 0.9661237889999988,
                                                            "result_set_size": 107803248,
                                                            "children": [
                                                                {
                                                                    "operator_name": "PROJECTION",
                                                                    "cpu_time": 0.5689964100000002,
                                                                    "extra_info": {
                                                                        "Projections": [
                                                                            "postid",
                                                                            "CASE  WHEN ((posthistorytypeid IN (10, 11))) THEN (1) ELSE NULL END",
                                                                            "CASE  WHEN ((posthistorytypeid IN (12, 13))) THEN (1) ELSE NULL END",
                                                                            "creationdate"
                                                                        ],
                                                                        "Estimated Cardinality": "11795244"
                                                                    },
                                                                    "cumulative_cardinality": 23590488,
                                                                    "operator_type": "PROJECTION",
                                                                    "operator_cardinality": 11795244,
                                                                    "cumulative_rows_scanned": 11795244,
                                                                    "operator_rows_scanned": 0,
                                                                    "operator_timing": 0.2662268270000006,
                                                                    "result_set_size": 235904880,
                                                                    "children": [
                                                                        {
                                                                            "operator_name": "READ_PARQUET ",
                                                                            "cpu_time": 0.3027695829999996,
                                                                            "extra_info": {
                                                                                "Function": "READ_PARQUET",
                                                                                "Projections": [
                                                                                    "posthistorytypeid",
                                                                                    "postid",
                                                                                    "creationdate"
                                                                                ],
                                                                                "Estimated Cardinality": "11795244"
                                                                            },
                                                                            "cumulative_cardinality": 11795244,
                                                                            "operator_type": "TABLE_SCAN",
                                                                            "operator_cardinality": 11795244,
                                                                            "cumulative_rows_scanned": 11795244,
                                                                            "operator_rows_scanned": 11795244,
                                                                            "operator_timing": 0.3027695829999996,
                                                                            "result_set_size": 165133416,
                                                                            "children": []
                                                                        }
                                                                    ]
                                                                }
                                                            ]
                                                        },
                                                        {
                                                            "operator_name": "PROJECTION",
                                                            "cpu_time": 0.8064978120000001,
                                                            "extra_info": {
                                                                "Projections": [
                                                                    "PostId",
                                                                    "title",
                                                                    "score",
                                                                    "viewcount",
                                                                    "answercount"
                                                                ],
                                                                "Estimated Cardinality": "30800"
                                                            },
                                                            "cumulative_cardinality": 11198222,
                                                            "operator_type": "PROJECTION",
                                                            "operator_cardinality": 90,
                                                            "cumulative_rows_scanned": 7432550,
                                                            "operator_rows_scanned": 0,
                                                            "operator_timing": 5.21e-7,
                                                            "result_set_size": 2880,
                                                            "children": [
                                                                {
                                                                    "operator_name": "HASH_JOIN",
                                                                    "cpu_time": 0.8064972910000001,
                                                                    "extra_info": {
                                                                        "Join Type": "INNER",
                                                                        "Conditions": "owneruserid = UserId",
                                                                        "Estimated Cardinality": "30800"
                                                                    },
                                                                    "cumulative_cardinality": 11198132,
                                                                    "operator_type": "HASH_JOIN",
                                                                    "operator_cardinality": 90,
                                                                    "cumulative_rows_scanned": 7432550,
                                                                    "operator_rows_scanned": 0,
                                                                    "operator_timing": 0.0033652179999999992,
                                                                    "result_set_size": 3240,
                                                                    "children": [
                                                                        {
                                                                            "operator_name": "PROJECTION",
                                                                            "cpu_time": 0.076536734,
                                                                            "extra_info": {
                                                                                "Projections": [
                                                                                    "PostId",
                                                                                    "title",
                                                                                    "score",
                                                                                    "viewcount",
                                                                                    "answercount",
                                                                                    "owneruserid"
                                                                                ],
                                                                                "Estimated Cardinality": "154004"
                                                                            },
                                                                            "cumulative_cardinality": 30081,
                                                                            "operator_type": "PROJECTION",
                                                                            "operator_cardinality": 100,
                                                                            "cumulative_rows_scanned": 3850116,
                                                                            "operator_rows_scanned": 0,
                                                                            "operator_timing": 6.61e-7,
                                                                            "result_set_size": 3600,
                                                                            "children": [
                                                                                {
                                                                                    "operator_name": "PROJECTION",
                                                                                    "cpu_time": 0.076536073,
                                                                                    "extra_info": {
                                                                                        "Projections": [
                                                                                            "#0",
                                                                                            "#2",
                                                                                            "#3",
                                                                                            "#4",
                                                                                            "#5",
                                                                                            "#6"
                                                                                        ],
                                                                                        "Estimated Cardinality": "154004"
                                                                                    },
                                                                                    "cumulative_cardinality": 29981,
                                                                                    "operator_type": "PROJECTION",
                                                                                    "operator_cardinality": 100,
                                                                                    "cumulative_rows_scanned": 3850116,
                                                                                    "operator_rows_scanned": 0,
                                                                                    "operator_timing": 5.31e-7,
                                                                                    "result_set_size": 3600,
                                                                                    "children": [
                                                                                        {
                                                                                            "operator_name": "FILTER",
                                                                                            "cpu_time": 0.076535542,
                                                                                            "extra_info": {
                                                                                                "Expression": "(score > 10)",
                                                                                                "Estimated Cardinality": "154004"
                                                                                            },
                                                                                            "cumulative_cardinality": 29881,
                                                                                            "operator_type": "FILTER",
                                                                                            "operator_cardinality": 100,
                                                                                            "cumulative_rows_scanned": 3850116,
                                                                                            "operator_rows_scanned": 0,
                                                                                            "operator_timing": 0.00019167700000000001,
                                                                                            "result_set_size": 5200,
                                                                                            "children": [
                                                                                                {
                                                                                                    "operator_name": "PROJECTION",
                                                                                                    "cpu_time": 0.076343865,
                                                                                                    "extra_info": {
                                                                                                        "Projections": [
                                                                                                            "#0",
                                                                                                            "#1",
                                                                                                            "#2",
                                                                                                            "#3",
                                                                                                            "#4",
                                                                                                            "#5",
                                                                                                            "#6",
                                                                                                            "#7"
                                                                                                        ],
                                                                                                        "Estimated Cardinality": "770023"
                                                                                                    },
                                                                                                    "cumulative_cardinality": 29781,
                                                                                                    "operator_type": "PROJECTION",
                                                                                                    "operator_cardinality": 9927,
                                                                                                    "cumulative_rows_scanned": 3850116,
                                                                                                    "operator_rows_scanned": 0,
                                                                                                    "operator_timing": 0.000005498999999999999,
                                                                                                    "result_set_size": 516204,
                                                                                                    "children": [
                                                                                                        {
                                                                                                            "operator_name": "WINDOW",
                                                                                                            "cpu_time": 0.07633836599999999,
                                                                                                            "extra_info": {
                                                                                                                "Projections": "ROW_NUMBER() OVER (PARTITION BY owneruserid ORDER BY creationdate DESC NULLS LAST)"
                                                                                                            },
                                                                                                            "cumulative_cardinality": 19854,
                                                                                                            "operator_type": "WINDOW",
                                                                                                            "operator_cardinality": 9927,
                                                                                                            "cumulative_rows_scanned": 3850116,
                                                                                                            "operator_rows_scanned": 0,
                                                                                                            "operator_timing": 0.004064922,
                                                                                                            "result_set_size": 516204,
                                                                                                            "children": [
                                                                                                                {
                                                                                                                    "operator_name": "READ_PARQUET ",
                                                                                                                    "cpu_time": 0.07227344399999999,
                                                                                                                    "extra_info": {
                                                                                                                        "Function": "READ_PARQUET",
                                                                                                                        "Projections": [
                                                                                                                            "id",
                                                                                                                            "creationdate",
                                                                                                                            "score",
                                                                                                                            "viewcount",
                                                                                                                            "owneruserid",
                                                                                                                            "title",
                                                                                                                            "answercount"
                                                                                                                        ],
                                                                                                                        "Filters": "creationdate>='2024-09-01 12:34:56'::TIMESTAMP",
                                                                                                                        "Estimated Cardinality": "770023"
                                                                                                                    },
                                                                                                                    "cumulative_cardinality": 9927,
                                                                                                                    "operator_type": "TABLE_SCAN",
                                                                                                                    "operator_cardinality": 9927,
                                                                                                                    "cumulative_rows_scanned": 3850116,
                                                                                                                    "operator_rows_scanned": 3850116,
                                                                                                                    "operator_timing": 0.07227344399999999,
                                                                                                                    "result_set_size": 436788,
                                                                                                                    "children": []
                                                                                                                }
                                                                                                            ]
                                                                                                        }
                                                                                                    ]
                                                                                                }
                                                                                            ]
                                                                                        }
                                                                                    ]
                                                                                }
                                                                            ]
                                                                        },
                                                                        {
                                                                            "operator_name": "FILTER",
                                                                            "cpu_time": 0.7265953390000002,
                                                                            "extra_info": {
                                                                                "Expression": "(UserId <= 1416539)",
                                                                                "Estimated Cardinality": "252142"
                                                                            },
                                                                            "cumulative_cardinality": 11167961,
                                                                            "operator_type": "FILTER",
                                                                            "operator_cardinality": 85997,
                                                                            "cumulative_rows_scanned": 3582434,
                                                                            "operator_rows_scanned": 0,
                                                                            "operator_timing": 0.000186565,
                                                                            "result_set_size": 343988,
                                                                            "children": [
                                                                                {
                                                                                    "operator_name": "PROJECTION",
                                                                                    "cpu_time": 0.7264087740000001,
                                                                                    "extra_info": {
                                                                                        "Projections": "#0",
                                                                                        "Estimated Cardinality": "252142"
                                                                                    },
                                                                                    "cumulative_cardinality": 11081964,
                                                                                    "operator_type": "PROJECTION",
                                                                                    "operator_cardinality": 85997,
                                                                                    "cumulative_rows_scanned": 3582434,
                                                                                    "operator_rows_scanned": 0,
                                                                                    "operator_timing": 0.00001546300000000002,
                                                                                    "result_set_size": 343988,
                                                                                    "children": [
                                                                                        {
                                                                                            "operator_name": "FILTER",
                                                                                            "cpu_time": 0.7263933110000002,
                                                                                            "extra_info": {
                                                                                                "Expression": "(BadgeCount > 5)",
                                                                                                "Estimated Cardinality": "252142"
                                                                                            },
                                                                                            "cumulative_cardinality": 10995967,
                                                                                            "operator_type": "FILTER",
                                                                                            "operator_cardinality": 85997,
                                                                                            "cumulative_rows_scanned": 3582434,
                                                                                            "operator_rows_scanned": 0,
                                                                                            "operator_timing": 0.001693031,
                                                                                            "result_set_size": 2407916,
                                                                                            "children": [
                                                                                                {
                                                                                                    "operator_name": "HASH_GROUP_BY",
                                                                                                    "cpu_time": 0.7247002800000002,
                                                                                                    "extra_info": {
                                                                                                        "Groups": [
                                                                                                            "#0",
                                                                                                            "#1"
                                                                                                        ],
                                                                                                        "Aggregates": "count(DISTINCT #2)",
                                                                                                        "Estimated Cardinality": "1260710"
                                                                                                    },
                                                                                                    "cumulative_cardinality": 10909970,
                                                                                                    "operator_type": "HASH_GROUP_BY",
                                                                                                    "operator_cardinality": 1260710,
                                                                                                    "cumulative_rows_scanned": 3582434,
                                                                                                    "operator_rows_scanned": 0,
                                                                                                    "operator_timing": 0.3688739420000002,
                                                                                                    "result_set_size": 35299880,
                                                                                                    "children": [
                                                                                                        {
                                                                                                            "operator_name": "PROJECTION",
                                                                                                            "cpu_time": 0.355826338,
                                                                                                            "extra_info": {
                                                                                                                "Projections": [
                                                                                                                    "id",
                                                                                                                    "displayname",
                                                                                                                    "id"
                                                                                                                ],
                                                                                                                "Estimated Cardinality": "2321724"
                                                                                                            },
                                                                                                            "cumulative_cardinality": 9649260,
                                                                                                            "operator_type": "PROJECTION",
                                                                                                            "operator_cardinality": 3033413,
                                                                                                            "cumulative_rows_scanned": 3582434,
                                                                                                            "operator_rows_scanned": 0,
                                                                                                            "operator_timing": 0.0004677209999999994,
                                                                                                            "result_set_size": 72801912,
                                                                                                            "children": [
                                                                                                                {
                                                                                                                    "operator_name": "HASH_JOIN",
                                                                                                                    "cpu_time": 0.35535861700000004,
                                                                                                                    "extra_info": {
                                                                                                                        "Join Type": "RIGHT",
                                                                                                                        "Conditions": "userid = id",
                                                                                                                        "Estimated Cardinality": "2321724"
                                                                                                                    },
                                                                                                                    "cumulative_cardinality": 6615847,
                                                                                                                    "operator_type": "HASH_JOIN",
                                                                                                                    "operator_cardinality": 3033413,
                                                                                                                    "cumulative_rows_scanned": 3582434,
                                                                                                                    "operator_rows_scanned": 0,
                                                                                                                    "operator_timing": 0.22467571500000014,
                                                                                                                    "result_set_size": 72801912,
                                                                                                                    "children": [
                                                                                                                        {
                                                                                                                            "operator_name": "READ_PARQUET ",
                                                                                                                            "cpu_time": 0.052721194999999964,
                                                                                                                            "extra_info": {
                                                                                                                                "Function": "READ_PARQUET",
                                                                                                                                "Projections": [
                                                                                                                                    "id",
                                                                                                                                    "userid"
                                                                                                                                ],
                                                                                                                                "Estimated Cardinality": "2321724"
                                                                                                                            },
                                                                                                                            "cumulative_cardinality": 2321724,
                                                                                                                            "operator_type": "TABLE_SCAN",
                                                                                                                            "operator_cardinality": 2321724,
                                                                                                                            "cumulative_rows_scanned": 2321724,
                                                                                                                            "operator_rows_scanned": 2321724,
                                                                                                                            "operator_timing": 0.052721194999999964,
                                                                                                                            "result_set_size": 18573792,
                                                                                                                            "children": []
                                                                                                                        },
                                                                                                                        {
                                                                                                                            "operator_name": "READ_PARQUET ",
                                                                                                                            "cpu_time": 0.07796170699999994,
                                                                                                                            "extra_info": {
                                                                                                                                "Function": "READ_PARQUET",
                                                                                                                                "Projections": [
                                                                                                                                    "id",
                                                                                                                                    "displayname"
                                                                                                                                ],
                                                                                                                                "Estimated Cardinality": "1260710"
                                                                                                                            },
                                                                                                                            "cumulative_cardinality": 1260710,
                                                                                                                            "operator_type": "TABLE_SCAN",
                                                                                                                            "operator_cardinality": 1260710,
                                                                                                                            "cumulative_rows_scanned": 1260710,
                                                                                                                            "operator_rows_scanned": 1260710,
                                                                                                                            "operator_timing": 0.07796170699999994,
                                                                                                                            "result_set_size": 25214200,
                                                                                                                            "children": []
                                                                                                                        }
                                                                                                                    ]
                                                                                                                }
                                                                                                            ]
                                                                                                        }
                                                                                                    ]
                                                                                                }
                                                                                            ]
                                                                                        }
                                                                                    ]
                                                                                }
                                                                            ]
                                                                        }
                                                                    ]
                                                                }
                                                            ]
                                                        }
                                                    ]
                                                }
                                            ]
                                        }
                                    ]
                                }
                            ]
                        }
                    ]
                }
            ]
        }
    ]
}