{
    "rows_returned": 10,
    "query_name": "\nWITH RECURSIVE UserPostStats AS (\n    SELECT \n        u.Id AS UserId,\n        u.DisplayName,\n        COUNT(p.Id) AS TotalPosts,\n        SUM(CASE WHEN p.PostTypeId = 1 THEN 1 ELSE 0 END) AS TotalQuestions,\n        SUM(CASE WHEN p.PostTypeId = 2 THEN 1 ELSE 0 END) AS TotalAnswers,\n        SUM(CASE WHEN p.AcceptedAnswerId IS NOT NULL THEN 1 ELSE 0 END) AS TotalAcceptedAnswers,\n        SUM(COALESCE(p.Score, 0)) AS TotalScore,\n        ROW_NUMBER() OVER (PARTITION BY u.Id ORDER BY SUM(COALESCE(p.Score, 0)) DESC) AS Rank\n    FROM \n        Users u\n    LEFT JOIN \n        Posts p ON u.Id = p.OwnerUserId\n    GROUP BY \n        u.Id, u.DisplayName\n),\nPostHistorySummary AS (\n    SELECT \n        ph.UserId,\n        COUNT(ph.Id) AS TotalPostHistoryRecords,\n        SUM(CASE WHEN pht.Name = 'Post Closed' THEN 1 ELSE 0 END) AS TotalPostClosed,\n        SUM(CASE WHEN pht.Name = 'Post Reopened' THEN 1 ELSE 0 END) AS TotalPostReopened\n    FROM \n        PostHistory ph\n    JOIN \n        PostHistoryTypes pht ON ph.PostHistoryTypeId = pht.Id\n    GROUP BY \n        ph.UserId\n),\nUserCombinedStats AS (\n    SELECT \n        ups.UserId,\n        ups.DisplayName,\n        ups.TotalPosts,\n        ups.TotalQuestions,\n        ups.TotalAnswers,\n        ups.TotalAcceptedAnswers,\n        ups.TotalScore,\n        COALESCE(pSummary.TotalPostHistoryRecords, 0) AS TotalPostHistoryRecords,\n        COALESCE(pSummary.TotalPostClosed, 0) AS TotalPostClosed,\n        COALESCE(pSummary.TotalPostReopened, 0) AS TotalPostReopened\n    FROM \n        UserPostStats ups\n    LEFT JOIN \n        PostHistorySummary pSummary ON ups.UserId = pSummary.UserId\n)\nSELECT \n    ucs.DisplayName,\n    ucs.TotalPosts,\n    ucs.TotalQuestions,\n    ucs.TotalAnswers,\n    ucs.TotalAcceptedAnswers,\n    ucs.TotalScore,\n    ucs.TotalPostHistoryRecords,\n    ucs.TotalPostClosed,\n    ucs.TotalPostReopened\nFROM \n    UserCombinedStats ucs\nWHERE \n    ucs.TotalPosts > 10\nORDER BY \n    ucs.TotalScore DESC\nLIMIT 10;\n",
    "blocked_thread_time": 0.0,
    "cpu_time": 2.3414181169999995,
    "extra_info": {},
    "cumulative_cardinality": 53788587,
    "cumulative_rows_scanned": 16906104,
    "result_set_size": 1280,
    "latency": 2.505414897,
    "children": [
        {
            "operator_name": "STREAMING_LIMIT",
            "cpu_time": 2.3414181169999995,
            "extra_info": {},
            "cumulative_cardinality": 53788587,
            "operator_type": "STREAMING_LIMIT",
            "operator_cardinality": 10,
            "cumulative_rows_scanned": 16906104,
            "operator_rows_scanned": 0,
            "operator_timing": 0.000001743,
            "result_set_size": 1280,
            "children": [
                {
                    "operator_name": "ORDER_BY",
                    "cpu_time": 2.3414163739999996,
                    "extra_info": {
                        "Order By": "ucs.TotalScore DESC"
                    },
                    "cumulative_cardinality": 53788577,
                    "operator_type": "ORDER_BY",
                    "operator_cardinality": 4096,
                    "cumulative_rows_scanned": 16906104,
                    "operator_rows_scanned": 0,
                    "operator_timing": 0.003262962000000001,
                    "result_set_size": 524288,
                    "children": [
                        {
                            "operator_name": "PROJECTION",
                            "cpu_time": 2.3381534119999996,
                            "extra_info": {
                                "Projections": [
                                    "displayname",
                                    "TotalPosts",
                                    "TotalQuestions",
                                    "TotalAnswers",
                                    "TotalAcceptedAnswers",
                                    "TotalScore",
                                    "TotalPostHistoryRecords",
                                    "TotalPostClosed",
                                    "TotalPostReopened"
                                ],
                                "Estimated Cardinality": "5897622"
                            },
                            "cumulative_cardinality": 53784481,
                            "operator_type": "PROJECTION",
                            "operator_cardinality": 36838,
                            "cumulative_rows_scanned": 16906104,
                            "operator_rows_scanned": 0,
                            "operator_timing": 0.0022820450000000008,
                            "result_set_size": 4715264,
                            "children": [
                                {
                                    "operator_name": "HASH_JOIN",
                                    "cpu_time": 2.3358713669999998,
                                    "extra_info": {
                                        "Join Type": "RIGHT",
                                        "Conditions": "userid = UserId",
                                        "Estimated Cardinality": "5897622"
                                    },
                                    "cumulative_cardinality": 53747643,
                                    "operator_type": "HASH_JOIN",
                                    "operator_cardinality": 36838,
                                    "cumulative_rows_scanned": 16906104,
                                    "operator_rows_scanned": 0,
                                    "operator_timing": 0.010497138000000001,
                                    "result_set_size": 4715264,
                                    "children": [
                                        {
                                            "operator_name": "HASH_GROUP_BY",
                                            "cpu_time": 0.715768016000001,
                                            "extra_info": {
                                                "Groups": "#0",
                                                "Aggregates": [
                                                    "count_star()",
                                                    "sum(#1)",
                                                    "sum(#2)"
                                                ],
                                                "Estimated Cardinality": "5897622"
                                            },
                                            "cumulative_cardinality": 35759883,
                                            "operator_type": "HASH_GROUP_BY",
                                            "operator_cardinality": 374117,
                                            "cumulative_rows_scanned": 11795278,
                                            "operator_rows_scanned": 0,
                                            "operator_timing": 0.3209504860000008,
                                            "result_set_size": 16461148,
                                            "children": [
                                                {
                                                    "operator_name": "PROJECTION",
                                                    "cpu_time": 0.39481753000000014,
                                                    "extra_info": {
                                                        "Projections": [
                                                            "userid",
                                                            "CASE  WHEN ((name = 'Post Closed')) THEN (1) ELSE 0 END",
                                                            "CASE  WHEN ((name = 'Post Reopened')) THEN (1) ELSE 0 END"
                                                        ],
                                                        "Estimated Cardinality": "11795244"
                                                    },
                                                    "cumulative_cardinality": 35385766,
                                                    "operator_type": "PROJECTION",
                                                    "operator_cardinality": 11795244,
                                                    "cumulative_rows_scanned": 11795278,
                                                    "operator_rows_scanned": 0,
                                                    "operator_timing": 0.0646548839999998,
                                                    "result_set_size": 141542928,
                                                    "children": [
                                                        {
                                                            "operator_name": "HASH_JOIN",
                                                            "cpu_time": 0.33016264600000034,
                                                            "extra_info": {
                                                                "Join Type": "INNER",
                                                                "Conditions": "posthistorytypeid = id",
                                                                "Estimated Cardinality": "11795244"
                                                            },
                                                            "cumulative_cardinality": 23590522,
                                                            "operator_type": "HASH_JOIN",
                                                            "operator_cardinality": 11795244,
                                                            "cumulative_rows_scanned": 11795278,
                                                            "operator_rows_scanned": 0,
                                                            "operator_timing": 0.03437145400000011,
                                                            "result_set_size": 235904880,
                                                            "children": [
                                                                {
                                                                    "operator_name": "READ_PARQUET ",
                                                                    "cpu_time": 0.29546429100000027,
                                                                    "extra_info": {
                                                                        "Function": "READ_PARQUET",
                                                                        "Projections": [
                                                                            "id",
                                                                            "posthistorytypeid",
                                                                            "userid"
                                                                        ],
                                                                        "Estimated Cardinality": "11795244"
                                                                    },
                                                                    "cumulative_cardinality": 11795244,
                                                                    "operator_type": "TABLE_SCAN",
                                                                    "operator_cardinality": 11795244,
                                                                    "cumulative_rows_scanned": 11795244,
                                                                    "operator_rows_scanned": 11795244,
                                                                    "operator_timing": 0.29546429100000027,
                                                                    "result_set_size": 117952440,
                                                                    "children": []
                                                                },
                                                                {
                                                                    "operator_name": "READ_PARQUET ",
                                                                    "cpu_time": 0.000326901,
                                                                    "extra_info": {
                                                                        "Function": "READ_PARQUET",
                                                                        "Projections": [
                                                                            "id",
                                                                            "name"
                                                                        ],
                                                                        "Estimated Cardinality": "34"
                                                                    },
                                                                    "cumulative_cardinality": 34,
                                                                    "operator_type": "TABLE_SCAN",
                                                                    "operator_cardinality": 34,
                                                                    "cumulative_rows_scanned": 34,
                                                                    "operator_rows_scanned": 34,
                                                                    "operator_timing": 0.000326901,
                                                                    "result_set_size": 612,
                                                                    "children": []
                                                                }
                                                            ]
                                                        }
                                                    ]
                                                }
                                            ]
                                        },
                                        {
                                            "operator_name": "PROJECTION",
                                            "cpu_time": 1.6096062129999988,
                                            "extra_info": {
                                                "Projections": [
                                                    "#0",
                                                    "#1",
                                                    "#2",
                                                    "#3",
                                                    "#4",
                                                    "#5",
                                                    "#6"
                                                ],
                                                "Estimated Cardinality": "252142"
                                            },
                                            "cumulative_cardinality": 17950922,
                                            "operator_type": "PROJECTION",
                                            "operator_cardinality": 36838,
                                            "cumulative_rows_scanned": 5110826,
                                            "operator_rows_scanned": 0,
                                            "operator_timing": 0.00007554399999999998,
                                            "result_set_size": 3389096,
                                            "children": [
                                                {
                                                    "operator_name": "FILTER",
                                                    "cpu_time": 1.6095306689999989,
                                                    "extra_info": {
                                                        "Expression": "(TotalPosts > 10)",
                                                        "Estimated Cardinality": "252142"
                                                    },
                                                    "cumulative_cardinality": 17914084,
                                                    "operator_type": "FILTER",
                                                    "operator_cardinality": 36838,
                                                    "cumulative_rows_scanned": 5110826,
                                                    "operator_rows_scanned": 0,
                                                    "operator_timing": 0.007260766000000002,
                                                    "result_set_size": 3683800,
                                                    "children": [
                                                        {
                                                            "operator_name": "PROJECTION",
                                                            "cpu_time": 1.602269902999999,
                                                            "extra_info": {
                                                                "Projections": [
                                                                    "#0",
                                                                    "#1",
                                                                    "#2",
                                                                    "#3",
                                                                    "#4",
                                                                    "#5",
                                                                    "#6",
                                                                    "#7"
                                                                ],
                                                                "Estimated Cardinality": "1260710"
                                                            },
                                                            "cumulative_cardinality": 17877246,
                                                            "operator_type": "PROJECTION",
                                                            "operator_cardinality": 1260710,
                                                            "cumulative_rows_scanned": 5110826,
                                                            "operator_rows_scanned": 0,
                                                            "operator_timing": 0.00022656599999999988,
                                                            "result_set_size": 126071000,
                                                            "children": [
                                                                {
                                                                    "operator_name": "WINDOW",
                                                                    "cpu_time": 1.602043336999999,
                                                                    "extra_info": {
                                                                        "Projections": "ROW_NUMBER() OVER (PARTITION BY id ORDER BY sum(COALESCE(score, CAST(0 AS INTEGER))) DESC NULLS LAST)"
                                                                    },
                                                                    "cumulative_cardinality": 16616536,
                                                                    "operator_type": "WINDOW",
                                                                    "operator_cardinality": 1260710,
                                                                    "cumulative_rows_scanned": 5110826,
                                                                    "operator_rows_scanned": 0,
                                                                    "operator_timing": 0.284155533,
                                                                    "result_set_size": 126071000,
                                                                    "children": [
                                                                        {
                                                                            "operator_name": "HASH_GROUP_BY",
                                                                            "cpu_time": 1.3178878039999988,
                                                                            "extra_info": {
                                                                                "Groups": [
                                                                                    "#0",
                                                                                    "#1"
                                                                                ],
                                                                                "Aggregates": [
                                                                                    "count(#2)",
                                                                                    "sum(#3)",
                                                                                    "sum(#4)",
                                                                                    "sum(#5)",
                                                                                    "sum(#6)"
                                                                                ],
                                                                                "Estimated Cardinality": "1260710"
                                                                            },
                                                                            "cumulative_cardinality": 15355826,
                                                                            "operator_type": "HASH_GROUP_BY",
                                                                            "operator_cardinality": 1260710,
                                                                            "cumulative_rows_scanned": 5110826,
                                                                            "operator_rows_scanned": 0,
                                                                            "operator_timing": 0.6898238729999993,
                                                                            "result_set_size": 115985320,
                                                                            "children": [
                                                                                {
                                                                                    "operator_name": "PROJECTION",
                                                                                    "cpu_time": 0.6280639309999996,
                                                                                    "extra_info": {
                                                                                        "Projections": [
                                                                                            "id",
                                                                                            "displayname",
                                                                                            "id",
                                                                                            "CASE  WHEN ((posttypeid = 1)) THEN (1) ELSE 0 END",
                                                                                            "CASE  WHEN ((posttypeid = 2)) THEN (1) ELSE 0 END",
                                                                                            "CASE  WHEN ((acceptedanswerid IS NOT NULL)) THEN (1) ELSE 0 END",
                                                                                            "COALESCE(score, 0)"
                                                                                        ],
                                                                                        "Estimated Cardinality": "3850116"
                                                                                    },
                                                                                    "cumulative_cardinality": 14095116,
                                                                                    "operator_type": "PROJECTION",
                                                                                    "operator_cardinality": 4574495,
                                                                                    "cumulative_rows_scanned": 5110826,
                                                                                    "operator_rows_scanned": 0,
                                                                                    "operator_timing": 0.11035318100000001,
                                                                                    "result_set_size": 182979800,
                                                                                    "children": [
                                                                                        {
                                                                                            "operator_name": "HASH_JOIN",
                                                                                            "cpu_time": 0.5177107499999996,
                                                                                            "extra_info": {
                                                                                                "Join Type": "RIGHT",
                                                                                                "Conditions": "owneruserid = id",
                                                                                                "Estimated Cardinality": "3850116"
                                                                                            },
                                                                                            "cumulative_cardinality": 9520621,
                                                                                            "operator_type": "HASH_JOIN",
                                                                                            "operator_cardinality": 4574495,
                                                                                            "cumulative_rows_scanned": 5110826,
                                                                                            "operator_rows_scanned": 0,
                                                                                            "operator_timing": 0.2752992349999995,
                                                                                            "result_set_size": 155532830,
                                                                                            "children": [
                                                                                                {
                                                                                                    "operator_name": "READ_PARQUET ",
                                                                                                    "cpu_time": 0.16479943100000008,
                                                                                                    "extra_info": {
                                                                                                        "Function": "READ_PARQUET",
                                                                                                        "Projections": [
                                                                                                            "id",
                                                                                                            "posttypeid",
                                                                                                            "acceptedanswerid",
                                                                                                            "score",
                                                                                                            "owneruserid"
                                                                                                        ],
                                                                                                        "Estimated Cardinality": "3850116"
                                                                                                    },
                                                                                                    "cumulative_cardinality": 3685416,
                                                                                                    "operator_type": "TABLE_SCAN",
                                                                                                    "operator_cardinality": 3685416,
                                                                                                    "cumulative_rows_scanned": 3850116,
                                                                                                    "operator_rows_scanned": 3850116,
                                                                                                    "operator_timing": 0.16479943100000008,
                                                                                                    "result_set_size": 66337488,
                                                                                                    "children": []
                                                                                                },
                                                                                                {
                                                                                                    "operator_name": "READ_PARQUET ",
                                                                                                    "cpu_time": 0.077612084,
                                                                                                    "extra_info": {
                                                                                                        "Function": "READ_PARQUET",
                                                                                                        "Projections": [
                                                                                                            "id",
                                                                                                            "displayname"
                                                                                                        ],
                                                                                                        "Estimated Cardinality": "1260710"
                                                                                                    },
                                                                                                    "cumulative_cardinality": 1260710,
                                                                                                    "operator_type": "TABLE_SCAN",
                                                                                                    "operator_cardinality": 1260710,
                                                                                                    "cumulative_rows_scanned": 1260710,
                                                                                                    "operator_rows_scanned": 1260710,
                                                                                                    "operator_timing": 0.077612084,
                                                                                                    "result_set_size": 25214200,
                                                                                                    "children": []
                                                                                                }
                                                                                            ]
                                                                                        }
                                                                                    ]
                                                                                }
                                                                            ]
                                                                        }
                                                                    ]
                                                                }
                                                            ]
                                                        }
                                                    ]
                                                }
                                            ]
                                        }
                                    ]
                                }
                            ]
                        }
                    ]
                }
            ]
        }
    ]
}