{
    "rows_returned": 50,
    "query_name": "WITH RecursiveTagCounts AS (\n    SELECT \n        p.Id AS PostId,\n        COUNT(t.Id) AS TagCount\n    FROM \n        Posts p\n    LEFT JOIN \n        Tags t ON p.Tags LIKE '%' || t.TagName || '%' \n    GROUP BY \n        p.Id\n),\nUserReputation AS (\n    SELECT \n        u.Id AS UserId,\n        u.Reputation,\n        CASE \n            WHEN u.Reputation >= 1000 THEN 'High Reputation'\n            WHEN u.Reputation >= 100 THEN 'Medium Reputation'\n            ELSE 'Low Reputation'\n        END AS ReputationLevel\n    FROM \n        Users u\n),\nActivePosts AS (\n    SELECT \n        p.Id,\n        p.Title,\n        p.CreationDate,\n        p.OwnerUserId,\n        p.ViewCount,\n        p.Score,\n        ROW_NUMBER() OVER (PARTITION BY p.OwnerUserId ORDER BY p.LastActivityDate DESC) AS ActivityRank\n    FROM \n        Posts p\n    WHERE \n        p.LastActivityDate >= cast('2024-10-01 12:34:56' as timestamp) - INTERVAL '30 days'\n),\nClosedPostHistory AS (\n    SELECT \n        ph.PostId,\n        ph.CreationDate AS ClosedDate,\n        ph.Comment,\n        u.DisplayName AS ClosedBy\n    FROM \n        PostHistory ph\n    JOIN \n        Users u ON ph.UserId = u.Id\n    WHERE \n        ph.PostHistoryTypeId = 10\n)\nSELECT \n    p.Title AS PostTitle,\n    p.ViewCount,\n    t.TagCount,\n    u.DisplayName AS OwnerDisplayName,\n    u.Reputation,\n    ur.ReputationLevel,\n    pp.ClosedDate,\n    pp.ClosedBy\nFROM \n    Posts p\nJOIN \n    RecursiveTagCounts t ON p.Id = t.PostId\nJOIN \n    Users u ON p.OwnerUserId = u.Id\nJOIN \n    UserReputation ur ON u.Id = ur.UserId\nLEFT JOIN \n    ClosedPostHistory pp ON p.Id = pp.PostId\nWHERE \n    t.TagCount >= 3\n    AND p.CreationDate >= cast('2024-10-01 12:34:56' as timestamp) - INTERVAL '1 year'\n    AND (u.Reputation > 500 OR pp.ClosedDate IS NOT NULL)\nORDER BY \n    p.Score DESC, \n    p.ViewCount DESC\nLIMIT 50;",
    "blocked_thread_time": 0.0,
    "cpu_time": 501.62340731496255,
    "extra_info": {},
    "cumulative_cardinality": 28785915,
    "cumulative_rows_scanned": 23279582,
    "result_set_size": 4400,
    "latency": 510.999962613,
    "children": [
        {
            "operator_name": "PROJECTION",
            "cpu_time": 501.62340731496255,
            "extra_info": {
                "Projections": [
                    "#0",
                    "#1",
                    "#2",
                    "#3",
                    "#4",
                    "#5",
                    "#6",
                    "#7"
                ],
                "Estimated Cardinality": "50"
            },
            "cumulative_cardinality": 28785915,
            "operator_type": "PROJECTION",
            "operator_cardinality": 50,
            "cumulative_rows_scanned": 23279582,
            "operator_rows_scanned": 0,
            "operator_timing": 4.21e-7,
            "result_set_size": 4400,
            "children": [
                {
                    "operator_name": "STREAMING_LIMIT",
                    "cpu_time": 501.62340689396257,
                    "extra_info": {},
                    "cumulative_cardinality": 28785865,
                    "operator_type": "STREAMING_LIMIT",
                    "operator_cardinality": 50,
                    "cumulative_rows_scanned": 23279582,
                    "operator_rows_scanned": 0,
                    "operator_timing": 0.000001293,
                    "result_set_size": 4600,
                    "children": [
                        {
                            "operator_name": "PROJECTION",
                            "cpu_time": 501.62340560096254,
                            "extra_info": {
                                "Projections": [
                                    "#0",
                                    "#1",
                                    "#2",
                                    "#3",
                                    "#4",
                                    "#5",
                                    "#6",
                                    "#7",
                                    "__internal_decompress_integral_integer(#8, -72)"
                                ],
                                "Estimated Cardinality": "471809"
                            },
                            "cumulative_cardinality": 28785815,
                            "operator_type": "PROJECTION",
                            "operator_cardinality": 4096,
                            "cumulative_rows_scanned": 23279582,
                            "operator_rows_scanned": 0,
                            "operator_timing": 0.000003397,
                            "result_set_size": 376832,
                            "children": [
                                {
                                    "operator_name": "ORDER_BY",
                                    "cpu_time": 501.62340220396254,
                                    "extra_info": {
                                        "Order By": [
                                            "score DESC",
                                            "p.ViewCount DESC"
                                        ]
                                    },
                                    "cumulative_cardinality": 28781719,
                                    "operator_type": "ORDER_BY",
                                    "operator_cardinality": 4096,
                                    "cumulative_rows_scanned": 23279582,
                                    "operator_rows_scanned": 0,
                                    "operator_timing": 0.0033503489999999994,
                                    "result_set_size": 368640,
                                    "children": [
                                        {
                                            "operator_name": "PROJECTION",
                                            "cpu_time": 501.6200518549625,
                                            "extra_info": {
                                                "Projections": [
                                                    "#0",
                                                    "#1",
                                                    "#2",
                                                    "#3",
                                                    "#4",
                                                    "#5",
                                                    "#6",
                                                    "#7",
                                                    "__internal_compress_integral_usmallint(#8, -72)"
                                                ],
                                                "Estimated Cardinality": "471809"
                                            },
                                            "cumulative_cardinality": 28777623,
                                            "operator_type": "PROJECTION",
                                            "operator_cardinality": 23712,
                                            "cumulative_rows_scanned": 23279582,
                                            "operator_rows_scanned": 0,
                                            "operator_timing": 0.000041855000000000005,
                                            "result_set_size": 2134080,
                                            "children": [
                                                {
                                                    "operator_name": "PROJECTION",
                                                    "cpu_time": 501.6200099999625,
                                                    "extra_info": {
                                                        "Projections": [
                                                            "PostTitle",
                                                            "viewcount",
                                                            "TagCount",
                                                            "OwnerDisplayName",
                                                            "reputation",
                                                            "ReputationLevel",
                                                            "ClosedDate",
                                                            "ClosedBy",
                                                            "score"
                                                        ],
                                                        "Estimated Cardinality": "471809"
                                                    },
                                                    "cumulative_cardinality": 28753911,
                                                    "operator_type": "PROJECTION",
                                                    "operator_cardinality": 23712,
                                                    "cumulative_rows_scanned": 23279582,
                                                    "operator_rows_scanned": 0,
                                                    "operator_timing": 0.000014797,
                                                    "result_set_size": 2181504,
                                                    "children": [
                                                        {
                                                            "operator_name": "FILTER",
                                                            "cpu_time": 501.6199952029625,
                                                            "extra_info": {
                                                                "Expression": "((ClosedDate IS NOT NULL) OR (reputation > 500))",
                                                                "Estimated Cardinality": "471809"
                                                            },
                                                            "cumulative_cardinality": 28730199,
                                                            "operator_type": "FILTER",
                                                            "operator_cardinality": 23712,
                                                            "cumulative_rows_scanned": 23279582,
                                                            "operator_rows_scanned": 0,
                                                            "operator_timing": 0.00033714999999999993,
                                                            "result_set_size": 2181504,
                                                            "children": [
                                                                {
                                                                    "operator_name": "HASH_JOIN",
                                                                    "cpu_time": 501.6196580529625,
                                                                    "extra_info": {
                                                                        "Join Type": "RIGHT",
                                                                        "Conditions": "postid = id",
                                                                        "Estimated Cardinality": "2359048"
                                                                    },
                                                                    "cumulative_cardinality": 28706487,
                                                                    "operator_type": "HASH_JOIN",
                                                                    "operator_cardinality": 51047,
                                                                    "cumulative_rows_scanned": 23279582,
                                                                    "operator_rows_scanned": 0,
                                                                    "operator_timing": 0.012589272999999998,
                                                                    "result_set_size": 4696324,
                                                                    "children": [
                                                                        {
                                                                            "operator_name": "HASH_JOIN",
                                                                            "cpu_time": 0.2118962290000001,
                                                                            "extra_info": {
                                                                                "Join Type": "INNER",
                                                                                "Conditions": "userid = id",
                                                                                "Estimated Cardinality": "2359048"
                                                                            },
                                                                            "cumulative_cardinality": 1276925,
                                                                            "operator_type": "HASH_JOIN",
                                                                            "operator_cardinality": 8123,
                                                                            "cumulative_rows_scanned": 13055954,
                                                                            "operator_rows_scanned": 0,
                                                                            "operator_timing": 0.08510742300000002,
                                                                            "result_set_size": 227444,
                                                                            "children": [
                                                                                {
                                                                                    "operator_name": "READ_PARQUET ",
                                                                                    "cpu_time": 0.04667841400000002,
                                                                                    "extra_info": {
                                                                                        "Function": "READ_PARQUET",
                                                                                        "Projections": [
                                                                                            "postid",
                                                                                            "creationdate",
                                                                                            "userid"
                                                                                        ],
                                                                                        "Filters": "posthistorytypeid=10",
                                                                                        "Estimated Cardinality": "2359048"
                                                                                    },
                                                                                    "cumulative_cardinality": 8123,
                                                                                    "operator_type": "TABLE_SCAN",
                                                                                    "operator_cardinality": 8123,
                                                                                    "cumulative_rows_scanned": 11795244,
                                                                                    "operator_rows_scanned": 11795244,
                                                                                    "operator_timing": 0.04667841400000002,
                                                                                    "result_set_size": 129968,
                                                                                    "children": []
                                                                                },
                                                                                {
                                                                                    "operator_name": "READ_PARQUET ",
                                                                                    "cpu_time": 0.08011039200000006,
                                                                                    "extra_info": {
                                                                                        "Function": "READ_PARQUET",
                                                                                        "Projections": [
                                                                                            "id",
                                                                                            "displayname"
                                                                                        ],
                                                                                        "Filters": "id<=1416539",
                                                                                        "Estimated Cardinality": "1260710"
                                                                                    },
                                                                                    "cumulative_cardinality": 1260679,
                                                                                    "operator_type": "TABLE_SCAN",
                                                                                    "operator_cardinality": 1260679,
                                                                                    "cumulative_rows_scanned": 1260710,
                                                                                    "operator_rows_scanned": 1260710,
                                                                                    "operator_timing": 0.08011039200000006,
                                                                                    "result_set_size": 25213580,
                                                                                    "children": []
                                                                                }
                                                                            ]
                                                                        },
                                                                        {
                                                                            "operator_name": "HASH_JOIN",
                                                                            "cpu_time": 501.3951725509625,
                                                                            "extra_info": {
                                                                                "Join Type": "INNER",
                                                                                "Conditions": "UserId = owneruserid",
                                                                                "Estimated Cardinality": "77002"
                                                                            },
                                                                            "cumulative_cardinality": 27378515,
                                                                            "operator_type": "HASH_JOIN",
                                                                            "operator_cardinality": 51013,
                                                                            "cumulative_rows_scanned": 10223628,
                                                                            "operator_rows_scanned": 0,
                                                                            "operator_timing": 0.021975410999999976,
                                                                            "result_set_size": 3672936,
                                                                            "children": [
                                                                                {
                                                                                    "operator_name": "PROJECTION",
                                                                                    "cpu_time": 0.036698675000000014,
                                                                                    "extra_info": {
                                                                                        "Projections": [
                                                                                            "UserId",
                                                                                            "ReputationLevel"
                                                                                        ],
                                                                                        "Estimated Cardinality": "1260710"
                                                                                    },
                                                                                    "cumulative_cardinality": 2521160,
                                                                                    "operator_type": "PROJECTION",
                                                                                    "operator_cardinality": 1260580,
                                                                                    "cumulative_rows_scanned": 1260710,
                                                                                    "operator_rows_scanned": 0,
                                                                                    "operator_timing": 0.011084527000000016,
                                                                                    "result_set_size": 25211600,
                                                                                    "children": [
                                                                                        {
                                                                                            "operator_name": "READ_PARQUET ",
                                                                                            "cpu_time": 0.025614148,
                                                                                            "extra_info": {
                                                                                                "Function": "READ_PARQUET",
                                                                                                "Projections": [
                                                                                                    "id",
                                                                                                    "reputation"
                                                                                                ],
                                                                                                "Filters": "id<=1416539",
                                                                                                "Estimated Cardinality": "1260710"
                                                                                            },
                                                                                            "cumulative_cardinality": 1260580,
                                                                                            "operator_type": "TABLE_SCAN",
                                                                                            "operator_cardinality": 1260580,
                                                                                            "cumulative_rows_scanned": 1260710,
                                                                                            "operator_rows_scanned": 1260710,
                                                                                            "operator_timing": 0.025614148,
                                                                                            "result_set_size": 10084640,
                                                                                            "children": []
                                                                                        }
                                                                                    ]
                                                                                },
                                                                                {
                                                                                    "operator_name": "HASH_JOIN",
                                                                                    "cpu_time": 501.3364984649625,
                                                                                    "extra_info": {
                                                                                        "Join Type": "INNER",
                                                                                        "Conditions": "id = owneruserid",
                                                                                        "Estimated Cardinality": "77002"
                                                                                    },
                                                                                    "cumulative_cardinality": 24806342,
                                                                                    "operator_type": "HASH_JOIN",
                                                                                    "operator_cardinality": 51013,
                                                                                    "cumulative_rows_scanned": 8962918,
                                                                                    "operator_rows_scanned": 0,
                                                                                    "operator_timing": 0.018936773000000007,
                                                                                    "result_set_size": 3060780,
                                                                                    "children": [
                                                                                        {
                                                                                            "operator_name": "READ_PARQUET ",
                                                                                            "cpu_time": 0.09784053300000009,
                                                                                            "extra_info": {
                                                                                                "Function": "READ_PARQUET",
                                                                                                "Projections": [
                                                                                                    "id",
                                                                                                    "reputation",
                                                                                                    "displayname"
                                                                                                ],
                                                                                                "Filters": "id<=1416539",
                                                                                                "Estimated Cardinality": "1260710"
                                                                                            },
                                                                                            "cumulative_cardinality": 1260580,
                                                                                            "operator_type": "TABLE_SCAN",
                                                                                            "operator_cardinality": 1260580,
                                                                                            "cumulative_rows_scanned": 1260710,
                                                                                            "operator_rows_scanned": 1260710,
                                                                                            "operator_timing": 0.09784053300000009,
                                                                                            "result_set_size": 30253920,
                                                                                            "children": []
                                                                                        },
                                                                                        {
                                                                                            "operator_name": "HASH_JOIN",
                                                                                            "cpu_time": 501.2197211589625,
                                                                                            "extra_info": {
                                                                                                "Join Type": "INNER",
                                                                                                "Conditions": "id = PostId",
                                                                                                "Estimated Cardinality": "77002"
                                                                                            },
                                                                                            "cumulative_cardinality": 23494749,
                                                                                            "operator_type": "HASH_JOIN",
                                                                                            "operator_cardinality": 51940,
                                                                                            "cumulative_rows_scanned": 7702208,
                                                                                            "operator_rows_scanned": 0,
                                                                                            "operator_timing": 0.05291648800000003,
                                                                                            "result_set_size": 2077600,
                                                                                            "children": [
                                                                                                {
                                                                                                    "operator_name": "READ_PARQUET ",
                                                                                                    "cpu_time": 0.07671243299999997,
                                                                                                    "extra_info": {
                                                                                                        "Function": "READ_PARQUET",
                                                                                                        "Projections": [
                                                                                                            "id",
                                                                                                            "score",
                                                                                                            "viewcount",
                                                                                                            "owneruserid",
                                                                                                            "title"
                                                                                                        ],
                                                                                                        "Filters": "creationdate>='2023-10-01 12:34:56'::TIMESTAMP",
                                                                                                        "Estimated Cardinality": "770023"
                                                                                                    },
                                                                                                    "cumulative_cardinality": 145542,
                                                                                                    "operator_type": "TABLE_SCAN",
                                                                                                    "operator_cardinality": 145542,
                                                                                                    "cumulative_rows_scanned": 3850116,
                                                                                                    "operator_rows_scanned": 3850116,
                                                                                                    "operator_timing": 0.07671243299999997,
                                                                                                    "result_set_size": 4657344,
                                                                                                    "children": []
                                                                                                },
                                                                                                {
                                                                                                    "operator_name": "FILTER",
                                                                                                    "cpu_time": 501.0900922379625,
                                                                                                    "extra_info": {
                                                                                                        "Expression": "(TagCount >= 3)",
                                                                                                        "Estimated Cardinality": "385011"
                                                                                                    },
                                                                                                    "cumulative_cardinality": 23297267,
                                                                                                    "operator_type": "FILTER",
                                                                                                    "operator_cardinality": 959895,
                                                                                                    "cumulative_rows_scanned": 3852092,
                                                                                                    "operator_rows_scanned": 0,
                                                                                                    "operator_timing": 0.004598883000000016,
                                                                                                    "result_set_size": 11518740,
                                                                                                    "children": [
                                                                                                        {
                                                                                                            "operator_name": "HASH_GROUP_BY",
                                                                                                            "cpu_time": 501.08549335496247,
                                                                                                            "extra_info": {
                                                                                                                "Groups": "#0",
                                                                                                                "Aggregates": "count(#1)",
                                                                                                                "Estimated Cardinality": "1925058"
                                                                                                            },
                                                                                                            "cumulative_cardinality": 22337372,
                                                                                                            "operator_type": "HASH_GROUP_BY",
                                                                                                            "operator_cardinality": 3850116,
                                                                                                            "cumulative_rows_scanned": 3852092,
                                                                                                            "operator_rows_scanned": 0,
                                                                                                            "operator_timing": 0.831934094000001,
                                                                                                            "result_set_size": 46201392,
                                                                                                            "children": [
                                                                                                                {
                                                                                                                    "operator_name": "PROJECTION",
                                                                                                                    "cpu_time": 500.25355926096245,
                                                                                                                    "extra_info": {
                                                                                                                        "Projections": [
                                                                                                                            "id",
                                                                                                                            "id"
                                                                                                                        ],
                                                                                                                        "Estimated Cardinality": "3850116"
                                                                                                                    },
                                                                                                                    "cumulative_cardinality": 18487256,
                                                                                                                    "operator_type": "PROJECTION",
                                                                                                                    "operator_cardinality": 7317582,
                                                                                                                    "cumulative_rows_scanned": 3852092,
                                                                                                                    "operator_rows_scanned": 0,
                                                                                                                    "operator_timing": 0.002769123000000036,
                                                                                                                    "result_set_size": 58540656,
                                                                                                                    "children": [
                                                                                                                        {
                                                                                                                            "operator_name": "BLOCKWISE_NL_JOIN",
                                                                                                                            "cpu_time": 500.25079013796244,
                                                                                                                            "extra_info": {
                                                                                                                                "Join Type": "LEFT",
                                                                                                                                "Condition": "(tags ~~ (('%' || tagname) || '%'))"
                                                                                                                            },
                                                                                                                            "cumulative_cardinality": 11169674,
                                                                                                                            "operator_type": "BLOCKWISE_NL_JOIN",
                                                                                                                            "operator_cardinality": 7317582,
                                                                                                                            "cumulative_rows_scanned": 3852092,
                                                                                                                            "operator_rows_scanned": 0,
                                                                                                                            "operator_timing": 500.0299983369625,
                                                                                                                            "result_set_size": 292703280,
                                                                                                                            "children": [
                                                                                                                                {
                                                                                                                                    "operator_name": "READ_PARQUET ",
                                                                                                                                    "cpu_time": 0.22024568199999975,
                                                                                                                                    "extra_info": {
                                                                                                                                        "Function": "READ_PARQUET",
                                                                                                                                        "Projections": [
                                                                                                                                            "id",
                                                                                                                                            "tags"
                                                                                                                                        ],
                                                                                                                                        "Estimated Cardinality": "3850116"
                                                                                                                                    },
                                                                                                                                    "cumulative_cardinality": 3850116,
                                                                                                                                    "operator_type": "TABLE_SCAN",
                                                                                                                                    "operator_cardinality": 3850116,
                                                                                                                                    "cumulative_rows_scanned": 3850116,
                                                                                                                                    "operator_rows_scanned": 3850116,
                                                                                                                                    "operator_timing": 0.22024568199999975,
                                                                                                                                    "result_set_size": 77002320,
                                                                                                                                    "children": []
                                                                                                                                },
                                                                                                                                {
                                                                                                                                    "operator_name": "READ_PARQUET ",
                                                                                                                                    "cpu_time": 0.0005461190000000001,
                                                                                                                                    "extra_info": {
                                                                                                                                        "Function": "READ_PARQUET",
                                                                                                                                        "Projections": [
                                                                                                                                            "id",
                                                                                                                                            "tagname"
                                                                                                                                        ],
                                                                                                                                        "Estimated Cardinality": "1976"
                                                                                                                                    },
                                                                                                                                    "cumulative_cardinality": 1976,
                                                                                                                                    "operator_type": "TABLE_SCAN",
                                                                                                                                    "operator_cardinality": 1976,
                                                                                                                                    "cumulative_rows_scanned": 1976,
                                                                                                                                    "operator_rows_scanned": 1976,
                                                                                                                                    "operator_timing": 0.0005461190000000001,
                                                                                                                                    "result_set_size": 39520,
                                                                                                                                    "children": []
                                                                                                                                }
                                                                                                                            ]
                                                                                                                        }
                                                                                                                    ]
                                                                                                                }
                                                                                                            ]
                                                                                                        }
                                                                                                    ]
                                                                                                }
                                                                                            ]
                                                                                        }
                                                                                    ]
                                                                                }
                                                                            ]
                                                                        }
                                                                    ]
                                                                }
                                                            ]
                                                        }
                                                    ]
                                                }
                                            ]
                                        }
                                    ]
                                }
                            ]
                        }
                    ]
                }
            ]
        }
    ]
}