{
    "rows_returned": 74334,
    "query_name": "\nWITH RecursiveUserBadges AS (\n    SELECT \n        b.UserId,\n        COUNT(*) AS BadgeCount,\n        MIN(b.Date) AS FirstBadgeDate\n    FROM \n        Badges b\n    GROUP BY \n        b.UserId\n),\nActivePosts AS (\n    SELECT \n        p.Id AS PostId,\n        p.Title,\n        p.ViewCount,\n        p.Score,\n        COALESCE(SUM(CASE WHEN v.VoteTypeId = 2 THEN 1 ELSE 0 END), 0) AS UpVoteCount\n    FROM \n        Posts p\n    LEFT JOIN \n        Votes v ON p.Id = v.PostId\n    WHERE \n        p.CreationDate >= TIMESTAMP '2024-10-01 12:34:56' - INTERVAL '1 year'\n    GROUP BY \n        p.Id, p.Title, p.ViewCount, p.Score\n),\nPostDetails AS (\n    SELECT \n        p.Id,\n        p.OwnerUserId,\n        u.DisplayName AS OwnerDisplayName,\n        p.Title,\n        p.CreationDate,\n        ap.ViewCount,\n        ap.Score,\n        ap.UpVoteCount,\n        rb.BadgeCount,\n        rb.FirstBadgeDate\n    FROM \n        Posts p\n    JOIN \n        ActivePosts ap ON p.Id = ap.PostId\n    LEFT JOIN \n        Users u ON p.OwnerUserId = u.Id\n    LEFT JOIN \n        RecursiveUserBadges rb ON u.Id = rb.UserId\n    WHERE \n        p.PostTypeId = 1  \n),\nCloseReasonCounts AS (\n    SELECT \n        ph.PostId,\n        COUNT(*) AS CloseReasonCount,\n        MIN(ph.CreationDate) AS FirstClosedDate\n    FROM \n        PostHistory ph\n    WHERE \n        ph.PostHistoryTypeId = 10  \n    GROUP BY \n        ph.PostId\n),\nFinalPostAnalysis AS (\n    SELECT \n        pd.*,\n        crc.CloseReasonCount,\n        crc.FirstClosedDate\n    FROM \n        PostDetails pd\n    LEFT JOIN \n        CloseReasonCounts crc ON pd.Id = crc.PostId\n)\nSELECT \n    fpa.Title,\n    fpa.OwnerDisplayName,\n    fpa.ViewCount,\n    fpa.Score,\n    fpa.UpVoteCount,\n    fpa.BadgeCount,\n    fpa.FirstBadgeDate,\n    COALESCE(fpa.CloseReasonCount, 0) AS CloseReasonCount,\n    fpa.FirstClosedDate\nFROM \n    FinalPostAnalysis fpa\nORDER BY \n    fpa.Score DESC, fpa.ViewCount DESC;\n",
    "blocked_thread_time": 0.0,
    "cpu_time": 1.3544452510000007,
    "extra_info": {},
    "cumulative_cardinality": 11197573,
    "cumulative_rows_scanned": 35822003,
    "result_set_size": 6541392,
    "latency": 1.617475364,
    "children": [
        {
            "operator_name": "PROJECTION",
            "cpu_time": 1.3544452510000007,
            "extra_info": {
                "Projections": [
                    "#0",
                    "#1",
                    "#2",
                    "__internal_decompress_integral_integer(#3, -72)",
                    "#4",
                    "#5",
                    "#6",
                    "#7",
                    "#8"
                ],
                "Estimated Cardinality": "1260710"
            },
            "cumulative_cardinality": 11197573,
            "operator_type": "PROJECTION",
            "operator_cardinality": 74334,
            "cumulative_rows_scanned": 35822003,
            "operator_rows_scanned": 0,
            "operator_timing": 0.000048601000000000004,
            "result_set_size": 6541392,
            "children": [
                {
                    "operator_name": "ORDER_BY",
                    "cpu_time": 1.3543966500000006,
                    "extra_info": {
                        "Order By": [
                            "fpa.Score DESC",
                            "fpa.ViewCount DESC"
                        ]
                    },
                    "cumulative_cardinality": 11123239,
                    "operator_type": "ORDER_BY",
                    "operator_cardinality": 74334,
                    "cumulative_rows_scanned": 35822003,
                    "operator_rows_scanned": 0,
                    "operator_timing": 0.012195161999999996,
                    "result_set_size": 6392724,
                    "children": [
                        {
                            "operator_name": "PROJECTION",
                            "cpu_time": 1.3422014880000006,
                            "extra_info": {
                                "Projections": [
                                    "#0",
                                    "#1",
                                    "#2",
                                    "__internal_compress_integral_usmallint(#3, -72)",
                                    "#4",
                                    "#5",
                                    "#6",
                                    "#7",
                                    "#8"
                                ],
                                "Estimated Cardinality": "1260710"
                            },
                            "cumulative_cardinality": 11048905,
                            "operator_type": "PROJECTION",
                            "operator_cardinality": 74334,
                            "cumulative_rows_scanned": 35822003,
                            "operator_rows_scanned": 0,
                            "operator_timing": 0.00047779300000000034,
                            "result_set_size": 6392724,
                            "children": [
                                {
                                    "operator_name": "PROJECTION",
                                    "cpu_time": 1.3417236950000007,
                                    "extra_info": {
                                        "Projections": [
                                            "title",
                                            "OwnerDisplayName",
                                            "viewcount",
                                            "score",
                                            "UpVoteCount",
                                            "BadgeCount",
                                            "FirstBadgeDate",
                                            "CloseReasonCount",
                                            "FirstClosedDate"
                                        ],
                                        "Estimated Cardinality": "1260710"
                                    },
                                    "cumulative_cardinality": 10974571,
                                    "operator_type": "PROJECTION",
                                    "operator_cardinality": 74334,
                                    "cumulative_rows_scanned": 35822003,
                                    "operator_rows_scanned": 0,
                                    "operator_timing": 0.0023970589999999974,
                                    "result_set_size": 6541392,
                                    "children": [
                                        {
                                            "operator_name": "HASH_JOIN",
                                            "cpu_time": 1.3393266360000007,
                                            "extra_info": {
                                                "Join Type": "LEFT",
                                                "Conditions": "id = postid",
                                                "Estimated Cardinality": "1260710"
                                            },
                                            "cumulative_cardinality": 10900237,
                                            "operator_type": "HASH_JOIN",
                                            "operator_cardinality": 74334,
                                            "cumulative_rows_scanned": 35822003,
                                            "operator_rows_scanned": 0,
                                            "operator_timing": 0.01579144300000001,
                                            "result_set_size": 6541392,
                                            "children": [
                                                {
                                                    "operator_name": "PROJECTION",
                                                    "cpu_time": 1.009868370000001,
                                                    "extra_info": {
                                                        "Projections": [
                                                            "id",
                                                            "OwnerDisplayName",
                                                            "title",
                                                            "viewcount",
                                                            "score",
                                                            "UpVoteCount",
                                                            "BadgeCount",
                                                            "FirstBadgeDate"
                                                        ],
                                                        "Estimated Cardinality": "1260710"
                                                    },
                                                    "cumulative_cardinality": 10462468,
                                                    "operator_type": "PROJECTION",
                                                    "operator_cardinality": 74334,
                                                    "cumulative_rows_scanned": 24026759,
                                                    "operator_rows_scanned": 0,
                                                    "operator_timing": 0.00023321600000000012,
                                                    "result_set_size": 5649384,
                                                    "children": [
                                                        {
                                                            "operator_name": "HASH_JOIN",
                                                            "cpu_time": 1.009635154000001,
                                                            "extra_info": {
                                                                "Join Type": "LEFT",
                                                                "Conditions": "id = userid",
                                                                "Estimated Cardinality": "1260710"
                                                            },
                                                            "cumulative_cardinality": 10388134,
                                                            "operator_type": "HASH_JOIN",
                                                            "operator_cardinality": 74334,
                                                            "cumulative_rows_scanned": 24026759,
                                                            "operator_rows_scanned": 0,
                                                            "operator_timing": 0.03213763699999999,
                                                            "result_set_size": 5649384,
                                                            "children": [
                                                                {
                                                                    "operator_name": "HASH_JOIN",
                                                                    "cpu_time": 0.842760250000001,
                                                                    "extra_info": {
                                                                        "Join Type": "RIGHT",
                                                                        "Conditions": "id = owneruserid",
                                                                        "Estimated Cardinality": "1260710"
                                                                    },
                                                                    "cumulative_cardinality": 5121331,
                                                                    "operator_type": "HASH_JOIN",
                                                                    "operator_cardinality": 74334,
                                                                    "cumulative_rows_scanned": 21705035,
                                                                    "operator_rows_scanned": 0,
                                                                    "operator_timing": 0.026437125999999964,
                                                                    "result_set_size": 4757376,
                                                                    "children": [
                                                                        {
                                                                            "operator_name": "READ_PARQUET ",
                                                                            "cpu_time": 0.08447488600000003,
                                                                            "extra_info": {
                                                                                "Function": "READ_PARQUET",
                                                                                "Projections": [
                                                                                    "id",
                                                                                    "displayname"
                                                                                ],
                                                                                "Estimated Cardinality": "1260710"
                                                                            },
                                                                            "cumulative_cardinality": 1260648,
                                                                            "operator_type": "TABLE_SCAN",
                                                                            "operator_cardinality": 1260648,
                                                                            "cumulative_rows_scanned": 1260710,
                                                                            "operator_rows_scanned": 1260710,
                                                                            "operator_timing": 0.08447488600000003,
                                                                            "result_set_size": 25212960,
                                                                            "children": []
                                                                        },
                                                                        {
                                                                            "operator_name": "HASH_JOIN",
                                                                            "cpu_time": 0.731848238000001,
                                                                            "extra_info": {
                                                                                "Join Type": "INNER",
                                                                                "Conditions": "PostId = id",
                                                                                "Estimated Cardinality": "770023"
                                                                            },
                                                                            "cumulative_cardinality": 3786349,
                                                                            "operator_type": "HASH_JOIN",
                                                                            "operator_cardinality": 74334,
                                                                            "cumulative_rows_scanned": 20444325,
                                                                            "operator_rows_scanned": 0,
                                                                            "operator_timing": 0.1557600509999998,
                                                                            "result_set_size": 3568032,
                                                                            "children": [
                                                                                {
                                                                                    "operator_name": "PROJECTION",
                                                                                    "cpu_time": 0.16540229999999997,
                                                                                    "extra_info": {
                                                                                        "Projections": [
                                                                                            "PostId",
                                                                                            "viewcount",
                                                                                            "score",
                                                                                            "UpVoteCount"
                                                                                        ],
                                                                                        "Estimated Cardinality": "3850116"
                                                                                    },
                                                                                    "cumulative_cardinality": 2043851,
                                                                                    "operator_type": "PROJECTION",
                                                                                    "operator_cardinality": 145542,
                                                                                    "cumulative_rows_scanned": 16594209,
                                                                                    "operator_rows_scanned": 0,
                                                                                    "operator_timing": 0.0012778780000000003,
                                                                                    "result_set_size": 4075176,
                                                                                    "children": [
                                                                                        {
                                                                                            "operator_name": "PROJECTION",
                                                                                            "cpu_time": 0.16412442199999996,
                                                                                            "extra_info": {
                                                                                                "Projections": [
                                                                                                    "#0",
                                                                                                    "#1",
                                                                                                    "#2",
                                                                                                    "__internal_decompress_integral_integer(#3, -72)",
                                                                                                    "#4"
                                                                                                ],
                                                                                                "Estimated Cardinality": "3850116"
                                                                                            },
                                                                                            "cumulative_cardinality": 1898309,
                                                                                            "operator_type": "PROJECTION",
                                                                                            "operator_cardinality": 145542,
                                                                                            "cumulative_rows_scanned": 16594209,
                                                                                            "operator_rows_scanned": 0,
                                                                                            "operator_timing": 0.00007184299999999997,
                                                                                            "result_set_size": 6403848,
                                                                                            "children": [
                                                                                                {
                                                                                                    "operator_name": "HASH_GROUP_BY",
                                                                                                    "cpu_time": 0.16405257899999998,
                                                                                                    "extra_info": {
                                                                                                        "Groups": [
                                                                                                            "#0",
                                                                                                            "#1",
                                                                                                            "#2",
                                                                                                            "#3"
                                                                                                        ],
                                                                                                        "Aggregates": "sum(#4)",
                                                                                                        "Estimated Cardinality": "3850116"
                                                                                                    },
                                                                                                    "cumulative_cardinality": 1752767,
                                                                                                    "operator_type": "HASH_GROUP_BY",
                                                                                                    "operator_cardinality": 145542,
                                                                                                    "cumulative_rows_scanned": 16594209,
                                                                                                    "operator_rows_scanned": 0,
                                                                                                    "operator_timing": 0.04602507799999999,
                                                                                                    "result_set_size": 6112764,
                                                                                                    "children": [
                                                                                                        {
                                                                                                            "operator_name": "PROJECTION",
                                                                                                            "cpu_time": 0.11802750099999999,
                                                                                                            "extra_info": {
                                                                                                                "Projections": [
                                                                                                                    "id",
                                                                                                                    "title",
                                                                                                                    "viewcount",
                                                                                                                    "score",
                                                                                                                    "CASE  WHEN ((votetypeid = 2)) THEN (1) ELSE 0 END"
                                                                                                                ],
                                                                                                                "Estimated Cardinality": "12744093"
                                                                                                            },
                                                                                                            "cumulative_cardinality": 1607225,
                                                                                                            "operator_type": "PROJECTION",
                                                                                                            "operator_cardinality": 339719,
                                                                                                            "cumulative_rows_scanned": 16594209,
                                                                                                            "operator_rows_scanned": 0,
                                                                                                            "operator_timing": 0.0016996710000000003,
                                                                                                            "result_set_size": 10191570,
                                                                                                            "children": [
                                                                                                                {
                                                                                                                    "operator_name": "PROJECTION",
                                                                                                                    "cpu_time": 0.11632783,
                                                                                                                    "extra_info": {
                                                                                                                        "Projections": [
                                                                                                                            "#0",
                                                                                                                            "#1",
                                                                                                                            "__internal_compress_integral_usmallint(#2, -72)",
                                                                                                                            "#3",
                                                                                                                            "#4"
                                                                                                                        ],
                                                                                                                        "Estimated Cardinality": "12744093"
                                                                                                                    },
                                                                                                                    "cumulative_cardinality": 1267506,
                                                                                                                    "operator_type": "PROJECTION",
                                                                                                                    "operator_cardinality": 339719,
                                                                                                                    "cumulative_rows_scanned": 16594209,
                                                                                                                    "operator_rows_scanned": 0,
                                                                                                                    "operator_timing": 0.000253065,
                                                                                                                    "result_set_size": 9512132,
                                                                                                                    "children": [
                                                                                                                        {
                                                                                                                            "operator_name": "HASH_JOIN",
                                                                                                                            "cpu_time": 0.116074765,
                                                                                                                            "extra_info": {
                                                                                                                                "Join Type": "RIGHT",
                                                                                                                                "Conditions": "postid = id",
                                                                                                                                "Estimated Cardinality": "12744093"
                                                                                                                            },
                                                                                                                            "cumulative_cardinality": 927787,
                                                                                                                            "operator_type": "HASH_JOIN",
                                                                                                                            "operator_cardinality": 339719,
                                                                                                                            "cumulative_rows_scanned": 16594209,
                                                                                                                            "operator_rows_scanned": 0,
                                                                                                                            "operator_timing": 0.027945318999999996,
                                                                                                                            "result_set_size": 10191570,
                                                                                                                            "children": [
                                                                                                                                {
                                                                                                                                    "operator_name": "READ_PARQUET ",
                                                                                                                                    "cpu_time": 0.02026547400000002,
                                                                                                                                    "extra_info": {
                                                                                                                                        "Function": "READ_PARQUET",
                                                                                                                                        "Projections": [
                                                                                                                                            "postid",
                                                                                                                                            "votetypeid"
                                                                                                                                        ],
                                                                                                                                        "Estimated Cardinality": "12744093"
                                                                                                                                    },
                                                                                                                                    "cumulative_cardinality": 442526,
                                                                                                                                    "operator_type": "TABLE_SCAN",
                                                                                                                                    "operator_cardinality": 442526,
                                                                                                                                    "cumulative_rows_scanned": 12744093,
                                                                                                                                    "operator_rows_scanned": 12744093,
                                                                                                                                    "operator_timing": 0.02026547400000002,
                                                                                                                                    "result_set_size": 2655156,
                                                                                                                                    "children": []
                                                                                                                                },
                                                                                                                                {
                                                                                                                                    "operator_name": "READ_PARQUET ",
                                                                                                                                    "cpu_time": 0.06786397199999998,
                                                                                                                                    "extra_info": {
                                                                                                                                        "Function": "READ_PARQUET",
                                                                                                                                        "Projections": [
                                                                                                                                            "id",
                                                                                                                                            "score",
                                                                                                                                            "viewcount",
                                                                                                                                            "title"
                                                                                                                                        ],
                                                                                                                                        "Filters": "creationdate>='2023-10-01 12:34:56'::TIMESTAMP",
                                                                                                                                        "Estimated Cardinality": "770023"
                                                                                                                                    },
                                                                                                                                    "cumulative_cardinality": 145542,
                                                                                                                                    "operator_type": "TABLE_SCAN",
                                                                                                                                    "operator_cardinality": 145542,
                                                                                                                                    "cumulative_rows_scanned": 3850116,
                                                                                                                                    "operator_rows_scanned": 3850116,
                                                                                                                                    "operator_timing": 0.06786397199999998,
                                                                                                                                    "result_set_size": 4075176,
                                                                                                                                    "children": []
                                                                                                                                }
                                                                                                                            ]
                                                                                                                        }
                                                                                                                    ]
                                                                                                                }
                                                                                                            ]
                                                                                                        }
                                                                                                    ]
                                                                                                }
                                                                                            ]
                                                                                        }
                                                                                    ]
                                                                                },
                                                                                {
                                                                                    "operator_name": "READ_PARQUET ",
                                                                                    "cpu_time": 0.4106858870000012,
                                                                                    "extra_info": {
                                                                                        "Function": "READ_PARQUET",
                                                                                        "Projections": [
                                                                                            "id",
                                                                                            "owneruserid",
                                                                                            "title"
                                                                                        ],
                                                                                        "Filters": "posttypeid=1",
                                                                                        "Estimated Cardinality": "770023"
                                                                                    },
                                                                                    "cumulative_cardinality": 1668164,
                                                                                    "operator_type": "TABLE_SCAN",
                                                                                    "operator_cardinality": 1668164,
                                                                                    "cumulative_rows_scanned": 3850116,
                                                                                    "operator_rows_scanned": 3850116,
                                                                                    "operator_timing": 0.4106858870000012,
                                                                                    "result_set_size": 40035936,
                                                                                    "children": []
                                                                                }
                                                                            ]
                                                                        }
                                                                    ]
                                                                },
                                                                {
                                                                    "operator_name": "HASH_GROUP_BY",
                                                                    "cpu_time": 0.1347372670000002,
                                                                    "extra_info": {
                                                                        "Groups": "#0",
                                                                        "Aggregates": [
                                                                            "count_star()",
                                                                            "min(#1)"
                                                                        ],
                                                                        "Estimated Cardinality": "1160862"
                                                                    },
                                                                    "cumulative_cardinality": 5192469,
                                                                    "operator_type": "HASH_GROUP_BY",
                                                                    "operator_cardinality": 549021,
                                                                    "cumulative_rows_scanned": 2321724,
                                                                    "operator_rows_scanned": 0,
                                                                    "operator_timing": 0.09186190600000019,
                                                                    "result_set_size": 10980420,
                                                                    "children": [
                                                                        {
                                                                            "operator_name": "PROJECTION",
                                                                            "cpu_time": 0.042875361,
                                                                            "extra_info": {
                                                                                "Projections": [
                                                                                    "userid",
                                                                                    "date"
                                                                                ],
                                                                                "Estimated Cardinality": "2321724"
                                                                            },
                                                                            "cumulative_cardinality": 4643448,
                                                                            "operator_type": "PROJECTION",
                                                                            "operator_cardinality": 2321724,
                                                                            "cumulative_rows_scanned": 2321724,
                                                                            "operator_rows_scanned": 0,
                                                                            "operator_timing": 0.00022917499999999946,
                                                                            "result_set_size": 27860688,
                                                                            "children": [
                                                                                {
                                                                                    "operator_name": "READ_PARQUET ",
                                                                                    "cpu_time": 0.042646186,
                                                                                    "extra_info": {
                                                                                        "Function": "READ_PARQUET",
                                                                                        "Projections": [
                                                                                            "userid",
                                                                                            "date"
                                                                                        ],
                                                                                        "Estimated Cardinality": "2321724"
                                                                                    },
                                                                                    "cumulative_cardinality": 2321724,
                                                                                    "operator_type": "TABLE_SCAN",
                                                                                    "operator_cardinality": 2321724,
                                                                                    "cumulative_rows_scanned": 2321724,
                                                                                    "operator_rows_scanned": 2321724,
                                                                                    "operator_timing": 0.042646186,
                                                                                    "result_set_size": 27860688,
                                                                                    "children": []
                                                                                }
                                                                            ]
                                                                        }
                                                                    ]
                                                                }
                                                            ]
                                                        }
                                                    ]
                                                },
                                                {
                                                    "operator_name": "HASH_GROUP_BY",
                                                    "cpu_time": 0.31366682299999976,
                                                    "extra_info": {
                                                        "Groups": "#0",
                                                        "Aggregates": [
                                                            "count_star()",
                                                            "min(#1)"
                                                        ],
                                                        "Estimated Cardinality": "1179524"
                                                    },
                                                    "cumulative_cardinality": 363435,
                                                    "operator_type": "HASH_GROUP_BY",
                                                    "operator_cardinality": 120507,
                                                    "cumulative_rows_scanned": 11795244,
                                                    "operator_rows_scanned": 0,
                                                    "operator_timing": 0.026410197000000035,
                                                    "result_set_size": 2410140,
                                                    "children": [
                                                        {
                                                            "operator_name": "PROJECTION",
                                                            "cpu_time": 0.28725662599999974,
                                                            "extra_info": {
                                                                "Projections": [
                                                                    "postid",
                                                                    "creationdate"
                                                                ],
                                                                "Estimated Cardinality": "2359048"
                                                            },
                                                            "cumulative_cardinality": 242928,
                                                            "operator_type": "PROJECTION",
                                                            "operator_cardinality": 121464,
                                                            "cumulative_rows_scanned": 11795244,
                                                            "operator_rows_scanned": 0,
                                                            "operator_timing": 0.0006951190000000039,
                                                            "result_set_size": 1457568,
                                                            "children": [
                                                                {
                                                                    "operator_name": "READ_PARQUET ",
                                                                    "cpu_time": 0.2865615069999997,
                                                                    "extra_info": {
                                                                        "Function": "READ_PARQUET",
                                                                        "Projections": [
                                                                            "postid",
                                                                            "creationdate"
                                                                        ],
                                                                        "Filters": "posthistorytypeid=10",
                                                                        "Estimated Cardinality": "2359048"
                                                                    },
                                                                    "cumulative_cardinality": 121464,
                                                                    "operator_type": "TABLE_SCAN",
                                                                    "operator_cardinality": 121464,
                                                                    "cumulative_rows_scanned": 11795244,
                                                                    "operator_rows_scanned": 11795244,
                                                                    "operator_timing": 0.2865615069999997,
                                                                    "result_set_size": 1457568,
                                                                    "children": []
                                                                }
                                                            ]
                                                        }
                                                    ]
                                                }
                                            ]
                                        }
                                    ]
                                }
                            ]
                        }
                    ]
                }
            ]
        }
    ]
}