{
    "rows_returned": 10,
    "query_name": "WITH RECURSIVE UserPostStats AS (\n    SELECT \n        u.Id AS UserId,\n        u.DisplayName,\n        COUNT(p.Id) AS TotalPosts,\n        SUM(CASE WHEN p.PostTypeId = 1 THEN 1 ELSE 0 END) AS TotalQuestions,\n        SUM(CASE WHEN p.PostTypeId = 2 THEN 1 ELSE 0 END) AS TotalAnswers,\n        AVG(p.Score) AS AveragePostScore\n    FROM Users u\n    LEFT JOIN Posts p ON u.Id = p.OwnerUserId\n    GROUP BY u.Id, u.DisplayName\n),\nTopUsers AS (\n    SELECT \n        UserId,\n        DisplayName,\n        TotalPosts,\n        TotalQuestions,\n        TotalAnswers,\n        AveragePostScore,\n        RANK() OVER (ORDER BY TotalPosts DESC) AS PostRank\n    FROM UserPostStats\n    WHERE TotalPosts > 0\n),\nUserBadges AS (\n    SELECT \n        b.UserId,\n        COUNT(b.Id) AS TotalBadges,\n        SUM(CASE WHEN b.Class = 1 THEN 1 ELSE 0 END) AS GoldBadges,\n        SUM(CASE WHEN b.Class = 2 THEN 1 ELSE 0 END) AS SilverBadges,\n        SUM(CASE WHEN b.Class = 3 THEN 1 ELSE 0 END) AS BronzeBadges\n    FROM Badges b\n    GROUP BY b.UserId\n),\nUserScores AS (\n    SELECT \n        t.UserId,\n        t.DisplayName,\n        t.TotalPosts,\n        t.TotalQuestions,\n        t.TotalAnswers,\n        t.AveragePostScore,\n        COALESCE(ub.TotalBadges, 0) AS TotalBadges,\n        COALESCE(ub.GoldBadges, 0) AS GoldBadges,\n        COALESCE(ub.SilverBadges, 0) AS SilverBadges,\n        COALESCE(ub.BronzeBadges, 0) AS BronzeBadges\n    FROM TopUsers t\n    LEFT JOIN UserBadges ub ON t.UserId = ub.UserId\n)\nSELECT \n    UserId,\n    DisplayName,\n    TotalPosts,\n    TotalQuestions,\n    TotalAnswers,\n    AveragePostScore,\n    TotalBadges,\n    GoldBadges,\n    SilverBadges,\n    BronzeBadges,\n    CASE \n        WHEN TotalPosts > 100 THEN 'High Activity' \n        WHEN TotalPosts BETWEEN 50 AND 100 THEN 'Moderate Activity' \n        ELSE 'Low Activity' \n    END AS ActivityLevel\nFROM UserScores\nWHERE TotalPosts > 0\nORDER BY TotalPosts DESC\nOFFSET 0 ROWS FETCH NEXT 10 ROWS ONLY;",
    "blocked_thread_time": 0.0,
    "cpu_time": 1.5578061940000005,
    "extra_info": {},
    "cumulative_cardinality": 23525449,
    "cumulative_rows_scanned": 7432550,
    "result_set_size": 1400,
    "latency": 1.777492402,
    "children": [
        {
            "operator_name": "STREAMING_LIMIT",
            "cpu_time": 1.5578061940000005,
            "extra_info": {},
            "cumulative_cardinality": 23525449,
            "operator_type": "STREAMING_LIMIT",
            "operator_cardinality": 10,
            "cumulative_rows_scanned": 7432550,
            "operator_rows_scanned": 0,
            "operator_timing": 0.0000030870000000000003,
            "result_set_size": 1400,
            "children": [
                {
                    "operator_name": "ORDER_BY",
                    "cpu_time": 1.5578031070000005,
                    "extra_info": {
                        "Order By": "UserScores.TotalPosts DESC"
                    },
                    "cumulative_cardinality": 23525439,
                    "operator_type": "ORDER_BY",
                    "operator_cardinality": 4096,
                    "cumulative_rows_scanned": 7432550,
                    "operator_rows_scanned": 0,
                    "operator_timing": 0.045122386,
                    "result_set_size": 573440,
                    "children": [
                        {
                            "operator_name": "PROJECTION",
                            "cpu_time": 1.5126807210000004,
                            "extra_info": {
                                "Projections": [
                                    "UserId",
                                    "displayname",
                                    "TotalPosts",
                                    "TotalQuestions",
                                    "TotalAnswers",
                                    "AveragePostScore",
                                    "TotalBadges",
                                    "GoldBadges",
                                    "SilverBadges",
                                    "BronzeBadges",
                                    "ActivityLevel"
                                ],
                                "Estimated Cardinality": "1160862"
                            },
                            "cumulative_cardinality": 23521343,
                            "operator_type": "PROJECTION",
                            "operator_cardinality": 371631,
                            "cumulative_rows_scanned": 7432550,
                            "operator_rows_scanned": 0,
                            "operator_timing": 0.003265028000000002,
                            "result_set_size": 52028340,
                            "children": [
                                {
                                    "operator_name": "PROJECTION",
                                    "cpu_time": 1.5094156930000004,
                                    "extra_info": {
                                        "Projections": [
                                            "UserId",
                                            "displayname",
                                            "TotalPosts",
                                            "TotalQuestions",
                                            "TotalAnswers",
                                            "AveragePostScore",
                                            "TotalBadges",
                                            "GoldBadges",
                                            "SilverBadges",
                                            "BronzeBadges"
                                        ],
                                        "Estimated Cardinality": "1160862"
                                    },
                                    "cumulative_cardinality": 23149712,
                                    "operator_type": "PROJECTION",
                                    "operator_cardinality": 371631,
                                    "cumulative_rows_scanned": 7432550,
                                    "operator_rows_scanned": 0,
                                    "operator_timing": 0.014013975999999989,
                                    "result_set_size": 46082244,
                                    "children": [
                                        {
                                            "operator_name": "HASH_JOIN",
                                            "cpu_time": 1.4954017170000005,
                                            "extra_info": {
                                                "Join Type": "RIGHT",
                                                "Conditions": "userid = UserId",
                                                "Estimated Cardinality": "1160862"
                                            },
                                            "cumulative_cardinality": 22778081,
                                            "operator_type": "HASH_JOIN",
                                            "operator_cardinality": 371631,
                                            "cumulative_rows_scanned": 7432550,
                                            "operator_rows_scanned": 0,
                                            "operator_timing": 0.05743986299999999,
                                            "result_set_size": 46082244,
                                            "children": [
                                                {
                                                    "operator_name": "HASH_GROUP_BY",
                                                    "cpu_time": 0.21298924199999986,
                                                    "extra_info": {
                                                        "Groups": "#0",
                                                        "Aggregates": [
                                                            "count_star()",
                                                            "sum(#1)",
                                                            "sum(#2)",
                                                            "sum(#3)"
                                                        ],
                                                        "Estimated Cardinality": "1160862"
                                                    },
                                                    "cumulative_cardinality": 5192469,
                                                    "operator_type": "HASH_GROUP_BY",
                                                    "operator_cardinality": 549021,
                                                    "cumulative_rows_scanned": 2321724,
                                                    "operator_rows_scanned": 0,
                                                    "operator_timing": 0.1669491749999999,
                                                    "result_set_size": 32941260,
                                                    "children": [
                                                        {
                                                            "operator_name": "PROJECTION",
                                                            "cpu_time": 0.046040066999999955,
                                                            "extra_info": {
                                                                "Projections": [
                                                                    "userid",
                                                                    "CASE  WHEN ((class = 1)) THEN (1) ELSE 0 END",
                                                                    "CASE  WHEN ((class = 2)) THEN (1) ELSE 0 END",
                                                                    "CASE  WHEN ((class = 3)) THEN (1) ELSE 0 END"
                                                                ],
                                                                "Estimated Cardinality": "2321724"
                                                            },
                                                            "cumulative_cardinality": 4643448,
                                                            "operator_type": "PROJECTION",
                                                            "operator_cardinality": 2321724,
                                                            "cumulative_rows_scanned": 2321724,
                                                            "operator_rows_scanned": 0,
                                                            "operator_timing": 0.01357495399999995,
                                                            "result_set_size": 37147584,
                                                            "children": [
                                                                {
                                                                    "operator_name": "READ_PARQUET ",
                                                                    "cpu_time": 0.032465113000000004,
                                                                    "extra_info": {
                                                                        "Function": "READ_PARQUET",
                                                                        "Projections": [
                                                                            "id",
                                                                            "userid",
                                                                            "class"
                                                                        ],
                                                                        "Estimated Cardinality": "2321724"
                                                                    },
                                                                    "cumulative_cardinality": 2321724,
                                                                    "operator_type": "TABLE_SCAN",
                                                                    "operator_cardinality": 2321724,
                                                                    "cumulative_rows_scanned": 2321724,
                                                                    "operator_rows_scanned": 2321724,
                                                                    "operator_timing": 0.032465113000000004,
                                                                    "result_set_size": 23217240,
                                                                    "children": []
                                                                }
                                                            ]
                                                        }
                                                    ]
                                                },
                                                {
                                                    "operator_name": "PROJECTION",
                                                    "cpu_time": 1.2249726120000006,
                                                    "extra_info": {
                                                        "Projections": [
                                                            "#0",
                                                            "#1",
                                                            "#2",
                                                            "#3",
                                                            "#4",
                                                            "#5"
                                                        ],
                                                        "Estimated Cardinality": "50428"
                                                    },
                                                    "cumulative_cardinality": 17213981,
                                                    "operator_type": "PROJECTION",
                                                    "operator_cardinality": 371631,
                                                    "cumulative_rows_scanned": 5110826,
                                                    "operator_rows_scanned": 0,
                                                    "operator_timing": 0.00005297400000000001,
                                                    "result_set_size": 25270908,
                                                    "children": [
                                                        {
                                                            "operator_name": "FILTER",
                                                            "cpu_time": 1.2249196380000007,
                                                            "extra_info": {
                                                                "Expression": "(TotalPosts > 0)",
                                                                "Estimated Cardinality": "50428"
                                                            },
                                                            "cumulative_cardinality": 16842350,
                                                            "operator_type": "FILTER",
                                                            "operator_cardinality": 371631,
                                                            "cumulative_rows_scanned": 5110826,
                                                            "operator_rows_scanned": 0,
                                                            "operator_timing": 0.0005272849999999998,
                                                            "result_set_size": 28243956,
                                                            "children": [
                                                                {
                                                                    "operator_name": "PROJECTION",
                                                                    "cpu_time": 1.2243923530000007,
                                                                    "extra_info": {
                                                                        "Projections": [
                                                                            "#0",
                                                                            "#1",
                                                                            "#2",
                                                                            "#3",
                                                                            "#4",
                                                                            "#5",
                                                                            "#6"
                                                                        ],
                                                                        "Estimated Cardinality": "252142"
                                                                    },
                                                                    "cumulative_cardinality": 16470719,
                                                                    "operator_type": "PROJECTION",
                                                                    "operator_cardinality": 371631,
                                                                    "cumulative_rows_scanned": 5110826,
                                                                    "operator_rows_scanned": 0,
                                                                    "operator_timing": 0.00007832800000000001,
                                                                    "result_set_size": 28243956,
                                                                    "children": [
                                                                        {
                                                                            "operator_name": "WINDOW",
                                                                            "cpu_time": 1.2243140250000006,
                                                                            "extra_info": {
                                                                                "Projections": "RANK() OVER (ORDER BY TotalPosts DESC NULLS LAST)"
                                                                            },
                                                                            "cumulative_cardinality": 16099088,
                                                                            "operator_type": "WINDOW",
                                                                            "operator_cardinality": 371631,
                                                                            "cumulative_rows_scanned": 5110826,
                                                                            "operator_rows_scanned": 0,
                                                                            "operator_timing": 0.030359230999999993,
                                                                            "result_set_size": 28243956,
                                                                            "children": [
                                                                                {
                                                                                    "operator_name": "FILTER",
                                                                                    "cpu_time": 1.1939547940000006,
                                                                                    "extra_info": {
                                                                                        "Expression": "(TotalPosts > 0)",
                                                                                        "Estimated Cardinality": "252142"
                                                                                    },
                                                                                    "cumulative_cardinality": 15727457,
                                                                                    "operator_type": "FILTER",
                                                                                    "operator_cardinality": 371631,
                                                                                    "cumulative_rows_scanned": 5110826,
                                                                                    "operator_rows_scanned": 0,
                                                                                    "operator_timing": 0.001965446000000001,
                                                                                    "result_set_size": 25270908,
                                                                                    "children": [
                                                                                        {
                                                                                            "operator_name": "HASH_GROUP_BY",
                                                                                            "cpu_time": 1.1919893480000006,
                                                                                            "extra_info": {
                                                                                                "Groups": [
                                                                                                    "#0",
                                                                                                    "#1"
                                                                                                ],
                                                                                                "Aggregates": [
                                                                                                    "count(#2)",
                                                                                                    "sum(#3)",
                                                                                                    "sum(#4)",
                                                                                                    "avg(#5)"
                                                                                                ],
                                                                                                "Estimated Cardinality": "1260710"
                                                                                            },
                                                                                            "cumulative_cardinality": 15355826,
                                                                                            "operator_type": "HASH_GROUP_BY",
                                                                                            "operator_cardinality": 1260710,
                                                                                            "cumulative_rows_scanned": 5110826,
                                                                                            "operator_rows_scanned": 0,
                                                                                            "operator_timing": 0.660845334,
                                                                                            "result_set_size": 85728280,
                                                                                            "children": [
                                                                                                {
                                                                                                    "operator_name": "PROJECTION",
                                                                                                    "cpu_time": 0.5311440140000006,
                                                                                                    "extra_info": {
                                                                                                        "Projections": [
                                                                                                            "id",
                                                                                                            "displayname",
                                                                                                            "id",
                                                                                                            "CASE  WHEN ((posttypeid = 1)) THEN (1) ELSE 0 END",
                                                                                                            "CASE  WHEN ((posttypeid = 2)) THEN (1) ELSE 0 END",
                                                                                                            "score"
                                                                                                        ],
                                                                                                        "Estimated Cardinality": "3850116"
                                                                                                    },
                                                                                                    "cumulative_cardinality": 14095116,
                                                                                                    "operator_type": "PROJECTION",
                                                                                                    "operator_cardinality": 4574495,
                                                                                                    "cumulative_rows_scanned": 5110826,
                                                                                                    "operator_rows_scanned": 0,
                                                                                                    "operator_timing": 0.04925277099999998,
                                                                                                    "result_set_size": 164681820,
                                                                                                    "children": [
                                                                                                        {
                                                                                                            "operator_name": "HASH_JOIN",
                                                                                                            "cpu_time": 0.4818912430000005,
                                                                                                            "extra_info": {
                                                                                                                "Join Type": "RIGHT",
                                                                                                                "Conditions": "owneruserid = id",
                                                                                                                "Estimated Cardinality": "3850116"
                                                                                                            },
                                                                                                            "cumulative_cardinality": 9520621,
                                                                                                            "operator_type": "HASH_JOIN",
                                                                                                            "operator_cardinality": 4574495,
                                                                                                            "cumulative_rows_scanned": 5110826,
                                                                                                            "operator_rows_scanned": 0,
                                                                                                            "operator_timing": 0.2685440600000005,
                                                                                                            "result_set_size": 137234850,
                                                                                                            "children": [
                                                                                                                {
                                                                                                                    "operator_name": "READ_PARQUET ",
                                                                                                                    "cpu_time": 0.1356356579999999,
                                                                                                                    "extra_info": {
                                                                                                                        "Function": "READ_PARQUET",
                                                                                                                        "Projections": [
                                                                                                                            "id",
                                                                                                                            "posttypeid",
                                                                                                                            "score",
                                                                                                                            "owneruserid"
                                                                                                                        ],
                                                                                                                        "Estimated Cardinality": "3850116"
                                                                                                                    },
                                                                                                                    "cumulative_cardinality": 3685416,
                                                                                                                    "operator_type": "TABLE_SCAN",
                                                                                                                    "operator_cardinality": 3685416,
                                                                                                                    "cumulative_rows_scanned": 3850116,
                                                                                                                    "operator_rows_scanned": 3850116,
                                                                                                                    "operator_timing": 0.1356356579999999,
                                                                                                                    "result_set_size": 51595824,
                                                                                                                    "children": []
                                                                                                                },
                                                                                                                {
                                                                                                                    "operator_name": "READ_PARQUET ",
                                                                                                                    "cpu_time": 0.07771152500000011,
                                                                                                                    "extra_info": {
                                                                                                                        "Function": "READ_PARQUET",
                                                                                                                        "Projections": [
                                                                                                                            "id",
                                                                                                                            "displayname"
                                                                                                                        ],
                                                                                                                        "Estimated Cardinality": "1260710"
                                                                                                                    },
                                                                                                                    "cumulative_cardinality": 1260710,
                                                                                                                    "operator_type": "TABLE_SCAN",
                                                                                                                    "operator_cardinality": 1260710,
                                                                                                                    "cumulative_rows_scanned": 1260710,
                                                                                                                    "operator_rows_scanned": 1260710,
                                                                                                                    "operator_timing": 0.07771152500000011,
                                                                                                                    "result_set_size": 25214200,
                                                                                                                    "children": []
                                                                                                                }
                                                                                                            ]
                                                                                                        }
                                                                                                    ]
                                                                                                }
                                                                                            ]
                                                                                        }
                                                                                    ]
                                                                                }
                                                                            ]
                                                                        }
                                                                    ]
                                                                }
                                                            ]
                                                        }
                                                    ]
                                                }
                                            ]
                                        }
                                    ]
                                }
                            ]
                        }
                    ]
                }
            ]
        }
    ]
}