{
    "rows_returned": 0,
    "query_name": "\nWITH UserVoteStats AS (\n    SELECT \n        U.Id AS UserId,\n        U.DisplayName,\n        SUM(CASE WHEN V.VoteTypeId = 2 THEN 1 ELSE 0 END) AS UpVotes,\n        SUM(CASE WHEN V.VoteTypeId = 3 THEN 1 ELSE 0 END) AS DownVotes,\n        COUNT(DISTINCT P.Id) AS TotalPosts\n    FROM \n        Users U\n    LEFT JOIN \n        Votes V ON U.Id = V.UserId\n    LEFT JOIN \n        Posts P ON V.PostId = P.Id\n    GROUP BY \n        U.Id, U.DisplayName\n),\nPostWithMaxVotes AS (\n    SELECT \n        P.Id AS PostId,\n        COUNT(DISTINCT V.Id) AS VoteCount,\n        ROW_NUMBER() OVER(PARTITION BY P.OwnerUserId ORDER BY COUNT(DISTINCT V.Id) DESC) AS Rank\n    FROM \n        Posts P\n    LEFT JOIN \n        Votes V ON P.Id = V.PostId\n    GROUP BY \n        P.Id, P.OwnerUserId\n),\nClosedPosts AS (\n    SELECT \n        PH.PostId,\n        PH.CreationDate AS CloseDate,\n        C.Name AS CloseReason\n    FROM \n        PostHistory PH\n    JOIN \n        CloseReasonTypes C ON CAST(PH.Comment AS INTEGER) = C.Id\n    WHERE \n        PH.PostHistoryTypeId = 10\n)\nSELECT \n    U.DisplayName AS UserName,\n    U.TotalPosts,\n    U.UpVotes,\n    U.DownVotes,\n    P.Title AS TopPostTitle,\n    PM.VoteCount,\n    CP.CloseDate,\n    CP.CloseReason\nFROM \n    UserVoteStats U\nLEFT JOIN \n    PostWithMaxVotes PM ON U.UserId = PM.PostId\nLEFT JOIN \n    Posts P ON PM.PostId = P.Id\nLEFT JOIN \n    ClosedPosts CP ON P.Id = CP.PostId\nWHERE \n    U.TotalPosts > 0 \n    AND (U.UpVotes - U.DownVotes) > 10\nORDER BY \n    U.UpVotes DESC, U.DisplayName;\n",
    "blocked_thread_time": 0.0,
    "cpu_time": 6.138097187999995,
    "extra_info": {},
    "cumulative_cardinality": 57546116,
    "cumulative_rows_scanned": 50094500,
    "result_set_size": 0,
    "latency": 8.084432228,
    "children": [
        {
            "operator_name": "ORDER_BY",
            "cpu_time": 6.138097187999995,
            "extra_info": {
                "Order By": [
                    "U.UpVotes DESC",
                    "U.DisplayName ASC"
                ]
            },
            "cumulative_cardinality": 57546116,
            "operator_type": "ORDER_BY",
            "operator_cardinality": 0,
            "cumulative_rows_scanned": 50094500,
            "operator_rows_scanned": 0,
            "operator_timing": 2.71e-7,
            "result_set_size": 0,
            "children": [
                {
                    "operator_name": "PROJECTION",
                    "cpu_time": 6.138096916999995,
                    "extra_info": {
                        "Projections": [
                            "UserName",
                            "TotalPosts",
                            "UpVotes",
                            "DownVotes",
                            "TopPostTitle",
                            "VoteCount",
                            "CloseDate",
                            "CloseReason"
                        ],
                        "Estimated Cardinality": "3850116"
                    },
                    "cumulative_cardinality": 57546116,
                    "operator_type": "PROJECTION",
                    "operator_cardinality": 0,
                    "cumulative_rows_scanned": 50094500,
                    "operator_rows_scanned": 0,
                    "operator_timing": 0.0,
                    "result_set_size": 0,
                    "children": [
                        {
                            "operator_name": "HASH_JOIN",
                            "cpu_time": 6.138096916999995,
                            "extra_info": {
                                "Join Type": "LEFT",
                                "Conditions": "id = postid",
                                "Estimated Cardinality": "3850116"
                            },
                            "cumulative_cardinality": 57546116,
                            "operator_type": "HASH_JOIN",
                            "operator_cardinality": 0,
                            "cumulative_rows_scanned": 50094500,
                            "operator_rows_scanned": 0,
                            "operator_timing": 0.010248344,
                            "result_set_size": 0,
                            "children": [
                                {
                                    "operator_name": "HASH_JOIN",
                                    "cpu_time": 5.145431941999993,
                                    "extra_info": {
                                        "Join Type": "LEFT",
                                        "Conditions": "PostId = id",
                                        "Estimated Cardinality": "3850116"
                                    },
                                    "cumulative_cardinality": 57303176,
                                    "operator_type": "HASH_JOIN",
                                    "operator_cardinality": 0,
                                    "cumulative_rows_scanned": 38299244,
                                    "operator_rows_scanned": 0,
                                    "operator_timing": 0.40824240999999994,
                                    "result_set_size": 0,
                                    "children": [
                                        {
                                            "operator_name": "HASH_JOIN",
                                            "cpu_time": 4.278771241999994,
                                            "extra_info": {
                                                "Join Type": "RIGHT",
                                                "Conditions": "PostId = UserId",
                                                "Estimated Cardinality": "3850116"
                                            },
                                            "cumulative_cardinality": 53453060,
                                            "operator_type": "HASH_JOIN",
                                            "operator_cardinality": 0,
                                            "cumulative_rows_scanned": 34449128,
                                            "operator_rows_scanned": 0,
                                            "operator_timing": 0.000021850999999999998,
                                            "result_set_size": 0,
                                            "children": [
                                                {
                                                    "operator_name": "PROJECTION",
                                                    "cpu_time": 2.9739862139999946,
                                                    "extra_info": {
                                                        "Projections": [
                                                            "PostId",
                                                            "VoteCount"
                                                        ],
                                                        "Estimated Cardinality": "3850116"
                                                    },
                                                    "cumulative_cardinality": 43162881,
                                                    "operator_type": "PROJECTION",
                                                    "operator_cardinality": 2048,
                                                    "cumulative_rows_scanned": 16594209,
                                                    "operator_rows_scanned": 0,
                                                    "operator_timing": 1.9e-7,
                                                    "result_set_size": 24576,
                                                    "children": [
                                                        {
                                                            "operator_name": "PROJECTION",
                                                            "cpu_time": 2.9739860239999945,
                                                            "extra_info": {
                                                                "Projections": [
                                                                    "#0",
                                                                    "#1",
                                                                    "#2",
                                                                    "#3"
                                                                ],
                                                                "Estimated Cardinality": "3850116"
                                                            },
                                                            "cumulative_cardinality": 43160833,
                                                            "operator_type": "PROJECTION",
                                                            "operator_cardinality": 2048,
                                                            "cumulative_rows_scanned": 16594209,
                                                            "operator_rows_scanned": 0,
                                                            "operator_timing": 6.41e-7,
                                                            "result_set_size": 49152,
                                                            "children": [
                                                                {
                                                                    "operator_name": "WINDOW",
                                                                    "cpu_time": 2.9739853829999943,
                                                                    "extra_info": {
                                                                        "Projections": "ROW_NUMBER() OVER (PARTITION BY owneruserid ORDER BY count(DISTINCT id) DESC NULLS LAST)"
                                                                    },
                                                                    "cumulative_cardinality": 43158785,
                                                                    "operator_type": "WINDOW",
                                                                    "operator_cardinality": 2048,
                                                                    "cumulative_rows_scanned": 16594209,
                                                                    "operator_rows_scanned": 0,
                                                                    "operator_timing": 0.526335342,
                                                                    "result_set_size": 49152,
                                                                    "children": [
                                                                        {
                                                                            "operator_name": "HASH_GROUP_BY",
                                                                            "cpu_time": 2.4476500409999944,
                                                                            "extra_info": {
                                                                                "Groups": [
                                                                                    "#0",
                                                                                    "#1"
                                                                                ],
                                                                                "Aggregates": "count(DISTINCT #2)",
                                                                                "Estimated Cardinality": "3850116"
                                                                            },
                                                                            "cumulative_cardinality": 43156737,
                                                                            "operator_type": "HASH_GROUP_BY",
                                                                            "operator_cardinality": 3850116,
                                                                            "cumulative_rows_scanned": 16594209,
                                                                            "operator_rows_scanned": 0,
                                                                            "operator_timing": 1.4195859099999988,
                                                                            "result_set_size": 61601856,
                                                                            "children": [
                                                                                {
                                                                                    "operator_name": "PROJECTION",
                                                                                    "cpu_time": 1.0280641309999956,
                                                                                    "extra_info": {
                                                                                        "Projections": [
                                                                                            "id",
                                                                                            "owneruserid",
                                                                                            "id"
                                                                                        ],
                                                                                        "Estimated Cardinality": "12744093"
                                                                                    },
                                                                                    "cumulative_cardinality": 39306621,
                                                                                    "operator_type": "PROJECTION",
                                                                                    "operator_cardinality": 11356206,
                                                                                    "cumulative_rows_scanned": 16594209,
                                                                                    "operator_rows_scanned": 0,
                                                                                    "operator_timing": 0.0018992349999999724,
                                                                                    "result_set_size": 136274472,
                                                                                    "children": [
                                                                                        {
                                                                                            "operator_name": "HASH_JOIN",
                                                                                            "cpu_time": 1.0261648959999956,
                                                                                            "extra_info": {
                                                                                                "Join Type": "RIGHT",
                                                                                                "Conditions": "postid = id",
                                                                                                "Estimated Cardinality": "12744093"
                                                                                            },
                                                                                            "cumulative_cardinality": 27950415,
                                                                                            "operator_type": "HASH_JOIN",
                                                                                            "operator_cardinality": 11356206,
                                                                                            "cumulative_rows_scanned": 16594209,
                                                                                            "operator_rows_scanned": 0,
                                                                                            "operator_timing": 0.7474820299999965,
                                                                                            "result_set_size": 136274472,
                                                                                            "children": [
                                                                                                {
                                                                                                    "operator_name": "READ_PARQUET ",
                                                                                                    "cpu_time": 0.23490612299999916,
                                                                                                    "extra_info": {
                                                                                                        "Function": "READ_PARQUET",
                                                                                                        "Projections": [
                                                                                                            "id",
                                                                                                            "postid"
                                                                                                        ],
                                                                                                        "Estimated Cardinality": "12744093"
                                                                                                    },
                                                                                                    "cumulative_cardinality": 12744093,
                                                                                                    "operator_type": "TABLE_SCAN",
                                                                                                    "operator_cardinality": 12744093,
                                                                                                    "cumulative_rows_scanned": 12744093,
                                                                                                    "operator_rows_scanned": 12744093,
                                                                                                    "operator_timing": 0.23490612299999916,
                                                                                                    "result_set_size": 101952744,
                                                                                                    "children": []
                                                                                                },
                                                                                                {
                                                                                                    "operator_name": "READ_PARQUET ",
                                                                                                    "cpu_time": 0.04377674299999996,
                                                                                                    "extra_info": {
                                                                                                        "Function": "READ_PARQUET",
                                                                                                        "Projections": [
                                                                                                            "id",
                                                                                                            "owneruserid"
                                                                                                        ],
                                                                                                        "Estimated Cardinality": "3850116"
                                                                                                    },
                                                                                                    "cumulative_cardinality": 3850116,
                                                                                                    "operator_type": "TABLE_SCAN",
                                                                                                    "operator_cardinality": 3850116,
                                                                                                    "cumulative_rows_scanned": 3850116,
                                                                                                    "operator_rows_scanned": 3850116,
                                                                                                    "operator_timing": 0.04377674299999996,
                                                                                                    "result_set_size": 30800928,
                                                                                                    "children": []
                                                                                                }
                                                                                            ]
                                                                                        }
                                                                                    ]
                                                                                }
                                                                            ]
                                                                        }
                                                                    ]
                                                                }
                                                            ]
                                                        }
                                                    ]
                                                },
                                                {
                                                    "operator_name": "FILTER",
                                                    "cpu_time": 1.3047631769999997,
                                                    "extra_info": {
                                                        "Expression": "((UpVotes - DownVotes) > 10)",
                                                        "Estimated Cardinality": "252142"
                                                    },
                                                    "cumulative_cardinality": 10290179,
                                                    "operator_type": "FILTER",
                                                    "operator_cardinality": 0,
                                                    "cumulative_rows_scanned": 17854919,
                                                    "operator_rows_scanned": 0,
                                                    "operator_timing": 0.00014484199999999998,
                                                    "result_set_size": 0,
                                                    "children": [
                                                        {
                                                            "operator_name": "FILTER",
                                                            "cpu_time": 1.3046183349999996,
                                                            "extra_info": {
                                                                "Expression": "(TotalPosts > 0)",
                                                                "Estimated Cardinality": "252142"
                                                            },
                                                            "cumulative_cardinality": 10290179,
                                                            "operator_type": "FILTER",
                                                            "operator_cardinality": 11791,
                                                            "cumulative_rows_scanned": 17854919,
                                                            "operator_rows_scanned": 0,
                                                            "operator_timing": 0.001912938000000002,
                                                            "result_set_size": 707460,
                                                            "children": [
                                                                {
                                                                    "operator_name": "HASH_GROUP_BY",
                                                                    "cpu_time": 1.3027053969999995,
                                                                    "extra_info": {
                                                                        "Groups": [
                                                                            "#0",
                                                                            "#1"
                                                                        ],
                                                                        "Aggregates": [
                                                                            "sum(#2)",
                                                                            "sum(#3)",
                                                                            "count(DISTINCT #4)"
                                                                        ],
                                                                        "Estimated Cardinality": "1260710"
                                                                    },
                                                                    "cumulative_cardinality": 10278388,
                                                                    "operator_type": "HASH_GROUP_BY",
                                                                    "operator_cardinality": 1260710,
                                                                    "cumulative_rows_scanned": 17854919,
                                                                    "operator_rows_scanned": 0,
                                                                    "operator_timing": 0.6244465350000001,
                                                                    "result_set_size": 75642600,
                                                                    "children": [
                                                                        {
                                                                            "operator_name": "PROJECTION",
                                                                            "cpu_time": 0.6782588619999995,
                                                                            "extra_info": {
                                                                                "Projections": [
                                                                                    "id",
                                                                                    "displayname",
                                                                                    "CASE  WHEN ((votetypeid = 2)) THEN (1) ELSE 0 END",
                                                                                    "CASE  WHEN ((votetypeid = 3)) THEN (1) ELSE 0 END",
                                                                                    "id"
                                                                                ],
                                                                                "Estimated Cardinality": "12744093"
                                                                            },
                                                                            "cumulative_cardinality": 9017678,
                                                                            "operator_type": "PROJECTION",
                                                                            "operator_cardinality": 1288855,
                                                                            "cumulative_rows_scanned": 17854919,
                                                                            "operator_rows_scanned": 0,
                                                                            "operator_timing": 0.0027406979999999993,
                                                                            "result_set_size": 41243360,
                                                                            "children": [
                                                                                {
                                                                                    "operator_name": "HASH_JOIN",
                                                                                    "cpu_time": 0.6755181639999995,
                                                                                    "extra_info": {
                                                                                        "Join Type": "LEFT",
                                                                                        "Conditions": "postid = id",
                                                                                        "Estimated Cardinality": "12744093"
                                                                                    },
                                                                                    "cumulative_cardinality": 7728823,
                                                                                    "operator_type": "HASH_JOIN",
                                                                                    "operator_cardinality": 1288855,
                                                                                    "cumulative_rows_scanned": 17854919,
                                                                                    "operator_rows_scanned": 0,
                                                                                    "operator_timing": 0.20856160299999996,
                                                                                    "result_set_size": 33510230,
                                                                                    "children": [
                                                                                        {
                                                                                            "operator_name": "HASH_JOIN",
                                                                                            "cpu_time": 0.4355759509999996,
                                                                                            "extra_info": {
                                                                                                "Join Type": "RIGHT",
                                                                                                "Conditions": "userid = id",
                                                                                                "Estimated Cardinality": "12744093"
                                                                                            },
                                                                                            "cumulative_cardinality": 2589852,
                                                                                            "operator_type": "HASH_JOIN",
                                                                                            "operator_cardinality": 1288855,
                                                                                            "cumulative_rows_scanned": 14004803,
                                                                                            "operator_rows_scanned": 0,
                                                                                            "operator_timing": 0.13569232799999964,
                                                                                            "result_set_size": 33510230,
                                                                                            "children": [
                                                                                                {
                                                                                                    "operator_name": "READ_PARQUET ",
                                                                                                    "cpu_time": 0.21178094799999994,
                                                                                                    "extra_info": {
                                                                                                        "Function": "READ_PARQUET",
                                                                                                        "Projections": [
                                                                                                            "postid",
                                                                                                            "votetypeid",
                                                                                                            "userid"
                                                                                                        ],
                                                                                                        "Estimated Cardinality": "12744093"
                                                                                                    },
                                                                                                    "cumulative_cardinality": 40287,
                                                                                                    "operator_type": "TABLE_SCAN",
                                                                                                    "operator_cardinality": 40287,
                                                                                                    "cumulative_rows_scanned": 12744093,
                                                                                                    "operator_rows_scanned": 12744093,
                                                                                                    "operator_timing": 0.21178094799999994,
                                                                                                    "result_set_size": 402870,
                                                                                                    "children": []
                                                                                                },
                                                                                                {
                                                                                                    "operator_name": "READ_PARQUET ",
                                                                                                    "cpu_time": 0.088102675,
                                                                                                    "extra_info": {
                                                                                                        "Function": "READ_PARQUET",
                                                                                                        "Projections": [
                                                                                                            "id",
                                                                                                            "displayname"
                                                                                                        ],
                                                                                                        "Estimated Cardinality": "1260710"
                                                                                                    },
                                                                                                    "cumulative_cardinality": 1260710,
                                                                                                    "operator_type": "TABLE_SCAN",
                                                                                                    "operator_cardinality": 1260710,
                                                                                                    "cumulative_rows_scanned": 1260710,
                                                                                                    "operator_rows_scanned": 1260710,
                                                                                                    "operator_timing": 0.088102675,
                                                                                                    "result_set_size": 25214200,
                                                                                                    "children": []
                                                                                                }
                                                                                            ]
                                                                                        },
                                                                                        {
                                                                                            "operator_name": "READ_PARQUET ",
                                                                                            "cpu_time": 0.031380610000000024,
                                                                                            "extra_info": {
                                                                                                "Function": "READ_PARQUET",
                                                                                                "Projections": "id",
                                                                                                "Estimated Cardinality": "3850116"
                                                                                            },
                                                                                            "cumulative_cardinality": 3850116,
                                                                                            "operator_type": "TABLE_SCAN",
                                                                                            "operator_cardinality": 3850116,
                                                                                            "cumulative_rows_scanned": 3850116,
                                                                                            "operator_rows_scanned": 3850116,
                                                                                            "operator_timing": 0.031380610000000024,
                                                                                            "result_set_size": 15400464,
                                                                                            "children": []
                                                                                        }
                                                                                    ]
                                                                                }
                                                                            ]
                                                                        }
                                                                    ]
                                                                }
                                                            ]
                                                        }
                                                    ]
                                                }
                                            ]
                                        },
                                        {
                                            "operator_name": "READ_PARQUET ",
                                            "cpu_time": 0.4584182899999995,
                                            "extra_info": {
                                                "Function": "READ_PARQUET",
                                                "Projections": [
                                                    "id",
                                                    "title"
                                                ],
                                                "Estimated Cardinality": "3850116"
                                            },
                                            "cumulative_cardinality": 3850116,
                                            "operator_type": "TABLE_SCAN",
                                            "operator_cardinality": 3850116,
                                            "cumulative_rows_scanned": 3850116,
                                            "operator_rows_scanned": 3850116,
                                            "operator_timing": 0.4584182899999995,
                                            "result_set_size": 77002320,
                                            "children": []
                                        }
                                    ]
                                },
                                {
                                    "operator_name": "HASH_JOIN",
                                    "cpu_time": 0.9824166310000025,
                                    "extra_info": {
                                        "Join Type": "INNER",
                                        "Conditions": "CAST(comment AS INTEGER) = CAST(id AS INTEGER)",
                                        "Estimated Cardinality": "2359048"
                                    },
                                    "cumulative_cardinality": 242940,
                                    "operator_type": "HASH_JOIN",
                                    "operator_cardinality": 121464,
                                    "cumulative_rows_scanned": 11795256,
                                    "operator_rows_scanned": 0,
                                    "operator_timing": 0.06335864899999955,
                                    "result_set_size": 3400992,
                                    "children": [
                                        {
                                            "operator_name": "READ_PARQUET ",
                                            "cpu_time": 0.918457952000003,
                                            "extra_info": {
                                                "Function": "READ_PARQUET",
                                                "Projections": [
                                                    "postid",
                                                    "creationdate",
                                                    "comment"
                                                ],
                                                "Filters": "posthistorytypeid=10",
                                                "Estimated Cardinality": "2359048"
                                            },
                                            "cumulative_cardinality": 121464,
                                            "operator_type": "TABLE_SCAN",
                                            "operator_cardinality": 121464,
                                            "cumulative_rows_scanned": 11795244,
                                            "operator_rows_scanned": 11795244,
                                            "operator_timing": 0.918457952000003,
                                            "result_set_size": 3400992,
                                            "children": []
                                        },
                                        {
                                            "operator_name": "READ_PARQUET ",
                                            "cpu_time": 0.0006000300000000001,
                                            "extra_info": {
                                                "Function": "READ_PARQUET",
                                                "Projections": [
                                                    "id",
                                                    "name"
                                                ],
                                                "Estimated Cardinality": "12"
                                            },
                                            "cumulative_cardinality": 12,
                                            "operator_type": "TABLE_SCAN",
                                            "operator_cardinality": 12,
                                            "cumulative_rows_scanned": 12,
                                            "operator_rows_scanned": 12,
                                            "operator_timing": 0.0006000300000000001,
                                            "result_set_size": 216,
                                            "children": []
                                        }
                                    ]
                                }
                            ]
                        }
                    ]
                }
            ]
        }
    ]
}