{
    "rows_returned": 455,
    "query_name": "WITH RecursiveCTE AS (\n    SELECT \n        p.Id AS PostId,\n        p.Title,\n        p.OwnerUserId,\n        p.CreationDate,\n        ROW_NUMBER() OVER (PARTITION BY p.OwnerUserId ORDER BY p.CreationDate) AS OwnerPostNumber\n    FROM \n        Posts p\n    WHERE \n        p.PostTypeId = 1 \n),\nRecentUserPosts AS (\n    SELECT \n        u.Id AS UserId,\n        u.DisplayName,\n        COUNT(r.PostId) AS RecentPostCount,\n        AVG(EXTRACT(EPOCH FROM (cast('2024-10-01 12:34:56' as timestamp) - r.CreationDate)) / 3600) AS AvgAgeInHours\n    FROM \n        Users u\n    LEFT JOIN \n        RecursiveCTE r ON u.Id = r.OwnerUserId\n    WHERE \n        u.CreationDate > cast('2024-10-01 12:34:56' as timestamp) - INTERVAL '1 year'\n    GROUP BY \n        u.Id, u.DisplayName\n),\nJoinWithVotes AS (\n    SELECT \n        r.*,\n        v.VoteCount,\n        COALESCE(v.UpVoteCount, 0) AS UpVoteCount,\n        COALESCE(v.DownVoteCount, 0) AS DownVoteCount\n    FROM \n        RecentUserPosts r\n    LEFT JOIN (\n        SELECT \n            p.OwnerUserId,\n            COUNT(v.Id) AS VoteCount,\n            SUM(CASE WHEN v.VoteTypeId = 2 THEN 1 ELSE 0 END) AS UpVoteCount,\n            SUM(CASE WHEN v.VoteTypeId = 3 THEN 1 ELSE 0 END) AS DownVoteCount\n        FROM \n            Posts p\n        JOIN \n            Votes v ON p.Id = v.PostId\n        GROUP BY \n            p.OwnerUserId\n    ) v ON r.UserId = v.OwnerUserId\n),\nUserWithBadges AS (\n    SELECT \n        u.Id AS UserId,\n        u.DisplayName,\n        COUNT(b.Id) AS BadgeCount\n    FROM \n        Users u\n    LEFT JOIN \n        Badges b ON u.Id = b.UserId\n    GROUP BY \n        u.Id, u.DisplayName\n)\nSELECT \n    j.UserId,\n    j.DisplayName,\n    j.RecentPostCount,\n    j.AvgAgeInHours,\n    COALESCE(b.BadgeCount, 0) AS BadgeCount,\n    j.VoteCount,\n    j.UpVoteCount,\n    j.DownVoteCount\nFROM \n    JoinWithVotes j\nLEFT JOIN \n    UserWithBadges b ON j.UserId = b.UserId\nWHERE \n    j.RecentPostCount > 5 \nORDER BY \n    j.RecentPostCount DESC, j.AvgAgeInHours ASC;",
    "blocked_thread_time": 0.0,
    "cpu_time": 2.5709850860000025,
    "extra_info": {},
    "cumulative_cardinality": 57766700,
    "cumulative_rows_scanned": 25287469,
    "result_set_size": 38220,
    "latency": 2.816109797,
    "children": [
        {
            "operator_name": "ORDER_BY",
            "cpu_time": 2.5709850860000025,
            "extra_info": {
                "Order By": [
                    "j.RecentPostCount DESC",
                    "j.AvgAgeInHours ASC"
                ]
            },
            "cumulative_cardinality": 57766700,
            "operator_type": "ORDER_BY",
            "operator_cardinality": 455,
            "cumulative_rows_scanned": 25287469,
            "operator_rows_scanned": 0,
            "operator_timing": 0.000179316,
            "result_set_size": 38220,
            "children": [
                {
                    "operator_name": "PROJECTION",
                    "cpu_time": 2.5708057700000024,
                    "extra_info": {
                        "Projections": [
                            "UserId",
                            "displayname",
                            "RecentPostCount",
                            "AvgAgeInHours",
                            "BadgeCount",
                            "VoteCount",
                            "UpVoteCount",
                            "DownVoteCount"
                        ],
                        "Estimated Cardinality": "3850116"
                    },
                    "cumulative_cardinality": 57766245,
                    "operator_type": "PROJECTION",
                    "operator_cardinality": 455,
                    "cumulative_rows_scanned": 25287469,
                    "operator_rows_scanned": 0,
                    "operator_timing": 0.000025174999999999995,
                    "result_set_size": 38220,
                    "children": [
                        {
                            "operator_name": "HASH_JOIN",
                            "cpu_time": 2.5707805950000022,
                            "extra_info": {
                                "Join Type": "LEFT",
                                "Conditions": "UserId = UserId",
                                "Estimated Cardinality": "3850116"
                            },
                            "cumulative_cardinality": 57765790,
                            "operator_type": "HASH_JOIN",
                            "operator_cardinality": 455,
                            "cumulative_rows_scanned": 25287469,
                            "operator_rows_scanned": 0,
                            "operator_timing": 0.05119164900000002,
                            "result_set_size": 38220,
                            "children": [
                                {
                                    "operator_name": "PROJECTION",
                                    "cpu_time": 1.854557658000003,
                                    "extra_info": {
                                        "Projections": [
                                            "UserId",
                                            "displayname",
                                            "RecentPostCount",
                                            "AvgAgeInHours",
                                            "VoteCount",
                                            "UpVoteCount",
                                            "DownVoteCount"
                                        ],
                                        "Estimated Cardinality": "3850116"
                                    },
                                    "cumulative_cardinality": 45594655,
                                    "operator_type": "PROJECTION",
                                    "operator_cardinality": 455,
                                    "cumulative_rows_scanned": 21705035,
                                    "operator_rows_scanned": 0,
                                    "operator_timing": 0.000029706,
                                    "result_set_size": 34580,
                                    "children": [
                                        {
                                            "operator_name": "HASH_JOIN",
                                            "cpu_time": 1.8545279520000029,
                                            "extra_info": {
                                                "Join Type": "RIGHT",
                                                "Conditions": "owneruserid = UserId",
                                                "Estimated Cardinality": "3850116"
                                            },
                                            "cumulative_cardinality": 45594200,
                                            "operator_type": "HASH_JOIN",
                                            "operator_cardinality": 455,
                                            "cumulative_rows_scanned": 21705035,
                                            "operator_rows_scanned": 0,
                                            "operator_timing": 0.0042581860000000015,
                                            "result_set_size": 34580,
                                            "children": [
                                                {
                                                    "operator_name": "HASH_GROUP_BY",
                                                    "cpu_time": 1.3351626570000026,
                                                    "extra_info": {
                                                        "Groups": "#0",
                                                        "Aggregates": [
                                                            "count_star()",
                                                            "sum(#1)",
                                                            "sum(#2)"
                                                        ],
                                                        "Estimated Cardinality": "3850116"
                                                    },
                                                    "cumulative_cardinality": 38165570,
                                                    "operator_type": "HASH_GROUP_BY",
                                                    "operator_cardinality": 318230,
                                                    "cumulative_rows_scanned": 16594209,
                                                    "operator_rows_scanned": 0,
                                                    "operator_timing": 0.2532439980000001,
                                                    "result_set_size": 14002120,
                                                    "children": [
                                                        {
                                                            "operator_name": "PROJECTION",
                                                            "cpu_time": 1.0819186590000025,
                                                            "extra_info": {
                                                                "Projections": [
                                                                    "owneruserid",
                                                                    "CASE  WHEN ((votetypeid = 2)) THEN (1) ELSE 0 END",
                                                                    "CASE  WHEN ((votetypeid = 3)) THEN (1) ELSE 0 END"
                                                                ],
                                                                "Estimated Cardinality": "12744093"
                                                            },
                                                            "cumulative_cardinality": 37847340,
                                                            "operator_type": "PROJECTION",
                                                            "operator_cardinality": 10626567,
                                                            "cumulative_rows_scanned": 16594209,
                                                            "operator_rows_scanned": 0,
                                                            "operator_timing": 0.07636354900000007,
                                                            "result_set_size": 127518804,
                                                            "children": [
                                                                {
                                                                    "operator_name": "HASH_JOIN",
                                                                    "cpu_time": 1.0055551100000024,
                                                                    "extra_info": {
                                                                        "Join Type": "INNER",
                                                                        "Conditions": "postid = id",
                                                                        "Estimated Cardinality": "12744093"
                                                                    },
                                                                    "cumulative_cardinality": 27220773,
                                                                    "operator_type": "HASH_JOIN",
                                                                    "operator_cardinality": 10626567,
                                                                    "cumulative_rows_scanned": 16594209,
                                                                    "operator_rows_scanned": 0,
                                                                    "operator_timing": 0.6390206960000013,
                                                                    "result_set_size": 63759402,
                                                                    "children": [
                                                                        {
                                                                            "operator_name": "READ_PARQUET ",
                                                                            "cpu_time": 0.3019281820000009,
                                                                            "extra_info": {
                                                                                "Function": "READ_PARQUET",
                                                                                "Projections": [
                                                                                    "id",
                                                                                    "postid",
                                                                                    "votetypeid"
                                                                                ],
                                                                                "Estimated Cardinality": "12744093"
                                                                            },
                                                                            "cumulative_cardinality": 12744093,
                                                                            "operator_type": "TABLE_SCAN",
                                                                            "operator_cardinality": 12744093,
                                                                            "cumulative_rows_scanned": 12744093,
                                                                            "operator_rows_scanned": 12744093,
                                                                            "operator_timing": 0.3019281820000009,
                                                                            "result_set_size": 127440930,
                                                                            "children": []
                                                                        },
                                                                        {
                                                                            "operator_name": "READ_PARQUET ",
                                                                            "cpu_time": 0.0646062320000002,
                                                                            "extra_info": {
                                                                                "Function": "READ_PARQUET",
                                                                                "Projections": [
                                                                                    "id",
                                                                                    "owneruserid"
                                                                                ],
                                                                                "Filters": "id<=4978525",
                                                                                "Estimated Cardinality": "3850116"
                                                                            },
                                                                            "cumulative_cardinality": 3850113,
                                                                            "operator_type": "TABLE_SCAN",
                                                                            "operator_cardinality": 3850113,
                                                                            "cumulative_rows_scanned": 3850116,
                                                                            "operator_rows_scanned": 3850116,
                                                                            "operator_timing": 0.0646062320000002,
                                                                            "result_set_size": 30800904,
                                                                            "children": []
                                                                        }
                                                                    ]
                                                                }
                                                            ]
                                                        }
                                                    ]
                                                },
                                                {
                                                    "operator_name": "FILTER",
                                                    "cpu_time": 0.5151071090000003,
                                                    "extra_info": {
                                                        "Expression": "(RecentPostCount > 5)",
                                                        "Estimated Cardinality": "77002"
                                                    },
                                                    "cumulative_cardinality": 7428175,
                                                    "operator_type": "FILTER",
                                                    "operator_cardinality": 455,
                                                    "cumulative_rows_scanned": 5110826,
                                                    "operator_rows_scanned": 0,
                                                    "operator_timing": 0.000281784,
                                                    "result_set_size": 16380,
                                                    "children": [
                                                        {
                                                            "operator_name": "HASH_GROUP_BY",
                                                            "cpu_time": 0.5148253250000003,
                                                            "extra_info": {
                                                                "Groups": [
                                                                    "#0",
                                                                    "#1"
                                                                ],
                                                                "Aggregates": [
                                                                    "count(#2)",
                                                                    "avg(#3)"
                                                                ],
                                                                "Estimated Cardinality": "385011"
                                                            },
                                                            "cumulative_cardinality": 7427720,
                                                            "operator_type": "HASH_GROUP_BY",
                                                            "operator_cardinality": 184173,
                                                            "cumulative_rows_scanned": 5110826,
                                                            "operator_rows_scanned": 0,
                                                            "operator_timing": 0.02799089500000001,
                                                            "result_set_size": 6630228,
                                                            "children": [
                                                                {
                                                                    "operator_name": "PROJECTION",
                                                                    "cpu_time": 0.4868344300000003,
                                                                    "extra_info": {
                                                                        "Projections": [
                                                                            "id",
                                                                            "displayname",
                                                                            "PostId",
                                                                            "(epoch(('2024-10-01 12:34:56'::TIMESTAMP - creationdate)) / 3600.0)"
                                                                        ],
                                                                        "Estimated Cardinality": "770023"
                                                                    },
                                                                    "cumulative_cardinality": 7243547,
                                                                    "operator_type": "PROJECTION",
                                                                    "operator_cardinality": 193359,
                                                                    "cumulative_rows_scanned": 5110826,
                                                                    "operator_rows_scanned": 0,
                                                                    "operator_timing": 0.00039353300000000006,
                                                                    "result_set_size": 6187488,
                                                                    "children": [
                                                                        {
                                                                            "operator_name": "HASH_JOIN",
                                                                            "cpu_time": 0.4864408970000003,
                                                                            "extra_info": {
                                                                                "Join Type": "RIGHT",
                                                                                "Conditions": "owneruserid = id",
                                                                                "Estimated Cardinality": "770023"
                                                                            },
                                                                            "cumulative_cardinality": 7050188,
                                                                            "operator_type": "HASH_JOIN",
                                                                            "operator_cardinality": 193359,
                                                                            "cumulative_rows_scanned": 5110826,
                                                                            "operator_rows_scanned": 0,
                                                                            "operator_timing": 0.03108803900000003,
                                                                            "result_set_size": 6187488,
                                                                            "children": [
                                                                                {
                                                                                    "operator_name": "PROJECTION",
                                                                                    "cpu_time": 0.4359178810000003,
                                                                                    "extra_info": {
                                                                                        "Projections": [
                                                                                            "PostId",
                                                                                            "owneruserid",
                                                                                            "creationdate"
                                                                                        ],
                                                                                        "Estimated Cardinality": "770023"
                                                                                    },
                                                                                    "cumulative_cardinality": 6672656,
                                                                                    "operator_type": "PROJECTION",
                                                                                    "operator_cardinality": 1668164,
                                                                                    "cumulative_rows_scanned": 3850116,
                                                                                    "operator_rows_scanned": 0,
                                                                                    "operator_timing": 0.00011521599999999996,
                                                                                    "result_set_size": 26690624,
                                                                                    "children": [
                                                                                        {
                                                                                            "operator_name": "PROJECTION",
                                                                                            "cpu_time": 0.4358026650000003,
                                                                                            "extra_info": {
                                                                                                "Projections": [
                                                                                                    "#0",
                                                                                                    "#1",
                                                                                                    "#2",
                                                                                                    "#3"
                                                                                                ],
                                                                                                "Estimated Cardinality": "770023"
                                                                                            },
                                                                                            "cumulative_cardinality": 5004492,
                                                                                            "operator_type": "PROJECTION",
                                                                                            "operator_cardinality": 1668164,
                                                                                            "cumulative_rows_scanned": 3850116,
                                                                                            "operator_rows_scanned": 0,
                                                                                            "operator_timing": 0.0001328489999999995,
                                                                                            "result_set_size": 40035936,
                                                                                            "children": [
                                                                                                {
                                                                                                    "operator_name": "WINDOW",
                                                                                                    "cpu_time": 0.4356698160000003,
                                                                                                    "extra_info": {
                                                                                                        "Projections": "ROW_NUMBER() OVER (PARTITION BY owneruserid ORDER BY creationdate ASC NULLS LAST)"
                                                                                                    },
                                                                                                    "cumulative_cardinality": 3336328,
                                                                                                    "operator_type": "WINDOW",
                                                                                                    "operator_cardinality": 1668164,
                                                                                                    "cumulative_rows_scanned": 3850116,
                                                                                                    "operator_rows_scanned": 0,
                                                                                                    "operator_timing": 0.24336035399999995,
                                                                                                    "result_set_size": 40035936,
                                                                                                    "children": [
                                                                                                        {
                                                                                                            "operator_name": "READ_PARQUET ",
                                                                                                            "cpu_time": 0.19230946200000035,
                                                                                                            "extra_info": {
                                                                                                                "Function": "READ_PARQUET",
                                                                                                                "Projections": [
                                                                                                                    "id",
                                                                                                                    "creationdate",
                                                                                                                    "owneruserid"
                                                                                                                ],
                                                                                                                "Filters": "posttypeid=1",
                                                                                                                "Estimated Cardinality": "770023"
                                                                                                            },
                                                                                                            "cumulative_cardinality": 1668164,
                                                                                                            "operator_type": "TABLE_SCAN",
                                                                                                            "operator_cardinality": 1668164,
                                                                                                            "cumulative_rows_scanned": 3850116,
                                                                                                            "operator_rows_scanned": 3850116,
                                                                                                            "operator_timing": 0.19230946200000035,
                                                                                                            "result_set_size": 26690624,
                                                                                                            "children": []
                                                                                                        }
                                                                                                    ]
                                                                                                }
                                                                                            ]
                                                                                        }
                                                                                    ]
                                                                                },
                                                                                {
                                                                                    "operator_name": "READ_PARQUET ",
                                                                                    "cpu_time": 0.019434976999999996,
                                                                                    "extra_info": {
                                                                                        "Function": "READ_PARQUET",
                                                                                        "Projections": [
                                                                                            "id",
                                                                                            "displayname"
                                                                                        ],
                                                                                        "Filters": "creationdate>'2023-10-01 12:34:56'::TIMESTAMP",
                                                                                        "Estimated Cardinality": "252142"
                                                                                    },
                                                                                    "cumulative_cardinality": 184173,
                                                                                    "operator_type": "TABLE_SCAN",
                                                                                    "operator_cardinality": 184173,
                                                                                    "cumulative_rows_scanned": 1260710,
                                                                                    "operator_rows_scanned": 1260710,
                                                                                    "operator_timing": 0.019434976999999996,
                                                                                    "result_set_size": 3683460,
                                                                                    "children": []
                                                                                }
                                                                            ]
                                                                        }
                                                                    ]
                                                                }
                                                            ]
                                                        }
                                                    ]
                                                }
                                            ]
                                        }
                                    ]
                                },
                                {
                                    "operator_name": "PROJECTION",
                                    "cpu_time": 0.6650312879999996,
                                    "extra_info": {
                                        "Projections": [
                                            "UserId",
                                            "BadgeCount"
                                        ],
                                        "Estimated Cardinality": "1260710"
                                    },
                                    "cumulative_cardinality": 12170680,
                                    "operator_type": "PROJECTION",
                                    "operator_cardinality": 1260710,
                                    "cumulative_rows_scanned": 3582434,
                                    "operator_rows_scanned": 0,
                                    "operator_timing": 0.00008470899999999999,
                                    "result_set_size": 15128520,
                                    "children": [
                                        {
                                            "operator_name": "HASH_GROUP_BY",
                                            "cpu_time": 0.6649465789999995,
                                            "extra_info": {
                                                "Groups": [
                                                    "#0",
                                                    "#1"
                                                ],
                                                "Aggregates": "count(#2)",
                                                "Estimated Cardinality": "1260710"
                                            },
                                            "cumulative_cardinality": 10909970,
                                            "operator_type": "HASH_GROUP_BY",
                                            "operator_cardinality": 1260710,
                                            "cumulative_rows_scanned": 3582434,
                                            "operator_rows_scanned": 0,
                                            "operator_timing": 0.3116147629999999,
                                            "result_set_size": 35299880,
                                            "children": [
                                                {
                                                    "operator_name": "PROJECTION",
                                                    "cpu_time": 0.35333181599999963,
                                                    "extra_info": {
                                                        "Projections": [
                                                            "id",
                                                            "displayname",
                                                            "id"
                                                        ],
                                                        "Estimated Cardinality": "2321724"
                                                    },
                                                    "cumulative_cardinality": 9649260,
                                                    "operator_type": "PROJECTION",
                                                    "operator_cardinality": 3033413,
                                                    "cumulative_rows_scanned": 3582434,
                                                    "operator_rows_scanned": 0,
                                                    "operator_timing": 0.0004440530000000012,
                                                    "result_set_size": 72801912,
                                                    "children": [
                                                        {
                                                            "operator_name": "HASH_JOIN",
                                                            "cpu_time": 0.35288776299999963,
                                                            "extra_info": {
                                                                "Join Type": "RIGHT",
                                                                "Conditions": "userid = id",
                                                                "Estimated Cardinality": "2321724"
                                                            },
                                                            "cumulative_cardinality": 6615847,
                                                            "operator_type": "HASH_JOIN",
                                                            "operator_cardinality": 3033413,
                                                            "cumulative_rows_scanned": 3582434,
                                                            "operator_rows_scanned": 0,
                                                            "operator_timing": 0.2266015039999998,
                                                            "result_set_size": 72801912,
                                                            "children": [
                                                                {
                                                                    "operator_name": "READ_PARQUET ",
                                                                    "cpu_time": 0.04886462399999994,
                                                                    "extra_info": {
                                                                        "Function": "READ_PARQUET",
                                                                        "Projections": [
                                                                            "id",
                                                                            "userid"
                                                                        ],
                                                                        "Estimated Cardinality": "2321724"
                                                                    },
                                                                    "cumulative_cardinality": 2321724,
                                                                    "operator_type": "TABLE_SCAN",
                                                                    "operator_cardinality": 2321724,
                                                                    "cumulative_rows_scanned": 2321724,
                                                                    "operator_rows_scanned": 2321724,
                                                                    "operator_timing": 0.04886462399999994,
                                                                    "result_set_size": 18573792,
                                                                    "children": []
                                                                },
                                                                {
                                                                    "operator_name": "READ_PARQUET ",
                                                                    "cpu_time": 0.07742163499999992,
                                                                    "extra_info": {
                                                                        "Function": "READ_PARQUET",
                                                                        "Projections": [
                                                                            "id",
                                                                            "displayname"
                                                                        ],
                                                                        "Estimated Cardinality": "1260710"
                                                                    },
                                                                    "cumulative_cardinality": 1260710,
                                                                    "operator_type": "TABLE_SCAN",
                                                                    "operator_cardinality": 1260710,
                                                                    "cumulative_rows_scanned": 1260710,
                                                                    "operator_rows_scanned": 1260710,
                                                                    "operator_timing": 0.07742163499999992,
                                                                    "result_set_size": 25214200,
                                                                    "children": []
                                                                }
                                                            ]
                                                        }
                                                    ]
                                                }
                                            ]
                                        }
                                    ]
                                }
                            ]
                        }
                    ]
                }
            ]
        }
    ]
}