{
    "rows_returned": 631,
    "query_name": "WITH RecentPosts AS (\n    SELECT\n        p.Id AS PostId,\n        p.Title,\n        p.CreationDate,\n        p.OwnerUserId,\n        p.Score,\n        p.Tags,\n        ROW_NUMBER() OVER (PARTITION BY p.OwnerUserId ORDER BY p.CreationDate DESC) AS UserPostRank\n    FROM\n        Posts p\n    WHERE\n        p.CreationDate >= cast('2024-10-01 12:34:56' as timestamp) - INTERVAL '1 year'\n),\nAverageScores AS (\n    SELECT\n        OwnerUserId,\n        AVG(Score) AS AvgScore\n    FROM\n        Posts\n    GROUP BY\n        OwnerUserId\n),\nTopBadges AS (\n    SELECT \n        b.UserId,\n        COUNT(*) AS BadgeCount\n    FROM \n        Badges b\n    WHERE \n        b.Class = 1 \n    GROUP BY \n        b.UserId\n),\nUserStats AS (\n    SELECT\n        u.Id AS UserId,\n        u.DisplayName,\n        COALESCE(rp.RecentPostCount, 0) AS RecentPostCount,\n        COALESCE(ascores.AvgScore, 0) AS AverageScore,\n        COALESCE(tb.BadgeCount, 0) AS GoldBadgeCount,\n        CASE \n            WHEN u.Reputation > 1000 THEN 'High Reputation'\n            WHEN u.Reputation BETWEEN 500 AND 1000 THEN 'Medium Reputation'\n            ELSE 'Low Reputation'\n        END AS ReputationCategory\n    FROM \n        Users u\n    LEFT JOIN (\n        SELECT\n            OwnerUserId,\n            COUNT(*) AS RecentPostCount\n        FROM RecentPosts\n        GROUP BY OwnerUserId\n    ) rp ON u.Id = rp.OwnerUserId\n    LEFT JOIN AverageScores ascores ON u.Id = ascores.OwnerUserId\n    LEFT JOIN TopBadges tb ON u.Id = tb.UserId\n)\nSELECT \n    us.DisplayName,\n    us.RecentPostCount,\n    us.AverageScore,\n    us.GoldBadgeCount,\n    us.ReputationCategory,\n    COUNT(v.Id) AS TotalVotes,\n    COALESCE(SUM(CASE WHEN v.VoteTypeId = 2 THEN 1 ELSE 0 END), 0) AS UpVotes,\n    COALESCE(SUM(CASE WHEN v.VoteTypeId = 3 THEN 1 ELSE 0 END), 0) AS DownVotes\nFROM\n    UserStats us\nLEFT JOIN\n    Votes v ON us.UserId = v.UserId\nGROUP BY \n    us.UserId, us.DisplayName, us.RecentPostCount, us.AverageScore, us.GoldBadgeCount, us.ReputationCategory\nHAVING \n    COUNT(v.Id) >= 10 \nORDER BY \n    us.AverageScore DESC, us.RecentPostCount DESC;",
    "blocked_thread_time": 0.0,
    "cpu_time": 1.3716807979999988,
    "extra_info": {},
    "cumulative_cardinality": 19099789,
    "cumulative_rows_scanned": 24026759,
    "result_set_size": 60576,
    "latency": 1.49500279,
    "children": [
        {
            "operator_name": "ORDER_BY",
            "cpu_time": 1.3716807979999988,
            "extra_info": {
                "Order By": [
                    "us.AverageScore DESC",
                    "us.RecentPostCount DESC"
                ]
            },
            "cumulative_cardinality": 19099789,
            "operator_type": "ORDER_BY",
            "operator_cardinality": 631,
            "cumulative_rows_scanned": 24026759,
            "operator_rows_scanned": 0,
            "operator_timing": 0.000220872,
            "result_set_size": 60576,
            "children": [
                {
                    "operator_name": "PROJECTION",
                    "cpu_time": 1.3714599259999987,
                    "extra_info": {
                        "Projections": [
                            "displayname",
                            "RecentPostCount",
                            "AverageScore",
                            "GoldBadgeCount",
                            "ReputationCategory",
                            "TotalVotes",
                            "UpVotes",
                            "DownVotes"
                        ],
                        "Estimated Cardinality": "252142"
                    },
                    "cumulative_cardinality": 19099158,
                    "operator_type": "PROJECTION",
                    "operator_cardinality": 631,
                    "cumulative_rows_scanned": 24026759,
                    "operator_rows_scanned": 0,
                    "operator_timing": 0.00006365799999999999,
                    "result_set_size": 60576,
                    "children": [
                        {
                            "operator_name": "PROJECTION",
                            "cpu_time": 1.3713962679999987,
                            "extra_info": {
                                "Projections": [
                                    "#1",
                                    "#2",
                                    "#3",
                                    "#4",
                                    "#5",
                                    "#6",
                                    "#7",
                                    "#8"
                                ],
                                "Estimated Cardinality": "252142"
                            },
                            "cumulative_cardinality": 19098527,
                            "operator_type": "PROJECTION",
                            "operator_cardinality": 631,
                            "cumulative_rows_scanned": 24026759,
                            "operator_rows_scanned": 0,
                            "operator_timing": 0.000008076,
                            "result_set_size": 60576,
                            "children": [
                                {
                                    "operator_name": "FILTER",
                                    "cpu_time": 1.3713881919999986,
                                    "extra_info": {
                                        "Expression": "(count(id) >= 10)",
                                        "Estimated Cardinality": "252142"
                                    },
                                    "cumulative_cardinality": 19097896,
                                    "operator_type": "FILTER",
                                    "operator_cardinality": 631,
                                    "cumulative_rows_scanned": 24026759,
                                    "operator_rows_scanned": 0,
                                    "operator_timing": 0.006308415999999999,
                                    "result_set_size": 63100,
                                    "children": [
                                        {
                                            "operator_name": "HASH_GROUP_BY",
                                            "cpu_time": 1.3650797759999986,
                                            "extra_info": {
                                                "Groups": [
                                                    "#0",
                                                    "#1",
                                                    "#2",
                                                    "#3",
                                                    "#4",
                                                    "#5"
                                                ],
                                                "Aggregates": [
                                                    "count(#6)",
                                                    "sum(#7)",
                                                    "sum(#8)"
                                                ],
                                                "Estimated Cardinality": "1260710"
                                            },
                                            "cumulative_cardinality": 19097265,
                                            "operator_type": "HASH_GROUP_BY",
                                            "operator_cardinality": 1260710,
                                            "cumulative_rows_scanned": 24026759,
                                            "operator_rows_scanned": 0,
                                            "operator_timing": 0.4846015499999998,
                                            "result_set_size": 126071000,
                                            "children": [
                                                {
                                                    "operator_name": "PROJECTION",
                                                    "cpu_time": 0.8804782259999989,
                                                    "extra_info": {
                                                        "Projections": [
                                                            "UserId",
                                                            "displayname",
                                                            "RecentPostCount",
                                                            "AverageScore",
                                                            "GoldBadgeCount",
                                                            "ReputationCategory",
                                                            "id",
                                                            "CASE  WHEN ((votetypeid = 2)) THEN (1) ELSE 0 END",
                                                            "CASE  WHEN ((votetypeid = 3)) THEN (1) ELSE 0 END"
                                                        ],
                                                        "Estimated Cardinality": "12744093"
                                                    },
                                                    "cumulative_cardinality": 17836555,
                                                    "operator_type": "PROJECTION",
                                                    "operator_cardinality": 1288855,
                                                    "cumulative_rows_scanned": 24026759,
                                                    "operator_rows_scanned": 0,
                                                    "operator_timing": 0.0025999219999999997,
                                                    "result_set_size": 92797560,
                                                    "children": [
                                                        {
                                                            "operator_name": "HASH_JOIN",
                                                            "cpu_time": 0.8778783039999989,
                                                            "extra_info": {
                                                                "Join Type": "RIGHT",
                                                                "Conditions": "userid = UserId",
                                                                "Estimated Cardinality": "12744093"
                                                            },
                                                            "cumulative_cardinality": 16547700,
                                                            "operator_type": "HASH_JOIN",
                                                            "operator_cardinality": 1288855,
                                                            "cumulative_rows_scanned": 24026759,
                                                            "operator_rows_scanned": 0,
                                                            "operator_timing": 0.18031283299999906,
                                                            "result_set_size": 85064430,
                                                            "children": [
                                                                {
                                                                    "operator_name": "READ_PARQUET ",
                                                                    "cpu_time": 0.19858284299999993,
                                                                    "extra_info": {
                                                                        "Function": "READ_PARQUET",
                                                                        "Projections": [
                                                                            "id",
                                                                            "votetypeid",
                                                                            "userid"
                                                                        ],
                                                                        "Estimated Cardinality": "12744093"
                                                                    },
                                                                    "cumulative_cardinality": 40287,
                                                                    "operator_type": "TABLE_SCAN",
                                                                    "operator_cardinality": 40287,
                                                                    "cumulative_rows_scanned": 12744093,
                                                                    "operator_rows_scanned": 12744093,
                                                                    "operator_timing": 0.19858284299999993,
                                                                    "result_set_size": 402870,
                                                                    "children": []
                                                                },
                                                                {
                                                                    "operator_name": "PROJECTION",
                                                                    "cpu_time": 0.49898262799999993,
                                                                    "extra_info": {
                                                                        "Projections": [
                                                                            "UserId",
                                                                            "displayname",
                                                                            "RecentPostCount",
                                                                            "AverageScore",
                                                                            "GoldBadgeCount",
                                                                            "ReputationCategory"
                                                                        ],
                                                                        "Estimated Cardinality": "1925058"
                                                                    },
                                                                    "cumulative_cardinality": 15218558,
                                                                    "operator_type": "PROJECTION",
                                                                    "operator_cardinality": 1260710,
                                                                    "cumulative_rows_scanned": 11282666,
                                                                    "operator_rows_scanned": 0,
                                                                    "operator_timing": 0.03142509900000001,
                                                                    "result_set_size": 75642600,
                                                                    "children": [
                                                                        {
                                                                            "operator_name": "HASH_JOIN",
                                                                            "cpu_time": 0.4675575289999999,
                                                                            "extra_info": {
                                                                                "Join Type": "LEFT",
                                                                                "Conditions": "id = userid",
                                                                                "Estimated Cardinality": "1925058"
                                                                            },
                                                                            "cumulative_cardinality": 13957848,
                                                                            "operator_type": "HASH_JOIN",
                                                                            "operator_cardinality": 1260710,
                                                                            "cumulative_rows_scanned": 11282666,
                                                                            "operator_rows_scanned": 0,
                                                                            "operator_timing": 0.01914989200000002,
                                                                            "result_set_size": 60514080,
                                                                            "children": [
                                                                                {
                                                                                    "operator_name": "HASH_JOIN",
                                                                                    "cpu_time": 0.43481945199999994,
                                                                                    "extra_info": {
                                                                                        "Join Type": "RIGHT",
                                                                                        "Conditions": "owneruserid = id",
                                                                                        "Estimated Cardinality": "1925058"
                                                                                    },
                                                                                    "cumulative_cardinality": 12614157,
                                                                                    "operator_type": "HASH_JOIN",
                                                                                    "operator_cardinality": 1260710,
                                                                                    "cumulative_rows_scanned": 8960942,
                                                                                    "operator_rows_scanned": 0,
                                                                                    "operator_timing": 0.131006788,
                                                                                    "result_set_size": 50428400,
                                                                                    "children": [
                                                                                        {
                                                                                            "operator_name": "HASH_GROUP_BY",
                                                                                            "cpu_time": 0.14970472699999984,
                                                                                            "extra_info": {
                                                                                                "Groups": "#0",
                                                                                                "Aggregates": "avg(#1)",
                                                                                                "Estimated Cardinality": "1925058"
                                                                                            },
                                                                                            "cumulative_cardinality": 8071864,
                                                                                            "operator_type": "HASH_GROUP_BY",
                                                                                            "operator_cardinality": 371632,
                                                                                            "cumulative_rows_scanned": 3850116,
                                                                                            "operator_rows_scanned": 0,
                                                                                            "operator_timing": 0.10729662499999994,
                                                                                            "result_set_size": 4459584,
                                                                                            "children": [
                                                                                                {
                                                                                                    "operator_name": "PROJECTION",
                                                                                                    "cpu_time": 0.0424081019999999,
                                                                                                    "extra_info": {
                                                                                                        "Projections": [
                                                                                                            "owneruserid",
                                                                                                            "score"
                                                                                                        ],
                                                                                                        "Estimated Cardinality": "3850116"
                                                                                                    },
                                                                                                    "cumulative_cardinality": 7700232,
                                                                                                    "operator_type": "PROJECTION",
                                                                                                    "operator_cardinality": 3850116,
                                                                                                    "cumulative_rows_scanned": 3850116,
                                                                                                    "operator_rows_scanned": 0,
                                                                                                    "operator_timing": 0.0003505640000000015,
                                                                                                    "result_set_size": 30800928,
                                                                                                    "children": [
                                                                                                        {
                                                                                                            "operator_name": "READ_PARQUET ",
                                                                                                            "cpu_time": 0.042057537999999894,
                                                                                                            "extra_info": {
                                                                                                                "Function": "READ_PARQUET",
                                                                                                                "Projections": [
                                                                                                                    "score",
                                                                                                                    "owneruserid"
                                                                                                                ],
                                                                                                                "Estimated Cardinality": "3850116"
                                                                                                            },
                                                                                                            "cumulative_cardinality": 3850116,
                                                                                                            "operator_type": "TABLE_SCAN",
                                                                                                            "operator_cardinality": 3850116,
                                                                                                            "cumulative_rows_scanned": 3850116,
                                                                                                            "operator_rows_scanned": 3850116,
                                                                                                            "operator_timing": 0.042057537999999894,
                                                                                                            "result_set_size": 30800928,
                                                                                                            "children": []
                                                                                                        }
                                                                                                    ]
                                                                                                }
                                                                                            ]
                                                                                        },
                                                                                        {
                                                                                            "operator_name": "HASH_JOIN",
                                                                                            "cpu_time": 0.15410793700000006,
                                                                                            "extra_info": {
                                                                                                "Join Type": "LEFT",
                                                                                                "Conditions": "id = owneruserid",
                                                                                                "Estimated Cardinality": "1260710"
                                                                                            },
                                                                                            "cumulative_cardinality": 3281583,
                                                                                            "operator_type": "HASH_JOIN",
                                                                                            "operator_cardinality": 1260710,
                                                                                            "cumulative_rows_scanned": 5110826,
                                                                                            "operator_rows_scanned": 0,
                                                                                            "operator_timing": 0.029292726000000057,
                                                                                            "result_set_size": 40342720,
                                                                                            "children": [
                                                                                                {
                                                                                                    "operator_name": "READ_PARQUET ",
                                                                                                    "cpu_time": 0.084273408,
                                                                                                    "extra_info": {
                                                                                                        "Function": "READ_PARQUET",
                                                                                                        "Projections": [
                                                                                                            "id",
                                                                                                            "reputation",
                                                                                                            "displayname"
                                                                                                        ],
                                                                                                        "Estimated Cardinality": "1260710"
                                                                                                    },
                                                                                                    "cumulative_cardinality": 1260710,
                                                                                                    "operator_type": "TABLE_SCAN",
                                                                                                    "operator_cardinality": 1260710,
                                                                                                    "cumulative_rows_scanned": 1260710,
                                                                                                    "operator_rows_scanned": 1260710,
                                                                                                    "operator_timing": 0.084273408,
                                                                                                    "result_set_size": 30257040,
                                                                                                    "children": []
                                                                                                },
                                                                                                {
                                                                                                    "operator_name": "HASH_GROUP_BY",
                                                                                                    "cpu_time": 0.040541803,
                                                                                                    "extra_info": {
                                                                                                        "Groups": "#0",
                                                                                                        "Aggregates": "count_star()",
                                                                                                        "Estimated Cardinality": "385011"
                                                                                                    },
                                                                                                    "cumulative_cardinality": 760163,
                                                                                                    "operator_type": "HASH_GROUP_BY",
                                                                                                    "operator_cardinality": 32453,
                                                                                                    "cumulative_rows_scanned": 3850116,
                                                                                                    "operator_rows_scanned": 0,
                                                                                                    "operator_timing": 0.0021905960000000004,
                                                                                                    "result_set_size": 389436,
                                                                                                    "children": [
                                                                                                        {
                                                                                                            "operator_name": "PROJECTION",
                                                                                                            "cpu_time": 0.038351207,
                                                                                                            "extra_info": {
                                                                                                                "Projections": "owneruserid",
                                                                                                                "Estimated Cardinality": "770023"
                                                                                                            },
                                                                                                            "cumulative_cardinality": 727710,
                                                                                                            "operator_type": "PROJECTION",
                                                                                                            "operator_cardinality": 145542,
                                                                                                            "cumulative_rows_scanned": 3850116,
                                                                                                            "operator_rows_scanned": 0,
                                                                                                            "operator_timing": 0.000007552999999999996,
                                                                                                            "result_set_size": 582168,
                                                                                                            "children": [
                                                                                                                {
                                                                                                                    "operator_name": "PROJECTION",
                                                                                                                    "cpu_time": 0.038343654,
                                                                                                                    "extra_info": {
                                                                                                                        "Projections": "owneruserid",
                                                                                                                        "Estimated Cardinality": "770023"
                                                                                                                    },
                                                                                                                    "cumulative_cardinality": 582168,
                                                                                                                    "operator_type": "PROJECTION",
                                                                                                                    "operator_cardinality": 145542,
                                                                                                                    "cumulative_rows_scanned": 3850116,
                                                                                                                    "operator_rows_scanned": 0,
                                                                                                                    "operator_timing": 0.000007763999999999999,
                                                                                                                    "result_set_size": 582168,
                                                                                                                    "children": [
                                                                                                                        {
                                                                                                                            "operator_name": "PROJECTION",
                                                                                                                            "cpu_time": 0.03833589,
                                                                                                                            "extra_info": {
                                                                                                                                "Projections": [
                                                                                                                                    "#0",
                                                                                                                                    "#1",
                                                                                                                                    "#2"
                                                                                                                                ],
                                                                                                                                "Estimated Cardinality": "770023"
                                                                                                                            },
                                                                                                                            "cumulative_cardinality": 436626,
                                                                                                                            "operator_type": "PROJECTION",
                                                                                                                            "operator_cardinality": 145542,
                                                                                                                            "cumulative_rows_scanned": 3850116,
                                                                                                                            "operator_rows_scanned": 0,
                                                                                                                            "operator_timing": 0.00001321100000000001,
                                                                                                                            "result_set_size": 2910840,
                                                                                                                            "children": [
                                                                                                                                {
                                                                                                                                    "operator_name": "WINDOW",
                                                                                                                                    "cpu_time": 0.038322679,
                                                                                                                                    "extra_info": {
                                                                                                                                        "Projections": "ROW_NUMBER() OVER (PARTITION BY owneruserid ORDER BY creationdate DESC NULLS LAST)"
                                                                                                                                    },
                                                                                                                                    "cumulative_cardinality": 291084,
                                                                                                                                    "operator_type": "WINDOW",
                                                                                                                                    "operator_cardinality": 145542,
                                                                                                                                    "cumulative_rows_scanned": 3850116,
                                                                                                                                    "operator_rows_scanned": 0,
                                                                                                                                    "operator_timing": 0.022495002,
                                                                                                                                    "result_set_size": 2910840,
                                                                                                                                    "children": [
                                                                                                                                        {
                                                                                                                                            "operator_name": "READ_PARQUET ",
                                                                                                                                            "cpu_time": 0.015827677,
                                                                                                                                            "extra_info": {
                                                                                                                                                "Function": "READ_PARQUET",
                                                                                                                                                "Projections": [
                                                                                                                                                    "creationdate",
                                                                                                                                                    "owneruserid"
                                                                                                                                                ],
                                                                                                                                                "Filters": "creationdate>='2023-10-01 12:34:56'::TIMESTAMP",
                                                                                                                                                "Estimated Cardinality": "770023"
                                                                                                                                            },
                                                                                                                                            "cumulative_cardinality": 145542,
                                                                                                                                            "operator_type": "TABLE_SCAN",
                                                                                                                                            "operator_cardinality": 145542,
                                                                                                                                            "cumulative_rows_scanned": 3850116,
                                                                                                                                            "operator_rows_scanned": 3850116,
                                                                                                                                            "operator_timing": 0.015827677,
                                                                                                                                            "result_set_size": 1746504,
                                                                                                                                            "children": []
                                                                                                                                        }
                                                                                                                                    ]
                                                                                                                                }
                                                                                                                            ]
                                                                                                                        }
                                                                                                                    ]
                                                                                                                }
                                                                                                            ]
                                                                                                        }
                                                                                                    ]
                                                                                                }
                                                                                            ]
                                                                                        }
                                                                                    ]
                                                                                },
                                                                                {
                                                                                    "operator_name": "HASH_GROUP_BY",
                                                                                    "cpu_time": 0.013588185000000001,
                                                                                    "extra_info": {
                                                                                        "Groups": "#0",
                                                                                        "Aggregates": "count_star()",
                                                                                        "Estimated Cardinality": "232172"
                                                                                    },
                                                                                    "cumulative_cardinality": 82981,
                                                                                    "operator_type": "HASH_GROUP_BY",
                                                                                    "operator_cardinality": 17659,
                                                                                    "cumulative_rows_scanned": 2321724,
                                                                                    "operator_rows_scanned": 0,
                                                                                    "operator_timing": 0.0010118310000000001,
                                                                                    "result_set_size": 211908,
                                                                                    "children": [
                                                                                        {
                                                                                            "operator_name": "PROJECTION",
                                                                                            "cpu_time": 0.012576354000000001,
                                                                                            "extra_info": {
                                                                                                "Projections": "userid",
                                                                                                "Estimated Cardinality": "464344"
                                                                                            },
                                                                                            "cumulative_cardinality": 65322,
                                                                                            "operator_type": "PROJECTION",
                                                                                            "operator_cardinality": 32661,
                                                                                            "cumulative_rows_scanned": 2321724,
                                                                                            "operator_rows_scanned": 0,
                                                                                            "operator_timing": 0.000005918999999999998,
                                                                                            "result_set_size": 130644,
                                                                                            "children": [
                                                                                                {
                                                                                                    "operator_name": "READ_PARQUET ",
                                                                                                    "cpu_time": 0.012570435000000001,
                                                                                                    "extra_info": {
                                                                                                        "Function": "READ_PARQUET",
                                                                                                        "Projections": "userid",
                                                                                                        "Filters": "class=1",
                                                                                                        "Estimated Cardinality": "464344"
                                                                                                    },
                                                                                                    "cumulative_cardinality": 32661,
                                                                                                    "operator_type": "TABLE_SCAN",
                                                                                                    "operator_cardinality": 32661,
                                                                                                    "cumulative_rows_scanned": 2321724,
                                                                                                    "operator_rows_scanned": 2321724,
                                                                                                    "operator_timing": 0.012570435000000001,
                                                                                                    "result_set_size": 130644,
                                                                                                    "children": []
                                                                                                }
                                                                                            ]
                                                                                        }
                                                                                    ]
                                                                                }
                                                                            ]
                                                                        }
                                                                    ]
                                                                }
                                                            ]
                                                        }
                                                    ]
                                                }
                                            ]
                                        }
                                    ]
                                }
                            ]
                        }
                    ]
                }
            ]
        }
    ]
}