{
    "rows_returned": 14737,
    "query_name": "WITH RecursivePostHistory AS (\n    SELECT \n        PH.PostId,\n        PH.PostHistoryTypeId,\n        PH.CreationDate,\n        CAST(NULL AS VARCHAR(400)) AS PreviousAction,\n        ROW_NUMBER() OVER (PARTITION BY PH.PostId ORDER BY PH.CreationDate DESC) AS RowNum\n    FROM \n        PostHistory PH\n    WHERE \n        PH.PostHistoryTypeId IN (10, 11, 12)  \n), \nUserActivity AS (\n    SELECT \n        U.Id AS UserId,\n        U.DisplayName,\n        COUNT(P.Id) AS PostsCreated,\n        SUM(CASE WHEN P.Score IS NOT NULL THEN P.Score ELSE 0 END) AS TotalScore,\n        AVG(COALESCE(P.ViewCount, 0)) AS AvgViewCount\n    FROM \n        Users U\n    LEFT JOIN \n        Posts P ON U.Id = P.OwnerUserId\n    GROUP BY \n        U.Id, U.DisplayName\n), \nTagStats AS (\n    SELECT \n        T.TagName,\n        COUNT(P.Id) AS PostCount,\n        SUM(COALESCE(P.ViewCount, 0)) AS TotalViews\n    FROM \n        Tags T\n    LEFT JOIN \n        Posts P ON P.Tags LIKE '%' || T.TagName || '%'\n    GROUP BY \n        T.TagName\n)\nSELECT \n    U.DisplayName AS UserName,\n    U.PostsCreated,\n    U.TotalScore,\n    U.AvgViewCount,\n    P.Title AS PostTitle,\n    PH.PostHistoryTypeId,\n    PH.CreationDate AS ActionDate,\n    CASE \n        WHEN PH.PostHistoryTypeId = 10 THEN 'Closed'\n        WHEN PH.PostHistoryTypeId = 11 THEN 'Reopened'\n        WHEN PH.PostHistoryTypeId = 12 THEN 'Deleted'\n        ELSE 'Other Action'\n    END AS ActionType,\n    T.TagName AS PostTag,\n    TS.PostCount AS TagPostCount,\n    TS.TotalViews AS TagTotalViews\nFROM \n    UserActivity U\nINNER JOIN \n    RecursivePostHistory PH ON U.UserId = PH.PostId\nINNER JOIN \n    Posts P ON P.Id = PH.PostId\nLEFT JOIN \n    Tags T ON P.Tags LIKE '%' || T.TagName || '%'\nLEFT JOIN \n    TagStats TS ON T.TagName = TS.TagName\nWHERE \n    U.TotalScore > 0\nORDER BY \n    U.TotalScore DESC, PH.CreationDate DESC;",
    "blocked_thread_time": 0.0,
    "cpu_time": 505.1939966369901,
    "extra_info": {},
    "cumulative_cardinality": 35953286,
    "cumulative_rows_scanned": 24610254,
    "result_set_size": 1915810,
    "latency": 514.785321836,
    "children": [
        {
            "operator_name": "PROJECTION",
            "cpu_time": 505.1939966369901,
            "extra_info": {
                "Projections": [
                    "#0",
                    "#1",
                    "#2",
                    "#3",
                    "#4",
                    "__internal_decompress_integral_smallint(#5, 10)",
                    "#6",
                    "__internal_decompress_string(#7)",
                    "#8",
                    "#9",
                    "#10"
                ],
                "Estimated Cardinality": "1440871"
            },
            "cumulative_cardinality": 35953286,
            "operator_type": "PROJECTION",
            "operator_cardinality": 14737,
            "cumulative_rows_scanned": 24610254,
            "operator_rows_scanned": 0,
            "operator_timing": 0.00014878899999999997,
            "result_set_size": 1915810,
            "children": [
                {
                    "operator_name": "ORDER_BY",
                    "cpu_time": 505.1938478479901,
                    "extra_info": {
                        "Order By": [
                            "U.TotalScore DESC",
                            "PH.CreationDate DESC"
                        ]
                    },
                    "cumulative_cardinality": 35938549,
                    "operator_type": "ORDER_BY",
                    "operator_cardinality": 14737,
                    "cumulative_rows_scanned": 24610254,
                    "operator_rows_scanned": 0,
                    "operator_timing": 0.0021012459999999998,
                    "result_set_size": 1901073,
                    "children": [
                        {
                            "operator_name": "PROJECTION",
                            "cpu_time": 505.19174660199013,
                            "extra_info": {
                                "Projections": [
                                    "#0",
                                    "#1",
                                    "#2",
                                    "#3",
                                    "#4",
                                    "__internal_compress_integral_utinyint(#5, 10)",
                                    "#6",
                                    "__internal_compress_string_hugeint(#7)",
                                    "#8",
                                    "#9",
                                    "#10"
                                ],
                                "Estimated Cardinality": "1440871"
                            },
                            "cumulative_cardinality": 35923812,
                            "operator_type": "PROJECTION",
                            "operator_cardinality": 14737,
                            "cumulative_rows_scanned": 24610254,
                            "operator_rows_scanned": 0,
                            "operator_timing": 0.00016889,
                            "result_set_size": 1901073,
                            "children": [
                                {
                                    "operator_name": "PROJECTION",
                                    "cpu_time": 505.19157771199013,
                                    "extra_info": {
                                        "Projections": [
                                            "UserName",
                                            "PostsCreated",
                                            "TotalScore",
                                            "AvgViewCount",
                                            "PostTitle",
                                            "posthistorytypeid",
                                            "ActionDate",
                                            "ActionType",
                                            "PostTag",
                                            "TagPostCount",
                                            "TagTotalViews"
                                        ],
                                        "Estimated Cardinality": "1440871"
                                    },
                                    "cumulative_cardinality": 35909075,
                                    "operator_type": "PROJECTION",
                                    "operator_cardinality": 14737,
                                    "cumulative_rows_scanned": 24610254,
                                    "operator_rows_scanned": 0,
                                    "operator_timing": 0.00027749900000000006,
                                    "result_set_size": 1915810,
                                    "children": [
                                        {
                                            "operator_name": "HASH_JOIN",
                                            "cpu_time": 505.19130021299014,
                                            "extra_info": {
                                                "Join Type": "LEFT",
                                                "Conditions": "tagname = tagname",
                                                "Estimated Cardinality": "1440871"
                                            },
                                            "cumulative_cardinality": 35894338,
                                            "operator_type": "HASH_JOIN",
                                            "operator_cardinality": 14737,
                                            "cumulative_rows_scanned": 24610254,
                                            "operator_rows_scanned": 0,
                                            "operator_timing": 0.001582502,
                                            "result_set_size": 1680018,
                                            "children": [
                                                {
                                                    "operator_name": "BLOCKWISE_NL_JOIN",
                                                    "cpu_time": 2.952615080000002,
                                                    "extra_info": {
                                                        "Join Type": "LEFT",
                                                        "Condition": "(tags ~~ (('%' || tagname) || '%'))"
                                                    },
                                                    "cumulative_cardinality": 21754273,
                                                    "operator_type": "BLOCKWISE_NL_JOIN",
                                                    "operator_cardinality": 14737,
                                                    "cumulative_rows_scanned": 20758162,
                                                    "operator_rows_scanned": 0,
                                                    "operator_timing": 1.274305272000002,
                                                    "result_set_size": 1562122,
                                                    "children": [
                                                        {
                                                            "operator_name": "HASH_JOIN",
                                                            "cpu_time": 1.678003495,
                                                            "extra_info": {
                                                                "Join Type": "INNER",
                                                                "Conditions": "id = UserId",
                                                                "Estimated Cardinality": "1440871"
                                                            },
                                                            "cumulative_cardinality": 21737560,
                                                            "operator_type": "HASH_JOIN",
                                                            "operator_cardinality": 7500,
                                                            "cumulative_rows_scanned": 20756186,
                                                            "operator_rows_scanned": 0,
                                                            "operator_timing": 0.01706849000000003,
                                                            "result_set_size": 675000,
                                                            "children": [
                                                                {
                                                                    "operator_name": "READ_PARQUET ",
                                                                    "cpu_time": 0.129334167,
                                                                    "extra_info": {
                                                                        "Function": "READ_PARQUET",
                                                                        "Projections": [
                                                                            "id",
                                                                            "title",
                                                                            "tags"
                                                                        ],
                                                                        "Filters": "id<=1416570",
                                                                        "Estimated Cardinality": "3850116"
                                                                    },
                                                                    "cumulative_cardinality": 1153351,
                                                                    "operator_type": "TABLE_SCAN",
                                                                    "operator_cardinality": 1153351,
                                                                    "cumulative_rows_scanned": 3850116,
                                                                    "operator_rows_scanned": 3850116,
                                                                    "operator_timing": 0.129334167,
                                                                    "result_set_size": 41520636,
                                                                    "children": []
                                                                },
                                                                {
                                                                    "operator_name": "HASH_JOIN",
                                                                    "cpu_time": 1.531600838,
                                                                    "extra_info": {
                                                                        "Join Type": "INNER",
                                                                        "Conditions": "postid = UserId",
                                                                        "Estimated Cardinality": "471809"
                                                                    },
                                                                    "cumulative_cardinality": 20576709,
                                                                    "operator_type": "HASH_JOIN",
                                                                    "operator_cardinality": 7500,
                                                                    "cumulative_rows_scanned": 16906070,
                                                                    "operator_rows_scanned": 0,
                                                                    "operator_timing": 0.018943978999999993,
                                                                    "result_set_size": 465000,
                                                                    "children": [
                                                                        {
                                                                            "operator_name": "PROJECTION",
                                                                            "cpu_time": 0.32853766599999934,
                                                                            "extra_info": {
                                                                                "Projections": [
                                                                                    "postid",
                                                                                    "posthistorytypeid",
                                                                                    "creationdate"
                                                                                ],
                                                                                "Estimated Cardinality": "2359048"
                                                                            },
                                                                            "cumulative_cardinality": 373557,
                                                                            "operator_type": "PROJECTION",
                                                                            "operator_cardinality": 43200,
                                                                            "cumulative_rows_scanned": 11795244,
                                                                            "operator_rows_scanned": 0,
                                                                            "operator_timing": 0.000006938000000000001,
                                                                            "result_set_size": 604800,
                                                                            "children": [
                                                                                {
                                                                                    "operator_name": "PROJECTION",
                                                                                    "cpu_time": 0.32853072799999933,
                                                                                    "extra_info": {
                                                                                        "Projections": [
                                                                                            "#0",
                                                                                            "#1",
                                                                                            "#2",
                                                                                            "#3"
                                                                                        ],
                                                                                        "Estimated Cardinality": "2359048"
                                                                                    },
                                                                                    "cumulative_cardinality": 330357,
                                                                                    "operator_type": "PROJECTION",
                                                                                    "operator_cardinality": 43200,
                                                                                    "cumulative_rows_scanned": 11795244,
                                                                                    "operator_rows_scanned": 0,
                                                                                    "operator_timing": 0.000009020999999999999,
                                                                                    "result_set_size": 950400,
                                                                                    "children": [
                                                                                        {
                                                                                            "operator_name": "WINDOW",
                                                                                            "cpu_time": 0.32852170699999933,
                                                                                            "extra_info": {
                                                                                                "Projections": "ROW_NUMBER() OVER (PARTITION BY postid ORDER BY creationdate DESC NULLS LAST)"
                                                                                            },
                                                                                            "cumulative_cardinality": 287157,
                                                                                            "operator_type": "WINDOW",
                                                                                            "operator_cardinality": 43200,
                                                                                            "cumulative_rows_scanned": 11795244,
                                                                                            "operator_rows_scanned": 0,
                                                                                            "operator_timing": 0.007129514,
                                                                                            "result_set_size": 950400,
                                                                                            "children": [
                                                                                                {
                                                                                                    "operator_name": "FILTER",
                                                                                                    "cpu_time": 0.3213921929999993,
                                                                                                    "extra_info": {
                                                                                                        "Expression": "(postid <= 1416570)",
                                                                                                        "Estimated Cardinality": "2359048"
                                                                                                    },
                                                                                                    "cumulative_cardinality": 243957,
                                                                                                    "operator_type": "FILTER",
                                                                                                    "operator_cardinality": 43200,
                                                                                                    "cumulative_rows_scanned": 11795244,
                                                                                                    "operator_rows_scanned": 0,
                                                                                                    "operator_timing": 0.01082010400000001,
                                                                                                    "result_set_size": 604800,
                                                                                                    "children": [
                                                                                                        {
                                                                                                            "operator_name": "READ_PARQUET ",
                                                                                                            "cpu_time": 0.31057208899999933,
                                                                                                            "extra_info": {
                                                                                                                "Function": "READ_PARQUET",
                                                                                                                "Projections": [
                                                                                                                    "posthistorytypeid",
                                                                                                                    "postid",
                                                                                                                    "creationdate"
                                                                                                                ],
                                                                                                                "Filters": "posthistorytypeid>=10 AND posthistorytypeid<=12",
                                                                                                                "Estimated Cardinality": "2359048"
                                                                                                            },
                                                                                                            "cumulative_cardinality": 200757,
                                                                                                            "operator_type": "TABLE_SCAN",
                                                                                                            "operator_cardinality": 200757,
                                                                                                            "cumulative_rows_scanned": 11795244,
                                                                                                            "operator_rows_scanned": 11795244,
                                                                                                            "operator_timing": 0.31057208899999933,
                                                                                                            "result_set_size": 2810598,
                                                                                                            "children": []
                                                                                                        }
                                                                                                    ]
                                                                                                }
                                                                                            ]
                                                                                        }
                                                                                    ]
                                                                                }
                                                                            ]
                                                                        },
                                                                        {
                                                                            "operator_name": "FILTER",
                                                                            "cpu_time": 1.1841191930000006,
                                                                            "extra_info": {
                                                                                "Expression": "(TotalScore > 0)",
                                                                                "Estimated Cardinality": "252142"
                                                                            },
                                                                            "cumulative_cardinality": 20195652,
                                                                            "operator_type": "FILTER",
                                                                            "operator_cardinality": 266528,
                                                                            "cumulative_rows_scanned": 5110826,
                                                                            "operator_rows_scanned": 0,
                                                                            "operator_timing": 0.0023204480000000023,
                                                                            "result_set_size": 13859456,
                                                                            "children": [
                                                                                {
                                                                                    "operator_name": "HASH_GROUP_BY",
                                                                                    "cpu_time": 1.1817987450000005,
                                                                                    "extra_info": {
                                                                                        "Groups": [
                                                                                            "#0",
                                                                                            "#1"
                                                                                        ],
                                                                                        "Aggregates": [
                                                                                            "count(#2)",
                                                                                            "sum(#3)",
                                                                                            "avg(#4)"
                                                                                        ],
                                                                                        "Estimated Cardinality": "1260710"
                                                                                    },
                                                                                    "cumulative_cardinality": 19929124,
                                                                                    "operator_type": "HASH_GROUP_BY",
                                                                                    "operator_cardinality": 1260709,
                                                                                    "cumulative_rows_scanned": 5110826,
                                                                                    "operator_rows_scanned": 0,
                                                                                    "operator_timing": 0.576586874,
                                                                                    "result_set_size": 65556868,
                                                                                    "children": [
                                                                                        {
                                                                                            "operator_name": "PROJECTION",
                                                                                            "cpu_time": 0.6052118710000006,
                                                                                            "extra_info": {
                                                                                                "Projections": [
                                                                                                    "id",
                                                                                                    "displayname",
                                                                                                    "id",
                                                                                                    "CASE  WHEN ((score IS NOT NULL)) THEN (score) ELSE 0 END",
                                                                                                    "COALESCE(viewcount, 0)"
                                                                                                ],
                                                                                                "Estimated Cardinality": "3850116"
                                                                                            },
                                                                                            "cumulative_cardinality": 18668415,
                                                                                            "operator_type": "PROJECTION",
                                                                                            "operator_cardinality": 4573897,
                                                                                            "cumulative_rows_scanned": 5110826,
                                                                                            "operator_rows_scanned": 0,
                                                                                            "operator_timing": 0.06898134,
                                                                                            "result_set_size": 146364704,
                                                                                            "children": [
                                                                                                {
                                                                                                    "operator_name": "FILTER",
                                                                                                    "cpu_time": 0.5362305310000006,
                                                                                                    "extra_info": {
                                                                                                        "Expression": "(id >= 1)",
                                                                                                        "Estimated Cardinality": "3850116"
                                                                                                    },
                                                                                                    "cumulative_cardinality": 14094518,
                                                                                                    "operator_type": "FILTER",
                                                                                                    "operator_cardinality": 4573897,
                                                                                                    "cumulative_rows_scanned": 5110826,
                                                                                                    "operator_rows_scanned": 0,
                                                                                                    "operator_timing": 0.01129876499999995,
                                                                                                    "result_set_size": 146364704,
                                                                                                    "children": [
                                                                                                        {
                                                                                                            "operator_name": "HASH_JOIN",
                                                                                                            "cpu_time": 0.5249317660000007,
                                                                                                            "extra_info": {
                                                                                                                "Join Type": "RIGHT",
                                                                                                                "Conditions": "owneruserid = id",
                                                                                                                "Estimated Cardinality": "3850116"
                                                                                                            },
                                                                                                            "cumulative_cardinality": 9520621,
                                                                                                            "operator_type": "HASH_JOIN",
                                                                                                            "operator_cardinality": 4574495,
                                                                                                            "cumulative_rows_scanned": 5110826,
                                                                                                            "operator_rows_scanned": 0,
                                                                                                            "operator_timing": 0.2725326510000004,
                                                                                                            "result_set_size": 146383840,
                                                                                                            "children": [
                                                                                                                {
                                                                                                                    "operator_name": "READ_PARQUET ",
                                                                                                                    "cpu_time": 0.1617529280000003,
                                                                                                                    "extra_info": {
                                                                                                                        "Function": "READ_PARQUET",
                                                                                                                        "Projections": [
                                                                                                                            "id",
                                                                                                                            "score",
                                                                                                                            "viewcount",
                                                                                                                            "owneruserid"
                                                                                                                        ],
                                                                                                                        "Estimated Cardinality": "3850116"
                                                                                                                    },
                                                                                                                    "cumulative_cardinality": 3685416,
                                                                                                                    "operator_type": "TABLE_SCAN",
                                                                                                                    "operator_cardinality": 3685416,
                                                                                                                    "cumulative_rows_scanned": 3850116,
                                                                                                                    "operator_rows_scanned": 3850116,
                                                                                                                    "operator_timing": 0.1617529280000003,
                                                                                                                    "result_set_size": 58966656,
                                                                                                                    "children": []
                                                                                                                },
                                                                                                                {
                                                                                                                    "operator_name": "READ_PARQUET ",
                                                                                                                    "cpu_time": 0.09064618700000002,
                                                                                                                    "extra_info": {
                                                                                                                        "Function": "READ_PARQUET",
                                                                                                                        "Projections": [
                                                                                                                            "id",
                                                                                                                            "displayname"
                                                                                                                        ],
                                                                                                                        "Estimated Cardinality": "1260710"
                                                                                                                    },
                                                                                                                    "cumulative_cardinality": 1260710,
                                                                                                                    "operator_type": "TABLE_SCAN",
                                                                                                                    "operator_cardinality": 1260710,
                                                                                                                    "cumulative_rows_scanned": 1260710,
                                                                                                                    "operator_rows_scanned": 1260710,
                                                                                                                    "operator_timing": 0.09064618700000002,
                                                                                                                    "result_set_size": 25214200,
                                                                                                                    "children": []
                                                                                                                }
                                                                                                            ]
                                                                                                        }
                                                                                                    ]
                                                                                                }
                                                                                            ]
                                                                                        }
                                                                                    ]
                                                                                }
                                                                            ]
                                                                        }
                                                                    ]
                                                                }
                                                            ]
                                                        },
                                                        {
                                                            "operator_name": "READ_PARQUET ",
                                                            "cpu_time": 0.000306313,
                                                            "extra_info": {
                                                                "Function": "READ_PARQUET",
                                                                "Projections": "tagname",
                                                                "Estimated Cardinality": "1976"
                                                            },
                                                            "cumulative_cardinality": 1976,
                                                            "operator_type": "TABLE_SCAN",
                                                            "operator_cardinality": 1976,
                                                            "cumulative_rows_scanned": 1976,
                                                            "operator_rows_scanned": 1976,
                                                            "operator_timing": 0.000306313,
                                                            "result_set_size": 31616,
                                                            "children": []
                                                        }
                                                    ]
                                                },
                                                {
                                                    "operator_name": "HASH_GROUP_BY",
                                                    "cpu_time": 502.23710263099014,
                                                    "extra_info": {
                                                        "Groups": "#0",
                                                        "Aggregates": [
                                                            "count(#1)",
                                                            "sum(#2)"
                                                        ],
                                                        "Estimated Cardinality": "1976"
                                                    },
                                                    "cumulative_cardinality": 14125328,
                                                    "operator_type": "HASH_GROUP_BY",
                                                    "operator_cardinality": 1976,
                                                    "cumulative_rows_scanned": 3852092,
                                                    "operator_rows_scanned": 0,
                                                    "operator_timing": 0.14383141899999974,
                                                    "result_set_size": 79040,
                                                    "children": [
                                                        {
                                                            "operator_name": "PROJECTION",
                                                            "cpu_time": 502.09327121199016,
                                                            "extra_info": {
                                                                "Projections": [
                                                                    "tagname",
                                                                    "id",
                                                                    "COALESCE(viewcount, 0)"
                                                                ],
                                                                "Estimated Cardinality": "3850116"
                                                            },
                                                            "cumulative_cardinality": 14123352,
                                                            "operator_type": "PROJECTION",
                                                            "operator_cardinality": 5135630,
                                                            "cumulative_rows_scanned": 3852092,
                                                            "operator_rows_scanned": 0,
                                                            "operator_timing": 0.1147326020000007,
                                                            "result_set_size": 123255120,
                                                            "children": [
                                                                {
                                                                    "operator_name": "BLOCKWISE_NL_JOIN",
                                                                    "cpu_time": 501.97853860999015,
                                                                    "extra_info": {
                                                                        "Join Type": "RIGHT",
                                                                        "Condition": "(tags ~~ (('%' || tagname) || '%'))"
                                                                    },
                                                                    "cumulative_cardinality": 8987722,
                                                                    "operator_type": "BLOCKWISE_NL_JOIN",
                                                                    "operator_cardinality": 5135630,
                                                                    "cumulative_rows_scanned": 3852092,
                                                                    "operator_rows_scanned": 0,
                                                                    "operator_timing": 501.74212471999016,
                                                                    "result_set_size": 205425200,
                                                                    "children": [
                                                                        {
                                                                            "operator_name": "READ_PARQUET ",
                                                                            "cpu_time": 0.23583172199999963,
                                                                            "extra_info": {
                                                                                "Function": "READ_PARQUET",
                                                                                "Projections": [
                                                                                    "id",
                                                                                    "viewcount",
                                                                                    "tags"
                                                                                ],
                                                                                "Estimated Cardinality": "3850116"
                                                                            },
                                                                            "cumulative_cardinality": 3850116,
                                                                            "operator_type": "TABLE_SCAN",
                                                                            "operator_cardinality": 3850116,
                                                                            "cumulative_rows_scanned": 3850116,
                                                                            "operator_rows_scanned": 3850116,
                                                                            "operator_timing": 0.23583172199999963,
                                                                            "result_set_size": 92402784,
                                                                            "children": []
                                                                        },
                                                                        {
                                                                            "operator_name": "READ_PARQUET ",
                                                                            "cpu_time": 0.000582168,
                                                                            "extra_info": {
                                                                                "Function": "READ_PARQUET",
                                                                                "Projections": "tagname",
                                                                                "Estimated Cardinality": "1976"
                                                                            },
                                                                            "cumulative_cardinality": 1976,
                                                                            "operator_type": "TABLE_SCAN",
                                                                            "operator_cardinality": 1976,
                                                                            "cumulative_rows_scanned": 1976,
                                                                            "operator_rows_scanned": 1976,
                                                                            "operator_timing": 0.000582168,
                                                                            "result_set_size": 31616,
                                                                            "children": []
                                                                        }
                                                                    ]
                                                                }
                                                            ]
                                                        }
                                                    ]
                                                }
                                            ]
                                        }
                                    ]
                                }
                            ]
                        }
                    ]
                }
            ]
        }
    ]
}