{
    "rows_returned": 50,
    "query_name": "\nWITH RecursivePostHierarchy AS (\n    \n    SELECT \n        p.Id AS QuestionId,\n        p.Title AS QuestionTitle,\n        p.OwnerUserId,\n        a.Id AS AnswerId,\n        a.Score AS AnswerScore,\n        ROW_NUMBER() OVER (PARTITION BY p.Id ORDER BY a.Score DESC) AS Rank\n    FROM \n        Posts p\n    LEFT JOIN \n        Posts a ON p.Id = a.ParentId\n    WHERE \n        p.PostTypeId = 1  \n), \nUserReputation AS (\n    \n    SELECT \n        u.Id AS UserId,\n        u.Reputation,\n        COALESCE(SUM(CASE WHEN v.VoteTypeId = 2 THEN 1 ELSE 0 END), 0) AS UpvoteCount,\n        COALESCE(SUM(CASE WHEN v.VoteTypeId = 3 THEN 1 ELSE 0 END), 0) AS DownvoteCount\n    FROM \n        Users u\n    LEFT JOIN \n        Votes v ON u.Id = v.UserId\n    GROUP BY \n        u.Id, u.Reputation\n), \nPostInsights AS (\n    \n    SELECT \n        ph.QuestionId,\n        ph.QuestionTitle,\n        ph.OwnerUserId,\n        COUNT(ph.AnswerId) AS TotalAnswers,\n        AVG(ph.AnswerScore) AS AverageAnswerScore,\n        ur.Reputation AS UserReputation,\n        ur.UpvoteCount,\n        ur.DownvoteCount\n    FROM \n        RecursivePostHierarchy ph\n    JOIN \n        UserReputation ur ON ph.OwnerUserId = ur.UserId\n    GROUP BY \n        ph.QuestionId, ph.QuestionTitle, ph.OwnerUserId, ur.Reputation, ur.UpvoteCount, ur.DownvoteCount\n)\n\nSELECT \n    pi.QuestionId,\n    pi.QuestionTitle,\n    pi.TotalAnswers,\n    pi.AverageAnswerScore,\n    CASE \n        WHEN pi.UserReputation >= 1000 THEN 'Top Contributor'\n        WHEN pi.UserReputation BETWEEN 500 AND 999 THEN 'Active Contributor'\n        ELSE 'New Contributor'\n    END AS ContributorCategory,\n    pi.UpvoteCount,\n    pi.DownvoteCount,\n    CASE \n        WHEN pi.TotalAnswers = 0 THEN 'No Answers'\n        WHEN pi.AverageAnswerScore IS NULL THEN 'Answers have no score'\n        ELSE 'Answers available'\n    END AS AnswerStatus\nFROM \n    PostInsights pi\nWHERE \n    pi.TotalAnswers > 0 \nORDER BY \n    pi.AverageAnswerScore DESC, pi.TotalAnswers DESC\nLIMIT 50;\n",
    "blocked_thread_time": 0.0,
    "cpu_time": 2.8384525430000003,
    "extra_info": {},
    "cumulative_cardinality": 32968152,
    "cumulative_rows_scanned": 21705035,
    "result_set_size": 5000,
    "latency": 3.220394476,
    "children": [
        {
            "operator_name": "STREAMING_LIMIT",
            "cpu_time": 2.8384525430000003,
            "extra_info": {},
            "cumulative_cardinality": 32968152,
            "operator_type": "STREAMING_LIMIT",
            "operator_cardinality": 50,
            "cumulative_rows_scanned": 21705035,
            "operator_rows_scanned": 0,
            "operator_timing": 0.000002515,
            "result_set_size": 5000,
            "children": [
                {
                    "operator_name": "ORDER_BY",
                    "cpu_time": 2.8384500280000005,
                    "extra_info": {
                        "Order By": [
                            "pi.AverageAnswerScore DESC",
                            "pi.TotalAnswers DESC"
                        ]
                    },
                    "cumulative_cardinality": 32968102,
                    "operator_type": "ORDER_BY",
                    "operator_cardinality": 4096,
                    "cumulative_rows_scanned": 21705035,
                    "operator_rows_scanned": 0,
                    "operator_timing": 0.127893102,
                    "result_set_size": 409600,
                    "children": [
                        {
                            "operator_name": "PROJECTION",
                            "cpu_time": 2.7105569260000006,
                            "extra_info": {
                                "Projections": [
                                    "QuestionId",
                                    "QuestionTitle",
                                    "TotalAnswers",
                                    "AverageAnswerScore",
                                    "ContributorCategory",
                                    "UpvoteCount",
                                    "DownvoteCount",
                                    "AnswerStatus"
                                ],
                                "Estimated Cardinality": "385011"
                            },
                            "cumulative_cardinality": 32964006,
                            "operator_type": "PROJECTION",
                            "operator_cardinality": 1285490,
                            "cumulative_rows_scanned": 21705035,
                            "operator_rows_scanned": 0,
                            "operator_timing": 0.02746257399999998,
                            "result_set_size": 128549000,
                            "children": [
                                {
                                    "operator_name": "PROJECTION",
                                    "cpu_time": 2.683094352000001,
                                    "extra_info": {
                                        "Projections": [
                                            "QuestionId",
                                            "QuestionTitle",
                                            "TotalAnswers",
                                            "AverageAnswerScore",
                                            "UserReputation",
                                            "UpvoteCount",
                                            "DownvoteCount"
                                        ],
                                        "Estimated Cardinality": "385011"
                                    },
                                    "cumulative_cardinality": 31678516,
                                    "operator_type": "PROJECTION",
                                    "operator_cardinality": 1285490,
                                    "cumulative_rows_scanned": 21705035,
                                    "operator_rows_scanned": 0,
                                    "operator_timing": 0.0003125130000000011,
                                    "result_set_size": 92555280,
                                    "children": [
                                        {
                                            "operator_name": "PROJECTION",
                                            "cpu_time": 2.682781839000001,
                                            "extra_info": {
                                                "Projections": [
                                                    "#0",
                                                    "#1",
                                                    "#3",
                                                    "#4",
                                                    "#5",
                                                    "#6",
                                                    "#7"
                                                ],
                                                "Estimated Cardinality": "385011"
                                            },
                                            "cumulative_cardinality": 30393026,
                                            "operator_type": "PROJECTION",
                                            "operator_cardinality": 1285490,
                                            "cumulative_rows_scanned": 21705035,
                                            "operator_rows_scanned": 0,
                                            "operator_timing": 0.000334619,
                                            "result_set_size": 92555280,
                                            "children": [
                                                {
                                                    "operator_name": "FILTER",
                                                    "cpu_time": 2.6824472200000007,
                                                    "extra_info": {
                                                        "Expression": "(TotalAnswers > 0)",
                                                        "Estimated Cardinality": "385011"
                                                    },
                                                    "cumulative_cardinality": 29107536,
                                                    "operator_type": "FILTER",
                                                    "operator_cardinality": 1285490,
                                                    "cumulative_rows_scanned": 21705035,
                                                    "operator_rows_scanned": 0,
                                                    "operator_timing": 0.006477765999999999,
                                                    "result_set_size": 97697240,
                                                    "children": [
                                                        {
                                                            "operator_name": "HASH_GROUP_BY",
                                                            "cpu_time": 2.6759694540000005,
                                                            "extra_info": {
                                                                "Groups": [
                                                                    "#0",
                                                                    "#1",
                                                                    "#2",
                                                                    "#3",
                                                                    "#4",
                                                                    "#5"
                                                                ],
                                                                "Aggregates": [
                                                                    "count(#6)",
                                                                    "avg(#7)"
                                                                ],
                                                                "Estimated Cardinality": "1925058"
                                                            },
                                                            "cumulative_cardinality": 27822046,
                                                            "operator_type": "HASH_GROUP_BY",
                                                            "operator_cardinality": 1589663,
                                                            "cumulative_rows_scanned": 21705035,
                                                            "operator_rows_scanned": 0,
                                                            "operator_timing": 0.4402727090000004,
                                                            "result_set_size": 120814388,
                                                            "children": [
                                                                {
                                                                    "operator_name": "PROJECTION",
                                                                    "cpu_time": 2.2356967450000003,
                                                                    "extra_info": {
                                                                        "Projections": [
                                                                            "QuestionId",
                                                                            "QuestionTitle",
                                                                            "owneruserid",
                                                                            "reputation",
                                                                            "UpvoteCount",
                                                                            "DownvoteCount",
                                                                            "AnswerId",
                                                                            "AnswerScore"
                                                                        ],
                                                                        "Estimated Cardinality": "3850116"
                                                                    },
                                                                    "cumulative_cardinality": 26232383,
                                                                    "operator_type": "PROJECTION",
                                                                    "operator_cardinality": 2367262,
                                                                    "cumulative_rows_scanned": 21705035,
                                                                    "operator_rows_scanned": 0,
                                                                    "operator_timing": 0.0007274720000000005,
                                                                    "result_set_size": 160973816,
                                                                    "children": [
                                                                        {
                                                                            "operator_name": "HASH_JOIN",
                                                                            "cpu_time": 2.2349692730000004,
                                                                            "extra_info": {
                                                                                "Join Type": "INNER",
                                                                                "Conditions": "owneruserid = UserId",
                                                                                "Estimated Cardinality": "3850116"
                                                                            },
                                                                            "cumulative_cardinality": 23865121,
                                                                            "operator_type": "HASH_JOIN",
                                                                            "operator_cardinality": 2367262,
                                                                            "cumulative_rows_scanned": 21705035,
                                                                            "operator_rows_scanned": 0,
                                                                            "operator_timing": 0.20970183700000053,
                                                                            "result_set_size": 160973816,
                                                                            "children": [
                                                                                {
                                                                                    "operator_name": "PROJECTION",
                                                                                    "cpu_time": 1.5367234889999992,
                                                                                    "extra_info": {
                                                                                        "Projections": [
                                                                                            "QuestionId",
                                                                                            "QuestionTitle",
                                                                                            "owneruserid",
                                                                                            "AnswerId",
                                                                                            "AnswerScore"
                                                                                        ],
                                                                                        "Estimated Cardinality": "3850116"
                                                                                    },
                                                                                    "cumulative_cardinality": 13809001,
                                                                                    "operator_type": "PROJECTION",
                                                                                    "operator_cardinality": 2490886,
                                                                                    "cumulative_rows_scanned": 7700232,
                                                                                    "operator_rows_scanned": 0,
                                                                                    "operator_timing": 0.0004486689999999955,
                                                                                    "result_set_size": 79708352,
                                                                                    "children": [
                                                                                        {
                                                                                            "operator_name": "PROJECTION",
                                                                                            "cpu_time": 1.5362748199999992,
                                                                                            "extra_info": {
                                                                                                "Projections": [
                                                                                                    "#0",
                                                                                                    "#1",
                                                                                                    "#2",
                                                                                                    "#3",
                                                                                                    "#4",
                                                                                                    "#5"
                                                                                                ],
                                                                                                "Estimated Cardinality": "3850116"
                                                                                            },
                                                                                            "cumulative_cardinality": 11318115,
                                                                                            "operator_type": "PROJECTION",
                                                                                            "operator_cardinality": 2490886,
                                                                                            "cumulative_rows_scanned": 7700232,
                                                                                            "operator_rows_scanned": 0,
                                                                                            "operator_timing": 0.0004900409999999986,
                                                                                            "result_set_size": 99635440,
                                                                                            "children": [
                                                                                                {
                                                                                                    "operator_name": "WINDOW",
                                                                                                    "cpu_time": 1.5357847789999992,
                                                                                                    "extra_info": {
                                                                                                        "Projections": "ROW_NUMBER() OVER (PARTITION BY id ORDER BY score DESC NULLS LAST)"
                                                                                                    },
                                                                                                    "cumulative_cardinality": 8827229,
                                                                                                    "operator_type": "WINDOW",
                                                                                                    "operator_cardinality": 2490886,
                                                                                                    "cumulative_rows_scanned": 7700232,
                                                                                                    "operator_rows_scanned": 0,
                                                                                                    "operator_timing": 0.649154123,
                                                                                                    "result_set_size": 99635440,
                                                                                                    "children": [
                                                                                                        {
                                                                                                            "operator_name": "HASH_JOIN",
                                                                                                            "cpu_time": 0.8866306559999994,
                                                                                                            "extra_info": {
                                                                                                                "Join Type": "RIGHT",
                                                                                                                "Conditions": "parentid = id",
                                                                                                                "Estimated Cardinality": "3850116"
                                                                                                            },
                                                                                                            "cumulative_cardinality": 6336343,
                                                                                                            "operator_type": "HASH_JOIN",
                                                                                                            "operator_cardinality": 2490886,
                                                                                                            "cumulative_rows_scanned": 7700232,
                                                                                                            "operator_rows_scanned": 0,
                                                                                                            "operator_timing": 0.3024159719999996,
                                                                                                            "result_set_size": 79708352,
                                                                                                            "children": [
                                                                                                                {
                                                                                                                    "operator_name": "READ_PARQUET ",
                                                                                                                    "cpu_time": 0.16867556200000006,
                                                                                                                    "extra_info": {
                                                                                                                        "Function": "READ_PARQUET",
                                                                                                                        "Projections": [
                                                                                                                            "id",
                                                                                                                            "parentid",
                                                                                                                            "score"
                                                                                                                        ],
                                                                                                                        "Estimated Cardinality": "3850116"
                                                                                                                    },
                                                                                                                    "cumulative_cardinality": 2177293,
                                                                                                                    "operator_type": "TABLE_SCAN",
                                                                                                                    "operator_cardinality": 2177293,
                                                                                                                    "cumulative_rows_scanned": 3850116,
                                                                                                                    "operator_rows_scanned": 3850116,
                                                                                                                    "operator_timing": 0.16867556200000006,
                                                                                                                    "result_set_size": 26127516,
                                                                                                                    "children": []
                                                                                                                },
                                                                                                                {
                                                                                                                    "operator_name": "READ_PARQUET ",
                                                                                                                    "cpu_time": 0.4155391219999997,
                                                                                                                    "extra_info": {
                                                                                                                        "Function": "READ_PARQUET",
                                                                                                                        "Projections": [
                                                                                                                            "id",
                                                                                                                            "owneruserid",
                                                                                                                            "title"
                                                                                                                        ],
                                                                                                                        "Filters": "posttypeid=1",
                                                                                                                        "Estimated Cardinality": "770023"
                                                                                                                    },
                                                                                                                    "cumulative_cardinality": 1668164,
                                                                                                                    "operator_type": "TABLE_SCAN",
                                                                                                                    "operator_cardinality": 1668164,
                                                                                                                    "cumulative_rows_scanned": 3850116,
                                                                                                                    "operator_rows_scanned": 3850116,
                                                                                                                    "operator_timing": 0.4155391219999997,
                                                                                                                    "result_set_size": 40035936,
                                                                                                                    "children": []
                                                                                                                }
                                                                                                            ]
                                                                                                        }
                                                                                                    ]
                                                                                                }
                                                                                            ]
                                                                                        }
                                                                                    ]
                                                                                },
                                                                                {
                                                                                    "operator_name": "PROJECTION",
                                                                                    "cpu_time": 0.4885439470000004,
                                                                                    "extra_info": {
                                                                                        "Projections": [
                                                                                            "UserId",
                                                                                            "reputation",
                                                                                            "UpvoteCount",
                                                                                            "DownvoteCount"
                                                                                        ],
                                                                                        "Estimated Cardinality": "1260710"
                                                                                    },
                                                                                    "cumulative_cardinality": 7688858,
                                                                                    "operator_type": "PROJECTION",
                                                                                    "operator_cardinality": 1260679,
                                                                                    "cumulative_rows_scanned": 14004803,
                                                                                    "operator_rows_scanned": 0,
                                                                                    "operator_timing": 0.017307058999999996,
                                                                                    "result_set_size": 50427160,
                                                                                    "children": [
                                                                                        {
                                                                                            "operator_name": "HASH_GROUP_BY",
                                                                                            "cpu_time": 0.4712368880000004,
                                                                                            "extra_info": {
                                                                                                "Groups": [
                                                                                                    "#0",
                                                                                                    "#1"
                                                                                                ],
                                                                                                "Aggregates": [
                                                                                                    "sum(#2)",
                                                                                                    "sum(#3)"
                                                                                                ],
                                                                                                "Estimated Cardinality": "1260710"
                                                                                            },
                                                                                            "cumulative_cardinality": 6428179,
                                                                                            "operator_type": "HASH_GROUP_BY",
                                                                                            "operator_cardinality": 1260679,
                                                                                            "cumulative_rows_scanned": 14004803,
                                                                                            "operator_rows_scanned": 0,
                                                                                            "operator_timing": 0.2103519460000001,
                                                                                            "result_set_size": 50427160,
                                                                                            "children": [
                                                                                                {
                                                                                                    "operator_name": "PROJECTION",
                                                                                                    "cpu_time": 0.26088494200000034,
                                                                                                    "extra_info": {
                                                                                                        "Projections": [
                                                                                                            "id",
                                                                                                            "reputation",
                                                                                                            "CASE  WHEN ((votetypeid = 2)) THEN (1) ELSE 0 END",
                                                                                                            "CASE  WHEN ((votetypeid = 3)) THEN (1) ELSE 0 END"
                                                                                                        ],
                                                                                                        "Estimated Cardinality": "12744093"
                                                                                                    },
                                                                                                    "cumulative_cardinality": 5167500,
                                                                                                    "operator_type": "PROJECTION",
                                                                                                    "operator_cardinality": 1288824,
                                                                                                    "cumulative_rows_scanned": 14004803,
                                                                                                    "operator_rows_scanned": 0,
                                                                                                    "operator_timing": 0.002246627,
                                                                                                    "result_set_size": 20621184,
                                                                                                    "children": [
                                                                                                        {
                                                                                                            "operator_name": "FILTER",
                                                                                                            "cpu_time": 0.25863831500000034,
                                                                                                            "extra_info": {
                                                                                                                "Expression": "(id <= 1416539)",
                                                                                                                "Estimated Cardinality": "12744093"
                                                                                                            },
                                                                                                            "cumulative_cardinality": 3878676,
                                                                                                            "operator_type": "FILTER",
                                                                                                            "operator_cardinality": 1288824,
                                                                                                            "cumulative_rows_scanned": 14004803,
                                                                                                            "operator_rows_scanned": 0,
                                                                                                            "operator_timing": 0.0015542430000000005,
                                                                                                            "result_set_size": 12888240,
                                                                                                            "children": [
                                                                                                                {
                                                                                                                    "operator_name": "HASH_JOIN",
                                                                                                                    "cpu_time": 0.25708407200000033,
                                                                                                                    "extra_info": {
                                                                                                                        "Join Type": "RIGHT",
                                                                                                                        "Conditions": "userid = id",
                                                                                                                        "Estimated Cardinality": "12744093"
                                                                                                                    },
                                                                                                                    "cumulative_cardinality": 2589852,
                                                                                                                    "operator_type": "HASH_JOIN",
                                                                                                                    "operator_cardinality": 1288855,
                                                                                                                    "cumulative_rows_scanned": 14004803,
                                                                                                                    "operator_rows_scanned": 0,
                                                                                                                    "operator_timing": 0.08476859700000006,
                                                                                                                    "result_set_size": 12888550,
                                                                                                                    "children": [
                                                                                                                        {
                                                                                                                            "operator_name": "READ_PARQUET ",
                                                                                                                            "cpu_time": 0.13776258700000027,
                                                                                                                            "extra_info": {
                                                                                                                                "Function": "READ_PARQUET",
                                                                                                                                "Projections": [
                                                                                                                                    "votetypeid",
                                                                                                                                    "userid"
                                                                                                                                ],
                                                                                                                                "Estimated Cardinality": "12744093"
                                                                                                                            },
                                                                                                                            "cumulative_cardinality": 40287,
                                                                                                                            "operator_type": "TABLE_SCAN",
                                                                                                                            "operator_cardinality": 40287,
                                                                                                                            "cumulative_rows_scanned": 12744093,
                                                                                                                            "operator_rows_scanned": 12744093,
                                                                                                                            "operator_timing": 0.13776258700000027,
                                                                                                                            "result_set_size": 241722,
                                                                                                                            "children": []
                                                                                                                        },
                                                                                                                        {
                                                                                                                            "operator_name": "READ_PARQUET ",
                                                                                                                            "cpu_time": 0.034552888000000004,
                                                                                                                            "extra_info": {
                                                                                                                                "Function": "READ_PARQUET",
                                                                                                                                "Projections": [
                                                                                                                                    "id",
                                                                                                                                    "reputation"
                                                                                                                                ],
                                                                                                                                "Estimated Cardinality": "1260710"
                                                                                                                            },
                                                                                                                            "cumulative_cardinality": 1260710,
                                                                                                                            "operator_type": "TABLE_SCAN",
                                                                                                                            "operator_cardinality": 1260710,
                                                                                                                            "cumulative_rows_scanned": 1260710,
                                                                                                                            "operator_rows_scanned": 1260710,
                                                                                                                            "operator_timing": 0.034552888000000004,
                                                                                                                            "result_set_size": 10085680,
                                                                                                                            "children": []
                                                                                                                        }
                                                                                                                    ]
                                                                                                                }
                                                                                                            ]
                                                                                                        }
                                                                                                    ]
                                                                                                }
                                                                                            ]
                                                                                        }
                                                                                    ]
                                                                                }
                                                                            ]
                                                                        }
                                                                    ]
                                                                }
                                                            ]
                                                        }
                                                    ]
                                                }
                                            ]
                                        }
                                    ]
                                }
                            ]
                        }
                    ]
                }
            ]
        }
    ]
}