{
    "rows_returned": 2419,
    "query_name": "\nWITH RankedPosts AS (\n    SELECT \n        p.Id,\n        p.Title,\n        p.CreationDate,\n        p.OwnerUserId,\n        p.Score,\n        p.ViewCount,\n        ROW_NUMBER() OVER (PARTITION BY p.OwnerUserId ORDER BY p.Score DESC) AS rn,\n        COUNT(*) OVER (PARTITION BY p.OwnerUserId) AS total_posts\n    FROM \n        Posts p\n    WHERE \n        p.PostTypeId = 1 AND \n        p.CreationDate >= TIMESTAMP '2024-10-01 12:34:56' - INTERVAL '1 year'\n),\nUserBadges AS (\n    SELECT \n        u.Id AS UserId,\n        COUNT(b.Id) AS BadgeCount,\n        MAX(b.Class) AS HighestBadgeClass\n    FROM \n        Users u\n    LEFT JOIN \n        Badges b ON u.Id = b.UserId\n    GROUP BY \n        u.Id\n),\nPostVoteStats AS (\n    SELECT \n        v.PostId,\n        SUM(CASE WHEN vt.Name = 'UpMod' THEN 1 WHEN vt.Name = 'DownMod' THEN -1 ELSE 0 END) AS VoteScore\n    FROM \n        Votes v\n    JOIN \n        VoteTypes vt ON v.VoteTypeId = vt.Id\n    GROUP BY \n        v.PostId\n)\nSELECT \n    up.DisplayName,\n    COUNT(DISTINCT rp.Id) AS TotalQuestions,\n    SUM(COALESCE(pvs.VoteScore, 0)) AS TotalVotes,\n    ub.BadgeCount,\n    CASE \n        WHEN ub.HighestBadgeClass IS NULL THEN 'No Badge'\n        ELSE CASE \n            WHEN ub.HighestBadgeClass = 1 THEN 'Gold'\n            WHEN ub.HighestBadgeClass = 2 THEN 'Silver'\n            ELSE 'Bronze'\n        END\n    END AS HighestBadge\nFROM \n    Users up\nLEFT JOIN \n    RankedPosts rp ON up.Id = rp.OwnerUserId\nLEFT JOIN \n    UserBadges ub ON up.Id = ub.UserId\nLEFT JOIN \n    PostVoteStats pvs ON rp.Id = pvs.PostId\nGROUP BY \n    up.Id, up.DisplayName, ub.BadgeCount, ub.HighestBadgeClass\nHAVING \n    COUNT(DISTINCT rp.Id) > 5 \nORDER BY \n    TotalVotes DESC, TotalQuestions DESC;\n",
    "blocked_thread_time": 0.0,
    "cpu_time": 2.6213232200000007,
    "extra_info": {},
    "cumulative_cardinality": 61164161,
    "cumulative_rows_scanned": 21437368,
    "result_set_size": 154816,
    "latency": 3.076848497,
    "children": [
        {
            "operator_name": "PROJECTION",
            "cpu_time": 2.6213232200000007,
            "extra_info": {
                "Projections": [
                    "#0",
                    "#1",
                    "#2",
                    "#3",
                    "__internal_decompress_string(#4)"
                ],
                "Estimated Cardinality": "252142"
            },
            "cumulative_cardinality": 61164161,
            "operator_type": "PROJECTION",
            "operator_cardinality": 2419,
            "cumulative_rows_scanned": 21437368,
            "operator_rows_scanned": 0,
            "operator_timing": 0.000025146999999999998,
            "result_set_size": 154816,
            "children": [
                {
                    "operator_name": "ORDER_BY",
                    "cpu_time": 2.6212980730000006,
                    "extra_info": {
                        "Order By": [
                            "sum(COALESCE(pvs.VoteScore, 0)) DESC",
                            "count(DISTINCT rp.Id) DESC"
                        ]
                    },
                    "cumulative_cardinality": 61161742,
                    "operator_type": "ORDER_BY",
                    "operator_cardinality": 2419,
                    "cumulative_rows_scanned": 21437368,
                    "operator_rows_scanned": 0,
                    "operator_timing": 0.000324105,
                    "result_set_size": 154816,
                    "children": [
                        {
                            "operator_name": "PROJECTION",
                            "cpu_time": 2.620973968000001,
                            "extra_info": {
                                "Projections": [
                                    "#0",
                                    "#1",
                                    "#2",
                                    "#3",
                                    "__internal_compress_string_hugeint(#4)"
                                ],
                                "Estimated Cardinality": "252142"
                            },
                            "cumulative_cardinality": 61159323,
                            "operator_type": "PROJECTION",
                            "operator_cardinality": 2419,
                            "cumulative_rows_scanned": 21437368,
                            "operator_rows_scanned": 0,
                            "operator_timing": 0.000013473000000000001,
                            "result_set_size": 154816,
                            "children": [
                                {
                                    "operator_name": "PROJECTION",
                                    "cpu_time": 2.6209604950000007,
                                    "extra_info": {
                                        "Projections": [
                                            "displayname",
                                            "TotalQuestions",
                                            "TotalVotes",
                                            "BadgeCount",
                                            "HighestBadge"
                                        ],
                                        "Estimated Cardinality": "252142"
                                    },
                                    "cumulative_cardinality": 61156904,
                                    "operator_type": "PROJECTION",
                                    "operator_cardinality": 2419,
                                    "cumulative_rows_scanned": 21437368,
                                    "operator_rows_scanned": 0,
                                    "operator_timing": 0.000055373,
                                    "result_set_size": 154816,
                                    "children": [
                                        {
                                            "operator_name": "PROJECTION",
                                            "cpu_time": 2.620905122000001,
                                            "extra_info": {
                                                "Projections": [
                                                    "#1",
                                                    "#2",
                                                    "#3",
                                                    "#4",
                                                    "#5"
                                                ],
                                                "Estimated Cardinality": "252142"
                                            },
                                            "cumulative_cardinality": 61154485,
                                            "operator_type": "PROJECTION",
                                            "operator_cardinality": 2419,
                                            "cumulative_rows_scanned": 21437368,
                                            "operator_rows_scanned": 0,
                                            "operator_timing": 0.0000075840000000000006,
                                            "result_set_size": 120950,
                                            "children": [
                                                {
                                                    "operator_name": "FILTER",
                                                    "cpu_time": 2.620897538000001,
                                                    "extra_info": {
                                                        "Expression": "(count(DISTINCT id) > 5)",
                                                        "Estimated Cardinality": "252142"
                                                    },
                                                    "cumulative_cardinality": 61152066,
                                                    "operator_type": "FILTER",
                                                    "operator_cardinality": 2419,
                                                    "cumulative_rows_scanned": 21437368,
                                                    "operator_rows_scanned": 0,
                                                    "operator_timing": 0.001984011999999997,
                                                    "result_set_size": 130626,
                                                    "children": [
                                                        {
                                                            "operator_name": "HASH_GROUP_BY",
                                                            "cpu_time": 2.618913526000001,
                                                            "extra_info": {
                                                                "Groups": [
                                                                    "#0",
                                                                    "#1",
                                                                    "#2",
                                                                    "#3"
                                                                ],
                                                                "Aggregates": [
                                                                    "count(DISTINCT #4)",
                                                                    "sum(#5)"
                                                                ],
                                                                "Estimated Cardinality": "1260710"
                                                            },
                                                            "cumulative_cardinality": 61149647,
                                                            "operator_type": "HASH_GROUP_BY",
                                                            "operator_cardinality": 1260710,
                                                            "cumulative_rows_scanned": 21437368,
                                                            "operator_rows_scanned": 0,
                                                            "operator_timing": 0.5873598299999999,
                                                            "result_set_size": 68078340,
                                                            "children": [
                                                                {
                                                                    "operator_name": "PROJECTION",
                                                                    "cpu_time": 2.031553696000001,
                                                                    "extra_info": {
                                                                        "Projections": [
                                                                            "id",
                                                                            "displayname",
                                                                            "BadgeCount",
                                                                            "HighestBadgeClass",
                                                                            "id",
                                                                            "COALESCE(VoteScore, 0)"
                                                                        ],
                                                                        "Estimated Cardinality": "6372046"
                                                                    },
                                                                    "cumulative_cardinality": 59888937,
                                                                    "operator_type": "PROJECTION",
                                                                    "operator_cardinality": 1305850,
                                                                    "cumulative_rows_scanned": 21437368,
                                                                    "operator_rows_scanned": 0,
                                                                    "operator_timing": 0.011195594999999994,
                                                                    "result_set_size": 65292500,
                                                                    "children": [
                                                                        {
                                                                            "operator_name": "HASH_JOIN",
                                                                            "cpu_time": 2.020358101000001,
                                                                            "extra_info": {
                                                                                "Join Type": "RIGHT",
                                                                                "Conditions": "postid = id",
                                                                                "Estimated Cardinality": "6372046"
                                                                            },
                                                                            "cumulative_cardinality": 58583087,
                                                                            "operator_type": "HASH_JOIN",
                                                                            "operator_cardinality": 1305850,
                                                                            "cumulative_rows_scanned": 21437368,
                                                                            "operator_rows_scanned": 0,
                                                                            "operator_timing": 0.14537203299999998,
                                                                            "result_set_size": 65292500,
                                                                            "children": [
                                                                                {
                                                                                    "operator_name": "HASH_GROUP_BY",
                                                                                    "cpu_time": 1.1258540350000008,
                                                                                    "extra_info": {
                                                                                        "Groups": "#0",
                                                                                        "Aggregates": "sum(#1)",
                                                                                        "Estimated Cardinality": "6372046"
                                                                                    },
                                                                                    "cumulative_cardinality": 42197521,
                                                                                    "operator_type": "HASH_GROUP_BY",
                                                                                    "operator_cardinality": 3965227,
                                                                                    "cumulative_rows_scanned": 12744108,
                                                                                    "operator_rows_scanned": 0,
                                                                                    "operator_timing": 0.7056332550000004,
                                                                                    "result_set_size": 79304540,
                                                                                    "children": [
                                                                                        {
                                                                                            "operator_name": "PROJECTION",
                                                                                            "cpu_time": 0.4202207800000004,
                                                                                            "extra_info": {
                                                                                                "Projections": [
                                                                                                    "postid",
                                                                                                    "CASE  WHEN ((name = 'UpMod')) THEN (1) WHEN ((name = 'DownMod')) THEN (-1) ELSE 0 END"
                                                                                                ],
                                                                                                "Estimated Cardinality": "12744093"
                                                                                            },
                                                                                            "cumulative_cardinality": 38232294,
                                                                                            "operator_type": "PROJECTION",
                                                                                            "operator_cardinality": 12744093,
                                                                                            "cumulative_rows_scanned": 12744108,
                                                                                            "operator_rows_scanned": 0,
                                                                                            "operator_timing": 0.1277065019999998,
                                                                                            "result_set_size": 101952744,
                                                                                            "children": [
                                                                                                {
                                                                                                    "operator_name": "HASH_JOIN",
                                                                                                    "cpu_time": 0.2925142780000006,
                                                                                                    "extra_info": {
                                                                                                        "Join Type": "INNER",
                                                                                                        "Conditions": "votetypeid = id",
                                                                                                        "Estimated Cardinality": "12744093"
                                                                                                    },
                                                                                                    "cumulative_cardinality": 25488201,
                                                                                                    "operator_type": "HASH_JOIN",
                                                                                                    "operator_cardinality": 12744093,
                                                                                                    "cumulative_rows_scanned": 12744108,
                                                                                                    "operator_rows_scanned": 0,
                                                                                                    "operator_timing": 0.036918651000000094,
                                                                                                    "result_set_size": 254881860,
                                                                                                    "children": [
                                                                                                        {
                                                                                                            "operator_name": "READ_PARQUET ",
                                                                                                            "cpu_time": 0.25527456700000056,
                                                                                                            "extra_info": {
                                                                                                                "Function": "READ_PARQUET",
                                                                                                                "Projections": [
                                                                                                                    "postid",
                                                                                                                    "votetypeid"
                                                                                                                ],
                                                                                                                "Estimated Cardinality": "12744093"
                                                                                                            },
                                                                                                            "cumulative_cardinality": 12744093,
                                                                                                            "operator_type": "TABLE_SCAN",
                                                                                                            "operator_cardinality": 12744093,
                                                                                                            "cumulative_rows_scanned": 12744093,
                                                                                                            "operator_rows_scanned": 12744093,
                                                                                                            "operator_timing": 0.25527456700000056,
                                                                                                            "result_set_size": 76464558,
                                                                                                            "children": []
                                                                                                        },
                                                                                                        {
                                                                                                            "operator_name": "READ_PARQUET ",
                                                                                                            "cpu_time": 0.00032105999999999997,
                                                                                                            "extra_info": {
                                                                                                                "Function": "READ_PARQUET",
                                                                                                                "Projections": [
                                                                                                                    "id",
                                                                                                                    "name"
                                                                                                                ],
                                                                                                                "Estimated Cardinality": "15"
                                                                                                            },
                                                                                                            "cumulative_cardinality": 15,
                                                                                                            "operator_type": "TABLE_SCAN",
                                                                                                            "operator_cardinality": 15,
                                                                                                            "cumulative_rows_scanned": 15,
                                                                                                            "operator_rows_scanned": 15,
                                                                                                            "operator_timing": 0.00032105999999999997,
                                                                                                            "result_set_size": 270,
                                                                                                            "children": []
                                                                                                        }
                                                                                                    ]
                                                                                                }
                                                                                            ]
                                                                                        }
                                                                                    ]
                                                                                },
                                                                                {
                                                                                    "operator_name": "HASH_JOIN",
                                                                                    "cpu_time": 0.7491320330000002,
                                                                                    "extra_info": {
                                                                                        "Join Type": "LEFT",
                                                                                        "Conditions": "id = UserId",
                                                                                        "Estimated Cardinality": "1260710"
                                                                                    },
                                                                                    "cumulative_cardinality": 15079716,
                                                                                    "operator_type": "HASH_JOIN",
                                                                                    "operator_cardinality": 1305850,
                                                                                    "cumulative_rows_scanned": 8693260,
                                                                                    "operator_rows_scanned": 0,
                                                                                    "operator_timing": 0.1330790300000001,
                                                                                    "result_set_size": 44398900,
                                                                                    "children": [
                                                                                        {
                                                                                            "operator_name": "HASH_JOIN",
                                                                                            "cpu_time": 0.16010255600000006,
                                                                                            "extra_info": {
                                                                                                "Join Type": "LEFT",
                                                                                                "Conditions": "id = owneruserid",
                                                                                                "Estimated Cardinality": "1260710"
                                                                                            },
                                                                                            "cumulative_cardinality": 2863896,
                                                                                            "operator_type": "HASH_JOIN",
                                                                                            "operator_cardinality": 1305850,
                                                                                            "cumulative_rows_scanned": 5110826,
                                                                                            "operator_rows_scanned": 0,
                                                                                            "operator_timing": 0.024049885999999982,
                                                                                            "result_set_size": 31340400,
                                                                                            "children": [
                                                                                                {
                                                                                                    "operator_name": "READ_PARQUET ",
                                                                                                    "cpu_time": 0.08822418100000008,
                                                                                                    "extra_info": {
                                                                                                        "Function": "READ_PARQUET",
                                                                                                        "Projections": [
                                                                                                            "id",
                                                                                                            "displayname"
                                                                                                        ],
                                                                                                        "Estimated Cardinality": "1260710"
                                                                                                    },
                                                                                                    "cumulative_cardinality": 1260710,
                                                                                                    "operator_type": "TABLE_SCAN",
                                                                                                    "operator_cardinality": 1260710,
                                                                                                    "cumulative_rows_scanned": 1260710,
                                                                                                    "operator_rows_scanned": 1260710,
                                                                                                    "operator_timing": 0.08822418100000008,
                                                                                                    "result_set_size": 25214200,
                                                                                                    "children": []
                                                                                                },
                                                                                                {
                                                                                                    "operator_name": "PROJECTION",
                                                                                                    "cpu_time": 0.047828488999999995,
                                                                                                    "extra_info": {
                                                                                                        "Projections": [
                                                                                                            "id",
                                                                                                            "owneruserid"
                                                                                                        ],
                                                                                                        "Estimated Cardinality": "770023"
                                                                                                    },
                                                                                                    "cumulative_cardinality": 297336,
                                                                                                    "operator_type": "PROJECTION",
                                                                                                    "operator_cardinality": 74334,
                                                                                                    "cumulative_rows_scanned": 3850116,
                                                                                                    "operator_rows_scanned": 0,
                                                                                                    "operator_timing": 0.000006237999999999999,
                                                                                                    "result_set_size": 594672,
                                                                                                    "children": [
                                                                                                        {
                                                                                                            "operator_name": "PROJECTION",
                                                                                                            "cpu_time": 0.047822250999999996,
                                                                                                            "extra_info": {
                                                                                                                "Projections": [
                                                                                                                    "#0",
                                                                                                                    "#1",
                                                                                                                    "#2",
                                                                                                                    "#3",
                                                                                                                    "#4"
                                                                                                                ],
                                                                                                                "Estimated Cardinality": "770023"
                                                                                                            },
                                                                                                            "cumulative_cardinality": 223002,
                                                                                                            "operator_type": "PROJECTION",
                                                                                                            "operator_cardinality": 74334,
                                                                                                            "cumulative_rows_scanned": 3850116,
                                                                                                            "operator_rows_scanned": 0,
                                                                                                            "operator_timing": 0.000011124999999999998,
                                                                                                            "result_set_size": 2081352,
                                                                                                            "children": [
                                                                                                                {
                                                                                                                    "operator_name": "WINDOW",
                                                                                                                    "cpu_time": 0.047811125999999995,
                                                                                                                    "extra_info": {
                                                                                                                        "Projections": [
                                                                                                                            "ROW_NUMBER() OVER (PARTITION BY owneruserid ORDER BY score DESC NULLS LAST)",
                                                                                                                            "count() OVER (PARTITION BY owneruserid)"
                                                                                                                        ]
                                                                                                                    },
                                                                                                                    "cumulative_cardinality": 148668,
                                                                                                                    "operator_type": "WINDOW",
                                                                                                                    "operator_cardinality": 74334,
                                                                                                                    "cumulative_rows_scanned": 3850116,
                                                                                                                    "operator_rows_scanned": 0,
                                                                                                                    "operator_timing": 0.012036266,
                                                                                                                    "result_set_size": 2081352,
                                                                                                                    "children": [
                                                                                                                        {
                                                                                                                            "operator_name": "READ_PARQUET ",
                                                                                                                            "cpu_time": 0.03577485999999999,
                                                                                                                            "extra_info": {
                                                                                                                                "Function": "READ_PARQUET",
                                                                                                                                "Projections": [
                                                                                                                                    "id",
                                                                                                                                    "score",
                                                                                                                                    "owneruserid"
                                                                                                                                ],
                                                                                                                                "Filters": [
                                                                                                                                    "posttypeid=1",
                                                                                                                                    "creationdate>='2023-10-01 12:34:56'::TIMESTAMP"
                                                                                                                                ],
                                                                                                                                "Estimated Cardinality": "770023"
                                                                                                                            },
                                                                                                                            "cumulative_cardinality": 74334,
                                                                                                                            "operator_type": "TABLE_SCAN",
                                                                                                                            "operator_cardinality": 74334,
                                                                                                                            "cumulative_rows_scanned": 3850116,
                                                                                                                            "operator_rows_scanned": 3850116,
                                                                                                                            "operator_timing": 0.03577485999999999,
                                                                                                                            "result_set_size": 892008,
                                                                                                                            "children": []
                                                                                                                        }
                                                                                                                    ]
                                                                                                                }
                                                                                                            ]
                                                                                                        }
                                                                                                    ]
                                                                                                }
                                                                                            ]
                                                                                        },
                                                                                        {
                                                                                            "operator_name": "HASH_GROUP_BY",
                                                                                            "cpu_time": 0.4559504470000001,
                                                                                            "extra_info": {
                                                                                                "Groups": "#0",
                                                                                                "Aggregates": [
                                                                                                    "count(#1)",
                                                                                                    "max(#2)"
                                                                                                ],
                                                                                                "Estimated Cardinality": "1260710"
                                                                                            },
                                                                                            "cumulative_cardinality": 10909970,
                                                                                            "operator_type": "HASH_GROUP_BY",
                                                                                            "operator_cardinality": 1260710,
                                                                                            "cumulative_rows_scanned": 3582434,
                                                                                            "operator_rows_scanned": 0,
                                                                                            "operator_timing": 0.20650672600000003,
                                                                                            "result_set_size": 17649940,
                                                                                            "children": [
                                                                                                {
                                                                                                    "operator_name": "PROJECTION",
                                                                                                    "cpu_time": 0.2494437210000001,
                                                                                                    "extra_info": {
                                                                                                        "Projections": [
                                                                                                            "id",
                                                                                                            "id",
                                                                                                            "class"
                                                                                                        ],
                                                                                                        "Estimated Cardinality": "2321724"
                                                                                                    },
                                                                                                    "cumulative_cardinality": 9649260,
                                                                                                    "operator_type": "PROJECTION",
                                                                                                    "operator_cardinality": 3033413,
                                                                                                    "cumulative_rows_scanned": 3582434,
                                                                                                    "operator_rows_scanned": 0,
                                                                                                    "operator_timing": 0.00043543500000000224,
                                                                                                    "result_set_size": 30334130,
                                                                                                    "children": [
                                                                                                        {
                                                                                                            "operator_name": "HASH_JOIN",
                                                                                                            "cpu_time": 0.24900828600000008,
                                                                                                            "extra_info": {
                                                                                                                "Join Type": "RIGHT",
                                                                                                                "Conditions": "userid = id",
                                                                                                                "Estimated Cardinality": "2321724"
                                                                                                            },
                                                                                                            "cumulative_cardinality": 6615847,
                                                                                                            "operator_type": "HASH_JOIN",
                                                                                                            "operator_cardinality": 3033413,
                                                                                                            "cumulative_rows_scanned": 3582434,
                                                                                                            "operator_rows_scanned": 0,
                                                                                                            "operator_timing": 0.18385936900000002,
                                                                                                            "result_set_size": 30334130,
                                                                                                            "children": [
                                                                                                                {
                                                                                                                    "operator_name": "READ_PARQUET ",
                                                                                                                    "cpu_time": 0.05806443300000003,
                                                                                                                    "extra_info": {
                                                                                                                        "Function": "READ_PARQUET",
                                                                                                                        "Projections": [
                                                                                                                            "id",
                                                                                                                            "userid",
                                                                                                                            "class"
                                                                                                                        ],
                                                                                                                        "Estimated Cardinality": "2321724"
                                                                                                                    },
                                                                                                                    "cumulative_cardinality": 2321724,
                                                                                                                    "operator_type": "TABLE_SCAN",
                                                                                                                    "operator_cardinality": 2321724,
                                                                                                                    "cumulative_rows_scanned": 2321724,
                                                                                                                    "operator_rows_scanned": 2321724,
                                                                                                                    "operator_timing": 0.05806443300000003,
                                                                                                                    "result_set_size": 23217240,
                                                                                                                    "children": []
                                                                                                                },
                                                                                                                {
                                                                                                                    "operator_name": "READ_PARQUET ",
                                                                                                                    "cpu_time": 0.007084484000000016,
                                                                                                                    "extra_info": {
                                                                                                                        "Function": "READ_PARQUET",
                                                                                                                        "Projections": "id",
                                                                                                                        "Estimated Cardinality": "1260710"
                                                                                                                    },
                                                                                                                    "cumulative_cardinality": 1260710,
                                                                                                                    "operator_type": "TABLE_SCAN",
                                                                                                                    "operator_cardinality": 1260710,
                                                                                                                    "cumulative_rows_scanned": 1260710,
                                                                                                                    "operator_rows_scanned": 1260710,
                                                                                                                    "operator_timing": 0.007084484000000016,
                                                                                                                    "result_set_size": 5042840,
                                                                                                                    "children": []
                                                                                                                }
                                                                                                            ]
                                                                                                        }
                                                                                                    ]
                                                                                                }
                                                                                            ]
                                                                                        }
                                                                                    ]
                                                                                }
                                                                            ]
                                                                        }
                                                                    ]
                                                                }
                                                            ]
                                                        }
                                                    ]
                                                }
                                            ]
                                        }
                                    ]
                                }
                            ]
                        }
                    ]
                }
            ]
        }
    ]
}