{
    "rows_returned": 10,
    "query_name": "\nWITH RankedPosts AS (\n    SELECT \n        p.Id AS PostId, \n        p.Title, \n        p.ViewCount, \n        p.LastActivityDate, \n        p.Score, \n        ROW_NUMBER() OVER (PARTITION BY p.OwnerUserId ORDER BY p.Score DESC) AS PostRank,\n        p.OwnerUserId\n    FROM \n        Posts p\n    WHERE \n        p.PostTypeId = 1 \n),\nUserDetails AS (\n    SELECT \n        u.Id AS UserId,\n        u.DisplayName,\n        u.Reputation,\n        COUNT(b.Id) AS BadgeCount,\n        SUM(CASE WHEN b.Class = 1 THEN 1 ELSE 0 END) AS GoldBadges,\n        SUM(CASE WHEN b.Class = 2 THEN 1 ELSE 0 END) AS SilverBadges,\n        SUM(CASE WHEN b.Class = 3 THEN 1 ELSE 0 END) AS BronzeBadges\n    FROM \n        Users u\n    LEFT JOIN \n        Badges b ON u.Id = b.UserId\n    GROUP BY \n        u.Id, u.DisplayName, u.Reputation\n),\nClosedPosts AS (\n    SELECT \n        ph.PostId, \n        COUNT(*) AS CloseCount, \n        MAX(ph.CreationDate) AS LastClosedDate\n    FROM \n        PostHistory ph\n    WHERE \n        ph.PostHistoryTypeId = 10 \n    GROUP BY \n        ph.PostId\n),\nPostMetrics AS (\n    SELECT \n        rp.PostId,\n        rp.Title,\n        ud.DisplayName,\n        ud.Reputation,\n        ud.BadgeCount,\n        ud.GoldBadges,\n        ud.SilverBadges,\n        ud.BronzeBadges,\n        COALESCE(cp.CloseCount, 0) AS CloseCount,\n        COALESCE(cp.LastClosedDate, DATE '1900-01-01') AS LastClosedDate,\n        rp.ViewCount\n    FROM \n        RankedPosts rp\n    JOIN \n        UserDetails ud ON rp.OwnerUserId = ud.UserId\n    LEFT JOIN \n        ClosedPosts cp ON rp.PostId = cp.PostId\n)\nSELECT \n    pm.Title,\n    pm.DisplayName,\n    pm.Reputation,\n    pm.BadgeCount,\n    pm.GoldBadges,\n    pm.SilverBadges,\n    pm.BronzeBadges,\n    pm.CloseCount,\n    pm.LastClosedDate,\n    pm.ViewCount\nFROM \n    PostMetrics pm\nWHERE \n    pm.CloseCount > 0 \n    AND pm.Reputation >= 1000 \nORDER BY \n    pm.ViewCount DESC, \n    pm.Reputation DESC\nLIMIT 10;\n",
    "blocked_thread_time": 0.0,
    "cpu_time": 1.4203668539999992,
    "extra_info": {},
    "cumulative_cardinality": 11577455,
    "cumulative_rows_scanned": 19227794,
    "result_set_size": 1120,
    "latency": 1.519347743,
    "children": [
        {
            "operator_name": "STREAMING_LIMIT",
            "cpu_time": 1.4203668539999992,
            "extra_info": {},
            "cumulative_cardinality": 11577455,
            "operator_type": "STREAMING_LIMIT",
            "operator_cardinality": 10,
            "cumulative_rows_scanned": 19227794,
            "operator_rows_scanned": 0,
            "operator_timing": 0.0000013330000000000002,
            "result_set_size": 1120,
            "children": [
                {
                    "operator_name": "ORDER_BY",
                    "cpu_time": 1.4203655209999992,
                    "extra_info": {
                        "Order By": [
                            "pm.ViewCount DESC",
                            "pm.Reputation DESC"
                        ]
                    },
                    "cumulative_cardinality": 11577445,
                    "operator_type": "ORDER_BY",
                    "operator_cardinality": 4096,
                    "cumulative_rows_scanned": 19227794,
                    "operator_rows_scanned": 0,
                    "operator_timing": 0.0030885459999999997,
                    "result_set_size": 458752,
                    "children": [
                        {
                            "operator_name": "PROJECTION",
                            "cpu_time": 1.4172769749999992,
                            "extra_info": {
                                "Projections": [
                                    "title",
                                    "displayname",
                                    "reputation",
                                    "BadgeCount",
                                    "GoldBadges",
                                    "SilverBadges",
                                    "BronzeBadges",
                                    "CloseCount",
                                    "LastClosedDate",
                                    "viewcount"
                                ],
                                "Estimated Cardinality": "47180"
                            },
                            "cumulative_cardinality": 11573349,
                            "operator_type": "PROJECTION",
                            "operator_cardinality": 28688,
                            "cumulative_rows_scanned": 19227794,
                            "operator_rows_scanned": 0,
                            "operator_timing": 0.000520052,
                            "result_set_size": 3213056,
                            "children": [
                                {
                                    "operator_name": "HASH_JOIN",
                                    "cpu_time": 1.4167569229999992,
                                    "extra_info": {
                                        "Join Type": "INNER",
                                        "Conditions": "UserId = owneruserid",
                                        "Estimated Cardinality": "47180"
                                    },
                                    "cumulative_cardinality": 11544661,
                                    "operator_type": "HASH_JOIN",
                                    "operator_cardinality": 28688,
                                    "cumulative_rows_scanned": 19227794,
                                    "operator_rows_scanned": 0,
                                    "operator_timing": 0.01667218299999999,
                                    "result_set_size": 3213056,
                                    "children": [
                                        {
                                            "operator_name": "HASH_GROUP_BY",
                                            "cpu_time": 0.19110442499999997,
                                            "extra_info": {
                                                "Groups": [
                                                    "#0",
                                                    "#1",
                                                    "#2"
                                                ],
                                                "Aggregates": [
                                                    "count(#3)",
                                                    "sum(#4)",
                                                    "sum(#5)",
                                                    "sum(#6)"
                                                ],
                                                "Estimated Cardinality": "1260710"
                                            },
                                            "cumulative_cardinality": 4238868,
                                            "operator_type": "HASH_GROUP_BY",
                                            "operator_cardinality": 11220,
                                            "cumulative_rows_scanned": 3582434,
                                            "operator_rows_scanned": 0,
                                            "operator_timing": 0.034910782,
                                            "result_set_size": 897600,
                                            "children": [
                                                {
                                                    "operator_name": "PROJECTION",
                                                    "cpu_time": 0.15619364299999997,
                                                    "extra_info": {
                                                        "Projections": [
                                                            "id",
                                                            "displayname",
                                                            "reputation",
                                                            "id",
                                                            "CASE  WHEN ((class = 1)) THEN (1) ELSE 0 END",
                                                            "CASE  WHEN ((class = 2)) THEN (1) ELSE 0 END",
                                                            "CASE  WHEN ((class = 3)) THEN (1) ELSE 0 END"
                                                        ],
                                                        "Estimated Cardinality": "2321724"
                                                    },
                                                    "cumulative_cardinality": 4227648,
                                                    "operator_type": "PROJECTION",
                                                    "operator_cardinality": 633076,
                                                    "cumulative_rows_scanned": 3582434,
                                                    "operator_rows_scanned": 0,
                                                    "operator_timing": 0.004875165999999999,
                                                    "result_set_size": 25323040,
                                                    "children": [
                                                        {
                                                            "operator_name": "FILTER",
                                                            "cpu_time": 0.15131847699999998,
                                                            "extra_info": {
                                                                "Expression": "(id <= 1416539)",
                                                                "Estimated Cardinality": "2321724"
                                                            },
                                                            "cumulative_cardinality": 3594572,
                                                            "operator_type": "FILTER",
                                                            "operator_cardinality": 633076,
                                                            "cumulative_rows_scanned": 3582434,
                                                            "operator_rows_scanned": 0,
                                                            "operator_timing": 0.0010890500000000005,
                                                            "result_set_size": 18992280,
                                                            "children": [
                                                                {
                                                                    "operator_name": "HASH_JOIN",
                                                                    "cpu_time": 0.15022942699999997,
                                                                    "extra_info": {
                                                                        "Join Type": "RIGHT",
                                                                        "Conditions": "userid = id",
                                                                        "Estimated Cardinality": "2321724"
                                                                    },
                                                                    "cumulative_cardinality": 2961496,
                                                                    "operator_type": "HASH_JOIN",
                                                                    "operator_cardinality": 633076,
                                                                    "cumulative_rows_scanned": 3582434,
                                                                    "operator_rows_scanned": 0,
                                                                    "operator_timing": 0.045314513999999986,
                                                                    "result_set_size": 18992280,
                                                                    "children": [
                                                                        {
                                                                            "operator_name": "READ_PARQUET ",
                                                                            "cpu_time": 0.05167802399999996,
                                                                            "extra_info": {
                                                                                "Function": "READ_PARQUET",
                                                                                "Projections": [
                                                                                    "id",
                                                                                    "userid",
                                                                                    "class"
                                                                                ],
                                                                                "Estimated Cardinality": "2321724"
                                                                            },
                                                                            "cumulative_cardinality": 2317200,
                                                                            "operator_type": "TABLE_SCAN",
                                                                            "operator_cardinality": 2317200,
                                                                            "cumulative_rows_scanned": 2321724,
                                                                            "operator_rows_scanned": 2321724,
                                                                            "operator_timing": 0.05167802399999996,
                                                                            "result_set_size": 23172000,
                                                                            "children": []
                                                                        },
                                                                        {
                                                                            "operator_name": "READ_PARQUET ",
                                                                            "cpu_time": 0.05323688900000001,
                                                                            "extra_info": {
                                                                                "Function": "READ_PARQUET",
                                                                                "Projections": [
                                                                                    "id",
                                                                                    "reputation",
                                                                                    "displayname"
                                                                                ],
                                                                                "Filters": "reputation>=1000",
                                                                                "Estimated Cardinality": "252142"
                                                                            },
                                                                            "cumulative_cardinality": 11220,
                                                                            "operator_type": "TABLE_SCAN",
                                                                            "operator_cardinality": 11220,
                                                                            "cumulative_rows_scanned": 1260710,
                                                                            "operator_rows_scanned": 1260710,
                                                                            "operator_timing": 0.05323688900000001,
                                                                            "result_set_size": 269280,
                                                                            "children": []
                                                                        }
                                                                    ]
                                                                }
                                                            ]
                                                        }
                                                    ]
                                                }
                                            ]
                                        },
                                        {
                                            "operator_name": "HASH_JOIN",
                                            "cpu_time": 1.2089803149999994,
                                            "extra_info": {
                                                "Join Type": "INNER",
                                                "Conditions": "PostId = postid",
                                                "Estimated Cardinality": "47180"
                                            },
                                            "cumulative_cardinality": 7277105,
                                            "operator_type": "HASH_JOIN",
                                            "operator_cardinality": 120507,
                                            "cumulative_rows_scanned": 15645360,
                                            "operator_rows_scanned": 0,
                                            "operator_timing": 0.03572441400000002,
                                            "result_set_size": 4820280,
                                            "children": [
                                                {
                                                    "operator_name": "PROJECTION",
                                                    "cpu_time": 0.8595028120000001,
                                                    "extra_info": {
                                                        "Projections": [
                                                            "PostId",
                                                            "title",
                                                            "viewcount",
                                                            "owneruserid"
                                                        ],
                                                        "Estimated Cardinality": "770023"
                                                    },
                                                    "cumulative_cardinality": 6672656,
                                                    "operator_type": "PROJECTION",
                                                    "operator_cardinality": 1668164,
                                                    "cumulative_rows_scanned": 3850116,
                                                    "operator_rows_scanned": 0,
                                                    "operator_timing": 0.00020770400000000026,
                                                    "result_set_size": 46708592,
                                                    "children": [
                                                        {
                                                            "operator_name": "PROJECTION",
                                                            "cpu_time": 0.8592951080000001,
                                                            "extra_info": {
                                                                "Projections": [
                                                                    "#0",
                                                                    "#1",
                                                                    "#2",
                                                                    "#3",
                                                                    "#4",
                                                                    "#5"
                                                                ],
                                                                "Estimated Cardinality": "770023"
                                                            },
                                                            "cumulative_cardinality": 5004492,
                                                            "operator_type": "PROJECTION",
                                                            "operator_cardinality": 1668164,
                                                            "cumulative_rows_scanned": 3850116,
                                                            "operator_rows_scanned": 0,
                                                            "operator_timing": 0.0002740000000000007,
                                                            "result_set_size": 66726560,
                                                            "children": [
                                                                {
                                                                    "operator_name": "WINDOW",
                                                                    "cpu_time": 0.8590211080000001,
                                                                    "extra_info": {
                                                                        "Projections": "ROW_NUMBER() OVER (PARTITION BY owneruserid ORDER BY score DESC NULLS LAST)"
                                                                    },
                                                                    "cumulative_cardinality": 3336328,
                                                                    "operator_type": "WINDOW",
                                                                    "operator_cardinality": 1668164,
                                                                    "cumulative_rows_scanned": 3850116,
                                                                    "operator_rows_scanned": 0,
                                                                    "operator_timing": 0.39296869700000003,
                                                                    "result_set_size": 66726560,
                                                                    "children": [
                                                                        {
                                                                            "operator_name": "READ_PARQUET ",
                                                                            "cpu_time": 0.4660524110000001,
                                                                            "extra_info": {
                                                                                "Function": "READ_PARQUET",
                                                                                "Projections": [
                                                                                    "id",
                                                                                    "score",
                                                                                    "viewcount",
                                                                                    "owneruserid",
                                                                                    "title"
                                                                                ],
                                                                                "Filters": "posttypeid=1",
                                                                                "Estimated Cardinality": "770023"
                                                                            },
                                                                            "cumulative_cardinality": 1668164,
                                                                            "operator_type": "TABLE_SCAN",
                                                                            "operator_cardinality": 1668164,
                                                                            "cumulative_rows_scanned": 3850116,
                                                                            "operator_rows_scanned": 3850116,
                                                                            "operator_timing": 0.4660524110000001,
                                                                            "result_set_size": 53381248,
                                                                            "children": []
                                                                        }
                                                                    ]
                                                                }
                                                            ]
                                                        }
                                                    ]
                                                },
                                                {
                                                    "operator_name": "FILTER",
                                                    "cpu_time": 0.3137530889999992,
                                                    "extra_info": {
                                                        "Expression": "(COALESCE(CloseCount, 0) > 0)",
                                                        "Estimated Cardinality": "235904"
                                                    },
                                                    "cumulative_cardinality": 483942,
                                                    "operator_type": "FILTER",
                                                    "operator_cardinality": 120507,
                                                    "cumulative_rows_scanned": 11795244,
                                                    "operator_rows_scanned": 0,
                                                    "operator_timing": 0.000990198,
                                                    "result_set_size": 2410140,
                                                    "children": [
                                                        {
                                                            "operator_name": "HASH_GROUP_BY",
                                                            "cpu_time": 0.3127628909999992,
                                                            "extra_info": {
                                                                "Groups": "#0",
                                                                "Aggregates": [
                                                                    "count_star()",
                                                                    "max(#1)"
                                                                ],
                                                                "Estimated Cardinality": "1179524"
                                                            },
                                                            "cumulative_cardinality": 363435,
                                                            "operator_type": "HASH_GROUP_BY",
                                                            "operator_cardinality": 120507,
                                                            "cumulative_rows_scanned": 11795244,
                                                            "operator_rows_scanned": 0,
                                                            "operator_timing": 0.02675917899999995,
                                                            "result_set_size": 2410140,
                                                            "children": [
                                                                {
                                                                    "operator_name": "PROJECTION",
                                                                    "cpu_time": 0.28600371199999924,
                                                                    "extra_info": {
                                                                        "Projections": [
                                                                            "postid",
                                                                            "creationdate"
                                                                        ],
                                                                        "Estimated Cardinality": "2359048"
                                                                    },
                                                                    "cumulative_cardinality": 242928,
                                                                    "operator_type": "PROJECTION",
                                                                    "operator_cardinality": 121464,
                                                                    "cumulative_rows_scanned": 11795244,
                                                                    "operator_rows_scanned": 0,
                                                                    "operator_timing": 0.0006659279999999993,
                                                                    "result_set_size": 1457568,
                                                                    "children": [
                                                                        {
                                                                            "operator_name": "READ_PARQUET ",
                                                                            "cpu_time": 0.28533778399999926,
                                                                            "extra_info": {
                                                                                "Function": "READ_PARQUET",
                                                                                "Projections": [
                                                                                    "postid",
                                                                                    "creationdate"
                                                                                ],
                                                                                "Filters": "posthistorytypeid=10",
                                                                                "Estimated Cardinality": "2359048"
                                                                            },
                                                                            "cumulative_cardinality": 121464,
                                                                            "operator_type": "TABLE_SCAN",
                                                                            "operator_cardinality": 121464,
                                                                            "cumulative_rows_scanned": 11795244,
                                                                            "operator_rows_scanned": 11795244,
                                                                            "operator_timing": 0.28533778399999926,
                                                                            "result_set_size": 1457568,
                                                                            "children": []
                                                                        }
                                                                    ]
                                                                }
                                                            ]
                                                        }
                                                    ]
                                                }
                                            ]
                                        }
                                    ]
                                }
                            ]
                        }
                    ]
                }
            ]
        }
    ]
}