{
    "rows_returned": 20,
    "query_name": "WITH RECURSIVE UserPostCounts AS (\n    SELECT \n        OwnerUserId,\n        COUNT(*) AS PostCount\n    FROM \n        Posts\n    WHERE \n        CreationDate >= cast('2024-10-01 12:34:56' as timestamp) - INTERVAL '1 year'\n    GROUP BY \n        OwnerUserId\n    UNION ALL\n    SELECT \n        UserId,\n        COUNT(*)\n    FROM \n        Comments\n    WHERE \n        CreationDate >= cast('2024-10-01 12:34:56' as timestamp) - INTERVAL '1 year'\n    GROUP BY \n        UserId\n),\nUserBadges AS (\n    SELECT \n        UserId,\n        COUNT(*) AS BadgeCount,\n        SUM(CASE \n            WHEN Class = 1 THEN 1 \n            ELSE 0 \n        END) AS GoldBadges,\n        SUM(CASE \n            WHEN Class = 2 THEN 1 \n            ELSE 0 \n        END) AS SilverBadges,\n        SUM(CASE \n            WHEN Class = 3 THEN 1 \n            ELSE 0 \n        END) AS BronzeBadges\n    FROM \n        Badges\n    GROUP BY \n        UserId\n),\nPostHistoryDetails AS (\n    SELECT \n        ph.UserId,\n        ph.PostId,\n        ph.CreationDate,\n        p.Title,\n        p.Score,\n        COUNT(DISTINCT c.Id) AS CommentCount\n    FROM \n        PostHistory ph\n    JOIN \n        Posts p ON ph.PostId = p.Id\n    LEFT JOIN \n        Comments c ON p.Id = c.PostId\n    GROUP BY \n        ph.UserId, ph.PostId, ph.CreationDate, p.Title, p.Score\n),\nVoteSummary AS (\n    SELECT \n        p.OwnerUserId,\n        SUM(CASE \n            WHEN v.VoteTypeId IN (2) THEN 1 \n            ELSE 0 \n        END) AS TotalUpVotes,\n        SUM(CASE \n            WHEN v.VoteTypeId IN (3) THEN 1 \n            ELSE 0 \n        END) AS TotalDownVotes\n    FROM \n        Posts p\n    LEFT JOIN \n        Votes v ON p.Id = v.PostId\n    GROUP BY \n        p.OwnerUserId\n)\nSELECT \n    u.Id AS UserId,\n    u.DisplayName,\n    u.Reputation,\n    COALESCE(UPC.PostCount, 0) AS PostsInLastYear,\n    COALESCE(UB.BadgeCount, 0) AS TotalBadges,\n    COALESCE(UB.GoldBadges, 0) AS GoldBadges,\n    COALESCE(UB.SilverBadges, 0) AS SilverBadges,\n    COALESCE(UB.BronzeBadges, 0) AS BronzeBadges,\n    COALESCE(PS.TotalUpVotes, 0) AS UpVotes,\n    COALESCE(PS.TotalDownVotes, 0) AS DownVotes,\n    COUNT(DISTINCT PHD.PostId) AS PostsWithHistory\nFROM \n    Users u\nLEFT JOIN \n    UserPostCounts UPC ON u.Id = UPC.OwnerUserId\nLEFT JOIN \n    UserBadges UB ON u.Id = UB.UserId\nLEFT JOIN \n    VoteSummary PS ON u.Id = PS.OwnerUserId\nLEFT JOIN \n    PostHistoryDetails PHD ON u.Id = PHD.UserId\nGROUP BY \n    u.Id, u.DisplayName, u.Reputation, UPC.PostCount, \n    UB.BadgeCount, UB.GoldBadges, UB.SilverBadges, \n    UB.BronzeBadges, PS.TotalUpVotes, PS.TotalDownVotes\nORDER BY \n    u.Reputation DESC\nLIMIT 20;",
    "blocked_thread_time": 0.0,
    "cpu_time": 13.469588848000006,
    "extra_info": {},
    "cumulative_cardinality": 252034675,
    "cumulative_rows_scanned": 54155763,
    "result_set_size": 2560,
    "latency": 16.727383679,
    "children": [
        {
            "operator_name": "STREAMING_LIMIT",
            "cpu_time": 13.469588848000006,
            "extra_info": {},
            "cumulative_cardinality": 252034675,
            "operator_type": "STREAMING_LIMIT",
            "operator_cardinality": 20,
            "cumulative_rows_scanned": 54155763,
            "operator_rows_scanned": 0,
            "operator_timing": 0.000002064,
            "result_set_size": 2560,
            "children": [
                {
                    "operator_name": "ORDER_BY",
                    "cpu_time": 13.469586784000006,
                    "extra_info": {
                        "Order By": "u.Reputation DESC"
                    },
                    "cumulative_cardinality": 252034655,
                    "operator_type": "ORDER_BY",
                    "operator_cardinality": 4096,
                    "cumulative_rows_scanned": 54155763,
                    "operator_rows_scanned": 0,
                    "operator_timing": 0.056080670999999985,
                    "result_set_size": 524288,
                    "children": [
                        {
                            "operator_name": "PROJECTION",
                            "cpu_time": 13.413506113000006,
                            "extra_info": {
                                "Projections": [
                                    "UserId",
                                    "displayname",
                                    "reputation",
                                    "PostsInLastYear",
                                    "TotalBadges",
                                    "GoldBadges",
                                    "SilverBadges",
                                    "BronzeBadges",
                                    "UpVotes",
                                    "DownVotes",
                                    "PostsWithHistory"
                                ],
                                "Estimated Cardinality": "1260710"
                            },
                            "cumulative_cardinality": 252030559,
                            "operator_type": "PROJECTION",
                            "operator_cardinality": 1275850,
                            "cumulative_rows_scanned": 54155763,
                            "operator_rows_scanned": 0,
                            "operator_timing": 0.04870782799999999,
                            "result_set_size": 163308800,
                            "children": [
                                {
                                    "operator_name": "HASH_GROUP_BY",
                                    "cpu_time": 13.364798285000006,
                                    "extra_info": {
                                        "Groups": [
                                            "#0",
                                            "#1",
                                            "#2",
                                            "#3",
                                            "#4",
                                            "#5",
                                            "#6",
                                            "#7",
                                            "#8",
                                            "#9"
                                        ],
                                        "Aggregates": "count(DISTINCT #10)",
                                        "Estimated Cardinality": "1260710"
                                    },
                                    "cumulative_cardinality": 250754709,
                                    "operator_type": "HASH_GROUP_BY",
                                    "operator_cardinality": 1275850,
                                    "cumulative_rows_scanned": 54155763,
                                    "operator_rows_scanned": 0,
                                    "operator_timing": 2.8801043090000014,
                                    "result_set_size": 163308800,
                                    "children": [
                                        {
                                            "operator_name": "PROJECTION",
                                            "cpu_time": 10.484693976000004,
                                            "extra_info": {
                                                "Projections": [
                                                    "id",
                                                    "displayname",
                                                    "reputation",
                                                    "PostCount",
                                                    "BadgeCount",
                                                    "GoldBadges",
                                                    "SilverBadges",
                                                    "BronzeBadges",
                                                    "TotalUpVotes",
                                                    "TotalDownVotes",
                                                    "postid"
                                                ],
                                                "Estimated Cardinality": "5897622"
                                            },
                                            "cumulative_cardinality": 249478859,
                                            "operator_type": "PROJECTION",
                                            "operator_cardinality": 11763754,
                                            "cumulative_rows_scanned": 54155763,
                                            "operator_rows_scanned": 0,
                                            "operator_timing": 0.004122913000000007,
                                            "result_set_size": 1458705496,
                                            "children": [
                                                {
                                                    "operator_name": "HASH_JOIN",
                                                    "cpu_time": 10.480571063000005,
                                                    "extra_info": {
                                                        "Join Type": "LEFT",
                                                        "Conditions": "id = userid",
                                                        "Estimated Cardinality": "5897622"
                                                    },
                                                    "cumulative_cardinality": 237715105,
                                                    "operator_type": "HASH_JOIN",
                                                    "operator_cardinality": 11763754,
                                                    "cumulative_rows_scanned": 54155763,
                                                    "operator_rows_scanned": 0,
                                                    "operator_timing": 0.9127870750000008,
                                                    "result_set_size": 1458705496,
                                                    "children": [
                                                        {
                                                            "operator_name": "HASH_JOIN",
                                                            "cpu_time": 2.566546921000005,
                                                            "extra_info": {
                                                                "Join Type": "RIGHT",
                                                                "Conditions": "owneruserid = id",
                                                                "Estimated Cardinality": "3850116"
                                                            },
                                                            "cumulative_cardinality": 51002452,
                                                            "operator_type": "HASH_JOIN",
                                                            "operator_cardinality": 1281720,
                                                            "cumulative_rows_scanned": 31268581,
                                                            "operator_rows_scanned": 0,
                                                            "operator_timing": 0.20654046000000004,
                                                            "result_set_size": 153806400,
                                                            "children": [
                                                                {
                                                                    "operator_name": "HASH_GROUP_BY",
                                                                    "cpu_time": 1.4088018040000045,
                                                                    "extra_info": {
                                                                        "Groups": "#0",
                                                                        "Aggregates": [
                                                                            "sum(#1)",
                                                                            "sum(#2)"
                                                                        ],
                                                                        "Estimated Cardinality": "3850116"
                                                                    },
                                                                    "cumulative_cardinality": 39678253,
                                                                    "operator_type": "HASH_GROUP_BY",
                                                                    "operator_cardinality": 371632,
                                                                    "cumulative_rows_scanned": 16594209,
                                                                    "operator_rows_scanned": 0,
                                                                    "operator_timing": 0.273961261,
                                                                    "result_set_size": 13378752,
                                                                    "children": [
                                                                        {
                                                                            "operator_name": "PROJECTION",
                                                                            "cpu_time": 1.1348405430000046,
                                                                            "extra_info": {
                                                                                "Projections": [
                                                                                    "owneruserid",
                                                                                    "CASE  WHEN ((votetypeid IN (2))) THEN (1) ELSE 0 END",
                                                                                    "CASE  WHEN ((votetypeid IN (3))) THEN (1) ELSE 0 END"
                                                                                ],
                                                                                "Estimated Cardinality": "12744093"
                                                                            },
                                                                            "cumulative_cardinality": 39306621,
                                                                            "operator_type": "PROJECTION",
                                                                            "operator_cardinality": 11356206,
                                                                            "cumulative_rows_scanned": 16594209,
                                                                            "operator_rows_scanned": 0,
                                                                            "operator_timing": 0.13652249699999974,
                                                                            "result_set_size": 136274472,
                                                                            "children": [
                                                                                {
                                                                                    "operator_name": "HASH_JOIN",
                                                                                    "cpu_time": 0.9983180460000047,
                                                                                    "extra_info": {
                                                                                        "Join Type": "RIGHT",
                                                                                        "Conditions": "postid = id",
                                                                                        "Estimated Cardinality": "12744093"
                                                                                    },
                                                                                    "cumulative_cardinality": 27950415,
                                                                                    "operator_type": "HASH_JOIN",
                                                                                    "operator_cardinality": 11356206,
                                                                                    "cumulative_rows_scanned": 16594209,
                                                                                    "operator_rows_scanned": 0,
                                                                                    "operator_timing": 0.7054767490000035,
                                                                                    "result_set_size": 68137236,
                                                                                    "children": [
                                                                                        {
                                                                                            "operator_name": "READ_PARQUET ",
                                                                                            "cpu_time": 0.24719149100000118,
                                                                                            "extra_info": {
                                                                                                "Function": "READ_PARQUET",
                                                                                                "Projections": [
                                                                                                    "postid",
                                                                                                    "votetypeid"
                                                                                                ],
                                                                                                "Estimated Cardinality": "12744093"
                                                                                            },
                                                                                            "cumulative_cardinality": 12744093,
                                                                                            "operator_type": "TABLE_SCAN",
                                                                                            "operator_cardinality": 12744093,
                                                                                            "cumulative_rows_scanned": 12744093,
                                                                                            "operator_rows_scanned": 12744093,
                                                                                            "operator_timing": 0.24719149100000118,
                                                                                            "result_set_size": 76464558,
                                                                                            "children": []
                                                                                        },
                                                                                        {
                                                                                            "operator_name": "READ_PARQUET ",
                                                                                            "cpu_time": 0.04564980600000009,
                                                                                            "extra_info": {
                                                                                                "Function": "READ_PARQUET",
                                                                                                "Projections": [
                                                                                                    "id",
                                                                                                    "owneruserid"
                                                                                                ],
                                                                                                "Estimated Cardinality": "3850116"
                                                                                            },
                                                                                            "cumulative_cardinality": 3850116,
                                                                                            "operator_type": "TABLE_SCAN",
                                                                                            "operator_cardinality": 3850116,
                                                                                            "cumulative_rows_scanned": 3850116,
                                                                                            "operator_rows_scanned": 3850116,
                                                                                            "operator_timing": 0.04564980600000009,
                                                                                            "result_set_size": 30800928,
                                                                                            "children": []
                                                                                        }
                                                                                    ]
                                                                                }
                                                                            ]
                                                                        }
                                                                    ]
                                                                },
                                                                {
                                                                    "operator_name": "HASH_JOIN",
                                                                    "cpu_time": 0.9512046570000001,
                                                                    "extra_info": {
                                                                        "Join Type": "RIGHT",
                                                                        "Conditions": "userid = id",
                                                                        "Estimated Cardinality": "1260710"
                                                                    },
                                                                    "cumulative_cardinality": 10042479,
                                                                    "operator_type": "HASH_JOIN",
                                                                    "operator_cardinality": 1281720,
                                                                    "cumulative_rows_scanned": 14674372,
                                                                    "operator_rows_scanned": 0,
                                                                    "operator_timing": 0.17794337600000001,
                                                                    "result_set_size": 112791360,
                                                                    "children": [
                                                                        {
                                                                            "operator_name": "HASH_GROUP_BY",
                                                                            "cpu_time": 0.23749746000000016,
                                                                            "extra_info": {
                                                                                "Groups": "#0",
                                                                                "Aggregates": [
                                                                                    "count_star()",
                                                                                    "sum(#1)",
                                                                                    "sum(#2)",
                                                                                    "sum(#3)"
                                                                                ],
                                                                                "Estimated Cardinality": "1160862"
                                                                            },
                                                                            "cumulative_cardinality": 5192469,
                                                                            "operator_type": "HASH_GROUP_BY",
                                                                            "operator_cardinality": 549021,
                                                                            "cumulative_rows_scanned": 2321724,
                                                                            "operator_rows_scanned": 0,
                                                                            "operator_timing": 0.19814746200000022,
                                                                            "result_set_size": 32941260,
                                                                            "children": [
                                                                                {
                                                                                    "operator_name": "PROJECTION",
                                                                                    "cpu_time": 0.03934999799999995,
                                                                                    "extra_info": {
                                                                                        "Projections": [
                                                                                            "userid",
                                                                                            "CASE  WHEN ((class = 1)) THEN (1) ELSE 0 END",
                                                                                            "CASE  WHEN ((class = 2)) THEN (1) ELSE 0 END",
                                                                                            "CASE  WHEN ((class = 3)) THEN (1) ELSE 0 END"
                                                                                        ],
                                                                                        "Estimated Cardinality": "2321724"
                                                                                    },
                                                                                    "cumulative_cardinality": 4643448,
                                                                                    "operator_type": "PROJECTION",
                                                                                    "operator_cardinality": 2321724,
                                                                                    "cumulative_rows_scanned": 2321724,
                                                                                    "operator_rows_scanned": 0,
                                                                                    "operator_timing": 0.01657395299999999,
                                                                                    "result_set_size": 37147584,
                                                                                    "children": [
                                                                                        {
                                                                                            "operator_name": "READ_PARQUET ",
                                                                                            "cpu_time": 0.02277604499999996,
                                                                                            "extra_info": {
                                                                                                "Function": "READ_PARQUET",
                                                                                                "Projections": [
                                                                                                    "userid",
                                                                                                    "class"
                                                                                                ],
                                                                                                "Estimated Cardinality": "2321724"
                                                                                            },
                                                                                            "cumulative_cardinality": 2321724,
                                                                                            "operator_type": "TABLE_SCAN",
                                                                                            "operator_cardinality": 2321724,
                                                                                            "cumulative_rows_scanned": 2321724,
                                                                                            "operator_rows_scanned": 2321724,
                                                                                            "operator_timing": 0.02277604499999996,
                                                                                            "result_set_size": 13930344,
                                                                                            "children": []
                                                                                        }
                                                                                    ]
                                                                                }
                                                                            ]
                                                                        },
                                                                        {
                                                                            "operator_name": "HASH_JOIN",
                                                                            "cpu_time": 0.535763821,
                                                                            "extra_info": {
                                                                                "Join Type": "LEFT",
                                                                                "Conditions": "id = owneruserid",
                                                                                "Estimated Cardinality": "1260710"
                                                                            },
                                                                            "cumulative_cardinality": 3568290,
                                                                            "operator_type": "HASH_JOIN",
                                                                            "operator_cardinality": 1281720,
                                                                            "cumulative_rows_scanned": 12352648,
                                                                            "operator_rows_scanned": 0,
                                                                            "operator_timing": 0.03287188400000009,
                                                                            "result_set_size": 41015040,
                                                                            "children": [
                                                                                {
                                                                                    "operator_name": "READ_PARQUET ",
                                                                                    "cpu_time": 0.12780509300000004,
                                                                                    "extra_info": {
                                                                                        "Function": "READ_PARQUET",
                                                                                        "Projections": [
                                                                                            "id",
                                                                                            "reputation",
                                                                                            "displayname"
                                                                                        ],
                                                                                        "Estimated Cardinality": "1260710"
                                                                                    },
                                                                                    "cumulative_cardinality": 1260710,
                                                                                    "operator_type": "TABLE_SCAN",
                                                                                    "operator_cardinality": 1260710,
                                                                                    "cumulative_rows_scanned": 1260710,
                                                                                    "operator_rows_scanned": 1260710,
                                                                                    "operator_timing": 0.12780509300000004,
                                                                                    "result_set_size": 30257040,
                                                                                    "children": []
                                                                                },
                                                                                {
                                                                                    "operator_name": "UNION",
                                                                                    "cpu_time": 0.3750868439999999,
                                                                                    "extra_info": {},
                                                                                    "cumulative_cardinality": 1025860,
                                                                                    "operator_type": "UNION",
                                                                                    "operator_cardinality": 56198,
                                                                                    "cumulative_rows_scanned": 11091938,
                                                                                    "operator_rows_scanned": 0,
                                                                                    "operator_timing": 0.0,
                                                                                    "result_set_size": 0,
                                                                                    "children": [
                                                                                        {
                                                                                            "operator_name": "HASH_GROUP_BY",
                                                                                            "cpu_time": 0.03077092800000001,
                                                                                            "extra_info": {
                                                                                                "Groups": "#0",
                                                                                                "Aggregates": "count_star()",
                                                                                                "Estimated Cardinality": "385011"
                                                                                            },
                                                                                            "cumulative_cardinality": 323537,
                                                                                            "operator_type": "HASH_GROUP_BY",
                                                                                            "operator_cardinality": 32453,
                                                                                            "cumulative_rows_scanned": 3850116,
                                                                                            "operator_rows_scanned": 0,
                                                                                            "operator_timing": 0.004530799999999999,
                                                                                            "result_set_size": 389436,
                                                                                            "children": [
                                                                                                {
                                                                                                    "operator_name": "PROJECTION",
                                                                                                    "cpu_time": 0.026240128000000012,
                                                                                                    "extra_info": {
                                                                                                        "Projections": "owneruserid",
                                                                                                        "Estimated Cardinality": "770023"
                                                                                                    },
                                                                                                    "cumulative_cardinality": 291084,
                                                                                                    "operator_type": "PROJECTION",
                                                                                                    "operator_cardinality": 145542,
                                                                                                    "cumulative_rows_scanned": 3850116,
                                                                                                    "operator_rows_scanned": 0,
                                                                                                    "operator_timing": 0.000015244999999999999,
                                                                                                    "result_set_size": 582168,
                                                                                                    "children": [
                                                                                                        {
                                                                                                            "operator_name": "READ_PARQUET ",
                                                                                                            "cpu_time": 0.02622488300000001,
                                                                                                            "extra_info": {
                                                                                                                "Function": "READ_PARQUET",
                                                                                                                "Projections": "owneruserid",
                                                                                                                "Filters": "creationdate>='2023-10-01 12:34:56'::TIMESTAMP",
                                                                                                                "Estimated Cardinality": "770023"
                                                                                                            },
                                                                                                            "cumulative_cardinality": 145542,
                                                                                                            "operator_type": "TABLE_SCAN",
                                                                                                            "operator_cardinality": 145542,
                                                                                                            "cumulative_rows_scanned": 3850116,
                                                                                                            "operator_rows_scanned": 3850116,
                                                                                                            "operator_timing": 0.02622488300000001,
                                                                                                            "result_set_size": 582168,
                                                                                                            "children": []
                                                                                                        }
                                                                                                    ]
                                                                                                }
                                                                                            ]
                                                                                        },
                                                                                        {
                                                                                            "operator_name": "HASH_GROUP_BY",
                                                                                            "cpu_time": 0.3443159159999999,
                                                                                            "extra_info": {
                                                                                                "Groups": "#0",
                                                                                                "Aggregates": "count_star()",
                                                                                                "Estimated Cardinality": "724182"
                                                                                            },
                                                                                            "cumulative_cardinality": 646125,
                                                                                            "operator_type": "HASH_GROUP_BY",
                                                                                            "operator_cardinality": 23745,
                                                                                            "cumulative_rows_scanned": 7241822,
                                                                                            "operator_rows_scanned": 0,
                                                                                            "operator_timing": 0.027638413000000025,
                                                                                            "result_set_size": 284940,
                                                                                            "children": [
                                                                                                {
                                                                                                    "operator_name": "PROJECTION",
                                                                                                    "cpu_time": 0.31667750299999986,
                                                                                                    "extra_info": {
                                                                                                        "Projections": "userid",
                                                                                                        "Estimated Cardinality": "1448364"
                                                                                                    },
                                                                                                    "cumulative_cardinality": 622380,
                                                                                                    "operator_type": "PROJECTION",
                                                                                                    "operator_cardinality": 311190,
                                                                                                    "cumulative_rows_scanned": 7241822,
                                                                                                    "operator_rows_scanned": 0,
                                                                                                    "operator_timing": 0.0006270020000000089,
                                                                                                    "result_set_size": 1244760,
                                                                                                    "children": [
                                                                                                        {
                                                                                                            "operator_name": "READ_PARQUET ",
                                                                                                            "cpu_time": 0.3160505009999999,
                                                                                                            "extra_info": {
                                                                                                                "Function": "READ_PARQUET",
                                                                                                                "Projections": "userid",
                                                                                                                "Filters": "creationdate>='2023-10-01 12:34:56'::TIMESTAMP",
                                                                                                                "Estimated Cardinality": "1448364"
                                                                                                            },
                                                                                                            "cumulative_cardinality": 311190,
                                                                                                            "operator_type": "TABLE_SCAN",
                                                                                                            "operator_cardinality": 311190,
                                                                                                            "cumulative_rows_scanned": 7241822,
                                                                                                            "operator_rows_scanned": 7241822,
                                                                                                            "operator_timing": 0.3160505009999999,
                                                                                                            "result_set_size": 1244760,
                                                                                                            "children": []
                                                                                                        }
                                                                                                    ]
                                                                                                }
                                                                                            ]
                                                                                        }
                                                                                    ]
                                                                                }
                                                                            ]
                                                                        }
                                                                    ]
                                                                }
                                                            ]
                                                        },
                                                        {
                                                            "operator_name": "PROJECTION",
                                                            "cpu_time": 7.001237066999999,
                                                            "extra_info": {
                                                                "Projections": [
                                                                    "userid",
                                                                    "postid"
                                                                ],
                                                                "Estimated Cardinality": "5897622"
                                                            },
                                                            "cumulative_cardinality": 174948899,
                                                            "operator_type": "PROJECTION",
                                                            "operator_cardinality": 7993306,
                                                            "cumulative_rows_scanned": 22887182,
                                                            "operator_rows_scanned": 0,
                                                            "operator_timing": 0.0010624599999999994,
                                                            "result_set_size": 63946448,
                                                            "children": [
                                                                {
                                                                    "operator_name": "PROJECTION",
                                                                    "cpu_time": 7.000174606999999,
                                                                    "extra_info": {
                                                                        "Projections": [
                                                                            "#0",
                                                                            "#1",
                                                                            "#2",
                                                                            "#3",
                                                                            "__internal_decompress_integral_integer(#4, -72)"
                                                                        ],
                                                                        "Estimated Cardinality": "5897622"
                                                                    },
                                                                    "cumulative_cardinality": 166955593,
                                                                    "operator_type": "PROJECTION",
                                                                    "operator_cardinality": 7993306,
                                                                    "cumulative_rows_scanned": 22887182,
                                                                    "operator_rows_scanned": 0,
                                                                    "operator_timing": 0.006920069999999989,
                                                                    "result_set_size": 287759016,
                                                                    "children": [
                                                                        {
                                                                            "operator_name": "HASH_GROUP_BY",
                                                                            "cpu_time": 6.993254536999999,
                                                                            "extra_info": {
                                                                                "Groups": [
                                                                                    "#0",
                                                                                    "#1",
                                                                                    "#2",
                                                                                    "#3",
                                                                                    "#4"
                                                                                ],
                                                                                "Aggregates": "",
                                                                                "Estimated Cardinality": "5897622"
                                                                            },
                                                                            "cumulative_cardinality": 158962287,
                                                                            "operator_type": "HASH_GROUP_BY",
                                                                            "operator_cardinality": 7993306,
                                                                            "cumulative_rows_scanned": 22887182,
                                                                            "operator_rows_scanned": 0,
                                                                            "operator_timing": 3.8844051949999887,
                                                                            "result_set_size": 271772404,
                                                                            "children": [
                                                                                {
                                                                                    "operator_name": "PROJECTION",
                                                                                    "cpu_time": 3.1088493420000107,
                                                                                    "extra_info": {
                                                                                        "Projections": [
                                                                                            "userid",
                                                                                            "postid",
                                                                                            "creationdate",
                                                                                            "title",
                                                                                            "score"
                                                                                        ],
                                                                                        "Estimated Cardinality": "11795244"
                                                                                    },
                                                                                    "cumulative_cardinality": 150968981,
                                                                                    "operator_type": "PROJECTION",
                                                                                    "operator_cardinality": 33547065,
                                                                                    "cumulative_rows_scanned": 22887182,
                                                                                    "operator_rows_scanned": 0,
                                                                                    "operator_timing": 0.008661770000000013,
                                                                                    "result_set_size": 1140600210,
                                                                                    "children": [
                                                                                        {
                                                                                            "operator_name": "PROJECTION",
                                                                                            "cpu_time": 3.100187572000011,
                                                                                            "extra_info": {
                                                                                                "Projections": [
                                                                                                    "#0",
                                                                                                    "#1",
                                                                                                    "#2",
                                                                                                    "__internal_compress_integral_usmallint(#3, -72)",
                                                                                                    "#4",
                                                                                                    "#5"
                                                                                                ],
                                                                                                "Estimated Cardinality": "11795244"
                                                                                            },
                                                                                            "cumulative_cardinality": 117421916,
                                                                                            "operator_type": "PROJECTION",
                                                                                            "operator_cardinality": 33547065,
                                                                                            "cumulative_rows_scanned": 22887182,
                                                                                            "operator_rows_scanned": 0,
                                                                                            "operator_timing": 0.05970262399999879,
                                                                                            "result_set_size": 1274788470,
                                                                                            "children": [
                                                                                                {
                                                                                                    "operator_name": "HASH_JOIN",
                                                                                                    "cpu_time": 3.040484948000012,
                                                                                                    "extra_info": {
                                                                                                        "Join Type": "LEFT",
                                                                                                        "Conditions": "id = postid",
                                                                                                        "Estimated Cardinality": "11795244"
                                                                                                    },
                                                                                                    "cumulative_cardinality": 83874851,
                                                                                                    "operator_type": "HASH_JOIN",
                                                                                                    "operator_cardinality": 33547065,
                                                                                                    "cumulative_rows_scanned": 22887182,
                                                                                                    "operator_rows_scanned": 0,
                                                                                                    "operator_timing": 1.2581477640000036,
                                                                                                    "result_set_size": 1341882600,
                                                                                                    "children": [
                                                                                                        {
                                                                                                            "operator_name": "PROJECTION",
                                                                                                            "cpu_time": 1.7426916380000084,
                                                                                                            "extra_info": {
                                                                                                                "Projections": [
                                                                                                                    "#0",
                                                                                                                    "#1",
                                                                                                                    "#2",
                                                                                                                    "__internal_decompress_integral_integer(#3, -72)",
                                                                                                                    "#4"
                                                                                                                ],
                                                                                                                "Estimated Cardinality": "11795244"
                                                                                                            },
                                                                                                            "cumulative_cardinality": 43085964,
                                                                                                            "operator_type": "PROJECTION",
                                                                                                            "operator_cardinality": 11795244,
                                                                                                            "cumulative_rows_scanned": 15645360,
                                                                                                            "operator_rows_scanned": 0,
                                                                                                            "operator_timing": 0.011786563000000087,
                                                                                                            "result_set_size": 424628784,
                                                                                                            "children": [
                                                                                                                {
                                                                                                                    "operator_name": "HASH_JOIN",
                                                                                                                    "cpu_time": 1.7309050750000083,
                                                                                                                    "extra_info": {
                                                                                                                        "Join Type": "INNER",
                                                                                                                        "Conditions": "postid = id",
                                                                                                                        "Estimated Cardinality": "11795244"
                                                                                                                    },
                                                                                                                    "cumulative_cardinality": 31290720,
                                                                                                                    "operator_type": "HASH_JOIN",
                                                                                                                    "operator_cardinality": 11795244,
                                                                                                                    "cumulative_rows_scanned": 15645360,
                                                                                                                    "operator_rows_scanned": 0,
                                                                                                                    "operator_timing": 0.9363222720000108,
                                                                                                                    "result_set_size": 401038296,
                                                                                                                    "children": [
                                                                                                                        {
                                                                                                                            "operator_name": "READ_PARQUET ",
                                                                                                                            "cpu_time": 0.4771783089999982,
                                                                                                                            "extra_info": {
                                                                                                                                "Function": "READ_PARQUET",
                                                                                                                                "Projections": [
                                                                                                                                    "postid",
                                                                                                                                    "creationdate",
                                                                                                                                    "userid"
                                                                                                                                ],
                                                                                                                                "Estimated Cardinality": "11795244"
                                                                                                                            },
                                                                                                                            "cumulative_cardinality": 11795244,
                                                                                                                            "operator_type": "TABLE_SCAN",
                                                                                                                            "operator_cardinality": 11795244,
                                                                                                                            "cumulative_rows_scanned": 11795244,
                                                                                                                            "operator_rows_scanned": 11795244,
                                                                                                                            "operator_timing": 0.4771783089999982,
                                                                                                                            "result_set_size": 188723904,
                                                                                                                            "children": []
                                                                                                                        },
                                                                                                                        {
                                                                                                                            "operator_name": "PROJECTION",
                                                                                                                            "cpu_time": 0.31740449399999926,
                                                                                                                            "extra_info": {
                                                                                                                                "Projections": [
                                                                                                                                    "#0",
                                                                                                                                    "__internal_compress_integral_usmallint(#1, -72)",
                                                                                                                                    "#2"
                                                                                                                                ],
                                                                                                                                "Estimated Cardinality": "3850116"
                                                                                                                            },
                                                                                                                            "cumulative_cardinality": 7700232,
                                                                                                                            "operator_type": "PROJECTION",
                                                                                                                            "operator_cardinality": 3850116,
                                                                                                                            "cumulative_rows_scanned": 3850116,
                                                                                                                            "operator_rows_scanned": 0,
                                                                                                                            "operator_timing": 0.0016898810000000038,
                                                                                                                            "result_set_size": 84702552,
                                                                                                                            "children": [
                                                                                                                                {
                                                                                                                                    "operator_name": "READ_PARQUET ",
                                                                                                                                    "cpu_time": 0.31571461299999926,
                                                                                                                                    "extra_info": {
                                                                                                                                        "Function": "READ_PARQUET",
                                                                                                                                        "Projections": [
                                                                                                                                            "id",
                                                                                                                                            "score",
                                                                                                                                            "title"
                                                                                                                                        ],
                                                                                                                                        "Estimated Cardinality": "3850116"
                                                                                                                                    },
                                                                                                                                    "cumulative_cardinality": 3850116,
                                                                                                                                    "operator_type": "TABLE_SCAN",
                                                                                                                                    "operator_cardinality": 3850116,
                                                                                                                                    "cumulative_rows_scanned": 3850116,
                                                                                                                                    "operator_rows_scanned": 3850116,
                                                                                                                                    "operator_timing": 0.31571461299999926,
                                                                                                                                    "result_set_size": 92402784,
                                                                                                                                    "children": []
                                                                                                                                }
                                                                                                                            ]
                                                                                                                        }
                                                                                                                    ]
                                                                                                                }
                                                                                                            ]
                                                                                                        },
                                                                                                        {
                                                                                                            "operator_name": "READ_PARQUET ",
                                                                                                            "cpu_time": 0.039645546,
                                                                                                            "extra_info": {
                                                                                                                "Function": "READ_PARQUET",
                                                                                                                "Projections": "postid",
                                                                                                                "Estimated Cardinality": "7241822"
                                                                                                            },
                                                                                                            "cumulative_cardinality": 7241822,
                                                                                                            "operator_type": "TABLE_SCAN",
                                                                                                            "operator_cardinality": 7241822,
                                                                                                            "cumulative_rows_scanned": 7241822,
                                                                                                            "operator_rows_scanned": 7241822,
                                                                                                            "operator_timing": 0.039645546,
                                                                                                            "result_set_size": 28967288,
                                                                                                            "children": []
                                                                                                        }
                                                                                                    ]
                                                                                                }
                                                                                            ]
                                                                                        }
                                                                                    ]
                                                                                }
                                                                            ]
                                                                        }
                                                                    ]
                                                                }
                                                            ]
                                                        }
                                                    ]
                                                }
                                            ]
                                        }
                                    ]
                                }
                            ]
                        }
                    ]
                }
            ]
        }
    ]
}