{
    "rows_returned": 0,
    "query_name": "\nWITH RankedPosts AS (\n    SELECT \n        p.Id AS PostId,\n        p.Title,\n        p.Score,\n        p.CreationDate,\n        p.OwnerUserId,\n        p.PostTypeId,\n        ROW_NUMBER() OVER (PARTITION BY p.OwnerUserId ORDER BY p.Score DESC) AS rn\n    FROM \n        Posts p\n    WHERE \n        p.CreationDate >= CURRENT_DATE - INTERVAL '30 days' \n        AND p.Score IS NOT NULL\n),\nUserReputation AS (\n    SELECT \n        u.Id AS UserId,\n        u.Reputation,\n        COUNT(DISTINCT p.Id) AS PostCount\n    FROM \n        Users u\n    JOIN \n        Posts p ON u.Id = p.OwnerUserId\n    WHERE \n        u.Reputation >= 1000 \n    GROUP BY \n        u.Id, u.Reputation\n),\nCloseReasonCounts AS (\n    SELECT \n        ph.PostId,\n        COUNT(*) AS CloseReasonCount\n    FROM \n        PostHistory ph\n    WHERE \n        ph.PostHistoryTypeId = 10 \n    GROUP BY \n        ph.PostId\n),\nUserBadges AS (\n    SELECT \n        b.UserId,\n        STRING_AGG(b.Name, ', ') AS BadgeNames\n    FROM \n        Badges b\n    GROUP BY \n        b.UserId\n),\nPostAnalytics AS (\n    SELECT \n        rp.PostId,\n        rp.Title,\n        rp.Score,\n        ur.Reputation,\n        COALESCE(cr.CloseReasonCount, 0) AS CloseCount,\n        ub.BadgeNames\n    FROM \n        RankedPosts rp\n    JOIN \n        UserReputation ur ON rp.OwnerUserId = ur.UserId\n    LEFT JOIN \n        CloseReasonCounts cr ON rp.PostId = cr.PostId\n    LEFT JOIN \n        UserBadges ub ON rp.OwnerUserId = ub.UserId\n)\nSELECT \n    pa.PostId,\n    pa.Title,\n    pa.Score,\n    pa.Reputation,\n    pa.CloseCount,\n    pa.BadgeNames\nFROM \n    PostAnalytics pa\nWHERE \n    pa.CloseCount = 0 \n    AND pa.Reputation >= 1000 \nORDER BY \n    pa.Score DESC, \n    pa.Reputation DESC\nLIMIT 100 OFFSET 0;\n",
    "blocked_thread_time": 0.0,
    "cpu_time": 0.5388591299999999,
    "extra_info": {},
    "cumulative_cardinality": 13391683,
    "cumulative_rows_scanned": 19227794,
    "result_set_size": 0,
    "latency": 0.625639727,
    "children": [
        {
            "operator_name": "STREAMING_LIMIT",
            "cpu_time": 0.5388591299999999,
            "extra_info": {},
            "cumulative_cardinality": 13391683,
            "operator_type": "STREAMING_LIMIT",
            "operator_cardinality": 0,
            "cumulative_rows_scanned": 19227794,
            "operator_rows_scanned": 0,
            "operator_timing": 0.0,
            "result_set_size": 0,
            "children": [
                {
                    "operator_name": "ORDER_BY",
                    "cpu_time": 0.5388591299999999,
                    "extra_info": {
                        "Order By": [
                            "pa.Score DESC",
                            "pa.Reputation DESC"
                        ]
                    },
                    "cumulative_cardinality": 13391683,
                    "operator_type": "ORDER_BY",
                    "operator_cardinality": 0,
                    "cumulative_rows_scanned": 19227794,
                    "operator_rows_scanned": 0,
                    "operator_timing": 2.81e-7,
                    "result_set_size": 0,
                    "children": [
                        {
                            "operator_name": "PROJECTION",
                            "cpu_time": 0.5388588489999998,
                            "extra_info": {
                                "Projections": [
                                    "PostId",
                                    "title",
                                    "score",
                                    "reputation",
                                    "CloseCount",
                                    "BadgeNames"
                                ],
                                "Estimated Cardinality": "1160862"
                            },
                            "cumulative_cardinality": 13391683,
                            "operator_type": "PROJECTION",
                            "operator_cardinality": 0,
                            "cumulative_rows_scanned": 19227794,
                            "operator_rows_scanned": 0,
                            "operator_timing": 0.0,
                            "result_set_size": 0,
                            "children": [
                                {
                                    "operator_name": "HASH_JOIN",
                                    "cpu_time": 0.5388588489999998,
                                    "extra_info": {
                                        "Join Type": "RIGHT",
                                        "Conditions": "userid = owneruserid",
                                        "Estimated Cardinality": "1160862"
                                    },
                                    "cumulative_cardinality": 13391683,
                                    "operator_type": "HASH_JOIN",
                                    "operator_cardinality": 0,
                                    "cumulative_rows_scanned": 19227794,
                                    "operator_rows_scanned": 0,
                                    "operator_timing": 0.000024916,
                                    "result_set_size": 0,
                                    "children": [
                                        {
                                            "operator_name": "HASH_GROUP_BY",
                                            "cpu_time": 0.19586722100000017,
                                            "extra_info": {
                                                "Groups": "#0",
                                                "Aggregates": "string_agg(#1)",
                                                "Estimated Cardinality": "1160862"
                                            },
                                            "cumulative_cardinality": 4645496,
                                            "operator_type": "HASH_GROUP_BY",
                                            "operator_cardinality": 2048,
                                            "cumulative_rows_scanned": 2321724,
                                            "operator_rows_scanned": 0,
                                            "operator_timing": 0.17728937200000014,
                                            "result_set_size": 40960,
                                            "children": [
                                                {
                                                    "operator_name": "PROJECTION",
                                                    "cpu_time": 0.018577849000000028,
                                                    "extra_info": {
                                                        "Projections": [
                                                            "userid",
                                                            "name"
                                                        ],
                                                        "Estimated Cardinality": "2321724"
                                                    },
                                                    "cumulative_cardinality": 4643448,
                                                    "operator_type": "PROJECTION",
                                                    "operator_cardinality": 2321724,
                                                    "cumulative_rows_scanned": 2321724,
                                                    "operator_rows_scanned": 0,
                                                    "operator_timing": 0.00025349999999999955,
                                                    "result_set_size": 46434480,
                                                    "children": [
                                                        {
                                                            "operator_name": "READ_PARQUET ",
                                                            "cpu_time": 0.018324349000000028,
                                                            "extra_info": {
                                                                "Function": "READ_PARQUET",
                                                                "Projections": [
                                                                    "userid",
                                                                    "name"
                                                                ],
                                                                "Estimated Cardinality": "2321724"
                                                            },
                                                            "cumulative_cardinality": 2321724,
                                                            "operator_type": "TABLE_SCAN",
                                                            "operator_cardinality": 2321724,
                                                            "cumulative_rows_scanned": 2321724,
                                                            "operator_rows_scanned": 2321724,
                                                            "operator_timing": 0.018324349000000028,
                                                            "result_set_size": 46434480,
                                                            "children": []
                                                        }
                                                    ]
                                                }
                                            ]
                                        },
                                        {
                                            "operator_name": "FILTER",
                                            "cpu_time": 0.3429667119999996,
                                            "extra_info": {
                                                "Expression": "(COALESCE(CloseReasonCount, 0) = 0)",
                                                "Estimated Cardinality": "235904"
                                            },
                                            "cumulative_cardinality": 8746187,
                                            "operator_type": "FILTER",
                                            "operator_cardinality": 0,
                                            "cumulative_rows_scanned": 16906070,
                                            "operator_rows_scanned": 0,
                                            "operator_timing": 2.5e-7,
                                            "result_set_size": 0,
                                            "children": [
                                                {
                                                    "operator_name": "HASH_JOIN",
                                                    "cpu_time": 0.34296646199999964,
                                                    "extra_info": {
                                                        "Join Type": "RIGHT",
                                                        "Conditions": "postid = PostId",
                                                        "Estimated Cardinality": "1179524"
                                                    },
                                                    "cumulative_cardinality": 8746187,
                                                    "operator_type": "HASH_JOIN",
                                                    "operator_cardinality": 0,
                                                    "cumulative_rows_scanned": 16906070,
                                                    "operator_rows_scanned": 0,
                                                    "operator_timing": 0.000018144,
                                                    "result_set_size": 0,
                                                    "children": [
                                                        {
                                                            "operator_name": "HASH_GROUP_BY",
                                                            "cpu_time": 0.17066229999999985,
                                                            "extra_info": {
                                                                "Groups": "#0",
                                                                "Aggregates": "count_star()",
                                                                "Estimated Cardinality": "1179524"
                                                            },
                                                            "cumulative_cardinality": 244976,
                                                            "operator_type": "HASH_GROUP_BY",
                                                            "operator_cardinality": 2048,
                                                            "cumulative_rows_scanned": 11795244,
                                                            "operator_rows_scanned": 0,
                                                            "operator_timing": 0.012060104999999977,
                                                            "result_set_size": 24576,
                                                            "children": [
                                                                {
                                                                    "operator_name": "PROJECTION",
                                                                    "cpu_time": 0.15860219499999986,
                                                                    "extra_info": {
                                                                        "Projections": "postid",
                                                                        "Estimated Cardinality": "2359048"
                                                                    },
                                                                    "cumulative_cardinality": 242928,
                                                                    "operator_type": "PROJECTION",
                                                                    "operator_cardinality": 121464,
                                                                    "cumulative_rows_scanned": 11795244,
                                                                    "operator_rows_scanned": 0,
                                                                    "operator_timing": 0.0005389630000000123,
                                                                    "result_set_size": 485856,
                                                                    "children": [
                                                                        {
                                                                            "operator_name": "READ_PARQUET ",
                                                                            "cpu_time": 0.15806323199999986,
                                                                            "extra_info": {
                                                                                "Function": "READ_PARQUET",
                                                                                "Projections": "postid",
                                                                                "Filters": "posthistorytypeid=10",
                                                                                "Estimated Cardinality": "2359048"
                                                                            },
                                                                            "cumulative_cardinality": 121464,
                                                                            "operator_type": "TABLE_SCAN",
                                                                            "operator_cardinality": 121464,
                                                                            "cumulative_rows_scanned": 11795244,
                                                                            "operator_rows_scanned": 11795244,
                                                                            "operator_timing": 0.15806323199999986,
                                                                            "result_set_size": 485856,
                                                                            "children": []
                                                                        }
                                                                    ]
                                                                }
                                                            ]
                                                        },
                                                        {
                                                            "operator_name": "HASH_JOIN",
                                                            "cpu_time": 0.1722860179999998,
                                                            "extra_info": {
                                                                "Join Type": "INNER",
                                                                "Conditions": "UserId = owneruserid",
                                                                "Estimated Cardinality": "47031"
                                                            },
                                                            "cumulative_cardinality": 8501211,
                                                            "operator_type": "HASH_JOIN",
                                                            "operator_cardinality": 0,
                                                            "cumulative_rows_scanned": 5110826,
                                                            "operator_rows_scanned": 0,
                                                            "operator_timing": 0.000006963,
                                                            "result_set_size": 0,
                                                            "children": [
                                                                {
                                                                    "operator_name": "HASH_GROUP_BY",
                                                                    "cpu_time": 0.1722782939999998,
                                                                    "extra_info": {
                                                                        "Groups": [
                                                                            "#0",
                                                                            "#1"
                                                                        ],
                                                                        "Aggregates": "",
                                                                        "Estimated Cardinality": "385011"
                                                                    },
                                                                    "cumulative_cardinality": 8501211,
                                                                    "operator_type": "HASH_GROUP_BY",
                                                                    "operator_cardinality": 2048,
                                                                    "cumulative_rows_scanned": 5110826,
                                                                    "operator_rows_scanned": 0,
                                                                    "operator_timing": 0.02580124600000003,
                                                                    "result_set_size": 16384,
                                                                    "children": [
                                                                        {
                                                                            "operator_name": "PROJECTION",
                                                                            "cpu_time": 0.14647704799999978,
                                                                            "extra_info": {
                                                                                "Projections": [
                                                                                    "id",
                                                                                    "reputation"
                                                                                ],
                                                                                "Estimated Cardinality": "770023"
                                                                            },
                                                                            "cumulative_cardinality": 8499163,
                                                                            "operator_type": "PROJECTION",
                                                                            "operator_cardinality": 2396675,
                                                                            "cumulative_rows_scanned": 5110826,
                                                                            "operator_rows_scanned": 0,
                                                                            "operator_timing": 0.0003442190000000032,
                                                                            "result_set_size": 19173400,
                                                                            "children": [
                                                                                {
                                                                                    "operator_name": "HASH_JOIN",
                                                                                    "cpu_time": 0.14613282899999977,
                                                                                    "extra_info": {
                                                                                        "Join Type": "INNER",
                                                                                        "Conditions": "owneruserid = id",
                                                                                        "Estimated Cardinality": "770023"
                                                                                    },
                                                                                    "cumulative_cardinality": 6102488,
                                                                                    "operator_type": "HASH_JOIN",
                                                                                    "operator_cardinality": 2396675,
                                                                                    "cumulative_rows_scanned": 5110826,
                                                                                    "operator_rows_scanned": 0,
                                                                                    "operator_timing": 0.07209923899999969,
                                                                                    "result_set_size": 28760100,
                                                                                    "children": [
                                                                                        {
                                                                                            "operator_name": "READ_PARQUET ",
                                                                                            "cpu_time": 0.056925933000000074,
                                                                                            "extra_info": {
                                                                                                "Function": "READ_PARQUET",
                                                                                                "Projections": "owneruserid",
                                                                                                "Estimated Cardinality": "3850116"
                                                                                            },
                                                                                            "cumulative_cardinality": 3683373,
                                                                                            "operator_type": "TABLE_SCAN",
                                                                                            "operator_cardinality": 3683373,
                                                                                            "cumulative_rows_scanned": 3850116,
                                                                                            "operator_rows_scanned": 3850116,
                                                                                            "operator_timing": 0.056925933000000074,
                                                                                            "result_set_size": 14733492,
                                                                                            "children": []
                                                                                        },
                                                                                        {
                                                                                            "operator_name": "FILTER",
                                                                                            "cpu_time": 0.017107657000000005,
                                                                                            "extra_info": {
                                                                                                "Expression": "(id <= 1416539)",
                                                                                                "Estimated Cardinality": "252142"
                                                                                            },
                                                                                            "cumulative_cardinality": 22440,
                                                                                            "operator_type": "FILTER",
                                                                                            "operator_cardinality": 11220,
                                                                                            "cumulative_rows_scanned": 1260710,
                                                                                            "operator_rows_scanned": 0,
                                                                                            "operator_timing": 0.00037291600000000064,
                                                                                            "result_set_size": 89760,
                                                                                            "children": [
                                                                                                {
                                                                                                    "operator_name": "READ_PARQUET ",
                                                                                                    "cpu_time": 0.016734741000000004,
                                                                                                    "extra_info": {
                                                                                                        "Function": "READ_PARQUET",
                                                                                                        "Projections": [
                                                                                                            "id",
                                                                                                            "reputation"
                                                                                                        ],
                                                                                                        "Filters": "reputation>=1000",
                                                                                                        "Estimated Cardinality": "252142"
                                                                                                    },
                                                                                                    "cumulative_cardinality": 11220,
                                                                                                    "operator_type": "TABLE_SCAN",
                                                                                                    "operator_cardinality": 11220,
                                                                                                    "cumulative_rows_scanned": 1260710,
                                                                                                    "operator_rows_scanned": 1260710,
                                                                                                    "operator_timing": 0.016734741000000004,
                                                                                                    "result_set_size": 89760,
                                                                                                    "children": []
                                                                                                }
                                                                                            ]
                                                                                        }
                                                                                    ]
                                                                                }
                                                                            ]
                                                                        }
                                                                    ]
                                                                },
                                                                {
                                                                    "operator_name": "PROJECTION",
                                                                    "cpu_time": 7.61e-7,
                                                                    "extra_info": {
                                                                        "Projections": [
                                                                            "PostId",
                                                                            "title",
                                                                            "score",
                                                                            "owneruserid"
                                                                        ],
                                                                        "Estimated Cardinality": "154004"
                                                                    },
                                                                    "cumulative_cardinality": 0,
                                                                    "operator_type": "PROJECTION",
                                                                    "operator_cardinality": 0,
                                                                    "cumulative_rows_scanned": 0,
                                                                    "operator_rows_scanned": 0,
                                                                    "operator_timing": 0.0,
                                                                    "result_set_size": 0,
                                                                    "children": [
                                                                        {
                                                                            "operator_name": "PROJECTION",
                                                                            "cpu_time": 7.61e-7,
                                                                            "extra_info": {
                                                                                "Projections": [
                                                                                    "#0",
                                                                                    "#1",
                                                                                    "#2",
                                                                                    "#3",
                                                                                    "#4"
                                                                                ],
                                                                                "Estimated Cardinality": "154004"
                                                                            },
                                                                            "cumulative_cardinality": 0,
                                                                            "operator_type": "PROJECTION",
                                                                            "operator_cardinality": 0,
                                                                            "cumulative_rows_scanned": 0,
                                                                            "operator_rows_scanned": 0,
                                                                            "operator_timing": 0.0,
                                                                            "result_set_size": 0,
                                                                            "children": [
                                                                                {
                                                                                    "operator_name": "WINDOW",
                                                                                    "cpu_time": 7.61e-7,
                                                                                    "extra_info": {
                                                                                        "Projections": "ROW_NUMBER() OVER (PARTITION BY owneruserid ORDER BY score DESC NULLS LAST)"
                                                                                    },
                                                                                    "cumulative_cardinality": 0,
                                                                                    "operator_type": "WINDOW",
                                                                                    "operator_cardinality": 0,
                                                                                    "cumulative_rows_scanned": 0,
                                                                                    "operator_rows_scanned": 0,
                                                                                    "operator_timing": 5.41e-7,
                                                                                    "result_set_size": 0,
                                                                                    "children": [
                                                                                        {
                                                                                            "operator_name": "EMPTY_RESULT",
                                                                                            "cpu_time": 2.2e-7,
                                                                                            "extra_info": {},
                                                                                            "cumulative_cardinality": 0,
                                                                                            "operator_type": "EMPTY_RESULT",
                                                                                            "operator_cardinality": 0,
                                                                                            "cumulative_rows_scanned": 0,
                                                                                            "operator_rows_scanned": 0,
                                                                                            "operator_timing": 2.2e-7,
                                                                                            "result_set_size": 0,
                                                                                            "children": []
                                                                                        }
                                                                                    ]
                                                                                }
                                                                            ]
                                                                        }
                                                                    ]
                                                                }
                                                            ]
                                                        }
                                                    ]
                                                }
                                            ]
                                        }
                                    ]
                                }
                            ]
                        }
                    ]
                }
            ]
        }
    ]
}