{
    "rows_returned": 278,
    "query_name": "\nWITH RECURSIVE UserBadgeCounts AS (\n    SELECT \n        U.Id AS UserId,\n        COUNT(B.Id) AS BadgeCount\n    FROM Users U\n    LEFT JOIN Badges B ON U.Id = B.UserId\n    GROUP BY U.Id\n),\nRecentPostStats AS (\n    SELECT \n        P.OwnerUserId,\n        COUNT(P.Id) AS TotalPosts,\n        COUNT(CASE WHEN P.PostTypeId = 1 THEN P.Id END) AS Questions,\n        COUNT(CASE WHEN P.PostTypeId = 2 THEN P.Id END) AS Answers,\n        SUM(P.Score) AS TotalScore,\n        AVG(P.ViewCount) AS AvgViews\n    FROM Posts P\n    WHERE P.CreationDate >= TIMESTAMP '2024-10-01 12:34:56' - INTERVAL '30 days'\n    GROUP BY P.OwnerUserId\n),\nTopUsers AS (\n    SELECT \n        U.Id,\n        U.DisplayName,\n        U.Reputation,\n        B.BadgeCount,\n        R.TotalPosts,\n        R.Questions,\n        R.Answers,\n        R.TotalScore,\n        R.AvgViews,\n        R.OwnerUserId\n    FROM Users U\n    JOIN UserBadgeCounts B ON U.Id = B.UserId\n    JOIN RecentPostStats R ON U.Id = R.OwnerUserId\n    ORDER BY U.Reputation DESC\n    LIMIT 10\n)\nSELECT \n    U.DisplayName,\n    U.Reputation,\n    U.BadgeCount,\n    R.TotalPosts,\n    R.Questions,\n    R.Answers,\n    R.TotalScore,\n    R.AvgViews\nFROM TopUsers U\nJOIN RecentPostStats R ON U.Id = R.OwnerUserId\nLEFT JOIN PostHistory PH ON PH.UserId = U.Id AND PH.CreationDate >= TIMESTAMP '2024-10-01 12:34:56' - INTERVAL '30 days'\nWHERE R.TotalPosts > 0\nORDER BY U.BadgeCount DESC, R.TotalScore DESC;\n",
    "blocked_thread_time": 0.0,
    "cpu_time": 1.3207467389999996,
    "extra_info": {},
    "cumulative_cardinality": 12237365,
    "cumulative_rows_scanned": 20488504,
    "result_set_size": 21128,
    "latency": 1.422112559,
    "children": [
        {
            "operator_name": "ORDER_BY",
            "cpu_time": 1.3207467389999996,
            "extra_info": {
                "Order By": [
                    "U.BadgeCount DESC",
                    "R.TotalScore DESC"
                ]
            },
            "cumulative_cardinality": 12237365,
            "operator_type": "ORDER_BY",
            "operator_cardinality": 278,
            "cumulative_rows_scanned": 20488504,
            "operator_rows_scanned": 0,
            "operator_timing": 0.000104657,
            "result_set_size": 21128,
            "children": [
                {
                    "operator_name": "PROJECTION",
                    "cpu_time": 1.3206420819999996,
                    "extra_info": {
                        "Projections": [
                            "displayname",
                            "reputation",
                            "BadgeCount",
                            "TotalPosts",
                            "Questions",
                            "Answers",
                            "TotalScore",
                            "AvgViews"
                        ],
                        "Estimated Cardinality": "2359048"
                    },
                    "cumulative_cardinality": 12237087,
                    "operator_type": "PROJECTION",
                    "operator_cardinality": 278,
                    "cumulative_rows_scanned": 20488504,
                    "operator_rows_scanned": 0,
                    "operator_timing": 0.000003366,
                    "result_set_size": 21128,
                    "children": [
                        {
                            "operator_name": "CTE",
                            "cpu_time": 1.3206387159999995,
                            "extra_info": {
                                "CTE Name": "RecentPostStats",
                                "Table Index": "0"
                            },
                            "cumulative_cardinality": 12236809,
                            "operator_type": "CTE",
                            "operator_cardinality": 0,
                            "cumulative_rows_scanned": 20488504,
                            "operator_rows_scanned": 0,
                            "operator_timing": 0.000065542,
                            "result_set_size": 0,
                            "children": [
                                {
                                    "operator_name": "HASH_GROUP_BY",
                                    "cpu_time": 0.031042379999999998,
                                    "extra_info": {
                                        "Groups": "#0",
                                        "Aggregates": [
                                            "count_star()",
                                            "count(#1)",
                                            "count(#2)",
                                            "sum(#3)",
                                            "avg(#4)"
                                        ],
                                        "Estimated Cardinality": "385011"
                                    },
                                    "cumulative_cardinality": 24384,
                                    "operator_type": "HASH_GROUP_BY",
                                    "operator_cardinality": 4530,
                                    "cumulative_rows_scanned": 3850116,
                                    "operator_rows_scanned": 0,
                                    "operator_timing": 0.0007397530000000001,
                                    "result_set_size": 235560,
                                    "children": [
                                        {
                                            "operator_name": "PROJECTION",
                                            "cpu_time": 0.030302627,
                                            "extra_info": {
                                                "Projections": [
                                                    "owneruserid",
                                                    "CASE  WHEN ((posttypeid = 1)) THEN (id) ELSE NULL END",
                                                    "CASE  WHEN ((posttypeid = 2)) THEN (id) ELSE NULL END",
                                                    "score",
                                                    "viewcount"
                                                ],
                                                "Estimated Cardinality": "770023"
                                            },
                                            "cumulative_cardinality": 19854,
                                            "operator_type": "PROJECTION",
                                            "operator_cardinality": 9927,
                                            "cumulative_rows_scanned": 3850116,
                                            "operator_rows_scanned": 0,
                                            "operator_timing": 0.00021790900000000002,
                                            "result_set_size": 198540,
                                            "children": [
                                                {
                                                    "operator_name": "READ_PARQUET ",
                                                    "cpu_time": 0.030084718,
                                                    "extra_info": {
                                                        "Function": "READ_PARQUET",
                                                        "Projections": [
                                                            "id",
                                                            "posttypeid",
                                                            "score",
                                                            "viewcount",
                                                            "owneruserid"
                                                        ],
                                                        "Filters": "creationdate>='2024-09-01 12:34:56'::TIMESTAMP",
                                                        "Estimated Cardinality": "770023"
                                                    },
                                                    "cumulative_cardinality": 9927,
                                                    "operator_type": "TABLE_SCAN",
                                                    "operator_cardinality": 9927,
                                                    "cumulative_rows_scanned": 3850116,
                                                    "operator_rows_scanned": 3850116,
                                                    "operator_timing": 0.030084718,
                                                    "result_set_size": 178686,
                                                    "children": []
                                                }
                                            ]
                                        }
                                    ]
                                },
                                {
                                    "operator_name": "HASH_JOIN",
                                    "cpu_time": 1.2895307939999996,
                                    "extra_info": {
                                        "Join Type": "RIGHT",
                                        "Conditions": "userid = id",
                                        "Estimated Cardinality": "2359048"
                                    },
                                    "cumulative_cardinality": 12212425,
                                    "operator_type": "HASH_JOIN",
                                    "operator_cardinality": 278,
                                    "cumulative_rows_scanned": 16638388,
                                    "operator_rows_scanned": 0,
                                    "operator_timing": 0.0011067759999999999,
                                    "result_set_size": 66164,
                                    "children": [
                                        {
                                            "operator_name": "READ_PARQUET ",
                                            "cpu_time": 0.7824839579999998,
                                            "extra_info": {
                                                "Function": "READ_PARQUET",
                                                "Projections": [
                                                    "id",
                                                    "posthistorytypeid",
                                                    "postid",
                                                    "revisionguid",
                                                    "creationdate",
                                                    "userid",
                                                    "userdisplayname",
                                                    "comment",
                                                    "text",
                                                    "contentlicense"
                                                ],
                                                "Filters": "creationdate>='2024-09-01 12:34:56'::TIMESTAMP",
                                                "Estimated Cardinality": "2359048"
                                            },
                                            "cumulative_cardinality": 10205,
                                            "operator_type": "TABLE_SCAN",
                                            "operator_cardinality": 10205,
                                            "cumulative_rows_scanned": 11795244,
                                            "operator_rows_scanned": 11795244,
                                            "operator_timing": 0.7824839579999998,
                                            "result_set_size": 1040910,
                                            "children": []
                                        },
                                        {
                                            "operator_name": "HASH_JOIN",
                                            "cpu_time": 0.5059400599999998,
                                            "extra_info": {
                                                "Join Type": "INNER",
                                                "Conditions": "owneruserid = id",
                                                "Estimated Cardinality": "3"
                                            },
                                            "cumulative_cardinality": 12201942,
                                            "operator_type": "HASH_JOIN",
                                            "operator_cardinality": 10,
                                            "cumulative_rows_scanned": 4843144,
                                            "operator_rows_scanned": 0,
                                            "operator_timing": 0.000196418,
                                            "result_set_size": 1360,
                                            "children": [
                                                {
                                                    "operator_name": "FILTER",
                                                    "cpu_time": 0.000035737,
                                                    "extra_info": {
                                                        "Expression": "(TotalPosts > 0)",
                                                        "Estimated Cardinality": "385011"
                                                    },
                                                    "cumulative_cardinality": 9060,
                                                    "operator_type": "FILTER",
                                                    "operator_cardinality": 4530,
                                                    "cumulative_rows_scanned": 0,
                                                    "operator_rows_scanned": 0,
                                                    "operator_timing": 0.000017933000000000003,
                                                    "result_set_size": 235560,
                                                    "children": [
                                                        {
                                                            "operator_name": "CTE_SCAN",
                                                            "cpu_time": 0.000017804,
                                                            "extra_info": {
                                                                "CTE Index": "0",
                                                                "Estimated Cardinality": "385011"
                                                            },
                                                            "cumulative_cardinality": 4530,
                                                            "operator_type": "CTE_SCAN",
                                                            "operator_cardinality": 4530,
                                                            "cumulative_rows_scanned": 0,
                                                            "operator_rows_scanned": 0,
                                                            "operator_timing": 0.000017804,
                                                            "result_set_size": 235560,
                                                            "children": []
                                                        }
                                                    ]
                                                },
                                                {
                                                    "operator_name": "STREAMING_LIMIT",
                                                    "cpu_time": 0.5057079049999998,
                                                    "extra_info": {},
                                                    "cumulative_cardinality": 12192872,
                                                    "operator_type": "STREAMING_LIMIT",
                                                    "operator_cardinality": 10,
                                                    "cumulative_rows_scanned": 4843144,
                                                    "operator_rows_scanned": 0,
                                                    "operator_timing": 0.000001312,
                                                    "result_set_size": 840,
                                                    "children": [
                                                        {
                                                            "operator_name": "ORDER_BY",
                                                            "cpu_time": 0.5057065929999999,
                                                            "extra_info": {
                                                                "Order By": "U.Reputation DESC"
                                                            },
                                                            "cumulative_cardinality": 12192862,
                                                            "operator_type": "ORDER_BY",
                                                            "operator_cardinality": 4096,
                                                            "cumulative_rows_scanned": 4843144,
                                                            "operator_rows_scanned": 0,
                                                            "operator_timing": 0.00029427100000000003,
                                                            "result_set_size": 344064,
                                                            "children": [
                                                                {
                                                                    "operator_name": "PROJECTION",
                                                                    "cpu_time": 0.5054123219999999,
                                                                    "extra_info": {
                                                                        "Projections": [
                                                                            "id",
                                                                            "displayname",
                                                                            "reputation",
                                                                            "BadgeCount",
                                                                            "TotalPosts",
                                                                            "Questions",
                                                                            "Answers",
                                                                            "TotalScore",
                                                                            "AvgViews",
                                                                            "owneruserid"
                                                                        ],
                                                                        "Estimated Cardinality": "385011"
                                                                    },
                                                                    "cumulative_cardinality": 12188766,
                                                                    "operator_type": "PROJECTION",
                                                                    "operator_cardinality": 4529,
                                                                    "cumulative_rows_scanned": 4843144,
                                                                    "operator_rows_scanned": 0,
                                                                    "operator_timing": 0.00000511,
                                                                    "result_set_size": 380436,
                                                                    "children": [
                                                                        {
                                                                            "operator_name": "HASH_JOIN",
                                                                            "cpu_time": 0.5054072119999998,
                                                                            "extra_info": {
                                                                                "Join Type": "INNER",
                                                                                "Conditions": "id = owneruserid",
                                                                                "Estimated Cardinality": "385011"
                                                                            },
                                                                            "cumulative_cardinality": 12184237,
                                                                            "operator_type": "HASH_JOIN",
                                                                            "operator_cardinality": 4529,
                                                                            "cumulative_rows_scanned": 4843144,
                                                                            "operator_rows_scanned": 0,
                                                                            "operator_timing": 0.011903058999999968,
                                                                            "result_set_size": 398552,
                                                                            "children": [
                                                                                {
                                                                                    "operator_name": "READ_PARQUET ",
                                                                                    "cpu_time": 0.09186754900000005,
                                                                                    "extra_info": {
                                                                                        "Function": "READ_PARQUET",
                                                                                        "Projections": [
                                                                                            "id",
                                                                                            "reputation",
                                                                                            "displayname"
                                                                                        ],
                                                                                        "Estimated Cardinality": "1260710"
                                                                                    },
                                                                                    "cumulative_cardinality": 1260679,
                                                                                    "operator_type": "TABLE_SCAN",
                                                                                    "operator_cardinality": 1260679,
                                                                                    "cumulative_rows_scanned": 1260710,
                                                                                    "operator_rows_scanned": 1260710,
                                                                                    "operator_timing": 0.09186754900000005,
                                                                                    "result_set_size": 30256296,
                                                                                    "children": []
                                                                                },
                                                                                {
                                                                                    "operator_name": "HASH_JOIN",
                                                                                    "cpu_time": 0.40163660399999984,
                                                                                    "extra_info": {
                                                                                        "Join Type": "INNER",
                                                                                        "Conditions": "UserId = owneruserid",
                                                                                        "Estimated Cardinality": "385011"
                                                                                    },
                                                                                    "cumulative_cardinality": 10919029,
                                                                                    "operator_type": "HASH_JOIN",
                                                                                    "operator_cardinality": 4529,
                                                                                    "cumulative_rows_scanned": 3582434,
                                                                                    "operator_rows_scanned": 0,
                                                                                    "operator_timing": 0.009473683000000005,
                                                                                    "result_set_size": 289856,
                                                                                    "children": [
                                                                                        {
                                                                                            "operator_name": "HASH_GROUP_BY",
                                                                                            "cpu_time": 0.3921432739999998,
                                                                                            "extra_info": {
                                                                                                "Groups": "#0",
                                                                                                "Aggregates": "count(#1)",
                                                                                                "Estimated Cardinality": "1260710"
                                                                                            },
                                                                                            "cumulative_cardinality": 10909970,
                                                                                            "operator_type": "HASH_GROUP_BY",
                                                                                            "operator_cardinality": 1260710,
                                                                                            "cumulative_rows_scanned": 3582434,
                                                                                            "operator_rows_scanned": 0,
                                                                                            "operator_timing": 0.163933492,
                                                                                            "result_set_size": 15128520,
                                                                                            "children": [
                                                                                                {
                                                                                                    "operator_name": "PROJECTION",
                                                                                                    "cpu_time": 0.22820978199999983,
                                                                                                    "extra_info": {
                                                                                                        "Projections": [
                                                                                                            "id",
                                                                                                            "id"
                                                                                                        ],
                                                                                                        "Estimated Cardinality": "2321724"
                                                                                                    },
                                                                                                    "cumulative_cardinality": 9649260,
                                                                                                    "operator_type": "PROJECTION",
                                                                                                    "operator_cardinality": 3033413,
                                                                                                    "cumulative_rows_scanned": 3582434,
                                                                                                    "operator_rows_scanned": 0,
                                                                                                    "operator_timing": 0.0003309439999999997,
                                                                                                    "result_set_size": 24267304,
                                                                                                    "children": [
                                                                                                        {
                                                                                                            "operator_name": "HASH_JOIN",
                                                                                                            "cpu_time": 0.22787883799999983,
                                                                                                            "extra_info": {
                                                                                                                "Join Type": "RIGHT",
                                                                                                                "Conditions": "userid = id",
                                                                                                                "Estimated Cardinality": "2321724"
                                                                                                            },
                                                                                                            "cumulative_cardinality": 6615847,
                                                                                                            "operator_type": "HASH_JOIN",
                                                                                                            "operator_cardinality": 3033413,
                                                                                                            "cumulative_rows_scanned": 3582434,
                                                                                                            "operator_rows_scanned": 0,
                                                                                                            "operator_timing": 0.17446612699999983,
                                                                                                            "result_set_size": 24267304,
                                                                                                            "children": [
                                                                                                                {
                                                                                                                    "operator_name": "READ_PARQUET ",
                                                                                                                    "cpu_time": 0.046689342999999994,
                                                                                                                    "extra_info": {
                                                                                                                        "Function": "READ_PARQUET",
                                                                                                                        "Projections": [
                                                                                                                            "id",
                                                                                                                            "userid"
                                                                                                                        ],
                                                                                                                        "Estimated Cardinality": "2321724"
                                                                                                                    },
                                                                                                                    "cumulative_cardinality": 2321724,
                                                                                                                    "operator_type": "TABLE_SCAN",
                                                                                                                    "operator_cardinality": 2321724,
                                                                                                                    "cumulative_rows_scanned": 2321724,
                                                                                                                    "operator_rows_scanned": 2321724,
                                                                                                                    "operator_timing": 0.046689342999999994,
                                                                                                                    "result_set_size": 18573792,
                                                                                                                    "children": []
                                                                                                                },
                                                                                                                {
                                                                                                                    "operator_name": "READ_PARQUET ",
                                                                                                                    "cpu_time": 0.006723368000000006,
                                                                                                                    "extra_info": {
                                                                                                                        "Function": "READ_PARQUET",
                                                                                                                        "Projections": "id",
                                                                                                                        "Estimated Cardinality": "1260710"
                                                                                                                    },
                                                                                                                    "cumulative_cardinality": 1260710,
                                                                                                                    "operator_type": "TABLE_SCAN",
                                                                                                                    "operator_cardinality": 1260710,
                                                                                                                    "cumulative_rows_scanned": 1260710,
                                                                                                                    "operator_rows_scanned": 1260710,
                                                                                                                    "operator_timing": 0.006723368000000006,
                                                                                                                    "result_set_size": 5042840,
                                                                                                                    "children": []
                                                                                                                }
                                                                                                            ]
                                                                                                        }
                                                                                                    ]
                                                                                                }
                                                                                            ]
                                                                                        },
                                                                                        {
                                                                                            "operator_name": "CTE_SCAN",
                                                                                            "cpu_time": 0.000019647,
                                                                                            "extra_info": {
                                                                                                "CTE Index": "0",
                                                                                                "Estimated Cardinality": "385011"
                                                                                            },
                                                                                            "cumulative_cardinality": 4530,
                                                                                            "operator_type": "CTE_SCAN",
                                                                                            "operator_cardinality": 4530,
                                                                                            "cumulative_rows_scanned": 0,
                                                                                            "operator_rows_scanned": 0,
                                                                                            "operator_timing": 0.000019647,
                                                                                            "result_set_size": 235560,
                                                                                            "children": []
                                                                                        }
                                                                                    ]
                                                                                }
                                                                            ]
                                                                        }
                                                                    ]
                                                                }
                                                            ]
                                                        }
                                                    ]
                                                }
                                            ]
                                        }
                                    ]
                                }
                            ]
                        }
                    ]
                }
            ]
        }
    ]
}