{
    "rows_returned": 100,
    "query_name": "\nWITH RECURSIVE UserReputationCTE AS (\n    SELECT Id, Reputation, CreationDate, UpVotes, DownVotes, (UpVotes - DownVotes) AS NetVotes\n    FROM Users\n    WHERE Reputation > 0\n    UNION ALL\n    SELECT u.Id, u.Reputation, u.CreationDate, u.UpVotes, u.DownVotes, (u.UpVotes - u.DownVotes) AS NetVotes\n    FROM Users u\n    INNER JOIN UserReputationCTE ur ON ur.Id = u.Id\n    WHERE u.Reputation > ur.Reputation\n),\nRecentPostCTE AS (\n    SELECT p.Id, p.Title, p.CreationDate, p.Score, p.ViewCount, p.OwnerUserId,\n           DENSE_RANK() OVER (PARTITION BY p.ParentId ORDER BY p.CreationDate DESC) AS LatestPostRank\n    FROM Posts p\n    WHERE p.CreationDate >= TIMESTAMP '2024-10-01 12:34:56' - INTERVAL '2 weeks'\n),\nPostHistoryCount AS (\n    SELECT PostId, COUNT(*) AS HistoryCount\n    FROM PostHistory\n    WHERE PostHistoryTypeId IN (10, 12, 6) \n    GROUP BY PostId\n),\nUserBadgeCounts AS (\n    SELECT UserId, COUNT(*) AS BadgeCount\n    FROM Badges\n    GROUP BY UserId\n)\nSELECT \n    u.DisplayName AS UserName,\n    u.Reputation,\n    COALESCE(ub.BadgeCount, 0) AS BadgeCount,\n    COALESCE(rp.Score, 0) AS PostScore,\n    COALESCE(ph.HistoryCount, 0) AS PostHistoryChanges,\n    COUNT(DISTINCT rp.Id) AS RecentPostsCount,\n    SUM(rp.ViewCount) AS TotalViews,\n    SUM(rp.Score) AS TotalPostScore\nFROM Users u\nLEFT JOIN UserBadgeCounts ub ON u.Id = ub.UserId\nLEFT JOIN RecentPostCTE rp ON u.Id = rp.OwnerUserId\nLEFT JOIN PostHistoryCount ph ON rp.Id = ph.PostId\nWHERE u.Reputation > (SELECT AVG(Reputation) FROM Users) \nGROUP BY u.Id, u.DisplayName, u.Reputation, ub.BadgeCount, rp.Score, ph.HistoryCount\nORDER BY UserName\nLIMIT 100;\n",
    "blocked_thread_time": 0.0,
    "cpu_time": 0.8196913970000003,
    "extra_info": {},
    "cumulative_cardinality": 27857103,
    "cumulative_rows_scanned": 20488504,
    "result_set_size": 8000,
    "latency": 1.027394511,
    "children": [
        {
            "operator_name": "STREAMING_LIMIT",
            "cpu_time": 0.8196913970000003,
            "extra_info": {},
            "cumulative_cardinality": 27857103,
            "operator_type": "STREAMING_LIMIT",
            "operator_cardinality": 100,
            "cumulative_rows_scanned": 20488504,
            "operator_rows_scanned": 0,
            "operator_timing": 0.000001583,
            "result_set_size": 8000,
            "children": [
                {
                    "operator_name": "PROJECTION",
                    "cpu_time": 0.8196898140000003,
                    "extra_info": {
                        "Projections": [
                            "#0",
                            "#1",
                            "#2",
                            "__internal_decompress_integral_integer(#3, -72)",
                            "#4",
                            "#5",
                            "#6",
                            "#7"
                        ],
                        "Estimated Cardinality": "1"
                    },
                    "cumulative_cardinality": 27857003,
                    "operator_type": "PROJECTION",
                    "operator_cardinality": 4096,
                    "cumulative_rows_scanned": 20488504,
                    "operator_rows_scanned": 0,
                    "operator_timing": 0.0000058899999999999995,
                    "result_set_size": 327680,
                    "children": [
                        {
                            "operator_name": "ORDER_BY",
                            "cpu_time": 0.8196839240000003,
                            "extra_info": {
                                "Order By": "u.DisplayName ASC"
                            },
                            "cumulative_cardinality": 27852907,
                            "operator_type": "ORDER_BY",
                            "operator_cardinality": 4096,
                            "cumulative_rows_scanned": 20488504,
                            "operator_rows_scanned": 0,
                            "operator_timing": 0.013302370000000003,
                            "result_set_size": 319488,
                            "children": [
                                {
                                    "operator_name": "PROJECTION",
                                    "cpu_time": 0.8063815540000003,
                                    "extra_info": {
                                        "Projections": [
                                            "#0",
                                            "#1",
                                            "#2",
                                            "__internal_compress_integral_usmallint(#3, -72)",
                                            "#4",
                                            "#5",
                                            "#6",
                                            "#7"
                                        ],
                                        "Estimated Cardinality": "1"
                                    },
                                    "cumulative_cardinality": 27848811,
                                    "operator_type": "PROJECTION",
                                    "operator_cardinality": 200056,
                                    "cumulative_rows_scanned": 20488504,
                                    "operator_rows_scanned": 0,
                                    "operator_timing": 0.00009242999999999998,
                                    "result_set_size": 15604368,
                                    "children": [
                                        {
                                            "operator_name": "PROJECTION",
                                            "cpu_time": 0.8062891240000003,
                                            "extra_info": {
                                                "Projections": [
                                                    "UserName",
                                                    "reputation",
                                                    "BadgeCount",
                                                    "PostScore",
                                                    "PostHistoryChanges",
                                                    "RecentPostsCount",
                                                    "TotalViews",
                                                    "TotalPostScore"
                                                ],
                                                "Estimated Cardinality": "1"
                                            },
                                            "cumulative_cardinality": 27648755,
                                            "operator_type": "PROJECTION",
                                            "operator_cardinality": 200056,
                                            "cumulative_rows_scanned": 20488504,
                                            "operator_rows_scanned": 0,
                                            "operator_timing": 0.0037262479999999993,
                                            "result_set_size": 16004480,
                                            "children": [
                                                {
                                                    "operator_name": "HASH_GROUP_BY",
                                                    "cpu_time": 0.8025628760000003,
                                                    "extra_info": {
                                                        "Groups": [
                                                            "#0",
                                                            "#1",
                                                            "#2",
                                                            "#3",
                                                            "#4",
                                                            "#5"
                                                        ],
                                                        "Aggregates": [
                                                            "count(DISTINCT #6)",
                                                            "sum(#7)",
                                                            "sum(#8)"
                                                        ],
                                                        "Estimated Cardinality": "1"
                                                    },
                                                    "cumulative_cardinality": 27448699,
                                                    "operator_type": "HASH_GROUP_BY",
                                                    "operator_cardinality": 200056,
                                                    "cumulative_rows_scanned": 20488504,
                                                    "operator_rows_scanned": 0,
                                                    "operator_timing": 0.09633901900000003,
                                                    "result_set_size": 16804704,
                                                    "children": [
                                                        {
                                                            "operator_name": "PROJECTION",
                                                            "cpu_time": 0.7062238570000002,
                                                            "extra_info": {
                                                                "Projections": [
                                                                    "id",
                                                                    "displayname",
                                                                    "reputation",
                                                                    "BadgeCount",
                                                                    "score",
                                                                    "HistoryCount",
                                                                    "id",
                                                                    "viewcount",
                                                                    "score"
                                                                ],
                                                                "Estimated Cardinality": "2"
                                                            },
                                                            "cumulative_cardinality": 27248643,
                                                            "operator_type": "PROJECTION",
                                                            "operator_cardinality": 200879,
                                                            "cumulative_rows_scanned": 20488504,
                                                            "operator_rows_scanned": 0,
                                                            "operator_timing": 0.0003401870000000001,
                                                            "result_set_size": 11249224,
                                                            "children": [
                                                                {
                                                                    "operator_name": "NESTED_LOOP_JOIN",
                                                                    "cpu_time": 0.7058836700000002,
                                                                    "extra_info": {
                                                                        "Join Type": "INNER",
                                                                        "Conditions": "CAST(reputation AS DOUBLE) > SUBQUERY",
                                                                        "Estimated Cardinality": "2"
                                                                    },
                                                                    "cumulative_cardinality": 27047764,
                                                                    "operator_type": "NESTED_LOOP_JOIN",
                                                                    "operator_cardinality": 200879,
                                                                    "cumulative_rows_scanned": 20488504,
                                                                    "operator_rows_scanned": 0,
                                                                    "operator_timing": 0.020398010000000022,
                                                                    "result_set_size": 14463288,
                                                                    "children": [
                                                                        {
                                                                            "operator_name": "HASH_JOIN",
                                                                            "cpu_time": 0.6734450540000001,
                                                                            "extra_info": {
                                                                                "Join Type": "LEFT",
                                                                                "Conditions": "id = postid",
                                                                                "Estimated Cardinality": "1260710"
                                                                            },
                                                                            "cumulative_cardinality": 24325461,
                                                                            "operator_type": "HASH_JOIN",
                                                                            "operator_cardinality": 1262829,
                                                                            "cumulative_rows_scanned": 19227794,
                                                                            "operator_rows_scanned": 0,
                                                                            "operator_timing": 0.031197673999999957,
                                                                            "result_set_size": 80821056,
                                                                            "children": [
                                                                                {
                                                                                    "operator_name": "HASH_JOIN",
                                                                                    "cpu_time": 0.3343779640000002,
                                                                                    "extra_info": {
                                                                                        "Join Type": "LEFT",
                                                                                        "Conditions": "id = owneruserid",
                                                                                        "Estimated Cardinality": "1260710"
                                                                                    },
                                                                                    "cumulative_cardinality": 8995958,
                                                                                    "operator_type": "HASH_JOIN",
                                                                                    "operator_cardinality": 1262829,
                                                                                    "cumulative_rows_scanned": 7432550,
                                                                                    "operator_rows_scanned": 0,
                                                                                    "operator_timing": 0.023568529000000015,
                                                                                    "result_set_size": 65667108,
                                                                                    "children": [
                                                                                        {
                                                                                            "operator_name": "HASH_JOIN",
                                                                                            "cpu_time": 0.24853616100000017,
                                                                                            "extra_info": {
                                                                                                "Join Type": "LEFT",
                                                                                                "Conditions": "id = userid",
                                                                                                "Estimated Cardinality": "1260710"
                                                                                            },
                                                                                            "cumulative_cardinality": 7713889,
                                                                                            "operator_type": "HASH_JOIN",
                                                                                            "operator_cardinality": 1260710,
                                                                                            "cumulative_rows_scanned": 3582434,
                                                                                            "operator_rows_scanned": 0,
                                                                                            "operator_timing": 0.08188018500000012,
                                                                                            "result_set_size": 45385560,
                                                                                            "children": [
                                                                                                {
                                                                                                    "operator_name": "READ_PARQUET ",
                                                                                                    "cpu_time": 0.086651782,
                                                                                                    "extra_info": {
                                                                                                        "Function": "READ_PARQUET",
                                                                                                        "Projections": [
                                                                                                            "id",
                                                                                                            "reputation",
                                                                                                            "displayname"
                                                                                                        ],
                                                                                                        "Estimated Cardinality": "1260710"
                                                                                                    },
                                                                                                    "cumulative_cardinality": 1260710,
                                                                                                    "operator_type": "TABLE_SCAN",
                                                                                                    "operator_cardinality": 1260710,
                                                                                                    "cumulative_rows_scanned": 1260710,
                                                                                                    "operator_rows_scanned": 1260710,
                                                                                                    "operator_timing": 0.086651782,
                                                                                                    "result_set_size": 30257040,
                                                                                                    "children": []
                                                                                                },
                                                                                                {
                                                                                                    "operator_name": "HASH_GROUP_BY",
                                                                                                    "cpu_time": 0.08000419400000006,
                                                                                                    "extra_info": {
                                                                                                        "Groups": "#0",
                                                                                                        "Aggregates": "count_star()",
                                                                                                        "Estimated Cardinality": "1160862"
                                                                                                    },
                                                                                                    "cumulative_cardinality": 5192469,
                                                                                                    "operator_type": "HASH_GROUP_BY",
                                                                                                    "operator_cardinality": 549021,
                                                                                                    "cumulative_rows_scanned": 2321724,
                                                                                                    "operator_rows_scanned": 0,
                                                                                                    "operator_timing": 0.06728271900000006,
                                                                                                    "result_set_size": 6588252,
                                                                                                    "children": [
                                                                                                        {
                                                                                                            "operator_name": "PROJECTION",
                                                                                                            "cpu_time": 0.012721474999999993,
                                                                                                            "extra_info": {
                                                                                                                "Projections": "userid",
                                                                                                                "Estimated Cardinality": "2321724"
                                                                                                            },
                                                                                                            "cumulative_cardinality": 4643448,
                                                                                                            "operator_type": "PROJECTION",
                                                                                                            "operator_cardinality": 2321724,
                                                                                                            "cumulative_rows_scanned": 2321724,
                                                                                                            "operator_rows_scanned": 0,
                                                                                                            "operator_timing": 0.0001957899999999995,
                                                                                                            "result_set_size": 9286896,
                                                                                                            "children": [
                                                                                                                {
                                                                                                                    "operator_name": "READ_PARQUET ",
                                                                                                                    "cpu_time": 0.012525684999999993,
                                                                                                                    "extra_info": {
                                                                                                                        "Function": "READ_PARQUET",
                                                                                                                        "Projections": "userid",
                                                                                                                        "Estimated Cardinality": "2321724"
                                                                                                                    },
                                                                                                                    "cumulative_cardinality": 2321724,
                                                                                                                    "operator_type": "TABLE_SCAN",
                                                                                                                    "operator_cardinality": 2321724,
                                                                                                                    "cumulative_rows_scanned": 2321724,
                                                                                                                    "operator_rows_scanned": 2321724,
                                                                                                                    "operator_timing": 0.012525684999999993,
                                                                                                                    "result_set_size": 9286896,
                                                                                                                    "children": []
                                                                                                                }
                                                                                                            ]
                                                                                                        }
                                                                                                    ]
                                                                                                }
                                                                                            ]
                                                                                        },
                                                                                        {
                                                                                            "operator_name": "PROJECTION",
                                                                                            "cpu_time": 0.062273273999999997,
                                                                                            "extra_info": {
                                                                                                "Projections": [
                                                                                                    "id",
                                                                                                    "score",
                                                                                                    "viewcount",
                                                                                                    "owneruserid"
                                                                                                ],
                                                                                                "Estimated Cardinality": "770023"
                                                                                            },
                                                                                            "cumulative_cardinality": 19240,
                                                                                            "operator_type": "PROJECTION",
                                                                                            "operator_cardinality": 4810,
                                                                                            "cumulative_rows_scanned": 3850116,
                                                                                            "operator_rows_scanned": 0,
                                                                                            "operator_timing": 0.0000032570000000000003,
                                                                                            "result_set_size": 76960,
                                                                                            "children": [
                                                                                                {
                                                                                                    "operator_name": "PROJECTION",
                                                                                                    "cpu_time": 0.062270017,
                                                                                                    "extra_info": {
                                                                                                        "Projections": [
                                                                                                            "#0",
                                                                                                            "#1",
                                                                                                            "#2",
                                                                                                            "#3",
                                                                                                            "#4",
                                                                                                            "#5",
                                                                                                            "#6"
                                                                                                        ],
                                                                                                        "Estimated Cardinality": "770023"
                                                                                                    },
                                                                                                    "cumulative_cardinality": 14430,
                                                                                                    "operator_type": "PROJECTION",
                                                                                                    "operator_cardinality": 4810,
                                                                                                    "cumulative_rows_scanned": 3850116,
                                                                                                    "operator_rows_scanned": 0,
                                                                                                    "operator_timing": 0.000004929,
                                                                                                    "result_set_size": 173160,
                                                                                                    "children": [
                                                                                                        {
                                                                                                            "operator_name": "WINDOW",
                                                                                                            "cpu_time": 0.062265087999999996,
                                                                                                            "extra_info": {
                                                                                                                "Projections": "RANK_DENSE() OVER (PARTITION BY parentid ORDER BY creationdate DESC NULLS LAST)"
                                                                                                            },
                                                                                                            "cumulative_cardinality": 9620,
                                                                                                            "operator_type": "WINDOW",
                                                                                                            "operator_cardinality": 4810,
                                                                                                            "cumulative_rows_scanned": 3850116,
                                                                                                            "operator_rows_scanned": 0,
                                                                                                            "operator_timing": 0.028558717,
                                                                                                            "result_set_size": 173160,
                                                                                                            "children": [
                                                                                                                {
                                                                                                                    "operator_name": "READ_PARQUET ",
                                                                                                                    "cpu_time": 0.03370637099999999,
                                                                                                                    "extra_info": {
                                                                                                                        "Function": "READ_PARQUET",
                                                                                                                        "Projections": [
                                                                                                                            "id",
                                                                                                                            "parentid",
                                                                                                                            "creationdate",
                                                                                                                            "score",
                                                                                                                            "viewcount",
                                                                                                                            "owneruserid"
                                                                                                                        ],
                                                                                                                        "Filters": "creationdate>='2024-09-17 12:34:56'::TIMESTAMP",
                                                                                                                        "Estimated Cardinality": "770023"
                                                                                                                    },
                                                                                                                    "cumulative_cardinality": 4810,
                                                                                                                    "operator_type": "TABLE_SCAN",
                                                                                                                    "operator_cardinality": 4810,
                                                                                                                    "cumulative_rows_scanned": 3850116,
                                                                                                                    "operator_rows_scanned": 3850116,
                                                                                                                    "operator_timing": 0.03370637099999999,
                                                                                                                    "result_set_size": 134680,
                                                                                                                    "children": []
                                                                                                                }
                                                                                                            ]
                                                                                                        }
                                                                                                    ]
                                                                                                }
                                                                                            ]
                                                                                        }
                                                                                    ]
                                                                                },
                                                                                {
                                                                                    "operator_name": "HASH_GROUP_BY",
                                                                                    "cpu_time": 0.307869416,
                                                                                    "extra_info": {
                                                                                        "Groups": "#0",
                                                                                        "Aggregates": "count_star()",
                                                                                        "Estimated Cardinality": "1179524"
                                                                                    },
                                                                                    "cumulative_cardinality": 14066674,
                                                                                    "operator_type": "HASH_GROUP_BY",
                                                                                    "operator_cardinality": 486772,
                                                                                    "cumulative_rows_scanned": 11795244,
                                                                                    "operator_rows_scanned": 0,
                                                                                    "operator_timing": 0.04306930700000001,
                                                                                    "result_set_size": 5841264,
                                                                                    "children": [
                                                                                        {
                                                                                            "operator_name": "PROJECTION",
                                                                                            "cpu_time": 0.264800109,
                                                                                            "extra_info": {
                                                                                                "Projections": "postid",
                                                                                                "Estimated Cardinality": "2359048"
                                                                                            },
                                                                                            "cumulative_cardinality": 13579902,
                                                                                            "operator_type": "PROJECTION",
                                                                                            "operator_cardinality": 594886,
                                                                                            "cumulative_rows_scanned": 11795244,
                                                                                            "operator_rows_scanned": 0,
                                                                                            "operator_timing": 0.000624209999999989,
                                                                                            "result_set_size": 2379544,
                                                                                            "children": [
                                                                                                {
                                                                                                    "operator_name": "PROJECTION",
                                                                                                    "cpu_time": 0.264175899,
                                                                                                    "extra_info": {
                                                                                                        "Projections": "postid",
                                                                                                        "Estimated Cardinality": "2359048"
                                                                                                    },
                                                                                                    "cumulative_cardinality": 12985016,
                                                                                                    "operator_type": "PROJECTION",
                                                                                                    "operator_cardinality": 594886,
                                                                                                    "cumulative_rows_scanned": 11795244,
                                                                                                    "operator_rows_scanned": 0,
                                                                                                    "operator_timing": 0.0006362529999999914,
                                                                                                    "result_set_size": 2379544,
                                                                                                    "children": [
                                                                                                        {
                                                                                                            "operator_name": "FILTER",
                                                                                                            "cpu_time": 0.263539646,
                                                                                                            "extra_info": {
                                                                                                                "Expression": "((posthistorytypeid = 10) OR (posthistorytypeid = 12) OR (posthistorytypeid = 6))",
                                                                                                                "Estimated Cardinality": "2359048"
                                                                                                            },
                                                                                                            "cumulative_cardinality": 12390130,
                                                                                                            "operator_type": "FILTER",
                                                                                                            "operator_cardinality": 594886,
                                                                                                            "cumulative_rows_scanned": 11795244,
                                                                                                            "operator_rows_scanned": 0,
                                                                                                            "operator_timing": 0.10089569700000038,
                                                                                                            "result_set_size": 3569316,
                                                                                                            "children": [
                                                                                                                {
                                                                                                                    "operator_name": "READ_PARQUET ",
                                                                                                                    "cpu_time": 0.16264394899999962,
                                                                                                                    "extra_info": {
                                                                                                                        "Function": "READ_PARQUET",
                                                                                                                        "Projections": [
                                                                                                                            "posthistorytypeid",
                                                                                                                            "postid"
                                                                                                                        ],
                                                                                                                        "Filters": "optional: posthistorytypeid IN (6, 10, 12)",
                                                                                                                        "Estimated Cardinality": "11795244"
                                                                                                                    },
                                                                                                                    "cumulative_cardinality": 11795244,
                                                                                                                    "operator_type": "TABLE_SCAN",
                                                                                                                    "operator_cardinality": 11795244,
                                                                                                                    "cumulative_rows_scanned": 11795244,
                                                                                                                    "operator_rows_scanned": 11795244,
                                                                                                                    "operator_timing": 0.16264394899999962,
                                                                                                                    "result_set_size": 70771464,
                                                                                                                    "children": []
                                                                                                                }
                                                                                                            ]
                                                                                                        }
                                                                                                    ]
                                                                                                }
                                                                                            ]
                                                                                        }
                                                                                    ]
                                                                                }
                                                                            ]
                                                                        },
                                                                        {
                                                                            "operator_name": "PROJECTION",
                                                                            "cpu_time": 0.012040605999999995,
                                                                            "extra_info": {
                                                                                "Projections": [
                                                                                    "CASE  WHEN ((#1 > 1)) THEN (error('More than one row returned by a subquery used as an expression - scalar subqueries can only return a single row.",
                                                                                    "Use \"SET scalar_subquery_error_on_multiple_rows=false\" to revert to previous behavior of returning a random row.')) ELSE #0 END"
                                                                                ],
                                                                                "Estimated Cardinality": "1"
                                                                            },
                                                                            "cumulative_cardinality": 2521424,
                                                                            "operator_type": "PROJECTION",
                                                                            "operator_cardinality": 1,
                                                                            "cumulative_rows_scanned": 1260710,
                                                                            "operator_rows_scanned": 0,
                                                                            "operator_timing": 0.000002765,
                                                                            "result_set_size": 8,
                                                                            "children": [
                                                                                {
                                                                                    "operator_name": "UNGROUPED_AGGREGATE",
                                                                                    "cpu_time": 0.012037840999999995,
                                                                                    "extra_info": {
                                                                                        "Aggregates": [
                                                                                            "\"first\"(#0)",
                                                                                            "count_star()"
                                                                                        ]
                                                                                    },
                                                                                    "cumulative_cardinality": 2521423,
                                                                                    "operator_type": "UNGROUPED_AGGREGATE",
                                                                                    "operator_cardinality": 1,
                                                                                    "cumulative_rows_scanned": 1260710,
                                                                                    "operator_rows_scanned": 0,
                                                                                    "operator_timing": 0.000008166,
                                                                                    "result_set_size": 16,
                                                                                    "children": [
                                                                                        {
                                                                                            "operator_name": "PROJECTION",
                                                                                            "cpu_time": 0.012029674999999995,
                                                                                            "extra_info": {
                                                                                                "Projections": "#0",
                                                                                                "Estimated Cardinality": "1"
                                                                                            },
                                                                                            "cumulative_cardinality": 2521422,
                                                                                            "operator_type": "PROJECTION",
                                                                                            "operator_cardinality": 1,
                                                                                            "cumulative_rows_scanned": 1260710,
                                                                                            "operator_rows_scanned": 0,
                                                                                            "operator_timing": 2.4e-7,
                                                                                            "result_set_size": 8,
                                                                                            "children": [
                                                                                                {
                                                                                                    "operator_name": "UNGROUPED_AGGREGATE",
                                                                                                    "cpu_time": 0.012029434999999995,
                                                                                                    "extra_info": {
                                                                                                        "Aggregates": "avg(#0)"
                                                                                                    },
                                                                                                    "cumulative_cardinality": 2521421,
                                                                                                    "operator_type": "UNGROUPED_AGGREGATE",
                                                                                                    "operator_cardinality": 1,
                                                                                                    "cumulative_rows_scanned": 1260710,
                                                                                                    "operator_rows_scanned": 0,
                                                                                                    "operator_timing": 0.00482017899999999,
                                                                                                    "result_set_size": 8,
                                                                                                    "children": [
                                                                                                        {
                                                                                                            "operator_name": "PROJECTION",
                                                                                                            "cpu_time": 0.007209256000000004,
                                                                                                            "extra_info": {
                                                                                                                "Projections": "reputation",
                                                                                                                "Estimated Cardinality": "1260710"
                                                                                                            },
                                                                                                            "cumulative_cardinality": 2521420,
                                                                                                            "operator_type": "PROJECTION",
                                                                                                            "operator_cardinality": 1260710,
                                                                                                            "cumulative_rows_scanned": 1260710,
                                                                                                            "operator_rows_scanned": 0,
                                                                                                            "operator_timing": 0.00005022199999999982,
                                                                                                            "result_set_size": 5042840,
                                                                                                            "children": [
                                                                                                                {
                                                                                                                    "operator_name": "READ_PARQUET ",
                                                                                                                    "cpu_time": 0.007159034000000004,
                                                                                                                    "extra_info": {
                                                                                                                        "Function": "READ_PARQUET",
                                                                                                                        "Projections": "reputation",
                                                                                                                        "Estimated Cardinality": "1260710"
                                                                                                                    },
                                                                                                                    "cumulative_cardinality": 1260710,
                                                                                                                    "operator_type": "TABLE_SCAN",
                                                                                                                    "operator_cardinality": 1260710,
                                                                                                                    "cumulative_rows_scanned": 1260710,
                                                                                                                    "operator_rows_scanned": 1260710,
                                                                                                                    "operator_timing": 0.007159034000000004,
                                                                                                                    "result_set_size": 5042840,
                                                                                                                    "children": []
                                                                                                                }
                                                                                                            ]
                                                                                                        }
                                                                                                    ]
                                                                                                }
                                                                                            ]
                                                                                        }
                                                                                    ]
                                                                                }
                                                                            ]
                                                                        }
                                                                    ]
                                                                }
                                                            ]
                                                        }
                                                    ]
                                                }
                                            ]
                                        }
                                    ]
                                }
                            ]
                        }
                    ]
                }
            ]
        }
    ]
}