{
    "rows_returned": 27,
    "query_name": "\nWITH RECURSIVE UserVotes AS (\n    SELECT UserId, COUNT(*) AS TotalVotes\n    FROM Votes\n    GROUP BY UserId\n),\nTopUsers AS (\n    SELECT U.Id, U.DisplayName, U.Reputation, UV.TotalVotes\n    FROM Users U\n    JOIN UserVotes UV ON U.Id = UV.UserId\n    WHERE U.Reputation > 1000\n    ORDER BY UV.TotalVotes DESC\n    LIMIT 10\n),\nPostDetails AS (\n    SELECT\n        P.Id AS PostId,\n        P.Title,\n        P.CreationDate,\n        P.Score,\n        P.ViewCount,\n        COALESCE(PH.PostHistoryCount, 0) AS PostHistoryCount,\n        CASE\n            WHEN P.AcceptedAnswerId IS NOT NULL THEN 'Yes'\n            ELSE 'No'\n        END AS HasAcceptedAnswer\n    FROM Posts P\n    LEFT JOIN (\n        SELECT PostId, COUNT(*) AS PostHistoryCount\n        FROM PostHistory\n        GROUP BY PostId\n    ) PH ON P.Id = PH.PostId\n),\nUserPostInteractions AS (\n    SELECT \n        U.Id AS UserId,\n        U.DisplayName,\n        D.PostId,\n        D.Title,\n        D.CreationDate,\n        D.Score,\n        CASE WHEN V.VoteTypeId = 2 THEN 'Upvote' ELSE 'Downvote' END AS VoteType,\n        D.HasAcceptedAnswer\n    FROM Users U\n    JOIN Posts P ON U.Id = P.OwnerUserId\n    JOIN PostDetails D ON P.Id = D.PostId\n    LEFT JOIN Votes V ON P.Id = V.PostId AND V.UserId = U.Id\n)\n\nSELECT \n    U.DisplayName AS VotingUser,\n    D.Title AS PostTitle,\n    D.HasAcceptedAnswer,\n    COUNT(*) AS VoteCount,\n    AVG(D.Score) AS AvgScore,\n    MAX(D.CreationDate) AS LatestPostDate\nFROM UserPostInteractions D\nJOIN TopUsers U ON D.UserId = U.Id\nGROUP BY U.DisplayName, D.Title, D.HasAcceptedAnswer\nHAVING COUNT(*) > 2\nORDER BY AvgScore DESC, VotingUser;\n",
    "blocked_thread_time": 0.0,
    "cpu_time": 3.415784677000005,
    "extra_info": {},
    "cumulative_cardinality": 95384654,
    "cumulative_rows_scanned": 47505082,
    "result_set_size": 1944,
    "latency": 3.69913016,
    "children": [
        {
            "operator_name": "PROJECTION",
            "cpu_time": 3.415784677000005,
            "extra_info": {
                "Projections": [
                    "#0",
                    "#1",
                    "__internal_decompress_string(#2)",
                    "#3",
                    "#4",
                    "#5"
                ],
                "Estimated Cardinality": "10"
            },
            "cumulative_cardinality": 95384654,
            "operator_type": "PROJECTION",
            "operator_cardinality": 27,
            "cumulative_rows_scanned": 47505082,
            "operator_rows_scanned": 0,
            "operator_timing": 9.82e-7,
            "result_set_size": 1944,
            "children": [
                {
                    "operator_name": "ORDER_BY",
                    "cpu_time": 3.415783695000005,
                    "extra_info": {
                        "Order By": [
                            "avg(D.Score) DESC",
                            "U.DisplayName ASC"
                        ]
                    },
                    "cumulative_cardinality": 95384627,
                    "operator_type": "ORDER_BY",
                    "operator_cardinality": 27,
                    "cumulative_rows_scanned": 47505082,
                    "operator_rows_scanned": 0,
                    "operator_timing": 0.000050154,
                    "result_set_size": 1620,
                    "children": [
                        {
                            "operator_name": "PROJECTION",
                            "cpu_time": 3.4157335410000047,
                            "extra_info": {
                                "Projections": [
                                    "#0",
                                    "#1",
                                    "__internal_compress_string_uinteger(#2)",
                                    "#3",
                                    "#4",
                                    "#5"
                                ],
                                "Estimated Cardinality": "10"
                            },
                            "cumulative_cardinality": 95384600,
                            "operator_type": "PROJECTION",
                            "operator_cardinality": 27,
                            "cumulative_rows_scanned": 47505082,
                            "operator_rows_scanned": 0,
                            "operator_timing": 0.000002334,
                            "result_set_size": 1620,
                            "children": [
                                {
                                    "operator_name": "FILTER",
                                    "cpu_time": 3.4157312070000048,
                                    "extra_info": {
                                        "Expression": "(count_star() > 2)",
                                        "Estimated Cardinality": "10"
                                    },
                                    "cumulative_cardinality": 95384573,
                                    "operator_type": "FILTER",
                                    "operator_cardinality": 27,
                                    "cumulative_rows_scanned": 47505082,
                                    "operator_rows_scanned": 0,
                                    "operator_timing": 0.000038732,
                                    "result_set_size": 1944,
                                    "children": [
                                        {
                                            "operator_name": "PROJECTION",
                                            "cpu_time": 3.4156924750000046,
                                            "extra_info": {
                                                "Projections": [
                                                    "#0",
                                                    "#1",
                                                    "__internal_decompress_string(#2)",
                                                    "#3",
                                                    "#4",
                                                    "#5"
                                                ],
                                                "Estimated Cardinality": "50"
                                            },
                                            "cumulative_cardinality": 95384546,
                                            "operator_type": "PROJECTION",
                                            "operator_cardinality": 5570,
                                            "cumulative_rows_scanned": 47505082,
                                            "operator_rows_scanned": 0,
                                            "operator_timing": 0.000054951,
                                            "result_set_size": 401040,
                                            "children": [
                                                {
                                                    "operator_name": "HASH_GROUP_BY",
                                                    "cpu_time": 3.4156375240000045,
                                                    "extra_info": {
                                                        "Groups": [
                                                            "#0",
                                                            "#1",
                                                            "#2"
                                                        ],
                                                        "Aggregates": [
                                                            "count_star()",
                                                            "avg(#3)",
                                                            "max(#4)"
                                                        ],
                                                        "Estimated Cardinality": "50"
                                                    },
                                                    "cumulative_cardinality": 95378976,
                                                    "operator_type": "HASH_GROUP_BY",
                                                    "operator_cardinality": 5570,
                                                    "cumulative_rows_scanned": 47505082,
                                                    "operator_rows_scanned": 0,
                                                    "operator_timing": 0.002895041,
                                                    "result_set_size": 334200,
                                                    "children": [
                                                        {
                                                            "operator_name": "PROJECTION",
                                                            "cpu_time": 3.4127424830000046,
                                                            "extra_info": {
                                                                "Projections": [
                                                                    "displayname",
                                                                    "title",
                                                                    "HasAcceptedAnswer",
                                                                    "score",
                                                                    "creationdate"
                                                                ],
                                                                "Estimated Cardinality": "101"
                                                            },
                                                            "cumulative_cardinality": 95373406,
                                                            "operator_type": "PROJECTION",
                                                            "operator_cardinality": 19601,
                                                            "cumulative_rows_scanned": 47505082,
                                                            "operator_rows_scanned": 0,
                                                            "operator_timing": 0.000009899000000000001,
                                                            "result_set_size": 940848,
                                                            "children": [
                                                                {
                                                                    "operator_name": "PROJECTION",
                                                                    "cpu_time": 3.4127325840000045,
                                                                    "extra_info": {
                                                                        "Projections": [
                                                                            "#0",
                                                                            "#1",
                                                                            "#2",
                                                                            "__internal_compress_string_uinteger(#3)",
                                                                            "#4"
                                                                        ],
                                                                        "Estimated Cardinality": "101"
                                                                    },
                                                                    "cumulative_cardinality": 95353805,
                                                                    "operator_type": "PROJECTION",
                                                                    "operator_cardinality": 19601,
                                                                    "cumulative_rows_scanned": 47505082,
                                                                    "operator_rows_scanned": 0,
                                                                    "operator_timing": 0.000173475,
                                                                    "result_set_size": 940848,
                                                                    "children": [
                                                                        {
                                                                            "operator_name": "HASH_JOIN",
                                                                            "cpu_time": 3.4125591090000045,
                                                                            "extra_info": {
                                                                                "Join Type": "INNER",
                                                                                "Conditions": "UserId = id",
                                                                                "Estimated Cardinality": "101"
                                                                            },
                                                                            "cumulative_cardinality": 95334204,
                                                                            "operator_type": "HASH_JOIN",
                                                                            "operator_cardinality": 19601,
                                                                            "cumulative_rows_scanned": 47505082,
                                                                            "operator_rows_scanned": 0,
                                                                            "operator_timing": 0.029985784000000005,
                                                                            "result_set_size": 1176060,
                                                                            "children": [
                                                                                {
                                                                                    "operator_name": "PROJECTION",
                                                                                    "cpu_time": 3.1315755680000046,
                                                                                    "extra_info": {
                                                                                        "Projections": [
                                                                                            "UserId",
                                                                                            "title",
                                                                                            "creationdate",
                                                                                            "score",
                                                                                            "HasAcceptedAnswer"
                                                                                        ],
                                                                                        "Estimated Cardinality": "12744093"
                                                                                    },
                                                                                    "cumulative_cardinality": 69778176,
                                                                                    "operator_type": "PROJECTION",
                                                                                    "operator_cardinality": 3686031,
                                                                                    "cumulative_rows_scanned": 33500279,
                                                                                    "operator_rows_scanned": 0,
                                                                                    "operator_timing": 0.00038546300000000364,
                                                                                    "result_set_size": 176929488,
                                                                                    "children": [
                                                                                        {
                                                                                            "operator_name": "PROJECTION",
                                                                                            "cpu_time": 3.1311901050000044,
                                                                                            "extra_info": {
                                                                                                "Projections": [
                                                                                                    "#0",
                                                                                                    "#1",
                                                                                                    "#6",
                                                                                                    "#2",
                                                                                                    "#3",
                                                                                                    "__internal_decompress_integral_integer(#4, -72)",
                                                                                                    "__internal_decompress_string(#5)"
                                                                                                ],
                                                                                                "Estimated Cardinality": "12744093"
                                                                                            },
                                                                                            "cumulative_cardinality": 66092145,
                                                                                            "operator_type": "PROJECTION",
                                                                                            "operator_cardinality": 3686031,
                                                                                            "cumulative_rows_scanned": 33500279,
                                                                                            "operator_rows_scanned": 0,
                                                                                            "operator_timing": 0.029917704000000052,
                                                                                            "result_set_size": 206417736,
                                                                                            "children": [
                                                                                                {
                                                                                                    "operator_name": "FILTER",
                                                                                                    "cpu_time": 3.101272401000004,
                                                                                                    "extra_info": {
                                                                                                        "Expression": "(#6 <= 1400285)",
                                                                                                        "Estimated Cardinality": "12744093"
                                                                                                    },
                                                                                                    "cumulative_cardinality": 62406114,
                                                                                                    "operator_type": "FILTER",
                                                                                                    "operator_cardinality": 3686031,
                                                                                                    "cumulative_rows_scanned": 33500279,
                                                                                                    "operator_rows_scanned": 0,
                                                                                                    "operator_timing": 0.004270860999999992,
                                                                                                    "result_set_size": 154813302,
                                                                                                    "children": [
                                                                                                        {
                                                                                                            "operator_name": "HASH_JOIN",
                                                                                                            "cpu_time": 3.097001540000004,
                                                                                                            "extra_info": {
                                                                                                                "Join Type": "RIGHT",
                                                                                                                "Conditions": [
                                                                                                                    "postid = id",
                                                                                                                    "userid = id"
                                                                                                                ],
                                                                                                                "Estimated Cardinality": "12744093"
                                                                                                            },
                                                                                                            "cumulative_cardinality": 58720083,
                                                                                                            "operator_type": "HASH_JOIN",
                                                                                                            "operator_cardinality": 3686501,
                                                                                                            "cumulative_rows_scanned": 33500279,
                                                                                                            "operator_rows_scanned": 0,
                                                                                                            "operator_timing": 0.4843025940000003,
                                                                                                            "result_set_size": 154833042,
                                                                                                            "children": [
                                                                                                                {
                                                                                                                    "operator_name": "READ_PARQUET ",
                                                                                                                    "cpu_time": 0.19933869300000054,
                                                                                                                    "extra_info": {
                                                                                                                        "Function": "READ_PARQUET",
                                                                                                                        "Projections": [
                                                                                                                            "postid",
                                                                                                                            "userid"
                                                                                                                        ],
                                                                                                                        "Estimated Cardinality": "12744093"
                                                                                                                    },
                                                                                                                    "cumulative_cardinality": 40287,
                                                                                                                    "operator_type": "TABLE_SCAN",
                                                                                                                    "operator_cardinality": 40287,
                                                                                                                    "cumulative_rows_scanned": 12744093,
                                                                                                                    "operator_rows_scanned": 12744093,
                                                                                                                    "operator_timing": 0.19933869300000054,
                                                                                                                    "result_set_size": 322296,
                                                                                                                    "children": []
                                                                                                                },
                                                                                                                {
                                                                                                                    "operator_name": "PROJECTION",
                                                                                                                    "cpu_time": 2.413360253000003,
                                                                                                                    "extra_info": {
                                                                                                                        "Projections": [
                                                                                                                            "#0",
                                                                                                                            "#1",
                                                                                                                            "__internal_compress_integral_usmallint(#2, -72)",
                                                                                                                            "__internal_compress_string_uinteger(#3)",
                                                                                                                            "#4",
                                                                                                                            "#5"
                                                                                                                        ],
                                                                                                                        "Estimated Cardinality": "5897622"
                                                                                                                    },
                                                                                                                    "cumulative_cardinality": 54993295,
                                                                                                                    "operator_type": "PROJECTION",
                                                                                                                    "operator_cardinality": 3685416,
                                                                                                                    "cumulative_rows_scanned": 20756186,
                                                                                                                    "operator_rows_scanned": 0,
                                                                                                                    "operator_timing": 0.029516110000000057,
                                                                                                                    "result_set_size": 140045808,
                                                                                                                    "children": [
                                                                                                                        {
                                                                                                                            "operator_name": "HASH_JOIN",
                                                                                                                            "cpu_time": 2.3838441430000032,
                                                                                                                            "extra_info": {
                                                                                                                                "Join Type": "INNER",
                                                                                                                                "Conditions": "PostId = id",
                                                                                                                                "Estimated Cardinality": "5897622"
                                                                                                                            },
                                                                                                                            "cumulative_cardinality": 51307879,
                                                                                                                            "operator_type": "HASH_JOIN",
                                                                                                                            "operator_cardinality": 3685416,
                                                                                                                            "cumulative_rows_scanned": 20756186,
                                                                                                                            "operator_rows_scanned": 0,
                                                                                                                            "operator_timing": 0.41537908400000073,
                                                                                                                            "result_set_size": 191641632,
                                                                                                                            "children": [
                                                                                                                                {
                                                                                                                                    "operator_name": "PROJECTION",
                                                                                                                                    "cpu_time": 1.551638421000002,
                                                                                                                                    "extra_info": {
                                                                                                                                        "Projections": [
                                                                                                                                            "PostId",
                                                                                                                                            "title",
                                                                                                                                            "creationdate",
                                                                                                                                            "score",
                                                                                                                                            "HasAcceptedAnswer"
                                                                                                                                        ],
                                                                                                                                        "Estimated Cardinality": "5897622"
                                                                                                                                    },
                                                                                                                                    "cumulative_cardinality": 38990952,
                                                                                                                                    "operator_type": "PROJECTION",
                                                                                                                                    "operator_cardinality": 3850116,
                                                                                                                                    "cumulative_rows_scanned": 15645360,
                                                                                                                                    "operator_rows_scanned": 0,
                                                                                                                                    "operator_timing": 0.02107961199999996,
                                                                                                                                    "result_set_size": 184805568,
                                                                                                                                    "children": [
                                                                                                                                        {
                                                                                                                                            "operator_name": "HASH_JOIN",
                                                                                                                                            "cpu_time": 1.5305588090000022,
                                                                                                                                            "extra_info": {
                                                                                                                                                "Join Type": "LEFT",
                                                                                                                                                "Conditions": "id = postid",
                                                                                                                                                "Estimated Cardinality": "5897622"
                                                                                                                                            },
                                                                                                                                            "cumulative_cardinality": 35140836,
                                                                                                                                            "operator_type": "HASH_JOIN",
                                                                                                                                            "operator_cardinality": 3850116,
                                                                                                                                            "cumulative_rows_scanned": 15645360,
                                                                                                                                            "operator_rows_scanned": 0,
                                                                                                                                            "operator_timing": 0.3678187210000001,
                                                                                                                                            "result_set_size": 154004640,
                                                                                                                                            "children": [
                                                                                                                                                {
                                                                                                                                                    "operator_name": "READ_PARQUET ",
                                                                                                                                                    "cpu_time": 0.44008971600000046,
                                                                                                                                                    "extra_info": {
                                                                                                                                                        "Function": "READ_PARQUET",
                                                                                                                                                        "Projections": [
                                                                                                                                                            "id",
                                                                                                                                                            "acceptedanswerid",
                                                                                                                                                            "creationdate",
                                                                                                                                                            "score",
                                                                                                                                                            "title"
                                                                                                                                                        ],
                                                                                                                                                        "Estimated Cardinality": "3850116"
                                                                                                                                                    },
                                                                                                                                                    "cumulative_cardinality": 3850116,
                                                                                                                                                    "operator_type": "TABLE_SCAN",
                                                                                                                                                    "operator_cardinality": 3850116,
                                                                                                                                                    "cumulative_rows_scanned": 3850116,
                                                                                                                                                    "operator_rows_scanned": 3850116,
                                                                                                                                                    "operator_timing": 0.44008971600000046,
                                                                                                                                                    "result_set_size": 138604176,
                                                                                                                                                    "children": []
                                                                                                                                                },
                                                                                                                                                {
                                                                                                                                                    "operator_name": "HASH_GROUP_BY",
                                                                                                                                                    "cpu_time": 0.7226503720000015,
                                                                                                                                                    "extra_info": {
                                                                                                                                                        "Groups": "#0",
                                                                                                                                                        "Aggregates": "",
                                                                                                                                                        "Estimated Cardinality": "5897622"
                                                                                                                                                    },
                                                                                                                                                    "cumulative_cardinality": 27440604,
                                                                                                                                                    "operator_type": "HASH_GROUP_BY",
                                                                                                                                                    "operator_cardinality": 3850116,
                                                                                                                                                    "cumulative_rows_scanned": 11795244,
                                                                                                                                                    "operator_rows_scanned": 0,
                                                                                                                                                    "operator_timing": 0.6314494160000013,
                                                                                                                                                    "result_set_size": 15400464,
                                                                                                                                                    "children": [
                                                                                                                                                        {
                                                                                                                                                            "operator_name": "PROJECTION",
                                                                                                                                                            "cpu_time": 0.09120095600000017,
                                                                                                                                                            "extra_info": {
                                                                                                                                                                "Projections": "postid",
                                                                                                                                                                "Estimated Cardinality": "11795244"
                                                                                                                                                            },
                                                                                                                                                            "cumulative_cardinality": 23590488,
                                                                                                                                                            "operator_type": "PROJECTION",
                                                                                                                                                            "operator_cardinality": 11795244,
                                                                                                                                                            "cumulative_rows_scanned": 11795244,
                                                                                                                                                            "operator_rows_scanned": 0,
                                                                                                                                                            "operator_timing": 0.0008444560000000033,
                                                                                                                                                            "result_set_size": 47180976,
                                                                                                                                                            "children": [
                                                                                                                                                                {
                                                                                                                                                                    "operator_name": "READ_PARQUET ",
                                                                                                                                                                    "cpu_time": 0.09035650000000016,
                                                                                                                                                                    "extra_info": {
                                                                                                                                                                        "Function": "READ_PARQUET",
                                                                                                                                                                        "Projections": "postid",
                                                                                                                                                                        "Estimated Cardinality": "11795244"
                                                                                                                                                                    },
                                                                                                                                                                    "cumulative_cardinality": 11795244,
                                                                                                                                                                    "operator_type": "TABLE_SCAN",
                                                                                                                                                                    "operator_cardinality": 11795244,
                                                                                                                                                                    "cumulative_rows_scanned": 11795244,
                                                                                                                                                                    "operator_rows_scanned": 11795244,
                                                                                                                                                                    "operator_timing": 0.09035650000000016,
                                                                                                                                                                    "result_set_size": 47180976,
                                                                                                                                                                    "children": []
                                                                                                                                                                }
                                                                                                                                                            ]
                                                                                                                                                        }
                                                                                                                                                    ]
                                                                                                                                                }
                                                                                                                                            ]
                                                                                                                                        }
                                                                                                                                    ]
                                                                                                                                },
                                                                                                                                {
                                                                                                                                    "operator_name": "HASH_JOIN",
                                                                                                                                    "cpu_time": 0.41682663800000036,
                                                                                                                                    "extra_info": {
                                                                                                                                        "Join Type": "INNER",
                                                                                                                                        "Conditions": "owneruserid = id",
                                                                                                                                        "Estimated Cardinality": "3850116"
                                                                                                                                    },
                                                                                                                                    "cumulative_cardinality": 8631511,
                                                                                                                                    "operator_type": "HASH_JOIN",
                                                                                                                                    "operator_cardinality": 3685416,
                                                                                                                                    "cumulative_rows_scanned": 5110826,
                                                                                                                                    "operator_rows_scanned": 0,
                                                                                                                                    "operator_timing": 0.2517481040000002,
                                                                                                                                    "result_set_size": 29483328,
                                                                                                                                    "children": [
                                                                                                                                        {
                                                                                                                                            "operator_name": "READ_PARQUET ",
                                                                                                                                            "cpu_time": 0.1465239760000002,
                                                                                                                                            "extra_info": {
                                                                                                                                                "Function": "READ_PARQUET",
                                                                                                                                                "Projections": [
                                                                                                                                                    "id",
                                                                                                                                                    "owneruserid"
                                                                                                                                                ],
                                                                                                                                                "Estimated Cardinality": "3850116"
                                                                                                                                            },
                                                                                                                                            "cumulative_cardinality": 3685416,
                                                                                                                                            "operator_type": "TABLE_SCAN",
                                                                                                                                            "operator_cardinality": 3685416,
                                                                                                                                            "cumulative_rows_scanned": 3850116,
                                                                                                                                            "operator_rows_scanned": 3850116,
                                                                                                                                            "operator_timing": 0.1465239760000002,
                                                                                                                                            "result_set_size": 29483328,
                                                                                                                                            "children": []
                                                                                                                                        },
                                                                                                                                        {
                                                                                                                                            "operator_name": "READ_PARQUET ",
                                                                                                                                            "cpu_time": 0.01855455800000001,
                                                                                                                                            "extra_info": {
                                                                                                                                                "Function": "READ_PARQUET",
                                                                                                                                                "Projections": "id",
                                                                                                                                                "Filters": "id<=1416539",
                                                                                                                                                "Estimated Cardinality": "1260710"
                                                                                                                                            },
                                                                                                                                            "cumulative_cardinality": 1260679,
                                                                                                                                            "operator_type": "TABLE_SCAN",
                                                                                                                                            "operator_cardinality": 1260679,
                                                                                                                                            "cumulative_rows_scanned": 1260710,
                                                                                                                                            "operator_rows_scanned": 1260710,
                                                                                                                                            "operator_timing": 0.01855455800000001,
                                                                                                                                            "result_set_size": 5042716,
                                                                                                                                            "children": []
                                                                                                                                        }
                                                                                                                                    ]
                                                                                                                                }
                                                                                                                            ]
                                                                                                                        }
                                                                                                                    ]
                                                                                                                }
                                                                                                            ]
                                                                                                        }
                                                                                                    ]
                                                                                                }
                                                                                            ]
                                                                                        }
                                                                                    ]
                                                                                },
                                                                                {
                                                                                    "operator_name": "STREAMING_LIMIT",
                                                                                    "cpu_time": 0.2509977569999998,
                                                                                    "extra_info": {},
                                                                                    "cumulative_cardinality": 25536427,
                                                                                    "operator_type": "STREAMING_LIMIT",
                                                                                    "operator_cardinality": 10,
                                                                                    "cumulative_rows_scanned": 14004803,
                                                                                    "operator_rows_scanned": 0,
                                                                                    "operator_timing": 0.0000018540000000000002,
                                                                                    "result_set_size": 280,
                                                                                    "children": [
                                                                                        {
                                                                                            "operator_name": "ORDER_BY",
                                                                                            "cpu_time": 0.2509959029999998,
                                                                                            "extra_info": {
                                                                                                "Order By": "UV.TotalVotes DESC"
                                                                                            },
                                                                                            "cumulative_cardinality": 25536417,
                                                                                            "operator_type": "ORDER_BY",
                                                                                            "operator_cardinality": 4096,
                                                                                            "cumulative_rows_scanned": 14004803,
                                                                                            "operator_rows_scanned": 0,
                                                                                            "operator_timing": 0.00034248,
                                                                                            "result_set_size": 114688,
                                                                                            "children": [
                                                                                                {
                                                                                                    "operator_name": "PROJECTION",
                                                                                                    "cpu_time": 0.2506534229999998,
                                                                                                    "extra_info": {
                                                                                                        "Projections": [
                                                                                                            "id",
                                                                                                            "displayname",
                                                                                                            "TotalVotes"
                                                                                                        ],
                                                                                                        "Estimated Cardinality": "1274409"
                                                                                                    },
                                                                                                    "cumulative_cardinality": 25532321,
                                                                                                    "operator_type": "PROJECTION",
                                                                                                    "operator_cardinality": 4781,
                                                                                                    "cumulative_rows_scanned": 14004803,
                                                                                                    "operator_rows_scanned": 0,
                                                                                                    "operator_timing": 0.000002324,
                                                                                                    "result_set_size": 133868,
                                                                                                    "children": [
                                                                                                        {
                                                                                                            "operator_name": "HASH_JOIN",
                                                                                                            "cpu_time": 0.2506510989999998,
                                                                                                            "extra_info": {
                                                                                                                "Join Type": "INNER",
                                                                                                                "Conditions": "userid = id",
                                                                                                                "Estimated Cardinality": "1274409"
                                                                                                            },
                                                                                                            "cumulative_cardinality": 25527540,
                                                                                                            "operator_type": "HASH_JOIN",
                                                                                                            "operator_cardinality": 4781,
                                                                                                            "cumulative_rows_scanned": 14004803,
                                                                                                            "operator_rows_scanned": 0,
                                                                                                            "operator_timing": 0.0022048040000000003,
                                                                                                            "result_set_size": 133868,
                                                                                                            "children": [
                                                                                                                {
                                                                                                                    "operator_name": "HASH_GROUP_BY",
                                                                                                                    "cpu_time": 0.14857993299999978,
                                                                                                                    "extra_info": {
                                                                                                                        "Groups": "#0",
                                                                                                                        "Aggregates": "count_star()",
                                                                                                                        "Estimated Cardinality": "6372046"
                                                                                                                    },
                                                                                                                    "cumulative_cardinality": 25500329,
                                                                                                                    "operator_type": "HASH_GROUP_BY",
                                                                                                                    "operator_cardinality": 12143,
                                                                                                                    "cumulative_rows_scanned": 12744093,
                                                                                                                    "operator_rows_scanned": 0,
                                                                                                                    "operator_timing": 0.10506013899999986,
                                                                                                                    "result_set_size": 145716,
                                                                                                                    "children": [
                                                                                                                        {
                                                                                                                            "operator_name": "PROJECTION",
                                                                                                                            "cpu_time": 0.04351979399999992,
                                                                                                                            "extra_info": {
                                                                                                                                "Projections": "userid",
                                                                                                                                "Estimated Cardinality": "12744093"
                                                                                                                            },
                                                                                                                            "cumulative_cardinality": 25488186,
                                                                                                                            "operator_type": "PROJECTION",
                                                                                                                            "operator_cardinality": 12744093,
                                                                                                                            "cumulative_rows_scanned": 12744093,
                                                                                                                            "operator_rows_scanned": 0,
                                                                                                                            "operator_timing": 0.0010111650000000014,
                                                                                                                            "result_set_size": 50976372,
                                                                                                                            "children": [
                                                                                                                                {
                                                                                                                                    "operator_name": "READ_PARQUET ",
                                                                                                                                    "cpu_time": 0.042508628999999916,
                                                                                                                                    "extra_info": {
                                                                                                                                        "Function": "READ_PARQUET",
                                                                                                                                        "Projections": "userid",
                                                                                                                                        "Estimated Cardinality": "12744093"
                                                                                                                                    },
                                                                                                                                    "cumulative_cardinality": 12744093,
                                                                                                                                    "operator_type": "TABLE_SCAN",
                                                                                                                                    "operator_cardinality": 12744093,
                                                                                                                                    "cumulative_rows_scanned": 12744093,
                                                                                                                                    "operator_rows_scanned": 12744093,
                                                                                                                                    "operator_timing": 0.042508628999999916,
                                                                                                                                    "result_set_size": 50976372,
                                                                                                                                    "children": []
                                                                                                                                }
                                                                                                                            ]
                                                                                                                        }
                                                                                                                    ]
                                                                                                                },
                                                                                                                {
                                                                                                                    "operator_name": "FILTER",
                                                                                                                    "cpu_time": 0.09986636200000001,
                                                                                                                    "extra_info": {
                                                                                                                        "Expression": "(id <= 1400285)",
                                                                                                                        "Estimated Cardinality": "252142"
                                                                                                                    },
                                                                                                                    "cumulative_cardinality": 22430,
                                                                                                                    "operator_type": "FILTER",
                                                                                                                    "operator_cardinality": 11215,
                                                                                                                    "cumulative_rows_scanned": 1260710,
                                                                                                                    "operator_rows_scanned": 0,
                                                                                                                    "operator_timing": 0.000968180000000001,
                                                                                                                    "result_set_size": 224300,
                                                                                                                    "children": [
                                                                                                                        {
                                                                                                                            "operator_name": "READ_PARQUET ",
                                                                                                                            "cpu_time": 0.09889818200000002,
                                                                                                                            "extra_info": {
                                                                                                                                "Function": "READ_PARQUET",
                                                                                                                                "Projections": [
                                                                                                                                    "id",
                                                                                                                                    "displayname"
                                                                                                                                ],
                                                                                                                                "Filters": "reputation>1000",
                                                                                                                                "Estimated Cardinality": "252142"
                                                                                                                            },
                                                                                                                            "cumulative_cardinality": 11215,
                                                                                                                            "operator_type": "TABLE_SCAN",
                                                                                                                            "operator_cardinality": 11215,
                                                                                                                            "cumulative_rows_scanned": 1260710,
                                                                                                                            "operator_rows_scanned": 1260710,
                                                                                                                            "operator_timing": 0.09889818200000002,
                                                                                                                            "result_set_size": 224300,
                                                                                                                            "children": []
                                                                                                                        }
                                                                                                                    ]
                                                                                                                }
                                                                                                            ]
                                                                                                        }
                                                                                                    ]
                                                                                                }
                                                                                            ]
                                                                                        }
                                                                                    ]
                                                                                }
                                                                            ]
                                                                        }
                                                                    ]
                                                                }
                                                            ]
                                                        }
                                                    ]
                                                }
                                            ]
                                        }
                                    ]
                                }
                            ]
                        }
                    ]
                }
            ]
        }
    ]
}