{
    "rows_returned": 0,
    "query_name": "\nWITH UserVoteStats AS (\n    SELECT \n        U.Id AS UserId,\n        U.DisplayName,\n        SUM(CASE WHEN V.VoteTypeId = 2 THEN 1 ELSE 0 END) AS UpVotes,\n        SUM(CASE WHEN V.VoteTypeId = 3 THEN 1 ELSE 0 END) AS DownVotes,\n        COUNT(DISTINCT P.Id) AS PostCount\n    FROM \n        Users U\n    LEFT JOIN \n        Votes V ON U.Id = V.UserId\n    LEFT JOIN \n        Posts P ON V.PostId = P.Id\n    WHERE \n        U.Reputation > 1000\n    GROUP BY \n        U.Id, U.DisplayName\n),\nClosedPosts AS (\n    SELECT \n        P.Id AS PostId,\n        P.Title,\n        PH.CreationDate AS ClosedDate,\n        CTR.Name AS CloseReason\n    FROM \n        Posts P\n    JOIN \n        PostHistory PH ON P.Id = PH.PostId\n    JOIN \n        CloseReasonTypes CTR ON CAST(PH.Comment AS int) = CTR.Id\n    WHERE \n        PH.PostHistoryTypeId = 10\n),\nTopUsers AS (\n    SELECT \n        UserId, \n        RANK() OVER (ORDER BY SUM(UpVotes) DESC) AS Rank\n    FROM \n        UserVoteStats\n    GROUP BY \n        UserId\n)\nSELECT \n    U.DisplayName,\n    U.UpVotes,\n    U.DownVotes,\n    COALESCE(COUNT(DISTINCT CP.PostId), 0) AS ClosedPostCount,\n    COALESCE(STRING_AGG(CONCAT(CP.Title, ' (Closed on: ', CAST(CP.ClosedDate AS date), ' - Reason: ', CP.CloseReason, ')'), '; '), 'No closed posts') AS ClosedPostDetails\nFROM \n    UserVoteStats U\nLEFT JOIN \n    ClosedPosts CP ON U.UserId = CP.PostId\nWHERE \n    U.UpVotes - U.DownVotes > 10\nGROUP BY \n    U.DisplayName, U.UpVotes, U.DownVotes\nORDER BY \n    U.UpVotes DESC\nLIMIT 10;\n",
    "blocked_thread_time": 0.0,
    "cpu_time": 1.1053465670000004,
    "extra_info": {},
    "cumulative_cardinality": 4346900,
    "cumulative_rows_scanned": 33500291,
    "result_set_size": 0,
    "latency": 1.25477958,
    "children": [
        {
            "operator_name": "STREAMING_LIMIT",
            "cpu_time": 1.1053465670000004,
            "extra_info": {},
            "cumulative_cardinality": 4346900,
            "operator_type": "STREAMING_LIMIT",
            "operator_cardinality": 0,
            "cumulative_rows_scanned": 33500291,
            "operator_rows_scanned": 0,
            "operator_timing": 0.0,
            "result_set_size": 0,
            "children": [
                {
                    "operator_name": "ORDER_BY",
                    "cpu_time": 1.1053465670000004,
                    "extra_info": {
                        "Order By": "U.UpVotes DESC"
                    },
                    "cumulative_cardinality": 4346900,
                    "operator_type": "ORDER_BY",
                    "operator_cardinality": 0,
                    "cumulative_rows_scanned": 33500291,
                    "operator_rows_scanned": 0,
                    "operator_timing": 2.6e-7,
                    "result_set_size": 0,
                    "children": [
                        {
                            "operator_name": "PROJECTION",
                            "cpu_time": 1.1053463070000005,
                            "extra_info": {
                                "Projections": [
                                    "displayname",
                                    "UpVotes",
                                    "DownVotes",
                                    "ClosedPostCount",
                                    "ClosedPostDetails"
                                ],
                                "Estimated Cardinality": "1179524"
                            },
                            "cumulative_cardinality": 4346900,
                            "operator_type": "PROJECTION",
                            "operator_cardinality": 0,
                            "cumulative_rows_scanned": 33500291,
                            "operator_rows_scanned": 0,
                            "operator_timing": 0.0,
                            "result_set_size": 0,
                            "children": [
                                {
                                    "operator_name": "HASH_GROUP_BY",
                                    "cpu_time": 1.1053463070000005,
                                    "extra_info": {
                                        "Groups": [
                                            "#0",
                                            "#1",
                                            "#2"
                                        ],
                                        "Aggregates": [
                                            "count(DISTINCT #3)",
                                            "string_agg(#4)"
                                        ],
                                        "Estimated Cardinality": "1179524"
                                    },
                                    "cumulative_cardinality": 4346900,
                                    "operator_type": "HASH_GROUP_BY",
                                    "operator_cardinality": 0,
                                    "cumulative_rows_scanned": 33500291,
                                    "operator_rows_scanned": 0,
                                    "operator_timing": 0.000001042,
                                    "result_set_size": 0,
                                    "children": [
                                        {
                                            "operator_name": "PROJECTION",
                                            "cpu_time": 1.1053452650000004,
                                            "extra_info": {
                                                "Projections": [
                                                    "displayname",
                                                    "UpVotes",
                                                    "DownVotes",
                                                    "PostId",
                                                    "concat(title, ' (Closed on: ', CAST(CAST(ClosedDate AS DATE) AS VARCHAR), ' - Reason: ', CloseReason, ')')"
                                                ],
                                                "Estimated Cardinality": "2359048"
                                            },
                                            "cumulative_cardinality": 4346900,
                                            "operator_type": "PROJECTION",
                                            "operator_cardinality": 0,
                                            "cumulative_rows_scanned": 33500291,
                                            "operator_rows_scanned": 0,
                                            "operator_timing": 0.0,
                                            "result_set_size": 0,
                                            "children": [
                                                {
                                                    "operator_name": "CTE",
                                                    "cpu_time": 1.1053452650000004,
                                                    "extra_info": {
                                                        "CTE Name": "UserVoteStats",
                                                        "Table Index": "0"
                                                    },
                                                    "cumulative_cardinality": 4346900,
                                                    "operator_type": "CTE",
                                                    "operator_cardinality": 0,
                                                    "cumulative_rows_scanned": 33500291,
                                                    "operator_rows_scanned": 0,
                                                    "operator_timing": 0.0,
                                                    "result_set_size": 0,
                                                    "children": [
                                                        {
                                                            "operator_name": "FILTER",
                                                            "cpu_time": 0.535351447,
                                                            "extra_info": {
                                                                "Expression": "((UpVotes - DownVotes) > 10)",
                                                                "Estimated Cardinality": "1260710"
                                                            },
                                                            "cumulative_cardinality": 3999513,
                                                            "operator_type": "FILTER",
                                                            "operator_cardinality": 0,
                                                            "cumulative_rows_scanned": 17854919,
                                                            "operator_rows_scanned": 0,
                                                            "operator_timing": 0.000093745,
                                                            "result_set_size": 0,
                                                            "children": [
                                                                {
                                                                    "operator_name": "HASH_GROUP_BY",
                                                                    "cpu_time": 0.535257702,
                                                                    "extra_info": {
                                                                        "Groups": [
                                                                            "#0",
                                                                            "#1"
                                                                        ],
                                                                        "Aggregates": [
                                                                            "sum(#2)",
                                                                            "sum(#3)",
                                                                            "count(DISTINCT #4)"
                                                                        ],
                                                                        "Estimated Cardinality": "1260710"
                                                                    },
                                                                    "cumulative_cardinality": 3999513,
                                                                    "operator_type": "HASH_GROUP_BY",
                                                                    "operator_cardinality": 11215,
                                                                    "cumulative_rows_scanned": 17854919,
                                                                    "operator_rows_scanned": 0,
                                                                    "operator_timing": 0.005339984000000001,
                                                                    "result_set_size": 672900,
                                                                    "children": [
                                                                        {
                                                                            "operator_name": "PROJECTION",
                                                                            "cpu_time": 0.529917718,
                                                                            "extra_info": {
                                                                                "Projections": [
                                                                                    "id",
                                                                                    "displayname",
                                                                                    "CASE  WHEN ((votetypeid = 2)) THEN (1) ELSE 0 END",
                                                                                    "CASE  WHEN ((votetypeid = 3)) THEN (1) ELSE 0 END",
                                                                                    "id"
                                                                                ],
                                                                                "Estimated Cardinality": "12744093"
                                                                            },
                                                                            "cumulative_cardinality": 3988298,
                                                                            "operator_type": "PROJECTION",
                                                                            "operator_cardinality": 30059,
                                                                            "cumulative_rows_scanned": 17854919,
                                                                            "operator_rows_scanned": 0,
                                                                            "operator_timing": 0.00014656500000000003,
                                                                            "result_set_size": 961888,
                                                                            "children": [
                                                                                {
                                                                                    "operator_name": "HASH_JOIN",
                                                                                    "cpu_time": 0.529771153,
                                                                                    "extra_info": {
                                                                                        "Join Type": "LEFT",
                                                                                        "Conditions": "postid = id",
                                                                                        "Estimated Cardinality": "12744093"
                                                                                    },
                                                                                    "cumulative_cardinality": 3958239,
                                                                                    "operator_type": "HASH_JOIN",
                                                                                    "operator_cardinality": 30059,
                                                                                    "cumulative_rows_scanned": 17854919,
                                                                                    "operator_rows_scanned": 0,
                                                                                    "operator_timing": 0.20531191400000004,
                                                                                    "result_set_size": 781534,
                                                                                    "children": [
                                                                                        {
                                                                                            "operator_name": "HASH_JOIN",
                                                                                            "cpu_time": 0.29630295900000014,
                                                                                            "extra_info": {
                                                                                                "Join Type": "RIGHT",
                                                                                                "Conditions": "userid = id",
                                                                                                "Estimated Cardinality": "12744093"
                                                                                            },
                                                                                            "cumulative_cardinality": 78064,
                                                                                            "operator_type": "HASH_JOIN",
                                                                                            "operator_cardinality": 30059,
                                                                                            "cumulative_rows_scanned": 14004803,
                                                                                            "operator_rows_scanned": 0,
                                                                                            "operator_timing": 0.030442855000000196,
                                                                                            "result_set_size": 781534,
                                                                                            "children": [
                                                                                                {
                                                                                                    "operator_name": "READ_PARQUET ",
                                                                                                    "cpu_time": 0.21081863,
                                                                                                    "extra_info": {
                                                                                                        "Function": "READ_PARQUET",
                                                                                                        "Projections": [
                                                                                                            "postid",
                                                                                                            "votetypeid",
                                                                                                            "userid"
                                                                                                        ],
                                                                                                        "Estimated Cardinality": "12744093"
                                                                                                    },
                                                                                                    "cumulative_cardinality": 36790,
                                                                                                    "operator_type": "TABLE_SCAN",
                                                                                                    "operator_cardinality": 36790,
                                                                                                    "cumulative_rows_scanned": 12744093,
                                                                                                    "operator_rows_scanned": 12744093,
                                                                                                    "operator_timing": 0.21081863,
                                                                                                    "result_set_size": 367900,
                                                                                                    "children": []
                                                                                                },
                                                                                                {
                                                                                                    "operator_name": "READ_PARQUET ",
                                                                                                    "cpu_time": 0.05504147399999997,
                                                                                                    "extra_info": {
                                                                                                        "Function": "READ_PARQUET",
                                                                                                        "Projections": [
                                                                                                            "id",
                                                                                                            "displayname"
                                                                                                        ],
                                                                                                        "Filters": "reputation>1000",
                                                                                                        "Estimated Cardinality": "252142"
                                                                                                    },
                                                                                                    "cumulative_cardinality": 11215,
                                                                                                    "operator_type": "TABLE_SCAN",
                                                                                                    "operator_cardinality": 11215,
                                                                                                    "cumulative_rows_scanned": 1260710,
                                                                                                    "operator_rows_scanned": 1260710,
                                                                                                    "operator_timing": 0.05504147399999997,
                                                                                                    "result_set_size": 224300,
                                                                                                    "children": []
                                                                                                }
                                                                                            ]
                                                                                        },
                                                                                        {
                                                                                            "operator_name": "READ_PARQUET ",
                                                                                            "cpu_time": 0.028156279999999787,
                                                                                            "extra_info": {
                                                                                                "Function": "READ_PARQUET",
                                                                                                "Projections": "id",
                                                                                                "Estimated Cardinality": "3850116"
                                                                                            },
                                                                                            "cumulative_cardinality": 3850116,
                                                                                            "operator_type": "TABLE_SCAN",
                                                                                            "operator_cardinality": 3850116,
                                                                                            "cumulative_rows_scanned": 3850116,
                                                                                            "operator_rows_scanned": 3850116,
                                                                                            "operator_timing": 0.028156279999999787,
                                                                                            "result_set_size": 15400464,
                                                                                            "children": []
                                                                                        }
                                                                                    ]
                                                                                }
                                                                            ]
                                                                        }
                                                                    ]
                                                                }
                                                            ]
                                                        },
                                                        {
                                                            "operator_name": "HASH_JOIN",
                                                            "cpu_time": 0.5699938180000003,
                                                            "extra_info": {
                                                                "Join Type": "RIGHT",
                                                                "Conditions": "PostId = UserId",
                                                                "Estimated Cardinality": "2359048"
                                                            },
                                                            "cumulative_cardinality": 347387,
                                                            "operator_type": "HASH_JOIN",
                                                            "operator_cardinality": 0,
                                                            "cumulative_rows_scanned": 15645372,
                                                            "operator_rows_scanned": 0,
                                                            "operator_timing": 0.000003366,
                                                            "result_set_size": 0,
                                                            "children": [
                                                                {
                                                                    "operator_name": "HASH_JOIN",
                                                                    "cpu_time": 0.5699897110000003,
                                                                    "extra_info": {
                                                                        "Join Type": "INNER",
                                                                        "Conditions": "id = postid",
                                                                        "Estimated Cardinality": "2359048"
                                                                    },
                                                                    "cumulative_cardinality": 347387,
                                                                    "operator_type": "HASH_JOIN",
                                                                    "operator_cardinality": 0,
                                                                    "cumulative_rows_scanned": 15645372,
                                                                    "operator_rows_scanned": 0,
                                                                    "operator_timing": 0.007933073,
                                                                    "result_set_size": 0,
                                                                    "children": [
                                                                        {
                                                                            "operator_name": "READ_PARQUET ",
                                                                            "cpu_time": 0.009643239,
                                                                            "extra_info": {
                                                                                "Function": "READ_PARQUET",
                                                                                "Projections": [
                                                                                    "id",
                                                                                    "title"
                                                                                ],
                                                                                "Estimated Cardinality": "3850116"
                                                                            },
                                                                            "cumulative_cardinality": 104447,
                                                                            "operator_type": "TABLE_SCAN",
                                                                            "operator_cardinality": 104447,
                                                                            "cumulative_rows_scanned": 3850116,
                                                                            "operator_rows_scanned": 3850116,
                                                                            "operator_timing": 0.009643239,
                                                                            "result_set_size": 2088940,
                                                                            "children": []
                                                                        },
                                                                        {
                                                                            "operator_name": "HASH_JOIN",
                                                                            "cpu_time": 0.5524133990000003,
                                                                            "extra_info": {
                                                                                "Join Type": "INNER",
                                                                                "Conditions": "CAST(comment AS INTEGER) = CAST(id AS INTEGER)",
                                                                                "Estimated Cardinality": "2359048"
                                                                            },
                                                                            "cumulative_cardinality": 242940,
                                                                            "operator_type": "HASH_JOIN",
                                                                            "operator_cardinality": 121464,
                                                                            "cumulative_rows_scanned": 11795256,
                                                                            "operator_rows_scanned": 0,
                                                                            "operator_timing": 0.03399785599999937,
                                                                            "result_set_size": 3400992,
                                                                            "children": [
                                                                                {
                                                                                    "operator_name": "READ_PARQUET ",
                                                                                    "cpu_time": 0.5181002030000009,
                                                                                    "extra_info": {
                                                                                        "Function": "READ_PARQUET",
                                                                                        "Projections": [
                                                                                            "postid",
                                                                                            "creationdate",
                                                                                            "comment"
                                                                                        ],
                                                                                        "Filters": "posthistorytypeid=10",
                                                                                        "Estimated Cardinality": "2359048"
                                                                                    },
                                                                                    "cumulative_cardinality": 121464,
                                                                                    "operator_type": "TABLE_SCAN",
                                                                                    "operator_cardinality": 121464,
                                                                                    "cumulative_rows_scanned": 11795244,
                                                                                    "operator_rows_scanned": 11795244,
                                                                                    "operator_timing": 0.5181002030000009,
                                                                                    "result_set_size": 3400992,
                                                                                    "children": []
                                                                                },
                                                                                {
                                                                                    "operator_name": "READ_PARQUET ",
                                                                                    "cpu_time": 0.00031534,
                                                                                    "extra_info": {
                                                                                        "Function": "READ_PARQUET",
                                                                                        "Projections": [
                                                                                            "id",
                                                                                            "name"
                                                                                        ],
                                                                                        "Estimated Cardinality": "12"
                                                                                    },
                                                                                    "cumulative_cardinality": 12,
                                                                                    "operator_type": "TABLE_SCAN",
                                                                                    "operator_cardinality": 12,
                                                                                    "cumulative_rows_scanned": 12,
                                                                                    "operator_rows_scanned": 12,
                                                                                    "operator_timing": 0.00031534,
                                                                                    "result_set_size": 216,
                                                                                    "children": []
                                                                                }
                                                                            ]
                                                                        }
                                                                    ]
                                                                },
                                                                {
                                                                    "operator_name": "FILTER",
                                                                    "cpu_time": 7.41e-7,
                                                                    "extra_info": {
                                                                        "Expression": "((UpVotes - DownVotes) > 10)",
                                                                        "Estimated Cardinality": "1260710"
                                                                    },
                                                                    "cumulative_cardinality": 0,
                                                                    "operator_type": "FILTER",
                                                                    "operator_cardinality": 0,
                                                                    "cumulative_rows_scanned": 0,
                                                                    "operator_rows_scanned": 0,
                                                                    "operator_timing": 9e-8,
                                                                    "result_set_size": 0,
                                                                    "children": [
                                                                        {
                                                                            "operator_name": "CTE_SCAN",
                                                                            "cpu_time": 6.51e-7,
                                                                            "extra_info": {
                                                                                "CTE Index": "0",
                                                                                "Estimated Cardinality": "1260710"
                                                                            },
                                                                            "cumulative_cardinality": 0,
                                                                            "operator_type": "CTE_SCAN",
                                                                            "operator_cardinality": 0,
                                                                            "cumulative_rows_scanned": 0,
                                                                            "operator_rows_scanned": 0,
                                                                            "operator_timing": 6.51e-7,
                                                                            "result_set_size": 0,
                                                                            "children": []
                                                                        }
                                                                    ]
                                                                }
                                                            ]
                                                        }
                                                    ]
                                                }
                                            ]
                                        }
                                    ]
                                }
                            ]
                        }
                    ]
                }
            ]
        }
    ]
}