{
    "rows_returned": 50,
    "query_name": "WITH RECURSIVE UserReputation AS (\n    SELECT Id, Reputation, CreationDate, 0 AS Level\n    FROM Users\n    WHERE Reputation > 100\n    \n    UNION ALL\n    \n    SELECT U.Id, U.Reputation, U.CreationDate, UR.Level + 1\n    FROM Users U\n    INNER JOIN UserReputation UR ON U.Id = UR.Id\n    WHERE U.Reputation > 200\n),\nPostCounts AS (\n    SELECT OwnerUserId, COUNT(*) AS TotalPosts\n    FROM Posts\n    GROUP BY OwnerUserId\n),\nTopPosters AS (\n    SELECT U.Id, U.DisplayName, COALESCE(PC.TotalPosts, 0) AS PostCount\n    FROM Users U\n    LEFT JOIN PostCounts PC ON U.Id = PC.OwnerUserId\n    WHERE U.Reputation > 100\n    ORDER BY PostCount DESC\n    LIMIT 10\n),\nRecentActivity AS (\n    SELECT U.DisplayName, \n           COUNT(CASE WHEN P.CreationDate > cast('2024-10-01 12:34:56' as timestamp) - INTERVAL '30 days' THEN 1 END) AS RecentPosts,\n           COUNT(CASE WHEN C.CreationDate > cast('2024-10-01 12:34:56' as timestamp) - INTERVAL '30 days' THEN 1 END) AS RecentComments\n    FROM Users U\n    LEFT JOIN Posts P ON U.Id = P.OwnerUserId\n    LEFT JOIN Comments C ON P.Id = C.PostId\n    GROUP BY U.DisplayName\n),\nVotingSummary AS (\n    SELECT UserId, \n           SUM(CASE WHEN VoteTypeId = 2 THEN 1 ELSE 0 END) AS UpVotes,\n           SUM(CASE WHEN VoteTypeId = 3 THEN 1 ELSE 0 END) AS DownVotes\n    FROM Votes\n    GROUP BY UserId\n)\n\nSELECT U.Id AS UserId,\n       U.DisplayName,\n       U.Reputation,\n       RA.RecentPosts,\n       RA.RecentComments,\n       COALESCE(VS.UpVotes, 0) AS TotalUpVotes,\n       COALESCE(VS.DownVotes, 0) AS TotalDownVotes,\n       COALESCE(TP.PostCount, 0) AS TotalPosts,\n       U.CreationDate\nFROM Users U\nLEFT JOIN RecentActivity RA ON U.DisplayName = RA.DisplayName\nLEFT JOIN VotingSummary VS ON U.Id = VS.UserId\nLEFT JOIN TopPosters TP ON U.Id = TP.Id\nWHERE U.Reputation IS NOT NULL\nAND (RA.RecentPosts > 0 OR RA.RecentComments > 0)\nORDER BY U.Reputation DESC\nLIMIT 50;",
    "blocked_thread_time": 0.0,
    "cpu_time": 2.5086296870000004,
    "extra_info": {},
    "cumulative_cardinality": 72260713,
    "cumulative_rows_scanned": 31468277,
    "result_set_size": 4400,
    "latency": 2.928393327,
    "children": [
        {
            "operator_name": "STREAMING_LIMIT",
            "cpu_time": 2.5086296870000004,
            "extra_info": {},
            "cumulative_cardinality": 72260713,
            "operator_type": "STREAMING_LIMIT",
            "operator_cardinality": 50,
            "cumulative_rows_scanned": 31468277,
            "operator_rows_scanned": 0,
            "operator_timing": 0.000001643,
            "result_set_size": 4400,
            "children": [
                {
                    "operator_name": "ORDER_BY",
                    "cpu_time": 2.5086280440000004,
                    "extra_info": {
                        "Order By": "U.Reputation DESC"
                    },
                    "cumulative_cardinality": 72260663,
                    "operator_type": "ORDER_BY",
                    "operator_cardinality": 4096,
                    "cumulative_rows_scanned": 31468277,
                    "operator_rows_scanned": 0,
                    "operator_timing": 0.0025089170000000003,
                    "result_set_size": 360448,
                    "children": [
                        {
                            "operator_name": "PROJECTION",
                            "cpu_time": 2.5061191270000003,
                            "extra_info": {
                                "Projections": [
                                    "UserId",
                                    "displayname",
                                    "reputation",
                                    "RecentPosts",
                                    "RecentComments",
                                    "TotalUpVotes",
                                    "TotalDownVotes",
                                    "TotalPosts",
                                    "creationdate"
                                ],
                                "Estimated Cardinality": "6372046"
                            },
                            "cumulative_cardinality": 72256567,
                            "operator_type": "PROJECTION",
                            "operator_cardinality": 43231,
                            "cumulative_rows_scanned": 31468277,
                            "operator_rows_scanned": 0,
                            "operator_timing": 0.0007711409999999999,
                            "result_set_size": 3804328,
                            "children": [
                                {
                                    "operator_name": "HASH_JOIN",
                                    "cpu_time": 2.5053479860000003,
                                    "extra_info": {
                                        "Join Type": "LEFT",
                                        "Conditions": "id = id",
                                        "Estimated Cardinality": "6372046"
                                    },
                                    "cumulative_cardinality": 72213336,
                                    "operator_type": "HASH_JOIN",
                                    "operator_cardinality": 43231,
                                    "cumulative_rows_scanned": 31468277,
                                    "operator_rows_scanned": 0,
                                    "operator_timing": 0.0005522,
                                    "result_set_size": 4841872,
                                    "children": [
                                        {
                                            "operator_name": "HASH_JOIN",
                                            "cpu_time": 2.3519215690000004,
                                            "extra_info": {
                                                "Join Type": "RIGHT",
                                                "Conditions": "userid = id",
                                                "Estimated Cardinality": "6372046"
                                            },
                                            "cumulative_cardinality": 63510968,
                                            "operator_type": "HASH_JOIN",
                                            "operator_cardinality": 43231,
                                            "cumulative_rows_scanned": 26357451,
                                            "operator_rows_scanned": 0,
                                            "operator_timing": 0.006194802999999999,
                                            "result_set_size": 4323100,
                                            "children": [
                                                {
                                                    "operator_name": "HASH_GROUP_BY",
                                                    "cpu_time": 0.28086198300000037,
                                                    "extra_info": {
                                                        "Groups": "#0",
                                                        "Aggregates": [
                                                            "sum(#1)",
                                                            "sum(#2)"
                                                        ],
                                                        "Estimated Cardinality": "6372046"
                                                    },
                                                    "cumulative_cardinality": 25500329,
                                                    "operator_type": "HASH_GROUP_BY",
                                                    "operator_cardinality": 12143,
                                                    "cumulative_rows_scanned": 12744093,
                                                    "operator_rows_scanned": 0,
                                                    "operator_timing": 0.10662697900000007,
                                                    "result_set_size": 437148,
                                                    "children": [
                                                        {
                                                            "operator_name": "PROJECTION",
                                                            "cpu_time": 0.1742350040000003,
                                                            "extra_info": {
                                                                "Projections": [
                                                                    "userid",
                                                                    "CASE  WHEN ((votetypeid = 2)) THEN (1) ELSE 0 END",
                                                                    "CASE  WHEN ((votetypeid = 3)) THEN (1) ELSE 0 END"
                                                                ],
                                                                "Estimated Cardinality": "12744093"
                                                            },
                                                            "cumulative_cardinality": 25488186,
                                                            "operator_type": "PROJECTION",
                                                            "operator_cardinality": 12744093,
                                                            "cumulative_rows_scanned": 12744093,
                                                            "operator_rows_scanned": 0,
                                                            "operator_timing": 0.09809074500000005,
                                                            "result_set_size": 152929116,
                                                            "children": [
                                                                {
                                                                    "operator_name": "READ_PARQUET ",
                                                                    "cpu_time": 0.07614425900000027,
                                                                    "extra_info": {
                                                                        "Function": "READ_PARQUET",
                                                                        "Projections": [
                                                                            "votetypeid",
                                                                            "userid"
                                                                        ],
                                                                        "Estimated Cardinality": "12744093"
                                                                    },
                                                                    "cumulative_cardinality": 12744093,
                                                                    "operator_type": "TABLE_SCAN",
                                                                    "operator_cardinality": 12744093,
                                                                    "cumulative_rows_scanned": 12744093,
                                                                    "operator_rows_scanned": 12744093,
                                                                    "operator_timing": 0.07614425900000027,
                                                                    "result_set_size": 76464558,
                                                                    "children": []
                                                                }
                                                            ]
                                                        }
                                                    ]
                                                },
                                                {
                                                    "operator_name": "HASH_JOIN",
                                                    "cpu_time": 2.064864783,
                                                    "extra_info": {
                                                        "Join Type": "INNER",
                                                        "Conditions": "displayname = displayname",
                                                        "Estimated Cardinality": "50428"
                                                    },
                                                    "cumulative_cardinality": 37967408,
                                                    "operator_type": "HASH_JOIN",
                                                    "operator_cardinality": 43231,
                                                    "cumulative_rows_scanned": 13613358,
                                                    "operator_rows_scanned": 0,
                                                    "operator_timing": 0.035321069000000045,
                                                    "result_set_size": 2766784,
                                                    "children": [
                                                        {
                                                            "operator_name": "READ_PARQUET ",
                                                            "cpu_time": 0.11159620400000018,
                                                            "extra_info": {
                                                                "Function": "READ_PARQUET",
                                                                "Projections": [
                                                                    "id",
                                                                    "reputation",
                                                                    "creationdate",
                                                                    "displayname"
                                                                ],
                                                                "Estimated Cardinality": "252142"
                                                            },
                                                            "cumulative_cardinality": 1259737,
                                                            "operator_type": "TABLE_SCAN",
                                                            "operator_cardinality": 1259737,
                                                            "cumulative_rows_scanned": 1260710,
                                                            "operator_rows_scanned": 1260710,
                                                            "operator_timing": 0.11159620400000018,
                                                            "result_set_size": 40311584,
                                                            "children": []
                                                        },
                                                        {
                                                            "operator_name": "FILTER",
                                                            "cpu_time": 1.9179475099999999,
                                                            "extra_info": {
                                                                "Expression": "((RecentPosts > 0) OR (RecentComments > 0))",
                                                                "Estimated Cardinality": "252142"
                                                            },
                                                            "cumulative_cardinality": 36664440,
                                                            "operator_type": "FILTER",
                                                            "operator_cardinality": 5241,
                                                            "cumulative_rows_scanned": 12352648,
                                                            "operator_rows_scanned": 0,
                                                            "operator_timing": 0.003405275000000001,
                                                            "result_set_size": 167712,
                                                            "children": [
                                                                {
                                                                    "operator_name": "HASH_GROUP_BY",
                                                                    "cpu_time": 1.9145422349999999,
                                                                    "extra_info": {
                                                                        "Groups": "#0",
                                                                        "Aggregates": [
                                                                            "count(#1)",
                                                                            "count(#2)"
                                                                        ],
                                                                        "Estimated Cardinality": "1260710"
                                                                    },
                                                                    "cumulative_cardinality": 36659199,
                                                                    "operator_type": "HASH_GROUP_BY",
                                                                    "operator_cardinality": 1045736,
                                                                    "cumulative_rows_scanned": 12352648,
                                                                    "operator_rows_scanned": 0,
                                                                    "operator_timing": 0.5304435009999996,
                                                                    "result_set_size": 33463552,
                                                                    "children": [
                                                                        {
                                                                            "operator_name": "PROJECTION",
                                                                            "cpu_time": 1.3840987340000004,
                                                                            "extra_info": {
                                                                                "Projections": [
                                                                                    "displayname",
                                                                                    "CASE  WHEN ((creationdate > '2024-09-01 12:34:56'::TIMESTAMP)) THEN (1) ELSE NULL END",
                                                                                    "CASE  WHEN ((creationdate > '2024-09-01 12:34:56'::TIMESTAMP)) THEN (1) ELSE NULL END"
                                                                                ],
                                                                                "Estimated Cardinality": "7241822"
                                                                            },
                                                                            "cumulative_cardinality": 35613463,
                                                                            "operator_type": "PROJECTION",
                                                                            "operator_cardinality": 9425510,
                                                                            "cumulative_rows_scanned": 12352648,
                                                                            "operator_rows_scanned": 0,
                                                                            "operator_timing": 0.032272534999999956,
                                                                            "result_set_size": 226212240,
                                                                            "children": [
                                                                                {
                                                                                    "operator_name": "HASH_JOIN",
                                                                                    "cpu_time": 1.3518261990000005,
                                                                                    "extra_info": {
                                                                                        "Join Type": "RIGHT",
                                                                                        "Conditions": "postid = id",
                                                                                        "Estimated Cardinality": "7241822"
                                                                                    },
                                                                                    "cumulative_cardinality": 26187953,
                                                                                    "operator_type": "HASH_JOIN",
                                                                                    "operator_cardinality": 9425510,
                                                                                    "cumulative_rows_scanned": 12352648,
                                                                                    "operator_rows_scanned": 0,
                                                                                    "operator_timing": 0.6907440869999995,
                                                                                    "result_set_size": 301616320,
                                                                                    "children": [
                                                                                        {
                                                                                            "operator_name": "READ_PARQUET ",
                                                                                            "cpu_time": 0.19221077700000053,
                                                                                            "extra_info": {
                                                                                                "Function": "READ_PARQUET",
                                                                                                "Projections": [
                                                                                                    "postid",
                                                                                                    "creationdate"
                                                                                                ],
                                                                                                "Estimated Cardinality": "7241822"
                                                                                            },
                                                                                            "cumulative_cardinality": 7241822,
                                                                                            "operator_type": "TABLE_SCAN",
                                                                                            "operator_cardinality": 7241822,
                                                                                            "cumulative_rows_scanned": 7241822,
                                                                                            "operator_rows_scanned": 7241822,
                                                                                            "operator_timing": 0.19221077700000053,
                                                                                            "result_set_size": 86901864,
                                                                                            "children": []
                                                                                        },
                                                                                        {
                                                                                            "operator_name": "HASH_JOIN",
                                                                                            "cpu_time": 0.46887133500000044,
                                                                                            "extra_info": {
                                                                                                "Join Type": "RIGHT",
                                                                                                "Conditions": "owneruserid = id",
                                                                                                "Estimated Cardinality": "3850116"
                                                                                            },
                                                                                            "cumulative_cardinality": 9520621,
                                                                                            "operator_type": "HASH_JOIN",
                                                                                            "operator_cardinality": 4574495,
                                                                                            "cumulative_rows_scanned": 5110826,
                                                                                            "operator_rows_scanned": 0,
                                                                                            "operator_timing": 0.2470004060000005,
                                                                                            "result_set_size": 128085860,
                                                                                            "children": [
                                                                                                {
                                                                                                    "operator_name": "READ_PARQUET ",
                                                                                                    "cpu_time": 0.1448024379999999,
                                                                                                    "extra_info": {
                                                                                                        "Function": "READ_PARQUET",
                                                                                                        "Projections": [
                                                                                                            "id",
                                                                                                            "creationdate",
                                                                                                            "owneruserid"
                                                                                                        ],
                                                                                                        "Estimated Cardinality": "3850116"
                                                                                                    },
                                                                                                    "cumulative_cardinality": 3685416,
                                                                                                    "operator_type": "TABLE_SCAN",
                                                                                                    "operator_cardinality": 3685416,
                                                                                                    "cumulative_rows_scanned": 3850116,
                                                                                                    "operator_rows_scanned": 3850116,
                                                                                                    "operator_timing": 0.1448024379999999,
                                                                                                    "result_set_size": 58966656,
                                                                                                    "children": []
                                                                                                },
                                                                                                {
                                                                                                    "operator_name": "READ_PARQUET ",
                                                                                                    "cpu_time": 0.07706849100000002,
                                                                                                    "extra_info": {
                                                                                                        "Function": "READ_PARQUET",
                                                                                                        "Projections": [
                                                                                                            "id",
                                                                                                            "displayname"
                                                                                                        ],
                                                                                                        "Estimated Cardinality": "1260710"
                                                                                                    },
                                                                                                    "cumulative_cardinality": 1260710,
                                                                                                    "operator_type": "TABLE_SCAN",
                                                                                                    "operator_cardinality": 1260710,
                                                                                                    "cumulative_rows_scanned": 1260710,
                                                                                                    "operator_rows_scanned": 1260710,
                                                                                                    "operator_timing": 0.07706849100000002,
                                                                                                    "result_set_size": 25214200,
                                                                                                    "children": []
                                                                                                }
                                                                                            ]
                                                                                        }
                                                                                    ]
                                                                                }
                                                                            ]
                                                                        }
                                                                    ]
                                                                }
                                                            ]
                                                        }
                                                    ]
                                                }
                                            ]
                                        },
                                        {
                                            "operator_name": "STREAMING_LIMIT",
                                            "cpu_time": 0.15287421699999998,
                                            "extra_info": {},
                                            "cumulative_cardinality": 8659137,
                                            "operator_type": "STREAMING_LIMIT",
                                            "operator_cardinality": 10,
                                            "cumulative_rows_scanned": 5110826,
                                            "operator_rows_scanned": 0,
                                            "operator_timing": 0.0000016329999999999999,
                                            "result_set_size": 120,
                                            "children": [
                                                {
                                                    "operator_name": "ORDER_BY",
                                                    "cpu_time": 0.15287258399999998,
                                                    "extra_info": {
                                                        "Order By": "COALESCE(PC.TotalPosts, 0) DESC"
                                                    },
                                                    "cumulative_cardinality": 8659127,
                                                    "operator_type": "ORDER_BY",
                                                    "operator_cardinality": 4096,
                                                    "cumulative_rows_scanned": 5110826,
                                                    "operator_rows_scanned": 0,
                                                    "operator_timing": 0.003483603,
                                                    "result_set_size": 49152,
                                                    "children": [
                                                        {
                                                            "operator_name": "PROJECTION",
                                                            "cpu_time": 0.14938898099999998,
                                                            "extra_info": {
                                                                "Projections": [
                                                                    "id",
                                                                    "PostCount"
                                                                ],
                                                                "Estimated Cardinality": "1925058"
                                                            },
                                                            "cumulative_cardinality": 8655031,
                                                            "operator_type": "PROJECTION",
                                                            "operator_cardinality": 194389,
                                                            "cumulative_rows_scanned": 5110826,
                                                            "operator_rows_scanned": 0,
                                                            "operator_timing": 0.003248368999999999,
                                                            "result_set_size": 2332668,
                                                            "children": [
                                                                {
                                                                    "operator_name": "HASH_JOIN",
                                                                    "cpu_time": 0.14614061199999998,
                                                                    "extra_info": {
                                                                        "Join Type": "RIGHT",
                                                                        "Conditions": "owneruserid = id",
                                                                        "Estimated Cardinality": "1925058"
                                                                    },
                                                                    "cumulative_cardinality": 8460642,
                                                                    "operator_type": "HASH_JOIN",
                                                                    "operator_cardinality": 194389,
                                                                    "cumulative_rows_scanned": 5110826,
                                                                    "operator_rows_scanned": 0,
                                                                    "operator_timing": 0.01559902599999999,
                                                                    "result_set_size": 3110224,
                                                                    "children": [
                                                                        {
                                                                            "operator_name": "HASH_GROUP_BY",
                                                                            "cpu_time": 0.10772104099999996,
                                                                            "extra_info": {
                                                                                "Groups": "#0",
                                                                                "Aggregates": "count_star()",
                                                                                "Estimated Cardinality": "1925058"
                                                                            },
                                                                            "cumulative_cardinality": 8071864,
                                                                            "operator_type": "HASH_GROUP_BY",
                                                                            "operator_cardinality": 371632,
                                                                            "cumulative_rows_scanned": 3850116,
                                                                            "operator_rows_scanned": 0,
                                                                            "operator_timing": 0.08433283999999991,
                                                                            "result_set_size": 4459584,
                                                                            "children": [
                                                                                {
                                                                                    "operator_name": "PROJECTION",
                                                                                    "cpu_time": 0.02338820100000005,
                                                                                    "extra_info": {
                                                                                        "Projections": "owneruserid",
                                                                                        "Estimated Cardinality": "3850116"
                                                                                    },
                                                                                    "cumulative_cardinality": 7700232,
                                                                                    "operator_type": "PROJECTION",
                                                                                    "operator_cardinality": 3850116,
                                                                                    "cumulative_rows_scanned": 3850116,
                                                                                    "operator_rows_scanned": 0,
                                                                                    "operator_timing": 0.00024247399999999836,
                                                                                    "result_set_size": 15400464,
                                                                                    "children": [
                                                                                        {
                                                                                            "operator_name": "READ_PARQUET ",
                                                                                            "cpu_time": 0.02314572700000005,
                                                                                            "extra_info": {
                                                                                                "Function": "READ_PARQUET",
                                                                                                "Projections": "owneruserid",
                                                                                                "Estimated Cardinality": "3850116"
                                                                                            },
                                                                                            "cumulative_cardinality": 3850116,
                                                                                            "operator_type": "TABLE_SCAN",
                                                                                            "operator_cardinality": 3850116,
                                                                                            "cumulative_rows_scanned": 3850116,
                                                                                            "operator_rows_scanned": 3850116,
                                                                                            "operator_timing": 0.02314572700000005,
                                                                                            "result_set_size": 15400464,
                                                                                            "children": []
                                                                                        }
                                                                                    ]
                                                                                }
                                                                            ]
                                                                        },
                                                                        {
                                                                            "operator_name": "READ_PARQUET ",
                                                                            "cpu_time": 0.02282054500000002,
                                                                            "extra_info": {
                                                                                "Function": "READ_PARQUET",
                                                                                "Projections": "id",
                                                                                "Filters": "reputation>100",
                                                                                "Estimated Cardinality": "252142"
                                                                            },
                                                                            "cumulative_cardinality": 194389,
                                                                            "operator_type": "TABLE_SCAN",
                                                                            "operator_cardinality": 194389,
                                                                            "cumulative_rows_scanned": 1260710,
                                                                            "operator_rows_scanned": 1260710,
                                                                            "operator_timing": 0.02282054500000002,
                                                                            "result_set_size": 777556,
                                                                            "children": []
                                                                        }
                                                                    ]
                                                                }
                                                            ]
                                                        }
                                                    ]
                                                }
                                            ]
                                        }
                                    ]
                                }
                            ]
                        }
                    ]
                }
            ]
        }
    ]
}