{
    "rows_returned": 10,
    "query_name": "WITH RecursiveCTE AS (\n    SELECT \n        p.Id AS PostId,\n        p.Title,\n        p.CreationDate,\n        p.ViewCount,\n        p.Score,\n        COALESCE(An.AnswerCount, 0) AS AnswerCount,\n        COALESCE(Com.CommentCount, 0) AS CommentCount,\n        ROW_NUMBER() OVER (PARTITION BY p.Id ORDER BY p.CreationDate DESC) AS RowNum\n    FROM \n        Posts p\n    LEFT JOIN (\n        SELECT \n            ParentId,\n            COUNT(*) AS AnswerCount\n        FROM \n            Posts\n        WHERE \n            PostTypeId = 2 \n        GROUP BY \n            ParentId\n    ) An ON p.Id = An.ParentId\n    LEFT JOIN (\n        SELECT \n            PostId,\n            COUNT(*) AS CommentCount\n        FROM \n            Comments\n        GROUP BY \n            PostId\n    ) Com ON p.Id = Com.PostId\n    WHERE \n        p.PostTypeId = 1\n),\nUserScoreSummary AS (\n    SELECT \n        u.Id AS UserId,\n        u.DisplayName,\n        SUM(v.BountyAmount) AS TotalBounty,\n        SUM(CASE WHEN v.VoteTypeId = 2 THEN 1 ELSE 0 END) AS UpVotes,\n        COUNT(DISTINCT CASE WHEN v.VoteTypeId = 2 THEN v.PostId END) AS UniqueUpVotedPosts\n    FROM \n        Users u\n    LEFT JOIN Votes v ON u.Id = v.UserId\n    GROUP BY \n        u.Id, u.DisplayName\n)\nSELECT \n    r.PostId,\n    r.Title,\n    r.CreationDate,\n    r.ViewCount,\n    r.Score,\n    r.AnswerCount,\n    r.CommentCount,\n    u.DisplayName AS UserCreator,\n    u.TotalBounty AS CreatorTotalBounty,\n    u.UpVotes AS CreatorUpVotes,\n    u.UniqueUpVotedPosts AS CreatorUniqueUpVotedPosts,\n    (\n        SELECT \n            COUNT(*) \n        FROM \n            Votes v\n        WHERE \n            v.PostId = r.PostId AND v.VoteTypeId = 3\n    ) AS DownVotes\nFROM \n    RecursiveCTE r\nLEFT JOIN UserScoreSummary u ON r.PostId = u.UserId\nWHERE \n    r.ViewCount > 1000\nORDER BY \n    r.Score DESC,\n    r.ViewCount DESC\nOFFSET 0 ROWS \nFETCH NEXT 10 ROWS ONLY;\n",
    "blocked_thread_time": 0.0,
    "cpu_time": 3.4356450670000016,
    "extra_info": {},
    "cumulative_cardinality": 40241167,
    "cumulative_rows_scanned": 41690950,
    "result_set_size": 1160,
    "latency": 3.984267498,
    "children": [
        {
            "operator_name": "STREAMING_LIMIT",
            "cpu_time": 3.4356450670000016,
            "extra_info": {},
            "cumulative_cardinality": 40241167,
            "operator_type": "STREAMING_LIMIT",
            "operator_cardinality": 10,
            "cumulative_rows_scanned": 41690950,
            "operator_rows_scanned": 0,
            "operator_timing": 0.000001433,
            "result_set_size": 1160,
            "children": [
                {
                    "operator_name": "PROJECTION",
                    "cpu_time": 3.4356436340000016,
                    "extra_info": {
                        "Projections": [
                            "#0",
                            "#1",
                            "#2",
                            "#3",
                            "__internal_decompress_integral_integer(#4, -72)",
                            "#5",
                            "#6",
                            "#7",
                            "#8",
                            "#9",
                            "#10",
                            "#11"
                        ],
                        "Estimated Cardinality": "1260710"
                    },
                    "cumulative_cardinality": 40241157,
                    "operator_type": "PROJECTION",
                    "operator_cardinality": 4096,
                    "cumulative_rows_scanned": 41690950,
                    "operator_rows_scanned": 0,
                    "operator_timing": 0.000057387,
                    "result_set_size": 475136,
                    "children": [
                        {
                            "operator_name": "ORDER_BY",
                            "cpu_time": 3.4355862470000016,
                            "extra_info": {
                                "Order By": [
                                    "r.Score DESC",
                                    "r.ViewCount DESC"
                                ]
                            },
                            "cumulative_cardinality": 40237061,
                            "operator_type": "ORDER_BY",
                            "operator_cardinality": 4096,
                            "cumulative_rows_scanned": 41690950,
                            "operator_rows_scanned": 0,
                            "operator_timing": 0.019016965,
                            "result_set_size": 466944,
                            "children": [
                                {
                                    "operator_name": "PROJECTION",
                                    "cpu_time": 3.4165692820000015,
                                    "extra_info": {
                                        "Projections": [
                                            "#0",
                                            "#1",
                                            "#2",
                                            "#3",
                                            "__internal_compress_integral_usmallint(#4, -72)",
                                            "#5",
                                            "#6",
                                            "#7",
                                            "#8",
                                            "#9",
                                            "#10",
                                            "#11"
                                        ],
                                        "Estimated Cardinality": "1260710"
                                    },
                                    "cumulative_cardinality": 40232965,
                                    "operator_type": "PROJECTION",
                                    "operator_cardinality": 236834,
                                    "cumulative_rows_scanned": 41690950,
                                    "operator_rows_scanned": 0,
                                    "operator_timing": 0.00021174200000000003,
                                    "result_set_size": 26999076,
                                    "children": [
                                        {
                                            "operator_name": "PROJECTION",
                                            "cpu_time": 3.4163575400000017,
                                            "extra_info": {
                                                "Projections": [
                                                    "PostId",
                                                    "title",
                                                    "creationdate",
                                                    "viewcount",
                                                    "score",
                                                    "AnswerCount",
                                                    "CommentCount",
                                                    "UserCreator",
                                                    "CreatorTotalBounty",
                                                    "CreatorUpVotes",
                                                    "CreatorUniqueUpVotedPosts",
                                                    "DownVotes"
                                                ],
                                                "Estimated Cardinality": "1260710"
                                            },
                                            "cumulative_cardinality": 39996131,
                                            "operator_type": "PROJECTION",
                                            "operator_cardinality": 236834,
                                            "cumulative_rows_scanned": 41690950,
                                            "operator_rows_scanned": 0,
                                            "operator_timing": 0.00006917000000000002,
                                            "result_set_size": 27472744,
                                            "children": [
                                                {
                                                    "operator_name": "LEFT_DELIM_JOIN",
                                                    "cpu_time": 3.4162883700000015,
                                                    "extra_info": {
                                                        "Join Type": "SINGLE",
                                                        "Conditions": "PostId IS NOT DISTINCT FROM PostId",
                                                        "Estimated Cardinality": "1260710",
                                                        "Delim Index": "1"
                                                    },
                                                    "cumulative_cardinality": 39759297,
                                                    "operator_type": "LEFT_DELIM_JOIN",
                                                    "operator_cardinality": 0,
                                                    "cumulative_rows_scanned": 41690950,
                                                    "operator_rows_scanned": 0,
                                                    "operator_timing": 0.02612623499999999,
                                                    "result_set_size": 0,
                                                    "children": [
                                                        {
                                                            "operator_name": "HASH_JOIN",
                                                            "cpu_time": 3.0735734280000013,
                                                            "extra_info": {
                                                                "Join Type": "RIGHT",
                                                                "Conditions": "UserId = PostId",
                                                                "Estimated Cardinality": "1260710"
                                                            },
                                                            "cumulative_cardinality": 36784046,
                                                            "operator_type": "HASH_JOIN",
                                                            "operator_cardinality": 236834,
                                                            "cumulative_rows_scanned": 28946857,
                                                            "operator_rows_scanned": 0,
                                                            "operator_timing": 0.04944518800000001,
                                                            "result_set_size": 25578072,
                                                            "children": [
                                                                {
                                                                    "operator_name": "HASH_GROUP_BY",
                                                                    "cpu_time": 1.0137977640000002,
                                                                    "extra_info": {
                                                                        "Groups": [
                                                                            "#0",
                                                                            "#1"
                                                                        ],
                                                                        "Aggregates": [
                                                                            "sum(#2)",
                                                                            "sum(#3)",
                                                                            "count(DISTINCT #4)"
                                                                        ],
                                                                        "Estimated Cardinality": "1260710"
                                                                    },
                                                                    "cumulative_cardinality": 5139417,
                                                                    "operator_type": "HASH_GROUP_BY",
                                                                    "operator_cardinality": 1260710,
                                                                    "cumulative_rows_scanned": 14004803,
                                                                    "operator_rows_scanned": 0,
                                                                    "operator_timing": 0.5751327570000007,
                                                                    "result_set_size": 75642600,
                                                                    "children": [
                                                                        {
                                                                            "operator_name": "PROJECTION",
                                                                            "cpu_time": 0.43866500699999955,
                                                                            "extra_info": {
                                                                                "Projections": [
                                                                                    "id",
                                                                                    "displayname",
                                                                                    "bountyamount",
                                                                                    "CASE  WHEN ((votetypeid = 2)) THEN (1) ELSE 0 END",
                                                                                    "CASE  WHEN ((votetypeid = 2)) THEN (postid) ELSE NULL END"
                                                                                ],
                                                                                "Estimated Cardinality": "12744093"
                                                                            },
                                                                            "cumulative_cardinality": 3878707,
                                                                            "operator_type": "PROJECTION",
                                                                            "operator_cardinality": 1288855,
                                                                            "cumulative_rows_scanned": 14004803,
                                                                            "operator_rows_scanned": 0,
                                                                            "operator_timing": 0.002652800999999999,
                                                                            "result_set_size": 41243360,
                                                                            "children": [
                                                                                {
                                                                                    "operator_name": "HASH_JOIN",
                                                                                    "cpu_time": 0.43601220599999957,
                                                                                    "extra_info": {
                                                                                        "Join Type": "RIGHT",
                                                                                        "Conditions": "userid = id",
                                                                                        "Estimated Cardinality": "12744093"
                                                                                    },
                                                                                    "cumulative_cardinality": 2589852,
                                                                                    "operator_type": "HASH_JOIN",
                                                                                    "operator_cardinality": 1288855,
                                                                                    "cumulative_rows_scanned": 14004803,
                                                                                    "operator_rows_scanned": 0,
                                                                                    "operator_timing": 0.1264018380000003,
                                                                                    "result_set_size": 38665650,
                                                                                    "children": [
                                                                                        {
                                                                                            "operator_name": "READ_PARQUET ",
                                                                                            "cpu_time": 0.2320391279999992,
                                                                                            "extra_info": {
                                                                                                "Function": "READ_PARQUET",
                                                                                                "Projections": [
                                                                                                    "postid",
                                                                                                    "votetypeid",
                                                                                                    "userid",
                                                                                                    "bountyamount"
                                                                                                ],
                                                                                                "Estimated Cardinality": "12744093"
                                                                                            },
                                                                                            "cumulative_cardinality": 40287,
                                                                                            "operator_type": "TABLE_SCAN",
                                                                                            "operator_cardinality": 40287,
                                                                                            "cumulative_rows_scanned": 12744093,
                                                                                            "operator_rows_scanned": 12744093,
                                                                                            "operator_timing": 0.2320391279999992,
                                                                                            "result_set_size": 564018,
                                                                                            "children": []
                                                                                        },
                                                                                        {
                                                                                            "operator_name": "READ_PARQUET ",
                                                                                            "cpu_time": 0.07757124000000006,
                                                                                            "extra_info": {
                                                                                                "Function": "READ_PARQUET",
                                                                                                "Projections": [
                                                                                                    "id",
                                                                                                    "displayname"
                                                                                                ],
                                                                                                "Estimated Cardinality": "1260710"
                                                                                            },
                                                                                            "cumulative_cardinality": 1260710,
                                                                                            "operator_type": "TABLE_SCAN",
                                                                                            "operator_cardinality": 1260710,
                                                                                            "cumulative_rows_scanned": 1260710,
                                                                                            "operator_rows_scanned": 1260710,
                                                                                            "operator_timing": 0.07757124000000006,
                                                                                            "result_set_size": 25214200,
                                                                                            "children": []
                                                                                        }
                                                                                    ]
                                                                                }
                                                                            ]
                                                                        }
                                                                    ]
                                                                },
                                                                {
                                                                    "operator_name": "PROJECTION",
                                                                    "cpu_time": 2.0103304760000014,
                                                                    "extra_info": {
                                                                        "Projections": [
                                                                            "PostId",
                                                                            "title",
                                                                            "creationdate",
                                                                            "viewcount",
                                                                            "score",
                                                                            "AnswerCount",
                                                                            "CommentCount"
                                                                        ],
                                                                        "Estimated Cardinality": "724182"
                                                                    },
                                                                    "cumulative_cardinality": 31407795,
                                                                    "operator_type": "PROJECTION",
                                                                    "operator_cardinality": 236834,
                                                                    "cumulative_rows_scanned": 14942054,
                                                                    "operator_rows_scanned": 0,
                                                                    "operator_timing": 0.012145420000000004,
                                                                    "result_set_size": 12315368,
                                                                    "children": [
                                                                        {
                                                                            "operator_name": "PROJECTION",
                                                                            "cpu_time": 1.9981850560000014,
                                                                            "extra_info": {
                                                                                "Projections": [
                                                                                    "#0",
                                                                                    "#1",
                                                                                    "#2",
                                                                                    "#3",
                                                                                    "#4",
                                                                                    "#5",
                                                                                    "#6"
                                                                                ],
                                                                                "Estimated Cardinality": "724182"
                                                                            },
                                                                            "cumulative_cardinality": 31170961,
                                                                            "operator_type": "PROJECTION",
                                                                            "operator_cardinality": 236834,
                                                                            "cumulative_rows_scanned": 14942054,
                                                                            "operator_rows_scanned": 0,
                                                                            "operator_timing": 0.00022761000000000024,
                                                                            "result_set_size": 12315368,
                                                                            "children": [
                                                                                {
                                                                                    "operator_name": "FILTER",
                                                                                    "cpu_time": 1.9979574460000014,
                                                                                    "extra_info": {
                                                                                        "Expression": "(viewcount > 1000)",
                                                                                        "Estimated Cardinality": "724182"
                                                                                    },
                                                                                    "cumulative_cardinality": 30934127,
                                                                                    "operator_type": "FILTER",
                                                                                    "operator_cardinality": 236834,
                                                                                    "cumulative_rows_scanned": 14942054,
                                                                                    "operator_rows_scanned": 0,
                                                                                    "operator_timing": 0.007901416999999999,
                                                                                    "result_set_size": 14210040,
                                                                                    "children": [
                                                                                        {
                                                                                            "operator_name": "PROJECTION",
                                                                                            "cpu_time": 1.9900560290000013,
                                                                                            "extra_info": {
                                                                                                "Projections": [
                                                                                                    "#0",
                                                                                                    "#1",
                                                                                                    "#2",
                                                                                                    "#3",
                                                                                                    "#4",
                                                                                                    "#5",
                                                                                                    "#6",
                                                                                                    "#7"
                                                                                                ],
                                                                                                "Estimated Cardinality": "3620911"
                                                                                            },
                                                                                            "cumulative_cardinality": 30697293,
                                                                                            "operator_type": "PROJECTION",
                                                                                            "operator_cardinality": 1668164,
                                                                                            "cumulative_rows_scanned": 14942054,
                                                                                            "operator_rows_scanned": 0,
                                                                                            "operator_timing": 0.0002693900000000007,
                                                                                            "result_set_size": 100089840,
                                                                                            "children": [
                                                                                                {
                                                                                                    "operator_name": "WINDOW",
                                                                                                    "cpu_time": 1.9897866390000014,
                                                                                                    "extra_info": {
                                                                                                        "Projections": "ROW_NUMBER() OVER (PARTITION BY id ORDER BY creationdate DESC NULLS LAST)"
                                                                                                    },
                                                                                                    "cumulative_cardinality": 29029129,
                                                                                                    "operator_type": "WINDOW",
                                                                                                    "operator_cardinality": 1668164,
                                                                                                    "cumulative_rows_scanned": 14942054,
                                                                                                    "operator_rows_scanned": 0,
                                                                                                    "operator_timing": 0.4561128099999999,
                                                                                                    "result_set_size": 100089840,
                                                                                                    "children": [
                                                                                                        {
                                                                                                            "operator_name": "HASH_JOIN",
                                                                                                            "cpu_time": 1.5336738290000014,
                                                                                                            "extra_info": {
                                                                                                                "Join Type": "RIGHT",
                                                                                                                "Conditions": "postid = id",
                                                                                                                "Estimated Cardinality": "3620911"
                                                                                                            },
                                                                                                            "cumulative_cardinality": 27360965,
                                                                                                            "operator_type": "HASH_JOIN",
                                                                                                            "operator_cardinality": 1668164,
                                                                                                            "cumulative_rows_scanned": 14942054,
                                                                                                            "operator_rows_scanned": 0,
                                                                                                            "operator_timing": 0.31554137900000023,
                                                                                                            "result_set_size": 86744528,
                                                                                                            "children": [
                                                                                                                {
                                                                                                                    "operator_name": "HASH_GROUP_BY",
                                                                                                                    "cpu_time": 0.30233440300000014,
                                                                                                                    "extra_info": {
                                                                                                                        "Groups": "#0",
                                                                                                                        "Aggregates": "count_star()",
                                                                                                                        "Estimated Cardinality": "3620911"
                                                                                                                    },
                                                                                                                    "cumulative_cardinality": 16647316,
                                                                                                                    "operator_type": "HASH_GROUP_BY",
                                                                                                                    "operator_cardinality": 2163672,
                                                                                                                    "cumulative_rows_scanned": 7241822,
                                                                                                                    "operator_rows_scanned": 0,
                                                                                                                    "operator_timing": 0.26028722800000004,
                                                                                                                    "result_set_size": 25964064,
                                                                                                                    "children": [
                                                                                                                        {
                                                                                                                            "operator_name": "PROJECTION",
                                                                                                                            "cpu_time": 0.04204717500000011,
                                                                                                                            "extra_info": {
                                                                                                                                "Projections": "postid",
                                                                                                                                "Estimated Cardinality": "7241822"
                                                                                                                            },
                                                                                                                            "cumulative_cardinality": 14483644,
                                                                                                                            "operator_type": "PROJECTION",
                                                                                                                            "operator_cardinality": 7241822,
                                                                                                                            "cumulative_rows_scanned": 7241822,
                                                                                                                            "operator_rows_scanned": 0,
                                                                                                                            "operator_timing": 0.00037751200000000633,
                                                                                                                            "result_set_size": 28967288,
                                                                                                                            "children": [
                                                                                                                                {
                                                                                                                                    "operator_name": "READ_PARQUET ",
                                                                                                                                    "cpu_time": 0.04166966300000011,
                                                                                                                                    "extra_info": {
                                                                                                                                        "Function": "READ_PARQUET",
                                                                                                                                        "Projections": "postid",
                                                                                                                                        "Estimated Cardinality": "7241822"
                                                                                                                                    },
                                                                                                                                    "cumulative_cardinality": 7241822,
                                                                                                                                    "operator_type": "TABLE_SCAN",
                                                                                                                                    "operator_cardinality": 7241822,
                                                                                                                                    "cumulative_rows_scanned": 7241822,
                                                                                                                                    "operator_rows_scanned": 7241822,
                                                                                                                                    "operator_timing": 0.04166966300000011,
                                                                                                                                    "result_set_size": 28967288,
                                                                                                                                    "children": []
                                                                                                                                }
                                                                                                                            ]
                                                                                                                        }
                                                                                                                    ]
                                                                                                                },
                                                                                                                {
                                                                                                                    "operator_name": "HASH_JOIN",
                                                                                                                    "cpu_time": 0.915798047000001,
                                                                                                                    "extra_info": {
                                                                                                                        "Join Type": "LEFT",
                                                                                                                        "Conditions": "id = parentid",
                                                                                                                        "Estimated Cardinality": "770023"
                                                                                                                    },
                                                                                                                    "cumulative_cardinality": 9045485,
                                                                                                                    "operator_type": "HASH_JOIN",
                                                                                                                    "operator_cardinality": 1668164,
                                                                                                                    "cumulative_rows_scanned": 7700232,
                                                                                                                    "operator_rows_scanned": 0,
                                                                                                                    "operator_timing": 0.1660931079999996,
                                                                                                                    "result_set_size": 73399216,
                                                                                                                    "children": [
                                                                                                                        {
                                                                                                                            "operator_name": "READ_PARQUET ",
                                                                                                                            "cpu_time": 0.5091599460000013,
                                                                                                                            "extra_info": {
                                                                                                                                "Function": "READ_PARQUET",
                                                                                                                                "Projections": [
                                                                                                                                    "id",
                                                                                                                                    "creationdate",
                                                                                                                                    "score",
                                                                                                                                    "viewcount",
                                                                                                                                    "title"
                                                                                                                                ],
                                                                                                                                "Filters": "posttypeid=1",
                                                                                                                                "Estimated Cardinality": "770023"
                                                                                                                            },
                                                                                                                            "cumulative_cardinality": 1668164,
                                                                                                                            "operator_type": "TABLE_SCAN",
                                                                                                                            "operator_cardinality": 1668164,
                                                                                                                            "cumulative_rows_scanned": 3850116,
                                                                                                                            "operator_rows_scanned": 3850116,
                                                                                                                            "operator_timing": 0.5091599460000013,
                                                                                                                            "result_set_size": 60053904,
                                                                                                                            "children": []
                                                                                                                        },
                                                                                                                        {
                                                                                                                            "operator_name": "HASH_GROUP_BY",
                                                                                                                            "cpu_time": 0.24054499300000018,
                                                                                                                            "extra_info": {
                                                                                                                                "Groups": "#0",
                                                                                                                                "Aggregates": "count_star()",
                                                                                                                                "Estimated Cardinality": "385011"
                                                                                                                            },
                                                                                                                            "cumulative_cardinality": 5709157,
                                                                                                                            "operator_type": "HASH_GROUP_BY",
                                                                                                                            "operator_cardinality": 1354571,
                                                                                                                            "cumulative_rows_scanned": 3850116,
                                                                                                                            "operator_rows_scanned": 0,
                                                                                                                            "operator_timing": 0.12518067900000016,
                                                                                                                            "result_set_size": 16254852,
                                                                                                                            "children": [
                                                                                                                                {
                                                                                                                                    "operator_name": "PROJECTION",
                                                                                                                                    "cpu_time": 0.11536431400000002,
                                                                                                                                    "extra_info": {
                                                                                                                                        "Projections": "parentid",
                                                                                                                                        "Estimated Cardinality": "770023"
                                                                                                                                    },
                                                                                                                                    "cumulative_cardinality": 4354586,
                                                                                                                                    "operator_type": "PROJECTION",
                                                                                                                                    "operator_cardinality": 2177293,
                                                                                                                                    "cumulative_rows_scanned": 3850116,
                                                                                                                                    "operator_rows_scanned": 0,
                                                                                                                                    "operator_timing": 0.00032767499999999874,
                                                                                                                                    "result_set_size": 8709172,
                                                                                                                                    "children": [
                                                                                                                                        {
                                                                                                                                            "operator_name": "READ_PARQUET ",
                                                                                                                                            "cpu_time": 0.11503663900000002,
                                                                                                                                            "extra_info": {
                                                                                                                                                "Function": "READ_PARQUET",
                                                                                                                                                "Projections": "parentid",
                                                                                                                                                "Filters": "posttypeid=2",
                                                                                                                                                "Estimated Cardinality": "770023"
                                                                                                                                            },
                                                                                                                                            "cumulative_cardinality": 2177293,
                                                                                                                                            "operator_type": "TABLE_SCAN",
                                                                                                                                            "operator_cardinality": 2177293,
                                                                                                                                            "cumulative_rows_scanned": 3850116,
                                                                                                                                            "operator_rows_scanned": 3850116,
                                                                                                                                            "operator_timing": 0.11503663900000002,
                                                                                                                                            "result_set_size": 8709172,
                                                                                                                                            "children": []
                                                                                                                                        }
                                                                                                                                    ]
                                                                                                                                }
                                                                                                                            ]
                                                                                                                        }
                                                                                                                    ]
                                                                                                                }
                                                                                                            ]
                                                                                                        }
                                                                                                    ]
                                                                                                }
                                                                                            ]
                                                                                        }
                                                                                    ]
                                                                                }
                                                                            ]
                                                                        }
                                                                    ]
                                                                }
                                                            ]
                                                        },
                                                        {
                                                            "operator_name": "HASH_JOIN",
                                                            "cpu_time": 0.3095727270000006,
                                                            "extra_info": {
                                                                "Join Type": "SINGLE",
                                                                "Conditions": "PostId IS NOT DISTINCT FROM PostId",
                                                                "Estimated Cardinality": "1260710"
                                                            },
                                                            "cumulative_cardinality": 2501583,
                                                            "operator_type": "HASH_JOIN",
                                                            "operator_cardinality": 236834,
                                                            "cumulative_rows_scanned": 12744093,
                                                            "operator_rows_scanned": 0,
                                                            "operator_timing": 0.012721261999999995,
                                                            "result_set_size": 27472744,
                                                            "children": [
                                                                {
                                                                    "operator_name": "COLUMN_DATA_SCAN",
                                                                    "cpu_time": 0.0018248379999999999,
                                                                    "extra_info": {
                                                                        "Estimated Cardinality": "1260710"
                                                                    },
                                                                    "cumulative_cardinality": 236834,
                                                                    "operator_type": "COLUMN_DATA_SCAN",
                                                                    "operator_cardinality": 236834,
                                                                    "cumulative_rows_scanned": 0,
                                                                    "operator_rows_scanned": 0,
                                                                    "operator_timing": 0.0018248379999999999,
                                                                    "result_set_size": 25578072,
                                                                    "children": []
                                                                },
                                                                {
                                                                    "operator_name": "PROJECTION",
                                                                    "cpu_time": 0.2950266270000006,
                                                                    "extra_info": {
                                                                        "Projections": [
                                                                            "CASE  WHEN ((count_star() IS NULL)) THEN (0) ELSE count_star() END",
                                                                            "PostId"
                                                                        ],
                                                                        "Estimated Cardinality": "630355"
                                                                    },
                                                                    "cumulative_cardinality": 2027915,
                                                                    "operator_type": "PROJECTION",
                                                                    "operator_cardinality": 236834,
                                                                    "cumulative_rows_scanned": 12744093,
                                                                    "operator_rows_scanned": 0,
                                                                    "operator_timing": 0.000552069,
                                                                    "result_set_size": 2842008,
                                                                    "children": [
                                                                        {
                                                                            "operator_name": "HASH_JOIN",
                                                                            "cpu_time": 0.2944745580000006,
                                                                            "extra_info": {
                                                                                "Join Type": "LEFT",
                                                                                "Conditions": "PostId IS NOT DISTINCT FROM #0",
                                                                                "Estimated Cardinality": "630355"
                                                                            },
                                                                            "cumulative_cardinality": 1791081,
                                                                            "operator_type": "HASH_JOIN",
                                                                            "operator_cardinality": 236834,
                                                                            "cumulative_rows_scanned": 12744093,
                                                                            "operator_rows_scanned": 0,
                                                                            "operator_timing": 0.0038623009999999964,
                                                                            "result_set_size": 2842008,
                                                                            "children": [
                                                                                {
                                                                                    "operator_name": "DELIM_SCAN",
                                                                                    "cpu_time": 0.0,
                                                                                    "extra_info": {
                                                                                        "Delim Index": "1",
                                                                                        "Estimated Cardinality": "630355"
                                                                                    },
                                                                                    "cumulative_cardinality": 0,
                                                                                    "operator_type": "DELIM_SCAN",
                                                                                    "operator_cardinality": 0,
                                                                                    "cumulative_rows_scanned": 0,
                                                                                    "operator_rows_scanned": 0,
                                                                                    "operator_timing": 0.0,
                                                                                    "result_set_size": 0,
                                                                                    "children": []
                                                                                },
                                                                                {
                                                                                    "operator_name": "HASH_GROUP_BY",
                                                                                    "cpu_time": 0.2906122570000006,
                                                                                    "extra_info": {
                                                                                        "Groups": "#0",
                                                                                        "Aggregates": "count_star()",
                                                                                        "Estimated Cardinality": "208650"
                                                                                    },
                                                                                    "cumulative_cardinality": 1554247,
                                                                                    "operator_type": "HASH_GROUP_BY",
                                                                                    "operator_cardinality": 36576,
                                                                                    "cumulative_rows_scanned": 12744093,
                                                                                    "operator_rows_scanned": 0,
                                                                                    "operator_timing": 0.0016383870000000003,
                                                                                    "result_set_size": 438912,
                                                                                    "children": [
                                                                                        {
                                                                                            "operator_name": "PROJECTION",
                                                                                            "cpu_time": 0.2889738700000006,
                                                                                            "extra_info": {
                                                                                                "Projections": "PostId",
                                                                                                "Estimated Cardinality": "417301"
                                                                                            },
                                                                                            "cumulative_cardinality": 1517671,
                                                                                            "operator_type": "PROJECTION",
                                                                                            "operator_cardinality": 57971,
                                                                                            "cumulative_rows_scanned": 12744093,
                                                                                            "operator_rows_scanned": 0,
                                                                                            "operator_timing": 0.000004828,
                                                                                            "result_set_size": 231884,
                                                                                            "children": [
                                                                                                {
                                                                                                    "operator_name": "PROJECTION",
                                                                                                    "cpu_time": 0.28896904200000056,
                                                                                                    "extra_info": {
                                                                                                        "Projections": "PostId",
                                                                                                        "Estimated Cardinality": "417301"
                                                                                                    },
                                                                                                    "cumulative_cardinality": 1459700,
                                                                                                    "operator_type": "PROJECTION",
                                                                                                    "operator_cardinality": 57971,
                                                                                                    "cumulative_rows_scanned": 12744093,
                                                                                                    "operator_rows_scanned": 0,
                                                                                                    "operator_timing": 0.000006666999999999999,
                                                                                                    "result_set_size": 231884,
                                                                                                    "children": [
                                                                                                        {
                                                                                                            "operator_name": "HASH_JOIN",
                                                                                                            "cpu_time": 0.28896237500000055,
                                                                                                            "extra_info": {
                                                                                                                "Join Type": "INNER",
                                                                                                                "Conditions": "postid = PostId",
                                                                                                                "Estimated Cardinality": "417301"
                                                                                                            },
                                                                                                            "cumulative_cardinality": 1401729,
                                                                                                            "operator_type": "HASH_JOIN",
                                                                                                            "operator_cardinality": 57971,
                                                                                                            "cumulative_rows_scanned": 12744093,
                                                                                                            "operator_rows_scanned": 0,
                                                                                                            "operator_timing": 0.04335483300000004,
                                                                                                            "result_set_size": 463768,
                                                                                                            "children": [
                                                                                                                {
                                                                                                                    "operator_name": "READ_PARQUET ",
                                                                                                                    "cpu_time": 0.2456075420000005,
                                                                                                                    "extra_info": {
                                                                                                                        "Function": "READ_PARQUET",
                                                                                                                        "Projections": "postid",
                                                                                                                        "Filters": "votetypeid=3",
                                                                                                                        "Estimated Cardinality": "2548818"
                                                                                                                    },
                                                                                                                    "cumulative_cardinality": 1343758,
                                                                                                                    "operator_type": "TABLE_SCAN",
                                                                                                                    "operator_cardinality": 1343758,
                                                                                                                    "cumulative_rows_scanned": 12744093,
                                                                                                                    "operator_rows_scanned": 12744093,
                                                                                                                    "operator_timing": 0.2456075420000005,
                                                                                                                    "result_set_size": 5375032,
                                                                                                                    "children": []
                                                                                                                },
                                                                                                                {
                                                                                                                    "operator_name": "DELIM_SCAN",
                                                                                                                    "cpu_time": 0.0,
                                                                                                                    "extra_info": {
                                                                                                                        "Delim Index": "1",
                                                                                                                        "Estimated Cardinality": "630355"
                                                                                                                    },
                                                                                                                    "cumulative_cardinality": 0,
                                                                                                                    "operator_type": "DELIM_SCAN",
                                                                                                                    "operator_cardinality": 0,
                                                                                                                    "cumulative_rows_scanned": 0,
                                                                                                                    "operator_rows_scanned": 0,
                                                                                                                    "operator_timing": 0.0,
                                                                                                                    "result_set_size": 0,
                                                                                                                    "children": []
                                                                                                                }
                                                                                                            ]
                                                                                                        }
                                                                                                    ]
                                                                                                }
                                                                                            ]
                                                                                        }
                                                                                    ]
                                                                                }
                                                                            ]
                                                                        }
                                                                    ]
                                                                }
                                                            ]
                                                        },
                                                        {
                                                            "operator_name": "HASH_GROUP_BY",
                                                            "cpu_time": 0.007015979999999996,
                                                            "extra_info": {
                                                                "Groups": "#4",
                                                                "Aggregates": "",
                                                                "Estimated Cardinality": "1260710"
                                                            },
                                                            "cumulative_cardinality": 473668,
                                                            "operator_type": "HASH_GROUP_BY",
                                                            "operator_cardinality": 473668,
                                                            "cumulative_rows_scanned": 0,
                                                            "operator_rows_scanned": 0,
                                                            "operator_timing": 0.007015979999999996,
                                                            "result_set_size": 1894672,
                                                            "children": []
                                                        }
                                                    ]
                                                }
                                            ]
                                        }
                                    ]
                                }
                            ]
                        }
                    ]
                }
            ]
        }
    ]
}