{
    "rows_returned": 10,
    "query_name": "\nWITH RECURSIVE UserActivity AS (\n    SELECT \n        U.Id AS UserId,\n        U.DisplayName,\n        U.Reputation,\n        U.CreationDate,\n        U.LastAccessDate,\n        COUNT(P.Id) AS PostCount,\n        SUM(CASE WHEN P.Score > 0 THEN 1 ELSE 0 END) AS PositivePosts,\n        SUM(CASE WHEN P.Score < 0 THEN 1 ELSE 0 END) AS NegativePosts,\n        SUM(COALESCE(CM.Score, 0)) AS CommentScore\n    FROM \n        Users U\n    LEFT JOIN \n        Posts P ON U.Id = P.OwnerUserId\n    LEFT JOIN \n        Comments CM ON P.Id = CM.PostId\n    GROUP BY \n        U.Id, U.DisplayName, U.Reputation, U.CreationDate, U.LastAccessDate\n), \nActiveUsers AS (\n    SELECT \n        UA.UserId,\n        UA.DisplayName,\n        UA.Reputation,\n        UA.CreationDate,\n        UA.LastAccessDate,\n        UA.PostCount,\n        UA.PositivePosts,\n        UA.NegativePosts,\n        UA.CommentScore,\n        RANK() OVER (ORDER BY UA.Reputation DESC) AS ReputationRank\n    FROM \n        UserActivity UA\n    WHERE \n        UA.LastAccessDate >= CAST('2024-10-01 12:34:56' AS TIMESTAMP) - INTERVAL '1 year'\n)\nSELECT \n    A.UserId,\n    A.DisplayName,\n    A.Reputation,\n    A.PostCount,\n    A.PositivePosts,\n    A.NegativePosts,\n    A.CommentScore,\n    COALESCE(SUM(B.Id), 0) AS BadgeCount,\n    CASE \n        WHEN A.Reputation > 1000 THEN 'High Reputation'\n        WHEN A.Reputation BETWEEN 500 AND 1000 THEN 'Medium Reputation'\n        ELSE 'Low Reputation'\n    END AS ReputationCategory\nFROM \n    ActiveUsers A\nLEFT JOIN \n    Badges B ON A.UserId = B.UserId\nWHERE \n    A.PostCount > 5\nGROUP BY \n    A.UserId, A.DisplayName, A.Reputation, A.PostCount, A.PositivePosts, A.NegativePosts, A.CommentScore\nHAVING \n    AVG(A.CommentScore) > 0\nORDER BY \n    A.Reputation DESC\nLIMIT 10 OFFSET 0;\n",
    "blocked_thread_time": 0.0,
    "cpu_time": 1.7442697849999989,
    "extra_info": {},
    "cumulative_cardinality": 38947656,
    "cumulative_rows_scanned": 14674372,
    "result_set_size": 1120,
    "latency": 1.907490796,
    "children": [
        {
            "operator_name": "STREAMING_LIMIT",
            "cpu_time": 1.7442697849999989,
            "extra_info": {},
            "cumulative_cardinality": 38947656,
            "operator_type": "STREAMING_LIMIT",
            "operator_cardinality": 10,
            "cumulative_rows_scanned": 14674372,
            "operator_rows_scanned": 0,
            "operator_timing": 0.000001302,
            "result_set_size": 1120,
            "children": [
                {
                    "operator_name": "ORDER_BY",
                    "cpu_time": 1.7442684829999988,
                    "extra_info": {
                        "Order By": "A.Reputation DESC"
                    },
                    "cumulative_cardinality": 38947646,
                    "operator_type": "ORDER_BY",
                    "operator_cardinality": 4096,
                    "cumulative_rows_scanned": 14674372,
                    "operator_rows_scanned": 0,
                    "operator_timing": 0.0023040160000000007,
                    "result_set_size": 458752,
                    "children": [
                        {
                            "operator_name": "PROJECTION",
                            "cpu_time": 1.7419644669999987,
                            "extra_info": {
                                "Projections": [
                                    "UserId",
                                    "displayname",
                                    "reputation",
                                    "PostCount",
                                    "PositivePosts",
                                    "NegativePosts",
                                    "CommentScore",
                                    "BadgeCount",
                                    "ReputationCategory"
                                ],
                                "Estimated Cardinality": "252142"
                            },
                            "cumulative_cardinality": 38943550,
                            "operator_type": "PROJECTION",
                            "operator_cardinality": 42665,
                            "cumulative_rows_scanned": 14674372,
                            "operator_rows_scanned": 0,
                            "operator_timing": 0.001117017,
                            "result_set_size": 4778480,
                            "children": [
                                {
                                    "operator_name": "FILTER",
                                    "cpu_time": 1.7408474499999986,
                                    "extra_info": {
                                        "Expression": "(avg(CommentScore) > 0.0)",
                                        "Estimated Cardinality": "252142"
                                    },
                                    "cumulative_cardinality": 38900885,
                                    "operator_type": "FILTER",
                                    "operator_cardinality": 42665,
                                    "cumulative_rows_scanned": 14674372,
                                    "operator_rows_scanned": 0,
                                    "operator_timing": 0.00037228300000000005,
                                    "result_set_size": 4437160,
                                    "children": [
                                        {
                                            "operator_name": "HASH_GROUP_BY",
                                            "cpu_time": 1.7404751669999987,
                                            "extra_info": {
                                                "Groups": [
                                                    "#0",
                                                    "#1",
                                                    "#2",
                                                    "#3",
                                                    "#4",
                                                    "#5",
                                                    "#6"
                                                ],
                                                "Aggregates": [
                                                    "avg(#7)",
                                                    "sum(#8)"
                                                ],
                                                "Estimated Cardinality": "1260710"
                                            },
                                            "cumulative_cardinality": 38858220,
                                            "operator_type": "HASH_GROUP_BY",
                                            "operator_cardinality": 46883,
                                            "cumulative_rows_scanned": 14674372,
                                            "operator_rows_scanned": 0,
                                            "operator_timing": 0.061549933000000064,
                                            "result_set_size": 4875832,
                                            "children": [
                                                {
                                                    "operator_name": "PROJECTION",
                                                    "cpu_time": 1.6789252339999987,
                                                    "extra_info": {
                                                        "Projections": [
                                                            "UserId",
                                                            "displayname",
                                                            "reputation",
                                                            "PostCount",
                                                            "PositivePosts",
                                                            "NegativePosts",
                                                            "CommentScore",
                                                            "CommentScore",
                                                            "id"
                                                        ],
                                                        "Estimated Cardinality": "2321724"
                                                    },
                                                    "cumulative_cardinality": 38811337,
                                                    "operator_type": "PROJECTION",
                                                    "operator_cardinality": 785037,
                                                    "cumulative_rows_scanned": 14674372,
                                                    "operator_rows_scanned": 0,
                                                    "operator_timing": 0.0005400619999999994,
                                                    "result_set_size": 78503700,
                                                    "children": [
                                                        {
                                                            "operator_name": "HASH_JOIN",
                                                            "cpu_time": 1.6783851719999987,
                                                            "extra_info": {
                                                                "Join Type": "RIGHT",
                                                                "Conditions": "userid = UserId",
                                                                "Estimated Cardinality": "2321724"
                                                            },
                                                            "cumulative_cardinality": 38026300,
                                                            "operator_type": "HASH_JOIN",
                                                            "operator_cardinality": 785037,
                                                            "cumulative_rows_scanned": 14674372,
                                                            "operator_rows_scanned": 0,
                                                            "operator_timing": 0.05839518599999998,
                                                            "result_set_size": 65943108,
                                                            "children": [
                                                                {
                                                                    "operator_name": "READ_PARQUET ",
                                                                    "cpu_time": 0.041524972,
                                                                    "extra_info": {
                                                                        "Function": "READ_PARQUET",
                                                                        "Projections": [
                                                                            "id",
                                                                            "userid"
                                                                        ],
                                                                        "Estimated Cardinality": "2321724"
                                                                    },
                                                                    "cumulative_cardinality": 2321714,
                                                                    "operator_type": "TABLE_SCAN",
                                                                    "operator_cardinality": 2321714,
                                                                    "cumulative_rows_scanned": 2321724,
                                                                    "operator_rows_scanned": 2321724,
                                                                    "operator_timing": 0.041524972,
                                                                    "result_set_size": 18573712,
                                                                    "children": []
                                                                },
                                                                {
                                                                    "operator_name": "PROJECTION",
                                                                    "cpu_time": 1.5784650139999987,
                                                                    "extra_info": {
                                                                        "Projections": [
                                                                            "#0",
                                                                            "#1",
                                                                            "#2",
                                                                            "#3",
                                                                            "#4",
                                                                            "#5",
                                                                            "#6"
                                                                        ],
                                                                        "Estimated Cardinality": "252142"
                                                                    },
                                                                    "cumulative_cardinality": 34919549,
                                                                    "operator_type": "PROJECTION",
                                                                    "operator_cardinality": 46883,
                                                                    "cumulative_rows_scanned": 12352648,
                                                                    "operator_rows_scanned": 0,
                                                                    "operator_timing": 0.00001649100000000001,
                                                                    "result_set_size": 3750640,
                                                                    "children": [
                                                                        {
                                                                            "operator_name": "FILTER",
                                                                            "cpu_time": 1.5784485229999987,
                                                                            "extra_info": {
                                                                                "Expression": "(PostCount > 5)",
                                                                                "Estimated Cardinality": "252142"
                                                                            },
                                                                            "cumulative_cardinality": 34872666,
                                                                            "operator_type": "FILTER",
                                                                            "operator_cardinality": 46883,
                                                                            "cumulative_rows_scanned": 12352648,
                                                                            "operator_rows_scanned": 0,
                                                                            "operator_timing": 0.0010995289999999995,
                                                                            "result_set_size": 4125704,
                                                                            "children": [
                                                                                {
                                                                                    "operator_name": "PROJECTION",
                                                                                    "cpu_time": 1.5773489939999987,
                                                                                    "extra_info": {
                                                                                        "Projections": [
                                                                                            "#0",
                                                                                            "#1",
                                                                                            "#2",
                                                                                            "#3",
                                                                                            "#4",
                                                                                            "#5",
                                                                                            "#6",
                                                                                            "#7"
                                                                                        ],
                                                                                        "Estimated Cardinality": "1260710"
                                                                                    },
                                                                                    "cumulative_cardinality": 34825783,
                                                                                    "operator_type": "PROJECTION",
                                                                                    "operator_cardinality": 323743,
                                                                                    "cumulative_rows_scanned": 12352648,
                                                                                    "operator_rows_scanned": 0,
                                                                                    "operator_timing": 0.00005248000000000001,
                                                                                    "result_set_size": 28489384,
                                                                                    "children": [
                                                                                        {
                                                                                            "operator_name": "WINDOW",
                                                                                            "cpu_time": 1.5772965139999988,
                                                                                            "extra_info": {
                                                                                                "Projections": "RANK() OVER (ORDER BY reputation DESC NULLS LAST)"
                                                                                            },
                                                                                            "cumulative_cardinality": 34502040,
                                                                                            "operator_type": "WINDOW",
                                                                                            "operator_cardinality": 323743,
                                                                                            "cumulative_rows_scanned": 12352648,
                                                                                            "operator_rows_scanned": 0,
                                                                                            "operator_timing": 0.024470093999999998,
                                                                                            "result_set_size": 28489384,
                                                                                            "children": [
                                                                                                {
                                                                                                    "operator_name": "PROJECTION",
                                                                                                    "cpu_time": 1.5528264199999988,
                                                                                                    "extra_info": {
                                                                                                        "Projections": [
                                                                                                            "UserId",
                                                                                                            "displayname",
                                                                                                            "reputation",
                                                                                                            "PostCount",
                                                                                                            "PositivePosts",
                                                                                                            "NegativePosts",
                                                                                                            "CommentScore"
                                                                                                        ],
                                                                                                        "Estimated Cardinality": "1260710"
                                                                                                    },
                                                                                                    "cumulative_cardinality": 34178297,
                                                                                                    "operator_type": "PROJECTION",
                                                                                                    "operator_cardinality": 323743,
                                                                                                    "cumulative_rows_scanned": 12352648,
                                                                                                    "operator_rows_scanned": 0,
                                                                                                    "operator_timing": 0.000051296000000000005,
                                                                                                    "result_set_size": 25899440,
                                                                                                    "children": [
                                                                                                        {
                                                                                                            "operator_name": "HASH_GROUP_BY",
                                                                                                            "cpu_time": 1.5527751239999987,
                                                                                                            "extra_info": {
                                                                                                                "Groups": [
                                                                                                                    "#0",
                                                                                                                    "#1",
                                                                                                                    "#2",
                                                                                                                    "#3",
                                                                                                                    "#4"
                                                                                                                ],
                                                                                                                "Aggregates": [
                                                                                                                    "count(#5)",
                                                                                                                    "sum(#6)",
                                                                                                                    "sum(#7)",
                                                                                                                    "sum(#8)"
                                                                                                                ],
                                                                                                                "Estimated Cardinality": "1260710"
                                                                                                            },
                                                                                                            "cumulative_cardinality": 33854554,
                                                                                                            "operator_type": "HASH_GROUP_BY",
                                                                                                            "operator_cardinality": 323743,
                                                                                                            "cumulative_rows_scanned": 12352648,
                                                                                                            "operator_rows_scanned": 0,
                                                                                                            "operator_timing": 0.38307132499999985,
                                                                                                            "result_set_size": 31079328,
                                                                                                            "children": [
                                                                                                                {
                                                                                                                    "operator_name": "PROJECTION",
                                                                                                                    "cpu_time": 1.1697037989999988,
                                                                                                                    "extra_info": {
                                                                                                                        "Projections": [
                                                                                                                            "id",
                                                                                                                            "displayname",
                                                                                                                            "reputation",
                                                                                                                            "creationdate",
                                                                                                                            "lastaccessdate",
                                                                                                                            "id",
                                                                                                                            "CASE  WHEN ((score > 0)) THEN (1) ELSE 0 END",
                                                                                                                            "CASE  WHEN ((score < 0)) THEN (1) ELSE 0 END",
                                                                                                                            "COALESCE(score, 0)"
                                                                                                                        ],
                                                                                                                        "Estimated Cardinality": "7241822"
                                                                                                                    },
                                                                                                                    "cumulative_cardinality": 33530811,
                                                                                                                    "operator_type": "PROJECTION",
                                                                                                                    "operator_cardinality": 5675758,
                                                                                                                    "cumulative_rows_scanned": 12352648,
                                                                                                                    "operator_rows_scanned": 0,
                                                                                                                    "operator_timing": 0.08686084300000002,
                                                                                                                    "result_set_size": 317842448,
                                                                                                                    "children": [
                                                                                                                        {
                                                                                                                            "operator_name": "PROJECTION",
                                                                                                                            "cpu_time": 1.0828429559999988,
                                                                                                                            "extra_info": {
                                                                                                                                "Projections": [
                                                                                                                                    "#0",
                                                                                                                                    "#1",
                                                                                                                                    "__internal_decompress_integral_integer(#2, -72)",
                                                                                                                                    "#3",
                                                                                                                                    "#4",
                                                                                                                                    "#5",
                                                                                                                                    "#6",
                                                                                                                                    "#7"
                                                                                                                                ],
                                                                                                                                "Estimated Cardinality": "7241822"
                                                                                                                            },
                                                                                                                            "cumulative_cardinality": 27855053,
                                                                                                                            "operator_type": "PROJECTION",
                                                                                                                            "operator_cardinality": 5675758,
                                                                                                                            "cumulative_rows_scanned": 12352648,
                                                                                                                            "operator_rows_scanned": 0,
                                                                                                                            "operator_timing": 0.004122325000000007,
                                                                                                                            "result_set_size": 295139416,
                                                                                                                            "children": [
                                                                                                                                {
                                                                                                                                    "operator_name": "HASH_JOIN",
                                                                                                                                    "cpu_time": 1.0787206309999988,
                                                                                                                                    "extra_info": {
                                                                                                                                        "Join Type": "RIGHT",
                                                                                                                                        "Conditions": "postid = id",
                                                                                                                                        "Estimated Cardinality": "7241822"
                                                                                                                                    },
                                                                                                                                    "cumulative_cardinality": 22179295,
                                                                                                                                    "operator_type": "HASH_JOIN",
                                                                                                                                    "operator_cardinality": 5675758,
                                                                                                                                    "cumulative_rows_scanned": 12352648,
                                                                                                                                    "operator_rows_scanned": 0,
                                                                                                                                    "operator_timing": 0.5557860929999993,
                                                                                                                                    "result_set_size": 283787900,
                                                                                                                                    "children": [
                                                                                                                                        {
                                                                                                                                            "operator_name": "READ_PARQUET ",
                                                                                                                                            "cpu_time": 0.13998722399999985,
                                                                                                                                            "extra_info": {
                                                                                                                                                "Function": "READ_PARQUET",
                                                                                                                                                "Projections": [
                                                                                                                                                    "postid",
                                                                                                                                                    "score"
                                                                                                                                                ],
                                                                                                                                                "Estimated Cardinality": "7241822"
                                                                                                                                            },
                                                                                                                                            "cumulative_cardinality": 7241822,
                                                                                                                                            "operator_type": "TABLE_SCAN",
                                                                                                                                            "operator_cardinality": 7241822,
                                                                                                                                            "cumulative_rows_scanned": 7241822,
                                                                                                                                            "operator_rows_scanned": 7241822,
                                                                                                                                            "operator_timing": 0.13998722399999985,
                                                                                                                                            "result_set_size": 57934576,
                                                                                                                                            "children": []
                                                                                                                                        },
                                                                                                                                        {
                                                                                                                                            "operator_name": "PROJECTION",
                                                                                                                                            "cpu_time": 0.38294731399999965,
                                                                                                                                            "extra_info": {
                                                                                                                                                "Projections": [
                                                                                                                                                    "#0",
                                                                                                                                                    "__internal_compress_integral_usmallint(#1, -72)",
                                                                                                                                                    "#2",
                                                                                                                                                    "#3",
                                                                                                                                                    "#4",
                                                                                                                                                    "#5",
                                                                                                                                                    "#6"
                                                                                                                                                ],
                                                                                                                                                "Estimated Cardinality": "3850116"
                                                                                                                                            },
                                                                                                                                            "cumulative_cardinality": 9261715,
                                                                                                                                            "operator_type": "PROJECTION",
                                                                                                                                            "operator_cardinality": 2626577,
                                                                                                                                            "cumulative_rows_scanned": 5110826,
                                                                                                                                            "operator_rows_scanned": 0,
                                                                                                                                            "operator_timing": 0.002435656000000004,
                                                                                                                                            "result_set_size": 120822542,
                                                                                                                                            "children": [
                                                                                                                                                {
                                                                                                                                                    "operator_name": "HASH_JOIN",
                                                                                                                                                    "cpu_time": 0.38051165799999964,
                                                                                                                                                    "extra_info": {
                                                                                                                                                        "Join Type": "RIGHT",
                                                                                                                                                        "Conditions": "owneruserid = id",
                                                                                                                                                        "Estimated Cardinality": "3850116"
                                                                                                                                                    },
                                                                                                                                                    "cumulative_cardinality": 6635138,
                                                                                                                                                    "operator_type": "HASH_JOIN",
                                                                                                                                                    "operator_cardinality": 2626577,
                                                                                                                                                    "cumulative_rows_scanned": 5110826,
                                                                                                                                                    "operator_rows_scanned": 0,
                                                                                                                                                    "operator_timing": 0.16449440199999968,
                                                                                                                                                    "result_set_size": 126075696,
                                                                                                                                                    "children": [
                                                                                                                                                        {
                                                                                                                                                            "operator_name": "READ_PARQUET ",
                                                                                                                                                            "cpu_time": 0.11765307999999994,
                                                                                                                                                            "extra_info": {
                                                                                                                                                                "Function": "READ_PARQUET",
                                                                                                                                                                "Projections": [
                                                                                                                                                                    "id",
                                                                                                                                                                    "score",
                                                                                                                                                                    "owneruserid"
                                                                                                                                                                ],
                                                                                                                                                                "Estimated Cardinality": "3850116"
                                                                                                                                                            },
                                                                                                                                                            "cumulative_cardinality": 3684818,
                                                                                                                                                            "operator_type": "TABLE_SCAN",
                                                                                                                                                            "operator_cardinality": 3684818,
                                                                                                                                                            "cumulative_rows_scanned": 3850116,
                                                                                                                                                            "operator_rows_scanned": 3850116,
                                                                                                                                                            "operator_timing": 0.11765307999999994,
                                                                                                                                                            "result_set_size": 44217816,
                                                                                                                                                            "children": []
                                                                                                                                                        },
                                                                                                                                                        {
                                                                                                                                                            "operator_name": "READ_PARQUET ",
                                                                                                                                                            "cpu_time": 0.09836417600000001,
                                                                                                                                                            "extra_info": {
                                                                                                                                                                "Function": "READ_PARQUET",
                                                                                                                                                                "Projections": [
                                                                                                                                                                    "id",
                                                                                                                                                                    "reputation",
                                                                                                                                                                    "creationdate",
                                                                                                                                                                    "displayname",
                                                                                                                                                                    "lastaccessdate"
                                                                                                                                                                ],
                                                                                                                                                                "Filters": "lastaccessdate>='2023-10-01 12:34:56'::TIMESTAMP",
                                                                                                                                                                "Estimated Cardinality": "252142"
                                                                                                                                                            },
                                                                                                                                                            "cumulative_cardinality": 323743,
                                                                                                                                                            "operator_type": "TABLE_SCAN",
                                                                                                                                                            "operator_cardinality": 323743,
                                                                                                                                                            "cumulative_rows_scanned": 1260710,
                                                                                                                                                            "operator_rows_scanned": 1260710,
                                                                                                                                                            "operator_timing": 0.09836417600000001,
                                                                                                                                                            "result_set_size": 12949720,
                                                                                                                                                            "children": []
                                                                                                                                                        }
                                                                                                                                                    ]
                                                                                                                                                }
                                                                                                                                            ]
                                                                                                                                        }
                                                                                                                                    ]
                                                                                                                                }
                                                                                                                            ]
                                                                                                                        }
                                                                                                                    ]
                                                                                                                }
                                                                                                            ]
                                                                                                        }
                                                                                                    ]
                                                                                                }
                                                                                            ]
                                                                                        }
                                                                                    ]
                                                                                }
                                                                            ]
                                                                        }
                                                                    ]
                                                                }
                                                            ]
                                                        }
                                                    ]
                                                }
                                            ]
                                        }
                                    ]
                                }
                            ]
                        }
                    ]
                }
            ]
        }
    ]
}