{
    "rows_returned": 10,
    "query_name": "WITH UserBadgeCounts AS (\n    SELECT \n        UserId,\n        COUNT(*) AS BadgeCount,\n        SUM(CASE \n            WHEN Class = 1 THEN 1 \n            ELSE 0 \n        END) AS GoldBadges,\n        SUM(CASE \n            WHEN Class = 2 THEN 1 \n            ELSE 0 \n        END) AS SilverBadges,\n        SUM(CASE \n            WHEN Class = 3 THEN 1 \n            ELSE 0 \n        END) AS BronzeBadges\n    FROM \n        Badges\n    GROUP BY \n        UserId\n),\nPostActivity AS (\n    SELECT \n        OwnerUserId,\n        COUNT(CASE WHEN PostTypeId = 1 THEN 1 END) AS QuestionsAsked,\n        COUNT(CASE WHEN PostTypeId = 2 THEN 1 END) AS AnswersGiven,\n        SUM(ViewCount) AS TotalViews,\n        SUM(Score) AS TotalScore\n    FROM \n        Posts\n    GROUP BY \n        OwnerUserId\n),\nRecentPostHistory AS (\n    SELECT \n        PostId,\n        UserId,\n        MAX(CreationDate) AS MostRecentEdit\n    FROM \n        PostHistory\n    GROUP BY \n        PostId, UserId\n),\nTopUsers AS (\n    SELECT \n        U.Id,\n        U.DisplayName,\n        U.Reputation,\n        COALESCE(UBC.BadgeCount, 0) AS BadgeCount,\n        COALESCE(PA.QuestionsAsked, 0) AS QuestionsAsked,\n        COALESCE(PA.AnswersGiven, 0) AS AnswersGiven,\n        COALESCE(PA.TotalViews, 0) AS TotalViews,\n        COALESCE(PA.TotalScore, 0) AS TotalScore,\n        CASE \n            WHEN U.LastAccessDate < cast('2024-10-01 12:34:56' as timestamp) - INTERVAL '1 year' THEN 'Inactive'\n            ELSE 'Active'\n        END AS UserStatus\n    FROM \n        Users U\n    LEFT JOIN \n        UserBadgeCounts UBC ON U.Id = UBC.UserId\n    LEFT JOIN \n        PostActivity PA ON U.Id = PA.OwnerUserId\n)\nSELECT \n    TU.DisplayName,\n    TU.Reputation,\n    TU.BadgeCount,\n    TU.QuestionsAsked,\n    TU.AnswersGiven,\n    TU.TotalViews,\n    TU.TotalScore,\n    TU.UserStatus,\n    ARRAY_AGG(RPH.UserId) AS RecentEditors\nFROM \n    TopUsers TU\nLEFT JOIN \n    RecentPostHistory RPH ON TU.Id = RPH.UserId\nGROUP BY \n    TU.DisplayName, TU.Reputation, TU.BadgeCount, TU.QuestionsAsked, TU.AnswersGiven, TU.TotalViews, TU.TotalScore, TU.UserStatus\nORDER BY \n    TU.Reputation DESC, TU.QuestionsAsked DESC\nLIMIT 10;",
    "blocked_thread_time": 0.0,
    "cpu_time": 3.0267388670000015,
    "extra_info": {},
    "cumulative_cardinality": 73616458,
    "cumulative_rows_scanned": 19227794,
    "result_set_size": 16786488,
    "latency": 3.551969385,
    "children": [
        {
            "operator_name": "STREAMING_LIMIT",
            "cpu_time": 3.0267388670000015,
            "extra_info": {},
            "cumulative_cardinality": 73616458,
            "operator_type": "STREAMING_LIMIT",
            "operator_cardinality": 10,
            "cumulative_rows_scanned": 19227794,
            "operator_rows_scanned": 0,
            "operator_timing": 0.000003547,
            "result_set_size": 16786488,
            "children": [
                {
                    "operator_name": "PROJECTION",
                    "cpu_time": 3.0267353200000016,
                    "extra_info": {
                        "Projections": [
                            "#0",
                            "#1",
                            "#2",
                            "#3",
                            "#4",
                            "#5",
                            "#6",
                            "__internal_decompress_string(#7)",
                            "#8"
                        ],
                        "Estimated Cardinality": "1260710"
                    },
                    "cumulative_cardinality": 73616448,
                    "operator_type": "PROJECTION",
                    "operator_cardinality": 4096,
                    "cumulative_rows_scanned": 19227794,
                    "operator_rows_scanned": 0,
                    "operator_timing": 0.000060553,
                    "result_set_size": 19316736,
                    "children": [
                        {
                            "operator_name": "ORDER_BY",
                            "cpu_time": 3.0266747670000016,
                            "extra_info": {
                                "Order By": [
                                    "TU.Reputation DESC",
                                    "TU.QuestionsAsked DESC"
                                ]
                            },
                            "cumulative_cardinality": 73612352,
                            "operator_type": "ORDER_BY",
                            "operator_cardinality": 4096,
                            "cumulative_rows_scanned": 19227794,
                            "operator_rows_scanned": 0,
                            "operator_timing": 0.2106770050000001,
                            "result_set_size": 19316736,
                            "children": [
                                {
                                    "operator_name": "PROJECTION",
                                    "cpu_time": 2.8159977620000016,
                                    "extra_info": {
                                        "Projections": [
                                            "#0",
                                            "#1",
                                            "#2",
                                            "#3",
                                            "#4",
                                            "#5",
                                            "#6",
                                            "__internal_compress_string_hugeint(#7)",
                                            "#8"
                                        ],
                                        "Estimated Cardinality": "1260710"
                                    },
                                    "cumulative_cardinality": 73608256,
                                    "operator_type": "PROJECTION",
                                    "operator_cardinality": 1187999,
                                    "cumulative_rows_scanned": 19227794,
                                    "operator_rows_scanned": 0,
                                    "operator_timing": 0.011303397000000036,
                                    "result_set_size": 163906324,
                                    "children": [
                                        {
                                            "operator_name": "PROJECTION",
                                            "cpu_time": 2.804694365000002,
                                            "extra_info": {
                                                "Projections": [
                                                    "#0",
                                                    "#1",
                                                    "#2",
                                                    "#3",
                                                    "#4",
                                                    "#5",
                                                    "#6",
                                                    "__internal_decompress_string(#7)",
                                                    "#8"
                                                ],
                                                "Estimated Cardinality": "1260710"
                                            },
                                            "cumulative_cardinality": 72420257,
                                            "operator_type": "PROJECTION",
                                            "operator_cardinality": 1187999,
                                            "cumulative_rows_scanned": 19227794,
                                            "operator_rows_scanned": 0,
                                            "operator_timing": 0.011050127999999989,
                                            "result_set_size": 163906324,
                                            "children": [
                                                {
                                                    "operator_name": "HASH_GROUP_BY",
                                                    "cpu_time": 2.793644237000002,
                                                    "extra_info": {
                                                        "Groups": [
                                                            "#0",
                                                            "#1",
                                                            "#2",
                                                            "#3",
                                                            "#4",
                                                            "#5",
                                                            "#6",
                                                            "#7"
                                                        ],
                                                        "Aggregates": "array_agg(#8)",
                                                        "Estimated Cardinality": "1260710"
                                                    },
                                                    "cumulative_cardinality": 71232258,
                                                    "operator_type": "HASH_GROUP_BY",
                                                    "operator_cardinality": 1187999,
                                                    "cumulative_rows_scanned": 19227794,
                                                    "operator_rows_scanned": 0,
                                                    "operator_timing": 0.7109729590000001,
                                                    "result_set_size": 163914516,
                                                    "children": [
                                                        {
                                                            "operator_name": "PROJECTION",
                                                            "cpu_time": 2.0826712780000016,
                                                            "extra_info": {
                                                                "Projections": [
                                                                    "displayname",
                                                                    "reputation",
                                                                    "BadgeCount",
                                                                    "QuestionsAsked",
                                                                    "AnswersGiven",
                                                                    "TotalViews",
                                                                    "TotalScore",
                                                                    "UserStatus",
                                                                    "userid"
                                                                ],
                                                                "Estimated Cardinality": "5897622"
                                                            },
                                                            "cumulative_cardinality": 70044259,
                                                            "operator_type": "PROJECTION",
                                                            "operator_cardinality": 5806188,
                                                            "cumulative_rows_scanned": 19227794,
                                                            "operator_rows_scanned": 0,
                                                            "operator_timing": 0.0013398389999999985,
                                                            "result_set_size": 557394048,
                                                            "children": [
                                                                {
                                                                    "operator_name": "PROJECTION",
                                                                    "cpu_time": 2.0813314390000017,
                                                                    "extra_info": {
                                                                        "Projections": [
                                                                            "#0",
                                                                            "#1",
                                                                            "#2",
                                                                            "#3",
                                                                            "#4",
                                                                            "#5",
                                                                            "#6",
                                                                            "__internal_compress_string_hugeint(#7)",
                                                                            "#8"
                                                                        ],
                                                                        "Estimated Cardinality": "5897622"
                                                                    },
                                                                    "cumulative_cardinality": 64238071,
                                                                    "operator_type": "PROJECTION",
                                                                    "operator_cardinality": 5806188,
                                                                    "cumulative_rows_scanned": 19227794,
                                                                    "operator_rows_scanned": 0,
                                                                    "operator_timing": 0.05536322700000015,
                                                                    "result_set_size": 557394048,
                                                                    "children": [
                                                                        {
                                                                            "operator_name": "HASH_JOIN",
                                                                            "cpu_time": 2.0259682120000018,
                                                                            "extra_info": {
                                                                                "Join Type": "LEFT",
                                                                                "Conditions": "id = userid",
                                                                                "Estimated Cardinality": "5897622"
                                                                            },
                                                                            "cumulative_cardinality": 58431883,
                                                                            "operator_type": "HASH_JOIN",
                                                                            "operator_cardinality": 5806188,
                                                                            "cumulative_rows_scanned": 19227794,
                                                                            "operator_rows_scanned": 0,
                                                                            "operator_timing": 0.383190351,
                                                                            "result_set_size": 557394048,
                                                                            "children": [
                                                                                {
                                                                                    "operator_name": "PROJECTION",
                                                                                    "cpu_time": 0.75317026,
                                                                                    "extra_info": {
                                                                                        "Projections": [
                                                                                            "id",
                                                                                            "displayname",
                                                                                            "reputation",
                                                                                            "BadgeCount",
                                                                                            "QuestionsAsked",
                                                                                            "AnswersGiven",
                                                                                            "TotalViews",
                                                                                            "TotalScore",
                                                                                            "UserStatus"
                                                                                        ],
                                                                                        "Estimated Cardinality": "1925058"
                                                                                    },
                                                                                    "cumulative_cardinality": 18307173,
                                                                                    "operator_type": "PROJECTION",
                                                                                    "operator_cardinality": 1260710,
                                                                                    "cumulative_rows_scanned": 7432550,
                                                                                    "operator_rows_scanned": 0,
                                                                                    "operator_timing": 0.045212314000000024,
                                                                                    "result_set_size": 121028160,
                                                                                    "children": [
                                                                                        {
                                                                                            "operator_name": "HASH_JOIN",
                                                                                            "cpu_time": 0.707957946,
                                                                                            "extra_info": {
                                                                                                "Join Type": "RIGHT",
                                                                                                "Conditions": "owneruserid = id",
                                                                                                "Estimated Cardinality": "1925058"
                                                                                            },
                                                                                            "cumulative_cardinality": 17046463,
                                                                                            "operator_type": "HASH_JOIN",
                                                                                            "operator_cardinality": 1260710,
                                                                                            "cumulative_rows_scanned": 7432550,
                                                                                            "operator_rows_scanned": 0,
                                                                                            "operator_timing": 0.14937527700000006,
                                                                                            "result_set_size": 110942480,
                                                                                            "children": [
                                                                                                {
                                                                                                    "operator_name": "HASH_GROUP_BY",
                                                                                                    "cpu_time": 0.30925042199999997,
                                                                                                    "extra_info": {
                                                                                                        "Groups": "#0",
                                                                                                        "Aggregates": [
                                                                                                            "count(#1)",
                                                                                                            "count(#2)",
                                                                                                            "sum(#3)",
                                                                                                            "sum(#4)"
                                                                                                        ],
                                                                                                        "Estimated Cardinality": "1925058"
                                                                                                    },
                                                                                                    "cumulative_cardinality": 8071864,
                                                                                                    "operator_type": "HASH_GROUP_BY",
                                                                                                    "operator_cardinality": 371632,
                                                                                                    "cumulative_rows_scanned": 3850116,
                                                                                                    "operator_rows_scanned": 0,
                                                                                                    "operator_timing": 0.17380957400000024,
                                                                                                    "result_set_size": 19324864,
                                                                                                    "children": [
                                                                                                        {
                                                                                                            "operator_name": "PROJECTION",
                                                                                                            "cpu_time": 0.13544084799999975,
                                                                                                            "extra_info": {
                                                                                                                "Projections": [
                                                                                                                    "owneruserid",
                                                                                                                    "CASE  WHEN ((posttypeid = 1)) THEN (1) ELSE NULL END",
                                                                                                                    "CASE  WHEN ((posttypeid = 2)) THEN (1) ELSE NULL END",
                                                                                                                    "viewcount",
                                                                                                                    "score"
                                                                                                                ],
                                                                                                                "Estimated Cardinality": "3850116"
                                                                                                            },
                                                                                                            "cumulative_cardinality": 7700232,
                                                                                                            "operator_type": "PROJECTION",
                                                                                                            "operator_cardinality": 3850116,
                                                                                                            "cumulative_rows_scanned": 3850116,
                                                                                                            "operator_rows_scanned": 0,
                                                                                                            "operator_timing": 0.05346378899999999,
                                                                                                            "result_set_size": 77002320,
                                                                                                            "children": [
                                                                                                                {
                                                                                                                    "operator_name": "READ_PARQUET ",
                                                                                                                    "cpu_time": 0.08197705899999976,
                                                                                                                    "extra_info": {
                                                                                                                        "Function": "READ_PARQUET",
                                                                                                                        "Projections": [
                                                                                                                            "posttypeid",
                                                                                                                            "score",
                                                                                                                            "viewcount",
                                                                                                                            "owneruserid"
                                                                                                                        ],
                                                                                                                        "Estimated Cardinality": "3850116"
                                                                                                                    },
                                                                                                                    "cumulative_cardinality": 3850116,
                                                                                                                    "operator_type": "TABLE_SCAN",
                                                                                                                    "operator_cardinality": 3850116,
                                                                                                                    "cumulative_rows_scanned": 3850116,
                                                                                                                    "operator_rows_scanned": 3850116,
                                                                                                                    "operator_timing": 0.08197705899999976,
                                                                                                                    "result_set_size": 53901624,
                                                                                                                    "children": []
                                                                                                                }
                                                                                                            ]
                                                                                                        }
                                                                                                    ]
                                                                                                },
                                                                                                {
                                                                                                    "operator_name": "HASH_JOIN",
                                                                                                    "cpu_time": 0.2493322469999999,
                                                                                                    "extra_info": {
                                                                                                        "Join Type": "LEFT",
                                                                                                        "Conditions": "id = userid",
                                                                                                        "Estimated Cardinality": "1260710"
                                                                                                    },
                                                                                                    "cumulative_cardinality": 7713889,
                                                                                                    "operator_type": "HASH_JOIN",
                                                                                                    "operator_cardinality": 1260710,
                                                                                                    "cumulative_rows_scanned": 3582434,
                                                                                                    "operator_rows_scanned": 0,
                                                                                                    "operator_timing": 0.07929341899999998,
                                                                                                    "result_set_size": 50428400,
                                                                                                    "children": [
                                                                                                        {
                                                                                                            "operator_name": "READ_PARQUET ",
                                                                                                            "cpu_time": 0.09719599699999992,
                                                                                                            "extra_info": {
                                                                                                                "Function": "READ_PARQUET",
                                                                                                                "Projections": [
                                                                                                                    "id",
                                                                                                                    "reputation",
                                                                                                                    "displayname",
                                                                                                                    "lastaccessdate"
                                                                                                                ],
                                                                                                                "Estimated Cardinality": "1260710"
                                                                                                            },
                                                                                                            "cumulative_cardinality": 1260710,
                                                                                                            "operator_type": "TABLE_SCAN",
                                                                                                            "operator_cardinality": 1260710,
                                                                                                            "cumulative_rows_scanned": 1260710,
                                                                                                            "operator_rows_scanned": 1260710,
                                                                                                            "operator_timing": 0.09719599699999992,
                                                                                                            "result_set_size": 40342720,
                                                                                                            "children": []
                                                                                                        },
                                                                                                        {
                                                                                                            "operator_name": "HASH_GROUP_BY",
                                                                                                            "cpu_time": 0.07284283099999998,
                                                                                                            "extra_info": {
                                                                                                                "Groups": "#0",
                                                                                                                "Aggregates": "count_star()",
                                                                                                                "Estimated Cardinality": "1160862"
                                                                                                            },
                                                                                                            "cumulative_cardinality": 5192469,
                                                                                                            "operator_type": "HASH_GROUP_BY",
                                                                                                            "operator_cardinality": 549021,
                                                                                                            "cumulative_rows_scanned": 2321724,
                                                                                                            "operator_rows_scanned": 0,
                                                                                                            "operator_timing": 0.060123785000000006,
                                                                                                            "result_set_size": 6588252,
                                                                                                            "children": [
                                                                                                                {
                                                                                                                    "operator_name": "PROJECTION",
                                                                                                                    "cpu_time": 0.012719045999999982,
                                                                                                                    "extra_info": {
                                                                                                                        "Projections": "userid",
                                                                                                                        "Estimated Cardinality": "2321724"
                                                                                                                    },
                                                                                                                    "cumulative_cardinality": 4643448,
                                                                                                                    "operator_type": "PROJECTION",
                                                                                                                    "operator_cardinality": 2321724,
                                                                                                                    "cumulative_rows_scanned": 2321724,
                                                                                                                    "operator_rows_scanned": 0,
                                                                                                                    "operator_timing": 0.00020541199999999933,
                                                                                                                    "result_set_size": 9286896,
                                                                                                                    "children": [
                                                                                                                        {
                                                                                                                            "operator_name": "READ_PARQUET ",
                                                                                                                            "cpu_time": 0.012513633999999984,
                                                                                                                            "extra_info": {
                                                                                                                                "Function": "READ_PARQUET",
                                                                                                                                "Projections": "userid",
                                                                                                                                "Estimated Cardinality": "2321724"
                                                                                                                            },
                                                                                                                            "cumulative_cardinality": 2321724,
                                                                                                                            "operator_type": "TABLE_SCAN",
                                                                                                                            "operator_cardinality": 2321724,
                                                                                                                            "cumulative_rows_scanned": 2321724,
                                                                                                                            "operator_rows_scanned": 2321724,
                                                                                                                            "operator_timing": 0.012513633999999984,
                                                                                                                            "result_set_size": 9286896,
                                                                                                                            "children": []
                                                                                                                        }
                                                                                                                    ]
                                                                                                                }
                                                                                                            ]
                                                                                                        }
                                                                                                    ]
                                                                                                }
                                                                                            ]
                                                                                        }
                                                                                    ]
                                                                                },
                                                                                {
                                                                                    "operator_name": "PROJECTION",
                                                                                    "cpu_time": 0.8896076010000019,
                                                                                    "extra_info": {
                                                                                        "Projections": "userid",
                                                                                        "Estimated Cardinality": "5897622"
                                                                                    },
                                                                                    "cumulative_cardinality": 34318522,
                                                                                    "operator_type": "PROJECTION",
                                                                                    "operator_cardinality": 5364017,
                                                                                    "cumulative_rows_scanned": 11795244,
                                                                                    "operator_rows_scanned": 0,
                                                                                    "operator_timing": 0.00030401099999999813,
                                                                                    "result_set_size": 21456068,
                                                                                    "children": [
                                                                                        {
                                                                                            "operator_name": "HASH_GROUP_BY",
                                                                                            "cpu_time": 0.8893035900000019,
                                                                                            "extra_info": {
                                                                                                "Groups": [
                                                                                                    "#0",
                                                                                                    "#1"
                                                                                                ],
                                                                                                "Aggregates": "",
                                                                                                "Estimated Cardinality": "5897622"
                                                                                            },
                                                                                            "cumulative_cardinality": 28954505,
                                                                                            "operator_type": "HASH_GROUP_BY",
                                                                                            "operator_cardinality": 5364017,
                                                                                            "cumulative_rows_scanned": 11795244,
                                                                                            "operator_rows_scanned": 0,
                                                                                            "operator_timing": 0.732576728000002,
                                                                                            "result_set_size": 42912136,
                                                                                            "children": [
                                                                                                {
                                                                                                    "operator_name": "PROJECTION",
                                                                                                    "cpu_time": 0.1567268619999999,
                                                                                                    "extra_info": {
                                                                                                        "Projections": [
                                                                                                            "postid",
                                                                                                            "userid"
                                                                                                        ],
                                                                                                        "Estimated Cardinality": "11795244"
                                                                                                    },
                                                                                                    "cumulative_cardinality": 23590488,
                                                                                                    "operator_type": "PROJECTION",
                                                                                                    "operator_cardinality": 11795244,
                                                                                                    "cumulative_rows_scanned": 11795244,
                                                                                                    "operator_rows_scanned": 0,
                                                                                                    "operator_timing": 0.0009838660000000032,
                                                                                                    "result_set_size": 94361952,
                                                                                                    "children": [
                                                                                                        {
                                                                                                            "operator_name": "READ_PARQUET ",
                                                                                                            "cpu_time": 0.1557429959999999,
                                                                                                            "extra_info": {
                                                                                                                "Function": "READ_PARQUET",
                                                                                                                "Projections": [
                                                                                                                    "postid",
                                                                                                                    "userid"
                                                                                                                ],
                                                                                                                "Estimated Cardinality": "11795244"
                                                                                                            },
                                                                                                            "cumulative_cardinality": 11795244,
                                                                                                            "operator_type": "TABLE_SCAN",
                                                                                                            "operator_cardinality": 11795244,
                                                                                                            "cumulative_rows_scanned": 11795244,
                                                                                                            "operator_rows_scanned": 11795244,
                                                                                                            "operator_timing": 0.1557429959999999,
                                                                                                            "result_set_size": 94361952,
                                                                                                            "children": []
                                                                                                        }
                                                                                                    ]
                                                                                                }
                                                                                            ]
                                                                                        }
                                                                                    ]
                                                                                }
                                                                            ]
                                                                        }
                                                                    ]
                                                                }
                                                            ]
                                                        }
                                                    ]
                                                }
                                            ]
                                        }
                                    ]
                                }
                            ]
                        }
                    ]
                }
            ]
        }
    ]
}