{
    "rows_returned": 2091969,
    "query_name": "\nWITH RECURSIVE PostHierarchy AS (\n    SELECT \n        p.Id AS PostId,\n        p.Title,\n        p.CreationDate,\n        p.PostTypeId,\n        p.AcceptedAnswerId,\n        1 AS Level\n    FROM \n        Posts p\n    WHERE \n        p.PostTypeId = 1 \n\n    UNION ALL\n\n    SELECT \n        a.Id AS PostId,\n        a.Title,\n        a.CreationDate,\n        a.PostTypeId,\n        a.ParentId,\n        h.Level + 1 AS Level\n    FROM \n        Posts AS a\n    JOIN \n        PostHierarchy h ON a.ParentId = h.PostId\n    WHERE \n        a.PostTypeId = 2 \n)\n\nSELECT \n    u.DisplayName,\n    u.Reputation,\n    p.Title AS QuestionTitle,\n    COUNT(c.Id) AS CommentCount,\n    AVG(v.BountyAmount) AS AverageBounty,\n    MAX(CASE WHEN bh.Class = 1 THEN 1 ELSE 0 END) AS GoldBadge,\n    MAX(CASE WHEN bh.Class = 2 THEN 1 ELSE 0 END) AS SilverBadge,\n    MAX(CASE WHEN bh.Class = 3 THEN 1 ELSE 0 END) AS BronzeBadge,\n    bh.Date AS BadgeDate,\n    p.CreationDate AS CreatedAt\nFROM \n    Users u\nLEFT JOIN \n    Posts p ON u.Id = p.OwnerUserId\nLEFT JOIN \n    Comments c ON p.Id = c.PostId\nLEFT JOIN \n    Votes v ON p.Id = v.PostId AND v.VoteTypeId IN (8, 9) \nLEFT JOIN \n    Badges bh ON u.Id = bh.UserId\nLEFT JOIN \n    (SELECT DISTINCT PostId FROM PostHistory PH WHERE PH.PostHistoryTypeId IN (10, 11)) PHFiltered ON p.Id = PHFiltered.PostId \nWHERE \n    p.CreationDate BETWEEN '2022-01-01' AND '2023-10-01'\nGROUP BY \n    u.DisplayName, u.Reputation, p.Title, bh.Date, p.CreationDate\nHAVING \n    COUNT(c.Id) > 5 \nORDER BY \n    u.Reputation DESC, CommentCount DESC;\n",
    "blocked_thread_time": 0.0,
    "cpu_time": 17.550576340000006,
    "extra_info": {},
    "cumulative_cardinality": 268081255,
    "cumulative_rows_scanned": 39213709,
    "result_set_size": 167357520,
    "latency": 21.756492243,
    "children": [
        {
            "operator_name": "ORDER_BY",
            "cpu_time": 17.550576340000006,
            "extra_info": {
                "Order By": [
                    "u.Reputation DESC",
                    "count(c.Id) DESC"
                ]
            },
            "cumulative_cardinality": 268081255,
            "operator_type": "ORDER_BY",
            "operator_cardinality": 2091969,
            "cumulative_rows_scanned": 39213709,
            "operator_rows_scanned": 0,
            "operator_timing": 0.26511548299999976,
            "result_set_size": 167357520,
            "children": [
                {
                    "operator_name": "PROJECTION",
                    "cpu_time": 17.285460857000007,
                    "extra_info": {
                        "Projections": [
                            "displayname",
                            "reputation",
                            "QuestionTitle",
                            "CommentCount",
                            "AverageBounty",
                            "GoldBadge",
                            "SilverBadge",
                            "BronzeBadge",
                            "BadgeDate",
                            "CreatedAt"
                        ],
                        "Estimated Cardinality": "770023"
                    },
                    "cumulative_cardinality": 265989286,
                    "operator_type": "PROJECTION",
                    "operator_cardinality": 2091969,
                    "cumulative_rows_scanned": 39213709,
                    "operator_rows_scanned": 0,
                    "operator_timing": 0.003241160999999957,
                    "result_set_size": 167357520,
                    "children": [
                        {
                            "operator_name": "FILTER",
                            "cpu_time": 17.28221969600001,
                            "extra_info": {
                                "Expression": "(count(id) > 5)",
                                "Estimated Cardinality": "770023"
                            },
                            "cumulative_cardinality": 263897317,
                            "operator_type": "FILTER",
                            "operator_cardinality": 2091969,
                            "cumulative_rows_scanned": 39213709,
                            "operator_rows_scanned": 0,
                            "operator_timing": 0.10422960800000038,
                            "result_set_size": 167357520,
                            "children": [
                                {
                                    "operator_name": "HASH_GROUP_BY",
                                    "cpu_time": 17.17799008800001,
                                    "extra_info": {
                                        "Groups": [
                                            "#0",
                                            "#1",
                                            "#2",
                                            "#3",
                                            "#4"
                                        ],
                                        "Aggregates": [
                                            "count(#5)",
                                            "avg(#6)",
                                            "max(#7)",
                                            "max(#8)",
                                            "max(#9)"
                                        ],
                                        "Estimated Cardinality": "3850116"
                                    },
                                    "cumulative_cardinality": 261805348,
                                    "operator_type": "HASH_GROUP_BY",
                                    "operator_cardinality": 25132602,
                                    "cumulative_rows_scanned": 39213709,
                                    "operator_rows_scanned": 0,
                                    "operator_timing": 13.179736119000008,
                                    "result_set_size": 2010608160,
                                    "children": [
                                        {
                                            "operator_name": "PROJECTION",
                                            "cpu_time": 3.9982539690000007,
                                            "extra_info": {
                                                "Projections": [
                                                    "displayname",
                                                    "reputation",
                                                    "title",
                                                    "date",
                                                    "creationdate",
                                                    "id",
                                                    "bountyamount",
                                                    "CASE  WHEN ((class = 1)) THEN (1) ELSE 0 END",
                                                    "CASE  WHEN ((class = 2)) THEN (1) ELSE 0 END",
                                                    "CASE  WHEN ((class = 3)) THEN (1) ELSE 0 END"
                                                ],
                                                "Estimated Cardinality": "7241822"
                                            },
                                            "cumulative_cardinality": 236672746,
                                            "operator_type": "PROJECTION",
                                            "operator_cardinality": 56699798,
                                            "cumulative_rows_scanned": 39213709,
                                            "operator_rows_scanned": 0,
                                            "operator_timing": 0.6145732690000001,
                                            "result_set_size": 4082385456,
                                            "children": [
                                                {
                                                    "operator_name": "HASH_JOIN",
                                                    "cpu_time": 3.3836807000000007,
                                                    "extra_info": {
                                                        "Join Type": "LEFT",
                                                        "Conditions": "id = postid",
                                                        "Estimated Cardinality": "7241822"
                                                    },
                                                    "cumulative_cardinality": 179972948,
                                                    "operator_type": "HASH_JOIN",
                                                    "operator_cardinality": 56699798,
                                                    "cumulative_rows_scanned": 39213709,
                                                    "operator_rows_scanned": 0,
                                                    "operator_timing": 1.08102286,
                                                    "result_set_size": 3742186668,
                                                    "children": [
                                                        {
                                                            "operator_name": "PROJECTION",
                                                            "cpu_time": 2.1021171330000006,
                                                            "extra_info": {
                                                                "Projections": [
                                                                    "#1",
                                                                    "#2",
                                                                    "#3",
                                                                    "#4",
                                                                    "#5",
                                                                    "#0",
                                                                    "#6",
                                                                    "#7",
                                                                    "__internal_decompress_integral_smallint(#8, 1)"
                                                                ],
                                                                "Estimated Cardinality": "7241822"
                                                            },
                                                            "cumulative_cardinality": 122889695,
                                                            "operator_type": "PROJECTION",
                                                            "operator_cardinality": 56699798,
                                                            "cumulative_rows_scanned": 27418465,
                                                            "operator_rows_scanned": 0,
                                                            "operator_timing": 0.11739350000000023,
                                                            "result_set_size": 3742186668,
                                                            "children": [
                                                                {
                                                                    "operator_name": "HASH_JOIN",
                                                                    "cpu_time": 1.9847236330000002,
                                                                    "extra_info": {
                                                                        "Join Type": "LEFT",
                                                                        "Conditions": "id = userid",
                                                                        "Estimated Cardinality": "7241822"
                                                                    },
                                                                    "cumulative_cardinality": 66189897,
                                                                    "operator_type": "HASH_JOIN",
                                                                    "operator_cardinality": 56699798,
                                                                    "cumulative_rows_scanned": 27418465,
                                                                    "operator_rows_scanned": 0,
                                                                    "operator_timing": 1.2916737280000004,
                                                                    "result_set_size": 3685486870,
                                                                    "children": [
                                                                        {
                                                                            "operator_name": "PROJECTION",
                                                                            "cpu_time": 0.6443992629999997,
                                                                            "extra_info": {
                                                                                "Projections": [
                                                                                    "#0",
                                                                                    "#1",
                                                                                    "#2",
                                                                                    "#3",
                                                                                    "#4",
                                                                                    "#5",
                                                                                    "#6",
                                                                                    "__internal_decompress_integral_integer(#7, 0)"
                                                                                ],
                                                                                "Estimated Cardinality": "7241822"
                                                                            },
                                                                            "cumulative_cardinality": 4846651,
                                                                            "operator_type": "PROJECTION",
                                                                            "operator_cardinality": 750815,
                                                                            "cumulative_rows_scanned": 25096741,
                                                                            "operator_rows_scanned": 0,
                                                                            "operator_timing": 0.0031538539999999993,
                                                                            "result_set_size": 45048900,
                                                                            "children": [
                                                                                {
                                                                                    "operator_name": "HASH_JOIN",
                                                                                    "cpu_time": 0.6412454089999997,
                                                                                    "extra_info": {
                                                                                        "Join Type": "LEFT",
                                                                                        "Conditions": "id = postid",
                                                                                        "Estimated Cardinality": "7241822"
                                                                                    },
                                                                                    "cumulative_cardinality": 4095836,
                                                                                    "operator_type": "HASH_JOIN",
                                                                                    "operator_cardinality": 750815,
                                                                                    "cumulative_rows_scanned": 25096741,
                                                                                    "operator_rows_scanned": 0,
                                                                                    "operator_timing": 0.05871358499999995,
                                                                                    "result_set_size": 43547270,
                                                                                    "children": [
                                                                                        {
                                                                                            "operator_name": "HASH_JOIN",
                                                                                            "cpu_time": 0.36021360299999994,
                                                                                            "extra_info": {
                                                                                                "Join Type": "RIGHT",
                                                                                                "Conditions": "postid = id",
                                                                                                "Estimated Cardinality": "7241822"
                                                                                            },
                                                                                            "cumulative_cardinality": 3184925,
                                                                                            "operator_type": "HASH_JOIN",
                                                                                            "operator_cardinality": 741664,
                                                                                            "cumulative_rows_scanned": 12352648,
                                                                                            "operator_rows_scanned": 0,
                                                                                            "operator_timing": 0.09193493499999994,
                                                                                            "result_set_size": 41533184,
                                                                                            "children": [
                                                                                                {
                                                                                                    "operator_name": "READ_PARQUET ",
                                                                                                    "cpu_time": 0.034672329,
                                                                                                    "extra_info": {
                                                                                                        "Function": "READ_PARQUET",
                                                                                                        "Projections": [
                                                                                                            "id",
                                                                                                            "postid"
                                                                                                        ],
                                                                                                        "Estimated Cardinality": "7241822"
                                                                                                    },
                                                                                                    "cumulative_cardinality": 650627,
                                                                                                    "operator_type": "TABLE_SCAN",
                                                                                                    "operator_cardinality": 650627,
                                                                                                    "cumulative_rows_scanned": 7241822,
                                                                                                    "operator_rows_scanned": 7241822,
                                                                                                    "operator_timing": 0.034672329,
                                                                                                    "result_set_size": 5205016,
                                                                                                    "children": []
                                                                                                },
                                                                                                {
                                                                                                    "operator_name": "HASH_JOIN",
                                                                                                    "cpu_time": 0.233606339,
                                                                                                    "extra_info": {
                                                                                                        "Join Type": "INNER",
                                                                                                        "Conditions": "id = owneruserid",
                                                                                                        "Estimated Cardinality": "770023"
                                                                                                    },
                                                                                                    "cumulative_cardinality": 1792634,
                                                                                                    "operator_type": "HASH_JOIN",
                                                                                                    "operator_cardinality": 296868,
                                                                                                    "cumulative_rows_scanned": 5110826,
                                                                                                    "operator_rows_scanned": 0,
                                                                                                    "operator_timing": 0.07333515199999997,
                                                                                                    "result_set_size": 15437136,
                                                                                                    "children": [
                                                                                                        {
                                                                                                            "operator_name": "READ_PARQUET ",
                                                                                                            "cpu_time": 0.09708921700000005,
                                                                                                            "extra_info": {
                                                                                                                "Function": "READ_PARQUET",
                                                                                                                "Projections": [
                                                                                                                    "id",
                                                                                                                    "reputation",
                                                                                                                    "displayname"
                                                                                                                ],
                                                                                                                "Filters": "id<=1416539",
                                                                                                                "Estimated Cardinality": "1260710"
                                                                                                            },
                                                                                                            "cumulative_cardinality": 1191975,
                                                                                                            "operator_type": "TABLE_SCAN",
                                                                                                            "operator_cardinality": 1191975,
                                                                                                            "cumulative_rows_scanned": 1260710,
                                                                                                            "operator_rows_scanned": 1260710,
                                                                                                            "operator_timing": 0.09708921700000005,
                                                                                                            "result_set_size": 28607400,
                                                                                                            "children": []
                                                                                                        },
                                                                                                        {
                                                                                                            "operator_name": "READ_PARQUET ",
                                                                                                            "cpu_time": 0.06318196999999998,
                                                                                                            "extra_info": {
                                                                                                                "Function": "READ_PARQUET",
                                                                                                                "Projections": [
                                                                                                                    "id",
                                                                                                                    "creationdate",
                                                                                                                    "owneruserid",
                                                                                                                    "title"
                                                                                                                ],
                                                                                                                "Filters": "creationdate>='2022-01-01 00:00:00'::TIMESTAMP AND creationdate<='2023-10-01 00:00:00'::TIMESTAMP",
                                                                                                                "Estimated Cardinality": "770023"
                                                                                                            },
                                                                                                            "cumulative_cardinality": 303791,
                                                                                                            "operator_type": "TABLE_SCAN",
                                                                                                            "operator_cardinality": 303791,
                                                                                                            "cumulative_rows_scanned": 3850116,
                                                                                                            "operator_rows_scanned": 3850116,
                                                                                                            "operator_timing": 0.06318196999999998,
                                                                                                            "result_set_size": 9721312,
                                                                                                            "children": []
                                                                                                        }
                                                                                                    ]
                                                                                                }
                                                                                            ]
                                                                                        },
                                                                                        {
                                                                                            "operator_name": "PROJECTION",
                                                                                            "cpu_time": 0.22231822099999984,
                                                                                            "extra_info": {
                                                                                                "Projections": [
                                                                                                    "#0",
                                                                                                    "__internal_compress_integral_usmallint(#1, 0)"
                                                                                                ],
                                                                                                "Estimated Cardinality": "2548818"
                                                                                            },
                                                                                            "cumulative_cardinality": 160096,
                                                                                            "operator_type": "PROJECTION",
                                                                                            "operator_cardinality": 80048,
                                                                                            "cumulative_rows_scanned": 12744093,
                                                                                            "operator_rows_scanned": 0,
                                                                                            "operator_timing": 0.0033984549999999847,
                                                                                            "result_set_size": 480288,
                                                                                            "children": [
                                                                                                {
                                                                                                    "operator_name": "READ_PARQUET ",
                                                                                                    "cpu_time": 0.21891976599999985,
                                                                                                    "extra_info": {
                                                                                                        "Function": "READ_PARQUET",
                                                                                                        "Projections": [
                                                                                                            "postid",
                                                                                                            "bountyamount"
                                                                                                        ],
                                                                                                        "Filters": "votetypeid>=8 AND votetypeid<=9",
                                                                                                        "Estimated Cardinality": "2548818"
                                                                                                    },
                                                                                                    "cumulative_cardinality": 80048,
                                                                                                    "operator_type": "TABLE_SCAN",
                                                                                                    "operator_cardinality": 80048,
                                                                                                    "cumulative_rows_scanned": 12744093,
                                                                                                    "operator_rows_scanned": 12744093,
                                                                                                    "operator_timing": 0.21891976599999985,
                                                                                                    "result_set_size": 640384,
                                                                                                    "children": []
                                                                                                }
                                                                                            ]
                                                                                        }
                                                                                    ]
                                                                                }
                                                                            ]
                                                                        },
                                                                        {
                                                                            "operator_name": "PROJECTION",
                                                                            "cpu_time": 0.04865064200000008,
                                                                            "extra_info": {
                                                                                "Projections": [
                                                                                    "#0",
                                                                                    "#1",
                                                                                    "__internal_compress_integral_utinyint(#2, 1)"
                                                                                ],
                                                                                "Estimated Cardinality": "2321724"
                                                                            },
                                                                            "cumulative_cardinality": 4643448,
                                                                            "operator_type": "PROJECTION",
                                                                            "operator_cardinality": 2321724,
                                                                            "cumulative_rows_scanned": 2321724,
                                                                            "operator_rows_scanned": 0,
                                                                            "operator_timing": 0.0006800470000000017,
                                                                            "result_set_size": 30182412,
                                                                            "children": [
                                                                                {
                                                                                    "operator_name": "READ_PARQUET ",
                                                                                    "cpu_time": 0.047970595000000074,
                                                                                    "extra_info": {
                                                                                        "Function": "READ_PARQUET",
                                                                                        "Projections": [
                                                                                            "userid",
                                                                                            "date",
                                                                                            "class"
                                                                                        ],
                                                                                        "Estimated Cardinality": "2321724"
                                                                                    },
                                                                                    "cumulative_cardinality": 2321724,
                                                                                    "operator_type": "TABLE_SCAN",
                                                                                    "operator_cardinality": 2321724,
                                                                                    "cumulative_rows_scanned": 2321724,
                                                                                    "operator_rows_scanned": 2321724,
                                                                                    "operator_timing": 0.047970595000000074,
                                                                                    "result_set_size": 32504136,
                                                                                    "children": []
                                                                                }
                                                                            ]
                                                                        }
                                                                    ]
                                                                }
                                                            ]
                                                        },
                                                        {
                                                            "operator_name": "HASH_GROUP_BY",
                                                            "cpu_time": 0.2005407070000001,
                                                            "extra_info": {
                                                                "Groups": "#0",
                                                                "Aggregates": "",
                                                                "Estimated Cardinality": "2359048"
                                                            },
                                                            "cumulative_cardinality": 383455,
                                                            "operator_type": "HASH_GROUP_BY",
                                                            "operator_cardinality": 120507,
                                                            "cumulative_rows_scanned": 11795244,
                                                            "operator_rows_scanned": 0,
                                                            "operator_timing": 0.022888185999999963,
                                                            "result_set_size": 482028,
                                                            "children": [
                                                                {
                                                                    "operator_name": "PROJECTION",
                                                                    "cpu_time": 0.17765252100000012,
                                                                    "extra_info": {
                                                                        "Projections": "postid",
                                                                        "Estimated Cardinality": "2359048"
                                                                    },
                                                                    "cumulative_cardinality": 262948,
                                                                    "operator_type": "PROJECTION",
                                                                    "operator_cardinality": 131474,
                                                                    "cumulative_rows_scanned": 11795244,
                                                                    "operator_rows_scanned": 0,
                                                                    "operator_timing": 0.0004896670000000326,
                                                                    "result_set_size": 525896,
                                                                    "children": [
                                                                        {
                                                                            "operator_name": "READ_PARQUET ",
                                                                            "cpu_time": 0.1771628540000001,
                                                                            "extra_info": {
                                                                                "Function": "READ_PARQUET",
                                                                                "Projections": "postid",
                                                                                "Filters": "posthistorytypeid>=10 AND posthistorytypeid<=11",
                                                                                "Estimated Cardinality": "2359048"
                                                                            },
                                                                            "cumulative_cardinality": 131474,
                                                                            "operator_type": "TABLE_SCAN",
                                                                            "operator_cardinality": 131474,
                                                                            "cumulative_rows_scanned": 11795244,
                                                                            "operator_rows_scanned": 11795244,
                                                                            "operator_timing": 0.1771628540000001,
                                                                            "result_set_size": 525896,
                                                                            "children": []
                                                                        }
                                                                    ]
                                                                }
                                                            ]
                                                        }
                                                    ]
                                                }
                                            ]
                                        }
                                    ]
                                }
                            ]
                        }
                    ]
                }
            ]
        }
    ]
}