{
    "rows_returned": 33137,
    "query_name": "\nWITH RankedPosts AS (\n    SELECT \n        p.Id,\n        p.Title,\n        p.CreationDate,\n        p.Score,\n        p.ViewCount,\n        p.OwnerUserId,\n        RANK() OVER (PARTITION BY p.PostTypeId ORDER BY p.Score DESC) AS ScoreRank\n    FROM \n        Posts p\n    WHERE \n        p.CreationDate >= TIMESTAMP '2024-10-01 12:34:56' - INTERVAL '1 year'\n), \nUserStats AS (\n    SELECT \n        u.Id AS UserId,\n        u.DisplayName,\n        u.Reputation,\n        SUM(CASE WHEN v.VoteTypeId = 2 THEN 1 ELSE 0 END) AS UpvotesReceived,\n        SUM(CASE WHEN v.VoteTypeId = 3 THEN 1 ELSE 0 END) AS DownvotesReceived\n    FROM \n        Users u\n    LEFT JOIN \n        Votes v ON u.Id = v.UserId\n    GROUP BY \n        u.Id, u.DisplayName, u.Reputation\n), \nClosedPosts AS (\n    SELECT \n        ph.PostId,\n        COUNT(*) AS CloseCount\n    FROM \n        PostHistory ph\n    WHERE \n        ph.PostHistoryTypeId = 10\n    GROUP BY \n        ph.PostId\n), \nPostDetails AS (\n    SELECT \n        p.Id AS PostId,\n        p.Title,\n        p.Score,\n        COALESCE(cp.CloseCount, 0) AS TotalCloseCount,\n        us.DisplayName AS OwnerDisplayName,\n        us.Reputation AS OwnerReputation,\n        CASE \n            WHEN p.OwnerUserId IS NULL THEN 'Deleted User'\n            ELSE us.DisplayName \n        END AS EffectiveOwner\n    FROM \n        Posts p\n    LEFT JOIN \n        UserStats us ON p.OwnerUserId = us.UserId\n    LEFT JOIN \n        ClosedPosts cp ON p.Id = cp.PostId\n    WHERE \n        p.PostTypeId = 1 AND p.Score > 10\n)\n\nSELECT \n    pd.PostId,\n    pd.Title,\n    pd.Score,\n    pd.TotalCloseCount,\n    pd.OwnerDisplayName,\n    pd.OwnerReputation,\n    pd.EffectiveOwner\nFROM \n    PostDetails pd\nWHERE \n    pd.TotalCloseCount = 0\nORDER BY \n    pd.Score DESC, \n    pd.Title ASC;\n",
    "blocked_thread_time": 0.0,
    "cpu_time": 1.0636236630000016,
    "extra_info": {},
    "cumulative_cardinality": 5774173,
    "cumulative_rows_scanned": 29650163,
    "result_set_size": 2253316,
    "latency": 1.229985786,
    "children": [
        {
            "operator_name": "PROJECTION",
            "cpu_time": 1.0636236630000016,
            "extra_info": {
                "Projections": [
                    "#0",
                    "#1",
                    "__internal_decompress_integral_integer(#2, 10)",
                    "#3",
                    "#4",
                    "#5",
                    "#6"
                ],
                "Estimated Cardinality": "252142"
            },
            "cumulative_cardinality": 5774173,
            "operator_type": "PROJECTION",
            "operator_cardinality": 33137,
            "cumulative_rows_scanned": 29650163,
            "operator_rows_scanned": 0,
            "operator_timing": 0.000018915,
            "result_set_size": 2253316,
            "children": [
                {
                    "operator_name": "ORDER_BY",
                    "cpu_time": 1.0636047480000015,
                    "extra_info": {
                        "Order By": [
                            "pd.Score DESC",
                            "pd.Title ASC"
                        ]
                    },
                    "cumulative_cardinality": 5741036,
                    "operator_type": "ORDER_BY",
                    "operator_cardinality": 33137,
                    "cumulative_rows_scanned": 29650163,
                    "operator_rows_scanned": 0,
                    "operator_timing": 0.007443208,
                    "result_set_size": 2187042,
                    "children": [
                        {
                            "operator_name": "PROJECTION",
                            "cpu_time": 1.0561615400000015,
                            "extra_info": {
                                "Projections": [
                                    "#0",
                                    "#1",
                                    "__internal_compress_integral_usmallint(#2, 10)",
                                    "#3",
                                    "#4",
                                    "#5",
                                    "#6"
                                ],
                                "Estimated Cardinality": "252142"
                            },
                            "cumulative_cardinality": 5707899,
                            "operator_type": "PROJECTION",
                            "operator_cardinality": 33137,
                            "cumulative_rows_scanned": 29650163,
                            "operator_rows_scanned": 0,
                            "operator_timing": 0.00009630099999999996,
                            "result_set_size": 2187042,
                            "children": [
                                {
                                    "operator_name": "PROJECTION",
                                    "cpu_time": 1.0560652390000016,
                                    "extra_info": {
                                        "Projections": [
                                            "PostId",
                                            "title",
                                            "score",
                                            "TotalCloseCount",
                                            "OwnerDisplayName",
                                            "OwnerReputation",
                                            "EffectiveOwner"
                                        ],
                                        "Estimated Cardinality": "252142"
                                    },
                                    "cumulative_cardinality": 5674762,
                                    "operator_type": "PROJECTION",
                                    "operator_cardinality": 33137,
                                    "cumulative_rows_scanned": 29650163,
                                    "operator_rows_scanned": 0,
                                    "operator_timing": 0.00042351199999999997,
                                    "result_set_size": 2253316,
                                    "children": [
                                        {
                                            "operator_name": "FILTER",
                                            "cpu_time": 1.0556417270000016,
                                            "extra_info": {
                                                "Expression": "(COALESCE(CloseCount, 0) = 0)",
                                                "Estimated Cardinality": "252142"
                                            },
                                            "cumulative_cardinality": 5641625,
                                            "operator_type": "FILTER",
                                            "operator_cardinality": 33137,
                                            "cumulative_rows_scanned": 29650163,
                                            "operator_rows_scanned": 0,
                                            "operator_timing": 0.00128958,
                                            "result_set_size": 1855672,
                                            "children": [
                                                {
                                                    "operator_name": "HASH_JOIN",
                                                    "cpu_time": 1.0543521470000017,
                                                    "extra_info": {
                                                        "Join Type": "LEFT",
                                                        "Conditions": "id = postid",
                                                        "Estimated Cardinality": "1260710"
                                                    },
                                                    "cumulative_cardinality": 5608488,
                                                    "operator_type": "HASH_JOIN",
                                                    "operator_cardinality": 35212,
                                                    "cumulative_rows_scanned": 29650163,
                                                    "operator_rows_scanned": 0,
                                                    "operator_timing": 0.006646470000000001,
                                                    "result_set_size": 1971872,
                                                    "children": [
                                                        {
                                                            "operator_name": "HASH_JOIN",
                                                            "cpu_time": 0.8545779140000012,
                                                            "extra_info": {
                                                                "Join Type": "RIGHT",
                                                                "Conditions": "UserId = owneruserid",
                                                                "Estimated Cardinality": "1260710"
                                                            },
                                                            "cumulative_cardinality": 5209841,
                                                            "operator_type": "HASH_JOIN",
                                                            "operator_cardinality": 35212,
                                                            "cumulative_rows_scanned": 17854919,
                                                            "operator_rows_scanned": 0,
                                                            "operator_timing": 0.03029682300000003,
                                                            "result_set_size": 1690176,
                                                            "children": [
                                                                {
                                                                    "operator_name": "HASH_GROUP_BY",
                                                                    "cpu_time": 0.5117646960000011,
                                                                    "extra_info": {
                                                                        "Groups": [
                                                                            "#0",
                                                                            "#1",
                                                                            "#2"
                                                                        ],
                                                                        "Aggregates": "",
                                                                        "Estimated Cardinality": "1260710"
                                                                    },
                                                                    "cumulative_cardinality": 5139417,
                                                                    "operator_type": "HASH_GROUP_BY",
                                                                    "operator_cardinality": 1260710,
                                                                    "cumulative_rows_scanned": 14004803,
                                                                    "operator_rows_scanned": 0,
                                                                    "operator_timing": 0.21453689000000004,
                                                                    "result_set_size": 30257040,
                                                                    "children": [
                                                                        {
                                                                            "operator_name": "PROJECTION",
                                                                            "cpu_time": 0.2972278060000011,
                                                                            "extra_info": {
                                                                                "Projections": [
                                                                                    "id",
                                                                                    "displayname",
                                                                                    "reputation"
                                                                                ],
                                                                                "Estimated Cardinality": "12744093"
                                                                            },
                                                                            "cumulative_cardinality": 3878707,
                                                                            "operator_type": "PROJECTION",
                                                                            "operator_cardinality": 1288855,
                                                                            "cumulative_rows_scanned": 14004803,
                                                                            "operator_rows_scanned": 0,
                                                                            "operator_timing": 0.00015795300000000004,
                                                                            "result_set_size": 30932520,
                                                                            "children": [
                                                                                {
                                                                                    "operator_name": "HASH_JOIN",
                                                                                    "cpu_time": 0.2970698530000011,
                                                                                    "extra_info": {
                                                                                        "Join Type": "RIGHT",
                                                                                        "Conditions": "userid = id",
                                                                                        "Estimated Cardinality": "12744093"
                                                                                    },
                                                                                    "cumulative_cardinality": 2589852,
                                                                                    "operator_type": "HASH_JOIN",
                                                                                    "operator_cardinality": 1288855,
                                                                                    "cumulative_rows_scanned": 14004803,
                                                                                    "operator_rows_scanned": 0,
                                                                                    "operator_timing": 0.1292126590000012,
                                                                                    "result_set_size": 36087940,
                                                                                    "children": [
                                                                                        {
                                                                                            "operator_name": "READ_PARQUET ",
                                                                                            "cpu_time": 0.08354588999999996,
                                                                                            "extra_info": {
                                                                                                "Function": "READ_PARQUET",
                                                                                                "Projections": "userid",
                                                                                                "Estimated Cardinality": "12744093"
                                                                                            },
                                                                                            "cumulative_cardinality": 40287,
                                                                                            "operator_type": "TABLE_SCAN",
                                                                                            "operator_cardinality": 40287,
                                                                                            "cumulative_rows_scanned": 12744093,
                                                                                            "operator_rows_scanned": 12744093,
                                                                                            "operator_timing": 0.08354588999999996,
                                                                                            "result_set_size": 161148,
                                                                                            "children": []
                                                                                        },
                                                                                        {
                                                                                            "operator_name": "READ_PARQUET ",
                                                                                            "cpu_time": 0.08431130399999995,
                                                                                            "extra_info": {
                                                                                                "Function": "READ_PARQUET",
                                                                                                "Projections": [
                                                                                                    "id",
                                                                                                    "reputation",
                                                                                                    "displayname"
                                                                                                ],
                                                                                                "Estimated Cardinality": "1260710"
                                                                                            },
                                                                                            "cumulative_cardinality": 1260710,
                                                                                            "operator_type": "TABLE_SCAN",
                                                                                            "operator_cardinality": 1260710,
                                                                                            "cumulative_rows_scanned": 1260710,
                                                                                            "operator_rows_scanned": 1260710,
                                                                                            "operator_timing": 0.08431130399999995,
                                                                                            "result_set_size": 30257040,
                                                                                            "children": []
                                                                                        }
                                                                                    ]
                                                                                }
                                                                            ]
                                                                        }
                                                                    ]
                                                                },
                                                                {
                                                                    "operator_name": "READ_PARQUET ",
                                                                    "cpu_time": 0.312516395,
                                                                    "extra_info": {
                                                                        "Function": "READ_PARQUET",
                                                                        "Projections": [
                                                                            "id",
                                                                            "score",
                                                                            "owneruserid",
                                                                            "title"
                                                                        ],
                                                                        "Filters": [
                                                                            "posttypeid=1",
                                                                            "score>10"
                                                                        ],
                                                                        "Estimated Cardinality": "770023"
                                                                    },
                                                                    "cumulative_cardinality": 35212,
                                                                    "operator_type": "TABLE_SCAN",
                                                                    "operator_cardinality": 35212,
                                                                    "cumulative_rows_scanned": 3850116,
                                                                    "operator_rows_scanned": 3850116,
                                                                    "operator_timing": 0.312516395,
                                                                    "result_set_size": 985936,
                                                                    "children": []
                                                                }
                                                            ]
                                                        },
                                                        {
                                                            "operator_name": "HASH_GROUP_BY",
                                                            "cpu_time": 0.19312776300000056,
                                                            "extra_info": {
                                                                "Groups": "#0",
                                                                "Aggregates": "count_star()",
                                                                "Estimated Cardinality": "1179524"
                                                            },
                                                            "cumulative_cardinality": 363435,
                                                            "operator_type": "HASH_GROUP_BY",
                                                            "operator_cardinality": 120507,
                                                            "cumulative_rows_scanned": 11795244,
                                                            "operator_rows_scanned": 0,
                                                            "operator_timing": 0.037105947000000014,
                                                            "result_set_size": 1446084,
                                                            "children": [
                                                                {
                                                                    "operator_name": "PROJECTION",
                                                                    "cpu_time": 0.15602181600000053,
                                                                    "extra_info": {
                                                                        "Projections": "postid",
                                                                        "Estimated Cardinality": "2359048"
                                                                    },
                                                                    "cumulative_cardinality": 242928,
                                                                    "operator_type": "PROJECTION",
                                                                    "operator_cardinality": 121464,
                                                                    "cumulative_rows_scanned": 11795244,
                                                                    "operator_rows_scanned": 0,
                                                                    "operator_timing": 0.0005215890000000162,
                                                                    "result_set_size": 485856,
                                                                    "children": [
                                                                        {
                                                                            "operator_name": "READ_PARQUET ",
                                                                            "cpu_time": 0.15550022700000052,
                                                                            "extra_info": {
                                                                                "Function": "READ_PARQUET",
                                                                                "Projections": "postid",
                                                                                "Filters": "posthistorytypeid=10",
                                                                                "Estimated Cardinality": "2359048"
                                                                            },
                                                                            "cumulative_cardinality": 121464,
                                                                            "operator_type": "TABLE_SCAN",
                                                                            "operator_cardinality": 121464,
                                                                            "cumulative_rows_scanned": 11795244,
                                                                            "operator_rows_scanned": 11795244,
                                                                            "operator_timing": 0.15550022700000052,
                                                                            "result_set_size": 485856,
                                                                            "children": []
                                                                        }
                                                                    ]
                                                                }
                                                            ]
                                                        }
                                                    ]
                                                }
                                            ]
                                        }
                                    ]
                                }
                            ]
                        }
                    ]
                }
            ]
        }
    ]
}