{
    "rows_returned": 10,
    "query_name": "WITH UserStats AS (\n    SELECT \n        U.Id AS UserId,\n        U.DisplayName,\n        U.Reputation,\n        COUNT(B.Id) AS BadgeCount,\n        SUM(CASE WHEN B.Class = 1 THEN 1 ELSE 0 END) AS GoldBadges,\n        SUM(CASE WHEN B.Class = 2 THEN 1 ELSE 0 END) AS SilverBadges,\n        SUM(CASE WHEN B.Class = 3 THEN 1 ELSE 0 END) AS BronzeBadges\n    FROM \n        Users U\n    LEFT JOIN \n        Badges B ON U.Id = B.UserId\n    GROUP BY \n        U.Id, U.DisplayName, U.Reputation\n),\nPostStats AS (\n    SELECT \n        P.OwnerUserId,\n        COUNT(CASE WHEN P.PostTypeId = 1 THEN 1 END) AS QuestionCount,\n        COUNT(CASE WHEN P.PostTypeId = 2 THEN 1 END) AS AnswerCount,\n        SUM(P.ViewCount) AS TotalViews,\n        ROW_NUMBER() OVER(PARTITION BY P.OwnerUserId ORDER BY SUM(P.ViewCount) DESC) AS Rank\n    FROM \n        Posts P\n    GROUP BY \n        P.OwnerUserId\n),\nCombinedStats AS (\n    SELECT \n        U.DisplayName,\n        U.Reputation,\n        US.BadgeCount,\n        US.GoldBadges,\n        US.SilverBadges,\n        US.BronzeBadges,\n        PS.QuestionCount,\n        PS.AnswerCount,\n        PS.TotalViews\n    FROM \n        UserStats US\n    JOIN \n        PostStats PS ON US.UserId = PS.OwnerUserId\n    JOIN \n        Users U ON U.Id = US.UserId\n)\nSELECT \n    *,\n    CASE \n        WHEN Reputation > 1000 THEN 'High Reputation'\n        WHEN Reputation BETWEEN 500 AND 1000 THEN 'Medium Reputation'\n        ELSE 'Low Reputation'\n    END AS ReputationTier,\n    CASE \n        WHEN TotalViews >= 10000 THEN 'Popular'\n        ELSE 'Less Popular'\n    END AS Popularity\nFROM \n    CombinedStats\nWHERE \n    QuestionCount > 0\nORDER BY \n    Reputation DESC, TotalViews DESC\nOFFSET 10 ROWS FETCH NEXT 10 ROWS ONLY;\n",
    "blocked_thread_time": 0.0,
    "cpu_time": 1.7034044339999994,
    "extra_info": {},
    "cumulative_cardinality": 27594289,
    "cumulative_rows_scanned": 8693260,
    "result_set_size": 1400,
    "latency": 1.867469497,
    "children": [
        {
            "operator_name": "STREAMING_LIMIT",
            "cpu_time": 1.7034044339999994,
            "extra_info": {},
            "cumulative_cardinality": 27594289,
            "operator_type": "STREAMING_LIMIT",
            "operator_cardinality": 10,
            "cumulative_rows_scanned": 8693260,
            "operator_rows_scanned": 0,
            "operator_timing": 0.000011030000000000001,
            "result_set_size": 1400,
            "children": [
                {
                    "operator_name": "PROJECTION",
                    "cpu_time": 1.7033934039999994,
                    "extra_info": {
                        "Projections": [
                            "#0",
                            "#1",
                            "#2",
                            "#3",
                            "#4",
                            "#5",
                            "#6",
                            "#7",
                            "#8",
                            "#9",
                            "__internal_decompress_string(#10)"
                        ],
                        "Estimated Cardinality": "385011"
                    },
                    "cumulative_cardinality": 27594279,
                    "operator_type": "PROJECTION",
                    "operator_cardinality": 4096,
                    "cumulative_rows_scanned": 8693260,
                    "operator_rows_scanned": 0,
                    "operator_timing": 0.000106969,
                    "result_set_size": 573440,
                    "children": [
                        {
                            "operator_name": "ORDER_BY",
                            "cpu_time": 1.7032864349999994,
                            "extra_info": {
                                "Order By": [
                                    "CombinedStats.reputation DESC",
                                    "CombinedStats.TotalViews DESC"
                                ]
                            },
                            "cumulative_cardinality": 27590183,
                            "operator_type": "ORDER_BY",
                            "operator_cardinality": 4096,
                            "cumulative_rows_scanned": 8693260,
                            "operator_rows_scanned": 0,
                            "operator_timing": 0.026119898000000027,
                            "result_set_size": 573440,
                            "children": [
                                {
                                    "operator_name": "PROJECTION",
                                    "cpu_time": 1.6771665369999995,
                                    "extra_info": {
                                        "Projections": [
                                            "#0",
                                            "#1",
                                            "#2",
                                            "#3",
                                            "#4",
                                            "#5",
                                            "#6",
                                            "#7",
                                            "#8",
                                            "#9",
                                            "__internal_compress_string_hugeint(#10)"
                                        ],
                                        "Estimated Cardinality": "385011"
                                    },
                                    "cumulative_cardinality": 27586087,
                                    "operator_type": "PROJECTION",
                                    "operator_cardinality": 329473,
                                    "cumulative_rows_scanned": 8693260,
                                    "operator_rows_scanned": 0,
                                    "operator_timing": 0.0029867070000000034,
                                    "result_set_size": 46126220,
                                    "children": [
                                        {
                                            "operator_name": "PROJECTION",
                                            "cpu_time": 1.6741798299999995,
                                            "extra_info": {
                                                "Projections": [
                                                    "displayname",
                                                    "reputation",
                                                    "BadgeCount",
                                                    "GoldBadges",
                                                    "SilverBadges",
                                                    "BronzeBadges",
                                                    "QuestionCount",
                                                    "AnswerCount",
                                                    "TotalViews",
                                                    "ReputationTier",
                                                    "Popularity"
                                                ],
                                                "Estimated Cardinality": "385011"
                                            },
                                            "cumulative_cardinality": 27256614,
                                            "operator_type": "PROJECTION",
                                            "operator_cardinality": 329473,
                                            "cumulative_rows_scanned": 8693260,
                                            "operator_rows_scanned": 0,
                                            "operator_timing": 0.00768324600000001,
                                            "result_set_size": 46126220,
                                            "children": [
                                                {
                                                    "operator_name": "PROJECTION",
                                                    "cpu_time": 1.6664965839999994,
                                                    "extra_info": {
                                                        "Projections": [
                                                            "displayname",
                                                            "reputation",
                                                            "BadgeCount",
                                                            "GoldBadges",
                                                            "SilverBadges",
                                                            "BronzeBadges",
                                                            "QuestionCount",
                                                            "AnswerCount",
                                                            "TotalViews"
                                                        ],
                                                        "Estimated Cardinality": "385011"
                                                    },
                                                    "cumulative_cardinality": 26927141,
                                                    "operator_type": "PROJECTION",
                                                    "operator_cardinality": 329473,
                                                    "cumulative_rows_scanned": 8693260,
                                                    "operator_rows_scanned": 0,
                                                    "operator_timing": 0.00022679399999999986,
                                                    "result_set_size": 35583084,
                                                    "children": [
                                                        {
                                                            "operator_name": "HASH_JOIN",
                                                            "cpu_time": 1.6662697899999994,
                                                            "extra_info": {
                                                                "Join Type": "INNER",
                                                                "Conditions": "UserId = id",
                                                                "Estimated Cardinality": "385011"
                                                            },
                                                            "cumulative_cardinality": 26597668,
                                                            "operator_type": "HASH_JOIN",
                                                            "operator_cardinality": 329473,
                                                            "cumulative_rows_scanned": 8693260,
                                                            "operator_rows_scanned": 0,
                                                            "operator_timing": 0.06540124999999998,
                                                            "result_set_size": 35583084,
                                                            "children": [
                                                                {
                                                                    "operator_name": "PROJECTION",
                                                                    "cpu_time": 1.022723878999999,
                                                                    "extra_info": {
                                                                        "Projections": [
                                                                            "UserId",
                                                                            "BadgeCount",
                                                                            "GoldBadges",
                                                                            "SilverBadges",
                                                                            "BronzeBadges"
                                                                        ],
                                                                        "Estimated Cardinality": "1260710"
                                                                    },
                                                                    "cumulative_cardinality": 15203969,
                                                                    "operator_type": "PROJECTION",
                                                                    "operator_cardinality": 1260679,
                                                                    "cumulative_rows_scanned": 3582434,
                                                                    "operator_rows_scanned": 0,
                                                                    "operator_timing": 0.00022029599999999982,
                                                                    "result_set_size": 75640740,
                                                                    "children": [
                                                                        {
                                                                            "operator_name": "HASH_GROUP_BY",
                                                                            "cpu_time": 1.022503582999999,
                                                                            "extra_info": {
                                                                                "Groups": [
                                                                                    "#0",
                                                                                    "#1",
                                                                                    "#2"
                                                                                ],
                                                                                "Aggregates": [
                                                                                    "count(#3)",
                                                                                    "sum(#4)",
                                                                                    "sum(#5)",
                                                                                    "sum(#6)"
                                                                                ],
                                                                                "Estimated Cardinality": "1260710"
                                                                            },
                                                                            "cumulative_cardinality": 13943290,
                                                                            "operator_type": "HASH_GROUP_BY",
                                                                            "operator_cardinality": 1260679,
                                                                            "cumulative_rows_scanned": 3582434,
                                                                            "operator_rows_scanned": 0,
                                                                            "operator_timing": 0.6125443509999992,
                                                                            "result_set_size": 100854320,
                                                                            "children": [
                                                                                {
                                                                                    "operator_name": "PROJECTION",
                                                                                    "cpu_time": 0.40995923199999995,
                                                                                    "extra_info": {
                                                                                        "Projections": [
                                                                                            "id",
                                                                                            "displayname",
                                                                                            "reputation",
                                                                                            "id",
                                                                                            "CASE  WHEN ((class = 1)) THEN (1) ELSE 0 END",
                                                                                            "CASE  WHEN ((class = 2)) THEN (1) ELSE 0 END",
                                                                                            "CASE  WHEN ((class = 3)) THEN (1) ELSE 0 END"
                                                                                        ],
                                                                                        "Estimated Cardinality": "2321724"
                                                                                    },
                                                                                    "cumulative_cardinality": 12682611,
                                                                                    "operator_type": "PROJECTION",
                                                                                    "operator_cardinality": 3033382,
                                                                                    "cumulative_rows_scanned": 3582434,
                                                                                    "operator_rows_scanned": 0,
                                                                                    "operator_timing": 0.01634137599999998,
                                                                                    "result_set_size": 121335280,
                                                                                    "children": [
                                                                                        {
                                                                                            "operator_name": "FILTER",
                                                                                            "cpu_time": 0.393617856,
                                                                                            "extra_info": {
                                                                                                "Expression": "(id <= 1416539)",
                                                                                                "Estimated Cardinality": "2321724"
                                                                                            },
                                                                                            "cumulative_cardinality": 9649229,
                                                                                            "operator_type": "FILTER",
                                                                                            "operator_cardinality": 3033382,
                                                                                            "cumulative_rows_scanned": 3582434,
                                                                                            "operator_rows_scanned": 0,
                                                                                            "operator_timing": 0.003937605999999992,
                                                                                            "result_set_size": 91001460,
                                                                                            "children": [
                                                                                                {
                                                                                                    "operator_name": "HASH_JOIN",
                                                                                                    "cpu_time": 0.38968025,
                                                                                                    "extra_info": {
                                                                                                        "Join Type": "RIGHT",
                                                                                                        "Conditions": "userid = id",
                                                                                                        "Estimated Cardinality": "2321724"
                                                                                                    },
                                                                                                    "cumulative_cardinality": 6615847,
                                                                                                    "operator_type": "HASH_JOIN",
                                                                                                    "operator_cardinality": 3033413,
                                                                                                    "cumulative_rows_scanned": 3582434,
                                                                                                    "operator_rows_scanned": 0,
                                                                                                    "operator_timing": 0.242615069,
                                                                                                    "result_set_size": 91002390,
                                                                                                    "children": [
                                                                                                        {
                                                                                                            "operator_name": "READ_PARQUET ",
                                                                                                            "cpu_time": 0.06191041199999998,
                                                                                                            "extra_info": {
                                                                                                                "Function": "READ_PARQUET",
                                                                                                                "Projections": [
                                                                                                                    "id",
                                                                                                                    "userid",
                                                                                                                    "class"
                                                                                                                ],
                                                                                                                "Estimated Cardinality": "2321724"
                                                                                                            },
                                                                                                            "cumulative_cardinality": 2321724,
                                                                                                            "operator_type": "TABLE_SCAN",
                                                                                                            "operator_cardinality": 2321724,
                                                                                                            "cumulative_rows_scanned": 2321724,
                                                                                                            "operator_rows_scanned": 2321724,
                                                                                                            "operator_timing": 0.06191041199999998,
                                                                                                            "result_set_size": 23217240,
                                                                                                            "children": []
                                                                                                        },
                                                                                                        {
                                                                                                            "operator_name": "READ_PARQUET ",
                                                                                                            "cpu_time": 0.08515476900000002,
                                                                                                            "extra_info": {
                                                                                                                "Function": "READ_PARQUET",
                                                                                                                "Projections": [
                                                                                                                    "id",
                                                                                                                    "reputation",
                                                                                                                    "displayname"
                                                                                                                ],
                                                                                                                "Estimated Cardinality": "1260710"
                                                                                                            },
                                                                                                            "cumulative_cardinality": 1260710,
                                                                                                            "operator_type": "TABLE_SCAN",
                                                                                                            "operator_cardinality": 1260710,
                                                                                                            "cumulative_rows_scanned": 1260710,
                                                                                                            "operator_rows_scanned": 1260710,
                                                                                                            "operator_timing": 0.08515476900000002,
                                                                                                            "result_set_size": 30257040,
                                                                                                            "children": []
                                                                                                        }
                                                                                                    ]
                                                                                                }
                                                                                            ]
                                                                                        }
                                                                                    ]
                                                                                }
                                                                            ]
                                                                        }
                                                                    ]
                                                                },
                                                                {
                                                                    "operator_name": "HASH_JOIN",
                                                                    "cpu_time": 0.5781446610000003,
                                                                    "extra_info": {
                                                                        "Join Type": "INNER",
                                                                        "Conditions": "id = owneruserid",
                                                                        "Estimated Cardinality": "385011"
                                                                    },
                                                                    "cumulative_cardinality": 11064226,
                                                                    "operator_type": "HASH_JOIN",
                                                                    "operator_cardinality": 329473,
                                                                    "cumulative_rows_scanned": 5110826,
                                                                    "operator_rows_scanned": 0,
                                                                    "operator_timing": 0.04752606600000009,
                                                                    "result_set_size": 18450488,
                                                                    "children": [
                                                                        {
                                                                            "operator_name": "READ_PARQUET ",
                                                                            "cpu_time": 0.210862714,
                                                                            "extra_info": {
                                                                                "Function": "READ_PARQUET",
                                                                                "Projections": [
                                                                                    "id",
                                                                                    "reputation",
                                                                                    "displayname"
                                                                                ],
                                                                                "Filters": "id<=1416539",
                                                                                "Estimated Cardinality": "1260710"
                                                                            },
                                                                            "cumulative_cardinality": 1260677,
                                                                            "operator_type": "TABLE_SCAN",
                                                                            "operator_cardinality": 1260677,
                                                                            "cumulative_rows_scanned": 1260710,
                                                                            "operator_rows_scanned": 1260710,
                                                                            "operator_timing": 0.210862714,
                                                                            "result_set_size": 30256248,
                                                                            "children": []
                                                                        },
                                                                        {
                                                                            "operator_name": "PROJECTION",
                                                                            "cpu_time": 0.31975588100000024,
                                                                            "extra_info": {
                                                                                "Projections": [
                                                                                    "#0",
                                                                                    "#1",
                                                                                    "#2",
                                                                                    "#3"
                                                                                ],
                                                                                "Estimated Cardinality": "385011"
                                                                            },
                                                                            "cumulative_cardinality": 9474076,
                                                                            "operator_type": "PROJECTION",
                                                                            "operator_cardinality": 329474,
                                                                            "cumulative_rows_scanned": 3850116,
                                                                            "operator_rows_scanned": 0,
                                                                            "operator_timing": 0.00003966200000000003,
                                                                            "result_set_size": 11861064,
                                                                            "children": [
                                                                                {
                                                                                    "operator_name": "FILTER",
                                                                                    "cpu_time": 0.31971621900000025,
                                                                                    "extra_info": {
                                                                                        "Expression": "(QuestionCount > 0)",
                                                                                        "Estimated Cardinality": "385011"
                                                                                    },
                                                                                    "cumulative_cardinality": 9144602,
                                                                                    "operator_type": "FILTER",
                                                                                    "operator_cardinality": 329474,
                                                                                    "cumulative_rows_scanned": 3850116,
                                                                                    "operator_rows_scanned": 0,
                                                                                    "operator_timing": 0.0005353000000000001,
                                                                                    "result_set_size": 14496856,
                                                                                    "children": [
                                                                                        {
                                                                                            "operator_name": "PROJECTION",
                                                                                            "cpu_time": 0.31918091900000023,
                                                                                            "extra_info": {
                                                                                                "Projections": [
                                                                                                    "#0",
                                                                                                    "#1",
                                                                                                    "#2",
                                                                                                    "#3",
                                                                                                    "#4"
                                                                                                ],
                                                                                                "Estimated Cardinality": "1925058"
                                                                                            },
                                                                                            "cumulative_cardinality": 8815128,
                                                                                            "operator_type": "PROJECTION",
                                                                                            "operator_cardinality": 371632,
                                                                                            "cumulative_rows_scanned": 3850116,
                                                                                            "operator_rows_scanned": 0,
                                                                                            "operator_timing": 0.000045717999999999985,
                                                                                            "result_set_size": 16351808,
                                                                                            "children": [
                                                                                                {
                                                                                                    "operator_name": "WINDOW",
                                                                                                    "cpu_time": 0.31913520100000026,
                                                                                                    "extra_info": {
                                                                                                        "Projections": "ROW_NUMBER() OVER (PARTITION BY owneruserid ORDER BY sum(viewcount) DESC NULLS LAST)"
                                                                                                    },
                                                                                                    "cumulative_cardinality": 8443496,
                                                                                                    "operator_type": "WINDOW",
                                                                                                    "operator_cardinality": 371632,
                                                                                                    "cumulative_rows_scanned": 3850116,
                                                                                                    "operator_rows_scanned": 0,
                                                                                                    "operator_timing": 0.047661859,
                                                                                                    "result_set_size": 16351808,
                                                                                                    "children": [
                                                                                                        {
                                                                                                            "operator_name": "HASH_GROUP_BY",
                                                                                                            "cpu_time": 0.2714733420000003,
                                                                                                            "extra_info": {
                                                                                                                "Groups": "#0",
                                                                                                                "Aggregates": [
                                                                                                                    "count(#1)",
                                                                                                                    "count(#2)",
                                                                                                                    "sum(#3)"
                                                                                                                ],
                                                                                                                "Estimated Cardinality": "1925058"
                                                                                                            },
                                                                                                            "cumulative_cardinality": 8071864,
                                                                                                            "operator_type": "HASH_GROUP_BY",
                                                                                                            "operator_cardinality": 371632,
                                                                                                            "cumulative_rows_scanned": 3850116,
                                                                                                            "operator_rows_scanned": 0,
                                                                                                            "operator_timing": 0.15548350000000022,
                                                                                                            "result_set_size": 13378752,
                                                                                                            "children": [
                                                                                                                {
                                                                                                                    "operator_name": "PROJECTION",
                                                                                                                    "cpu_time": 0.11598984200000004,
                                                                                                                    "extra_info": {
                                                                                                                        "Projections": [
                                                                                                                            "owneruserid",
                                                                                                                            "CASE  WHEN ((posttypeid = 1)) THEN (1) ELSE NULL END",
                                                                                                                            "CASE  WHEN ((posttypeid = 2)) THEN (1) ELSE NULL END",
                                                                                                                            "viewcount"
                                                                                                                        ],
                                                                                                                        "Estimated Cardinality": "3850116"
                                                                                                                    },
                                                                                                                    "cumulative_cardinality": 7700232,
                                                                                                                    "operator_type": "PROJECTION",
                                                                                                                    "operator_cardinality": 3850116,
                                                                                                                    "cumulative_rows_scanned": 3850116,
                                                                                                                    "operator_rows_scanned": 0,
                                                                                                                    "operator_timing": 0.053300624,
                                                                                                                    "result_set_size": 61601856,
                                                                                                                    "children": [
                                                                                                                        {
                                                                                                                            "operator_name": "READ_PARQUET ",
                                                                                                                            "cpu_time": 0.06268921800000005,
                                                                                                                            "extra_info": {
                                                                                                                                "Function": "READ_PARQUET",
                                                                                                                                "Projections": [
                                                                                                                                    "posttypeid",
                                                                                                                                    "viewcount",
                                                                                                                                    "owneruserid"
                                                                                                                                ],
                                                                                                                                "Estimated Cardinality": "3850116"
                                                                                                                            },
                                                                                                                            "cumulative_cardinality": 3850116,
                                                                                                                            "operator_type": "TABLE_SCAN",
                                                                                                                            "operator_cardinality": 3850116,
                                                                                                                            "cumulative_rows_scanned": 3850116,
                                                                                                                            "operator_rows_scanned": 3850116,
                                                                                                                            "operator_timing": 0.06268921800000005,
                                                                                                                            "result_set_size": 38501160,
                                                                                                                            "children": []
                                                                                                                        }
                                                                                                                    ]
                                                                                                                }
                                                                                                            ]
                                                                                                        }
                                                                                                    ]
                                                                                                }
                                                                                            ]
                                                                                        }
                                                                                    ]
                                                                                }
                                                                            ]
                                                                        }
                                                                    ]
                                                                }
                                                            ]
                                                        }
                                                    ]
                                                }
                                            ]
                                        }
                                    ]
                                }
                            ]
                        }
                    ]
                }
            ]
        }
    ]
}