{
    "rows_returned": 1047676,
    "query_name": "WITH UserReputation AS (\n    SELECT \n        U.Id AS UserId,\n        U.DisplayName,\n        U.Reputation,\n        ROW_NUMBER() OVER (ORDER BY U.Reputation DESC) AS ReputationRank\n    FROM Users U\n    WHERE U.Reputation IS NOT NULL\n),\nPostSummary AS (\n    SELECT \n        P.Id AS PostId,\n        P.PostTypeId,\n        P.Score,\n        COALESCE(P.AcceptedAnswerId, 0) AS AcceptedAnswer,\n        COUNT(DISTINCT C.Id) AS CommentCount,\n        COUNT(DISTINCT V.Id) AS VoteCount,\n        CASE \n            WHEN P.PostTypeId = 1 THEN 'Question'\n            WHEN P.PostTypeId = 2 THEN 'Answer'\n            ELSE 'Other'\n        END AS PostType\n    FROM Posts P\n    LEFT JOIN Comments C ON P.Id = C.PostId\n    LEFT JOIN Votes V ON P.Id = V.PostId\n    GROUP BY P.Id, P.PostTypeId, P.Score, P.AcceptedAnswerId\n),\nPostActivity AS (\n    SELECT \n        PS.PostId,\n        PS.PostType,\n        SUM(CASE WHEN PS.PostType = 'Question' THEN 1 ELSE 0 END) AS TotalQuestions,\n        SUM(CASE WHEN PS.PostType = 'Answer' THEN 1 ELSE 0 END) AS TotalAnswers,\n        AVG(PS.Score) AS AverageScore\n    FROM PostSummary PS\n    GROUP BY PS.PostId, PS.PostType\n),\nRecentPostHistory AS (\n    SELECT \n        PH.PostId,\n        PH.UserId,\n        PH.CreationDate,\n        PHT.Name AS HistoryType,\n        PH.Comment\n    FROM PostHistory PH\n    JOIN PostHistoryTypes PHT ON PH.PostHistoryTypeId = PHT.Id\n    WHERE PH.CreationDate >= cast('2024-10-01' as date) - interval '30 days'\n),\nUserPosts AS (\n    SELECT \n        U.UserId,\n        COUNT(P.Id) AS PostsCreated,\n        SUM(COALESCE(P.Score, 0)) AS TotalScore\n    FROM UserReputation U\n    LEFT JOIN Posts P ON U.UserId = P.OwnerUserId\n    GROUP BY U.UserId\n)\nSELECT \n    UR.DisplayName,\n    UR.Reputation,\n    APR.TotalQuestions,\n    APR.TotalAnswers,\n    APR.AverageScore,\n    UP.PostsCreated,\n    UP.TotalScore,\n    RPH.HistoryType,\n    RPH.Comment\nFROM UserReputation UR\nJOIN PostActivity APR ON UR.UserId = APR.PostId\nJOIN UserPosts UP ON UR.UserId = UP.UserId\nLEFT JOIN RecentPostHistory RPH ON UR.UserId = RPH.UserId\nORDER BY UR.Reputation DESC, APR.AverageScore DESC;",
    "blocked_thread_time": 0.0,
    "cpu_time": 4.79460339900001,
    "extra_info": {},
    "cumulative_cardinality": 192948514,
    "cumulative_rows_scanned": 42002845,
    "result_set_size": 121530416,
    "latency": 7.894624552,
    "children": [
        {
            "operator_name": "ORDER_BY",
            "cpu_time": 4.79460339900001,
            "extra_info": {
                "Order By": [
                    "UR.Reputation DESC",
                    "APR.AverageScore DESC"
                ]
            },
            "cumulative_cardinality": 192948514,
            "operator_type": "ORDER_BY",
            "operator_cardinality": 1047676,
            "cumulative_rows_scanned": 42002845,
            "operator_rows_scanned": 0,
            "operator_timing": 0.1861276320000001,
            "result_set_size": 121530416,
            "children": [
                {
                    "operator_name": "PROJECTION",
                    "cpu_time": 4.6084757670000105,
                    "extra_info": {
                        "Projections": [
                            "displayname",
                            "reputation",
                            "TotalQuestions",
                            "TotalAnswers",
                            "AverageScore",
                            "PostsCreated",
                            "TotalScore",
                            "HistoryType",
                            "comment"
                        ],
                        "Estimated Cardinality": "2359048"
                    },
                    "cumulative_cardinality": 191900838,
                    "operator_type": "PROJECTION",
                    "operator_cardinality": 1047676,
                    "cumulative_rows_scanned": 42002845,
                    "operator_rows_scanned": 0,
                    "operator_timing": 0.00022535700000000006,
                    "result_set_size": 121530416,
                    "children": [
                        {
                            "operator_name": "HASH_JOIN",
                            "cpu_time": 4.608250410000011,
                            "extra_info": {
                                "Join Type": "RIGHT",
                                "Conditions": "userid = UserId",
                                "Estimated Cardinality": "2359048"
                            },
                            "cumulative_cardinality": 190853162,
                            "operator_type": "HASH_JOIN",
                            "operator_cardinality": 1047676,
                            "cumulative_rows_scanned": 42002845,
                            "operator_rows_scanned": 0,
                            "operator_timing": 0.14083522600000004,
                            "result_set_size": 121530416,
                            "children": [
                                {
                                    "operator_name": "PROJECTION",
                                    "cpu_time": 0.023352049999999996,
                                    "extra_info": {
                                        "Projections": [
                                            "userid",
                                            "HistoryType",
                                            "comment"
                                        ],
                                        "Estimated Cardinality": "2359048"
                                    },
                                    "cumulative_cardinality": 104332,
                                    "operator_type": "PROJECTION",
                                    "operator_cardinality": 34766,
                                    "cumulative_rows_scanned": 11795278,
                                    "operator_rows_scanned": 0,
                                    "operator_timing": 0.000005552,
                                    "result_set_size": 1251576,
                                    "children": [
                                        {
                                            "operator_name": "HASH_JOIN",
                                            "cpu_time": 0.023346497999999997,
                                            "extra_info": {
                                                "Join Type": "INNER",
                                                "Conditions": "posthistorytypeid = id",
                                                "Estimated Cardinality": "2359048"
                                            },
                                            "cumulative_cardinality": 69566,
                                            "operator_type": "HASH_JOIN",
                                            "operator_cardinality": 34766,
                                            "cumulative_rows_scanned": 11795278,
                                            "operator_rows_scanned": 0,
                                            "operator_timing": 0.000454147,
                                            "result_set_size": 1251576,
                                            "children": [
                                                {
                                                    "operator_name": "READ_PARQUET ",
                                                    "cpu_time": 0.022484208,
                                                    "extra_info": {
                                                        "Function": "READ_PARQUET",
                                                        "Projections": [
                                                            "posthistorytypeid",
                                                            "userid",
                                                            "comment"
                                                        ],
                                                        "Filters": "creationdate>='2024-09-01 00:00:00'::TIMESTAMP",
                                                        "Estimated Cardinality": "2359048"
                                                    },
                                                    "cumulative_cardinality": 34766,
                                                    "operator_type": "TABLE_SCAN",
                                                    "operator_cardinality": 34766,
                                                    "cumulative_rows_scanned": 11795244,
                                                    "operator_rows_scanned": 11795244,
                                                    "operator_timing": 0.022484208,
                                                    "result_set_size": 764852,
                                                    "children": []
                                                },
                                                {
                                                    "operator_name": "READ_PARQUET ",
                                                    "cpu_time": 0.000408143,
                                                    "extra_info": {
                                                        "Function": "READ_PARQUET",
                                                        "Projections": [
                                                            "id",
                                                            "name"
                                                        ],
                                                        "Estimated Cardinality": "34"
                                                    },
                                                    "cumulative_cardinality": 34,
                                                    "operator_type": "TABLE_SCAN",
                                                    "operator_cardinality": 34,
                                                    "cumulative_rows_scanned": 34,
                                                    "operator_rows_scanned": 34,
                                                    "operator_timing": 0.000408143,
                                                    "result_set_size": 612,
                                                    "children": []
                                                }
                                            ]
                                        }
                                    ]
                                },
                                {
                                    "operator_name": "HASH_JOIN",
                                    "cpu_time": 4.444063134000011,
                                    "extra_info": {
                                        "Join Type": "INNER",
                                        "Conditions": "PostId = UserId",
                                        "Estimated Cardinality": "385011"
                                    },
                                    "cumulative_cardinality": 189701154,
                                    "operator_type": "HASH_JOIN",
                                    "operator_cardinality": 1023784,
                                    "cumulative_rows_scanned": 30207567,
                                    "operator_rows_scanned": 0,
                                    "operator_timing": 0.17186926299999986,
                                    "result_set_size": 90092992,
                                    "children": [
                                        {
                                            "operator_name": "PROJECTION",
                                            "cpu_time": 3.257643281000011,
                                            "extra_info": {
                                                "Projections": [
                                                    "PostId",
                                                    "TotalQuestions",
                                                    "TotalAnswers",
                                                    "AverageScore"
                                                ],
                                                "Estimated Cardinality": "1925058"
                                            },
                                            "cumulative_cardinality": 161975155,
                                            "operator_type": "PROJECTION",
                                            "operator_cardinality": 1156110,
                                            "cumulative_rows_scanned": 23836031,
                                            "operator_rows_scanned": 0,
                                            "operator_timing": 0.0001824409999999999,
                                            "result_set_size": 50868840,
                                            "children": [
                                                {
                                                    "operator_name": "HASH_GROUP_BY",
                                                    "cpu_time": 3.257460840000011,
                                                    "extra_info": {
                                                        "Groups": [
                                                            "#0",
                                                            "#1"
                                                        ],
                                                        "Aggregates": [
                                                            "sum(#2)",
                                                            "sum(#3)",
                                                            "avg(#4)"
                                                        ],
                                                        "Estimated Cardinality": "1925058"
                                                    },
                                                    "cumulative_cardinality": 160819045,
                                                    "operator_type": "HASH_GROUP_BY",
                                                    "operator_cardinality": 1156110,
                                                    "cumulative_rows_scanned": 23836031,
                                                    "operator_rows_scanned": 0,
                                                    "operator_timing": 0.2511008590000001,
                                                    "result_set_size": 69366600,
                                                    "children": [
                                                        {
                                                            "operator_name": "PROJECTION",
                                                            "cpu_time": 3.006359981000011,
                                                            "extra_info": {
                                                                "Projections": [
                                                                    "PostId",
                                                                    "PostType",
                                                                    "CASE  WHEN ((PostType = 'Question')) THEN (1) ELSE 0 END",
                                                                    "CASE  WHEN ((PostType = 'Answer')) THEN (1) ELSE 0 END",
                                                                    "score"
                                                                ],
                                                                "Estimated Cardinality": "3850116"
                                                            },
                                                            "cumulative_cardinality": 159662935,
                                                            "operator_type": "PROJECTION",
                                                            "operator_cardinality": 1156110,
                                                            "cumulative_rows_scanned": 23836031,
                                                            "operator_rows_scanned": 0,
                                                            "operator_timing": 0.012066864999999996,
                                                            "result_set_size": 36995520,
                                                            "children": [
                                                                {
                                                                    "operator_name": "PROJECTION",
                                                                    "cpu_time": 2.994293116000011,
                                                                    "extra_info": {
                                                                        "Projections": [
                                                                            "PostId",
                                                                            "score",
                                                                            "PostType"
                                                                        ],
                                                                        "Estimated Cardinality": "3850116"
                                                                    },
                                                                    "cumulative_cardinality": 158506825,
                                                                    "operator_type": "PROJECTION",
                                                                    "operator_cardinality": 1156110,
                                                                    "cumulative_rows_scanned": 23836031,
                                                                    "operator_rows_scanned": 0,
                                                                    "operator_timing": 0.0053809360000000046,
                                                                    "result_set_size": 27746640,
                                                                    "children": [
                                                                        {
                                                                            "operator_name": "PROJECTION",
                                                                            "cpu_time": 2.988912180000011,
                                                                            "extra_info": {
                                                                                "Projections": [
                                                                                    "#0",
                                                                                    "__internal_decompress_integral_smallint(#1, 1)",
                                                                                    "__internal_decompress_integral_integer(#2, -72)",
                                                                                    "#3"
                                                                                ],
                                                                                "Estimated Cardinality": "3850116"
                                                                            },
                                                                            "cumulative_cardinality": 157350715,
                                                                            "operator_type": "PROJECTION",
                                                                            "operator_cardinality": 1156110,
                                                                            "cumulative_rows_scanned": 23836031,
                                                                            "operator_rows_scanned": 0,
                                                                            "operator_timing": 0.000727620999999999,
                                                                            "result_set_size": 16185540,
                                                                            "children": [
                                                                                {
                                                                                    "operator_name": "HASH_GROUP_BY",
                                                                                    "cpu_time": 2.988184559000011,
                                                                                    "extra_info": {
                                                                                        "Groups": [
                                                                                            "#0",
                                                                                            "#1",
                                                                                            "#2",
                                                                                            "#3"
                                                                                        ],
                                                                                        "Aggregates": "",
                                                                                        "Estimated Cardinality": "3850116"
                                                                                    },
                                                                                    "cumulative_cardinality": 156194605,
                                                                                    "operator_type": "HASH_GROUP_BY",
                                                                                    "operator_cardinality": 1156110,
                                                                                    "cumulative_rows_scanned": 23836031,
                                                                                    "operator_rows_scanned": 0,
                                                                                    "operator_timing": 0.47880155399999924,
                                                                                    "result_set_size": 12717210,
                                                                                    "children": [
                                                                                        {
                                                                                            "operator_name": "PROJECTION",
                                                                                            "cpu_time": 2.509383005000012,
                                                                                            "extra_info": {
                                                                                                "Projections": [
                                                                                                    "id",
                                                                                                    "posttypeid",
                                                                                                    "score",
                                                                                                    "acceptedanswerid"
                                                                                                ],
                                                                                                "Estimated Cardinality": "12744093"
                                                                                            },
                                                                                            "cumulative_cardinality": 155038495,
                                                                                            "operator_type": "PROJECTION",
                                                                                            "operator_cardinality": 16359490,
                                                                                            "cumulative_rows_scanned": 23836031,
                                                                                            "operator_rows_scanned": 0,
                                                                                            "operator_timing": 0.002071886999999959,
                                                                                            "result_set_size": 179954390,
                                                                                            "children": [
                                                                                                {
                                                                                                    "operator_name": "PROJECTION",
                                                                                                    "cpu_time": 2.507311118000012,
                                                                                                    "extra_info": {
                                                                                                        "Projections": [
                                                                                                            "#0",
                                                                                                            "#1",
                                                                                                            "__internal_compress_integral_utinyint(#2, 1)",
                                                                                                            "#3",
                                                                                                            "__internal_compress_integral_usmallint(#4, -72)"
                                                                                                        ],
                                                                                                        "Estimated Cardinality": "12744093"
                                                                                                    },
                                                                                                    "cumulative_cardinality": 138679005,
                                                                                                    "operator_type": "PROJECTION",
                                                                                                    "operator_cardinality": 16359490,
                                                                                                    "cumulative_rows_scanned": 23836031,
                                                                                                    "operator_rows_scanned": 0,
                                                                                                    "operator_timing": 0.009705549999999837,
                                                                                                    "result_set_size": 245392350,
                                                                                                    "children": [
                                                                                                        {
                                                                                                            "operator_name": "PROJECTION",
                                                                                                            "cpu_time": 2.4976055680000124,
                                                                                                            "extra_info": {
                                                                                                                "Projections": [
                                                                                                                    "#0",
                                                                                                                    "#1",
                                                                                                                    "__internal_decompress_integral_smallint(#2, 1)",
                                                                                                                    "#3",
                                                                                                                    "__internal_decompress_integral_integer(#4, -72)"
                                                                                                                ],
                                                                                                                "Estimated Cardinality": "12744093"
                                                                                                            },
                                                                                                            "cumulative_cardinality": 122319515,
                                                                                                            "operator_type": "PROJECTION",
                                                                                                            "operator_cardinality": 16359490,
                                                                                                            "cumulative_rows_scanned": 23836031,
                                                                                                            "operator_rows_scanned": 0,
                                                                                                            "operator_timing": 0.010251216999999807,
                                                                                                            "result_set_size": 294470820,
                                                                                                            "children": [
                                                                                                                {
                                                                                                                    "operator_name": "FILTER",
                                                                                                                    "cpu_time": 2.4873543510000125,
                                                                                                                    "extra_info": {
                                                                                                                        "Expression": "(#1 <= 1416570)",
                                                                                                                        "Estimated Cardinality": "12744093"
                                                                                                                    },
                                                                                                                    "cumulative_cardinality": 105960025,
                                                                                                                    "operator_type": "FILTER",
                                                                                                                    "operator_cardinality": 16359490,
                                                                                                                    "cumulative_rows_scanned": 23836031,
                                                                                                                    "operator_rows_scanned": 0,
                                                                                                                    "operator_timing": 0.05468046200000069,
                                                                                                                    "result_set_size": 245392350,
                                                                                                                    "children": [
                                                                                                                        {
                                                                                                                            "operator_name": "HASH_JOIN",
                                                                                                                            "cpu_time": 2.4326738890000117,
                                                                                                                            "extra_info": {
                                                                                                                                "Join Type": "RIGHT",
                                                                                                                                "Conditions": "postid = id",
                                                                                                                                "Estimated Cardinality": "12744093"
                                                                                                                            },
                                                                                                                            "cumulative_cardinality": 89600535,
                                                                                                                            "operator_type": "HASH_JOIN",
                                                                                                                            "operator_cardinality": 35129590,
                                                                                                                            "cumulative_rows_scanned": 23836031,
                                                                                                                            "operator_rows_scanned": 0,
                                                                                                                            "operator_timing": 1.4757023070000117,
                                                                                                                            "result_set_size": 526943850,
                                                                                                                            "children": [
                                                                                                                                {
                                                                                                                                    "operator_name": "READ_PARQUET ",
                                                                                                                                    "cpu_time": 0.15387530200000038,
                                                                                                                                    "extra_info": {
                                                                                                                                        "Function": "READ_PARQUET",
                                                                                                                                        "Projections": "postid",
                                                                                                                                        "Estimated Cardinality": "12744093"
                                                                                                                                    },
                                                                                                                                    "cumulative_cardinality": 12744093,
                                                                                                                                    "operator_type": "TABLE_SCAN",
                                                                                                                                    "operator_cardinality": 12744093,
                                                                                                                                    "cumulative_rows_scanned": 12744093,
                                                                                                                                    "operator_rows_scanned": 12744093,
                                                                                                                                    "operator_timing": 0.15387530200000038,
                                                                                                                                    "result_set_size": 50976372,
                                                                                                                                    "children": []
                                                                                                                                },
                                                                                                                                {
                                                                                                                                    "operator_name": "PROJECTION",
                                                                                                                                    "cpu_time": 0.8030962799999996,
                                                                                                                                    "extra_info": {
                                                                                                                                        "Projections": [
                                                                                                                                            "#0",
                                                                                                                                            "#1",
                                                                                                                                            "__internal_compress_integral_utinyint(#2, 1)",
                                                                                                                                            "#3",
                                                                                                                                            "__internal_compress_integral_usmallint(#4, -72)"
                                                                                                                                        ],
                                                                                                                                        "Estimated Cardinality": "7241822"
                                                                                                                                    },
                                                                                                                                    "cumulative_cardinality": 41726852,
                                                                                                                                    "operator_type": "PROJECTION",
                                                                                                                                    "operator_cardinality": 8928266,
                                                                                                                                    "cumulative_rows_scanned": 11091938,
                                                                                                                                    "operator_rows_scanned": 0,
                                                                                                                                    "operator_timing": 0.005006738999999988,
                                                                                                                                    "result_set_size": 133923990,
                                                                                                                                    "children": [
                                                                                                                                        {
                                                                                                                                            "operator_name": "PROJECTION",
                                                                                                                                            "cpu_time": 0.7980895409999995,
                                                                                                                                            "extra_info": {
                                                                                                                                                "Projections": [
                                                                                                                                                    "#0",
                                                                                                                                                    "#1",
                                                                                                                                                    "__internal_decompress_integral_smallint(#2, 1)",
                                                                                                                                                    "#3",
                                                                                                                                                    "__internal_decompress_integral_integer(#4, -72)"
                                                                                                                                                ],
                                                                                                                                                "Estimated Cardinality": "7241822"
                                                                                                                                            },
                                                                                                                                            "cumulative_cardinality": 32798586,
                                                                                                                                            "operator_type": "PROJECTION",
                                                                                                                                            "operator_cardinality": 8928266,
                                                                                                                                            "cumulative_rows_scanned": 11091938,
                                                                                                                                            "operator_rows_scanned": 0,
                                                                                                                                            "operator_timing": 0.005312886999999955,
                                                                                                                                            "result_set_size": 160708788,
                                                                                                                                            "children": [
                                                                                                                                                {
                                                                                                                                                    "operator_name": "HASH_JOIN",
                                                                                                                                                    "cpu_time": 0.7927766539999995,
                                                                                                                                                    "extra_info": {
                                                                                                                                                        "Join Type": "RIGHT",
                                                                                                                                                        "Conditions": "postid = id",
                                                                                                                                                        "Estimated Cardinality": "7241822"
                                                                                                                                                    },
                                                                                                                                                    "cumulative_cardinality": 23870320,
                                                                                                                                                    "operator_type": "HASH_JOIN",
                                                                                                                                                    "operator_cardinality": 8928266,
                                                                                                                                                    "cumulative_rows_scanned": 11091938,
                                                                                                                                                    "operator_rows_scanned": 0,
                                                                                                                                                    "operator_timing": 0.6365322919999992,
                                                                                                                                                    "result_set_size": 133923990,
                                                                                                                                                    "children": [
                                                                                                                                                        {
                                                                                                                                                            "operator_name": "READ_PARQUET ",
                                                                                                                                                            "cpu_time": 0.07971502500000027,
                                                                                                                                                            "extra_info": {
                                                                                                                                                                "Function": "READ_PARQUET",
                                                                                                                                                                "Projections": "postid",
                                                                                                                                                                "Estimated Cardinality": "7241822"
                                                                                                                                                            },
                                                                                                                                                            "cumulative_cardinality": 7241822,
                                                                                                                                                            "operator_type": "TABLE_SCAN",
                                                                                                                                                            "operator_cardinality": 7241822,
                                                                                                                                                            "cumulative_rows_scanned": 7241822,
                                                                                                                                                            "operator_rows_scanned": 7241822,
                                                                                                                                                            "operator_timing": 0.07971502500000027,
                                                                                                                                                            "result_set_size": 28967288,
                                                                                                                                                            "children": []
                                                                                                                                                        },
                                                                                                                                                        {
                                                                                                                                                            "operator_name": "PROJECTION",
                                                                                                                                                            "cpu_time": 0.07652933700000011,
                                                                                                                                                            "extra_info": {
                                                                                                                                                                "Projections": [
                                                                                                                                                                    "#0",
                                                                                                                                                                    "__internal_compress_integral_utinyint(#1, 1)",
                                                                                                                                                                    "#2",
                                                                                                                                                                    "__internal_compress_integral_usmallint(#3, -72)"
                                                                                                                                                                ],
                                                                                                                                                                "Estimated Cardinality": "3850116"
                                                                                                                                                            },
                                                                                                                                                            "cumulative_cardinality": 7700232,
                                                                                                                                                            "operator_type": "PROJECTION",
                                                                                                                                                            "operator_cardinality": 3850116,
                                                                                                                                                            "cumulative_rows_scanned": 3850116,
                                                                                                                                                            "operator_rows_scanned": 0,
                                                                                                                                                            "operator_timing": 0.0021066449999999973,
                                                                                                                                                            "result_set_size": 42351276,
                                                                                                                                                            "children": [
                                                                                                                                                                {
                                                                                                                                                                    "operator_name": "READ_PARQUET ",
                                                                                                                                                                    "cpu_time": 0.07442269200000012,
                                                                                                                                                                    "extra_info": {
                                                                                                                                                                        "Function": "READ_PARQUET",
                                                                                                                                                                        "Projections": [
                                                                                                                                                                            "id",
                                                                                                                                                                            "posttypeid",
                                                                                                                                                                            "acceptedanswerid",
                                                                                                                                                                            "score"
                                                                                                                                                                        ],
                                                                                                                                                                        "Estimated Cardinality": "3850116"
                                                                                                                                                                    },
                                                                                                                                                                    "cumulative_cardinality": 3850116,
                                                                                                                                                                    "operator_type": "TABLE_SCAN",
                                                                                                                                                                    "operator_cardinality": 3850116,
                                                                                                                                                                    "cumulative_rows_scanned": 3850116,
                                                                                                                                                                    "operator_rows_scanned": 3850116,
                                                                                                                                                                    "operator_timing": 0.07442269200000012,
                                                                                                                                                                    "result_set_size": 53901624,
                                                                                                                                                                    "children": []
                                                                                                                                                                }
                                                                                                                                                            ]
                                                                                                                                                        }
                                                                                                                                                    ]
                                                                                                                                                }
                                                                                                                                            ]
                                                                                                                                        }
                                                                                                                                    ]
                                                                                                                                }
                                                                                                                            ]
                                                                                                                        }
                                                                                                                    ]
                                                                                                                }
                                                                                                            ]
                                                                                                        }
                                                                                                    ]
                                                                                                }
                                                                                            ]
                                                                                        }
                                                                                    ]
                                                                                }
                                                                            ]
                                                                        }
                                                                    ]
                                                                }
                                                            ]
                                                        }
                                                    ]
                                                }
                                            ]
                                        },
                                        {
                                            "operator_name": "FILTER",
                                            "cpu_time": 1.0145505900000003,
                                            "extra_info": {
                                                "Expression": "(UserId >= 1)",
                                                "Estimated Cardinality": "252142"
                                            },
                                            "cumulative_cardinality": 26702215,
                                            "operator_type": "FILTER",
                                            "operator_cardinality": 1260709,
                                            "cumulative_rows_scanned": 6371536,
                                            "operator_rows_scanned": 0,
                                            "operator_timing": 0.001675823000000001,
                                            "result_set_size": 60514032,
                                            "children": [
                                                {
                                                    "operator_name": "HASH_JOIN",
                                                    "cpu_time": 1.0128747670000002,
                                                    "extra_info": {
                                                        "Join Type": "INNER",
                                                        "Conditions": "UserId = UserId",
                                                        "Estimated Cardinality": "252142"
                                                    },
                                                    "cumulative_cardinality": 25441506,
                                                    "operator_type": "HASH_JOIN",
                                                    "operator_cardinality": 1260710,
                                                    "cumulative_rows_scanned": 6371536,
                                                    "operator_rows_scanned": 0,
                                                    "operator_timing": 0.14423353,
                                                    "result_set_size": 60514080,
                                                    "children": [
                                                        {
                                                            "operator_name": "HASH_GROUP_BY",
                                                            "cpu_time": 0.6917057040000003,
                                                            "extra_info": {
                                                                "Groups": "#0",
                                                                "Aggregates": [
                                                                    "count(#1)",
                                                                    "sum(#2)"
                                                                ],
                                                                "Estimated Cardinality": "1260710"
                                                            },
                                                            "cumulative_cardinality": 19137956,
                                                            "operator_type": "HASH_GROUP_BY",
                                                            "operator_cardinality": 1260710,
                                                            "cumulative_rows_scanned": 5110826,
                                                            "operator_rows_scanned": 0,
                                                            "operator_timing": 0.26033004000000004,
                                                            "result_set_size": 35299880,
                                                            "children": [
                                                                {
                                                                    "operator_name": "PROJECTION",
                                                                    "cpu_time": 0.4313756640000002,
                                                                    "extra_info": {
                                                                        "Projections": [
                                                                            "UserId",
                                                                            "id",
                                                                            "COALESCE(score, 0)"
                                                                        ],
                                                                        "Estimated Cardinality": "3850116"
                                                                    },
                                                                    "cumulative_cardinality": 17877246,
                                                                    "operator_type": "PROJECTION",
                                                                    "operator_cardinality": 4574495,
                                                                    "cumulative_rows_scanned": 5110826,
                                                                    "operator_rows_scanned": 0,
                                                                    "operator_timing": 0.04369162600000006,
                                                                    "result_set_size": 54893940,
                                                                    "children": [
                                                                        {
                                                                            "operator_name": "HASH_JOIN",
                                                                            "cpu_time": 0.3876840380000002,
                                                                            "extra_info": {
                                                                                "Join Type": "RIGHT",
                                                                                "Conditions": "owneruserid = UserId",
                                                                                "Estimated Cardinality": "3850116"
                                                                            },
                                                                            "cumulative_cardinality": 13302751,
                                                                            "operator_type": "HASH_JOIN",
                                                                            "operator_cardinality": 4574495,
                                                                            "cumulative_rows_scanned": 5110826,
                                                                            "operator_rows_scanned": 0,
                                                                            "operator_timing": 0.20244322700000006,
                                                                            "result_set_size": 54893940,
                                                                            "children": [
                                                                                {
                                                                                    "operator_name": "READ_PARQUET ",
                                                                                    "cpu_time": 0.1337866540000001,
                                                                                    "extra_info": {
                                                                                        "Function": "READ_PARQUET",
                                                                                        "Projections": [
                                                                                            "id",
                                                                                            "score",
                                                                                            "owneruserid"
                                                                                        ],
                                                                                        "Estimated Cardinality": "3850116"
                                                                                    },
                                                                                    "cumulative_cardinality": 3685416,
                                                                                    "operator_type": "TABLE_SCAN",
                                                                                    "operator_cardinality": 3685416,
                                                                                    "cumulative_rows_scanned": 3850116,
                                                                                    "operator_rows_scanned": 3850116,
                                                                                    "operator_timing": 0.1337866540000001,
                                                                                    "result_set_size": 44224992,
                                                                                    "children": []
                                                                                },
                                                                                {
                                                                                    "operator_name": "PROJECTION",
                                                                                    "cpu_time": 0.051454157000000014,
                                                                                    "extra_info": {
                                                                                        "Projections": "UserId",
                                                                                        "Estimated Cardinality": "252142"
                                                                                    },
                                                                                    "cumulative_cardinality": 5042840,
                                                                                    "operator_type": "PROJECTION",
                                                                                    "operator_cardinality": 1260710,
                                                                                    "cumulative_rows_scanned": 1260710,
                                                                                    "operator_rows_scanned": 0,
                                                                                    "operator_timing": 0.000052419000000000035,
                                                                                    "result_set_size": 5042840,
                                                                                    "children": [
                                                                                        {
                                                                                            "operator_name": "PROJECTION",
                                                                                            "cpu_time": 0.051401738000000016,
                                                                                            "extra_info": {
                                                                                                "Projections": [
                                                                                                    "#0",
                                                                                                    "#1",
                                                                                                    "#2"
                                                                                                ],
                                                                                                "Estimated Cardinality": "252142"
                                                                                            },
                                                                                            "cumulative_cardinality": 3782130,
                                                                                            "operator_type": "PROJECTION",
                                                                                            "operator_cardinality": 1260710,
                                                                                            "cumulative_rows_scanned": 1260710,
                                                                                            "operator_rows_scanned": 0,
                                                                                            "operator_timing": 0.00010311299999999913,
                                                                                            "result_set_size": 20171360,
                                                                                            "children": [
                                                                                                {
                                                                                                    "operator_name": "WINDOW",
                                                                                                    "cpu_time": 0.051298625000000014,
                                                                                                    "extra_info": {
                                                                                                        "Projections": "ROW_NUMBER() OVER (ORDER BY reputation DESC NULLS LAST)"
                                                                                                    },
                                                                                                    "cumulative_cardinality": 2521420,
                                                                                                    "operator_type": "WINDOW",
                                                                                                    "operator_cardinality": 1260710,
                                                                                                    "cumulative_rows_scanned": 1260710,
                                                                                                    "operator_rows_scanned": 0,
                                                                                                    "operator_timing": 0.03784311900000001,
                                                                                                    "result_set_size": 20171360,
                                                                                                    "children": [
                                                                                                        {
                                                                                                            "operator_name": "READ_PARQUET ",
                                                                                                            "cpu_time": 0.013455506000000008,
                                                                                                            "extra_info": {
                                                                                                                "Function": "READ_PARQUET",
                                                                                                                "Projections": [
                                                                                                                    "id",
                                                                                                                    "reputation"
                                                                                                                ],
                                                                                                                "Estimated Cardinality": "252142"
                                                                                                            },
                                                                                                            "cumulative_cardinality": 1260710,
                                                                                                            "operator_type": "TABLE_SCAN",
                                                                                                            "operator_cardinality": 1260710,
                                                                                                            "cumulative_rows_scanned": 1260710,
                                                                                                            "operator_rows_scanned": 1260710,
                                                                                                            "operator_timing": 0.013455506000000008,
                                                                                                            "result_set_size": 10085680,
                                                                                                            "children": []
                                                                                                        }
                                                                                                    ]
                                                                                                }
                                                                                            ]
                                                                                        }
                                                                                    ]
                                                                                }
                                                                            ]
                                                                        }
                                                                    ]
                                                                }
                                                            ]
                                                        },
                                                        {
                                                            "operator_name": "PROJECTION",
                                                            "cpu_time": 0.17693553299999992,
                                                            "extra_info": {
                                                                "Projections": [
                                                                    "UserId",
                                                                    "displayname",
                                                                    "reputation"
                                                                ],
                                                                "Estimated Cardinality": "252142"
                                                            },
                                                            "cumulative_cardinality": 5042840,
                                                            "operator_type": "PROJECTION",
                                                            "operator_cardinality": 1260710,
                                                            "cumulative_rows_scanned": 1260710,
                                                            "operator_rows_scanned": 0,
                                                            "operator_timing": 0.00009987699999999975,
                                                            "result_set_size": 30257040,
                                                            "children": [
                                                                {
                                                                    "operator_name": "PROJECTION",
                                                                    "cpu_time": 0.17683565599999992,
                                                                    "extra_info": {
                                                                        "Projections": [
                                                                            "#0",
                                                                            "#1",
                                                                            "#2",
                                                                            "#3"
                                                                        ],
                                                                        "Estimated Cardinality": "252142"
                                                                    },
                                                                    "cumulative_cardinality": 3782130,
                                                                    "operator_type": "PROJECTION",
                                                                    "operator_cardinality": 1260710,
                                                                    "cumulative_rows_scanned": 1260710,
                                                                    "operator_rows_scanned": 0,
                                                                    "operator_timing": 0.00013755699999999996,
                                                                    "result_set_size": 40342720,
                                                                    "children": [
                                                                        {
                                                                            "operator_name": "WINDOW",
                                                                            "cpu_time": 0.17669809899999991,
                                                                            "extra_info": {
                                                                                "Projections": "ROW_NUMBER() OVER (ORDER BY reputation DESC NULLS LAST)"
                                                                            },
                                                                            "cumulative_cardinality": 2521420,
                                                                            "operator_type": "WINDOW",
                                                                            "operator_cardinality": 1260710,
                                                                            "cumulative_rows_scanned": 1260710,
                                                                            "operator_rows_scanned": 0,
                                                                            "operator_timing": 0.06921730099999998,
                                                                            "result_set_size": 40342720,
                                                                            "children": [
                                                                                {
                                                                                    "operator_name": "READ_PARQUET ",
                                                                                    "cpu_time": 0.10748079799999993,
                                                                                    "extra_info": {
                                                                                        "Function": "READ_PARQUET",
                                                                                        "Projections": [
                                                                                            "id",
                                                                                            "reputation",
                                                                                            "displayname"
                                                                                        ],
                                                                                        "Estimated Cardinality": "252142"
                                                                                    },
                                                                                    "cumulative_cardinality": 1260710,
                                                                                    "operator_type": "TABLE_SCAN",
                                                                                    "operator_cardinality": 1260710,
                                                                                    "cumulative_rows_scanned": 1260710,
                                                                                    "operator_rows_scanned": 1260710,
                                                                                    "operator_timing": 0.10748079799999993,
                                                                                    "result_set_size": 30257040,
                                                                                    "children": []
                                                                                }
                                                                            ]
                                                                        }
                                                                    ]
                                                                }
                                                            ]
                                                        }
                                                    ]
                                                }
                                            ]
                                        }
                                    ]
                                }
                            ]
                        }
                    ]
                }
            ]
        }
    ]
}