{
    "rows_returned": 0,
    "query_name": "WITH UserVoteStats AS (\n    SELECT \n        U.Id AS UserId,\n        U.DisplayName,\n        COUNT(CASE WHEN V.VoteTypeId = 2 THEN 1 END) AS UpVotes,\n        COUNT(CASE WHEN V.VoteTypeId = 3 THEN 1 END) AS DownVotes,\n        COUNT(*) AS TotalVotes,\n        COALESCE(SUM(V.BountyAmount), 0) AS TotalBountyAmount\n    FROM \n        Users U\n    LEFT JOIN \n        Votes V ON U.Id = V.UserId\n    GROUP BY \n        U.Id, U.DisplayName\n),\nPostStats AS (\n    SELECT \n        P.OwnerUserId,\n        COUNT(P.Id) AS TotalPosts,\n        SUM(CASE WHEN P.PostTypeId = 1 THEN 1 ELSE 0 END) AS Questions,\n        SUM(CASE WHEN P.PostTypeId = 2 THEN 1 ELSE 0 END) AS Answers,\n        SUM(COALESCE(P.FavoriteCount, 0)) AS FavoritePosts\n    FROM \n        Posts P\n    GROUP BY \n        P.OwnerUserId\n),\nCombinedStats AS (\n    SELECT \n        U.Id AS UserId,\n        U.DisplayName,\n        COALESCE(P.TotalPosts, 0) AS TotalPosts,\n        COALESCE(P.Questions, 0) AS Questions,\n        COALESCE(P.Answers, 0) AS Answers,\n        COALESCE(UV.UpVotes, 0) AS UpVotes,\n        COALESCE(UV.DownVotes, 0) AS DownVotes,\n        COALESCE(UV.TotalVotes, 0) AS TotalVotes,\n        COALESCE(UV.TotalBountyAmount, 0) AS TotalBountyAmount,\n        COALESCE(P.FavoritePosts, 0) AS FavoritePosts\n    FROM \n        Users U\n    LEFT JOIN \n        PostStats P ON U.Id = P.OwnerUserId\n    LEFT JOIN \n        UserVoteStats UV ON U.Id = UV.UserId\n)\nSELECT \n    C.UserId,\n    C.DisplayName,\n    C.TotalPosts,\n    C.Questions,\n    C.Answers,\n    C.UpVotes,\n    C.DownVotes,\n    C.TotalVotes,\n    C.TotalBountyAmount,\n    C.FavoritePosts,\n    CASE \n        WHEN C.UpVotes > C.DownVotes THEN 'Predominantly Positive'\n        WHEN C.UpVotes < C.DownVotes THEN 'Predominantly Negative'\n        ELSE 'Neutral'\n    END AS VoteSentiment,\n    CASE \n        WHEN C.TotalPosts > 100 THEN 'Veteran'\n        WHEN C.TotalPosts BETWEEN 50 AND 100 THEN 'Experienced'\n        ELSE 'Novice'\n    END AS UserLevel\nFROM \n    CombinedStats C\nWHERE \n    C.TotalVotes > 10 AND \n    C.UpVotes / NULLIF(C.TotalVotes, 0) > 0.5\nORDER BY \n    C.TotalBountyAmount DESC, \n    C.UpVotes DESC;\n",
    "blocked_thread_time": 0.0,
    "cpu_time": 1.1696188300000006,
    "extra_info": {},
    "cumulative_cardinality": 15735396,
    "cumulative_rows_scanned": 19115629,
    "result_set_size": 0,
    "latency": 1.287421613,
    "children": [
        {
            "operator_name": "PROJECTION",
            "cpu_time": 1.1696188300000006,
            "extra_info": {
                "Projections": [
                    "#0",
                    "#1",
                    "#2",
                    "#3",
                    "#4",
                    "#5",
                    "#6",
                    "#7",
                    "#8",
                    "#9",
                    "#10",
                    "__internal_decompress_string(#11)"
                ],
                "Estimated Cardinality": "385011"
            },
            "cumulative_cardinality": 15735396,
            "operator_type": "PROJECTION",
            "operator_cardinality": 0,
            "cumulative_rows_scanned": 19115629,
            "operator_rows_scanned": 0,
            "operator_timing": 0.0,
            "result_set_size": 0,
            "children": [
                {
                    "operator_name": "ORDER_BY",
                    "cpu_time": 1.1696188300000006,
                    "extra_info": {
                        "Order By": [
                            "C.TotalBountyAmount DESC",
                            "C.UpVotes DESC"
                        ]
                    },
                    "cumulative_cardinality": 15735396,
                    "operator_type": "ORDER_BY",
                    "operator_cardinality": 0,
                    "cumulative_rows_scanned": 19115629,
                    "operator_rows_scanned": 0,
                    "operator_timing": 3.01e-7,
                    "result_set_size": 0,
                    "children": [
                        {
                            "operator_name": "PROJECTION",
                            "cpu_time": 1.1696185290000005,
                            "extra_info": {
                                "Projections": [
                                    "#0",
                                    "#1",
                                    "#2",
                                    "#3",
                                    "#4",
                                    "#5",
                                    "#6",
                                    "#7",
                                    "#8",
                                    "#9",
                                    "#10",
                                    "__internal_compress_string_hugeint(#11)"
                                ],
                                "Estimated Cardinality": "385011"
                            },
                            "cumulative_cardinality": 15735396,
                            "operator_type": "PROJECTION",
                            "operator_cardinality": 0,
                            "cumulative_rows_scanned": 19115629,
                            "operator_rows_scanned": 0,
                            "operator_timing": 0.0,
                            "result_set_size": 0,
                            "children": [
                                {
                                    "operator_name": "PROJECTION",
                                    "cpu_time": 1.1696185290000005,
                                    "extra_info": {
                                        "Projections": [
                                            "UserId",
                                            "displayname",
                                            "TotalPosts",
                                            "Questions",
                                            "Answers",
                                            "UpVotes",
                                            "DownVotes",
                                            "TotalVotes",
                                            "TotalBountyAmount",
                                            "FavoritePosts",
                                            "VoteSentiment",
                                            "UserLevel"
                                        ],
                                        "Estimated Cardinality": "385011"
                                    },
                                    "cumulative_cardinality": 15735396,
                                    "operator_type": "PROJECTION",
                                    "operator_cardinality": 0,
                                    "cumulative_rows_scanned": 19115629,
                                    "operator_rows_scanned": 0,
                                    "operator_timing": 0.0,
                                    "result_set_size": 0,
                                    "children": [
                                        {
                                            "operator_name": "FILTER",
                                            "cpu_time": 1.1696185290000005,
                                            "extra_info": {
                                                "Expression": "((CAST(UpVotes AS DOUBLE) / CAST(CASE  WHEN ((TotalVotes = 0)) THEN (NULL) ELSE TotalVotes END AS DOUBLE)) > 0.5)",
                                                "Estimated Cardinality": "385011"
                                            },
                                            "cumulative_cardinality": 15735396,
                                            "operator_type": "FILTER",
                                            "operator_cardinality": 0,
                                            "cumulative_rows_scanned": 19115629,
                                            "operator_rows_scanned": 0,
                                            "operator_timing": 0.000055133,
                                            "result_set_size": 0,
                                            "children": [
                                                {
                                                    "operator_name": "PROJECTION",
                                                    "cpu_time": 1.1695633960000005,
                                                    "extra_info": {
                                                        "Projections": [
                                                            "UserId",
                                                            "displayname",
                                                            "TotalPosts",
                                                            "Questions",
                                                            "Answers",
                                                            "UpVotes",
                                                            "DownVotes",
                                                            "TotalVotes",
                                                            "TotalBountyAmount",
                                                            "FavoritePosts"
                                                        ],
                                                        "Estimated Cardinality": "385011"
                                                    },
                                                    "cumulative_cardinality": 15735396,
                                                    "operator_type": "PROJECTION",
                                                    "operator_cardinality": 539,
                                                    "cumulative_rows_scanned": 19115629,
                                                    "operator_rows_scanned": 0,
                                                    "operator_timing": 0.000143168,
                                                    "result_set_size": 62524,
                                                    "children": [
                                                        {
                                                            "operator_name": "HASH_JOIN",
                                                            "cpu_time": 1.1694202280000006,
                                                            "extra_info": {
                                                                "Join Type": "INNER",
                                                                "Conditions": "id = UserId",
                                                                "Estimated Cardinality": "385011"
                                                            },
                                                            "cumulative_cardinality": 15734857,
                                                            "operator_type": "HASH_JOIN",
                                                            "operator_cardinality": 539,
                                                            "cumulative_rows_scanned": 19115629,
                                                            "operator_rows_scanned": 0,
                                                            "operator_timing": 0.008035657999999994,
                                                            "result_set_size": 62524,
                                                            "children": [
                                                                {
                                                                    "operator_name": "HASH_JOIN",
                                                                    "cpu_time": 0.49084891199999975,
                                                                    "extra_info": {
                                                                        "Join Type": "RIGHT",
                                                                        "Conditions": "owneruserid = id",
                                                                        "Estimated Cardinality": "1925058"
                                                                    },
                                                                    "cumulative_cardinality": 10593284,
                                                                    "operator_type": "HASH_JOIN",
                                                                    "operator_cardinality": 1260710,
                                                                    "cumulative_rows_scanned": 5110826,
                                                                    "operator_rows_scanned": 0,
                                                                    "operator_timing": 0.11330136699999997,
                                                                    "result_set_size": 95813960,
                                                                    "children": [
                                                                        {
                                                                            "operator_name": "HASH_GROUP_BY",
                                                                            "cpu_time": 0.27495371199999974,
                                                                            "extra_info": {
                                                                                "Groups": "#0",
                                                                                "Aggregates": [
                                                                                    "count_star()",
                                                                                    "sum(#1)",
                                                                                    "sum(#2)",
                                                                                    "sum(#3)"
                                                                                ],
                                                                                "Estimated Cardinality": "1925058"
                                                                            },
                                                                            "cumulative_cardinality": 8071864,
                                                                            "operator_type": "HASH_GROUP_BY",
                                                                            "operator_cardinality": 371632,
                                                                            "cumulative_rows_scanned": 3850116,
                                                                            "operator_rows_scanned": 0,
                                                                            "operator_timing": 0.1362103539999999,
                                                                            "result_set_size": 22297920,
                                                                            "children": [
                                                                                {
                                                                                    "operator_name": "PROJECTION",
                                                                                    "cpu_time": 0.13874335799999984,
                                                                                    "extra_info": {
                                                                                        "Projections": [
                                                                                            "owneruserid",
                                                                                            "CASE  WHEN ((posttypeid = 1)) THEN (1) ELSE 0 END",
                                                                                            "CASE  WHEN ((posttypeid = 2)) THEN (1) ELSE 0 END",
                                                                                            "COALESCE(favoritecount, 0)"
                                                                                        ],
                                                                                        "Estimated Cardinality": "3850116"
                                                                                    },
                                                                                    "cumulative_cardinality": 7700232,
                                                                                    "operator_type": "PROJECTION",
                                                                                    "operator_cardinality": 3850116,
                                                                                    "cumulative_rows_scanned": 3850116,
                                                                                    "operator_rows_scanned": 0,
                                                                                    "operator_timing": 0.07446531099999994,
                                                                                    "result_set_size": 61601856,
                                                                                    "children": [
                                                                                        {
                                                                                            "operator_name": "READ_PARQUET ",
                                                                                            "cpu_time": 0.06427804699999991,
                                                                                            "extra_info": {
                                                                                                "Function": "READ_PARQUET",
                                                                                                "Projections": [
                                                                                                    "id",
                                                                                                    "posttypeid",
                                                                                                    "owneruserid",
                                                                                                    "favoritecount"
                                                                                                ],
                                                                                                "Estimated Cardinality": "3850116"
                                                                                            },
                                                                                            "cumulative_cardinality": 3850116,
                                                                                            "operator_type": "TABLE_SCAN",
                                                                                            "operator_cardinality": 3850116,
                                                                                            "cumulative_rows_scanned": 3850116,
                                                                                            "operator_rows_scanned": 3850116,
                                                                                            "operator_timing": 0.06427804699999991,
                                                                                            "result_set_size": 53901624,
                                                                                            "children": []
                                                                                        }
                                                                                    ]
                                                                                }
                                                                            ]
                                                                        },
                                                                        {
                                                                            "operator_name": "READ_PARQUET ",
                                                                            "cpu_time": 0.10259383300000002,
                                                                            "extra_info": {
                                                                                "Function": "READ_PARQUET",
                                                                                "Projections": [
                                                                                    "id",
                                                                                    "displayname"
                                                                                ],
                                                                                "Estimated Cardinality": "1260710"
                                                                            },
                                                                            "cumulative_cardinality": 1260710,
                                                                            "operator_type": "TABLE_SCAN",
                                                                            "operator_cardinality": 1260710,
                                                                            "cumulative_rows_scanned": 1260710,
                                                                            "operator_rows_scanned": 1260710,
                                                                            "operator_timing": 0.10259383300000002,
                                                                            "result_set_size": 25214200,
                                                                            "children": []
                                                                        }
                                                                    ]
                                                                },
                                                                {
                                                                    "operator_name": "PROJECTION",
                                                                    "cpu_time": 0.6705356580000008,
                                                                    "extra_info": {
                                                                        "Projections": [
                                                                            "UserId",
                                                                            "UpVotes",
                                                                            "DownVotes",
                                                                            "TotalVotes",
                                                                            "TotalBountyAmount"
                                                                        ],
                                                                        "Estimated Cardinality": "252142"
                                                                    },
                                                                    "cumulative_cardinality": 5141034,
                                                                    "operator_type": "PROJECTION",
                                                                    "operator_cardinality": 539,
                                                                    "cumulative_rows_scanned": 14004803,
                                                                    "operator_rows_scanned": 0,
                                                                    "operator_timing": 0.000042981999999999996,
                                                                    "result_set_size": 23716,
                                                                    "children": [
                                                                        {
                                                                            "operator_name": "PROJECTION",
                                                                            "cpu_time": 0.6704926760000008,
                                                                            "extra_info": {
                                                                                "Projections": [
                                                                                    "#0",
                                                                                    "#2",
                                                                                    "#3",
                                                                                    "#4",
                                                                                    "#5"
                                                                                ],
                                                                                "Estimated Cardinality": "252142"
                                                                            },
                                                                            "cumulative_cardinality": 5140495,
                                                                            "operator_type": "PROJECTION",
                                                                            "operator_cardinality": 539,
                                                                            "cumulative_rows_scanned": 14004803,
                                                                            "operator_rows_scanned": 0,
                                                                            "operator_timing": 0.000005972,
                                                                            "result_set_size": 23716,
                                                                            "children": [
                                                                                {
                                                                                    "operator_name": "FILTER",
                                                                                    "cpu_time": 0.6704867040000009,
                                                                                    "extra_info": {
                                                                                        "Expression": "(COALESCE(TotalVotes, 0) > 10)",
                                                                                        "Estimated Cardinality": "252142"
                                                                                    },
                                                                                    "cumulative_cardinality": 5139956,
                                                                                    "operator_type": "FILTER",
                                                                                    "operator_cardinality": 539,
                                                                                    "cumulative_rows_scanned": 14004803,
                                                                                    "operator_rows_scanned": 0,
                                                                                    "operator_timing": 0.010308475000000001,
                                                                                    "result_set_size": 32340,
                                                                                    "children": [
                                                                                        {
                                                                                            "operator_name": "HASH_GROUP_BY",
                                                                                            "cpu_time": 0.6601782290000009,
                                                                                            "extra_info": {
                                                                                                "Groups": [
                                                                                                    "#0",
                                                                                                    "#1"
                                                                                                ],
                                                                                                "Aggregates": [
                                                                                                    "count(#2)",
                                                                                                    "count(#3)",
                                                                                                    "count_star()",
                                                                                                    "sum(#4)"
                                                                                                ],
                                                                                                "Estimated Cardinality": "1260710"
                                                                                            },
                                                                                            "cumulative_cardinality": 5139417,
                                                                                            "operator_type": "HASH_GROUP_BY",
                                                                                            "operator_cardinality": 1260710,
                                                                                            "cumulative_rows_scanned": 14004803,
                                                                                            "operator_rows_scanned": 0,
                                                                                            "operator_timing": 0.3074919069999998,
                                                                                            "result_set_size": 75642600,
                                                                                            "children": [
                                                                                                {
                                                                                                    "operator_name": "PROJECTION",
                                                                                                    "cpu_time": 0.3526863220000011,
                                                                                                    "extra_info": {
                                                                                                        "Projections": [
                                                                                                            "id",
                                                                                                            "displayname",
                                                                                                            "CASE  WHEN ((votetypeid = 2)) THEN (1) ELSE NULL END",
                                                                                                            "CASE  WHEN ((votetypeid = 3)) THEN (1) ELSE NULL END",
                                                                                                            "bountyamount"
                                                                                                        ],
                                                                                                        "Estimated Cardinality": "12744093"
                                                                                                    },
                                                                                                    "cumulative_cardinality": 3878707,
                                                                                                    "operator_type": "PROJECTION",
                                                                                                    "operator_cardinality": 1288855,
                                                                                                    "cumulative_rows_scanned": 14004803,
                                                                                                    "operator_rows_scanned": 0,
                                                                                                    "operator_timing": 0.0023468189999999996,
                                                                                                    "result_set_size": 41243360,
                                                                                                    "children": [
                                                                                                        {
                                                                                                            "operator_name": "HASH_JOIN",
                                                                                                            "cpu_time": 0.3503395030000011,
                                                                                                            "extra_info": {
                                                                                                                "Join Type": "RIGHT",
                                                                                                                "Conditions": "userid = id",
                                                                                                                "Estimated Cardinality": "12744093"
                                                                                                            },
                                                                                                            "cumulative_cardinality": 2589852,
                                                                                                            "operator_type": "HASH_JOIN",
                                                                                                            "operator_cardinality": 1288855,
                                                                                                            "cumulative_rows_scanned": 14004803,
                                                                                                            "operator_rows_scanned": 0,
                                                                                                            "operator_timing": 0.11100600900000113,
                                                                                                            "result_set_size": 33510230,
                                                                                                            "children": [
                                                                                                                {
                                                                                                                    "operator_name": "READ_PARQUET ",
                                                                                                                    "cpu_time": 0.16162439799999992,
                                                                                                                    "extra_info": {
                                                                                                                        "Function": "READ_PARQUET",
                                                                                                                        "Projections": [
                                                                                                                            "votetypeid",
                                                                                                                            "userid",
                                                                                                                            "bountyamount"
                                                                                                                        ],
                                                                                                                        "Estimated Cardinality": "12744093"
                                                                                                                    },
                                                                                                                    "cumulative_cardinality": 40287,
                                                                                                                    "operator_type": "TABLE_SCAN",
                                                                                                                    "operator_cardinality": 40287,
                                                                                                                    "cumulative_rows_scanned": 12744093,
                                                                                                                    "operator_rows_scanned": 12744093,
                                                                                                                    "operator_timing": 0.16162439799999992,
                                                                                                                    "result_set_size": 402870,
                                                                                                                    "children": []
                                                                                                                },
                                                                                                                {
                                                                                                                    "operator_name": "READ_PARQUET ",
                                                                                                                    "cpu_time": 0.07770909600000003,
                                                                                                                    "extra_info": {
                                                                                                                        "Function": "READ_PARQUET",
                                                                                                                        "Projections": [
                                                                                                                            "id",
                                                                                                                            "displayname"
                                                                                                                        ],
                                                                                                                        "Estimated Cardinality": "1260710"
                                                                                                                    },
                                                                                                                    "cumulative_cardinality": 1260710,
                                                                                                                    "operator_type": "TABLE_SCAN",
                                                                                                                    "operator_cardinality": 1260710,
                                                                                                                    "cumulative_rows_scanned": 1260710,
                                                                                                                    "operator_rows_scanned": 1260710,
                                                                                                                    "operator_timing": 0.07770909600000003,
                                                                                                                    "result_set_size": 25214200,
                                                                                                                    "children": []
                                                                                                                }
                                                                                                            ]
                                                                                                        }
                                                                                                    ]
                                                                                                }
                                                                                            ]
                                                                                        }
                                                                                    ]
                                                                                }
                                                                            ]
                                                                        }
                                                                    ]
                                                                }
                                                            ]
                                                        }
                                                    ]
                                                }
                                            ]
                                        }
                                    ]
                                }
                            ]
                        }
                    ]
                }
            ]
        }
    ]
}