{
    "rows_returned": 10,
    "query_name": "\nWITH UserReputation AS (\n    SELECT \n        Id, \n        DisplayName, \n        Reputation, \n        CASE \n            WHEN Reputation > 1000 THEN 'High'\n            WHEN Reputation BETWEEN 500 AND 1000 THEN 'Medium'\n            ELSE 'Low'\n        END AS ReputationLevel\n    FROM Users\n),\nPostStatistics AS (\n    SELECT \n        p.Id AS PostId, \n        p.Title, \n        p.CreationDate, \n        p.Score,\n        COALESCE(p.AnswerCount, 0) AS AnswerCount,\n        COALESCE(p.ViewCount, 0) AS ViewCount,\n        ROW_NUMBER() OVER (PARTITION BY p.OwnerUserId ORDER BY p.CreationDate DESC) AS PostRank,\n        p.OwnerUserId\n    FROM Posts p\n    WHERE p.CreationDate >= TIMESTAMP '2024-10-01 12:34:56' - INTERVAL '1 year'\n),\nClosedPosts AS (\n    SELECT \n        ph.PostId, \n        ph.CreationDate, \n        ph.Comment \n    FROM PostHistory ph\n    JOIN PostHistoryTypes pht ON ph.PostHistoryTypeId = pht.Id\n    WHERE pht.Name = 'Post Closed'\n),\nCombinedResults AS (\n    SELECT \n        ur.DisplayName, \n        ur.ReputationLevel,\n        ps.Title,\n        ps.CreationDate,\n        ps.Score,\n        ps.AnswerCount,\n        ps.ViewCount,\n        cp.Comment AS ClosureComments\n    FROM PostStatistics ps\n    JOIN UserReputation ur ON ps.OwnerUserId = ur.Id\n    LEFT JOIN ClosedPosts cp ON ps.PostId = cp.PostId\n    WHERE ur.ReputationLevel = 'High'\n)\n\nSELECT \n    DisplayName, \n    COUNT(Title) AS TotalPosts, \n    AVG(Score) AS AvgScore, \n    SUM(COALESCE(AnswerCount, 0)) AS TotalAnswers,\n    MAX(ViewCount) AS MaxViews,\n    STRING_AGG(ClosureComments, ', ') AS ClosureRemarks\nFROM CombinedResults\nGROUP BY DisplayName\nHAVING COUNT(Title) > 5\nORDER BY AvgScore DESC\nLIMIT 10;\n",
    "blocked_thread_time": 0.0,
    "cpu_time": 0.29614987700000006,
    "extra_info": {},
    "cumulative_cardinality": 2194750,
    "cumulative_rows_scanned": 16906104,
    "result_set_size": 680,
    "latency": 0.315997529,
    "children": [
        {
            "operator_name": "STREAMING_LIMIT",
            "cpu_time": 0.29614987700000006,
            "extra_info": {},
            "cumulative_cardinality": 2194750,
            "operator_type": "STREAMING_LIMIT",
            "operator_cardinality": 10,
            "cumulative_rows_scanned": 16906104,
            "operator_rows_scanned": 0,
            "operator_timing": 0.000001403,
            "result_set_size": 680,
            "children": [
                {
                    "operator_name": "ORDER_BY",
                    "cpu_time": 0.29614847400000005,
                    "extra_info": {
                        "Order By": "avg(CombinedResults.Score) DESC"
                    },
                    "cumulative_cardinality": 2194740,
                    "operator_type": "ORDER_BY",
                    "operator_cardinality": 686,
                    "cumulative_rows_scanned": 16906104,
                    "operator_rows_scanned": 0,
                    "operator_timing": 0.00010626900000000001,
                    "result_set_size": 46648,
                    "children": [
                        {
                            "operator_name": "FILTER",
                            "cpu_time": 0.29604220500000006,
                            "extra_info": {
                                "Expression": "(count(title) > 5)",
                                "Estimated Cardinality": "208151"
                            },
                            "cumulative_cardinality": 2194054,
                            "operator_type": "FILTER",
                            "operator_cardinality": 686,
                            "cumulative_rows_scanned": 16906104,
                            "operator_rows_scanned": 0,
                            "operator_timing": 0.000032,
                            "result_set_size": 46648,
                            "children": [
                                {
                                    "operator_name": "HASH_GROUP_BY",
                                    "cpu_time": 0.2960102050000001,
                                    "extra_info": {
                                        "Groups": "#0",
                                        "Aggregates": [
                                            "count(#1)",
                                            "avg(#2)",
                                            "sum(#3)",
                                            "max(#4)",
                                            "string_agg(#5)"
                                        ],
                                        "Estimated Cardinality": "1040756"
                                    },
                                    "cumulative_cardinality": 2193368,
                                    "operator_type": "HASH_GROUP_BY",
                                    "operator_cardinality": 3542,
                                    "cumulative_rows_scanned": 16906104,
                                    "operator_rows_scanned": 0,
                                    "operator_timing": 0.003505228999999999,
                                    "result_set_size": 240856,
                                    "children": [
                                        {
                                            "operator_name": "PROJECTION",
                                            "cpu_time": 0.2925049760000001,
                                            "extra_info": {
                                                "Projections": [
                                                    "displayname",
                                                    "title",
                                                    "score",
                                                    "COALESCE(AnswerCount, 0)",
                                                    "ViewCount",
                                                    "ClosureComments"
                                                ],
                                                "Estimated Cardinality": "2081513"
                                            },
                                            "cumulative_cardinality": 2189826,
                                            "operator_type": "PROJECTION",
                                            "operator_cardinality": 72236,
                                            "cumulative_rows_scanned": 16906104,
                                            "operator_rows_scanned": 0,
                                            "operator_timing": 0.000559646,
                                            "result_set_size": 4334160,
                                            "children": [
                                                {
                                                    "operator_name": "PROJECTION",
                                                    "cpu_time": 0.29194533000000006,
                                                    "extra_info": {
                                                        "Projections": [
                                                            "displayname",
                                                            "title",
                                                            "score",
                                                            "AnswerCount",
                                                            "ViewCount",
                                                            "ClosureComments"
                                                        ],
                                                        "Estimated Cardinality": "2081513"
                                                    },
                                                    "cumulative_cardinality": 2117590,
                                                    "operator_type": "PROJECTION",
                                                    "operator_cardinality": 72236,
                                                    "cumulative_rows_scanned": 16906104,
                                                    "operator_rows_scanned": 0,
                                                    "operator_timing": 0.000014770999999999998,
                                                    "result_set_size": 4334160,
                                                    "children": [
                                                        {
                                                            "operator_name": "HASH_JOIN",
                                                            "cpu_time": 0.29193055900000003,
                                                            "extra_info": {
                                                                "Join Type": "RIGHT",
                                                                "Conditions": "postid = PostId",
                                                                "Estimated Cardinality": "2081513"
                                                            },
                                                            "cumulative_cardinality": 2045354,
                                                            "operator_type": "HASH_JOIN",
                                                            "operator_cardinality": 72236,
                                                            "cumulative_rows_scanned": 16906104,
                                                            "operator_rows_scanned": 0,
                                                            "operator_timing": 0.0066859200000000014,
                                                            "result_set_size": 4334160,
                                                            "children": [
                                                                {
                                                                    "operator_name": "PROJECTION",
                                                                    "cpu_time": 0.041419969999999987,
                                                                    "extra_info": {
                                                                        "Projections": [
                                                                            "postid",
                                                                            "comment"
                                                                        ],
                                                                        "Estimated Cardinality": "2081513"
                                                                    },
                                                                    "cumulative_cardinality": 24370,
                                                                    "operator_type": "PROJECTION",
                                                                    "operator_cardinality": 8123,
                                                                    "cumulative_rows_scanned": 11795278,
                                                                    "operator_rows_scanned": 0,
                                                                    "operator_timing": 0.000002165,
                                                                    "result_set_size": 162460,
                                                                    "children": [
                                                                        {
                                                                            "operator_name": "HASH_JOIN",
                                                                            "cpu_time": 0.04141780499999999,
                                                                            "extra_info": {
                                                                                "Join Type": "INNER",
                                                                                "Conditions": "posthistorytypeid = id",
                                                                                "Estimated Cardinality": "2081513"
                                                                            },
                                                                            "cumulative_cardinality": 16247,
                                                                            "operator_type": "HASH_JOIN",
                                                                            "operator_cardinality": 8123,
                                                                            "cumulative_rows_scanned": 11795278,
                                                                            "operator_rows_scanned": 0,
                                                                            "operator_timing": 0.0005642950000000001,
                                                                            "result_set_size": 178706,
                                                                            "children": [
                                                                                {
                                                                                    "operator_name": "READ_PARQUET ",
                                                                                    "cpu_time": 0.04049701499999999,
                                                                                    "extra_info": {
                                                                                        "Function": "READ_PARQUET",
                                                                                        "Projections": [
                                                                                            "posthistorytypeid",
                                                                                            "postid",
                                                                                            "comment"
                                                                                        ],
                                                                                        "Estimated Cardinality": "11795244"
                                                                                    },
                                                                                    "cumulative_cardinality": 8123,
                                                                                    "operator_type": "TABLE_SCAN",
                                                                                    "operator_cardinality": 8123,
                                                                                    "cumulative_rows_scanned": 11795244,
                                                                                    "operator_rows_scanned": 11795244,
                                                                                    "operator_timing": 0.04049701499999999,
                                                                                    "result_set_size": 178706,
                                                                                    "children": []
                                                                                },
                                                                                {
                                                                                    "operator_name": "READ_PARQUET ",
                                                                                    "cpu_time": 0.000356495,
                                                                                    "extra_info": {
                                                                                        "Function": "READ_PARQUET",
                                                                                        "Projections": "id",
                                                                                        "Filters": "name='Post Closed'",
                                                                                        "Estimated Cardinality": "6"
                                                                                    },
                                                                                    "cumulative_cardinality": 1,
                                                                                    "operator_type": "TABLE_SCAN",
                                                                                    "operator_cardinality": 1,
                                                                                    "cumulative_rows_scanned": 34,
                                                                                    "operator_rows_scanned": 34,
                                                                                    "operator_timing": 0.000356495,
                                                                                    "result_set_size": 2,
                                                                                    "children": []
                                                                                }
                                                                            ]
                                                                        }
                                                                    ]
                                                                },
                                                                {
                                                                    "operator_name": "HASH_JOIN",
                                                                    "cpu_time": 0.24382466900000005,
                                                                    "extra_info": {
                                                                        "Join Type": "INNER",
                                                                        "Conditions": "owneruserid = id",
                                                                        "Estimated Cardinality": "154004"
                                                                    },
                                                                    "cumulative_cardinality": 1948748,
                                                                    "operator_type": "HASH_JOIN",
                                                                    "operator_cardinality": 72225,
                                                                    "cumulative_rows_scanned": 5110826,
                                                                    "operator_rows_scanned": 0,
                                                                    "operator_timing": 0.0031349489999999993,
                                                                    "result_set_size": 3466800,
                                                                    "children": [
                                                                        {
                                                                            "operator_name": "PROJECTION",
                                                                            "cpu_time": 0.1437719,
                                                                            "extra_info": {
                                                                                "Projections": [
                                                                                    "PostId",
                                                                                    "title",
                                                                                    "score",
                                                                                    "AnswerCount",
                                                                                    "ViewCount",
                                                                                    "owneruserid"
                                                                                ],
                                                                                "Estimated Cardinality": "770023"
                                                                            },
                                                                            "cumulative_cardinality": 582168,
                                                                            "operator_type": "PROJECTION",
                                                                            "operator_cardinality": 145542,
                                                                            "cumulative_rows_scanned": 3850116,
                                                                            "operator_rows_scanned": 0,
                                                                            "operator_timing": 0.001977793,
                                                                            "result_set_size": 5239512,
                                                                            "children": [
                                                                                {
                                                                                    "operator_name": "PROJECTION",
                                                                                    "cpu_time": 0.141794107,
                                                                                    "extra_info": {
                                                                                        "Projections": [
                                                                                            "#0",
                                                                                            "#1",
                                                                                            "#2",
                                                                                            "#3",
                                                                                            "#4",
                                                                                            "#5",
                                                                                            "#6",
                                                                                            "#7"
                                                                                        ],
                                                                                        "Estimated Cardinality": "770023"
                                                                                    },
                                                                                    "cumulative_cardinality": 436626,
                                                                                    "operator_type": "PROJECTION",
                                                                                    "operator_cardinality": 145542,
                                                                                    "cumulative_rows_scanned": 3850116,
                                                                                    "operator_rows_scanned": 0,
                                                                                    "operator_timing": 0.000033904000000000006,
                                                                                    "result_set_size": 7568184,
                                                                                    "children": [
                                                                                        {
                                                                                            "operator_name": "WINDOW",
                                                                                            "cpu_time": 0.141760203,
                                                                                            "extra_info": {
                                                                                                "Projections": "ROW_NUMBER() OVER (PARTITION BY owneruserid ORDER BY creationdate DESC NULLS LAST)"
                                                                                            },
                                                                                            "cumulative_cardinality": 291084,
                                                                                            "operator_type": "WINDOW",
                                                                                            "operator_cardinality": 145542,
                                                                                            "cumulative_rows_scanned": 3850116,
                                                                                            "operator_rows_scanned": 0,
                                                                                            "operator_timing": 0.04120365500000001,
                                                                                            "result_set_size": 7568184,
                                                                                            "children": [
                                                                                                {
                                                                                                    "operator_name": "READ_PARQUET ",
                                                                                                    "cpu_time": 0.100556548,
                                                                                                    "extra_info": {
                                                                                                        "Function": "READ_PARQUET",
                                                                                                        "Projections": [
                                                                                                            "id",
                                                                                                            "creationdate",
                                                                                                            "score",
                                                                                                            "viewcount",
                                                                                                            "owneruserid",
                                                                                                            "title",
                                                                                                            "answercount"
                                                                                                        ],
                                                                                                        "Filters": "creationdate>='2023-10-01 12:34:56'::TIMESTAMP",
                                                                                                        "Estimated Cardinality": "770023"
                                                                                                    },
                                                                                                    "cumulative_cardinality": 145542,
                                                                                                    "operator_type": "TABLE_SCAN",
                                                                                                    "operator_cardinality": 145542,
                                                                                                    "cumulative_rows_scanned": 3850116,
                                                                                                    "operator_rows_scanned": 3850116,
                                                                                                    "operator_timing": 0.100556548,
                                                                                                    "result_set_size": 6403848,
                                                                                                    "children": []
                                                                                                }
                                                                                            ]
                                                                                        }
                                                                                    ]
                                                                                }
                                                                            ]
                                                                        },
                                                                        {
                                                                            "operator_name": "FILTER",
                                                                            "cpu_time": 0.09691782000000003,
                                                                            "extra_info": {
                                                                                "Expression": "(id <= 1416539)",
                                                                                "Estimated Cardinality": "252142"
                                                                            },
                                                                            "cumulative_cardinality": 1294355,
                                                                            "operator_type": "FILTER",
                                                                            "operator_cardinality": 11215,
                                                                            "cumulative_rows_scanned": 1260710,
                                                                            "operator_rows_scanned": 0,
                                                                            "operator_timing": 0.00007657100000000001,
                                                                            "result_set_size": 224300,
                                                                            "children": [
                                                                                {
                                                                                    "operator_name": "PROJECTION",
                                                                                    "cpu_time": 0.09684124900000003,
                                                                                    "extra_info": {
                                                                                        "Projections": [
                                                                                            "#0",
                                                                                            "#2"
                                                                                        ],
                                                                                        "Estimated Cardinality": "252142"
                                                                                    },
                                                                                    "cumulative_cardinality": 1283140,
                                                                                    "operator_type": "PROJECTION",
                                                                                    "operator_cardinality": 11215,
                                                                                    "cumulative_rows_scanned": 1260710,
                                                                                    "operator_rows_scanned": 0,
                                                                                    "operator_timing": 0.000009692000000000005,
                                                                                    "result_set_size": 224300,
                                                                                    "children": [
                                                                                        {
                                                                                            "operator_name": "FILTER",
                                                                                            "cpu_time": 0.09683155700000003,
                                                                                            "extra_info": {
                                                                                                "Expression": "(CASE  WHEN ((reputation > 1000)) THEN ('High') WHEN (((reputation >= 500) AND (reputation <= 1000))) THEN ('Medium') ELSE 'Low' END = 'High')",
                                                                                                "Estimated Cardinality": "252142"
                                                                                            },
                                                                                            "cumulative_cardinality": 1271925,
                                                                                            "operator_type": "FILTER",
                                                                                            "operator_cardinality": 11215,
                                                                                            "cumulative_rows_scanned": 1260710,
                                                                                            "operator_rows_scanned": 0,
                                                                                            "operator_timing": 0.013586974999999989,
                                                                                            "result_set_size": 269160,
                                                                                            "children": [
                                                                                                {
                                                                                                    "operator_name": "READ_PARQUET ",
                                                                                                    "cpu_time": 0.08324458200000004,
                                                                                                    "extra_info": {
                                                                                                        "Function": "READ_PARQUET",
                                                                                                        "Projections": [
                                                                                                            "id",
                                                                                                            "reputation",
                                                                                                            "displayname"
                                                                                                        ],
                                                                                                        "Estimated Cardinality": "1260710"
                                                                                                    },
                                                                                                    "cumulative_cardinality": 1260710,
                                                                                                    "operator_type": "TABLE_SCAN",
                                                                                                    "operator_cardinality": 1260710,
                                                                                                    "cumulative_rows_scanned": 1260710,
                                                                                                    "operator_rows_scanned": 1260710,
                                                                                                    "operator_timing": 0.08324458200000004,
                                                                                                    "result_set_size": 30257040,
                                                                                                    "children": []
                                                                                                }
                                                                                            ]
                                                                                        }
                                                                                    ]
                                                                                }
                                                                            ]
                                                                        }
                                                                    ]
                                                                }
                                                            ]
                                                        }
                                                    ]
                                                }
                                            ]
                                        }
                                    ]
                                }
                            ]
                        }
                    ]
                }
            ]
        }
    ]
}