{
    "rows_returned": 10,
    "query_name": "\nWITH UserBadges AS (\n    SELECT \n        u.Id AS UserId, \n        u.DisplayName, \n        COUNT(b.Id) AS TotalBadges,\n        SUM(CASE WHEN b.Class = 1 THEN 1 ELSE 0 END) AS GoldBadges,\n        SUM(CASE WHEN b.Class = 2 THEN 1 ELSE 0 END) AS SilverBadges,\n        SUM(CASE WHEN b.Class = 3 THEN 1 ELSE 0 END) AS BronzeBadges\n    FROM \n        Users u\n    LEFT JOIN \n        Badges b ON u.Id = b.UserId\n    GROUP BY \n        u.Id, u.DisplayName\n),\nPostStatistics AS (\n    SELECT \n        OwnerUserId, \n        COUNT(CASE WHEN PostTypeId = 1 THEN 1 END) AS QuestionCount,\n        COUNT(CASE WHEN PostTypeId = 2 THEN 1 END) AS AnswerCount,\n        SUM(ViewCount) AS TotalViews,\n        AVG(ViewCount) AS AverageViews\n    FROM \n        Posts\n    GROUP BY \n        OwnerUserId\n),\nUserPostStats AS (\n    SELECT \n        u.Id AS UserId,\n        u.DisplayName,\n        COALESCE(ps.QuestionCount, 0) AS Questions, \n        COALESCE(ps.AnswerCount, 0) AS Answers,\n        COALESCE(ps.TotalViews, 0) AS TotalViews,\n        COALESCE(ps.AverageViews, 0) AS AverageViews,\n        ub.TotalBadges,\n        ub.GoldBadges,\n        ub.SilverBadges,\n        ub.BronzeBadges\n    FROM \n        Users u\n    LEFT JOIN \n        PostStatistics ps ON u.Id = ps.OwnerUserId\n    LEFT JOIN \n        UserBadges ub ON u.Id = ub.UserId\n)\nSELECT \n    ups.UserId,\n    ups.DisplayName,\n    ups.Questions,\n    ups.Answers,\n    ups.TotalViews,\n    ups.AverageViews,\n    ups.TotalBadges,\n    ups.GoldBadges,\n    ups.SilverBadges,\n    ups.BronzeBadges,\n    CASE \n        WHEN ups.GoldBadges > 0 THEN 'Gold Badge Holder'\n        WHEN ups.SilverBadges > 0 THEN 'Silver Badge Holder'\n        WHEN ups.BronzeBadges > 0 THEN 'Bronze Badge Holder'\n        ELSE 'No Badges'\n    END AS BadgeStatus\nFROM \n    UserPostStats ups\nWHERE \n    (ups.Questions > 0 OR ups.Answers > 0) \n    AND ups.TotalViews > (\n        SELECT AVG(TotalViews) FROM PostStatistics\n    )\nORDER BY \n    ups.TotalViews DESC\nLIMIT 10;\n",
    "blocked_thread_time": 0.0,
    "cpu_time": 1.6041696559999996,
    "extra_info": {},
    "cumulative_cardinality": 22937827,
    "cumulative_rows_scanned": 8693260,
    "result_set_size": 1320,
    "latency": 1.712215918,
    "children": [
        {
            "operator_name": "STREAMING_LIMIT",
            "cpu_time": 1.6041696559999996,
            "extra_info": {},
            "cumulative_cardinality": 22937827,
            "operator_type": "STREAMING_LIMIT",
            "operator_cardinality": 10,
            "cumulative_rows_scanned": 8693260,
            "operator_rows_scanned": 0,
            "operator_timing": 0.000001483,
            "result_set_size": 1320,
            "children": [
                {
                    "operator_name": "ORDER_BY",
                    "cpu_time": 1.6041681729999997,
                    "extra_info": {
                        "Order By": "ups.TotalViews DESC"
                    },
                    "cumulative_cardinality": 22937817,
                    "operator_type": "ORDER_BY",
                    "operator_cardinality": 4096,
                    "cumulative_rows_scanned": 8693260,
                    "operator_rows_scanned": 0,
                    "operator_timing": 0.005639556999999997,
                    "result_set_size": 540672,
                    "children": [
                        {
                            "operator_name": "PROJECTION",
                            "cpu_time": 1.5985286159999996,
                            "extra_info": {
                                "Projections": [
                                    "UserId",
                                    "displayname",
                                    "Questions",
                                    "Answers",
                                    "TotalViews",
                                    "AverageViews",
                                    "TotalBadges",
                                    "GoldBadges",
                                    "SilverBadges",
                                    "BronzeBadges",
                                    "BadgeStatus"
                                ],
                                "Estimated Cardinality": "4812645"
                            },
                            "cumulative_cardinality": 22933721,
                            "operator_type": "PROJECTION",
                            "operator_cardinality": 44890,
                            "cumulative_rows_scanned": 8693260,
                            "operator_rows_scanned": 0,
                            "operator_timing": 0.0015155890000000003,
                            "result_set_size": 5925480,
                            "children": [
                                {
                                    "operator_name": "CTE",
                                    "cpu_time": 1.5970130269999996,
                                    "extra_info": {
                                        "CTE Name": "PostStatistics",
                                        "Table Index": "0"
                                    },
                                    "cumulative_cardinality": 22888831,
                                    "operator_type": "CTE",
                                    "operator_cardinality": 0,
                                    "cumulative_rows_scanned": 8693260,
                                    "operator_rows_scanned": 0,
                                    "operator_timing": 0.003698531999999997,
                                    "result_set_size": 0,
                                    "children": [
                                        {
                                            "operator_name": "HASH_GROUP_BY",
                                            "cpu_time": 0.30400342199999975,
                                            "extra_info": {
                                                "Groups": "#0",
                                                "Aggregates": [
                                                    "count(#1)",
                                                    "count(#2)",
                                                    "sum(#3)",
                                                    "avg(#4)"
                                                ],
                                                "Estimated Cardinality": "1925058"
                                            },
                                            "cumulative_cardinality": 8071864,
                                            "operator_type": "HASH_GROUP_BY",
                                            "operator_cardinality": 371632,
                                            "cumulative_rows_scanned": 3850116,
                                            "operator_rows_scanned": 0,
                                            "operator_timing": 0.1874144239999997,
                                            "result_set_size": 16351808,
                                            "children": [
                                                {
                                                    "operator_name": "PROJECTION",
                                                    "cpu_time": 0.11658899800000007,
                                                    "extra_info": {
                                                        "Projections": [
                                                            "owneruserid",
                                                            "CASE  WHEN ((posttypeid = 1)) THEN (1) ELSE NULL END",
                                                            "CASE  WHEN ((posttypeid = 2)) THEN (1) ELSE NULL END",
                                                            "viewcount",
                                                            "viewcount"
                                                        ],
                                                        "Estimated Cardinality": "3850116"
                                                    },
                                                    "cumulative_cardinality": 7700232,
                                                    "operator_type": "PROJECTION",
                                                    "operator_cardinality": 3850116,
                                                    "cumulative_rows_scanned": 3850116,
                                                    "operator_rows_scanned": 0,
                                                    "operator_timing": 0.05328293300000009,
                                                    "result_set_size": 77002320,
                                                    "children": [
                                                        {
                                                            "operator_name": "READ_PARQUET ",
                                                            "cpu_time": 0.06330606499999998,
                                                            "extra_info": {
                                                                "Function": "READ_PARQUET",
                                                                "Projections": [
                                                                    "posttypeid",
                                                                    "viewcount",
                                                                    "owneruserid"
                                                                ],
                                                                "Estimated Cardinality": "3850116"
                                                            },
                                                            "cumulative_cardinality": 3850116,
                                                            "operator_type": "TABLE_SCAN",
                                                            "operator_cardinality": 3850116,
                                                            "cumulative_rows_scanned": 3850116,
                                                            "operator_rows_scanned": 3850116,
                                                            "operator_timing": 0.06330606499999998,
                                                            "result_set_size": 38501160,
                                                            "children": []
                                                        }
                                                    ]
                                                }
                                            ]
                                        },
                                        {
                                            "operator_name": "NESTED_LOOP_JOIN",
                                            "cpu_time": 1.289311073,
                                            "extra_info": {
                                                "Join Type": "INNER",
                                                "Conditions": "CAST(TotalViews AS DOUBLE) > SUBQUERY",
                                                "Estimated Cardinality": "4812645"
                                            },
                                            "cumulative_cardinality": 14816967,
                                            "operator_type": "NESTED_LOOP_JOIN",
                                            "operator_cardinality": 44890,
                                            "cumulative_rows_scanned": 4843144,
                                            "operator_rows_scanned": 0,
                                            "operator_timing": 0.005901494000000001,
                                            "result_set_size": 5566360,
                                            "children": [
                                                {
                                                    "operator_name": "PROJECTION",
                                                    "cpu_time": 1.280006943,
                                                    "extra_info": {
                                                        "Projections": [
                                                            "UserId",
                                                            "displayname",
                                                            "Questions",
                                                            "Answers",
                                                            "TotalViews",
                                                            "AverageViews",
                                                            "TotalBadges",
                                                            "GoldBadges",
                                                            "SilverBadges",
                                                            "BronzeBadges"
                                                        ],
                                                        "Estimated Cardinality": "1925058"
                                                    },
                                                    "cumulative_cardinality": 14028809,
                                                    "operator_type": "PROJECTION",
                                                    "operator_cardinality": 371624,
                                                    "cumulative_rows_scanned": 4843144,
                                                    "operator_rows_scanned": 0,
                                                    "operator_timing": 0.014007185,
                                                    "result_set_size": 43108384,
                                                    "children": [
                                                        {
                                                            "operator_name": "HASH_JOIN",
                                                            "cpu_time": 1.265999758,
                                                            "extra_info": {
                                                                "Join Type": "LEFT",
                                                                "Conditions": "id = UserId",
                                                                "Estimated Cardinality": "1925058"
                                                            },
                                                            "cumulative_cardinality": 13657185,
                                                            "operator_type": "HASH_JOIN",
                                                            "operator_cardinality": 371624,
                                                            "cumulative_rows_scanned": 4843144,
                                                            "operator_rows_scanned": 0,
                                                            "operator_timing": 0.10382765399999999,
                                                            "result_set_size": 43108384,
                                                            "children": [
                                                                {
                                                                    "operator_name": "HASH_JOIN",
                                                                    "cpu_time": 0.18634501200000003,
                                                                    "extra_info": {
                                                                        "Join Type": "INNER",
                                                                        "Conditions": "owneruserid = id",
                                                                        "Estimated Cardinality": "1925058"
                                                                    },
                                                                    "cumulative_cardinality": 2375591,
                                                                    "operator_type": "HASH_JOIN",
                                                                    "operator_cardinality": 371624,
                                                                    "cumulative_rows_scanned": 1260710,
                                                                    "operator_rows_scanned": 0,
                                                                    "operator_timing": 0.09943981799999999,
                                                                    "result_set_size": 22297440,
                                                                    "children": [
                                                                        {
                                                                            "operator_name": "FILTER",
                                                                            "cpu_time": 0.008481994,
                                                                            "extra_info": {
                                                                                "Expression": "((COALESCE(QuestionCount, 0) > 0) OR (COALESCE(AnswerCount, 0) > 0))",
                                                                                "Estimated Cardinality": "1925058"
                                                                            },
                                                                            "cumulative_cardinality": 743257,
                                                                            "operator_type": "FILTER",
                                                                            "operator_cardinality": 371625,
                                                                            "cumulative_rows_scanned": 0,
                                                                            "operator_rows_scanned": 0,
                                                                            "operator_timing": 0.00789962,
                                                                            "result_set_size": 16351500,
                                                                            "children": [
                                                                                {
                                                                                    "operator_name": "CTE_SCAN",
                                                                                    "cpu_time": 0.0005823739999999999,
                                                                                    "extra_info": {
                                                                                        "CTE Index": "0",
                                                                                        "Estimated Cardinality": "1925058"
                                                                                    },
                                                                                    "cumulative_cardinality": 371632,
                                                                                    "operator_type": "CTE_SCAN",
                                                                                    "operator_cardinality": 371632,
                                                                                    "cumulative_rows_scanned": 0,
                                                                                    "operator_rows_scanned": 0,
                                                                                    "operator_timing": 0.0005823739999999999,
                                                                                    "result_set_size": 16351808,
                                                                                    "children": []
                                                                                }
                                                                            ]
                                                                        },
                                                                        {
                                                                            "operator_name": "READ_PARQUET ",
                                                                            "cpu_time": 0.07842320000000005,
                                                                            "extra_info": {
                                                                                "Function": "READ_PARQUET",
                                                                                "Projections": [
                                                                                    "id",
                                                                                    "displayname"
                                                                                ],
                                                                                "Estimated Cardinality": "1260710"
                                                                            },
                                                                            "cumulative_cardinality": 1260710,
                                                                            "operator_type": "TABLE_SCAN",
                                                                            "operator_cardinality": 1260710,
                                                                            "cumulative_rows_scanned": 1260710,
                                                                            "operator_rows_scanned": 1260710,
                                                                            "operator_timing": 0.07842320000000005,
                                                                            "result_set_size": 25214200,
                                                                            "children": []
                                                                        }
                                                                    ]
                                                                },
                                                                {
                                                                    "operator_name": "HASH_GROUP_BY",
                                                                    "cpu_time": 0.975827092,
                                                                    "extra_info": {
                                                                        "Groups": [
                                                                            "#0",
                                                                            "#1"
                                                                        ],
                                                                        "Aggregates": [
                                                                            "count(#2)",
                                                                            "sum(#3)",
                                                                            "sum(#4)",
                                                                            "sum(#5)"
                                                                        ],
                                                                        "Estimated Cardinality": "1260710"
                                                                    },
                                                                    "cumulative_cardinality": 10909970,
                                                                    "operator_type": "HASH_GROUP_BY",
                                                                    "operator_cardinality": 1260710,
                                                                    "cumulative_rows_scanned": 3582434,
                                                                    "operator_rows_scanned": 0,
                                                                    "operator_timing": 0.591940667,
                                                                    "result_set_size": 95813960,
                                                                    "children": [
                                                                        {
                                                                            "operator_name": "PROJECTION",
                                                                            "cpu_time": 0.3838864249999999,
                                                                            "extra_info": {
                                                                                "Projections": [
                                                                                    "id",
                                                                                    "displayname",
                                                                                    "id",
                                                                                    "CASE  WHEN ((class = 1)) THEN (1) ELSE 0 END",
                                                                                    "CASE  WHEN ((class = 2)) THEN (1) ELSE 0 END",
                                                                                    "CASE  WHEN ((class = 3)) THEN (1) ELSE 0 END"
                                                                                ],
                                                                                "Estimated Cardinality": "2321724"
                                                                            },
                                                                            "cumulative_cardinality": 9649260,
                                                                            "operator_type": "PROJECTION",
                                                                            "operator_cardinality": 3033413,
                                                                            "cumulative_rows_scanned": 3582434,
                                                                            "operator_rows_scanned": 0,
                                                                            "operator_timing": 0.016198679999999972,
                                                                            "result_set_size": 109202868,
                                                                            "children": [
                                                                                {
                                                                                    "operator_name": "HASH_JOIN",
                                                                                    "cpu_time": 0.36768774499999995,
                                                                                    "extra_info": {
                                                                                        "Join Type": "RIGHT",
                                                                                        "Conditions": "userid = id",
                                                                                        "Estimated Cardinality": "2321724"
                                                                                    },
                                                                                    "cumulative_cardinality": 6615847,
                                                                                    "operator_type": "HASH_JOIN",
                                                                                    "operator_cardinality": 3033413,
                                                                                    "cumulative_rows_scanned": 3582434,
                                                                                    "operator_rows_scanned": 0,
                                                                                    "operator_timing": 0.2297064919999999,
                                                                                    "result_set_size": 78868738,
                                                                                    "children": [
                                                                                        {
                                                                                            "operator_name": "READ_PARQUET ",
                                                                                            "cpu_time": 0.060248733999999984,
                                                                                            "extra_info": {
                                                                                                "Function": "READ_PARQUET",
                                                                                                "Projections": [
                                                                                                    "id",
                                                                                                    "userid",
                                                                                                    "class"
                                                                                                ],
                                                                                                "Estimated Cardinality": "2321724"
                                                                                            },
                                                                                            "cumulative_cardinality": 2321724,
                                                                                            "operator_type": "TABLE_SCAN",
                                                                                            "operator_cardinality": 2321724,
                                                                                            "cumulative_rows_scanned": 2321724,
                                                                                            "operator_rows_scanned": 2321724,
                                                                                            "operator_timing": 0.060248733999999984,
                                                                                            "result_set_size": 23217240,
                                                                                            "children": []
                                                                                        },
                                                                                        {
                                                                                            "operator_name": "READ_PARQUET ",
                                                                                            "cpu_time": 0.07773251900000006,
                                                                                            "extra_info": {
                                                                                                "Function": "READ_PARQUET",
                                                                                                "Projections": [
                                                                                                    "id",
                                                                                                    "displayname"
                                                                                                ],
                                                                                                "Estimated Cardinality": "1260710"
                                                                                            },
                                                                                            "cumulative_cardinality": 1260710,
                                                                                            "operator_type": "TABLE_SCAN",
                                                                                            "operator_cardinality": 1260710,
                                                                                            "cumulative_rows_scanned": 1260710,
                                                                                            "operator_rows_scanned": 1260710,
                                                                                            "operator_timing": 0.07773251900000006,
                                                                                            "result_set_size": 25214200,
                                                                                            "children": []
                                                                                        }
                                                                                    ]
                                                                                }
                                                                            ]
                                                                        }
                                                                    ]
                                                                }
                                                            ]
                                                        }
                                                    ]
                                                },
                                                {
                                                    "operator_name": "PROJECTION",
                                                    "cpu_time": 0.0034026359999999992,
                                                    "extra_info": {
                                                        "Projections": [
                                                            "CASE  WHEN ((#1 > 1)) THEN (error('More than one row returned by a subquery used as an expression - scalar subqueries can only return a single row.",
                                                            "Use \"SET scalar_subquery_error_on_multiple_rows=false\" to revert to previous behavior of returning a random row.')) ELSE #0 END"
                                                        ],
                                                        "Estimated Cardinality": "1"
                                                    },
                                                    "cumulative_cardinality": 743268,
                                                    "operator_type": "PROJECTION",
                                                    "operator_cardinality": 1,
                                                    "cumulative_rows_scanned": 0,
                                                    "operator_rows_scanned": 0,
                                                    "operator_timing": 0.000002294,
                                                    "result_set_size": 8,
                                                    "children": [
                                                        {
                                                            "operator_name": "UNGROUPED_AGGREGATE",
                                                            "cpu_time": 0.0034003419999999993,
                                                            "extra_info": {
                                                                "Aggregates": [
                                                                    "\"first\"(#0)",
                                                                    "count_star()"
                                                                ]
                                                            },
                                                            "cumulative_cardinality": 743267,
                                                            "operator_type": "UNGROUPED_AGGREGATE",
                                                            "operator_cardinality": 1,
                                                            "cumulative_rows_scanned": 0,
                                                            "operator_rows_scanned": 0,
                                                            "operator_timing": 0.000001683,
                                                            "result_set_size": 16,
                                                            "children": [
                                                                {
                                                                    "operator_name": "PROJECTION",
                                                                    "cpu_time": 0.003398658999999999,
                                                                    "extra_info": {
                                                                        "Projections": "#0",
                                                                        "Estimated Cardinality": "1"
                                                                    },
                                                                    "cumulative_cardinality": 743266,
                                                                    "operator_type": "PROJECTION",
                                                                    "operator_cardinality": 1,
                                                                    "cumulative_rows_scanned": 0,
                                                                    "operator_rows_scanned": 0,
                                                                    "operator_timing": 1e-7,
                                                                    "result_set_size": 8,
                                                                    "children": [
                                                                        {
                                                                            "operator_name": "UNGROUPED_AGGREGATE",
                                                                            "cpu_time": 0.0033985589999999993,
                                                                            "extra_info": {
                                                                                "Aggregates": "avg(#0)"
                                                                            },
                                                                            "cumulative_cardinality": 743265,
                                                                            "operator_type": "UNGROUPED_AGGREGATE",
                                                                            "operator_cardinality": 1,
                                                                            "cumulative_rows_scanned": 0,
                                                                            "operator_rows_scanned": 0,
                                                                            "operator_timing": 0.0031797259999999995,
                                                                            "result_set_size": 8,
                                                                            "children": [
                                                                                {
                                                                                    "operator_name": "PROJECTION",
                                                                                    "cpu_time": 0.00021883300000000006,
                                                                                    "extra_info": {
                                                                                        "Projections": "TotalViews",
                                                                                        "Estimated Cardinality": "1925058"
                                                                                    },
                                                                                    "cumulative_cardinality": 743264,
                                                                                    "operator_type": "PROJECTION",
                                                                                    "operator_cardinality": 371632,
                                                                                    "cumulative_rows_scanned": 0,
                                                                                    "operator_rows_scanned": 0,
                                                                                    "operator_timing": 0.000015023999999999945,
                                                                                    "result_set_size": 5946112,
                                                                                    "children": [
                                                                                        {
                                                                                            "operator_name": "CTE_SCAN",
                                                                                            "cpu_time": 0.0002038090000000001,
                                                                                            "extra_info": {
                                                                                                "CTE Index": "0",
                                                                                                "Estimated Cardinality": "1925058"
                                                                                            },
                                                                                            "cumulative_cardinality": 371632,
                                                                                            "operator_type": "CTE_SCAN",
                                                                                            "operator_cardinality": 371632,
                                                                                            "cumulative_rows_scanned": 0,
                                                                                            "operator_rows_scanned": 0,
                                                                                            "operator_timing": 0.0002038090000000001,
                                                                                            "result_set_size": 16351808,
                                                                                            "children": []
                                                                                        }
                                                                                    ]
                                                                                }
                                                                            ]
                                                                        }
                                                                    ]
                                                                }
                                                            ]
                                                        }
                                                    ]
                                                }
                                            ]
                                        }
                                    ]
                                }
                            ]
                        }
                    ]
                }
            ]
        }
    ]
}