{
    "rows_returned": 100,
    "query_name": "WITH RecentPosts AS (\n    SELECT \n        p.Id AS PostId, \n        p.OwnerUserId, \n        p.Title, \n        p.CreationDate, \n        p.Score, \n        p.ViewCount, \n        p.AnswerCount,\n        ROW_NUMBER() OVER (PARTITION BY p.OwnerUserId ORDER BY p.CreationDate DESC) AS rn\n    FROM \n        Posts p\n    WHERE \n        p.CreationDate > cast('2024-10-01 12:34:56' as timestamp) - INTERVAL '1 year'\n), \nUserStats AS (\n    SELECT \n        u.Id AS UserId,\n        u.DisplayName,\n        SUM(COALESCE(b.Class, 0)) AS TotalBadges,\n        AVG(COALESCE(v.BountyAmount, 0)) AS AverageBounty\n    FROM \n        Users u\n    LEFT JOIN \n        Badges b ON u.Id = b.UserId\n    LEFT JOIN \n        Votes v ON u.Id = v.UserId\n    GROUP BY \n        u.Id, u.DisplayName\n), \nPostInteractions AS (\n    SELECT \n        p.Id AS PostId,\n        COUNT(c.Id) AS CommentCount,\n        COUNT(DISTINCT pl.RelatedPostId) AS RelatedPosts\n    FROM \n        Posts p\n    LEFT JOIN \n        Comments c ON p.Id = c.PostId\n    LEFT JOIN \n        PostLinks pl ON p.Id = pl.PostId\n    GROUP BY \n        p.Id\n)\nSELECT \n    rp.Title,\n    u.DisplayName,\n    us.TotalBadges,\n    us.AverageBounty,\n    pi.CommentCount,\n    pi.RelatedPosts,\n    CASE \n        WHEN (pi.CommentCount > 5) THEN 'High Activity'\n        ELSE 'Low Activity'\n    END AS ActivityLevel\nFROM \n    RecentPosts rp\nJOIN \n    Users u ON rp.OwnerUserId = u.Id\nJOIN \n    UserStats us ON u.Id = us.UserId\nJOIN \n    PostInteractions pi ON rp.PostId = pi.PostId\nWHERE \n    us.AverageBounty > 0 \n    AND rp.AnswerCount > 2\nORDER BY \n    rp.CreationDate DESC\nLIMIT 100;",
    "blocked_thread_time": 0.0,
    "cpu_time": 4.038317021999997,
    "extra_info": {},
    "cumulative_cardinality": 74315344,
    "cumulative_rows_scanned": 32942282,
    "result_set_size": 8800,
    "latency": 4.976220809,
    "children": [
        {
            "operator_name": "PROJECTION",
            "cpu_time": 4.038317021999997,
            "extra_info": {
                "Projections": [
                    "#0",
                    "#1",
                    "#2",
                    "#3",
                    "#4",
                    "#5",
                    "#6"
                ],
                "Estimated Cardinality": "100"
            },
            "cumulative_cardinality": 74315344,
            "operator_type": "PROJECTION",
            "operator_cardinality": 100,
            "cumulative_rows_scanned": 32942282,
            "operator_rows_scanned": 0,
            "operator_timing": 3.21e-7,
            "result_set_size": 8800,
            "children": [
                {
                    "operator_name": "STREAMING_LIMIT",
                    "cpu_time": 4.038316700999997,
                    "extra_info": {},
                    "cumulative_cardinality": 74315244,
                    "operator_type": "STREAMING_LIMIT",
                    "operator_cardinality": 100,
                    "cumulative_rows_scanned": 32942282,
                    "operator_rows_scanned": 0,
                    "operator_timing": 0.000001512,
                    "result_set_size": 9600,
                    "children": [
                        {
                            "operator_name": "PROJECTION",
                            "cpu_time": 4.038315188999997,
                            "extra_info": {
                                "Projections": [
                                    "#0",
                                    "#1",
                                    "#2",
                                    "#3",
                                    "#4",
                                    "#5",
                                    "__internal_decompress_string(#6)",
                                    "#7"
                                ],
                                "Estimated Cardinality": "30800"
                            },
                            "cumulative_cardinality": 74315144,
                            "operator_type": "PROJECTION",
                            "operator_cardinality": 955,
                            "cumulative_rows_scanned": 32942282,
                            "operator_rows_scanned": 0,
                            "operator_timing": 0.000013786,
                            "result_set_size": 91680,
                            "children": [
                                {
                                    "operator_name": "ORDER_BY",
                                    "cpu_time": 4.038301402999997,
                                    "extra_info": {
                                        "Order By": "creationdate DESC"
                                    },
                                    "cumulative_cardinality": 74314189,
                                    "operator_type": "ORDER_BY",
                                    "operator_cardinality": 955,
                                    "cumulative_rows_scanned": 32942282,
                                    "operator_rows_scanned": 0,
                                    "operator_timing": 0.000186729,
                                    "result_set_size": 91680,
                                    "children": [
                                        {
                                            "operator_name": "PROJECTION",
                                            "cpu_time": 4.0381146739999965,
                                            "extra_info": {
                                                "Projections": [
                                                    "#0",
                                                    "#1",
                                                    "#2",
                                                    "#3",
                                                    "#4",
                                                    "#5",
                                                    "__internal_compress_string_hugeint(#6)",
                                                    "#7"
                                                ],
                                                "Estimated Cardinality": "30800"
                                            },
                                            "cumulative_cardinality": 74313234,
                                            "operator_type": "PROJECTION",
                                            "operator_cardinality": 955,
                                            "cumulative_rows_scanned": 32942282,
                                            "operator_rows_scanned": 0,
                                            "operator_timing": 0.000019987,
                                            "result_set_size": 91680,
                                            "children": [
                                                {
                                                    "operator_name": "PROJECTION",
                                                    "cpu_time": 4.0380946869999965,
                                                    "extra_info": {
                                                        "Projections": [
                                                            "title",
                                                            "displayname",
                                                            "TotalBadges",
                                                            "AverageBounty",
                                                            "CommentCount",
                                                            "RelatedPosts",
                                                            "ActivityLevel",
                                                            "creationdate"
                                                        ],
                                                        "Estimated Cardinality": "30800"
                                                    },
                                                    "cumulative_cardinality": 74312279,
                                                    "operator_type": "PROJECTION",
                                                    "operator_cardinality": 955,
                                                    "cumulative_rows_scanned": 32942282,
                                                    "operator_rows_scanned": 0,
                                                    "operator_timing": 0.000029184,
                                                    "result_set_size": 91680,
                                                    "children": [
                                                        {
                                                            "operator_name": "HASH_JOIN",
                                                            "cpu_time": 4.038065502999997,
                                                            "extra_info": {
                                                                "Join Type": "INNER",
                                                                "Conditions": "PostId = PostId",
                                                                "Estimated Cardinality": "30800"
                                                            },
                                                            "cumulative_cardinality": 74311324,
                                                            "operator_type": "HASH_JOIN",
                                                            "operator_cardinality": 955,
                                                            "cumulative_rows_scanned": 32942282,
                                                            "operator_rows_scanned": 0,
                                                            "operator_timing": 0.007327651000000075,
                                                            "result_set_size": 76400,
                                                            "children": [
                                                                {
                                                                    "operator_name": "HASH_GROUP_BY",
                                                                    "cpu_time": 2.3578924489999973,
                                                                    "extra_info": {
                                                                        "Groups": "#0",
                                                                        "Aggregates": [
                                                                            "count(#1)",
                                                                            "count(DISTINCT #2)"
                                                                        ],
                                                                        "Estimated Cardinality": "3850116"
                                                                    },
                                                                    "cumulative_cardinality": 43325995,
                                                                    "operator_type": "HASH_GROUP_BY",
                                                                    "operator_cardinality": 3850116,
                                                                    "cumulative_rows_scanned": 11504929,
                                                                    "operator_rows_scanned": 0,
                                                                    "operator_timing": 1.4262391349999994,
                                                                    "result_set_size": 77002320,
                                                                    "children": [
                                                                        {
                                                                            "operator_name": "PROJECTION",
                                                                            "cpu_time": 0.931653313999998,
                                                                            "extra_info": {
                                                                                "Projections": [
                                                                                    "id",
                                                                                    "id",
                                                                                    "relatedpostid"
                                                                                ],
                                                                                "Estimated Cardinality": "7241822"
                                                                            },
                                                                            "cumulative_cardinality": 39475879,
                                                                            "operator_type": "PROJECTION",
                                                                            "operator_cardinality": 9521342,
                                                                            "cumulative_rows_scanned": 11504929,
                                                                            "operator_rows_scanned": 0,
                                                                            "operator_timing": 0.0020247339999999838,
                                                                            "result_set_size": 114256104,
                                                                            "children": [
                                                                                {
                                                                                    "operator_name": "HASH_JOIN",
                                                                                    "cpu_time": 0.9296285799999979,
                                                                                    "extra_info": {
                                                                                        "Join Type": "LEFT",
                                                                                        "Conditions": "id = postid",
                                                                                        "Estimated Cardinality": "7241822"
                                                                                    },
                                                                                    "cumulative_cardinality": 29954537,
                                                                                    "operator_type": "HASH_JOIN",
                                                                                    "operator_cardinality": 9521342,
                                                                                    "cumulative_rows_scanned": 11504929,
                                                                                    "operator_rows_scanned": 0,
                                                                                    "operator_timing": 0.23634784399999892,
                                                                                    "result_set_size": 114256104,
                                                                                    "children": [
                                                                                        {
                                                                                            "operator_name": "HASH_JOIN",
                                                                                            "cpu_time": 0.687921905999999,
                                                                                            "extra_info": {
                                                                                                "Join Type": "RIGHT",
                                                                                                "Conditions": "postid = id",
                                                                                                "Estimated Cardinality": "7241822"
                                                                                            },
                                                                                            "cumulative_cardinality": 20020204,
                                                                                            "operator_type": "HASH_JOIN",
                                                                                            "operator_cardinality": 8928266,
                                                                                            "cumulative_rows_scanned": 11091938,
                                                                                            "operator_rows_scanned": 0,
                                                                                            "operator_timing": 0.537536648999999,
                                                                                            "result_set_size": 71426128,
                                                                                            "children": [
                                                                                                {
                                                                                                    "operator_name": "READ_PARQUET ",
                                                                                                    "cpu_time": 0.12429912100000008,
                                                                                                    "extra_info": {
                                                                                                        "Function": "READ_PARQUET",
                                                                                                        "Projections": [
                                                                                                            "id",
                                                                                                            "postid"
                                                                                                        ],
                                                                                                        "Estimated Cardinality": "7241822"
                                                                                                    },
                                                                                                    "cumulative_cardinality": 7241822,
                                                                                                    "operator_type": "TABLE_SCAN",
                                                                                                    "operator_cardinality": 7241822,
                                                                                                    "cumulative_rows_scanned": 7241822,
                                                                                                    "operator_rows_scanned": 7241822,
                                                                                                    "operator_timing": 0.12429912100000008,
                                                                                                    "result_set_size": 57934576,
                                                                                                    "children": []
                                                                                                },
                                                                                                {
                                                                                                    "operator_name": "READ_PARQUET ",
                                                                                                    "cpu_time": 0.026086135999999926,
                                                                                                    "extra_info": {
                                                                                                        "Function": "READ_PARQUET",
                                                                                                        "Projections": "id",
                                                                                                        "Estimated Cardinality": "3850116"
                                                                                                    },
                                                                                                    "cumulative_cardinality": 3850116,
                                                                                                    "operator_type": "TABLE_SCAN",
                                                                                                    "operator_cardinality": 3850116,
                                                                                                    "cumulative_rows_scanned": 3850116,
                                                                                                    "operator_rows_scanned": 3850116,
                                                                                                    "operator_timing": 0.026086135999999926,
                                                                                                    "result_set_size": 15400464,
                                                                                                    "children": []
                                                                                                }
                                                                                            ]
                                                                                        },
                                                                                        {
                                                                                            "operator_name": "READ_PARQUET ",
                                                                                            "cpu_time": 0.005358829999999998,
                                                                                            "extra_info": {
                                                                                                "Function": "READ_PARQUET",
                                                                                                "Projections": [
                                                                                                    "postid",
                                                                                                    "relatedpostid"
                                                                                                ],
                                                                                                "Estimated Cardinality": "412991"
                                                                                            },
                                                                                            "cumulative_cardinality": 412991,
                                                                                            "operator_type": "TABLE_SCAN",
                                                                                            "operator_cardinality": 412991,
                                                                                            "cumulative_rows_scanned": 412991,
                                                                                            "operator_rows_scanned": 412991,
                                                                                            "operator_timing": 0.005358829999999998,
                                                                                            "result_set_size": 3303928,
                                                                                            "children": []
                                                                                        }
                                                                                    ]
                                                                                }
                                                                            ]
                                                                        }
                                                                    ]
                                                                },
                                                                {
                                                                    "operator_name": "HASH_JOIN",
                                                                    "cpu_time": 1.6728454029999997,
                                                                    "extra_info": {
                                                                        "Join Type": "INNER",
                                                                        "Conditions": "id = owneruserid",
                                                                        "Estimated Cardinality": "30800"
                                                                    },
                                                                    "cumulative_cardinality": 30984374,
                                                                    "operator_type": "HASH_JOIN",
                                                                    "operator_cardinality": 955,
                                                                    "cumulative_rows_scanned": 21437353,
                                                                    "operator_rows_scanned": 0,
                                                                    "operator_timing": 0.012409936000000015,
                                                                    "result_set_size": 64940,
                                                                    "children": [
                                                                        {
                                                                            "operator_name": "READ_PARQUET ",
                                                                            "cpu_time": 0.08458222999999995,
                                                                            "extra_info": {
                                                                                "Function": "READ_PARQUET",
                                                                                "Projections": [
                                                                                    "id",
                                                                                    "displayname"
                                                                                ],
                                                                                "Filters": "id<=1416539",
                                                                                "Estimated Cardinality": "1260710"
                                                                            },
                                                                            "cumulative_cardinality": 1244359,
                                                                            "operator_type": "TABLE_SCAN",
                                                                            "operator_cardinality": 1244359,
                                                                            "cumulative_rows_scanned": 1260710,
                                                                            "operator_rows_scanned": 1260710,
                                                                            "operator_timing": 0.08458222999999995,
                                                                            "result_set_size": 24887180,
                                                                            "children": []
                                                                        },
                                                                        {
                                                                            "operator_name": "HASH_JOIN",
                                                                            "cpu_time": 1.5758532369999998,
                                                                            "extra_info": {
                                                                                "Join Type": "INNER",
                                                                                "Conditions": "UserId = owneruserid",
                                                                                "Estimated Cardinality": "30800"
                                                                            },
                                                                            "cumulative_cardinality": 29739060,
                                                                            "operator_type": "HASH_JOIN",
                                                                            "operator_cardinality": 955,
                                                                            "cumulative_rows_scanned": 20176643,
                                                                            "operator_rows_scanned": 0,
                                                                            "operator_timing": 0.001043996,
                                                                            "result_set_size": 53480,
                                                                            "children": [
                                                                                {
                                                                                    "operator_name": "FILTER",
                                                                                    "cpu_time": 1.4643905609999999,
                                                                                    "extra_info": {
                                                                                        "Expression": "(UserId <= 1416539)",
                                                                                        "Estimated Cardinality": "252142"
                                                                                    },
                                                                                    "cumulative_cardinality": 29291519,
                                                                                    "operator_type": "FILTER",
                                                                                    "operator_cardinality": 12103,
                                                                                    "cumulative_rows_scanned": 16326527,
                                                                                    "operator_rows_scanned": 0,
                                                                                    "operator_timing": 0.000027682,
                                                                                    "result_set_size": 338884,
                                                                                    "children": [
                                                                                        {
                                                                                            "operator_name": "PROJECTION",
                                                                                            "cpu_time": 1.4643628789999998,
                                                                                            "extra_info": {
                                                                                                "Projections": [
                                                                                                    "#0",
                                                                                                    "#2",
                                                                                                    "#3"
                                                                                                ],
                                                                                                "Estimated Cardinality": "252142"
                                                                                            },
                                                                                            "cumulative_cardinality": 29279416,
                                                                                            "operator_type": "PROJECTION",
                                                                                            "operator_cardinality": 12103,
                                                                                            "cumulative_rows_scanned": 16326527,
                                                                                            "operator_rows_scanned": 0,
                                                                                            "operator_timing": 0.000004027,
                                                                                            "result_set_size": 338884,
                                                                                            "children": [
                                                                                                {
                                                                                                    "operator_name": "FILTER",
                                                                                                    "cpu_time": 1.464358852,
                                                                                                    "extra_info": {
                                                                                                        "Expression": "(AverageBounty > 0.0)",
                                                                                                        "Estimated Cardinality": "252142"
                                                                                                    },
                                                                                                    "cumulative_cardinality": 29267313,
                                                                                                    "operator_type": "FILTER",
                                                                                                    "operator_cardinality": 12103,
                                                                                                    "cumulative_rows_scanned": 16326527,
                                                                                                    "operator_rows_scanned": 0,
                                                                                                    "operator_timing": 0.006520912999999997,
                                                                                                    "result_set_size": 532532,
                                                                                                    "children": [
                                                                                                        {
                                                                                                            "operator_name": "HASH_GROUP_BY",
                                                                                                            "cpu_time": 1.457837939,
                                                                                                            "extra_info": {
                                                                                                                "Groups": [
                                                                                                                    "#0",
                                                                                                                    "#1"
                                                                                                                ],
                                                                                                                "Aggregates": [
                                                                                                                    "sum(#2)",
                                                                                                                    "avg(#3)"
                                                                                                                ],
                                                                                                                "Estimated Cardinality": "1260710"
                                                                                                            },
                                                                                                            "cumulative_cardinality": 29255210,
                                                                                                            "operator_type": "HASH_GROUP_BY",
                                                                                                            "operator_cardinality": 1260710,
                                                                                                            "cumulative_rows_scanned": 16326527,
                                                                                                            "operator_rows_scanned": 0,
                                                                                                            "operator_timing": 0.4662568120000007,
                                                                                                            "result_set_size": 55471240,
                                                                                                            "children": [
                                                                                                                {
                                                                                                                    "operator_name": "PROJECTION",
                                                                                                                    "cpu_time": 0.9915811269999995,
                                                                                                                    "extra_info": {
                                                                                                                        "Projections": [
                                                                                                                            "id",
                                                                                                                            "displayname",
                                                                                                                            "COALESCE(class, 0)",
                                                                                                                            "COALESCE(bountyamount, 0)"
                                                                                                                        ],
                                                                                                                        "Estimated Cardinality": "12744093"
                                                                                                                    },
                                                                                                                    "cumulative_cardinality": 27994500,
                                                                                                                    "operator_type": "PROJECTION",
                                                                                                                    "operator_cardinality": 6101651,
                                                                                                                    "cumulative_rows_scanned": 16326527,
                                                                                                                    "operator_rows_scanned": 0,
                                                                                                                    "operator_timing": 0.10765926100000013,
                                                                                                                    "result_set_size": 158642926,
                                                                                                                    "children": [
                                                                                                                        {
                                                                                                                            "operator_name": "PROJECTION",
                                                                                                                            "cpu_time": 0.8839218659999993,
                                                                                                                            "extra_info": {
                                                                                                                                "Projections": [
                                                                                                                                    "#0",
                                                                                                                                    "__internal_decompress_integral_smallint(#1, 1)",
                                                                                                                                    "#2",
                                                                                                                                    "#3"
                                                                                                                                ],
                                                                                                                                "Estimated Cardinality": "12744093"
                                                                                                                            },
                                                                                                                            "cumulative_cardinality": 21892849,
                                                                                                                            "operator_type": "PROJECTION",
                                                                                                                            "operator_cardinality": 6101651,
                                                                                                                            "cumulative_rows_scanned": 16326527,
                                                                                                                            "operator_rows_scanned": 0,
                                                                                                                            "operator_timing": 0.004355022999999981,
                                                                                                                            "result_set_size": 158642926,
                                                                                                                            "children": [
                                                                                                                                {
                                                                                                                                    "operator_name": "HASH_JOIN",
                                                                                                                                    "cpu_time": 0.8795668429999993,
                                                                                                                                    "extra_info": {
                                                                                                                                        "Join Type": "RIGHT",
                                                                                                                                        "Conditions": "userid = id",
                                                                                                                                        "Estimated Cardinality": "12744093"
                                                                                                                                    },
                                                                                                                                    "cumulative_cardinality": 15791198,
                                                                                                                                    "operator_type": "HASH_JOIN",
                                                                                                                                    "operator_cardinality": 6101651,
                                                                                                                                    "cumulative_rows_scanned": 16326527,
                                                                                                                                    "operator_rows_scanned": 0,
                                                                                                                                    "operator_timing": 0.4106027259999997,
                                                                                                                                    "result_set_size": 152541275,
                                                                                                                                    "children": [
                                                                                                                                        {
                                                                                                                                            "operator_name": "READ_PARQUET ",
                                                                                                                                            "cpu_time": 0.12992141799999996,
                                                                                                                                            "extra_info": {
                                                                                                                                                "Function": "READ_PARQUET",
                                                                                                                                                "Projections": [
                                                                                                                                                    "userid",
                                                                                                                                                    "bountyamount"
                                                                                                                                                ],
                                                                                                                                                "Estimated Cardinality": "12744093"
                                                                                                                                            },
                                                                                                                                            "cumulative_cardinality": 40287,
                                                                                                                                            "operator_type": "TABLE_SCAN",
                                                                                                                                            "operator_cardinality": 40287,
                                                                                                                                            "cumulative_rows_scanned": 12744093,
                                                                                                                                            "operator_rows_scanned": 12744093,
                                                                                                                                            "operator_timing": 0.12992141799999996,
                                                                                                                                            "result_set_size": 322296,
                                                                                                                                            "children": []
                                                                                                                                        },
                                                                                                                                        {
                                                                                                                                            "operator_name": "PROJECTION",
                                                                                                                                            "cpu_time": 0.3390426989999996,
                                                                                                                                            "extra_info": {
                                                                                                                                                "Projections": [
                                                                                                                                                    "__internal_compress_integral_utinyint(#0, 1)",
                                                                                                                                                    "#1",
                                                                                                                                                    "#2"
                                                                                                                                                ],
                                                                                                                                                "Estimated Cardinality": "2321724"
                                                                                                                                            },
                                                                                                                                            "cumulative_cardinality": 9649260,
                                                                                                                                            "operator_type": "PROJECTION",
                                                                                                                                            "operator_cardinality": 3033413,
                                                                                                                                            "cumulative_rows_scanned": 3582434,
                                                                                                                                            "operator_rows_scanned": 0,
                                                                                                                                            "operator_timing": 0.0013011780000000005,
                                                                                                                                            "result_set_size": 63701673,
                                                                                                                                            "children": [
                                                                                                                                                {
                                                                                                                                                    "operator_name": "HASH_JOIN",
                                                                                                                                                    "cpu_time": 0.3377415209999996,
                                                                                                                                                    "extra_info": {
                                                                                                                                                        "Join Type": "RIGHT",
                                                                                                                                                        "Conditions": "userid = id",
                                                                                                                                                        "Estimated Cardinality": "2321724"
                                                                                                                                                    },
                                                                                                                                                    "cumulative_cardinality": 6615847,
                                                                                                                                                    "operator_type": "HASH_JOIN",
                                                                                                                                                    "operator_cardinality": 3033413,
                                                                                                                                                    "cumulative_rows_scanned": 3582434,
                                                                                                                                                    "operator_rows_scanned": 0,
                                                                                                                                                    "operator_timing": 0.22029144099999962,
                                                                                                                                                    "result_set_size": 66735086,
                                                                                                                                                    "children": [
                                                                                                                                                        {
                                                                                                                                                            "operator_name": "READ_PARQUET ",
                                                                                                                                                            "cpu_time": 0.040917229999999964,
                                                                                                                                                            "extra_info": {
                                                                                                                                                                "Function": "READ_PARQUET",
                                                                                                                                                                "Projections": [
                                                                                                                                                                    "userid",
                                                                                                                                                                    "class"
                                                                                                                                                                ],
                                                                                                                                                                "Estimated Cardinality": "2321724"
                                                                                                                                                            },
                                                                                                                                                            "cumulative_cardinality": 2321724,
                                                                                                                                                            "operator_type": "TABLE_SCAN",
                                                                                                                                                            "operator_cardinality": 2321724,
                                                                                                                                                            "cumulative_rows_scanned": 2321724,
                                                                                                                                                            "operator_rows_scanned": 2321724,
                                                                                                                                                            "operator_timing": 0.040917229999999964,
                                                                                                                                                            "result_set_size": 13930344,
                                                                                                                                                            "children": []
                                                                                                                                                        },
                                                                                                                                                        {
                                                                                                                                                            "operator_name": "READ_PARQUET ",
                                                                                                                                                            "cpu_time": 0.07653285000000004,
                                                                                                                                                            "extra_info": {
                                                                                                                                                                "Function": "READ_PARQUET",
                                                                                                                                                                "Projections": [
                                                                                                                                                                    "id",
                                                                                                                                                                    "displayname"
                                                                                                                                                                ],
                                                                                                                                                                "Estimated Cardinality": "1260710"
                                                                                                                                                            },
                                                                                                                                                            "cumulative_cardinality": 1260710,
                                                                                                                                                            "operator_type": "TABLE_SCAN",
                                                                                                                                                            "operator_cardinality": 1260710,
                                                                                                                                                            "cumulative_rows_scanned": 1260710,
                                                                                                                                                            "operator_rows_scanned": 1260710,
                                                                                                                                                            "operator_timing": 0.07653285000000004,
                                                                                                                                                            "result_set_size": 25214200,
                                                                                                                                                            "children": []
                                                                                                                                                        }
                                                                                                                                                    ]
                                                                                                                                                }
                                                                                                                                            ]
                                                                                                                                        }
                                                                                                                                    ]
                                                                                                                                }
                                                                                                                            ]
                                                                                                                        }
                                                                                                                    ]
                                                                                                                }
                                                                                                            ]
                                                                                                        }
                                                                                                    ]
                                                                                                }
                                                                                            ]
                                                                                        }
                                                                                    ]
                                                                                },
                                                                                {
                                                                                    "operator_name": "PROJECTION",
                                                                                    "cpu_time": 0.11041867999999996,
                                                                                    "extra_info": {
                                                                                        "Projections": [
                                                                                            "PostId",
                                                                                            "owneruserid",
                                                                                            "title",
                                                                                            "creationdate"
                                                                                        ],
                                                                                        "Estimated Cardinality": "154004"
                                                                                    },
                                                                                    "cumulative_cardinality": 446586,
                                                                                    "operator_type": "PROJECTION",
                                                                                    "operator_cardinality": 3320,
                                                                                    "cumulative_rows_scanned": 3850116,
                                                                                    "operator_rows_scanned": 0,
                                                                                    "operator_timing": 0.000005281,
                                                                                    "result_set_size": 106240,
                                                                                    "children": [
                                                                                        {
                                                                                            "operator_name": "PROJECTION",
                                                                                            "cpu_time": 0.11041339899999997,
                                                                                            "extra_info": {
                                                                                                "Projections": [
                                                                                                    "#0",
                                                                                                    "#1",
                                                                                                    "#2",
                                                                                                    "#3"
                                                                                                ],
                                                                                                "Estimated Cardinality": "154004"
                                                                                            },
                                                                                            "cumulative_cardinality": 443266,
                                                                                            "operator_type": "PROJECTION",
                                                                                            "operator_cardinality": 3320,
                                                                                            "cumulative_rows_scanned": 3850116,
                                                                                            "operator_rows_scanned": 0,
                                                                                            "operator_timing": 0.000005211,
                                                                                            "result_set_size": 106240,
                                                                                            "children": [
                                                                                                {
                                                                                                    "operator_name": "FILTER",
                                                                                                    "cpu_time": 0.11040818799999996,
                                                                                                    "extra_info": {
                                                                                                        "Expression": "(answercount > 2)",
                                                                                                        "Estimated Cardinality": "154004"
                                                                                                    },
                                                                                                    "cumulative_cardinality": 439946,
                                                                                                    "operator_type": "FILTER",
                                                                                                    "operator_cardinality": 3320,
                                                                                                    "cumulative_rows_scanned": 3850116,
                                                                                                    "operator_rows_scanned": 0,
                                                                                                    "operator_timing": 0.000587509,
                                                                                                    "result_set_size": 146080,
                                                                                                    "children": [
                                                                                                        {
                                                                                                            "operator_name": "PROJECTION",
                                                                                                            "cpu_time": 0.10982067899999996,
                                                                                                            "extra_info": {
                                                                                                                "Projections": [
                                                                                                                    "#0",
                                                                                                                    "#1",
                                                                                                                    "#2",
                                                                                                                    "#3",
                                                                                                                    "#4",
                                                                                                                    "#5"
                                                                                                                ],
                                                                                                                "Estimated Cardinality": "770023"
                                                                                                            },
                                                                                                            "cumulative_cardinality": 436626,
                                                                                                            "operator_type": "PROJECTION",
                                                                                                            "operator_cardinality": 145542,
                                                                                                            "cumulative_rows_scanned": 3850116,
                                                                                                            "operator_rows_scanned": 0,
                                                                                                            "operator_timing": 0.000021774000000000005,
                                                                                                            "result_set_size": 6403848,
                                                                                                            "children": [
                                                                                                                {
                                                                                                                    "operator_name": "WINDOW",
                                                                                                                    "cpu_time": 0.10979890499999996,
                                                                                                                    "extra_info": {
                                                                                                                        "Projections": "ROW_NUMBER() OVER (PARTITION BY owneruserid ORDER BY creationdate DESC NULLS LAST)"
                                                                                                                    },
                                                                                                                    "cumulative_cardinality": 291084,
                                                                                                                    "operator_type": "WINDOW",
                                                                                                                    "operator_cardinality": 145542,
                                                                                                                    "cumulative_rows_scanned": 3850116,
                                                                                                                    "operator_rows_scanned": 0,
                                                                                                                    "operator_timing": 0.037002018,
                                                                                                                    "result_set_size": 6403848,
                                                                                                                    "children": [
                                                                                                                        {
                                                                                                                            "operator_name": "READ_PARQUET ",
                                                                                                                            "cpu_time": 0.07279688699999996,
                                                                                                                            "extra_info": {
                                                                                                                                "Function": "READ_PARQUET",
                                                                                                                                "Projections": [
                                                                                                                                    "id",
                                                                                                                                    "creationdate",
                                                                                                                                    "owneruserid",
                                                                                                                                    "title",
                                                                                                                                    "answercount"
                                                                                                                                ],
                                                                                                                                "Filters": "creationdate>'2023-10-01 12:34:56'::TIMESTAMP",
                                                                                                                                "Estimated Cardinality": "770023"
                                                                                                                            },
                                                                                                                            "cumulative_cardinality": 145542,
                                                                                                                            "operator_type": "TABLE_SCAN",
                                                                                                                            "operator_cardinality": 145542,
                                                                                                                            "cumulative_rows_scanned": 3850116,
                                                                                                                            "operator_rows_scanned": 3850116,
                                                                                                                            "operator_timing": 0.07279688699999996,
                                                                                                                            "result_set_size": 5239512,
                                                                                                                            "children": []
                                                                                                                        }
                                                                                                                    ]
                                                                                                                }
                                                                                                            ]
                                                                                                        }
                                                                                                    ]
                                                                                                }
                                                                                            ]
                                                                                        }
                                                                                    ]
                                                                                }
                                                                            ]
                                                                        }
                                                                    ]
                                                                }
                                                            ]
                                                        }
                                                    ]
                                                }
                                            ]
                                        }
                                    ]
                                }
                            ]
                        }
                    ]
                }
            ]
        }
    ]
}