{
    "rows_returned": 100,
    "query_name": "WITH UserBadgeCounts AS (\n    SELECT UserId, \n           COUNT(CASE WHEN Class = 1 THEN 1 END) AS GoldBadges,\n           COUNT(CASE WHEN Class = 2 THEN 1 END) AS SilverBadges,\n           COUNT(CASE WHEN Class = 3 THEN 1 END) AS BronzeBadges\n    FROM Badges\n    GROUP BY UserId\n),\nPostStats AS (\n    SELECT OwnerUserId,\n           COUNT(CASE WHEN PostTypeId = 1 THEN 1 END) AS QuestionCount,\n           SUM(COALESCE(ViewCount, 0)) AS TotalViews,\n           AVG(COALESCE(Score, 0)) AS AverageScore\n    FROM Posts\n    WHERE CreationDate >= cast('2024-10-01' as date) - INTERVAL '1 year'\n    GROUP BY OwnerUserId\n),\nClosedPosts AS (\n    SELECT p.OwnerUserId, \n           COUNT(*) AS ClosedPostCount,\n           MAX(p.ClosedDate) AS LastClosedDate\n    FROM Posts p\n    JOIN PostHistory ph ON p.Id = ph.PostId \n    WHERE ph.PostHistoryTypeId = 10\n    GROUP BY p.OwnerUserId\n)\nSELECT u.DisplayName,\n       COALESCE(ubc.GoldBadges, 0) AS GoldBadges,\n       COALESCE(ubc.SilverBadges, 0) AS SilverBadges,\n       COALESCE(ubc.BronzeBadges, 0) AS BronzeBadges,\n       COALESCE(ps.QuestionCount, 0) AS QuestionCount,\n       COALESCE(ps.TotalViews, 0) AS TotalViews,\n       COALESCE(ps.AverageScore, 0) AS AverageScore,\n       COALESCE(cp.ClosedPostCount, 0) AS ClosedPostCount,\n       CASE \n           WHEN cp.LastClosedDate IS NOT NULL THEN 'Yes' \n           ELSE 'No' \n       END AS HasClosedPosts\nFROM Users u\nLEFT JOIN UserBadgeCounts ubc ON u.Id = ubc.UserId\nLEFT JOIN PostStats ps ON u.Id = ps.OwnerUserId\nLEFT JOIN ClosedPosts cp ON u.Id = cp.OwnerUserId\nWHERE (ubc.GoldBadges IS NOT NULL OR ps.QuestionCount IS NOT NULL OR cp.ClosedPostCount > 0)\nORDER BY u.Reputation DESC\nLIMIT 100;",
    "blocked_thread_time": 0.0,
    "cpu_time": 0.8600697679999997,
    "extra_info": {},
    "cumulative_cardinality": 16512379,
    "cumulative_rows_scanned": 23077910,
    "result_set_size": 9600,
    "latency": 1.011059846,
    "children": [
        {
            "operator_name": "PROJECTION",
            "cpu_time": 0.8600697679999997,
            "extra_info": {
                "Projections": [
                    "#0",
                    "#1",
                    "#2",
                    "#3",
                    "#4",
                    "#5",
                    "#6",
                    "#7",
                    "#8"
                ],
                "Estimated Cardinality": "100"
            },
            "cumulative_cardinality": 16512379,
            "operator_type": "PROJECTION",
            "operator_cardinality": 100,
            "cumulative_rows_scanned": 23077910,
            "operator_rows_scanned": 0,
            "operator_timing": 3.41e-7,
            "result_set_size": 9600,
            "children": [
                {
                    "operator_name": "STREAMING_LIMIT",
                    "cpu_time": 0.8600694269999997,
                    "extra_info": {},
                    "cumulative_cardinality": 16512279,
                    "operator_type": "STREAMING_LIMIT",
                    "operator_cardinality": 100,
                    "cumulative_rows_scanned": 23077910,
                    "operator_rows_scanned": 0,
                    "operator_timing": 0.000001472,
                    "result_set_size": 10000,
                    "children": [
                        {
                            "operator_name": "PROJECTION",
                            "cpu_time": 0.8600679549999997,
                            "extra_info": {
                                "Projections": [
                                    "#0",
                                    "#1",
                                    "#2",
                                    "#3",
                                    "#4",
                                    "#5",
                                    "#6",
                                    "#7",
                                    "__internal_decompress_string(#8)",
                                    "#9"
                                ],
                                "Estimated Cardinality": "252142"
                            },
                            "cumulative_cardinality": 16512179,
                            "operator_type": "PROJECTION",
                            "operator_cardinality": 4096,
                            "cumulative_rows_scanned": 23077910,
                            "operator_rows_scanned": 0,
                            "operator_timing": 0.000037481,
                            "result_set_size": 409600,
                            "children": [
                                {
                                    "operator_name": "ORDER_BY",
                                    "cpu_time": 0.8600304739999997,
                                    "extra_info": {
                                        "Order By": "reputation DESC"
                                    },
                                    "cumulative_cardinality": 16508083,
                                    "operator_type": "ORDER_BY",
                                    "operator_cardinality": 4096,
                                    "cumulative_rows_scanned": 23077910,
                                    "operator_rows_scanned": 0,
                                    "operator_timing": 0.03119131299999999,
                                    "result_set_size": 360448,
                                    "children": [
                                        {
                                            "operator_name": "PROJECTION",
                                            "cpu_time": 0.8288391609999997,
                                            "extra_info": {
                                                "Projections": [
                                                    "#0",
                                                    "#1",
                                                    "#2",
                                                    "#3",
                                                    "#4",
                                                    "#5",
                                                    "#6",
                                                    "#7",
                                                    "__internal_compress_string_uinteger(#8)",
                                                    "#9"
                                                ],
                                                "Estimated Cardinality": "252142"
                                            },
                                            "cumulative_cardinality": 16503987,
                                            "operator_type": "PROJECTION",
                                            "operator_cardinality": 553781,
                                            "cumulative_rows_scanned": 23077910,
                                            "operator_rows_scanned": 0,
                                            "operator_timing": 0.001379717000000003,
                                            "result_set_size": 48732728,
                                            "children": [
                                                {
                                                    "operator_name": "PROJECTION",
                                                    "cpu_time": 0.8274594439999996,
                                                    "extra_info": {
                                                        "Projections": [
                                                            "displayname",
                                                            "GoldBadges",
                                                            "SilverBadges",
                                                            "BronzeBadges",
                                                            "QuestionCount",
                                                            "TotalViews",
                                                            "AverageScore",
                                                            "ClosedPostCount",
                                                            "HasClosedPosts",
                                                            "reputation"
                                                        ],
                                                        "Estimated Cardinality": "252142"
                                                    },
                                                    "cumulative_cardinality": 15950206,
                                                    "operator_type": "PROJECTION",
                                                    "operator_cardinality": 553781,
                                                    "cumulative_rows_scanned": 23077910,
                                                    "operator_rows_scanned": 0,
                                                    "operator_timing": 0.03626532300000001,
                                                    "result_set_size": 55378100,
                                                    "children": [
                                                        {
                                                            "operator_name": "FILTER",
                                                            "cpu_time": 0.7911941209999996,
                                                            "extra_info": {
                                                                "Expression": "((GoldBadges IS NOT NULL) OR (QuestionCount IS NOT NULL) OR (ClosedPostCount > 0))",
                                                                "Estimated Cardinality": "252142"
                                                            },
                                                            "cumulative_cardinality": 15396425,
                                                            "operator_type": "FILTER",
                                                            "operator_cardinality": 553781,
                                                            "cumulative_rows_scanned": 23077910,
                                                            "operator_rows_scanned": 0,
                                                            "operator_timing": 0.018558302999999984,
                                                            "result_set_size": 50947852,
                                                            "children": [
                                                                {
                                                                    "operator_name": "HASH_JOIN",
                                                                    "cpu_time": 0.7726358179999997,
                                                                    "extra_info": {
                                                                        "Join Type": "LEFT",
                                                                        "Conditions": "id = owneruserid",
                                                                        "Estimated Cardinality": "1260710"
                                                                    },
                                                                    "cumulative_cardinality": 14842644,
                                                                    "operator_type": "HASH_JOIN",
                                                                    "operator_cardinality": 1260710,
                                                                    "cumulative_rows_scanned": 23077910,
                                                                    "operator_rows_scanned": 0,
                                                                    "operator_timing": 0.039626289999999856,
                                                                    "result_set_size": 115985320,
                                                                    "children": [
                                                                        {
                                                                            "operator_name": "HASH_JOIN",
                                                                            "cpu_time": 0.3977012229999999,
                                                                            "extra_info": {
                                                                                "Join Type": "LEFT",
                                                                                "Conditions": "id = owneruserid",
                                                                                "Estimated Cardinality": "1260710"
                                                                            },
                                                                            "cumulative_cardinality": 9298518,
                                                                            "operator_type": "HASH_JOIN",
                                                                            "operator_cardinality": 1260710,
                                                                            "cumulative_rows_scanned": 7432550,
                                                                            "operator_rows_scanned": 0,
                                                                            "operator_timing": 0.03935754300000011,
                                                                            "result_set_size": 100856800,
                                                                            "children": [
                                                                                {
                                                                                    "operator_name": "HASH_JOIN",
                                                                                    "cpu_time": 0.3234435329999998,
                                                                                    "extra_info": {
                                                                                        "Join Type": "LEFT",
                                                                                        "Conditions": "id = userid",
                                                                                        "Estimated Cardinality": "1260710"
                                                                                    },
                                                                                    "cumulative_cardinality": 7713889,
                                                                                    "operator_type": "HASH_JOIN",
                                                                                    "operator_cardinality": 1260710,
                                                                                    "cumulative_rows_scanned": 3582434,
                                                                                    "operator_rows_scanned": 0,
                                                                                    "operator_timing": 0.11046344999999982,
                                                                                    "result_set_size": 60514080,
                                                                                    "children": [
                                                                                        {
                                                                                            "operator_name": "READ_PARQUET ",
                                                                                            "cpu_time": 0.0859453099999999,
                                                                                            "extra_info": {
                                                                                                "Function": "READ_PARQUET",
                                                                                                "Projections": [
                                                                                                    "id",
                                                                                                    "reputation",
                                                                                                    "displayname"
                                                                                                ],
                                                                                                "Estimated Cardinality": "1260710"
                                                                                            },
                                                                                            "cumulative_cardinality": 1260710,
                                                                                            "operator_type": "TABLE_SCAN",
                                                                                            "operator_cardinality": 1260710,
                                                                                            "cumulative_rows_scanned": 1260710,
                                                                                            "operator_rows_scanned": 1260710,
                                                                                            "operator_timing": 0.0859453099999999,
                                                                                            "result_set_size": 30257040,
                                                                                            "children": []
                                                                                        },
                                                                                        {
                                                                                            "operator_name": "HASH_GROUP_BY",
                                                                                            "cpu_time": 0.12703477300000005,
                                                                                            "extra_info": {
                                                                                                "Groups": "#0",
                                                                                                "Aggregates": [
                                                                                                    "count(#1)",
                                                                                                    "count(#2)",
                                                                                                    "count(#3)"
                                                                                                ],
                                                                                                "Estimated Cardinality": "1160862"
                                                                                            },
                                                                                            "cumulative_cardinality": 5192469,
                                                                                            "operator_type": "HASH_GROUP_BY",
                                                                                            "operator_cardinality": 549021,
                                                                                            "cumulative_rows_scanned": 2321724,
                                                                                            "operator_rows_scanned": 0,
                                                                                            "operator_timing": 0.09601263000000004,
                                                                                            "result_set_size": 15372588,
                                                                                            "children": [
                                                                                                {
                                                                                                    "operator_name": "PROJECTION",
                                                                                                    "cpu_time": 0.031022142999999988,
                                                                                                    "extra_info": {
                                                                                                        "Projections": [
                                                                                                            "userid",
                                                                                                            "CASE  WHEN ((class = 1)) THEN (1) ELSE NULL END",
                                                                                                            "CASE  WHEN ((class = 2)) THEN (1) ELSE NULL END",
                                                                                                            "CASE  WHEN ((class = 3)) THEN (1) ELSE NULL END"
                                                                                                        ],
                                                                                                        "Estimated Cardinality": "2321724"
                                                                                                    },
                                                                                                    "cumulative_cardinality": 4643448,
                                                                                                    "operator_type": "PROJECTION",
                                                                                                    "operator_cardinality": 2321724,
                                                                                                    "cumulative_rows_scanned": 2321724,
                                                                                                    "operator_rows_scanned": 0,
                                                                                                    "operator_timing": 0.013397680999999979,
                                                                                                    "result_set_size": 37147584,
                                                                                                    "children": [
                                                                                                        {
                                                                                                            "operator_name": "READ_PARQUET ",
                                                                                                            "cpu_time": 0.017624462000000007,
                                                                                                            "extra_info": {
                                                                                                                "Function": "READ_PARQUET",
                                                                                                                "Projections": [
                                                                                                                    "userid",
                                                                                                                    "class"
                                                                                                                ],
                                                                                                                "Estimated Cardinality": "2321724"
                                                                                                            },
                                                                                                            "cumulative_cardinality": 2321724,
                                                                                                            "operator_type": "TABLE_SCAN",
                                                                                                            "operator_cardinality": 2321724,
                                                                                                            "cumulative_rows_scanned": 2321724,
                                                                                                            "operator_rows_scanned": 2321724,
                                                                                                            "operator_timing": 0.017624462000000007,
                                                                                                            "result_set_size": 13930344,
                                                                                                            "children": []
                                                                                                        }
                                                                                                    ]
                                                                                                }
                                                                                            ]
                                                                                        }
                                                                                    ]
                                                                                },
                                                                                {
                                                                                    "operator_name": "HASH_GROUP_BY",
                                                                                    "cpu_time": 0.034900147000000006,
                                                                                    "extra_info": {
                                                                                        "Groups": "#0",
                                                                                        "Aggregates": [
                                                                                            "count(#1)",
                                                                                            "sum(#2)",
                                                                                            "avg(#3)"
                                                                                        ],
                                                                                        "Estimated Cardinality": "385011"
                                                                                    },
                                                                                    "cumulative_cardinality": 323919,
                                                                                    "operator_type": "HASH_GROUP_BY",
                                                                                    "operator_cardinality": 32477,
                                                                                    "cumulative_rows_scanned": 3850116,
                                                                                    "operator_rows_scanned": 0,
                                                                                    "operator_timing": 0.005537676999999999,
                                                                                    "result_set_size": 1169172,
                                                                                    "children": [
                                                                                        {
                                                                                            "operator_name": "PROJECTION",
                                                                                            "cpu_time": 0.029362470000000005,
                                                                                            "extra_info": {
                                                                                                "Projections": [
                                                                                                    "owneruserid",
                                                                                                    "CASE  WHEN ((posttypeid = 1)) THEN (1) ELSE NULL END",
                                                                                                    "COALESCE(viewcount, 0)",
                                                                                                    "score"
                                                                                                ],
                                                                                                "Estimated Cardinality": "770023"
                                                                                            },
                                                                                            "cumulative_cardinality": 291442,
                                                                                            "operator_type": "PROJECTION",
                                                                                            "operator_cardinality": 145721,
                                                                                            "cumulative_rows_scanned": 3850116,
                                                                                            "operator_rows_scanned": 0,
                                                                                            "operator_timing": 0.0027208240000000006,
                                                                                            "result_set_size": 2331536,
                                                                                            "children": [
                                                                                                {
                                                                                                    "operator_name": "READ_PARQUET ",
                                                                                                    "cpu_time": 0.026641646000000005,
                                                                                                    "extra_info": {
                                                                                                        "Function": "READ_PARQUET",
                                                                                                        "Projections": [
                                                                                                            "posttypeid",
                                                                                                            "score",
                                                                                                            "viewcount",
                                                                                                            "owneruserid"
                                                                                                        ],
                                                                                                        "Filters": "creationdate>='2023-10-01 00:00:00'::TIMESTAMP",
                                                                                                        "Estimated Cardinality": "770023"
                                                                                                    },
                                                                                                    "cumulative_cardinality": 145721,
                                                                                                    "operator_type": "TABLE_SCAN",
                                                                                                    "operator_cardinality": 145721,
                                                                                                    "cumulative_rows_scanned": 3850116,
                                                                                                    "operator_rows_scanned": 3850116,
                                                                                                    "operator_timing": 0.026641646000000005,
                                                                                                    "result_set_size": 2040094,
                                                                                                    "children": []
                                                                                                }
                                                                                            ]
                                                                                        }
                                                                                    ]
                                                                                }
                                                                            ]
                                                                        },
                                                                        {
                                                                            "operator_name": "HASH_GROUP_BY",
                                                                            "cpu_time": 0.3353083049999999,
                                                                            "extra_info": {
                                                                                "Groups": "#0",
                                                                                "Aggregates": [
                                                                                    "count_star()",
                                                                                    "max(#1)"
                                                                                ],
                                                                                "Estimated Cardinality": "1179524"
                                                                            },
                                                                            "cumulative_cardinality": 4283416,
                                                                            "operator_type": "HASH_GROUP_BY",
                                                                            "operator_cardinality": 68935,
                                                                            "cumulative_rows_scanned": 15645360,
                                                                            "operator_rows_scanned": 0,
                                                                            "operator_timing": 0.008086533999999986,
                                                                            "result_set_size": 1378700,
                                                                            "children": [
                                                                                {
                                                                                    "operator_name": "PROJECTION",
                                                                                    "cpu_time": 0.32722177099999994,
                                                                                    "extra_info": {
                                                                                        "Projections": [
                                                                                            "owneruserid",
                                                                                            "closeddate"
                                                                                        ],
                                                                                        "Estimated Cardinality": "2359048"
                                                                                    },
                                                                                    "cumulative_cardinality": 4214481,
                                                                                    "operator_type": "PROJECTION",
                                                                                    "operator_cardinality": 121464,
                                                                                    "cumulative_rows_scanned": 15645360,
                                                                                    "operator_rows_scanned": 0,
                                                                                    "operator_timing": 0.00017550699999999906,
                                                                                    "result_set_size": 1457568,
                                                                                    "children": [
                                                                                        {
                                                                                            "operator_name": "HASH_JOIN",
                                                                                            "cpu_time": 0.3270462639999999,
                                                                                            "extra_info": {
                                                                                                "Join Type": "INNER",
                                                                                                "Conditions": "id = postid",
                                                                                                "Estimated Cardinality": "2359048"
                                                                                            },
                                                                                            "cumulative_cardinality": 4093017,
                                                                                            "operator_type": "HASH_JOIN",
                                                                                            "operator_cardinality": 121464,
                                                                                            "cumulative_rows_scanned": 15645360,
                                                                                            "operator_rows_scanned": 0,
                                                                                            "operator_timing": 0.08912770899999994,
                                                                                            "result_set_size": 1943424,
                                                                                            "children": [
                                                                                                {
                                                                                                    "operator_name": "READ_PARQUET ",
                                                                                                    "cpu_time": 0.082646457,
                                                                                                    "extra_info": {
                                                                                                        "Function": "READ_PARQUET",
                                                                                                        "Projections": [
                                                                                                            "id",
                                                                                                            "owneruserid",
                                                                                                            "closeddate"
                                                                                                        ],
                                                                                                        "Estimated Cardinality": "3850116"
                                                                                                    },
                                                                                                    "cumulative_cardinality": 3850089,
                                                                                                    "operator_type": "TABLE_SCAN",
                                                                                                    "operator_cardinality": 3850089,
                                                                                                    "cumulative_rows_scanned": 3850116,
                                                                                                    "operator_rows_scanned": 3850116,
                                                                                                    "operator_timing": 0.082646457,
                                                                                                    "result_set_size": 61601424,
                                                                                                    "children": []
                                                                                                },
                                                                                                {
                                                                                                    "operator_name": "READ_PARQUET ",
                                                                                                    "cpu_time": 0.15527209799999997,
                                                                                                    "extra_info": {
                                                                                                        "Function": "READ_PARQUET",
                                                                                                        "Projections": "postid",
                                                                                                        "Filters": "posthistorytypeid=10",
                                                                                                        "Estimated Cardinality": "2359048"
                                                                                                    },
                                                                                                    "cumulative_cardinality": 121464,
                                                                                                    "operator_type": "TABLE_SCAN",
                                                                                                    "operator_cardinality": 121464,
                                                                                                    "cumulative_rows_scanned": 11795244,
                                                                                                    "operator_rows_scanned": 11795244,
                                                                                                    "operator_timing": 0.15527209799999997,
                                                                                                    "result_set_size": 485856,
                                                                                                    "children": []
                                                                                                }
                                                                                            ]
                                                                                        }
                                                                                    ]
                                                                                }
                                                                            ]
                                                                        }
                                                                    ]
                                                                }
                                                            ]
                                                        }
                                                    ]
                                                }
                                            ]
                                        }
                                    ]
                                }
                            ]
                        }
                    ]
                }
            ]
        }
    ]
}