{
    "rows_returned": 31572,
    "query_name": "WITH UserReputation AS (\n    SELECT Id, DisplayName, Reputation, \n           ROW_NUMBER() OVER (ORDER BY Reputation DESC) AS Ranking \n    FROM Users\n),\nPostStatistics AS (\n    SELECT OwnerUserId, COUNT(CASE WHEN PostTypeId = 1 THEN 1 END) AS QuestionCount,\n           COUNT(CASE WHEN PostTypeId = 2 THEN 1 END) AS AnswerCount,\n           SUM(ViewCount) AS TotalViews,\n           SUM(Score) AS TotalScore\n    FROM Posts\n    GROUP BY OwnerUserId\n),\nRecentPosts AS (\n    SELECT p.Id, p.Title, p.CreationDate,\n           CASE WHEN p.ClosedDate IS NOT NULL THEN 'Closed' ELSE 'Open' END AS PostStatus\n    FROM Posts p\n    WHERE p.CreationDate > cast('2024-10-01 12:34:56' as timestamp) - INTERVAL '30 days'\n),\nHighlyActiveUsers AS (\n    SELECT u.Id, u.DisplayName, u.Reputation\n    FROM UserReputation u\n    JOIN PostStatistics ps ON u.Id = ps.OwnerUserId\n    WHERE ps.QuestionCount + ps.AnswerCount > 10\n),\nClosedPostReasons AS (\n    SELECT ph.PostId, ph.Comment AS CloseReason, \n           ph.CreationDate AS CloseDate, \n           u.DisplayName AS ClosedBy\n    FROM PostHistory ph\n    JOIN Users u ON ph.UserId = u.Id\n    WHERE ph.PostHistoryTypeId = 10\n)\nSELECT u.DisplayName AS UserName, \n       ps.QuestionCount, \n       ps.AnswerCount, \n       ps.TotalViews,\n       ps.TotalScore,\n       rp.Title AS RecentPostTitle,\n       rp.PostStatus,\n       CPR.CloseReason,\n       CPR.CloseDate,\n       CPR.ClosedBy\nFROM HighlyActiveUsers u\nLEFT JOIN PostStatistics ps ON u.Id = ps.OwnerUserId\nLEFT JOIN RecentPosts rp ON ps.OwnerUserId = rp.Id\nLEFT JOIN ClosedPostReasons CPR ON CPR.PostId = rp.Id\nWHERE ps.TotalViews > 1000\nORDER BY ps.TotalScore DESC, ps.TotalViews DESC;",
    "blocked_thread_time": 0.0,
    "cpu_time": 1.3879613399999997,
    "extra_info": {},
    "cumulative_cardinality": 15577588,
    "cumulative_rows_scanned": 22016896,
    "result_set_size": 4293792,
    "latency": 1.591714232,
    "children": [
        {
            "operator_name": "PROJECTION",
            "cpu_time": 1.3879613399999997,
            "extra_info": {
                "Projections": [
                    "#0",
                    "#1",
                    "#2",
                    "#3",
                    "#4",
                    "#5",
                    "__internal_decompress_string(#6)",
                    "#7",
                    "#8",
                    "#9"
                ],
                "Estimated Cardinality": "2939493"
            },
            "cumulative_cardinality": 15577588,
            "operator_type": "PROJECTION",
            "operator_cardinality": 31572,
            "cumulative_rows_scanned": 22016896,
            "operator_rows_scanned": 0,
            "operator_timing": 0.000014557,
            "result_set_size": 4293792,
            "children": [
                {
                    "operator_name": "ORDER_BY",
                    "cpu_time": 1.3879467829999996,
                    "extra_info": {
                        "Order By": [
                            "ps.TotalScore DESC",
                            "ps.TotalViews DESC"
                        ]
                    },
                    "cumulative_cardinality": 15546016,
                    "operator_type": "ORDER_BY",
                    "operator_cardinality": 31572,
                    "cumulative_rows_scanned": 22016896,
                    "operator_rows_scanned": 0,
                    "operator_timing": 0.0036644609999999995,
                    "result_set_size": 4041216,
                    "children": [
                        {
                            "operator_name": "PROJECTION",
                            "cpu_time": 1.3842823219999996,
                            "extra_info": {
                                "Projections": [
                                    "#0",
                                    "#1",
                                    "#2",
                                    "#3",
                                    "#4",
                                    "#5",
                                    "__internal_compress_string_ubigint(#6)",
                                    "#7",
                                    "#8",
                                    "#9"
                                ],
                                "Estimated Cardinality": "2939493"
                            },
                            "cumulative_cardinality": 15514444,
                            "operator_type": "PROJECTION",
                            "operator_cardinality": 31572,
                            "cumulative_rows_scanned": 22016896,
                            "operator_rows_scanned": 0,
                            "operator_timing": 0.000041760999999999995,
                            "result_set_size": 4041216,
                            "children": [
                                {
                                    "operator_name": "PROJECTION",
                                    "cpu_time": 1.3842405609999995,
                                    "extra_info": {
                                        "Projections": [
                                            "UserName",
                                            "QuestionCount",
                                            "AnswerCount",
                                            "TotalViews",
                                            "TotalScore",
                                            "RecentPostTitle",
                                            "PostStatus",
                                            "CloseReason",
                                            "CloseDate",
                                            "ClosedBy"
                                        ],
                                        "Estimated Cardinality": "2939493"
                                    },
                                    "cumulative_cardinality": 15482872,
                                    "operator_type": "PROJECTION",
                                    "operator_cardinality": 31572,
                                    "cumulative_rows_scanned": 22016896,
                                    "operator_rows_scanned": 0,
                                    "operator_timing": 0.000035413,
                                    "result_set_size": 4293792,
                                    "children": [
                                        {
                                            "operator_name": "CTE",
                                            "cpu_time": 1.3842051479999995,
                                            "extra_info": {
                                                "CTE Name": "PostStatistics",
                                                "Table Index": "0"
                                            },
                                            "cumulative_cardinality": 15451300,
                                            "operator_type": "CTE",
                                            "operator_cardinality": 0,
                                            "cumulative_rows_scanned": 22016896,
                                            "operator_rows_scanned": 0,
                                            "operator_timing": 0.0010428820000000008,
                                            "result_set_size": 0,
                                            "children": [
                                                {
                                                    "operator_name": "FILTER",
                                                    "cpu_time": 0.3141043939999999,
                                                    "extra_info": {
                                                        "Expression": "(((QuestionCount + AnswerCount) > 10) OR (TotalViews > 1000))",
                                                        "Estimated Cardinality": "1925058"
                                                    },
                                                    "cumulative_cardinality": 8185589,
                                                    "operator_type": "FILTER",
                                                    "operator_cardinality": 113725,
                                                    "cumulative_rows_scanned": 3850116,
                                                    "operator_rows_scanned": 0,
                                                    "operator_timing": 0.004553939000000003,
                                                    "result_set_size": 5913700,
                                                    "children": [
                                                        {
                                                            "operator_name": "HASH_GROUP_BY",
                                                            "cpu_time": 0.3095504549999999,
                                                            "extra_info": {
                                                                "Groups": "#0",
                                                                "Aggregates": [
                                                                    "count(#1)",
                                                                    "count(#2)",
                                                                    "sum(#3)",
                                                                    "sum(#4)"
                                                                ],
                                                                "Estimated Cardinality": "1925058"
                                                            },
                                                            "cumulative_cardinality": 8071864,
                                                            "operator_type": "HASH_GROUP_BY",
                                                            "operator_cardinality": 371632,
                                                            "cumulative_rows_scanned": 3850116,
                                                            "operator_rows_scanned": 0,
                                                            "operator_timing": 0.17420745799999995,
                                                            "result_set_size": 19324864,
                                                            "children": [
                                                                {
                                                                    "operator_name": "PROJECTION",
                                                                    "cpu_time": 0.1353429969999999,
                                                                    "extra_info": {
                                                                        "Projections": [
                                                                            "owneruserid",
                                                                            "CASE  WHEN ((posttypeid = 1)) THEN (1) ELSE NULL END",
                                                                            "CASE  WHEN ((posttypeid = 2)) THEN (1) ELSE NULL END",
                                                                            "viewcount",
                                                                            "score"
                                                                        ],
                                                                        "Estimated Cardinality": "3850116"
                                                                    },
                                                                    "cumulative_cardinality": 7700232,
                                                                    "operator_type": "PROJECTION",
                                                                    "operator_cardinality": 3850116,
                                                                    "cumulative_rows_scanned": 3850116,
                                                                    "operator_rows_scanned": 0,
                                                                    "operator_timing": 0.053327208999999966,
                                                                    "result_set_size": 77002320,
                                                                    "children": [
                                                                        {
                                                                            "operator_name": "READ_PARQUET ",
                                                                            "cpu_time": 0.08201578799999995,
                                                                            "extra_info": {
                                                                                "Function": "READ_PARQUET",
                                                                                "Projections": [
                                                                                    "posttypeid",
                                                                                    "score",
                                                                                    "viewcount",
                                                                                    "owneruserid"
                                                                                ],
                                                                                "Estimated Cardinality": "3850116"
                                                                            },
                                                                            "cumulative_cardinality": 3850116,
                                                                            "operator_type": "TABLE_SCAN",
                                                                            "operator_cardinality": 3850116,
                                                                            "cumulative_rows_scanned": 3850116,
                                                                            "operator_rows_scanned": 3850116,
                                                                            "operator_timing": 0.08201578799999995,
                                                                            "result_set_size": 53901624,
                                                                            "children": []
                                                                        }
                                                                    ]
                                                                }
                                                            ]
                                                        }
                                                    ]
                                                },
                                                {
                                                    "operator_name": "HASH_JOIN",
                                                    "cpu_time": 1.0690578719999995,
                                                    "extra_info": {
                                                        "Join Type": "LEFT",
                                                        "Conditions": "id = postid",
                                                        "Estimated Cardinality": "2939493"
                                                    },
                                                    "cumulative_cardinality": 7265711,
                                                    "operator_type": "HASH_JOIN",
                                                    "operator_cardinality": 31572,
                                                    "cumulative_rows_scanned": 18166780,
                                                    "operator_rows_scanned": 0,
                                                    "operator_timing": 0.006762424999999997,
                                                    "result_set_size": 5177808,
                                                    "children": [
                                                        {
                                                            "operator_name": "HASH_JOIN",
                                                            "cpu_time": 0.22617948000000015,
                                                            "extra_info": {
                                                                "Join Type": "LEFT",
                                                                "Conditions": "owneruserid = id",
                                                                "Estimated Cardinality": "2939493"
                                                            },
                                                            "cumulative_cardinality": 5609092,
                                                            "operator_type": "HASH_JOIN",
                                                            "operator_cardinality": 31572,
                                                            "cumulative_rows_scanned": 5110826,
                                                            "operator_rows_scanned": 0,
                                                            "operator_timing": 0.0017445859999999998,
                                                            "result_set_size": 3788640,
                                                            "children": [
                                                                {
                                                                    "operator_name": "HASH_JOIN",
                                                                    "cpu_time": 0.16485743800000016,
                                                                    "extra_info": {
                                                                        "Join Type": "INNER",
                                                                        "Conditions": "owneruserid = id",
                                                                        "Estimated Cardinality": "2939493"
                                                                    },
                                                                    "cumulative_cardinality": 5557666,
                                                                    "operator_type": "HASH_JOIN",
                                                                    "operator_cardinality": 31572,
                                                                    "cumulative_rows_scanned": 1260710,
                                                                    "operator_rows_scanned": 0,
                                                                    "operator_timing": 0.004986862000000001,
                                                                    "result_set_size": 2399472,
                                                                    "children": [
                                                                        {
                                                                            "operator_name": "FILTER",
                                                                            "cpu_time": 0.0004013710000000001,
                                                                            "extra_info": {
                                                                                "Expression": "(TotalViews > 1000)",
                                                                                "Estimated Cardinality": "1925058"
                                                                            },
                                                                            "cumulative_cardinality": 222187,
                                                                            "operator_type": "FILTER",
                                                                            "operator_cardinality": 108462,
                                                                            "cumulative_rows_scanned": 0,
                                                                            "operator_rows_scanned": 0,
                                                                            "operator_timing": 0.00027239700000000007,
                                                                            "result_set_size": 5640024,
                                                                            "children": [
                                                                                {
                                                                                    "operator_name": "CTE_SCAN",
                                                                                    "cpu_time": 0.00012897400000000002,
                                                                                    "extra_info": {
                                                                                        "CTE Index": "0",
                                                                                        "Estimated Cardinality": "1925058"
                                                                                    },
                                                                                    "cumulative_cardinality": 113725,
                                                                                    "operator_type": "CTE_SCAN",
                                                                                    "operator_cardinality": 113725,
                                                                                    "cumulative_rows_scanned": 0,
                                                                                    "operator_rows_scanned": 0,
                                                                                    "operator_timing": 0.00012897400000000002,
                                                                                    "result_set_size": 5913700,
                                                                                    "children": []
                                                                                }
                                                                            ]
                                                                        },
                                                                        {
                                                                            "operator_name": "PROJECTION",
                                                                            "cpu_time": 0.15946920500000017,
                                                                            "extra_info": {
                                                                                "Projections": [
                                                                                    "id",
                                                                                    "displayname",
                                                                                    "reputation"
                                                                                ],
                                                                                "Estimated Cardinality": "1925058"
                                                                            },
                                                                            "cumulative_cardinality": 5303907,
                                                                            "operator_type": "PROJECTION",
                                                                            "operator_cardinality": 36835,
                                                                            "cumulative_rows_scanned": 1260710,
                                                                            "operator_rows_scanned": 0,
                                                                            "operator_timing": 0.00003262000000000003,
                                                                            "result_set_size": 884040,
                                                                            "children": [
                                                                                {
                                                                                    "operator_name": "HASH_JOIN",
                                                                                    "cpu_time": 0.15943658500000016,
                                                                                    "extra_info": {
                                                                                        "Join Type": "INNER",
                                                                                        "Conditions": "id = owneruserid",
                                                                                        "Estimated Cardinality": "1925058"
                                                                                    },
                                                                                    "cumulative_cardinality": 5267072,
                                                                                    "operator_type": "HASH_JOIN",
                                                                                    "operator_cardinality": 36835,
                                                                                    "cumulative_rows_scanned": 1260710,
                                                                                    "operator_rows_scanned": 0,
                                                                                    "operator_timing": 0.011902963000000008,
                                                                                    "result_set_size": 1031380,
                                                                                    "children": [
                                                                                        {
                                                                                            "operator_name": "PROJECTION",
                                                                                            "cpu_time": 0.14681491700000016,
                                                                                            "extra_info": {
                                                                                                "Projections": [
                                                                                                    "id",
                                                                                                    "displayname",
                                                                                                    "reputation"
                                                                                                ],
                                                                                                "Estimated Cardinality": "1260710"
                                                                                            },
                                                                                            "cumulative_cardinality": 5042840,
                                                                                            "operator_type": "PROJECTION",
                                                                                            "operator_cardinality": 1260710,
                                                                                            "cumulative_rows_scanned": 1260710,
                                                                                            "operator_rows_scanned": 0,
                                                                                            "operator_timing": 0.00008729900000000009,
                                                                                            "result_set_size": 30257040,
                                                                                            "children": [
                                                                                                {
                                                                                                    "operator_name": "PROJECTION",
                                                                                                    "cpu_time": 0.14672761800000014,
                                                                                                    "extra_info": {
                                                                                                        "Projections": [
                                                                                                            "#0",
                                                                                                            "#1",
                                                                                                            "#2",
                                                                                                            "#3"
                                                                                                        ],
                                                                                                        "Estimated Cardinality": "1260710"
                                                                                                    },
                                                                                                    "cumulative_cardinality": 3782130,
                                                                                                    "operator_type": "PROJECTION",
                                                                                                    "operator_cardinality": 1260710,
                                                                                                    "cumulative_rows_scanned": 1260710,
                                                                                                    "operator_rows_scanned": 0,
                                                                                                    "operator_timing": 0.00011575999999999933,
                                                                                                    "result_set_size": 40342720,
                                                                                                    "children": [
                                                                                                        {
                                                                                                            "operator_name": "WINDOW",
                                                                                                            "cpu_time": 0.14661185800000015,
                                                                                                            "extra_info": {
                                                                                                                "Projections": "ROW_NUMBER() OVER (ORDER BY reputation DESC NULLS LAST)"
                                                                                                            },
                                                                                                            "cumulative_cardinality": 2521420,
                                                                                                            "operator_type": "WINDOW",
                                                                                                            "operator_cardinality": 1260710,
                                                                                                            "cumulative_rows_scanned": 1260710,
                                                                                                            "operator_rows_scanned": 0,
                                                                                                            "operator_timing": 0.06207852000000003,
                                                                                                            "result_set_size": 40342720,
                                                                                                            "children": [
                                                                                                                {
                                                                                                                    "operator_name": "READ_PARQUET ",
                                                                                                                    "cpu_time": 0.08453333800000012,
                                                                                                                    "extra_info": {
                                                                                                                        "Function": "READ_PARQUET",
                                                                                                                        "Projections": [
                                                                                                                            "id",
                                                                                                                            "reputation",
                                                                                                                            "displayname"
                                                                                                                        ],
                                                                                                                        "Estimated Cardinality": "1260710"
                                                                                                                    },
                                                                                                                    "cumulative_cardinality": 1260710,
                                                                                                                    "operator_type": "TABLE_SCAN",
                                                                                                                    "operator_cardinality": 1260710,
                                                                                                                    "cumulative_rows_scanned": 1260710,
                                                                                                                    "operator_rows_scanned": 1260710,
                                                                                                                    "operator_timing": 0.08453333800000012,
                                                                                                                    "result_set_size": 30257040,
                                                                                                                    "children": []
                                                                                                                }
                                                                                                            ]
                                                                                                        }
                                                                                                    ]
                                                                                                }
                                                                                            ]
                                                                                        },
                                                                                        {
                                                                                            "operator_name": "PROJECTION",
                                                                                            "cpu_time": 0.0007187049999999998,
                                                                                            "extra_info": {
                                                                                                "Projections": "#0",
                                                                                                "Estimated Cardinality": "1925058"
                                                                                            },
                                                                                            "cumulative_cardinality": 187397,
                                                                                            "operator_type": "PROJECTION",
                                                                                            "operator_cardinality": 36836,
                                                                                            "cumulative_rows_scanned": 0,
                                                                                            "operator_rows_scanned": 0,
                                                                                            "operator_timing": 0.000005122,
                                                                                            "result_set_size": 147344,
                                                                                            "children": [
                                                                                                {
                                                                                                    "operator_name": "FILTER",
                                                                                                    "cpu_time": 0.0007135829999999998,
                                                                                                    "extra_info": {
                                                                                                        "Expression": "((QuestionCount + AnswerCount) > 10)",
                                                                                                        "Estimated Cardinality": "1925058"
                                                                                                    },
                                                                                                    "cumulative_cardinality": 150561,
                                                                                                    "operator_type": "FILTER",
                                                                                                    "operator_cardinality": 36836,
                                                                                                    "cumulative_rows_scanned": 0,
                                                                                                    "operator_rows_scanned": 0,
                                                                                                    "operator_timing": 0.0005480759999999999,
                                                                                                    "result_set_size": 1915472,
                                                                                                    "children": [
                                                                                                        {
                                                                                                            "operator_name": "CTE_SCAN",
                                                                                                            "cpu_time": 0.000165507,
                                                                                                            "extra_info": {
                                                                                                                "CTE Index": "0",
                                                                                                                "Estimated Cardinality": "1925058"
                                                                                                            },
                                                                                                            "cumulative_cardinality": 113725,
                                                                                                            "operator_type": "CTE_SCAN",
                                                                                                            "operator_cardinality": 113725,
                                                                                                            "cumulative_rows_scanned": 0,
                                                                                                            "operator_rows_scanned": 0,
                                                                                                            "operator_timing": 0.000165507,
                                                                                                            "result_set_size": 5913700,
                                                                                                            "children": []
                                                                                                        }
                                                                                                    ]
                                                                                                }
                                                                                            ]
                                                                                        }
                                                                                    ]
                                                                                }
                                                                            ]
                                                                        }
                                                                    ]
                                                                },
                                                                {
                                                                    "operator_name": "PROJECTION",
                                                                    "cpu_time": 0.059577456,
                                                                    "extra_info": {
                                                                        "Projections": [
                                                                            "id",
                                                                            "title",
                                                                            "creationdate",
                                                                            "PostStatus"
                                                                        ],
                                                                        "Estimated Cardinality": "770023"
                                                                    },
                                                                    "cumulative_cardinality": 19854,
                                                                    "operator_type": "PROJECTION",
                                                                    "operator_cardinality": 9927,
                                                                    "cumulative_rows_scanned": 3850116,
                                                                    "operator_rows_scanned": 0,
                                                                    "operator_timing": 0.000056004999999999997,
                                                                    "result_set_size": 436788,
                                                                    "children": [
                                                                        {
                                                                            "operator_name": "READ_PARQUET ",
                                                                            "cpu_time": 0.059521451,
                                                                            "extra_info": {
                                                                                "Function": "READ_PARQUET",
                                                                                "Projections": [
                                                                                    "id",
                                                                                    "creationdate",
                                                                                    "title",
                                                                                    "closeddate"
                                                                                ],
                                                                                "Filters": "creationdate>'2024-09-01 12:34:56'::TIMESTAMP",
                                                                                "Estimated Cardinality": "770023"
                                                                            },
                                                                            "cumulative_cardinality": 9927,
                                                                            "operator_type": "TABLE_SCAN",
                                                                            "operator_cardinality": 9927,
                                                                            "cumulative_rows_scanned": 3850116,
                                                                            "operator_rows_scanned": 3850116,
                                                                            "operator_timing": 0.059521451,
                                                                            "result_set_size": 357372,
                                                                            "children": []
                                                                        }
                                                                    ]
                                                                }
                                                            ]
                                                        },
                                                        {
                                                            "operator_name": "PROJECTION",
                                                            "cpu_time": 0.8361159669999992,
                                                            "extra_info": {
                                                                "Projections": [
                                                                    "postid",
                                                                    "CloseReason",
                                                                    "CloseDate",
                                                                    "ClosedBy"
                                                                ],
                                                                "Estimated Cardinality": "2359048"
                                                            },
                                                            "cumulative_cardinality": 1625047,
                                                            "operator_type": "PROJECTION",
                                                            "operator_cardinality": 121456,
                                                            "cumulative_rows_scanned": 13055954,
                                                            "operator_rows_scanned": 0,
                                                            "operator_timing": 0.000028603000000000004,
                                                            "result_set_size": 5344064,
                                                            "children": [
                                                                {
                                                                    "operator_name": "HASH_JOIN",
                                                                    "cpu_time": 0.8360873639999993,
                                                                    "extra_info": {
                                                                        "Join Type": "INNER",
                                                                        "Conditions": "userid = id",
                                                                        "Estimated Cardinality": "2359048"
                                                                    },
                                                                    "cumulative_cardinality": 1503591,
                                                                    "operator_type": "HASH_JOIN",
                                                                    "operator_cardinality": 121456,
                                                                    "cumulative_rows_scanned": 13055954,
                                                                    "operator_rows_scanned": 0,
                                                                    "operator_timing": 0.12257623799999992,
                                                                    "result_set_size": 5344064,
                                                                    "children": [
                                                                        {
                                                                            "operator_name": "READ_PARQUET ",
                                                                            "cpu_time": 0.6313155959999993,
                                                                            "extra_info": {
                                                                                "Function": "READ_PARQUET",
                                                                                "Projections": [
                                                                                    "postid",
                                                                                    "creationdate",
                                                                                    "userid",
                                                                                    "comment"
                                                                                ],
                                                                                "Filters": "posthistorytypeid=10",
                                                                                "Estimated Cardinality": "2359048"
                                                                            },
                                                                            "cumulative_cardinality": 121456,
                                                                            "operator_type": "TABLE_SCAN",
                                                                            "operator_cardinality": 121456,
                                                                            "cumulative_rows_scanned": 11795244,
                                                                            "operator_rows_scanned": 11795244,
                                                                            "operator_timing": 0.6313155959999993,
                                                                            "result_set_size": 3886592,
                                                                            "children": []
                                                                        },
                                                                        {
                                                                            "operator_name": "READ_PARQUET ",
                                                                            "cpu_time": 0.08219552999999999,
                                                                            "extra_info": {
                                                                                "Function": "READ_PARQUET",
                                                                                "Projections": [
                                                                                    "id",
                                                                                    "displayname"
                                                                                ],
                                                                                "Filters": "id<=1416539",
                                                                                "Estimated Cardinality": "1260710"
                                                                            },
                                                                            "cumulative_cardinality": 1260679,
                                                                            "operator_type": "TABLE_SCAN",
                                                                            "operator_cardinality": 1260679,
                                                                            "cumulative_rows_scanned": 1260710,
                                                                            "operator_rows_scanned": 1260710,
                                                                            "operator_timing": 0.08219552999999999,
                                                                            "result_set_size": 25213580,
                                                                            "children": []
                                                                        }
                                                                    ]
                                                                }
                                                            ]
                                                        }
                                                    ]
                                                }
                                            ]
                                        }
                                    ]
                                }
                            ]
                        }
                    ]
                }
            ]
        }
    ]
}