{
    "rows_returned": 10,
    "query_name": "WITH UserReputation AS (\n    SELECT Id, DisplayName, Reputation, \n           ROW_NUMBER() OVER (ORDER BY Reputation DESC) AS ReputationRank\n    FROM Users\n),\nPostStats AS (\n    SELECT OwnerUserId, COUNT(*) AS PostCount, SUM(ViewCount) AS TotalViews, \n           AVG(Score) AS AverageScore\n    FROM Posts\n    WHERE CreationDate >= cast('2024-10-01 12:34:56' as timestamp) - INTERVAL '1 year'\n    GROUP BY OwnerUserId\n),\nTopUsers AS (\n    SELECT ur.DisplayName, ur.Reputation, ps.PostCount, ps.TotalViews, ps.AverageScore\n    FROM UserReputation ur\n    JOIN PostStats ps ON ur.Id = ps.OwnerUserId\n    WHERE ur.Reputation > 1000\n),\nClosedPosts AS (\n    SELECT p.Id AS PostId, p.Title, ph.UserDisplayName, ph.CreationDate AS CloseDate\n    FROM Posts p\n    JOIN PostHistory ph ON p.Id = ph.PostId\n    WHERE ph.PostHistoryTypeId = 10\n)\nSELECT tu.DisplayName, tu.Reputation, \n       COALESCE(COUNT(cp.PostId), 0) AS ClosedPostCount,\n       SUM(CASE WHEN cp.CloseDate >= cast('2024-10-01 12:34:56' as timestamp) - INTERVAL '1 month' THEN 1 ELSE 0 END) AS RecentClosedPosts,\n       STRING_AGG(DISTINCT cp.Title, ', ') AS ClosedPostTitles\nFROM TopUsers tu\nLEFT JOIN ClosedPosts cp ON tu.DisplayName = cp.UserDisplayName\nGROUP BY tu.DisplayName, tu.Reputation\nORDER BY tu.Reputation DESC\nLIMIT 10;",
    "blocked_thread_time": 0.0,
    "cpu_time": 0.9171329309999995,
    "extra_info": {},
    "cumulative_cardinality": 8390428,
    "cumulative_rows_scanned": 20756186,
    "result_set_size": 600,
    "latency": 1.01519922,
    "children": [
        {
            "operator_name": "STREAMING_LIMIT",
            "cpu_time": 0.9171329309999995,
            "extra_info": {},
            "cumulative_cardinality": 8390428,
            "operator_type": "STREAMING_LIMIT",
            "operator_cardinality": 10,
            "cumulative_rows_scanned": 20756186,
            "operator_rows_scanned": 0,
            "operator_timing": 0.000001162,
            "result_set_size": 600,
            "children": [
                {
                    "operator_name": "ORDER_BY",
                    "cpu_time": 0.9171317689999995,
                    "extra_info": {
                        "Order By": "tu.Reputation DESC"
                    },
                    "cumulative_cardinality": 8390418,
                    "operator_type": "ORDER_BY",
                    "operator_cardinality": 3630,
                    "cumulative_rows_scanned": 20756186,
                    "operator_rows_scanned": 0,
                    "operator_timing": 0.000162072,
                    "result_set_size": 217800,
                    "children": [
                        {
                            "operator_name": "PROJECTION",
                            "cpu_time": 0.9169696969999995,
                            "extra_info": {
                                "Projections": [
                                    "displayname",
                                    "reputation",
                                    "ClosedPostCount",
                                    "RecentClosedPosts",
                                    "ClosedPostTitles"
                                ],
                                "Estimated Cardinality": "1260710"
                            },
                            "cumulative_cardinality": 8386788,
                            "operator_type": "PROJECTION",
                            "operator_cardinality": 3630,
                            "cumulative_rows_scanned": 20756186,
                            "operator_rows_scanned": 0,
                            "operator_timing": 0.000035868,
                            "result_set_size": 217800,
                            "children": [
                                {
                                    "operator_name": "HASH_GROUP_BY",
                                    "cpu_time": 0.9169338289999995,
                                    "extra_info": {
                                        "Groups": [
                                            "#0",
                                            "#1"
                                        ],
                                        "Aggregates": [
                                            "count(#2)",
                                            "sum(#3)",
                                            "string_agg(DISTINCT #4)"
                                        ],
                                        "Estimated Cardinality": "1260710"
                                    },
                                    "cumulative_cardinality": 8383158,
                                    "operator_type": "HASH_GROUP_BY",
                                    "operator_cardinality": 3630,
                                    "cumulative_rows_scanned": 20756186,
                                    "operator_rows_scanned": 0,
                                    "operator_timing": 0.000972337,
                                    "result_set_size": 217800,
                                    "children": [
                                        {
                                            "operator_name": "PROJECTION",
                                            "cpu_time": 0.9159614919999995,
                                            "extra_info": {
                                                "Projections": [
                                                    "displayname",
                                                    "reputation",
                                                    "PostId",
                                                    "CASE  WHEN ((CloseDate >= '2024-09-01 12:34:56'::TIMESTAMP)) THEN (1) ELSE 0 END",
                                                    "title"
                                                ],
                                                "Estimated Cardinality": "2359048"
                                            },
                                            "cumulative_cardinality": 8379528,
                                            "operator_type": "PROJECTION",
                                            "operator_cardinality": 3630,
                                            "cumulative_rows_scanned": 20756186,
                                            "operator_rows_scanned": 0,
                                            "operator_timing": 0.000007043,
                                            "result_set_size": 159720,
                                            "children": [
                                                {
                                                    "operator_name": "HASH_JOIN",
                                                    "cpu_time": 0.9159544489999996,
                                                    "extra_info": {
                                                        "Join Type": "RIGHT",
                                                        "Conditions": "userdisplayname = displayname",
                                                        "Estimated Cardinality": "2359048"
                                                    },
                                                    "cumulative_cardinality": 8375898,
                                                    "operator_type": "HASH_JOIN",
                                                    "operator_cardinality": 3630,
                                                    "cumulative_rows_scanned": 20756186,
                                                    "operator_rows_scanned": 0,
                                                    "operator_timing": 0.0017092759999999994,
                                                    "result_set_size": 174240,
                                                    "children": [
                                                        {
                                                            "operator_name": "PROJECTION",
                                                            "cpu_time": 0.7474332869999996,
                                                            "extra_info": {
                                                                "Projections": [
                                                                    "PostId",
                                                                    "title",
                                                                    "userdisplayname",
                                                                    "CloseDate"
                                                                ],
                                                                "Estimated Cardinality": "2359048"
                                                            },
                                                            "cumulative_cardinality": 4214481,
                                                            "operator_type": "PROJECTION",
                                                            "operator_cardinality": 121464,
                                                            "cumulative_rows_scanned": 15645360,
                                                            "operator_rows_scanned": 0,
                                                            "operator_timing": 0.00023576799999999948,
                                                            "result_set_size": 5344416,
                                                            "children": [
                                                                {
                                                                    "operator_name": "HASH_JOIN",
                                                                    "cpu_time": 0.7471975189999995,
                                                                    "extra_info": {
                                                                        "Join Type": "INNER",
                                                                        "Conditions": "id = postid",
                                                                        "Estimated Cardinality": "2359048"
                                                                    },
                                                                    "cumulative_cardinality": 4093017,
                                                                    "operator_type": "HASH_JOIN",
                                                                    "operator_cardinality": 121464,
                                                                    "cumulative_rows_scanned": 15645360,
                                                                    "operator_rows_scanned": 0,
                                                                    "operator_timing": 0.11540320599999988,
                                                                    "result_set_size": 5344416,
                                                                    "children": [
                                                                        {
                                                                            "operator_name": "READ_PARQUET ",
                                                                            "cpu_time": 0.3064629289999999,
                                                                            "extra_info": {
                                                                                "Function": "READ_PARQUET",
                                                                                "Projections": [
                                                                                    "id",
                                                                                    "title"
                                                                                ],
                                                                                "Estimated Cardinality": "3850116"
                                                                            },
                                                                            "cumulative_cardinality": 3850089,
                                                                            "operator_type": "TABLE_SCAN",
                                                                            "operator_cardinality": 3850089,
                                                                            "cumulative_rows_scanned": 3850116,
                                                                            "operator_rows_scanned": 3850116,
                                                                            "operator_timing": 0.3064629289999999,
                                                                            "result_set_size": 77001780,
                                                                            "children": []
                                                                        },
                                                                        {
                                                                            "operator_name": "READ_PARQUET ",
                                                                            "cpu_time": 0.32533138399999983,
                                                                            "extra_info": {
                                                                                "Function": "READ_PARQUET",
                                                                                "Projections": [
                                                                                    "postid",
                                                                                    "creationdate",
                                                                                    "userdisplayname"
                                                                                ],
                                                                                "Filters": "posthistorytypeid=10",
                                                                                "Estimated Cardinality": "2359048"
                                                                            },
                                                                            "cumulative_cardinality": 121464,
                                                                            "operator_type": "TABLE_SCAN",
                                                                            "operator_cardinality": 121464,
                                                                            "cumulative_rows_scanned": 11795244,
                                                                            "operator_rows_scanned": 11795244,
                                                                            "operator_timing": 0.32533138399999983,
                                                                            "result_set_size": 3400992,
                                                                            "children": []
                                                                        }
                                                                    ]
                                                                }
                                                            ]
                                                        },
                                                        {
                                                            "operator_name": "PROJECTION",
                                                            "cpu_time": 0.16681188600000002,
                                                            "extra_info": {
                                                                "Projections": [
                                                                    "displayname",
                                                                    "reputation"
                                                                ],
                                                                "Estimated Cardinality": "77002"
                                                            },
                                                            "cumulative_cardinality": 4157787,
                                                            "operator_type": "PROJECTION",
                                                            "operator_cardinality": 3630,
                                                            "cumulative_rows_scanned": 5110826,
                                                            "operator_rows_scanned": 0,
                                                            "operator_timing": 0.0000018919999999999998,
                                                            "result_set_size": 72600,
                                                            "children": [
                                                                {
                                                                    "operator_name": "HASH_JOIN",
                                                                    "cpu_time": 0.16680999400000002,
                                                                    "extra_info": {
                                                                        "Join Type": "INNER",
                                                                        "Conditions": "id = owneruserid",
                                                                        "Estimated Cardinality": "77002"
                                                                    },
                                                                    "cumulative_cardinality": 4154157,
                                                                    "operator_type": "HASH_JOIN",
                                                                    "operator_cardinality": 3630,
                                                                    "cumulative_rows_scanned": 5110826,
                                                                    "operator_rows_scanned": 0,
                                                                    "operator_timing": 0.0013229370000000002,
                                                                    "result_set_size": 87120,
                                                                    "children": [
                                                                        {
                                                                            "operator_name": "PROJECTION",
                                                                            "cpu_time": 0.14674346000000002,
                                                                            "extra_info": {
                                                                                "Projections": [
                                                                                    "id",
                                                                                    "displayname",
                                                                                    "reputation"
                                                                                ],
                                                                                "Estimated Cardinality": "252142"
                                                                            },
                                                                            "cumulative_cardinality": 3826990,
                                                                            "operator_type": "PROJECTION",
                                                                            "operator_cardinality": 11215,
                                                                            "cumulative_rows_scanned": 1260710,
                                                                            "operator_rows_scanned": 0,
                                                                            "operator_timing": 0.000002045,
                                                                            "result_set_size": 269160,
                                                                            "children": [
                                                                                {
                                                                                    "operator_name": "FILTER",
                                                                                    "cpu_time": 0.14674141500000001,
                                                                                    "extra_info": {
                                                                                        "Expression": "(id <= 1416539)",
                                                                                        "Estimated Cardinality": "252142"
                                                                                    },
                                                                                    "cumulative_cardinality": 3815775,
                                                                                    "operator_type": "FILTER",
                                                                                    "operator_cardinality": 11215,
                                                                                    "cumulative_rows_scanned": 1260710,
                                                                                    "operator_rows_scanned": 0,
                                                                                    "operator_timing": 0.000016382,
                                                                                    "result_set_size": 269160,
                                                                                    "children": [
                                                                                        {
                                                                                            "operator_name": "PROJECTION",
                                                                                            "cpu_time": 0.146725033,
                                                                                            "extra_info": {
                                                                                                "Projections": [
                                                                                                    "#0",
                                                                                                    "#1",
                                                                                                    "#2"
                                                                                                ],
                                                                                                "Estimated Cardinality": "252142"
                                                                                            },
                                                                                            "cumulative_cardinality": 3804560,
                                                                                            "operator_type": "PROJECTION",
                                                                                            "operator_cardinality": 11215,
                                                                                            "cumulative_rows_scanned": 1260710,
                                                                                            "operator_rows_scanned": 0,
                                                                                            "operator_timing": 0.000001652,
                                                                                            "result_set_size": 269160,
                                                                                            "children": [
                                                                                                {
                                                                                                    "operator_name": "FILTER",
                                                                                                    "cpu_time": 0.146723381,
                                                                                                    "extra_info": {
                                                                                                        "Expression": "(reputation > 1000)",
                                                                                                        "Estimated Cardinality": "252142"
                                                                                                    },
                                                                                                    "cumulative_cardinality": 3793345,
                                                                                                    "operator_type": "FILTER",
                                                                                                    "operator_cardinality": 11215,
                                                                                                    "cumulative_rows_scanned": 1260710,
                                                                                                    "operator_rows_scanned": 0,
                                                                                                    "operator_timing": 0.001626639000000005,
                                                                                                    "result_set_size": 358880,
                                                                                                    "children": [
                                                                                                        {
                                                                                                            "operator_name": "PROJECTION",
                                                                                                            "cpu_time": 0.145096742,
                                                                                                            "extra_info": {
                                                                                                                "Projections": [
                                                                                                                    "#0",
                                                                                                                    "#1",
                                                                                                                    "#2",
                                                                                                                    "#3"
                                                                                                                ],
                                                                                                                "Estimated Cardinality": "1260710"
                                                                                                            },
                                                                                                            "cumulative_cardinality": 3782130,
                                                                                                            "operator_type": "PROJECTION",
                                                                                                            "operator_cardinality": 1260710,
                                                                                                            "cumulative_rows_scanned": 1260710,
                                                                                                            "operator_rows_scanned": 0,
                                                                                                            "operator_timing": 0.00010587999999999944,
                                                                                                            "result_set_size": 40342720,
                                                                                                            "children": [
                                                                                                                {
                                                                                                                    "operator_name": "WINDOW",
                                                                                                                    "cpu_time": 0.144990862,
                                                                                                                    "extra_info": {
                                                                                                                        "Projections": "ROW_NUMBER() OVER (ORDER BY reputation DESC NULLS LAST)"
                                                                                                                    },
                                                                                                                    "cumulative_cardinality": 2521420,
                                                                                                                    "operator_type": "WINDOW",
                                                                                                                    "operator_cardinality": 1260710,
                                                                                                                    "cumulative_rows_scanned": 1260710,
                                                                                                                    "operator_rows_scanned": 0,
                                                                                                                    "operator_timing": 0.061202565999999965,
                                                                                                                    "result_set_size": 40342720,
                                                                                                                    "children": [
                                                                                                                        {
                                                                                                                            "operator_name": "READ_PARQUET ",
                                                                                                                            "cpu_time": 0.08378829600000004,
                                                                                                                            "extra_info": {
                                                                                                                                "Function": "READ_PARQUET",
                                                                                                                                "Projections": [
                                                                                                                                    "id",
                                                                                                                                    "reputation",
                                                                                                                                    "displayname"
                                                                                                                                ],
                                                                                                                                "Estimated Cardinality": "1260710"
                                                                                                                            },
                                                                                                                            "cumulative_cardinality": 1260710,
                                                                                                                            "operator_type": "TABLE_SCAN",
                                                                                                                            "operator_cardinality": 1260710,
                                                                                                                            "cumulative_rows_scanned": 1260710,
                                                                                                                            "operator_rows_scanned": 1260710,
                                                                                                                            "operator_timing": 0.08378829600000004,
                                                                                                                            "result_set_size": 30257040,
                                                                                                                            "children": []
                                                                                                                        }
                                                                                                                    ]
                                                                                                                }
                                                                                                            ]
                                                                                                        }
                                                                                                    ]
                                                                                                }
                                                                                            ]
                                                                                        }
                                                                                    ]
                                                                                }
                                                                            ]
                                                                        },
                                                                        {
                                                                            "operator_name": "HASH_GROUP_BY",
                                                                            "cpu_time": 0.018743596999999994,
                                                                            "extra_info": {
                                                                                "Groups": "#0",
                                                                                "Aggregates": "",
                                                                                "Estimated Cardinality": "385011"
                                                                            },
                                                                            "cumulative_cardinality": 323537,
                                                                            "operator_type": "HASH_GROUP_BY",
                                                                            "operator_cardinality": 32453,
                                                                            "cumulative_rows_scanned": 3850116,
                                                                            "operator_rows_scanned": 0,
                                                                            "operator_timing": 0.0024666410000000003,
                                                                            "result_set_size": 129812,
                                                                            "children": [
                                                                                {
                                                                                    "operator_name": "PROJECTION",
                                                                                    "cpu_time": 0.016276955999999995,
                                                                                    "extra_info": {
                                                                                        "Projections": "owneruserid",
                                                                                        "Estimated Cardinality": "770023"
                                                                                    },
                                                                                    "cumulative_cardinality": 291084,
                                                                                    "operator_type": "PROJECTION",
                                                                                    "operator_cardinality": 145542,
                                                                                    "cumulative_rows_scanned": 3850116,
                                                                                    "operator_rows_scanned": 0,
                                                                                    "operator_timing": 0.000009592000000000002,
                                                                                    "result_set_size": 582168,
                                                                                    "children": [
                                                                                        {
                                                                                            "operator_name": "READ_PARQUET ",
                                                                                            "cpu_time": 0.016267363999999996,
                                                                                            "extra_info": {
                                                                                                "Function": "READ_PARQUET",
                                                                                                "Projections": "owneruserid",
                                                                                                "Filters": "creationdate>='2023-10-01 12:34:56'::TIMESTAMP",
                                                                                                "Estimated Cardinality": "770023"
                                                                                            },
                                                                                            "cumulative_cardinality": 145542,
                                                                                            "operator_type": "TABLE_SCAN",
                                                                                            "operator_cardinality": 145542,
                                                                                            "cumulative_rows_scanned": 3850116,
                                                                                            "operator_rows_scanned": 3850116,
                                                                                            "operator_timing": 0.016267363999999996,
                                                                                            "result_set_size": 582168,
                                                                                            "children": []
                                                                                        }
                                                                                    ]
                                                                                }
                                                                            ]
                                                                        }
                                                                    ]
                                                                }
                                                            ]
                                                        }
                                                    ]
                                                }
                                            ]
                                        }
                                    ]
                                }
                            ]
                        }
                    ]
                }
            ]
        }
    ]
}