{
    "rows_returned": 10,
    "query_name": "WITH UserReputation AS (\n    SELECT \n        U.Id AS UserId,\n        U.DisplayName,\n        U.Reputation,\n        RANK() OVER (ORDER BY U.Reputation DESC) AS ReputationRank\n    FROM Users U\n),\nPostStats AS (\n    SELECT \n        P.OwnerUserId,\n        COUNT(*) AS TotalPosts,\n        SUM(CASE WHEN P.PostTypeId = 1 THEN 1 ELSE 0 END) AS TotalQuestions,\n        SUM(CASE WHEN P.PostTypeId = 2 THEN 1 ELSE 0 END) AS TotalAnswers\n    FROM Posts P\n    GROUP BY P.OwnerUserId\n),\nTopUsers AS (\n    SELECT \n        UR.UserId,\n        UR.DisplayName,\n        UR.Reputation,\n        PS.TotalPosts,\n        PS.TotalQuestions,\n        PS.TotalAnswers\n    FROM UserReputation UR\n    JOIN PostStats PS ON UR.UserId = PS.OwnerUserId\n    WHERE UR.Reputation > 1000\n)\nSELECT \n    COALESCE(TU.DisplayName, 'Unknown User') AS UserName,\n    TU.Reputation,\n    TU.TotalPosts,\n    TU.TotalQuestions,\n    TU.TotalAnswers,\n    COALESCE(PHT.Name, 'No History') AS RecentActionType,\n    COUNT(PH.Id) AS ActionCount\nFROM TopUsers TU\nLEFT JOIN PostHistory PH ON PH.UserId = TU.UserId AND PH.CreationDate > cast('2024-10-01 12:34:56' as timestamp) - INTERVAL '30 days'\nLEFT JOIN PostHistoryTypes PHT ON PH.PostHistoryTypeId = PHT.Id\nGROUP BY TU.UserId, TU.DisplayName, TU.Reputation, TU.TotalPosts, TU.TotalQuestions, TU.TotalAnswers, PHT.Name\nORDER BY TU.Reputation DESC, ActionCount DESC\nLIMIT 10;",
    "blocked_thread_time": 0.0,
    "cpu_time": 0.39246271600000016,
    "extra_info": {},
    "cumulative_cardinality": 12059887,
    "cumulative_rows_scanned": 16906104,
    "result_set_size": 840,
    "latency": 0.518347403,
    "children": [
        {
            "operator_name": "STREAMING_LIMIT",
            "cpu_time": 0.39246271600000016,
            "extra_info": {},
            "cumulative_cardinality": 12059887,
            "operator_type": "STREAMING_LIMIT",
            "operator_cardinality": 10,
            "cumulative_rows_scanned": 16906104,
            "operator_rows_scanned": 0,
            "operator_timing": 0.000001002,
            "result_set_size": 840,
            "children": [
                {
                    "operator_name": "ORDER_BY",
                    "cpu_time": 0.39246171400000013,
                    "extra_info": {
                        "Order By": [
                            "TU.Reputation DESC",
                            "count(PH.Id) DESC"
                        ]
                    },
                    "cumulative_cardinality": 12059877,
                    "operator_type": "ORDER_BY",
                    "operator_cardinality": 4096,
                    "cumulative_rows_scanned": 16906104,
                    "operator_rows_scanned": 0,
                    "operator_timing": 0.00065257,
                    "result_set_size": 344064,
                    "children": [
                        {
                            "operator_name": "PROJECTION",
                            "cpu_time": 0.3918091440000001,
                            "extra_info": {
                                "Projections": [
                                    "displayname",
                                    "reputation",
                                    "TotalPosts",
                                    "TotalQuestions",
                                    "TotalAnswers",
                                    "RecentActionType",
                                    "ActionCount"
                                ],
                                "Estimated Cardinality": "1260710"
                            },
                            "cumulative_cardinality": 12055781,
                            "operator_type": "PROJECTION",
                            "operator_cardinality": 13758,
                            "cumulative_rows_scanned": 16906104,
                            "operator_rows_scanned": 0,
                            "operator_timing": 0.00010276299999999999,
                            "result_set_size": 1155672,
                            "children": [
                                {
                                    "operator_name": "HASH_GROUP_BY",
                                    "cpu_time": 0.3917063810000001,
                                    "extra_info": {
                                        "Groups": [
                                            "#0",
                                            "#1",
                                            "#2",
                                            "#3",
                                            "#4",
                                            "#5",
                                            "#6"
                                        ],
                                        "Aggregates": "count(#7)",
                                        "Estimated Cardinality": "1260710"
                                    },
                                    "cumulative_cardinality": 12042023,
                                    "operator_type": "HASH_GROUP_BY",
                                    "operator_cardinality": 13758,
                                    "cumulative_rows_scanned": 16906104,
                                    "operator_rows_scanned": 0,
                                    "operator_timing": 0.0031699130000000003,
                                    "result_set_size": 1210704,
                                    "children": [
                                        {
                                            "operator_name": "PROJECTION",
                                            "cpu_time": 0.3885364680000001,
                                            "extra_info": {
                                                "Projections": [
                                                    "UserId",
                                                    "displayname",
                                                    "reputation",
                                                    "TotalPosts",
                                                    "TotalQuestions",
                                                    "TotalAnswers",
                                                    "name",
                                                    "id"
                                                ],
                                                "Estimated Cardinality": "2359048"
                                            },
                                            "cumulative_cardinality": 12028265,
                                            "operator_type": "PROJECTION",
                                            "operator_cardinality": 25625,
                                            "cumulative_rows_scanned": 16906104,
                                            "operator_rows_scanned": 0,
                                            "operator_timing": 0.000010359,
                                            "result_set_size": 2152500,
                                            "children": [
                                                {
                                                    "operator_name": "HASH_JOIN",
                                                    "cpu_time": 0.38852610900000006,
                                                    "extra_info": {
                                                        "Join Type": "LEFT",
                                                        "Conditions": "posthistorytypeid = id",
                                                        "Estimated Cardinality": "2359048"
                                                    },
                                                    "cumulative_cardinality": 12002640,
                                                    "operator_type": "HASH_JOIN",
                                                    "operator_cardinality": 25625,
                                                    "cumulative_rows_scanned": 16906104,
                                                    "operator_rows_scanned": 0,
                                                    "operator_timing": 0.0007323060000000001,
                                                    "result_set_size": 2152500,
                                                    "children": [
                                                        {
                                                            "operator_name": "HASH_JOIN",
                                                            "cpu_time": 0.387485797,
                                                            "extra_info": {
                                                                "Join Type": "RIGHT",
                                                                "Conditions": "userid = UserId",
                                                                "Estimated Cardinality": "2359048"
                                                            },
                                                            "cumulative_cardinality": 11976981,
                                                            "operator_type": "HASH_JOIN",
                                                            "operator_cardinality": 25625,
                                                            "cumulative_rows_scanned": 16906070,
                                                            "operator_rows_scanned": 0,
                                                            "operator_timing": 0.002165719,
                                                            "result_set_size": 1793750,
                                                            "children": [
                                                                {
                                                                    "operator_name": "READ_PARQUET ",
                                                                    "cpu_time": 0.010386634,
                                                                    "extra_info": {
                                                                        "Function": "READ_PARQUET",
                                                                        "Projections": [
                                                                            "id",
                                                                            "posthistorytypeid",
                                                                            "userid"
                                                                        ],
                                                                        "Filters": "creationdate>'2024-09-01 12:34:56'::TIMESTAMP",
                                                                        "Estimated Cardinality": "2359048"
                                                                    },
                                                                    "cumulative_cardinality": 30074,
                                                                    "operator_type": "TABLE_SCAN",
                                                                    "operator_cardinality": 30074,
                                                                    "cumulative_rows_scanned": 11795244,
                                                                    "operator_rows_scanned": 11795244,
                                                                    "operator_timing": 0.010386634,
                                                                    "result_set_size": 300740,
                                                                    "children": []
                                                                },
                                                                {
                                                                    "operator_name": "PROJECTION",
                                                                    "cpu_time": 0.374933444,
                                                                    "extra_info": {
                                                                        "Projections": [
                                                                            "UserId",
                                                                            "displayname",
                                                                            "reputation",
                                                                            "TotalPosts",
                                                                            "TotalQuestions",
                                                                            "TotalAnswers"
                                                                        ],
                                                                        "Estimated Cardinality": "385011"
                                                                    },
                                                                    "cumulative_cardinality": 11921282,
                                                                    "operator_type": "PROJECTION",
                                                                    "operator_cardinality": 11214,
                                                                    "cumulative_rows_scanned": 5110826,
                                                                    "operator_rows_scanned": 0,
                                                                    "operator_timing": 0.000020340999999999997,
                                                                    "result_set_size": 717696,
                                                                    "children": [
                                                                        {
                                                                            "operator_name": "HASH_JOIN",
                                                                            "cpu_time": 0.374913103,
                                                                            "extra_info": {
                                                                                "Join Type": "INNER",
                                                                                "Conditions": "owneruserid = UserId",
                                                                                "Estimated Cardinality": "385011"
                                                                            },
                                                                            "cumulative_cardinality": 11910068,
                                                                            "operator_type": "HASH_JOIN",
                                                                            "operator_cardinality": 11214,
                                                                            "cumulative_rows_scanned": 5110826,
                                                                            "operator_rows_scanned": 0,
                                                                            "operator_timing": 0.005315353000000002,
                                                                            "result_set_size": 717696,
                                                                            "children": [
                                                                                {
                                                                                    "operator_name": "HASH_GROUP_BY",
                                                                                    "cpu_time": 0.21664401000000022,
                                                                                    "extra_info": {
                                                                                        "Groups": "#0",
                                                                                        "Aggregates": [
                                                                                            "count_star()",
                                                                                            "sum(#1)",
                                                                                            "sum(#2)"
                                                                                        ],
                                                                                        "Estimated Cardinality": "1925058"
                                                                                    },
                                                                                    "cumulative_cardinality": 8071864,
                                                                                    "operator_type": "HASH_GROUP_BY",
                                                                                    "operator_cardinality": 371632,
                                                                                    "cumulative_rows_scanned": 3850116,
                                                                                    "operator_rows_scanned": 0,
                                                                                    "operator_timing": 0.1307647020000002,
                                                                                    "result_set_size": 16351808,
                                                                                    "children": [
                                                                                        {
                                                                                            "operator_name": "PROJECTION",
                                                                                            "cpu_time": 0.08587930800000002,
                                                                                            "extra_info": {
                                                                                                "Projections": [
                                                                                                    "owneruserid",
                                                                                                    "CASE  WHEN ((posttypeid = 1)) THEN (1) ELSE 0 END",
                                                                                                    "CASE  WHEN ((posttypeid = 2)) THEN (1) ELSE 0 END"
                                                                                                ],
                                                                                                "Estimated Cardinality": "3850116"
                                                                                            },
                                                                                            "cumulative_cardinality": 7700232,
                                                                                            "operator_type": "PROJECTION",
                                                                                            "operator_cardinality": 3850116,
                                                                                            "cumulative_rows_scanned": 3850116,
                                                                                            "operator_rows_scanned": 0,
                                                                                            "operator_timing": 0.04925816100000003,
                                                                                            "result_set_size": 46201392,
                                                                                            "children": [
                                                                                                {
                                                                                                    "operator_name": "READ_PARQUET ",
                                                                                                    "cpu_time": 0.03662114699999998,
                                                                                                    "extra_info": {
                                                                                                        "Function": "READ_PARQUET",
                                                                                                        "Projections": [
                                                                                                            "posttypeid",
                                                                                                            "owneruserid"
                                                                                                        ],
                                                                                                        "Estimated Cardinality": "3850116"
                                                                                                    },
                                                                                                    "cumulative_cardinality": 3850116,
                                                                                                    "operator_type": "TABLE_SCAN",
                                                                                                    "operator_cardinality": 3850116,
                                                                                                    "cumulative_rows_scanned": 3850116,
                                                                                                    "operator_rows_scanned": 3850116,
                                                                                                    "operator_timing": 0.03662114699999998,
                                                                                                    "result_set_size": 23100696,
                                                                                                    "children": []
                                                                                                }
                                                                                            ]
                                                                                        }
                                                                                    ]
                                                                                },
                                                                                {
                                                                                    "operator_name": "PROJECTION",
                                                                                    "cpu_time": 0.15295373999999984,
                                                                                    "extra_info": {
                                                                                        "Projections": [
                                                                                            "UserId",
                                                                                            "displayname",
                                                                                            "reputation"
                                                                                        ],
                                                                                        "Estimated Cardinality": "252142"
                                                                                    },
                                                                                    "cumulative_cardinality": 3826990,
                                                                                    "operator_type": "PROJECTION",
                                                                                    "operator_cardinality": 11215,
                                                                                    "cumulative_rows_scanned": 1260710,
                                                                                    "operator_rows_scanned": 0,
                                                                                    "operator_timing": 0.000002545,
                                                                                    "result_set_size": 269160,
                                                                                    "children": [
                                                                                        {
                                                                                            "operator_name": "FILTER",
                                                                                            "cpu_time": 0.15295119499999985,
                                                                                            "extra_info": {
                                                                                                "Expression": "(UserId <= 1416539)",
                                                                                                "Estimated Cardinality": "252142"
                                                                                            },
                                                                                            "cumulative_cardinality": 3815775,
                                                                                            "operator_type": "FILTER",
                                                                                            "operator_cardinality": 11215,
                                                                                            "cumulative_rows_scanned": 1260710,
                                                                                            "operator_rows_scanned": 0,
                                                                                            "operator_timing": 0.000017774000000000003,
                                                                                            "result_set_size": 269160,
                                                                                            "children": [
                                                                                                {
                                                                                                    "operator_name": "PROJECTION",
                                                                                                    "cpu_time": 0.15293342099999985,
                                                                                                    "extra_info": {
                                                                                                        "Projections": [
                                                                                                            "#0",
                                                                                                            "#1",
                                                                                                            "#2"
                                                                                                        ],
                                                                                                        "Estimated Cardinality": "252142"
                                                                                                    },
                                                                                                    "cumulative_cardinality": 3804560,
                                                                                                    "operator_type": "PROJECTION",
                                                                                                    "operator_cardinality": 11215,
                                                                                                    "cumulative_rows_scanned": 1260710,
                                                                                                    "operator_rows_scanned": 0,
                                                                                                    "operator_timing": 0.0000014420000000000001,
                                                                                                    "result_set_size": 269160,
                                                                                                    "children": [
                                                                                                        {
                                                                                                            "operator_name": "FILTER",
                                                                                                            "cpu_time": 0.15293197899999986,
                                                                                                            "extra_info": {
                                                                                                                "Expression": "(reputation > 1000)",
                                                                                                                "Estimated Cardinality": "252142"
                                                                                                            },
                                                                                                            "cumulative_cardinality": 3793345,
                                                                                                            "operator_type": "FILTER",
                                                                                                            "operator_cardinality": 11215,
                                                                                                            "cumulative_rows_scanned": 1260710,
                                                                                                            "operator_rows_scanned": 0,
                                                                                                            "operator_timing": 0.001558003000000002,
                                                                                                            "result_set_size": 358880,
                                                                                                            "children": [
                                                                                                                {
                                                                                                                    "operator_name": "PROJECTION",
                                                                                                                    "cpu_time": 0.15137397599999985,
                                                                                                                    "extra_info": {
                                                                                                                        "Projections": [
                                                                                                                            "#0",
                                                                                                                            "#1",
                                                                                                                            "#2",
                                                                                                                            "#3"
                                                                                                                        ],
                                                                                                                        "Estimated Cardinality": "1260710"
                                                                                                                    },
                                                                                                                    "cumulative_cardinality": 3782130,
                                                                                                                    "operator_type": "PROJECTION",
                                                                                                                    "operator_cardinality": 1260710,
                                                                                                                    "cumulative_rows_scanned": 1260710,
                                                                                                                    "operator_rows_scanned": 0,
                                                                                                                    "operator_timing": 0.00010360899999999973,
                                                                                                                    "result_set_size": 40342720,
                                                                                                                    "children": [
                                                                                                                        {
                                                                                                                            "operator_name": "WINDOW",
                                                                                                                            "cpu_time": 0.15127036699999985,
                                                                                                                            "extra_info": {
                                                                                                                                "Projections": "RANK() OVER (ORDER BY reputation DESC NULLS LAST)"
                                                                                                                            },
                                                                                                                            "cumulative_cardinality": 2521420,
                                                                                                                            "operator_type": "WINDOW",
                                                                                                                            "operator_cardinality": 1260710,
                                                                                                                            "cumulative_rows_scanned": 1260710,
                                                                                                                            "operator_rows_scanned": 0,
                                                                                                                            "operator_timing": 0.06825633999999997,
                                                                                                                            "result_set_size": 40342720,
                                                                                                                            "children": [
                                                                                                                                {
                                                                                                                                    "operator_name": "READ_PARQUET ",
                                                                                                                                    "cpu_time": 0.0830140269999999,
                                                                                                                                    "extra_info": {
                                                                                                                                        "Function": "READ_PARQUET",
                                                                                                                                        "Projections": [
                                                                                                                                            "id",
                                                                                                                                            "reputation",
                                                                                                                                            "displayname"
                                                                                                                                        ],
                                                                                                                                        "Estimated Cardinality": "1260710"
                                                                                                                                    },
                                                                                                                                    "cumulative_cardinality": 1260710,
                                                                                                                                    "operator_type": "TABLE_SCAN",
                                                                                                                                    "operator_cardinality": 1260710,
                                                                                                                                    "cumulative_rows_scanned": 1260710,
                                                                                                                                    "operator_rows_scanned": 1260710,
                                                                                                                                    "operator_timing": 0.0830140269999999,
                                                                                                                                    "result_set_size": 30257040,
                                                                                                                                    "children": []
                                                                                                                                }
                                                                                                                            ]
                                                                                                                        }
                                                                                                                    ]
                                                                                                                }
                                                                                                            ]
                                                                                                        }
                                                                                                    ]
                                                                                                }
                                                                                            ]
                                                                                        }
                                                                                    ]
                                                                                }
                                                                            ]
                                                                        }
                                                                    ]
                                                                }
                                                            ]
                                                        },
                                                        {
                                                            "operator_name": "READ_PARQUET ",
                                                            "cpu_time": 0.000308006,
                                                            "extra_info": {
                                                                "Function": "READ_PARQUET",
                                                                "Projections": [
                                                                    "id",
                                                                    "name"
                                                                ],
                                                                "Estimated Cardinality": "34"
                                                            },
                                                            "cumulative_cardinality": 34,
                                                            "operator_type": "TABLE_SCAN",
                                                            "operator_cardinality": 34,
                                                            "cumulative_rows_scanned": 34,
                                                            "operator_rows_scanned": 34,
                                                            "operator_timing": 0.000308006,
                                                            "result_set_size": 612,
                                                            "children": []
                                                        }
                                                    ]
                                                }
                                            ]
                                        }
                                    ]
                                }
                            ]
                        }
                    ]
                }
            ]
        }
    ]
}