{
    "rows_returned": 10,
    "query_name": "WITH UserReputation AS (\n    SELECT Id, Reputation, \n           ROW_NUMBER() OVER (ORDER BY Reputation DESC) AS ReputationRank\n    FROM Users\n),\nPostStats AS (\n    SELECT OwnerUserId, COUNT(*) AS TotalPosts, \n           SUM(CASE WHEN PostTypeId = 1 THEN 1 ELSE 0 END) AS QuestionsCount,\n           AVG(ViewCount) AS AvgViews\n    FROM Posts\n    GROUP BY OwnerUserId\n),\nClosedPostStats AS (\n    SELECT ph.UserId, COUNT(*) AS ClosedPostsCount\n    FROM PostHistory ph\n    JOIN Posts p ON ph.PostId = p.Id\n    WHERE ph.PostHistoryTypeId = 10 \n    GROUP BY ph.UserId\n),\nBadgesSummary AS (\n    SELECT UserId, COUNT(*) AS TotalBadges, \n           SUM(CASE WHEN Class = 1 THEN 1 ELSE 0 END) AS GoldBadges,\n           SUM(CASE WHEN Class = 2 THEN 1 ELSE 0 END) AS SilverBadges,\n           SUM(CASE WHEN Class = 3 THEN 1 ELSE 0 END) AS BronzeBadges\n    FROM Badges\n    GROUP BY UserId\n)\nSELECT u.DisplayName, \n       u.Reputation, \n       COALESCE(ps.TotalPosts, 0) AS TotalPosts, \n       COALESCE(ps.QuestionsCount, 0) AS QuestionsCount, \n       COALESCE(ps.AvgViews, 0) AS AvgViews, \n       COALESCE(cps.ClosedPostsCount, 0) AS ClosedPostsCount,\n       COALESCE(bs.TotalBadges, 0) AS TotalBadges,\n       COALESCE(bs.GoldBadges, 0) AS GoldBadges,\n       COALESCE(bs.SilverBadges, 0) AS SilverBadges,\n       COALESCE(bs.BronzeBadges, 0) AS BronzeBadges,\n       CASE WHEN u.Location IS NULL THEN 'Location Not Provided' ELSE u.Location END AS UserLocation,\n       CASE WHEN u.Views > 1000 THEN 'High Viewer' ELSE 'Regular Viewer' END AS ViewerStatus\nFROM Users u\nLEFT JOIN PostStats ps ON u.Id = ps.OwnerUserId\nLEFT JOIN ClosedPostStats cps ON u.Id = cps.UserId\nLEFT JOIN BadgesSummary bs ON u.Id = bs.UserId\nWHERE u.Reputation > (SELECT AVG(Reputation) FROM Users)\nORDER BY u.Reputation DESC\nOFFSET 0 ROWS FETCH NEXT 10 ROWS ONLY;",
    "blocked_thread_time": 0.0,
    "cpu_time": 1.2290680920000003,
    "extra_info": {},
    "cumulative_cardinality": 25648474,
    "cumulative_rows_scanned": 24338620,
    "result_set_size": 1480,
    "latency": 1.391675133,
    "children": [
        {
            "operator_name": "STREAMING_LIMIT",
            "cpu_time": 1.2290680920000003,
            "extra_info": {},
            "cumulative_cardinality": 25648474,
            "operator_type": "STREAMING_LIMIT",
            "operator_cardinality": 10,
            "cumulative_rows_scanned": 24338620,
            "operator_rows_scanned": 0,
            "operator_timing": 0.000002475,
            "result_set_size": 1480,
            "children": [
                {
                    "operator_name": "PROJECTION",
                    "cpu_time": 1.2290656170000003,
                    "extra_info": {
                        "Projections": [
                            "#0",
                            "#1",
                            "#2",
                            "#3",
                            "#4",
                            "#5",
                            "#6",
                            "#7",
                            "#8",
                            "#9",
                            "#10",
                            "__internal_decompress_string(#11)"
                        ],
                        "Estimated Cardinality": "3"
                    },
                    "cumulative_cardinality": 25648464,
                    "operator_type": "PROJECTION",
                    "operator_cardinality": 4096,
                    "cumulative_rows_scanned": 24338620,
                    "operator_rows_scanned": 0,
                    "operator_timing": 0.000060683,
                    "result_set_size": 606208,
                    "children": [
                        {
                            "operator_name": "ORDER_BY",
                            "cpu_time": 1.2290049340000002,
                            "extra_info": {
                                "Order By": "u.Reputation DESC"
                            },
                            "cumulative_cardinality": 25644368,
                            "operator_type": "ORDER_BY",
                            "operator_cardinality": 4096,
                            "cumulative_rows_scanned": 24338620,
                            "operator_rows_scanned": 0,
                            "operator_timing": 0.02518647599999999,
                            "result_set_size": 606208,
                            "children": [
                                {
                                    "operator_name": "PROJECTION",
                                    "cpu_time": 1.2038184580000002,
                                    "extra_info": {
                                        "Projections": [
                                            "#0",
                                            "#1",
                                            "#2",
                                            "#3",
                                            "#4",
                                            "#5",
                                            "#6",
                                            "#7",
                                            "#8",
                                            "#9",
                                            "#10",
                                            "__internal_compress_string_hugeint(#11)"
                                        ],
                                        "Estimated Cardinality": "3"
                                    },
                                    "cumulative_cardinality": 25640272,
                                    "operator_type": "PROJECTION",
                                    "operator_cardinality": 199012,
                                    "cumulative_rows_scanned": 24338620,
                                    "operator_rows_scanned": 0,
                                    "operator_timing": 0.002206439,
                                    "result_set_size": 29453776,
                                    "children": [
                                        {
                                            "operator_name": "PROJECTION",
                                            "cpu_time": 1.2016120190000001,
                                            "extra_info": {
                                                "Projections": [
                                                    "displayname",
                                                    "reputation",
                                                    "TotalPosts",
                                                    "QuestionsCount",
                                                    "AvgViews",
                                                    "ClosedPostsCount",
                                                    "TotalBadges",
                                                    "GoldBadges",
                                                    "SilverBadges",
                                                    "BronzeBadges",
                                                    "UserLocation",
                                                    "ViewerStatus"
                                                ],
                                                "Estimated Cardinality": "3"
                                            },
                                            "cumulative_cardinality": 25441260,
                                            "operator_type": "PROJECTION",
                                            "operator_cardinality": 199012,
                                            "cumulative_rows_scanned": 24338620,
                                            "operator_rows_scanned": 0,
                                            "operator_timing": 0.026404679,
                                            "result_set_size": 29453776,
                                            "children": [
                                                {
                                                    "operator_name": "NESTED_LOOP_JOIN",
                                                    "cpu_time": 1.17520734,
                                                    "extra_info": {
                                                        "Join Type": "INNER",
                                                        "Conditions": "CAST(reputation AS DOUBLE) > SUBQUERY",
                                                        "Estimated Cardinality": "3"
                                                    },
                                                    "cumulative_cardinality": 25242248,
                                                    "operator_type": "NESTED_LOOP_JOIN",
                                                    "operator_cardinality": 199012,
                                                    "cumulative_rows_scanned": 24338620,
                                                    "operator_rows_scanned": 0,
                                                    "operator_timing": 0.023436990000000043,
                                                    "result_set_size": 31841920,
                                                    "children": [
                                                        {
                                                            "operator_name": "HASH_JOIN",
                                                            "cpu_time": 1.140131427,
                                                            "extra_info": {
                                                                "Join Type": "LEFT",
                                                                "Conditions": "id = userid",
                                                                "Estimated Cardinality": "1925058"
                                                            },
                                                            "cumulative_cardinality": 22521812,
                                                            "operator_type": "HASH_JOIN",
                                                            "operator_cardinality": 1260710,
                                                            "cumulative_rows_scanned": 23077910,
                                                            "operator_rows_scanned": 0,
                                                            "operator_timing": 0.08989944500000001,
                                                            "result_set_size": 191627920,
                                                            "children": [
                                                                {
                                                                    "operator_name": "HASH_JOIN",
                                                                    "cpu_time": 0.859943124,
                                                                    "extra_info": {
                                                                        "Join Type": "LEFT",
                                                                        "Conditions": "id = userid",
                                                                        "Estimated Cardinality": "1925058"
                                                                    },
                                                                    "cumulative_cardinality": 16068633,
                                                                    "operator_type": "HASH_JOIN",
                                                                    "operator_cardinality": 1260710,
                                                                    "cumulative_rows_scanned": 20756186,
                                                                    "operator_rows_scanned": 0,
                                                                    "operator_timing": 0.014674273,
                                                                    "result_set_size": 115985320,
                                                                    "children": [
                                                                        {
                                                                            "operator_name": "HASH_JOIN",
                                                                            "cpu_time": 0.4832401520000003,
                                                                            "extra_info": {
                                                                                "Join Type": "RIGHT",
                                                                                "Conditions": "owneruserid = id",
                                                                                "Estimated Cardinality": "1925058"
                                                                            },
                                                                            "cumulative_cardinality": 10593284,
                                                                            "operator_type": "HASH_JOIN",
                                                                            "operator_cardinality": 1260710,
                                                                            "cumulative_rows_scanned": 5110826,
                                                                            "operator_rows_scanned": 0,
                                                                            "operator_timing": 0.14634180800000005,
                                                                            "result_set_size": 100856800,
                                                                            "children": [
                                                                                {
                                                                                    "operator_name": "HASH_GROUP_BY",
                                                                                    "cpu_time": 0.23581600400000025,
                                                                                    "extra_info": {
                                                                                        "Groups": "#0",
                                                                                        "Aggregates": [
                                                                                            "count_star()",
                                                                                            "sum(#1)",
                                                                                            "avg(#2)"
                                                                                        ],
                                                                                        "Estimated Cardinality": "1925058"
                                                                                    },
                                                                                    "cumulative_cardinality": 8071864,
                                                                                    "operator_type": "HASH_GROUP_BY",
                                                                                    "operator_cardinality": 371632,
                                                                                    "cumulative_rows_scanned": 3850116,
                                                                                    "operator_rows_scanned": 0,
                                                                                    "operator_timing": 0.14894761700000014,
                                                                                    "result_set_size": 13378752,
                                                                                    "children": [
                                                                                        {
                                                                                            "operator_name": "PROJECTION",
                                                                                            "cpu_time": 0.08686838700000009,
                                                                                            "extra_info": {
                                                                                                "Projections": [
                                                                                                    "owneruserid",
                                                                                                    "CASE  WHEN ((posttypeid = 1)) THEN (1) ELSE 0 END",
                                                                                                    "viewcount"
                                                                                                ],
                                                                                                "Estimated Cardinality": "3850116"
                                                                                            },
                                                                                            "cumulative_cardinality": 7700232,
                                                                                            "operator_type": "PROJECTION",
                                                                                            "operator_cardinality": 3850116,
                                                                                            "cumulative_rows_scanned": 3850116,
                                                                                            "operator_rows_scanned": 0,
                                                                                            "operator_timing": 0.023909362000000003,
                                                                                            "result_set_size": 46201392,
                                                                                            "children": [
                                                                                                {
                                                                                                    "operator_name": "READ_PARQUET ",
                                                                                                    "cpu_time": 0.06295902500000009,
                                                                                                    "extra_info": {
                                                                                                        "Function": "READ_PARQUET",
                                                                                                        "Projections": [
                                                                                                            "posttypeid",
                                                                                                            "viewcount",
                                                                                                            "owneruserid"
                                                                                                        ],
                                                                                                        "Estimated Cardinality": "3850116"
                                                                                                    },
                                                                                                    "cumulative_cardinality": 3850116,
                                                                                                    "operator_type": "TABLE_SCAN",
                                                                                                    "operator_cardinality": 3850116,
                                                                                                    "cumulative_rows_scanned": 3850116,
                                                                                                    "operator_rows_scanned": 3850116,
                                                                                                    "operator_timing": 0.06295902500000009,
                                                                                                    "result_set_size": 38501160,
                                                                                                    "children": []
                                                                                                }
                                                                                            ]
                                                                                        }
                                                                                    ]
                                                                                },
                                                                                {
                                                                                    "operator_name": "READ_PARQUET ",
                                                                                    "cpu_time": 0.10108233999999999,
                                                                                    "extra_info": {
                                                                                        "Function": "READ_PARQUET",
                                                                                        "Projections": [
                                                                                            "id",
                                                                                            "reputation",
                                                                                            "displayname",
                                                                                            "location",
                                                                                            "views"
                                                                                        ],
                                                                                        "Estimated Cardinality": "1260710"
                                                                                    },
                                                                                    "cumulative_cardinality": 1260710,
                                                                                    "operator_type": "TABLE_SCAN",
                                                                                    "operator_cardinality": 1260710,
                                                                                    "cumulative_rows_scanned": 1260710,
                                                                                    "operator_rows_scanned": 1260710,
                                                                                    "operator_timing": 0.10108233999999999,
                                                                                    "result_set_size": 55471240,
                                                                                    "children": []
                                                                                }
                                                                            ]
                                                                        },
                                                                        {
                                                                            "operator_name": "HASH_GROUP_BY",
                                                                            "cpu_time": 0.36202869899999957,
                                                                            "extra_info": {
                                                                                "Groups": "#0",
                                                                                "Aggregates": "count_star()",
                                                                                "Estimated Cardinality": "1179524"
                                                                            },
                                                                            "cumulative_cardinality": 4214639,
                                                                            "operator_type": "HASH_GROUP_BY",
                                                                            "operator_cardinality": 158,
                                                                            "cumulative_rows_scanned": 15645360,
                                                                            "operator_rows_scanned": 0,
                                                                            "operator_timing": 0.0018156790000000012,
                                                                            "result_set_size": 1896,
                                                                            "children": [
                                                                                {
                                                                                    "operator_name": "PROJECTION",
                                                                                    "cpu_time": 0.36021301999999955,
                                                                                    "extra_info": {
                                                                                        "Projections": "userid",
                                                                                        "Estimated Cardinality": "2359048"
                                                                                    },
                                                                                    "cumulative_cardinality": 4214481,
                                                                                    "operator_type": "PROJECTION",
                                                                                    "operator_cardinality": 121464,
                                                                                    "cumulative_rows_scanned": 15645360,
                                                                                    "operator_rows_scanned": 0,
                                                                                    "operator_timing": 0.00012597499999999988,
                                                                                    "result_set_size": 485856,
                                                                                    "children": [
                                                                                        {
                                                                                            "operator_name": "HASH_JOIN",
                                                                                            "cpu_time": 0.36008704499999955,
                                                                                            "extra_info": {
                                                                                                "Join Type": "INNER",
                                                                                                "Conditions": "id = postid",
                                                                                                "Estimated Cardinality": "2359048"
                                                                                            },
                                                                                            "cumulative_cardinality": 4093017,
                                                                                            "operator_type": "HASH_JOIN",
                                                                                            "operator_cardinality": 121464,
                                                                                            "cumulative_rows_scanned": 15645360,
                                                                                            "operator_rows_scanned": 0,
                                                                                            "operator_timing": 0.08909297499999966,
                                                                                            "result_set_size": 971712,
                                                                                            "children": [
                                                                                                {
                                                                                                    "operator_name": "READ_PARQUET ",
                                                                                                    "cpu_time": 0.03626750100000021,
                                                                                                    "extra_info": {
                                                                                                        "Function": "READ_PARQUET",
                                                                                                        "Projections": "id",
                                                                                                        "Estimated Cardinality": "3850116"
                                                                                                    },
                                                                                                    "cumulative_cardinality": 3850089,
                                                                                                    "operator_type": "TABLE_SCAN",
                                                                                                    "operator_cardinality": 3850089,
                                                                                                    "cumulative_rows_scanned": 3850116,
                                                                                                    "operator_rows_scanned": 3850116,
                                                                                                    "operator_timing": 0.03626750100000021,
                                                                                                    "result_set_size": 15400356,
                                                                                                    "children": []
                                                                                                },
                                                                                                {
                                                                                                    "operator_name": "READ_PARQUET ",
                                                                                                    "cpu_time": 0.23472656899999966,
                                                                                                    "extra_info": {
                                                                                                        "Function": "READ_PARQUET",
                                                                                                        "Projections": [
                                                                                                            "postid",
                                                                                                            "userid"
                                                                                                        ],
                                                                                                        "Filters": "posthistorytypeid=10",
                                                                                                        "Estimated Cardinality": "2359048"
                                                                                                    },
                                                                                                    "cumulative_cardinality": 121464,
                                                                                                    "operator_type": "TABLE_SCAN",
                                                                                                    "operator_cardinality": 121464,
                                                                                                    "cumulative_rows_scanned": 11795244,
                                                                                                    "operator_rows_scanned": 11795244,
                                                                                                    "operator_timing": 0.23472656899999966,
                                                                                                    "result_set_size": 971712,
                                                                                                    "children": []
                                                                                                }
                                                                                            ]
                                                                                        }
                                                                                    ]
                                                                                }
                                                                            ]
                                                                        }
                                                                    ]
                                                                },
                                                                {
                                                                    "operator_name": "HASH_GROUP_BY",
                                                                    "cpu_time": 0.19028885799999998,
                                                                    "extra_info": {
                                                                        "Groups": "#0",
                                                                        "Aggregates": [
                                                                            "count_star()",
                                                                            "sum(#1)",
                                                                            "sum(#2)",
                                                                            "sum(#3)"
                                                                        ],
                                                                        "Estimated Cardinality": "1160862"
                                                                    },
                                                                    "cumulative_cardinality": 5192469,
                                                                    "operator_type": "HASH_GROUP_BY",
                                                                    "operator_cardinality": 549021,
                                                                    "cumulative_rows_scanned": 2321724,
                                                                    "operator_rows_scanned": 0,
                                                                    "operator_timing": 0.156659864,
                                                                    "result_set_size": 32941260,
                                                                    "children": [
                                                                        {
                                                                            "operator_name": "PROJECTION",
                                                                            "cpu_time": 0.03362899399999997,
                                                                            "extra_info": {
                                                                                "Projections": [
                                                                                    "userid",
                                                                                    "CASE  WHEN ((class = 1)) THEN (1) ELSE 0 END",
                                                                                    "CASE  WHEN ((class = 2)) THEN (1) ELSE 0 END",
                                                                                    "CASE  WHEN ((class = 3)) THEN (1) ELSE 0 END"
                                                                                ],
                                                                                "Estimated Cardinality": "2321724"
                                                                            },
                                                                            "cumulative_cardinality": 4643448,
                                                                            "operator_type": "PROJECTION",
                                                                            "operator_cardinality": 2321724,
                                                                            "cumulative_rows_scanned": 2321724,
                                                                            "operator_rows_scanned": 0,
                                                                            "operator_timing": 0.015923210999999986,
                                                                            "result_set_size": 37147584,
                                                                            "children": [
                                                                                {
                                                                                    "operator_name": "READ_PARQUET ",
                                                                                    "cpu_time": 0.01770578299999998,
                                                                                    "extra_info": {
                                                                                        "Function": "READ_PARQUET",
                                                                                        "Projections": [
                                                                                            "userid",
                                                                                            "class"
                                                                                        ],
                                                                                        "Estimated Cardinality": "2321724"
                                                                                    },
                                                                                    "cumulative_cardinality": 2321724,
                                                                                    "operator_type": "TABLE_SCAN",
                                                                                    "operator_cardinality": 2321724,
                                                                                    "cumulative_rows_scanned": 2321724,
                                                                                    "operator_rows_scanned": 2321724,
                                                                                    "operator_timing": 0.01770578299999998,
                                                                                    "result_set_size": 13930344,
                                                                                    "children": []
                                                                                }
                                                                            ]
                                                                        }
                                                                    ]
                                                                }
                                                            ]
                                                        },
                                                        {
                                                            "operator_name": "PROJECTION",
                                                            "cpu_time": 0.011638922999999992,
                                                            "extra_info": {
                                                                "Projections": [
                                                                    "CASE  WHEN ((#1 > 1)) THEN (error('More than one row returned by a subquery used as an expression - scalar subqueries can only return a single row.",
                                                                    "Use \"SET scalar_subquery_error_on_multiple_rows=false\" to revert to previous behavior of returning a random row.')) ELSE #0 END"
                                                                ],
                                                                "Estimated Cardinality": "1"
                                                            },
                                                            "cumulative_cardinality": 2521424,
                                                            "operator_type": "PROJECTION",
                                                            "operator_cardinality": 1,
                                                            "cumulative_rows_scanned": 1260710,
                                                            "operator_rows_scanned": 0,
                                                            "operator_timing": 0.000002074,
                                                            "result_set_size": 8,
                                                            "children": [
                                                                {
                                                                    "operator_name": "UNGROUPED_AGGREGATE",
                                                                    "cpu_time": 0.011636848999999993,
                                                                    "extra_info": {
                                                                        "Aggregates": [
                                                                            "\"first\"(#0)",
                                                                            "count_star()"
                                                                        ]
                                                                    },
                                                                    "cumulative_cardinality": 2521423,
                                                                    "operator_type": "UNGROUPED_AGGREGATE",
                                                                    "operator_cardinality": 1,
                                                                    "cumulative_rows_scanned": 1260710,
                                                                    "operator_rows_scanned": 0,
                                                                    "operator_timing": 0.000001774,
                                                                    "result_set_size": 16,
                                                                    "children": [
                                                                        {
                                                                            "operator_name": "PROJECTION",
                                                                            "cpu_time": 0.011635074999999993,
                                                                            "extra_info": {
                                                                                "Projections": "#0",
                                                                                "Estimated Cardinality": "1"
                                                                            },
                                                                            "cumulative_cardinality": 2521422,
                                                                            "operator_type": "PROJECTION",
                                                                            "operator_cardinality": 1,
                                                                            "cumulative_rows_scanned": 1260710,
                                                                            "operator_rows_scanned": 0,
                                                                            "operator_timing": 3.2e-7,
                                                                            "result_set_size": 8,
                                                                            "children": [
                                                                                {
                                                                                    "operator_name": "UNGROUPED_AGGREGATE",
                                                                                    "cpu_time": 0.011634754999999993,
                                                                                    "extra_info": {
                                                                                        "Aggregates": "avg(#0)"
                                                                                    },
                                                                                    "cumulative_cardinality": 2521421,
                                                                                    "operator_type": "UNGROUPED_AGGREGATE",
                                                                                    "operator_cardinality": 1,
                                                                                    "cumulative_rows_scanned": 1260710,
                                                                                    "operator_rows_scanned": 0,
                                                                                    "operator_timing": 0.004798866999999989,
                                                                                    "result_set_size": 8,
                                                                                    "children": [
                                                                                        {
                                                                                            "operator_name": "PROJECTION",
                                                                                            "cpu_time": 0.006835888000000004,
                                                                                            "extra_info": {
                                                                                                "Projections": "reputation",
                                                                                                "Estimated Cardinality": "1260710"
                                                                                            },
                                                                                            "cumulative_cardinality": 2521420,
                                                                                            "operator_type": "PROJECTION",
                                                                                            "operator_cardinality": 1260710,
                                                                                            "cumulative_rows_scanned": 1260710,
                                                                                            "operator_rows_scanned": 0,
                                                                                            "operator_timing": 0.000051407999999999885,
                                                                                            "result_set_size": 5042840,
                                                                                            "children": [
                                                                                                {
                                                                                                    "operator_name": "READ_PARQUET ",
                                                                                                    "cpu_time": 0.006784480000000004,
                                                                                                    "extra_info": {
                                                                                                        "Function": "READ_PARQUET",
                                                                                                        "Projections": "reputation",
                                                                                                        "Estimated Cardinality": "1260710"
                                                                                                    },
                                                                                                    "cumulative_cardinality": 1260710,
                                                                                                    "operator_type": "TABLE_SCAN",
                                                                                                    "operator_cardinality": 1260710,
                                                                                                    "cumulative_rows_scanned": 1260710,
                                                                                                    "operator_rows_scanned": 1260710,
                                                                                                    "operator_timing": 0.006784480000000004,
                                                                                                    "result_set_size": 5042840,
                                                                                                    "children": []
                                                                                                }
                                                                                            ]
                                                                                        }
                                                                                    ]
                                                                                }
                                                                            ]
                                                                        }
                                                                    ]
                                                                }
                                                            ]
                                                        }
                                                    ]
                                                }
                                            ]
                                        }
                                    ]
                                }
                            ]
                        }
                    ]
                }
            ]
        }
    ]
}