{
    "rows_returned": 10,
    "query_name": "WITH UserPostStats AS (\n    SELECT \n        u.Id AS UserId,\n        u.DisplayName,\n        COUNT(p.Id) AS TotalPosts,\n        SUM(CASE WHEN p.PostTypeId = 1 THEN 1 ELSE 0 END) AS TotalQuestions,\n        SUM(CASE WHEN p.PostTypeId = 2 THEN 1 ELSE 0 END) AS TotalAnswers,\n        SUM(CASE WHEN p.PostTypeId IN (4,5) THEN 1 ELSE 0 END) AS TotalWikis,\n        AVG(p.Score) AS AverageScore,\n        RANK() OVER (ORDER BY COUNT(p.Id) DESC) AS PostRank\n    FROM \n        Users u\n    LEFT JOIN \n        Posts p ON u.Id = p.OwnerUserId\n    GROUP BY \n        u.Id, u.DisplayName\n),\nBadgedUsers AS (\n    SELECT \n        u.Id AS UserId,\n        COUNT(b.Id) AS BadgeCount,\n        MAX(b.Class) AS HighestBadgeClass\n    FROM \n        Users u\n    LEFT JOIN \n        Badges b ON u.Id = b.UserId\n    GROUP BY \n        u.Id\n),\nUserSummary AS (\n    SELECT \n        ups.UserId,\n        ups.DisplayName,\n        ups.TotalPosts,\n        ups.TotalQuestions,\n        ups.TotalAnswers,\n        ups.TotalWikis,\n        ups.AverageScore,\n        bu.BadgeCount,\n        bu.HighestBadgeClass\n    FROM \n        UserPostStats ups\n    LEFT JOIN \n        BadgedUsers bu ON ups.UserId = bu.UserId\n)\nSELECT \n    us.DisplayName,\n    us.TotalPosts,\n    us.TotalQuestions,\n    us.TotalAnswers,\n    us.TotalWikis,\n    COALESCE(us.BadgeCount, 0) AS BadgeCount,\n    CASE \n        WHEN us.BadgeCount > 0 THEN \n            CASE \n                WHEN us.HighestBadgeClass = 1 THEN 'Gold'\n                WHEN us.HighestBadgeClass = 2 THEN 'Silver'\n                ELSE 'Bronze'\n            END\n        ELSE 'None'\n    END AS HighestBadge,\n    us.AverageScore,\n    (SELECT COUNT(*) FROM Posts p WHERE p.OwnerUserId = us.UserId AND p.CreationDate > cast('2024-10-01 12:34:56' as timestamp) - INTERVAL '1 year') AS PostsLastYear\nFROM \n    UserSummary us\nWHERE \n    us.TotalPosts > 10\nORDER BY \n    us.TotalPosts DESC\nOFFSET 0 ROWS FETCH NEXT 10 ROWS ONLY;",
    "blocked_thread_time": 0.0,
    "cpu_time": 1.8787329059999995,
    "extra_info": {},
    "cumulative_cardinality": 29702315,
    "cumulative_rows_scanned": 12543376,
    "result_set_size": 1120,
    "latency": 2.070079396,
    "children": [
        {
            "operator_name": "STREAMING_LIMIT",
            "cpu_time": 1.8787329059999995,
            "extra_info": {},
            "cumulative_cardinality": 29702315,
            "operator_type": "STREAMING_LIMIT",
            "operator_cardinality": 10,
            "cumulative_rows_scanned": 12543376,
            "operator_rows_scanned": 0,
            "operator_timing": 0.000001373,
            "result_set_size": 1120,
            "children": [
                {
                    "operator_name": "PROJECTION",
                    "cpu_time": 1.8787315329999996,
                    "extra_info": {
                        "Projections": [
                            "#0",
                            "#1",
                            "#2",
                            "#3",
                            "#4",
                            "#5",
                            "__internal_decompress_string(#6)",
                            "#7",
                            "#8"
                        ],
                        "Estimated Cardinality": "1260710"
                    },
                    "cumulative_cardinality": 29702305,
                    "operator_type": "PROJECTION",
                    "operator_cardinality": 4096,
                    "cumulative_rows_scanned": 12543376,
                    "operator_rows_scanned": 0,
                    "operator_timing": 0.000070102,
                    "result_set_size": 458752,
                    "children": [
                        {
                            "operator_name": "ORDER_BY",
                            "cpu_time": 1.8786614309999996,
                            "extra_info": {
                                "Order By": "us.TotalPosts DESC"
                            },
                            "cumulative_cardinality": 29698209,
                            "operator_type": "ORDER_BY",
                            "operator_cardinality": 4096,
                            "cumulative_rows_scanned": 12543376,
                            "operator_rows_scanned": 0,
                            "operator_timing": 0.002486032,
                            "result_set_size": 425984,
                            "children": [
                                {
                                    "operator_name": "PROJECTION",
                                    "cpu_time": 1.8761753989999996,
                                    "extra_info": {
                                        "Projections": [
                                            "#0",
                                            "#1",
                                            "#2",
                                            "#3",
                                            "#4",
                                            "#5",
                                            "__internal_compress_string_ubigint(#6)",
                                            "#7",
                                            "#8"
                                        ],
                                        "Estimated Cardinality": "1260710"
                                    },
                                    "cumulative_cardinality": 29694113,
                                    "operator_type": "PROJECTION",
                                    "operator_cardinality": 36838,
                                    "cumulative_rows_scanned": 12543376,
                                    "operator_rows_scanned": 0,
                                    "operator_timing": 0.00003646,
                                    "result_set_size": 3831152,
                                    "children": [
                                        {
                                            "operator_name": "PROJECTION",
                                            "cpu_time": 1.8761389389999996,
                                            "extra_info": {
                                                "Projections": [
                                                    "displayname",
                                                    "TotalPosts",
                                                    "TotalQuestions",
                                                    "TotalAnswers",
                                                    "TotalWikis",
                                                    "BadgeCount",
                                                    "HighestBadge",
                                                    "AverageScore",
                                                    "PostsLastYear"
                                                ],
                                                "Estimated Cardinality": "1260710"
                                            },
                                            "cumulative_cardinality": 29657275,
                                            "operator_type": "PROJECTION",
                                            "operator_cardinality": 36838,
                                            "cumulative_rows_scanned": 12543376,
                                            "operator_rows_scanned": 0,
                                            "operator_timing": 0.00036380900000000004,
                                            "result_set_size": 4125856,
                                            "children": [
                                                {
                                                    "operator_name": "LEFT_DELIM_JOIN",
                                                    "cpu_time": 1.8757751299999996,
                                                    "extra_info": {
                                                        "Join Type": "SINGLE",
                                                        "Conditions": "UserId IS NOT DISTINCT FROM UserId",
                                                        "Estimated Cardinality": "1260710",
                                                        "Delim Index": "1"
                                                    },
                                                    "cumulative_cardinality": 29620437,
                                                    "operator_type": "LEFT_DELIM_JOIN",
                                                    "operator_cardinality": 0,
                                                    "cumulative_rows_scanned": 12543376,
                                                    "operator_rows_scanned": 0,
                                                    "operator_timing": 0.0028055819999999983,
                                                    "result_set_size": 0,
                                                    "children": [
                                                        {
                                                            "operator_name": "PROJECTION",
                                                            "cpu_time": 1.8428675889999997,
                                                            "extra_info": {
                                                                "Projections": [
                                                                    "UserId",
                                                                    "displayname",
                                                                    "TotalPosts",
                                                                    "TotalQuestions",
                                                                    "TotalAnswers",
                                                                    "TotalWikis",
                                                                    "AverageScore",
                                                                    "BadgeCount",
                                                                    "HighestBadgeClass"
                                                                ],
                                                                "Estimated Cardinality": "1260710"
                                                            },
                                                            "cumulative_cardinality": 28934568,
                                                            "operator_type": "PROJECTION",
                                                            "operator_cardinality": 36838,
                                                            "cumulative_rows_scanned": 8693260,
                                                            "operator_rows_scanned": 0,
                                                            "operator_timing": 0.000057711,
                                                            "result_set_size": 3462772,
                                                            "children": [
                                                                {
                                                                    "operator_name": "HASH_JOIN",
                                                                    "cpu_time": 1.8428098779999997,
                                                                    "extra_info": {
                                                                        "Join Type": "RIGHT",
                                                                        "Conditions": "UserId = UserId",
                                                                        "Estimated Cardinality": "1260710"
                                                                    },
                                                                    "cumulative_cardinality": 28897730,
                                                                    "operator_type": "HASH_JOIN",
                                                                    "operator_cardinality": 36838,
                                                                    "cumulative_rows_scanned": 8693260,
                                                                    "operator_rows_scanned": 0,
                                                                    "operator_timing": 0.016712638,
                                                                    "result_set_size": 3462772,
                                                                    "children": [
                                                                        {
                                                                            "operator_name": "HASH_GROUP_BY",
                                                                            "cpu_time": 0.44345340699999947,
                                                                            "extra_info": {
                                                                                "Groups": "#0",
                                                                                "Aggregates": [
                                                                                    "count(#1)",
                                                                                    "max(#2)"
                                                                                ],
                                                                                "Estimated Cardinality": "1260710"
                                                                            },
                                                                            "cumulative_cardinality": 10909970,
                                                                            "operator_type": "HASH_GROUP_BY",
                                                                            "operator_cardinality": 1260710,
                                                                            "cumulative_rows_scanned": 3582434,
                                                                            "operator_rows_scanned": 0,
                                                                            "operator_timing": 0.20047397899999983,
                                                                            "result_set_size": 17649940,
                                                                            "children": [
                                                                                {
                                                                                    "operator_name": "PROJECTION",
                                                                                    "cpu_time": 0.24297942799999966,
                                                                                    "extra_info": {
                                                                                        "Projections": [
                                                                                            "id",
                                                                                            "id",
                                                                                            "class"
                                                                                        ],
                                                                                        "Estimated Cardinality": "2321724"
                                                                                    },
                                                                                    "cumulative_cardinality": 9649260,
                                                                                    "operator_type": "PROJECTION",
                                                                                    "operator_cardinality": 3033413,
                                                                                    "cumulative_rows_scanned": 3582434,
                                                                                    "operator_rows_scanned": 0,
                                                                                    "operator_timing": 0.00044050300000000235,
                                                                                    "result_set_size": 30334130,
                                                                                    "children": [
                                                                                        {
                                                                                            "operator_name": "HASH_JOIN",
                                                                                            "cpu_time": 0.24253892499999966,
                                                                                            "extra_info": {
                                                                                                "Join Type": "RIGHT",
                                                                                                "Conditions": "userid = id",
                                                                                                "Estimated Cardinality": "2321724"
                                                                                            },
                                                                                            "cumulative_cardinality": 6615847,
                                                                                            "operator_type": "HASH_JOIN",
                                                                                            "operator_cardinality": 3033413,
                                                                                            "cumulative_rows_scanned": 3582434,
                                                                                            "operator_rows_scanned": 0,
                                                                                            "operator_timing": 0.1778952589999997,
                                                                                            "result_set_size": 30334130,
                                                                                            "children": [
                                                                                                {
                                                                                                    "operator_name": "READ_PARQUET ",
                                                                                                    "cpu_time": 0.05759148299999998,
                                                                                                    "extra_info": {
                                                                                                        "Function": "READ_PARQUET",
                                                                                                        "Projections": [
                                                                                                            "id",
                                                                                                            "userid",
                                                                                                            "class"
                                                                                                        ],
                                                                                                        "Estimated Cardinality": "2321724"
                                                                                                    },
                                                                                                    "cumulative_cardinality": 2321724,
                                                                                                    "operator_type": "TABLE_SCAN",
                                                                                                    "operator_cardinality": 2321724,
                                                                                                    "cumulative_rows_scanned": 2321724,
                                                                                                    "operator_rows_scanned": 2321724,
                                                                                                    "operator_timing": 0.05759148299999998,
                                                                                                    "result_set_size": 23217240,
                                                                                                    "children": []
                                                                                                },
                                                                                                {
                                                                                                    "operator_name": "READ_PARQUET ",
                                                                                                    "cpu_time": 0.007052183000000001,
                                                                                                    "extra_info": {
                                                                                                        "Function": "READ_PARQUET",
                                                                                                        "Projections": "id",
                                                                                                        "Estimated Cardinality": "1260710"
                                                                                                    },
                                                                                                    "cumulative_cardinality": 1260710,
                                                                                                    "operator_type": "TABLE_SCAN",
                                                                                                    "operator_cardinality": 1260710,
                                                                                                    "cumulative_rows_scanned": 1260710,
                                                                                                    "operator_rows_scanned": 1260710,
                                                                                                    "operator_timing": 0.007052183000000001,
                                                                                                    "result_set_size": 5042840,
                                                                                                    "children": []
                                                                                                }
                                                                                            ]
                                                                                        }
                                                                                    ]
                                                                                }
                                                                            ]
                                                                        },
                                                                        {
                                                                            "operator_name": "PROJECTION",
                                                                            "cpu_time": 1.3826438330000004,
                                                                            "extra_info": {
                                                                                "Projections": [
                                                                                    "#0",
                                                                                    "#1",
                                                                                    "#2",
                                                                                    "#3",
                                                                                    "#4",
                                                                                    "#5",
                                                                                    "#6"
                                                                                ],
                                                                                "Estimated Cardinality": "252142"
                                                                            },
                                                                            "cumulative_cardinality": 17950922,
                                                                            "operator_type": "PROJECTION",
                                                                            "operator_cardinality": 36838,
                                                                            "cumulative_rows_scanned": 5110826,
                                                                            "operator_rows_scanned": 0,
                                                                            "operator_timing": 0.000008493,
                                                                            "result_set_size": 3094392,
                                                                            "children": [
                                                                                {
                                                                                    "operator_name": "FILTER",
                                                                                    "cpu_time": 1.3826353400000004,
                                                                                    "extra_info": {
                                                                                        "Expression": "(TotalPosts > 10)",
                                                                                        "Estimated Cardinality": "252142"
                                                                                    },
                                                                                    "cumulative_cardinality": 17914084,
                                                                                    "operator_type": "FILTER",
                                                                                    "operator_cardinality": 36838,
                                                                                    "cumulative_rows_scanned": 5110826,
                                                                                    "operator_rows_scanned": 0,
                                                                                    "operator_timing": 0.004190740000000005,
                                                                                    "result_set_size": 3389096,
                                                                                    "children": [
                                                                                        {
                                                                                            "operator_name": "PROJECTION",
                                                                                            "cpu_time": 1.3784446000000004,
                                                                                            "extra_info": {
                                                                                                "Projections": [
                                                                                                    "#0",
                                                                                                    "#1",
                                                                                                    "#2",
                                                                                                    "#3",
                                                                                                    "#4",
                                                                                                    "#5",
                                                                                                    "#6",
                                                                                                    "#7"
                                                                                                ],
                                                                                                "Estimated Cardinality": "1260710"
                                                                                            },
                                                                                            "cumulative_cardinality": 17877246,
                                                                                            "operator_type": "PROJECTION",
                                                                                            "operator_cardinality": 1260710,
                                                                                            "cumulative_rows_scanned": 5110826,
                                                                                            "operator_rows_scanned": 0,
                                                                                            "operator_timing": 0.0002039230000000002,
                                                                                            "result_set_size": 115985320,
                                                                                            "children": [
                                                                                                {
                                                                                                    "operator_name": "WINDOW",
                                                                                                    "cpu_time": 1.3782406770000004,
                                                                                                    "extra_info": {
                                                                                                        "Projections": "RANK() OVER (ORDER BY count(id) DESC NULLS LAST)"
                                                                                                    },
                                                                                                    "cumulative_cardinality": 16616536,
                                                                                                    "operator_type": "WINDOW",
                                                                                                    "operator_cardinality": 1260710,
                                                                                                    "cumulative_rows_scanned": 5110826,
                                                                                                    "operator_rows_scanned": 0,
                                                                                                    "operator_timing": 0.12643680100000004,
                                                                                                    "result_set_size": 115985320,
                                                                                                    "children": [
                                                                                                        {
                                                                                                            "operator_name": "HASH_GROUP_BY",
                                                                                                            "cpu_time": 1.2518038760000003,
                                                                                                            "extra_info": {
                                                                                                                "Groups": [
                                                                                                                    "#0",
                                                                                                                    "#1"
                                                                                                                ],
                                                                                                                "Aggregates": [
                                                                                                                    "count(#2)",
                                                                                                                    "sum(#3)",
                                                                                                                    "sum(#4)",
                                                                                                                    "sum(#5)",
                                                                                                                    "avg(#6)"
                                                                                                                ],
                                                                                                                "Estimated Cardinality": "1260710"
                                                                                                            },
                                                                                                            "cumulative_cardinality": 15355826,
                                                                                                            "operator_type": "HASH_GROUP_BY",
                                                                                                            "operator_cardinality": 1260710,
                                                                                                            "cumulative_rows_scanned": 5110826,
                                                                                                            "operator_rows_scanned": 0,
                                                                                                            "operator_timing": 0.6892916369999996,
                                                                                                            "result_set_size": 105899640,
                                                                                                            "children": [
                                                                                                                {
                                                                                                                    "operator_name": "PROJECTION",
                                                                                                                    "cpu_time": 0.5625122390000007,
                                                                                                                    "extra_info": {
                                                                                                                        "Projections": [
                                                                                                                            "id",
                                                                                                                            "displayname",
                                                                                                                            "id",
                                                                                                                            "CASE  WHEN ((posttypeid = 1)) THEN (1) ELSE 0 END",
                                                                                                                            "CASE  WHEN ((posttypeid = 2)) THEN (1) ELSE 0 END",
                                                                                                                            "CASE  WHEN ((posttypeid IN (4, 5))) THEN (1) ELSE 0 END",
                                                                                                                            "score"
                                                                                                                        ],
                                                                                                                        "Estimated Cardinality": "3850116"
                                                                                                                    },
                                                                                                                    "cumulative_cardinality": 14095116,
                                                                                                                    "operator_type": "PROJECTION",
                                                                                                                    "operator_cardinality": 4574495,
                                                                                                                    "cumulative_rows_scanned": 5110826,
                                                                                                                    "operator_rows_scanned": 0,
                                                                                                                    "operator_timing": 0.09117748700000017,
                                                                                                                    "result_set_size": 182979800,
                                                                                                                    "children": [
                                                                                                                        {
                                                                                                                            "operator_name": "HASH_JOIN",
                                                                                                                            "cpu_time": 0.4713347520000005,
                                                                                                                            "extra_info": {
                                                                                                                                "Join Type": "RIGHT",
                                                                                                                                "Conditions": "owneruserid = id",
                                                                                                                                "Estimated Cardinality": "3850116"
                                                                                                                            },
                                                                                                                            "cumulative_cardinality": 9520621,
                                                                                                                            "operator_type": "HASH_JOIN",
                                                                                                                            "operator_cardinality": 4574495,
                                                                                                                            "cumulative_rows_scanned": 5110826,
                                                                                                                            "operator_rows_scanned": 0,
                                                                                                                            "operator_timing": 0.2619968760000006,
                                                                                                                            "result_set_size": 137234850,
                                                                                                                            "children": [
                                                                                                                                {
                                                                                                                                    "operator_name": "READ_PARQUET ",
                                                                                                                                    "cpu_time": 0.132068397,
                                                                                                                                    "extra_info": {
                                                                                                                                        "Function": "READ_PARQUET",
                                                                                                                                        "Projections": [
                                                                                                                                            "id",
                                                                                                                                            "posttypeid",
                                                                                                                                            "score",
                                                                                                                                            "owneruserid"
                                                                                                                                        ],
                                                                                                                                        "Estimated Cardinality": "3850116"
                                                                                                                                    },
                                                                                                                                    "cumulative_cardinality": 3685416,
                                                                                                                                    "operator_type": "TABLE_SCAN",
                                                                                                                                    "operator_cardinality": 3685416,
                                                                                                                                    "cumulative_rows_scanned": 3850116,
                                                                                                                                    "operator_rows_scanned": 3850116,
                                                                                                                                    "operator_timing": 0.132068397,
                                                                                                                                    "result_set_size": 51595824,
                                                                                                                                    "children": []
                                                                                                                                },
                                                                                                                                {
                                                                                                                                    "operator_name": "READ_PARQUET ",
                                                                                                                                    "cpu_time": 0.07726947899999993,
                                                                                                                                    "extra_info": {
                                                                                                                                        "Function": "READ_PARQUET",
                                                                                                                                        "Projections": [
                                                                                                                                            "id",
                                                                                                                                            "displayname"
                                                                                                                                        ],
                                                                                                                                        "Estimated Cardinality": "1260710"
                                                                                                                                    },
                                                                                                                                    "cumulative_cardinality": 1260710,
                                                                                                                                    "operator_type": "TABLE_SCAN",
                                                                                                                                    "operator_cardinality": 1260710,
                                                                                                                                    "cumulative_rows_scanned": 1260710,
                                                                                                                                    "operator_rows_scanned": 1260710,
                                                                                                                                    "operator_timing": 0.07726947899999993,
                                                                                                                                    "result_set_size": 25214200,
                                                                                                                                    "children": []
                                                                                                                                }
                                                                                                                            ]
                                                                                                                        }
                                                                                                                    ]
                                                                                                                }
                                                                                                            ]
                                                                                                        }
                                                                                                    ]
                                                                                                }
                                                                                            ]
                                                                                        }
                                                                                    ]
                                                                                }
                                                                            ]
                                                                        }
                                                                    ]
                                                                }
                                                            ]
                                                        },
                                                        {
                                                            "operator_name": "HASH_JOIN",
                                                            "cpu_time": 0.029797941999999994,
                                                            "extra_info": {
                                                                "Join Type": "SINGLE",
                                                                "Conditions": "UserId IS NOT DISTINCT FROM UserId",
                                                                "Estimated Cardinality": "1260710"
                                                            },
                                                            "cumulative_cardinality": 612193,
                                                            "operator_type": "HASH_JOIN",
                                                            "operator_cardinality": 36838,
                                                            "cumulative_rows_scanned": 3850116,
                                                            "operator_rows_scanned": 0,
                                                            "operator_timing": 0.0020791839999999995,
                                                            "result_set_size": 3610124,
                                                            "children": [
                                                                {
                                                                    "operator_name": "COLUMN_DATA_SCAN",
                                                                    "cpu_time": 0.00030778500000000004,
                                                                    "extra_info": {
                                                                        "Estimated Cardinality": "1260710"
                                                                    },
                                                                    "cumulative_cardinality": 36838,
                                                                    "operator_type": "COLUMN_DATA_SCAN",
                                                                    "operator_cardinality": 36838,
                                                                    "cumulative_rows_scanned": 0,
                                                                    "operator_rows_scanned": 0,
                                                                    "operator_timing": 0.00030778500000000004,
                                                                    "result_set_size": 3462772,
                                                                    "children": []
                                                                },
                                                                {
                                                                    "operator_name": "PROJECTION",
                                                                    "cpu_time": 0.027410972999999995,
                                                                    "extra_info": {
                                                                        "Projections": [
                                                                            "CASE  WHEN ((count_star() IS NULL)) THEN (0) ELSE count_star() END",
                                                                            "UserId"
                                                                        ],
                                                                        "Estimated Cardinality": "630355"
                                                                    },
                                                                    "cumulative_cardinality": 538517,
                                                                    "operator_type": "PROJECTION",
                                                                    "operator_cardinality": 36838,
                                                                    "cumulative_rows_scanned": 3850116,
                                                                    "operator_rows_scanned": 0,
                                                                    "operator_timing": 0.000062035,
                                                                    "result_set_size": 442056,
                                                                    "children": [
                                                                        {
                                                                            "operator_name": "HASH_JOIN",
                                                                            "cpu_time": 0.027348937999999996,
                                                                            "extra_info": {
                                                                                "Join Type": "LEFT",
                                                                                "Conditions": "UserId IS NOT DISTINCT FROM #0",
                                                                                "Estimated Cardinality": "630355"
                                                                            },
                                                                            "cumulative_cardinality": 501679,
                                                                            "operator_type": "HASH_JOIN",
                                                                            "operator_cardinality": 36838,
                                                                            "cumulative_rows_scanned": 3850116,
                                                                            "operator_rows_scanned": 0,
                                                                            "operator_timing": 0.0007933920000000001,
                                                                            "result_set_size": 442056,
                                                                            "children": [
                                                                                {
                                                                                    "operator_name": "DELIM_SCAN",
                                                                                    "cpu_time": 0.0,
                                                                                    "extra_info": {
                                                                                        "Delim Index": "1",
                                                                                        "Estimated Cardinality": "630355"
                                                                                    },
                                                                                    "cumulative_cardinality": 0,
                                                                                    "operator_type": "DELIM_SCAN",
                                                                                    "operator_cardinality": 0,
                                                                                    "cumulative_rows_scanned": 0,
                                                                                    "operator_rows_scanned": 0,
                                                                                    "operator_timing": 0.0,
                                                                                    "result_set_size": 0,
                                                                                    "children": []
                                                                                },
                                                                                {
                                                                                    "operator_name": "HASH_GROUP_BY",
                                                                                    "cpu_time": 0.026555545999999996,
                                                                                    "extra_info": {
                                                                                        "Groups": "#0",
                                                                                        "Aggregates": "count_star()",
                                                                                        "Estimated Cardinality": "192505"
                                                                                    },
                                                                                    "cumulative_cardinality": 464841,
                                                                                    "operator_type": "HASH_GROUP_BY",
                                                                                    "operator_cardinality": 9051,
                                                                                    "cumulative_rows_scanned": 3850116,
                                                                                    "operator_rows_scanned": 0,
                                                                                    "operator_timing": 0.001519969,
                                                                                    "result_set_size": 108612,
                                                                                    "children": [
                                                                                        {
                                                                                            "operator_name": "PROJECTION",
                                                                                            "cpu_time": 0.025035576999999996,
                                                                                            "extra_info": {
                                                                                                "Projections": "UserId",
                                                                                                "Estimated Cardinality": "385011"
                                                                                            },
                                                                                            "cumulative_cardinality": 455790,
                                                                                            "operator_type": "PROJECTION",
                                                                                            "operator_cardinality": 104175,
                                                                                            "cumulative_rows_scanned": 3850116,
                                                                                            "operator_rows_scanned": 0,
                                                                                            "operator_timing": 0.000010244000000000009,
                                                                                            "result_set_size": 416700,
                                                                                            "children": [
                                                                                                {
                                                                                                    "operator_name": "PROJECTION",
                                                                                                    "cpu_time": 0.025025332999999997,
                                                                                                    "extra_info": {
                                                                                                        "Projections": "UserId",
                                                                                                        "Estimated Cardinality": "385011"
                                                                                                    },
                                                                                                    "cumulative_cardinality": 351615,
                                                                                                    "operator_type": "PROJECTION",
                                                                                                    "operator_cardinality": 104175,
                                                                                                    "cumulative_rows_scanned": 3850116,
                                                                                                    "operator_rows_scanned": 0,
                                                                                                    "operator_timing": 0.000011369000000000008,
                                                                                                    "result_set_size": 416700,
                                                                                                    "children": [
                                                                                                        {
                                                                                                            "operator_name": "HASH_JOIN",
                                                                                                            "cpu_time": 0.025013963999999996,
                                                                                                            "extra_info": {
                                                                                                                "Join Type": "INNER",
                                                                                                                "Conditions": "owneruserid = UserId",
                                                                                                                "Estimated Cardinality": "385011"
                                                                                                            },
                                                                                                            "cumulative_cardinality": 247440,
                                                                                                            "operator_type": "HASH_JOIN",
                                                                                                            "operator_cardinality": 104175,
                                                                                                            "cumulative_rows_scanned": 3850116,
                                                                                                            "operator_rows_scanned": 0,
                                                                                                            "operator_timing": 0.004786395000000003,
                                                                                                            "result_set_size": 833400,
                                                                                                            "children": [
                                                                                                                {
                                                                                                                    "operator_name": "READ_PARQUET ",
                                                                                                                    "cpu_time": 0.020227568999999994,
                                                                                                                    "extra_info": {
                                                                                                                        "Function": "READ_PARQUET",
                                                                                                                        "Projections": "owneruserid",
                                                                                                                        "Filters": "creationdate>'2023-10-01 12:34:56'::TIMESTAMP",
                                                                                                                        "Estimated Cardinality": "770023"
                                                                                                                    },
                                                                                                                    "cumulative_cardinality": 143265,
                                                                                                                    "operator_type": "TABLE_SCAN",
                                                                                                                    "operator_cardinality": 143265,
                                                                                                                    "cumulative_rows_scanned": 3850116,
                                                                                                                    "operator_rows_scanned": 3850116,
                                                                                                                    "operator_timing": 0.020227568999999994,
                                                                                                                    "result_set_size": 573060,
                                                                                                                    "children": []
                                                                                                                },
                                                                                                                {
                                                                                                                    "operator_name": "DELIM_SCAN",
                                                                                                                    "cpu_time": 0.0,
                                                                                                                    "extra_info": {
                                                                                                                        "Delim Index": "1",
                                                                                                                        "Estimated Cardinality": "630355"
                                                                                                                    },
                                                                                                                    "cumulative_cardinality": 0,
                                                                                                                    "operator_type": "DELIM_SCAN",
                                                                                                                    "operator_cardinality": 0,
                                                                                                                    "cumulative_rows_scanned": 0,
                                                                                                                    "operator_rows_scanned": 0,
                                                                                                                    "operator_timing": 0.0,
                                                                                                                    "result_set_size": 0,
                                                                                                                    "children": []
                                                                                                                }
                                                                                                            ]
                                                                                                        }
                                                                                                    ]
                                                                                                }
                                                                                            ]
                                                                                        }
                                                                                    ]
                                                                                }
                                                                            ]
                                                                        }
                                                                    ]
                                                                }
                                                            ]
                                                        },
                                                        {
                                                            "operator_name": "HASH_GROUP_BY",
                                                            "cpu_time": 0.00030401699999999996,
                                                            "extra_info": {
                                                                "Groups": "#0",
                                                                "Aggregates": "",
                                                                "Estimated Cardinality": "1260710"
                                                            },
                                                            "cumulative_cardinality": 73676,
                                                            "operator_type": "HASH_GROUP_BY",
                                                            "operator_cardinality": 73676,
                                                            "cumulative_rows_scanned": 0,
                                                            "operator_rows_scanned": 0,
                                                            "operator_timing": 0.00030401699999999996,
                                                            "result_set_size": 294704,
                                                            "children": []
                                                        }
                                                    ]
                                                }
                                            ]
                                        }
                                    ]
                                }
                            ]
                        }
                    ]
                }
            ]
        }
    ]
}