{
    "rows_returned": 50,
    "query_name": "\nWITH RecentPosts AS (\n    SELECT \n        p.Id AS PostId,\n        p.Title,\n        p.Score,\n        p.ViewCount,\n        p.CreationDate,\n        p.OwnerUserId,\n        COALESCE(SUM(CASE WHEN v.VoteTypeId = 2 THEN 1 ELSE 0 END), 0) AS UpVotes,\n        COALESCE(SUM(CASE WHEN v.VoteTypeId = 3 THEN 1 ELSE 0 END), 0) AS DownVotes\n    FROM \n        Posts p\n    LEFT JOIN \n        Votes v ON p.Id = v.PostId\n    WHERE \n        p.CreationDate >= TIMESTAMP '2024-10-01 12:34:56' - INTERVAL '30 days'\n    GROUP BY \n        p.Id, p.Title, p.Score, p.ViewCount, p.CreationDate, p.OwnerUserId\n),\nPostVoteDetails AS (\n    SELECT \n        rp.PostId,\n        rp.Title,\n        rp.Score,\n        rp.ViewCount,\n        rp.CreationDate,\n        u.DisplayName AS OwnerDisplayName,\n        rp.UpVotes,\n        rp.DownVotes,\n        ROW_NUMBER() OVER (ORDER BY rp.Score DESC) AS Rank\n    FROM \n        RecentPosts rp\n    JOIN \n        Users u ON rp.OwnerUserId = u.Id\n    WHERE \n        u.Reputation > 1000\n),\nClosedPosts AS (\n    SELECT \n        ph.PostId,\n        STRING_AGG(pt.Name, ', ') AS CloseReasons,\n        COUNT(*) AS CloseCount\n    FROM \n        PostHistory ph\n    JOIN \n        PostHistoryTypes pt ON ph.PostHistoryTypeId = pt.Id\n    WHERE \n        ph.CreationDate >= TIMESTAMP '2024-10-01 12:34:56' - INTERVAL '30 days' AND\n        ph.Comment IS NOT NULL\n    GROUP BY \n        ph.PostId\n),\nFinalDetails AS (\n    SELECT \n        pvd.PostId,\n        pvd.Title,\n        pvd.Score,\n        pvd.ViewCount,\n        pvd.CreationDate,\n        pvd.OwnerDisplayName,\n        pvd.UpVotes,\n        pvd.DownVotes,\n        COALESCE(cp.CloseCount, 0) AS TotalCloseCount,\n        COALESCE(cp.CloseReasons, 'No Close Reasons') AS CloseReasons\n    FROM \n        PostVoteDetails pvd\n    LEFT JOIN \n        ClosedPosts cp ON pvd.PostId = cp.PostId\n)\nSELECT \n    *,\n    (UpVotes - DownVotes) AS NetVotes,\n    (Score + (ViewCount / 100.0)) AS WeightedScore\nFROM \n    FinalDetails\nWHERE \n    (UpVotes - DownVotes) >= 10\nORDER BY \n    WeightedScore DESC, CreationDate DESC\nLIMIT 50;\n",
    "blocked_thread_time": 0.0,
    "cpu_time": 0.15962722999999998,
    "extra_info": {},
    "cumulative_cardinality": 299539,
    "cumulative_rows_scanned": 29650197,
    "result_set_size": 6600,
    "latency": 0.173836279,
    "children": [
        {
            "operator_name": "STREAMING_LIMIT",
            "cpu_time": 0.15962722999999998,
            "extra_info": {},
            "cumulative_cardinality": 299539,
            "operator_type": "STREAMING_LIMIT",
            "operator_cardinality": 50,
            "cumulative_rows_scanned": 29650197,
            "operator_rows_scanned": 0,
            "operator_timing": 0.000001203,
            "result_set_size": 6600,
            "children": [
                {
                    "operator_name": "PROJECTION",
                    "cpu_time": 0.15962602699999998,
                    "extra_info": {
                        "Projections": [
                            "#0",
                            "#1",
                            "__internal_decompress_integral_integer(#2, -72)",
                            "#3",
                            "#4",
                            "#5",
                            "#6",
                            "#7",
                            "#8",
                            "#9",
                            "#10",
                            "#11"
                        ],
                        "Estimated Cardinality": "770023"
                    },
                    "cumulative_cardinality": 299489,
                    "operator_type": "PROJECTION",
                    "operator_cardinality": 87,
                    "cumulative_rows_scanned": 29650197,
                    "operator_rows_scanned": 0,
                    "operator_timing": 0.000001623,
                    "result_set_size": 11484,
                    "children": [
                        {
                            "operator_name": "ORDER_BY",
                            "cpu_time": 0.15962440399999997,
                            "extra_info": {
                                "Order By": [
                                    "(FinalDetails.Score + (FinalDetails.ViewCount / 100.0)) DESC",
                                    "FinalDetails.creationdate DESC"
                                ]
                            },
                            "cumulative_cardinality": 299402,
                            "operator_type": "ORDER_BY",
                            "operator_cardinality": 87,
                            "cumulative_rows_scanned": 29650197,
                            "operator_rows_scanned": 0,
                            "operator_timing": 0.000048901,
                            "result_set_size": 11310,
                            "children": [
                                {
                                    "operator_name": "PROJECTION",
                                    "cpu_time": 0.15957550299999998,
                                    "extra_info": {
                                        "Projections": [
                                            "#0",
                                            "#1",
                                            "__internal_compress_integral_usmallint(#2, -72)",
                                            "#3",
                                            "#4",
                                            "#5",
                                            "#6",
                                            "#7",
                                            "#8",
                                            "#9",
                                            "#10",
                                            "#11"
                                        ],
                                        "Estimated Cardinality": "770023"
                                    },
                                    "cumulative_cardinality": 299315,
                                    "operator_type": "PROJECTION",
                                    "operator_cardinality": 87,
                                    "cumulative_rows_scanned": 29650197,
                                    "operator_rows_scanned": 0,
                                    "operator_timing": 0.0000022839999999999996,
                                    "result_set_size": 11310,
                                    "children": [
                                        {
                                            "operator_name": "PROJECTION",
                                            "cpu_time": 0.159573219,
                                            "extra_info": {
                                                "Projections": [
                                                    "PostId",
                                                    "title",
                                                    "score",
                                                    "viewcount",
                                                    "creationdate",
                                                    "OwnerDisplayName",
                                                    "UpVotes",
                                                    "DownVotes",
                                                    "TotalCloseCount",
                                                    "CloseReasons",
                                                    "NetVotes",
                                                    "WeightedScore"
                                                ],
                                                "Estimated Cardinality": "770023"
                                            },
                                            "cumulative_cardinality": 299228,
                                            "operator_type": "PROJECTION",
                                            "operator_cardinality": 87,
                                            "cumulative_rows_scanned": 29650197,
                                            "operator_rows_scanned": 0,
                                            "operator_timing": 0.000019556,
                                            "result_set_size": 11484,
                                            "children": [
                                                {
                                                    "operator_name": "FILTER",
                                                    "cpu_time": 0.15955366299999998,
                                                    "extra_info": {
                                                        "Expression": "((UpVotes - DownVotes) >= 10)",
                                                        "Estimated Cardinality": "770023"
                                                    },
                                                    "cumulative_cardinality": 299141,
                                                    "operator_type": "FILTER",
                                                    "operator_cardinality": 87,
                                                    "cumulative_rows_scanned": 29650197,
                                                    "operator_rows_scanned": 0,
                                                    "operator_timing": 0.000064058,
                                                    "result_set_size": 9396,
                                                    "children": [
                                                        {
                                                            "operator_name": "PROJECTION",
                                                            "cpu_time": 0.15948960499999998,
                                                            "extra_info": {
                                                                "Projections": [
                                                                    "PostId",
                                                                    "title",
                                                                    "score",
                                                                    "viewcount",
                                                                    "creationdate",
                                                                    "OwnerDisplayName",
                                                                    "UpVotes",
                                                                    "DownVotes",
                                                                    "TotalCloseCount",
                                                                    "CloseReasons"
                                                                ],
                                                                "Estimated Cardinality": "770023"
                                                            },
                                                            "cumulative_cardinality": 299054,
                                                            "operator_type": "PROJECTION",
                                                            "operator_cardinality": 4758,
                                                            "cumulative_rows_scanned": 29650197,
                                                            "operator_rows_scanned": 0,
                                                            "operator_timing": 0.00011949500000000001,
                                                            "result_set_size": 513864,
                                                            "children": [
                                                                {
                                                                    "operator_name": "HASH_JOIN",
                                                                    "cpu_time": 0.15937010999999998,
                                                                    "extra_info": {
                                                                        "Join Type": "LEFT",
                                                                        "Conditions": "PostId = postid",
                                                                        "Estimated Cardinality": "770023"
                                                                    },
                                                                    "cumulative_cardinality": 294296,
                                                                    "operator_type": "HASH_JOIN",
                                                                    "operator_cardinality": 4758,
                                                                    "cumulative_rows_scanned": 29650197,
                                                                    "operator_rows_scanned": 0,
                                                                    "operator_timing": 0.000750623,
                                                                    "result_set_size": 513864,
                                                                    "children": [
                                                                        {
                                                                            "operator_name": "PROJECTION",
                                                                            "cpu_time": 0.14524013799999996,
                                                                            "extra_info": {
                                                                                "Projections": [
                                                                                    "PostId",
                                                                                    "title",
                                                                                    "score",
                                                                                    "viewcount",
                                                                                    "creationdate",
                                                                                    "OwnerDisplayName",
                                                                                    "UpVotes",
                                                                                    "DownVotes"
                                                                                ],
                                                                                "Estimated Cardinality": "770023"
                                                                            },
                                                                            "cumulative_cardinality": 181920,
                                                                            "operator_type": "PROJECTION",
                                                                            "operator_cardinality": 4758,
                                                                            "cumulative_rows_scanned": 17854919,
                                                                            "operator_rows_scanned": 0,
                                                                            "operator_timing": 0.000001463,
                                                                            "result_set_size": 399672,
                                                                            "children": [
                                                                                {
                                                                                    "operator_name": "PROJECTION",
                                                                                    "cpu_time": 0.14523867499999996,
                                                                                    "extra_info": {
                                                                                        "Projections": [
                                                                                            "#0",
                                                                                            "#1",
                                                                                            "#2",
                                                                                            "#3",
                                                                                            "#4",
                                                                                            "#5",
                                                                                            "#6",
                                                                                            "#7",
                                                                                            "#8"
                                                                                        ],
                                                                                        "Estimated Cardinality": "770023"
                                                                                    },
                                                                                    "cumulative_cardinality": 177162,
                                                                                    "operator_type": "PROJECTION",
                                                                                    "operator_cardinality": 4758,
                                                                                    "cumulative_rows_scanned": 17854919,
                                                                                    "operator_rows_scanned": 0,
                                                                                    "operator_timing": 0.000001753,
                                                                                    "result_set_size": 437736,
                                                                                    "children": [
                                                                                        {
                                                                                            "operator_name": "WINDOW",
                                                                                            "cpu_time": 0.14523692199999996,
                                                                                            "extra_info": {
                                                                                                "Projections": "ROW_NUMBER() OVER (ORDER BY score DESC NULLS LAST)"
                                                                                            },
                                                                                            "cumulative_cardinality": 172404,
                                                                                            "operator_type": "WINDOW",
                                                                                            "operator_cardinality": 4758,
                                                                                            "cumulative_rows_scanned": 17854919,
                                                                                            "operator_rows_scanned": 0,
                                                                                            "operator_timing": 0.00057207,
                                                                                            "result_set_size": 437736,
                                                                                            "children": [
                                                                                                {
                                                                                                    "operator_name": "HASH_JOIN",
                                                                                                    "cpu_time": 0.14466485199999995,
                                                                                                    "extra_info": {
                                                                                                        "Join Type": "INNER",
                                                                                                        "Conditions": "owneruserid = id",
                                                                                                        "Estimated Cardinality": "770023"
                                                                                                    },
                                                                                                    "cumulative_cardinality": 167646,
                                                                                                    "operator_type": "HASH_JOIN",
                                                                                                    "operator_cardinality": 4758,
                                                                                                    "cumulative_rows_scanned": 17854919,
                                                                                                    "operator_rows_scanned": 0,
                                                                                                    "operator_timing": 0.001644746,
                                                                                                    "result_set_size": 399672,
                                                                                                    "children": [
                                                                                                        {
                                                                                                            "operator_name": "PROJECTION",
                                                                                                            "cpu_time": 0.089290949,
                                                                                                            "extra_info": {
                                                                                                                "Projections": [
                                                                                                                    "PostId",
                                                                                                                    "title",
                                                                                                                    "score",
                                                                                                                    "viewcount",
                                                                                                                    "creationdate",
                                                                                                                    "owneruserid",
                                                                                                                    "UpVotes",
                                                                                                                    "DownVotes"
                                                                                                                ],
                                                                                                                "Estimated Cardinality": "3850116"
                                                                                                            },
                                                                                                            "cumulative_cardinality": 140458,
                                                                                                            "operator_type": "PROJECTION",
                                                                                                            "operator_cardinality": 9927,
                                                                                                            "cumulative_rows_scanned": 16594209,
                                                                                                            "operator_rows_scanned": 0,
                                                                                                            "operator_timing": 0.000149651,
                                                                                                            "result_set_size": 714744,
                                                                                                            "children": [
                                                                                                                {
                                                                                                                    "operator_name": "PROJECTION",
                                                                                                                    "cpu_time": 0.089141298,
                                                                                                                    "extra_info": {
                                                                                                                        "Projections": [
                                                                                                                            "#0",
                                                                                                                            "#1",
                                                                                                                            "__internal_decompress_integral_integer(#2, -72)",
                                                                                                                            "#3",
                                                                                                                            "#4",
                                                                                                                            "#5",
                                                                                                                            "#6",
                                                                                                                            "#7"
                                                                                                                        ],
                                                                                                                        "Estimated Cardinality": "3850116"
                                                                                                                    },
                                                                                                                    "cumulative_cardinality": 130531,
                                                                                                                    "operator_type": "PROJECTION",
                                                                                                                    "operator_cardinality": 9927,
                                                                                                                    "cumulative_rows_scanned": 16594209,
                                                                                                                    "operator_rows_scanned": 0,
                                                                                                                    "operator_timing": 0.0000062619999999999995,
                                                                                                                    "result_set_size": 714744,
                                                                                                                    "children": [
                                                                                                                        {
                                                                                                                            "operator_name": "HASH_GROUP_BY",
                                                                                                                            "cpu_time": 0.08913503599999999,
                                                                                                                            "extra_info": {
                                                                                                                                "Groups": [
                                                                                                                                    "#0",
                                                                                                                                    "#1",
                                                                                                                                    "#2",
                                                                                                                                    "#3",
                                                                                                                                    "#4",
                                                                                                                                    "#5"
                                                                                                                                ],
                                                                                                                                "Aggregates": [
                                                                                                                                    "sum(#6)",
                                                                                                                                    "sum(#7)"
                                                                                                                                ],
                                                                                                                                "Estimated Cardinality": "3850116"
                                                                                                                            },
                                                                                                                            "cumulative_cardinality": 120604,
                                                                                                                            "operator_type": "HASH_GROUP_BY",
                                                                                                                            "operator_cardinality": 9927,
                                                                                                                            "cumulative_rows_scanned": 16594209,
                                                                                                                            "operator_rows_scanned": 0,
                                                                                                                            "operator_timing": 0.0035487809999999996,
                                                                                                                            "result_set_size": 694890,
                                                                                                                            "children": [
                                                                                                                                {
                                                                                                                                    "operator_name": "PROJECTION",
                                                                                                                                    "cpu_time": 0.08558625499999999,
                                                                                                                                    "extra_info": {
                                                                                                                                        "Projections": [
                                                                                                                                            "id",
                                                                                                                                            "title",
                                                                                                                                            "score",
                                                                                                                                            "viewcount",
                                                                                                                                            "creationdate",
                                                                                                                                            "owneruserid",
                                                                                                                                            "CASE  WHEN ((votetypeid = 2)) THEN (1) ELSE 0 END",
                                                                                                                                            "CASE  WHEN ((votetypeid = 3)) THEN (1) ELSE 0 END"
                                                                                                                                        ],
                                                                                                                                        "Estimated Cardinality": "12744093"
                                                                                                                                    },
                                                                                                                                    "cumulative_cardinality": 110677,
                                                                                                                                    "operator_type": "PROJECTION",
                                                                                                                                    "operator_cardinality": 23952,
                                                                                                                                    "cumulative_rows_scanned": 16594209,
                                                                                                                                    "operator_rows_scanned": 0,
                                                                                                                                    "operator_timing": 0.00031500899999999994,
                                                                                                                                    "result_set_size": 1101792,
                                                                                                                                    "children": [
                                                                                                                                        {
                                                                                                                                            "operator_name": "PROJECTION",
                                                                                                                                            "cpu_time": 0.08527124599999998,
                                                                                                                                            "extra_info": {
                                                                                                                                                "Projections": [
                                                                                                                                                    "#0",
                                                                                                                                                    "#1",
                                                                                                                                                    "#2",
                                                                                                                                                    "__internal_compress_integral_usmallint(#3, -72)",
                                                                                                                                                    "#4",
                                                                                                                                                    "#5",
                                                                                                                                                    "#6"
                                                                                                                                                ],
                                                                                                                                                "Estimated Cardinality": "12744093"
                                                                                                                                            },
                                                                                                                                            "cumulative_cardinality": 86725,
                                                                                                                                            "operator_type": "PROJECTION",
                                                                                                                                            "operator_cardinality": 23952,
                                                                                                                                            "cumulative_rows_scanned": 16594209,
                                                                                                                                            "operator_rows_scanned": 0,
                                                                                                                                            "operator_timing": 0.00005033100000000002,
                                                                                                                                            "result_set_size": 958080,
                                                                                                                                            "children": [
                                                                                                                                                {
                                                                                                                                                    "operator_name": "HASH_JOIN",
                                                                                                                                                    "cpu_time": 0.08522091499999998,
                                                                                                                                                    "extra_info": {
                                                                                                                                                        "Join Type": "RIGHT",
                                                                                                                                                        "Conditions": "postid = id",
                                                                                                                                                        "Estimated Cardinality": "12744093"
                                                                                                                                                    },
                                                                                                                                                    "cumulative_cardinality": 62773,
                                                                                                                                                    "operator_type": "HASH_JOIN",
                                                                                                                                                    "operator_cardinality": 23952,
                                                                                                                                                    "cumulative_rows_scanned": 16594209,
                                                                                                                                                    "operator_rows_scanned": 0,
                                                                                                                                                    "operator_timing": 0.002152774,
                                                                                                                                                    "result_set_size": 1005984,
                                                                                                                                                    "children": [
                                                                                                                                                        {
                                                                                                                                                            "operator_name": "READ_PARQUET ",
                                                                                                                                                            "cpu_time": 0.016484453999999996,
                                                                                                                                                            "extra_info": {
                                                                                                                                                                "Function": "READ_PARQUET",
                                                                                                                                                                "Projections": [
                                                                                                                                                                    "postid",
                                                                                                                                                                    "votetypeid"
                                                                                                                                                                ],
                                                                                                                                                                "Estimated Cardinality": "12744093"
                                                                                                                                                            },
                                                                                                                                                            "cumulative_cardinality": 28894,
                                                                                                                                                            "operator_type": "TABLE_SCAN",
                                                                                                                                                            "operator_cardinality": 28894,
                                                                                                                                                            "cumulative_rows_scanned": 12744093,
                                                                                                                                                            "operator_rows_scanned": 12744093,
                                                                                                                                                            "operator_timing": 0.016484453999999996,
                                                                                                                                                            "result_set_size": 173364,
                                                                                                                                                            "children": []
                                                                                                                                                        },
                                                                                                                                                        {
                                                                                                                                                            "operator_name": "READ_PARQUET ",
                                                                                                                                                            "cpu_time": 0.06658368699999999,
                                                                                                                                                            "extra_info": {
                                                                                                                                                                "Function": "READ_PARQUET",
                                                                                                                                                                "Projections": [
                                                                                                                                                                    "id",
                                                                                                                                                                    "creationdate",
                                                                                                                                                                    "score",
                                                                                                                                                                    "viewcount",
                                                                                                                                                                    "owneruserid",
                                                                                                                                                                    "title"
                                                                                                                                                                ],
                                                                                                                                                                "Filters": "creationdate>='2024-09-01 12:34:56'::TIMESTAMP",
                                                                                                                                                                "Estimated Cardinality": "770023"
                                                                                                                                                            },
                                                                                                                                                            "cumulative_cardinality": 9927,
                                                                                                                                                            "operator_type": "TABLE_SCAN",
                                                                                                                                                            "operator_cardinality": 9927,
                                                                                                                                                            "cumulative_rows_scanned": 3850116,
                                                                                                                                                            "operator_rows_scanned": 3850116,
                                                                                                                                                            "operator_timing": 0.06658368699999999,
                                                                                                                                                            "result_set_size": 397080,
                                                                                                                                                            "children": []
                                                                                                                                                        }
                                                                                                                                                    ]
                                                                                                                                                }
                                                                                                                                            ]
                                                                                                                                        }
                                                                                                                                    ]
                                                                                                                                }
                                                                                                                            ]
                                                                                                                        }
                                                                                                                    ]
                                                                                                                }
                                                                                                            ]
                                                                                                        },
                                                                                                        {
                                                                                                            "operator_name": "FILTER",
                                                                                                            "cpu_time": 0.05372915699999997,
                                                                                                            "extra_info": {
                                                                                                                "Expression": "(id <= 1416539)",
                                                                                                                "Estimated Cardinality": "252142"
                                                                                                            },
                                                                                                            "cumulative_cardinality": 22430,
                                                                                                            "operator_type": "FILTER",
                                                                                                            "operator_cardinality": 11215,
                                                                                                            "cumulative_rows_scanned": 1260710,
                                                                                                            "operator_rows_scanned": 0,
                                                                                                            "operator_timing": 0.0005147849999999997,
                                                                                                            "result_set_size": 224300,
                                                                                                            "children": [
                                                                                                                {
                                                                                                                    "operator_name": "READ_PARQUET ",
                                                                                                                    "cpu_time": 0.053214371999999975,
                                                                                                                    "extra_info": {
                                                                                                                        "Function": "READ_PARQUET",
                                                                                                                        "Projections": [
                                                                                                                            "id",
                                                                                                                            "displayname"
                                                                                                                        ],
                                                                                                                        "Filters": "reputation>1000",
                                                                                                                        "Estimated Cardinality": "252142"
                                                                                                                    },
                                                                                                                    "cumulative_cardinality": 11215,
                                                                                                                    "operator_type": "TABLE_SCAN",
                                                                                                                    "operator_cardinality": 11215,
                                                                                                                    "cumulative_rows_scanned": 1260710,
                                                                                                                    "operator_rows_scanned": 1260710,
                                                                                                                    "operator_timing": 0.053214371999999975,
                                                                                                                    "result_set_size": 224300,
                                                                                                                    "children": []
                                                                                                                }
                                                                                                            ]
                                                                                                        }
                                                                                                    ]
                                                                                                }
                                                                                            ]
                                                                                        }
                                                                                    ]
                                                                                }
                                                                            ]
                                                                        },
                                                                        {
                                                                            "operator_name": "HASH_GROUP_BY",
                                                                            "cpu_time": 0.013379349000000002,
                                                                            "extra_info": {
                                                                                "Groups": "#0",
                                                                                "Aggregates": [
                                                                                    "string_agg(#1)",
                                                                                    "count_star()"
                                                                                ],
                                                                                "Estimated Cardinality": "235904"
                                                                            },
                                                                            "cumulative_cardinality": 107618,
                                                                            "operator_type": "HASH_GROUP_BY",
                                                                            "operator_cardinality": 6813,
                                                                            "cumulative_rows_scanned": 11795278,
                                                                            "operator_rows_scanned": 0,
                                                                            "operator_timing": 0.00087392,
                                                                            "result_set_size": 190764,
                                                                            "children": [
                                                                                {
                                                                                    "operator_name": "PROJECTION",
                                                                                    "cpu_time": 0.012505429000000002,
                                                                                    "extra_info": {
                                                                                        "Projections": [
                                                                                            "postid",
                                                                                            "name"
                                                                                        ],
                                                                                        "Estimated Cardinality": "471809"
                                                                                    },
                                                                                    "cumulative_cardinality": 100805,
                                                                                    "operator_type": "PROJECTION",
                                                                                    "operator_cardinality": 15848,
                                                                                    "cumulative_rows_scanned": 11795278,
                                                                                    "operator_rows_scanned": 0,
                                                                                    "operator_timing": 0.000003115999999999999,
                                                                                    "result_set_size": 316960,
                                                                                    "children": [
                                                                                        {
                                                                                            "operator_name": "HASH_JOIN",
                                                                                            "cpu_time": 0.012502313000000003,
                                                                                            "extra_info": {
                                                                                                "Join Type": "INNER",
                                                                                                "Conditions": "posthistorytypeid = id",
                                                                                                "Estimated Cardinality": "471809"
                                                                                            },
                                                                                            "cumulative_cardinality": 84957,
                                                                                            "operator_type": "HASH_JOIN",
                                                                                            "operator_cardinality": 15848,
                                                                                            "cumulative_rows_scanned": 11795278,
                                                                                            "operator_rows_scanned": 0,
                                                                                            "operator_timing": 0.00024723100000000005,
                                                                                            "result_set_size": 316960,
                                                                                            "children": [
                                                                                                {
                                                                                                    "operator_name": "PROJECTION",
                                                                                                    "cpu_time": 0.011941517000000002,
                                                                                                    "extra_info": {
                                                                                                        "Projections": [
                                                                                                            "#0",
                                                                                                            "#1"
                                                                                                        ],
                                                                                                        "Estimated Cardinality": "471809"
                                                                                                    },
                                                                                                    "cumulative_cardinality": 69075,
                                                                                                    "operator_type": "PROJECTION",
                                                                                                    "operator_cardinality": 15848,
                                                                                                    "cumulative_rows_scanned": 11795244,
                                                                                                    "operator_rows_scanned": 0,
                                                                                                    "operator_timing": 0.000003659,
                                                                                                    "result_set_size": 95088,
                                                                                                    "children": [
                                                                                                        {
                                                                                                            "operator_name": "FILTER",
                                                                                                            "cpu_time": 0.011937858000000003,
                                                                                                            "extra_info": {
                                                                                                                "Expression": "(comment IS NOT NULL)",
                                                                                                                "Estimated Cardinality": "471809"
                                                                                                            },
                                                                                                            "cumulative_cardinality": 53227,
                                                                                                            "operator_type": "FILTER",
                                                                                                            "operator_cardinality": 15848,
                                                                                                            "cumulative_rows_scanned": 11795244,
                                                                                                            "operator_rows_scanned": 0,
                                                                                                            "operator_timing": 0.0002844850000000001,
                                                                                                            "result_set_size": 348656,
                                                                                                            "children": [
                                                                                                                {
                                                                                                                    "operator_name": "READ_PARQUET ",
                                                                                                                    "cpu_time": 0.011653373000000003,
                                                                                                                    "extra_info": {
                                                                                                                        "Function": "READ_PARQUET",
                                                                                                                        "Projections": [
                                                                                                                            "posthistorytypeid",
                                                                                                                            "postid",
                                                                                                                            "comment"
                                                                                                                        ],
                                                                                                                        "Filters": "creationdate>='2024-09-01 12:34:56'::TIMESTAMP",
                                                                                                                        "Estimated Cardinality": "2359048"
                                                                                                                    },
                                                                                                                    "cumulative_cardinality": 37379,
                                                                                                                    "operator_type": "TABLE_SCAN",
                                                                                                                    "operator_cardinality": 37379,
                                                                                                                    "cumulative_rows_scanned": 11795244,
                                                                                                                    "operator_rows_scanned": 11795244,
                                                                                                                    "operator_timing": 0.011653373000000003,
                                                                                                                    "result_set_size": 822338,
                                                                                                                    "children": []
                                                                                                                }
                                                                                                            ]
                                                                                                        }
                                                                                                    ]
                                                                                                },
                                                                                                {
                                                                                                    "operator_name": "READ_PARQUET ",
                                                                                                    "cpu_time": 0.000313565,
                                                                                                    "extra_info": {
                                                                                                        "Function": "READ_PARQUET",
                                                                                                        "Projections": [
                                                                                                            "id",
                                                                                                            "name"
                                                                                                        ],
                                                                                                        "Estimated Cardinality": "34"
                                                                                                    },
                                                                                                    "cumulative_cardinality": 34,
                                                                                                    "operator_type": "TABLE_SCAN",
                                                                                                    "operator_cardinality": 34,
                                                                                                    "cumulative_rows_scanned": 34,
                                                                                                    "operator_rows_scanned": 34,
                                                                                                    "operator_timing": 0.000313565,
                                                                                                    "result_set_size": 612,
                                                                                                    "children": []
                                                                                                }
                                                                                            ]
                                                                                        }
                                                                                    ]
                                                                                }
                                                                            ]
                                                                        }
                                                                    ]
                                                                }
                                                            ]
                                                        }
                                                    ]
                                                }
                                            ]
                                        }
                                    ]
                                }
                            ]
                        }
                    ]
                }
            ]
        }
    ]
}