{
    "rows_returned": 50,
    "query_name": "WITH UserBadges AS (\n    SELECT \n        u.Id AS UserId,\n        COUNT(b.Id) AS BadgeCount,\n        SUM(CASE WHEN b.Class = 1 THEN 1 ELSE 0 END) AS GoldBadges,\n        SUM(CASE WHEN b.Class = 2 THEN 1 ELSE 0 END) AS SilverBadges,\n        SUM(CASE WHEN b.Class = 3 THEN 1 ELSE 0 END) AS BronzeBadges\n    FROM \n        Users u\n    LEFT JOIN \n        Badges b ON u.Id = b.UserId\n    GROUP BY \n        u.Id\n),\nRecentPosts AS (\n    SELECT \n        p.OwnerUserId,\n        COUNT(p.Id) AS TotalPosts,\n        SUM(CASE WHEN p.PostTypeId = 1 THEN 1 ELSE 0 END) AS Questions,\n        SUM(CASE WHEN p.PostTypeId = 2 THEN 1 ELSE 0 END) AS Answers,\n        SUM(CASE WHEN p.PostTypeId = 10 THEN 1 ELSE 0 END) AS ClosedPosts\n    FROM \n        Posts p\n    WHERE \n        p.CreationDate >= cast('2024-10-01' as date) - INTERVAL '30 days'\n    GROUP BY \n        p.OwnerUserId\n),\nUserVoteStats AS (\n    SELECT \n        v.UserId,\n        SUM(CASE WHEN v.VoteTypeId = 2 THEN 1 ELSE 0 END) AS UpVotes,\n        SUM(CASE WHEN v.VoteTypeId = 3 THEN 1 ELSE 0 END) AS DownVotes\n    FROM \n        Votes v\n    GROUP BY \n        v.UserId\n)\nSELECT \n    u.DisplayName,\n    COALESCE(ub.BadgeCount, 0) AS BadgeCount,\n    COALESCE(ub.GoldBadges, 0) AS GoldBadges,\n    COALESCE(ub.SilverBadges, 0) AS SilverBadges,\n    COALESCE(ub.BronzeBadges, 0) AS BronzeBadges,\n    COALESCE(rp.TotalPosts, 0) AS TotalPosts,\n    COALESCE(rp.Questions, 0) AS Questions,\n    COALESCE(rp.Answers, 0) AS Answers,\n    COALESCE(rp.ClosedPosts, 0) AS ClosedPosts,\n    COALESCE(uvs.UpVotes, 0) AS UpVotes,\n    COALESCE(uvs.DownVotes, 0) AS DownVotes,\n    CASE \n        WHEN COALESCE(rp.ClosedPosts, 0) > 0 THEN 'Has Closed Posts'\n        ELSE 'No Closed Posts'\n    END AS PostStatus\nFROM \n    Users u\nLEFT JOIN \n    UserBadges ub ON u.Id = ub.UserId\nLEFT JOIN \n    RecentPosts rp ON u.Id = rp.OwnerUserId\nLEFT JOIN \n    UserVoteStats uvs ON u.Id = uvs.UserId\nWHERE \n    u.Reputation > 1000\nORDER BY \n    BadgeCount DESC, TotalPosts DESC\nLIMIT 50;",
    "blocked_thread_time": 0.0,
    "cpu_time": 1.0516491689999998,
    "extra_info": {},
    "cumulative_cardinality": 36495223,
    "cumulative_rows_scanned": 21437353,
    "result_set_size": 8800,
    "latency": 1.1565262,
    "children": [
        {
            "operator_name": "STREAMING_LIMIT",
            "cpu_time": 1.0516491689999998,
            "extra_info": {},
            "cumulative_cardinality": 36495223,
            "operator_type": "STREAMING_LIMIT",
            "operator_cardinality": 50,
            "cumulative_rows_scanned": 21437353,
            "operator_rows_scanned": 0,
            "operator_timing": 0.000001272,
            "result_set_size": 8800,
            "children": [
                {
                    "operator_name": "ORDER_BY",
                    "cpu_time": 1.0516478969999998,
                    "extra_info": {
                        "Order By": [
                            "COALESCE(ub.BadgeCount, 0) DESC",
                            "COALESCE(rp.TotalPosts, 0) DESC"
                        ]
                    },
                    "cumulative_cardinality": 36495173,
                    "operator_type": "ORDER_BY",
                    "operator_cardinality": 4096,
                    "cumulative_rows_scanned": 21437353,
                    "operator_rows_scanned": 0,
                    "operator_timing": 0.00135922,
                    "result_set_size": 720896,
                    "children": [
                        {
                            "operator_name": "PROJECTION",
                            "cpu_time": 1.0502886769999997,
                            "extra_info": {
                                "Projections": [
                                    "displayname",
                                    "BadgeCount",
                                    "GoldBadges",
                                    "SilverBadges",
                                    "BronzeBadges",
                                    "TotalPosts",
                                    "Questions",
                                    "Answers",
                                    "ClosedPosts",
                                    "UpVotes",
                                    "DownVotes",
                                    "PostStatus"
                                ],
                                "Estimated Cardinality": "6372046"
                            },
                            "cumulative_cardinality": 36491077,
                            "operator_type": "PROJECTION",
                            "operator_cardinality": 11215,
                            "cumulative_rows_scanned": 21437353,
                            "operator_rows_scanned": 0,
                            "operator_timing": 0.00092223,
                            "result_set_size": 1973840,
                            "children": [
                                {
                                    "operator_name": "HASH_JOIN",
                                    "cpu_time": 1.0493664469999997,
                                    "extra_info": {
                                        "Join Type": "RIGHT",
                                        "Conditions": "userid = id",
                                        "Estimated Cardinality": "6372046"
                                    },
                                    "cumulative_cardinality": 36479862,
                                    "operator_type": "HASH_JOIN",
                                    "operator_cardinality": 11215,
                                    "cumulative_rows_scanned": 21437353,
                                    "operator_rows_scanned": 0,
                                    "operator_timing": 0.0028060430000000003,
                                    "result_set_size": 1973840,
                                    "children": [
                                        {
                                            "operator_name": "HASH_GROUP_BY",
                                            "cpu_time": 0.27967768800000015,
                                            "extra_info": {
                                                "Groups": "#0",
                                                "Aggregates": [
                                                    "sum(#1)",
                                                    "sum(#2)"
                                                ],
                                                "Estimated Cardinality": "6372046"
                                            },
                                            "cumulative_cardinality": 25500329,
                                            "operator_type": "HASH_GROUP_BY",
                                            "operator_cardinality": 12143,
                                            "cumulative_rows_scanned": 12744093,
                                            "operator_rows_scanned": 0,
                                            "operator_timing": 0.1049376340000001,
                                            "result_set_size": 437148,
                                            "children": [
                                                {
                                                    "operator_name": "PROJECTION",
                                                    "cpu_time": 0.17474005400000006,
                                                    "extra_info": {
                                                        "Projections": [
                                                            "userid",
                                                            "CASE  WHEN ((votetypeid = 2)) THEN (1) ELSE 0 END",
                                                            "CASE  WHEN ((votetypeid = 3)) THEN (1) ELSE 0 END"
                                                        ],
                                                        "Estimated Cardinality": "12744093"
                                                    },
                                                    "cumulative_cardinality": 25488186,
                                                    "operator_type": "PROJECTION",
                                                    "operator_cardinality": 12744093,
                                                    "cumulative_rows_scanned": 12744093,
                                                    "operator_rows_scanned": 0,
                                                    "operator_timing": 0.09846217499999996,
                                                    "result_set_size": 152929116,
                                                    "children": [
                                                        {
                                                            "operator_name": "READ_PARQUET ",
                                                            "cpu_time": 0.0762778790000001,
                                                            "extra_info": {
                                                                "Function": "READ_PARQUET",
                                                                "Projections": [
                                                                    "votetypeid",
                                                                    "userid"
                                                                ],
                                                                "Estimated Cardinality": "12744093"
                                                            },
                                                            "cumulative_cardinality": 12744093,
                                                            "operator_type": "TABLE_SCAN",
                                                            "operator_cardinality": 12744093,
                                                            "cumulative_rows_scanned": 12744093,
                                                            "operator_rows_scanned": 12744093,
                                                            "operator_timing": 0.0762778790000001,
                                                            "result_set_size": 76464558,
                                                            "children": []
                                                        }
                                                    ]
                                                }
                                            ]
                                        },
                                        {
                                            "operator_name": "HASH_JOIN",
                                            "cpu_time": 0.7668827159999996,
                                            "extra_info": {
                                                "Join Type": "LEFT",
                                                "Conditions": "id = owneruserid",
                                                "Estimated Cardinality": "1260710"
                                            },
                                            "cumulative_cardinality": 10968318,
                                            "operator_type": "HASH_JOIN",
                                            "operator_cardinality": 11215,
                                            "cumulative_rows_scanned": 8693260,
                                            "operator_rows_scanned": 0,
                                            "operator_timing": 0.001509631,
                                            "result_set_size": 1570100,
                                            "children": [
                                                {
                                                    "operator_name": "HASH_JOIN",
                                                    "cpu_time": 0.7427139319999996,
                                                    "extra_info": {
                                                        "Join Type": "RIGHT",
                                                        "Conditions": "UserId = id",
                                                        "Estimated Cardinality": "1260710"
                                                    },
                                                    "cumulative_cardinality": 10932400,
                                                    "operator_type": "HASH_JOIN",
                                                    "operator_cardinality": 11215,
                                                    "cumulative_rows_scanned": 4843144,
                                                    "operator_rows_scanned": 0,
                                                    "operator_timing": 0.017737815999999997,
                                                    "result_set_size": 897200,
                                                    "children": [
                                                        {
                                                            "operator_name": "HASH_GROUP_BY",
                                                            "cpu_time": 0.6717722819999996,
                                                            "extra_info": {
                                                                "Groups": "#0",
                                                                "Aggregates": [
                                                                    "count(#1)",
                                                                    "sum(#2)",
                                                                    "sum(#3)",
                                                                    "sum(#4)"
                                                                ],
                                                                "Estimated Cardinality": "1260710"
                                                            },
                                                            "cumulative_cardinality": 10909970,
                                                            "operator_type": "HASH_GROUP_BY",
                                                            "operator_cardinality": 1260710,
                                                            "cumulative_rows_scanned": 3582434,
                                                            "operator_rows_scanned": 0,
                                                            "operator_timing": 0.40471598099999984,
                                                            "result_set_size": 75642600,
                                                            "children": [
                                                                {
                                                                    "operator_name": "PROJECTION",
                                                                    "cpu_time": 0.2670563009999998,
                                                                    "extra_info": {
                                                                        "Projections": [
                                                                            "id",
                                                                            "id",
                                                                            "CASE  WHEN ((class = 1)) THEN (1) ELSE 0 END",
                                                                            "CASE  WHEN ((class = 2)) THEN (1) ELSE 0 END",
                                                                            "CASE  WHEN ((class = 3)) THEN (1) ELSE 0 END"
                                                                        ],
                                                                        "Estimated Cardinality": "2321724"
                                                                    },
                                                                    "cumulative_cardinality": 9649260,
                                                                    "operator_type": "PROJECTION",
                                                                    "operator_cardinality": 3033413,
                                                                    "cumulative_rows_scanned": 3582434,
                                                                    "operator_rows_scanned": 0,
                                                                    "operator_timing": 0.017069096000000013,
                                                                    "result_set_size": 60668260,
                                                                    "children": [
                                                                        {
                                                                            "operator_name": "HASH_JOIN",
                                                                            "cpu_time": 0.24998720499999977,
                                                                            "extra_info": {
                                                                                "Join Type": "RIGHT",
                                                                                "Conditions": "userid = id",
                                                                                "Estimated Cardinality": "2321724"
                                                                            },
                                                                            "cumulative_cardinality": 6615847,
                                                                            "operator_type": "HASH_JOIN",
                                                                            "operator_cardinality": 3033413,
                                                                            "cumulative_rows_scanned": 3582434,
                                                                            "operator_rows_scanned": 0,
                                                                            "operator_timing": 0.1869704199999998,
                                                                            "result_set_size": 30334130,
                                                                            "children": [
                                                                                {
                                                                                    "operator_name": "READ_PARQUET ",
                                                                                    "cpu_time": 0.05654214999999996,
                                                                                    "extra_info": {
                                                                                        "Function": "READ_PARQUET",
                                                                                        "Projections": [
                                                                                            "id",
                                                                                            "userid",
                                                                                            "class"
                                                                                        ],
                                                                                        "Estimated Cardinality": "2321724"
                                                                                    },
                                                                                    "cumulative_cardinality": 2321724,
                                                                                    "operator_type": "TABLE_SCAN",
                                                                                    "operator_cardinality": 2321724,
                                                                                    "cumulative_rows_scanned": 2321724,
                                                                                    "operator_rows_scanned": 2321724,
                                                                                    "operator_timing": 0.05654214999999996,
                                                                                    "result_set_size": 23217240,
                                                                                    "children": []
                                                                                },
                                                                                {
                                                                                    "operator_name": "READ_PARQUET ",
                                                                                    "cpu_time": 0.006474635,
                                                                                    "extra_info": {
                                                                                        "Function": "READ_PARQUET",
                                                                                        "Projections": "id",
                                                                                        "Estimated Cardinality": "1260710"
                                                                                    },
                                                                                    "cumulative_cardinality": 1260710,
                                                                                    "operator_type": "TABLE_SCAN",
                                                                                    "operator_cardinality": 1260710,
                                                                                    "cumulative_rows_scanned": 1260710,
                                                                                    "operator_rows_scanned": 1260710,
                                                                                    "operator_timing": 0.006474635,
                                                                                    "result_set_size": 5042840,
                                                                                    "children": []
                                                                                }
                                                                            ]
                                                                        }
                                                                    ]
                                                                }
                                                            ]
                                                        },
                                                        {
                                                            "operator_name": "READ_PARQUET ",
                                                            "cpu_time": 0.05320383399999997,
                                                            "extra_info": {
                                                                "Function": "READ_PARQUET",
                                                                "Projections": [
                                                                    "id",
                                                                    "displayname"
                                                                ],
                                                                "Filters": "reputation>1000",
                                                                "Estimated Cardinality": "252142"
                                                            },
                                                            "cumulative_cardinality": 11215,
                                                            "operator_type": "TABLE_SCAN",
                                                            "operator_cardinality": 11215,
                                                            "cumulative_rows_scanned": 1260710,
                                                            "operator_rows_scanned": 1260710,
                                                            "operator_timing": 0.05320383399999997,
                                                            "result_set_size": 224300,
                                                            "children": []
                                                        }
                                                    ]
                                                },
                                                {
                                                    "operator_name": "HASH_GROUP_BY",
                                                    "cpu_time": 0.022659152999999998,
                                                    "extra_info": {
                                                        "Groups": "#0",
                                                        "Aggregates": [
                                                            "count_star()",
                                                            "sum(#1)",
                                                            "sum(#2)",
                                                            "sum(#3)"
                                                        ],
                                                        "Estimated Cardinality": "385011"
                                                    },
                                                    "cumulative_cardinality": 24703,
                                                    "operator_type": "HASH_GROUP_BY",
                                                    "operator_cardinality": 4585,
                                                    "cumulative_rows_scanned": 3850116,
                                                    "operator_rows_scanned": 0,
                                                    "operator_timing": 0.00062038,
                                                    "result_set_size": 275100,
                                                    "children": [
                                                        {
                                                            "operator_name": "PROJECTION",
                                                            "cpu_time": 0.022038772999999998,
                                                            "extra_info": {
                                                                "Projections": [
                                                                    "owneruserid",
                                                                    "CASE  WHEN ((posttypeid = 1)) THEN (1) ELSE 0 END",
                                                                    "CASE  WHEN ((posttypeid = 2)) THEN (1) ELSE 0 END",
                                                                    "CASE  WHEN (false) THEN (1) ELSE 0 END"
                                                                ],
                                                                "Estimated Cardinality": "770023"
                                                            },
                                                            "cumulative_cardinality": 20118,
                                                            "operator_type": "PROJECTION",
                                                            "operator_cardinality": 10059,
                                                            "cumulative_rows_scanned": 3850116,
                                                            "operator_rows_scanned": 0,
                                                            "operator_timing": 0.00015419700000000001,
                                                            "result_set_size": 160944,
                                                            "children": [
                                                                {
                                                                    "operator_name": "READ_PARQUET ",
                                                                    "cpu_time": 0.021884576,
                                                                    "extra_info": {
                                                                        "Function": "READ_PARQUET",
                                                                        "Projections": [
                                                                            "id",
                                                                            "posttypeid",
                                                                            "owneruserid"
                                                                        ],
                                                                        "Filters": "creationdate>='2024-09-01 00:00:00'::TIMESTAMP",
                                                                        "Estimated Cardinality": "770023"
                                                                    },
                                                                    "cumulative_cardinality": 10059,
                                                                    "operator_type": "TABLE_SCAN",
                                                                    "operator_cardinality": 10059,
                                                                    "cumulative_rows_scanned": 3850116,
                                                                    "operator_rows_scanned": 3850116,
                                                                    "operator_timing": 0.021884576,
                                                                    "result_set_size": 100590,
                                                                    "children": []
                                                                }
                                                            ]
                                                        }
                                                    ]
                                                }
                                            ]
                                        }
                                    ]
                                }
                            ]
                        }
                    ]
                }
            ]
        }
    ]
}