{
    "rows_returned": 10,
    "query_name": "\nWITH UserReputation AS (\n    SELECT Id, DisplayName, Reputation, \n           ROW_NUMBER() OVER (ORDER BY Reputation DESC) AS Rank\n    FROM Users\n), RecentPosts AS (\n    SELECT p.Id AS PostId, p.Title, p.CreationDate, p.OwnerUserId, \n           COALESCE(COUNT(c.Id), 0) AS CommentCount, \n           COALESCE(SUM(CASE WHEN v.VoteTypeId = 2 THEN 1 ELSE 0 END), 0) AS UpvoteCount, \n           COALESCE(SUM(CASE WHEN v.VoteTypeId = 3 THEN 1 ELSE 0 END), 0) AS DownvoteCount\n    FROM Posts p\n    LEFT JOIN Comments c ON p.Id = c.PostId\n    LEFT JOIN Votes v ON p.Id = v.PostId\n    WHERE p.CreationDate >= CAST('2024-10-01 12:34:56' AS TIMESTAMP) - INTERVAL '30 days'\n    GROUP BY p.Id, p.Title, p.CreationDate, p.OwnerUserId\n), AcceptedAnswers AS (\n    SELECT p.Id AS AnswerId, p.AcceptedAnswerId, \n           COALESCE(SUM(CASE WHEN v.VoteTypeId = 2 THEN 1 ELSE 0 END), 0) AS TotalUpvotes\n    FROM Posts p\n    LEFT JOIN Votes v ON p.Id = v.PostId\n    WHERE p.PostTypeId = 2\n    GROUP BY p.Id, p.AcceptedAnswerId\n), PostLinksSummary AS (\n    SELECT pl.PostId, \n           COUNT(DISTINCT pl.RelatedPostId) AS RelatedPostCount,\n           SUM(CASE WHEN lt.Name = 'Duplicate' THEN 1 ELSE 0 END) AS DuplicateCount\n    FROM PostLinks pl\n    JOIN LinkTypes lt ON pl.LinkTypeId = lt.Id\n    GROUP BY pl.PostId\n)\nSELECT u.DisplayName, \n       u.Reputation, \n       rp.Title, \n       rp.CreationDate, \n       rp.CommentCount, \n       rp.UpvoteCount, \n       rp.DownvoteCount, \n       aa.TotalUpvotes AS AcceptedAnswerUpvotes,\n       pls.RelatedPostCount,\n       pls.DuplicateCount\nFROM UserReputation u\nJOIN RecentPosts rp ON u.Id = rp.OwnerUserId\nLEFT JOIN AcceptedAnswers aa ON aa.AcceptedAnswerId = rp.PostId\nLEFT JOIN PostLinksSummary pls ON pls.PostId = rp.PostId\nWHERE u.Reputation > 1000 AND \n      (rp.UpvoteCount - rp.DownvoteCount) > 10\nORDER BY u.Reputation DESC, rp.CreationDate DESC\nOFFSET 0 ROWS FETCH NEXT 10 ROWS ONLY;\n",
    "blocked_thread_time": 0.0,
    "cpu_time": 2.4759561019999983,
    "extra_info": {},
    "cumulative_cardinality": 63986962,
    "cumulative_rows_scanned": 42103943,
    "result_set_size": 1240,
    "latency": 2.834298648,
    "children": [
        {
            "operator_name": "STREAMING_LIMIT",
            "cpu_time": 2.4759561019999983,
            "extra_info": {},
            "cumulative_cardinality": 63986962,
            "operator_type": "STREAMING_LIMIT",
            "operator_cardinality": 10,
            "cumulative_rows_scanned": 42103943,
            "operator_rows_scanned": 0,
            "operator_timing": 0.000001373,
            "result_set_size": 1240,
            "children": [
                {
                    "operator_name": "ORDER_BY",
                    "cpu_time": 2.4759547289999984,
                    "extra_info": {
                        "Order By": [
                            "u.Reputation DESC",
                            "rp.CreationDate DESC"
                        ]
                    },
                    "cumulative_cardinality": 63986952,
                    "operator_type": "ORDER_BY",
                    "operator_cardinality": 480,
                    "cumulative_rows_scanned": 42103943,
                    "operator_rows_scanned": 0,
                    "operator_timing": 0.00010742,
                    "result_set_size": 59520,
                    "children": [
                        {
                            "operator_name": "PROJECTION",
                            "cpu_time": 2.4758473089999984,
                            "extra_info": {
                                "Projections": [
                                    "displayname",
                                    "reputation",
                                    "title",
                                    "creationdate",
                                    "CommentCount",
                                    "UpvoteCount",
                                    "DownvoteCount",
                                    "AcceptedAnswerUpvotes",
                                    "RelatedPostCount",
                                    "DuplicateCount"
                                ],
                                "Estimated Cardinality": "3850116"
                            },
                            "cumulative_cardinality": 63986472,
                            "operator_type": "PROJECTION",
                            "operator_cardinality": 480,
                            "cumulative_rows_scanned": 42103943,
                            "operator_rows_scanned": 0,
                            "operator_timing": 0.0000024050000000000003,
                            "result_set_size": 59520,
                            "children": [
                                {
                                    "operator_name": "HASH_JOIN",
                                    "cpu_time": 2.4758449039999983,
                                    "extra_info": {
                                        "Join Type": "LEFT",
                                        "Conditions": "PostId = postid",
                                        "Estimated Cardinality": "3850116"
                                    },
                                    "cumulative_cardinality": 63985992,
                                    "operator_type": "HASH_JOIN",
                                    "operator_cardinality": 480,
                                    "cumulative_rows_scanned": 42103943,
                                    "operator_rows_scanned": 0,
                                    "operator_timing": 0.009861466000000001,
                                    "result_set_size": 69120,
                                    "children": [
                                        {
                                            "operator_name": "HASH_JOIN",
                                            "cpu_time": 2.3835496369999984,
                                            "extra_info": {
                                                "Join Type": "RIGHT",
                                                "Conditions": "acceptedanswerid = PostId",
                                                "Estimated Cardinality": "3850116"
                                            },
                                            "cumulative_cardinality": 62476479,
                                            "operator_type": "HASH_JOIN",
                                            "operator_cardinality": 480,
                                            "cumulative_rows_scanned": 41690950,
                                            "operator_rows_scanned": 0,
                                            "operator_timing": 0.003456495999999994,
                                            "result_set_size": 55680,
                                            "children": [
                                                {
                                                    "operator_name": "PROJECTION",
                                                    "cpu_time": 1.4055901859999984,
                                                    "extra_info": {
                                                        "Projections": [
                                                            "acceptedanswerid",
                                                            "TotalUpvotes"
                                                        ],
                                                        "Estimated Cardinality": "3850116"
                                                    },
                                                    "cumulative_cardinality": 32879100,
                                                    "operator_type": "PROJECTION",
                                                    "operator_cardinality": 2177293,
                                                    "cumulative_rows_scanned": 16594209,
                                                    "operator_rows_scanned": 0,
                                                    "operator_timing": 0.013173244000000002,
                                                    "result_set_size": 43545860,
                                                    "children": [
                                                        {
                                                            "operator_name": "HASH_GROUP_BY",
                                                            "cpu_time": 1.3924169419999983,
                                                            "extra_info": {
                                                                "Groups": [
                                                                    "#0",
                                                                    "#1"
                                                                ],
                                                                "Aggregates": "sum(#2)",
                                                                "Estimated Cardinality": "3850116"
                                                            },
                                                            "cumulative_cardinality": 30701807,
                                                            "operator_type": "HASH_GROUP_BY",
                                                            "operator_cardinality": 2177293,
                                                            "cumulative_rows_scanned": 16594209,
                                                            "operator_rows_scanned": 0,
                                                            "operator_timing": 0.5154254749999994,
                                                            "result_set_size": 52255032,
                                                            "children": [
                                                                {
                                                                    "operator_name": "PROJECTION",
                                                                    "cpu_time": 0.876991466999999,
                                                                    "extra_info": {
                                                                        "Projections": [
                                                                            "id",
                                                                            "acceptedanswerid",
                                                                            "CASE  WHEN ((votetypeid = 2)) THEN (1) ELSE 0 END"
                                                                        ],
                                                                        "Estimated Cardinality": "12744093"
                                                                    },
                                                                    "cumulative_cardinality": 28524514,
                                                                    "operator_type": "PROJECTION",
                                                                    "operator_cardinality": 6801769,
                                                                    "cumulative_rows_scanned": 16594209,
                                                                    "operator_rows_scanned": 0,
                                                                    "operator_timing": 0.03094789100000016,
                                                                    "result_set_size": 81621228,
                                                                    "children": [
                                                                        {
                                                                            "operator_name": "HASH_JOIN",
                                                                            "cpu_time": 0.8460435759999988,
                                                                            "extra_info": {
                                                                                "Join Type": "RIGHT",
                                                                                "Conditions": "postid = id",
                                                                                "Estimated Cardinality": "12744093"
                                                                            },
                                                                            "cumulative_cardinality": 21722745,
                                                                            "operator_type": "HASH_JOIN",
                                                                            "operator_cardinality": 6801769,
                                                                            "cumulative_rows_scanned": 16594209,
                                                                            "operator_rows_scanned": 0,
                                                                            "operator_timing": 0.48540540399999904,
                                                                            "result_set_size": 68017690,
                                                                            "children": [
                                                                                {
                                                                                    "operator_name": "READ_PARQUET ",
                                                                                    "cpu_time": 0.24247409999999991,
                                                                                    "extra_info": {
                                                                                        "Function": "READ_PARQUET",
                                                                                        "Projections": [
                                                                                            "postid",
                                                                                            "votetypeid"
                                                                                        ],
                                                                                        "Estimated Cardinality": "12744093"
                                                                                    },
                                                                                    "cumulative_cardinality": 12743683,
                                                                                    "operator_type": "TABLE_SCAN",
                                                                                    "operator_cardinality": 12743683,
                                                                                    "cumulative_rows_scanned": 12744093,
                                                                                    "operator_rows_scanned": 12744093,
                                                                                    "operator_timing": 0.24247409999999991,
                                                                                    "result_set_size": 76462098,
                                                                                    "children": []
                                                                                },
                                                                                {
                                                                                    "operator_name": "READ_PARQUET ",
                                                                                    "cpu_time": 0.11816407199999977,
                                                                                    "extra_info": {
                                                                                        "Function": "READ_PARQUET",
                                                                                        "Projections": [
                                                                                            "id",
                                                                                            "acceptedanswerid"
                                                                                        ],
                                                                                        "Filters": "posttypeid=2",
                                                                                        "Estimated Cardinality": "770023"
                                                                                    },
                                                                                    "cumulative_cardinality": 2177293,
                                                                                    "operator_type": "TABLE_SCAN",
                                                                                    "operator_cardinality": 2177293,
                                                                                    "cumulative_rows_scanned": 3850116,
                                                                                    "operator_rows_scanned": 3850116,
                                                                                    "operator_timing": 0.11816407199999977,
                                                                                    "result_set_size": 17418344,
                                                                                    "children": []
                                                                                }
                                                                            ]
                                                                        }
                                                                    ]
                                                                }
                                                            ]
                                                        }
                                                    ]
                                                },
                                                {
                                                    "operator_name": "HASH_JOIN",
                                                    "cpu_time": 0.974502955,
                                                    "extra_info": {
                                                        "Join Type": "INNER",
                                                        "Conditions": "owneruserid = id",
                                                        "Estimated Cardinality": "770023"
                                                    },
                                                    "cumulative_cardinality": 29596899,
                                                    "operator_type": "HASH_JOIN",
                                                    "operator_cardinality": 480,
                                                    "cumulative_rows_scanned": 25096741,
                                                    "operator_rows_scanned": 0,
                                                    "operator_timing": 0.001233474,
                                                    "result_set_size": 46080,
                                                    "children": [
                                                        {
                                                            "operator_name": "FILTER",
                                                            "cpu_time": 0.820872293,
                                                            "extra_info": {
                                                                "Expression": "((UpvoteCount - DownvoteCount) > 10)",
                                                                "Estimated Cardinality": "3850116"
                                                            },
                                                            "cumulative_cardinality": 25769429,
                                                            "operator_type": "FILTER",
                                                            "operator_cardinality": 857,
                                                            "cumulative_rows_scanned": 23836031,
                                                            "operator_rows_scanned": 0,
                                                            "operator_timing": 0.00009914500000000001,
                                                            "result_set_size": 61704,
                                                            "children": [
                                                                {
                                                                    "operator_name": "PROJECTION",
                                                                    "cpu_time": 0.820773148,
                                                                    "extra_info": {
                                                                        "Projections": [
                                                                            "PostId",
                                                                            "title",
                                                                            "creationdate",
                                                                            "owneruserid",
                                                                            "CommentCount",
                                                                            "UpvoteCount",
                                                                            "DownvoteCount"
                                                                        ],
                                                                        "Estimated Cardinality": "3850116"
                                                                    },
                                                                    "cumulative_cardinality": 25768572,
                                                                    "operator_type": "PROJECTION",
                                                                    "operator_cardinality": 9927,
                                                                    "cumulative_rows_scanned": 23836031,
                                                                    "operator_rows_scanned": 0,
                                                                    "operator_timing": 0.000206586,
                                                                    "result_set_size": 714744,
                                                                    "children": [
                                                                        {
                                                                            "operator_name": "HASH_GROUP_BY",
                                                                            "cpu_time": 0.820566562,
                                                                            "extra_info": {
                                                                                "Groups": [
                                                                                    "#0",
                                                                                    "#1",
                                                                                    "#2",
                                                                                    "#3"
                                                                                ],
                                                                                "Aggregates": [
                                                                                    "count(#4)",
                                                                                    "sum(#5)",
                                                                                    "sum(#6)"
                                                                                ],
                                                                                "Estimated Cardinality": "3850116"
                                                                            },
                                                                            "cumulative_cardinality": 25758645,
                                                                            "operator_type": "HASH_GROUP_BY",
                                                                            "operator_cardinality": 9927,
                                                                            "cumulative_rows_scanned": 23836031,
                                                                            "operator_rows_scanned": 0,
                                                                            "operator_timing": 0.005042382999999999,
                                                                            "result_set_size": 714744,
                                                                            "children": [
                                                                                {
                                                                                    "operator_name": "PROJECTION",
                                                                                    "cpu_time": 0.815524179,
                                                                                    "extra_info": {
                                                                                        "Projections": [
                                                                                            "id",
                                                                                            "title",
                                                                                            "creationdate",
                                                                                            "owneruserid",
                                                                                            "id",
                                                                                            "CASE  WHEN ((votetypeid = 2)) THEN (1) ELSE 0 END",
                                                                                            "CASE  WHEN ((votetypeid = 3)) THEN (1) ELSE 0 END"
                                                                                        ],
                                                                                        "Estimated Cardinality": "12744093"
                                                                                    },
                                                                                    "cumulative_cardinality": 25748718,
                                                                                    "operator_type": "PROJECTION",
                                                                                    "operator_cardinality": 69092,
                                                                                    "cumulative_rows_scanned": 23836031,
                                                                                    "operator_rows_scanned": 0,
                                                                                    "operator_timing": 0.0003651499999999999,
                                                                                    "result_set_size": 3040048,
                                                                                    "children": [
                                                                                        {
                                                                                            "operator_name": "PROJECTION",
                                                                                            "cpu_time": 0.8151590289999999,
                                                                                            "extra_info": {
                                                                                                "Projections": [
                                                                                                    "#0",
                                                                                                    "#1",
                                                                                                    "#2",
                                                                                                    "#3",
                                                                                                    "#4",
                                                                                                    "__internal_decompress_integral_smallint(#5, 1)"
                                                                                                ],
                                                                                                "Estimated Cardinality": "12744093"
                                                                                            },
                                                                                            "cumulative_cardinality": 25679626,
                                                                                            "operator_type": "PROJECTION",
                                                                                            "operator_cardinality": 69092,
                                                                                            "cumulative_rows_scanned": 23836031,
                                                                                            "operator_rows_scanned": 0,
                                                                                            "operator_timing": 0.000051704000000000005,
                                                                                            "result_set_size": 2625496,
                                                                                            "children": [
                                                                                                {
                                                                                                    "operator_name": "HASH_JOIN",
                                                                                                    "cpu_time": 0.8151073249999999,
                                                                                                    "extra_info": {
                                                                                                        "Join Type": "LEFT",
                                                                                                        "Conditions": "id = postid",
                                                                                                        "Estimated Cardinality": "12744093"
                                                                                                    },
                                                                                                    "cumulative_cardinality": 25610534,
                                                                                                    "operator_type": "HASH_JOIN",
                                                                                                    "operator_cardinality": 69092,
                                                                                                    "cumulative_rows_scanned": 23836031,
                                                                                                    "operator_rows_scanned": 0,
                                                                                                    "operator_timing": 0.6034570929999999,
                                                                                                    "result_set_size": 2556404,
                                                                                                    "children": [
                                                                                                        {
                                                                                                            "operator_name": "HASH_JOIN",
                                                                                                            "cpu_time": 0.075472834,
                                                                                                            "extra_info": {
                                                                                                                "Join Type": "RIGHT",
                                                                                                                "Conditions": "postid = id",
                                                                                                                "Estimated Cardinality": "7241822"
                                                                                                            },
                                                                                                            "cumulative_cardinality": 53256,
                                                                                                            "operator_type": "HASH_JOIN",
                                                                                                            "operator_cardinality": 23844,
                                                                                                            "cumulative_rows_scanned": 11091938,
                                                                                                            "operator_rows_scanned": 0,
                                                                                                            "operator_timing": 0.00234312,
                                                                                                            "result_set_size": 858384,
                                                                                                            "children": [
                                                                                                                {
                                                                                                                    "operator_name": "READ_PARQUET ",
                                                                                                                    "cpu_time": 0.013279800000000001,
                                                                                                                    "extra_info": {
                                                                                                                        "Function": "READ_PARQUET",
                                                                                                                        "Projections": [
                                                                                                                            "id",
                                                                                                                            "postid"
                                                                                                                        ],
                                                                                                                        "Estimated Cardinality": "7241822"
                                                                                                                    },
                                                                                                                    "cumulative_cardinality": 19485,
                                                                                                                    "operator_type": "TABLE_SCAN",
                                                                                                                    "operator_cardinality": 19485,
                                                                                                                    "cumulative_rows_scanned": 7241822,
                                                                                                                    "operator_rows_scanned": 7241822,
                                                                                                                    "operator_timing": 0.013279800000000001,
                                                                                                                    "result_set_size": 155880,
                                                                                                                    "children": []
                                                                                                                },
                                                                                                                {
                                                                                                                    "operator_name": "READ_PARQUET ",
                                                                                                                    "cpu_time": 0.059849914000000004,
                                                                                                                    "extra_info": {
                                                                                                                        "Function": "READ_PARQUET",
                                                                                                                        "Projections": [
                                                                                                                            "id",
                                                                                                                            "creationdate",
                                                                                                                            "owneruserid",
                                                                                                                            "title"
                                                                                                                        ],
                                                                                                                        "Filters": "creationdate>='2024-09-01 12:34:56'::TIMESTAMP",
                                                                                                                        "Estimated Cardinality": "770023"
                                                                                                                    },
                                                                                                                    "cumulative_cardinality": 9927,
                                                                                                                    "operator_type": "TABLE_SCAN",
                                                                                                                    "operator_cardinality": 9927,
                                                                                                                    "cumulative_rows_scanned": 3850116,
                                                                                                                    "operator_rows_scanned": 3850116,
                                                                                                                    "operator_timing": 0.059849914000000004,
                                                                                                                    "result_set_size": 317664,
                                                                                                                    "children": []
                                                                                                                }
                                                                                                            ]
                                                                                                        },
                                                                                                        {
                                                                                                            "operator_name": "PROJECTION",
                                                                                                            "cpu_time": 0.13617739799999992,
                                                                                                            "extra_info": {
                                                                                                                "Projections": [
                                                                                                                    "#0",
                                                                                                                    "__internal_compress_integral_utinyint(#1, 1)"
                                                                                                                ],
                                                                                                                "Estimated Cardinality": "12744093"
                                                                                                            },
                                                                                                            "cumulative_cardinality": 25488186,
                                                                                                            "operator_type": "PROJECTION",
                                                                                                            "operator_cardinality": 12744093,
                                                                                                            "cumulative_rows_scanned": 12744093,
                                                                                                            "operator_rows_scanned": 0,
                                                                                                            "operator_timing": 0.0036032770000000046,
                                                                                                            "result_set_size": 63720465,
                                                                                                            "children": [
                                                                                                                {
                                                                                                                    "operator_name": "READ_PARQUET ",
                                                                                                                    "cpu_time": 0.1325741209999999,
                                                                                                                    "extra_info": {
                                                                                                                        "Function": "READ_PARQUET",
                                                                                                                        "Projections": [
                                                                                                                            "postid",
                                                                                                                            "votetypeid"
                                                                                                                        ],
                                                                                                                        "Estimated Cardinality": "12744093"
                                                                                                                    },
                                                                                                                    "cumulative_cardinality": 12744093,
                                                                                                                    "operator_type": "TABLE_SCAN",
                                                                                                                    "operator_cardinality": 12744093,
                                                                                                                    "cumulative_rows_scanned": 12744093,
                                                                                                                    "operator_rows_scanned": 12744093,
                                                                                                                    "operator_timing": 0.1325741209999999,
                                                                                                                    "result_set_size": 76464558,
                                                                                                                    "children": []
                                                                                                                }
                                                                                                            ]
                                                                                                        }
                                                                                                    ]
                                                                                                }
                                                                                            ]
                                                                                        }
                                                                                    ]
                                                                                }
                                                                            ]
                                                                        }
                                                                    ]
                                                                }
                                                            ]
                                                        },
                                                        {
                                                            "operator_name": "PROJECTION",
                                                            "cpu_time": 0.15239718799999996,
                                                            "extra_info": {
                                                                "Projections": [
                                                                    "id",
                                                                    "displayname",
                                                                    "reputation"
                                                                ],
                                                                "Estimated Cardinality": "252142"
                                                            },
                                                            "cumulative_cardinality": 3826990,
                                                            "operator_type": "PROJECTION",
                                                            "operator_cardinality": 11215,
                                                            "cumulative_rows_scanned": 1260710,
                                                            "operator_rows_scanned": 0,
                                                            "operator_timing": 0.000002534,
                                                            "result_set_size": 269160,
                                                            "children": [
                                                                {
                                                                    "operator_name": "FILTER",
                                                                    "cpu_time": 0.15239465399999996,
                                                                    "extra_info": {
                                                                        "Expression": "(id <= 1416539)",
                                                                        "Estimated Cardinality": "252142"
                                                                    },
                                                                    "cumulative_cardinality": 3815775,
                                                                    "operator_type": "FILTER",
                                                                    "operator_cardinality": 11215,
                                                                    "cumulative_rows_scanned": 1260710,
                                                                    "operator_rows_scanned": 0,
                                                                    "operator_timing": 0.000020106,
                                                                    "result_set_size": 269160,
                                                                    "children": [
                                                                        {
                                                                            "operator_name": "PROJECTION",
                                                                            "cpu_time": 0.15237454799999997,
                                                                            "extra_info": {
                                                                                "Projections": [
                                                                                    "#0",
                                                                                    "#1",
                                                                                    "#2"
                                                                                ],
                                                                                "Estimated Cardinality": "252142"
                                                                            },
                                                                            "cumulative_cardinality": 3804560,
                                                                            "operator_type": "PROJECTION",
                                                                            "operator_cardinality": 11215,
                                                                            "cumulative_rows_scanned": 1260710,
                                                                            "operator_rows_scanned": 0,
                                                                            "operator_timing": 0.000002724,
                                                                            "result_set_size": 269160,
                                                                            "children": [
                                                                                {
                                                                                    "operator_name": "FILTER",
                                                                                    "cpu_time": 0.15237182399999996,
                                                                                    "extra_info": {
                                                                                        "Expression": "(reputation > 1000)",
                                                                                        "Estimated Cardinality": "252142"
                                                                                    },
                                                                                    "cumulative_cardinality": 3793345,
                                                                                    "operator_type": "FILTER",
                                                                                    "operator_cardinality": 11215,
                                                                                    "cumulative_rows_scanned": 1260710,
                                                                                    "operator_rows_scanned": 0,
                                                                                    "operator_timing": 0.0016142070000000018,
                                                                                    "result_set_size": 358880,
                                                                                    "children": [
                                                                                        {
                                                                                            "operator_name": "PROJECTION",
                                                                                            "cpu_time": 0.15075761699999995,
                                                                                            "extra_info": {
                                                                                                "Projections": [
                                                                                                    "#0",
                                                                                                    "#1",
                                                                                                    "#2",
                                                                                                    "#3"
                                                                                                ],
                                                                                                "Estimated Cardinality": "1260710"
                                                                                            },
                                                                                            "cumulative_cardinality": 3782130,
                                                                                            "operator_type": "PROJECTION",
                                                                                            "operator_cardinality": 1260710,
                                                                                            "cumulative_rows_scanned": 1260710,
                                                                                            "operator_rows_scanned": 0,
                                                                                            "operator_timing": 0.00011471299999999971,
                                                                                            "result_set_size": 40342720,
                                                                                            "children": [
                                                                                                {
                                                                                                    "operator_name": "WINDOW",
                                                                                                    "cpu_time": 0.15064290399999997,
                                                                                                    "extra_info": {
                                                                                                        "Projections": "ROW_NUMBER() OVER (ORDER BY reputation DESC NULLS LAST)"
                                                                                                    },
                                                                                                    "cumulative_cardinality": 2521420,
                                                                                                    "operator_type": "WINDOW",
                                                                                                    "operator_cardinality": 1260710,
                                                                                                    "cumulative_rows_scanned": 1260710,
                                                                                                    "operator_rows_scanned": 0,
                                                                                                    "operator_timing": 0.06537011099999998,
                                                                                                    "result_set_size": 40342720,
                                                                                                    "children": [
                                                                                                        {
                                                                                                            "operator_name": "READ_PARQUET ",
                                                                                                            "cpu_time": 0.08527279299999999,
                                                                                                            "extra_info": {
                                                                                                                "Function": "READ_PARQUET",
                                                                                                                "Projections": [
                                                                                                                    "id",
                                                                                                                    "reputation",
                                                                                                                    "displayname"
                                                                                                                ],
                                                                                                                "Estimated Cardinality": "1260710"
                                                                                                            },
                                                                                                            "cumulative_cardinality": 1260710,
                                                                                                            "operator_type": "TABLE_SCAN",
                                                                                                            "operator_cardinality": 1260710,
                                                                                                            "cumulative_rows_scanned": 1260710,
                                                                                                            "operator_rows_scanned": 1260710,
                                                                                                            "operator_timing": 0.08527279299999999,
                                                                                                            "result_set_size": 30257040,
                                                                                                            "children": []
                                                                                                        }
                                                                                                    ]
                                                                                                }
                                                                                            ]
                                                                                        }
                                                                                    ]
                                                                                }
                                                                            ]
                                                                        }
                                                                    ]
                                                                }
                                                            ]
                                                        }
                                                    ]
                                                }
                                            ]
                                        },
                                        {
                                            "operator_name": "HASH_GROUP_BY",
                                            "cpu_time": 0.08243380099999997,
                                            "extra_info": {
                                                "Groups": "#0",
                                                "Aggregates": [
                                                    "count(DISTINCT #1)",
                                                    "sum(#2)"
                                                ],
                                                "Estimated Cardinality": "206495"
                                            },
                                            "cumulative_cardinality": 1509033,
                                            "operator_type": "HASH_GROUP_BY",
                                            "operator_cardinality": 270058,
                                            "cumulative_rows_scanned": 412993,
                                            "operator_rows_scanned": 0,
                                            "operator_timing": 0.06675077899999997,
                                            "result_set_size": 7561624,
                                            "children": [
                                                {
                                                    "operator_name": "PROJECTION",
                                                    "cpu_time": 0.015683022000000005,
                                                    "extra_info": {
                                                        "Projections": [
                                                            "postid",
                                                            "relatedpostid",
                                                            "CASE  WHEN ((name = 'Duplicate')) THEN (1) ELSE 0 END"
                                                        ],
                                                        "Estimated Cardinality": "412991"
                                                    },
                                                    "cumulative_cardinality": 1238975,
                                                    "operator_type": "PROJECTION",
                                                    "operator_cardinality": 412991,
                                                    "cumulative_rows_scanned": 412993,
                                                    "operator_rows_scanned": 0,
                                                    "operator_timing": 0.001737451,
                                                    "result_set_size": 4955892,
                                                    "children": [
                                                        {
                                                            "operator_name": "HASH_JOIN",
                                                            "cpu_time": 0.013945571000000006,
                                                            "extra_info": {
                                                                "Join Type": "INNER",
                                                                "Conditions": "linktypeid = id",
                                                                "Estimated Cardinality": "412991"
                                                            },
                                                            "cumulative_cardinality": 825984,
                                                            "operator_type": "HASH_JOIN",
                                                            "operator_cardinality": 412991,
                                                            "cumulative_rows_scanned": 412993,
                                                            "operator_rows_scanned": 0,
                                                            "operator_timing": 0.0017156230000000005,
                                                            "result_set_size": 9911784,
                                                            "children": [
                                                                {
                                                                    "operator_name": "READ_PARQUET ",
                                                                    "cpu_time": 0.011941098000000004,
                                                                    "extra_info": {
                                                                        "Function": "READ_PARQUET",
                                                                        "Projections": [
                                                                            "postid",
                                                                            "relatedpostid",
                                                                            "linktypeid"
                                                                        ],
                                                                        "Estimated Cardinality": "412991"
                                                                    },
                                                                    "cumulative_cardinality": 412991,
                                                                    "operator_type": "TABLE_SCAN",
                                                                    "operator_cardinality": 412991,
                                                                    "cumulative_rows_scanned": 412991,
                                                                    "operator_rows_scanned": 412991,
                                                                    "operator_timing": 0.011941098000000004,
                                                                    "result_set_size": 4129910,
                                                                    "children": []
                                                                },
                                                                {
                                                                    "operator_name": "READ_PARQUET ",
                                                                    "cpu_time": 0.00028885,
                                                                    "extra_info": {
                                                                        "Function": "READ_PARQUET",
                                                                        "Projections": [
                                                                            "id",
                                                                            "name"
                                                                        ],
                                                                        "Estimated Cardinality": "2"
                                                                    },
                                                                    "cumulative_cardinality": 2,
                                                                    "operator_type": "TABLE_SCAN",
                                                                    "operator_cardinality": 2,
                                                                    "cumulative_rows_scanned": 2,
                                                                    "operator_rows_scanned": 2,
                                                                    "operator_timing": 0.00028885,
                                                                    "result_set_size": 36,
                                                                    "children": []
                                                                }
                                                            ]
                                                        }
                                                    ]
                                                }
                                            ]
                                        }
                                    ]
                                }
                            ]
                        }
                    ]
                }
            ]
        }
    ]
}