{
    "rows_returned": 10,
    "query_name": "\nWITH RankedPosts AS (\n    SELECT \n        p.Id,\n        p.Title,\n        p.CreationDate,\n        p.OwnerUserId,\n        COUNT(DISTINCT c.Id) AS CommentCount,\n        SUM(CASE WHEN v.VoteTypeId = 2 THEN 1 ELSE 0 END) AS UpVotes,\n        SUM(CASE WHEN v.VoteTypeId = 3 THEN 1 ELSE 0 END) AS DownVotes,\n        ROW_NUMBER() OVER (PARTITION BY p.OwnerUserId ORDER BY p.CreationDate DESC) AS PostRank\n    FROM Posts p\n    LEFT JOIN Comments c ON p.Id = c.PostId\n    LEFT JOIN Votes v ON p.Id = v.PostId\n    WHERE p.PostTypeId = 1\n    GROUP BY p.Id, p.Title, p.CreationDate, p.OwnerUserId\n),\nUserReputation AS (\n    SELECT \n        u.Id AS UserId,\n        u.Reputation,\n        COALESCE(SUM(CASE WHEN up.VoteTypeId = 2 THEN 1 ELSE 0 END), 0) AS TotalUpVotes,\n        COALESCE(SUM(CASE WHEN down.VoteTypeId = 3 THEN 1 ELSE 0 END), 0) AS TotalDownVotes\n    FROM Users u\n    LEFT JOIN Votes up ON u.Id = up.UserId AND up.VoteTypeId = 2\n    LEFT JOIN Votes down ON u.Id = down.UserId AND down.VoteTypeId = 3\n    GROUP BY u.Id, u.Reputation\n),\nInterestingPosts AS (\n    SELECT \n        rp.Id AS PostId,\n        rp.Title,\n        rp.CreationDate,\n        rp.CommentCount,\n        ur.Reputation,\n        (ur.TotalUpVotes - ur.TotalDownVotes) AS VoteBalance\n    FROM RankedPosts rp\n    JOIN UserReputation ur ON rp.OwnerUserId = ur.UserId\n    WHERE rp.CommentCount > 5 AND ur.Reputation > 100\n)\nSELECT \n    ip.PostId,\n    ip.Title,\n    ip.CreationDate,\n    ip.CommentCount,\n    ip.Reputation,\n    ip.VoteBalance,\n    CASE \n        WHEN ip.VoteBalance > 0 THEN 'Popular'\n        WHEN ip.VoteBalance < 0 THEN 'Unpopular'\n        ELSE 'Neutral'\n    END AS PopularityStatus\nFROM InterestingPosts ip\nWHERE ip.VoteBalance IS NOT NULL\nORDER BY ip.VoteBalance DESC, ip.CommentCount DESC\nLIMIT 10;\n",
    "blocked_thread_time": 0.0,
    "cpu_time": 4.609684786000003,
    "extra_info": {},
    "cumulative_cardinality": 70651631,
    "cumulative_rows_scanned": 50584927,
    "result_set_size": 720,
    "latency": 5.758074581,
    "children": [
        {
            "operator_name": "STREAMING_LIMIT",
            "cpu_time": 4.609684786000003,
            "extra_info": {},
            "cumulative_cardinality": 70651631,
            "operator_type": "STREAMING_LIMIT",
            "operator_cardinality": 10,
            "cumulative_rows_scanned": 50584927,
            "operator_rows_scanned": 0,
            "operator_timing": 0.000001562,
            "result_set_size": 720,
            "children": [
                {
                    "operator_name": "PROJECTION",
                    "cpu_time": 4.609683224000004,
                    "extra_info": {
                        "Projections": [
                            "#0",
                            "#1",
                            "#2",
                            "#3",
                            "#4",
                            "#5",
                            "__internal_decompress_string(#6)"
                        ],
                        "Estimated Cardinality": "770023"
                    },
                    "cumulative_cardinality": 70651621,
                    "operator_type": "PROJECTION",
                    "operator_cardinality": 4096,
                    "cumulative_rows_scanned": 50584927,
                    "operator_rows_scanned": 0,
                    "operator_timing": 0.00004252,
                    "result_set_size": 294912,
                    "children": [
                        {
                            "operator_name": "ORDER_BY",
                            "cpu_time": 4.609640704000004,
                            "extra_info": {
                                "Order By": [
                                    "ip.VoteBalance DESC",
                                    "ip.CommentCount DESC"
                                ]
                            },
                            "cumulative_cardinality": 70647525,
                            "operator_type": "ORDER_BY",
                            "operator_cardinality": 4096,
                            "cumulative_rows_scanned": 50584927,
                            "operator_rows_scanned": 0,
                            "operator_timing": 0.013229451000000003,
                            "result_set_size": 294912,
                            "children": [
                                {
                                    "operator_name": "PROJECTION",
                                    "cpu_time": 4.596411253000004,
                                    "extra_info": {
                                        "Projections": [
                                            "#0",
                                            "#1",
                                            "#2",
                                            "#3",
                                            "#4",
                                            "#5",
                                            "__internal_compress_string_hugeint(#6)"
                                        ],
                                        "Estimated Cardinality": "770023"
                                    },
                                    "cumulative_cardinality": 70643429,
                                    "operator_type": "PROJECTION",
                                    "operator_cardinality": 158386,
                                    "cumulative_rows_scanned": 50584927,
                                    "operator_rows_scanned": 0,
                                    "operator_timing": 0.000067723,
                                    "result_set_size": 11403792,
                                    "children": [
                                        {
                                            "operator_name": "PROJECTION",
                                            "cpu_time": 4.596343530000004,
                                            "extra_info": {
                                                "Projections": [
                                                    "PostId",
                                                    "title",
                                                    "creationdate",
                                                    "CommentCount",
                                                    "reputation",
                                                    "VoteBalance",
                                                    "PopularityStatus"
                                                ],
                                                "Estimated Cardinality": "770023"
                                            },
                                            "cumulative_cardinality": 70485043,
                                            "operator_type": "PROJECTION",
                                            "operator_cardinality": 158386,
                                            "cumulative_rows_scanned": 50584927,
                                            "operator_rows_scanned": 0,
                                            "operator_timing": 0.0006291910000000001,
                                            "result_set_size": 11403792,
                                            "children": [
                                                {
                                                    "operator_name": "PROJECTION",
                                                    "cpu_time": 4.595714339000004,
                                                    "extra_info": {
                                                        "Projections": [
                                                            "PostId",
                                                            "title",
                                                            "creationdate",
                                                            "CommentCount",
                                                            "reputation",
                                                            "VoteBalance"
                                                        ],
                                                        "Estimated Cardinality": "770023"
                                                    },
                                                    "cumulative_cardinality": 70326657,
                                                    "operator_type": "PROJECTION",
                                                    "operator_cardinality": 158386,
                                                    "cumulative_rows_scanned": 50584927,
                                                    "operator_rows_scanned": 0,
                                                    "operator_timing": 0.0009636630000000002,
                                                    "result_set_size": 8869616,
                                                    "children": [
                                                        {
                                                            "operator_name": "HASH_JOIN",
                                                            "cpu_time": 4.594750676000004,
                                                            "extra_info": {
                                                                "Join Type": "INNER",
                                                                "Conditions": "UserId = owneruserid",
                                                                "Estimated Cardinality": "770023"
                                                            },
                                                            "cumulative_cardinality": 70168271,
                                                            "operator_type": "HASH_JOIN",
                                                            "operator_cardinality": 158386,
                                                            "cumulative_rows_scanned": 50584927,
                                                            "operator_rows_scanned": 0,
                                                            "operator_timing": 0.032636713000000026,
                                                            "result_set_size": 11403792,
                                                            "children": [
                                                                {
                                                                    "operator_name": "FILTER",
                                                                    "cpu_time": 0.3580249429999998,
                                                                    "extra_info": {
                                                                        "Expression": "((TotalUpVotes - TotalDownVotes) IS NOT NULL)",
                                                                        "Estimated Cardinality": "1260710"
                                                                    },
                                                                    "cumulative_cardinality": 4437293,
                                                                    "operator_type": "FILTER",
                                                                    "operator_cardinality": 194389,
                                                                    "cumulative_rows_scanned": 26748896,
                                                                    "operator_rows_scanned": 0,
                                                                    "operator_timing": 0.0013472870000000004,
                                                                    "result_set_size": 7775560,
                                                                    "children": [
                                                                        {
                                                                            "operator_name": "PROJECTION",
                                                                            "cpu_time": 0.35667765599999984,
                                                                            "extra_info": {
                                                                                "Projections": [
                                                                                    "UserId",
                                                                                    "reputation",
                                                                                    "TotalUpVotes",
                                                                                    "TotalDownVotes"
                                                                                ],
                                                                                "Estimated Cardinality": "1260710"
                                                                            },
                                                                            "cumulative_cardinality": 4242904,
                                                                            "operator_type": "PROJECTION",
                                                                            "operator_cardinality": 194389,
                                                                            "cumulative_rows_scanned": 26748896,
                                                                            "operator_rows_scanned": 0,
                                                                            "operator_timing": 0.0027794230000000014,
                                                                            "result_set_size": 7775560,
                                                                            "children": [
                                                                                {
                                                                                    "operator_name": "HASH_GROUP_BY",
                                                                                    "cpu_time": 0.35389823299999984,
                                                                                    "extra_info": {
                                                                                        "Groups": [
                                                                                            "#0",
                                                                                            "#1"
                                                                                        ],
                                                                                        "Aggregates": [
                                                                                            "sum(#2)",
                                                                                            "sum(#3)"
                                                                                        ],
                                                                                        "Estimated Cardinality": "1260710"
                                                                                    },
                                                                                    "cumulative_cardinality": 4048515,
                                                                                    "operator_type": "HASH_GROUP_BY",
                                                                                    "operator_cardinality": 194389,
                                                                                    "cumulative_rows_scanned": 26748896,
                                                                                    "operator_rows_scanned": 0,
                                                                                    "operator_timing": 0.016776811000000003,
                                                                                    "result_set_size": 7775560,
                                                                                    "children": [
                                                                                        {
                                                                                            "operator_name": "PROJECTION",
                                                                                            "cpu_time": 0.33712142199999984,
                                                                                            "extra_info": {
                                                                                                "Projections": [
                                                                                                    "id",
                                                                                                    "reputation",
                                                                                                    "CASE  WHEN ((votetypeid = 2)) THEN (1) ELSE 0 END",
                                                                                                    "CASE  WHEN ((votetypeid = 3)) THEN (1) ELSE 0 END"
                                                                                                ],
                                                                                                "Estimated Cardinality": "2548818"
                                                                                            },
                                                                                            "cumulative_cardinality": 3854126,
                                                                                            "operator_type": "PROJECTION",
                                                                                            "operator_cardinality": 194389,
                                                                                            "cumulative_rows_scanned": 26748896,
                                                                                            "operator_rows_scanned": 0,
                                                                                            "operator_timing": 0.00032564199999999996,
                                                                                            "result_set_size": 3110224,
                                                                                            "children": [
                                                                                                {
                                                                                                    "operator_name": "PROJECTION",
                                                                                                    "cpu_time": 0.3367957799999998,
                                                                                                    "extra_info": {
                                                                                                        "Projections": [
                                                                                                            "#0",
                                                                                                            "#1",
                                                                                                            "#2",
                                                                                                            "__internal_decompress_integral_smallint(#3, 3)"
                                                                                                        ],
                                                                                                        "Estimated Cardinality": "2548818"
                                                                                                    },
                                                                                                    "cumulative_cardinality": 3659737,
                                                                                                    "operator_type": "PROJECTION",
                                                                                                    "operator_cardinality": 194389,
                                                                                                    "cumulative_rows_scanned": 26748896,
                                                                                                    "operator_rows_scanned": 0,
                                                                                                    "operator_timing": 0.00005254700000000002,
                                                                                                    "result_set_size": 2332668,
                                                                                                    "children": [
                                                                                                        {
                                                                                                            "operator_name": "FILTER",
                                                                                                            "cpu_time": 0.3367432329999998,
                                                                                                            "extra_info": {
                                                                                                                "Expression": "(#1 <= 1416539)",
                                                                                                                "Estimated Cardinality": "2548818"
                                                                                                            },
                                                                                                            "cumulative_cardinality": 3465348,
                                                                                                            "operator_type": "FILTER",
                                                                                                            "operator_cardinality": 194389,
                                                                                                            "cumulative_rows_scanned": 26748896,
                                                                                                            "operator_rows_scanned": 0,
                                                                                                            "operator_timing": 0.00023476900000000004,
                                                                                                            "result_set_size": 2138279,
                                                                                                            "children": [
                                                                                                                {
                                                                                                                    "operator_name": "HASH_JOIN",
                                                                                                                    "cpu_time": 0.3365084639999998,
                                                                                                                    "extra_info": {
                                                                                                                        "Join Type": "LEFT",
                                                                                                                        "Conditions": "id = userid",
                                                                                                                        "Estimated Cardinality": "2548818"
                                                                                                                    },
                                                                                                                    "cumulative_cardinality": 3270959,
                                                                                                                    "operator_type": "HASH_JOIN",
                                                                                                                    "operator_cardinality": 194389,
                                                                                                                    "cumulative_rows_scanned": 26748896,
                                                                                                                    "operator_rows_scanned": 0,
                                                                                                                    "operator_timing": 0.01765593499999976,
                                                                                                                    "result_set_size": 2138279,
                                                                                                                    "children": [
                                                                                                                        {
                                                                                                                            "operator_name": "HASH_JOIN",
                                                                                                                            "cpu_time": 0.17647020800000002,
                                                                                                                            "extra_info": {
                                                                                                                                "Join Type": "RIGHT",
                                                                                                                                "Conditions": "userid = id",
                                                                                                                                "Estimated Cardinality": "2548818"
                                                                                                                            },
                                                                                                                            "cumulative_cardinality": 388778,
                                                                                                                            "operator_type": "HASH_JOIN",
                                                                                                                            "operator_cardinality": 194389,
                                                                                                                            "cumulative_rows_scanned": 14004803,
                                                                                                                            "operator_rows_scanned": 0,
                                                                                                                            "operator_timing": 0.010690468000000005,
                                                                                                                            "result_set_size": 1943890,
                                                                                                                            "children": [
                                                                                                                                {
                                                                                                                                    "operator_name": "READ_PARQUET ",
                                                                                                                                    "cpu_time": 0.143281323,
                                                                                                                                    "extra_info": {
                                                                                                                                        "Function": "READ_PARQUET",
                                                                                                                                        "Projections": [
                                                                                                                                            "votetypeid",
                                                                                                                                            "userid"
                                                                                                                                        ],
                                                                                                                                        "Filters": "votetypeid=2",
                                                                                                                                        "Estimated Cardinality": "2548818"
                                                                                                                                    },
                                                                                                                                    "cumulative_cardinality": 0,
                                                                                                                                    "operator_type": "TABLE_SCAN",
                                                                                                                                    "operator_cardinality": 0,
                                                                                                                                    "cumulative_rows_scanned": 12744093,
                                                                                                                                    "operator_rows_scanned": 12744093,
                                                                                                                                    "operator_timing": 0.143281323,
                                                                                                                                    "result_set_size": 0,
                                                                                                                                    "children": []
                                                                                                                                },
                                                                                                                                {
                                                                                                                                    "operator_name": "READ_PARQUET ",
                                                                                                                                    "cpu_time": 0.02249841700000001,
                                                                                                                                    "extra_info": {
                                                                                                                                        "Function": "READ_PARQUET",
                                                                                                                                        "Projections": [
                                                                                                                                            "id",
                                                                                                                                            "reputation"
                                                                                                                                        ],
                                                                                                                                        "Filters": "reputation>100",
                                                                                                                                        "Estimated Cardinality": "252142"
                                                                                                                                    },
                                                                                                                                    "cumulative_cardinality": 194389,
                                                                                                                                    "operator_type": "TABLE_SCAN",
                                                                                                                                    "operator_cardinality": 194389,
                                                                                                                                    "cumulative_rows_scanned": 1260710,
                                                                                                                                    "operator_rows_scanned": 1260710,
                                                                                                                                    "operator_timing": 0.02249841700000001,
                                                                                                                                    "result_set_size": 1555112,
                                                                                                                                    "children": []
                                                                                                                                }
                                                                                                                            ]
                                                                                                                        },
                                                                                                                        {
                                                                                                                            "operator_name": "PROJECTION",
                                                                                                                            "cpu_time": 0.14238232099999998,
                                                                                                                            "extra_info": {
                                                                                                                                "Projections": [
                                                                                                                                    "__internal_compress_integral_utinyint(#0, 3)",
                                                                                                                                    "#1"
                                                                                                                                ],
                                                                                                                                "Estimated Cardinality": "2548818"
                                                                                                                            },
                                                                                                                            "cumulative_cardinality": 2687792,
                                                                                                                            "operator_type": "PROJECTION",
                                                                                                                            "operator_cardinality": 1343896,
                                                                                                                            "cumulative_rows_scanned": 12744093,
                                                                                                                            "operator_rows_scanned": 0,
                                                                                                                            "operator_timing": 0.0026855940000000363,
                                                                                                                            "result_set_size": 6719480,
                                                                                                                            "children": [
                                                                                                                                {
                                                                                                                                    "operator_name": "READ_PARQUET ",
                                                                                                                                    "cpu_time": 0.13969672699999994,
                                                                                                                                    "extra_info": {
                                                                                                                                        "Function": "READ_PARQUET",
                                                                                                                                        "Projections": [
                                                                                                                                            "votetypeid",
                                                                                                                                            "userid"
                                                                                                                                        ],
                                                                                                                                        "Filters": "votetypeid=3",
                                                                                                                                        "Estimated Cardinality": "2548818"
                                                                                                                                    },
                                                                                                                                    "cumulative_cardinality": 1343896,
                                                                                                                                    "operator_type": "TABLE_SCAN",
                                                                                                                                    "operator_cardinality": 1343896,
                                                                                                                                    "cumulative_rows_scanned": 12744093,
                                                                                                                                    "operator_rows_scanned": 12744093,
                                                                                                                                    "operator_timing": 0.13969672699999994,
                                                                                                                                    "result_set_size": 8063376,
                                                                                                                                    "children": []
                                                                                                                                }
                                                                                                                            ]
                                                                                                                        }
                                                                                                                    ]
                                                                                                                }
                                                                                                            ]
                                                                                                        }
                                                                                                    ]
                                                                                                }
                                                                                            ]
                                                                                        }
                                                                                    ]
                                                                                }
                                                                            ]
                                                                        }
                                                                    ]
                                                                },
                                                                {
                                                                    "operator_name": "PROJECTION",
                                                                    "cpu_time": 4.204089020000004,
                                                                    "extra_info": {
                                                                        "Projections": [
                                                                            "#0",
                                                                            "#1",
                                                                            "#2",
                                                                            "#3",
                                                                            "#4"
                                                                        ],
                                                                        "Estimated Cardinality": "770023"
                                                                    },
                                                                    "cumulative_cardinality": 65572592,
                                                                    "operator_type": "PROJECTION",
                                                                    "operator_cardinality": 213909,
                                                                    "cumulative_rows_scanned": 23836031,
                                                                    "operator_rows_scanned": 0,
                                                                    "operator_timing": 0.00018189700000000006,
                                                                    "result_set_size": 8556360,
                                                                    "children": [
                                                                        {
                                                                            "operator_name": "FILTER",
                                                                            "cpu_time": 4.203907123000004,
                                                                            "extra_info": {
                                                                                "Expression": "(CommentCount > 5)",
                                                                                "Estimated Cardinality": "770023"
                                                                            },
                                                                            "cumulative_cardinality": 65358683,
                                                                            "operator_type": "FILTER",
                                                                            "operator_cardinality": 213909,
                                                                            "cumulative_rows_scanned": 23836031,
                                                                            "operator_rows_scanned": 0,
                                                                            "operator_timing": 0.002544603000000004,
                                                                            "result_set_size": 10267632,
                                                                            "children": [
                                                                                {
                                                                                    "operator_name": "PROJECTION",
                                                                                    "cpu_time": 4.201362520000004,
                                                                                    "extra_info": {
                                                                                        "Projections": [
                                                                                            "#0",
                                                                                            "#1",
                                                                                            "#2",
                                                                                            "#3",
                                                                                            "#4",
                                                                                            "#5"
                                                                                        ],
                                                                                        "Estimated Cardinality": "3850116"
                                                                                    },
                                                                                    "cumulative_cardinality": 65144774,
                                                                                    "operator_type": "PROJECTION",
                                                                                    "operator_cardinality": 1668164,
                                                                                    "cumulative_rows_scanned": 23836031,
                                                                                    "operator_rows_scanned": 0,
                                                                                    "operator_timing": 0.00023611300000000033,
                                                                                    "result_set_size": 80071872,
                                                                                    "children": [
                                                                                        {
                                                                                            "operator_name": "WINDOW",
                                                                                            "cpu_time": 4.201126407000005,
                                                                                            "extra_info": {
                                                                                                "Projections": "ROW_NUMBER() OVER (PARTITION BY owneruserid ORDER BY creationdate DESC NULLS LAST)"
                                                                                            },
                                                                                            "cumulative_cardinality": 63476610,
                                                                                            "operator_type": "WINDOW",
                                                                                            "operator_cardinality": 1668164,
                                                                                            "cumulative_rows_scanned": 23836031,
                                                                                            "operator_rows_scanned": 0,
                                                                                            "operator_timing": 0.4318128569999999,
                                                                                            "result_set_size": 80071872,
                                                                                            "children": [
                                                                                                {
                                                                                                    "operator_name": "HASH_GROUP_BY",
                                                                                                    "cpu_time": 3.769313550000005,
                                                                                                    "extra_info": {
                                                                                                        "Groups": [
                                                                                                            "#0",
                                                                                                            "#1",
                                                                                                            "#2",
                                                                                                            "#3"
                                                                                                        ],
                                                                                                        "Aggregates": "count(DISTINCT #4)",
                                                                                                        "Estimated Cardinality": "3850116"
                                                                                                    },
                                                                                                    "cumulative_cardinality": 61808446,
                                                                                                    "operator_type": "HASH_GROUP_BY",
                                                                                                    "operator_cardinality": 1668164,
                                                                                                    "cumulative_rows_scanned": 23836031,
                                                                                                    "operator_rows_scanned": 0,
                                                                                                    "operator_timing": 1.6835988440000045,
                                                                                                    "result_set_size": 66726560,
                                                                                                    "children": [
                                                                                                        {
                                                                                                            "operator_name": "PROJECTION",
                                                                                                            "cpu_time": 2.0857147060000005,
                                                                                                            "extra_info": {
                                                                                                                "Projections": [
                                                                                                                    "id",
                                                                                                                    "title",
                                                                                                                    "creationdate",
                                                                                                                    "owneruserid",
                                                                                                                    "id"
                                                                                                                ],
                                                                                                                "Estimated Cardinality": "12744093"
                                                                                                            },
                                                                                                            "cumulative_cardinality": 60140282,
                                                                                                            "operator_type": "PROJECTION",
                                                                                                            "operator_cardinality": 16904139,
                                                                                                            "cumulative_rows_scanned": 23836031,
                                                                                                            "operator_rows_scanned": 0,
                                                                                                            "operator_timing": 0.0037746300000000353,
                                                                                                            "result_set_size": 608549004,
                                                                                                            "children": [
                                                                                                                {
                                                                                                                    "operator_name": "HASH_JOIN",
                                                                                                                    "cpu_time": 2.0819400760000004,
                                                                                                                    "extra_info": {
                                                                                                                        "Join Type": "LEFT",
                                                                                                                        "Conditions": "id = postid",
                                                                                                                        "Estimated Cardinality": "12744093"
                                                                                                                    },
                                                                                                                    "cumulative_cardinality": 43236143,
                                                                                                                    "operator_type": "HASH_JOIN",
                                                                                                                    "operator_cardinality": 16904139,
                                                                                                                    "cumulative_rows_scanned": 23836031,
                                                                                                                    "operator_rows_scanned": 0,
                                                                                                                    "operator_timing": 0.8915741020000018,
                                                                                                                    "result_set_size": 676165560,
                                                                                                                    "children": [
                                                                                                                        {
                                                                                                                            "operator_name": "HASH_JOIN",
                                                                                                                            "cpu_time": 1.1152344679999986,
                                                                                                                            "extra_info": {
                                                                                                                                "Join Type": "RIGHT",
                                                                                                                                "Conditions": "postid = id",
                                                                                                                                "Estimated Cardinality": "7241822"
                                                                                                                            },
                                                                                                                            "cumulative_cardinality": 13587911,
                                                                                                                            "operator_type": "HASH_JOIN",
                                                                                                                            "operator_cardinality": 4677925,
                                                                                                                            "cumulative_rows_scanned": 11091938,
                                                                                                                            "operator_rows_scanned": 0,
                                                                                                                            "operator_timing": 0.4954186799999978,
                                                                                                                            "result_set_size": 168405300,
                                                                                                                            "children": [
                                                                                                                                {
                                                                                                                                    "operator_name": "READ_PARQUET ",
                                                                                                                                    "cpu_time": 0.15040240599999996,
                                                                                                                                    "extra_info": {
                                                                                                                                        "Function": "READ_PARQUET",
                                                                                                                                        "Projections": [
                                                                                                                                            "id",
                                                                                                                                            "postid"
                                                                                                                                        ],
                                                                                                                                        "Estimated Cardinality": "7241822"
                                                                                                                                    },
                                                                                                                                    "cumulative_cardinality": 7241822,
                                                                                                                                    "operator_type": "TABLE_SCAN",
                                                                                                                                    "operator_cardinality": 7241822,
                                                                                                                                    "cumulative_rows_scanned": 7241822,
                                                                                                                                    "operator_rows_scanned": 7241822,
                                                                                                                                    "operator_timing": 0.15040240599999996,
                                                                                                                                    "result_set_size": 57934576,
                                                                                                                                    "children": []
                                                                                                                                },
                                                                                                                                {
                                                                                                                                    "operator_name": "READ_PARQUET ",
                                                                                                                                    "cpu_time": 0.46941338200000077,
                                                                                                                                    "extra_info": {
                                                                                                                                        "Function": "READ_PARQUET",
                                                                                                                                        "Projections": [
                                                                                                                                            "id",
                                                                                                                                            "creationdate",
                                                                                                                                            "owneruserid",
                                                                                                                                            "title"
                                                                                                                                        ],
                                                                                                                                        "Filters": "posttypeid=1",
                                                                                                                                        "Estimated Cardinality": "770023"
                                                                                                                                    },
                                                                                                                                    "cumulative_cardinality": 1668164,
                                                                                                                                    "operator_type": "TABLE_SCAN",
                                                                                                                                    "operator_cardinality": 1668164,
                                                                                                                                    "cumulative_rows_scanned": 3850116,
                                                                                                                                    "operator_rows_scanned": 3850116,
                                                                                                                                    "operator_timing": 0.46941338200000077,
                                                                                                                                    "result_set_size": 53381248,
                                                                                                                                    "children": []
                                                                                                                                }
                                                                                                                            ]
                                                                                                                        },
                                                                                                                        {
                                                                                                                            "operator_name": "READ_PARQUET ",
                                                                                                                            "cpu_time": 0.07513150599999996,
                                                                                                                            "extra_info": {
                                                                                                                                "Function": "READ_PARQUET",
                                                                                                                                "Projections": "postid",
                                                                                                                                "Estimated Cardinality": "12744093"
                                                                                                                            },
                                                                                                                            "cumulative_cardinality": 12744093,
                                                                                                                            "operator_type": "TABLE_SCAN",
                                                                                                                            "operator_cardinality": 12744093,
                                                                                                                            "cumulative_rows_scanned": 12744093,
                                                                                                                            "operator_rows_scanned": 12744093,
                                                                                                                            "operator_timing": 0.07513150599999996,
                                                                                                                            "result_set_size": 50976372,
                                                                                                                            "children": []
                                                                                                                        }
                                                                                                                    ]
                                                                                                                }
                                                                                                            ]
                                                                                                        }
                                                                                                    ]
                                                                                                }
                                                                                            ]
                                                                                        }
                                                                                    ]
                                                                                }
                                                                            ]
                                                                        }
                                                                    ]
                                                                }
                                                            ]
                                                        }
                                                    ]
                                                }
                                            ]
                                        }
                                    ]
                                }
                            ]
                        }
                    ]
                }
            ]
        }
    ]
}