{
    "rows_returned": 10,
    "query_name": "\nWITH RankedPosts AS (\n    SELECT \n        p.Id AS PostId,\n        p.Title,\n        p.CreationDate,\n        p.Score,\n        p.ViewCount,\n        ROW_NUMBER() OVER (PARTITION BY p.OwnerUserId ORDER BY p.CreationDate DESC) AS rn,\n        p.OwnerUserId\n    FROM \n        Posts p\n    WHERE \n        p.PostTypeId = 1 \n        AND p.Score > 10\n),\nUserReputation AS (\n    SELECT \n        u.Id AS UserId,\n        u.Reputation,\n        COALESCE(SUM(b.Class), 0) AS TotalBadges,\n        COUNT(DISTINCT p.Id) AS TotalQuestions\n    FROM \n        Users u\n    LEFT JOIN \n        Badges b ON u.Id = b.UserId\n    LEFT JOIN \n        Posts p ON u.Id = p.OwnerUserId AND p.PostTypeId = 1\n    WHERE \n        u.Reputation IS NOT NULL\n    GROUP BY \n        u.Id, u.Reputation\n),\nClosedPosts AS (\n    SELECT \n        ph.PostId,\n        ph.UserId,\n        ph.CreationDate,\n        ph.Comment\n    FROM \n        PostHistory ph\n    WHERE \n        ph.PostHistoryTypeId = 10\n)\nSELECT \n    up.UserId,\n    up.Reputation,\n    up.TotalBadges,\n    up.TotalQuestions,\n    rp.PostId,\n    rp.Title,\n    rp.CreationDate,\n    rp.Score,\n    rp.ViewCount,\n    COALESCE(cp.Comment, 'No close comment') AS CloseComment,\n    CASE \n        WHEN up.TotalQuestions > 0 THEN 'Active User'\n        ELSE 'Inactive User'\n    END AS UserStatus\nFROM \n    UserReputation up\nLEFT JOIN \n    RankedPosts rp ON up.UserId = rp.OwnerUserId\nLEFT JOIN \n    ClosedPosts cp ON rp.PostId = cp.PostId\nWHERE \n    up.Reputation > (\n        SELECT AVG(Reputation) FROM Users WHERE Reputation IS NOT NULL\n    )\nORDER BY \n    up.Reputation DESC, rp.Score DESC\nFETCH FIRST 10 ROWS ONLY;\n",
    "blocked_thread_time": 0.0,
    "cpu_time": 6.664614275999997,
    "extra_info": {},
    "cumulative_cardinality": 142877512,
    "cumulative_rows_scanned": 24338620,
    "result_set_size": 1000,
    "latency": 7.331639998,
    "children": [
        {
            "operator_name": "STREAMING_LIMIT",
            "cpu_time": 6.664614275999997,
            "extra_info": {},
            "cumulative_cardinality": 142877512,
            "operator_type": "STREAMING_LIMIT",
            "operator_cardinality": 10,
            "cumulative_rows_scanned": 24338620,
            "operator_rows_scanned": 0,
            "operator_timing": 0.000002254,
            "result_set_size": 1000,
            "children": [
                {
                    "operator_name": "PROJECTION",
                    "cpu_time": 6.664612021999997,
                    "extra_info": {
                        "Projections": [
                            "#0",
                            "#1",
                            "#2",
                            "#3",
                            "#4",
                            "#5",
                            "#6",
                            "__internal_decompress_integral_integer(#7, 10)",
                            "#8",
                            "#9",
                            "__internal_decompress_string(#10)"
                        ],
                        "Estimated Cardinality": "4"
                    },
                    "cumulative_cardinality": 142877502,
                    "operator_type": "PROJECTION",
                    "operator_cardinality": 4096,
                    "cumulative_rows_scanned": 24338620,
                    "operator_rows_scanned": 0,
                    "operator_timing": 0.000062125,
                    "result_set_size": 409600,
                    "children": [
                        {
                            "operator_name": "ORDER_BY",
                            "cpu_time": 6.664549896999997,
                            "extra_info": {
                                "Order By": [
                                    "up.Reputation DESC",
                                    "rp.Score DESC"
                                ]
                            },
                            "cumulative_cardinality": 142873406,
                            "operator_type": "ORDER_BY",
                            "operator_cardinality": 4096,
                            "cumulative_rows_scanned": 24338620,
                            "operator_rows_scanned": 0,
                            "operator_timing": 0.021707102,
                            "result_set_size": 401408,
                            "children": [
                                {
                                    "operator_name": "PROJECTION",
                                    "cpu_time": 6.642842794999997,
                                    "extra_info": {
                                        "Projections": [
                                            "#0",
                                            "#1",
                                            "#2",
                                            "#3",
                                            "#4",
                                            "#5",
                                            "#6",
                                            "__internal_compress_integral_usmallint(#7, 10)",
                                            "#8",
                                            "#9",
                                            "__internal_compress_string_hugeint(#10)"
                                        ],
                                        "Estimated Cardinality": "4"
                                    },
                                    "cumulative_cardinality": 142869310,
                                    "operator_type": "PROJECTION",
                                    "operator_cardinality": 215523,
                                    "cumulative_rows_scanned": 24338620,
                                    "operator_rows_scanned": 0,
                                    "operator_timing": 0.002750013000000004,
                                    "result_set_size": 21121254,
                                    "children": [
                                        {
                                            "operator_name": "PROJECTION",
                                            "cpu_time": 6.640092781999997,
                                            "extra_info": {
                                                "Projections": [
                                                    "UserId",
                                                    "reputation",
                                                    "TotalBadges",
                                                    "TotalQuestions",
                                                    "PostId",
                                                    "title",
                                                    "creationdate",
                                                    "score",
                                                    "viewcount",
                                                    "CloseComment",
                                                    "UserStatus"
                                                ],
                                                "Estimated Cardinality": "4"
                                            },
                                            "cumulative_cardinality": 142653787,
                                            "operator_type": "PROJECTION",
                                            "operator_cardinality": 215523,
                                            "cumulative_rows_scanned": 24338620,
                                            "operator_rows_scanned": 0,
                                            "operator_timing": 0.004669392000000001,
                                            "result_set_size": 21552300,
                                            "children": [
                                                {
                                                    "operator_name": "NESTED_LOOP_JOIN",
                                                    "cpu_time": 6.635423389999997,
                                                    "extra_info": {
                                                        "Join Type": "INNER",
                                                        "Conditions": "CAST(reputation AS DOUBLE) > SUBQUERY",
                                                        "Estimated Cardinality": "4"
                                                    },
                                                    "cumulative_cardinality": 142438264,
                                                    "operator_type": "NESTED_LOOP_JOIN",
                                                    "operator_cardinality": 215523,
                                                    "cumulative_rows_scanned": 24338620,
                                                    "operator_rows_scanned": 0,
                                                    "operator_timing": 0.015428552999999989,
                                                    "result_set_size": 21552300,
                                                    "children": [
                                                        {
                                                            "operator_name": "PROJECTION",
                                                            "cpu_time": 6.608044194999997,
                                                            "extra_info": {
                                                                "Projections": [
                                                                    "#0",
                                                                    "#1",
                                                                    "#2",
                                                                    "#3",
                                                                    "#4",
                                                                    "#5",
                                                                    "#6",
                                                                    "#7",
                                                                    "#8",
                                                                    "__internal_decompress_integral_integer(#9, 10)",
                                                                    "#10",
                                                                    "#11"
                                                                ],
                                                                "Estimated Cardinality": "2359048"
                                                            },
                                                            "cumulative_cardinality": 139701317,
                                                            "operator_type": "PROJECTION",
                                                            "operator_cardinality": 1277306,
                                                            "cumulative_rows_scanned": 23077910,
                                                            "operator_rows_scanned": 0,
                                                            "operator_timing": 0.0005005359999999996,
                                                            "result_set_size": 117512152,
                                                            "children": [
                                                                {
                                                                    "operator_name": "HASH_JOIN",
                                                                    "cpu_time": 6.607543658999997,
                                                                    "extra_info": {
                                                                        "Join Type": "RIGHT",
                                                                        "Conditions": "postid = PostId",
                                                                        "Estimated Cardinality": "2359048"
                                                                    },
                                                                    "cumulative_cardinality": 138424011,
                                                                    "operator_type": "HASH_JOIN",
                                                                    "operator_cardinality": 1277306,
                                                                    "cumulative_rows_scanned": 23077910,
                                                                    "operator_rows_scanned": 0,
                                                                    "operator_timing": 0.12047641700000011,
                                                                    "result_set_size": 114957540,
                                                                    "children": [
                                                                        {
                                                                            "operator_name": "READ_PARQUET ",
                                                                            "cpu_time": 0.3892840239999979,
                                                                            "extra_info": {
                                                                                "Function": "READ_PARQUET",
                                                                                "Projections": [
                                                                                    "postid",
                                                                                    "comment"
                                                                                ],
                                                                                "Filters": "posthistorytypeid=10",
                                                                                "Estimated Cardinality": "2359048"
                                                                            },
                                                                            "cumulative_cardinality": 121434,
                                                                            "operator_type": "TABLE_SCAN",
                                                                            "operator_cardinality": 121434,
                                                                            "cumulative_rows_scanned": 11795244,
                                                                            "operator_rows_scanned": 11795244,
                                                                            "operator_timing": 0.3892840239999979,
                                                                            "result_set_size": 2428680,
                                                                            "children": []
                                                                        },
                                                                        {
                                                                            "operator_name": "PROJECTION",
                                                                            "cpu_time": 6.097783217999999,
                                                                            "extra_info": {
                                                                                "Projections": [
                                                                                    "#0",
                                                                                    "#1",
                                                                                    "#2",
                                                                                    "#3",
                                                                                    "#4",
                                                                                    "#5",
                                                                                    "#6",
                                                                                    "__internal_compress_integral_usmallint(#7, 10)",
                                                                                    "#8",
                                                                                    "#9"
                                                                                ],
                                                                                "Estimated Cardinality": "1260710"
                                                                            },
                                                                            "cumulative_cardinality": 137025271,
                                                                            "operator_type": "PROJECTION",
                                                                            "operator_cardinality": 1277173,
                                                                            "cumulative_rows_scanned": 11282666,
                                                                            "operator_rows_scanned": 0,
                                                                            "operator_timing": 0.000611729,
                                                                            "result_set_size": 89402110,
                                                                            "children": [
                                                                                {
                                                                                    "operator_name": "HASH_JOIN",
                                                                                    "cpu_time": 6.097171488999999,
                                                                                    "extra_info": {
                                                                                        "Join Type": "LEFT",
                                                                                        "Conditions": "UserId = owneruserid",
                                                                                        "Estimated Cardinality": "1260710"
                                                                                    },
                                                                                    "cumulative_cardinality": 135748098,
                                                                                    "operator_type": "HASH_JOIN",
                                                                                    "operator_cardinality": 1277173,
                                                                                    "cumulative_rows_scanned": 11282666,
                                                                                    "operator_rows_scanned": 0,
                                                                                    "operator_timing": 0.017650535000000106,
                                                                                    "result_set_size": 91956456,
                                                                                    "children": [
                                                                                        {
                                                                                            "operator_name": "PROJECTION",
                                                                                            "cpu_time": 5.661151787,
                                                                                            "extra_info": {
                                                                                                "Projections": [
                                                                                                    "UserId",
                                                                                                    "reputation",
                                                                                                    "TotalBadges",
                                                                                                    "TotalQuestions"
                                                                                                ],
                                                                                                "Estimated Cardinality": "1260710"
                                                                                            },
                                                                                            "cumulative_cardinality": 134330077,
                                                                                            "operator_type": "PROJECTION",
                                                                                            "operator_cardinality": 1260710,
                                                                                            "cumulative_rows_scanned": 7432550,
                                                                                            "operator_rows_scanned": 0,
                                                                                            "operator_timing": 0.007018447999999993,
                                                                                            "result_set_size": 40342720,
                                                                                            "children": [
                                                                                                {
                                                                                                    "operator_name": "HASH_GROUP_BY",
                                                                                                    "cpu_time": 5.6541333389999995,
                                                                                                    "extra_info": {
                                                                                                        "Groups": [
                                                                                                            "#0",
                                                                                                            "#1"
                                                                                                        ],
                                                                                                        "Aggregates": [
                                                                                                            "sum(#2)",
                                                                                                            "count(DISTINCT #3)"
                                                                                                        ],
                                                                                                        "Estimated Cardinality": "1260710"
                                                                                                    },
                                                                                                    "cumulative_cardinality": 133069367,
                                                                                                    "operator_type": "HASH_GROUP_BY",
                                                                                                    "operator_cardinality": 1260710,
                                                                                                    "cumulative_rows_scanned": 7432550,
                                                                                                    "operator_rows_scanned": 0,
                                                                                                    "operator_timing": 3.6882413880000047,
                                                                                                    "result_set_size": 40342720,
                                                                                                    "children": [
                                                                                                        {
                                                                                                            "operator_name": "PROJECTION",
                                                                                                            "cpu_time": 1.9658919509999946,
                                                                                                            "extra_info": {
                                                                                                                "Projections": [
                                                                                                                    "id",
                                                                                                                    "reputation",
                                                                                                                    "class",
                                                                                                                    "id"
                                                                                                                ],
                                                                                                                "Estimated Cardinality": "2321724"
                                                                                                            },
                                                                                                            "cumulative_cardinality": 131808657,
                                                                                                            "operator_type": "PROJECTION",
                                                                                                            "operator_cardinality": 61762323,
                                                                                                            "cumulative_rows_scanned": 7432550,
                                                                                                            "operator_rows_scanned": 0,
                                                                                                            "operator_timing": 0.0105399749999986,
                                                                                                            "result_set_size": 864672522,
                                                                                                            "children": [
                                                                                                                {
                                                                                                                    "operator_name": "HASH_JOIN",
                                                                                                                    "cpu_time": 1.955351975999996,
                                                                                                                    "extra_info": {
                                                                                                                        "Join Type": "LEFT",
                                                                                                                        "Conditions": "id = owneruserid",
                                                                                                                        "Estimated Cardinality": "2321724"
                                                                                                                    },
                                                                                                                    "cumulative_cardinality": 70046334,
                                                                                                                    "operator_type": "HASH_JOIN",
                                                                                                                    "operator_cardinality": 61762323,
                                                                                                                    "cumulative_rows_scanned": 7432550,
                                                                                                                    "operator_rows_scanned": 0,
                                                                                                                    "operator_timing": 1.5482051619999964,
                                                                                                                    "result_set_size": 864672522,
                                                                                                                    "children": [
                                                                                                                        {
                                                                                                                            "operator_name": "HASH_JOIN",
                                                                                                                            "cpu_time": 0.2796743699999996,
                                                                                                                            "extra_info": {
                                                                                                                                "Join Type": "RIGHT",
                                                                                                                                "Conditions": "userid = id",
                                                                                                                                "Estimated Cardinality": "2321724"
                                                                                                                            },
                                                                                                                            "cumulative_cardinality": 6615847,
                                                                                                                            "operator_type": "HASH_JOIN",
                                                                                                                            "operator_cardinality": 3033413,
                                                                                                                            "cumulative_rows_scanned": 3582434,
                                                                                                                            "operator_rows_scanned": 0,
                                                                                                                            "operator_timing": 0.21702738699999957,
                                                                                                                            "result_set_size": 30334130,
                                                                                                                            "children": [
                                                                                                                                {
                                                                                                                                    "operator_name": "READ_PARQUET ",
                                                                                                                                    "cpu_time": 0.048711399999999995,
                                                                                                                                    "extra_info": {
                                                                                                                                        "Function": "READ_PARQUET",
                                                                                                                                        "Projections": [
                                                                                                                                            "userid",
                                                                                                                                            "class"
                                                                                                                                        ],
                                                                                                                                        "Estimated Cardinality": "2321724"
                                                                                                                                    },
                                                                                                                                    "cumulative_cardinality": 2321724,
                                                                                                                                    "operator_type": "TABLE_SCAN",
                                                                                                                                    "operator_cardinality": 2321724,
                                                                                                                                    "cumulative_rows_scanned": 2321724,
                                                                                                                                    "operator_rows_scanned": 2321724,
                                                                                                                                    "operator_timing": 0.048711399999999995,
                                                                                                                                    "result_set_size": 13930344,
                                                                                                                                    "children": []
                                                                                                                                },
                                                                                                                                {
                                                                                                                                    "operator_name": "READ_PARQUET ",
                                                                                                                                    "cpu_time": 0.013935583000000015,
                                                                                                                                    "extra_info": {
                                                                                                                                        "Function": "READ_PARQUET",
                                                                                                                                        "Projections": [
                                                                                                                                            "id",
                                                                                                                                            "reputation"
                                                                                                                                        ],
                                                                                                                                        "Estimated Cardinality": "252142"
                                                                                                                                    },
                                                                                                                                    "cumulative_cardinality": 1260710,
                                                                                                                                    "operator_type": "TABLE_SCAN",
                                                                                                                                    "operator_cardinality": 1260710,
                                                                                                                                    "cumulative_rows_scanned": 1260710,
                                                                                                                                    "operator_rows_scanned": 1260710,
                                                                                                                                    "operator_timing": 0.013935583000000015,
                                                                                                                                    "result_set_size": 10085680,
                                                                                                                                    "children": []
                                                                                                                                }
                                                                                                                            ]
                                                                                                                        },
                                                                                                                        {
                                                                                                                            "operator_name": "READ_PARQUET ",
                                                                                                                            "cpu_time": 0.12747244400000016,
                                                                                                                            "extra_info": {
                                                                                                                                "Function": "READ_PARQUET",
                                                                                                                                "Projections": [
                                                                                                                                    "id",
                                                                                                                                    "owneruserid"
                                                                                                                                ],
                                                                                                                                "Filters": "posttypeid=1",
                                                                                                                                "Estimated Cardinality": "770023"
                                                                                                                            },
                                                                                                                            "cumulative_cardinality": 1668164,
                                                                                                                            "operator_type": "TABLE_SCAN",
                                                                                                                            "operator_cardinality": 1668164,
                                                                                                                            "cumulative_rows_scanned": 3850116,
                                                                                                                            "operator_rows_scanned": 3850116,
                                                                                                                            "operator_timing": 0.12747244400000016,
                                                                                                                            "result_set_size": 13345312,
                                                                                                                            "children": []
                                                                                                                        }
                                                                                                                    ]
                                                                                                                }
                                                                                                            ]
                                                                                                        }
                                                                                                    ]
                                                                                                }
                                                                                            ]
                                                                                        },
                                                                                        {
                                                                                            "operator_name": "PROJECTION",
                                                                                            "cpu_time": 0.4183691669999994,
                                                                                            "extra_info": {
                                                                                                "Projections": [
                                                                                                    "PostId",
                                                                                                    "title",
                                                                                                    "creationdate",
                                                                                                    "score",
                                                                                                    "viewcount",
                                                                                                    "owneruserid"
                                                                                                ],
                                                                                                "Estimated Cardinality": "770023"
                                                                                            },
                                                                                            "cumulative_cardinality": 140848,
                                                                                            "operator_type": "PROJECTION",
                                                                                            "operator_cardinality": 35212,
                                                                                            "cumulative_rows_scanned": 3850116,
                                                                                            "operator_rows_scanned": 0,
                                                                                            "operator_timing": 0.0000069620000000000004,
                                                                                            "result_set_size": 1408480,
                                                                                            "children": [
                                                                                                {
                                                                                                    "operator_name": "PROJECTION",
                                                                                                    "cpu_time": 0.4183622049999994,
                                                                                                    "extra_info": {
                                                                                                        "Projections": [
                                                                                                            "#0",
                                                                                                            "#1",
                                                                                                            "#2",
                                                                                                            "#3",
                                                                                                            "#4",
                                                                                                            "#5",
                                                                                                            "#6"
                                                                                                        ],
                                                                                                        "Estimated Cardinality": "770023"
                                                                                                    },
                                                                                                    "cumulative_cardinality": 105636,
                                                                                                    "operator_type": "PROJECTION",
                                                                                                    "operator_cardinality": 35212,
                                                                                                    "cumulative_rows_scanned": 3850116,
                                                                                                    "operator_rows_scanned": 0,
                                                                                                    "operator_timing": 0.000007927,
                                                                                                    "result_set_size": 1690176,
                                                                                                    "children": [
                                                                                                        {
                                                                                                            "operator_name": "WINDOW",
                                                                                                            "cpu_time": 0.41835427799999936,
                                                                                                            "extra_info": {
                                                                                                                "Projections": "ROW_NUMBER() OVER (PARTITION BY owneruserid ORDER BY creationdate DESC NULLS LAST)"
                                                                                                            },
                                                                                                            "cumulative_cardinality": 70424,
                                                                                                            "operator_type": "WINDOW",
                                                                                                            "operator_cardinality": 35212,
                                                                                                            "cumulative_rows_scanned": 3850116,
                                                                                                            "operator_rows_scanned": 0,
                                                                                                            "operator_timing": 0.018640972000000023,
                                                                                                            "result_set_size": 1690176,
                                                                                                            "children": [
                                                                                                                {
                                                                                                                    "operator_name": "READ_PARQUET ",
                                                                                                                    "cpu_time": 0.3997133059999993,
                                                                                                                    "extra_info": {
                                                                                                                        "Function": "READ_PARQUET",
                                                                                                                        "Projections": [
                                                                                                                            "id",
                                                                                                                            "creationdate",
                                                                                                                            "score",
                                                                                                                            "viewcount",
                                                                                                                            "owneruserid",
                                                                                                                            "title"
                                                                                                                        ],
                                                                                                                        "Filters": [
                                                                                                                            "posttypeid=1",
                                                                                                                            "score>10"
                                                                                                                        ],
                                                                                                                        "Estimated Cardinality": "770023"
                                                                                                                    },
                                                                                                                    "cumulative_cardinality": 35212,
                                                                                                                    "operator_type": "TABLE_SCAN",
                                                                                                                    "operator_cardinality": 35212,
                                                                                                                    "cumulative_rows_scanned": 3850116,
                                                                                                                    "operator_rows_scanned": 3850116,
                                                                                                                    "operator_timing": 0.3997133059999993,
                                                                                                                    "result_set_size": 1408480,
                                                                                                                    "children": []
                                                                                                                }
                                                                                                            ]
                                                                                                        }
                                                                                                    ]
                                                                                                }
                                                                                            ]
                                                                                        }
                                                                                    ]
                                                                                }
                                                                            ]
                                                                        }
                                                                    ]
                                                                }
                                                            ]
                                                        },
                                                        {
                                                            "operator_name": "PROJECTION",
                                                            "cpu_time": 0.011950641999999989,
                                                            "extra_info": {
                                                                "Projections": [
                                                                    "CASE  WHEN ((#1 > 1)) THEN (error('More than one row returned by a subquery used as an expression - scalar subqueries can only return a single row.",
                                                                    "Use \"SET scalar_subquery_error_on_multiple_rows=false\" to revert to previous behavior of returning a random row.')) ELSE #0 END"
                                                                ],
                                                                "Estimated Cardinality": "1"
                                                            },
                                                            "cumulative_cardinality": 2521424,
                                                            "operator_type": "PROJECTION",
                                                            "operator_cardinality": 1,
                                                            "cumulative_rows_scanned": 1260710,
                                                            "operator_rows_scanned": 0,
                                                            "operator_timing": 0.000003236,
                                                            "result_set_size": 8,
                                                            "children": [
                                                                {
                                                                    "operator_name": "UNGROUPED_AGGREGATE",
                                                                    "cpu_time": 0.011947405999999989,
                                                                    "extra_info": {
                                                                        "Aggregates": [
                                                                            "\"first\"(#0)",
                                                                            "count_star()"
                                                                        ]
                                                                    },
                                                                    "cumulative_cardinality": 2521423,
                                                                    "operator_type": "UNGROUPED_AGGREGATE",
                                                                    "operator_cardinality": 1,
                                                                    "cumulative_rows_scanned": 1260710,
                                                                    "operator_rows_scanned": 0,
                                                                    "operator_timing": 0.000005761,
                                                                    "result_set_size": 16,
                                                                    "children": [
                                                                        {
                                                                            "operator_name": "PROJECTION",
                                                                            "cpu_time": 0.011941644999999989,
                                                                            "extra_info": {
                                                                                "Projections": "#0",
                                                                                "Estimated Cardinality": "1"
                                                                            },
                                                                            "cumulative_cardinality": 2521422,
                                                                            "operator_type": "PROJECTION",
                                                                            "operator_cardinality": 1,
                                                                            "cumulative_rows_scanned": 1260710,
                                                                            "operator_rows_scanned": 0,
                                                                            "operator_timing": 5.31e-7,
                                                                            "result_set_size": 8,
                                                                            "children": [
                                                                                {
                                                                                    "operator_name": "UNGROUPED_AGGREGATE",
                                                                                    "cpu_time": 0.011941113999999989,
                                                                                    "extra_info": {
                                                                                        "Aggregates": "avg(#0)"
                                                                                    },
                                                                                    "cumulative_cardinality": 2521421,
                                                                                    "operator_type": "UNGROUPED_AGGREGATE",
                                                                                    "operator_cardinality": 1,
                                                                                    "cumulative_rows_scanned": 1260710,
                                                                                    "operator_rows_scanned": 0,
                                                                                    "operator_timing": 0.004814507999999992,
                                                                                    "result_set_size": 8,
                                                                                    "children": [
                                                                                        {
                                                                                            "operator_name": "PROJECTION",
                                                                                            "cpu_time": 0.007126605999999997,
                                                                                            "extra_info": {
                                                                                                "Projections": "reputation",
                                                                                                "Estimated Cardinality": "252142"
                                                                                            },
                                                                                            "cumulative_cardinality": 2521420,
                                                                                            "operator_type": "PROJECTION",
                                                                                            "operator_cardinality": 1260710,
                                                                                            "cumulative_rows_scanned": 1260710,
                                                                                            "operator_rows_scanned": 0,
                                                                                            "operator_timing": 0.00005040299999999984,
                                                                                            "result_set_size": 5042840,
                                                                                            "children": [
                                                                                                {
                                                                                                    "operator_name": "READ_PARQUET ",
                                                                                                    "cpu_time": 0.007076202999999997,
                                                                                                    "extra_info": {
                                                                                                        "Function": "READ_PARQUET",
                                                                                                        "Projections": "reputation",
                                                                                                        "Estimated Cardinality": "252142"
                                                                                                    },
                                                                                                    "cumulative_cardinality": 1260710,
                                                                                                    "operator_type": "TABLE_SCAN",
                                                                                                    "operator_cardinality": 1260710,
                                                                                                    "cumulative_rows_scanned": 1260710,
                                                                                                    "operator_rows_scanned": 1260710,
                                                                                                    "operator_timing": 0.007076202999999997,
                                                                                                    "result_set_size": 5042840,
                                                                                                    "children": []
                                                                                                }
                                                                                            ]
                                                                                        }
                                                                                    ]
                                                                                }
                                                                            ]
                                                                        }
                                                                    ]
                                                                }
                                                            ]
                                                        }
                                                    ]
                                                }
                                            ]
                                        }
                                    ]
                                }
                            ]
                        }
                    ]
                }
            ]
        }
    ]
}