{
    "rows_returned": 100,
    "query_name": "\nWITH RankedPosts AS (\n    SELECT \n        p.Id,\n        p.Title,\n        u.DisplayName AS Author,\n        p.CreationDate,\n        p.Score,\n        ROW_NUMBER() OVER (PARTITION BY p.PostTypeId ORDER BY p.Score DESC) AS PostRank\n    FROM \n        Posts p\n    JOIN \n        Users u ON p.OwnerUserId = u.Id\n    WHERE \n        p.CreationDate >= TIMESTAMP '2024-10-01 12:34:56' - INTERVAL '1 year'\n),\nClosedPosts AS (\n    SELECT \n        ph.PostId,\n        COUNT(*) AS CloseCount,\n        STRING_AGG(DISTINCT cr.Name, ', ') AS CloseReasons\n    FROM \n        PostHistory ph\n    JOIN \n        CloseReasonTypes cr ON CAST(ph.Comment AS int) = cr.Id\n    WHERE \n        ph.PostHistoryTypeId IN (10, 11) \n    GROUP BY \n        ph.PostId\n),\nPostStatistics AS (\n    SELECT \n        rp.Id,\n        rp.Title,\n        rp.Author,\n        COALESCE(cp.CloseCount, 0) AS CloseCount,\n        COALESCE(cp.CloseReasons, 'No Reasons') AS CloseReasons,\n        SUM(CASE WHEN v.VoteTypeId = 2 THEN 1 ELSE 0 END) AS UpVotes,\n        SUM(CASE WHEN v.VoteTypeId = 3 THEN 1 ELSE 0 END) AS DownVotes,\n        AVG(v.BountyAmount) AS AverageBounty\n    FROM \n        RankedPosts rp\n    LEFT JOIN \n        ClosedPosts cp ON rp.Id = cp.PostId\n    LEFT JOIN \n        Votes v ON rp.Id = v.PostId\n    GROUP BY \n        rp.Id, rp.Title, rp.Author, cp.CloseCount, cp.CloseReasons\n)\nSELECT \n    ps.Id,\n    ps.Title,\n    ps.Author,\n    ps.CloseCount,\n    ps.CloseReasons,\n    ps.UpVotes,\n    ps.DownVotes,\n    ps.AverageBounty,\n    CASE \n        WHEN ps.CloseCount > 0 THEN 'Closed'\n        ELSE 'Open'\n    END AS PostStatus\nFROM \n    PostStatistics ps\nWHERE \n    ps.CloseCount > 2 OR ps.UpVotes > 10\nORDER BY \n    ps.UpVotes DESC, ps.CloseCount ASC\nLIMIT 100;\n",
    "blocked_thread_time": 0.0,
    "cpu_time": 0.7844645229999984,
    "extra_info": {},
    "cumulative_cardinality": 3884770,
    "cumulative_rows_scanned": 29650175,
    "result_set_size": 11600,
    "latency": 0.880843533,
    "children": [
        {
            "operator_name": "STREAMING_LIMIT",
            "cpu_time": 0.7844645229999984,
            "extra_info": {},
            "cumulative_cardinality": 3884770,
            "operator_type": "STREAMING_LIMIT",
            "operator_cardinality": 100,
            "cumulative_rows_scanned": 29650175,
            "operator_rows_scanned": 0,
            "operator_timing": 0.000001092,
            "result_set_size": 11600,
            "children": [
                {
                    "operator_name": "PROJECTION",
                    "cpu_time": 0.7844634309999984,
                    "extra_info": {
                        "Projections": [
                            "#0",
                            "#1",
                            "#2",
                            "#3",
                            "#4",
                            "#5",
                            "#6",
                            "#7",
                            "__internal_decompress_string(#8)"
                        ],
                        "Estimated Cardinality": "770023"
                    },
                    "cumulative_cardinality": 3884670,
                    "operator_type": "PROJECTION",
                    "operator_cardinality": 1354,
                    "cumulative_rows_scanned": 29650175,
                    "operator_rows_scanned": 0,
                    "operator_timing": 0.000013696,
                    "result_set_size": 157064,
                    "children": [
                        {
                            "operator_name": "ORDER_BY",
                            "cpu_time": 0.7844497349999984,
                            "extra_info": {
                                "Order By": [
                                    "ps.UpVotes DESC",
                                    "ps.CloseCount ASC"
                                ]
                            },
                            "cumulative_cardinality": 3883316,
                            "operator_type": "ORDER_BY",
                            "operator_cardinality": 1354,
                            "cumulative_rows_scanned": 29650175,
                            "operator_rows_scanned": 0,
                            "operator_timing": 0.000168473,
                            "result_set_size": 146232,
                            "children": [
                                {
                                    "operator_name": "PROJECTION",
                                    "cpu_time": 0.7842812619999984,
                                    "extra_info": {
                                        "Projections": [
                                            "#0",
                                            "#1",
                                            "#2",
                                            "#3",
                                            "#4",
                                            "#5",
                                            "#6",
                                            "#7",
                                            "__internal_compress_string_ubigint(#8)"
                                        ],
                                        "Estimated Cardinality": "770023"
                                    },
                                    "cumulative_cardinality": 3881962,
                                    "operator_type": "PROJECTION",
                                    "operator_cardinality": 1354,
                                    "cumulative_rows_scanned": 29650175,
                                    "operator_rows_scanned": 0,
                                    "operator_timing": 0.00002161,
                                    "result_set_size": 146232,
                                    "children": [
                                        {
                                            "operator_name": "PROJECTION",
                                            "cpu_time": 0.7842596519999984,
                                            "extra_info": {
                                                "Projections": [
                                                    "id",
                                                    "title",
                                                    "Author",
                                                    "CloseCount",
                                                    "CloseReasons",
                                                    "UpVotes",
                                                    "DownVotes",
                                                    "AverageBounty",
                                                    "PostStatus"
                                                ],
                                                "Estimated Cardinality": "770023"
                                            },
                                            "cumulative_cardinality": 3880608,
                                            "operator_type": "PROJECTION",
                                            "operator_cardinality": 1354,
                                            "cumulative_rows_scanned": 29650175,
                                            "operator_rows_scanned": 0,
                                            "operator_timing": 0.000019277,
                                            "result_set_size": 157064,
                                            "children": [
                                                {
                                                    "operator_name": "PROJECTION",
                                                    "cpu_time": 0.7842403749999983,
                                                    "extra_info": {
                                                        "Projections": [
                                                            "id",
                                                            "title",
                                                            "Author",
                                                            "CloseCount",
                                                            "CloseReasons",
                                                            "UpVotes",
                                                            "DownVotes",
                                                            "AverageBounty"
                                                        ],
                                                        "Estimated Cardinality": "770023"
                                                    },
                                                    "cumulative_cardinality": 3879254,
                                                    "operator_type": "PROJECTION",
                                                    "operator_cardinality": 1354,
                                                    "cumulative_rows_scanned": 29650175,
                                                    "operator_rows_scanned": 0,
                                                    "operator_timing": 0.000043041,
                                                    "result_set_size": 135400,
                                                    "children": [
                                                        {
                                                            "operator_name": "FILTER",
                                                            "cpu_time": 0.7841973339999984,
                                                            "extra_info": {
                                                                "Expression": "((UpVotes > 10) OR (COALESCE(CloseCount, 0) > 2))",
                                                                "Estimated Cardinality": "770023"
                                                            },
                                                            "cumulative_cardinality": 3877900,
                                                            "operator_type": "FILTER",
                                                            "operator_cardinality": 1354,
                                                            "cumulative_rows_scanned": 29650175,
                                                            "operator_rows_scanned": 0,
                                                            "operator_timing": 0.0025257410000000006,
                                                            "result_set_size": 135400,
                                                            "children": [
                                                                {
                                                                    "operator_name": "HASH_GROUP_BY",
                                                                    "cpu_time": 0.7816715929999983,
                                                                    "extra_info": {
                                                                        "Groups": [
                                                                            "#0",
                                                                            "#1",
                                                                            "#2",
                                                                            "#3",
                                                                            "#4"
                                                                        ],
                                                                        "Aggregates": [
                                                                            "sum(#5)",
                                                                            "sum(#6)",
                                                                            "avg(#7)"
                                                                        ],
                                                                        "Estimated Cardinality": "3850116"
                                                                    },
                                                                    "cumulative_cardinality": 3876546,
                                                                    "operator_type": "HASH_GROUP_BY",
                                                                    "operator_cardinality": 143650,
                                                                    "cumulative_rows_scanned": 29650175,
                                                                    "operator_rows_scanned": 0,
                                                                    "operator_timing": 0.07678458700000002,
                                                                    "result_set_size": 14365000,
                                                                    "children": [
                                                                        {
                                                                            "operator_name": "PROJECTION",
                                                                            "cpu_time": 0.7048870059999983,
                                                                            "extra_info": {
                                                                                "Projections": [
                                                                                    "id",
                                                                                    "title",
                                                                                    "Author",
                                                                                    "CloseCount",
                                                                                    "CloseReasons",
                                                                                    "CASE  WHEN ((votetypeid = 2)) THEN (1) ELSE 0 END",
                                                                                    "CASE  WHEN ((votetypeid = 3)) THEN (1) ELSE 0 END",
                                                                                    "bountyamount"
                                                                                ],
                                                                                "Estimated Cardinality": "12744093"
                                                                            },
                                                                            "cumulative_cardinality": 3732896,
                                                                            "operator_type": "PROJECTION",
                                                                            "operator_cardinality": 335489,
                                                                            "cumulative_rows_scanned": 29650175,
                                                                            "operator_rows_scanned": 0,
                                                                            "operator_timing": 0.0028132119999999985,
                                                                            "result_set_size": 24155208,
                                                                            "children": [
                                                                                {
                                                                                    "operator_name": "HASH_JOIN",
                                                                                    "cpu_time": 0.7020737939999984,
                                                                                    "extra_info": {
                                                                                        "Join Type": "RIGHT",
                                                                                        "Conditions": "postid = id",
                                                                                        "Estimated Cardinality": "12744093"
                                                                                    },
                                                                                    "cumulative_cardinality": 3397407,
                                                                                    "operator_type": "HASH_JOIN",
                                                                                    "operator_cardinality": 335489,
                                                                                    "cumulative_rows_scanned": 29650175,
                                                                                    "operator_rows_scanned": 0,
                                                                                    "operator_timing": 0.026549962000000003,
                                                                                    "result_set_size": 22142274,
                                                                                    "children": [
                                                                                        {
                                                                                            "operator_name": "READ_PARQUET ",
                                                                                            "cpu_time": 0.02326806899999999,
                                                                                            "extra_info": {
                                                                                                "Function": "READ_PARQUET",
                                                                                                "Projections": [
                                                                                                    "postid",
                                                                                                    "votetypeid",
                                                                                                    "bountyamount"
                                                                                                ],
                                                                                                "Estimated Cardinality": "12744093"
                                                                                            },
                                                                                            "cumulative_cardinality": 442526,
                                                                                            "operator_type": "TABLE_SCAN",
                                                                                            "operator_cardinality": 442526,
                                                                                            "cumulative_rows_scanned": 12744093,
                                                                                            "operator_rows_scanned": 12744093,
                                                                                            "operator_timing": 0.02326806899999999,
                                                                                            "result_set_size": 4425260,
                                                                                            "children": []
                                                                                        },
                                                                                        {
                                                                                            "operator_name": "HASH_JOIN",
                                                                                            "cpu_time": 0.6522557629999983,
                                                                                            "extra_info": {
                                                                                                "Join Type": "RIGHT",
                                                                                                "Conditions": "postid = id",
                                                                                                "Estimated Cardinality": "1179524"
                                                                                            },
                                                                                            "cumulative_cardinality": 2619392,
                                                                                            "operator_type": "HASH_JOIN",
                                                                                            "operator_cardinality": 143650,
                                                                                            "cumulative_rows_scanned": 16906082,
                                                                                            "operator_rows_scanned": 0,
                                                                                            "operator_timing": 0.012953958000000002,
                                                                                            "result_set_size": 8619000,
                                                                                            "children": [
                                                                                                {
                                                                                                    "operator_name": "HASH_GROUP_BY",
                                                                                                    "cpu_time": 0.4224567049999984,
                                                                                                    "extra_info": {
                                                                                                        "Groups": "#0",
                                                                                                        "Aggregates": [
                                                                                                            "count_star()",
                                                                                                            "string_agg(DISTINCT #1)"
                                                                                                        ],
                                                                                                        "Estimated Cardinality": "1179524"
                                                                                                    },
                                                                                                    "cumulative_cardinality": 494921,
                                                                                                    "operator_type": "HASH_GROUP_BY",
                                                                                                    "operator_cardinality": 120507,
                                                                                                    "cumulative_rows_scanned": 11795256,
                                                                                                    "operator_rows_scanned": 0,
                                                                                                    "operator_timing": 0.024845308000000003,
                                                                                                    "result_set_size": 3374196,
                                                                                                    "children": [
                                                                                                        {
                                                                                                            "operator_name": "PROJECTION",
                                                                                                            "cpu_time": 0.39761139699999837,
                                                                                                            "extra_info": {
                                                                                                                "Projections": [
                                                                                                                    "postid",
                                                                                                                    "name"
                                                                                                                ],
                                                                                                                "Estimated Cardinality": "2359048"
                                                                                                            },
                                                                                                            "cumulative_cardinality": 374414,
                                                                                                            "operator_type": "PROJECTION",
                                                                                                            "operator_cardinality": 121464,
                                                                                                            "cumulative_rows_scanned": 11795256,
                                                                                                            "operator_rows_scanned": 0,
                                                                                                            "operator_timing": 0.000017473,
                                                                                                            "result_set_size": 2429280,
                                                                                                            "children": [
                                                                                                                {
                                                                                                                    "operator_name": "HASH_JOIN",
                                                                                                                    "cpu_time": 0.3975939239999984,
                                                                                                                    "extra_info": {
                                                                                                                        "Join Type": "INNER",
                                                                                                                        "Conditions": "CAST(comment AS INTEGER) = CAST(id AS INTEGER)",
                                                                                                                        "Estimated Cardinality": "2359048"
                                                                                                                    },
                                                                                                                    "cumulative_cardinality": 252950,
                                                                                                                    "operator_type": "HASH_JOIN",
                                                                                                                    "operator_cardinality": 121464,
                                                                                                                    "cumulative_rows_scanned": 11795256,
                                                                                                                    "operator_rows_scanned": 0,
                                                                                                                    "operator_timing": 0.0293727579999995,
                                                                                                                    "result_set_size": 2429280,
                                                                                                                    "children": [
                                                                                                                        {
                                                                                                                            "operator_name": "READ_PARQUET ",
                                                                                                                            "cpu_time": 0.3679133609999989,
                                                                                                                            "extra_info": {
                                                                                                                                "Function": "READ_PARQUET",
                                                                                                                                "Projections": [
                                                                                                                                    "postid",
                                                                                                                                    "comment"
                                                                                                                                ],
                                                                                                                                "Filters": "posthistorytypeid>=10 AND posthistorytypeid<=11",
                                                                                                                                "Estimated Cardinality": "2359048"
                                                                                                                            },
                                                                                                                            "cumulative_cardinality": 131474,
                                                                                                                            "operator_type": "TABLE_SCAN",
                                                                                                                            "operator_cardinality": 131474,
                                                                                                                            "cumulative_rows_scanned": 11795244,
                                                                                                                            "operator_rows_scanned": 11795244,
                                                                                                                            "operator_timing": 0.3679133609999989,
                                                                                                                            "result_set_size": 2629480,
                                                                                                                            "children": []
                                                                                                                        },
                                                                                                                        {
                                                                                                                            "operator_name": "READ_PARQUET ",
                                                                                                                            "cpu_time": 0.00030780499999999997,
                                                                                                                            "extra_info": {
                                                                                                                                "Function": "READ_PARQUET",
                                                                                                                                "Projections": [
                                                                                                                                    "id",
                                                                                                                                    "name"
                                                                                                                                ],
                                                                                                                                "Estimated Cardinality": "12"
                                                                                                                            },
                                                                                                                            "cumulative_cardinality": 12,
                                                                                                                            "operator_type": "TABLE_SCAN",
                                                                                                                            "operator_cardinality": 12,
                                                                                                                            "cumulative_rows_scanned": 12,
                                                                                                                            "operator_rows_scanned": 12,
                                                                                                                            "operator_timing": 0.00030780499999999997,
                                                                                                                            "result_set_size": 216,
                                                                                                                            "children": []
                                                                                                                        }
                                                                                                                    ]
                                                                                                                }
                                                                                                            ]
                                                                                                        }
                                                                                                    ]
                                                                                                },
                                                                                                {
                                                                                                    "operator_name": "PROJECTION",
                                                                                                    "cpu_time": 0.2168451,
                                                                                                    "extra_info": {
                                                                                                        "Projections": [
                                                                                                            "id",
                                                                                                            "title",
                                                                                                            "Author"
                                                                                                        ],
                                                                                                        "Estimated Cardinality": "770023"
                                                                                                    },
                                                                                                    "cumulative_cardinality": 1980821,
                                                                                                    "operator_type": "PROJECTION",
                                                                                                    "operator_cardinality": 143650,
                                                                                                    "cumulative_rows_scanned": 5110826,
                                                                                                    "operator_rows_scanned": 0,
                                                                                                    "operator_timing": 0.00001242000000000001,
                                                                                                    "result_set_size": 5171400,
                                                                                                    "children": [
                                                                                                        {
                                                                                                            "operator_name": "PROJECTION",
                                                                                                            "cpu_time": 0.21683268,
                                                                                                            "extra_info": {
                                                                                                                "Projections": [
                                                                                                                    "#0",
                                                                                                                    "#1",
                                                                                                                    "#2",
                                                                                                                    "#3",
                                                                                                                    "#4",
                                                                                                                    "#5"
                                                                                                                ],
                                                                                                                "Estimated Cardinality": "770023"
                                                                                                            },
                                                                                                            "cumulative_cardinality": 1837171,
                                                                                                            "operator_type": "PROJECTION",
                                                                                                            "operator_cardinality": 143650,
                                                                                                            "cumulative_rows_scanned": 5110826,
                                                                                                            "operator_rows_scanned": 0,
                                                                                                            "operator_timing": 0.00002181400000000001,
                                                                                                            "result_set_size": 7182500,
                                                                                                            "children": [
                                                                                                                {
                                                                                                                    "operator_name": "WINDOW",
                                                                                                                    "cpu_time": 0.216810866,
                                                                                                                    "extra_info": {
                                                                                                                        "Projections": "ROW_NUMBER() OVER (PARTITION BY posttypeid ORDER BY score DESC NULLS LAST)"
                                                                                                                    },
                                                                                                                    "cumulative_cardinality": 1693521,
                                                                                                                    "operator_type": "WINDOW",
                                                                                                                    "operator_cardinality": 143650,
                                                                                                                    "cumulative_rows_scanned": 5110826,
                                                                                                                    "operator_rows_scanned": 0,
                                                                                                                    "operator_timing": 0.027586495000000003,
                                                                                                                    "result_set_size": 7182500,
                                                                                                                    "children": [
                                                                                                                        {
                                                                                                                            "operator_name": "HASH_JOIN",
                                                                                                                            "cpu_time": 0.189224371,
                                                                                                                            "extra_info": {
                                                                                                                                "Join Type": "INNER",
                                                                                                                                "Conditions": "id = owneruserid",
                                                                                                                                "Estimated Cardinality": "770023"
                                                                                                                            },
                                                                                                                            "cumulative_cardinality": 1549871,
                                                                                                                            "operator_type": "HASH_JOIN",
                                                                                                                            "operator_cardinality": 143650,
                                                                                                                            "cumulative_rows_scanned": 5110826,
                                                                                                                            "operator_rows_scanned": 0,
                                                                                                                            "operator_timing": 0.03218145600000004,
                                                                                                                            "result_set_size": 6033300,
                                                                                                                            "children": [
                                                                                                                                {
                                                                                                                                    "operator_name": "READ_PARQUET ",
                                                                                                                                    "cpu_time": 0.08691820899999994,
                                                                                                                                    "extra_info": {
                                                                                                                                        "Function": "READ_PARQUET",
                                                                                                                                        "Projections": [
                                                                                                                                            "id",
                                                                                                                                            "displayname"
                                                                                                                                        ],
                                                                                                                                        "Filters": "id<=1416539",
                                                                                                                                        "Estimated Cardinality": "1260710"
                                                                                                                                    },
                                                                                                                                    "cumulative_cardinality": 1260679,
                                                                                                                                    "operator_type": "TABLE_SCAN",
                                                                                                                                    "operator_cardinality": 1260679,
                                                                                                                                    "cumulative_rows_scanned": 1260710,
                                                                                                                                    "operator_rows_scanned": 1260710,
                                                                                                                                    "operator_timing": 0.08691820899999994,
                                                                                                                                    "result_set_size": 25213580,
                                                                                                                                    "children": []
                                                                                                                                },
                                                                                                                                {
                                                                                                                                    "operator_name": "READ_PARQUET ",
                                                                                                                                    "cpu_time": 0.07012470600000001,
                                                                                                                                    "extra_info": {
                                                                                                                                        "Function": "READ_PARQUET",
                                                                                                                                        "Projections": [
                                                                                                                                            "id",
                                                                                                                                            "posttypeid",
                                                                                                                                            "score",
                                                                                                                                            "owneruserid",
                                                                                                                                            "title"
                                                                                                                                        ],
                                                                                                                                        "Filters": "creationdate>='2023-10-01 12:34:56'::TIMESTAMP",
                                                                                                                                        "Estimated Cardinality": "770023"
                                                                                                                                    },
                                                                                                                                    "cumulative_cardinality": 145542,
                                                                                                                                    "operator_type": "TABLE_SCAN",
                                                                                                                                    "operator_cardinality": 145542,
                                                                                                                                    "cumulative_rows_scanned": 3850116,
                                                                                                                                    "operator_rows_scanned": 3850116,
                                                                                                                                    "operator_timing": 0.07012470600000001,
                                                                                                                                    "result_set_size": 4366260,
                                                                                                                                    "children": []
                                                                                                                                }
                                                                                                                            ]
                                                                                                                        }
                                                                                                                    ]
                                                                                                                }
                                                                                                            ]
                                                                                                        }
                                                                                                    ]
                                                                                                }
                                                                                            ]
                                                                                        }
                                                                                    ]
                                                                                }
                                                                            ]
                                                                        }
                                                                    ]
                                                                }
                                                            ]
                                                        }
                                                    ]
                                                }
                                            ]
                                        }
                                    ]
                                }
                            ]
                        }
                    ]
                }
            ]
        }
    ]
}