{
    "rows_returned": 79825,
    "query_name": "\nWITH UserActivity AS (\n    SELECT \n        u.Id AS UserId,\n        u.DisplayName,\n        COALESCE(SUM(CASE WHEN v.VoteTypeId IN (2, 3) THEN 1 ELSE 0 END), 0) AS VoteCount,\n        COALESCE(SUM(CASE WHEN p.PostTypeId = 1 THEN 1 ELSE 0 END), 0) AS QuestionCount,\n        COALESCE(SUM(CASE WHEN p.PostTypeId = 2 THEN 1 ELSE 0 END), 0) AS AnswerCount,\n        COUNT(DISTINCT c.Id) AS CommentCount\n    FROM \n        Users u\n    LEFT JOIN \n        Posts p ON u.Id = p.OwnerUserId\n    LEFT JOIN \n        Votes v ON p.Id = v.PostId\n    LEFT JOIN \n        Comments c ON p.Id = c.PostId\n    WHERE \n        u.Reputation > 100\n    GROUP BY \n        u.Id, u.DisplayName\n),\nPostStats AS (\n    SELECT \n        p.OwnerUserId AS UserId,\n        COUNT(CASE WHEN p.AcceptedAnswerId IS NOT NULL THEN 1 END) AS AcceptedAnswerCount,\n        COUNT(p.Id) AS TotalPosts,\n        AVG(EXTRACT(EPOCH FROM (TIMESTAMP '2024-10-01 12:34:56' - p.CreationDate)) / 3600) AS AvgPostAgeHours\n    FROM \n        Posts p\n    GROUP BY \n        p.OwnerUserId\n),\nFinalStats AS (\n    SELECT \n        ua.UserId,\n        ua.DisplayName,\n        ua.VoteCount,\n        ua.QuestionCount,\n        ua.AnswerCount,\n        ua.CommentCount,\n        COALESCE(ps.AcceptedAnswerCount, 0) AS AcceptedAnswerCount,\n        COALESCE(ps.TotalPosts, 0) AS TotalPosts,\n        COALESCE(ps.AvgPostAgeHours, 0) AS AvgPostAgeHours\n    FROM \n        UserActivity ua\n    LEFT JOIN \n        PostStats ps ON ua.UserId = ps.UserId\n)\nSELECT \n    fs.DisplayName,\n    fs.VoteCount,\n    fs.QuestionCount,\n    fs.AnswerCount,\n    fs.CommentCount,\n    fs.AcceptedAnswerCount,\n    fs.TotalPosts,\n    fs.AvgPostAgeHours,\n    CASE \n        WHEN fs.AvgPostAgeHours > 24 THEN 'Inactive'\n        WHEN fs.TotalPosts > 50 THEN 'Active Contributor'\n        ELSE 'New Contributor'\n    END AS ContributorStatus\nFROM \n    FinalStats fs\nWHERE \n    fs.QuestionCount > 5\nORDER BY \n    fs.VoteCount DESC, fs.QuestionCount DESC;\n",
    "blocked_thread_time": 0.0,
    "cpu_time": 6.268219885999994,
    "extra_info": {},
    "cumulative_cardinality": 121195243,
    "cumulative_rows_scanned": 28946857,
    "result_set_size": 8940400,
    "latency": 8.093219214,
    "children": [
        {
            "operator_name": "ORDER_BY",
            "cpu_time": 6.268219885999994,
            "extra_info": {
                "Order By": [
                    "fs.VoteCount DESC",
                    "fs.QuestionCount DESC"
                ]
            },
            "cumulative_cardinality": 121195243,
            "operator_type": "ORDER_BY",
            "operator_cardinality": 79825,
            "cumulative_rows_scanned": 28946857,
            "operator_rows_scanned": 0,
            "operator_timing": 0.007771097999999998,
            "result_set_size": 8940400,
            "children": [
                {
                    "operator_name": "PROJECTION",
                    "cpu_time": 6.2604487879999935,
                    "extra_info": {
                        "Projections": [
                            "displayname",
                            "VoteCount",
                            "QuestionCount",
                            "AnswerCount",
                            "CommentCount",
                            "AcceptedAnswerCount",
                            "TotalPosts",
                            "AvgPostAgeHours",
                            "ContributorStatus"
                        ],
                        "Estimated Cardinality": "1925058"
                    },
                    "cumulative_cardinality": 121115418,
                    "operator_type": "PROJECTION",
                    "operator_cardinality": 79825,
                    "cumulative_rows_scanned": 28946857,
                    "operator_rows_scanned": 0,
                    "operator_timing": 0.0005744449999999994,
                    "result_set_size": 8940400,
                    "children": [
                        {
                            "operator_name": "PROJECTION",
                            "cpu_time": 6.259874342999994,
                            "extra_info": {
                                "Projections": [
                                    "displayname",
                                    "VoteCount",
                                    "QuestionCount",
                                    "AnswerCount",
                                    "CommentCount",
                                    "AcceptedAnswerCount",
                                    "TotalPosts",
                                    "AvgPostAgeHours"
                                ],
                                "Estimated Cardinality": "1925058"
                            },
                            "cumulative_cardinality": 121035593,
                            "operator_type": "PROJECTION",
                            "operator_cardinality": 79825,
                            "cumulative_rows_scanned": 28946857,
                            "operator_rows_scanned": 0,
                            "operator_timing": 0.003620203,
                            "result_set_size": 7663200,
                            "children": [
                                {
                                    "operator_name": "HASH_JOIN",
                                    "cpu_time": 6.256254139999994,
                                    "extra_info": {
                                        "Join Type": "RIGHT",
                                        "Conditions": "UserId = UserId",
                                        "Estimated Cardinality": "1925058"
                                    },
                                    "cumulative_cardinality": 120955768,
                                    "operator_type": "HASH_JOIN",
                                    "operator_cardinality": 79825,
                                    "cumulative_rows_scanned": 28946857,
                                    "operator_rows_scanned": 0,
                                    "operator_timing": 0.013254408000000006,
                                    "result_set_size": 7663200,
                                    "children": [
                                        {
                                            "operator_name": "HASH_GROUP_BY",
                                            "cpu_time": 0.2997226490000002,
                                            "extra_info": {
                                                "Groups": "#0",
                                                "Aggregates": [
                                                    "count(#1)",
                                                    "count_star()",
                                                    "avg(#2)"
                                                ],
                                                "Estimated Cardinality": "1925058"
                                            },
                                            "cumulative_cardinality": 8071864,
                                            "operator_type": "HASH_GROUP_BY",
                                            "operator_cardinality": 371632,
                                            "cumulative_rows_scanned": 3850116,
                                            "operator_rows_scanned": 0,
                                            "operator_timing": 0.11456653000000024,
                                            "result_set_size": 10405696,
                                            "children": [
                                                {
                                                    "operator_name": "PROJECTION",
                                                    "cpu_time": 0.18515611899999995,
                                                    "extra_info": {
                                                        "Projections": [
                                                            "owneruserid",
                                                            "CASE  WHEN ((acceptedanswerid IS NOT NULL)) THEN (1) ELSE NULL END",
                                                            "(epoch(('2024-10-01 12:34:56'::TIMESTAMP - creationdate)) / 3600.0)"
                                                        ],
                                                        "Estimated Cardinality": "3850116"
                                                    },
                                                    "cumulative_cardinality": 7700232,
                                                    "operator_type": "PROJECTION",
                                                    "operator_cardinality": 3850116,
                                                    "cumulative_rows_scanned": 3850116,
                                                    "operator_rows_scanned": 0,
                                                    "operator_timing": 0.0632094,
                                                    "result_set_size": 61601856,
                                                    "children": [
                                                        {
                                                            "operator_name": "READ_PARQUET ",
                                                            "cpu_time": 0.12194671899999994,
                                                            "extra_info": {
                                                                "Function": "READ_PARQUET",
                                                                "Projections": [
                                                                    "id",
                                                                    "acceptedanswerid",
                                                                    "creationdate",
                                                                    "owneruserid"
                                                                ],
                                                                "Estimated Cardinality": "3850116"
                                                            },
                                                            "cumulative_cardinality": 3850116,
                                                            "operator_type": "TABLE_SCAN",
                                                            "operator_cardinality": 3850116,
                                                            "cumulative_rows_scanned": 3850116,
                                                            "operator_rows_scanned": 3850116,
                                                            "operator_timing": 0.12194671899999994,
                                                            "result_set_size": 77002320,
                                                            "children": []
                                                        }
                                                    ]
                                                }
                                            ]
                                        },
                                        {
                                            "operator_name": "PROJECTION",
                                            "cpu_time": 5.943277082999994,
                                            "extra_info": {
                                                "Projections": [
                                                    "UserId",
                                                    "displayname",
                                                    "VoteCount",
                                                    "QuestionCount",
                                                    "AnswerCount",
                                                    "CommentCount"
                                                ],
                                                "Estimated Cardinality": "252142"
                                            },
                                            "cumulative_cardinality": 112804079,
                                            "operator_type": "PROJECTION",
                                            "operator_cardinality": 79825,
                                            "cumulative_rows_scanned": 25096741,
                                            "operator_rows_scanned": 0,
                                            "operator_timing": 0.0019460550000000004,
                                            "result_set_size": 6066700,
                                            "children": [
                                                {
                                                    "operator_name": "FILTER",
                                                    "cpu_time": 5.941331027999993,
                                                    "extra_info": {
                                                        "Expression": "(COALESCE(sum(CASE  WHEN ((posttypeid = CAST(1 AS SMALLINT))) THEN (CAST(1 AS INTEGER)) ELSE CAST(0 AS INTEGER) END), 0) > 5)",
                                                        "Estimated Cardinality": "252142"
                                                    },
                                                    "cumulative_cardinality": 112724254,
                                                    "operator_type": "FILTER",
                                                    "operator_cardinality": 79825,
                                                    "cumulative_rows_scanned": 25096741,
                                                    "operator_rows_scanned": 0,
                                                    "operator_timing": 0.0018651270000000011,
                                                    "result_set_size": 6066700,
                                                    "children": [
                                                        {
                                                            "operator_name": "HASH_GROUP_BY",
                                                            "cpu_time": 5.939465900999993,
                                                            "extra_info": {
                                                                "Groups": [
                                                                    "#0",
                                                                    "#1"
                                                                ],
                                                                "Aggregates": [
                                                                    "sum(#2)",
                                                                    "sum(#3)",
                                                                    "sum(#4)",
                                                                    "count(DISTINCT #5)"
                                                                ],
                                                                "Estimated Cardinality": "1260710"
                                                            },
                                                            "cumulative_cardinality": 112644429,
                                                            "operator_type": "HASH_GROUP_BY",
                                                            "operator_cardinality": 194389,
                                                            "cumulative_rows_scanned": 25096741,
                                                            "operator_rows_scanned": 0,
                                                            "operator_timing": 2.909077544000002,
                                                            "result_set_size": 14773564,
                                                            "children": [
                                                                {
                                                                    "operator_name": "PROJECTION",
                                                                    "cpu_time": 3.0303883569999908,
                                                                    "extra_info": {
                                                                        "Projections": [
                                                                            "id",
                                                                            "displayname",
                                                                            "CASE  WHEN ((votetypeid IN (2, 3))) THEN (1) ELSE 0 END",
                                                                            "CASE  WHEN ((posttypeid = 1)) THEN (1) ELSE 0 END",
                                                                            "CASE  WHEN ((posttypeid = 2)) THEN (1) ELSE 0 END",
                                                                            "id"
                                                                        ],
                                                                        "Estimated Cardinality": "12744093"
                                                                    },
                                                                    "cumulative_cardinality": 112450040,
                                                                    "operator_type": "PROJECTION",
                                                                    "operator_cardinality": 31020724,
                                                                    "cumulative_rows_scanned": 25096741,
                                                                    "operator_rows_scanned": 0,
                                                                    "operator_timing": 0.5767442969999987,
                                                                    "result_set_size": 1116746064,
                                                                    "children": [
                                                                        {
                                                                            "operator_name": "HASH_JOIN",
                                                                            "cpu_time": 2.453644059999992,
                                                                            "extra_info": {
                                                                                "Join Type": "LEFT",
                                                                                "Conditions": "id = postid",
                                                                                "Estimated Cardinality": "12744093"
                                                                            },
                                                                            "cumulative_cardinality": 81429316,
                                                                            "operator_type": "HASH_JOIN",
                                                                            "operator_cardinality": 31020724,
                                                                            "cumulative_rows_scanned": 25096741,
                                                                            "operator_rows_scanned": 0,
                                                                            "operator_timing": 1.020021910000004,
                                                                            "result_set_size": 868580272,
                                                                            "children": [
                                                                                {
                                                                                    "operator_name": "PROJECTION",
                                                                                    "cpu_time": 1.3543789329999876,
                                                                                    "extra_info": {
                                                                                        "Projections": [
                                                                                            "#0",
                                                                                            "#1",
                                                                                            "__internal_decompress_integral_smallint(#2, 1)",
                                                                                            "#3",
                                                                                            "#4"
                                                                                        ],
                                                                                        "Estimated Cardinality": "12744093"
                                                                                    },
                                                                                    "cumulative_cardinality": 43166770,
                                                                                    "operator_type": "PROJECTION",
                                                                                    "operator_cardinality": 9980689,
                                                                                    "cumulative_rows_scanned": 17854919,
                                                                                    "operator_rows_scanned": 0,
                                                                                    "operator_timing": 0.016815432000000064,
                                                                                    "result_set_size": 279459292,
                                                                                    "children": [
                                                                                        {
                                                                                            "operator_name": "HASH_JOIN",
                                                                                            "cpu_time": 1.3375635009999876,
                                                                                            "extra_info": {
                                                                                                "Join Type": "RIGHT",
                                                                                                "Conditions": "postid = id",
                                                                                                "Estimated Cardinality": "12744093"
                                                                                            },
                                                                                            "cumulative_cardinality": 33186081,
                                                                                            "operator_type": "HASH_JOIN",
                                                                                            "operator_cardinality": 9980689,
                                                                                            "cumulative_rows_scanned": 17854919,
                                                                                            "operator_rows_scanned": 0,
                                                                                            "operator_timing": 0.7923063289999872,
                                                                                            "result_set_size": 269478603,
                                                                                            "children": [
                                                                                                {
                                                                                                    "operator_name": "READ_PARQUET ",
                                                                                                    "cpu_time": 0.23715033600000046,
                                                                                                    "extra_info": {
                                                                                                        "Function": "READ_PARQUET",
                                                                                                        "Projections": [
                                                                                                            "postid",
                                                                                                            "votetypeid"
                                                                                                        ],
                                                                                                        "Estimated Cardinality": "12744093"
                                                                                                    },
                                                                                                    "cumulative_cardinality": 12744093,
                                                                                                    "operator_type": "TABLE_SCAN",
                                                                                                    "operator_cardinality": 12744093,
                                                                                                    "cumulative_rows_scanned": 12744093,
                                                                                                    "operator_rows_scanned": 12744093,
                                                                                                    "operator_timing": 0.23715033600000046,
                                                                                                    "result_set_size": 76464558,
                                                                                                    "children": []
                                                                                                },
                                                                                                {
                                                                                                    "operator_name": "PROJECTION",
                                                                                                    "cpu_time": 0.3081068359999998,
                                                                                                    "extra_info": {
                                                                                                        "Projections": [
                                                                                                            "#0",
                                                                                                            "__internal_compress_integral_utinyint(#1, 1)",
                                                                                                            "#2",
                                                                                                            "#3"
                                                                                                        ],
                                                                                                        "Estimated Cardinality": "3850116"
                                                                                                    },
                                                                                                    "cumulative_cardinality": 10461299,
                                                                                                    "operator_type": "PROJECTION",
                                                                                                    "operator_cardinality": 3291048,
                                                                                                    "cumulative_rows_scanned": 5110826,
                                                                                                    "operator_rows_scanned": 0,
                                                                                                    "operator_timing": 0.00180310900000001,
                                                                                                    "result_set_size": 82276200,
                                                                                                    "children": [
                                                                                                        {
                                                                                                            "operator_name": "HASH_JOIN",
                                                                                                            "cpu_time": 0.30630372699999975,
                                                                                                            "extra_info": {
                                                                                                                "Join Type": "RIGHT",
                                                                                                                "Conditions": "owneruserid = id",
                                                                                                                "Estimated Cardinality": "3850116"
                                                                                                            },
                                                                                                            "cumulative_cardinality": 7170251,
                                                                                                            "operator_type": "HASH_JOIN",
                                                                                                            "operator_cardinality": 3291048,
                                                                                                            "cumulative_rows_scanned": 5110826,
                                                                                                            "operator_rows_scanned": 0,
                                                                                                            "operator_timing": 0.1454039569999997,
                                                                                                            "result_set_size": 85567248,
                                                                                                            "children": [
                                                                                                                {
                                                                                                                    "operator_name": "READ_PARQUET ",
                                                                                                                    "cpu_time": 0.09547610700000002,
                                                                                                                    "extra_info": {
                                                                                                                        "Function": "READ_PARQUET",
                                                                                                                        "Projections": [
                                                                                                                            "id",
                                                                                                                            "posttypeid",
                                                                                                                            "owneruserid"
                                                                                                                        ],
                                                                                                                        "Estimated Cardinality": "3850116"
                                                                                                                    },
                                                                                                                    "cumulative_cardinality": 3684814,
                                                                                                                    "operator_type": "TABLE_SCAN",
                                                                                                                    "operator_cardinality": 3684814,
                                                                                                                    "cumulative_rows_scanned": 3850116,
                                                                                                                    "operator_rows_scanned": 3850116,
                                                                                                                    "operator_timing": 0.09547610700000002,
                                                                                                                    "result_set_size": 36848140,
                                                                                                                    "children": []
                                                                                                                },
                                                                                                                {
                                                                                                                    "operator_name": "READ_PARQUET ",
                                                                                                                    "cpu_time": 0.065423663,
                                                                                                                    "extra_info": {
                                                                                                                        "Function": "READ_PARQUET",
                                                                                                                        "Projections": [
                                                                                                                            "id",
                                                                                                                            "displayname"
                                                                                                                        ],
                                                                                                                        "Filters": "reputation>100",
                                                                                                                        "Estimated Cardinality": "252142"
                                                                                                                    },
                                                                                                                    "cumulative_cardinality": 194389,
                                                                                                                    "operator_type": "TABLE_SCAN",
                                                                                                                    "operator_cardinality": 194389,
                                                                                                                    "cumulative_rows_scanned": 1260710,
                                                                                                                    "operator_rows_scanned": 1260710,
                                                                                                                    "operator_timing": 0.065423663,
                                                                                                                    "result_set_size": 3887780,
                                                                                                                    "children": []
                                                                                                                }
                                                                                                            ]
                                                                                                        }
                                                                                                    ]
                                                                                                }
                                                                                            ]
                                                                                        }
                                                                                    ]
                                                                                },
                                                                                {
                                                                                    "operator_name": "READ_PARQUET ",
                                                                                    "cpu_time": 0.07924321700000006,
                                                                                    "extra_info": {
                                                                                        "Function": "READ_PARQUET",
                                                                                        "Projections": [
                                                                                            "id",
                                                                                            "postid"
                                                                                        ],
                                                                                        "Estimated Cardinality": "7241822"
                                                                                    },
                                                                                    "cumulative_cardinality": 7241822,
                                                                                    "operator_type": "TABLE_SCAN",
                                                                                    "operator_cardinality": 7241822,
                                                                                    "cumulative_rows_scanned": 7241822,
                                                                                    "operator_rows_scanned": 7241822,
                                                                                    "operator_timing": 0.07924321700000006,
                                                                                    "result_set_size": 57934576,
                                                                                    "children": []
                                                                                }
                                                                            ]
                                                                        }
                                                                    ]
                                                                }
                                                            ]
                                                        }
                                                    ]
                                                }
                                            ]
                                        }
                                    ]
                                }
                            ]
                        }
                    ]
                }
            ]
        }
    ]
}