{
    "rows_returned": 1094650128,
    "query_name": "WITH UserActivity AS (\n    SELECT \n        U.Id AS UserId,\n        U.DisplayName,\n        U.Reputation,\n        COUNT(DISTINCT P.Id) AS PostCount,\n        SUM(CASE WHEN V.VoteTypeId = 2 THEN 1 ELSE 0 END) AS Upvotes,\n        SUM(CASE WHEN V.VoteTypeId = 3 THEN 1 ELSE 0 END) AS Downvotes,\n        SUM(CASE WHEN V.VoteTypeId IN (2, 3) THEN 1 ELSE 0 END) AS TotalVotes\n    FROM \n        Users U\n    LEFT JOIN \n        Posts P ON U.Id = P.OwnerUserId\n    LEFT JOIN \n        Votes V ON P.Id = V.PostId\n    GROUP BY \n        U.Id, U.DisplayName, U.Reputation\n),\nPopularPosts AS (\n    SELECT \n        P.Id AS PostId,\n        P.Title,\n        P.CreationDate,\n        COUNT(CASE WHEN C.Id IS NOT NULL THEN 1 END) AS CommentCount,\n        ROW_NUMBER() OVER (ORDER BY P.Score DESC) AS Rank\n    FROM \n        Posts P\n    LEFT JOIN \n        Comments C ON P.Id = C.PostId\n    WHERE \n        P.CreationDate >= cast('2024-10-01 12:34:56' as timestamp) - INTERVAL '1 year'\n    GROUP BY \n        P.Id, P.Title, P.CreationDate, P.Score\n    HAVING COUNT(DISTINCT C.Id) > 5\n),\nPostDetails AS (\n    SELECT \n        PH.PostId,\n        PH.UserId,\n        PH.Comment AS EditComment,\n        PH.CreationDate AS EditDate,\n        P.Title\n    FROM \n        PostHistory PH\n    JOIN \n        Posts P ON PH.PostId = P.Id\n    WHERE \n        PH.PostHistoryTypeId IN (4, 5, 6)\n)\nSELECT \n    UA.UserId,\n    UA.DisplayName,\n    UA.Reputation,\n    PP.Title AS PopularPostTitle,\n    PP.CommentCount,\n    PD.EditComment,\n    PD.EditDate\nFROM \n    UserActivity UA\nJOIN \n    PopularPosts PP ON UA.PostCount > 10\nLEFT JOIN \n    PostDetails PD ON PP.PostId = PD.PostId\nWHERE \n    (UA.TotalVotes > 20 OR (UA.Reputation >= 1000 AND PP.CommentCount > 2))\nORDER BY \n    UA.Reputation DESC, PP.CommentCount DESC;",
    "blocked_thread_time": 0.0,
    "cpu_time": 4375.505665682017,
    "extra_info": {},
    "cumulative_cardinality": 3771057969,
    "cumulative_rows_scanned": 44592217,
    "result_set_size": 78814809216,
    "latency": 5948.738695385,
    "children": [
        {
            "operator_name": "ORDER_BY",
            "cpu_time": 4375.505665682017,
            "extra_info": {
                "Order By": [
                    "UA.Reputation DESC",
                    "PP.CommentCount DESC"
                ]
            },
            "cumulative_cardinality": 3771057969,
            "operator_type": "ORDER_BY",
            "operator_cardinality": 1094650128,
            "cumulative_rows_scanned": 44592217,
            "operator_rows_scanned": 0,
            "operator_timing": 4064.7084720020125,
            "result_set_size": 78814809216,
            "children": [
                {
                    "operator_name": "PROJECTION",
                    "cpu_time": 310.7971936800043,
                    "extra_info": {
                        "Projections": [
                            "UserId",
                            "displayname",
                            "reputation",
                            "PopularPostTitle",
                            "CommentCount",
                            "EditComment",
                            "EditDate"
                        ],
                        "Estimated Cardinality": "2359048"
                    },
                    "cumulative_cardinality": 2676407841,
                    "operator_type": "PROJECTION",
                    "operator_cardinality": 1094650128,
                    "cumulative_rows_scanned": 44592217,
                    "operator_rows_scanned": 0,
                    "operator_timing": 1.205049962000034,
                    "result_set_size": 78814809216,
                    "children": [
                        {
                            "operator_name": "HASH_JOIN",
                            "cpu_time": 309.59214371800425,
                            "extra_info": {
                                "Join Type": "RIGHT",
                                "Conditions": "postid = PostId",
                                "Estimated Cardinality": "2359048"
                            },
                            "cumulative_cardinality": 1581757713,
                            "operator_type": "HASH_JOIN",
                            "operator_cardinality": 1094650128,
                            "cumulative_rows_scanned": 44592217,
                            "operator_rows_scanned": 0,
                            "operator_timing": 304.3038443080043,
                            "result_set_size": 78814809216,
                            "children": [
                                {
                                    "operator_name": "PROJECTION",
                                    "cpu_time": 0.4506222200000001,
                                    "extra_info": {
                                        "Projections": [
                                            "postid",
                                            "EditComment",
                                            "EditDate"
                                        ],
                                        "Estimated Cardinality": "2359048"
                                    },
                                    "cumulative_cardinality": 4334829,
                                    "operator_type": "PROJECTION",
                                    "operator_cardinality": 161571,
                                    "cumulative_rows_scanned": 15645360,
                                    "operator_rows_scanned": 0,
                                    "operator_timing": 0.001132477,
                                    "result_set_size": 4523988,
                                    "children": [
                                        {
                                            "operator_name": "HASH_JOIN",
                                            "cpu_time": 0.44948974300000005,
                                            "extra_info": {
                                                "Join Type": "INNER",
                                                "Conditions": "postid = id",
                                                "Estimated Cardinality": "2359048"
                                            },
                                            "cumulative_cardinality": 4173258,
                                            "operator_type": "HASH_JOIN",
                                            "operator_cardinality": 161571,
                                            "cumulative_rows_scanned": 15645360,
                                            "operator_rows_scanned": 0,
                                            "operator_timing": 0.30601748200000006,
                                            "result_set_size": 5170272,
                                            "children": [
                                                {
                                                    "operator_name": "READ_PARQUET ",
                                                    "cpu_time": 0.11434453800000001,
                                                    "extra_info": {
                                                        "Function": "READ_PARQUET",
                                                        "Projections": [
                                                            "postid",
                                                            "creationdate",
                                                            "comment"
                                                        ],
                                                        "Filters": "posthistorytypeid>=4 AND posthistorytypeid<=6",
                                                        "Estimated Cardinality": "2359048"
                                                    },
                                                    "cumulative_cardinality": 161571,
                                                    "operator_type": "TABLE_SCAN",
                                                    "operator_cardinality": 161571,
                                                    "cumulative_rows_scanned": 11795244,
                                                    "operator_rows_scanned": 11795244,
                                                    "operator_timing": 0.11434453800000001,
                                                    "result_set_size": 4523988,
                                                    "children": []
                                                },
                                                {
                                                    "operator_name": "READ_PARQUET ",
                                                    "cpu_time": 0.02912772299999998,
                                                    "extra_info": {
                                                        "Function": "READ_PARQUET",
                                                        "Projections": "id",
                                                        "Estimated Cardinality": "3850116"
                                                    },
                                                    "cumulative_cardinality": 3850116,
                                                    "operator_type": "TABLE_SCAN",
                                                    "operator_cardinality": 3850116,
                                                    "cumulative_rows_scanned": 3850116,
                                                    "operator_rows_scanned": 3850116,
                                                    "operator_timing": 0.02912772299999998,
                                                    "result_set_size": 15400464,
                                                    "children": []
                                                }
                                            ]
                                        }
                                    ]
                                },
                                {
                                    "operator_name": "BLOCKWISE_NL_JOIN",
                                    "cpu_time": 4.83767718999994,
                                    "extra_info": {
                                        "Join Type": "INNER",
                                        "Condition": "((TotalVotes > 20) OR ((reputation >= 1000) AND (CommentCount > 2)))"
                                    },
                                    "cumulative_cardinality": 482772756,
                                    "operator_type": "BLOCKWISE_NL_JOIN",
                                    "operator_cardinality": 433863936,
                                    "cumulative_rows_scanned": 28946857,
                                    "operator_rows_scanned": 0,
                                    "operator_timing": 1.2988264129999443,
                                    "result_set_size": 29502747648,
                                    "children": [
                                        {
                                            "operator_name": "PROJECTION",
                                            "cpu_time": 0.18949294199999994,
                                            "extra_info": {
                                                "Projections": [
                                                    "PostId",
                                                    "title",
                                                    "CommentCount"
                                                ],
                                                "Estimated Cardinality": "770023"
                                            },
                                            "cumulative_cardinality": 1844280,
                                            "operator_type": "PROJECTION",
                                            "operator_cardinality": 14592,
                                            "cumulative_rows_scanned": 11091938,
                                            "operator_rows_scanned": 0,
                                            "operator_timing": 0.000017462,
                                            "result_set_size": 408576,
                                            "children": [
                                                {
                                                    "operator_name": "PROJECTION",
                                                    "cpu_time": 0.18947547999999995,
                                                    "extra_info": {
                                                        "Projections": [
                                                            "#0",
                                                            "#1",
                                                            "#2",
                                                            "#3",
                                                            "#4"
                                                        ],
                                                        "Estimated Cardinality": "770023"
                                                    },
                                                    "cumulative_cardinality": 1829688,
                                                    "operator_type": "PROJECTION",
                                                    "operator_cardinality": 14592,
                                                    "cumulative_rows_scanned": 11091938,
                                                    "operator_rows_scanned": 0,
                                                    "operator_timing": 0.000027721,
                                                    "result_set_size": 583680,
                                                    "children": [
                                                        {
                                                            "operator_name": "WINDOW",
                                                            "cpu_time": 0.18944775899999994,
                                                            "extra_info": {
                                                                "Projections": "ROW_NUMBER() OVER (ORDER BY score DESC NULLS LAST)"
                                                            },
                                                            "cumulative_cardinality": 1815096,
                                                            "operator_type": "WINDOW",
                                                            "operator_cardinality": 14592,
                                                            "cumulative_rows_scanned": 11091938,
                                                            "operator_rows_scanned": 0,
                                                            "operator_timing": 0.002078944,
                                                            "result_set_size": 583680,
                                                            "children": [
                                                                {
                                                                    "operator_name": "PROJECTION",
                                                                    "cpu_time": 0.18736881499999994,
                                                                    "extra_info": {
                                                                        "Projections": [
                                                                            "#0",
                                                                            "#1",
                                                                            "#3",
                                                                            "#5"
                                                                        ],
                                                                        "Estimated Cardinality": "770023"
                                                                    },
                                                                    "cumulative_cardinality": 1800504,
                                                                    "operator_type": "PROJECTION",
                                                                    "operator_cardinality": 14592,
                                                                    "cumulative_rows_scanned": 11091938,
                                                                    "operator_rows_scanned": 0,
                                                                    "operator_timing": 0.000010178,
                                                                    "result_set_size": 466944,
                                                                    "children": [
                                                                        {
                                                                            "operator_name": "FILTER",
                                                                            "cpu_time": 0.18735863699999994,
                                                                            "extra_info": {
                                                                                "Expression": "(count(DISTINCT id) > 5)",
                                                                                "Estimated Cardinality": "770023"
                                                                            },
                                                                            "cumulative_cardinality": 1785912,
                                                                            "operator_type": "FILTER",
                                                                            "operator_cardinality": 14592,
                                                                            "cumulative_rows_scanned": 11091938,
                                                                            "operator_rows_scanned": 0,
                                                                            "operator_timing": 0.00024765299999999997,
                                                                            "result_set_size": 700416,
                                                                            "children": [
                                                                                {
                                                                                    "operator_name": "PROJECTION",
                                                                                    "cpu_time": 0.18711098399999995,
                                                                                    "extra_info": {
                                                                                        "Projections": [
                                                                                            "#0",
                                                                                            "#1",
                                                                                            "#2",
                                                                                            "__internal_decompress_integral_integer(#3, -72)",
                                                                                            "#4",
                                                                                            "#5"
                                                                                        ],
                                                                                        "Estimated Cardinality": "3850116"
                                                                                    },
                                                                                    "cumulative_cardinality": 1771320,
                                                                                    "operator_type": "PROJECTION",
                                                                                    "operator_cardinality": 145542,
                                                                                    "cumulative_rows_scanned": 11091938,
                                                                                    "operator_rows_scanned": 0,
                                                                                    "operator_timing": 0.00005471800000000002,
                                                                                    "result_set_size": 6986016,
                                                                                    "children": [
                                                                                        {
                                                                                            "operator_name": "HASH_GROUP_BY",
                                                                                            "cpu_time": 0.18705626599999994,
                                                                                            "extra_info": {
                                                                                                "Groups": [
                                                                                                    "#0",
                                                                                                    "#1",
                                                                                                    "#2",
                                                                                                    "#3"
                                                                                                ],
                                                                                                "Aggregates": [
                                                                                                    "count(DISTINCT #4)",
                                                                                                    "count(#5)"
                                                                                                ],
                                                                                                "Estimated Cardinality": "3850116"
                                                                                            },
                                                                                            "cumulative_cardinality": 1625778,
                                                                                            "operator_type": "HASH_GROUP_BY",
                                                                                            "operator_cardinality": 145542,
                                                                                            "cumulative_rows_scanned": 11091938,
                                                                                            "operator_rows_scanned": 0,
                                                                                            "operator_timing": 0.08579333799999994,
                                                                                            "result_set_size": 6694932,
                                                                                            "children": [
                                                                                                {
                                                                                                    "operator_name": "PROJECTION",
                                                                                                    "cpu_time": 0.101262928,
                                                                                                    "extra_info": {
                                                                                                        "Projections": [
                                                                                                            "id",
                                                                                                            "title",
                                                                                                            "creationdate",
                                                                                                            "score",
                                                                                                            "id",
                                                                                                            "CASE  WHEN ((id IS NOT NULL)) THEN (1) ELSE NULL END"
                                                                                                        ],
                                                                                                        "Estimated Cardinality": "7241822"
                                                                                                    },
                                                                                                    "cumulative_cardinality": 1480236,
                                                                                                    "operator_type": "PROJECTION",
                                                                                                    "operator_cardinality": 349210,
                                                                                                    "cumulative_rows_scanned": 11091938,
                                                                                                    "operator_rows_scanned": 0,
                                                                                                    "operator_timing": 0.000667163,
                                                                                                    "result_set_size": 13269980,
                                                                                                    "children": [
                                                                                                        {
                                                                                                            "operator_name": "PROJECTION",
                                                                                                            "cpu_time": 0.100595765,
                                                                                                            "extra_info": {
                                                                                                                "Projections": [
                                                                                                                    "#0",
                                                                                                                    "#1",
                                                                                                                    "#2",
                                                                                                                    "__internal_compress_integral_usmallint(#3, -72)",
                                                                                                                    "#4"
                                                                                                                ],
                                                                                                                "Estimated Cardinality": "7241822"
                                                                                                            },
                                                                                                            "cumulative_cardinality": 1131026,
                                                                                                            "operator_type": "PROJECTION",
                                                                                                            "operator_cardinality": 349210,
                                                                                                            "cumulative_rows_scanned": 11091938,
                                                                                                            "operator_rows_scanned": 0,
                                                                                                            "operator_timing": 0.00017681700000000007,
                                                                                                            "result_set_size": 11873140,
                                                                                                            "children": [
                                                                                                                {
                                                                                                                    "operator_name": "HASH_JOIN",
                                                                                                                    "cpu_time": 0.10041894800000001,
                                                                                                                    "extra_info": {
                                                                                                                        "Join Type": "RIGHT",
                                                                                                                        "Conditions": "postid = id",
                                                                                                                        "Estimated Cardinality": "7241822"
                                                                                                                    },
                                                                                                                    "cumulative_cardinality": 781816,
                                                                                                                    "operator_type": "HASH_JOIN",
                                                                                                                    "operator_cardinality": 349210,
                                                                                                                    "cumulative_rows_scanned": 11091938,
                                                                                                                    "operator_rows_scanned": 0,
                                                                                                                    "operator_timing": 0.02325875900000001,
                                                                                                                    "result_set_size": 12571560,
                                                                                                                    "children": [
                                                                                                                        {
                                                                                                                            "operator_name": "READ_PARQUET ",
                                                                                                                            "cpu_time": 0.013798710000000002,
                                                                                                                            "extra_info": {
                                                                                                                                "Function": "READ_PARQUET",
                                                                                                                                "Projections": [
                                                                                                                                    "id",
                                                                                                                                    "postid"
                                                                                                                                ],
                                                                                                                                "Estimated Cardinality": "7241822"
                                                                                                                            },
                                                                                                                            "cumulative_cardinality": 287064,
                                                                                                                            "operator_type": "TABLE_SCAN",
                                                                                                                            "operator_cardinality": 287064,
                                                                                                                            "cumulative_rows_scanned": 7241822,
                                                                                                                            "operator_rows_scanned": 7241822,
                                                                                                                            "operator_timing": 0.013798710000000002,
                                                                                                                            "result_set_size": 2296512,
                                                                                                                            "children": []
                                                                                                                        },
                                                                                                                        {
                                                                                                                            "operator_name": "READ_PARQUET ",
                                                                                                                            "cpu_time": 0.063361479,
                                                                                                                            "extra_info": {
                                                                                                                                "Function": "READ_PARQUET",
                                                                                                                                "Projections": [
                                                                                                                                    "id",
                                                                                                                                    "creationdate",
                                                                                                                                    "score",
                                                                                                                                    "title"
                                                                                                                                ],
                                                                                                                                "Filters": "creationdate>='2023-10-01 12:34:56'::TIMESTAMP",
                                                                                                                                "Estimated Cardinality": "770023"
                                                                                                                            },
                                                                                                                            "cumulative_cardinality": 145542,
                                                                                                                            "operator_type": "TABLE_SCAN",
                                                                                                                            "operator_cardinality": 145542,
                                                                                                                            "cumulative_rows_scanned": 3850116,
                                                                                                                            "operator_rows_scanned": 3850116,
                                                                                                                            "operator_timing": 0.063361479,
                                                                                                                            "result_set_size": 4657344,
                                                                                                                            "children": []
                                                                                                                        }
                                                                                                                    ]
                                                                                                                }
                                                                                                            ]
                                                                                                        }
                                                                                                    ]
                                                                                                }
                                                                                            ]
                                                                                        }
                                                                                    ]
                                                                                }
                                                                            ]
                                                                        }
                                                                    ]
                                                                }
                                                            ]
                                                        }
                                                    ]
                                                }
                                            ]
                                        },
                                        {
                                            "operator_name": "PROJECTION",
                                            "cpu_time": 3.3493578349999953,
                                            "extra_info": {
                                                "Projections": [
                                                    "#0",
                                                    "#1",
                                                    "#2",
                                                    "#4"
                                                ],
                                                "Estimated Cardinality": "252142"
                                            },
                                            "cumulative_cardinality": 47064540,
                                            "operator_type": "PROJECTION",
                                            "operator_cardinality": 29733,
                                            "cumulative_rows_scanned": 17854919,
                                            "operator_rows_scanned": 0,
                                            "operator_timing": 0.000031935000000000025,
                                            "result_set_size": 1189320,
                                            "children": [
                                                {
                                                    "operator_name": "FILTER",
                                                    "cpu_time": 3.3493258999999953,
                                                    "extra_info": {
                                                        "Expression": "((PostCount > 10) AND ((TotalVotes > 20) OR (reputation >= 1000)))",
                                                        "Estimated Cardinality": "252142"
                                                    },
                                                    "cumulative_cardinality": 47034807,
                                                    "operator_type": "FILTER",
                                                    "operator_cardinality": 29733,
                                                    "cumulative_rows_scanned": 17854919,
                                                    "operator_rows_scanned": 0,
                                                    "operator_timing": 0.003142110000000001,
                                                    "result_set_size": 1427184,
                                                    "children": [
                                                        {
                                                            "operator_name": "HASH_GROUP_BY",
                                                            "cpu_time": 3.346183789999995,
                                                            "extra_info": {
                                                                "Groups": [
                                                                    "#0",
                                                                    "#1",
                                                                    "#2"
                                                                ],
                                                                "Aggregates": [
                                                                    "count(DISTINCT #3)",
                                                                    "sum(#4)"
                                                                ],
                                                                "Estimated Cardinality": "1260710"
                                                            },
                                                            "cumulative_cardinality": 47005074,
                                                            "operator_type": "HASH_GROUP_BY",
                                                            "operator_cardinality": 1260710,
                                                            "cumulative_rows_scanned": 17854919,
                                                            "operator_rows_scanned": 0,
                                                            "operator_timing": 1.689612074000001,
                                                            "result_set_size": 60514080,
                                                            "children": [
                                                                {
                                                                    "operator_name": "PROJECTION",
                                                                    "cpu_time": 1.6565717159999944,
                                                                    "extra_info": {
                                                                        "Projections": [
                                                                            "id",
                                                                            "displayname",
                                                                            "reputation",
                                                                            "id",
                                                                            "CASE  WHEN ((votetypeid IN (2, 3))) THEN (1) ELSE 0 END"
                                                                        ],
                                                                        "Estimated Cardinality": "12744093"
                                                                    },
                                                                    "cumulative_cardinality": 45744364,
                                                                    "operator_type": "PROJECTION",
                                                                    "operator_cardinality": 11739825,
                                                                    "cumulative_rows_scanned": 17854919,
                                                                    "operator_rows_scanned": 0,
                                                                    "operator_timing": 0.11578281399999993,
                                                                    "result_set_size": 375674400,
                                                                    "children": [
                                                                        {
                                                                            "operator_name": "HASH_JOIN",
                                                                            "cpu_time": 1.5407889019999945,
                                                                            "extra_info": {
                                                                                "Join Type": "RIGHT",
                                                                                "Conditions": "postid = id",
                                                                                "Estimated Cardinality": "12744093"
                                                                            },
                                                                            "cumulative_cardinality": 34004539,
                                                                            "operator_type": "HASH_JOIN",
                                                                            "operator_cardinality": 11739825,
                                                                            "cumulative_rows_scanned": 17854919,
                                                                            "operator_rows_scanned": 0,
                                                                            "operator_timing": 0.8676948809999954,
                                                                            "result_set_size": 352194750,
                                                                            "children": [
                                                                                {
                                                                                    "operator_name": "READ_PARQUET ",
                                                                                    "cpu_time": 0.21722892899999965,
                                                                                    "extra_info": {
                                                                                        "Function": "READ_PARQUET",
                                                                                        "Projections": [
                                                                                            "postid",
                                                                                            "votetypeid"
                                                                                        ],
                                                                                        "Estimated Cardinality": "12744093"
                                                                                    },
                                                                                    "cumulative_cardinality": 12744093,
                                                                                    "operator_type": "TABLE_SCAN",
                                                                                    "operator_cardinality": 12744093,
                                                                                    "cumulative_rows_scanned": 12744093,
                                                                                    "operator_rows_scanned": 12744093,
                                                                                    "operator_timing": 0.21722892899999965,
                                                                                    "result_set_size": 76464558,
                                                                                    "children": []
                                                                                },
                                                                                {
                                                                                    "operator_name": "HASH_JOIN",
                                                                                    "cpu_time": 0.4558650919999996,
                                                                                    "extra_info": {
                                                                                        "Join Type": "RIGHT",
                                                                                        "Conditions": "owneruserid = id",
                                                                                        "Estimated Cardinality": "3850116"
                                                                                    },
                                                                                    "cumulative_cardinality": 9520621,
                                                                                    "operator_type": "HASH_JOIN",
                                                                                    "operator_cardinality": 4574495,
                                                                                    "cumulative_rows_scanned": 5110826,
                                                                                    "operator_rows_scanned": 0,
                                                                                    "operator_timing": 0.27546707599999976,
                                                                                    "result_set_size": 128085860,
                                                                                    "children": [
                                                                                        {
                                                                                            "operator_name": "READ_PARQUET ",
                                                                                            "cpu_time": 0.09522751399999987,
                                                                                            "extra_info": {
                                                                                                "Function": "READ_PARQUET",
                                                                                                "Projections": [
                                                                                                    "id",
                                                                                                    "owneruserid"
                                                                                                ],
                                                                                                "Estimated Cardinality": "3850116"
                                                                                            },
                                                                                            "cumulative_cardinality": 3685416,
                                                                                            "operator_type": "TABLE_SCAN",
                                                                                            "operator_cardinality": 3685416,
                                                                                            "cumulative_rows_scanned": 3850116,
                                                                                            "operator_rows_scanned": 3850116,
                                                                                            "operator_timing": 0.09522751399999987,
                                                                                            "result_set_size": 29483328,
                                                                                            "children": []
                                                                                        },
                                                                                        {
                                                                                            "operator_name": "READ_PARQUET ",
                                                                                            "cpu_time": 0.08517050200000001,
                                                                                            "extra_info": {
                                                                                                "Function": "READ_PARQUET",
                                                                                                "Projections": [
                                                                                                    "id",
                                                                                                    "reputation",
                                                                                                    "displayname"
                                                                                                ],
                                                                                                "Estimated Cardinality": "1260710"
                                                                                            },
                                                                                            "cumulative_cardinality": 1260710,
                                                                                            "operator_type": "TABLE_SCAN",
                                                                                            "operator_cardinality": 1260710,
                                                                                            "cumulative_rows_scanned": 1260710,
                                                                                            "operator_rows_scanned": 1260710,
                                                                                            "operator_timing": 0.08517050200000001,
                                                                                            "result_set_size": 30257040,
                                                                                            "children": []
                                                                                        }
                                                                                    ]
                                                                                }
                                                                            ]
                                                                        }
                                                                    ]
                                                                }
                                                            ]
                                                        }
                                                    ]
                                                }
                                            ]
                                        }
                                    ]
                                }
                            ]
                        }
                    ]
                }
            ]
        }
    ]
}