{
    "rows_returned": 10,
    "query_name": "\nWITH UserBadges AS (\n    SELECT U.Id AS UserId, \n           SUM(CASE WHEN B.Class = 1 THEN 1 ELSE 0 END) AS GoldBadges,\n           SUM(CASE WHEN B.Class = 2 THEN 1 ELSE 0 END) AS SilverBadges,\n           SUM(CASE WHEN B.Class = 3 THEN 1 ELSE 0 END) AS BronzeBadges\n    FROM Users U\n    LEFT JOIN Badges B ON U.Id = B.UserId\n    GROUP BY U.Id\n), \nPostStats AS (\n    SELECT P.OwnerUserId, \n           COUNT(CASE WHEN P.PostTypeId = 1 THEN 1 END) AS QuestionCount,\n           COUNT(CASE WHEN P.PostTypeId = 2 THEN 1 END) AS AnswerCount,\n           SUM(P.Score) AS TotalScore,\n           SUM(P.ViewCount) AS TotalViews,\n           AVG(EXTRACT(EPOCH FROM (P.CreationDate - U.CreationDate)) / 86400) AS AverageAccountAge\n    FROM Posts P\n    JOIN Users U ON P.OwnerUserId = U.Id\n    GROUP BY P.OwnerUserId\n),\nUserPerformance AS (\n    SELECT UB.UserId,\n           COALESCE(UB.GoldBadges, 0) AS GoldBadges,\n           COALESCE(UB.SilverBadges, 0) AS SilverBadges,\n           COALESCE(UB.BronzeBadges, 0) AS BronzeBadges,\n           COALESCE(PS.QuestionCount, 0) AS QuestionsPosted,\n           COALESCE(PS.AnswerCount, 0) AS AnswersPosted,\n           COALESCE(PS.TotalScore, 0) AS Score,\n           COALESCE(PS.TotalViews, 0) AS Views,\n           PS.AverageAccountAge\n    FROM UserBadges UB\n    FULL OUTER JOIN PostStats PS ON UB.UserId = PS.OwnerUserId\n)\nSELECT UP.UserId, \n       U.DisplayName,\n       UP.GoldBadges, \n       UP.SilverBadges, \n       UP.BronzeBadges, \n       UP.QuestionsPosted, \n       UP.AnswersPosted, \n       UP.Score, \n       UP.Views, \n       UP.AverageAccountAge\nFROM UserPerformance UP\nJOIN Users U ON UP.UserId = U.Id\nWHERE U.Reputation > 100\nORDER BY UP.Score DESC, U.Reputation DESC \nLIMIT 10;\n",
    "blocked_thread_time": 0.0,
    "cpu_time": 1.6787070809999995,
    "extra_info": {},
    "cumulative_cardinality": 26707231,
    "cumulative_rows_scanned": 9953970,
    "result_set_size": 1240,
    "latency": 1.840058096,
    "children": [
        {
            "operator_name": "PROJECTION",
            "cpu_time": 1.6787070809999995,
            "extra_info": {
                "Projections": [
                    "#0",
                    "#1",
                    "#2",
                    "#3",
                    "#4",
                    "#5",
                    "#6",
                    "#7",
                    "#8",
                    "#9"
                ],
                "Estimated Cardinality": "10"
            },
            "cumulative_cardinality": 26707231,
            "operator_type": "PROJECTION",
            "operator_cardinality": 10,
            "cumulative_rows_scanned": 9953970,
            "operator_rows_scanned": 0,
            "operator_timing": 0.000003507,
            "result_set_size": 1240,
            "children": [
                {
                    "operator_name": "STREAMING_LIMIT",
                    "cpu_time": 1.6787035739999996,
                    "extra_info": {},
                    "cumulative_cardinality": 26707221,
                    "operator_type": "STREAMING_LIMIT",
                    "operator_cardinality": 10,
                    "cumulative_rows_scanned": 9953970,
                    "operator_rows_scanned": 0,
                    "operator_timing": 0.000004068,
                    "result_set_size": 1280,
                    "children": [
                        {
                            "operator_name": "ORDER_BY",
                            "cpu_time": 1.6786995059999996,
                            "extra_info": {
                                "Order By": [
                                    "UP.Score DESC",
                                    "reputation DESC"
                                ]
                            },
                            "cumulative_cardinality": 26707211,
                            "operator_type": "ORDER_BY",
                            "operator_cardinality": 4096,
                            "cumulative_rows_scanned": 9953970,
                            "operator_rows_scanned": 0,
                            "operator_timing": 0.026696337000000014,
                            "result_set_size": 524288,
                            "children": [
                                {
                                    "operator_name": "PROJECTION",
                                    "cpu_time": 1.6520031689999997,
                                    "extra_info": {
                                        "Projections": [
                                            "UserId",
                                            "displayname",
                                            "GoldBadges",
                                            "SilverBadges",
                                            "BronzeBadges",
                                            "QuestionsPosted",
                                            "AnswersPosted",
                                            "Score",
                                            "Views",
                                            "AverageAccountAge",
                                            "reputation"
                                        ],
                                        "Estimated Cardinality": "385011"
                                    },
                                    "cumulative_cardinality": 26703115,
                                    "operator_type": "PROJECTION",
                                    "operator_cardinality": 194389,
                                    "cumulative_rows_scanned": 9953970,
                                    "operator_rows_scanned": 0,
                                    "operator_timing": 0.00026801400000000007,
                                    "result_set_size": 24881792,
                                    "children": [
                                        {
                                            "operator_name": "HASH_JOIN",
                                            "cpu_time": 1.6517351549999997,
                                            "extra_info": {
                                                "Join Type": "INNER",
                                                "Conditions": "UserId = id",
                                                "Estimated Cardinality": "385011"
                                            },
                                            "cumulative_cardinality": 26508726,
                                            "operator_type": "HASH_JOIN",
                                            "operator_cardinality": 194389,
                                            "cumulative_rows_scanned": 9953970,
                                            "operator_rows_scanned": 0,
                                            "operator_timing": 0.05087751199999999,
                                            "result_set_size": 24881792,
                                            "children": [
                                                {
                                                    "operator_name": "PROJECTION",
                                                    "cpu_time": 1.5344142869999995,
                                                    "extra_info": {
                                                        "Projections": [
                                                            "UserId",
                                                            "GoldBadges",
                                                            "SilverBadges",
                                                            "BronzeBadges",
                                                            "QuestionsPosted",
                                                            "AnswersPosted",
                                                            "Score",
                                                            "Views",
                                                            "AverageAccountAge"
                                                        ],
                                                        "Estimated Cardinality": "1925058"
                                                    },
                                                    "cumulative_cardinality": 26119948,
                                                    "operator_type": "PROJECTION",
                                                    "operator_cardinality": 1260710,
                                                    "cumulative_rows_scanned": 8693260,
                                                    "operator_rows_scanned": 0,
                                                    "operator_timing": 0.05527850399999998,
                                                    "result_set_size": 136156680,
                                                    "children": [
                                                        {
                                                            "operator_name": "HASH_JOIN",
                                                            "cpu_time": 1.4791357829999996,
                                                            "extra_info": {
                                                                "Join Type": "FULL",
                                                                "Conditions": "owneruserid = UserId",
                                                                "Estimated Cardinality": "1925058"
                                                            },
                                                            "cumulative_cardinality": 24859238,
                                                            "operator_type": "HASH_JOIN",
                                                            "operator_cardinality": 1260710,
                                                            "cumulative_rows_scanned": 8693260,
                                                            "operator_rows_scanned": 0,
                                                            "operator_timing": 0.11039844700000001,
                                                            "result_set_size": 136156680,
                                                            "children": [
                                                                {
                                                                    "operator_name": "HASH_GROUP_BY",
                                                                    "cpu_time": 0.7565326119999994,
                                                                    "extra_info": {
                                                                        "Groups": "#0",
                                                                        "Aggregates": [
                                                                            "count(#1)",
                                                                            "count(#2)",
                                                                            "sum(#3)",
                                                                            "sum(#4)",
                                                                            "avg(#5)"
                                                                        ],
                                                                        "Estimated Cardinality": "1925058"
                                                                    },
                                                                    "cumulative_cardinality": 12688558,
                                                                    "operator_type": "HASH_GROUP_BY",
                                                                    "operator_cardinality": 371631,
                                                                    "cumulative_rows_scanned": 5110826,
                                                                    "operator_rows_scanned": 0,
                                                                    "operator_timing": 0.211267491,
                                                                    "result_set_size": 22297860,
                                                                    "children": [
                                                                        {
                                                                            "operator_name": "PROJECTION",
                                                                            "cpu_time": 0.5452651209999995,
                                                                            "extra_info": {
                                                                                "Projections": [
                                                                                    "owneruserid",
                                                                                    "CASE  WHEN ((posttypeid = 1)) THEN (1) ELSE NULL END",
                                                                                    "CASE  WHEN ((posttypeid = 2)) THEN (1) ELSE NULL END",
                                                                                    "score",
                                                                                    "viewcount",
                                                                                    "(epoch((creationdate - creationdate)) / 86400.0)"
                                                                                ],
                                                                                "Estimated Cardinality": "3850116"
                                                                            },
                                                                            "cumulative_cardinality": 12316927,
                                                                            "operator_type": "PROJECTION",
                                                                            "operator_cardinality": 3685416,
                                                                            "cumulative_rows_scanned": 5110826,
                                                                            "operator_rows_scanned": 0,
                                                                            "operator_timing": 0.09713576799999982,
                                                                            "result_set_size": 103191648,
                                                                            "children": [
                                                                                {
                                                                                    "operator_name": "HASH_JOIN",
                                                                                    "cpu_time": 0.4481293529999996,
                                                                                    "extra_info": {
                                                                                        "Join Type": "INNER",
                                                                                        "Conditions": "owneruserid = id",
                                                                                        "Estimated Cardinality": "3850116"
                                                                                    },
                                                                                    "cumulative_cardinality": 8631511,
                                                                                    "operator_type": "HASH_JOIN",
                                                                                    "operator_cardinality": 3685416,
                                                                                    "cumulative_rows_scanned": 5110826,
                                                                                    "operator_rows_scanned": 0,
                                                                                    "operator_timing": 0.22075716099999967,
                                                                                    "result_set_size": 110562480,
                                                                                    "children": [
                                                                                        {
                                                                                            "operator_name": "READ_PARQUET ",
                                                                                            "cpu_time": 0.19828655299999995,
                                                                                            "extra_info": {
                                                                                                "Function": "READ_PARQUET",
                                                                                                "Projections": [
                                                                                                    "posttypeid",
                                                                                                    "creationdate",
                                                                                                    "score",
                                                                                                    "viewcount",
                                                                                                    "owneruserid"
                                                                                                ],
                                                                                                "Estimated Cardinality": "3850116"
                                                                                            },
                                                                                            "cumulative_cardinality": 3685416,
                                                                                            "operator_type": "TABLE_SCAN",
                                                                                            "operator_cardinality": 3685416,
                                                                                            "cumulative_rows_scanned": 3850116,
                                                                                            "operator_rows_scanned": 3850116,
                                                                                            "operator_timing": 0.19828655299999995,
                                                                                            "result_set_size": 81079152,
                                                                                            "children": []
                                                                                        },
                                                                                        {
                                                                                            "operator_name": "READ_PARQUET ",
                                                                                            "cpu_time": 0.029085639,
                                                                                            "extra_info": {
                                                                                                "Function": "READ_PARQUET",
                                                                                                "Projections": [
                                                                                                    "id",
                                                                                                    "creationdate"
                                                                                                ],
                                                                                                "Filters": "id<=1416539",
                                                                                                "Estimated Cardinality": "1260710"
                                                                                            },
                                                                                            "cumulative_cardinality": 1260679,
                                                                                            "operator_type": "TABLE_SCAN",
                                                                                            "operator_cardinality": 1260679,
                                                                                            "cumulative_rows_scanned": 1260710,
                                                                                            "operator_rows_scanned": 1260710,
                                                                                            "operator_timing": 0.029085639,
                                                                                            "result_set_size": 15128148,
                                                                                            "children": []
                                                                                        }
                                                                                    ]
                                                                                }
                                                                            ]
                                                                        }
                                                                    ]
                                                                },
                                                                {
                                                                    "operator_name": "HASH_GROUP_BY",
                                                                    "cpu_time": 0.6122047240000001,
                                                                    "extra_info": {
                                                                        "Groups": "#0",
                                                                        "Aggregates": [
                                                                            "sum(#1)",
                                                                            "sum(#2)",
                                                                            "sum(#3)"
                                                                        ],
                                                                        "Estimated Cardinality": "1260710"
                                                                    },
                                                                    "cumulative_cardinality": 10909970,
                                                                    "operator_type": "HASH_GROUP_BY",
                                                                    "operator_cardinality": 1260710,
                                                                    "cumulative_rows_scanned": 3582434,
                                                                    "operator_rows_scanned": 0,
                                                                    "operator_timing": 0.36551651000000007,
                                                                    "result_set_size": 65556920,
                                                                    "children": [
                                                                        {
                                                                            "operator_name": "PROJECTION",
                                                                            "cpu_time": 0.24668821400000007,
                                                                            "extra_info": {
                                                                                "Projections": [
                                                                                    "id",
                                                                                    "CASE  WHEN ((class = 1)) THEN (1) ELSE 0 END",
                                                                                    "CASE  WHEN ((class = 2)) THEN (1) ELSE 0 END",
                                                                                    "CASE  WHEN ((class = 3)) THEN (1) ELSE 0 END"
                                                                                ],
                                                                                "Estimated Cardinality": "2321724"
                                                                            },
                                                                            "cumulative_cardinality": 9649260,
                                                                            "operator_type": "PROJECTION",
                                                                            "operator_cardinality": 3033413,
                                                                            "cumulative_rows_scanned": 3582434,
                                                                            "operator_rows_scanned": 0,
                                                                            "operator_timing": 0.01630287200000002,
                                                                            "result_set_size": 48534608,
                                                                            "children": [
                                                                                {
                                                                                    "operator_name": "HASH_JOIN",
                                                                                    "cpu_time": 0.23038534200000005,
                                                                                    "extra_info": {
                                                                                        "Join Type": "RIGHT",
                                                                                        "Conditions": "userid = id",
                                                                                        "Estimated Cardinality": "2321724"
                                                                                    },
                                                                                    "cumulative_cardinality": 6615847,
                                                                                    "operator_type": "HASH_JOIN",
                                                                                    "operator_cardinality": 3033413,
                                                                                    "cumulative_rows_scanned": 3582434,
                                                                                    "operator_rows_scanned": 0,
                                                                                    "operator_timing": 0.180242822,
                                                                                    "result_set_size": 18200478,
                                                                                    "children": [
                                                                                        {
                                                                                            "operator_name": "READ_PARQUET ",
                                                                                            "cpu_time": 0.043630114000000025,
                                                                                            "extra_info": {
                                                                                                "Function": "READ_PARQUET",
                                                                                                "Projections": [
                                                                                                    "userid",
                                                                                                    "class"
                                                                                                ],
                                                                                                "Estimated Cardinality": "2321724"
                                                                                            },
                                                                                            "cumulative_cardinality": 2321724,
                                                                                            "operator_type": "TABLE_SCAN",
                                                                                            "operator_cardinality": 2321724,
                                                                                            "cumulative_rows_scanned": 2321724,
                                                                                            "operator_rows_scanned": 2321724,
                                                                                            "operator_timing": 0.043630114000000025,
                                                                                            "result_set_size": 13930344,
                                                                                            "children": []
                                                                                        },
                                                                                        {
                                                                                            "operator_name": "READ_PARQUET ",
                                                                                            "cpu_time": 0.006512406000000019,
                                                                                            "extra_info": {
                                                                                                "Function": "READ_PARQUET",
                                                                                                "Projections": "id",
                                                                                                "Estimated Cardinality": "1260710"
                                                                                            },
                                                                                            "cumulative_cardinality": 1260710,
                                                                                            "operator_type": "TABLE_SCAN",
                                                                                            "operator_cardinality": 1260710,
                                                                                            "cumulative_rows_scanned": 1260710,
                                                                                            "operator_rows_scanned": 1260710,
                                                                                            "operator_timing": 0.006512406000000019,
                                                                                            "result_set_size": 5042840,
                                                                                            "children": []
                                                                                        }
                                                                                    ]
                                                                                }
                                                                            ]
                                                                        }
                                                                    ]
                                                                }
                                                            ]
                                                        }
                                                    ]
                                                },
                                                {
                                                    "operator_name": "READ_PARQUET ",
                                                    "cpu_time": 0.06644335600000008,
                                                    "extra_info": {
                                                        "Function": "READ_PARQUET",
                                                        "Projections": [
                                                            "id",
                                                            "reputation",
                                                            "displayname"
                                                        ],
                                                        "Filters": "reputation>100",
                                                        "Estimated Cardinality": "252142"
                                                    },
                                                    "cumulative_cardinality": 194389,
                                                    "operator_type": "TABLE_SCAN",
                                                    "operator_cardinality": 194389,
                                                    "cumulative_rows_scanned": 1260710,
                                                    "operator_rows_scanned": 1260710,
                                                    "operator_timing": 0.06644335600000008,
                                                    "result_set_size": 4665336,
                                                    "children": []
                                                }
                                            ]
                                        }
                                    ]
                                }
                            ]
                        }
                    ]
                }
            ]
        }
    ]
}