{
    "rows_returned": 10,
    "query_name": "WITH UserReputation AS (\n    SELECT u.Id AS UserId, u.Reputation, COUNT(b.Id) AS BadgeCount\n    FROM Users u\n    LEFT JOIN Badges b ON u.Id = b.UserId\n    GROUP BY u.Id, u.Reputation\n), \nPostActivity AS (\n    SELECT p.OwnerUserId, COUNT(p.Id) AS PostCount, SUM(p.Score) AS TotalScore, AVG(p.ViewCount) AS AvgViewCount\n    FROM Posts p\n    WHERE p.CreationDate >= cast('2024-10-01 12:34:56' as timestamp) - INTERVAL '1 year'\n    GROUP BY p.OwnerUserId\n),\nActiveUsers AS (\n    SELECT u.Id AS UserId, u.DisplayName, u.Reputation, ur.BadgeCount, pa.PostCount, pa.TotalScore, pa.AvgViewCount\n    FROM Users u\n    JOIN UserReputation ur ON u.Id = ur.UserId\n    JOIN PostActivity pa ON u.Id = pa.OwnerUserId\n    WHERE u.LastAccessDate >= cast('2024-10-01 12:34:56' as timestamp) - INTERVAL '1 month' AND u.Reputation > 1000\n)\nSELECT au.UserId, au.DisplayName, au.Reputation, au.BadgeCount, au.PostCount, au.TotalScore, au.AvgViewCount, \n       CASE \n           WHEN au.Reputation > 5000 THEN 'Expert'\n           WHEN au.Reputation > 1000 THEN 'Active'\n           ELSE 'Newcomer'\n       END AS UserLevel\nFROM ActiveUsers au\nORDER BY au.Reputation DESC, au.PostCount DESC\nLIMIT 10;",
    "blocked_thread_time": 0.0,
    "cpu_time": 0.5697087289999998,
    "extra_info": {},
    "cumulative_cardinality": 15559662,
    "cumulative_rows_scanned": 8693260,
    "result_set_size": 800,
    "latency": 0.611936854,
    "children": [
        {
            "operator_name": "STREAMING_LIMIT",
            "cpu_time": 0.5697087289999998,
            "extra_info": {},
            "cumulative_cardinality": 15559662,
            "operator_type": "STREAMING_LIMIT",
            "operator_cardinality": 10,
            "cumulative_rows_scanned": 8693260,
            "operator_rows_scanned": 0,
            "operator_timing": 0.000001743,
            "result_set_size": 800,
            "children": [
                {
                    "operator_name": "PROJECTION",
                    "cpu_time": 0.5697069859999998,
                    "extra_info": {
                        "Projections": [
                            "#0",
                            "#1",
                            "#2",
                            "#3",
                            "#4",
                            "#5",
                            "#6",
                            "__internal_decompress_string(#7)"
                        ],
                        "Estimated Cardinality": "77002"
                    },
                    "cumulative_cardinality": 15559652,
                    "operator_type": "PROJECTION",
                    "operator_cardinality": 3148,
                    "cumulative_rows_scanned": 8693260,
                    "operator_rows_scanned": 0,
                    "operator_timing": 0.000041476999999999996,
                    "result_set_size": 251840,
                    "children": [
                        {
                            "operator_name": "ORDER_BY",
                            "cpu_time": 0.5696655089999998,
                            "extra_info": {
                                "Order By": [
                                    "au.Reputation DESC",
                                    "au.PostCount DESC"
                                ]
                            },
                            "cumulative_cardinality": 15556504,
                            "operator_type": "ORDER_BY",
                            "operator_cardinality": 3148,
                            "cumulative_rows_scanned": 8693260,
                            "operator_rows_scanned": 0,
                            "operator_timing": 0.00038118699999999995,
                            "result_set_size": 251840,
                            "children": [
                                {
                                    "operator_name": "PROJECTION",
                                    "cpu_time": 0.5692843219999998,
                                    "extra_info": {
                                        "Projections": [
                                            "#0",
                                            "#1",
                                            "#2",
                                            "#3",
                                            "#4",
                                            "#5",
                                            "#6",
                                            "__internal_compress_string_hugeint(#7)"
                                        ],
                                        "Estimated Cardinality": "77002"
                                    },
                                    "cumulative_cardinality": 15553356,
                                    "operator_type": "PROJECTION",
                                    "operator_cardinality": 3148,
                                    "cumulative_rows_scanned": 8693260,
                                    "operator_rows_scanned": 0,
                                    "operator_timing": 0.00005091500000000001,
                                    "result_set_size": 251840,
                                    "children": [
                                        {
                                            "operator_name": "PROJECTION",
                                            "cpu_time": 0.5692334069999998,
                                            "extra_info": {
                                                "Projections": [
                                                    "UserId",
                                                    "displayname",
                                                    "reputation",
                                                    "BadgeCount",
                                                    "PostCount",
                                                    "TotalScore",
                                                    "AvgViewCount",
                                                    "UserLevel"
                                                ],
                                                "Estimated Cardinality": "77002"
                                            },
                                            "cumulative_cardinality": 15550208,
                                            "operator_type": "PROJECTION",
                                            "operator_cardinality": 3148,
                                            "cumulative_rows_scanned": 8693260,
                                            "operator_rows_scanned": 0,
                                            "operator_timing": 0.000085307,
                                            "result_set_size": 251840,
                                            "children": [
                                                {
                                                    "operator_name": "PROJECTION",
                                                    "cpu_time": 0.5691480999999998,
                                                    "extra_info": {
                                                        "Projections": [
                                                            "UserId",
                                                            "displayname",
                                                            "reputation",
                                                            "BadgeCount",
                                                            "PostCount",
                                                            "TotalScore",
                                                            "AvgViewCount"
                                                        ],
                                                        "Estimated Cardinality": "77002"
                                                    },
                                                    "cumulative_cardinality": 15547060,
                                                    "operator_type": "PROJECTION",
                                                    "operator_cardinality": 3148,
                                                    "cumulative_rows_scanned": 8693260,
                                                    "operator_rows_scanned": 0,
                                                    "operator_timing": 0.000013094999999999999,
                                                    "result_set_size": 201472,
                                                    "children": [
                                                        {
                                                            "operator_name": "HASH_JOIN",
                                                            "cpu_time": 0.5691350049999998,
                                                            "extra_info": {
                                                                "Join Type": "INNER",
                                                                "Conditions": "UserId = id",
                                                                "Estimated Cardinality": "77002"
                                                            },
                                                            "cumulative_cardinality": 15543912,
                                                            "operator_type": "HASH_JOIN",
                                                            "operator_cardinality": 3148,
                                                            "cumulative_rows_scanned": 8693260,
                                                            "operator_rows_scanned": 0,
                                                            "operator_timing": 0.014065316000000022,
                                                            "result_set_size": 201472,
                                                            "children": [
                                                                {
                                                                    "operator_name": "PROJECTION",
                                                                    "cpu_time": 0.4531743399999998,
                                                                    "extra_info": {
                                                                        "Projections": [
                                                                            "UserId",
                                                                            "BadgeCount"
                                                                        ],
                                                                        "Estimated Cardinality": "1260710"
                                                                    },
                                                                    "cumulative_cardinality": 15203969,
                                                                    "operator_type": "PROJECTION",
                                                                    "operator_cardinality": 1260679,
                                                                    "cumulative_rows_scanned": 3582434,
                                                                    "operator_rows_scanned": 0,
                                                                    "operator_timing": 0.0000955689999999999,
                                                                    "result_set_size": 15128148,
                                                                    "children": [
                                                                        {
                                                                            "operator_name": "HASH_GROUP_BY",
                                                                            "cpu_time": 0.45307877099999977,
                                                                            "extra_info": {
                                                                                "Groups": [
                                                                                    "#0",
                                                                                    "#1"
                                                                                ],
                                                                                "Aggregates": "count(#2)",
                                                                                "Estimated Cardinality": "1260710"
                                                                            },
                                                                            "cumulative_cardinality": 13943290,
                                                                            "operator_type": "HASH_GROUP_BY",
                                                                            "operator_cardinality": 1260679,
                                                                            "cumulative_rows_scanned": 3582434,
                                                                            "operator_rows_scanned": 0,
                                                                            "operator_timing": 0.20195835999999984,
                                                                            "result_set_size": 20170864,
                                                                            "children": [
                                                                                {
                                                                                    "operator_name": "PROJECTION",
                                                                                    "cpu_time": 0.25112041099999993,
                                                                                    "extra_info": {
                                                                                        "Projections": [
                                                                                            "id",
                                                                                            "reputation",
                                                                                            "id"
                                                                                        ],
                                                                                        "Estimated Cardinality": "2321724"
                                                                                    },
                                                                                    "cumulative_cardinality": 12682611,
                                                                                    "operator_type": "PROJECTION",
                                                                                    "operator_cardinality": 3033382,
                                                                                    "cumulative_rows_scanned": 3582434,
                                                                                    "operator_rows_scanned": 0,
                                                                                    "operator_timing": 0.00035956699999999944,
                                                                                    "result_set_size": 36400584,
                                                                                    "children": [
                                                                                        {
                                                                                            "operator_name": "FILTER",
                                                                                            "cpu_time": 0.2507608439999999,
                                                                                            "extra_info": {
                                                                                                "Expression": "(id <= 1416539)",
                                                                                                "Estimated Cardinality": "2321724"
                                                                                            },
                                                                                            "cumulative_cardinality": 9649229,
                                                                                            "operator_type": "FILTER",
                                                                                            "operator_cardinality": 3033382,
                                                                                            "cumulative_rows_scanned": 3582434,
                                                                                            "operator_rows_scanned": 0,
                                                                                            "operator_timing": 0.0037069139999999913,
                                                                                            "result_set_size": 36400584,
                                                                                            "children": [
                                                                                                {
                                                                                                    "operator_name": "HASH_JOIN",
                                                                                                    "cpu_time": 0.24705392999999995,
                                                                                                    "extra_info": {
                                                                                                        "Join Type": "RIGHT",
                                                                                                        "Conditions": "userid = id",
                                                                                                        "Estimated Cardinality": "2321724"
                                                                                                    },
                                                                                                    "cumulative_cardinality": 6615847,
                                                                                                    "operator_type": "HASH_JOIN",
                                                                                                    "operator_cardinality": 3033413,
                                                                                                    "cumulative_rows_scanned": 3582434,
                                                                                                    "operator_rows_scanned": 0,
                                                                                                    "operator_timing": 0.18548837699999995,
                                                                                                    "result_set_size": 36400956,
                                                                                                    "children": [
                                                                                                        {
                                                                                                            "operator_name": "READ_PARQUET ",
                                                                                                            "cpu_time": 0.04723117400000002,
                                                                                                            "extra_info": {
                                                                                                                "Function": "READ_PARQUET",
                                                                                                                "Projections": [
                                                                                                                    "id",
                                                                                                                    "userid"
                                                                                                                ],
                                                                                                                "Estimated Cardinality": "2321724"
                                                                                                            },
                                                                                                            "cumulative_cardinality": 2321724,
                                                                                                            "operator_type": "TABLE_SCAN",
                                                                                                            "operator_cardinality": 2321724,
                                                                                                            "cumulative_rows_scanned": 2321724,
                                                                                                            "operator_rows_scanned": 2321724,
                                                                                                            "operator_timing": 0.04723117400000002,
                                                                                                            "result_set_size": 18573792,
                                                                                                            "children": []
                                                                                                        },
                                                                                                        {
                                                                                                            "operator_name": "READ_PARQUET ",
                                                                                                            "cpu_time": 0.01433437899999999,
                                                                                                            "extra_info": {
                                                                                                                "Function": "READ_PARQUET",
                                                                                                                "Projections": [
                                                                                                                    "id",
                                                                                                                    "reputation"
                                                                                                                ],
                                                                                                                "Estimated Cardinality": "1260710"
                                                                                                            },
                                                                                                            "cumulative_cardinality": 1260710,
                                                                                                            "operator_type": "TABLE_SCAN",
                                                                                                            "operator_cardinality": 1260710,
                                                                                                            "cumulative_rows_scanned": 1260710,
                                                                                                            "operator_rows_scanned": 1260710,
                                                                                                            "operator_timing": 0.01433437899999999,
                                                                                                            "result_set_size": 10085680,
                                                                                                            "children": []
                                                                                                        }
                                                                                                    ]
                                                                                                }
                                                                                            ]
                                                                                        }
                                                                                    ]
                                                                                }
                                                                            ]
                                                                        }
                                                                    ]
                                                                },
                                                                {
                                                                    "operator_name": "HASH_JOIN",
                                                                    "cpu_time": 0.101895349,
                                                                    "extra_info": {
                                                                        "Join Type": "INNER",
                                                                        "Conditions": "owneruserid = id",
                                                                        "Estimated Cardinality": "77002"
                                                                    },
                                                                    "cumulative_cardinality": 336795,
                                                                    "operator_type": "HASH_JOIN",
                                                                    "operator_cardinality": 3148,
                                                                    "cumulative_rows_scanned": 5110826,
                                                                    "operator_rows_scanned": 0,
                                                                    "operator_timing": 0.0009217599999999999,
                                                                    "result_set_size": 176288,
                                                                    "children": [
                                                                        {
                                                                            "operator_name": "HASH_GROUP_BY",
                                                                            "cpu_time": 0.033741920999999994,
                                                                            "extra_info": {
                                                                                "Groups": "#0",
                                                                                "Aggregates": [
                                                                                    "count_star()",
                                                                                    "sum(#1)",
                                                                                    "avg(#2)"
                                                                                ],
                                                                                "Estimated Cardinality": "385011"
                                                                            },
                                                                            "cumulative_cardinality": 323537,
                                                                            "operator_type": "HASH_GROUP_BY",
                                                                            "operator_cardinality": 32453,
                                                                            "cumulative_rows_scanned": 3850116,
                                                                            "operator_rows_scanned": 0,
                                                                            "operator_timing": 0.005775696999999997,
                                                                            "result_set_size": 1168308,
                                                                            "children": [
                                                                                {
                                                                                    "operator_name": "PROJECTION",
                                                                                    "cpu_time": 0.027966223999999998,
                                                                                    "extra_info": {
                                                                                        "Projections": [
                                                                                            "owneruserid",
                                                                                            "score",
                                                                                            "viewcount"
                                                                                        ],
                                                                                        "Estimated Cardinality": "770023"
                                                                                    },
                                                                                    "cumulative_cardinality": 291084,
                                                                                    "operator_type": "PROJECTION",
                                                                                    "operator_cardinality": 145542,
                                                                                    "cumulative_rows_scanned": 3850116,
                                                                                    "operator_rows_scanned": 0,
                                                                                    "operator_timing": 0.000019909000000000005,
                                                                                    "result_set_size": 1746504,
                                                                                    "children": [
                                                                                        {
                                                                                            "operator_name": "READ_PARQUET ",
                                                                                            "cpu_time": 0.027946315,
                                                                                            "extra_info": {
                                                                                                "Function": "READ_PARQUET",
                                                                                                "Projections": [
                                                                                                    "id",
                                                                                                    "score",
                                                                                                    "viewcount",
                                                                                                    "owneruserid"
                                                                                                ],
                                                                                                "Filters": "creationdate>='2023-10-01 12:34:56'::TIMESTAMP",
                                                                                                "Estimated Cardinality": "770023"
                                                                                            },
                                                                                            "cumulative_cardinality": 145542,
                                                                                            "operator_type": "TABLE_SCAN",
                                                                                            "operator_cardinality": 145542,
                                                                                            "cumulative_rows_scanned": 3850116,
                                                                                            "operator_rows_scanned": 3850116,
                                                                                            "operator_timing": 0.027946315,
                                                                                            "result_set_size": 2328672,
                                                                                            "children": []
                                                                                        }
                                                                                    ]
                                                                                }
                                                                            ]
                                                                        },
                                                                        {
                                                                            "operator_name": "FILTER",
                                                                            "cpu_time": 0.06723166800000001,
                                                                            "extra_info": {
                                                                                "Expression": "(id <= 1416539)",
                                                                                "Estimated Cardinality": "252142"
                                                                            },
                                                                            "cumulative_cardinality": 10110,
                                                                            "operator_type": "FILTER",
                                                                            "operator_cardinality": 5055,
                                                                            "cumulative_rows_scanned": 1260710,
                                                                            "operator_rows_scanned": 0,
                                                                            "operator_timing": 0.0005519890000000003,
                                                                            "result_set_size": 121320,
                                                                            "children": [
                                                                                {
                                                                                    "operator_name": "READ_PARQUET ",
                                                                                    "cpu_time": 0.066679679,
                                                                                    "extra_info": {
                                                                                        "Function": "READ_PARQUET",
                                                                                        "Projections": [
                                                                                            "id",
                                                                                            "reputation",
                                                                                            "displayname"
                                                                                        ],
                                                                                        "Filters": [
                                                                                            "lastaccessdate>='2024-09-01 12:34:56'::TIMESTAMP",
                                                                                            "reputation>1000"
                                                                                        ],
                                                                                        "Estimated Cardinality": "252142"
                                                                                    },
                                                                                    "cumulative_cardinality": 5055,
                                                                                    "operator_type": "TABLE_SCAN",
                                                                                    "operator_cardinality": 5055,
                                                                                    "cumulative_rows_scanned": 1260710,
                                                                                    "operator_rows_scanned": 1260710,
                                                                                    "operator_timing": 0.066679679,
                                                                                    "result_set_size": 121320,
                                                                                    "children": []
                                                                                }
                                                                            ]
                                                                        }
                                                                    ]
                                                                }
                                                            ]
                                                        }
                                                    ]
                                                }
                                            ]
                                        }
                                    ]
                                }
                            ]
                        }
                    ]
                }
            ]
        }
    ]
}