{
    "rows_returned": 10,
    "query_name": "WITH UserBadges AS (\n    SELECT \n        U.Id AS UserId,\n        U.DisplayName,\n        COUNT(B.Id) AS BadgeCount,\n        SUM(CASE WHEN B.Class = 1 THEN 1 ELSE 0 END) AS GoldBadges,\n        SUM(CASE WHEN B.Class = 2 THEN 1 ELSE 0 END) AS SilverBadges,\n        SUM(CASE WHEN B.Class = 3 THEN 1 ELSE 0 END) AS BronzeBadges\n    FROM \n        Users U\n    LEFT JOIN \n        Badges B ON U.Id = B.UserId\n    GROUP BY \n        U.Id, U.DisplayName\n),\nTopUsers AS (\n    SELECT \n        UserId,\n        DisplayName,\n        BadgeCount,\n        GoldBadges,\n        SilverBadges,\n        BronzeBadges\n    FROM \n        UserBadges\n    WHERE \n        BadgeCount > 0\n    ORDER BY \n        BadgeCount DESC\n    LIMIT 10\n),\nUserPosts AS (\n    SELECT \n        P.OwnerUserId,\n        COUNT(P.Id) AS TotalPosts,\n        COUNT(CASE WHEN P.PostTypeId = 1 THEN 1 END) AS Questions,\n        COUNT(CASE WHEN P.PostTypeId = 2 THEN 1 END) AS Answers,\n        COUNT(CASE WHEN P.LastActivityDate >= cast('2024-10-01' as date) - INTERVAL '30 days' THEN 1 END) AS RecentActivity\n    FROM \n        Posts P\n    GROUP BY \n        P.OwnerUserId\n)\nSELECT \n    TU.UserId,\n    TU.DisplayName,\n    TU.BadgeCount,\n    TU.GoldBadges,\n    TU.SilverBadges,\n    TU.BronzeBadges,\n    UP.TotalPosts,\n    UP.Questions,\n    UP.Answers,\n    UP.RecentActivity\nFROM \n    TopUsers TU\nJOIN \n    UserPosts UP ON TU.UserId = UP.OwnerUserId\nORDER BY \n    TU.BadgeCount DESC, UP.TotalPosts DESC;",
    "blocked_thread_time": 0.0,
    "cpu_time": 1.3153852910000006,
    "extra_info": {},
    "cumulative_cardinality": 19535001,
    "cumulative_rows_scanned": 7432550,
    "result_set_size": 1080,
    "latency": 1.438154349,
    "children": [
        {
            "operator_name": "ORDER_BY",
            "cpu_time": 1.3153852910000006,
            "extra_info": {
                "Order By": [
                    "TU.BadgeCount DESC",
                    "UP.TotalPosts DESC"
                ]
            },
            "cumulative_cardinality": 19535001,
            "operator_type": "ORDER_BY",
            "operator_cardinality": 10,
            "cumulative_rows_scanned": 7432550,
            "operator_rows_scanned": 0,
            "operator_timing": 0.00003179,
            "result_set_size": 1080,
            "children": [
                {
                    "operator_name": "PROJECTION",
                    "cpu_time": 1.3153535010000006,
                    "extra_info": {
                        "Projections": [
                            "UserId",
                            "displayname",
                            "BadgeCount",
                            "GoldBadges",
                            "SilverBadges",
                            "BronzeBadges",
                            "TotalPosts",
                            "Questions",
                            "Answers",
                            "RecentActivity"
                        ],
                        "Estimated Cardinality": "15"
                    },
                    "cumulative_cardinality": 19534991,
                    "operator_type": "PROJECTION",
                    "operator_cardinality": 10,
                    "cumulative_rows_scanned": 7432550,
                    "operator_rows_scanned": 0,
                    "operator_timing": 0.000001863,
                    "result_set_size": 1080,
                    "children": [
                        {
                            "operator_name": "HASH_JOIN",
                            "cpu_time": 1.3153516380000005,
                            "extra_info": {
                                "Join Type": "INNER",
                                "Conditions": "owneruserid = UserId",
                                "Estimated Cardinality": "15"
                            },
                            "cumulative_cardinality": 19534981,
                            "operator_type": "HASH_JOIN",
                            "operator_cardinality": 10,
                            "cumulative_rows_scanned": 7432550,
                            "operator_rows_scanned": 0,
                            "operator_timing": 0.0018170029999999995,
                            "result_set_size": 1080,
                            "children": [
                                {
                                    "operator_name": "HASH_GROUP_BY",
                                    "cpu_time": 0.31558742199999956,
                                    "extra_info": {
                                        "Groups": "#0",
                                        "Aggregates": [
                                            "count_star()",
                                            "count(#1)",
                                            "count(#2)",
                                            "count(#3)"
                                        ],
                                        "Estimated Cardinality": "1925058"
                                    },
                                    "cumulative_cardinality": 8071864,
                                    "operator_type": "HASH_GROUP_BY",
                                    "operator_cardinality": 371632,
                                    "cumulative_rows_scanned": 3850116,
                                    "operator_rows_scanned": 0,
                                    "operator_timing": 0.1409047259999998,
                                    "result_set_size": 13378752,
                                    "children": [
                                        {
                                            "operator_name": "PROJECTION",
                                            "cpu_time": 0.17468269599999975,
                                            "extra_info": {
                                                "Projections": [
                                                    "owneruserid",
                                                    "CASE  WHEN ((posttypeid = 1)) THEN (1) ELSE NULL END",
                                                    "CASE  WHEN ((posttypeid = 2)) THEN (1) ELSE NULL END",
                                                    "CASE  WHEN ((lastactivitydate >= '2024-09-01 00:00:00'::TIMESTAMP)) THEN (1) ELSE NULL END"
                                                ],
                                                "Estimated Cardinality": "3850116"
                                            },
                                            "cumulative_cardinality": 7700232,
                                            "operator_type": "PROJECTION",
                                            "operator_cardinality": 3850116,
                                            "cumulative_rows_scanned": 3850116,
                                            "operator_rows_scanned": 0,
                                            "operator_timing": 0.06334556300000002,
                                            "result_set_size": 61601856,
                                            "children": [
                                                {
                                                    "operator_name": "READ_PARQUET ",
                                                    "cpu_time": 0.11133713299999971,
                                                    "extra_info": {
                                                        "Function": "READ_PARQUET",
                                                        "Projections": [
                                                            "id",
                                                            "posttypeid",
                                                            "owneruserid",
                                                            "lastactivitydate"
                                                        ],
                                                        "Estimated Cardinality": "3850116"
                                                    },
                                                    "cumulative_cardinality": 3850116,
                                                    "operator_type": "TABLE_SCAN",
                                                    "operator_cardinality": 3850116,
                                                    "cumulative_rows_scanned": 3850116,
                                                    "operator_rows_scanned": 3850116,
                                                    "operator_timing": 0.11133713299999971,
                                                    "result_set_size": 69302088,
                                                    "children": []
                                                }
                                            ]
                                        }
                                    ]
                                },
                                {
                                    "operator_name": "FILTER",
                                    "cpu_time": 0.9979472130000011,
                                    "extra_info": {
                                        "Expression": "(UserId <= 1416539)",
                                        "Estimated Cardinality": "10"
                                    },
                                    "cumulative_cardinality": 11463107,
                                    "operator_type": "FILTER",
                                    "operator_cardinality": 10,
                                    "cumulative_rows_scanned": 3582434,
                                    "operator_rows_scanned": 0,
                                    "operator_timing": 0.000007213,
                                    "result_set_size": 760,
                                    "children": [
                                        {
                                            "operator_name": "STREAMING_LIMIT",
                                            "cpu_time": 0.9979400000000012,
                                            "extra_info": {},
                                            "cumulative_cardinality": 11463097,
                                            "operator_type": "STREAMING_LIMIT",
                                            "operator_cardinality": 10,
                                            "cumulative_rows_scanned": 3582434,
                                            "operator_rows_scanned": 0,
                                            "operator_timing": 0.000002685,
                                            "result_set_size": 760,
                                            "children": [
                                                {
                                                    "operator_name": "ORDER_BY",
                                                    "cpu_time": 0.9979373150000012,
                                                    "extra_info": {
                                                        "Order By": "UserBadges.BadgeCount DESC"
                                                    },
                                                    "cumulative_cardinality": 11463087,
                                                    "operator_type": "ORDER_BY",
                                                    "operator_cardinality": 4096,
                                                    "cumulative_rows_scanned": 3582434,
                                                    "operator_rows_scanned": 0,
                                                    "operator_timing": 0.026870349000000005,
                                                    "result_set_size": 311296,
                                                    "children": [
                                                        {
                                                            "operator_name": "FILTER",
                                                            "cpu_time": 0.9710669660000012,
                                                            "extra_info": {
                                                                "Expression": "(BadgeCount > 0)",
                                                                "Estimated Cardinality": "252142"
                                                            },
                                                            "cumulative_cardinality": 11458991,
                                                            "operator_type": "FILTER",
                                                            "operator_cardinality": 549021,
                                                            "cumulative_rows_scanned": 3582434,
                                                            "operator_rows_scanned": 0,
                                                            "operator_timing": 0.0019231989999999985,
                                                            "result_set_size": 41725596,
                                                            "children": [
                                                                {
                                                                    "operator_name": "HASH_GROUP_BY",
                                                                    "cpu_time": 0.9691437670000012,
                                                                    "extra_info": {
                                                                        "Groups": [
                                                                            "#0",
                                                                            "#1"
                                                                        ],
                                                                        "Aggregates": [
                                                                            "count(#2)",
                                                                            "sum(#3)",
                                                                            "sum(#4)",
                                                                            "sum(#5)"
                                                                        ],
                                                                        "Estimated Cardinality": "1260710"
                                                                    },
                                                                    "cumulative_cardinality": 10909970,
                                                                    "operator_type": "HASH_GROUP_BY",
                                                                    "operator_cardinality": 1260710,
                                                                    "cumulative_rows_scanned": 3582434,
                                                                    "operator_rows_scanned": 0,
                                                                    "operator_timing": 0.5864206210000009,
                                                                    "result_set_size": 95813960,
                                                                    "children": [
                                                                        {
                                                                            "operator_name": "PROJECTION",
                                                                            "cpu_time": 0.3827231460000003,
                                                                            "extra_info": {
                                                                                "Projections": [
                                                                                    "id",
                                                                                    "displayname",
                                                                                    "id",
                                                                                    "CASE  WHEN ((class = 1)) THEN (1) ELSE 0 END",
                                                                                    "CASE  WHEN ((class = 2)) THEN (1) ELSE 0 END",
                                                                                    "CASE  WHEN ((class = 3)) THEN (1) ELSE 0 END"
                                                                                ],
                                                                                "Estimated Cardinality": "2321724"
                                                                            },
                                                                            "cumulative_cardinality": 9649260,
                                                                            "operator_type": "PROJECTION",
                                                                            "operator_cardinality": 3033413,
                                                                            "cumulative_rows_scanned": 3582434,
                                                                            "operator_rows_scanned": 0,
                                                                            "operator_timing": 0.016241477999999976,
                                                                            "result_set_size": 109202868,
                                                                            "children": [
                                                                                {
                                                                                    "operator_name": "HASH_JOIN",
                                                                                    "cpu_time": 0.3664816680000003,
                                                                                    "extra_info": {
                                                                                        "Join Type": "RIGHT",
                                                                                        "Conditions": "userid = id",
                                                                                        "Estimated Cardinality": "2321724"
                                                                                    },
                                                                                    "cumulative_cardinality": 6615847,
                                                                                    "operator_type": "HASH_JOIN",
                                                                                    "operator_cardinality": 3033413,
                                                                                    "cumulative_rows_scanned": 3582434,
                                                                                    "operator_rows_scanned": 0,
                                                                                    "operator_timing": 0.22696846500000029,
                                                                                    "result_set_size": 78868738,
                                                                                    "children": [
                                                                                        {
                                                                                            "operator_name": "READ_PARQUET ",
                                                                                            "cpu_time": 0.060098471000000056,
                                                                                            "extra_info": {
                                                                                                "Function": "READ_PARQUET",
                                                                                                "Projections": [
                                                                                                    "id",
                                                                                                    "userid",
                                                                                                    "class"
                                                                                                ],
                                                                                                "Estimated Cardinality": "2321724"
                                                                                            },
                                                                                            "cumulative_cardinality": 2321724,
                                                                                            "operator_type": "TABLE_SCAN",
                                                                                            "operator_cardinality": 2321724,
                                                                                            "cumulative_rows_scanned": 2321724,
                                                                                            "operator_rows_scanned": 2321724,
                                                                                            "operator_timing": 0.060098471000000056,
                                                                                            "result_set_size": 23217240,
                                                                                            "children": []
                                                                                        },
                                                                                        {
                                                                                            "operator_name": "READ_PARQUET ",
                                                                                            "cpu_time": 0.07941473199999999,
                                                                                            "extra_info": {
                                                                                                "Function": "READ_PARQUET",
                                                                                                "Projections": [
                                                                                                    "id",
                                                                                                    "displayname"
                                                                                                ],
                                                                                                "Estimated Cardinality": "1260710"
                                                                                            },
                                                                                            "cumulative_cardinality": 1260710,
                                                                                            "operator_type": "TABLE_SCAN",
                                                                                            "operator_cardinality": 1260710,
                                                                                            "cumulative_rows_scanned": 1260710,
                                                                                            "operator_rows_scanned": 1260710,
                                                                                            "operator_timing": 0.07941473199999999,
                                                                                            "result_set_size": 25214200,
                                                                                            "children": []
                                                                                        }
                                                                                    ]
                                                                                }
                                                                            ]
                                                                        }
                                                                    ]
                                                                }
                                                            ]
                                                        }
                                                    ]
                                                }
                                            ]
                                        }
                                    ]
                                }
                            ]
                        }
                    ]
                }
            ]
        }
    ]
}