{
    "rows_returned": 100,
    "query_name": "\nWITH UserVoteCounts AS (\n    SELECT \n        u.Id AS UserId,\n        COUNT(v.Id) AS TotalVotes,\n        SUM(CASE WHEN vt.Name = 'UpMod' THEN 1 ELSE 0 END) AS UpVotes,\n        SUM(CASE WHEN vt.Name = 'DownMod' THEN 1 ELSE 0 END) AS DownVotes\n    FROM Users u\n    LEFT JOIN Votes v ON u.Id = v.UserId\n    LEFT JOIN VoteTypes vt ON v.VoteTypeId = vt.Id\n    GROUP BY u.Id\n),\nPostActivity AS (\n    SELECT \n        p.Id AS PostId,\n        p.OwnerUserId,\n        COUNT(c.Id) AS CommentCount,\n        COUNT(DISTINCT v.Id) AS VoteCount,\n        SUM(CASE WHEN ph.PostHistoryTypeId = 10 THEN 1 ELSE 0 END) AS CloseCount,\n        SUM(CASE WHEN ph.PostHistoryTypeId = 11 THEN 1 ELSE 0 END) AS ReopenCount\n    FROM Posts p\n    LEFT JOIN Comments c ON p.Id = c.PostId\n    LEFT JOIN Votes v ON p.Id = v.PostId\n    LEFT JOIN PostHistory ph ON p.Id = ph.PostId\n    GROUP BY p.Id, p.OwnerUserId\n),\nPostDetails AS (\n    SELECT \n        p.Title,\n        p.Score,\n        pa.CommentCount,\n        pa.VoteCount,\n        pa.CloseCount,\n        pa.ReopenCount,\n        u.DisplayName AS OwnerName,\n        u.Reputation AS OwnerReputation,\n        p.OwnerUserId\n    FROM Posts p\n    JOIN PostActivity pa ON p.Id = pa.PostId\n    JOIN Users u ON p.OwnerUserId = u.Id\n)\nSELECT \n    pd.*,\n    uvc.TotalVotes,\n    uvc.UpVotes,\n    uvc.DownVotes\nFROM PostDetails pd\nJOIN UserVoteCounts uvc ON pd.OwnerUserId = uvc.UserId\nWHERE pd.Score > 10\nORDER BY pd.Score DESC, pd.CommentCount DESC, uvc.TotalVotes DESC\nLIMIT 100;\n",
    "blocked_thread_time": 0.0,
    "cpu_time": 17.69737279199998,
    "extra_info": {},
    "cumulative_cardinality": 656677912,
    "cumulative_rows_scanned": 54746919,
    "result_set_size": 13200,
    "latency": 21.944263055,
    "children": [
        {
            "operator_name": "STREAMING_LIMIT",
            "cpu_time": 17.69737279199998,
            "extra_info": {},
            "cumulative_cardinality": 656677912,
            "operator_type": "STREAMING_LIMIT",
            "operator_cardinality": 100,
            "cumulative_rows_scanned": 54746919,
            "operator_rows_scanned": 0,
            "operator_timing": 0.000001442,
            "result_set_size": 13200,
            "children": [
                {
                    "operator_name": "PROJECTION",
                    "cpu_time": 17.697371349999983,
                    "extra_info": {
                        "Projections": [
                            "#0",
                            "__internal_decompress_integral_integer(#1, 10)",
                            "#2",
                            "#3",
                            "#4",
                            "#5",
                            "#6",
                            "#7",
                            "#8",
                            "#9",
                            "#10",
                            "#11"
                        ],
                        "Estimated Cardinality": "770023"
                    },
                    "cumulative_cardinality": 656677812,
                    "operator_type": "PROJECTION",
                    "operator_cardinality": 4096,
                    "cumulative_rows_scanned": 54746919,
                    "operator_rows_scanned": 0,
                    "operator_timing": 0.000007312999999999999,
                    "result_set_size": 540672,
                    "children": [
                        {
                            "operator_name": "ORDER_BY",
                            "cpu_time": 17.697364036999982,
                            "extra_info": {
                                "Order By": [
                                    "pd.score DESC",
                                    "pd.CommentCount DESC",
                                    "uvc.TotalVotes DESC"
                                ]
                            },
                            "cumulative_cardinality": 656673716,
                            "operator_type": "ORDER_BY",
                            "operator_cardinality": 4096,
                            "cumulative_rows_scanned": 54746919,
                            "operator_rows_scanned": 0,
                            "operator_timing": 0.010242208000000006,
                            "result_set_size": 532480,
                            "children": [
                                {
                                    "operator_name": "PROJECTION",
                                    "cpu_time": 17.68712182899998,
                                    "extra_info": {
                                        "Projections": [
                                            "#0",
                                            "__internal_compress_integral_usmallint(#1, 10)",
                                            "#2",
                                            "#3",
                                            "#4",
                                            "#5",
                                            "#6",
                                            "#7",
                                            "#8",
                                            "#9",
                                            "#10",
                                            "#11"
                                        ],
                                        "Estimated Cardinality": "770023"
                                    },
                                    "cumulative_cardinality": 656669620,
                                    "operator_type": "PROJECTION",
                                    "operator_cardinality": 88227,
                                    "cumulative_rows_scanned": 54746919,
                                    "operator_rows_scanned": 0,
                                    "operator_timing": 0.000261203,
                                    "result_set_size": 11469510,
                                    "children": [
                                        {
                                            "operator_name": "HASH_JOIN",
                                            "cpu_time": 17.68686062599998,
                                            "extra_info": {
                                                "Join Type": "INNER",
                                                "Conditions": "owneruserid = UserId",
                                                "Estimated Cardinality": "770023"
                                            },
                                            "cumulative_cardinality": 656581393,
                                            "operator_type": "HASH_JOIN",
                                            "operator_cardinality": 88227,
                                            "cumulative_rows_scanned": 54746919,
                                            "operator_rows_scanned": 0,
                                            "operator_timing": 0.06802908799999999,
                                            "result_set_size": 11645964,
                                            "children": [
                                                {
                                                    "operator_name": "PROJECTION",
                                                    "cpu_time": 17.08701701499998,
                                                    "extra_info": {
                                                        "Projections": [
                                                            "title",
                                                            "score",
                                                            "CommentCount",
                                                            "VoteCount",
                                                            "CloseCount",
                                                            "ReopenCount",
                                                            "OwnerName",
                                                            "OwnerReputation",
                                                            "owneruserid"
                                                        ],
                                                        "Estimated Cardinality": "770023"
                                                    },
                                                    "cumulative_cardinality": 648776117,
                                                    "operator_type": "PROJECTION",
                                                    "operator_cardinality": 88227,
                                                    "cumulative_rows_scanned": 40742101,
                                                    "operator_rows_scanned": 0,
                                                    "operator_timing": 0.00009810599999999997,
                                                    "result_set_size": 8116884,
                                                    "children": [
                                                        {
                                                            "operator_name": "HASH_JOIN",
                                                            "cpu_time": 17.08691890899998,
                                                            "extra_info": {
                                                                "Join Type": "INNER",
                                                                "Conditions": "id = owneruserid",
                                                                "Estimated Cardinality": "770023"
                                                            },
                                                            "cumulative_cardinality": 648687890,
                                                            "operator_type": "HASH_JOIN",
                                                            "operator_cardinality": 88227,
                                                            "cumulative_rows_scanned": 40742101,
                                                            "operator_rows_scanned": 0,
                                                            "operator_timing": 0.030873577000000048,
                                                            "result_set_size": 8116884,
                                                            "children": [
                                                                {
                                                                    "operator_name": "READ_PARQUET ",
                                                                    "cpu_time": 0.09708745400000006,
                                                                    "extra_info": {
                                                                        "Function": "READ_PARQUET",
                                                                        "Projections": [
                                                                            "id",
                                                                            "reputation",
                                                                            "displayname"
                                                                        ],
                                                                        "Filters": "id<=1416539",
                                                                        "Estimated Cardinality": "1260710"
                                                                    },
                                                                    "cumulative_cardinality": 1257914,
                                                                    "operator_type": "TABLE_SCAN",
                                                                    "operator_cardinality": 1257914,
                                                                    "cumulative_rows_scanned": 1260710,
                                                                    "operator_rows_scanned": 1260710,
                                                                    "operator_timing": 0.09708745400000006,
                                                                    "result_set_size": 30189936,
                                                                    "children": []
                                                                },
                                                                {
                                                                    "operator_name": "HASH_JOIN",
                                                                    "cpu_time": 16.95895787799998,
                                                                    "extra_info": {
                                                                        "Join Type": "INNER",
                                                                        "Conditions": "PostId = id",
                                                                        "Estimated Cardinality": "770023"
                                                                    },
                                                                    "cumulative_cardinality": 647341749,
                                                                    "operator_type": "HASH_JOIN",
                                                                    "operator_cardinality": 92759,
                                                                    "cumulative_rows_scanned": 39481391,
                                                                    "operator_rows_scanned": 0,
                                                                    "operator_timing": 0.07367453899999993,
                                                                    "result_set_size": 6678648,
                                                                    "children": [
                                                                        {
                                                                            "operator_name": "PROJECTION",
                                                                            "cpu_time": 16.62807832199998,
                                                                            "extra_info": {
                                                                                "Projections": [
                                                                                    "PostId",
                                                                                    "CommentCount",
                                                                                    "VoteCount",
                                                                                    "CloseCount",
                                                                                    "ReopenCount"
                                                                                ],
                                                                                "Estimated Cardinality": "3850116"
                                                                            },
                                                                            "cumulative_cardinality": 647156231,
                                                                            "operator_type": "PROJECTION",
                                                                            "operator_cardinality": 3850116,
                                                                            "cumulative_rows_scanned": 35631275,
                                                                            "operator_rows_scanned": 0,
                                                                            "operator_timing": 0.0004681759999999954,
                                                                            "result_set_size": 200206032,
                                                                            "children": [
                                                                                {
                                                                                    "operator_name": "HASH_GROUP_BY",
                                                                                    "cpu_time": 16.62761014599998,
                                                                                    "extra_info": {
                                                                                        "Groups": [
                                                                                            "#0",
                                                                                            "#1"
                                                                                        ],
                                                                                        "Aggregates": [
                                                                                            "count(#2)",
                                                                                            "count(DISTINCT #3)",
                                                                                            "sum(#4)",
                                                                                            "sum(#5)"
                                                                                        ],
                                                                                        "Estimated Cardinality": "3850116"
                                                                                    },
                                                                                    "cumulative_cardinality": 643306115,
                                                                                    "operator_type": "HASH_GROUP_BY",
                                                                                    "operator_cardinality": 3850116,
                                                                                    "cumulative_rows_scanned": 35631275,
                                                                                    "operator_rows_scanned": 0,
                                                                                    "operator_timing": 10.453573884999981,
                                                                                    "result_set_size": 215606496,
                                                                                    "children": [
                                                                                        {
                                                                                            "operator_name": "PROJECTION",
                                                                                            "cpu_time": 6.174036260999999,
                                                                                            "extra_info": {
                                                                                                "Projections": [
                                                                                                    "id",
                                                                                                    "owneruserid",
                                                                                                    "id",
                                                                                                    "id",
                                                                                                    "CASE  WHEN ((posthistorytypeid = 10)) THEN (1) ELSE 0 END",
                                                                                                    "CASE  WHEN ((posthistorytypeid = 11)) THEN (1) ELSE 0 END"
                                                                                                ],
                                                                                                "Estimated Cardinality": "12744093"
                                                                                            },
                                                                                            "cumulative_cardinality": 639455999,
                                                                                            "operator_type": "PROJECTION",
                                                                                            "operator_cardinality": 182657208,
                                                                                            "cumulative_rows_scanned": 35631275,
                                                                                            "operator_rows_scanned": 0,
                                                                                            "operator_timing": 0.5975730789999988,
                                                                                            "result_set_size": 4383772992,
                                                                                            "children": [
                                                                                                {
                                                                                                    "operator_name": "PROJECTION",
                                                                                                    "cpu_time": 5.5764631819999995,
                                                                                                    "extra_info": {
                                                                                                        "Projections": [
                                                                                                            "#0",
                                                                                                            "#1",
                                                                                                            "#2",
                                                                                                            "#3",
                                                                                                            "__internal_decompress_integral_smallint(#4, 1)"
                                                                                                        ],
                                                                                                        "Estimated Cardinality": "12744093"
                                                                                                    },
                                                                                                    "cumulative_cardinality": 456798791,
                                                                                                    "operator_type": "PROJECTION",
                                                                                                    "operator_cardinality": 182657208,
                                                                                                    "cumulative_rows_scanned": 35631275,
                                                                                                    "operator_rows_scanned": 0,
                                                                                                    "operator_timing": 0.07343321800000017,
                                                                                                    "result_set_size": 3287829744,
                                                                                                    "children": [
                                                                                                        {
                                                                                                            "operator_name": "HASH_JOIN",
                                                                                                            "cpu_time": 5.5030299639999996,
                                                                                                            "extra_info": {
                                                                                                                "Join Type": "LEFT",
                                                                                                                "Conditions": "id = postid",
                                                                                                                "Estimated Cardinality": "12744093"
                                                                                                            },
                                                                                                            "cumulative_cardinality": 274141583,
                                                                                                            "operator_type": "HASH_JOIN",
                                                                                                            "operator_cardinality": 182657208,
                                                                                                            "cumulative_rows_scanned": 35631275,
                                                                                                            "operator_rows_scanned": 0,
                                                                                                            "operator_timing": 2.924621626999988,
                                                                                                            "result_set_size": 3105172536,
                                                                                                            "children": [
                                                                                                                {
                                                                                                                    "operator_name": "HASH_JOIN",
                                                                                                                    "cpu_time": 2.4544835310000117,
                                                                                                                    "extra_info": {
                                                                                                                        "Join Type": "RIGHT",
                                                                                                                        "Conditions": "postid = id",
                                                                                                                        "Estimated Cardinality": "12744093"
                                                                                                                    },
                                                                                                                    "cumulative_cardinality": 67893887,
                                                                                                                    "operator_type": "HASH_JOIN",
                                                                                                                    "operator_cardinality": 35129590,
                                                                                                                    "cumulative_rows_scanned": 23836031,
                                                                                                                    "operator_rows_scanned": 0,
                                                                                                                    "operator_timing": 1.417605050000012,
                                                                                                                    "result_set_size": 562073440,
                                                                                                                    "children": [
                                                                                                                        {
                                                                                                                            "operator_name": "READ_PARQUET ",
                                                                                                                            "cpu_time": 0.3079087310000002,
                                                                                                                            "extra_info": {
                                                                                                                                "Function": "READ_PARQUET",
                                                                                                                                "Projections": [
                                                                                                                                    "id",
                                                                                                                                    "postid"
                                                                                                                                ],
                                                                                                                                "Estimated Cardinality": "12744093"
                                                                                                                            },
                                                                                                                            "cumulative_cardinality": 12744093,
                                                                                                                            "operator_type": "TABLE_SCAN",
                                                                                                                            "operator_cardinality": 12744093,
                                                                                                                            "cumulative_rows_scanned": 12744093,
                                                                                                                            "operator_rows_scanned": 12744093,
                                                                                                                            "operator_timing": 0.3079087310000002,
                                                                                                                            "result_set_size": 101952744,
                                                                                                                            "children": []
                                                                                                                        },
                                                                                                                        {
                                                                                                                            "operator_name": "HASH_JOIN",
                                                                                                                            "cpu_time": 0.7289697499999996,
                                                                                                                            "extra_info": {
                                                                                                                                "Join Type": "RIGHT",
                                                                                                                                "Conditions": "postid = id",
                                                                                                                                "Estimated Cardinality": "7241822"
                                                                                                                            },
                                                                                                                            "cumulative_cardinality": 20020204,
                                                                                                                            "operator_type": "HASH_JOIN",
                                                                                                                            "operator_cardinality": 8928266,
                                                                                                                            "cumulative_rows_scanned": 11091938,
                                                                                                                            "operator_rows_scanned": 0,
                                                                                                                            "operator_timing": 0.5652267790000001,
                                                                                                                            "result_set_size": 107139192,
                                                                                                                            "children": [
                                                                                                                                {
                                                                                                                                    "operator_name": "READ_PARQUET ",
                                                                                                                                    "cpu_time": 0.11987317599999961,
                                                                                                                                    "extra_info": {
                                                                                                                                        "Function": "READ_PARQUET",
                                                                                                                                        "Projections": [
                                                                                                                                            "id",
                                                                                                                                            "postid"
                                                                                                                                        ],
                                                                                                                                        "Estimated Cardinality": "7241822"
                                                                                                                                    },
                                                                                                                                    "cumulative_cardinality": 7241822,
                                                                                                                                    "operator_type": "TABLE_SCAN",
                                                                                                                                    "operator_cardinality": 7241822,
                                                                                                                                    "cumulative_rows_scanned": 7241822,
                                                                                                                                    "operator_rows_scanned": 7241822,
                                                                                                                                    "operator_timing": 0.11987317599999961,
                                                                                                                                    "result_set_size": 57934576,
                                                                                                                                    "children": []
                                                                                                                                },
                                                                                                                                {
                                                                                                                                    "operator_name": "READ_PARQUET ",
                                                                                                                                    "cpu_time": 0.04386979500000002,
                                                                                                                                    "extra_info": {
                                                                                                                                        "Function": "READ_PARQUET",
                                                                                                                                        "Projections": [
                                                                                                                                            "id",
                                                                                                                                            "owneruserid"
                                                                                                                                        ],
                                                                                                                                        "Estimated Cardinality": "3850116"
                                                                                                                                    },
                                                                                                                                    "cumulative_cardinality": 3850116,
                                                                                                                                    "operator_type": "TABLE_SCAN",
                                                                                                                                    "operator_cardinality": 3850116,
                                                                                                                                    "cumulative_rows_scanned": 3850116,
                                                                                                                                    "operator_rows_scanned": 3850116,
                                                                                                                                    "operator_timing": 0.04386979500000002,
                                                                                                                                    "result_set_size": 30800928,
                                                                                                                                    "children": []
                                                                                                                                }
                                                                                                                            ]
                                                                                                                        }
                                                                                                                    ]
                                                                                                                },
                                                                                                                {
                                                                                                                    "operator_name": "PROJECTION",
                                                                                                                    "cpu_time": 0.12392480599999972,
                                                                                                                    "extra_info": {
                                                                                                                        "Projections": [
                                                                                                                            "__internal_compress_integral_utinyint(#0, 1)",
                                                                                                                            "#1"
                                                                                                                        ],
                                                                                                                        "Estimated Cardinality": "11795244"
                                                                                                                    },
                                                                                                                    "cumulative_cardinality": 23590488,
                                                                                                                    "operator_type": "PROJECTION",
                                                                                                                    "operator_cardinality": 11795244,
                                                                                                                    "cumulative_rows_scanned": 11795244,
                                                                                                                    "operator_rows_scanned": 0,
                                                                                                                    "operator_timing": 0.0030156220000000056,
                                                                                                                    "result_set_size": 58976220,
                                                                                                                    "children": [
                                                                                                                        {
                                                                                                                            "operator_name": "READ_PARQUET ",
                                                                                                                            "cpu_time": 0.12090918399999971,
                                                                                                                            "extra_info": {
                                                                                                                                "Function": "READ_PARQUET",
                                                                                                                                "Projections": [
                                                                                                                                    "posthistorytypeid",
                                                                                                                                    "postid"
                                                                                                                                ],
                                                                                                                                "Estimated Cardinality": "11795244"
                                                                                                                            },
                                                                                                                            "cumulative_cardinality": 11795244,
                                                                                                                            "operator_type": "TABLE_SCAN",
                                                                                                                            "operator_cardinality": 11795244,
                                                                                                                            "cumulative_rows_scanned": 11795244,
                                                                                                                            "operator_rows_scanned": 11795244,
                                                                                                                            "operator_timing": 0.12090918399999971,
                                                                                                                            "result_set_size": 70771464,
                                                                                                                            "children": []
                                                                                                                        }
                                                                                                                    ]
                                                                                                                }
                                                                                                            ]
                                                                                                        }
                                                                                                    ]
                                                                                                }
                                                                                            ]
                                                                                        }
                                                                                    ]
                                                                                }
                                                                            ]
                                                                        },
                                                                        {
                                                                            "operator_name": "READ_PARQUET ",
                                                                            "cpu_time": 0.2572050169999999,
                                                                            "extra_info": {
                                                                                "Function": "READ_PARQUET",
                                                                                "Projections": [
                                                                                    "id",
                                                                                    "score",
                                                                                    "owneruserid",
                                                                                    "title"
                                                                                ],
                                                                                "Filters": "score>10",
                                                                                "Estimated Cardinality": "770023"
                                                                            },
                                                                            "cumulative_cardinality": 92759,
                                                                            "operator_type": "TABLE_SCAN",
                                                                            "operator_cardinality": 92759,
                                                                            "cumulative_rows_scanned": 3850116,
                                                                            "operator_rows_scanned": 3850116,
                                                                            "operator_timing": 0.2572050169999999,
                                                                            "result_set_size": 2597252,
                                                                            "children": []
                                                                        }
                                                                    ]
                                                                }
                                                            ]
                                                        }
                                                    ]
                                                },
                                                {
                                                    "operator_name": "HASH_GROUP_BY",
                                                    "cpu_time": 0.5318145230000006,
                                                    "extra_info": {
                                                        "Groups": "#0",
                                                        "Aggregates": [
                                                            "count(#1)",
                                                            "sum(#2)",
                                                            "sum(#3)"
                                                        ],
                                                        "Estimated Cardinality": "1260710"
                                                    },
                                                    "cumulative_cardinality": 7717049,
                                                    "operator_type": "HASH_GROUP_BY",
                                                    "operator_cardinality": 1260679,
                                                    "cumulative_rows_scanned": 14004818,
                                                    "operator_rows_scanned": 0,
                                                    "operator_timing": 0.23364236999999993,
                                                    "result_set_size": 55469876,
                                                    "children": [
                                                        {
                                                            "operator_name": "PROJECTION",
                                                            "cpu_time": 0.2981721530000008,
                                                            "extra_info": {
                                                                "Projections": [
                                                                    "id",
                                                                    "id",
                                                                    "CASE  WHEN ((name = 'UpMod')) THEN (1) ELSE 0 END",
                                                                    "CASE  WHEN ((name = 'DownMod')) THEN (1) ELSE 0 END"
                                                                ],
                                                                "Estimated Cardinality": "12744093"
                                                            },
                                                            "cumulative_cardinality": 6456370,
                                                            "operator_type": "PROJECTION",
                                                            "operator_cardinality": 1288824,
                                                            "cumulative_rows_scanned": 14004818,
                                                            "operator_rows_scanned": 0,
                                                            "operator_timing": 0.002333026000000003,
                                                            "result_set_size": 20621184,
                                                            "children": [
                                                                {
                                                                    "operator_name": "FILTER",
                                                                    "cpu_time": 0.29583912700000076,
                                                                    "extra_info": {
                                                                        "Expression": "(id <= 1416539)",
                                                                        "Estimated Cardinality": "12744093"
                                                                    },
                                                                    "cumulative_cardinality": 5167546,
                                                                    "operator_type": "FILTER",
                                                                    "operator_cardinality": 1288824,
                                                                    "cumulative_rows_scanned": 14004818,
                                                                    "operator_rows_scanned": 0,
                                                                    "operator_timing": 0.0023976869999999964,
                                                                    "result_set_size": 30931776,
                                                                    "children": [
                                                                        {
                                                                            "operator_name": "HASH_JOIN",
                                                                            "cpu_time": 0.2934414400000008,
                                                                            "extra_info": {
                                                                                "Join Type": "LEFT",
                                                                                "Conditions": "votetypeid = id",
                                                                                "Estimated Cardinality": "12744093"
                                                                            },
                                                                            "cumulative_cardinality": 3878722,
                                                                            "operator_type": "HASH_JOIN",
                                                                            "operator_cardinality": 1288855,
                                                                            "cumulative_rows_scanned": 14004818,
                                                                            "operator_rows_scanned": 0,
                                                                            "operator_timing": 0.008581594000000015,
                                                                            "result_set_size": 30932520,
                                                                            "children": [
                                                                                {
                                                                                    "operator_name": "HASH_JOIN",
                                                                                    "cpu_time": 0.28455418500000074,
                                                                                    "extra_info": {
                                                                                        "Join Type": "RIGHT",
                                                                                        "Conditions": "userid = id",
                                                                                        "Estimated Cardinality": "12744093"
                                                                                    },
                                                                                    "cumulative_cardinality": 2589852,
                                                                                    "operator_type": "HASH_JOIN",
                                                                                    "operator_cardinality": 1288855,
                                                                                    "cumulative_rows_scanned": 14004803,
                                                                                    "operator_rows_scanned": 0,
                                                                                    "operator_timing": 0.08199819700000133,
                                                                                    "result_set_size": 12888550,
                                                                                    "children": [
                                                                                        {
                                                                                            "operator_name": "READ_PARQUET ",
                                                                                            "cpu_time": 0.1956638369999994,
                                                                                            "extra_info": {
                                                                                                "Function": "READ_PARQUET",
                                                                                                "Projections": [
                                                                                                    "id",
                                                                                                    "votetypeid",
                                                                                                    "userid"
                                                                                                ],
                                                                                                "Estimated Cardinality": "12744093"
                                                                                            },
                                                                                            "cumulative_cardinality": 40287,
                                                                                            "operator_type": "TABLE_SCAN",
                                                                                            "operator_cardinality": 40287,
                                                                                            "cumulative_rows_scanned": 12744093,
                                                                                            "operator_rows_scanned": 12744093,
                                                                                            "operator_timing": 0.1956638369999994,
                                                                                            "result_set_size": 402870,
                                                                                            "children": []
                                                                                        },
                                                                                        {
                                                                                            "operator_name": "READ_PARQUET ",
                                                                                            "cpu_time": 0.006892151000000018,
                                                                                            "extra_info": {
                                                                                                "Function": "READ_PARQUET",
                                                                                                "Projections": "id",
                                                                                                "Estimated Cardinality": "1260710"
                                                                                            },
                                                                                            "cumulative_cardinality": 1260710,
                                                                                            "operator_type": "TABLE_SCAN",
                                                                                            "operator_cardinality": 1260710,
                                                                                            "cumulative_rows_scanned": 1260710,
                                                                                            "operator_rows_scanned": 1260710,
                                                                                            "operator_timing": 0.006892151000000018,
                                                                                            "result_set_size": 5042840,
                                                                                            "children": []
                                                                                        }
                                                                                    ]
                                                                                },
                                                                                {
                                                                                    "operator_name": "READ_PARQUET ",
                                                                                    "cpu_time": 0.000305661,
                                                                                    "extra_info": {
                                                                                        "Function": "READ_PARQUET",
                                                                                        "Projections": [
                                                                                            "id",
                                                                                            "name"
                                                                                        ],
                                                                                        "Estimated Cardinality": "15"
                                                                                    },
                                                                                    "cumulative_cardinality": 15,
                                                                                    "operator_type": "TABLE_SCAN",
                                                                                    "operator_cardinality": 15,
                                                                                    "cumulative_rows_scanned": 15,
                                                                                    "operator_rows_scanned": 15,
                                                                                    "operator_timing": 0.000305661,
                                                                                    "result_set_size": 270,
                                                                                    "children": []
                                                                                }
                                                                            ]
                                                                        }
                                                                    ]
                                                                }
                                                            ]
                                                        }
                                                    ]
                                                }
                                            ]
                                        }
                                    ]
                                }
                            ]
                        }
                    ]
                }
            ]
        }
    ]
}