{
    "rows_returned": 50,
    "query_name": "WITH UserActivity AS (\n    SELECT \n        u.Id AS UserId,\n        u.DisplayName,\n        COALESCE(SUM(CASE WHEN v.VoteTypeId = 2 THEN 1 ELSE 0 END), 0) AS TotalUpvotes,\n        COALESCE(SUM(CASE WHEN v.VoteTypeId = 3 THEN 1 ELSE 0 END), 0) AS TotalDownvotes,\n        COUNT(DISTINCT p.Id) AS TotalPosts,\n        COUNT(DISTINCT c.Id) AS TotalComments,\n        COUNT(DISTINCT ba.Id) AS TotalBadges\n    FROM \n        Users u\n    LEFT JOIN \n        Posts p ON u.Id = p.OwnerUserId\n    LEFT JOIN \n        Comments c ON p.Id = c.PostId\n    LEFT JOIN \n        Votes v ON p.Id = v.PostId\n    LEFT JOIN \n        Badges ba ON u.Id = ba.UserId\n    GROUP BY \n        u.Id, u.DisplayName\n), TrendingTags AS (\n    SELECT \n        t.TagName,\n        COUNT(p.Id) AS PostCount\n    FROM \n        Tags t\n    JOIN \n        Posts p ON p.Tags LIKE '%' || t.TagName || '%'\n    WHERE \n        p.CreationDate >= cast('2024-10-01 12:34:56' as timestamp) - INTERVAL '30 days'\n    GROUP BY \n        t.TagName\n    ORDER BY \n        PostCount DESC\n    LIMIT 10\n)\nSELECT \n    ua.UserId,\n    ua.DisplayName,\n    ua.TotalUpvotes,\n    ua.TotalDownvotes,\n    ua.TotalPosts,\n    ua.TotalComments,\n    tt.TagName AS TrendingTag\nFROM \n    UserActivity ua\nJOIN \n    TrendingTags tt ON ua.TotalPosts > 0\nORDER BY \n    ua.TotalPosts DESC, ua.TotalUpvotes DESC\nLIMIT 50;",
    "blocked_thread_time": 0.0,
    "cpu_time": 729.800408544996,
    "extra_info": {},
    "cumulative_cardinality": 15912580454,
    "cumulative_rows_scanned": 31270557,
    "result_set_size": 4200,
    "latency": 809.993360653,
    "children": [
        {
            "operator_name": "STREAMING_LIMIT",
            "cpu_time": 729.800408544996,
            "extra_info": {},
            "cumulative_cardinality": 15912580454,
            "operator_type": "STREAMING_LIMIT",
            "operator_cardinality": 50,
            "cumulative_rows_scanned": 31270557,
            "operator_rows_scanned": 0,
            "operator_timing": 0.000002976,
            "result_set_size": 4200,
            "children": [
                {
                    "operator_name": "ORDER_BY",
                    "cpu_time": 729.800405568996,
                    "extra_info": {
                        "Order By": [
                            "ua.TotalPosts DESC",
                            "ua.TotalUpvotes DESC"
                        ]
                    },
                    "cumulative_cardinality": 15912580404,
                    "operator_type": "ORDER_BY",
                    "operator_cardinality": 4096,
                    "cumulative_rows_scanned": 31270557,
                    "operator_rows_scanned": 0,
                    "operator_timing": 0.4173162180000001,
                    "result_set_size": 344064,
                    "children": [
                        {
                            "operator_name": "PROJECTION",
                            "cpu_time": 729.383089350996,
                            "extra_info": {
                                "Projections": [
                                    "UserId",
                                    "displayname",
                                    "TotalUpvotes",
                                    "TotalDownvotes",
                                    "TotalPosts",
                                    "TotalComments",
                                    "TrendingTag"
                                ],
                                "Estimated Cardinality": "2521420"
                            },
                            "cumulative_cardinality": 15912576308,
                            "operator_type": "PROJECTION",
                            "operator_cardinality": 3716310,
                            "cumulative_rows_scanned": 31270557,
                            "operator_rows_scanned": 0,
                            "operator_timing": 0.0013237250000000002,
                            "result_set_size": 312170040,
                            "children": [
                                {
                                    "operator_name": "CROSS_PRODUCT",
                                    "cpu_time": 729.381765625996,
                                    "extra_info": {},
                                    "cumulative_cardinality": 15908859998,
                                    "operator_type": "CROSS_PRODUCT",
                                    "operator_cardinality": 3716310,
                                    "cumulative_rows_scanned": 31270557,
                                    "operator_rows_scanned": 0,
                                    "operator_timing": 0.004124261999999983,
                                    "result_set_size": 341900520,
                                    "children": [
                                        {
                                            "operator_name": "PROJECTION",
                                            "cpu_time": 727.2199170319959,
                                            "extra_info": {
                                                "Projections": [
                                                    "UserId",
                                                    "displayname",
                                                    "TotalUpvotes",
                                                    "TotalDownvotes",
                                                    "TotalPosts",
                                                    "TotalComments"
                                                ],
                                                "Estimated Cardinality": "252142"
                                            },
                                            "cumulative_cardinality": 15905091997,
                                            "operator_type": "PROJECTION",
                                            "operator_cardinality": 371631,
                                            "cumulative_rows_scanned": 27418465,
                                            "operator_rows_scanned": 0,
                                            "operator_timing": 0.009903893999999998,
                                            "result_set_size": 25270908,
                                            "children": [
                                                {
                                                    "operator_name": "FILTER",
                                                    "cpu_time": 727.2100131379959,
                                                    "extra_info": {
                                                        "Expression": "(TotalPosts > 0)",
                                                        "Estimated Cardinality": "252142"
                                                    },
                                                    "cumulative_cardinality": 15904720366,
                                                    "operator_type": "FILTER",
                                                    "operator_cardinality": 371631,
                                                    "cumulative_rows_scanned": 27418465,
                                                    "operator_rows_scanned": 0,
                                                    "operator_timing": 0.0037082869999999967,
                                                    "result_set_size": 25270908,
                                                    "children": [
                                                        {
                                                            "operator_name": "HASH_GROUP_BY",
                                                            "cpu_time": 727.2063048509959,
                                                            "extra_info": {
                                                                "Groups": [
                                                                    "#0",
                                                                    "#1"
                                                                ],
                                                                "Aggregates": [
                                                                    "sum(#2)",
                                                                    "sum(#3)",
                                                                    "count(DISTINCT #4)",
                                                                    "count(DISTINCT #5)"
                                                                ],
                                                                "Estimated Cardinality": "1260710"
                                                            },
                                                            "cumulative_cardinality": 15904348735,
                                                            "operator_type": "HASH_GROUP_BY",
                                                            "operator_cardinality": 1260710,
                                                            "cumulative_rows_scanned": 27418465,
                                                            "operator_rows_scanned": 0,
                                                            "operator_timing": 614.2438327039863,
                                                            "result_set_size": 85728280,
                                                            "children": [
                                                                {
                                                                    "operator_name": "PROJECTION",
                                                                    "cpu_time": 112.96247214700966,
                                                                    "extra_info": {
                                                                        "Projections": [
                                                                            "id",
                                                                            "displayname",
                                                                            "CASE  WHEN ((votetypeid = 2)) THEN (1) ELSE 0 END",
                                                                            "CASE  WHEN ((votetypeid = 3)) THEN (1) ELSE 0 END",
                                                                            "id",
                                                                            "id"
                                                                        ],
                                                                        "Estimated Cardinality": "12744093"
                                                                    },
                                                                    "cumulative_cardinality": 15903088025,
                                                                    "operator_type": "PROJECTION",
                                                                    "operator_cardinality": 7913690343,
                                                                    "cumulative_rows_scanned": 27418465,
                                                                    "operator_rows_scanned": 0,
                                                                    "operator_timing": 42.52018250099223,
                                                                    "result_set_size": 284892852348,
                                                                    "children": [
                                                                        {
                                                                            "operator_name": "HASH_JOIN",
                                                                            "cpu_time": 70.44228964601744,
                                                                            "extra_info": {
                                                                                "Join Type": "LEFT",
                                                                                "Conditions": "id = userid",
                                                                                "Estimated Cardinality": "12744093"
                                                                            },
                                                                            "cumulative_cardinality": 7989397682,
                                                                            "operator_type": "HASH_JOIN",
                                                                            "operator_cardinality": 7913690343,
                                                                            "cumulative_rows_scanned": 27418465,
                                                                            "operator_rows_scanned": 0,
                                                                            "operator_timing": 67.27810537601745,
                                                                            "result_set_size": 269065471662,
                                                                            "children": [
                                                                                {
                                                                                    "operator_name": "HASH_JOIN",
                                                                                    "cpu_time": 3.1526859699999985,
                                                                                    "extra_info": {
                                                                                        "Join Type": "RIGHT",
                                                                                        "Conditions": "postid = id",
                                                                                        "Estimated Cardinality": "12744093"
                                                                                    },
                                                                                    "cumulative_cardinality": 73385615,
                                                                                    "operator_type": "HASH_JOIN",
                                                                                    "operator_cardinality": 34453569,
                                                                                    "cumulative_rows_scanned": 25096741,
                                                                                    "operator_rows_scanned": 0,
                                                                                    "operator_timing": 1.7057451399999994,
                                                                                    "result_set_size": 1033607070,
                                                                                    "children": [
                                                                                        {
                                                                                            "operator_name": "READ_PARQUET ",
                                                                                            "cpu_time": 0.24905537500000008,
                                                                                            "extra_info": {
                                                                                                "Function": "READ_PARQUET",
                                                                                                "Projections": [
                                                                                                    "postid",
                                                                                                    "votetypeid"
                                                                                                ],
                                                                                                "Estimated Cardinality": "12744093"
                                                                                            },
                                                                                            "cumulative_cardinality": 12744093,
                                                                                            "operator_type": "TABLE_SCAN",
                                                                                            "operator_cardinality": 12744093,
                                                                                            "cumulative_rows_scanned": 12744093,
                                                                                            "operator_rows_scanned": 12744093,
                                                                                            "operator_timing": 0.24905537500000008,
                                                                                            "result_set_size": 76464558,
                                                                                            "children": []
                                                                                        },
                                                                                        {
                                                                                            "operator_name": "HASH_JOIN",
                                                                                            "cpu_time": 1.1978854549999989,
                                                                                            "extra_info": {
                                                                                                "Join Type": "RIGHT",
                                                                                                "Conditions": "postid = id",
                                                                                                "Estimated Cardinality": "7241822"
                                                                                            },
                                                                                            "cumulative_cardinality": 26187953,
                                                                                            "operator_type": "HASH_JOIN",
                                                                                            "operator_cardinality": 9425510,
                                                                                            "cumulative_rows_scanned": 12352648,
                                                                                            "operator_rows_scanned": 0,
                                                                                            "operator_timing": 0.670653645999999,
                                                                                            "result_set_size": 263914280,
                                                                                            "children": [
                                                                                                {
                                                                                                    "operator_name": "READ_PARQUET ",
                                                                                                    "cpu_time": 0.12073148999999983,
                                                                                                    "extra_info": {
                                                                                                        "Function": "READ_PARQUET",
                                                                                                        "Projections": [
                                                                                                            "id",
                                                                                                            "postid"
                                                                                                        ],
                                                                                                        "Estimated Cardinality": "7241822"
                                                                                                    },
                                                                                                    "cumulative_cardinality": 7241822,
                                                                                                    "operator_type": "TABLE_SCAN",
                                                                                                    "operator_cardinality": 7241822,
                                                                                                    "cumulative_rows_scanned": 7241822,
                                                                                                    "operator_rows_scanned": 7241822,
                                                                                                    "operator_timing": 0.12073148999999983,
                                                                                                    "result_set_size": 57934576,
                                                                                                    "children": []
                                                                                                },
                                                                                                {
                                                                                                    "operator_name": "HASH_JOIN",
                                                                                                    "cpu_time": 0.40650031899999994,
                                                                                                    "extra_info": {
                                                                                                        "Join Type": "RIGHT",
                                                                                                        "Conditions": "owneruserid = id",
                                                                                                        "Estimated Cardinality": "3850116"
                                                                                                    },
                                                                                                    "cumulative_cardinality": 9520621,
                                                                                                    "operator_type": "HASH_JOIN",
                                                                                                    "operator_cardinality": 4574495,
                                                                                                    "cumulative_rows_scanned": 5110826,
                                                                                                    "operator_rows_scanned": 0,
                                                                                                    "operator_timing": 0.24681773700000004,
                                                                                                    "result_set_size": 109787880,
                                                                                                    "children": [
                                                                                                        {
                                                                                                            "operator_name": "READ_PARQUET ",
                                                                                                            "cpu_time": 0.08269926600000001,
                                                                                                            "extra_info": {
                                                                                                                "Function": "READ_PARQUET",
                                                                                                                "Projections": [
                                                                                                                    "id",
                                                                                                                    "owneruserid"
                                                                                                                ],
                                                                                                                "Estimated Cardinality": "3850116"
                                                                                                            },
                                                                                                            "cumulative_cardinality": 3685416,
                                                                                                            "operator_type": "TABLE_SCAN",
                                                                                                            "operator_cardinality": 3685416,
                                                                                                            "cumulative_rows_scanned": 3850116,
                                                                                                            "operator_rows_scanned": 3850116,
                                                                                                            "operator_timing": 0.08269926600000001,
                                                                                                            "result_set_size": 29483328,
                                                                                                            "children": []
                                                                                                        },
                                                                                                        {
                                                                                                            "operator_name": "READ_PARQUET ",
                                                                                                            "cpu_time": 0.07698331599999993,
                                                                                                            "extra_info": {
                                                                                                                "Function": "READ_PARQUET",
                                                                                                                "Projections": [
                                                                                                                    "id",
                                                                                                                    "displayname"
                                                                                                                ],
                                                                                                                "Estimated Cardinality": "1260710"
                                                                                                            },
                                                                                                            "cumulative_cardinality": 1260710,
                                                                                                            "operator_type": "TABLE_SCAN",
                                                                                                            "operator_cardinality": 1260710,
                                                                                                            "cumulative_rows_scanned": 1260710,
                                                                                                            "operator_rows_scanned": 1260710,
                                                                                                            "operator_timing": 0.07698331599999993,
                                                                                                            "result_set_size": 25214200,
                                                                                                            "children": []
                                                                                                        }
                                                                                                    ]
                                                                                                }
                                                                                            ]
                                                                                        }
                                                                                    ]
                                                                                },
                                                                                {
                                                                                    "operator_name": "READ_PARQUET ",
                                                                                    "cpu_time": 0.011498300000000012,
                                                                                    "extra_info": {
                                                                                        "Function": "READ_PARQUET",
                                                                                        "Projections": "userid",
                                                                                        "Estimated Cardinality": "2321724"
                                                                                    },
                                                                                    "cumulative_cardinality": 2321724,
                                                                                    "operator_type": "TABLE_SCAN",
                                                                                    "operator_cardinality": 2321724,
                                                                                    "cumulative_rows_scanned": 2321724,
                                                                                    "operator_rows_scanned": 2321724,
                                                                                    "operator_timing": 0.011498300000000012,
                                                                                    "result_set_size": 9286896,
                                                                                    "children": []
                                                                                }
                                                                            ]
                                                                        }
                                                                    ]
                                                                }
                                                            ]
                                                        }
                                                    ]
                                                }
                                            ]
                                        },
                                        {
                                            "operator_name": "STREAMING_LIMIT",
                                            "cpu_time": 2.157724332000006,
                                            "extra_info": {},
                                            "cumulative_cardinality": 51691,
                                            "operator_type": "STREAMING_LIMIT",
                                            "operator_cardinality": 10,
                                            "cumulative_rows_scanned": 3852092,
                                            "operator_rows_scanned": 0,
                                            "operator_timing": 9.52e-7,
                                            "result_set_size": 240,
                                            "children": [
                                                {
                                                    "operator_name": "ORDER_BY",
                                                    "cpu_time": 2.157723380000006,
                                                    "extra_info": {
                                                        "Order By": "count(p.Id) DESC"
                                                    },
                                                    "cumulative_cardinality": 51681,
                                                    "operator_type": "ORDER_BY",
                                                    "operator_cardinality": 1284,
                                                    "cumulative_rows_scanned": 3852092,
                                                    "operator_rows_scanned": 0,
                                                    "operator_timing": 0.000072185,
                                                    "result_set_size": 30816,
                                                    "children": [
                                                        {
                                                            "operator_name": "HASH_GROUP_BY",
                                                            "cpu_time": 2.157651195000006,
                                                            "extra_info": {
                                                                "Groups": "#0",
                                                                "Aggregates": "count_star()",
                                                                "Estimated Cardinality": "1976"
                                                            },
                                                            "cumulative_cardinality": 50397,
                                                            "operator_type": "HASH_GROUP_BY",
                                                            "operator_cardinality": 1284,
                                                            "cumulative_rows_scanned": 3852092,
                                                            "operator_rows_scanned": 0,
                                                            "operator_timing": 0.0007923540000000002,
                                                            "result_set_size": 30816,
                                                            "children": [
                                                                {
                                                                    "operator_name": "PROJECTION",
                                                                    "cpu_time": 2.156858841000006,
                                                                    "extra_info": {
                                                                        "Projections": "tagname",
                                                                        "Estimated Cardinality": "770023"
                                                                    },
                                                                    "cumulative_cardinality": 49113,
                                                                    "operator_type": "PROJECTION",
                                                                    "operator_cardinality": 18605,
                                                                    "cumulative_rows_scanned": 3852092,
                                                                    "operator_rows_scanned": 0,
                                                                    "operator_timing": 0.000005971000000000003,
                                                                    "result_set_size": 297680,
                                                                    "children": [
                                                                        {
                                                                            "operator_name": "BLOCKWISE_NL_JOIN",
                                                                            "cpu_time": 2.1568528700000056,
                                                                            "extra_info": {
                                                                                "Join Type": "INNER",
                                                                                "Condition": "(tags ~~ (('%' || tagname) || '%'))"
                                                                            },
                                                                            "cumulative_cardinality": 30508,
                                                                            "operator_type": "BLOCKWISE_NL_JOIN",
                                                                            "operator_cardinality": 18605,
                                                                            "cumulative_rows_scanned": 3852092,
                                                                            "operator_rows_scanned": 0,
                                                                            "operator_timing": 2.1199013950000056,
                                                                            "result_set_size": 669780,
                                                                            "children": [
                                                                                {
                                                                                    "operator_name": "READ_PARQUET ",
                                                                                    "cpu_time": 0.03658209600000001,
                                                                                    "extra_info": {
                                                                                        "Function": "READ_PARQUET",
                                                                                        "Projections": [
                                                                                            "id",
                                                                                            "tags"
                                                                                        ],
                                                                                        "Filters": "creationdate>='2024-09-01 12:34:56'::TIMESTAMP",
                                                                                        "Estimated Cardinality": "770023"
                                                                                    },
                                                                                    "cumulative_cardinality": 9927,
                                                                                    "operator_type": "TABLE_SCAN",
                                                                                    "operator_cardinality": 9927,
                                                                                    "cumulative_rows_scanned": 3850116,
                                                                                    "operator_rows_scanned": 3850116,
                                                                                    "operator_timing": 0.03658209600000001,
                                                                                    "result_set_size": 198540,
                                                                                    "children": []
                                                                                },
                                                                                {
                                                                                    "operator_name": "READ_PARQUET ",
                                                                                    "cpu_time": 0.000369379,
                                                                                    "extra_info": {
                                                                                        "Function": "READ_PARQUET",
                                                                                        "Projections": "tagname",
                                                                                        "Estimated Cardinality": "1976"
                                                                                    },
                                                                                    "cumulative_cardinality": 1976,
                                                                                    "operator_type": "TABLE_SCAN",
                                                                                    "operator_cardinality": 1976,
                                                                                    "cumulative_rows_scanned": 1976,
                                                                                    "operator_rows_scanned": 1976,
                                                                                    "operator_timing": 0.000369379,
                                                                                    "result_set_size": 31616,
                                                                                    "children": []
                                                                                }
                                                                            ]
                                                                        }
                                                                    ]
                                                                }
                                                            ]
                                                        }
                                                    ]
                                                }
                                            ]
                                        }
                                    ]
                                }
                            ]
                        }
                    ]
                }
            ]
        }
    ]
}