{
    "rows_returned": 38940,
    "query_name": "WITH RankedPosts AS (\n    SELECT \n        P.Id AS PostId,\n        P.Title,\n        P.OwnerUserId,\n        U.DisplayName AS OwnerDisplayName,\n        P.CreationDate,\n        P.Score,\n        P.ViewCount,\n        ROW_NUMBER() OVER (PARTITION BY P.OwnerUserId ORDER BY P.Score DESC) AS PostRank\n    FROM \n        Posts P\n    JOIN \n        Users U ON P.OwnerUserId = U.Id\n    WHERE \n        P.PostTypeId = 1 AND P.Score > 0\n),\nTopUsers AS (\n    SELECT \n        U.Id AS UserId,\n        U.DisplayName,\n        COUNT(RP.PostId) AS PostCount,\n        SUM(RP.Score) AS TotalScore\n    FROM \n        RankedPosts RP\n    JOIN \n        Users U ON RP.OwnerUserId = U.Id\n    GROUP BY \n        U.Id, U.DisplayName\n    HAVING \n        COUNT(RP.PostId) >= 5\n),\nUserBadges AS (\n    SELECT \n        U.Id AS UserId,\n        COUNT(B.Id) AS BadgeCount\n    FROM \n        Users U\n    LEFT JOIN \n        Badges B ON U.Id = B.UserId\n    GROUP BY \n        U.Id\n)\nSELECT \n    TU.DisplayName,\n    TU.PostCount,\n    TU.TotalScore,\n    UB.BadgeCount,\n    (SELECT COUNT(*) FROM Posts P WHERE P.OwnerUserId = TU.UserId AND P.AcceptedAnswerId IS NOT NULL) AS AcceptedAnswersCount\nFROM \n    TopUsers TU\nJOIN \n    UserBadges UB ON TU.UserId = UB.UserId\nORDER BY \n    TU.TotalScore DESC, TU.PostCount DESC;\n",
    "blocked_thread_time": 0.0,
    "cpu_time": 1.332287389,
    "extra_info": {},
    "cumulative_cardinality": 31610799,
    "cumulative_rows_scanned": 13804086,
    "result_set_size": 2180640,
    "latency": 1.538566943,
    "children": [
        {
            "operator_name": "ORDER_BY",
            "cpu_time": 1.332287389,
            "extra_info": {
                "Order By": [
                    "TU.TotalScore DESC",
                    "TU.PostCount DESC"
                ]
            },
            "cumulative_cardinality": 31610799,
            "operator_type": "ORDER_BY",
            "operator_cardinality": 38940,
            "cumulative_rows_scanned": 13804086,
            "operator_rows_scanned": 0,
            "operator_timing": 0.0021416720000000003,
            "result_set_size": 2180640,
            "children": [
                {
                    "operator_name": "PROJECTION",
                    "cpu_time": 1.330145717,
                    "extra_info": {
                        "Projections": [
                            "displayname",
                            "PostCount",
                            "TotalScore",
                            "BadgeCount",
                            "AcceptedAnswersCount"
                        ],
                        "Estimated Cardinality": "77002"
                    },
                    "cumulative_cardinality": 31571859,
                    "operator_type": "PROJECTION",
                    "operator_cardinality": 38940,
                    "cumulative_rows_scanned": 13804086,
                    "operator_rows_scanned": 0,
                    "operator_timing": 0.000006743000000000001,
                    "result_set_size": 2180640,
                    "children": [
                        {
                            "operator_name": "LEFT_DELIM_JOIN",
                            "cpu_time": 1.330138974,
                            "extra_info": {
                                "Join Type": "SINGLE",
                                "Conditions": "UserId IS NOT DISTINCT FROM UserId",
                                "Estimated Cardinality": "77002",
                                "Delim Index": "1"
                            },
                            "cumulative_cardinality": 31532919,
                            "operator_type": "LEFT_DELIM_JOIN",
                            "operator_cardinality": 0,
                            "cumulative_rows_scanned": 13804086,
                            "operator_rows_scanned": 0,
                            "operator_timing": 0.002605198,
                            "result_set_size": 0,
                            "children": [
                                {
                                    "operator_name": "HASH_JOIN",
                                    "cpu_time": 1.15110375,
                                    "extra_info": {
                                        "Join Type": "INNER",
                                        "Conditions": "UserId = UserId",
                                        "Estimated Cardinality": "77002"
                                    },
                                    "cumulative_cardinality": 24103309,
                                    "operator_type": "HASH_JOIN",
                                    "operator_cardinality": 38940,
                                    "cumulative_rows_scanned": 9953970,
                                    "operator_rows_scanned": 0,
                                    "operator_timing": 0.01777685499999999,
                                    "result_set_size": 2024880,
                                    "children": [
                                        {
                                            "operator_name": "HASH_GROUP_BY",
                                            "cpu_time": 0.40486325900000014,
                                            "extra_info": {
                                                "Groups": "#0",
                                                "Aggregates": "count(#1)",
                                                "Estimated Cardinality": "1260710"
                                            },
                                            "cumulative_cardinality": 13943290,
                                            "operator_type": "HASH_GROUP_BY",
                                            "operator_cardinality": 1260679,
                                            "cumulative_rows_scanned": 3582434,
                                            "operator_rows_scanned": 0,
                                            "operator_timing": 0.17107774499999992,
                                            "result_set_size": 15128148,
                                            "children": [
                                                {
                                                    "operator_name": "PROJECTION",
                                                    "cpu_time": 0.23378551400000022,
                                                    "extra_info": {
                                                        "Projections": [
                                                            "id",
                                                            "id"
                                                        ],
                                                        "Estimated Cardinality": "2321724"
                                                    },
                                                    "cumulative_cardinality": 12682611,
                                                    "operator_type": "PROJECTION",
                                                    "operator_cardinality": 3033382,
                                                    "cumulative_rows_scanned": 3582434,
                                                    "operator_rows_scanned": 0,
                                                    "operator_timing": 0.0003016549999999995,
                                                    "result_set_size": 24267056,
                                                    "children": [
                                                        {
                                                            "operator_name": "FILTER",
                                                            "cpu_time": 0.2334838590000002,
                                                            "extra_info": {
                                                                "Expression": "(id <= 1416539)",
                                                                "Estimated Cardinality": "2321724"
                                                            },
                                                            "cumulative_cardinality": 9649229,
                                                            "operator_type": "FILTER",
                                                            "operator_cardinality": 3033382,
                                                            "cumulative_rows_scanned": 3582434,
                                                            "operator_rows_scanned": 0,
                                                            "operator_timing": 0.004172879000000005,
                                                            "result_set_size": 24267056,
                                                            "children": [
                                                                {
                                                                    "operator_name": "HASH_JOIN",
                                                                    "cpu_time": 0.2293109800000002,
                                                                    "extra_info": {
                                                                        "Join Type": "RIGHT",
                                                                        "Conditions": "userid = id",
                                                                        "Estimated Cardinality": "2321724"
                                                                    },
                                                                    "cumulative_cardinality": 6615847,
                                                                    "operator_type": "HASH_JOIN",
                                                                    "operator_cardinality": 3033413,
                                                                    "cumulative_rows_scanned": 3582434,
                                                                    "operator_rows_scanned": 0,
                                                                    "operator_timing": 0.18009789800000015,
                                                                    "result_set_size": 24267304,
                                                                    "children": [
                                                                        {
                                                                            "operator_name": "READ_PARQUET ",
                                                                            "cpu_time": 0.041775329000000035,
                                                                            "extra_info": {
                                                                                "Function": "READ_PARQUET",
                                                                                "Projections": [
                                                                                    "id",
                                                                                    "userid"
                                                                                ],
                                                                                "Estimated Cardinality": "2321724"
                                                                            },
                                                                            "cumulative_cardinality": 2321724,
                                                                            "operator_type": "TABLE_SCAN",
                                                                            "operator_cardinality": 2321724,
                                                                            "cumulative_rows_scanned": 2321724,
                                                                            "operator_rows_scanned": 2321724,
                                                                            "operator_timing": 0.041775329000000035,
                                                                            "result_set_size": 18573792,
                                                                            "children": []
                                                                        },
                                                                        {
                                                                            "operator_name": "READ_PARQUET ",
                                                                            "cpu_time": 0.007437753000000011,
                                                                            "extra_info": {
                                                                                "Function": "READ_PARQUET",
                                                                                "Projections": "id",
                                                                                "Estimated Cardinality": "1260710"
                                                                            },
                                                                            "cumulative_cardinality": 1260710,
                                                                            "operator_type": "TABLE_SCAN",
                                                                            "operator_cardinality": 1260710,
                                                                            "cumulative_rows_scanned": 1260710,
                                                                            "operator_rows_scanned": 1260710,
                                                                            "operator_timing": 0.007437753000000011,
                                                                            "result_set_size": 5042840,
                                                                            "children": []
                                                                        }
                                                                    ]
                                                                }
                                                            ]
                                                        }
                                                    ]
                                                }
                                            ]
                                        },
                                        {
                                            "operator_name": "FILTER",
                                            "cpu_time": 0.728463636,
                                            "extra_info": {
                                                "Expression": "(PostCount >= 5)",
                                                "Estimated Cardinality": "77002"
                                            },
                                            "cumulative_cardinality": 10121079,
                                            "operator_type": "FILTER",
                                            "operator_cardinality": 38940,
                                            "cumulative_rows_scanned": 6371536,
                                            "operator_rows_scanned": 0,
                                            "operator_timing": 0.00036328000000000006,
                                            "result_set_size": 1713360,
                                            "children": [
                                                {
                                                    "operator_name": "HASH_GROUP_BY",
                                                    "cpu_time": 0.728100356,
                                                    "extra_info": {
                                                        "Groups": [
                                                            "#0",
                                                            "#1"
                                                        ],
                                                        "Aggregates": [
                                                            "count_star()",
                                                            "sum(#2)"
                                                        ],
                                                        "Estimated Cardinality": "385011"
                                                    },
                                                    "cumulative_cardinality": 10082139,
                                                    "operator_type": "HASH_GROUP_BY",
                                                    "operator_cardinality": 241230,
                                                    "cumulative_rows_scanned": 6371536,
                                                    "operator_rows_scanned": 0,
                                                    "operator_timing": 0.056400904999999994,
                                                    "result_set_size": 10614120,
                                                    "children": [
                                                        {
                                                            "operator_name": "PROJECTION",
                                                            "cpu_time": 0.6716994510000001,
                                                            "extra_info": {
                                                                "Projections": [
                                                                    "id",
                                                                    "displayname",
                                                                    "score"
                                                                ],
                                                                "Estimated Cardinality": "770023"
                                                            },
                                                            "cumulative_cardinality": 9840909,
                                                            "operator_type": "PROJECTION",
                                                            "operator_cardinality": 1038260,
                                                            "cumulative_rows_scanned": 6371536,
                                                            "operator_rows_scanned": 0,
                                                            "operator_timing": 0.0002317830000000002,
                                                            "result_set_size": 24918240,
                                                            "children": [
                                                                {
                                                                    "operator_name": "HASH_JOIN",
                                                                    "cpu_time": 0.671467668,
                                                                    "extra_info": {
                                                                        "Join Type": "INNER",
                                                                        "Conditions": "id = owneruserid",
                                                                        "Estimated Cardinality": "770023"
                                                                    },
                                                                    "cumulative_cardinality": 8802649,
                                                                    "operator_type": "HASH_JOIN",
                                                                    "operator_cardinality": 1038260,
                                                                    "cumulative_rows_scanned": 6371536,
                                                                    "operator_rows_scanned": 0,
                                                                    "operator_timing": 0.10433961600000011,
                                                                    "result_set_size": 24918240,
                                                                    "children": [
                                                                        {
                                                                            "operator_name": "READ_PARQUET ",
                                                                            "cpu_time": 0.08933919200000004,
                                                                            "extra_info": {
                                                                                "Function": "READ_PARQUET",
                                                                                "Projections": [
                                                                                    "id",
                                                                                    "displayname"
                                                                                ],
                                                                                "Filters": "id<=1416539",
                                                                                "Estimated Cardinality": "1260710"
                                                                            },
                                                                            "cumulative_cardinality": 1260587,
                                                                            "operator_type": "TABLE_SCAN",
                                                                            "operator_cardinality": 1260587,
                                                                            "cumulative_rows_scanned": 1260710,
                                                                            "operator_rows_scanned": 1260710,
                                                                            "operator_timing": 0.08933919200000004,
                                                                            "result_set_size": 25211740,
                                                                            "children": []
                                                                        },
                                                                        {
                                                                            "operator_name": "PROJECTION",
                                                                            "cpu_time": 0.4777888599999999,
                                                                            "extra_info": {
                                                                                "Projections": [
                                                                                    "PostId",
                                                                                    "owneruserid",
                                                                                    "score"
                                                                                ],
                                                                                "Estimated Cardinality": "770023"
                                                                            },
                                                                            "cumulative_cardinality": 6503802,
                                                                            "operator_type": "PROJECTION",
                                                                            "operator_cardinality": 1038260,
                                                                            "cumulative_rows_scanned": 5110826,
                                                                            "operator_rows_scanned": 0,
                                                                            "operator_timing": 0.000067463,
                                                                            "result_set_size": 12459120,
                                                                            "children": [
                                                                                {
                                                                                    "operator_name": "PROJECTION",
                                                                                    "cpu_time": 0.47772139699999994,
                                                                                    "extra_info": {
                                                                                        "Projections": [
                                                                                            "#0",
                                                                                            "#1",
                                                                                            "#2",
                                                                                            "#3",
                                                                                            "#4"
                                                                                        ],
                                                                                        "Estimated Cardinality": "770023"
                                                                                    },
                                                                                    "cumulative_cardinality": 5465542,
                                                                                    "operator_type": "PROJECTION",
                                                                                    "operator_cardinality": 1038260,
                                                                                    "cumulative_rows_scanned": 5110826,
                                                                                    "operator_rows_scanned": 0,
                                                                                    "operator_timing": 0.00009505299999999959,
                                                                                    "result_set_size": 24918240,
                                                                                    "children": [
                                                                                        {
                                                                                            "operator_name": "WINDOW",
                                                                                            "cpu_time": 0.4776263439999999,
                                                                                            "extra_info": {
                                                                                                "Projections": "ROW_NUMBER() OVER (PARTITION BY owneruserid ORDER BY score DESC NULLS LAST)"
                                                                                            },
                                                                                            "cumulative_cardinality": 4427282,
                                                                                            "operator_type": "WINDOW",
                                                                                            "operator_cardinality": 1038260,
                                                                                            "cumulative_rows_scanned": 5110826,
                                                                                            "operator_rows_scanned": 0,
                                                                                            "operator_timing": 0.19184356700000002,
                                                                                            "result_set_size": 24918240,
                                                                                            "children": [
                                                                                                {
                                                                                                    "operator_name": "HASH_JOIN",
                                                                                                    "cpu_time": 0.2857827769999999,
                                                                                                    "extra_info": {
                                                                                                        "Join Type": "INNER",
                                                                                                        "Conditions": "id = owneruserid",
                                                                                                        "Estimated Cardinality": "770023"
                                                                                                    },
                                                                                                    "cumulative_cardinality": 3389022,
                                                                                                    "operator_type": "HASH_JOIN",
                                                                                                    "operator_cardinality": 1038260,
                                                                                                    "cumulative_rows_scanned": 5110826,
                                                                                                    "operator_rows_scanned": 0,
                                                                                                    "operator_timing": 0.10925856500000003,
                                                                                                    "result_set_size": 16612160,
                                                                                                    "children": [
                                                                                                        {
                                                                                                            "operator_name": "READ_PARQUET ",
                                                                                                            "cpu_time": 0.016121279999999953,
                                                                                                            "extra_info": {
                                                                                                                "Function": "READ_PARQUET",
                                                                                                                "Projections": "id",
                                                                                                                "Filters": "id<=1416539",
                                                                                                                "Estimated Cardinality": "1260710"
                                                                                                            },
                                                                                                            "cumulative_cardinality": 1260587,
                                                                                                            "operator_type": "TABLE_SCAN",
                                                                                                            "operator_cardinality": 1260587,
                                                                                                            "cumulative_rows_scanned": 1260710,
                                                                                                            "operator_rows_scanned": 1260710,
                                                                                                            "operator_timing": 0.016121279999999953,
                                                                                                            "result_set_size": 5042348,
                                                                                                            "children": []
                                                                                                        },
                                                                                                        {
                                                                                                            "operator_name": "READ_PARQUET ",
                                                                                                            "cpu_time": 0.1604029319999999,
                                                                                                            "extra_info": {
                                                                                                                "Function": "READ_PARQUET",
                                                                                                                "Projections": [
                                                                                                                    "id",
                                                                                                                    "score",
                                                                                                                    "owneruserid"
                                                                                                                ],
                                                                                                                "Filters": [
                                                                                                                    "posttypeid=1",
                                                                                                                    "score>0"
                                                                                                                ],
                                                                                                                "Estimated Cardinality": "770023"
                                                                                                            },
                                                                                                            "cumulative_cardinality": 1090175,
                                                                                                            "operator_type": "TABLE_SCAN",
                                                                                                            "operator_cardinality": 1090175,
                                                                                                            "cumulative_rows_scanned": 3850116,
                                                                                                            "operator_rows_scanned": 3850116,
                                                                                                            "operator_timing": 0.1604029319999999,
                                                                                                            "result_set_size": 13082100,
                                                                                                            "children": []
                                                                                                        }
                                                                                                    ]
                                                                                                }
                                                                                            ]
                                                                                        }
                                                                                    ]
                                                                                }
                                                                            ]
                                                                        }
                                                                    ]
                                                                }
                                                            ]
                                                        }
                                                    ]
                                                }
                                            ]
                                        }
                                    ]
                                },
                                {
                                    "operator_name": "HASH_JOIN",
                                    "cpu_time": 0.17602666100000003,
                                    "extra_info": {
                                        "Join Type": "SINGLE",
                                        "Conditions": "UserId IS NOT DISTINCT FROM UserId",
                                        "Estimated Cardinality": "77002"
                                    },
                                    "cumulative_cardinality": 7351730,
                                    "operator_type": "HASH_JOIN",
                                    "operator_cardinality": 38940,
                                    "cumulative_rows_scanned": 3850116,
                                    "operator_rows_scanned": 0,
                                    "operator_timing": 0.0021002,
                                    "result_set_size": 2180640,
                                    "children": [
                                        {
                                            "operator_name": "COLUMN_DATA_SCAN",
                                            "cpu_time": 0.000185268,
                                            "extra_info": {
                                                "Estimated Cardinality": "77002"
                                            },
                                            "cumulative_cardinality": 38940,
                                            "operator_type": "COLUMN_DATA_SCAN",
                                            "operator_cardinality": 38940,
                                            "cumulative_rows_scanned": 0,
                                            "operator_rows_scanned": 0,
                                            "operator_timing": 0.000185268,
                                            "result_set_size": 2024880,
                                            "children": []
                                        },
                                        {
                                            "operator_name": "PROJECTION",
                                            "cpu_time": 0.17374119300000002,
                                            "extra_info": {
                                                "Projections": [
                                                    "CASE  WHEN ((count_star() IS NULL)) THEN (0) ELSE count_star() END",
                                                    "UserId"
                                                ],
                                                "Estimated Cardinality": "38501"
                                            },
                                            "cumulative_cardinality": 7273850,
                                            "operator_type": "PROJECTION",
                                            "operator_cardinality": 38940,
                                            "cumulative_rows_scanned": 3850116,
                                            "operator_rows_scanned": 0,
                                            "operator_timing": 0.0000802,
                                            "result_set_size": 467280,
                                            "children": [
                                                {
                                                    "operator_name": "HASH_JOIN",
                                                    "cpu_time": 0.173660993,
                                                    "extra_info": {
                                                        "Join Type": "LEFT",
                                                        "Conditions": "UserId IS NOT DISTINCT FROM #0",
                                                        "Estimated Cardinality": "38501"
                                                    },
                                                    "cumulative_cardinality": 7234910,
                                                    "operator_type": "HASH_JOIN",
                                                    "operator_cardinality": 38940,
                                                    "cumulative_rows_scanned": 3850116,
                                                    "operator_rows_scanned": 0,
                                                    "operator_timing": 0.0017490769999999997,
                                                    "result_set_size": 467280,
                                                    "children": [
                                                        {
                                                            "operator_name": "DELIM_SCAN",
                                                            "cpu_time": 0.0,
                                                            "extra_info": {
                                                                "Delim Index": "1",
                                                                "Estimated Cardinality": "38501"
                                                            },
                                                            "cumulative_cardinality": 0,
                                                            "operator_type": "DELIM_SCAN",
                                                            "operator_cardinality": 0,
                                                            "cumulative_rows_scanned": 0,
                                                            "operator_rows_scanned": 0,
                                                            "operator_timing": 0.0,
                                                            "result_set_size": 0,
                                                            "children": []
                                                        },
                                                        {
                                                            "operator_name": "HASH_GROUP_BY",
                                                            "cpu_time": 0.17191191600000003,
                                                            "extra_info": {
                                                                "Groups": "#0",
                                                                "Aggregates": "count_star()",
                                                                "Estimated Cardinality": "3850"
                                                            },
                                                            "cumulative_cardinality": 7195970,
                                                            "operator_type": "HASH_GROUP_BY",
                                                            "operator_cardinality": 37231,
                                                            "cumulative_rows_scanned": 3850116,
                                                            "operator_rows_scanned": 0,
                                                            "operator_timing": 0.013179895,
                                                            "result_set_size": 446772,
                                                            "children": [
                                                                {
                                                                    "operator_name": "PROJECTION",
                                                                    "cpu_time": 0.15873202100000003,
                                                                    "extra_info": {
                                                                        "Projections": "UserId",
                                                                        "Estimated Cardinality": "7700"
                                                                    },
                                                                    "cumulative_cardinality": 7158739,
                                                                    "operator_type": "PROJECTION",
                                                                    "operator_cardinality": 608832,
                                                                    "cumulative_rows_scanned": 3850116,
                                                                    "operator_rows_scanned": 0,
                                                                    "operator_timing": 0.00020332599999999985,
                                                                    "result_set_size": 2435328,
                                                                    "children": [
                                                                        {
                                                                            "operator_name": "PROJECTION",
                                                                            "cpu_time": 0.15852869500000003,
                                                                            "extra_info": {
                                                                                "Projections": "UserId",
                                                                                "Estimated Cardinality": "7700"
                                                                            },
                                                                            "cumulative_cardinality": 6549907,
                                                                            "operator_type": "PROJECTION",
                                                                            "operator_cardinality": 608832,
                                                                            "cumulative_rows_scanned": 3850116,
                                                                            "operator_rows_scanned": 0,
                                                                            "operator_timing": 0.00019938499999999943,
                                                                            "result_set_size": 2435328,
                                                                            "children": [
                                                                                {
                                                                                    "operator_name": "HASH_JOIN",
                                                                                    "cpu_time": 0.15832931000000003,
                                                                                    "extra_info": {
                                                                                        "Join Type": "INNER",
                                                                                        "Conditions": "owneruserid = UserId",
                                                                                        "Estimated Cardinality": "7700"
                                                                                    },
                                                                                    "cumulative_cardinality": 5941075,
                                                                                    "operator_type": "HASH_JOIN",
                                                                                    "operator_cardinality": 608832,
                                                                                    "cumulative_rows_scanned": 3850116,
                                                                                    "operator_rows_scanned": 0,
                                                                                    "operator_timing": 0.02315773600000006,
                                                                                    "result_set_size": 4870656,
                                                                                    "children": [
                                                                                        {
                                                                                            "operator_name": "PROJECTION",
                                                                                            "cpu_time": 0.13517157399999996,
                                                                                            "extra_info": {
                                                                                                "Projections": "#1",
                                                                                                "Estimated Cardinality": "770023"
                                                                                            },
                                                                                            "cumulative_cardinality": 5332243,
                                                                                            "operator_type": "PROJECTION",
                                                                                            "operator_cardinality": 823940,
                                                                                            "cumulative_rows_scanned": 3850116,
                                                                                            "operator_rows_scanned": 0,
                                                                                            "operator_timing": 0.00018535900000000045,
                                                                                            "result_set_size": 3295760,
                                                                                            "children": [
                                                                                                {
                                                                                                    "operator_name": "FILTER",
                                                                                                    "cpu_time": 0.13498621499999996,
                                                                                                    "extra_info": {
                                                                                                        "Expression": "(acceptedanswerid IS NOT NULL)",
                                                                                                        "Estimated Cardinality": "770023"
                                                                                                    },
                                                                                                    "cumulative_cardinality": 4508303,
                                                                                                    "operator_type": "FILTER",
                                                                                                    "operator_cardinality": 823940,
                                                                                                    "cumulative_rows_scanned": 3850116,
                                                                                                    "operator_rows_scanned": 0,
                                                                                                    "operator_timing": 0.01658989500000002,
                                                                                                    "result_set_size": 6591520,
                                                                                                    "children": [
                                                                                                        {
                                                                                                            "operator_name": "READ_PARQUET ",
                                                                                                            "cpu_time": 0.11839631999999996,
                                                                                                            "extra_info": {
                                                                                                                "Function": "READ_PARQUET",
                                                                                                                "Projections": [
                                                                                                                    "acceptedanswerid",
                                                                                                                    "owneruserid"
                                                                                                                ],
                                                                                                                "Estimated Cardinality": "3850116"
                                                                                                            },
                                                                                                            "cumulative_cardinality": 3684363,
                                                                                                            "operator_type": "TABLE_SCAN",
                                                                                                            "operator_cardinality": 3684363,
                                                                                                            "cumulative_rows_scanned": 3850116,
                                                                                                            "operator_rows_scanned": 3850116,
                                                                                                            "operator_timing": 0.11839631999999996,
                                                                                                            "result_set_size": 29474904,
                                                                                                            "children": []
                                                                                                        }
                                                                                                    ]
                                                                                                }
                                                                                            ]
                                                                                        },
                                                                                        {
                                                                                            "operator_name": "DELIM_SCAN",
                                                                                            "cpu_time": 0.0,
                                                                                            "extra_info": {
                                                                                                "Delim Index": "1",
                                                                                                "Estimated Cardinality": "38501"
                                                                                            },
                                                                                            "cumulative_cardinality": 0,
                                                                                            "operator_type": "DELIM_SCAN",
                                                                                            "operator_cardinality": 0,
                                                                                            "cumulative_rows_scanned": 0,
                                                                                            "operator_rows_scanned": 0,
                                                                                            "operator_timing": 0.0,
                                                                                            "result_set_size": 0,
                                                                                            "children": []
                                                                                        }
                                                                                    ]
                                                                                }
                                                                            ]
                                                                        }
                                                                    ]
                                                                }
                                                            ]
                                                        }
                                                    ]
                                                }
                                            ]
                                        }
                                    ]
                                },
                                {
                                    "operator_name": "HASH_GROUP_BY",
                                    "cpu_time": 0.00040336500000000004,
                                    "extra_info": {
                                        "Groups": "#1",
                                        "Aggregates": "",
                                        "Estimated Cardinality": "77002"
                                    },
                                    "cumulative_cardinality": 77880,
                                    "operator_type": "HASH_GROUP_BY",
                                    "operator_cardinality": 77880,
                                    "cumulative_rows_scanned": 0,
                                    "operator_rows_scanned": 0,
                                    "operator_timing": 0.00040336500000000004,
                                    "result_set_size": 311520,
                                    "children": []
                                }
                            ]
                        }
                    ]
                }
            ]
        }
    ]
}