{
    "rows_returned": 9927,
    "query_name": "\nWITH RecentPosts AS (\n    SELECT \n        P.Id AS PostId, \n        P.Title, \n        P.Score, \n        P.ViewCount,\n        P.CreationDate, \n        U.DisplayName AS OwnerName, \n        COUNT(CASE WHEN C.Id IS NOT NULL THEN 1 END) AS CommentCount,\n        COUNT(DISTINCT V.UserId) AS UpvoteCount\n    FROM \n        Posts P\n    LEFT JOIN \n        Users U ON P.OwnerUserId = U.Id\n    LEFT JOIN \n        Comments C ON P.Id = C.PostId\n    LEFT JOIN \n        Votes V ON P.Id = V.PostId AND V.VoteTypeId = 2  \n    WHERE \n        P.CreationDate >= TIMESTAMP '2024-10-01 12:34:56' - INTERVAL '30 days'\n    GROUP BY \n        P.Id, P.Title, P.Score, P.ViewCount, P.CreationDate, U.DisplayName\n), PostHistorySummary AS (\n    SELECT \n        PH.PostId,\n        MAX(PH.CreationDate) AS LastEditDate,\n        COUNT(PH.Id) AS EditCount\n    FROM \n        PostHistory PH\n    WHERE \n        PH.PostHistoryTypeId IN (4, 5, 6) \n    GROUP BY \n        PH.PostId\n)\nSELECT \n    RP.PostId, \n    RP.Title, \n    RP.Score, \n    RP.ViewCount, \n    RP.OwnerName, \n    RP.CommentCount, \n    RP.UpvoteCount,\n    PHS.LastEditDate, \n    PHS.EditCount,\n    CASE \n        WHEN RP.Score > 50 THEN 'Popular'\n        WHEN RP.Score BETWEEN 20 AND 50 THEN 'Moderate'\n        ELSE 'New'\n    END AS PopularityRank\nFROM \n    RecentPosts RP\nLEFT JOIN \n    PostHistorySummary PHS ON RP.PostId = PHS.PostId\nORDER BY \n    RP.ViewCount DESC, RP.Score DESC;\n",
    "blocked_thread_time": 0.0,
    "cpu_time": 1.882352598000001,
    "extra_info": {},
    "cumulative_cardinality": 20356767,
    "cumulative_rows_scanned": 36891985,
    "result_set_size": 913284,
    "latency": 2.099390399,
    "children": [
        {
            "operator_name": "PROJECTION",
            "cpu_time": 1.882352598000001,
            "extra_info": {
                "Projections": [
                    "#0",
                    "#1",
                    "__internal_decompress_integral_integer(#2, -72)",
                    "#3",
                    "#4",
                    "#5",
                    "#6",
                    "#7",
                    "#8",
                    "__internal_decompress_string(#9)"
                ],
                "Estimated Cardinality": "3850116"
            },
            "cumulative_cardinality": 20356767,
            "operator_type": "PROJECTION",
            "operator_cardinality": 9927,
            "cumulative_rows_scanned": 36891985,
            "operator_rows_scanned": 0,
            "operator_timing": 0.000097371,
            "result_set_size": 913284,
            "children": [
                {
                    "operator_name": "ORDER_BY",
                    "cpu_time": 1.882255227000001,
                    "extra_info": {
                        "Order By": [
                            "RP.ViewCount DESC",
                            "RP.Score DESC"
                        ]
                    },
                    "cumulative_cardinality": 20346840,
                    "operator_type": "ORDER_BY",
                    "operator_cardinality": 9927,
                    "cumulative_rows_scanned": 36891985,
                    "operator_rows_scanned": 0,
                    "operator_timing": 0.0009084070000000001,
                    "result_set_size": 893430,
                    "children": [
                        {
                            "operator_name": "PROJECTION",
                            "cpu_time": 1.881346820000001,
                            "extra_info": {
                                "Projections": [
                                    "#0",
                                    "#1",
                                    "__internal_compress_integral_usmallint(#2, -72)",
                                    "#3",
                                    "#4",
                                    "#5",
                                    "#6",
                                    "#7",
                                    "#8",
                                    "__internal_compress_string_hugeint(#9)"
                                ],
                                "Estimated Cardinality": "3850116"
                            },
                            "cumulative_cardinality": 20336913,
                            "operator_type": "PROJECTION",
                            "operator_cardinality": 9927,
                            "cumulative_rows_scanned": 36891985,
                            "operator_rows_scanned": 0,
                            "operator_timing": 0.00008473899999999999,
                            "result_set_size": 893430,
                            "children": [
                                {
                                    "operator_name": "PROJECTION",
                                    "cpu_time": 1.881262081000001,
                                    "extra_info": {
                                        "Projections": [
                                            "PostId",
                                            "title",
                                            "score",
                                            "viewcount",
                                            "OwnerName",
                                            "CommentCount",
                                            "UpvoteCount",
                                            "LastEditDate",
                                            "EditCount",
                                            "PopularityRank"
                                        ],
                                        "Estimated Cardinality": "3850116"
                                    },
                                    "cumulative_cardinality": 20326986,
                                    "operator_type": "PROJECTION",
                                    "operator_cardinality": 9927,
                                    "cumulative_rows_scanned": 36891985,
                                    "operator_rows_scanned": 0,
                                    "operator_timing": 0.000136637,
                                    "result_set_size": 913284,
                                    "children": [
                                        {
                                            "operator_name": "HASH_JOIN",
                                            "cpu_time": 1.881125444000001,
                                            "extra_info": {
                                                "Join Type": "LEFT",
                                                "Conditions": "PostId = postid",
                                                "Estimated Cardinality": "3850116"
                                            },
                                            "cumulative_cardinality": 20317059,
                                            "operator_type": "HASH_JOIN",
                                            "operator_cardinality": 9927,
                                            "cumulative_rows_scanned": 36891985,
                                            "operator_rows_scanned": 0,
                                            "operator_timing": 0.08245024999999999,
                                            "result_set_size": 754452,
                                            "children": [
                                                {
                                                    "operator_name": "PROJECTION",
                                                    "cpu_time": 0.9466458040000008,
                                                    "extra_info": {
                                                        "Projections": [
                                                            "PostId",
                                                            "title",
                                                            "score",
                                                            "viewcount",
                                                            "OwnerName",
                                                            "CommentCount",
                                                            "UpvoteCount"
                                                        ],
                                                        "Estimated Cardinality": "3850116"
                                                    },
                                                    "cumulative_cardinality": 10834038,
                                                    "operator_type": "PROJECTION",
                                                    "operator_cardinality": 9927,
                                                    "cumulative_rows_scanned": 25096741,
                                                    "operator_rows_scanned": 0,
                                                    "operator_timing": 0.000002465,
                                                    "result_set_size": 595620,
                                                    "children": [
                                                        {
                                                            "operator_name": "PROJECTION",
                                                            "cpu_time": 0.9466433390000007,
                                                            "extra_info": {
                                                                "Projections": [
                                                                    "#0",
                                                                    "#1",
                                                                    "__internal_decompress_integral_integer(#2, -72)",
                                                                    "#3",
                                                                    "#4",
                                                                    "#5",
                                                                    "#6",
                                                                    "#7"
                                                                ],
                                                                "Estimated Cardinality": "3850116"
                                                            },
                                                            "cumulative_cardinality": 10824111,
                                                            "operator_type": "PROJECTION",
                                                            "operator_cardinality": 9927,
                                                            "cumulative_rows_scanned": 25096741,
                                                            "operator_rows_scanned": 0,
                                                            "operator_timing": 0.000006632,
                                                            "result_set_size": 675036,
                                                            "children": [
                                                                {
                                                                    "operator_name": "HASH_GROUP_BY",
                                                                    "cpu_time": 0.9466367070000008,
                                                                    "extra_info": {
                                                                        "Groups": [
                                                                            "#0",
                                                                            "#1",
                                                                            "#2",
                                                                            "#3",
                                                                            "#4",
                                                                            "#5"
                                                                        ],
                                                                        "Aggregates": [
                                                                            "count(#6)",
                                                                            "count(DISTINCT #7)"
                                                                        ],
                                                                        "Estimated Cardinality": "3850116"
                                                                    },
                                                                    "cumulative_cardinality": 10814184,
                                                                    "operator_type": "HASH_GROUP_BY",
                                                                    "operator_cardinality": 9927,
                                                                    "cumulative_rows_scanned": 25096741,
                                                                    "operator_rows_scanned": 0,
                                                                    "operator_timing": 0.01178961,
                                                                    "result_set_size": 655182,
                                                                    "children": [
                                                                        {
                                                                            "operator_name": "PROJECTION",
                                                                            "cpu_time": 0.9348470970000008,
                                                                            "extra_info": {
                                                                                "Projections": [
                                                                                    "id",
                                                                                    "title",
                                                                                    "score",
                                                                                    "viewcount",
                                                                                    "creationdate",
                                                                                    "displayname",
                                                                                    "CASE  WHEN ((id IS NOT NULL)) THEN (1) ELSE NULL END",
                                                                                    "userid"
                                                                                ],
                                                                                "Estimated Cardinality": "7241822"
                                                                            },
                                                                            "cumulative_cardinality": 10804257,
                                                                            "operator_type": "PROJECTION",
                                                                            "operator_cardinality": 54219,
                                                                            "cumulative_rows_scanned": 25096741,
                                                                            "operator_rows_scanned": 0,
                                                                            "operator_timing": 0.00014144300000000005,
                                                                            "result_set_size": 3144702,
                                                                            "children": [
                                                                                {
                                                                                    "operator_name": "PROJECTION",
                                                                                    "cpu_time": 0.9347056540000008,
                                                                                    "extra_info": {
                                                                                        "Projections": [
                                                                                            "#0",
                                                                                            "#1",
                                                                                            "#2",
                                                                                            "#3",
                                                                                            "__internal_compress_integral_usmallint(#4, -72)",
                                                                                            "#5",
                                                                                            "#6",
                                                                                            "#7"
                                                                                        ],
                                                                                        "Estimated Cardinality": "7241822"
                                                                                    },
                                                                                    "cumulative_cardinality": 10750038,
                                                                                    "operator_type": "PROJECTION",
                                                                                    "operator_cardinality": 54219,
                                                                                    "cumulative_rows_scanned": 25096741,
                                                                                    "operator_rows_scanned": 0,
                                                                                    "operator_timing": 0.00008775499999999999,
                                                                                    "result_set_size": 3144702,
                                                                                    "children": [
                                                                                        {
                                                                                            "operator_name": "HASH_JOIN",
                                                                                            "cpu_time": 0.9346178990000008,
                                                                                            "extra_info": {
                                                                                                "Join Type": "LEFT",
                                                                                                "Conditions": "id = postid",
                                                                                                "Estimated Cardinality": "7241822"
                                                                                            },
                                                                                            "cumulative_cardinality": 10695819,
                                                                                            "operator_type": "HASH_JOIN",
                                                                                            "operator_cardinality": 54219,
                                                                                            "cumulative_rows_scanned": 25096741,
                                                                                            "operator_rows_scanned": 0,
                                                                                            "operator_timing": 0.4157199550000008,
                                                                                            "result_set_size": 3253140,
                                                                                            "children": [
                                                                                                {
                                                                                                    "operator_name": "PROJECTION",
                                                                                                    "cpu_time": 0.182200478,
                                                                                                    "extra_info": {
                                                                                                        "Projections": [
                                                                                                            "#0",
                                                                                                            "#1",
                                                                                                            "#2",
                                                                                                            "#3",
                                                                                                            "__internal_decompress_integral_integer(#4, -72)",
                                                                                                            "#5",
                                                                                                            "#6"
                                                                                                        ],
                                                                                                        "Estimated Cardinality": "7241822"
                                                                                                    },
                                                                                                    "cumulative_cardinality": 1357633,
                                                                                                    "operator_type": "PROJECTION",
                                                                                                    "operator_cardinality": 23844,
                                                                                                    "cumulative_rows_scanned": 12352648,
                                                                                                    "operator_rows_scanned": 0,
                                                                                                    "operator_timing": 0.000029073999999999993,
                                                                                                    "result_set_size": 1335264,
                                                                                                    "children": [
                                                                                                        {
                                                                                                            "operator_name": "HASH_JOIN",
                                                                                                            "cpu_time": 0.182171404,
                                                                                                            "extra_info": {
                                                                                                                "Join Type": "RIGHT",
                                                                                                                "Conditions": "postid = id",
                                                                                                                "Estimated Cardinality": "7241822"
                                                                                                            },
                                                                                                            "cumulative_cardinality": 1333789,
                                                                                                            "operator_type": "HASH_JOIN",
                                                                                                            "operator_cardinality": 23844,
                                                                                                            "cumulative_rows_scanned": 12352648,
                                                                                                            "operator_rows_scanned": 0,
                                                                                                            "operator_timing": 0.003225076,
                                                                                                            "result_set_size": 1287576,
                                                                                                            "children": [
                                                                                                                {
                                                                                                                    "operator_name": "READ_PARQUET ",
                                                                                                                    "cpu_time": 0.012986802000000002,
                                                                                                                    "extra_info": {
                                                                                                                        "Function": "READ_PARQUET",
                                                                                                                        "Projections": [
                                                                                                                            "id",
                                                                                                                            "postid"
                                                                                                                        ],
                                                                                                                        "Estimated Cardinality": "7241822"
                                                                                                                    },
                                                                                                                    "cumulative_cardinality": 19485,
                                                                                                                    "operator_type": "TABLE_SCAN",
                                                                                                                    "operator_cardinality": 19485,
                                                                                                                    "cumulative_rows_scanned": 7241822,
                                                                                                                    "operator_rows_scanned": 7241822,
                                                                                                                    "operator_timing": 0.012986802000000002,
                                                                                                                    "result_set_size": 155880,
                                                                                                                    "children": []
                                                                                                                },
                                                                                                                {
                                                                                                                    "operator_name": "PROJECTION",
                                                                                                                    "cpu_time": 0.165959526,
                                                                                                                    "extra_info": {
                                                                                                                        "Projections": [
                                                                                                                            "#0",
                                                                                                                            "#1",
                                                                                                                            "#2",
                                                                                                                            "__internal_compress_integral_usmallint(#3, -72)",
                                                                                                                            "#4",
                                                                                                                            "#5"
                                                                                                                        ],
                                                                                                                        "Estimated Cardinality": "1260710"
                                                                                                                    },
                                                                                                                    "cumulative_cardinality": 1290460,
                                                                                                                    "operator_type": "PROJECTION",
                                                                                                                    "operator_cardinality": 9927,
                                                                                                                    "cumulative_rows_scanned": 5110826,
                                                                                                                    "operator_rows_scanned": 0,
                                                                                                                    "operator_timing": 0.000024714,
                                                                                                                    "result_set_size": 496350,
                                                                                                                    "children": [
                                                                                                                        {
                                                                                                                            "operator_name": "HASH_JOIN",
                                                                                                                            "cpu_time": 0.165934812,
                                                                                                                            "extra_info": {
                                                                                                                                "Join Type": "RIGHT",
                                                                                                                                "Conditions": "id = owneruserid",
                                                                                                                                "Estimated Cardinality": "1260710"
                                                                                                                            },
                                                                                                                            "cumulative_cardinality": 1280533,
                                                                                                                            "operator_type": "HASH_JOIN",
                                                                                                                            "operator_cardinality": 9927,
                                                                                                                            "cumulative_rows_scanned": 5110826,
                                                                                                                            "operator_rows_scanned": 0,
                                                                                                                            "operator_timing": 0.01143677200000001,
                                                                                                                            "result_set_size": 516204,
                                                                                                                            "children": [
                                                                                                                                {
                                                                                                                                    "operator_name": "READ_PARQUET ",
                                                                                                                                    "cpu_time": 0.08385729799999998,
                                                                                                                                    "extra_info": {
                                                                                                                                        "Function": "READ_PARQUET",
                                                                                                                                        "Projections": [
                                                                                                                                            "id",
                                                                                                                                            "displayname"
                                                                                                                                        ],
                                                                                                                                        "Estimated Cardinality": "1260710"
                                                                                                                                    },
                                                                                                                                    "cumulative_cardinality": 1260679,
                                                                                                                                    "operator_type": "TABLE_SCAN",
                                                                                                                                    "operator_cardinality": 1260679,
                                                                                                                                    "cumulative_rows_scanned": 1260710,
                                                                                                                                    "operator_rows_scanned": 1260710,
                                                                                                                                    "operator_timing": 0.08385729799999998,
                                                                                                                                    "result_set_size": 25213580,
                                                                                                                                    "children": []
                                                                                                                                },
                                                                                                                                {
                                                                                                                                    "operator_name": "READ_PARQUET ",
                                                                                                                                    "cpu_time": 0.070640742,
                                                                                                                                    "extra_info": {
                                                                                                                                        "Function": "READ_PARQUET",
                                                                                                                                        "Projections": [
                                                                                                                                            "id",
                                                                                                                                            "creationdate",
                                                                                                                                            "score",
                                                                                                                                            "viewcount",
                                                                                                                                            "owneruserid",
                                                                                                                                            "title"
                                                                                                                                        ],
                                                                                                                                        "Filters": "creationdate>='2024-09-01 12:34:56'::TIMESTAMP",
                                                                                                                                        "Estimated Cardinality": "770023"
                                                                                                                                    },
                                                                                                                                    "cumulative_cardinality": 9927,
                                                                                                                                    "operator_type": "TABLE_SCAN",
                                                                                                                                    "operator_cardinality": 9927,
                                                                                                                                    "cumulative_rows_scanned": 3850116,
                                                                                                                                    "operator_rows_scanned": 3850116,
                                                                                                                                    "operator_timing": 0.070640742,
                                                                                                                                    "result_set_size": 397080,
                                                                                                                                    "children": []
                                                                                                                                }
                                                                                                                            ]
                                                                                                                        }
                                                                                                                    ]
                                                                                                                }
                                                                                                            ]
                                                                                                        }
                                                                                                    ]
                                                                                                },
                                                                                                {
                                                                                                    "operator_name": "READ_PARQUET ",
                                                                                                    "cpu_time": 0.33669746600000006,
                                                                                                    "extra_info": {
                                                                                                        "Function": "READ_PARQUET",
                                                                                                        "Projections": [
                                                                                                            "postid",
                                                                                                            "userid"
                                                                                                        ],
                                                                                                        "Filters": "votetypeid=2",
                                                                                                        "Estimated Cardinality": "2548818"
                                                                                                    },
                                                                                                    "cumulative_cardinality": 9283967,
                                                                                                    "operator_type": "TABLE_SCAN",
                                                                                                    "operator_cardinality": 9283967,
                                                                                                    "cumulative_rows_scanned": 12744093,
                                                                                                    "operator_rows_scanned": 12744093,
                                                                                                    "operator_timing": 0.33669746600000006,
                                                                                                    "result_set_size": 74271736,
                                                                                                    "children": []
                                                                                                }
                                                                                            ]
                                                                                        }
                                                                                    ]
                                                                                }
                                                                            ]
                                                                        }
                                                                    ]
                                                                }
                                                            ]
                                                        }
                                                    ]
                                                },
                                                {
                                                    "operator_name": "HASH_GROUP_BY",
                                                    "cpu_time": 0.8520293900000002,
                                                    "extra_info": {
                                                        "Groups": "#0",
                                                        "Aggregates": [
                                                            "max(#1)",
                                                            "count_star()"
                                                        ],
                                                        "Estimated Cardinality": "1179524"
                                                    },
                                                    "cumulative_cardinality": 9473094,
                                                    "operator_type": "HASH_GROUP_BY",
                                                    "operator_cardinality": 1807830,
                                                    "cumulative_rows_scanned": 11795244,
                                                    "operator_rows_scanned": 0,
                                                    "operator_timing": 0.30810233499999945,
                                                    "result_set_size": 36156600,
                                                    "children": [
                                                        {
                                                            "operator_name": "PROJECTION",
                                                            "cpu_time": 0.5439270550000007,
                                                            "extra_info": {
                                                                "Projections": [
                                                                    "postid",
                                                                    "creationdate"
                                                                ],
                                                                "Estimated Cardinality": "2359048"
                                                            },
                                                            "cumulative_cardinality": 7665264,
                                                            "operator_type": "PROJECTION",
                                                            "operator_cardinality": 3832632,
                                                            "cumulative_rows_scanned": 11795244,
                                                            "operator_rows_scanned": 0,
                                                            "operator_timing": 0.0009887810000000037,
                                                            "result_set_size": 45991584,
                                                            "children": [
                                                                {
                                                                    "operator_name": "READ_PARQUET ",
                                                                    "cpu_time": 0.5429382740000007,
                                                                    "extra_info": {
                                                                        "Function": "READ_PARQUET",
                                                                        "Projections": [
                                                                            "id",
                                                                            "postid",
                                                                            "creationdate"
                                                                        ],
                                                                        "Filters": "posthistorytypeid>=4 AND posthistorytypeid<=6",
                                                                        "Estimated Cardinality": "2359048"
                                                                    },
                                                                    "cumulative_cardinality": 3832632,
                                                                    "operator_type": "TABLE_SCAN",
                                                                    "operator_cardinality": 3832632,
                                                                    "cumulative_rows_scanned": 11795244,
                                                                    "operator_rows_scanned": 11795244,
                                                                    "operator_timing": 0.5429382740000007,
                                                                    "result_set_size": 61322112,
                                                                    "children": []
                                                                }
                                                            ]
                                                        }
                                                    ]
                                                }
                                            ]
                                        }
                                    ]
                                }
                            ]
                        }
                    ]
                }
            ]
        }
    ]
}