{
    "rows_returned": 100,
    "query_name": "\nWITH UserStatistics AS (\n    SELECT \n        u.Id AS UserId,\n        u.DisplayName,\n        u.Reputation,\n        COUNT(DISTINCT p.Id) AS PostCount,\n        SUM(CASE WHEN p.PostTypeId = 1 THEN 1 ELSE 0 END) AS QuestionCount,\n        SUM(CASE WHEN p.PostTypeId = 2 THEN 1 ELSE 0 END) AS AnswerCount,\n        SUM(CASE WHEN v.VoteTypeId = 2 THEN 1 ELSE 0 END) AS UpVotes,\n        SUM(CASE WHEN v.VoteTypeId = 3 THEN 1 ELSE 0 END) AS DownVotes,\n        MAX(u.LastAccessDate) AS LastActiveDate\n    FROM Users u\n    LEFT JOIN Posts p ON u.Id = p.OwnerUserId\n    LEFT JOIN Votes v ON p.Id = v.PostId\n    GROUP BY u.Id, u.DisplayName, u.Reputation\n),\nBadgeSummary AS (\n    SELECT \n        u.Id AS UserId,\n        COUNT(DISTINCT b.Id) AS BadgeCount,\n        SUM(CASE WHEN b.Class = 1 THEN 1 ELSE 0 END) AS GoldBadges,\n        SUM(CASE WHEN b.Class = 2 THEN 1 ELSE 0 END) AS SilverBadges,\n        SUM(CASE WHEN b.Class = 3 THEN 1 ELSE 0 END) AS BronzeBadges\n    FROM Users u\n    LEFT JOIN Badges b ON u.Id = b.UserId\n    GROUP BY u.Id\n),\nPostHistoryAggregated AS (\n    SELECT \n        ph.UserId,\n        COUNT(*) AS EditCount,\n        COUNT(DISTINCT ph.PostId) AS EditedPostCount,\n        MAX(ph.CreationDate) AS LastEditDate\n    FROM PostHistory ph\n    WHERE ph.PostHistoryTypeId IN (4, 5, 6, 10, 11, 12)\n    GROUP BY ph.UserId\n)\nSELECT \n    us.UserId,\n    us.DisplayName,\n    us.Reputation,\n    us.PostCount,\n    us.QuestionCount,\n    us.AnswerCount,\n    us.UpVotes,\n    us.DownVotes,\n    bs.BadgeCount,\n    bs.GoldBadges,\n    bs.SilverBadges,\n    bs.BronzeBadges,\n    pha.EditCount,\n    pha.EditedPostCount,\n    pha.LastEditDate,\n    us.LastActiveDate\nFROM UserStatistics us\nJOIN BadgeSummary bs ON us.UserId = bs.UserId\nLEFT JOIN PostHistoryAggregated pha ON us.UserId = pha.UserId\nWHERE us.Reputation > 1000\nORDER BY us.Reputation DESC, us.PostCount DESC\nFETCH FIRST 100 ROWS ONLY;\n",
    "blocked_thread_time": 0.0,
    "cpu_time": 4.330149859999997,
    "extra_info": {},
    "cumulative_cardinality": 91604682,
    "cumulative_rows_scanned": 33232597,
    "result_set_size": 18400,
    "latency": 5.566338746,
    "children": [
        {
            "operator_name": "STREAMING_LIMIT",
            "cpu_time": 4.330149859999997,
            "extra_info": {},
            "cumulative_cardinality": 91604682,
            "operator_type": "STREAMING_LIMIT",
            "operator_cardinality": 100,
            "cumulative_rows_scanned": 33232597,
            "operator_rows_scanned": 0,
            "operator_timing": 0.000001744,
            "result_set_size": 18400,
            "children": [
                {
                    "operator_name": "ORDER_BY",
                    "cpu_time": 4.330148115999997,
                    "extra_info": {
                        "Order By": [
                            "us.Reputation DESC",
                            "us.PostCount DESC"
                        ]
                    },
                    "cumulative_cardinality": 91604582,
                    "operator_type": "ORDER_BY",
                    "operator_cardinality": 4096,
                    "cumulative_rows_scanned": 33232597,
                    "operator_rows_scanned": 0,
                    "operator_timing": 0.001057806,
                    "result_set_size": 753664,
                    "children": [
                        {
                            "operator_name": "PROJECTION",
                            "cpu_time": 4.329090309999996,
                            "extra_info": {
                                "Projections": [
                                    "UserId",
                                    "displayname",
                                    "reputation",
                                    "PostCount",
                                    "QuestionCount",
                                    "AnswerCount",
                                    "UpVotes",
                                    "DownVotes",
                                    "BadgeCount",
                                    "GoldBadges",
                                    "SilverBadges",
                                    "BronzeBadges",
                                    "EditCount",
                                    "EditedPostCount",
                                    "LastEditDate",
                                    "LastActiveDate"
                                ],
                                "Estimated Cardinality": "1260710"
                            },
                            "cumulative_cardinality": 91600486,
                            "operator_type": "PROJECTION",
                            "operator_cardinality": 11215,
                            "cumulative_rows_scanned": 33232597,
                            "operator_rows_scanned": 0,
                            "operator_timing": 0.000008015,
                            "result_set_size": 2063560,
                            "children": [
                                {
                                    "operator_name": "HASH_JOIN",
                                    "cpu_time": 4.3290822949999965,
                                    "extra_info": {
                                        "Join Type": "LEFT",
                                        "Conditions": "UserId = userid",
                                        "Estimated Cardinality": "1260710"
                                    },
                                    "cumulative_cardinality": 91589271,
                                    "operator_type": "HASH_JOIN",
                                    "operator_cardinality": 11215,
                                    "cumulative_rows_scanned": 33232597,
                                    "operator_rows_scanned": 0,
                                    "operator_timing": 0.007594754999999999,
                                    "result_set_size": 2153280,
                                    "children": [
                                        {
                                            "operator_name": "HASH_JOIN",
                                            "cpu_time": 3.275256995999998,
                                            "extra_info": {
                                                "Join Type": "INNER",
                                                "Conditions": "UserId = UserId",
                                                "Estimated Cardinality": "1260710"
                                            },
                                            "cumulative_cardinality": 55705905,
                                            "operator_type": "HASH_JOIN",
                                            "operator_cardinality": 11215,
                                            "cumulative_rows_scanned": 21437353,
                                            "operator_rows_scanned": 0,
                                            "operator_timing": 0.07800444100000001,
                                            "result_set_size": 1839260,
                                            "children": [
                                                {
                                                    "operator_name": "HASH_GROUP_BY",
                                                    "cpu_time": 2.2008888269999978,
                                                    "extra_info": {
                                                        "Groups": [
                                                            "#0",
                                                            "#1",
                                                            "#2"
                                                        ],
                                                        "Aggregates": [
                                                            "count(DISTINCT #3)",
                                                            "sum(#4)",
                                                            "sum(#5)",
                                                            "sum(#6)",
                                                            "sum(#7)",
                                                            "max(#8)"
                                                        ],
                                                        "Estimated Cardinality": "1260710"
                                                    },
                                                    "cumulative_cardinality": 44784720,
                                                    "operator_type": "HASH_GROUP_BY",
                                                    "operator_cardinality": 11215,
                                                    "cumulative_rows_scanned": 17854919,
                                                    "operator_rows_scanned": 0,
                                                    "operator_timing": 0.8663574799999999,
                                                    "result_set_size": 1166360,
                                                    "children": [
                                                        {
                                                            "operator_name": "PROJECTION",
                                                            "cpu_time": 1.334531346999998,
                                                            "extra_info": {
                                                                "Projections": [
                                                                    "id",
                                                                    "displayname",
                                                                    "reputation",
                                                                    "id",
                                                                    "CASE  WHEN ((posttypeid = 1)) THEN (1) ELSE 0 END",
                                                                    "CASE  WHEN ((posttypeid = 2)) THEN (1) ELSE 0 END",
                                                                    "CASE  WHEN ((votetypeid = 2)) THEN (1) ELSE 0 END",
                                                                    "CASE  WHEN ((votetypeid = 3)) THEN (1) ELSE 0 END",
                                                                    "lastaccessdate"
                                                                ],
                                                                "Estimated Cardinality": "12744093"
                                                            },
                                                            "cumulative_cardinality": 44773505,
                                                            "operator_type": "PROJECTION",
                                                            "operator_cardinality": 7847284,
                                                            "cumulative_rows_scanned": 17854919,
                                                            "operator_rows_scanned": 0,
                                                            "operator_timing": 0.09107068999999988,
                                                            "result_set_size": 408058768,
                                                            "children": [
                                                                {
                                                                    "operator_name": "PROJECTION",
                                                                    "cpu_time": 1.2434606569999982,
                                                                    "extra_info": {
                                                                        "Projections": [
                                                                            "#0",
                                                                            "#1",
                                                                            "__internal_decompress_integral_smallint(#2, 1)",
                                                                            "#3",
                                                                            "#4",
                                                                            "#5",
                                                                            "#6"
                                                                        ],
                                                                        "Estimated Cardinality": "12744093"
                                                                    },
                                                                    "cumulative_cardinality": 36926221,
                                                                    "operator_type": "PROJECTION",
                                                                    "operator_cardinality": 7847284,
                                                                    "cumulative_rows_scanned": 17854919,
                                                                    "operator_rows_scanned": 0,
                                                                    "operator_timing": 0.005773331000000002,
                                                                    "result_set_size": 313891360,
                                                                    "children": [
                                                                        {
                                                                            "operator_name": "HASH_JOIN",
                                                                            "cpu_time": 1.237687325999998,
                                                                            "extra_info": {
                                                                                "Join Type": "RIGHT",
                                                                                "Conditions": "postid = id",
                                                                                "Estimated Cardinality": "12744093"
                                                                            },
                                                                            "cumulative_cardinality": 29078937,
                                                                            "operator_type": "HASH_JOIN",
                                                                            "operator_cardinality": 7847284,
                                                                            "cumulative_rows_scanned": 17854919,
                                                                            "operator_rows_scanned": 0,
                                                                            "operator_timing": 0.7156594379999985,
                                                                            "result_set_size": 306044076,
                                                                            "children": [
                                                                                {
                                                                                    "operator_name": "READ_PARQUET ",
                                                                                    "cpu_time": 0.22931254999999962,
                                                                                    "extra_info": {
                                                                                        "Function": "READ_PARQUET",
                                                                                        "Projections": [
                                                                                            "postid",
                                                                                            "votetypeid"
                                                                                        ],
                                                                                        "Estimated Cardinality": "12744093"
                                                                                    },
                                                                                    "cumulative_cardinality": 12744093,
                                                                                    "operator_type": "TABLE_SCAN",
                                                                                    "operator_cardinality": 12744093,
                                                                                    "cumulative_rows_scanned": 12744093,
                                                                                    "operator_rows_scanned": 12744093,
                                                                                    "operator_timing": 0.22931254999999962,
                                                                                    "result_set_size": 76464558,
                                                                                    "children": []
                                                                                },
                                                                                {
                                                                                    "operator_name": "PROJECTION",
                                                                                    "cpu_time": 0.292715338,
                                                                                    "extra_info": {
                                                                                        "Projections": [
                                                                                            "#0",
                                                                                            "__internal_compress_integral_utinyint(#1, 1)",
                                                                                            "#2",
                                                                                            "#3",
                                                                                            "#4",
                                                                                            "#5"
                                                                                        ],
                                                                                        "Estimated Cardinality": "3850116"
                                                                                    },
                                                                                    "cumulative_cardinality": 8487560,
                                                                                    "operator_type": "PROJECTION",
                                                                                    "operator_cardinality": 2396486,
                                                                                    "cumulative_rows_scanned": 5110826,
                                                                                    "operator_rows_scanned": 0,
                                                                                    "operator_timing": 0.0016894690000000025,
                                                                                    "result_set_size": 88669982,
                                                                                    "children": [
                                                                                        {
                                                                                            "operator_name": "HASH_JOIN",
                                                                                            "cpu_time": 0.291025869,
                                                                                            "extra_info": {
                                                                                                "Join Type": "RIGHT",
                                                                                                "Conditions": "owneruserid = id",
                                                                                                "Estimated Cardinality": "3850116"
                                                                                            },
                                                                                            "cumulative_cardinality": 6091074,
                                                                                            "operator_type": "HASH_JOIN",
                                                                                            "operator_cardinality": 2396486,
                                                                                            "cumulative_rows_scanned": 5110826,
                                                                                            "operator_rows_scanned": 0,
                                                                                            "operator_timing": 0.0986377220000001,
                                                                                            "result_set_size": 91066468,
                                                                                            "children": [
                                                                                                {
                                                                                                    "operator_name": "READ_PARQUET ",
                                                                                                    "cpu_time": 0.11978150399999994,
                                                                                                    "extra_info": {
                                                                                                        "Function": "READ_PARQUET",
                                                                                                        "Projections": [
                                                                                                            "id",
                                                                                                            "posttypeid",
                                                                                                            "owneruserid"
                                                                                                        ],
                                                                                                        "Estimated Cardinality": "3850116"
                                                                                                    },
                                                                                                    "cumulative_cardinality": 3683373,
                                                                                                    "operator_type": "TABLE_SCAN",
                                                                                                    "operator_cardinality": 3683373,
                                                                                                    "cumulative_rows_scanned": 3850116,
                                                                                                    "operator_rows_scanned": 3850116,
                                                                                                    "operator_timing": 0.11978150399999994,
                                                                                                    "result_set_size": 36833730,
                                                                                                    "children": []
                                                                                                },
                                                                                                {
                                                                                                    "operator_name": "READ_PARQUET ",
                                                                                                    "cpu_time": 0.07260664299999998,
                                                                                                    "extra_info": {
                                                                                                        "Function": "READ_PARQUET",
                                                                                                        "Projections": [
                                                                                                            "id",
                                                                                                            "reputation",
                                                                                                            "displayname",
                                                                                                            "lastaccessdate"
                                                                                                        ],
                                                                                                        "Filters": "reputation>1000",
                                                                                                        "Estimated Cardinality": "252142"
                                                                                                    },
                                                                                                    "cumulative_cardinality": 11215,
                                                                                                    "operator_type": "TABLE_SCAN",
                                                                                                    "operator_cardinality": 11215,
                                                                                                    "cumulative_rows_scanned": 1260710,
                                                                                                    "operator_rows_scanned": 1260710,
                                                                                                    "operator_timing": 0.07260664299999998,
                                                                                                    "result_set_size": 358880,
                                                                                                    "children": []
                                                                                                }
                                                                                            ]
                                                                                        }
                                                                                    ]
                                                                                }
                                                                            ]
                                                                        }
                                                                    ]
                                                                }
                                                            ]
                                                        }
                                                    ]
                                                },
                                                {
                                                    "operator_name": "HASH_GROUP_BY",
                                                    "cpu_time": 0.9963637280000004,
                                                    "extra_info": {
                                                        "Groups": "#0",
                                                        "Aggregates": [
                                                            "count(DISTINCT #1)",
                                                            "sum(#2)",
                                                            "sum(#3)",
                                                            "sum(#4)"
                                                        ],
                                                        "Estimated Cardinality": "1260710"
                                                    },
                                                    "cumulative_cardinality": 10909970,
                                                    "operator_type": "HASH_GROUP_BY",
                                                    "operator_cardinality": 1260710,
                                                    "cumulative_rows_scanned": 3582434,
                                                    "operator_rows_scanned": 0,
                                                    "operator_timing": 0.7205766230000001,
                                                    "result_set_size": 75642600,
                                                    "children": [
                                                        {
                                                            "operator_name": "PROJECTION",
                                                            "cpu_time": 0.27578710500000025,
                                                            "extra_info": {
                                                                "Projections": [
                                                                    "id",
                                                                    "id",
                                                                    "CASE  WHEN ((class = 1)) THEN (1) ELSE 0 END",
                                                                    "CASE  WHEN ((class = 2)) THEN (1) ELSE 0 END",
                                                                    "CASE  WHEN ((class = 3)) THEN (1) ELSE 0 END"
                                                                ],
                                                                "Estimated Cardinality": "2321724"
                                                            },
                                                            "cumulative_cardinality": 9649260,
                                                            "operator_type": "PROJECTION",
                                                            "operator_cardinality": 3033413,
                                                            "cumulative_rows_scanned": 3582434,
                                                            "operator_rows_scanned": 0,
                                                            "operator_timing": 0.01968342600000004,
                                                            "result_set_size": 60668260,
                                                            "children": [
                                                                {
                                                                    "operator_name": "HASH_JOIN",
                                                                    "cpu_time": 0.2561036790000002,
                                                                    "extra_info": {
                                                                        "Join Type": "RIGHT",
                                                                        "Conditions": "userid = id",
                                                                        "Estimated Cardinality": "2321724"
                                                                    },
                                                                    "cumulative_cardinality": 6615847,
                                                                    "operator_type": "HASH_JOIN",
                                                                    "operator_cardinality": 3033413,
                                                                    "cumulative_rows_scanned": 3582434,
                                                                    "operator_rows_scanned": 0,
                                                                    "operator_timing": 0.19035659500000013,
                                                                    "result_set_size": 30334130,
                                                                    "children": [
                                                                        {
                                                                            "operator_name": "READ_PARQUET ",
                                                                            "cpu_time": 0.058927045000000046,
                                                                            "extra_info": {
                                                                                "Function": "READ_PARQUET",
                                                                                "Projections": [
                                                                                    "id",
                                                                                    "userid",
                                                                                    "class"
                                                                                ],
                                                                                "Estimated Cardinality": "2321724"
                                                                            },
                                                                            "cumulative_cardinality": 2321724,
                                                                            "operator_type": "TABLE_SCAN",
                                                                            "operator_cardinality": 2321724,
                                                                            "cumulative_rows_scanned": 2321724,
                                                                            "operator_rows_scanned": 2321724,
                                                                            "operator_timing": 0.058927045000000046,
                                                                            "result_set_size": 23217240,
                                                                            "children": []
                                                                        },
                                                                        {
                                                                            "operator_name": "READ_PARQUET ",
                                                                            "cpu_time": 0.006820039000000012,
                                                                            "extra_info": {
                                                                                "Function": "READ_PARQUET",
                                                                                "Projections": "id",
                                                                                "Estimated Cardinality": "1260710"
                                                                            },
                                                                            "cumulative_cardinality": 1260710,
                                                                            "operator_type": "TABLE_SCAN",
                                                                            "operator_cardinality": 1260710,
                                                                            "cumulative_rows_scanned": 1260710,
                                                                            "operator_rows_scanned": 1260710,
                                                                            "operator_timing": 0.006820039000000012,
                                                                            "result_set_size": 5042840,
                                                                            "children": []
                                                                        }
                                                                    ]
                                                                }
                                                            ]
                                                        }
                                                    ]
                                                }
                                            ]
                                        },
                                        {
                                            "operator_name": "HASH_GROUP_BY",
                                            "cpu_time": 1.0462305439999986,
                                            "extra_info": {
                                                "Groups": "#0",
                                                "Aggregates": [
                                                    "count_star()",
                                                    "count(DISTINCT #1)",
                                                    "max(#2)"
                                                ],
                                                "Estimated Cardinality": "1179524"
                                            },
                                            "cumulative_cardinality": 35872151,
                                            "operator_type": "HASH_GROUP_BY",
                                            "operator_cardinality": 181490,
                                            "cumulative_rows_scanned": 11795244,
                                            "operator_rows_scanned": 0,
                                            "operator_timing": 0.42274325499999965,
                                            "result_set_size": 5081720,
                                            "children": [
                                                {
                                                    "operator_name": "PROJECTION",
                                                    "cpu_time": 0.623487288999999,
                                                    "extra_info": {
                                                        "Projections": [
                                                            "userid",
                                                            "postid",
                                                            "creationdate"
                                                        ],
                                                        "Estimated Cardinality": "2359048"
                                                    },
                                                    "cumulative_cardinality": 35690661,
                                                    "operator_type": "PROJECTION",
                                                    "operator_cardinality": 4033389,
                                                    "cumulative_rows_scanned": 11795244,
                                                    "operator_rows_scanned": 0,
                                                    "operator_timing": 0.0012935760000000011,
                                                    "result_set_size": 64534224,
                                                    "children": [
                                                        {
                                                            "operator_name": "PROJECTION",
                                                            "cpu_time": 0.6221937129999989,
                                                            "extra_info": {
                                                                "Projections": [
                                                                    "#0",
                                                                    "#1",
                                                                    "#2"
                                                                ],
                                                                "Estimated Cardinality": "2359048"
                                                            },
                                                            "cumulative_cardinality": 31657272,
                                                            "operator_type": "PROJECTION",
                                                            "operator_cardinality": 4033389,
                                                            "cumulative_rows_scanned": 11795244,
                                                            "operator_rows_scanned": 0,
                                                            "operator_timing": 0.0015401880000000092,
                                                            "result_set_size": 64534224,
                                                            "children": [
                                                                {
                                                                    "operator_name": "FILTER",
                                                                    "cpu_time": 0.6206535249999989,
                                                                    "extra_info": {
                                                                        "Expression": "IN (...)",
                                                                        "Estimated Cardinality": "2359048"
                                                                    },
                                                                    "cumulative_cardinality": 27623883,
                                                                    "operator_type": "FILTER",
                                                                    "operator_cardinality": 4033389,
                                                                    "cumulative_rows_scanned": 11795244,
                                                                    "operator_rows_scanned": 0,
                                                                    "operator_timing": 0.08227409400000016,
                                                                    "result_set_size": 68567613,
                                                                    "children": [
                                                                        {
                                                                            "operator_name": "HASH_JOIN",
                                                                            "cpu_time": 0.5383794309999987,
                                                                            "extra_info": {
                                                                                "Join Type": "MARK",
                                                                                "Conditions": "posthistorytypeid = #0",
                                                                                "Estimated Cardinality": "11795244"
                                                                            },
                                                                            "cumulative_cardinality": 23590494,
                                                                            "operator_type": "HASH_JOIN",
                                                                            "operator_cardinality": 11795244,
                                                                            "cumulative_rows_scanned": 11795244,
                                                                            "operator_rows_scanned": 0,
                                                                            "operator_timing": 0.09839517199999978,
                                                                            "result_set_size": 200519148,
                                                                            "children": [
                                                                                {
                                                                                    "operator_name": "READ_PARQUET ",
                                                                                    "cpu_time": 0.439980782999999,
                                                                                    "extra_info": {
                                                                                        "Function": "READ_PARQUET",
                                                                                        "Projections": [
                                                                                            "posthistorytypeid",
                                                                                            "postid",
                                                                                            "creationdate",
                                                                                            "userid"
                                                                                        ],
                                                                                        "Filters": "optional: posthistorytypeid IN (4, 5, 6, 10, 11, 12)",
                                                                                        "Estimated Cardinality": "11795244"
                                                                                    },
                                                                                    "cumulative_cardinality": 11795244,
                                                                                    "operator_type": "TABLE_SCAN",
                                                                                    "operator_cardinality": 11795244,
                                                                                    "cumulative_rows_scanned": 11795244,
                                                                                    "operator_rows_scanned": 11795244,
                                                                                    "operator_timing": 0.439980782999999,
                                                                                    "result_set_size": 212314392,
                                                                                    "children": []
                                                                                },
                                                                                {
                                                                                    "operator_name": "COLUMN_DATA_SCAN",
                                                                                    "cpu_time": 0.000003476,
                                                                                    "extra_info": {
                                                                                        "Estimated Cardinality": "0"
                                                                                    },
                                                                                    "cumulative_cardinality": 6,
                                                                                    "operator_type": "COLUMN_DATA_SCAN",
                                                                                    "operator_cardinality": 6,
                                                                                    "cumulative_rows_scanned": 0,
                                                                                    "operator_rows_scanned": 0,
                                                                                    "operator_timing": 0.000003476,
                                                                                    "result_set_size": 12,
                                                                                    "children": []
                                                                                }
                                                                            ]
                                                                        }
                                                                    ]
                                                                }
                                                            ]
                                                        }
                                                    ]
                                                }
                                            ]
                                        }
                                    ]
                                }
                            ]
                        }
                    ]
                }
            ]
        }
    ]
}