{
    "rows_returned": 76,
    "query_name": "\nWITH RecentPosts AS (\n    SELECT \n        p.Id AS PostId,\n        p.Title,\n        p.Score,\n        p.CreationDate,\n        p.OwnerUserId,\n        p.AnswerCount,\n        p.CommentCount,\n        COUNT(CASE WHEN v.VoteTypeId = 2 THEN 1 END) AS UpVotes,\n        COUNT(CASE WHEN v.VoteTypeId = 3 THEN 1 END) AS DownVotes\n    FROM \n        Posts p\n    LEFT JOIN \n        Votes v ON p.Id = v.PostId\n    WHERE \n        p.CreationDate > (CAST('2024-10-01 12:34:56' AS TIMESTAMP) - INTERVAL '30 days')\n    GROUP BY \n        p.Id, p.Title, p.Score, p.CreationDate, p.OwnerUserId, p.AnswerCount, p.CommentCount\n),\nTopUsers AS (\n    SELECT \n        u.Id,\n        u.DisplayName,\n        SUM(COALESCE(b.Class, 0)) AS TotalBadges,\n        COUNT(DISTINCT p.Id) AS TotalPosts\n    FROM \n        Users u\n    LEFT JOIN \n        Badges b ON u.Id = b.UserId\n    LEFT JOIN \n        Posts p ON u.Id = p.OwnerUserId\n    GROUP BY \n        u.Id, u.DisplayName\n    ORDER BY \n        TotalPosts DESC, TotalBadges DESC\n    LIMIT 10\n),\nPostInteraction AS (\n    SELECT \n        rp.PostId,\n        rp.Title,\n        rp.Score,\n        rp.CreationDate,\n        u.DisplayName AS OwnerDisplayName,\n        rp.UpVotes,\n        rp.DownVotes,\n        tu.TotalBadges,\n        tu.TotalPosts\n    FROM \n        RecentPosts rp\n    JOIN \n        Users u ON rp.OwnerUserId = u.Id\n    JOIN \n        TopUsers tu ON u.Id = tu.Id\n)\nSELECT \n    pi.Title,\n    pi.CreationDate,\n    pi.OwnerDisplayName,\n    pi.Score,\n    pi.UpVotes,\n    pi.DownVotes,\n    pi.TotalBadges,\n    pi.TotalPosts\nFROM \n    PostInteraction pi\nORDER BY \n    pi.Score DESC, pi.UpVotes DESC, pi.DownVotes ASC;\n",
    "blocked_thread_time": 0.0,
    "cpu_time": 49.29489793900036,
    "extra_info": {},
    "cumulative_cardinality": 1774595258,
    "cumulative_rows_scanned": 25287469,
    "result_set_size": 6384,
    "latency": 59.093049701,
    "children": [
        {
            "operator_name": "PROJECTION",
            "cpu_time": 49.29489793900036,
            "extra_info": {
                "Projections": [
                    "#0",
                    "#1",
                    "#2",
                    "__internal_decompress_integral_integer(#3, -72)",
                    "#4",
                    "#5",
                    "#6",
                    "#7"
                ],
                "Estimated Cardinality": "30"
            },
            "cumulative_cardinality": 1774595258,
            "operator_type": "PROJECTION",
            "operator_cardinality": 76,
            "cumulative_rows_scanned": 25287469,
            "operator_rows_scanned": 0,
            "operator_timing": 0.000001272,
            "result_set_size": 6384,
            "children": [
                {
                    "operator_name": "ORDER_BY",
                    "cpu_time": 49.29489666700036,
                    "extra_info": {
                        "Order By": [
                            "pi.Score DESC",
                            "pi.UpVotes DESC",
                            "pi.DownVotes ASC"
                        ]
                    },
                    "cumulative_cardinality": 1774595182,
                    "operator_type": "ORDER_BY",
                    "operator_cardinality": 76,
                    "cumulative_rows_scanned": 25287469,
                    "operator_rows_scanned": 0,
                    "operator_timing": 0.000042791000000000004,
                    "result_set_size": 6232,
                    "children": [
                        {
                            "operator_name": "PROJECTION",
                            "cpu_time": 49.29485387600036,
                            "extra_info": {
                                "Projections": [
                                    "#0",
                                    "#1",
                                    "#2",
                                    "__internal_compress_integral_usmallint(#3, -72)",
                                    "#4",
                                    "#5",
                                    "#6",
                                    "#7"
                                ],
                                "Estimated Cardinality": "30"
                            },
                            "cumulative_cardinality": 1774595106,
                            "operator_type": "PROJECTION",
                            "operator_cardinality": 76,
                            "cumulative_rows_scanned": 25287469,
                            "operator_rows_scanned": 0,
                            "operator_timing": 0.000001012,
                            "result_set_size": 6232,
                            "children": [
                                {
                                    "operator_name": "PROJECTION",
                                    "cpu_time": 49.29485286400036,
                                    "extra_info": {
                                        "Projections": [
                                            "title",
                                            "creationdate",
                                            "OwnerDisplayName",
                                            "score",
                                            "UpVotes",
                                            "DownVotes",
                                            "TotalBadges",
                                            "TotalPosts"
                                        ],
                                        "Estimated Cardinality": "30"
                                    },
                                    "cumulative_cardinality": 1774595030,
                                    "operator_type": "PROJECTION",
                                    "operator_cardinality": 76,
                                    "cumulative_rows_scanned": 25287469,
                                    "operator_rows_scanned": 0,
                                    "operator_timing": 5.81e-7,
                                    "result_set_size": 6384,
                                    "children": [
                                        {
                                            "operator_name": "PROJECTION",
                                            "cpu_time": 49.29485228300036,
                                            "extra_info": {
                                                "Projections": [
                                                    "title",
                                                    "score",
                                                    "creationdate",
                                                    "OwnerDisplayName",
                                                    "UpVotes",
                                                    "DownVotes",
                                                    "TotalBadges",
                                                    "TotalPosts"
                                                ],
                                                "Estimated Cardinality": "30"
                                            },
                                            "cumulative_cardinality": 1774594954,
                                            "operator_type": "PROJECTION",
                                            "operator_cardinality": 76,
                                            "cumulative_rows_scanned": 25287469,
                                            "operator_rows_scanned": 0,
                                            "operator_timing": 5.51e-7,
                                            "result_set_size": 6384,
                                            "children": [
                                                {
                                                    "operator_name": "HASH_JOIN",
                                                    "cpu_time": 49.29485173200036,
                                                    "extra_info": {
                                                        "Join Type": "INNER",
                                                        "Conditions": "owneruserid = id",
                                                        "Estimated Cardinality": "30"
                                                    },
                                                    "cumulative_cardinality": 1774594878,
                                                    "operator_type": "HASH_JOIN",
                                                    "operator_cardinality": 76,
                                                    "cumulative_rows_scanned": 25287469,
                                                    "operator_rows_scanned": 0,
                                                    "operator_timing": 0.000216466,
                                                    "result_set_size": 6384,
                                                    "children": [
                                                        {
                                                            "operator_name": "PROJECTION",
                                                            "cpu_time": 0.09172737900000001,
                                                            "extra_info": {
                                                                "Projections": [
                                                                    "title",
                                                                    "score",
                                                                    "creationdate",
                                                                    "owneruserid",
                                                                    "UpVotes",
                                                                    "DownVotes"
                                                                ],
                                                                "Estimated Cardinality": "3850116"
                                                            },
                                                            "cumulative_cardinality": 140458,
                                                            "operator_type": "PROJECTION",
                                                            "operator_cardinality": 9927,
                                                            "cumulative_rows_scanned": 16594209,
                                                            "operator_rows_scanned": 0,
                                                            "operator_timing": 0.000001664,
                                                            "result_set_size": 476496,
                                                            "children": [
                                                                {
                                                                    "operator_name": "PROJECTION",
                                                                    "cpu_time": 0.09172571500000001,
                                                                    "extra_info": {
                                                                        "Projections": [
                                                                            "#0",
                                                                            "#1",
                                                                            "__internal_decompress_integral_integer(#2, -72)",
                                                                            "#3",
                                                                            "#4",
                                                                            "__internal_decompress_integral_integer(#5, 0)",
                                                                            "__internal_decompress_integral_integer(#6, 0)",
                                                                            "#7",
                                                                            "#8"
                                                                        ],
                                                                        "Estimated Cardinality": "3850116"
                                                                    },
                                                                    "cumulative_cardinality": 130531,
                                                                    "operator_type": "PROJECTION",
                                                                    "operator_cardinality": 9927,
                                                                    "cumulative_rows_scanned": 16594209,
                                                                    "operator_rows_scanned": 0,
                                                                    "operator_timing": 0.000044512,
                                                                    "result_set_size": 595620,
                                                                    "children": [
                                                                        {
                                                                            "operator_name": "HASH_GROUP_BY",
                                                                            "cpu_time": 0.09168120300000002,
                                                                            "extra_info": {
                                                                                "Groups": [
                                                                                    "#0",
                                                                                    "#1",
                                                                                    "#2",
                                                                                    "#3",
                                                                                    "#4",
                                                                                    "#5",
                                                                                    "#6"
                                                                                ],
                                                                                "Aggregates": [
                                                                                    "count(#7)",
                                                                                    "count(#8)"
                                                                                ],
                                                                                "Estimated Cardinality": "3850116"
                                                                            },
                                                                            "cumulative_cardinality": 120604,
                                                                            "operator_type": "HASH_GROUP_BY",
                                                                            "operator_cardinality": 9927,
                                                                            "cumulative_rows_scanned": 16594209,
                                                                            "operator_rows_scanned": 0,
                                                                            "operator_timing": 0.00329978,
                                                                            "result_set_size": 516204,
                                                                            "children": [
                                                                                {
                                                                                    "operator_name": "PROJECTION",
                                                                                    "cpu_time": 0.08838142300000001,
                                                                                    "extra_info": {
                                                                                        "Projections": [
                                                                                            "id",
                                                                                            "title",
                                                                                            "score",
                                                                                            "creationdate",
                                                                                            "owneruserid",
                                                                                            "answercount",
                                                                                            "commentcount",
                                                                                            "CASE  WHEN ((votetypeid = 2)) THEN (1) ELSE NULL END",
                                                                                            "CASE  WHEN ((votetypeid = 3)) THEN (1) ELSE NULL END"
                                                                                        ],
                                                                                        "Estimated Cardinality": "12744093"
                                                                                    },
                                                                                    "cumulative_cardinality": 110677,
                                                                                    "operator_type": "PROJECTION",
                                                                                    "operator_cardinality": 23952,
                                                                                    "cumulative_rows_scanned": 16594209,
                                                                                    "operator_rows_scanned": 0,
                                                                                    "operator_timing": 0.0003248119999999999,
                                                                                    "result_set_size": 1053888,
                                                                                    "children": [
                                                                                        {
                                                                                            "operator_name": "PROJECTION",
                                                                                            "cpu_time": 0.08805661100000002,
                                                                                            "extra_info": {
                                                                                                "Projections": [
                                                                                                    "#0",
                                                                                                    "#1",
                                                                                                    "#2",
                                                                                                    "__internal_compress_integral_usmallint(#3, -72)",
                                                                                                    "#4",
                                                                                                    "#5",
                                                                                                    "__internal_compress_integral_utinyint(#6, 0)",
                                                                                                    "__internal_compress_integral_utinyint(#7, 0)"
                                                                                                ],
                                                                                                "Estimated Cardinality": "12744093"
                                                                                            },
                                                                                            "cumulative_cardinality": 86725,
                                                                                            "operator_type": "PROJECTION",
                                                                                            "operator_cardinality": 23952,
                                                                                            "cumulative_rows_scanned": 16594209,
                                                                                            "operator_rows_scanned": 0,
                                                                                            "operator_timing": 0.00013651400000000001,
                                                                                            "result_set_size": 910176,
                                                                                            "children": [
                                                                                                {
                                                                                                    "operator_name": "HASH_JOIN",
                                                                                                    "cpu_time": 0.08792009700000002,
                                                                                                    "extra_info": {
                                                                                                        "Join Type": "RIGHT",
                                                                                                        "Conditions": "postid = id",
                                                                                                        "Estimated Cardinality": "12744093"
                                                                                                    },
                                                                                                    "cumulative_cardinality": 62773,
                                                                                                    "operator_type": "HASH_JOIN",
                                                                                                    "operator_cardinality": 23952,
                                                                                                    "cumulative_rows_scanned": 16594209,
                                                                                                    "operator_rows_scanned": 0,
                                                                                                    "operator_timing": 0.0021672680000000004,
                                                                                                    "result_set_size": 1101792,
                                                                                                    "children": [
                                                                                                        {
                                                                                                            "operator_name": "READ_PARQUET ",
                                                                                                            "cpu_time": 0.016510794,
                                                                                                            "extra_info": {
                                                                                                                "Function": "READ_PARQUET",
                                                                                                                "Projections": [
                                                                                                                    "postid",
                                                                                                                    "votetypeid"
                                                                                                                ],
                                                                                                                "Estimated Cardinality": "12744093"
                                                                                                            },
                                                                                                            "cumulative_cardinality": 28894,
                                                                                                            "operator_type": "TABLE_SCAN",
                                                                                                            "operator_cardinality": 28894,
                                                                                                            "cumulative_rows_scanned": 12744093,
                                                                                                            "operator_rows_scanned": 12744093,
                                                                                                            "operator_timing": 0.016510794,
                                                                                                            "result_set_size": 173364,
                                                                                                            "children": []
                                                                                                        },
                                                                                                        {
                                                                                                            "operator_name": "READ_PARQUET ",
                                                                                                            "cpu_time": 0.06924203500000002,
                                                                                                            "extra_info": {
                                                                                                                "Function": "READ_PARQUET",
                                                                                                                "Projections": [
                                                                                                                    "id",
                                                                                                                    "creationdate",
                                                                                                                    "score",
                                                                                                                    "owneruserid",
                                                                                                                    "title",
                                                                                                                    "answercount",
                                                                                                                    "commentcount"
                                                                                                                ],
                                                                                                                "Filters": "creationdate>'2024-09-01 12:34:56'::TIMESTAMP",
                                                                                                                "Estimated Cardinality": "770023"
                                                                                                            },
                                                                                                            "cumulative_cardinality": 9927,
                                                                                                            "operator_type": "TABLE_SCAN",
                                                                                                            "operator_cardinality": 9927,
                                                                                                            "cumulative_rows_scanned": 3850116,
                                                                                                            "operator_rows_scanned": 3850116,
                                                                                                            "operator_timing": 0.06924203500000002,
                                                                                                            "result_set_size": 436788,
                                                                                                            "children": []
                                                                                                        }
                                                                                                    ]
                                                                                                }
                                                                                            ]
                                                                                        }
                                                                                    ]
                                                                                }
                                                                            ]
                                                                        }
                                                                    ]
                                                                }
                                                            ]
                                                        },
                                                        {
                                                            "operator_name": "FILTER",
                                                            "cpu_time": 49.20290788700036,
                                                            "extra_info": {
                                                                "Expression": "(id <= 1416539)",
                                                                "Estimated Cardinality": "10"
                                                            },
                                                            "cumulative_cardinality": 1774454344,
                                                            "operator_type": "FILTER",
                                                            "operator_cardinality": 10,
                                                            "cumulative_rows_scanned": 8693260,
                                                            "operator_rows_scanned": 0,
                                                            "operator_timing": 0.000010169000000000002,
                                                            "result_set_size": 440,
                                                            "children": [
                                                                {
                                                                    "operator_name": "HASH_JOIN",
                                                                    "cpu_time": 49.20289771800036,
                                                                    "extra_info": {
                                                                        "Join Type": "INNER",
                                                                        "Conditions": "id = id",
                                                                        "Estimated Cardinality": "10"
                                                                    },
                                                                    "cumulative_cardinality": 1774454334,
                                                                    "operator_type": "HASH_JOIN",
                                                                    "operator_cardinality": 10,
                                                                    "cumulative_rows_scanned": 8693260,
                                                                    "operator_rows_scanned": 0,
                                                                    "operator_timing": 0.000739455,
                                                                    "result_set_size": 440,
                                                                    "children": [
                                                                        {
                                                                            "operator_name": "READ_PARQUET ",
                                                                            "cpu_time": 0.028187902000000008,
                                                                            "extra_info": {
                                                                                "Function": "READ_PARQUET",
                                                                                "Projections": [
                                                                                    "id",
                                                                                    "displayname"
                                                                                ],
                                                                                "Estimated Cardinality": "1260710"
                                                                            },
                                                                            "cumulative_cardinality": 325475,
                                                                            "operator_type": "TABLE_SCAN",
                                                                            "operator_cardinality": 325475,
                                                                            "cumulative_rows_scanned": 1260710,
                                                                            "operator_rows_scanned": 1260710,
                                                                            "operator_timing": 0.028187902000000008,
                                                                            "result_set_size": 6509500,
                                                                            "children": []
                                                                        },
                                                                        {
                                                                            "operator_name": "STREAMING_LIMIT",
                                                                            "cpu_time": 49.17397036100036,
                                                                            "extra_info": {},
                                                                            "cumulative_cardinality": 1774128849,
                                                                            "operator_type": "STREAMING_LIMIT",
                                                                            "operator_cardinality": 10,
                                                                            "cumulative_rows_scanned": 7432550,
                                                                            "operator_rows_scanned": 0,
                                                                            "operator_timing": 0.000002475,
                                                                            "result_set_size": 280,
                                                                            "children": [
                                                                                {
                                                                                    "operator_name": "ORDER_BY",
                                                                                    "cpu_time": 49.173967886000355,
                                                                                    "extra_info": {
                                                                                        "Order By": [
                                                                                            "count(DISTINCT p.Id) DESC",
                                                                                            "sum(COALESCE(b.\"Class\", 0)) DESC"
                                                                                        ]
                                                                                    },
                                                                                    "cumulative_cardinality": 1774128839,
                                                                                    "operator_type": "ORDER_BY",
                                                                                    "operator_cardinality": 4096,
                                                                                    "cumulative_rows_scanned": 7432550,
                                                                                    "operator_rows_scanned": 0,
                                                                                    "operator_timing": 0.03857985200000004,
                                                                                    "result_set_size": 114688,
                                                                                    "children": [
                                                                                        {
                                                                                            "operator_name": "PROJECTION",
                                                                                            "cpu_time": 49.13538803400036,
                                                                                            "extra_info": {
                                                                                                "Projections": [
                                                                                                    "id",
                                                                                                    "TotalBadges",
                                                                                                    "TotalPosts"
                                                                                                ],
                                                                                                "Estimated Cardinality": "1260710"
                                                                                            },
                                                                                            "cumulative_cardinality": 1774124743,
                                                                                            "operator_type": "PROJECTION",
                                                                                            "operator_cardinality": 1260710,
                                                                                            "cumulative_rows_scanned": 7432550,
                                                                                            "operator_rows_scanned": 0,
                                                                                            "operator_timing": 0.00011835399999999974,
                                                                                            "result_set_size": 35299880,
                                                                                            "children": [
                                                                                                {
                                                                                                    "operator_name": "HASH_GROUP_BY",
                                                                                                    "cpu_time": 49.135269680000356,
                                                                                                    "extra_info": {
                                                                                                        "Groups": [
                                                                                                            "#0",
                                                                                                            "#1"
                                                                                                        ],
                                                                                                        "Aggregates": [
                                                                                                            "sum(#2)",
                                                                                                            "count(DISTINCT #3)"
                                                                                                        ],
                                                                                                        "Estimated Cardinality": "1260710"
                                                                                                    },
                                                                                                    "cumulative_cardinality": 1772864033,
                                                                                                    "operator_type": "HASH_GROUP_BY",
                                                                                                    "operator_cardinality": 1260710,
                                                                                                    "cumulative_rows_scanned": 7432550,
                                                                                                    "operator_rows_scanned": 0,
                                                                                                    "operator_timing": 36.304366435000325,
                                                                                                    "result_set_size": 55471240,
                                                                                                    "children": [
                                                                                                        {
                                                                                                            "operator_name": "PROJECTION",
                                                                                                            "cpu_time": 12.830903245000032,
                                                                                                            "extra_info": {
                                                                                                                "Projections": [
                                                                                                                    "id",
                                                                                                                    "displayname",
                                                                                                                    "COALESCE(class, 0)",
                                                                                                                    "id"
                                                                                                                ],
                                                                                                                "Estimated Cardinality": "3850116"
                                                                                                            },
                                                                                                            "cumulative_cardinality": 1771603323,
                                                                                                            "operator_type": "PROJECTION",
                                                                                                            "operator_cardinality": 586089549,
                                                                                                            "cumulative_rows_scanned": 7432550,
                                                                                                            "operator_rows_scanned": 0,
                                                                                                            "operator_timing": 3.261987512000122,
                                                                                                            "result_set_size": 15238328274,
                                                                                                            "children": [
                                                                                                                {
                                                                                                                    "operator_name": "PROJECTION",
                                                                                                                    "cpu_time": 9.56891573299991,
                                                                                                                    "extra_info": {
                                                                                                                        "Projections": [
                                                                                                                            "#0",
                                                                                                                            "__internal_decompress_integral_smallint(#1, 1)",
                                                                                                                            "#2",
                                                                                                                            "#3"
                                                                                                                        ],
                                                                                                                        "Estimated Cardinality": "3850116"
                                                                                                                    },
                                                                                                                    "cumulative_cardinality": 1185513774,
                                                                                                                    "operator_type": "PROJECTION",
                                                                                                                    "operator_cardinality": 586089549,
                                                                                                                    "cumulative_rows_scanned": 7432550,
                                                                                                                    "operator_rows_scanned": 0,
                                                                                                                    "operator_timing": 0.2216151340000159,
                                                                                                                    "result_set_size": 15238328274,
                                                                                                                    "children": [
                                                                                                                        {
                                                                                                                            "operator_name": "HASH_JOIN",
                                                                                                                            "cpu_time": 9.347300598999894,
                                                                                                                            "extra_info": {
                                                                                                                                "Join Type": "RIGHT",
                                                                                                                                "Conditions": "owneruserid = id",
                                                                                                                                "Estimated Cardinality": "3850116"
                                                                                                                            },
                                                                                                                            "cumulative_cardinality": 599424225,
                                                                                                                            "operator_type": "HASH_JOIN",
                                                                                                                            "operator_cardinality": 586089549,
                                                                                                                            "cumulative_rows_scanned": 7432550,
                                                                                                                            "operator_rows_scanned": 0,
                                                                                                                            "operator_timing": 8.886815951999894,
                                                                                                                            "result_set_size": 14652238725,
                                                                                                                            "children": [
                                                                                                                                {
                                                                                                                                    "operator_name": "READ_PARQUET ",
                                                                                                                                    "cpu_time": 0.12293459399999994,
                                                                                                                                    "extra_info": {
                                                                                                                                        "Function": "READ_PARQUET",
                                                                                                                                        "Projections": [
                                                                                                                                            "id",
                                                                                                                                            "owneruserid"
                                                                                                                                        ],
                                                                                                                                        "Estimated Cardinality": "3850116"
                                                                                                                                    },
                                                                                                                                    "cumulative_cardinality": 3685416,
                                                                                                                                    "operator_type": "TABLE_SCAN",
                                                                                                                                    "operator_cardinality": 3685416,
                                                                                                                                    "cumulative_rows_scanned": 3850116,
                                                                                                                                    "operator_rows_scanned": 3850116,
                                                                                                                                    "operator_timing": 0.12293459399999994,
                                                                                                                                    "result_set_size": 29483328,
                                                                                                                                    "children": []
                                                                                                                                },
                                                                                                                                {
                                                                                                                                    "operator_name": "PROJECTION",
                                                                                                                                    "cpu_time": 0.33755005299999985,
                                                                                                                                    "extra_info": {
                                                                                                                                        "Projections": [
                                                                                                                                            "__internal_compress_integral_utinyint(#0, 1)",
                                                                                                                                            "#1",
                                                                                                                                            "#2"
                                                                                                                                        ],
                                                                                                                                        "Estimated Cardinality": "2321724"
                                                                                                                                    },
                                                                                                                                    "cumulative_cardinality": 9649260,
                                                                                                                                    "operator_type": "PROJECTION",
                                                                                                                                    "operator_cardinality": 3033413,
                                                                                                                                    "cumulative_rows_scanned": 3582434,
                                                                                                                                    "operator_rows_scanned": 0,
                                                                                                                                    "operator_timing": 0.0013190570000000006,
                                                                                                                                    "result_set_size": 63701673,
                                                                                                                                    "children": [
                                                                                                                                        {
                                                                                                                                            "operator_name": "HASH_JOIN",
                                                                                                                                            "cpu_time": 0.33623099599999984,
                                                                                                                                            "extra_info": {
                                                                                                                                                "Join Type": "RIGHT",
                                                                                                                                                "Conditions": "userid = id",
                                                                                                                                                "Estimated Cardinality": "2321724"
                                                                                                                                            },
                                                                                                                                            "cumulative_cardinality": 6615847,
                                                                                                                                            "operator_type": "HASH_JOIN",
                                                                                                                                            "operator_cardinality": 3033413,
                                                                                                                                            "cumulative_rows_scanned": 3582434,
                                                                                                                                            "operator_rows_scanned": 0,
                                                                                                                                            "operator_timing": 0.2151434569999999,
                                                                                                                                            "result_set_size": 66735086,
                                                                                                                                            "children": [
                                                                                                                                                {
                                                                                                                                                    "operator_name": "READ_PARQUET ",
                                                                                                                                                    "cpu_time": 0.04439790099999998,
                                                                                                                                                    "extra_info": {
                                                                                                                                                        "Function": "READ_PARQUET",
                                                                                                                                                        "Projections": [
                                                                                                                                                            "userid",
                                                                                                                                                            "class"
                                                                                                                                                        ],
                                                                                                                                                        "Estimated Cardinality": "2321724"
                                                                                                                                                    },
                                                                                                                                                    "cumulative_cardinality": 2321724,
                                                                                                                                                    "operator_type": "TABLE_SCAN",
                                                                                                                                                    "operator_cardinality": 2321724,
                                                                                                                                                    "cumulative_rows_scanned": 2321724,
                                                                                                                                                    "operator_rows_scanned": 2321724,
                                                                                                                                                    "operator_timing": 0.04439790099999998,
                                                                                                                                                    "result_set_size": 13930344,
                                                                                                                                                    "children": []
                                                                                                                                                },
                                                                                                                                                {
                                                                                                                                                    "operator_name": "READ_PARQUET ",
                                                                                                                                                    "cpu_time": 0.07668963799999998,
                                                                                                                                                    "extra_info": {
                                                                                                                                                        "Function": "READ_PARQUET",
                                                                                                                                                        "Projections": [
                                                                                                                                                            "id",
                                                                                                                                                            "displayname"
                                                                                                                                                        ],
                                                                                                                                                        "Estimated Cardinality": "1260710"
                                                                                                                                                    },
                                                                                                                                                    "cumulative_cardinality": 1260710,
                                                                                                                                                    "operator_type": "TABLE_SCAN",
                                                                                                                                                    "operator_cardinality": 1260710,
                                                                                                                                                    "cumulative_rows_scanned": 1260710,
                                                                                                                                                    "operator_rows_scanned": 1260710,
                                                                                                                                                    "operator_timing": 0.07668963799999998,
                                                                                                                                                    "result_set_size": 25214200,
                                                                                                                                                    "children": []
                                                                                                                                                }
                                                                                                                                            ]
                                                                                                                                        }
                                                                                                                                    ]
                                                                                                                                }
                                                                                                                            ]
                                                                                                                        }
                                                                                                                    ]
                                                                                                                }
                                                                                                            ]
                                                                                                        }
                                                                                                    ]
                                                                                                }
                                                                                            ]
                                                                                        }
                                                                                    ]
                                                                                }
                                                                            ]
                                                                        }
                                                                    ]
                                                                }
                                                            ]
                                                        }
                                                    ]
                                                }
                                            ]
                                        }
                                    ]
                                }
                            ]
                        }
                    ]
                }
            ]
        }
    ]
}