{
    "rows_returned": 50,
    "query_name": "WITH UserBadgeCounts AS (\n    SELECT \n        b.UserId,\n        COUNT(b.Id) AS BadgeCount,\n        MAX(b.Class) AS HighestBadgeClass\n    FROM \n        Badges b\n    GROUP BY \n        b.UserId\n),\nPopularTags AS (\n    SELECT \n        t.TagName,\n        SUM(p.ViewCount) AS TotalViews\n    FROM \n        Tags t\n    JOIN \n        Posts p ON t.Id = p.Id \n    WHERE \n        p.PostTypeId = 1 \n    GROUP BY \n        t.TagName\n    ORDER BY \n        TotalViews DESC\n    LIMIT 10\n),\nPostStatistics AS (\n    SELECT \n        p.OwnerUserId,\n        COUNT(p.Id) AS PostCount,\n        SUM(p.ViewCount) AS TotalViews,\n        SUM(p.Score) AS TotalScore\n    FROM \n        Posts p\n    WHERE \n        p.LastActivityDate >= cast('2024-10-01 12:34:56' as timestamp) - INTERVAL '1 YEAR'\n    GROUP BY \n        p.OwnerUserId\n)\nSELECT \n    u.Id AS UserId,\n    u.DisplayName,\n    u.Reputation,\n    COALESCE(ub.BadgeCount, 0) AS BadgeCount,\n    COALESCE(ub.HighestBadgeClass, 0) AS HighestBadgeClass,\n    ps.PostCount,\n    ps.TotalViews,\n    ps.TotalScore,\n    pt.TagName AS PopularTag\nFROM \n    Users u\nLEFT JOIN \n    UserBadgeCounts ub ON u.Id = ub.UserId\nLEFT JOIN \n    PostStatistics ps ON u.Id = ps.OwnerUserId\nCROSS JOIN \n    PopularTags pt\nWHERE \n    u.Reputation > 1000\nORDER BY \n    u.Reputation DESC, \n    ps.TotalViews DESC\nLIMIT 50;",
    "blocked_thread_time": 0.0,
    "cpu_time": 1.6279924150000018,
    "extra_info": {},
    "cumulative_cardinality": 5862672,
    "cumulative_rows_scanned": 11284642,
    "result_set_size": 4500,
    "latency": 1.734966513,
    "children": [
        {
            "operator_name": "STREAMING_LIMIT",
            "cpu_time": 1.6279924150000018,
            "extra_info": {},
            "cumulative_cardinality": 5862672,
            "operator_type": "STREAMING_LIMIT",
            "operator_cardinality": 50,
            "cumulative_rows_scanned": 11284642,
            "operator_rows_scanned": 0,
            "operator_timing": 0.000004749,
            "result_set_size": 4500,
            "children": [
                {
                    "operator_name": "ORDER_BY",
                    "cpu_time": 1.6279876660000019,
                    "extra_info": {
                        "Order By": [
                            "u.Reputation DESC",
                            "ps.TotalViews DESC"
                        ]
                    },
                    "cumulative_cardinality": 5862622,
                    "operator_type": "ORDER_BY",
                    "operator_cardinality": 4096,
                    "cumulative_rows_scanned": 11284642,
                    "operator_rows_scanned": 0,
                    "operator_timing": 0.014430930000000005,
                    "result_set_size": 368640,
                    "children": [
                        {
                            "operator_name": "PROJECTION",
                            "cpu_time": 1.6135567360000018,
                            "extra_info": {
                                "Projections": [
                                    "UserId",
                                    "displayname",
                                    "reputation",
                                    "BadgeCount",
                                    "HighestBadgeClass",
                                    "PostCount",
                                    "TotalViews",
                                    "TotalScore",
                                    "PopularTag"
                                ],
                                "Estimated Cardinality": "11608620"
                            },
                            "cumulative_cardinality": 5858526,
                            "operator_type": "PROJECTION",
                            "operator_cardinality": 112150,
                            "cumulative_rows_scanned": 11284642,
                            "operator_rows_scanned": 0,
                            "operator_timing": 0.007511717000000006,
                            "result_set_size": 10093500,
                            "children": [
                                {
                                    "operator_name": "CROSS_PRODUCT",
                                    "cpu_time": 1.6060450190000017,
                                    "extra_info": {},
                                    "cumulative_cardinality": 5746376,
                                    "operator_type": "CROSS_PRODUCT",
                                    "operator_cardinality": 112150,
                                    "cumulative_rows_scanned": 11284642,
                                    "operator_rows_scanned": 0,
                                    "operator_timing": 0.0011455429999999978,
                                    "result_set_size": 12785100,
                                    "children": [
                                        {
                                            "operator_name": "HASH_JOIN",
                                            "cpu_time": 1.5930568090000017,
                                            "extra_info": {
                                                "Join Type": "LEFT",
                                                "Conditions": "id = owneruserid",
                                                "Estimated Cardinality": "1160862"
                                            },
                                            "cumulative_cardinality": 5625912,
                                            "operator_type": "HASH_JOIN",
                                            "operator_cardinality": 11215,
                                            "cumulative_rows_scanned": 7432550,
                                            "operator_rows_scanned": 0,
                                            "operator_timing": 0.005064068999999999,
                                            "result_set_size": 919630,
                                            "children": [
                                                {
                                                    "operator_name": "HASH_JOIN",
                                                    "cpu_time": 0.2686072930000004,
                                                    "extra_info": {
                                                        "Join Type": "RIGHT",
                                                        "Conditions": "userid = id",
                                                        "Estimated Cardinality": "1160862"
                                                    },
                                                    "cumulative_cardinality": 5214899,
                                                    "operator_type": "HASH_JOIN",
                                                    "operator_cardinality": 11215,
                                                    "cumulative_rows_scanned": 3582434,
                                                    "operator_rows_scanned": 0,
                                                    "operator_timing": 0.015440617000000002,
                                                    "result_set_size": 426170,
                                                    "children": [
                                                        {
                                                            "operator_name": "HASH_GROUP_BY",
                                                            "cpu_time": 0.19888207500000044,
                                                            "extra_info": {
                                                                "Groups": "#0",
                                                                "Aggregates": [
                                                                    "count_star()",
                                                                    "max(#1)"
                                                                ],
                                                                "Estimated Cardinality": "1160862"
                                                            },
                                                            "cumulative_cardinality": 5192469,
                                                            "operator_type": "HASH_GROUP_BY",
                                                            "operator_cardinality": 549021,
                                                            "cumulative_rows_scanned": 2321724,
                                                            "operator_rows_scanned": 0,
                                                            "operator_timing": 0.1432721640000004,
                                                            "result_set_size": 7686294,
                                                            "children": [
                                                                {
                                                                    "operator_name": "PROJECTION",
                                                                    "cpu_time": 0.05560991100000003,
                                                                    "extra_info": {
                                                                        "Projections": [
                                                                            "userid",
                                                                            "class"
                                                                        ],
                                                                        "Estimated Cardinality": "2321724"
                                                                    },
                                                                    "cumulative_cardinality": 4643448,
                                                                    "operator_type": "PROJECTION",
                                                                    "operator_cardinality": 2321724,
                                                                    "cumulative_rows_scanned": 2321724,
                                                                    "operator_rows_scanned": 0,
                                                                    "operator_timing": 0.0004781859999999993,
                                                                    "result_set_size": 13930344,
                                                                    "children": [
                                                                        {
                                                                            "operator_name": "READ_PARQUET ",
                                                                            "cpu_time": 0.055131725000000034,
                                                                            "extra_info": {
                                                                                "Function": "READ_PARQUET",
                                                                                "Projections": [
                                                                                    "id",
                                                                                    "userid",
                                                                                    "class"
                                                                                ],
                                                                                "Estimated Cardinality": "2321724"
                                                                            },
                                                                            "cumulative_cardinality": 2321724,
                                                                            "operator_type": "TABLE_SCAN",
                                                                            "operator_cardinality": 2321724,
                                                                            "cumulative_rows_scanned": 2321724,
                                                                            "operator_rows_scanned": 2321724,
                                                                            "operator_timing": 0.055131725000000034,
                                                                            "result_set_size": 23217240,
                                                                            "children": []
                                                                        }
                                                                    ]
                                                                }
                                                            ]
                                                        },
                                                        {
                                                            "operator_name": "READ_PARQUET ",
                                                            "cpu_time": 0.05428460100000001,
                                                            "extra_info": {
                                                                "Function": "READ_PARQUET",
                                                                "Projections": [
                                                                    "id",
                                                                    "reputation",
                                                                    "displayname"
                                                                ],
                                                                "Filters": "reputation>1000",
                                                                "Estimated Cardinality": "252142"
                                                            },
                                                            "cumulative_cardinality": 11215,
                                                            "operator_type": "TABLE_SCAN",
                                                            "operator_cardinality": 11215,
                                                            "cumulative_rows_scanned": 1260710,
                                                            "operator_rows_scanned": 1260710,
                                                            "operator_timing": 0.05428460100000001,
                                                            "result_set_size": 269160,
                                                            "children": []
                                                        }
                                                    ]
                                                },
                                                {
                                                    "operator_name": "HASH_GROUP_BY",
                                                    "cpu_time": 1.3193854470000013,
                                                    "extra_info": {
                                                        "Groups": "#0",
                                                        "Aggregates": [
                                                            "count_star()",
                                                            "sum(#1)",
                                                            "sum(#2)"
                                                        ],
                                                        "Estimated Cardinality": "385011"
                                                    },
                                                    "cumulative_cardinality": 399798,
                                                    "operator_type": "HASH_GROUP_BY",
                                                    "operator_cardinality": 47230,
                                                    "cumulative_rows_scanned": 3850116,
                                                    "operator_rows_scanned": 0,
                                                    "operator_timing": 0.027224597999999992,
                                                    "result_set_size": 2078120,
                                                    "children": [
                                                        {
                                                            "operator_name": "PROJECTION",
                                                            "cpu_time": 1.2921608490000012,
                                                            "extra_info": {
                                                                "Projections": [
                                                                    "owneruserid",
                                                                    "viewcount",
                                                                    "score"
                                                                ],
                                                                "Estimated Cardinality": "770023"
                                                            },
                                                            "cumulative_cardinality": 352568,
                                                            "operator_type": "PROJECTION",
                                                            "operator_cardinality": 176284,
                                                            "cumulative_rows_scanned": 3850116,
                                                            "operator_rows_scanned": 0,
                                                            "operator_timing": 0.0006152899999999992,
                                                            "result_set_size": 2115408,
                                                            "children": [
                                                                {
                                                                    "operator_name": "READ_PARQUET ",
                                                                    "cpu_time": 1.2915455590000011,
                                                                    "extra_info": {
                                                                        "Function": "READ_PARQUET",
                                                                        "Projections": [
                                                                            "id",
                                                                            "score",
                                                                            "viewcount",
                                                                            "owneruserid"
                                                                        ],
                                                                        "Filters": "lastactivitydate>='2023-10-01 12:34:56'::TIMESTAMP",
                                                                        "Estimated Cardinality": "770023"
                                                                    },
                                                                    "cumulative_cardinality": 176284,
                                                                    "operator_type": "TABLE_SCAN",
                                                                    "operator_cardinality": 176284,
                                                                    "cumulative_rows_scanned": 3850116,
                                                                    "operator_rows_scanned": 3850116,
                                                                    "operator_timing": 1.2915455590000011,
                                                                    "result_set_size": 2820544,
                                                                    "children": []
                                                                }
                                                            ]
                                                        }
                                                    ]
                                                }
                                            ]
                                        },
                                        {
                                            "operator_name": "STREAMING_LIMIT",
                                            "cpu_time": 0.011842667000000001,
                                            "extra_info": {},
                                            "cumulative_cardinality": 8314,
                                            "operator_type": "STREAMING_LIMIT",
                                            "operator_cardinality": 10,
                                            "cumulative_rows_scanned": 3852092,
                                            "operator_rows_scanned": 0,
                                            "operator_timing": 0.000001914,
                                            "result_set_size": 320,
                                            "children": [
                                                {
                                                    "operator_name": "ORDER_BY",
                                                    "cpu_time": 0.011840753,
                                                    "extra_info": {
                                                        "Order By": "sum(p.ViewCount) DESC"
                                                    },
                                                    "cumulative_cardinality": 8304,
                                                    "operator_type": "ORDER_BY",
                                                    "operator_cardinality": 527,
                                                    "cumulative_rows_scanned": 3852092,
                                                    "operator_rows_scanned": 0,
                                                    "operator_timing": 0.000094888,
                                                    "result_set_size": 16864,
                                                    "children": [
                                                        {
                                                            "operator_name": "HASH_GROUP_BY",
                                                            "cpu_time": 0.011745865000000001,
                                                            "extra_info": {
                                                                "Groups": "#0",
                                                                "Aggregates": "sum(#1)",
                                                                "Estimated Cardinality": "1976"
                                                            },
                                                            "cumulative_cardinality": 7777,
                                                            "operator_type": "HASH_GROUP_BY",
                                                            "operator_cardinality": 527,
                                                            "cumulative_rows_scanned": 3852092,
                                                            "operator_rows_scanned": 0,
                                                            "operator_timing": 0.000197339,
                                                            "result_set_size": 16864,
                                                            "children": [
                                                                {
                                                                    "operator_name": "PROJECTION",
                                                                    "cpu_time": 0.011548526000000002,
                                                                    "extra_info": {
                                                                        "Projections": [
                                                                            "tagname",
                                                                            "viewcount"
                                                                        ],
                                                                        "Estimated Cardinality": "770023"
                                                                    },
                                                                    "cumulative_cardinality": 7250,
                                                                    "operator_type": "PROJECTION",
                                                                    "operator_cardinality": 527,
                                                                    "cumulative_rows_scanned": 3852092,
                                                                    "operator_rows_scanned": 0,
                                                                    "operator_timing": 0.000001241,
                                                                    "result_set_size": 10540,
                                                                    "children": [
                                                                        {
                                                                            "operator_name": "HASH_JOIN",
                                                                            "cpu_time": 0.011547285000000001,
                                                                            "extra_info": {
                                                                                "Join Type": "INNER",
                                                                                "Conditions": "id = id",
                                                                                "Estimated Cardinality": "770023"
                                                                            },
                                                                            "cumulative_cardinality": 6723,
                                                                            "operator_type": "HASH_JOIN",
                                                                            "operator_cardinality": 527,
                                                                            "cumulative_rows_scanned": 3852092,
                                                                            "operator_rows_scanned": 0,
                                                                            "operator_timing": 0.000346006,
                                                                            "result_set_size": 10540,
                                                                            "children": [
                                                                                {
                                                                                    "operator_name": "FILTER",
                                                                                    "cpu_time": 0.010686807000000001,
                                                                                    "extra_info": {
                                                                                        "Expression": "(id <= 7945)",
                                                                                        "Estimated Cardinality": "770023"
                                                                                    },
                                                                                    "cumulative_cardinality": 4220,
                                                                                    "operator_type": "FILTER",
                                                                                    "operator_cardinality": 2110,
                                                                                    "cumulative_rows_scanned": 3850116,
                                                                                    "operator_rows_scanned": 0,
                                                                                    "operator_timing": 0.000015509,
                                                                                    "result_set_size": 16880,
                                                                                    "children": [
                                                                                        {
                                                                                            "operator_name": "READ_PARQUET ",
                                                                                            "cpu_time": 0.010671298000000001,
                                                                                            "extra_info": {
                                                                                                "Function": "READ_PARQUET",
                                                                                                "Projections": [
                                                                                                    "id",
                                                                                                    "viewcount"
                                                                                                ],
                                                                                                "Filters": "posttypeid=1",
                                                                                                "Estimated Cardinality": "770023"
                                                                                            },
                                                                                            "cumulative_cardinality": 2110,
                                                                                            "operator_type": "TABLE_SCAN",
                                                                                            "operator_cardinality": 2110,
                                                                                            "cumulative_rows_scanned": 3850116,
                                                                                            "operator_rows_scanned": 3850116,
                                                                                            "operator_timing": 0.010671298000000001,
                                                                                            "result_set_size": 16880,
                                                                                            "children": []
                                                                                        }
                                                                                    ]
                                                                                },
                                                                                {
                                                                                    "operator_name": "READ_PARQUET ",
                                                                                    "cpu_time": 0.000514472,
                                                                                    "extra_info": {
                                                                                        "Function": "READ_PARQUET",
                                                                                        "Projections": [
                                                                                            "id",
                                                                                            "tagname"
                                                                                        ],
                                                                                        "Estimated Cardinality": "1976"
                                                                                    },
                                                                                    "cumulative_cardinality": 1976,
                                                                                    "operator_type": "TABLE_SCAN",
                                                                                    "operator_cardinality": 1976,
                                                                                    "cumulative_rows_scanned": 1976,
                                                                                    "operator_rows_scanned": 1976,
                                                                                    "operator_timing": 0.000514472,
                                                                                    "result_set_size": 39520,
                                                                                    "children": []
                                                                                }
                                                                            ]
                                                                        }
                                                                    ]
                                                                }
                                                            ]
                                                        }
                                                    ]
                                                }
                                            ]
                                        }
                                    ]
                                }
                            ]
                        }
                    ]
                }
            ]
        }
    ]
}