{
    "rows_returned": 20,
    "query_name": "WITH UserBadgeCounts AS (\n    SELECT UserId, COUNT(Id) AS BadgeCount\n    FROM Badges\n    GROUP BY UserId\n),\nPostScoreStatistics AS (\n    SELECT OwnerUserId, \n           AVG(Score) AS AvgScore, \n           SUM(ViewCount) AS TotalViews, \n           COUNT(*) AS PostCount\n    FROM Posts\n    WHERE CreationDate >= cast('2024-10-01 12:34:56' as timestamp) - INTERVAL '1 year'\n    GROUP BY OwnerUserId\n),\nUserReputation AS (\n    SELECT U.Id AS UserId, \n           U.Reputation, \n           U.DisplayName,\n           COALESCE(UBC.BadgeCount, 0) AS BadgeCount,\n           COALESCE(PSS.AvgScore, 0) AS AvgPostScore,\n           COALESCE(PSS.TotalViews, 0) AS TotalPostViews,\n           COALESCE(PSS.PostCount, 0) AS TotalPosts\n    FROM Users U\n    LEFT JOIN UserBadgeCounts UBC ON U.Id = UBC.UserId\n    LEFT JOIN PostScoreStatistics PSS ON U.Id = PSS.OwnerUserId\n)\nSELECT U.DisplayName, \n       U.Reputation, \n       U.BadgeCount, \n       U.AvgPostScore,\n       U.TotalPostViews, \n       U.TotalPosts \nFROM UserReputation U\nWHERE U.Reputation > 1000 \nORDER BY U.AvgPostScore DESC, U.TotalPosts DESC\nLIMIT 20;",
    "blocked_thread_time": 0.0,
    "cpu_time": 0.20410606500000006,
    "extra_info": {},
    "cumulative_cardinality": 5576197,
    "cumulative_rows_scanned": 7432550,
    "result_set_size": 1200,
    "latency": 0.222809754,
    "children": [
        {
            "operator_name": "STREAMING_LIMIT",
            "cpu_time": 0.20410606500000006,
            "extra_info": {},
            "cumulative_cardinality": 5576197,
            "operator_type": "STREAMING_LIMIT",
            "operator_cardinality": 20,
            "cumulative_rows_scanned": 7432550,
            "operator_rows_scanned": 0,
            "operator_timing": 0.000002054,
            "result_set_size": 1200,
            "children": [
                {
                    "operator_name": "ORDER_BY",
                    "cpu_time": 0.20410401100000006,
                    "extra_info": {
                        "Order By": [
                            "U.AvgPostScore DESC",
                            "U.TotalPosts DESC"
                        ]
                    },
                    "cumulative_cardinality": 5576177,
                    "operator_type": "ORDER_BY",
                    "operator_cardinality": 4096,
                    "cumulative_rows_scanned": 7432550,
                    "operator_rows_scanned": 0,
                    "operator_timing": 0.0007342410000000001,
                    "result_set_size": 245760,
                    "children": [
                        {
                            "operator_name": "PROJECTION",
                            "cpu_time": 0.20336977000000006,
                            "extra_info": {
                                "Projections": [
                                    "displayname",
                                    "reputation",
                                    "BadgeCount",
                                    "AvgPostScore",
                                    "TotalPostViews",
                                    "TotalPosts"
                                ],
                                "Estimated Cardinality": "1160862"
                            },
                            "cumulative_cardinality": 5572081,
                            "operator_type": "PROJECTION",
                            "operator_cardinality": 11215,
                            "cumulative_rows_scanned": 7432550,
                            "operator_rows_scanned": 0,
                            "operator_timing": 0.00002011099999999999,
                            "result_set_size": 672900,
                            "children": [
                                {
                                    "operator_name": "PROJECTION",
                                    "cpu_time": 0.20334965900000007,
                                    "extra_info": {
                                        "Projections": [
                                            "reputation",
                                            "displayname",
                                            "BadgeCount",
                                            "AvgPostScore",
                                            "TotalPostViews",
                                            "TotalPosts"
                                        ],
                                        "Estimated Cardinality": "1160862"
                                    },
                                    "cumulative_cardinality": 5560866,
                                    "operator_type": "PROJECTION",
                                    "operator_cardinality": 11215,
                                    "cumulative_rows_scanned": 7432550,
                                    "operator_rows_scanned": 0,
                                    "operator_timing": 0.0015146570000000004,
                                    "result_set_size": 672900,
                                    "children": [
                                        {
                                            "operator_name": "HASH_JOIN",
                                            "cpu_time": 0.20183500200000007,
                                            "extra_info": {
                                                "Join Type": "LEFT",
                                                "Conditions": "id = owneruserid",
                                                "Estimated Cardinality": "1160862"
                                            },
                                            "cumulative_cardinality": 5549651,
                                            "operator_type": "HASH_JOIN",
                                            "operator_cardinality": 11215,
                                            "cumulative_rows_scanned": 7432550,
                                            "operator_rows_scanned": 0,
                                            "operator_timing": 0.0021958480000000007,
                                            "result_set_size": 672900,
                                            "children": [
                                                {
                                                    "operator_name": "HASH_JOIN",
                                                    "cpu_time": 0.16972227500000006,
                                                    "extra_info": {
                                                        "Join Type": "RIGHT",
                                                        "Conditions": "userid = id",
                                                        "Estimated Cardinality": "1160862"
                                                    },
                                                    "cumulative_cardinality": 5214899,
                                                    "operator_type": "HASH_JOIN",
                                                    "operator_cardinality": 11215,
                                                    "cumulative_rows_scanned": 3582434,
                                                    "operator_rows_scanned": 0,
                                                    "operator_timing": 0.009430703999999996,
                                                    "result_set_size": 358880,
                                                    "children": [
                                                        {
                                                            "operator_name": "HASH_GROUP_BY",
                                                            "cpu_time": 0.10607742900000006,
                                                            "extra_info": {
                                                                "Groups": "#0",
                                                                "Aggregates": "count_star()",
                                                                "Estimated Cardinality": "1160862"
                                                            },
                                                            "cumulative_cardinality": 5192469,
                                                            "operator_type": "HASH_GROUP_BY",
                                                            "operator_cardinality": 549021,
                                                            "cumulative_rows_scanned": 2321724,
                                                            "operator_rows_scanned": 0,
                                                            "operator_timing": 0.06855055500000001,
                                                            "result_set_size": 6588252,
                                                            "children": [
                                                                {
                                                                    "operator_name": "PROJECTION",
                                                                    "cpu_time": 0.03752687400000004,
                                                                    "extra_info": {
                                                                        "Projections": "userid",
                                                                        "Estimated Cardinality": "2321724"
                                                                    },
                                                                    "cumulative_cardinality": 4643448,
                                                                    "operator_type": "PROJECTION",
                                                                    "operator_cardinality": 2321724,
                                                                    "cumulative_rows_scanned": 2321724,
                                                                    "operator_rows_scanned": 0,
                                                                    "operator_timing": 0.00018068199999999915,
                                                                    "result_set_size": 9286896,
                                                                    "children": [
                                                                        {
                                                                            "operator_name": "READ_PARQUET ",
                                                                            "cpu_time": 0.03734619200000004,
                                                                            "extra_info": {
                                                                                "Function": "READ_PARQUET",
                                                                                "Projections": [
                                                                                    "id",
                                                                                    "userid"
                                                                                ],
                                                                                "Estimated Cardinality": "2321724"
                                                                            },
                                                                            "cumulative_cardinality": 2321724,
                                                                            "operator_type": "TABLE_SCAN",
                                                                            "operator_cardinality": 2321724,
                                                                            "cumulative_rows_scanned": 2321724,
                                                                            "operator_rows_scanned": 2321724,
                                                                            "operator_timing": 0.03734619200000004,
                                                                            "result_set_size": 18573792,
                                                                            "children": []
                                                                        }
                                                                    ]
                                                                }
                                                            ]
                                                        },
                                                        {
                                                            "operator_name": "READ_PARQUET ",
                                                            "cpu_time": 0.054214142,
                                                            "extra_info": {
                                                                "Function": "READ_PARQUET",
                                                                "Projections": [
                                                                    "id",
                                                                    "reputation",
                                                                    "displayname"
                                                                ],
                                                                "Filters": "reputation>1000",
                                                                "Estimated Cardinality": "252142"
                                                            },
                                                            "cumulative_cardinality": 11215,
                                                            "operator_type": "TABLE_SCAN",
                                                            "operator_cardinality": 11215,
                                                            "cumulative_rows_scanned": 1260710,
                                                            "operator_rows_scanned": 1260710,
                                                            "operator_timing": 0.054214142,
                                                            "result_set_size": 269160,
                                                            "children": []
                                                        }
                                                    ]
                                                },
                                                {
                                                    "operator_name": "HASH_GROUP_BY",
                                                    "cpu_time": 0.02991687900000001,
                                                    "extra_info": {
                                                        "Groups": "#0",
                                                        "Aggregates": [
                                                            "avg(#1)",
                                                            "sum(#2)",
                                                            "count_star()"
                                                        ],
                                                        "Estimated Cardinality": "385011"
                                                    },
                                                    "cumulative_cardinality": 323537,
                                                    "operator_type": "HASH_GROUP_BY",
                                                    "operator_cardinality": 32453,
                                                    "cumulative_rows_scanned": 3850116,
                                                    "operator_rows_scanned": 0,
                                                    "operator_timing": 0.0058310260000000004,
                                                    "result_set_size": 1168308,
                                                    "children": [
                                                        {
                                                            "operator_name": "PROJECTION",
                                                            "cpu_time": 0.02408585300000001,
                                                            "extra_info": {
                                                                "Projections": [
                                                                    "owneruserid",
                                                                    "score",
                                                                    "viewcount"
                                                                ],
                                                                "Estimated Cardinality": "770023"
                                                            },
                                                            "cumulative_cardinality": 291084,
                                                            "operator_type": "PROJECTION",
                                                            "operator_cardinality": 145542,
                                                            "cumulative_rows_scanned": 3850116,
                                                            "operator_rows_scanned": 0,
                                                            "operator_timing": 0.00001549099999999999,
                                                            "result_set_size": 1746504,
                                                            "children": [
                                                                {
                                                                    "operator_name": "READ_PARQUET ",
                                                                    "cpu_time": 0.024070362000000012,
                                                                    "extra_info": {
                                                                        "Function": "READ_PARQUET",
                                                                        "Projections": [
                                                                            "score",
                                                                            "viewcount",
                                                                            "owneruserid"
                                                                        ],
                                                                        "Filters": "creationdate>='2023-10-01 12:34:56'::TIMESTAMP",
                                                                        "Estimated Cardinality": "770023"
                                                                    },
                                                                    "cumulative_cardinality": 145542,
                                                                    "operator_type": "TABLE_SCAN",
                                                                    "operator_cardinality": 145542,
                                                                    "cumulative_rows_scanned": 3850116,
                                                                    "operator_rows_scanned": 3850116,
                                                                    "operator_timing": 0.024070362000000012,
                                                                    "result_set_size": 1746504,
                                                                    "children": []
                                                                }
                                                            ]
                                                        }
                                                    ]
                                                }
                                            ]
                                        }
                                    ]
                                }
                            ]
                        }
                    ]
                }
            ]
        }
    ]
}