{
    "rows_returned": 100,
    "query_name": "\nWITH UserActivity AS (\n    SELECT \n        u.Id AS UserId,\n        u.DisplayName,\n        COUNT(DISTINCT p.Id) AS PostsCreated,\n        SUM(CASE WHEN p.Score IS NOT NULL THEN 1 ELSE 0 END) AS PositivePosts,\n        SUM(CASE WHEN p.Score IS NULL THEN 1 ELSE 0 END) AS NegativePosts,\n        SUM(bb.Class) AS TotalBadges,\n        AVG(u.Reputation) AS AvgReputation\n    FROM \n        Users u\n    LEFT JOIN \n        Posts p ON u.Id = p.OwnerUserId\n    LEFT JOIN \n        Badges bb ON u.Id = bb.UserId\n    WHERE \n        u.CreationDate < TIMESTAMP '2024-10-01 12:34:56' - INTERVAL '1 year'\n    GROUP BY \n        u.Id, u.DisplayName\n), PostStatistics AS (\n    SELECT \n        pt.Name AS PostType,\n        COUNT(p.Id) AS PostCount,\n        AVG(p.ViewCount) AS AvgViewCount,\n        SUM(p.CommentCount) AS TotalComments,\n        COUNT(DISTINCT p.AcceptedAnswerId) AS AcceptedAnswers\n    FROM \n        Posts p\n    JOIN \n        PostTypes pt ON p.PostTypeId = pt.Id\n    WHERE \n        p.CreationDate >= TIMESTAMP '2024-10-01 12:34:56' - INTERVAL '7 days'\n    GROUP BY \n        pt.Name\n)\nSELECT \n    ua.DisplayName,\n    ua.PostsCreated,\n    ua.PositivePosts,\n    ua.NegativePosts,\n    ua.TotalBadges,\n    ua.AvgReputation,\n    ps.PostType,\n    ps.PostCount,\n    ps.AvgViewCount,\n    ps.TotalComments,\n    ps.AcceptedAnswers\nFROM \n    UserActivity ua\nJOIN \n    PostStatistics ps ON ua.PostsCreated > 0\nORDER BY \n    ua.AvgReputation DESC, ps.PostCount DESC\nFETCH FIRST 100 ROWS ONLY;\n",
    "blocked_thread_time": 0.0,
    "cpu_time": 47.41513185899995,
    "extra_info": {},
    "cumulative_cardinality": 1774078905,
    "cumulative_rows_scanned": 11282674,
    "result_set_size": 13600,
    "latency": 57.475619032,
    "children": [
        {
            "operator_name": "STREAMING_LIMIT",
            "cpu_time": 47.41513185899995,
            "extra_info": {},
            "cumulative_cardinality": 1774078905,
            "operator_type": "STREAMING_LIMIT",
            "operator_cardinality": 100,
            "cumulative_rows_scanned": 11282674,
            "operator_rows_scanned": 0,
            "operator_timing": 0.000004989,
            "result_set_size": 13600,
            "children": [
                {
                    "operator_name": "ORDER_BY",
                    "cpu_time": 47.41512686999995,
                    "extra_info": {
                        "Order By": [
                            "ua.AvgReputation DESC",
                            "ps.PostCount DESC"
                        ]
                    },
                    "cumulative_cardinality": 1774078805,
                    "operator_type": "ORDER_BY",
                    "operator_cardinality": 4096,
                    "cumulative_rows_scanned": 11282674,
                    "operator_rows_scanned": 0,
                    "operator_timing": 0.08393645000000002,
                    "result_set_size": 557056,
                    "children": [
                        {
                            "operator_name": "PROJECTION",
                            "cpu_time": 47.33119041999995,
                            "extra_info": {
                                "Projections": [
                                    "displayname",
                                    "PostsCreated",
                                    "PositivePosts",
                                    "NegativePosts",
                                    "TotalBadges",
                                    "AvgReputation",
                                    "PostType",
                                    "PostCount",
                                    "AvgViewCount",
                                    "TotalComments",
                                    "AcceptedAnswers"
                                ],
                                "Estimated Cardinality": "97077443562"
                            },
                            "cumulative_cardinality": 1774074709,
                            "operator_type": "PROJECTION",
                            "operator_cardinality": 718744,
                            "cumulative_rows_scanned": 11282674,
                            "operator_rows_scanned": 0,
                            "operator_timing": 0.00015963900000000005,
                            "result_set_size": 97749184,
                            "children": [
                                {
                                    "operator_name": "CROSS_PRODUCT",
                                    "cpu_time": 47.331030780999946,
                                    "extra_info": {},
                                    "cumulative_cardinality": 1773355965,
                                    "operator_type": "CROSS_PRODUCT",
                                    "operator_cardinality": 718744,
                                    "cumulative_rows_scanned": 11282674,
                                    "operator_rows_scanned": 0,
                                    "operator_timing": 0.014347373,
                                    "result_set_size": 97749184,
                                    "children": [
                                        {
                                            "operator_name": "HASH_GROUP_BY",
                                            "cpu_time": 0.033441769999999996,
                                            "extra_info": {
                                                "Groups": "#0",
                                                "Aggregates": [
                                                    "count_star()",
                                                    "avg(#1)",
                                                    "sum(#2)",
                                                    "count(DISTINCT #3)"
                                                ],
                                                "Estimated Cardinality": "385011"
                                            },
                                            "cumulative_cardinality": 6789,
                                            "operator_type": "HASH_GROUP_BY",
                                            "operator_cardinality": 2,
                                            "cumulative_rows_scanned": 3850124,
                                            "operator_rows_scanned": 0,
                                            "operator_timing": 0.000522877,
                                            "result_set_size": 112,
                                            "children": [
                                                {
                                                    "operator_name": "PROJECTION",
                                                    "cpu_time": 0.032918893,
                                                    "extra_info": {
                                                        "Projections": [
                                                            "name",
                                                            "viewcount",
                                                            "commentcount",
                                                            "acceptedanswerid"
                                                        ],
                                                        "Estimated Cardinality": "770023"
                                                    },
                                                    "cumulative_cardinality": 6787,
                                                    "operator_type": "PROJECTION",
                                                    "operator_cardinality": 2260,
                                                    "cumulative_rows_scanned": 3850124,
                                                    "operator_rows_scanned": 0,
                                                    "operator_timing": 0.0000010730000000000001,
                                                    "result_set_size": 63280,
                                                    "children": [
                                                        {
                                                            "operator_name": "HASH_JOIN",
                                                            "cpu_time": 0.03291782,
                                                            "extra_info": {
                                                                "Join Type": "INNER",
                                                                "Conditions": "posttypeid = id",
                                                                "Estimated Cardinality": "770023"
                                                            },
                                                            "cumulative_cardinality": 4527,
                                                            "operator_type": "HASH_JOIN",
                                                            "operator_cardinality": 2260,
                                                            "cumulative_rows_scanned": 3850124,
                                                            "operator_rows_scanned": 0,
                                                            "operator_timing": 0.000173312,
                                                            "result_set_size": 63280,
                                                            "children": [
                                                                {
                                                                    "operator_name": "READ_PARQUET ",
                                                                    "cpu_time": 0.032401387,
                                                                    "extra_info": {
                                                                        "Function": "READ_PARQUET",
                                                                        "Projections": [
                                                                            "id",
                                                                            "posttypeid",
                                                                            "acceptedanswerid",
                                                                            "viewcount",
                                                                            "commentcount"
                                                                        ],
                                                                        "Filters": "creationdate>='2024-09-24 12:34:56'::TIMESTAMP",
                                                                        "Estimated Cardinality": "770023"
                                                                    },
                                                                    "cumulative_cardinality": 2260,
                                                                    "operator_type": "TABLE_SCAN",
                                                                    "operator_cardinality": 2260,
                                                                    "cumulative_rows_scanned": 3850116,
                                                                    "operator_rows_scanned": 3850116,
                                                                    "operator_timing": 0.032401387,
                                                                    "result_set_size": 40680,
                                                                    "children": []
                                                                },
                                                                {
                                                                    "operator_name": "READ_PARQUET ",
                                                                    "cpu_time": 0.000343121,
                                                                    "extra_info": {
                                                                        "Function": "READ_PARQUET",
                                                                        "Projections": [
                                                                            "id",
                                                                            "name"
                                                                        ],
                                                                        "Filters": "id<=7",
                                                                        "Estimated Cardinality": "8"
                                                                    },
                                                                    "cumulative_cardinality": 7,
                                                                    "operator_type": "TABLE_SCAN",
                                                                    "operator_cardinality": 7,
                                                                    "cumulative_rows_scanned": 8,
                                                                    "operator_rows_scanned": 8,
                                                                    "operator_timing": 0.000343121,
                                                                    "result_set_size": 126,
                                                                    "children": []
                                                                }
                                                            ]
                                                        }
                                                    ]
                                                }
                                            ]
                                        },
                                        {
                                            "operator_name": "PROJECTION",
                                            "cpu_time": 47.28324163799994,
                                            "extra_info": {
                                                "Projections": [
                                                    "#1",
                                                    "#2",
                                                    "#3",
                                                    "#4",
                                                    "#5",
                                                    "#6"
                                                ],
                                                "Estimated Cardinality": "252142"
                                            },
                                            "cumulative_cardinality": 1772630432,
                                            "operator_type": "PROJECTION",
                                            "operator_cardinality": 359372,
                                            "cumulative_rows_scanned": 7432550,
                                            "operator_rows_scanned": 0,
                                            "operator_timing": 0.00004825000000000001,
                                            "result_set_size": 28749760,
                                            "children": [
                                                {
                                                    "operator_name": "FILTER",
                                                    "cpu_time": 47.283193387999944,
                                                    "extra_info": {
                                                        "Expression": "(PostsCreated > 0)",
                                                        "Estimated Cardinality": "252142"
                                                    },
                                                    "cumulative_cardinality": 1772271060,
                                                    "operator_type": "FILTER",
                                                    "operator_cardinality": 359372,
                                                    "cumulative_rows_scanned": 7432550,
                                                    "operator_rows_scanned": 0,
                                                    "operator_timing": 0.001802044,
                                                    "result_set_size": 30187248,
                                                    "children": [
                                                        {
                                                            "operator_name": "HASH_GROUP_BY",
                                                            "cpu_time": 47.28139134399994,
                                                            "extra_info": {
                                                                "Groups": [
                                                                    "#0",
                                                                    "#1"
                                                                ],
                                                                "Aggregates": [
                                                                    "count(DISTINCT #2)",
                                                                    "sum(#3)",
                                                                    "sum(#4)",
                                                                    "sum(#5)",
                                                                    "avg(#6)"
                                                                ],
                                                                "Estimated Cardinality": "1260710"
                                                            },
                                                            "cumulative_cardinality": 1771911688,
                                                            "operator_type": "HASH_GROUP_BY",
                                                            "operator_cardinality": 1076537,
                                                            "cumulative_rows_scanned": 7432550,
                                                            "operator_rows_scanned": 0,
                                                            "operator_timing": 37.77489032399993,
                                                            "result_set_size": 90429108,
                                                            "children": [
                                                                {
                                                                    "operator_name": "PROJECTION",
                                                                    "cpu_time": 9.506501020000016,
                                                                    "extra_info": {
                                                                        "Projections": [
                                                                            "id",
                                                                            "displayname",
                                                                            "id",
                                                                            "CASE  WHEN ((score IS NOT NULL)) THEN (1) ELSE 0 END",
                                                                            "CASE  WHEN ((score IS NULL)) THEN (1) ELSE 0 END",
                                                                            "class",
                                                                            "reputation"
                                                                        ],
                                                                        "Estimated Cardinality": "3850116"
                                                                    },
                                                                    "cumulative_cardinality": 1770835151,
                                                                    "operator_type": "PROJECTION",
                                                                    "operator_cardinality": 585686241,
                                                                    "cumulative_rows_scanned": 7432550,
                                                                    "operator_rows_scanned": 0,
                                                                    "operator_timing": 2.6425436830000253,
                                                                    "result_set_size": 22256077158,
                                                                    "children": [
                                                                        {
                                                                            "operator_name": "PROJECTION",
                                                                            "cpu_time": 6.86395733699999,
                                                                            "extra_info": {
                                                                                "Projections": [
                                                                                    "#0",
                                                                                    "#1",
                                                                                    "#2",
                                                                                    "#3",
                                                                                    "#4",
                                                                                    "__internal_decompress_integral_smallint(#5, 1)"
                                                                                ],
                                                                                "Estimated Cardinality": "3850116"
                                                                            },
                                                                            "cumulative_cardinality": 1185148910,
                                                                            "operator_type": "PROJECTION",
                                                                            "operator_cardinality": 585686241,
                                                                            "cumulative_rows_scanned": 7432550,
                                                                            "operator_rows_scanned": 0,
                                                                            "operator_timing": 0.24650964100000988,
                                                                            "result_set_size": 19913332194,
                                                                            "children": [
                                                                                {
                                                                                    "operator_name": "HASH_JOIN",
                                                                                    "cpu_time": 6.61744769599998,
                                                                                    "extra_info": {
                                                                                        "Join Type": "LEFT",
                                                                                        "Conditions": "id = userid",
                                                                                        "Estimated Cardinality": "3850116"
                                                                                    },
                                                                                    "cumulative_cardinality": 599462669,
                                                                                    "operator_type": "HASH_JOIN",
                                                                                    "operator_cardinality": 585686241,
                                                                                    "cumulative_rows_scanned": 7432550,
                                                                                    "operator_rows_scanned": 0,
                                                                                    "operator_timing": 5.993835573999978,
                                                                                    "result_set_size": 19327645953,
                                                                                    "children": [
                                                                                        {
                                                                                            "operator_name": "HASH_JOIN",
                                                                                            "cpu_time": 0.6050977500000012,
                                                                                            "extra_info": {
                                                                                                "Join Type": "RIGHT",
                                                                                                "Conditions": "owneruserid = id",
                                                                                                "Estimated Cardinality": "3850116"
                                                                                            },
                                                                                            "cumulative_cardinality": 9132980,
                                                                                            "operator_type": "HASH_JOIN",
                                                                                            "operator_cardinality": 4374668,
                                                                                            "cumulative_rows_scanned": 5110826,
                                                                                            "operator_rows_scanned": 0,
                                                                                            "operator_timing": 0.3741937370000011,
                                                                                            "result_set_size": 139989376,
                                                                                            "children": [
                                                                                                {
                                                                                                    "operator_name": "READ_PARQUET ",
                                                                                                    "cpu_time": 0.12641251599999986,
                                                                                                    "extra_info": {
                                                                                                        "Function": "READ_PARQUET",
                                                                                                        "Projections": [
                                                                                                            "id",
                                                                                                            "score",
                                                                                                            "owneruserid"
                                                                                                        ],
                                                                                                        "Estimated Cardinality": "3850116"
                                                                                                    },
                                                                                                    "cumulative_cardinality": 3681775,
                                                                                                    "operator_type": "TABLE_SCAN",
                                                                                                    "operator_cardinality": 3681775,
                                                                                                    "cumulative_rows_scanned": 3850116,
                                                                                                    "operator_rows_scanned": 3850116,
                                                                                                    "operator_timing": 0.12641251599999986,
                                                                                                    "result_set_size": 44181300,
                                                                                                    "children": []
                                                                                                },
                                                                                                {
                                                                                                    "operator_name": "READ_PARQUET ",
                                                                                                    "cpu_time": 0.10449149700000021,
                                                                                                    "extra_info": {
                                                                                                        "Function": "READ_PARQUET",
                                                                                                        "Projections": [
                                                                                                            "id",
                                                                                                            "reputation",
                                                                                                            "displayname"
                                                                                                        ],
                                                                                                        "Filters": "creationdate<'2023-10-01 12:34:56'::TIMESTAMP",
                                                                                                        "Estimated Cardinality": "252142"
                                                                                                    },
                                                                                                    "cumulative_cardinality": 1076537,
                                                                                                    "operator_type": "TABLE_SCAN",
                                                                                                    "operator_cardinality": 1076537,
                                                                                                    "cumulative_rows_scanned": 1260710,
                                                                                                    "operator_rows_scanned": 1260710,
                                                                                                    "operator_timing": 0.10449149700000021,
                                                                                                    "result_set_size": 25836888,
                                                                                                    "children": []
                                                                                                }
                                                                                            ]
                                                                                        },
                                                                                        {
                                                                                            "operator_name": "PROJECTION",
                                                                                            "cpu_time": 0.01851437199999997,
                                                                                            "extra_info": {
                                                                                                "Projections": [
                                                                                                    "#0",
                                                                                                    "__internal_compress_integral_utinyint(#1, 1)"
                                                                                                ],
                                                                                                "Estimated Cardinality": "2321724"
                                                                                            },
                                                                                            "cumulative_cardinality": 4643448,
                                                                                            "operator_type": "PROJECTION",
                                                                                            "operator_cardinality": 2321724,
                                                                                            "cumulative_rows_scanned": 2321724,
                                                                                            "operator_rows_scanned": 0,
                                                                                            "operator_timing": 0.0006257209999999991,
                                                                                            "result_set_size": 11608620,
                                                                                            "children": [
                                                                                                {
                                                                                                    "operator_name": "READ_PARQUET ",
                                                                                                    "cpu_time": 0.01788865099999997,
                                                                                                    "extra_info": {
                                                                                                        "Function": "READ_PARQUET",
                                                                                                        "Projections": [
                                                                                                            "userid",
                                                                                                            "class"
                                                                                                        ],
                                                                                                        "Estimated Cardinality": "2321724"
                                                                                                    },
                                                                                                    "cumulative_cardinality": 2321724,
                                                                                                    "operator_type": "TABLE_SCAN",
                                                                                                    "operator_cardinality": 2321724,
                                                                                                    "cumulative_rows_scanned": 2321724,
                                                                                                    "operator_rows_scanned": 2321724,
                                                                                                    "operator_timing": 0.01788865099999997,
                                                                                                    "result_set_size": 13930344,
                                                                                                    "children": []
                                                                                                }
                                                                                            ]
                                                                                        }
                                                                                    ]
                                                                                }
                                                                            ]
                                                                        }
                                                                    ]
                                                                }
                                                            ]
                                                        }
                                                    ]
                                                }
                                            ]
                                        }
                                    ]
                                }
                            ]
                        }
                    ]
                }
            ]
        }
    ]
}