{
    "rows_returned": 12288,
    "query_name": "WITH UserReputation AS (\n    SELECT \n        U.Id AS UserId,\n        U.DisplayName,\n        U.Reputation,\n        RANK() OVER (ORDER BY U.Reputation DESC) AS ReputationRank\n    FROM Users U\n),\nPostStats AS (\n    SELECT \n        P.OwnerUserId,\n        COUNT(*) AS TotalPosts,\n        SUM(CASE WHEN P.PostTypeId = 1 THEN 1 ELSE 0 END) AS Questions,\n        SUM(CASE WHEN P.PostTypeId = 2 THEN 1 ELSE 0 END) AS Answers,\n        AVG(P.Score) AS AverageScore\n    FROM Posts P\n    GROUP BY P.OwnerUserId\n),\nTopUsers AS (\n    SELECT \n        UR.DisplayName,\n        UR.Reputation,\n        PS.TotalPosts,\n        PS.Questions,\n        PS.Answers,\n        PS.AverageScore\n    FROM UserReputation UR\n    JOIN PostStats PS ON UR.UserId = PS.OwnerUserId\n    WHERE UR.Reputation > 1000\n)\nSELECT \n    U.DisplayName,\n    COALESCE(PS.TotalPosts, 0) AS TotalPosts,\n    COALESCE(PS.Questions, 0) AS Questions,\n    COALESCE(PS.Answers, 0) AS Answers,\n    COALESCE(AVG(CASE WHEN V.VoteTypeId = 2 THEN 1 ELSE 0 END), 0) AS UpVotesGiven,\n    COALESCE(AVG(CASE WHEN V.VoteTypeId = 3 THEN 1 ELSE 0 END), 0) AS DownVotesGiven,\n    CASE \n        WHEN PS.AverageScore IS NULL THEN 'No Posts' \n        WHEN PS.AverageScore > 5 THEN 'High Score'\n        ELSE 'Low Score'\n    END AS ScoreCategory\nFROM Users U\nLEFT JOIN PostStats PS ON U.Id = PS.OwnerUserId\nLEFT JOIN Votes V ON U.Id = V.UserId\nWHERE U.Reputation > 500 AND U.LastAccessDate > (cast('2024-10-01 12:34:56' as timestamp) - INTERVAL '1 year')\nGROUP BY U.DisplayName, PS.TotalPosts, PS.Questions, PS.Answers, PS.AverageScore\nHAVING COUNT(DISTINCT U.Id) >= 1\nORDER BY U.DisplayName;",
    "blocked_thread_time": 0.0,
    "cpu_time": 2.2404616809999993,
    "extra_info": {},
    "cumulative_cardinality": 8718567,
    "cumulative_rows_scanned": 17854919,
    "result_set_size": 1081344,
    "latency": 2.421604615,
    "children": [
        {
            "operator_name": "PROJECTION",
            "cpu_time": 2.2404616809999993,
            "extra_info": {
                "Projections": [
                    "#0",
                    "#1",
                    "#2",
                    "#3",
                    "#4",
                    "#5",
                    "__internal_decompress_string(#6)"
                ],
                "Estimated Cardinality": "1274409"
            },
            "cumulative_cardinality": 8718567,
            "operator_type": "PROJECTION",
            "operator_cardinality": 12288,
            "cumulative_rows_scanned": 17854919,
            "operator_rows_scanned": 0,
            "operator_timing": 0.000178094,
            "result_set_size": 1081344,
            "children": [
                {
                    "operator_name": "ORDER_BY",
                    "cpu_time": 2.2402835869999995,
                    "extra_info": {
                        "Order By": "U.DisplayName ASC"
                    },
                    "cumulative_cardinality": 8706279,
                    "operator_type": "ORDER_BY",
                    "operator_cardinality": 12288,
                    "cumulative_rows_scanned": 17854919,
                    "operator_rows_scanned": 0,
                    "operator_timing": 0.001363832,
                    "result_set_size": 1081344,
                    "children": [
                        {
                            "operator_name": "PROJECTION",
                            "cpu_time": 2.2389197549999995,
                            "extra_info": {
                                "Projections": [
                                    "#0",
                                    "#1",
                                    "#2",
                                    "#3",
                                    "#4",
                                    "#5",
                                    "__internal_compress_string_hugeint(#6)"
                                ],
                                "Estimated Cardinality": "1274409"
                            },
                            "cumulative_cardinality": 8693991,
                            "operator_type": "PROJECTION",
                            "operator_cardinality": 12288,
                            "cumulative_rows_scanned": 17854919,
                            "operator_rows_scanned": 0,
                            "operator_timing": 0.000180777,
                            "result_set_size": 1081344,
                            "children": [
                                {
                                    "operator_name": "PROJECTION",
                                    "cpu_time": 2.2387389779999993,
                                    "extra_info": {
                                        "Projections": [
                                            "displayname",
                                            "TotalPosts",
                                            "Questions",
                                            "Answers",
                                            "UpVotesGiven",
                                            "DownVotesGiven",
                                            "ScoreCategory"
                                        ],
                                        "Estimated Cardinality": "1274409"
                                    },
                                    "cumulative_cardinality": 8681703,
                                    "operator_type": "PROJECTION",
                                    "operator_cardinality": 12288,
                                    "cumulative_rows_scanned": 17854919,
                                    "operator_rows_scanned": 0,
                                    "operator_timing": 0.000725907,
                                    "result_set_size": 1081344,
                                    "children": [
                                        {
                                            "operator_name": "PROJECTION",
                                            "cpu_time": 2.2380130709999992,
                                            "extra_info": {
                                                "Projections": [
                                                    "#0",
                                                    "#1",
                                                    "#2",
                                                    "#3",
                                                    "#4",
                                                    "#6",
                                                    "#7"
                                                ],
                                                "Estimated Cardinality": "1274409"
                                            },
                                            "cumulative_cardinality": 8669415,
                                            "operator_type": "PROJECTION",
                                            "operator_cardinality": 12288,
                                            "cumulative_rows_scanned": 17854919,
                                            "operator_rows_scanned": 0,
                                            "operator_timing": 0.000003825,
                                            "result_set_size": 983040,
                                            "children": [
                                                {
                                                    "operator_name": "FILTER",
                                                    "cpu_time": 2.2380092459999994,
                                                    "extra_info": {
                                                        "Expression": "(count(DISTINCT id) >= 1)",
                                                        "Estimated Cardinality": "1274409"
                                                    },
                                                    "cumulative_cardinality": 8657127,
                                                    "operator_type": "FILTER",
                                                    "operator_cardinality": 12288,
                                                    "cumulative_rows_scanned": 17854919,
                                                    "operator_rows_scanned": 0,
                                                    "operator_timing": 0.000034623000000000004,
                                                    "result_set_size": 1081344,
                                                    "children": [
                                                        {
                                                            "operator_name": "HASH_GROUP_BY",
                                                            "cpu_time": 2.2379746229999995,
                                                            "extra_info": {
                                                                "Groups": [
                                                                    "#0",
                                                                    "#1",
                                                                    "#2",
                                                                    "#3",
                                                                    "#4"
                                                                ],
                                                                "Aggregates": [
                                                                    "count(DISTINCT #5)",
                                                                    "avg(#6)",
                                                                    "avg(#7)"
                                                                ],
                                                                "Estimated Cardinality": "6372046"
                                                            },
                                                            "cumulative_cardinality": 8644839,
                                                            "operator_type": "HASH_GROUP_BY",
                                                            "operator_cardinality": 12288,
                                                            "cumulative_rows_scanned": 17854919,
                                                            "operator_rows_scanned": 0,
                                                            "operator_timing": 0.036613713,
                                                            "result_set_size": 1081344,
                                                            "children": [
                                                                {
                                                                    "operator_name": "PROJECTION",
                                                                    "cpu_time": 2.2013609099999996,
                                                                    "extra_info": {
                                                                        "Projections": [
                                                                            "displayname",
                                                                            "TotalPosts",
                                                                            "Questions",
                                                                            "Answers",
                                                                            "AverageScore",
                                                                            "id",
                                                                            "CASE  WHEN ((votetypeid = 2)) THEN (1) ELSE 0 END",
                                                                            "CASE  WHEN ((votetypeid = 3)) THEN (1) ELSE 0 END"
                                                                        ],
                                                                        "Estimated Cardinality": "12744093"
                                                                    },
                                                                    "cumulative_cardinality": 8632551,
                                                                    "operator_type": "PROJECTION",
                                                                    "operator_cardinality": 28850,
                                                                    "cumulative_rows_scanned": 17854919,
                                                                    "operator_rows_scanned": 0,
                                                                    "operator_timing": 0.000205093,
                                                                    "result_set_size": 2192600,
                                                                    "children": [
                                                                        {
                                                                            "operator_name": "PROJECTION",
                                                                            "cpu_time": 2.2011558169999996,
                                                                            "extra_info": {
                                                                                "Projections": [
                                                                                    "#0",
                                                                                    "#1",
                                                                                    "#2",
                                                                                    "#3",
                                                                                    "#4",
                                                                                    "__internal_compress_integral_usmallint(#5, 0)",
                                                                                    "#6",
                                                                                    "#7",
                                                                                    "#8",
                                                                                    "#9",
                                                                                    "#10",
                                                                                    "#11",
                                                                                    "#12",
                                                                                    "#13",
                                                                                    "#14",
                                                                                    "#15",
                                                                                    "#16",
                                                                                    "#17",
                                                                                    "#18",
                                                                                    "#19",
                                                                                    "#20",
                                                                                    "__internal_compress_integral_usmallint(#21, 0)",
                                                                                    "#22",
                                                                                    "#23"
                                                                                ],
                                                                                "Estimated Cardinality": "12744093"
                                                                            },
                                                                            "cumulative_cardinality": 8603701,
                                                                            "operator_type": "PROJECTION",
                                                                            "operator_cardinality": 28850,
                                                                            "cumulative_rows_scanned": 17854919,
                                                                            "operator_rows_scanned": 0,
                                                                            "operator_timing": 0.000102874,
                                                                            "result_set_size": 5596900,
                                                                            "children": [
                                                                                {
                                                                                    "operator_name": "CTE",
                                                                                    "cpu_time": 2.2010529429999997,
                                                                                    "extra_info": {
                                                                                        "CTE Name": "PostStats",
                                                                                        "Table Index": "0"
                                                                                    },
                                                                                    "cumulative_cardinality": 8574851,
                                                                                    "operator_type": "CTE",
                                                                                    "operator_cardinality": 0,
                                                                                    "cumulative_rows_scanned": 17854919,
                                                                                    "operator_rows_scanned": 0,
                                                                                    "operator_timing": 0.005083906,
                                                                                    "result_set_size": 0,
                                                                                    "children": [
                                                                                        {
                                                                                            "operator_name": "HASH_GROUP_BY",
                                                                                            "cpu_time": 0.2578146859999999,
                                                                                            "extra_info": {
                                                                                                "Groups": "#0",
                                                                                                "Aggregates": [
                                                                                                    "count_star()",
                                                                                                    "sum(#1)",
                                                                                                    "sum(#2)",
                                                                                                    "avg(#3)"
                                                                                                ],
                                                                                                "Estimated Cardinality": "1925058"
                                                                                            },
                                                                                            "cumulative_cardinality": 8071864,
                                                                                            "operator_type": "HASH_GROUP_BY",
                                                                                            "operator_cardinality": 371632,
                                                                                            "cumulative_rows_scanned": 3850116,
                                                                                            "operator_rows_scanned": 0,
                                                                                            "operator_timing": 0.15336369699999983,
                                                                                            "result_set_size": 19324864,
                                                                                            "children": [
                                                                                                {
                                                                                                    "operator_name": "PROJECTION",
                                                                                                    "cpu_time": 0.1044509890000001,
                                                                                                    "extra_info": {
                                                                                                        "Projections": [
                                                                                                            "owneruserid",
                                                                                                            "CASE  WHEN ((posttypeid = 1)) THEN (1) ELSE 0 END",
                                                                                                            "CASE  WHEN ((posttypeid = 2)) THEN (1) ELSE 0 END",
                                                                                                            "score"
                                                                                                        ],
                                                                                                        "Estimated Cardinality": "3850116"
                                                                                                    },
                                                                                                    "cumulative_cardinality": 7700232,
                                                                                                    "operator_type": "PROJECTION",
                                                                                                    "operator_cardinality": 3850116,
                                                                                                    "cumulative_rows_scanned": 3850116,
                                                                                                    "operator_rows_scanned": 0,
                                                                                                    "operator_timing": 0.0486022040000001,
                                                                                                    "result_set_size": 61601856,
                                                                                                    "children": [
                                                                                                        {
                                                                                                            "operator_name": "READ_PARQUET ",
                                                                                                            "cpu_time": 0.055848785000000005,
                                                                                                            "extra_info": {
                                                                                                                "Function": "READ_PARQUET",
                                                                                                                "Projections": [
                                                                                                                    "posttypeid",
                                                                                                                    "score",
                                                                                                                    "owneruserid"
                                                                                                                ],
                                                                                                                "Estimated Cardinality": "3850116"
                                                                                                            },
                                                                                                            "cumulative_cardinality": 3850116,
                                                                                                            "operator_type": "TABLE_SCAN",
                                                                                                            "operator_cardinality": 3850116,
                                                                                                            "cumulative_rows_scanned": 3850116,
                                                                                                            "operator_rows_scanned": 3850116,
                                                                                                            "operator_timing": 0.055848785000000005,
                                                                                                            "result_set_size": 38501160,
                                                                                                            "children": []
                                                                                                        }
                                                                                                    ]
                                                                                                }
                                                                                            ]
                                                                                        },
                                                                                        {
                                                                                            "operator_name": "PROJECTION",
                                                                                            "cpu_time": 1.9381543509999997,
                                                                                            "extra_info": {
                                                                                                "Projections": [
                                                                                                    "#0",
                                                                                                    "#1",
                                                                                                    "#2",
                                                                                                    "#3",
                                                                                                    "#4",
                                                                                                    "#5",
                                                                                                    "#6",
                                                                                                    "#7",
                                                                                                    "#8",
                                                                                                    "#9",
                                                                                                    "#10",
                                                                                                    "#11",
                                                                                                    "#12",
                                                                                                    "#13",
                                                                                                    "#14",
                                                                                                    "#15",
                                                                                                    "#16",
                                                                                                    "#17",
                                                                                                    "#18",
                                                                                                    "#19",
                                                                                                    "#20",
                                                                                                    "__internal_decompress_integral_integer(#21, 0)",
                                                                                                    "#22",
                                                                                                    "#23"
                                                                                                ],
                                                                                                "Estimated Cardinality": "12744093"
                                                                                            },
                                                                                            "cumulative_cardinality": 502987,
                                                                                            "operator_type": "PROJECTION",
                                                                                            "operator_cardinality": 28850,
                                                                                            "cumulative_rows_scanned": 14004803,
                                                                                            "operator_rows_scanned": 0,
                                                                                            "operator_timing": 0.000119954,
                                                                                            "result_set_size": 5712300,
                                                                                            "children": [
                                                                                                {
                                                                                                    "operator_name": "HASH_JOIN",
                                                                                                    "cpu_time": 1.9380343969999996,
                                                                                                    "extra_info": {
                                                                                                        "Join Type": "RIGHT",
                                                                                                        "Conditions": "userid = id",
                                                                                                        "Estimated Cardinality": "12744093"
                                                                                                    },
                                                                                                    "cumulative_cardinality": 474137,
                                                                                                    "operator_type": "HASH_JOIN",
                                                                                                    "operator_cardinality": 28850,
                                                                                                    "cumulative_rows_scanned": 14004803,
                                                                                                    "operator_rows_scanned": 0,
                                                                                                    "operator_timing": 0.10135635299999995,
                                                                                                    "result_set_size": 5654600,
                                                                                                    "children": [
                                                                                                        {
                                                                                                            "operator_name": "READ_PARQUET ",
                                                                                                            "cpu_time": 0.6811954249999984,
                                                                                                            "extra_info": {
                                                                                                                "Function": "READ_PARQUET",
                                                                                                                "Projections": [
                                                                                                                    "id",
                                                                                                                    "postid",
                                                                                                                    "votetypeid",
                                                                                                                    "userid",
                                                                                                                    "creationdate",
                                                                                                                    "bountyamount"
                                                                                                                ],
                                                                                                                "Estimated Cardinality": "12744093"
                                                                                                            },
                                                                                                            "cumulative_cardinality": 36791,
                                                                                                            "operator_type": "TABLE_SCAN",
                                                                                                            "operator_cardinality": 36791,
                                                                                                            "cumulative_rows_scanned": 12744093,
                                                                                                            "operator_rows_scanned": 12744093,
                                                                                                            "operator_timing": 0.6811954249999984,
                                                                                                            "result_set_size": 956566,
                                                                                                            "children": []
                                                                                                        },
                                                                                                        {
                                                                                                            "operator_name": "PROJECTION",
                                                                                                            "cpu_time": 1.1554826190000012,
                                                                                                            "extra_info": {
                                                                                                                "Projections": [
                                                                                                                    "#0",
                                                                                                                    "#1",
                                                                                                                    "#2",
                                                                                                                    "#3",
                                                                                                                    "#4",
                                                                                                                    "#5",
                                                                                                                    "#6",
                                                                                                                    "#7",
                                                                                                                    "#8",
                                                                                                                    "#9",
                                                                                                                    "#10",
                                                                                                                    "#11",
                                                                                                                    "#12",
                                                                                                                    "#13",
                                                                                                                    "#14",
                                                                                                                    "__internal_compress_integral_usmallint(#15, 0)",
                                                                                                                    "#16",
                                                                                                                    "#17"
                                                                                                                ],
                                                                                                                "Estimated Cardinality": "1925058"
                                                                                                            },
                                                                                                            "cumulative_cardinality": 408496,
                                                                                                            "operator_type": "PROJECTION",
                                                                                                            "operator_cardinality": 12288,
                                                                                                            "cumulative_rows_scanned": 1260710,
                                                                                                            "operator_rows_scanned": 0,
                                                                                                            "operator_timing": 0.00019460000000000004,
                                                                                                            "result_set_size": 2088960,
                                                                                                            "children": [
                                                                                                                {
                                                                                                                    "operator_name": "HASH_JOIN",
                                                                                                                    "cpu_time": 1.1552880190000012,
                                                                                                                    "extra_info": {
                                                                                                                        "Join Type": "RIGHT",
                                                                                                                        "Conditions": "owneruserid = id",
                                                                                                                        "Estimated Cardinality": "1925058"
                                                                                                                    },
                                                                                                                    "cumulative_cardinality": 396208,
                                                                                                                    "operator_type": "HASH_JOIN",
                                                                                                                    "operator_cardinality": 12288,
                                                                                                                    "cumulative_rows_scanned": 1260710,
                                                                                                                    "operator_rows_scanned": 0,
                                                                                                                    "operator_timing": 0.07649268600000007,
                                                                                                                    "result_set_size": 2113536,
                                                                                                                    "children": [
                                                                                                                        {
                                                                                                                            "operator_name": "CTE_SCAN",
                                                                                                                            "cpu_time": 0.0005131089999999997,
                                                                                                                            "extra_info": {
                                                                                                                                "CTE Index": "0",
                                                                                                                                "Estimated Cardinality": "1925058"
                                                                                                                            },
                                                                                                                            "cumulative_cardinality": 371632,
                                                                                                                            "operator_type": "CTE_SCAN",
                                                                                                                            "operator_cardinality": 371632,
                                                                                                                            "cumulative_rows_scanned": 0,
                                                                                                                            "operator_rows_scanned": 0,
                                                                                                                            "operator_timing": 0.0005131089999999997,
                                                                                                                            "result_set_size": 19324864,
                                                                                                                            "children": []
                                                                                                                        },
                                                                                                                        {
                                                                                                                            "operator_name": "READ_PARQUET ",
                                                                                                                            "cpu_time": 1.0782822240000012,
                                                                                                                            "extra_info": {
                                                                                                                                "Function": "READ_PARQUET",
                                                                                                                                "Projections": [
                                                                                                                                    "id",
                                                                                                                                    "reputation",
                                                                                                                                    "creationdate",
                                                                                                                                    "displayname",
                                                                                                                                    "lastaccessdate",
                                                                                                                                    "websiteurl",
                                                                                                                                    "location",
                                                                                                                                    "aboutme",
                                                                                                                                    "views",
                                                                                                                                    "upvotes",
                                                                                                                                    "downvotes",
                                                                                                                                    "profileimageurl",
                                                                                                                                    "accountid"
                                                                                                                                ],
                                                                                                                                "Filters": [
                                                                                                                                    "reputation>500",
                                                                                                                                    "lastaccessdate>'2023-10-01 12:34:56'::TIMESTAMP"
                                                                                                                                ],
                                                                                                                                "Estimated Cardinality": "252142"
                                                                                                                            },
                                                                                                                            "cumulative_cardinality": 12288,
                                                                                                                            "operator_type": "TABLE_SCAN",
                                                                                                                            "operator_cardinality": 12288,
                                                                                                                            "cumulative_rows_scanned": 1260710,
                                                                                                                            "operator_rows_scanned": 1260710,
                                                                                                                            "operator_timing": 1.0782822240000012,
                                                                                                                            "result_set_size": 1474560,
                                                                                                                            "children": []
                                                                                                                        }
                                                                                                                    ]
                                                                                                                }
                                                                                                            ]
                                                                                                        }
                                                                                                    ]
                                                                                                }
                                                                                            ]
                                                                                        }
                                                                                    ]
                                                                                }
                                                                            ]
                                                                        }
                                                                    ]
                                                                }
                                                            ]
                                                        }
                                                    ]
                                                }
                                            ]
                                        }
                                    ]
                                }
                            ]
                        }
                    ]
                }
            ]
        }
    ]
}