{
    "rows_returned": 10,
    "query_name": "WITH UserReputation AS (\n    SELECT u.Id AS UserId, u.DisplayName, u.Reputation, COUNT(b.Id) AS BadgeCount\n    FROM Users u\n    LEFT JOIN Badges b ON u.Id = b.UserId\n    GROUP BY u.Id, u.DisplayName, u.Reputation\n),\nPostStats AS (\n    SELECT p.OwnerUserId, COUNT(p.Id) AS PostCount, SUM(p.Score) AS TotalScore, \n           SUM(p.ViewCount) AS TotalViews, AVG(p.AnswerCount) AS AverageAnswers\n    FROM Posts p\n    WHERE p.CreationDate >= cast('2024-10-01 12:34:56' as timestamp) - INTERVAL '1 year'\n    GROUP BY p.OwnerUserId\n),\nCombinedStats AS (\n    SELECT ur.UserId, ur.DisplayName, ur.Reputation, ur.BadgeCount, \n           ps.PostCount, ps.TotalScore, ps.TotalViews, ps.AverageAnswers\n    FROM UserReputation ur\n    JOIN PostStats ps ON ur.UserId = ps.OwnerUserId\n)\nSELECT cs.DisplayName, cs.Reputation, cs.BadgeCount, cs.PostCount, cs.TotalScore, \n       cs.TotalViews, cs.AverageAnswers\nFROM CombinedStats cs\nORDER BY cs.Reputation DESC, cs.TotalScore DESC\nLIMIT 10;",
    "blocked_thread_time": 0.0,
    "cpu_time": 0.7825750310000001,
    "extra_info": {},
    "cumulative_cardinality": 14303385,
    "cumulative_rows_scanned": 7432550,
    "result_set_size": 760,
    "latency": 0.826448774,
    "children": [
        {
            "operator_name": "STREAMING_LIMIT",
            "cpu_time": 0.7825750310000001,
            "extra_info": {},
            "cumulative_cardinality": 14303385,
            "operator_type": "STREAMING_LIMIT",
            "operator_cardinality": 10,
            "cumulative_rows_scanned": 7432550,
            "operator_rows_scanned": 0,
            "operator_timing": 0.000001553,
            "result_set_size": 760,
            "children": [
                {
                    "operator_name": "ORDER_BY",
                    "cpu_time": 0.7825734780000001,
                    "extra_info": {
                        "Order By": [
                            "cs.Reputation DESC",
                            "cs.TotalScore DESC"
                        ]
                    },
                    "cumulative_cardinality": 14303375,
                    "operator_type": "ORDER_BY",
                    "operator_cardinality": 4096,
                    "cumulative_rows_scanned": 7432550,
                    "operator_rows_scanned": 0,
                    "operator_timing": 0.002044236,
                    "result_set_size": 311296,
                    "children": [
                        {
                            "operator_name": "HASH_JOIN",
                            "cpu_time": 0.7805292420000001,
                            "extra_info": {
                                "Join Type": "INNER",
                                "Conditions": "UserId = owneruserid",
                                "Estimated Cardinality": "385011"
                            },
                            "cumulative_cardinality": 14299279,
                            "operator_type": "HASH_JOIN",
                            "operator_cardinality": 32452,
                            "cumulative_rows_scanned": 7432550,
                            "operator_rows_scanned": 0,
                            "operator_timing": 0.021132789000000027,
                            "result_set_size": 2466352,
                            "children": [
                                {
                                    "operator_name": "HASH_GROUP_BY",
                                    "cpu_time": 0.7193630440000001,
                                    "extra_info": {
                                        "Groups": [
                                            "#0",
                                            "#1",
                                            "#2"
                                        ],
                                        "Aggregates": "count(#3)",
                                        "Estimated Cardinality": "1260710"
                                    },
                                    "cumulative_cardinality": 13943290,
                                    "operator_type": "HASH_GROUP_BY",
                                    "operator_cardinality": 1260679,
                                    "cumulative_rows_scanned": 3582434,
                                    "operator_rows_scanned": 0,
                                    "operator_timing": 0.35281904100000017,
                                    "result_set_size": 40341728,
                                    "children": [
                                        {
                                            "operator_name": "PROJECTION",
                                            "cpu_time": 0.36654400299999995,
                                            "extra_info": {
                                                "Projections": [
                                                    "id",
                                                    "displayname",
                                                    "reputation",
                                                    "id"
                                                ],
                                                "Estimated Cardinality": "2321724"
                                            },
                                            "cumulative_cardinality": 12682611,
                                            "operator_type": "PROJECTION",
                                            "operator_cardinality": 3033382,
                                            "cumulative_rows_scanned": 3582434,
                                            "operator_rows_scanned": 0,
                                            "operator_timing": 0.0004723780000000003,
                                            "result_set_size": 84934696,
                                            "children": [
                                                {
                                                    "operator_name": "FILTER",
                                                    "cpu_time": 0.36607162499999996,
                                                    "extra_info": {
                                                        "Expression": "(id <= 1416539)",
                                                        "Estimated Cardinality": "2321724"
                                                    },
                                                    "cumulative_cardinality": 9649229,
                                                    "operator_type": "FILTER",
                                                    "operator_cardinality": 3033382,
                                                    "cumulative_rows_scanned": 3582434,
                                                    "operator_rows_scanned": 0,
                                                    "operator_timing": 0.003815198000000002,
                                                    "result_set_size": 84934696,
                                                    "children": [
                                                        {
                                                            "operator_name": "HASH_JOIN",
                                                            "cpu_time": 0.36225642699999994,
                                                            "extra_info": {
                                                                "Join Type": "RIGHT",
                                                                "Conditions": "userid = id",
                                                                "Estimated Cardinality": "2321724"
                                                            },
                                                            "cumulative_cardinality": 6615847,
                                                            "operator_type": "HASH_JOIN",
                                                            "operator_cardinality": 3033413,
                                                            "cumulative_rows_scanned": 3582434,
                                                            "operator_rows_scanned": 0,
                                                            "operator_timing": 0.23040848299999997,
                                                            "result_set_size": 84935564,
                                                            "children": [
                                                                {
                                                                    "operator_name": "READ_PARQUET ",
                                                                    "cpu_time": 0.047952107000000015,
                                                                    "extra_info": {
                                                                        "Function": "READ_PARQUET",
                                                                        "Projections": [
                                                                            "id",
                                                                            "userid"
                                                                        ],
                                                                        "Estimated Cardinality": "2321724"
                                                                    },
                                                                    "cumulative_cardinality": 2321724,
                                                                    "operator_type": "TABLE_SCAN",
                                                                    "operator_cardinality": 2321724,
                                                                    "cumulative_rows_scanned": 2321724,
                                                                    "operator_rows_scanned": 2321724,
                                                                    "operator_timing": 0.047952107000000015,
                                                                    "result_set_size": 18573792,
                                                                    "children": []
                                                                },
                                                                {
                                                                    "operator_name": "READ_PARQUET ",
                                                                    "cpu_time": 0.08389583699999997,
                                                                    "extra_info": {
                                                                        "Function": "READ_PARQUET",
                                                                        "Projections": [
                                                                            "id",
                                                                            "reputation",
                                                                            "displayname"
                                                                        ],
                                                                        "Estimated Cardinality": "1260710"
                                                                    },
                                                                    "cumulative_cardinality": 1260710,
                                                                    "operator_type": "TABLE_SCAN",
                                                                    "operator_cardinality": 1260710,
                                                                    "cumulative_rows_scanned": 1260710,
                                                                    "operator_rows_scanned": 1260710,
                                                                    "operator_timing": 0.08389583699999997,
                                                                    "result_set_size": 30257040,
                                                                    "children": []
                                                                }
                                                            ]
                                                        }
                                                    ]
                                                }
                                            ]
                                        }
                                    ]
                                },
                                {
                                    "operator_name": "HASH_GROUP_BY",
                                    "cpu_time": 0.04003340900000002,
                                    "extra_info": {
                                        "Groups": "#0",
                                        "Aggregates": [
                                            "count_star()",
                                            "sum(#1)",
                                            "sum(#2)",
                                            "avg(#3)"
                                        ],
                                        "Estimated Cardinality": "385011"
                                    },
                                    "cumulative_cardinality": 323537,
                                    "operator_type": "HASH_GROUP_BY",
                                    "operator_cardinality": 32453,
                                    "cumulative_rows_scanned": 3850116,
                                    "operator_rows_scanned": 0,
                                    "operator_timing": 0.0071400249999999995,
                                    "result_set_size": 1687556,
                                    "children": [
                                        {
                                            "operator_name": "PROJECTION",
                                            "cpu_time": 0.03289338400000002,
                                            "extra_info": {
                                                "Projections": [
                                                    "owneruserid",
                                                    "score",
                                                    "viewcount",
                                                    "answercount"
                                                ],
                                                "Estimated Cardinality": "770023"
                                            },
                                            "cumulative_cardinality": 291084,
                                            "operator_type": "PROJECTION",
                                            "operator_cardinality": 145542,
                                            "cumulative_rows_scanned": 3850116,
                                            "operator_rows_scanned": 0,
                                            "operator_timing": 0.000020087999999999995,
                                            "result_set_size": 2328672,
                                            "children": [
                                                {
                                                    "operator_name": "READ_PARQUET ",
                                                    "cpu_time": 0.03287329600000002,
                                                    "extra_info": {
                                                        "Function": "READ_PARQUET",
                                                        "Projections": [
                                                            "id",
                                                            "score",
                                                            "viewcount",
                                                            "owneruserid",
                                                            "answercount"
                                                        ],
                                                        "Filters": "creationdate>='2023-10-01 12:34:56'::TIMESTAMP",
                                                        "Estimated Cardinality": "770023"
                                                    },
                                                    "cumulative_cardinality": 145542,
                                                    "operator_type": "TABLE_SCAN",
                                                    "operator_cardinality": 145542,
                                                    "cumulative_rows_scanned": 3850116,
                                                    "operator_rows_scanned": 3850116,
                                                    "operator_timing": 0.03287329600000002,
                                                    "result_set_size": 2910840,
                                                    "children": []
                                                }
                                            ]
                                        }
                                    ]
                                }
                            ]
                        }
                    ]
                }
            ]
        }
    ]
}