{
    "rows_returned": 15,
    "query_name": "WITH RecentPosts AS (\n    SELECT p.Id AS PostId, p.Title, p.CreationDate, p.OwnerUserId, p.Score, p.ViewCount, p.AnswerCount,\n           ROW_NUMBER() OVER (PARTITION BY p.OwnerUserId ORDER BY p.CreationDate DESC) AS rn\n    FROM Posts p\n    WHERE p.CreationDate > cast('2024-10-01 12:34:56' as timestamp) - INTERVAL '30 days'\n),\nUserReputation AS (\n    SELECT u.Id AS UserId, u.Reputation, COUNT(b.Id) AS BadgeCount\n    FROM Users u\n    LEFT JOIN Badges b ON u.Id = b.UserId\n    GROUP BY u.Id, u.Reputation\n),\nTopUsers AS (\n    SELECT ur.UserId, ur.Reputation, ur.BadgeCount, rp.PostId, rp.Title, rp.CreationDate\n    FROM UserReputation ur\n    JOIN RecentPosts rp ON ur.UserId = rp.OwnerUserId\n    WHERE ur.Reputation > 1000\n    ORDER BY ur.Reputation DESC\n    LIMIT 10\n)\nSELECT tu.UserId, u.DisplayName, tu.Reputation, tu.BadgeCount, tu.Title, tu.CreationDate, \n       p.Tags, v.VoteTypeId, COUNT(v.Id) AS VoteCount\nFROM TopUsers tu\nJOIN Users u ON tu.UserId = u.Id\nLEFT JOIN Posts p ON tu.PostId = p.Id\nLEFT JOIN Votes v ON p.Id = v.PostId\nGROUP BY tu.UserId, u.DisplayName, tu.Reputation, tu.BadgeCount, tu.Title, tu.CreationDate, p.Tags, v.VoteTypeId\nORDER BY tu.Reputation DESC, tu.CreationDate DESC;",
    "blocked_thread_time": 0.0,
    "cpu_time": 0.280066444,
    "extra_info": {},
    "cumulative_cardinality": 4304185,
    "cumulative_rows_scanned": 25287469,
    "result_set_size": 1230,
    "latency": 0.306727611,
    "children": [
        {
            "operator_name": "PROJECTION",
            "cpu_time": 0.280066444,
            "extra_info": {
                "Projections": [
                    "#0",
                    "#1",
                    "#2",
                    "#3",
                    "#4",
                    "#5",
                    "#6",
                    "__internal_decompress_integral_smallint(#7, 1)",
                    "#8"
                ],
                "Estimated Cardinality": "1260710"
            },
            "cumulative_cardinality": 4304185,
            "operator_type": "PROJECTION",
            "operator_cardinality": 15,
            "cumulative_rows_scanned": 25287469,
            "operator_rows_scanned": 0,
            "operator_timing": 0.000001232,
            "result_set_size": 1230,
            "children": [
                {
                    "operator_name": "ORDER_BY",
                    "cpu_time": 0.280065212,
                    "extra_info": {
                        "Order By": [
                            "tu.Reputation DESC",
                            "tu.CreationDate DESC"
                        ]
                    },
                    "cumulative_cardinality": 4304170,
                    "operator_type": "ORDER_BY",
                    "operator_cardinality": 15,
                    "cumulative_rows_scanned": 25287469,
                    "operator_rows_scanned": 0,
                    "operator_timing": 0.000049622999999999996,
                    "result_set_size": 1215,
                    "children": [
                        {
                            "operator_name": "PROJECTION",
                            "cpu_time": 0.280015589,
                            "extra_info": {
                                "Projections": [
                                    "#0",
                                    "#1",
                                    "#2",
                                    "#3",
                                    "#4",
                                    "#5",
                                    "#6",
                                    "__internal_compress_integral_utinyint(#7, 1)",
                                    "#8"
                                ],
                                "Estimated Cardinality": "1260710"
                            },
                            "cumulative_cardinality": 4304155,
                            "operator_type": "PROJECTION",
                            "operator_cardinality": 15,
                            "cumulative_rows_scanned": 25287469,
                            "operator_rows_scanned": 0,
                            "operator_timing": 9.42e-7,
                            "result_set_size": 1215,
                            "children": [
                                {
                                    "operator_name": "PROJECTION",
                                    "cpu_time": 0.280014647,
                                    "extra_info": {
                                        "Projections": [
                                            "#0",
                                            "#1",
                                            "#2",
                                            "#3",
                                            "#4",
                                            "#5",
                                            "#6",
                                            "__internal_decompress_integral_smallint(#7, 1)",
                                            "#8"
                                        ],
                                        "Estimated Cardinality": "1260710"
                                    },
                                    "cumulative_cardinality": 4304140,
                                    "operator_type": "PROJECTION",
                                    "operator_cardinality": 15,
                                    "cumulative_rows_scanned": 25287469,
                                    "operator_rows_scanned": 0,
                                    "operator_timing": 0.000001924,
                                    "result_set_size": 1230,
                                    "children": [
                                        {
                                            "operator_name": "HASH_GROUP_BY",
                                            "cpu_time": 0.280012723,
                                            "extra_info": {
                                                "Groups": [
                                                    "#0",
                                                    "#1",
                                                    "#2",
                                                    "#3",
                                                    "#4",
                                                    "#5",
                                                    "#6",
                                                    "#7"
                                                ],
                                                "Aggregates": "count(#8)",
                                                "Estimated Cardinality": "1260710"
                                            },
                                            "cumulative_cardinality": 4304125,
                                            "operator_type": "HASH_GROUP_BY",
                                            "operator_cardinality": 15,
                                            "cumulative_rows_scanned": 25287469,
                                            "operator_rows_scanned": 0,
                                            "operator_timing": 0.00027821,
                                            "result_set_size": 1215,
                                            "children": [
                                                {
                                                    "operator_name": "PROJECTION",
                                                    "cpu_time": 0.279734513,
                                                    "extra_info": {
                                                        "Projections": [
                                                            "UserId",
                                                            "displayname",
                                                            "reputation",
                                                            "BadgeCount",
                                                            "title",
                                                            "creationdate",
                                                            "tags",
                                                            "votetypeid",
                                                            "id"
                                                        ],
                                                        "Estimated Cardinality": "12744093"
                                                    },
                                                    "cumulative_cardinality": 4304110,
                                                    "operator_type": "PROJECTION",
                                                    "operator_cardinality": 26,
                                                    "cumulative_rows_scanned": 25287469,
                                                    "operator_rows_scanned": 0,
                                                    "operator_timing": 0.000002464,
                                                    "result_set_size": 2002,
                                                    "children": [
                                                        {
                                                            "operator_name": "PROJECTION",
                                                            "cpu_time": 0.27973204900000004,
                                                            "extra_info": {
                                                                "Projections": [
                                                                    "#0",
                                                                    "__internal_compress_integral_utinyint(#1, 1)",
                                                                    "#4",
                                                                    "#5",
                                                                    "#6",
                                                                    "#7",
                                                                    "#8",
                                                                    "#3",
                                                                    "#2"
                                                                ],
                                                                "Estimated Cardinality": "12744093"
                                                            },
                                                            "cumulative_cardinality": 4304084,
                                                            "operator_type": "PROJECTION",
                                                            "operator_cardinality": 26,
                                                            "cumulative_rows_scanned": 25287469,
                                                            "operator_rows_scanned": 0,
                                                            "operator_timing": 0.000007614,
                                                            "result_set_size": 2002,
                                                            "children": [
                                                                {
                                                                    "operator_name": "HASH_JOIN",
                                                                    "cpu_time": 0.27972443500000005,
                                                                    "extra_info": {
                                                                        "Join Type": "RIGHT",
                                                                        "Conditions": "postid = id",
                                                                        "Estimated Cardinality": "12744093"
                                                                    },
                                                                    "cumulative_cardinality": 4304058,
                                                                    "operator_type": "HASH_JOIN",
                                                                    "operator_cardinality": 26,
                                                                    "cumulative_rows_scanned": 25287469,
                                                                    "operator_rows_scanned": 0,
                                                                    "operator_timing": 0.0003370909999999999,
                                                                    "result_set_size": 2028,
                                                                    "children": [
                                                                        {
                                                                            "operator_name": "READ_PARQUET ",
                                                                            "cpu_time": 0.021185815000000007,
                                                                            "extra_info": {
                                                                                "Function": "READ_PARQUET",
                                                                                "Projections": [
                                                                                    "id",
                                                                                    "postid",
                                                                                    "votetypeid"
                                                                                ],
                                                                                "Estimated Cardinality": "12744093"
                                                                            },
                                                                            "cumulative_cardinality": 10935,
                                                                            "operator_type": "TABLE_SCAN",
                                                                            "operator_cardinality": 10935,
                                                                            "cumulative_rows_scanned": 12744093,
                                                                            "operator_rows_scanned": 12744093,
                                                                            "operator_timing": 0.021185815000000007,
                                                                            "result_set_size": 109350,
                                                                            "children": []
                                                                        },
                                                                        {
                                                                            "operator_name": "HASH_JOIN",
                                                                            "cpu_time": 0.25820152900000004,
                                                                            "extra_info": {
                                                                                "Join Type": "RIGHT",
                                                                                "Conditions": "id = PostId",
                                                                                "Estimated Cardinality": "3850116"
                                                                            },
                                                                            "cumulative_cardinality": 4293097,
                                                                            "operator_type": "HASH_JOIN",
                                                                            "operator_cardinality": 10,
                                                                            "cumulative_rows_scanned": 12543376,
                                                                            "operator_rows_scanned": 0,
                                                                            "operator_timing": 0.00023006,
                                                                            "result_set_size": 760,
                                                                            "children": [
                                                                                {
                                                                                    "operator_name": "READ_PARQUET ",
                                                                                    "cpu_time": 0.026091697999999997,
                                                                                    "extra_info": {
                                                                                        "Function": "READ_PARQUET",
                                                                                        "Projections": [
                                                                                            "id",
                                                                                            "tags"
                                                                                        ],
                                                                                        "Estimated Cardinality": "3850116"
                                                                                    },
                                                                                    "cumulative_cardinality": 3417,
                                                                                    "operator_type": "TABLE_SCAN",
                                                                                    "operator_cardinality": 3417,
                                                                                    "cumulative_rows_scanned": 3850116,
                                                                                    "operator_rows_scanned": 3850116,
                                                                                    "operator_timing": 0.026091697999999997,
                                                                                    "result_set_size": 68340,
                                                                                    "children": []
                                                                                },
                                                                                {
                                                                                    "operator_name": "HASH_JOIN",
                                                                                    "cpu_time": 0.23187977100000007,
                                                                                    "extra_info": {
                                                                                        "Join Type": "INNER",
                                                                                        "Conditions": "id = UserId",
                                                                                        "Estimated Cardinality": "10"
                                                                                    },
                                                                                    "cumulative_cardinality": 4289670,
                                                                                    "operator_type": "HASH_JOIN",
                                                                                    "operator_cardinality": 10,
                                                                                    "cumulative_rows_scanned": 8693260,
                                                                                    "operator_rows_scanned": 0,
                                                                                    "operator_timing": 0.000240418,
                                                                                    "result_set_size": 600,
                                                                                    "children": [
                                                                                        {
                                                                                            "operator_name": "READ_PARQUET ",
                                                                                            "cpu_time": 0.016037495,
                                                                                            "extra_info": {
                                                                                                "Function": "READ_PARQUET",
                                                                                                "Projections": [
                                                                                                    "id",
                                                                                                    "displayname"
                                                                                                ],
                                                                                                "Filters": "id<=1416539",
                                                                                                "Estimated Cardinality": "1260710"
                                                                                            },
                                                                                            "cumulative_cardinality": 2614,
                                                                                            "operator_type": "TABLE_SCAN",
                                                                                            "operator_cardinality": 2614,
                                                                                            "cumulative_rows_scanned": 1260710,
                                                                                            "operator_rows_scanned": 1260710,
                                                                                            "operator_timing": 0.016037495,
                                                                                            "result_set_size": 52280,
                                                                                            "children": []
                                                                                        },
                                                                                        {
                                                                                            "operator_name": "STREAMING_LIMIT",
                                                                                            "cpu_time": 0.21560185800000006,
                                                                                            "extra_info": {},
                                                                                            "cumulative_cardinality": 4287046,
                                                                                            "operator_type": "STREAMING_LIMIT",
                                                                                            "operator_cardinality": 10,
                                                                                            "cumulative_rows_scanned": 7432550,
                                                                                            "operator_rows_scanned": 0,
                                                                                            "operator_timing": 0.000002144,
                                                                                            "result_set_size": 440,
                                                                                            "children": [
                                                                                                {
                                                                                                    "operator_name": "ORDER_BY",
                                                                                                    "cpu_time": 0.21559971400000005,
                                                                                                    "extra_info": {
                                                                                                        "Order By": "ur.Reputation DESC"
                                                                                                    },
                                                                                                    "cumulative_cardinality": 4287036,
                                                                                                    "operator_type": "ORDER_BY",
                                                                                                    "operator_cardinality": 4096,
                                                                                                    "cumulative_rows_scanned": 7432550,
                                                                                                    "operator_rows_scanned": 0,
                                                                                                    "operator_timing": 0.000275354,
                                                                                                    "result_set_size": 180224,
                                                                                                    "children": [
                                                                                                        {
                                                                                                            "operator_name": "HASH_JOIN",
                                                                                                            "cpu_time": 0.21532436000000005,
                                                                                                            "extra_info": {
                                                                                                                "Join Type": "INNER",
                                                                                                                "Conditions": "UserId = owneruserid",
                                                                                                                "Estimated Cardinality": "770023"
                                                                                                            },
                                                                                                            "cumulative_cardinality": 4282940,
                                                                                                            "operator_type": "HASH_JOIN",
                                                                                                            "operator_cardinality": 4758,
                                                                                                            "cumulative_rows_scanned": 7432550,
                                                                                                            "operator_rows_scanned": 0,
                                                                                                            "operator_timing": 0.000918888,
                                                                                                            "result_set_size": 209352,
                                                                                                            "children": [
                                                                                                                {
                                                                                                                    "operator_name": "HASH_GROUP_BY",
                                                                                                                    "cpu_time": 0.10958325600000006,
                                                                                                                    "extra_info": {
                                                                                                                        "Groups": [
                                                                                                                            "#0",
                                                                                                                            "#1"
                                                                                                                        ],
                                                                                                                        "Aggregates": "count(#2)",
                                                                                                                        "Estimated Cardinality": "1260710"
                                                                                                                    },
                                                                                                                    "cumulative_cardinality": 4238474,
                                                                                                                    "operator_type": "HASH_GROUP_BY",
                                                                                                                    "operator_cardinality": 11215,
                                                                                                                    "cumulative_rows_scanned": 3582434,
                                                                                                                    "operator_rows_scanned": 0,
                                                                                                                    "operator_timing": 0.011835157000000002,
                                                                                                                    "result_set_size": 179440,
                                                                                                                    "children": [
                                                                                                                        {
                                                                                                                            "operator_name": "PROJECTION",
                                                                                                                            "cpu_time": 0.09774809900000006,
                                                                                                                            "extra_info": {
                                                                                                                                "Projections": [
                                                                                                                                    "id",
                                                                                                                                    "reputation",
                                                                                                                                    "id"
                                                                                                                                ],
                                                                                                                                "Estimated Cardinality": "2321724"
                                                                                                                            },
                                                                                                                            "cumulative_cardinality": 4227259,
                                                                                                                            "operator_type": "PROJECTION",
                                                                                                                            "operator_cardinality": 632948,
                                                                                                                            "cumulative_rows_scanned": 3582434,
                                                                                                                            "operator_rows_scanned": 0,
                                                                                                                            "operator_timing": 0.00015418699999999934,
                                                                                                                            "result_set_size": 7595376,
                                                                                                                            "children": [
                                                                                                                                {
                                                                                                                                    "operator_name": "FILTER",
                                                                                                                                    "cpu_time": 0.09759391200000006,
                                                                                                                                    "extra_info": {
                                                                                                                                        "Expression": "(id <= 1416539)",
                                                                                                                                        "Estimated Cardinality": "2321724"
                                                                                                                                    },
                                                                                                                                    "cumulative_cardinality": 3594311,
                                                                                                                                    "operator_type": "FILTER",
                                                                                                                                    "operator_cardinality": 632948,
                                                                                                                                    "cumulative_rows_scanned": 3582434,
                                                                                                                                    "operator_rows_scanned": 0,
                                                                                                                                    "operator_timing": 0.000994123000000001,
                                                                                                                                    "result_set_size": 7595376,
                                                                                                                                    "children": [
                                                                                                                                        {
                                                                                                                                            "operator_name": "HASH_JOIN",
                                                                                                                                            "cpu_time": 0.09659978900000006,
                                                                                                                                            "extra_info": {
                                                                                                                                                "Join Type": "RIGHT",
                                                                                                                                                "Conditions": "userid = id",
                                                                                                                                                "Estimated Cardinality": "2321724"
                                                                                                                                            },
                                                                                                                                            "cumulative_cardinality": 2961363,
                                                                                                                                            "operator_type": "HASH_JOIN",
                                                                                                                                            "operator_cardinality": 632948,
                                                                                                                                            "cumulative_rows_scanned": 3582434,
                                                                                                                                            "operator_rows_scanned": 0,
                                                                                                                                            "operator_timing": 0.03862549100000005,
                                                                                                                                            "result_set_size": 7595376,
                                                                                                                                            "children": [
                                                                                                                                                {
                                                                                                                                                    "operator_name": "READ_PARQUET ",
                                                                                                                                                    "cpu_time": 0.040231686000000016,
                                                                                                                                                    "extra_info": {
                                                                                                                                                        "Function": "READ_PARQUET",
                                                                                                                                                        "Projections": [
                                                                                                                                                            "id",
                                                                                                                                                            "userid"
                                                                                                                                                        ],
                                                                                                                                                        "Estimated Cardinality": "2321724"
                                                                                                                                                    },
                                                                                                                                                    "cumulative_cardinality": 2317200,
                                                                                                                                                    "operator_type": "TABLE_SCAN",
                                                                                                                                                    "operator_cardinality": 2317200,
                                                                                                                                                    "cumulative_rows_scanned": 2321724,
                                                                                                                                                    "operator_rows_scanned": 2321724,
                                                                                                                                                    "operator_timing": 0.040231686000000016,
                                                                                                                                                    "result_set_size": 18537600,
                                                                                                                                                    "children": []
                                                                                                                                                },
                                                                                                                                                {
                                                                                                                                                    "operator_name": "READ_PARQUET ",
                                                                                                                                                    "cpu_time": 0.017742611999999994,
                                                                                                                                                    "extra_info": {
                                                                                                                                                        "Function": "READ_PARQUET",
                                                                                                                                                        "Projections": [
                                                                                                                                                            "id",
                                                                                                                                                            "reputation"
                                                                                                                                                        ],
                                                                                                                                                        "Filters": "reputation>1000",
                                                                                                                                                        "Estimated Cardinality": "252142"
                                                                                                                                                    },
                                                                                                                                                    "cumulative_cardinality": 11215,
                                                                                                                                                    "operator_type": "TABLE_SCAN",
                                                                                                                                                    "operator_cardinality": 11215,
                                                                                                                                                    "cumulative_rows_scanned": 1260710,
                                                                                                                                                    "operator_rows_scanned": 1260710,
                                                                                                                                                    "operator_timing": 0.017742611999999994,
                                                                                                                                                    "result_set_size": 89720,
                                                                                                                                                    "children": []
                                                                                                                                                }
                                                                                                                                            ]
                                                                                                                                        }
                                                                                                                                    ]
                                                                                                                                }
                                                                                                                            ]
                                                                                                                        }
                                                                                                                    ]
                                                                                                                },
                                                                                                                {
                                                                                                                    "operator_name": "PROJECTION",
                                                                                                                    "cpu_time": 0.104822216,
                                                                                                                    "extra_info": {
                                                                                                                        "Projections": [
                                                                                                                            "PostId",
                                                                                                                            "title",
                                                                                                                            "creationdate",
                                                                                                                            "owneruserid"
                                                                                                                        ],
                                                                                                                        "Estimated Cardinality": "770023"
                                                                                                                    },
                                                                                                                    "cumulative_cardinality": 39708,
                                                                                                                    "operator_type": "PROJECTION",
                                                                                                                    "operator_cardinality": 9927,
                                                                                                                    "cumulative_rows_scanned": 3850116,
                                                                                                                    "operator_rows_scanned": 0,
                                                                                                                    "operator_timing": 0.0000026849999999999997,
                                                                                                                    "result_set_size": 317664,
                                                                                                                    "children": [
                                                                                                                        {
                                                                                                                            "operator_name": "PROJECTION",
                                                                                                                            "cpu_time": 0.104819531,
                                                                                                                            "extra_info": {
                                                                                                                                "Projections": [
                                                                                                                                    "#0",
                                                                                                                                    "#1",
                                                                                                                                    "#2",
                                                                                                                                    "#3",
                                                                                                                                    "#4"
                                                                                                                                ],
                                                                                                                                "Estimated Cardinality": "770023"
                                                                                                                            },
                                                                                                                            "cumulative_cardinality": 29781,
                                                                                                                            "operator_type": "PROJECTION",
                                                                                                                            "operator_cardinality": 9927,
                                                                                                                            "cumulative_rows_scanned": 3850116,
                                                                                                                            "operator_rows_scanned": 0,
                                                                                                                            "operator_timing": 0.0000039080000000000005,
                                                                                                                            "result_set_size": 397080,
                                                                                                                            "children": [
                                                                                                                                {
                                                                                                                                    "operator_name": "WINDOW",
                                                                                                                                    "cpu_time": 0.104815623,
                                                                                                                                    "extra_info": {
                                                                                                                                        "Projections": "ROW_NUMBER() OVER (PARTITION BY owneruserid ORDER BY creationdate DESC NULLS LAST)"
                                                                                                                                    },
                                                                                                                                    "cumulative_cardinality": 19854,
                                                                                                                                    "operator_type": "WINDOW",
                                                                                                                                    "operator_cardinality": 9927,
                                                                                                                                    "cumulative_rows_scanned": 3850116,
                                                                                                                                    "operator_rows_scanned": 0,
                                                                                                                                    "operator_timing": 0.003651473,
                                                                                                                                    "result_set_size": 397080,
                                                                                                                                    "children": [
                                                                                                                                        {
                                                                                                                                            "operator_name": "READ_PARQUET ",
                                                                                                                                            "cpu_time": 0.10116415,
                                                                                                                                            "extra_info": {
                                                                                                                                                "Function": "READ_PARQUET",
                                                                                                                                                "Projections": [
                                                                                                                                                    "id",
                                                                                                                                                    "creationdate",
                                                                                                                                                    "owneruserid",
                                                                                                                                                    "title"
                                                                                                                                                ],
                                                                                                                                                "Filters": "creationdate>'2024-09-01 12:34:56'::TIMESTAMP",
                                                                                                                                                "Estimated Cardinality": "770023"
                                                                                                                                            },
                                                                                                                                            "cumulative_cardinality": 9927,
                                                                                                                                            "operator_type": "TABLE_SCAN",
                                                                                                                                            "operator_cardinality": 9927,
                                                                                                                                            "cumulative_rows_scanned": 3850116,
                                                                                                                                            "operator_rows_scanned": 3850116,
                                                                                                                                            "operator_timing": 0.10116415,
                                                                                                                                            "result_set_size": 317664,
                                                                                                                                            "children": []
                                                                                                                                        }
                                                                                                                                    ]
                                                                                                                                }
                                                                                                                            ]
                                                                                                                        }
                                                                                                                    ]
                                                                                                                }
                                                                                                            ]
                                                                                                        }
                                                                                                    ]
                                                                                                }
                                                                                            ]
                                                                                        }
                                                                                    ]
                                                                                }
                                                                            ]
                                                                        }
                                                                    ]
                                                                }
                                                            ]
                                                        }
                                                    ]
                                                }
                                            ]
                                        }
                                    ]
                                }
                            ]
                        }
                    ]
                }
            ]
        }
    ]
}