{
    "rows_returned": 4957,
    "query_name": "SELECT \n    U.DisplayName AS UserDisplayName,\n    P.Title AS PostTitle,\n    PH.PostHistoryTypeId,\n    COUNT(PH.Id) AS EditCount,\n    SUM(CASE WHEN PH.PostHistoryTypeId IN (4, 5, 6) THEN 1 ELSE 0 END) AS TitleBodyTagEdits,\n    SUM(CASE WHEN PH.PostHistoryTypeId IN (10, 11, 12) THEN 1 ELSE 0 END) AS ClosureReopenCount,\n    AVG(EXTRACT(EPOCH FROM (cast('2024-10-01 12:34:56' as timestamp) - PH.CreationDate))) AS AverageTimeBetweenEdits\nFROM \n    Users U\nJOIN \n    Posts P ON U.Id = P.OwnerUserId\nJOIN \n    PostHistory PH ON P.Id = PH.PostId\nWHERE \n    PH.CreationDate >= cast('2024-10-01 12:34:56' as timestamp) - INTERVAL '1 year'\nGROUP BY \n    U.DisplayName, P.Title, PH.PostHistoryTypeId\nHAVING \n    COUNT(PH.Id) > 5\nORDER BY \n    EditCount DESC, UserDisplayName ASC;",
    "blocked_thread_time": 0.0,
    "cpu_time": 0.8005114560000002,
    "extra_info": {},
    "cumulative_cardinality": 8381509,
    "cumulative_rows_scanned": 16906070,
    "result_set_size": 406474,
    "latency": 0.853446243,
    "children": [
        {
            "operator_name": "PROJECTION",
            "cpu_time": 0.8005114560000002,
            "extra_info": {
                "Projections": [
                    "#0",
                    "#1",
                    "__internal_decompress_integral_smallint(#2, 1)",
                    "#3",
                    "#4",
                    "#5",
                    "#6"
                ],
                "Estimated Cardinality": "235904"
            },
            "cumulative_cardinality": 8381509,
            "operator_type": "PROJECTION",
            "operator_cardinality": 4957,
            "cumulative_rows_scanned": 16906070,
            "operator_rows_scanned": 0,
            "operator_timing": 0.000002904,
            "result_set_size": 406474,
            "children": [
                {
                    "operator_name": "ORDER_BY",
                    "cpu_time": 0.8005085520000002,
                    "extra_info": {
                        "Order By": [
                            "count(PH.Id) DESC",
                            "U.DisplayName ASC"
                        ]
                    },
                    "cumulative_cardinality": 8376552,
                    "operator_type": "ORDER_BY",
                    "operator_cardinality": 4957,
                    "cumulative_rows_scanned": 16906070,
                    "operator_rows_scanned": 0,
                    "operator_timing": 0.000699131,
                    "result_set_size": 401517,
                    "children": [
                        {
                            "operator_name": "PROJECTION",
                            "cpu_time": 0.7998094210000002,
                            "extra_info": {
                                "Projections": [
                                    "#0",
                                    "#1",
                                    "__internal_compress_integral_utinyint(#2, 1)",
                                    "#3",
                                    "#4",
                                    "#5",
                                    "#6"
                                ],
                                "Estimated Cardinality": "235904"
                            },
                            "cumulative_cardinality": 8371595,
                            "operator_type": "PROJECTION",
                            "operator_cardinality": 4957,
                            "cumulative_rows_scanned": 16906070,
                            "operator_rows_scanned": 0,
                            "operator_timing": 0.000018607,
                            "result_set_size": 401517,
                            "children": [
                                {
                                    "operator_name": "FILTER",
                                    "cpu_time": 0.7997908140000002,
                                    "extra_info": {
                                        "Expression": "(count(id) > 5)",
                                        "Estimated Cardinality": "235904"
                                    },
                                    "cumulative_cardinality": 8366638,
                                    "operator_type": "FILTER",
                                    "operator_cardinality": 4957,
                                    "cumulative_rows_scanned": 16906070,
                                    "operator_rows_scanned": 0,
                                    "operator_timing": 0.0011968940000000004,
                                    "result_set_size": 406474,
                                    "children": [
                                        {
                                            "operator_name": "HASH_GROUP_BY",
                                            "cpu_time": 0.7985939200000002,
                                            "extra_info": {
                                                "Groups": [
                                                    "#0",
                                                    "#1",
                                                    "#2"
                                                ],
                                                "Aggregates": [
                                                    "count_star()",
                                                    "sum(#3)",
                                                    "sum(#4)",
                                                    "avg(#5)"
                                                ],
                                                "Estimated Cardinality": "1179524"
                                            },
                                            "cumulative_cardinality": 8361681,
                                            "operator_type": "HASH_GROUP_BY",
                                            "operator_cardinality": 339716,
                                            "cumulative_rows_scanned": 16906070,
                                            "operator_rows_scanned": 0,
                                            "operator_timing": 0.08942558199999999,
                                            "result_set_size": 27856712,
                                            "children": [
                                                {
                                                    "operator_name": "PROJECTION",
                                                    "cpu_time": 0.7091683380000002,
                                                    "extra_info": {
                                                        "Projections": [
                                                            "displayname",
                                                            "title",
                                                            "posthistorytypeid",
                                                            "CASE  WHEN ((posthistorytypeid IN (4, 5, 6))) THEN (1) ELSE 0 END",
                                                            "CASE  WHEN ((posthistorytypeid IN (10, 11, 12))) THEN (1) ELSE 0 END",
                                                            "epoch(('2024-10-01 12:34:56'::TIMESTAMP - creationdate))"
                                                        ],
                                                        "Estimated Cardinality": "2359048"
                                                    },
                                                    "cumulative_cardinality": 8021965,
                                                    "operator_type": "PROJECTION",
                                                    "operator_cardinality": 509527,
                                                    "cumulative_rows_scanned": 16906070,
                                                    "operator_rows_scanned": 0,
                                                    "operator_timing": 0.020120588999999994,
                                                    "result_set_size": 25476350,
                                                    "children": [
                                                        {
                                                            "operator_name": "HASH_JOIN",
                                                            "cpu_time": 0.6890477490000002,
                                                            "extra_info": {
                                                                "Join Type": "INNER",
                                                                "Conditions": "owneruserid = id",
                                                                "Estimated Cardinality": "2359048"
                                                            },
                                                            "cumulative_cardinality": 7512438,
                                                            "operator_type": "HASH_JOIN",
                                                            "operator_cardinality": 509527,
                                                            "cumulative_rows_scanned": 16906070,
                                                            "operator_rows_scanned": 0,
                                                            "operator_timing": 0.10400415700000001,
                                                            "result_set_size": 21400134,
                                                            "children": [
                                                                {
                                                                    "operator_name": "PROJECTION",
                                                                    "cpu_time": 0.5029494050000002,
                                                                    "extra_info": {
                                                                        "Projections": [
                                                                            "#0",
                                                                            "#1",
                                                                            "#2",
                                                                            "__internal_decompress_integral_smallint(#3, 1)",
                                                                            "#4"
                                                                        ],
                                                                        "Estimated Cardinality": "2359048"
                                                                    },
                                                                    "cumulative_cardinality": 5742232,
                                                                    "operator_type": "PROJECTION",
                                                                    "operator_cardinality": 509527,
                                                                    "cumulative_rows_scanned": 15645360,
                                                                    "operator_rows_scanned": 0,
                                                                    "operator_timing": 0.0002896070000000001,
                                                                    "result_set_size": 17323918,
                                                                    "children": [
                                                                        {
                                                                            "operator_name": "HASH_JOIN",
                                                                            "cpu_time": 0.5026597980000002,
                                                                            "extra_info": {
                                                                                "Join Type": "INNER",
                                                                                "Conditions": "id = postid",
                                                                                "Estimated Cardinality": "2359048"
                                                                            },
                                                                            "cumulative_cardinality": 5232705,
                                                                            "operator_type": "HASH_JOIN",
                                                                            "operator_cardinality": 509527,
                                                                            "cumulative_rows_scanned": 15645360,
                                                                            "operator_rows_scanned": 0,
                                                                            "operator_timing": 0.08673905599999993,
                                                                            "result_set_size": 16814391,
                                                                            "children": [
                                                                                {
                                                                                    "operator_name": "READ_PARQUET ",
                                                                                    "cpu_time": 0.37482187500000025,
                                                                                    "extra_info": {
                                                                                        "Function": "READ_PARQUET",
                                                                                        "Projections": [
                                                                                            "id",
                                                                                            "owneruserid",
                                                                                            "title"
                                                                                        ],
                                                                                        "Estimated Cardinality": "3850116"
                                                                                    },
                                                                                    "cumulative_cardinality": 3685206,
                                                                                    "operator_type": "TABLE_SCAN",
                                                                                    "operator_cardinality": 3685206,
                                                                                    "cumulative_rows_scanned": 3850116,
                                                                                    "operator_rows_scanned": 3850116,
                                                                                    "operator_timing": 0.37482187500000025,
                                                                                    "result_set_size": 88444944,
                                                                                    "children": []
                                                                                },
                                                                                {
                                                                                    "operator_name": "PROJECTION",
                                                                                    "cpu_time": 0.04109886700000002,
                                                                                    "extra_info": {
                                                                                        "Projections": [
                                                                                            "#0",
                                                                                            "__internal_compress_integral_utinyint(#1, 1)",
                                                                                            "#2",
                                                                                            "#3"
                                                                                        ],
                                                                                        "Estimated Cardinality": "2359048"
                                                                                    },
                                                                                    "cumulative_cardinality": 1037972,
                                                                                    "operator_type": "PROJECTION",
                                                                                    "operator_cardinality": 518986,
                                                                                    "cumulative_rows_scanned": 11795244,
                                                                                    "operator_rows_scanned": 0,
                                                                                    "operator_timing": 0.000191873,
                                                                                    "result_set_size": 8822762,
                                                                                    "children": [
                                                                                        {
                                                                                            "operator_name": "READ_PARQUET ",
                                                                                            "cpu_time": 0.040906994000000016,
                                                                                            "extra_info": {
                                                                                                "Function": "READ_PARQUET",
                                                                                                "Projections": [
                                                                                                    "id",
                                                                                                    "posthistorytypeid",
                                                                                                    "postid",
                                                                                                    "creationdate"
                                                                                                ],
                                                                                                "Filters": "creationdate>='2023-10-01 12:34:56'::TIMESTAMP",
                                                                                                "Estimated Cardinality": "2359048"
                                                                                            },
                                                                                            "cumulative_cardinality": 518986,
                                                                                            "operator_type": "TABLE_SCAN",
                                                                                            "operator_cardinality": 518986,
                                                                                            "cumulative_rows_scanned": 11795244,
                                                                                            "operator_rows_scanned": 11795244,
                                                                                            "operator_timing": 0.040906994000000016,
                                                                                            "result_set_size": 9341748,
                                                                                            "children": []
                                                                                        }
                                                                                    ]
                                                                                }
                                                                            ]
                                                                        }
                                                                    ]
                                                                },
                                                                {
                                                                    "operator_name": "READ_PARQUET ",
                                                                    "cpu_time": 0.0820941870000001,
                                                                    "extra_info": {
                                                                        "Function": "READ_PARQUET",
                                                                        "Projections": [
                                                                            "id",
                                                                            "displayname"
                                                                        ],
                                                                        "Filters": "id<=1416539",
                                                                        "Estimated Cardinality": "1260710"
                                                                    },
                                                                    "cumulative_cardinality": 1260679,
                                                                    "operator_type": "TABLE_SCAN",
                                                                    "operator_cardinality": 1260679,
                                                                    "cumulative_rows_scanned": 1260710,
                                                                    "operator_rows_scanned": 1260710,
                                                                    "operator_timing": 0.0820941870000001,
                                                                    "result_set_size": 25213580,
                                                                    "children": []
                                                                }
                                                            ]
                                                        }
                                                    ]
                                                }
                                            ]
                                        }
                                    ]
                                }
                            ]
                        }
                    ]
                }
            ]
        }
    ]
}