{
    "rows_returned": 10,
    "query_name": "WITH UserBadgeCounts AS (\n    SELECT \n        u.Id AS UserId,\n        COUNT(b.Id) AS BadgeCount,\n        SUM(CASE WHEN b.Class = 1 THEN 1 ELSE 0 END) AS GoldCount,\n        SUM(CASE WHEN b.Class = 2 THEN 1 ELSE 0 END) AS SilverCount,\n        SUM(CASE WHEN b.Class = 3 THEN 1 ELSE 0 END) AS BronzeCount\n    FROM \n        Users u\n    LEFT JOIN \n        Badges b ON u.Id = b.UserId\n    GROUP BY \n        u.Id\n),\nPostVoteStats AS (\n    SELECT \n        p.OwnerUserId,\n        COUNT(v.Id) AS TotalVotes,\n        SUM(CASE WHEN v.VoteTypeId = 2 THEN 1 ELSE 0 END) AS UpVotes,\n        SUM(CASE WHEN v.VoteTypeId = 3 THEN 1 ELSE 0 END) AS DownVotes\n    FROM \n        Posts p\n    LEFT JOIN \n        Votes v ON p.Id = v.PostId\n    GROUP BY \n        p.OwnerUserId\n),\nPostStats AS (\n    SELECT \n        p.OwnerUserId,\n        COUNT(p.Id) AS TotalPosts,\n        SUM(CASE WHEN p.PostTypeId = 1 THEN 1 ELSE 0 END) AS QuestionCount,\n        SUM(CASE WHEN p.PostTypeId = 2 THEN 1 ELSE 0 END) AS AnswerCount,\n        AVG(p.Score) AS AvgScore\n    FROM \n        Posts p\n    GROUP BY \n        p.OwnerUserId\n)\nSELECT \n    u.DisplayName,\n    u.Reputation,\n    ub.BadgeCount,\n    ub.GoldCount,\n    ub.SilverCount,\n    ub.BronzeCount,\n    ps.TotalPosts,\n    ps.QuestionCount,\n    ps.AnswerCount,\n    pvs.TotalVotes,\n    pvs.UpVotes,\n    pvs.DownVotes,\n    COALESCE(pvs.TotalVotes, 0) + COALESCE(ps.QuestionCount * 2, 0) AS EngagementScore\nFROM \n    Users u\nLEFT JOIN \n    UserBadgeCounts ub ON u.Id = ub.UserId\nLEFT JOIN \n    PostStats ps ON u.Id = ps.OwnerUserId\nLEFT JOIN \n    PostVoteStats pvs ON u.Id = pvs.OwnerUserId\nWHERE \n    u.Reputation > 1000\nORDER BY \n    EngagementScore DESC,\n    u.Reputation DESC\nLIMIT 10;\n",
    "blocked_thread_time": 0.0,
    "cpu_time": 2.4438694349999968,
    "extra_info": {},
    "cumulative_cardinality": 58720268,
    "cumulative_rows_scanned": 25287469,
    "result_set_size": 1720,
    "latency": 2.645819199,
    "children": [
        {
            "operator_name": "STREAMING_LIMIT",
            "cpu_time": 2.4438694349999968,
            "extra_info": {},
            "cumulative_cardinality": 58720268,
            "operator_type": "STREAMING_LIMIT",
            "operator_cardinality": 10,
            "cumulative_rows_scanned": 25287469,
            "operator_rows_scanned": 0,
            "operator_timing": 0.000002565,
            "result_set_size": 1720,
            "children": [
                {
                    "operator_name": "ORDER_BY",
                    "cpu_time": 2.443866869999997,
                    "extra_info": {
                        "Order By": [
                            "(COALESCE(pvs.TotalVotes, 0) + COALESCE((ps.QuestionCount * 2), 0)) DESC",
                            "u.Reputation DESC"
                        ]
                    },
                    "cumulative_cardinality": 58720258,
                    "operator_type": "ORDER_BY",
                    "operator_cardinality": 4096,
                    "cumulative_rows_scanned": 25287469,
                    "operator_rows_scanned": 0,
                    "operator_timing": 0.0018620679999999997,
                    "result_set_size": 704512,
                    "children": [
                        {
                            "operator_name": "PROJECTION",
                            "cpu_time": 2.442004801999997,
                            "extra_info": {
                                "Projections": [
                                    "displayname",
                                    "reputation",
                                    "BadgeCount",
                                    "GoldCount",
                                    "SilverCount",
                                    "BronzeCount",
                                    "TotalPosts",
                                    "QuestionCount",
                                    "AnswerCount",
                                    "TotalVotes",
                                    "UpVotes",
                                    "DownVotes",
                                    "EngagementScore"
                                ],
                                "Estimated Cardinality": "3850116"
                            },
                            "cumulative_cardinality": 58716162,
                            "operator_type": "PROJECTION",
                            "operator_cardinality": 11215,
                            "cumulative_rows_scanned": 25287469,
                            "operator_rows_scanned": 0,
                            "operator_timing": 0.0011437200000000004,
                            "result_set_size": 1928980,
                            "children": [
                                {
                                    "operator_name": "HASH_JOIN",
                                    "cpu_time": 2.440861081999997,
                                    "extra_info": {
                                        "Join Type": "LEFT",
                                        "Conditions": "id = owneruserid",
                                        "Estimated Cardinality": "3850116"
                                    },
                                    "cumulative_cardinality": 58704947,
                                    "operator_type": "HASH_JOIN",
                                    "operator_cardinality": 11215,
                                    "cumulative_rows_scanned": 25287469,
                                    "operator_rows_scanned": 0,
                                    "operator_timing": 0.015829757000000003,
                                    "result_set_size": 1928980,
                                    "children": [
                                        {
                                            "operator_name": "HASH_JOIN",
                                            "cpu_time": 0.9704179650000002,
                                            "extra_info": {
                                                "Join Type": "RIGHT",
                                                "Conditions": "owneruserid = id",
                                                "Estimated Cardinality": "1925058"
                                            },
                                            "cumulative_cardinality": 19015479,
                                            "operator_type": "HASH_JOIN",
                                            "operator_cardinality": 11215,
                                            "cumulative_rows_scanned": 8693260,
                                            "operator_rows_scanned": 0,
                                            "operator_timing": 0.006176572000000005,
                                            "result_set_size": 1435520,
                                            "children": [
                                                {
                                                    "operator_name": "HASH_GROUP_BY",
                                                    "cpu_time": 0.24169372499999991,
                                                    "extra_info": {
                                                        "Groups": "#0",
                                                        "Aggregates": [
                                                            "count_star()",
                                                            "sum(#1)",
                                                            "sum(#2)"
                                                        ],
                                                        "Estimated Cardinality": "1925058"
                                                    },
                                                    "cumulative_cardinality": 8071864,
                                                    "operator_type": "HASH_GROUP_BY",
                                                    "operator_cardinality": 371632,
                                                    "cumulative_rows_scanned": 3850116,
                                                    "operator_rows_scanned": 0,
                                                    "operator_timing": 0.13508357299999973,
                                                    "result_set_size": 16351808,
                                                    "children": [
                                                        {
                                                            "operator_name": "PROJECTION",
                                                            "cpu_time": 0.10661015200000017,
                                                            "extra_info": {
                                                                "Projections": [
                                                                    "owneruserid",
                                                                    "CASE  WHEN ((posttypeid = 1)) THEN (1) ELSE 0 END",
                                                                    "CASE  WHEN ((posttypeid = 2)) THEN (1) ELSE 0 END"
                                                                ],
                                                                "Estimated Cardinality": "3850116"
                                                            },
                                                            "cumulative_cardinality": 7700232,
                                                            "operator_type": "PROJECTION",
                                                            "operator_cardinality": 3850116,
                                                            "cumulative_rows_scanned": 3850116,
                                                            "operator_rows_scanned": 0,
                                                            "operator_timing": 0.048473405000000094,
                                                            "result_set_size": 46201392,
                                                            "children": [
                                                                {
                                                                    "operator_name": "READ_PARQUET ",
                                                                    "cpu_time": 0.05813674700000007,
                                                                    "extra_info": {
                                                                        "Function": "READ_PARQUET",
                                                                        "Projections": [
                                                                            "id",
                                                                            "posttypeid",
                                                                            "owneruserid"
                                                                        ],
                                                                        "Estimated Cardinality": "3850116"
                                                                    },
                                                                    "cumulative_cardinality": 3850116,
                                                                    "operator_type": "TABLE_SCAN",
                                                                    "operator_cardinality": 3850116,
                                                                    "cumulative_rows_scanned": 3850116,
                                                                    "operator_rows_scanned": 3850116,
                                                                    "operator_timing": 0.05813674700000007,
                                                                    "result_set_size": 38501160,
                                                                    "children": []
                                                                }
                                                            ]
                                                        }
                                                    ]
                                                },
                                                {
                                                    "operator_name": "HASH_JOIN",
                                                    "cpu_time": 0.7225476680000004,
                                                    "extra_info": {
                                                        "Join Type": "RIGHT",
                                                        "Conditions": "UserId = id",
                                                        "Estimated Cardinality": "1260710"
                                                    },
                                                    "cumulative_cardinality": 10932400,
                                                    "operator_type": "HASH_JOIN",
                                                    "operator_cardinality": 11215,
                                                    "cumulative_rows_scanned": 4843144,
                                                    "operator_rows_scanned": 0,
                                                    "operator_timing": 0.016693151000000024,
                                                    "result_set_size": 942060,
                                                    "children": [
                                                        {
                                                            "operator_name": "HASH_GROUP_BY",
                                                            "cpu_time": 0.6542106880000004,
                                                            "extra_info": {
                                                                "Groups": "#0",
                                                                "Aggregates": [
                                                                    "count(#1)",
                                                                    "sum(#2)",
                                                                    "sum(#3)",
                                                                    "sum(#4)"
                                                                ],
                                                                "Estimated Cardinality": "1260710"
                                                            },
                                                            "cumulative_cardinality": 10909970,
                                                            "operator_type": "HASH_GROUP_BY",
                                                            "operator_cardinality": 1260710,
                                                            "cumulative_rows_scanned": 3582434,
                                                            "operator_rows_scanned": 0,
                                                            "operator_timing": 0.39141053400000014,
                                                            "result_set_size": 75642600,
                                                            "children": [
                                                                {
                                                                    "operator_name": "PROJECTION",
                                                                    "cpu_time": 0.26280015400000023,
                                                                    "extra_info": {
                                                                        "Projections": [
                                                                            "id",
                                                                            "id",
                                                                            "CASE  WHEN ((class = 1)) THEN (1) ELSE 0 END",
                                                                            "CASE  WHEN ((class = 2)) THEN (1) ELSE 0 END",
                                                                            "CASE  WHEN ((class = 3)) THEN (1) ELSE 0 END"
                                                                        ],
                                                                        "Estimated Cardinality": "2321724"
                                                                    },
                                                                    "cumulative_cardinality": 9649260,
                                                                    "operator_type": "PROJECTION",
                                                                    "operator_cardinality": 3033413,
                                                                    "cumulative_rows_scanned": 3582434,
                                                                    "operator_rows_scanned": 0,
                                                                    "operator_timing": 0.017214158000000028,
                                                                    "result_set_size": 60668260,
                                                                    "children": [
                                                                        {
                                                                            "operator_name": "HASH_JOIN",
                                                                            "cpu_time": 0.2455859960000002,
                                                                            "extra_info": {
                                                                                "Join Type": "RIGHT",
                                                                                "Conditions": "userid = id",
                                                                                "Estimated Cardinality": "2321724"
                                                                            },
                                                                            "cumulative_cardinality": 6615847,
                                                                            "operator_type": "HASH_JOIN",
                                                                            "operator_cardinality": 3033413,
                                                                            "cumulative_rows_scanned": 3582434,
                                                                            "operator_rows_scanned": 0,
                                                                            "operator_timing": 0.18189719500000012,
                                                                            "result_set_size": 30334130,
                                                                            "children": [
                                                                                {
                                                                                    "operator_name": "READ_PARQUET ",
                                                                                    "cpu_time": 0.05665442200000006,
                                                                                    "extra_info": {
                                                                                        "Function": "READ_PARQUET",
                                                                                        "Projections": [
                                                                                            "id",
                                                                                            "userid",
                                                                                            "class"
                                                                                        ],
                                                                                        "Estimated Cardinality": "2321724"
                                                                                    },
                                                                                    "cumulative_cardinality": 2321724,
                                                                                    "operator_type": "TABLE_SCAN",
                                                                                    "operator_cardinality": 2321724,
                                                                                    "cumulative_rows_scanned": 2321724,
                                                                                    "operator_rows_scanned": 2321724,
                                                                                    "operator_timing": 0.05665442200000006,
                                                                                    "result_set_size": 23217240,
                                                                                    "children": []
                                                                                },
                                                                                {
                                                                                    "operator_name": "READ_PARQUET ",
                                                                                    "cpu_time": 0.007034379000000013,
                                                                                    "extra_info": {
                                                                                        "Function": "READ_PARQUET",
                                                                                        "Projections": "id",
                                                                                        "Estimated Cardinality": "1260710"
                                                                                    },
                                                                                    "cumulative_cardinality": 1260710,
                                                                                    "operator_type": "TABLE_SCAN",
                                                                                    "operator_cardinality": 1260710,
                                                                                    "cumulative_rows_scanned": 1260710,
                                                                                    "operator_rows_scanned": 1260710,
                                                                                    "operator_timing": 0.007034379000000013,
                                                                                    "result_set_size": 5042840,
                                                                                    "children": []
                                                                                }
                                                                            ]
                                                                        }
                                                                    ]
                                                                }
                                                            ]
                                                        },
                                                        {
                                                            "operator_name": "READ_PARQUET ",
                                                            "cpu_time": 0.05164382899999996,
                                                            "extra_info": {
                                                                "Function": "READ_PARQUET",
                                                                "Projections": [
                                                                    "id",
                                                                    "reputation",
                                                                    "displayname"
                                                                ],
                                                                "Filters": "reputation>1000",
                                                                "Estimated Cardinality": "252142"
                                                            },
                                                            "cumulative_cardinality": 11215,
                                                            "operator_type": "TABLE_SCAN",
                                                            "operator_cardinality": 11215,
                                                            "cumulative_rows_scanned": 1260710,
                                                            "operator_rows_scanned": 1260710,
                                                            "operator_timing": 0.05164382899999996,
                                                            "result_set_size": 269160,
                                                            "children": []
                                                        }
                                                    ]
                                                }
                                            ]
                                        },
                                        {
                                            "operator_name": "HASH_GROUP_BY",
                                            "cpu_time": 1.4546133599999966,
                                            "extra_info": {
                                                "Groups": "#0",
                                                "Aggregates": [
                                                    "count(#1)",
                                                    "sum(#2)",
                                                    "sum(#3)"
                                                ],
                                                "Estimated Cardinality": "3850116"
                                            },
                                            "cumulative_cardinality": 39678253,
                                            "operator_type": "HASH_GROUP_BY",
                                            "operator_cardinality": 371632,
                                            "cumulative_rows_scanned": 16594209,
                                            "operator_rows_scanned": 0,
                                            "operator_timing": 0.3497675720000001,
                                            "result_set_size": 16351808,
                                            "children": [
                                                {
                                                    "operator_name": "PROJECTION",
                                                    "cpu_time": 1.1048457879999964,
                                                    "extra_info": {
                                                        "Projections": [
                                                            "owneruserid",
                                                            "id",
                                                            "CASE  WHEN ((votetypeid = 2)) THEN (1) ELSE 0 END",
                                                            "CASE  WHEN ((votetypeid = 3)) THEN (1) ELSE 0 END"
                                                        ],
                                                        "Estimated Cardinality": "12744093"
                                                    },
                                                    "cumulative_cardinality": 39306621,
                                                    "operator_type": "PROJECTION",
                                                    "operator_cardinality": 11356206,
                                                    "cumulative_rows_scanned": 16594209,
                                                    "operator_rows_scanned": 0,
                                                    "operator_timing": 0.07644433899999997,
                                                    "result_set_size": 181699296,
                                                    "children": [
                                                        {
                                                            "operator_name": "HASH_JOIN",
                                                            "cpu_time": 1.0284014489999964,
                                                            "extra_info": {
                                                                "Join Type": "RIGHT",
                                                                "Conditions": "postid = id",
                                                                "Estimated Cardinality": "12744093"
                                                            },
                                                            "cumulative_cardinality": 27950415,
                                                            "operator_type": "HASH_JOIN",
                                                            "operator_cardinality": 11356206,
                                                            "cumulative_rows_scanned": 16594209,
                                                            "operator_rows_scanned": 0,
                                                            "operator_timing": 0.6693730239999965,
                                                            "result_set_size": 113562060,
                                                            "children": [
                                                                {
                                                                    "operator_name": "READ_PARQUET ",
                                                                    "cpu_time": 0.314410241,
                                                                    "extra_info": {
                                                                        "Function": "READ_PARQUET",
                                                                        "Projections": [
                                                                            "id",
                                                                            "postid",
                                                                            "votetypeid"
                                                                        ],
                                                                        "Estimated Cardinality": "12744093"
                                                                    },
                                                                    "cumulative_cardinality": 12744093,
                                                                    "operator_type": "TABLE_SCAN",
                                                                    "operator_cardinality": 12744093,
                                                                    "cumulative_rows_scanned": 12744093,
                                                                    "operator_rows_scanned": 12744093,
                                                                    "operator_timing": 0.314410241,
                                                                    "result_set_size": 127440930,
                                                                    "children": []
                                                                },
                                                                {
                                                                    "operator_name": "READ_PARQUET ",
                                                                    "cpu_time": 0.04461818400000001,
                                                                    "extra_info": {
                                                                        "Function": "READ_PARQUET",
                                                                        "Projections": [
                                                                            "id",
                                                                            "owneruserid"
                                                                        ],
                                                                        "Estimated Cardinality": "3850116"
                                                                    },
                                                                    "cumulative_cardinality": 3850116,
                                                                    "operator_type": "TABLE_SCAN",
                                                                    "operator_cardinality": 3850116,
                                                                    "cumulative_rows_scanned": 3850116,
                                                                    "operator_rows_scanned": 3850116,
                                                                    "operator_timing": 0.04461818400000001,
                                                                    "result_set_size": 30800928,
                                                                    "children": []
                                                                }
                                                            ]
                                                        }
                                                    ]
                                                }
                                            ]
                                        }
                                    ]
                                }
                            ]
                        }
                    ]
                }
            ]
        }
    ]
}