{
    "rows_returned": 10,
    "query_name": "WITH UserBadgeCount AS (\n    SELECT \n        u.Id AS UserId,\n        COUNT(b.Id) AS BadgeCount,\n        SUM(CASE WHEN b.Class = 1 THEN 1 ELSE 0 END) AS GoldBadgeCount,\n        SUM(CASE WHEN b.Class = 2 THEN 1 ELSE 0 END) AS SilverBadgeCount,\n        SUM(CASE WHEN b.Class = 3 THEN 1 ELSE 0 END) AS BronzeBadgeCount\n    FROM Users u\n    LEFT JOIN Badges b ON u.Id = b.UserId\n    GROUP BY u.Id\n),\nActivePostStats AS (\n    SELECT \n        p.OwnerUserId,\n        COUNT(p.Id) AS TotalPosts,\n        COUNT(CASE WHEN p.PostTypeId = 1 THEN 1 END) AS Questions,\n        COUNT(CASE WHEN p.PostTypeId = 2 THEN 1 END) AS Answers,\n        SUM(p.Score) AS TotalScore,\n        SUM(p.ViewCount) AS TotalViews\n    FROM Posts p\n    WHERE p.CreationDate >= cast('2024-10-01 12:34:56' as timestamp) - INTERVAL '1 year'\n    GROUP BY p.OwnerUserId\n),\nUserPerformance AS (\n    SELECT \n        u.Id AS UserId,\n        u.DisplayName,\n        u.Reputation,\n        u.CreationDate,\n        u.LastAccessDate,\n        COALESCE(ubc.BadgeCount, 0) AS BadgeCount,\n        COALESCE(ubc.GoldBadgeCount, 0) AS GoldBadgeCount,\n        COALESCE(ubc.SilverBadgeCount, 0) AS SilverBadgeCount,\n        COALESCE(ubc.BronzeBadgeCount, 0) AS BronzeBadgeCount,\n        COALESCE(ps.TotalPosts, 0) AS TotalPosts,\n        COALESCE(ps.Questions, 0) AS Questions,\n        COALESCE(ps.Answers, 0) AS Answers,\n        COALESCE(ps.TotalScore, 0) AS TotalScore,\n        COALESCE(ps.TotalViews, 0) AS TotalViews\n    FROM Users u\n    LEFT JOIN UserBadgeCount ubc ON u.Id = ubc.UserId\n    LEFT JOIN ActivePostStats ps ON u.Id = ps.OwnerUserId\n)\nSELECT \n    UserId, \n    DisplayName, \n    Reputation, \n    CreationDate, \n    LastAccessDate, \n    BadgeCount, \n    GoldBadgeCount, \n    SilverBadgeCount, \n    BronzeBadgeCount, \n    TotalPosts, \n    Questions, \n    Answers, \n    TotalScore, \n    TotalViews\nFROM UserPerformance\nORDER BY TotalScore DESC, Reputation DESC\nLIMIT 10;",
    "blocked_thread_time": 0.0,
    "cpu_time": 1.241059797,
    "extra_info": {},
    "cumulative_cardinality": 16280453,
    "cumulative_rows_scanned": 8693260,
    "result_set_size": 1520,
    "latency": 1.644975089,
    "children": [
        {
            "operator_name": "STREAMING_LIMIT",
            "cpu_time": 1.241059797,
            "extra_info": {},
            "cumulative_cardinality": 16280453,
            "operator_type": "STREAMING_LIMIT",
            "operator_cardinality": 10,
            "cumulative_rows_scanned": 8693260,
            "operator_rows_scanned": 0,
            "operator_timing": 0.000005981,
            "result_set_size": 1520,
            "children": [
                {
                    "operator_name": "ORDER_BY",
                    "cpu_time": 1.241053816,
                    "extra_info": {
                        "Order By": [
                            "UserPerformance.TotalScore DESC",
                            "UserPerformance.Reputation DESC"
                        ]
                    },
                    "cumulative_cardinality": 16280443,
                    "operator_type": "ORDER_BY",
                    "operator_cardinality": 4096,
                    "cumulative_rows_scanned": 8693260,
                    "operator_rows_scanned": 0,
                    "operator_timing": 0.15623607500000009,
                    "result_set_size": 622592,
                    "children": [
                        {
                            "operator_name": "PROJECTION",
                            "cpu_time": 1.084817741,
                            "extra_info": {
                                "Projections": [
                                    "UserId",
                                    "displayname",
                                    "reputation",
                                    "creationdate",
                                    "lastaccessdate",
                                    "BadgeCount",
                                    "GoldBadgeCount",
                                    "SilverBadgeCount",
                                    "BronzeBadgeCount",
                                    "TotalPosts",
                                    "Questions",
                                    "Answers",
                                    "TotalScore",
                                    "TotalViews"
                                ],
                                "Estimated Cardinality": "1260710"
                            },
                            "cumulative_cardinality": 16276347,
                            "operator_type": "PROJECTION",
                            "operator_cardinality": 1260710,
                            "cumulative_rows_scanned": 8693260,
                            "operator_rows_scanned": 0,
                            "operator_timing": 0.061065509999999934,
                            "result_set_size": 191627920,
                            "children": [
                                {
                                    "operator_name": "HASH_JOIN",
                                    "cpu_time": 1.023752231,
                                    "extra_info": {
                                        "Join Type": "LEFT",
                                        "Conditions": "id = owneruserid",
                                        "Estimated Cardinality": "1260710"
                                    },
                                    "cumulative_cardinality": 15015637,
                                    "operator_type": "HASH_JOIN",
                                    "operator_cardinality": 1260710,
                                    "cumulative_rows_scanned": 8693260,
                                    "operator_rows_scanned": 0,
                                    "operator_timing": 0.03752280899999998,
                                    "result_set_size": 191627920,
                                    "children": [
                                        {
                                            "operator_name": "HASH_JOIN",
                                            "cpu_time": 0.946651265,
                                            "extra_info": {
                                                "Join Type": "RIGHT",
                                                "Conditions": "UserId = id",
                                                "Estimated Cardinality": "1260710"
                                            },
                                            "cumulative_cardinality": 13431390,
                                            "operator_type": "HASH_JOIN",
                                            "operator_cardinality": 1260710,
                                            "cumulative_rows_scanned": 4843144,
                                            "operator_rows_scanned": 0,
                                            "operator_timing": 0.1623876860000001,
                                            "result_set_size": 121028160,
                                            "children": [
                                                {
                                                    "operator_name": "HASH_GROUP_BY",
                                                    "cpu_time": 0.6683798979999998,
                                                    "extra_info": {
                                                        "Groups": "#0",
                                                        "Aggregates": [
                                                            "count(#1)",
                                                            "sum(#2)",
                                                            "sum(#3)",
                                                            "sum(#4)"
                                                        ],
                                                        "Estimated Cardinality": "1260710"
                                                    },
                                                    "cumulative_cardinality": 10909970,
                                                    "operator_type": "HASH_GROUP_BY",
                                                    "operator_cardinality": 1260710,
                                                    "cumulative_rows_scanned": 3582434,
                                                    "operator_rows_scanned": 0,
                                                    "operator_timing": 0.4057920830000001,
                                                    "result_set_size": 75642600,
                                                    "children": [
                                                        {
                                                            "operator_name": "PROJECTION",
                                                            "cpu_time": 0.2625878149999997,
                                                            "extra_info": {
                                                                "Projections": [
                                                                    "id",
                                                                    "id",
                                                                    "CASE  WHEN ((class = 1)) THEN (1) ELSE 0 END",
                                                                    "CASE  WHEN ((class = 2)) THEN (1) ELSE 0 END",
                                                                    "CASE  WHEN ((class = 3)) THEN (1) ELSE 0 END"
                                                                ],
                                                                "Estimated Cardinality": "2321724"
                                                            },
                                                            "cumulative_cardinality": 9649260,
                                                            "operator_type": "PROJECTION",
                                                            "operator_cardinality": 3033413,
                                                            "cumulative_rows_scanned": 3582434,
                                                            "operator_rows_scanned": 0,
                                                            "operator_timing": 0.016963162000000028,
                                                            "result_set_size": 60668260,
                                                            "children": [
                                                                {
                                                                    "operator_name": "HASH_JOIN",
                                                                    "cpu_time": 0.24562465299999972,
                                                                    "extra_info": {
                                                                        "Join Type": "RIGHT",
                                                                        "Conditions": "userid = id",
                                                                        "Estimated Cardinality": "2321724"
                                                                    },
                                                                    "cumulative_cardinality": 6615847,
                                                                    "operator_type": "HASH_JOIN",
                                                                    "operator_cardinality": 3033413,
                                                                    "cumulative_rows_scanned": 3582434,
                                                                    "operator_rows_scanned": 0,
                                                                    "operator_timing": 0.17135102399999985,
                                                                    "result_set_size": 30334130,
                                                                    "children": [
                                                                        {
                                                                            "operator_name": "READ_PARQUET ",
                                                                            "cpu_time": 0.06674374099999986,
                                                                            "extra_info": {
                                                                                "Function": "READ_PARQUET",
                                                                                "Projections": [
                                                                                    "id",
                                                                                    "userid",
                                                                                    "class"
                                                                                ],
                                                                                "Estimated Cardinality": "2321724"
                                                                            },
                                                                            "cumulative_cardinality": 2321724,
                                                                            "operator_type": "TABLE_SCAN",
                                                                            "operator_cardinality": 2321724,
                                                                            "cumulative_rows_scanned": 2321724,
                                                                            "operator_rows_scanned": 2321724,
                                                                            "operator_timing": 0.06674374099999986,
                                                                            "result_set_size": 23217240,
                                                                            "children": []
                                                                        },
                                                                        {
                                                                            "operator_name": "READ_PARQUET ",
                                                                            "cpu_time": 0.0075298880000000115,
                                                                            "extra_info": {
                                                                                "Function": "READ_PARQUET",
                                                                                "Projections": "id",
                                                                                "Estimated Cardinality": "1260710"
                                                                            },
                                                                            "cumulative_cardinality": 1260710,
                                                                            "operator_type": "TABLE_SCAN",
                                                                            "operator_cardinality": 1260710,
                                                                            "cumulative_rows_scanned": 1260710,
                                                                            "operator_rows_scanned": 1260710,
                                                                            "operator_timing": 0.0075298880000000115,
                                                                            "result_set_size": 5042840,
                                                                            "children": []
                                                                        }
                                                                    ]
                                                                }
                                                            ]
                                                        }
                                                    ]
                                                },
                                                {
                                                    "operator_name": "READ_PARQUET ",
                                                    "cpu_time": 0.1158836810000001,
                                                    "extra_info": {
                                                        "Function": "READ_PARQUET",
                                                        "Projections": [
                                                            "id",
                                                            "reputation",
                                                            "creationdate",
                                                            "displayname",
                                                            "lastaccessdate"
                                                        ],
                                                        "Estimated Cardinality": "1260710"
                                                    },
                                                    "cumulative_cardinality": 1260710,
                                                    "operator_type": "TABLE_SCAN",
                                                    "operator_cardinality": 1260710,
                                                    "cumulative_rows_scanned": 1260710,
                                                    "operator_rows_scanned": 1260710,
                                                    "operator_timing": 0.1158836810000001,
                                                    "result_set_size": 50428400,
                                                    "children": []
                                                }
                                            ]
                                        },
                                        {
                                            "operator_name": "HASH_GROUP_BY",
                                            "cpu_time": 0.03957815700000002,
                                            "extra_info": {
                                                "Groups": "#0",
                                                "Aggregates": [
                                                    "count_star()",
                                                    "count(#1)",
                                                    "count(#2)",
                                                    "sum(#3)",
                                                    "sum(#4)"
                                                ],
                                                "Estimated Cardinality": "385011"
                                            },
                                            "cumulative_cardinality": 323537,
                                            "operator_type": "HASH_GROUP_BY",
                                            "operator_cardinality": 32453,
                                            "cumulative_rows_scanned": 3850116,
                                            "operator_rows_scanned": 0,
                                            "operator_timing": 0.006978184000000002,
                                            "result_set_size": 1947180,
                                            "children": [
                                                {
                                                    "operator_name": "PROJECTION",
                                                    "cpu_time": 0.03259997300000001,
                                                    "extra_info": {
                                                        "Projections": [
                                                            "owneruserid",
                                                            "CASE  WHEN ((posttypeid = 1)) THEN (1) ELSE NULL END",
                                                            "CASE  WHEN ((posttypeid = 2)) THEN (1) ELSE NULL END",
                                                            "score",
                                                            "viewcount"
                                                        ],
                                                        "Estimated Cardinality": "770023"
                                                    },
                                                    "cumulative_cardinality": 291084,
                                                    "operator_type": "PROJECTION",
                                                    "operator_cardinality": 145542,
                                                    "cumulative_rows_scanned": 3850116,
                                                    "operator_rows_scanned": 0,
                                                    "operator_timing": 0.0020682829999999998,
                                                    "result_set_size": 2910840,
                                                    "children": [
                                                        {
                                                            "operator_name": "READ_PARQUET ",
                                                            "cpu_time": 0.030531690000000014,
                                                            "extra_info": {
                                                                "Function": "READ_PARQUET",
                                                                "Projections": [
                                                                    "id",
                                                                    "posttypeid",
                                                                    "score",
                                                                    "viewcount",
                                                                    "owneruserid"
                                                                ],
                                                                "Filters": "creationdate>='2023-10-01 12:34:56'::TIMESTAMP",
                                                                "Estimated Cardinality": "770023"
                                                            },
                                                            "cumulative_cardinality": 145542,
                                                            "operator_type": "TABLE_SCAN",
                                                            "operator_cardinality": 145542,
                                                            "cumulative_rows_scanned": 3850116,
                                                            "operator_rows_scanned": 3850116,
                                                            "operator_timing": 0.030531690000000014,
                                                            "result_set_size": 2619756,
                                                            "children": []
                                                        }
                                                    ]
                                                }
                                            ]
                                        }
                                    ]
                                }
                            ]
                        }
                    ]
                }
            ]
        }
    ]
}