{
    "rows_returned": 10,
    "query_name": "WITH UserActivity AS (\n    SELECT \n        U.Id AS UserId,\n        U.DisplayName,\n        U.Reputation,\n        COUNT(DISTINCT P.Id) AS PostCount,\n        SUM(CASE WHEN P.PostTypeId = 2 THEN 1 ELSE 0 END) AS AnswerCount,\n        SUM(CASE WHEN P.ClosedDate IS NOT NULL THEN 1 ELSE 0 END) AS ClosedPostCount\n    FROM \n        Users U\n    LEFT JOIN \n        Posts P ON U.Id = P.OwnerUserId\n    GROUP BY \n        U.Id, U.DisplayName, U.Reputation\n),\nTopUsers AS (\n    SELECT \n        UserId,\n        DisplayName,\n        Reputation,\n        PostCount,\n        AnswerCount,\n        ClosedPostCount,\n        RANK() OVER (ORDER BY Reputation DESC) AS ReputationRank\n    FROM \n        UserActivity\n),\nUserBadges AS (\n    SELECT \n        UB.UserId,\n        COUNT(UB.Id) AS BadgeCount\n    FROM \n        Badges UB\n    GROUP BY \n        UB.UserId\n),\nUserMetrics AS (\n    SELECT \n        TU.UserId,\n        TU.DisplayName,\n        TU.Reputation,\n        TU.PostCount,\n        TU.AnswerCount,\n        TU.ClosedPostCount,\n        UB.BadgeCount,\n        (TU.Reputation + COALESCE(UB.BadgeCount, 0) * 10) AS MetricScore\n    FROM \n        TopUsers TU\n    LEFT JOIN \n        UserBadges UB ON TU.UserId = UB.UserId\n)\nSELECT \n    UM.UserId,\n    UM.DisplayName,\n    UM.Reputation,\n    UM.PostCount,\n    UM.AnswerCount,\n    UM.ClosedPostCount,\n    UM.BadgeCount,\n    UM.MetricScore\nFROM \n    UserMetrics UM\nWHERE \n    UM.MetricScore > 100\nORDER BY \n    UM.MetricScore DESC\nLIMIT 10;\n",
    "blocked_thread_time": 0.0,
    "cpu_time": 2.162784743,
    "extra_info": {},
    "cumulative_cardinality": 26040277,
    "cumulative_rows_scanned": 7432550,
    "result_set_size": 800,
    "latency": 3.24871715,
    "children": [
        {
            "operator_name": "STREAMING_LIMIT",
            "cpu_time": 2.162784743,
            "extra_info": {},
            "cumulative_cardinality": 26040277,
            "operator_type": "STREAMING_LIMIT",
            "operator_cardinality": 10,
            "cumulative_rows_scanned": 7432550,
            "operator_rows_scanned": 0,
            "operator_timing": 0.000004789,
            "result_set_size": 800,
            "children": [
                {
                    "operator_name": "ORDER_BY",
                    "cpu_time": 2.162779954,
                    "extra_info": {
                        "Order By": "UM.MetricScore DESC"
                    },
                    "cumulative_cardinality": 26040267,
                    "operator_type": "ORDER_BY",
                    "operator_cardinality": 4096,
                    "cumulative_rows_scanned": 7432550,
                    "operator_rows_scanned": 0,
                    "operator_timing": 0.014139482999999996,
                    "result_set_size": 327680,
                    "children": [
                        {
                            "operator_name": "PROJECTION",
                            "cpu_time": 2.1486404709999998,
                            "extra_info": {
                                "Projections": [
                                    "UserId",
                                    "displayname",
                                    "reputation",
                                    "PostCount",
                                    "AnswerCount",
                                    "ClosedPostCount",
                                    "BadgeCount",
                                    "MetricScore"
                                ],
                                "Estimated Cardinality": "252142"
                            },
                            "cumulative_cardinality": 26036171,
                            "operator_type": "PROJECTION",
                            "operator_cardinality": 222518,
                            "cumulative_rows_scanned": 7432550,
                            "operator_rows_scanned": 0,
                            "operator_timing": 0.004032053,
                            "result_set_size": 17801440,
                            "children": [
                                {
                                    "operator_name": "FILTER",
                                    "cpu_time": 2.144608418,
                                    "extra_info": {
                                        "Expression": "((CAST(reputation AS BIGINT) + (COALESCE(BadgeCount, 0) * 10)) > 100)",
                                        "Estimated Cardinality": "252142"
                                    },
                                    "cumulative_cardinality": 25813653,
                                    "operator_type": "FILTER",
                                    "operator_cardinality": 222518,
                                    "cumulative_rows_scanned": 7432550,
                                    "operator_rows_scanned": 0,
                                    "operator_timing": 0.027006499000000028,
                                    "result_set_size": 16021296,
                                    "children": [
                                        {
                                            "operator_name": "HASH_JOIN",
                                            "cpu_time": 2.1176019189999997,
                                            "extra_info": {
                                                "Join Type": "LEFT",
                                                "Conditions": "UserId = userid",
                                                "Estimated Cardinality": "1260710"
                                            },
                                            "cumulative_cardinality": 25591135,
                                            "operator_type": "HASH_JOIN",
                                            "operator_cardinality": 1260710,
                                            "cumulative_rows_scanned": 7432550,
                                            "operator_rows_scanned": 0,
                                            "operator_timing": 0.065496575,
                                            "result_set_size": 90771120,
                                            "children": [
                                                {
                                                    "operator_name": "PROJECTION",
                                                    "cpu_time": 1.9649504829999995,
                                                    "extra_info": {
                                                        "Projections": [
                                                            "UserId",
                                                            "displayname",
                                                            "reputation",
                                                            "PostCount",
                                                            "AnswerCount",
                                                            "ClosedPostCount"
                                                        ],
                                                        "Estimated Cardinality": "1260710"
                                                    },
                                                    "cumulative_cardinality": 19137956,
                                                    "operator_type": "PROJECTION",
                                                    "operator_cardinality": 1260710,
                                                    "cumulative_rows_scanned": 5110826,
                                                    "operator_rows_scanned": 0,
                                                    "operator_timing": 0.00023102299999999928,
                                                    "result_set_size": 80685440,
                                                    "children": [
                                                        {
                                                            "operator_name": "PROJECTION",
                                                            "cpu_time": 1.9647194599999995,
                                                            "extra_info": {
                                                                "Projections": [
                                                                    "#0",
                                                                    "#1",
                                                                    "#2",
                                                                    "#3",
                                                                    "#4",
                                                                    "#5",
                                                                    "#6"
                                                                ],
                                                                "Estimated Cardinality": "1260710"
                                                            },
                                                            "cumulative_cardinality": 17877246,
                                                            "operator_type": "PROJECTION",
                                                            "operator_cardinality": 1260710,
                                                            "cumulative_rows_scanned": 5110826,
                                                            "operator_rows_scanned": 0,
                                                            "operator_timing": 0.000309015999999999,
                                                            "result_set_size": 90771120,
                                                            "children": [
                                                                {
                                                                    "operator_name": "WINDOW",
                                                                    "cpu_time": 1.9644104439999994,
                                                                    "extra_info": {
                                                                        "Projections": "RANK() OVER (ORDER BY reputation DESC NULLS LAST)"
                                                                    },
                                                                    "cumulative_cardinality": 16616536,
                                                                    "operator_type": "WINDOW",
                                                                    "operator_cardinality": 1260710,
                                                                    "cumulative_rows_scanned": 5110826,
                                                                    "operator_rows_scanned": 0,
                                                                    "operator_timing": 0.12369757500000006,
                                                                    "result_set_size": 90771120,
                                                                    "children": [
                                                                        {
                                                                            "operator_name": "HASH_GROUP_BY",
                                                                            "cpu_time": 1.8407128689999994,
                                                                            "extra_info": {
                                                                                "Groups": [
                                                                                    "#0",
                                                                                    "#1",
                                                                                    "#2"
                                                                                ],
                                                                                "Aggregates": [
                                                                                    "count(DISTINCT #3)",
                                                                                    "sum(#4)",
                                                                                    "sum(#5)"
                                                                                ],
                                                                                "Estimated Cardinality": "1260710"
                                                                            },
                                                                            "cumulative_cardinality": 15355826,
                                                                            "operator_type": "HASH_GROUP_BY",
                                                                            "operator_cardinality": 1260710,
                                                                            "cumulative_rows_scanned": 5110826,
                                                                            "operator_rows_scanned": 0,
                                                                            "operator_timing": 1.3183590069999989,
                                                                            "result_set_size": 80685440,
                                                                            "children": [
                                                                                {
                                                                                    "operator_name": "PROJECTION",
                                                                                    "cpu_time": 0.5223538620000007,
                                                                                    "extra_info": {
                                                                                        "Projections": [
                                                                                            "id",
                                                                                            "displayname",
                                                                                            "reputation",
                                                                                            "id",
                                                                                            "CASE  WHEN ((posttypeid = 2)) THEN (1) ELSE 0 END",
                                                                                            "CASE  WHEN ((closeddate IS NOT NULL)) THEN (1) ELSE 0 END"
                                                                                        ],
                                                                                        "Estimated Cardinality": "3850116"
                                                                                    },
                                                                                    "cumulative_cardinality": 14095116,
                                                                                    "operator_type": "PROJECTION",
                                                                                    "operator_cardinality": 4574495,
                                                                                    "cumulative_rows_scanned": 5110826,
                                                                                    "operator_rows_scanned": 0,
                                                                                    "operator_timing": 0.037301715,
                                                                                    "result_set_size": 164681820,
                                                                                    "children": [
                                                                                        {
                                                                                            "operator_name": "HASH_JOIN",
                                                                                            "cpu_time": 0.48505214700000066,
                                                                                            "extra_info": {
                                                                                                "Join Type": "RIGHT",
                                                                                                "Conditions": "owneruserid = id",
                                                                                                "Estimated Cardinality": "3850116"
                                                                                            },
                                                                                            "cumulative_cardinality": 9520621,
                                                                                            "operator_type": "HASH_JOIN",
                                                                                            "operator_cardinality": 4574495,
                                                                                            "cumulative_rows_scanned": 5110826,
                                                                                            "operator_rows_scanned": 0,
                                                                                            "operator_timing": 0.27493987700000044,
                                                                                            "result_set_size": 173830810,
                                                                                            "children": [
                                                                                                {
                                                                                                    "operator_name": "READ_PARQUET ",
                                                                                                    "cpu_time": 0.12438241900000022,
                                                                                                    "extra_info": {
                                                                                                        "Function": "READ_PARQUET",
                                                                                                        "Projections": [
                                                                                                            "id",
                                                                                                            "posttypeid",
                                                                                                            "owneruserid",
                                                                                                            "closeddate"
                                                                                                        ],
                                                                                                        "Estimated Cardinality": "3850116"
                                                                                                    },
                                                                                                    "cumulative_cardinality": 3685416,
                                                                                                    "operator_type": "TABLE_SCAN",
                                                                                                    "operator_cardinality": 3685416,
                                                                                                    "cumulative_rows_scanned": 3850116,
                                                                                                    "operator_rows_scanned": 3850116,
                                                                                                    "operator_timing": 0.12438241900000022,
                                                                                                    "result_set_size": 66337488,
                                                                                                    "children": []
                                                                                                },
                                                                                                {
                                                                                                    "operator_name": "READ_PARQUET ",
                                                                                                    "cpu_time": 0.08572985099999997,
                                                                                                    "extra_info": {
                                                                                                        "Function": "READ_PARQUET",
                                                                                                        "Projections": [
                                                                                                            "id",
                                                                                                            "reputation",
                                                                                                            "displayname"
                                                                                                        ],
                                                                                                        "Estimated Cardinality": "1260710"
                                                                                                    },
                                                                                                    "cumulative_cardinality": 1260710,
                                                                                                    "operator_type": "TABLE_SCAN",
                                                                                                    "operator_cardinality": 1260710,
                                                                                                    "cumulative_rows_scanned": 1260710,
                                                                                                    "operator_rows_scanned": 1260710,
                                                                                                    "operator_timing": 0.08572985099999997,
                                                                                                    "result_set_size": 30257040,
                                                                                                    "children": []
                                                                                                }
                                                                                            ]
                                                                                        }
                                                                                    ]
                                                                                }
                                                                            ]
                                                                        }
                                                                    ]
                                                                }
                                                            ]
                                                        }
                                                    ]
                                                },
                                                {
                                                    "operator_name": "HASH_GROUP_BY",
                                                    "cpu_time": 0.08715486099999999,
                                                    "extra_info": {
                                                        "Groups": "#0",
                                                        "Aggregates": "count_star()",
                                                        "Estimated Cardinality": "1160862"
                                                    },
                                                    "cumulative_cardinality": 5192469,
                                                    "operator_type": "HASH_GROUP_BY",
                                                    "operator_cardinality": 549021,
                                                    "cumulative_rows_scanned": 2321724,
                                                    "operator_rows_scanned": 0,
                                                    "operator_timing": 0.06183972499999998,
                                                    "result_set_size": 6588252,
                                                    "children": [
                                                        {
                                                            "operator_name": "PROJECTION",
                                                            "cpu_time": 0.025315136000000005,
                                                            "extra_info": {
                                                                "Projections": "userid",
                                                                "Estimated Cardinality": "2321724"
                                                            },
                                                            "cumulative_cardinality": 4643448,
                                                            "operator_type": "PROJECTION",
                                                            "operator_cardinality": 2321724,
                                                            "cumulative_rows_scanned": 2321724,
                                                            "operator_rows_scanned": 0,
                                                            "operator_timing": 0.00017835399999999928,
                                                            "result_set_size": 9286896,
                                                            "children": [
                                                                {
                                                                    "operator_name": "READ_PARQUET ",
                                                                    "cpu_time": 0.025136782000000007,
                                                                    "extra_info": {
                                                                        "Function": "READ_PARQUET",
                                                                        "Projections": [
                                                                            "id",
                                                                            "userid"
                                                                        ],
                                                                        "Estimated Cardinality": "2321724"
                                                                    },
                                                                    "cumulative_cardinality": 2321724,
                                                                    "operator_type": "TABLE_SCAN",
                                                                    "operator_cardinality": 2321724,
                                                                    "cumulative_rows_scanned": 2321724,
                                                                    "operator_rows_scanned": 2321724,
                                                                    "operator_timing": 0.025136782000000007,
                                                                    "result_set_size": 18573792,
                                                                    "children": []
                                                                }
                                                            ]
                                                        }
                                                    ]
                                                }
                                            ]
                                        }
                                    ]
                                }
                            ]
                        }
                    ]
                }
            ]
        }
    ]
}