{
    "rows_returned": 10,
    "query_name": "WITH UserStats AS (\n    SELECT \n        U.Id AS UserId,\n        U.DisplayName,\n        U.Reputation,\n        U.Views,\n        U.UpVotes,\n        U.DownVotes,\n        COUNT(DISTINCT P.Id) AS PostCount,\n        SUM(CASE WHEN P.PostTypeId = 1 THEN 1 ELSE 0 END) AS QuestionCount,\n        SUM(CASE WHEN P.PostTypeId = 2 THEN 1 ELSE 0 END) AS AnswerCount,\n        SUM(CASE WHEN P.ClosedDate IS NOT NULL THEN 1 ELSE 0 END) AS ClosedPostCount\n    FROM \n        Users U\n    LEFT JOIN \n        Posts P ON U.Id = P.OwnerUserId\n    WHERE \n        U.Reputation > 1000\n    GROUP BY \n        U.Id, U.DisplayName, U.Reputation, U.Views, U.UpVotes, U.DownVotes\n),\nTopBadges AS (\n    SELECT \n        B.UserId,\n        COUNT(*) AS BadgeCount\n    FROM \n        Badges B\n    WHERE \n        B.Class = 1  \n    GROUP BY \n        B.UserId\n),\nPostHistoryCounts AS (\n    SELECT \n        PH.UserId,\n        COUNT(*) AS EditCount\n    FROM \n        PostHistory PH\n    WHERE \n        PH.PostHistoryTypeId IN (4, 5, 6)  \n    GROUP BY \n        PH.UserId\n),\nFinalStats AS (\n    SELECT \n        US.UserId,\n        US.DisplayName,\n        US.Reputation,\n        US.Views,\n        US.UpVotes,\n        US.DownVotes,\n        US.PostCount,\n        US.QuestionCount,\n        US.AnswerCount,\n        US.ClosedPostCount,\n        COALESCE(TB.BadgeCount, 0) AS GoldBadgeCount,\n        COALESCE(PHC.EditCount, 0) AS EditCount\n    FROM \n        UserStats US\n    LEFT JOIN \n        TopBadges TB ON US.UserId = TB.UserId\n    LEFT JOIN \n        PostHistoryCounts PHC ON US.UserId = PHC.UserId\n)\nSELECT \n    UserId,\n    DisplayName,\n    Reputation,\n    Views,\n    UpVotes,\n    DownVotes,\n    PostCount,\n    QuestionCount,\n    AnswerCount,\n    ClosedPostCount,\n    GoldBadgeCount,\n    EditCount\nFROM \n    FinalStats\nORDER BY \n    Reputation DESC, PostCount DESC\nLIMIT 10;",
    "blocked_thread_time": 0.0,
    "cpu_time": 1.1877414130000001,
    "extra_info": {},
    "cumulative_cardinality": 18888489,
    "cumulative_rows_scanned": 19227794,
    "result_set_size": 1080,
    "latency": 1.674186735,
    "children": [
        {
            "operator_name": "STREAMING_LIMIT",
            "cpu_time": 1.1877414130000001,
            "extra_info": {},
            "cumulative_cardinality": 18888489,
            "operator_type": "STREAMING_LIMIT",
            "operator_cardinality": 10,
            "cumulative_rows_scanned": 19227794,
            "operator_rows_scanned": 0,
            "operator_timing": 0.000002676,
            "result_set_size": 1080,
            "children": [
                {
                    "operator_name": "PROJECTION",
                    "cpu_time": 1.187738737,
                    "extra_info": {
                        "Projections": [
                            "#0",
                            "#1",
                            "#2",
                            "#3",
                            "#4",
                            "__internal_decompress_integral_integer(#5, 0)",
                            "#6",
                            "#7",
                            "#8",
                            "#9",
                            "#10",
                            "#11"
                        ],
                        "Estimated Cardinality": "1260710"
                    },
                    "cumulative_cardinality": 18888479,
                    "operator_type": "PROJECTION",
                    "operator_cardinality": 4096,
                    "cumulative_rows_scanned": 19227794,
                    "operator_rows_scanned": 0,
                    "operator_timing": 0.000004137,
                    "result_set_size": 442368,
                    "children": [
                        {
                            "operator_name": "ORDER_BY",
                            "cpu_time": 1.1877346000000002,
                            "extra_info": {
                                "Order By": [
                                    "FinalStats.Reputation DESC",
                                    "FinalStats.PostCount DESC"
                                ]
                            },
                            "cumulative_cardinality": 18884383,
                            "operator_type": "ORDER_BY",
                            "operator_cardinality": 4096,
                            "cumulative_rows_scanned": 19227794,
                            "operator_rows_scanned": 0,
                            "operator_timing": 0.00098464,
                            "result_set_size": 434176,
                            "children": [
                                {
                                    "operator_name": "PROJECTION",
                                    "cpu_time": 1.1867499600000002,
                                    "extra_info": {
                                        "Projections": [
                                            "#0",
                                            "#1",
                                            "#2",
                                            "#3",
                                            "#4",
                                            "__internal_compress_integral_usmallint(#5, 0)",
                                            "#6",
                                            "#7",
                                            "#8",
                                            "#9",
                                            "#10",
                                            "#11"
                                        ],
                                        "Estimated Cardinality": "1260710"
                                    },
                                    "cumulative_cardinality": 18880287,
                                    "operator_type": "PROJECTION",
                                    "operator_cardinality": 11215,
                                    "cumulative_rows_scanned": 19227794,
                                    "operator_rows_scanned": 0,
                                    "operator_timing": 0.000032118,
                                    "result_set_size": 1188790,
                                    "children": [
                                        {
                                            "operator_name": "PROJECTION",
                                            "cpu_time": 1.1867178420000002,
                                            "extra_info": {
                                                "Projections": [
                                                    "UserId",
                                                    "displayname",
                                                    "reputation",
                                                    "views",
                                                    "upvotes",
                                                    "downvotes",
                                                    "PostCount",
                                                    "QuestionCount",
                                                    "AnswerCount",
                                                    "ClosedPostCount",
                                                    "GoldBadgeCount",
                                                    "EditCount"
                                                ],
                                                "Estimated Cardinality": "1260710"
                                            },
                                            "cumulative_cardinality": 18869072,
                                            "operator_type": "PROJECTION",
                                            "operator_cardinality": 11215,
                                            "cumulative_rows_scanned": 19227794,
                                            "operator_rows_scanned": 0,
                                            "operator_timing": 0.00032801400000000006,
                                            "result_set_size": 1211220,
                                            "children": [
                                                {
                                                    "operator_name": "HASH_JOIN",
                                                    "cpu_time": 1.1863898280000003,
                                                    "extra_info": {
                                                        "Join Type": "LEFT",
                                                        "Conditions": "UserId = userid",
                                                        "Estimated Cardinality": "1260710"
                                                    },
                                                    "cumulative_cardinality": 18857857,
                                                    "operator_type": "HASH_JOIN",
                                                    "operator_cardinality": 11215,
                                                    "cumulative_rows_scanned": 19227794,
                                                    "operator_rows_scanned": 0,
                                                    "operator_timing": 0.006008421,
                                                    "result_set_size": 1211220,
                                                    "children": [
                                                        {
                                                            "operator_name": "HASH_JOIN",
                                                            "cpu_time": 0.811336727,
                                                            "extra_info": {
                                                                "Join Type": "LEFT",
                                                                "Conditions": "UserId = userid",
                                                                "Estimated Cardinality": "1260710"
                                                            },
                                                            "cumulative_cardinality": 11000672,
                                                            "operator_type": "HASH_JOIN",
                                                            "operator_cardinality": 11215,
                                                            "cumulative_rows_scanned": 7432550,
                                                            "operator_rows_scanned": 0,
                                                            "operator_timing": 0.001366668,
                                                            "result_set_size": 1121500,
                                                            "children": [
                                                                {
                                                                    "operator_name": "PROJECTION",
                                                                    "cpu_time": 0.795687334,
                                                                    "extra_info": {
                                                                        "Projections": [
                                                                            "#0",
                                                                            "#1",
                                                                            "#2",
                                                                            "#3",
                                                                            "#4",
                                                                            "__internal_decompress_integral_integer(#5, 0)",
                                                                            "#6",
                                                                            "#7",
                                                                            "#8",
                                                                            "#9"
                                                                        ],
                                                                        "Estimated Cardinality": "1260710"
                                                                    },
                                                                    "cumulative_cardinality": 10906476,
                                                                    "operator_type": "PROJECTION",
                                                                    "operator_cardinality": 11215,
                                                                    "cumulative_rows_scanned": 5110826,
                                                                    "operator_rows_scanned": 0,
                                                                    "operator_timing": 0.000022232,
                                                                    "result_set_size": 1031780,
                                                                    "children": [
                                                                        {
                                                                            "operator_name": "HASH_GROUP_BY",
                                                                            "cpu_time": 0.7956651020000001,
                                                                            "extra_info": {
                                                                                "Groups": [
                                                                                    "#0",
                                                                                    "#1",
                                                                                    "#2",
                                                                                    "#3",
                                                                                    "#4",
                                                                                    "#5"
                                                                                ],
                                                                                "Aggregates": [
                                                                                    "count(DISTINCT #6)",
                                                                                    "sum(#7)",
                                                                                    "sum(#8)",
                                                                                    "sum(#9)"
                                                                                ],
                                                                                "Estimated Cardinality": "1260710"
                                                                            },
                                                                            "cumulative_cardinality": 10895261,
                                                                            "operator_type": "HASH_GROUP_BY",
                                                                            "operator_cardinality": 11215,
                                                                            "cumulative_rows_scanned": 5110826,
                                                                            "operator_rows_scanned": 0,
                                                                            "operator_timing": 0.45413859500000037,
                                                                            "result_set_size": 1009350,
                                                                            "children": [
                                                                                {
                                                                                    "operator_name": "PROJECTION",
                                                                                    "cpu_time": 0.3415265069999997,
                                                                                    "extra_info": {
                                                                                        "Projections": [
                                                                                            "id",
                                                                                            "displayname",
                                                                                            "reputation",
                                                                                            "views",
                                                                                            "upvotes",
                                                                                            "downvotes",
                                                                                            "id",
                                                                                            "CASE  WHEN ((posttypeid = 1)) THEN (1) ELSE 0 END",
                                                                                            "CASE  WHEN ((posttypeid = 2)) THEN (1) ELSE 0 END",
                                                                                            "CASE  WHEN ((closeddate IS NOT NULL)) THEN (1) ELSE 0 END"
                                                                                        ],
                                                                                        "Estimated Cardinality": "3850116"
                                                                                    },
                                                                                    "cumulative_cardinality": 10884046,
                                                                                    "operator_type": "PROJECTION",
                                                                                    "operator_cardinality": 2396486,
                                                                                    "cumulative_rows_scanned": 5110826,
                                                                                    "operator_rows_scanned": 0,
                                                                                    "operator_timing": 0.03389269100000001,
                                                                                    "result_set_size": 119824300,
                                                                                    "children": [
                                                                                        {
                                                                                            "operator_name": "PROJECTION",
                                                                                            "cpu_time": 0.30763381599999967,
                                                                                            "extra_info": {
                                                                                                "Projections": [
                                                                                                    "#0",
                                                                                                    "#1",
                                                                                                    "#2",
                                                                                                    "#3",
                                                                                                    "#4",
                                                                                                    "#5",
                                                                                                    "#6",
                                                                                                    "#7",
                                                                                                    "__internal_compress_integral_usmallint(#8, 0)"
                                                                                                ],
                                                                                                "Estimated Cardinality": "3850116"
                                                                                            },
                                                                                            "cumulative_cardinality": 8487560,
                                                                                            "operator_type": "PROJECTION",
                                                                                            "operator_cardinality": 2396486,
                                                                                            "cumulative_rows_scanned": 5110826,
                                                                                            "operator_rows_scanned": 0,
                                                                                            "operator_timing": 0.002285955000000005,
                                                                                            "result_set_size": 115031328,
                                                                                            "children": [
                                                                                                {
                                                                                                    "operator_name": "HASH_JOIN",
                                                                                                    "cpu_time": 0.30534786099999967,
                                                                                                    "extra_info": {
                                                                                                        "Join Type": "RIGHT",
                                                                                                        "Conditions": "owneruserid = id",
                                                                                                        "Estimated Cardinality": "3850116"
                                                                                                    },
                                                                                                    "cumulative_cardinality": 6091074,
                                                                                                    "operator_type": "HASH_JOIN",
                                                                                                    "operator_cardinality": 2396486,
                                                                                                    "cumulative_rows_scanned": 5110826,
                                                                                                    "operator_rows_scanned": 0,
                                                                                                    "operator_timing": 0.10976572399999984,
                                                                                                    "result_set_size": 119824300,
                                                                                                    "children": [
                                                                                                        {
                                                                                                            "operator_name": "READ_PARQUET ",
                                                                                                            "cpu_time": 0.1260323099999998,
                                                                                                            "extra_info": {
                                                                                                                "Function": "READ_PARQUET",
                                                                                                                "Projections": [
                                                                                                                    "id",
                                                                                                                    "posttypeid",
                                                                                                                    "owneruserid",
                                                                                                                    "closeddate"
                                                                                                                ],
                                                                                                                "Estimated Cardinality": "3850116"
                                                                                                            },
                                                                                                            "cumulative_cardinality": 3683373,
                                                                                                            "operator_type": "TABLE_SCAN",
                                                                                                            "operator_cardinality": 3683373,
                                                                                                            "cumulative_rows_scanned": 3850116,
                                                                                                            "operator_rows_scanned": 3850116,
                                                                                                            "operator_timing": 0.1260323099999998,
                                                                                                            "result_set_size": 66300714,
                                                                                                            "children": []
                                                                                                        },
                                                                                                        {
                                                                                                            "operator_name": "READ_PARQUET ",
                                                                                                            "cpu_time": 0.06954982700000004,
                                                                                                            "extra_info": {
                                                                                                                "Function": "READ_PARQUET",
                                                                                                                "Projections": [
                                                                                                                    "id",
                                                                                                                    "reputation",
                                                                                                                    "displayname",
                                                                                                                    "views",
                                                                                                                    "upvotes",
                                                                                                                    "downvotes"
                                                                                                                ],
                                                                                                                "Filters": "reputation>1000",
                                                                                                                "Estimated Cardinality": "252142"
                                                                                                            },
                                                                                                            "cumulative_cardinality": 11215,
                                                                                                            "operator_type": "TABLE_SCAN",
                                                                                                            "operator_cardinality": 11215,
                                                                                                            "cumulative_rows_scanned": 1260710,
                                                                                                            "operator_rows_scanned": 1260710,
                                                                                                            "operator_timing": 0.06954982700000004,
                                                                                                            "result_set_size": 403740,
                                                                                                            "children": []
                                                                                                        }
                                                                                                    ]
                                                                                                }
                                                                                            ]
                                                                                        }
                                                                                    ]
                                                                                }
                                                                            ]
                                                                        }
                                                                    ]
                                                                },
                                                                {
                                                                    "operator_name": "HASH_GROUP_BY",
                                                                    "cpu_time": 0.014282724999999996,
                                                                    "extra_info": {
                                                                        "Groups": "#0",
                                                                        "Aggregates": "count_star()",
                                                                        "Estimated Cardinality": "232172"
                                                                    },
                                                                    "cumulative_cardinality": 82981,
                                                                    "operator_type": "HASH_GROUP_BY",
                                                                    "operator_cardinality": 17659,
                                                                    "cumulative_rows_scanned": 2321724,
                                                                    "operator_rows_scanned": 0,
                                                                    "operator_timing": 0.0009493899999999995,
                                                                    "result_set_size": 211908,
                                                                    "children": [
                                                                        {
                                                                            "operator_name": "PROJECTION",
                                                                            "cpu_time": 0.013333334999999997,
                                                                            "extra_info": {
                                                                                "Projections": "userid",
                                                                                "Estimated Cardinality": "464344"
                                                                            },
                                                                            "cumulative_cardinality": 65322,
                                                                            "operator_type": "PROJECTION",
                                                                            "operator_cardinality": 32661,
                                                                            "cumulative_rows_scanned": 2321724,
                                                                            "operator_rows_scanned": 0,
                                                                            "operator_timing": 0.000004978,
                                                                            "result_set_size": 130644,
                                                                            "children": [
                                                                                {
                                                                                    "operator_name": "READ_PARQUET ",
                                                                                    "cpu_time": 0.013328356999999997,
                                                                                    "extra_info": {
                                                                                        "Function": "READ_PARQUET",
                                                                                        "Projections": "userid",
                                                                                        "Filters": "class=1",
                                                                                        "Estimated Cardinality": "464344"
                                                                                    },
                                                                                    "cumulative_cardinality": 32661,
                                                                                    "operator_type": "TABLE_SCAN",
                                                                                    "operator_cardinality": 32661,
                                                                                    "cumulative_rows_scanned": 2321724,
                                                                                    "operator_rows_scanned": 2321724,
                                                                                    "operator_timing": 0.013328356999999997,
                                                                                    "result_set_size": 130644,
                                                                                    "children": []
                                                                                }
                                                                            ]
                                                                        }
                                                                    ]
                                                                }
                                                            ]
                                                        },
                                                        {
                                                            "operator_name": "HASH_GROUP_BY",
                                                            "cpu_time": 0.3690446800000003,
                                                            "extra_info": {
                                                                "Groups": "#0",
                                                                "Aggregates": "count_star()",
                                                                "Estimated Cardinality": "1179524"
                                                            },
                                                            "cumulative_cardinality": 7845970,
                                                            "operator_type": "HASH_GROUP_BY",
                                                            "operator_cardinality": 180706,
                                                            "cumulative_rows_scanned": 11795244,
                                                            "operator_rows_scanned": 0,
                                                            "operator_timing": 0.07458438200000006,
                                                            "result_set_size": 2168472,
                                                            "children": [
                                                                {
                                                                    "operator_name": "PROJECTION",
                                                                    "cpu_time": 0.29446029800000023,
                                                                    "extra_info": {
                                                                        "Projections": "userid",
                                                                        "Estimated Cardinality": "2359048"
                                                                    },
                                                                    "cumulative_cardinality": 7665264,
                                                                    "operator_type": "PROJECTION",
                                                                    "operator_cardinality": 3832632,
                                                                    "cumulative_rows_scanned": 11795244,
                                                                    "operator_rows_scanned": 0,
                                                                    "operator_timing": 0.0005835860000000052,
                                                                    "result_set_size": 15330528,
                                                                    "children": [
                                                                        {
                                                                            "operator_name": "READ_PARQUET ",
                                                                            "cpu_time": 0.2938767120000002,
                                                                            "extra_info": {
                                                                                "Function": "READ_PARQUET",
                                                                                "Projections": "userid",
                                                                                "Filters": "posthistorytypeid>=4 AND posthistorytypeid<=6",
                                                                                "Estimated Cardinality": "2359048"
                                                                            },
                                                                            "cumulative_cardinality": 3832632,
                                                                            "operator_type": "TABLE_SCAN",
                                                                            "operator_cardinality": 3832632,
                                                                            "cumulative_rows_scanned": 11795244,
                                                                            "operator_rows_scanned": 11795244,
                                                                            "operator_timing": 0.2938767120000002,
                                                                            "result_set_size": 15330528,
                                                                            "children": []
                                                                        }
                                                                    ]
                                                                }
                                                            ]
                                                        }
                                                    ]
                                                }
                                            ]
                                        }
                                    ]
                                }
                            ]
                        }
                    ]
                }
            ]
        }
    ]
}