{
    "rows_returned": 10,
    "query_name": "WITH UserReputation AS (\n    SELECT Id, DisplayName, Reputation, UpVotes, DownVotes, Views\n    FROM Users\n    WHERE Reputation > 1000\n),\nTopPosts AS (\n    SELECT p.Id, p.Title, p.Score, p.ViewCount, u.DisplayName AS OwnerDisplayName\n    FROM Posts p\n    JOIN UserReputation u ON p.OwnerUserId = u.Id\n    WHERE p.CreationDate >= cast('2024-10-01 12:34:56' as timestamp) - INTERVAL '1 year'\n    AND p.PostTypeId = 1  \n    ORDER BY p.Score DESC\n    LIMIT 10\n),\nPostHistoryStats AS (\n    SELECT ph.PostId, COUNT(ph.Id) AS EditCount, \n           MAX(ph.CreationDate) AS LastEdited\n    FROM PostHistory ph\n    GROUP BY ph.PostId\n)\nSELECT tp.Title, tp.Score, tp.ViewCount, \n       tp.OwnerDisplayName, \n       p.ClosedDate, \n       phs.EditCount, \n       phs.LastEdited\nFROM TopPosts tp\nLEFT JOIN Posts p ON tp.Id = p.Id\nLEFT JOIN PostHistoryStats phs ON tp.Id = phs.PostId\nWHERE p.ClosedDate IS NULL\nORDER BY tp.Score DESC;",
    "blocked_thread_time": 0.0,
    "cpu_time": 1.210533348000002,
    "extra_info": {},
    "cumulative_cardinality": 27719075,
    "cumulative_rows_scanned": 20756186,
    "result_set_size": 640,
    "latency": 1.262335605,
    "children": [
        {
            "operator_name": "PROJECTION",
            "cpu_time": 1.210533348000002,
            "extra_info": {
                "Projections": [
                    "#0",
                    "__internal_decompress_integral_integer(#1, -72)",
                    "#2",
                    "#3",
                    "#4",
                    "#5",
                    "#6"
                ],
                "Estimated Cardinality": "5897622"
            },
            "cumulative_cardinality": 27719075,
            "operator_type": "PROJECTION",
            "operator_cardinality": 10,
            "cumulative_rows_scanned": 20756186,
            "operator_rows_scanned": 0,
            "operator_timing": 0.000001943,
            "result_set_size": 640,
            "children": [
                {
                    "operator_name": "ORDER_BY",
                    "cpu_time": 1.210531405000002,
                    "extra_info": {
                        "Order By": "tp.Score DESC"
                    },
                    "cumulative_cardinality": 27719065,
                    "operator_type": "ORDER_BY",
                    "operator_cardinality": 10,
                    "cumulative_rows_scanned": 20756186,
                    "operator_rows_scanned": 0,
                    "operator_timing": 0.000132237,
                    "result_set_size": 620,
                    "children": [
                        {
                            "operator_name": "PROJECTION",
                            "cpu_time": 1.210399168000002,
                            "extra_info": {
                                "Projections": [
                                    "#0",
                                    "__internal_compress_integral_usmallint(#1, -72)",
                                    "#2",
                                    "#3",
                                    "#4",
                                    "#5",
                                    "#6"
                                ],
                                "Estimated Cardinality": "5897622"
                            },
                            "cumulative_cardinality": 27719055,
                            "operator_type": "PROJECTION",
                            "operator_cardinality": 10,
                            "cumulative_rows_scanned": 20756186,
                            "operator_rows_scanned": 0,
                            "operator_timing": 0.000006111,
                            "result_set_size": 620,
                            "children": [
                                {
                                    "operator_name": "PROJECTION",
                                    "cpu_time": 1.2103930570000019,
                                    "extra_info": {
                                        "Projections": [
                                            "title",
                                            "score",
                                            "viewcount",
                                            "OwnerDisplayName",
                                            "closeddate",
                                            "EditCount",
                                            "LastEdited"
                                        ],
                                        "Estimated Cardinality": "5897622"
                                    },
                                    "cumulative_cardinality": 27719045,
                                    "operator_type": "PROJECTION",
                                    "operator_cardinality": 10,
                                    "cumulative_rows_scanned": 20756186,
                                    "operator_rows_scanned": 0,
                                    "operator_timing": 0.000002816,
                                    "result_set_size": 640,
                                    "children": [
                                        {
                                            "operator_name": "HASH_JOIN",
                                            "cpu_time": 1.2103902410000018,
                                            "extra_info": {
                                                "Join Type": "RIGHT",
                                                "Conditions": "postid = id",
                                                "Estimated Cardinality": "5897622"
                                            },
                                            "cumulative_cardinality": 27719035,
                                            "operator_type": "HASH_JOIN",
                                            "operator_cardinality": 10,
                                            "cumulative_rows_scanned": 20756186,
                                            "operator_rows_scanned": 0,
                                            "operator_timing": 0.012425628000000098,
                                            "result_set_size": 640,
                                            "children": [
                                                {
                                                    "operator_name": "HASH_GROUP_BY",
                                                    "cpu_time": 1.0410958010000018,
                                                    "extra_info": {
                                                        "Groups": "#0",
                                                        "Aggregates": [
                                                            "count_star()",
                                                            "max(#1)"
                                                        ],
                                                        "Estimated Cardinality": "5897622"
                                                    },
                                                    "cumulative_cardinality": 27440604,
                                                    "operator_type": "HASH_GROUP_BY",
                                                    "operator_cardinality": 3850116,
                                                    "cumulative_rows_scanned": 11795244,
                                                    "operator_rows_scanned": 0,
                                                    "operator_timing": 0.7598964270000015,
                                                    "result_set_size": 77002320,
                                                    "children": [
                                                        {
                                                            "operator_name": "PROJECTION",
                                                            "cpu_time": 0.28119937400000017,
                                                            "extra_info": {
                                                                "Projections": [
                                                                    "postid",
                                                                    "creationdate"
                                                                ],
                                                                "Estimated Cardinality": "11795244"
                                                            },
                                                            "cumulative_cardinality": 23590488,
                                                            "operator_type": "PROJECTION",
                                                            "operator_cardinality": 11795244,
                                                            "cumulative_rows_scanned": 11795244,
                                                            "operator_rows_scanned": 0,
                                                            "operator_timing": 0.0009713410000000043,
                                                            "result_set_size": 141542928,
                                                            "children": [
                                                                {
                                                                    "operator_name": "READ_PARQUET ",
                                                                    "cpu_time": 0.28022803300000015,
                                                                    "extra_info": {
                                                                        "Function": "READ_PARQUET",
                                                                        "Projections": [
                                                                            "id",
                                                                            "postid",
                                                                            "creationdate"
                                                                        ],
                                                                        "Estimated Cardinality": "11795244"
                                                                    },
                                                                    "cumulative_cardinality": 11795244,
                                                                    "operator_type": "TABLE_SCAN",
                                                                    "operator_cardinality": 11795244,
                                                                    "cumulative_rows_scanned": 11795244,
                                                                    "operator_rows_scanned": 11795244,
                                                                    "operator_timing": 0.28022803300000015,
                                                                    "result_set_size": 188723904,
                                                                    "children": []
                                                                }
                                                            ]
                                                        }
                                                    ]
                                                },
                                                {
                                                    "operator_name": "FILTER",
                                                    "cpu_time": 0.1568688119999999,
                                                    "extra_info": {
                                                        "Expression": "(closeddate IS NULL)",
                                                        "Estimated Cardinality": "770023"
                                                    },
                                                    "cumulative_cardinality": 278421,
                                                    "operator_type": "FILTER",
                                                    "operator_cardinality": 10,
                                                    "cumulative_rows_scanned": 8960942,
                                                    "operator_rows_scanned": 0,
                                                    "operator_timing": 0.000012984000000000001,
                                                    "result_set_size": 520,
                                                    "children": [
                                                        {
                                                            "operator_name": "HASH_JOIN",
                                                            "cpu_time": 0.15685582799999992,
                                                            "extra_info": {
                                                                "Join Type": "RIGHT",
                                                                "Conditions": "id = id",
                                                                "Estimated Cardinality": "3850116"
                                                            },
                                                            "cumulative_cardinality": 278411,
                                                            "operator_type": "HASH_JOIN",
                                                            "operator_cardinality": 10,
                                                            "cumulative_rows_scanned": 8960942,
                                                            "operator_rows_scanned": 0,
                                                            "operator_timing": 0.0005924320000000002,
                                                            "result_set_size": 520,
                                                            "children": [
                                                                {
                                                                    "operator_name": "READ_PARQUET ",
                                                                    "cpu_time": 0.008899178999999997,
                                                                    "extra_info": {
                                                                        "Function": "READ_PARQUET",
                                                                        "Projections": [
                                                                            "id",
                                                                            "closeddate"
                                                                        ],
                                                                        "Estimated Cardinality": "3850116"
                                                                    },
                                                                    "cumulative_cardinality": 123755,
                                                                    "operator_type": "TABLE_SCAN",
                                                                    "operator_cardinality": 123755,
                                                                    "cumulative_rows_scanned": 3850116,
                                                                    "operator_rows_scanned": 3850116,
                                                                    "operator_timing": 0.008899178999999997,
                                                                    "result_set_size": 1485060,
                                                                    "children": []
                                                                },
                                                                {
                                                                    "operator_name": "STREAMING_LIMIT",
                                                                    "cpu_time": 0.14736421699999994,
                                                                    "extra_info": {},
                                                                    "cumulative_cardinality": 154646,
                                                                    "operator_type": "STREAMING_LIMIT",
                                                                    "operator_cardinality": 10,
                                                                    "cumulative_rows_scanned": 5110826,
                                                                    "operator_rows_scanned": 0,
                                                                    "operator_timing": 0.0000016039999999999998,
                                                                    "result_set_size": 440,
                                                                    "children": [
                                                                        {
                                                                            "operator_name": "PROJECTION",
                                                                            "cpu_time": 0.14736261299999995,
                                                                            "extra_info": {
                                                                                "Projections": [
                                                                                    "#0",
                                                                                    "#1",
                                                                                    "__internal_decompress_integral_integer(#2, -72)",
                                                                                    "#3",
                                                                                    "#4"
                                                                                ],
                                                                                "Estimated Cardinality": "154004"
                                                                            },
                                                                            "cumulative_cardinality": 154636,
                                                                            "operator_type": "PROJECTION",
                                                                            "operator_cardinality": 4096,
                                                                            "cumulative_rows_scanned": 5110826,
                                                                            "operator_rows_scanned": 0,
                                                                            "operator_timing": 0.000003777,
                                                                            "result_set_size": 180224,
                                                                            "children": [
                                                                                {
                                                                                    "operator_name": "ORDER_BY",
                                                                                    "cpu_time": 0.14735883599999994,
                                                                                    "extra_info": {
                                                                                        "Order By": "p.Score DESC"
                                                                                    },
                                                                                    "cumulative_cardinality": 150540,
                                                                                    "operator_type": "ORDER_BY",
                                                                                    "operator_cardinality": 4096,
                                                                                    "cumulative_rows_scanned": 5110826,
                                                                                    "operator_rows_scanned": 0,
                                                                                    "operator_timing": 0.0012205410000000001,
                                                                                    "result_set_size": 172032,
                                                                                    "children": [
                                                                                        {
                                                                                            "operator_name": "PROJECTION",
                                                                                            "cpu_time": 0.14613829499999995,
                                                                                            "extra_info": {
                                                                                                "Projections": [
                                                                                                    "#0",
                                                                                                    "#1",
                                                                                                    "__internal_compress_integral_usmallint(#2, -72)",
                                                                                                    "#3",
                                                                                                    "#4"
                                                                                                ],
                                                                                                "Estimated Cardinality": "154004"
                                                                                            },
                                                                                            "cumulative_cardinality": 146444,
                                                                                            "operator_type": "PROJECTION",
                                                                                            "operator_cardinality": 17386,
                                                                                            "cumulative_rows_scanned": 5110826,
                                                                                            "operator_rows_scanned": 0,
                                                                                            "operator_timing": 0.00009440500000000004,
                                                                                            "result_set_size": 730212,
                                                                                            "children": [
                                                                                                {
                                                                                                    "operator_name": "PROJECTION",
                                                                                                    "cpu_time": 0.14604388999999995,
                                                                                                    "extra_info": {
                                                                                                        "Projections": [
                                                                                                            "id",
                                                                                                            "title",
                                                                                                            "score",
                                                                                                            "viewcount",
                                                                                                            "OwnerDisplayName"
                                                                                                        ],
                                                                                                        "Estimated Cardinality": "154004"
                                                                                                    },
                                                                                                    "cumulative_cardinality": 129058,
                                                                                                    "operator_type": "PROJECTION",
                                                                                                    "operator_cardinality": 17386,
                                                                                                    "cumulative_rows_scanned": 5110826,
                                                                                                    "operator_rows_scanned": 0,
                                                                                                    "operator_timing": 0.000025485999999999996,
                                                                                                    "result_set_size": 764984,
                                                                                                    "children": [
                                                                                                        {
                                                                                                            "operator_name": "HASH_JOIN",
                                                                                                            "cpu_time": 0.14601840399999996,
                                                                                                            "extra_info": {
                                                                                                                "Join Type": "INNER",
                                                                                                                "Conditions": "owneruserid = id",
                                                                                                                "Estimated Cardinality": "154004"
                                                                                                            },
                                                                                                            "cumulative_cardinality": 111672,
                                                                                                            "operator_type": "HASH_JOIN",
                                                                                                            "operator_cardinality": 17386,
                                                                                                            "cumulative_rows_scanned": 5110826,
                                                                                                            "operator_rows_scanned": 0,
                                                                                                            "operator_timing": 0.002979397000000001,
                                                                                                            "result_set_size": 764984,
                                                                                                            "children": [
                                                                                                                {
                                                                                                                    "operator_name": "READ_PARQUET ",
                                                                                                                    "cpu_time": 0.087653417,
                                                                                                                    "extra_info": {
                                                                                                                        "Function": "READ_PARQUET",
                                                                                                                        "Projections": [
                                                                                                                            "id",
                                                                                                                            "score",
                                                                                                                            "viewcount",
                                                                                                                            "owneruserid",
                                                                                                                            "title"
                                                                                                                        ],
                                                                                                                        "Filters": [
                                                                                                                            "creationdate>='2023-10-01 12:34:56'::TIMESTAMP",
                                                                                                                            "posttypeid=1"
                                                                                                                        ],
                                                                                                                        "Estimated Cardinality": "770023"
                                                                                                                    },
                                                                                                                    "cumulative_cardinality": 71856,
                                                                                                                    "operator_type": "TABLE_SCAN",
                                                                                                                    "operator_cardinality": 71856,
                                                                                                                    "cumulative_rows_scanned": 3850116,
                                                                                                                    "operator_rows_scanned": 3850116,
                                                                                                                    "operator_timing": 0.087653417,
                                                                                                                    "result_set_size": 2299392,
                                                                                                                    "children": []
                                                                                                                },
                                                                                                                {
                                                                                                                    "operator_name": "FILTER",
                                                                                                                    "cpu_time": 0.05538558999999997,
                                                                                                                    "extra_info": {
                                                                                                                        "Expression": "(id <= 1416539)",
                                                                                                                        "Estimated Cardinality": "252142"
                                                                                                                    },
                                                                                                                    "cumulative_cardinality": 22430,
                                                                                                                    "operator_type": "FILTER",
                                                                                                                    "operator_cardinality": 11215,
                                                                                                                    "cumulative_rows_scanned": 1260710,
                                                                                                                    "operator_rows_scanned": 0,
                                                                                                                    "operator_timing": 0.0005245679999999999,
                                                                                                                    "result_set_size": 224300,
                                                                                                                    "children": [
                                                                                                                        {
                                                                                                                            "operator_name": "READ_PARQUET ",
                                                                                                                            "cpu_time": 0.05486102199999997,
                                                                                                                            "extra_info": {
                                                                                                                                "Function": "READ_PARQUET",
                                                                                                                                "Projections": [
                                                                                                                                    "id",
                                                                                                                                    "displayname"
                                                                                                                                ],
                                                                                                                                "Filters": "reputation>1000",
                                                                                                                                "Estimated Cardinality": "252142"
                                                                                                                            },
                                                                                                                            "cumulative_cardinality": 11215,
                                                                                                                            "operator_type": "TABLE_SCAN",
                                                                                                                            "operator_cardinality": 11215,
                                                                                                                            "cumulative_rows_scanned": 1260710,
                                                                                                                            "operator_rows_scanned": 1260710,
                                                                                                                            "operator_timing": 0.05486102199999997,
                                                                                                                            "result_set_size": 224300,
                                                                                                                            "children": []
                                                                                                                        }
                                                                                                                    ]
                                                                                                                }
                                                                                                            ]
                                                                                                        }
                                                                                                    ]
                                                                                                }
                                                                                            ]
                                                                                        }
                                                                                    ]
                                                                                }
                                                                            ]
                                                                        }
                                                                    ]
                                                                }
                                                            ]
                                                        }
                                                    ]
                                                }
                                            ]
                                        }
                                    ]
                                }
                            ]
                        }
                    ]
                }
            ]
        }
    ]
}