{
    "rows_returned": 100,
    "query_name": "WITH UserPostStats AS (\n    SELECT \n        u.Id AS UserId,\n        u.DisplayName,\n        COUNT(p.Id) AS TotalPosts,\n        COUNT(DISTINCT CASE WHEN p.PostTypeId = 1 THEN p.Id END) AS QuestionCount,\n        COUNT(DISTINCT CASE WHEN p.PostTypeId = 2 THEN p.Id END) AS AnswerCount,\n        SUM(p.ViewCount) AS TotalViews,\n        SUM(p.Score) AS TotalScore,\n        MAX(p.CreationDate) AS LastPostDate\n    FROM \n        Users u\n    LEFT JOIN \n        Posts p ON u.Id = p.OwnerUserId\n    GROUP BY \n        u.Id, u.DisplayName\n),\nUserBadges AS (\n    SELECT \n        b.UserId,\n        COUNT(CASE WHEN b.Class = 1 THEN 1 END) AS GoldBadges,\n        COUNT(CASE WHEN b.Class = 2 THEN 1 END) AS SilverBadges,\n        COUNT(CASE WHEN b.Class = 3 THEN 1 END) AS BronzeBadges\n    FROM \n        Badges b\n    GROUP BY \n        b.UserId\n),\nPostHistoryStats AS (\n    SELECT \n        ph.UserId,\n        COUNT(CASE WHEN ph.PostHistoryTypeId IN (10, 11) THEN 1 END) AS CloseReopenCount,\n        COUNT(CASE WHEN ph.PostHistoryTypeId IN (24, 25) THEN 1 END) AS EditSuggestionCount\n    FROM \n        PostHistory ph\n    GROUP BY \n        ph.UserId\n)\nSELECT \n    ups.UserId,\n    ups.DisplayName,\n    ups.TotalPosts,\n    ups.QuestionCount,\n    ups.AnswerCount,\n    ups.TotalViews,\n    ups.TotalScore,\n    ub.GoldBadges,\n    ub.SilverBadges,\n    ub.BronzeBadges,\n    phs.CloseReopenCount,\n    phs.EditSuggestionCount,\n    ups.LastPostDate\nFROM \n    UserPostStats ups\nLEFT JOIN \n    UserBadges ub ON ups.UserId = ub.UserId \nLEFT JOIN \n    PostHistoryStats phs ON ups.UserId = phs.UserId\nWHERE \n    ups.TotalPosts > 0\nORDER BY \n    ups.TotalScore DESC, ups.LastPostDate DESC\nLIMIT 100;\n",
    "blocked_thread_time": 0.0,
    "cpu_time": 3.308942747999999,
    "extra_info": {},
    "cumulative_cardinality": 46003620,
    "cumulative_rows_scanned": 19227794,
    "result_set_size": 12400,
    "latency": 4.449755388,
    "children": [
        {
            "operator_name": "STREAMING_LIMIT",
            "cpu_time": 3.308942747999999,
            "extra_info": {},
            "cumulative_cardinality": 46003620,
            "operator_type": "STREAMING_LIMIT",
            "operator_cardinality": 100,
            "cumulative_rows_scanned": 19227794,
            "operator_rows_scanned": 0,
            "operator_timing": 0.000002144,
            "result_set_size": 12400,
            "children": [
                {
                    "operator_name": "ORDER_BY",
                    "cpu_time": 3.3089406039999987,
                    "extra_info": {
                        "Order By": [
                            "ups.TotalScore DESC",
                            "ups.LastPostDate DESC"
                        ]
                    },
                    "cumulative_cardinality": 46003520,
                    "operator_type": "ORDER_BY",
                    "operator_cardinality": 4096,
                    "cumulative_rows_scanned": 19227794,
                    "operator_rows_scanned": 0,
                    "operator_timing": 0.040543132,
                    "result_set_size": 507904,
                    "children": [
                        {
                            "operator_name": "PROJECTION",
                            "cpu_time": 3.268397471999999,
                            "extra_info": {
                                "Projections": [
                                    "UserId",
                                    "displayname",
                                    "TotalPosts",
                                    "QuestionCount",
                                    "AnswerCount",
                                    "TotalViews",
                                    "TotalScore",
                                    "GoldBadges",
                                    "SilverBadges",
                                    "BronzeBadges",
                                    "CloseReopenCount",
                                    "EditSuggestionCount",
                                    "LastPostDate"
                                ],
                                "Estimated Cardinality": "5897622"
                            },
                            "cumulative_cardinality": 45999424,
                            "operator_type": "PROJECTION",
                            "operator_cardinality": 371631,
                            "cumulative_rows_scanned": 19227794,
                            "operator_rows_scanned": 0,
                            "operator_timing": 0.000172536,
                            "result_set_size": 46082244,
                            "children": [
                                {
                                    "operator_name": "HASH_JOIN",
                                    "cpu_time": 3.268224935999999,
                                    "extra_info": {
                                        "Join Type": "RIGHT",
                                        "Conditions": "userid = UserId",
                                        "Estimated Cardinality": "5897622"
                                    },
                                    "cumulative_cardinality": 45627793,
                                    "operator_type": "HASH_JOIN",
                                    "operator_cardinality": 371631,
                                    "cumulative_rows_scanned": 19227794,
                                    "operator_rows_scanned": 0,
                                    "operator_timing": 0.08030582499999998,
                                    "result_set_size": 49055292,
                                    "children": [
                                        {
                                            "operator_name": "HASH_GROUP_BY",
                                            "cpu_time": 0.5763614870000001,
                                            "extra_info": {
                                                "Groups": "#0",
                                                "Aggregates": [
                                                    "count(#1)",
                                                    "count(#2)"
                                                ],
                                                "Estimated Cardinality": "5897622"
                                            },
                                            "cumulative_cardinality": 23964605,
                                            "operator_type": "HASH_GROUP_BY",
                                            "operator_cardinality": 374117,
                                            "cumulative_rows_scanned": 11795244,
                                            "operator_rows_scanned": 0,
                                            "operator_timing": 0.2340348340000004,
                                            "result_set_size": 7482340,
                                            "children": [
                                                {
                                                    "operator_name": "PROJECTION",
                                                    "cpu_time": 0.3423266529999997,
                                                    "extra_info": {
                                                        "Projections": [
                                                            "userid",
                                                            "CASE  WHEN ((posthistorytypeid IN (10, 11))) THEN (1) ELSE NULL END",
                                                            "CASE  WHEN ((posthistorytypeid IN (24, 25))) THEN (1) ELSE NULL END"
                                                        ],
                                                        "Estimated Cardinality": "11795244"
                                                    },
                                                    "cumulative_cardinality": 23590488,
                                                    "operator_type": "PROJECTION",
                                                    "operator_cardinality": 11795244,
                                                    "cumulative_rows_scanned": 11795244,
                                                    "operator_rows_scanned": 0,
                                                    "operator_timing": 0.21934699200000013,
                                                    "result_set_size": 141542928,
                                                    "children": [
                                                        {
                                                            "operator_name": "READ_PARQUET ",
                                                            "cpu_time": 0.12297966099999956,
                                                            "extra_info": {
                                                                "Function": "READ_PARQUET",
                                                                "Projections": [
                                                                    "posthistorytypeid",
                                                                    "userid"
                                                                ],
                                                                "Estimated Cardinality": "11795244"
                                                            },
                                                            "cumulative_cardinality": 11795244,
                                                            "operator_type": "TABLE_SCAN",
                                                            "operator_cardinality": 11795244,
                                                            "cumulative_rows_scanned": 11795244,
                                                            "operator_rows_scanned": 11795244,
                                                            "operator_timing": 0.12297966099999956,
                                                            "result_set_size": 70771464,
                                                            "children": []
                                                        }
                                                    ]
                                                }
                                            ]
                                        },
                                        {
                                            "operator_name": "HASH_JOIN",
                                            "cpu_time": 2.6115576239999987,
                                            "extra_info": {
                                                "Join Type": "RIGHT",
                                                "Conditions": "userid = UserId",
                                                "Estimated Cardinality": "1160862"
                                            },
                                            "cumulative_cardinality": 21291557,
                                            "operator_type": "HASH_JOIN",
                                            "operator_cardinality": 371631,
                                            "cumulative_rows_scanned": 7432550,
                                            "operator_rows_scanned": 0,
                                            "operator_timing": 0.060443540000000004,
                                            "result_set_size": 41622672,
                                            "children": [
                                                {
                                                    "operator_name": "HASH_GROUP_BY",
                                                    "cpu_time": 0.1302929760000001,
                                                    "extra_info": {
                                                        "Groups": "#0",
                                                        "Aggregates": [
                                                            "count(#1)",
                                                            "count(#2)",
                                                            "count(#3)"
                                                        ],
                                                        "Estimated Cardinality": "1160862"
                                                    },
                                                    "cumulative_cardinality": 5192469,
                                                    "operator_type": "HASH_GROUP_BY",
                                                    "operator_cardinality": 549021,
                                                    "cumulative_rows_scanned": 2321724,
                                                    "operator_rows_scanned": 0,
                                                    "operator_timing": 0.0983860790000001,
                                                    "result_set_size": 15372588,
                                                    "children": [
                                                        {
                                                            "operator_name": "PROJECTION",
                                                            "cpu_time": 0.03190689699999998,
                                                            "extra_info": {
                                                                "Projections": [
                                                                    "userid",
                                                                    "CASE  WHEN ((class = 1)) THEN (1) ELSE NULL END",
                                                                    "CASE  WHEN ((class = 2)) THEN (1) ELSE NULL END",
                                                                    "CASE  WHEN ((class = 3)) THEN (1) ELSE NULL END"
                                                                ],
                                                                "Estimated Cardinality": "2321724"
                                                            },
                                                            "cumulative_cardinality": 4643448,
                                                            "operator_type": "PROJECTION",
                                                            "operator_cardinality": 2321724,
                                                            "cumulative_rows_scanned": 2321724,
                                                            "operator_rows_scanned": 0,
                                                            "operator_timing": 0.013365852999999971,
                                                            "result_set_size": 37147584,
                                                            "children": [
                                                                {
                                                                    "operator_name": "READ_PARQUET ",
                                                                    "cpu_time": 0.018541044000000013,
                                                                    "extra_info": {
                                                                        "Function": "READ_PARQUET",
                                                                        "Projections": [
                                                                            "userid",
                                                                            "class"
                                                                        ],
                                                                        "Estimated Cardinality": "2321724"
                                                                    },
                                                                    "cumulative_cardinality": 2321724,
                                                                    "operator_type": "TABLE_SCAN",
                                                                    "operator_cardinality": 2321724,
                                                                    "cumulative_rows_scanned": 2321724,
                                                                    "operator_rows_scanned": 2321724,
                                                                    "operator_timing": 0.018541044000000013,
                                                                    "result_set_size": 13930344,
                                                                    "children": []
                                                                }
                                                            ]
                                                        }
                                                    ]
                                                },
                                                {
                                                    "operator_name": "FILTER",
                                                    "cpu_time": 2.420821107999999,
                                                    "extra_info": {
                                                        "Expression": "(TotalPosts > 0)",
                                                        "Estimated Cardinality": "252142"
                                                    },
                                                    "cumulative_cardinality": 15727457,
                                                    "operator_type": "FILTER",
                                                    "operator_cardinality": 371631,
                                                    "cumulative_rows_scanned": 5110826,
                                                    "operator_rows_scanned": 0,
                                                    "operator_timing": 0.004572149000000002,
                                                    "result_set_size": 31217004,
                                                    "children": [
                                                        {
                                                            "operator_name": "HASH_GROUP_BY",
                                                            "cpu_time": 2.416248958999999,
                                                            "extra_info": {
                                                                "Groups": [
                                                                    "#0",
                                                                    "#1"
                                                                ],
                                                                "Aggregates": [
                                                                    "count(#2)",
                                                                    "count(DISTINCT #3)",
                                                                    "count(DISTINCT #4)",
                                                                    "sum(#5)",
                                                                    "sum(#6)",
                                                                    "max(#7)"
                                                                ],
                                                                "Estimated Cardinality": "1260710"
                                                            },
                                                            "cumulative_cardinality": 15355826,
                                                            "operator_type": "HASH_GROUP_BY",
                                                            "operator_cardinality": 1260710,
                                                            "cumulative_rows_scanned": 5110826,
                                                            "operator_rows_scanned": 0,
                                                            "operator_timing": 1.746499775999999,
                                                            "result_set_size": 105899640,
                                                            "children": [
                                                                {
                                                                    "operator_name": "PROJECTION",
                                                                    "cpu_time": 0.6697491830000002,
                                                                    "extra_info": {
                                                                        "Projections": [
                                                                            "id",
                                                                            "displayname",
                                                                            "id",
                                                                            "CASE  WHEN ((posttypeid = 1)) THEN (id) ELSE NULL END",
                                                                            "CASE  WHEN ((posttypeid = 2)) THEN (id) ELSE NULL END",
                                                                            "viewcount",
                                                                            "score",
                                                                            "creationdate"
                                                                        ],
                                                                        "Estimated Cardinality": "3850116"
                                                                    },
                                                                    "cumulative_cardinality": 14095116,
                                                                    "operator_type": "PROJECTION",
                                                                    "operator_cardinality": 4574495,
                                                                    "cumulative_rows_scanned": 5110826,
                                                                    "operator_rows_scanned": 0,
                                                                    "operator_timing": 0.07797048900000014,
                                                                    "result_set_size": 219575760,
                                                                    "children": [
                                                                        {
                                                                            "operator_name": "HASH_JOIN",
                                                                            "cpu_time": 0.591778694,
                                                                            "extra_info": {
                                                                                "Join Type": "RIGHT",
                                                                                "Conditions": "owneruserid = id",
                                                                                "Estimated Cardinality": "3850116"
                                                                            },
                                                                            "cumulative_cardinality": 9520621,
                                                                            "operator_type": "HASH_JOIN",
                                                                            "operator_cardinality": 4574495,
                                                                            "cumulative_rows_scanned": 5110826,
                                                                            "operator_rows_scanned": 0,
                                                                            "operator_timing": 0.28507854200000005,
                                                                            "result_set_size": 192128790,
                                                                            "children": [
                                                                                {
                                                                                    "operator_name": "READ_PARQUET ",
                                                                                    "cpu_time": 0.22963523500000002,
                                                                                    "extra_info": {
                                                                                        "Function": "READ_PARQUET",
                                                                                        "Projections": [
                                                                                            "id",
                                                                                            "posttypeid",
                                                                                            "creationdate",
                                                                                            "score",
                                                                                            "viewcount",
                                                                                            "owneruserid"
                                                                                        ],
                                                                                        "Estimated Cardinality": "3850116"
                                                                                    },
                                                                                    "cumulative_cardinality": 3685416,
                                                                                    "operator_type": "TABLE_SCAN",
                                                                                    "operator_cardinality": 3685416,
                                                                                    "cumulative_rows_scanned": 3850116,
                                                                                    "operator_rows_scanned": 3850116,
                                                                                    "operator_timing": 0.22963523500000002,
                                                                                    "result_set_size": 95820816,
                                                                                    "children": []
                                                                                },
                                                                                {
                                                                                    "operator_name": "READ_PARQUET ",
                                                                                    "cpu_time": 0.07706491699999997,
                                                                                    "extra_info": {
                                                                                        "Function": "READ_PARQUET",
                                                                                        "Projections": [
                                                                                            "id",
                                                                                            "displayname"
                                                                                        ],
                                                                                        "Estimated Cardinality": "1260710"
                                                                                    },
                                                                                    "cumulative_cardinality": 1260710,
                                                                                    "operator_type": "TABLE_SCAN",
                                                                                    "operator_cardinality": 1260710,
                                                                                    "cumulative_rows_scanned": 1260710,
                                                                                    "operator_rows_scanned": 1260710,
                                                                                    "operator_timing": 0.07706491699999997,
                                                                                    "result_set_size": 25214200,
                                                                                    "children": []
                                                                                }
                                                                            ]
                                                                        }
                                                                    ]
                                                                }
                                                            ]
                                                        }
                                                    ]
                                                }
                                            ]
                                        }
                                    ]
                                }
                            ]
                        }
                    ]
                }
            ]
        }
    ]
}