{
    "rows_returned": 1921950,
    "query_name": "WITH TopUsers AS (\n    SELECT \n        U.Id AS UserId,\n        U.DisplayName,\n        SUM(U.UpVotes) AS TotalUpVotes,\n        SUM(U.DownVotes) AS TotalDownVotes,\n        COUNT(DISTINCT P.Id) AS PostCount\n    FROM \n        Users U\n    LEFT JOIN \n        Posts P ON U.Id = P.OwnerUserId\n    WHERE \n        U.CreationDate >= cast('2024-10-01 12:34:56' as timestamp) - INTERVAL '1 year'\n    GROUP BY \n        U.Id, U.DisplayName\n), \nPopularTags AS (\n    SELECT \n        T.TagName,\n        COUNT(P.Id) AS PostCount,\n        SUM(P.ViewCount) AS TotalViews\n    FROM \n        Tags T\n    JOIN \n        Posts P ON P.Tags LIKE '%' || T.TagName || '%'\n    GROUP BY \n        T.TagName\n    ORDER BY \n        PostCount DESC\n    LIMIT 10\n),\nRecentActivities AS (\n    SELECT \n        U.Id AS UserId,\n        U.DisplayName,\n        PH.CreationDate,\n        PH.Comment,\n        P.Title AS PostTitle\n    FROM \n        PostHistory PH\n    JOIN \n        Posts P ON PH.PostId = P.Id\n    JOIN \n        Users U ON PH.UserId = U.Id\n    WHERE \n        PH.CreationDate >= cast('2024-10-01 12:34:56' as timestamp) - INTERVAL '1 month'\n)\n\nSELECT \n    TU.DisplayName AS TopUser,\n    TU.TotalUpVotes,\n    TU.TotalDownVotes,\n    TU.PostCount,\n    PT.TagName AS PopularTag,\n    PT.PostCount AS TagPostCount,\n    PT.TotalViews AS TagTotalViews,\n    RA.UserId AS ActivityUserId,\n    RA.PostTitle,\n    RA.Comment,\n    RA.CreationDate AS ActivityDate\nFROM \n    TopUsers TU\nCROSS JOIN \n    PopularTags PT\nLEFT JOIN \n    RecentActivities RA ON TU.UserId = RA.UserId\nORDER BY \n    TU.TotalUpVotes DESC, \n    PT.PostCount DESC, \n    RA.CreationDate DESC;",
    "blocked_thread_time": 0.0,
    "cpu_time": 499.990387472025,
    "extra_info": {},
    "cumulative_cardinality": 27788687,
    "cumulative_rows_scanned": 25868988,
    "result_set_size": 269073000,
    "latency": 514.004389844,
    "children": [
        {
            "operator_name": "ORDER_BY",
            "cpu_time": 499.990387472025,
            "extra_info": {
                "Order By": [
                    "TU.TotalUpVotes DESC",
                    "PT.PostCount DESC",
                    "RA.CreationDate DESC"
                ]
            },
            "cumulative_cardinality": 27788687,
            "operator_type": "ORDER_BY",
            "operator_cardinality": 1921950,
            "cumulative_rows_scanned": 25868988,
            "operator_rows_scanned": 0,
            "operator_timing": 0.37725665699999983,
            "result_set_size": 269073000,
            "children": [
                {
                    "operator_name": "PROJECTION",
                    "cpu_time": 499.61313081502504,
                    "extra_info": {
                        "Projections": [
                            "TopUser",
                            "TotalUpVotes",
                            "TotalDownVotes",
                            "PostCount",
                            "PopularTag",
                            "TagPostCount",
                            "TagTotalViews",
                            "ActivityUserId",
                            "PostTitle",
                            "comment",
                            "ActivityDate"
                        ],
                        "Estimated Cardinality": "12607100"
                    },
                    "cumulative_cardinality": 25866737,
                    "operator_type": "PROJECTION",
                    "operator_cardinality": 1921950,
                    "cumulative_rows_scanned": 25868988,
                    "operator_rows_scanned": 0,
                    "operator_timing": 0.0006240590000000008,
                    "result_set_size": 269073000,
                    "children": [
                        {
                            "operator_name": "HASH_JOIN",
                            "cpu_time": 499.612506756025,
                            "extra_info": {
                                "Join Type": "LEFT",
                                "Conditions": "UserId = UserId",
                                "Estimated Cardinality": "12607100"
                            },
                            "cumulative_cardinality": 23944787,
                            "operator_type": "HASH_JOIN",
                            "operator_cardinality": 1921950,
                            "cumulative_rows_scanned": 25868988,
                            "operator_rows_scanned": 0,
                            "operator_timing": 0.03199261999999987,
                            "result_set_size": 269073000,
                            "children": [
                                {
                                    "operator_name": "CROSS_PRODUCT",
                                    "cpu_time": 499.15440665202505,
                                    "extra_info": {},
                                    "cumulative_cardinality": 16765562,
                                    "operator_type": "CROSS_PRODUCT",
                                    "operator_cardinality": 1841730,
                                    "cumulative_rows_scanned": 8962918,
                                    "operator_rows_scanned": 0,
                                    "operator_timing": 0.001842679000000002,
                                    "result_set_size": 184173000,
                                    "children": [
                                        {
                                            "operator_name": "HASH_GROUP_BY",
                                            "cpu_time": 0.18152447300000002,
                                            "extra_info": {
                                                "Groups": [
                                                    "#0",
                                                    "#1"
                                                ],
                                                "Aggregates": [
                                                    "sum(#2)",
                                                    "sum(#3)",
                                                    "count(DISTINCT #4)"
                                                ],
                                                "Estimated Cardinality": "1260710"
                                            },
                                            "cumulative_cardinality": 796518,
                                            "operator_type": "HASH_GROUP_BY",
                                            "operator_cardinality": 184173,
                                            "cumulative_rows_scanned": 5110826,
                                            "operator_rows_scanned": 0,
                                            "operator_timing": 0.08059602800000001,
                                            "result_set_size": 11050380,
                                            "children": [
                                                {
                                                    "operator_name": "PROJECTION",
                                                    "cpu_time": 0.10092844500000002,
                                                    "extra_info": {
                                                        "Projections": [
                                                            "id",
                                                            "displayname",
                                                            "upvotes",
                                                            "downvotes",
                                                            "id"
                                                        ],
                                                        "Estimated Cardinality": "3850116"
                                                    },
                                                    "cumulative_cardinality": 612345,
                                                    "operator_type": "PROJECTION",
                                                    "operator_cardinality": 199827,
                                                    "cumulative_rows_scanned": 5110826,
                                                    "operator_rows_scanned": 0,
                                                    "operator_timing": 0.00005495899999999998,
                                                    "result_set_size": 6394464,
                                                    "children": [
                                                        {
                                                            "operator_name": "HASH_JOIN",
                                                            "cpu_time": 0.10087348600000003,
                                                            "extra_info": {
                                                                "Join Type": "RIGHT",
                                                                "Conditions": "owneruserid = id",
                                                                "Estimated Cardinality": "3850116"
                                                            },
                                                            "cumulative_cardinality": 412518,
                                                            "operator_type": "HASH_JOIN",
                                                            "operator_cardinality": 199827,
                                                            "cumulative_rows_scanned": 5110826,
                                                            "operator_rows_scanned": 0,
                                                            "operator_timing": 0.020048969000000003,
                                                            "result_set_size": 6394464,
                                                            "children": [
                                                                {
                                                                    "operator_name": "READ_PARQUET ",
                                                                    "cpu_time": 0.059875743000000016,
                                                                    "extra_info": {
                                                                        "Function": "READ_PARQUET",
                                                                        "Projections": [
                                                                            "id",
                                                                            "owneruserid"
                                                                        ],
                                                                        "Estimated Cardinality": "3850116"
                                                                    },
                                                                    "cumulative_cardinality": 28518,
                                                                    "operator_type": "TABLE_SCAN",
                                                                    "operator_cardinality": 28518,
                                                                    "cumulative_rows_scanned": 3850116,
                                                                    "operator_rows_scanned": 3850116,
                                                                    "operator_timing": 0.059875743000000016,
                                                                    "result_set_size": 228144,
                                                                    "children": []
                                                                },
                                                                {
                                                                    "operator_name": "READ_PARQUET ",
                                                                    "cpu_time": 0.020948774,
                                                                    "extra_info": {
                                                                        "Function": "READ_PARQUET",
                                                                        "Projections": [
                                                                            "id",
                                                                            "displayname",
                                                                            "upvotes",
                                                                            "downvotes"
                                                                        ],
                                                                        "Filters": "creationdate>='2023-10-01 12:34:56'::TIMESTAMP",
                                                                        "Estimated Cardinality": "252142"
                                                                    },
                                                                    "cumulative_cardinality": 184173,
                                                                    "operator_type": "TABLE_SCAN",
                                                                    "operator_cardinality": 184173,
                                                                    "cumulative_rows_scanned": 1260710,
                                                                    "operator_rows_scanned": 1260710,
                                                                    "operator_timing": 0.020948774,
                                                                    "result_set_size": 5156844,
                                                                    "children": []
                                                                }
                                                            ]
                                                        }
                                                    ]
                                                }
                                            ]
                                        },
                                        {
                                            "operator_name": "STREAMING_LIMIT",
                                            "cpu_time": 498.97103950002503,
                                            "extra_info": {},
                                            "cumulative_cardinality": 14127314,
                                            "operator_type": "STREAMING_LIMIT",
                                            "operator_cardinality": 10,
                                            "cumulative_rows_scanned": 3852092,
                                            "operator_rows_scanned": 0,
                                            "operator_timing": 9.32e-7,
                                            "result_set_size": 400,
                                            "children": [
                                                {
                                                    "operator_name": "ORDER_BY",
                                                    "cpu_time": 498.97103856802505,
                                                    "extra_info": {
                                                        "Order By": "count(P.Id) DESC"
                                                    },
                                                    "cumulative_cardinality": 14127304,
                                                    "operator_type": "ORDER_BY",
                                                    "operator_cardinality": 1976,
                                                    "cumulative_rows_scanned": 3852092,
                                                    "operator_rows_scanned": 0,
                                                    "operator_timing": 0.000142276,
                                                    "result_set_size": 79040,
                                                    "children": [
                                                        {
                                                            "operator_name": "HASH_GROUP_BY",
                                                            "cpu_time": 498.97089629202503,
                                                            "extra_info": {
                                                                "Groups": "#0",
                                                                "Aggregates": [
                                                                    "count_star()",
                                                                    "sum(#1)"
                                                                ],
                                                                "Estimated Cardinality": "1976"
                                                            },
                                                            "cumulative_cardinality": 14125328,
                                                            "operator_type": "HASH_GROUP_BY",
                                                            "operator_cardinality": 1976,
                                                            "cumulative_rows_scanned": 3852092,
                                                            "operator_rows_scanned": 0,
                                                            "operator_timing": 0.18677030199999992,
                                                            "result_set_size": 79040,
                                                            "children": [
                                                                {
                                                                    "operator_name": "PROJECTION",
                                                                    "cpu_time": 498.784125990025,
                                                                    "extra_info": {
                                                                        "Projections": [
                                                                            "tagname",
                                                                            "viewcount"
                                                                        ],
                                                                        "Estimated Cardinality": "3850116"
                                                                    },
                                                                    "cumulative_cardinality": 14123352,
                                                                    "operator_type": "PROJECTION",
                                                                    "operator_cardinality": 5135630,
                                                                    "cumulative_rows_scanned": 3852092,
                                                                    "operator_rows_scanned": 0,
                                                                    "operator_timing": 0.0025079229999999536,
                                                                    "result_set_size": 102712600,
                                                                    "children": [
                                                                        {
                                                                            "operator_name": "BLOCKWISE_NL_JOIN",
                                                                            "cpu_time": 498.781618067025,
                                                                            "extra_info": {
                                                                                "Join Type": "INNER",
                                                                                "Condition": "(tags ~~ (('%' || tagname) || '%'))"
                                                                            },
                                                                            "cumulative_cardinality": 8987722,
                                                                            "operator_type": "BLOCKWISE_NL_JOIN",
                                                                            "operator_cardinality": 5135630,
                                                                            "cumulative_rows_scanned": 3852092,
                                                                            "operator_rows_scanned": 0,
                                                                            "operator_timing": 498.551831531025,
                                                                            "result_set_size": 205425200,
                                                                            "children": [
                                                                                {
                                                                                    "operator_name": "READ_PARQUET ",
                                                                                    "cpu_time": 0.22942788700000002,
                                                                                    "extra_info": {
                                                                                        "Function": "READ_PARQUET",
                                                                                        "Projections": [
                                                                                            "id",
                                                                                            "viewcount",
                                                                                            "tags"
                                                                                        ],
                                                                                        "Estimated Cardinality": "3850116"
                                                                                    },
                                                                                    "cumulative_cardinality": 3850116,
                                                                                    "operator_type": "TABLE_SCAN",
                                                                                    "operator_cardinality": 3850116,
                                                                                    "cumulative_rows_scanned": 3850116,
                                                                                    "operator_rows_scanned": 3850116,
                                                                                    "operator_timing": 0.22942788700000002,
                                                                                    "result_set_size": 92402784,
                                                                                    "children": []
                                                                                },
                                                                                {
                                                                                    "operator_name": "READ_PARQUET ",
                                                                                    "cpu_time": 0.000358649,
                                                                                    "extra_info": {
                                                                                        "Function": "READ_PARQUET",
                                                                                        "Projections": "tagname",
                                                                                        "Estimated Cardinality": "1976"
                                                                                    },
                                                                                    "cumulative_cardinality": 1976,
                                                                                    "operator_type": "TABLE_SCAN",
                                                                                    "operator_cardinality": 1976,
                                                                                    "cumulative_rows_scanned": 1976,
                                                                                    "operator_rows_scanned": 1976,
                                                                                    "operator_timing": 0.000358649,
                                                                                    "result_set_size": 31616,
                                                                                    "children": []
                                                                                }
                                                                            ]
                                                                        }
                                                                    ]
                                                                }
                                                            ]
                                                        }
                                                    ]
                                                }
                                            ]
                                        }
                                    ]
                                },
                                {
                                    "operator_name": "PROJECTION",
                                    "cpu_time": 0.4261074840000002,
                                    "extra_info": {
                                        "Projections": [
                                            "UserId",
                                            "creationdate",
                                            "comment",
                                            "PostTitle"
                                        ],
                                        "Estimated Cardinality": "2359048"
                                    },
                                    "cumulative_cardinality": 5257275,
                                    "operator_type": "PROJECTION",
                                    "operator_cardinality": 36156,
                                    "cumulative_rows_scanned": 16906070,
                                    "operator_rows_scanned": 0,
                                    "operator_timing": 0.000012834000000000005,
                                    "result_set_size": 1590864,
                                    "children": [
                                        {
                                            "operator_name": "HASH_JOIN",
                                            "cpu_time": 0.4260946500000002,
                                            "extra_info": {
                                                "Join Type": "INNER",
                                                "Conditions": "userid = id",
                                                "Estimated Cardinality": "2359048"
                                            },
                                            "cumulative_cardinality": 5221119,
                                            "operator_type": "HASH_JOIN",
                                            "operator_cardinality": 36156,
                                            "cumulative_rows_scanned": 16906070,
                                            "operator_rows_scanned": 0,
                                            "operator_timing": 0.05723382000000001,
                                            "result_set_size": 1735488,
                                            "children": [
                                                {
                                                    "operator_name": "HASH_JOIN",
                                                    "cpu_time": 0.3578207940000002,
                                                    "extra_info": {
                                                        "Join Type": "INNER",
                                                        "Conditions": "id = postid",
                                                        "Estimated Cardinality": "2359048"
                                                    },
                                                    "cumulative_cardinality": 3924284,
                                                    "operator_type": "HASH_JOIN",
                                                    "operator_cardinality": 37379,
                                                    "cumulative_rows_scanned": 15645360,
                                                    "operator_rows_scanned": 0,
                                                    "operator_timing": 0.02873162800000014,
                                                    "result_set_size": 1644676,
                                                    "children": [
                                                        {
                                                            "operator_name": "READ_PARQUET ",
                                                            "cpu_time": 0.3182360400000001,
                                                            "extra_info": {
                                                                "Function": "READ_PARQUET",
                                                                "Projections": [
                                                                    "id",
                                                                    "title"
                                                                ],
                                                                "Estimated Cardinality": "3850116"
                                                            },
                                                            "cumulative_cardinality": 3849526,
                                                            "operator_type": "TABLE_SCAN",
                                                            "operator_cardinality": 3849526,
                                                            "cumulative_rows_scanned": 3850116,
                                                            "operator_rows_scanned": 3850116,
                                                            "operator_timing": 0.3182360400000001,
                                                            "result_set_size": 76990520,
                                                            "children": []
                                                        },
                                                        {
                                                            "operator_name": "READ_PARQUET ",
                                                            "cpu_time": 0.010853125999999998,
                                                            "extra_info": {
                                                                "Function": "READ_PARQUET",
                                                                "Projections": [
                                                                    "postid",
                                                                    "creationdate",
                                                                    "userid",
                                                                    "comment"
                                                                ],
                                                                "Filters": "creationdate>='2024-09-01 12:34:56'::TIMESTAMP",
                                                                "Estimated Cardinality": "2359048"
                                                            },
                                                            "cumulative_cardinality": 37379,
                                                            "operator_type": "TABLE_SCAN",
                                                            "operator_cardinality": 37379,
                                                            "cumulative_rows_scanned": 11795244,
                                                            "operator_rows_scanned": 11795244,
                                                            "operator_timing": 0.010853125999999998,
                                                            "result_set_size": 1196128,
                                                            "children": []
                                                        }
                                                    ]
                                                },
                                                {
                                                    "operator_name": "READ_PARQUET ",
                                                    "cpu_time": 0.011040035999999986,
                                                    "extra_info": {
                                                        "Function": "READ_PARQUET",
                                                        "Projections": "id",
                                                        "Filters": "id<=1416539",
                                                        "Estimated Cardinality": "1260710"
                                                    },
                                                    "cumulative_cardinality": 1260679,
                                                    "operator_type": "TABLE_SCAN",
                                                    "operator_cardinality": 1260679,
                                                    "cumulative_rows_scanned": 1260710,
                                                    "operator_rows_scanned": 1260710,
                                                    "operator_timing": 0.011040035999999986,
                                                    "result_set_size": 5042716,
                                                    "children": []
                                                }
                                            ]
                                        }
                                    ]
                                }
                            ]
                        }
                    ]
                }
            ]
        }
    ]
}